Solving for 6 balls and 3 weighings.
Using symmetry breaking strategy TruthTableAscending.

Solution:
W0: [ 0,  2,  5] <=> [ 1,  3,  4]
W1: [ 0,  2] <=> [ 1,  5]
W2: [ 0,  5] <=> [ 2,  3]

Truth Table:
ix  W0  W1  W2   Result
 0   <   <   <   0-
 1   <   <   =   1+
 2   <   <   >   2-
 3   <   =   <   3+
 4   <   =   =   4+
 5   <   =   >
 6   <   >   <   5-
 7   <   >   =
 8   <   >   >
 9   =   <   <
10   =   <   =
11   =   <   >
12   =   =   <
13   =   =   =
14   =   =   >
15   =   >   <
16   =   >   =
17   =   >   >
18   >   <   <
19   >   <   =
20   >   <   >   5+
21   >   =   <
22   >   =   =   4-
23   >   =   >   3-
24   >   >   <   2+
25   >   >   =   1-
26   >   >   >   0+

Test 0-:
    W0: [ 0,  2,  5] < [ 1,  3,  4]
    W1: [ 0,  2] < [ 1,  5]
    W2: [ 0,  5] < [ 2,  3]
    Truth table row=[<, <, <] ix=0 result=[0-] is correct

Test 0+:
    W0: [ 0,  2,  5] > [ 1,  3,  4]
    W1: [ 0,  2] > [ 1,  5]
    W2: [ 0,  5] > [ 2,  3]
    Truth table row=[>, >, >] ix=26 result=[0+] is correct

Test 1-:
    W0: [ 0,  2,  5] > [ 1,  3,  4]
    W1: [ 0,  2] > [ 1,  5]
    W2: [ 0,  5] = [ 2,  3]
    Truth table row=[>, >, =] ix=25 result=[1-] is correct

Test 1+:
    W0: [ 0,  2,  5] < [ 1,  3,  4]
    W1: [ 0,  2] < [ 1,  5]
    W2: [ 0,  5] = [ 2,  3]
    Truth table row=[<, <, =] ix=1 result=[1+] is correct

Test 2-:
    W0: [ 0,  2,  5] < [ 1,  3,  4]
    W1: [ 0,  2] < [ 1,  5]
    W2: [ 0,  5] > [ 2,  3]
    Truth table row=[<, <, >] ix=2 result=[2-] is correct

Test 2+:
    W0: [ 0,  2,  5] > [ 1,  3,  4]
    W1: [ 0,  2] > [ 1,  5]
    W2: [ 0,  5] < [ 2,  3]
    Truth table row=[>, >, <] ix=24 result=[2+] is correct

Test 3-:
    W0: [ 0,  2,  5] > [ 1,  3,  4]
    W1: [ 0,  2] = [ 1,  5]
    W2: [ 0,  5] > [ 2,  3]
    Truth table row=[>, =, >] ix=23 result=[3-] is correct

Test 3+:
    W0: [ 0,  2,  5] < [ 1,  3,  4]
    W1: [ 0,  2] = [ 1,  5]
    W2: [ 0,  5] < [ 2,  3]
    Truth table row=[<, =, <] ix=3 result=[3+] is correct

Test 4-:
    W0: [ 0,  2,  5] > [ 1,  3,  4]
    W1: [ 0,  2] = [ 1,  5]
    W2: [ 0,  5] = [ 2,  3]
    Truth table row=[>, =, =] ix=22 result=[4-] is correct

Test 4+:
    W0: [ 0,  2,  5] < [ 1,  3,  4]
    W1: [ 0,  2] = [ 1,  5]
    W2: [ 0,  5] = [ 2,  3]
    Truth table row=[<, =, =] ix=4 result=[4+] is correct

Test 5-:
    W0: [ 0,  2,  5] < [ 1,  3,  4]
    W1: [ 0,  2] > [ 1,  5]
    W2: [ 0,  5] < [ 2,  3]
    Truth table row=[<, >, <] ix=6 result=[5-] is correct

Test 5+:
    W0: [ 0,  2,  5] > [ 1,  3,  4]
    W1: [ 0,  2] < [ 1,  5]
    W2: [ 0,  5] > [ 2,  3]
    Truth table row=[>, <, >] ix=20 result=[5+] is correct

Total correct results: 12
Total incorrect results: 0
