Solving for 47 balls and 5 weighings.
Using symmetry breaking strategy TruthTableAscending.

Solution:
W0: [ 0,  1,  4,  8,  9, 13, 14, 17, 18, 20, 21] <=> [ 2,  3,  5,  6,  7, 10, 11, 12, 15, 16, 19]
W1: [ 0,  1,  4, 19, 22, 23, 25, 26, 28, 29, 30, 33, 34] <=> [ 2,  3,  5,  6,  7, 17, 18, 20, 21, 24, 27, 31, 32]
W2: [ 0,  1,  6,  7,  8,  9, 13, 14, 16, 19, 22, 23, 25, 32, 35, 39, 42] <=> [ 2,  3, 10, 11, 12, 17, 18, 20, 21, 24, 33, 34, 36, 37, 38, 40, 41]
W3: [ 0,  3,  5,  8,  9, 15, 17, 18, 24, 26, 28, 31, 35, 40, 41, 43, 44] <=> [ 6,  7, 10, 14, 16, 19, 21, 23, 25, 27, 30, 32, 33, 34, 36, 42, 45]
W4: [ 1,  2,  4,  7,  8, 10, 14, 17, 19, 23, 26, 30, 33, 35, 36, 43, 45, 46] <=> [ 3,  5,  6, 11, 13, 15, 16, 20, 21, 22, 25, 28, 29, 32, 37, 39, 40, 42]

Truth Table:
ix  W0  W1  W2  W3  W4   Result
 0   <   <   <   <   <
 1   <   <   <   <   =   0-
 2   <   <   <   <   >
 3   <   <   <   =   <   1-
 4   <   <   <   =   =
 5   <   <   <   =   >   2+
 6   <   <   <   >   <   3+
 7   <   <   <   >   =
 8   <   <   <   >   >
 9   <   <   =   <   <
10   <   <   =   <   =
11   <   <   =   <   >
12   <   <   =   =   <   4-
13   <   <   =   =   =
14   <   <   =   =   >
15   <   <   =   >   <   5+
16   <   <   =   >   =
17   <   <   =   >   >
18   <   <   >   <   <   6+
19   <   <   >   <   =
20   <   <   >   <   >   7+
21   <   <   >   =   <
22   <   <   >   =   =
23   <   <   >   =   >
24   <   <   >   >   <
25   <   <   >   >   =
26   <   <   >   >   >
27   <   =   <   <   <   8-
28   <   =   <   <   =   9-
29   <   =   <   <   >   10+
30   <   =   <   =   <   11+
31   <   =   <   =   =   12+
32   <   =   <   =   >   13-
33   <   =   <   >   <   14-
34   <   =   <   >   =
35   <   =   <   >   >
36   <   =   =   <   <
37   <   =   =   <   =
38   <   =   =   <   >
39   <   =   =   =   <
40   <   =   =   =   =
41   <   =   =   =   >
42   <   =   =   >   <   15+
43   <   =   =   >   =
44   <   =   =   >   >
45   <   =   >   <   <   16+
46   <   =   >   <   =
47   <   =   >   <   >
48   <   =   >   =   <
49   <   =   >   =   =
50   <   =   >   =   >
51   <   =   >   >   <
52   <   =   >   >   =
53   <   =   >   >   >
54   <   >   <   <   <
55   <   >   <   <   =
56   <   >   <   <   >
57   <   >   <   =   <
58   <   >   <   =   =
59   <   >   <   =   >
60   <   >   <   >   <
61   <   >   <   >   =
62   <   >   <   >   >
63   <   >   =   <   <
64   <   >   =   <   =
65   <   >   =   <   >
66   <   >   =   =   <
67   <   >   =   =   =
68   <   >   =   =   >
69   <   >   =   >   <
70   <   >   =   >   =
71   <   >   =   >   >
72   <   >   >   <   <   17-
73   <   >   >   <   =   18-
74   <   >   >   <   >   19+
75   <   >   >   =   <
76   <   >   >   =   =
77   <   >   >   =   >   20-
78   <   >   >   >   <
79   <   >   >   >   =
80   <   >   >   >   >   21-
81   =   <   <   <   <
82   =   <   <   <   =
83   =   <   <   <   >
84   =   <   <   =   <
85   =   <   <   =   =
86   =   <   <   =   >   22-
87   =   <   <   >   <   23-
88   =   <   <   >   =   24+
89   =   <   <   >   >   25-
90   =   <   =   <   <   26-
91   =   <   =   <   =   27+
92   =   <   =   <   >   28-
93   =   <   =   =   <
94   =   <   =   =   =
95   =   <   =   =   >   29-
96   =   <   =   >   <   30-
97   =   <   =   >   =   31+
98   =   <   =   >   >
99   =   <   >   <   <   32+
100   =   <   >   <   =
101   =   <   >   <   >
102   =   <   >   =   <
103   =   <   >   =   =
104   =   <   >   =   >
105   =   <   >   >   <   33-
106   =   <   >   >   =   34-
107   =   <   >   >   >
108   =   =   <   <   <   35-
109   =   =   <   <   =
110   =   =   <   <   >   36+
111   =   =   <   =   <   37+
112   =   =   <   =   =   38+
113   =   =   <   =   >   39-
114   =   =   <   >   <   40+
115   =   =   <   >   =   41+
116   =   =   <   >   >   42-
117   =   =   =   <   <   43-
118   =   =   =   <   =   44-
119   =   =   =   <   >   45+
120   =   =   =   =   <   46-
121   =   =   =   =   =
122   =   =   =   =   >   46+
123   =   =   =   >   <   45-
124   =   =   =   >   =   44+
125   =   =   =   >   >   43+
126   =   =   >   <   <   42+
127   =   =   >   <   =   41-
128   =   =   >   <   >   40-
129   =   =   >   =   <   39+
130   =   =   >   =   =   38-
131   =   =   >   =   >   37-
132   =   =   >   >   <   36-
133   =   =   >   >   =
134   =   =   >   >   >   35+
135   =   >   <   <   <
136   =   >   <   <   =   34+
137   =   >   <   <   >   33+
138   =   >   <   =   <
139   =   >   <   =   =
140   =   >   <   =   >
141   =   >   <   >   <
142   =   >   <   >   =
143   =   >   <   >   >   32-
144   =   >   =   <   <
145   =   >   =   <   =   31-
146   =   >   =   <   >   30+
147   =   >   =   =   <   29+
148   =   >   =   =   =
149   =   >   =   =   >
150   =   >   =   >   <   28+
151   =   >   =   >   =   27-
152   =   >   =   >   >   26+
153   =   >   >   <   <   25+
154   =   >   >   <   =   24-
155   =   >   >   <   >   23+
156   =   >   >   =   <   22+
157   =   >   >   =   =
158   =   >   >   =   >
159   =   >   >   >   <
160   =   >   >   >   =
161   =   >   >   >   >
162   >   <   <   <   <   21+
163   >   <   <   <   =
164   >   <   <   <   >
165   >   <   <   =   <   20+
166   >   <   <   =   =
167   >   <   <   =   >
168   >   <   <   >   <   19-
169   >   <   <   >   =   18+
170   >   <   <   >   >   17+
171   >   <   =   <   <
172   >   <   =   <   =
173   >   <   =   <   >
174   >   <   =   =   <
175   >   <   =   =   =
176   >   <   =   =   >
177   >   <   =   >   <
178   >   <   =   >   =
179   >   <   =   >   >
180   >   <   >   <   <
181   >   <   >   <   =
182   >   <   >   <   >
183   >   <   >   =   <
184   >   <   >   =   =
185   >   <   >   =   >
186   >   <   >   >   <
187   >   <   >   >   =
188   >   <   >   >   >
189   >   =   <   <   <
190   >   =   <   <   =
191   >   =   <   <   >
192   >   =   <   =   <
193   >   =   <   =   =
194   >   =   <   =   >
195   >   =   <   >   <
196   >   =   <   >   =
197   >   =   <   >   >   16-
198   >   =   =   <   <
199   >   =   =   <   =
200   >   =   =   <   >   15-
201   >   =   =   =   <
202   >   =   =   =   =
203   >   =   =   =   >
204   >   =   =   >   <
205   >   =   =   >   =
206   >   =   =   >   >
207   >   =   >   <   <
208   >   =   >   <   =
209   >   =   >   <   >   14+
210   >   =   >   =   <   13+
211   >   =   >   =   =   12-
212   >   =   >   =   >   11-
213   >   =   >   >   <   10-
214   >   =   >   >   =   9+
215   >   =   >   >   >   8+
216   >   >   <   <   <
217   >   >   <   <   =
218   >   >   <   <   >
219   >   >   <   =   <
220   >   >   <   =   =
221   >   >   <   =   >
222   >   >   <   >   <   7-
223   >   >   <   >   =
224   >   >   <   >   >   6-
225   >   >   =   <   <
226   >   >   =   <   =
227   >   >   =   <   >   5-
228   >   >   =   =   <
229   >   >   =   =   =
230   >   >   =   =   >   4+
231   >   >   =   >   <
232   >   >   =   >   =
233   >   >   =   >   >
234   >   >   >   <   <
235   >   >   >   <   =
236   >   >   >   <   >   3-
237   >   >   >   =   <   2-
238   >   >   >   =   =
239   >   >   >   =   >   1+
240   >   >   >   >   <
241   >   >   >   >   =   0+
242   >   >   >   >   >

Test 0-:
    W0: [ 0,  1,  4,  8,  9, 13, 14, 17, 18, 20, 21] < [ 2,  3,  5,  6,  7, 10, 11, 12, 15, 16, 19]
    W1: [ 0,  1,  4, 19, 22, 23, 25, 26, 28, 29, 30, 33, 34] < [ 2,  3,  5,  6,  7, 17, 18, 20, 21, 24, 27, 31, 32]
    W2: [ 0,  1,  6,  7,  8,  9, 13, 14, 16, 19, 22, 23, 25, 32, 35, 39, 42] < [ 2,  3, 10, 11, 12, 17, 18, 20, 21, 24, 33, 34, 36, 37, 38, 40, 41]
    W3: [ 0,  3,  5,  8,  9, 15, 17, 18, 24, 26, 28, 31, 35, 40, 41, 43, 44] < [ 6,  7, 10, 14, 16, 19, 21, 23, 25, 27, 30, 32, 33, 34, 36, 42, 45]
    W4: [ 1,  2,  4,  7,  8, 10, 14, 17, 19, 23, 26, 30, 33, 35, 36, 43, 45, 46] = [ 3,  5,  6, 11, 13, 15, 16, 20, 21, 22, 25, 28, 29, 32, 37, 39, 40, 42]
    Truth table row=[<, <, <, <, =] ix=1 result=[0-] is correct

Test 0+:
    W0: [ 0,  1,  4,  8,  9, 13, 14, 17, 18, 20, 21] > [ 2,  3,  5,  6,  7, 10, 11, 12, 15, 16, 19]
    W1: [ 0,  1,  4, 19, 22, 23, 25, 26, 28, 29, 30, 33, 34] > [ 2,  3,  5,  6,  7, 17, 18, 20, 21, 24, 27, 31, 32]
    W2: [ 0,  1,  6,  7,  8,  9, 13, 14, 16, 19, 22, 23, 25, 32, 35, 39, 42] > [ 2,  3, 10, 11, 12, 17, 18, 20, 21, 24, 33, 34, 36, 37, 38, 40, 41]
    W3: [ 0,  3,  5,  8,  9, 15, 17, 18, 24, 26, 28, 31, 35, 40, 41, 43, 44] > [ 6,  7, 10, 14, 16, 19, 21, 23, 25, 27, 30, 32, 33, 34, 36, 42, 45]
    W4: [ 1,  2,  4,  7,  8, 10, 14, 17, 19, 23, 26, 30, 33, 35, 36, 43, 45, 46] = [ 3,  5,  6, 11, 13, 15, 16, 20, 21, 22, 25, 28, 29, 32, 37, 39, 40, 42]
    Truth table row=[>, >, >, >, =] ix=241 result=[0+] is correct

Test 1-:
    W0: [ 0,  1,  4,  8,  9, 13, 14, 17, 18, 20, 21] < [ 2,  3,  5,  6,  7, 10, 11, 12, 15, 16, 19]
    W1: [ 0,  1,  4, 19, 22, 23, 25, 26, 28, 29, 30, 33, 34] < [ 2,  3,  5,  6,  7, 17, 18, 20, 21, 24, 27, 31, 32]
    W2: [ 0,  1,  6,  7,  8,  9, 13, 14, 16, 19, 22, 23, 25, 32, 35, 39, 42] < [ 2,  3, 10, 11, 12, 17, 18, 20, 21, 24, 33, 34, 36, 37, 38, 40, 41]
    W3: [ 0,  3,  5,  8,  9, 15, 17, 18, 24, 26, 28, 31, 35, 40, 41, 43, 44] = [ 6,  7, 10, 14, 16, 19, 21, 23, 25, 27, 30, 32, 33, 34, 36, 42, 45]
    W4: [ 1,  2,  4,  7,  8, 10, 14, 17, 19, 23, 26, 30, 33, 35, 36, 43, 45, 46] < [ 3,  5,  6, 11, 13, 15, 16, 20, 21, 22, 25, 28, 29, 32, 37, 39, 40, 42]
    Truth table row=[<, <, <, =, <] ix=3 result=[1-] is correct

Test 1+:
    W0: [ 0,  1,  4,  8,  9, 13, 14, 17, 18, 20, 21] > [ 2,  3,  5,  6,  7, 10, 11, 12, 15, 16, 19]
    W1: [ 0,  1,  4, 19, 22, 23, 25, 26, 28, 29, 30, 33, 34] > [ 2,  3,  5,  6,  7, 17, 18, 20, 21, 24, 27, 31, 32]
    W2: [ 0,  1,  6,  7,  8,  9, 13, 14, 16, 19, 22, 23, 25, 32, 35, 39, 42] > [ 2,  3, 10, 11, 12, 17, 18, 20, 21, 24, 33, 34, 36, 37, 38, 40, 41]
    W3: [ 0,  3,  5,  8,  9, 15, 17, 18, 24, 26, 28, 31, 35, 40, 41, 43, 44] = [ 6,  7, 10, 14, 16, 19, 21, 23, 25, 27, 30, 32, 33, 34, 36, 42, 45]
    W4: [ 1,  2,  4,  7,  8, 10, 14, 17, 19, 23, 26, 30, 33, 35, 36, 43, 45, 46] > [ 3,  5,  6, 11, 13, 15, 16, 20, 21, 22, 25, 28, 29, 32, 37, 39, 40, 42]
    Truth table row=[>, >, >, =, >] ix=239 result=[1+] is correct

Test 2-:
    W0: [ 0,  1,  4,  8,  9, 13, 14, 17, 18, 20, 21] > [ 2,  3,  5,  6,  7, 10, 11, 12, 15, 16, 19]
    W1: [ 0,  1,  4, 19, 22, 23, 25, 26, 28, 29, 30, 33, 34] > [ 2,  3,  5,  6,  7, 17, 18, 20, 21, 24, 27, 31, 32]
    W2: [ 0,  1,  6,  7,  8,  9, 13, 14, 16, 19, 22, 23, 25, 32, 35, 39, 42] > [ 2,  3, 10, 11, 12, 17, 18, 20, 21, 24, 33, 34, 36, 37, 38, 40, 41]
    W3: [ 0,  3,  5,  8,  9, 15, 17, 18, 24, 26, 28, 31, 35, 40, 41, 43, 44] = [ 6,  7, 10, 14, 16, 19, 21, 23, 25, 27, 30, 32, 33, 34, 36, 42, 45]
    W4: [ 1,  2,  4,  7,  8, 10, 14, 17, 19, 23, 26, 30, 33, 35, 36, 43, 45, 46] < [ 3,  5,  6, 11, 13, 15, 16, 20, 21, 22, 25, 28, 29, 32, 37, 39, 40, 42]
    Truth table row=[>, >, >, =, <] ix=237 result=[2-] is correct

Test 2+:
    W0: [ 0,  1,  4,  8,  9, 13, 14, 17, 18, 20, 21] < [ 2,  3,  5,  6,  7, 10, 11, 12, 15, 16, 19]
    W1: [ 0,  1,  4, 19, 22, 23, 25, 26, 28, 29, 30, 33, 34] < [ 2,  3,  5,  6,  7, 17, 18, 20, 21, 24, 27, 31, 32]
    W2: [ 0,  1,  6,  7,  8,  9, 13, 14, 16, 19, 22, 23, 25, 32, 35, 39, 42] < [ 2,  3, 10, 11, 12, 17, 18, 20, 21, 24, 33, 34, 36, 37, 38, 40, 41]
    W3: [ 0,  3,  5,  8,  9, 15, 17, 18, 24, 26, 28, 31, 35, 40, 41, 43, 44] = [ 6,  7, 10, 14, 16, 19, 21, 23, 25, 27, 30, 32, 33, 34, 36, 42, 45]
    W4: [ 1,  2,  4,  7,  8, 10, 14, 17, 19, 23, 26, 30, 33, 35, 36, 43, 45, 46] > [ 3,  5,  6, 11, 13, 15, 16, 20, 21, 22, 25, 28, 29, 32, 37, 39, 40, 42]
    Truth table row=[<, <, <, =, >] ix=5 result=[2+] is correct

Test 3-:
    W0: [ 0,  1,  4,  8,  9, 13, 14, 17, 18, 20, 21] > [ 2,  3,  5,  6,  7, 10, 11, 12, 15, 16, 19]
    W1: [ 0,  1,  4, 19, 22, 23, 25, 26, 28, 29, 30, 33, 34] > [ 2,  3,  5,  6,  7, 17, 18, 20, 21, 24, 27, 31, 32]
    W2: [ 0,  1,  6,  7,  8,  9, 13, 14, 16, 19, 22, 23, 25, 32, 35, 39, 42] > [ 2,  3, 10, 11, 12, 17, 18, 20, 21, 24, 33, 34, 36, 37, 38, 40, 41]
    W3: [ 0,  3,  5,  8,  9, 15, 17, 18, 24, 26, 28, 31, 35, 40, 41, 43, 44] < [ 6,  7, 10, 14, 16, 19, 21, 23, 25, 27, 30, 32, 33, 34, 36, 42, 45]
    W4: [ 1,  2,  4,  7,  8, 10, 14, 17, 19, 23, 26, 30, 33, 35, 36, 43, 45, 46] > [ 3,  5,  6, 11, 13, 15, 16, 20, 21, 22, 25, 28, 29, 32, 37, 39, 40, 42]
    Truth table row=[>, >, >, <, >] ix=236 result=[3-] is correct

Test 3+:
    W0: [ 0,  1,  4,  8,  9, 13, 14, 17, 18, 20, 21] < [ 2,  3,  5,  6,  7, 10, 11, 12, 15, 16, 19]
    W1: [ 0,  1,  4, 19, 22, 23, 25, 26, 28, 29, 30, 33, 34] < [ 2,  3,  5,  6,  7, 17, 18, 20, 21, 24, 27, 31, 32]
    W2: [ 0,  1,  6,  7,  8,  9, 13, 14, 16, 19, 22, 23, 25, 32, 35, 39, 42] < [ 2,  3, 10, 11, 12, 17, 18, 20, 21, 24, 33, 34, 36, 37, 38, 40, 41]
    W3: [ 0,  3,  5,  8,  9, 15, 17, 18, 24, 26, 28, 31, 35, 40, 41, 43, 44] > [ 6,  7, 10, 14, 16, 19, 21, 23, 25, 27, 30, 32, 33, 34, 36, 42, 45]
    W4: [ 1,  2,  4,  7,  8, 10, 14, 17, 19, 23, 26, 30, 33, 35, 36, 43, 45, 46] < [ 3,  5,  6, 11, 13, 15, 16, 20, 21, 22, 25, 28, 29, 32, 37, 39, 40, 42]
    Truth table row=[<, <, <, >, <] ix=6 result=[3+] is correct

Test 4-:
    W0: [ 0,  1,  4,  8,  9, 13, 14, 17, 18, 20, 21] < [ 2,  3,  5,  6,  7, 10, 11, 12, 15, 16, 19]
    W1: [ 0,  1,  4, 19, 22, 23, 25, 26, 28, 29, 30, 33, 34] < [ 2,  3,  5,  6,  7, 17, 18, 20, 21, 24, 27, 31, 32]
    W2: [ 0,  1,  6,  7,  8,  9, 13, 14, 16, 19, 22, 23, 25, 32, 35, 39, 42] = [ 2,  3, 10, 11, 12, 17, 18, 20, 21, 24, 33, 34, 36, 37, 38, 40, 41]
    W3: [ 0,  3,  5,  8,  9, 15, 17, 18, 24, 26, 28, 31, 35, 40, 41, 43, 44] = [ 6,  7, 10, 14, 16, 19, 21, 23, 25, 27, 30, 32, 33, 34, 36, 42, 45]
    W4: [ 1,  2,  4,  7,  8, 10, 14, 17, 19, 23, 26, 30, 33, 35, 36, 43, 45, 46] < [ 3,  5,  6, 11, 13, 15, 16, 20, 21, 22, 25, 28, 29, 32, 37, 39, 40, 42]
    Truth table row=[<, <, =, =, <] ix=12 result=[4-] is correct

Test 4+:
    W0: [ 0,  1,  4,  8,  9, 13, 14, 17, 18, 20, 21] > [ 2,  3,  5,  6,  7, 10, 11, 12, 15, 16, 19]
    W1: [ 0,  1,  4, 19, 22, 23, 25, 26, 28, 29, 30, 33, 34] > [ 2,  3,  5,  6,  7, 17, 18, 20, 21, 24, 27, 31, 32]
    W2: [ 0,  1,  6,  7,  8,  9, 13, 14, 16, 19, 22, 23, 25, 32, 35, 39, 42] = [ 2,  3, 10, 11, 12, 17, 18, 20, 21, 24, 33, 34, 36, 37, 38, 40, 41]
    W3: [ 0,  3,  5,  8,  9, 15, 17, 18, 24, 26, 28, 31, 35, 40, 41, 43, 44] = [ 6,  7, 10, 14, 16, 19, 21, 23, 25, 27, 30, 32, 33, 34, 36, 42, 45]
    W4: [ 1,  2,  4,  7,  8, 10, 14, 17, 19, 23, 26, 30, 33, 35, 36, 43, 45, 46] > [ 3,  5,  6, 11, 13, 15, 16, 20, 21, 22, 25, 28, 29, 32, 37, 39, 40, 42]
    Truth table row=[>, >, =, =, >] ix=230 result=[4+] is correct

Test 5-:
    W0: [ 0,  1,  4,  8,  9, 13, 14, 17, 18, 20, 21] > [ 2,  3,  5,  6,  7, 10, 11, 12, 15, 16, 19]
    W1: [ 0,  1,  4, 19, 22, 23, 25, 26, 28, 29, 30, 33, 34] > [ 2,  3,  5,  6,  7, 17, 18, 20, 21, 24, 27, 31, 32]
    W2: [ 0,  1,  6,  7,  8,  9, 13, 14, 16, 19, 22, 23, 25, 32, 35, 39, 42] = [ 2,  3, 10, 11, 12, 17, 18, 20, 21, 24, 33, 34, 36, 37, 38, 40, 41]
    W3: [ 0,  3,  5,  8,  9, 15, 17, 18, 24, 26, 28, 31, 35, 40, 41, 43, 44] < [ 6,  7, 10, 14, 16, 19, 21, 23, 25, 27, 30, 32, 33, 34, 36, 42, 45]
    W4: [ 1,  2,  4,  7,  8, 10, 14, 17, 19, 23, 26, 30, 33, 35, 36, 43, 45, 46] > [ 3,  5,  6, 11, 13, 15, 16, 20, 21, 22, 25, 28, 29, 32, 37, 39, 40, 42]
    Truth table row=[>, >, =, <, >] ix=227 result=[5-] is correct

Test 5+:
    W0: [ 0,  1,  4,  8,  9, 13, 14, 17, 18, 20, 21] < [ 2,  3,  5,  6,  7, 10, 11, 12, 15, 16, 19]
    W1: [ 0,  1,  4, 19, 22, 23, 25, 26, 28, 29, 30, 33, 34] < [ 2,  3,  5,  6,  7, 17, 18, 20, 21, 24, 27, 31, 32]
    W2: [ 0,  1,  6,  7,  8,  9, 13, 14, 16, 19, 22, 23, 25, 32, 35, 39, 42] = [ 2,  3, 10, 11, 12, 17, 18, 20, 21, 24, 33, 34, 36, 37, 38, 40, 41]
    W3: [ 0,  3,  5,  8,  9, 15, 17, 18, 24, 26, 28, 31, 35, 40, 41, 43, 44] > [ 6,  7, 10, 14, 16, 19, 21, 23, 25, 27, 30, 32, 33, 34, 36, 42, 45]
    W4: [ 1,  2,  4,  7,  8, 10, 14, 17, 19, 23, 26, 30, 33, 35, 36, 43, 45, 46] < [ 3,  5,  6, 11, 13, 15, 16, 20, 21, 22, 25, 28, 29, 32, 37, 39, 40, 42]
    Truth table row=[<, <, =, >, <] ix=15 result=[5+] is correct

Test 6-:
    W0: [ 0,  1,  4,  8,  9, 13, 14, 17, 18, 20, 21] > [ 2,  3,  5,  6,  7, 10, 11, 12, 15, 16, 19]
    W1: [ 0,  1,  4, 19, 22, 23, 25, 26, 28, 29, 30, 33, 34] > [ 2,  3,  5,  6,  7, 17, 18, 20, 21, 24, 27, 31, 32]
    W2: [ 0,  1,  6,  7,  8,  9, 13, 14, 16, 19, 22, 23, 25, 32, 35, 39, 42] < [ 2,  3, 10, 11, 12, 17, 18, 20, 21, 24, 33, 34, 36, 37, 38, 40, 41]
    W3: [ 0,  3,  5,  8,  9, 15, 17, 18, 24, 26, 28, 31, 35, 40, 41, 43, 44] > [ 6,  7, 10, 14, 16, 19, 21, 23, 25, 27, 30, 32, 33, 34, 36, 42, 45]
    W4: [ 1,  2,  4,  7,  8, 10, 14, 17, 19, 23, 26, 30, 33, 35, 36, 43, 45, 46] > [ 3,  5,  6, 11, 13, 15, 16, 20, 21, 22, 25, 28, 29, 32, 37, 39, 40, 42]
    Truth table row=[>, >, <, >, >] ix=224 result=[6-] is correct

Test 6+:
    W0: [ 0,  1,  4,  8,  9, 13, 14, 17, 18, 20, 21] < [ 2,  3,  5,  6,  7, 10, 11, 12, 15, 16, 19]
    W1: [ 0,  1,  4, 19, 22, 23, 25, 26, 28, 29, 30, 33, 34] < [ 2,  3,  5,  6,  7, 17, 18, 20, 21, 24, 27, 31, 32]
    W2: [ 0,  1,  6,  7,  8,  9, 13, 14, 16, 19, 22, 23, 25, 32, 35, 39, 42] > [ 2,  3, 10, 11, 12, 17, 18, 20, 21, 24, 33, 34, 36, 37, 38, 40, 41]
    W3: [ 0,  3,  5,  8,  9, 15, 17, 18, 24, 26, 28, 31, 35, 40, 41, 43, 44] < [ 6,  7, 10, 14, 16, 19, 21, 23, 25, 27, 30, 32, 33, 34, 36, 42, 45]
    W4: [ 1,  2,  4,  7,  8, 10, 14, 17, 19, 23, 26, 30, 33, 35, 36, 43, 45, 46] < [ 3,  5,  6, 11, 13, 15, 16, 20, 21, 22, 25, 28, 29, 32, 37, 39, 40, 42]
    Truth table row=[<, <, >, <, <] ix=18 result=[6+] is correct

Test 7-:
    W0: [ 0,  1,  4,  8,  9, 13, 14, 17, 18, 20, 21] > [ 2,  3,  5,  6,  7, 10, 11, 12, 15, 16, 19]
    W1: [ 0,  1,  4, 19, 22, 23, 25, 26, 28, 29, 30, 33, 34] > [ 2,  3,  5,  6,  7, 17, 18, 20, 21, 24, 27, 31, 32]
    W2: [ 0,  1,  6,  7,  8,  9, 13, 14, 16, 19, 22, 23, 25, 32, 35, 39, 42] < [ 2,  3, 10, 11, 12, 17, 18, 20, 21, 24, 33, 34, 36, 37, 38, 40, 41]
    W3: [ 0,  3,  5,  8,  9, 15, 17, 18, 24, 26, 28, 31, 35, 40, 41, 43, 44] > [ 6,  7, 10, 14, 16, 19, 21, 23, 25, 27, 30, 32, 33, 34, 36, 42, 45]
    W4: [ 1,  2,  4,  7,  8, 10, 14, 17, 19, 23, 26, 30, 33, 35, 36, 43, 45, 46] < [ 3,  5,  6, 11, 13, 15, 16, 20, 21, 22, 25, 28, 29, 32, 37, 39, 40, 42]
    Truth table row=[>, >, <, >, <] ix=222 result=[7-] is correct

Test 7+:
    W0: [ 0,  1,  4,  8,  9, 13, 14, 17, 18, 20, 21] < [ 2,  3,  5,  6,  7, 10, 11, 12, 15, 16, 19]
    W1: [ 0,  1,  4, 19, 22, 23, 25, 26, 28, 29, 30, 33, 34] < [ 2,  3,  5,  6,  7, 17, 18, 20, 21, 24, 27, 31, 32]
    W2: [ 0,  1,  6,  7,  8,  9, 13, 14, 16, 19, 22, 23, 25, 32, 35, 39, 42] > [ 2,  3, 10, 11, 12, 17, 18, 20, 21, 24, 33, 34, 36, 37, 38, 40, 41]
    W3: [ 0,  3,  5,  8,  9, 15, 17, 18, 24, 26, 28, 31, 35, 40, 41, 43, 44] < [ 6,  7, 10, 14, 16, 19, 21, 23, 25, 27, 30, 32, 33, 34, 36, 42, 45]
    W4: [ 1,  2,  4,  7,  8, 10, 14, 17, 19, 23, 26, 30, 33, 35, 36, 43, 45, 46] > [ 3,  5,  6, 11, 13, 15, 16, 20, 21, 22, 25, 28, 29, 32, 37, 39, 40, 42]
    Truth table row=[<, <, >, <, >] ix=20 result=[7+] is correct

Test 8-:
    W0: [ 0,  1,  4,  8,  9, 13, 14, 17, 18, 20, 21] < [ 2,  3,  5,  6,  7, 10, 11, 12, 15, 16, 19]
    W1: [ 0,  1,  4, 19, 22, 23, 25, 26, 28, 29, 30, 33, 34] = [ 2,  3,  5,  6,  7, 17, 18, 20, 21, 24, 27, 31, 32]
    W2: [ 0,  1,  6,  7,  8,  9, 13, 14, 16, 19, 22, 23, 25, 32, 35, 39, 42] < [ 2,  3, 10, 11, 12, 17, 18, 20, 21, 24, 33, 34, 36, 37, 38, 40, 41]
    W3: [ 0,  3,  5,  8,  9, 15, 17, 18, 24, 26, 28, 31, 35, 40, 41, 43, 44] < [ 6,  7, 10, 14, 16, 19, 21, 23, 25, 27, 30, 32, 33, 34, 36, 42, 45]
    W4: [ 1,  2,  4,  7,  8, 10, 14, 17, 19, 23, 26, 30, 33, 35, 36, 43, 45, 46] < [ 3,  5,  6, 11, 13, 15, 16, 20, 21, 22, 25, 28, 29, 32, 37, 39, 40, 42]
    Truth table row=[<, =, <, <, <] ix=27 result=[8-] is correct

Test 8+:
    W0: [ 0,  1,  4,  8,  9, 13, 14, 17, 18, 20, 21] > [ 2,  3,  5,  6,  7, 10, 11, 12, 15, 16, 19]
    W1: [ 0,  1,  4, 19, 22, 23, 25, 26, 28, 29, 30, 33, 34] = [ 2,  3,  5,  6,  7, 17, 18, 20, 21, 24, 27, 31, 32]
    W2: [ 0,  1,  6,  7,  8,  9, 13, 14, 16, 19, 22, 23, 25, 32, 35, 39, 42] > [ 2,  3, 10, 11, 12, 17, 18, 20, 21, 24, 33, 34, 36, 37, 38, 40, 41]
    W3: [ 0,  3,  5,  8,  9, 15, 17, 18, 24, 26, 28, 31, 35, 40, 41, 43, 44] > [ 6,  7, 10, 14, 16, 19, 21, 23, 25, 27, 30, 32, 33, 34, 36, 42, 45]
    W4: [ 1,  2,  4,  7,  8, 10, 14, 17, 19, 23, 26, 30, 33, 35, 36, 43, 45, 46] > [ 3,  5,  6, 11, 13, 15, 16, 20, 21, 22, 25, 28, 29, 32, 37, 39, 40, 42]
    Truth table row=[>, =, >, >, >] ix=215 result=[8+] is correct

Test 9-:
    W0: [ 0,  1,  4,  8,  9, 13, 14, 17, 18, 20, 21] < [ 2,  3,  5,  6,  7, 10, 11, 12, 15, 16, 19]
    W1: [ 0,  1,  4, 19, 22, 23, 25, 26, 28, 29, 30, 33, 34] = [ 2,  3,  5,  6,  7, 17, 18, 20, 21, 24, 27, 31, 32]
    W2: [ 0,  1,  6,  7,  8,  9, 13, 14, 16, 19, 22, 23, 25, 32, 35, 39, 42] < [ 2,  3, 10, 11, 12, 17, 18, 20, 21, 24, 33, 34, 36, 37, 38, 40, 41]
    W3: [ 0,  3,  5,  8,  9, 15, 17, 18, 24, 26, 28, 31, 35, 40, 41, 43, 44] < [ 6,  7, 10, 14, 16, 19, 21, 23, 25, 27, 30, 32, 33, 34, 36, 42, 45]
    W4: [ 1,  2,  4,  7,  8, 10, 14, 17, 19, 23, 26, 30, 33, 35, 36, 43, 45, 46] = [ 3,  5,  6, 11, 13, 15, 16, 20, 21, 22, 25, 28, 29, 32, 37, 39, 40, 42]
    Truth table row=[<, =, <, <, =] ix=28 result=[9-] is correct

Test 9+:
    W0: [ 0,  1,  4,  8,  9, 13, 14, 17, 18, 20, 21] > [ 2,  3,  5,  6,  7, 10, 11, 12, 15, 16, 19]
    W1: [ 0,  1,  4, 19, 22, 23, 25, 26, 28, 29, 30, 33, 34] = [ 2,  3,  5,  6,  7, 17, 18, 20, 21, 24, 27, 31, 32]
    W2: [ 0,  1,  6,  7,  8,  9, 13, 14, 16, 19, 22, 23, 25, 32, 35, 39, 42] > [ 2,  3, 10, 11, 12, 17, 18, 20, 21, 24, 33, 34, 36, 37, 38, 40, 41]
    W3: [ 0,  3,  5,  8,  9, 15, 17, 18, 24, 26, 28, 31, 35, 40, 41, 43, 44] > [ 6,  7, 10, 14, 16, 19, 21, 23, 25, 27, 30, 32, 33, 34, 36, 42, 45]
    W4: [ 1,  2,  4,  7,  8, 10, 14, 17, 19, 23, 26, 30, 33, 35, 36, 43, 45, 46] = [ 3,  5,  6, 11, 13, 15, 16, 20, 21, 22, 25, 28, 29, 32, 37, 39, 40, 42]
    Truth table row=[>, =, >, >, =] ix=214 result=[9+] is correct

Test 10-:
    W0: [ 0,  1,  4,  8,  9, 13, 14, 17, 18, 20, 21] > [ 2,  3,  5,  6,  7, 10, 11, 12, 15, 16, 19]
    W1: [ 0,  1,  4, 19, 22, 23, 25, 26, 28, 29, 30, 33, 34] = [ 2,  3,  5,  6,  7, 17, 18, 20, 21, 24, 27, 31, 32]
    W2: [ 0,  1,  6,  7,  8,  9, 13, 14, 16, 19, 22, 23, 25, 32, 35, 39, 42] > [ 2,  3, 10, 11, 12, 17, 18, 20, 21, 24, 33, 34, 36, 37, 38, 40, 41]
    W3: [ 0,  3,  5,  8,  9, 15, 17, 18, 24, 26, 28, 31, 35, 40, 41, 43, 44] > [ 6,  7, 10, 14, 16, 19, 21, 23, 25, 27, 30, 32, 33, 34, 36, 42, 45]
    W4: [ 1,  2,  4,  7,  8, 10, 14, 17, 19, 23, 26, 30, 33, 35, 36, 43, 45, 46] < [ 3,  5,  6, 11, 13, 15, 16, 20, 21, 22, 25, 28, 29, 32, 37, 39, 40, 42]
    Truth table row=[>, =, >, >, <] ix=213 result=[10-] is correct

Test 10+:
    W0: [ 0,  1,  4,  8,  9, 13, 14, 17, 18, 20, 21] < [ 2,  3,  5,  6,  7, 10, 11, 12, 15, 16, 19]
    W1: [ 0,  1,  4, 19, 22, 23, 25, 26, 28, 29, 30, 33, 34] = [ 2,  3,  5,  6,  7, 17, 18, 20, 21, 24, 27, 31, 32]
    W2: [ 0,  1,  6,  7,  8,  9, 13, 14, 16, 19, 22, 23, 25, 32, 35, 39, 42] < [ 2,  3, 10, 11, 12, 17, 18, 20, 21, 24, 33, 34, 36, 37, 38, 40, 41]
    W3: [ 0,  3,  5,  8,  9, 15, 17, 18, 24, 26, 28, 31, 35, 40, 41, 43, 44] < [ 6,  7, 10, 14, 16, 19, 21, 23, 25, 27, 30, 32, 33, 34, 36, 42, 45]
    W4: [ 1,  2,  4,  7,  8, 10, 14, 17, 19, 23, 26, 30, 33, 35, 36, 43, 45, 46] > [ 3,  5,  6, 11, 13, 15, 16, 20, 21, 22, 25, 28, 29, 32, 37, 39, 40, 42]
    Truth table row=[<, =, <, <, >] ix=29 result=[10+] is correct

Test 11-:
    W0: [ 0,  1,  4,  8,  9, 13, 14, 17, 18, 20, 21] > [ 2,  3,  5,  6,  7, 10, 11, 12, 15, 16, 19]
    W1: [ 0,  1,  4, 19, 22, 23, 25, 26, 28, 29, 30, 33, 34] = [ 2,  3,  5,  6,  7, 17, 18, 20, 21, 24, 27, 31, 32]
    W2: [ 0,  1,  6,  7,  8,  9, 13, 14, 16, 19, 22, 23, 25, 32, 35, 39, 42] > [ 2,  3, 10, 11, 12, 17, 18, 20, 21, 24, 33, 34, 36, 37, 38, 40, 41]
    W3: [ 0,  3,  5,  8,  9, 15, 17, 18, 24, 26, 28, 31, 35, 40, 41, 43, 44] = [ 6,  7, 10, 14, 16, 19, 21, 23, 25, 27, 30, 32, 33, 34, 36, 42, 45]
    W4: [ 1,  2,  4,  7,  8, 10, 14, 17, 19, 23, 26, 30, 33, 35, 36, 43, 45, 46] > [ 3,  5,  6, 11, 13, 15, 16, 20, 21, 22, 25, 28, 29, 32, 37, 39, 40, 42]
    Truth table row=[>, =, >, =, >] ix=212 result=[11-] is correct

Test 11+:
    W0: [ 0,  1,  4,  8,  9, 13, 14, 17, 18, 20, 21] < [ 2,  3,  5,  6,  7, 10, 11, 12, 15, 16, 19]
    W1: [ 0,  1,  4, 19, 22, 23, 25, 26, 28, 29, 30, 33, 34] = [ 2,  3,  5,  6,  7, 17, 18, 20, 21, 24, 27, 31, 32]
    W2: [ 0,  1,  6,  7,  8,  9, 13, 14, 16, 19, 22, 23, 25, 32, 35, 39, 42] < [ 2,  3, 10, 11, 12, 17, 18, 20, 21, 24, 33, 34, 36, 37, 38, 40, 41]
    W3: [ 0,  3,  5,  8,  9, 15, 17, 18, 24, 26, 28, 31, 35, 40, 41, 43, 44] = [ 6,  7, 10, 14, 16, 19, 21, 23, 25, 27, 30, 32, 33, 34, 36, 42, 45]
    W4: [ 1,  2,  4,  7,  8, 10, 14, 17, 19, 23, 26, 30, 33, 35, 36, 43, 45, 46] < [ 3,  5,  6, 11, 13, 15, 16, 20, 21, 22, 25, 28, 29, 32, 37, 39, 40, 42]
    Truth table row=[<, =, <, =, <] ix=30 result=[11+] is correct

Test 12-:
    W0: [ 0,  1,  4,  8,  9, 13, 14, 17, 18, 20, 21] > [ 2,  3,  5,  6,  7, 10, 11, 12, 15, 16, 19]
    W1: [ 0,  1,  4, 19, 22, 23, 25, 26, 28, 29, 30, 33, 34] = [ 2,  3,  5,  6,  7, 17, 18, 20, 21, 24, 27, 31, 32]
    W2: [ 0,  1,  6,  7,  8,  9, 13, 14, 16, 19, 22, 23, 25, 32, 35, 39, 42] > [ 2,  3, 10, 11, 12, 17, 18, 20, 21, 24, 33, 34, 36, 37, 38, 40, 41]
    W3: [ 0,  3,  5,  8,  9, 15, 17, 18, 24, 26, 28, 31, 35, 40, 41, 43, 44] = [ 6,  7, 10, 14, 16, 19, 21, 23, 25, 27, 30, 32, 33, 34, 36, 42, 45]
    W4: [ 1,  2,  4,  7,  8, 10, 14, 17, 19, 23, 26, 30, 33, 35, 36, 43, 45, 46] = [ 3,  5,  6, 11, 13, 15, 16, 20, 21, 22, 25, 28, 29, 32, 37, 39, 40, 42]
    Truth table row=[>, =, >, =, =] ix=211 result=[12-] is correct

Test 12+:
    W0: [ 0,  1,  4,  8,  9, 13, 14, 17, 18, 20, 21] < [ 2,  3,  5,  6,  7, 10, 11, 12, 15, 16, 19]
    W1: [ 0,  1,  4, 19, 22, 23, 25, 26, 28, 29, 30, 33, 34] = [ 2,  3,  5,  6,  7, 17, 18, 20, 21, 24, 27, 31, 32]
    W2: [ 0,  1,  6,  7,  8,  9, 13, 14, 16, 19, 22, 23, 25, 32, 35, 39, 42] < [ 2,  3, 10, 11, 12, 17, 18, 20, 21, 24, 33, 34, 36, 37, 38, 40, 41]
    W3: [ 0,  3,  5,  8,  9, 15, 17, 18, 24, 26, 28, 31, 35, 40, 41, 43, 44] = [ 6,  7, 10, 14, 16, 19, 21, 23, 25, 27, 30, 32, 33, 34, 36, 42, 45]
    W4: [ 1,  2,  4,  7,  8, 10, 14, 17, 19, 23, 26, 30, 33, 35, 36, 43, 45, 46] = [ 3,  5,  6, 11, 13, 15, 16, 20, 21, 22, 25, 28, 29, 32, 37, 39, 40, 42]
    Truth table row=[<, =, <, =, =] ix=31 result=[12+] is correct

Test 13-:
    W0: [ 0,  1,  4,  8,  9, 13, 14, 17, 18, 20, 21] < [ 2,  3,  5,  6,  7, 10, 11, 12, 15, 16, 19]
    W1: [ 0,  1,  4, 19, 22, 23, 25, 26, 28, 29, 30, 33, 34] = [ 2,  3,  5,  6,  7, 17, 18, 20, 21, 24, 27, 31, 32]
    W2: [ 0,  1,  6,  7,  8,  9, 13, 14, 16, 19, 22, 23, 25, 32, 35, 39, 42] < [ 2,  3, 10, 11, 12, 17, 18, 20, 21, 24, 33, 34, 36, 37, 38, 40, 41]
    W3: [ 0,  3,  5,  8,  9, 15, 17, 18, 24, 26, 28, 31, 35, 40, 41, 43, 44] = [ 6,  7, 10, 14, 16, 19, 21, 23, 25, 27, 30, 32, 33, 34, 36, 42, 45]
    W4: [ 1,  2,  4,  7,  8, 10, 14, 17, 19, 23, 26, 30, 33, 35, 36, 43, 45, 46] > [ 3,  5,  6, 11, 13, 15, 16, 20, 21, 22, 25, 28, 29, 32, 37, 39, 40, 42]
    Truth table row=[<, =, <, =, >] ix=32 result=[13-] is correct

Test 13+:
    W0: [ 0,  1,  4,  8,  9, 13, 14, 17, 18, 20, 21] > [ 2,  3,  5,  6,  7, 10, 11, 12, 15, 16, 19]
    W1: [ 0,  1,  4, 19, 22, 23, 25, 26, 28, 29, 30, 33, 34] = [ 2,  3,  5,  6,  7, 17, 18, 20, 21, 24, 27, 31, 32]
    W2: [ 0,  1,  6,  7,  8,  9, 13, 14, 16, 19, 22, 23, 25, 32, 35, 39, 42] > [ 2,  3, 10, 11, 12, 17, 18, 20, 21, 24, 33, 34, 36, 37, 38, 40, 41]
    W3: [ 0,  3,  5,  8,  9, 15, 17, 18, 24, 26, 28, 31, 35, 40, 41, 43, 44] = [ 6,  7, 10, 14, 16, 19, 21, 23, 25, 27, 30, 32, 33, 34, 36, 42, 45]
    W4: [ 1,  2,  4,  7,  8, 10, 14, 17, 19, 23, 26, 30, 33, 35, 36, 43, 45, 46] < [ 3,  5,  6, 11, 13, 15, 16, 20, 21, 22, 25, 28, 29, 32, 37, 39, 40, 42]
    Truth table row=[>, =, >, =, <] ix=210 result=[13+] is correct

Test 14-:
    W0: [ 0,  1,  4,  8,  9, 13, 14, 17, 18, 20, 21] < [ 2,  3,  5,  6,  7, 10, 11, 12, 15, 16, 19]
    W1: [ 0,  1,  4, 19, 22, 23, 25, 26, 28, 29, 30, 33, 34] = [ 2,  3,  5,  6,  7, 17, 18, 20, 21, 24, 27, 31, 32]
    W2: [ 0,  1,  6,  7,  8,  9, 13, 14, 16, 19, 22, 23, 25, 32, 35, 39, 42] < [ 2,  3, 10, 11, 12, 17, 18, 20, 21, 24, 33, 34, 36, 37, 38, 40, 41]
    W3: [ 0,  3,  5,  8,  9, 15, 17, 18, 24, 26, 28, 31, 35, 40, 41, 43, 44] > [ 6,  7, 10, 14, 16, 19, 21, 23, 25, 27, 30, 32, 33, 34, 36, 42, 45]
    W4: [ 1,  2,  4,  7,  8, 10, 14, 17, 19, 23, 26, 30, 33, 35, 36, 43, 45, 46] < [ 3,  5,  6, 11, 13, 15, 16, 20, 21, 22, 25, 28, 29, 32, 37, 39, 40, 42]
    Truth table row=[<, =, <, >, <] ix=33 result=[14-] is correct

Test 14+:
    W0: [ 0,  1,  4,  8,  9, 13, 14, 17, 18, 20, 21] > [ 2,  3,  5,  6,  7, 10, 11, 12, 15, 16, 19]
    W1: [ 0,  1,  4, 19, 22, 23, 25, 26, 28, 29, 30, 33, 34] = [ 2,  3,  5,  6,  7, 17, 18, 20, 21, 24, 27, 31, 32]
    W2: [ 0,  1,  6,  7,  8,  9, 13, 14, 16, 19, 22, 23, 25, 32, 35, 39, 42] > [ 2,  3, 10, 11, 12, 17, 18, 20, 21, 24, 33, 34, 36, 37, 38, 40, 41]
    W3: [ 0,  3,  5,  8,  9, 15, 17, 18, 24, 26, 28, 31, 35, 40, 41, 43, 44] < [ 6,  7, 10, 14, 16, 19, 21, 23, 25, 27, 30, 32, 33, 34, 36, 42, 45]
    W4: [ 1,  2,  4,  7,  8, 10, 14, 17, 19, 23, 26, 30, 33, 35, 36, 43, 45, 46] > [ 3,  5,  6, 11, 13, 15, 16, 20, 21, 22, 25, 28, 29, 32, 37, 39, 40, 42]
    Truth table row=[>, =, >, <, >] ix=209 result=[14+] is correct

Test 15-:
    W0: [ 0,  1,  4,  8,  9, 13, 14, 17, 18, 20, 21] > [ 2,  3,  5,  6,  7, 10, 11, 12, 15, 16, 19]
    W1: [ 0,  1,  4, 19, 22, 23, 25, 26, 28, 29, 30, 33, 34] = [ 2,  3,  5,  6,  7, 17, 18, 20, 21, 24, 27, 31, 32]
    W2: [ 0,  1,  6,  7,  8,  9, 13, 14, 16, 19, 22, 23, 25, 32, 35, 39, 42] = [ 2,  3, 10, 11, 12, 17, 18, 20, 21, 24, 33, 34, 36, 37, 38, 40, 41]
    W3: [ 0,  3,  5,  8,  9, 15, 17, 18, 24, 26, 28, 31, 35, 40, 41, 43, 44] < [ 6,  7, 10, 14, 16, 19, 21, 23, 25, 27, 30, 32, 33, 34, 36, 42, 45]
    W4: [ 1,  2,  4,  7,  8, 10, 14, 17, 19, 23, 26, 30, 33, 35, 36, 43, 45, 46] > [ 3,  5,  6, 11, 13, 15, 16, 20, 21, 22, 25, 28, 29, 32, 37, 39, 40, 42]
    Truth table row=[>, =, =, <, >] ix=200 result=[15-] is correct

Test 15+:
    W0: [ 0,  1,  4,  8,  9, 13, 14, 17, 18, 20, 21] < [ 2,  3,  5,  6,  7, 10, 11, 12, 15, 16, 19]
    W1: [ 0,  1,  4, 19, 22, 23, 25, 26, 28, 29, 30, 33, 34] = [ 2,  3,  5,  6,  7, 17, 18, 20, 21, 24, 27, 31, 32]
    W2: [ 0,  1,  6,  7,  8,  9, 13, 14, 16, 19, 22, 23, 25, 32, 35, 39, 42] = [ 2,  3, 10, 11, 12, 17, 18, 20, 21, 24, 33, 34, 36, 37, 38, 40, 41]
    W3: [ 0,  3,  5,  8,  9, 15, 17, 18, 24, 26, 28, 31, 35, 40, 41, 43, 44] > [ 6,  7, 10, 14, 16, 19, 21, 23, 25, 27, 30, 32, 33, 34, 36, 42, 45]
    W4: [ 1,  2,  4,  7,  8, 10, 14, 17, 19, 23, 26, 30, 33, 35, 36, 43, 45, 46] < [ 3,  5,  6, 11, 13, 15, 16, 20, 21, 22, 25, 28, 29, 32, 37, 39, 40, 42]
    Truth table row=[<, =, =, >, <] ix=42 result=[15+] is correct

Test 16-:
    W0: [ 0,  1,  4,  8,  9, 13, 14, 17, 18, 20, 21] > [ 2,  3,  5,  6,  7, 10, 11, 12, 15, 16, 19]
    W1: [ 0,  1,  4, 19, 22, 23, 25, 26, 28, 29, 30, 33, 34] = [ 2,  3,  5,  6,  7, 17, 18, 20, 21, 24, 27, 31, 32]
    W2: [ 0,  1,  6,  7,  8,  9, 13, 14, 16, 19, 22, 23, 25, 32, 35, 39, 42] < [ 2,  3, 10, 11, 12, 17, 18, 20, 21, 24, 33, 34, 36, 37, 38, 40, 41]
    W3: [ 0,  3,  5,  8,  9, 15, 17, 18, 24, 26, 28, 31, 35, 40, 41, 43, 44] > [ 6,  7, 10, 14, 16, 19, 21, 23, 25, 27, 30, 32, 33, 34, 36, 42, 45]
    W4: [ 1,  2,  4,  7,  8, 10, 14, 17, 19, 23, 26, 30, 33, 35, 36, 43, 45, 46] > [ 3,  5,  6, 11, 13, 15, 16, 20, 21, 22, 25, 28, 29, 32, 37, 39, 40, 42]
    Truth table row=[>, =, <, >, >] ix=197 result=[16-] is correct

Test 16+:
    W0: [ 0,  1,  4,  8,  9, 13, 14, 17, 18, 20, 21] < [ 2,  3,  5,  6,  7, 10, 11, 12, 15, 16, 19]
    W1: [ 0,  1,  4, 19, 22, 23, 25, 26, 28, 29, 30, 33, 34] = [ 2,  3,  5,  6,  7, 17, 18, 20, 21, 24, 27, 31, 32]
    W2: [ 0,  1,  6,  7,  8,  9, 13, 14, 16, 19, 22, 23, 25, 32, 35, 39, 42] > [ 2,  3, 10, 11, 12, 17, 18, 20, 21, 24, 33, 34, 36, 37, 38, 40, 41]
    W3: [ 0,  3,  5,  8,  9, 15, 17, 18, 24, 26, 28, 31, 35, 40, 41, 43, 44] < [ 6,  7, 10, 14, 16, 19, 21, 23, 25, 27, 30, 32, 33, 34, 36, 42, 45]
    W4: [ 1,  2,  4,  7,  8, 10, 14, 17, 19, 23, 26, 30, 33, 35, 36, 43, 45, 46] < [ 3,  5,  6, 11, 13, 15, 16, 20, 21, 22, 25, 28, 29, 32, 37, 39, 40, 42]
    Truth table row=[<, =, >, <, <] ix=45 result=[16+] is correct

Test 17-:
    W0: [ 0,  1,  4,  8,  9, 13, 14, 17, 18, 20, 21] < [ 2,  3,  5,  6,  7, 10, 11, 12, 15, 16, 19]
    W1: [ 0,  1,  4, 19, 22, 23, 25, 26, 28, 29, 30, 33, 34] > [ 2,  3,  5,  6,  7, 17, 18, 20, 21, 24, 27, 31, 32]
    W2: [ 0,  1,  6,  7,  8,  9, 13, 14, 16, 19, 22, 23, 25, 32, 35, 39, 42] > [ 2,  3, 10, 11, 12, 17, 18, 20, 21, 24, 33, 34, 36, 37, 38, 40, 41]
    W3: [ 0,  3,  5,  8,  9, 15, 17, 18, 24, 26, 28, 31, 35, 40, 41, 43, 44] < [ 6,  7, 10, 14, 16, 19, 21, 23, 25, 27, 30, 32, 33, 34, 36, 42, 45]
    W4: [ 1,  2,  4,  7,  8, 10, 14, 17, 19, 23, 26, 30, 33, 35, 36, 43, 45, 46] < [ 3,  5,  6, 11, 13, 15, 16, 20, 21, 22, 25, 28, 29, 32, 37, 39, 40, 42]
    Truth table row=[<, >, >, <, <] ix=72 result=[17-] is correct

Test 17+:
    W0: [ 0,  1,  4,  8,  9, 13, 14, 17, 18, 20, 21] > [ 2,  3,  5,  6,  7, 10, 11, 12, 15, 16, 19]
    W1: [ 0,  1,  4, 19, 22, 23, 25, 26, 28, 29, 30, 33, 34] < [ 2,  3,  5,  6,  7, 17, 18, 20, 21, 24, 27, 31, 32]
    W2: [ 0,  1,  6,  7,  8,  9, 13, 14, 16, 19, 22, 23, 25, 32, 35, 39, 42] < [ 2,  3, 10, 11, 12, 17, 18, 20, 21, 24, 33, 34, 36, 37, 38, 40, 41]
    W3: [ 0,  3,  5,  8,  9, 15, 17, 18, 24, 26, 28, 31, 35, 40, 41, 43, 44] > [ 6,  7, 10, 14, 16, 19, 21, 23, 25, 27, 30, 32, 33, 34, 36, 42, 45]
    W4: [ 1,  2,  4,  7,  8, 10, 14, 17, 19, 23, 26, 30, 33, 35, 36, 43, 45, 46] > [ 3,  5,  6, 11, 13, 15, 16, 20, 21, 22, 25, 28, 29, 32, 37, 39, 40, 42]
    Truth table row=[>, <, <, >, >] ix=170 result=[17+] is correct

Test 18-:
    W0: [ 0,  1,  4,  8,  9, 13, 14, 17, 18, 20, 21] < [ 2,  3,  5,  6,  7, 10, 11, 12, 15, 16, 19]
    W1: [ 0,  1,  4, 19, 22, 23, 25, 26, 28, 29, 30, 33, 34] > [ 2,  3,  5,  6,  7, 17, 18, 20, 21, 24, 27, 31, 32]
    W2: [ 0,  1,  6,  7,  8,  9, 13, 14, 16, 19, 22, 23, 25, 32, 35, 39, 42] > [ 2,  3, 10, 11, 12, 17, 18, 20, 21, 24, 33, 34, 36, 37, 38, 40, 41]
    W3: [ 0,  3,  5,  8,  9, 15, 17, 18, 24, 26, 28, 31, 35, 40, 41, 43, 44] < [ 6,  7, 10, 14, 16, 19, 21, 23, 25, 27, 30, 32, 33, 34, 36, 42, 45]
    W4: [ 1,  2,  4,  7,  8, 10, 14, 17, 19, 23, 26, 30, 33, 35, 36, 43, 45, 46] = [ 3,  5,  6, 11, 13, 15, 16, 20, 21, 22, 25, 28, 29, 32, 37, 39, 40, 42]
    Truth table row=[<, >, >, <, =] ix=73 result=[18-] is correct

Test 18+:
    W0: [ 0,  1,  4,  8,  9, 13, 14, 17, 18, 20, 21] > [ 2,  3,  5,  6,  7, 10, 11, 12, 15, 16, 19]
    W1: [ 0,  1,  4, 19, 22, 23, 25, 26, 28, 29, 30, 33, 34] < [ 2,  3,  5,  6,  7, 17, 18, 20, 21, 24, 27, 31, 32]
    W2: [ 0,  1,  6,  7,  8,  9, 13, 14, 16, 19, 22, 23, 25, 32, 35, 39, 42] < [ 2,  3, 10, 11, 12, 17, 18, 20, 21, 24, 33, 34, 36, 37, 38, 40, 41]
    W3: [ 0,  3,  5,  8,  9, 15, 17, 18, 24, 26, 28, 31, 35, 40, 41, 43, 44] > [ 6,  7, 10, 14, 16, 19, 21, 23, 25, 27, 30, 32, 33, 34, 36, 42, 45]
    W4: [ 1,  2,  4,  7,  8, 10, 14, 17, 19, 23, 26, 30, 33, 35, 36, 43, 45, 46] = [ 3,  5,  6, 11, 13, 15, 16, 20, 21, 22, 25, 28, 29, 32, 37, 39, 40, 42]
    Truth table row=[>, <, <, >, =] ix=169 result=[18+] is correct

Test 19-:
    W0: [ 0,  1,  4,  8,  9, 13, 14, 17, 18, 20, 21] > [ 2,  3,  5,  6,  7, 10, 11, 12, 15, 16, 19]
    W1: [ 0,  1,  4, 19, 22, 23, 25, 26, 28, 29, 30, 33, 34] < [ 2,  3,  5,  6,  7, 17, 18, 20, 21, 24, 27, 31, 32]
    W2: [ 0,  1,  6,  7,  8,  9, 13, 14, 16, 19, 22, 23, 25, 32, 35, 39, 42] < [ 2,  3, 10, 11, 12, 17, 18, 20, 21, 24, 33, 34, 36, 37, 38, 40, 41]
    W3: [ 0,  3,  5,  8,  9, 15, 17, 18, 24, 26, 28, 31, 35, 40, 41, 43, 44] > [ 6,  7, 10, 14, 16, 19, 21, 23, 25, 27, 30, 32, 33, 34, 36, 42, 45]
    W4: [ 1,  2,  4,  7,  8, 10, 14, 17, 19, 23, 26, 30, 33, 35, 36, 43, 45, 46] < [ 3,  5,  6, 11, 13, 15, 16, 20, 21, 22, 25, 28, 29, 32, 37, 39, 40, 42]
    Truth table row=[>, <, <, >, <] ix=168 result=[19-] is correct

Test 19+:
    W0: [ 0,  1,  4,  8,  9, 13, 14, 17, 18, 20, 21] < [ 2,  3,  5,  6,  7, 10, 11, 12, 15, 16, 19]
    W1: [ 0,  1,  4, 19, 22, 23, 25, 26, 28, 29, 30, 33, 34] > [ 2,  3,  5,  6,  7, 17, 18, 20, 21, 24, 27, 31, 32]
    W2: [ 0,  1,  6,  7,  8,  9, 13, 14, 16, 19, 22, 23, 25, 32, 35, 39, 42] > [ 2,  3, 10, 11, 12, 17, 18, 20, 21, 24, 33, 34, 36, 37, 38, 40, 41]
    W3: [ 0,  3,  5,  8,  9, 15, 17, 18, 24, 26, 28, 31, 35, 40, 41, 43, 44] < [ 6,  7, 10, 14, 16, 19, 21, 23, 25, 27, 30, 32, 33, 34, 36, 42, 45]
    W4: [ 1,  2,  4,  7,  8, 10, 14, 17, 19, 23, 26, 30, 33, 35, 36, 43, 45, 46] > [ 3,  5,  6, 11, 13, 15, 16, 20, 21, 22, 25, 28, 29, 32, 37, 39, 40, 42]
    Truth table row=[<, >, >, <, >] ix=74 result=[19+] is correct

Test 20-:
    W0: [ 0,  1,  4,  8,  9, 13, 14, 17, 18, 20, 21] < [ 2,  3,  5,  6,  7, 10, 11, 12, 15, 16, 19]
    W1: [ 0,  1,  4, 19, 22, 23, 25, 26, 28, 29, 30, 33, 34] > [ 2,  3,  5,  6,  7, 17, 18, 20, 21, 24, 27, 31, 32]
    W2: [ 0,  1,  6,  7,  8,  9, 13, 14, 16, 19, 22, 23, 25, 32, 35, 39, 42] > [ 2,  3, 10, 11, 12, 17, 18, 20, 21, 24, 33, 34, 36, 37, 38, 40, 41]
    W3: [ 0,  3,  5,  8,  9, 15, 17, 18, 24, 26, 28, 31, 35, 40, 41, 43, 44] = [ 6,  7, 10, 14, 16, 19, 21, 23, 25, 27, 30, 32, 33, 34, 36, 42, 45]
    W4: [ 1,  2,  4,  7,  8, 10, 14, 17, 19, 23, 26, 30, 33, 35, 36, 43, 45, 46] > [ 3,  5,  6, 11, 13, 15, 16, 20, 21, 22, 25, 28, 29, 32, 37, 39, 40, 42]
    Truth table row=[<, >, >, =, >] ix=77 result=[20-] is correct

Test 20+:
    W0: [ 0,  1,  4,  8,  9, 13, 14, 17, 18, 20, 21] > [ 2,  3,  5,  6,  7, 10, 11, 12, 15, 16, 19]
    W1: [ 0,  1,  4, 19, 22, 23, 25, 26, 28, 29, 30, 33, 34] < [ 2,  3,  5,  6,  7, 17, 18, 20, 21, 24, 27, 31, 32]
    W2: [ 0,  1,  6,  7,  8,  9, 13, 14, 16, 19, 22, 23, 25, 32, 35, 39, 42] < [ 2,  3, 10, 11, 12, 17, 18, 20, 21, 24, 33, 34, 36, 37, 38, 40, 41]
    W3: [ 0,  3,  5,  8,  9, 15, 17, 18, 24, 26, 28, 31, 35, 40, 41, 43, 44] = [ 6,  7, 10, 14, 16, 19, 21, 23, 25, 27, 30, 32, 33, 34, 36, 42, 45]
    W4: [ 1,  2,  4,  7,  8, 10, 14, 17, 19, 23, 26, 30, 33, 35, 36, 43, 45, 46] < [ 3,  5,  6, 11, 13, 15, 16, 20, 21, 22, 25, 28, 29, 32, 37, 39, 40, 42]
    Truth table row=[>, <, <, =, <] ix=165 result=[20+] is correct

Test 21-:
    W0: [ 0,  1,  4,  8,  9, 13, 14, 17, 18, 20, 21] < [ 2,  3,  5,  6,  7, 10, 11, 12, 15, 16, 19]
    W1: [ 0,  1,  4, 19, 22, 23, 25, 26, 28, 29, 30, 33, 34] > [ 2,  3,  5,  6,  7, 17, 18, 20, 21, 24, 27, 31, 32]
    W2: [ 0,  1,  6,  7,  8,  9, 13, 14, 16, 19, 22, 23, 25, 32, 35, 39, 42] > [ 2,  3, 10, 11, 12, 17, 18, 20, 21, 24, 33, 34, 36, 37, 38, 40, 41]
    W3: [ 0,  3,  5,  8,  9, 15, 17, 18, 24, 26, 28, 31, 35, 40, 41, 43, 44] > [ 6,  7, 10, 14, 16, 19, 21, 23, 25, 27, 30, 32, 33, 34, 36, 42, 45]
    W4: [ 1,  2,  4,  7,  8, 10, 14, 17, 19, 23, 26, 30, 33, 35, 36, 43, 45, 46] > [ 3,  5,  6, 11, 13, 15, 16, 20, 21, 22, 25, 28, 29, 32, 37, 39, 40, 42]
    Truth table row=[<, >, >, >, >] ix=80 result=[21-] is correct

Test 21+:
    W0: [ 0,  1,  4,  8,  9, 13, 14, 17, 18, 20, 21] > [ 2,  3,  5,  6,  7, 10, 11, 12, 15, 16, 19]
    W1: [ 0,  1,  4, 19, 22, 23, 25, 26, 28, 29, 30, 33, 34] < [ 2,  3,  5,  6,  7, 17, 18, 20, 21, 24, 27, 31, 32]
    W2: [ 0,  1,  6,  7,  8,  9, 13, 14, 16, 19, 22, 23, 25, 32, 35, 39, 42] < [ 2,  3, 10, 11, 12, 17, 18, 20, 21, 24, 33, 34, 36, 37, 38, 40, 41]
    W3: [ 0,  3,  5,  8,  9, 15, 17, 18, 24, 26, 28, 31, 35, 40, 41, 43, 44] < [ 6,  7, 10, 14, 16, 19, 21, 23, 25, 27, 30, 32, 33, 34, 36, 42, 45]
    W4: [ 1,  2,  4,  7,  8, 10, 14, 17, 19, 23, 26, 30, 33, 35, 36, 43, 45, 46] < [ 3,  5,  6, 11, 13, 15, 16, 20, 21, 22, 25, 28, 29, 32, 37, 39, 40, 42]
    Truth table row=[>, <, <, <, <] ix=162 result=[21+] is correct

Test 22-:
    W0: [ 0,  1,  4,  8,  9, 13, 14, 17, 18, 20, 21] = [ 2,  3,  5,  6,  7, 10, 11, 12, 15, 16, 19]
    W1: [ 0,  1,  4, 19, 22, 23, 25, 26, 28, 29, 30, 33, 34] < [ 2,  3,  5,  6,  7, 17, 18, 20, 21, 24, 27, 31, 32]
    W2: [ 0,  1,  6,  7,  8,  9, 13, 14, 16, 19, 22, 23, 25, 32, 35, 39, 42] < [ 2,  3, 10, 11, 12, 17, 18, 20, 21, 24, 33, 34, 36, 37, 38, 40, 41]
    W3: [ 0,  3,  5,  8,  9, 15, 17, 18, 24, 26, 28, 31, 35, 40, 41, 43, 44] = [ 6,  7, 10, 14, 16, 19, 21, 23, 25, 27, 30, 32, 33, 34, 36, 42, 45]
    W4: [ 1,  2,  4,  7,  8, 10, 14, 17, 19, 23, 26, 30, 33, 35, 36, 43, 45, 46] > [ 3,  5,  6, 11, 13, 15, 16, 20, 21, 22, 25, 28, 29, 32, 37, 39, 40, 42]
    Truth table row=[=, <, <, =, >] ix=86 result=[22-] is correct

Test 22+:
    W0: [ 0,  1,  4,  8,  9, 13, 14, 17, 18, 20, 21] = [ 2,  3,  5,  6,  7, 10, 11, 12, 15, 16, 19]
    W1: [ 0,  1,  4, 19, 22, 23, 25, 26, 28, 29, 30, 33, 34] > [ 2,  3,  5,  6,  7, 17, 18, 20, 21, 24, 27, 31, 32]
    W2: [ 0,  1,  6,  7,  8,  9, 13, 14, 16, 19, 22, 23, 25, 32, 35, 39, 42] > [ 2,  3, 10, 11, 12, 17, 18, 20, 21, 24, 33, 34, 36, 37, 38, 40, 41]
    W3: [ 0,  3,  5,  8,  9, 15, 17, 18, 24, 26, 28, 31, 35, 40, 41, 43, 44] = [ 6,  7, 10, 14, 16, 19, 21, 23, 25, 27, 30, 32, 33, 34, 36, 42, 45]
    W4: [ 1,  2,  4,  7,  8, 10, 14, 17, 19, 23, 26, 30, 33, 35, 36, 43, 45, 46] < [ 3,  5,  6, 11, 13, 15, 16, 20, 21, 22, 25, 28, 29, 32, 37, 39, 40, 42]
    Truth table row=[=, >, >, =, <] ix=156 result=[22+] is correct

Test 23-:
    W0: [ 0,  1,  4,  8,  9, 13, 14, 17, 18, 20, 21] = [ 2,  3,  5,  6,  7, 10, 11, 12, 15, 16, 19]
    W1: [ 0,  1,  4, 19, 22, 23, 25, 26, 28, 29, 30, 33, 34] < [ 2,  3,  5,  6,  7, 17, 18, 20, 21, 24, 27, 31, 32]
    W2: [ 0,  1,  6,  7,  8,  9, 13, 14, 16, 19, 22, 23, 25, 32, 35, 39, 42] < [ 2,  3, 10, 11, 12, 17, 18, 20, 21, 24, 33, 34, 36, 37, 38, 40, 41]
    W3: [ 0,  3,  5,  8,  9, 15, 17, 18, 24, 26, 28, 31, 35, 40, 41, 43, 44] > [ 6,  7, 10, 14, 16, 19, 21, 23, 25, 27, 30, 32, 33, 34, 36, 42, 45]
    W4: [ 1,  2,  4,  7,  8, 10, 14, 17, 19, 23, 26, 30, 33, 35, 36, 43, 45, 46] < [ 3,  5,  6, 11, 13, 15, 16, 20, 21, 22, 25, 28, 29, 32, 37, 39, 40, 42]
    Truth table row=[=, <, <, >, <] ix=87 result=[23-] is correct

Test 23+:
    W0: [ 0,  1,  4,  8,  9, 13, 14, 17, 18, 20, 21] = [ 2,  3,  5,  6,  7, 10, 11, 12, 15, 16, 19]
    W1: [ 0,  1,  4, 19, 22, 23, 25, 26, 28, 29, 30, 33, 34] > [ 2,  3,  5,  6,  7, 17, 18, 20, 21, 24, 27, 31, 32]
    W2: [ 0,  1,  6,  7,  8,  9, 13, 14, 16, 19, 22, 23, 25, 32, 35, 39, 42] > [ 2,  3, 10, 11, 12, 17, 18, 20, 21, 24, 33, 34, 36, 37, 38, 40, 41]
    W3: [ 0,  3,  5,  8,  9, 15, 17, 18, 24, 26, 28, 31, 35, 40, 41, 43, 44] < [ 6,  7, 10, 14, 16, 19, 21, 23, 25, 27, 30, 32, 33, 34, 36, 42, 45]
    W4: [ 1,  2,  4,  7,  8, 10, 14, 17, 19, 23, 26, 30, 33, 35, 36, 43, 45, 46] > [ 3,  5,  6, 11, 13, 15, 16, 20, 21, 22, 25, 28, 29, 32, 37, 39, 40, 42]
    Truth table row=[=, >, >, <, >] ix=155 result=[23+] is correct

Test 24-:
    W0: [ 0,  1,  4,  8,  9, 13, 14, 17, 18, 20, 21] = [ 2,  3,  5,  6,  7, 10, 11, 12, 15, 16, 19]
    W1: [ 0,  1,  4, 19, 22, 23, 25, 26, 28, 29, 30, 33, 34] > [ 2,  3,  5,  6,  7, 17, 18, 20, 21, 24, 27, 31, 32]
    W2: [ 0,  1,  6,  7,  8,  9, 13, 14, 16, 19, 22, 23, 25, 32, 35, 39, 42] > [ 2,  3, 10, 11, 12, 17, 18, 20, 21, 24, 33, 34, 36, 37, 38, 40, 41]
    W3: [ 0,  3,  5,  8,  9, 15, 17, 18, 24, 26, 28, 31, 35, 40, 41, 43, 44] < [ 6,  7, 10, 14, 16, 19, 21, 23, 25, 27, 30, 32, 33, 34, 36, 42, 45]
    W4: [ 1,  2,  4,  7,  8, 10, 14, 17, 19, 23, 26, 30, 33, 35, 36, 43, 45, 46] = [ 3,  5,  6, 11, 13, 15, 16, 20, 21, 22, 25, 28, 29, 32, 37, 39, 40, 42]
    Truth table row=[=, >, >, <, =] ix=154 result=[24-] is correct

Test 24+:
    W0: [ 0,  1,  4,  8,  9, 13, 14, 17, 18, 20, 21] = [ 2,  3,  5,  6,  7, 10, 11, 12, 15, 16, 19]
    W1: [ 0,  1,  4, 19, 22, 23, 25, 26, 28, 29, 30, 33, 34] < [ 2,  3,  5,  6,  7, 17, 18, 20, 21, 24, 27, 31, 32]
    W2: [ 0,  1,  6,  7,  8,  9, 13, 14, 16, 19, 22, 23, 25, 32, 35, 39, 42] < [ 2,  3, 10, 11, 12, 17, 18, 20, 21, 24, 33, 34, 36, 37, 38, 40, 41]
    W3: [ 0,  3,  5,  8,  9, 15, 17, 18, 24, 26, 28, 31, 35, 40, 41, 43, 44] > [ 6,  7, 10, 14, 16, 19, 21, 23, 25, 27, 30, 32, 33, 34, 36, 42, 45]
    W4: [ 1,  2,  4,  7,  8, 10, 14, 17, 19, 23, 26, 30, 33, 35, 36, 43, 45, 46] = [ 3,  5,  6, 11, 13, 15, 16, 20, 21, 22, 25, 28, 29, 32, 37, 39, 40, 42]
    Truth table row=[=, <, <, >, =] ix=88 result=[24+] is correct

Test 25-:
    W0: [ 0,  1,  4,  8,  9, 13, 14, 17, 18, 20, 21] = [ 2,  3,  5,  6,  7, 10, 11, 12, 15, 16, 19]
    W1: [ 0,  1,  4, 19, 22, 23, 25, 26, 28, 29, 30, 33, 34] < [ 2,  3,  5,  6,  7, 17, 18, 20, 21, 24, 27, 31, 32]
    W2: [ 0,  1,  6,  7,  8,  9, 13, 14, 16, 19, 22, 23, 25, 32, 35, 39, 42] < [ 2,  3, 10, 11, 12, 17, 18, 20, 21, 24, 33, 34, 36, 37, 38, 40, 41]
    W3: [ 0,  3,  5,  8,  9, 15, 17, 18, 24, 26, 28, 31, 35, 40, 41, 43, 44] > [ 6,  7, 10, 14, 16, 19, 21, 23, 25, 27, 30, 32, 33, 34, 36, 42, 45]
    W4: [ 1,  2,  4,  7,  8, 10, 14, 17, 19, 23, 26, 30, 33, 35, 36, 43, 45, 46] > [ 3,  5,  6, 11, 13, 15, 16, 20, 21, 22, 25, 28, 29, 32, 37, 39, 40, 42]
    Truth table row=[=, <, <, >, >] ix=89 result=[25-] is correct

Test 25+:
    W0: [ 0,  1,  4,  8,  9, 13, 14, 17, 18, 20, 21] = [ 2,  3,  5,  6,  7, 10, 11, 12, 15, 16, 19]
    W1: [ 0,  1,  4, 19, 22, 23, 25, 26, 28, 29, 30, 33, 34] > [ 2,  3,  5,  6,  7, 17, 18, 20, 21, 24, 27, 31, 32]
    W2: [ 0,  1,  6,  7,  8,  9, 13, 14, 16, 19, 22, 23, 25, 32, 35, 39, 42] > [ 2,  3, 10, 11, 12, 17, 18, 20, 21, 24, 33, 34, 36, 37, 38, 40, 41]
    W3: [ 0,  3,  5,  8,  9, 15, 17, 18, 24, 26, 28, 31, 35, 40, 41, 43, 44] < [ 6,  7, 10, 14, 16, 19, 21, 23, 25, 27, 30, 32, 33, 34, 36, 42, 45]
    W4: [ 1,  2,  4,  7,  8, 10, 14, 17, 19, 23, 26, 30, 33, 35, 36, 43, 45, 46] < [ 3,  5,  6, 11, 13, 15, 16, 20, 21, 22, 25, 28, 29, 32, 37, 39, 40, 42]
    Truth table row=[=, >, >, <, <] ix=153 result=[25+] is correct

Test 26-:
    W0: [ 0,  1,  4,  8,  9, 13, 14, 17, 18, 20, 21] = [ 2,  3,  5,  6,  7, 10, 11, 12, 15, 16, 19]
    W1: [ 0,  1,  4, 19, 22, 23, 25, 26, 28, 29, 30, 33, 34] < [ 2,  3,  5,  6,  7, 17, 18, 20, 21, 24, 27, 31, 32]
    W2: [ 0,  1,  6,  7,  8,  9, 13, 14, 16, 19, 22, 23, 25, 32, 35, 39, 42] = [ 2,  3, 10, 11, 12, 17, 18, 20, 21, 24, 33, 34, 36, 37, 38, 40, 41]
    W3: [ 0,  3,  5,  8,  9, 15, 17, 18, 24, 26, 28, 31, 35, 40, 41, 43, 44] < [ 6,  7, 10, 14, 16, 19, 21, 23, 25, 27, 30, 32, 33, 34, 36, 42, 45]
    W4: [ 1,  2,  4,  7,  8, 10, 14, 17, 19, 23, 26, 30, 33, 35, 36, 43, 45, 46] < [ 3,  5,  6, 11, 13, 15, 16, 20, 21, 22, 25, 28, 29, 32, 37, 39, 40, 42]
    Truth table row=[=, <, =, <, <] ix=90 result=[26-] is correct

Test 26+:
    W0: [ 0,  1,  4,  8,  9, 13, 14, 17, 18, 20, 21] = [ 2,  3,  5,  6,  7, 10, 11, 12, 15, 16, 19]
    W1: [ 0,  1,  4, 19, 22, 23, 25, 26, 28, 29, 30, 33, 34] > [ 2,  3,  5,  6,  7, 17, 18, 20, 21, 24, 27, 31, 32]
    W2: [ 0,  1,  6,  7,  8,  9, 13, 14, 16, 19, 22, 23, 25, 32, 35, 39, 42] = [ 2,  3, 10, 11, 12, 17, 18, 20, 21, 24, 33, 34, 36, 37, 38, 40, 41]
    W3: [ 0,  3,  5,  8,  9, 15, 17, 18, 24, 26, 28, 31, 35, 40, 41, 43, 44] > [ 6,  7, 10, 14, 16, 19, 21, 23, 25, 27, 30, 32, 33, 34, 36, 42, 45]
    W4: [ 1,  2,  4,  7,  8, 10, 14, 17, 19, 23, 26, 30, 33, 35, 36, 43, 45, 46] > [ 3,  5,  6, 11, 13, 15, 16, 20, 21, 22, 25, 28, 29, 32, 37, 39, 40, 42]
    Truth table row=[=, >, =, >, >] ix=152 result=[26+] is correct

Test 27-:
    W0: [ 0,  1,  4,  8,  9, 13, 14, 17, 18, 20, 21] = [ 2,  3,  5,  6,  7, 10, 11, 12, 15, 16, 19]
    W1: [ 0,  1,  4, 19, 22, 23, 25, 26, 28, 29, 30, 33, 34] > [ 2,  3,  5,  6,  7, 17, 18, 20, 21, 24, 27, 31, 32]
    W2: [ 0,  1,  6,  7,  8,  9, 13, 14, 16, 19, 22, 23, 25, 32, 35, 39, 42] = [ 2,  3, 10, 11, 12, 17, 18, 20, 21, 24, 33, 34, 36, 37, 38, 40, 41]
    W3: [ 0,  3,  5,  8,  9, 15, 17, 18, 24, 26, 28, 31, 35, 40, 41, 43, 44] > [ 6,  7, 10, 14, 16, 19, 21, 23, 25, 27, 30, 32, 33, 34, 36, 42, 45]
    W4: [ 1,  2,  4,  7,  8, 10, 14, 17, 19, 23, 26, 30, 33, 35, 36, 43, 45, 46] = [ 3,  5,  6, 11, 13, 15, 16, 20, 21, 22, 25, 28, 29, 32, 37, 39, 40, 42]
    Truth table row=[=, >, =, >, =] ix=151 result=[27-] is correct

Test 27+:
    W0: [ 0,  1,  4,  8,  9, 13, 14, 17, 18, 20, 21] = [ 2,  3,  5,  6,  7, 10, 11, 12, 15, 16, 19]
    W1: [ 0,  1,  4, 19, 22, 23, 25, 26, 28, 29, 30, 33, 34] < [ 2,  3,  5,  6,  7, 17, 18, 20, 21, 24, 27, 31, 32]
    W2: [ 0,  1,  6,  7,  8,  9, 13, 14, 16, 19, 22, 23, 25, 32, 35, 39, 42] = [ 2,  3, 10, 11, 12, 17, 18, 20, 21, 24, 33, 34, 36, 37, 38, 40, 41]
    W3: [ 0,  3,  5,  8,  9, 15, 17, 18, 24, 26, 28, 31, 35, 40, 41, 43, 44] < [ 6,  7, 10, 14, 16, 19, 21, 23, 25, 27, 30, 32, 33, 34, 36, 42, 45]
    W4: [ 1,  2,  4,  7,  8, 10, 14, 17, 19, 23, 26, 30, 33, 35, 36, 43, 45, 46] = [ 3,  5,  6, 11, 13, 15, 16, 20, 21, 22, 25, 28, 29, 32, 37, 39, 40, 42]
    Truth table row=[=, <, =, <, =] ix=91 result=[27+] is correct

Test 28-:
    W0: [ 0,  1,  4,  8,  9, 13, 14, 17, 18, 20, 21] = [ 2,  3,  5,  6,  7, 10, 11, 12, 15, 16, 19]
    W1: [ 0,  1,  4, 19, 22, 23, 25, 26, 28, 29, 30, 33, 34] < [ 2,  3,  5,  6,  7, 17, 18, 20, 21, 24, 27, 31, 32]
    W2: [ 0,  1,  6,  7,  8,  9, 13, 14, 16, 19, 22, 23, 25, 32, 35, 39, 42] = [ 2,  3, 10, 11, 12, 17, 18, 20, 21, 24, 33, 34, 36, 37, 38, 40, 41]
    W3: [ 0,  3,  5,  8,  9, 15, 17, 18, 24, 26, 28, 31, 35, 40, 41, 43, 44] < [ 6,  7, 10, 14, 16, 19, 21, 23, 25, 27, 30, 32, 33, 34, 36, 42, 45]
    W4: [ 1,  2,  4,  7,  8, 10, 14, 17, 19, 23, 26, 30, 33, 35, 36, 43, 45, 46] > [ 3,  5,  6, 11, 13, 15, 16, 20, 21, 22, 25, 28, 29, 32, 37, 39, 40, 42]
    Truth table row=[=, <, =, <, >] ix=92 result=[28-] is correct

Test 28+:
    W0: [ 0,  1,  4,  8,  9, 13, 14, 17, 18, 20, 21] = [ 2,  3,  5,  6,  7, 10, 11, 12, 15, 16, 19]
    W1: [ 0,  1,  4, 19, 22, 23, 25, 26, 28, 29, 30, 33, 34] > [ 2,  3,  5,  6,  7, 17, 18, 20, 21, 24, 27, 31, 32]
    W2: [ 0,  1,  6,  7,  8,  9, 13, 14, 16, 19, 22, 23, 25, 32, 35, 39, 42] = [ 2,  3, 10, 11, 12, 17, 18, 20, 21, 24, 33, 34, 36, 37, 38, 40, 41]
    W3: [ 0,  3,  5,  8,  9, 15, 17, 18, 24, 26, 28, 31, 35, 40, 41, 43, 44] > [ 6,  7, 10, 14, 16, 19, 21, 23, 25, 27, 30, 32, 33, 34, 36, 42, 45]
    W4: [ 1,  2,  4,  7,  8, 10, 14, 17, 19, 23, 26, 30, 33, 35, 36, 43, 45, 46] < [ 3,  5,  6, 11, 13, 15, 16, 20, 21, 22, 25, 28, 29, 32, 37, 39, 40, 42]
    Truth table row=[=, >, =, >, <] ix=150 result=[28+] is correct

Test 29-:
    W0: [ 0,  1,  4,  8,  9, 13, 14, 17, 18, 20, 21] = [ 2,  3,  5,  6,  7, 10, 11, 12, 15, 16, 19]
    W1: [ 0,  1,  4, 19, 22, 23, 25, 26, 28, 29, 30, 33, 34] < [ 2,  3,  5,  6,  7, 17, 18, 20, 21, 24, 27, 31, 32]
    W2: [ 0,  1,  6,  7,  8,  9, 13, 14, 16, 19, 22, 23, 25, 32, 35, 39, 42] = [ 2,  3, 10, 11, 12, 17, 18, 20, 21, 24, 33, 34, 36, 37, 38, 40, 41]
    W3: [ 0,  3,  5,  8,  9, 15, 17, 18, 24, 26, 28, 31, 35, 40, 41, 43, 44] = [ 6,  7, 10, 14, 16, 19, 21, 23, 25, 27, 30, 32, 33, 34, 36, 42, 45]
    W4: [ 1,  2,  4,  7,  8, 10, 14, 17, 19, 23, 26, 30, 33, 35, 36, 43, 45, 46] > [ 3,  5,  6, 11, 13, 15, 16, 20, 21, 22, 25, 28, 29, 32, 37, 39, 40, 42]
    Truth table row=[=, <, =, =, >] ix=95 result=[29-] is correct

Test 29+:
    W0: [ 0,  1,  4,  8,  9, 13, 14, 17, 18, 20, 21] = [ 2,  3,  5,  6,  7, 10, 11, 12, 15, 16, 19]
    W1: [ 0,  1,  4, 19, 22, 23, 25, 26, 28, 29, 30, 33, 34] > [ 2,  3,  5,  6,  7, 17, 18, 20, 21, 24, 27, 31, 32]
    W2: [ 0,  1,  6,  7,  8,  9, 13, 14, 16, 19, 22, 23, 25, 32, 35, 39, 42] = [ 2,  3, 10, 11, 12, 17, 18, 20, 21, 24, 33, 34, 36, 37, 38, 40, 41]
    W3: [ 0,  3,  5,  8,  9, 15, 17, 18, 24, 26, 28, 31, 35, 40, 41, 43, 44] = [ 6,  7, 10, 14, 16, 19, 21, 23, 25, 27, 30, 32, 33, 34, 36, 42, 45]
    W4: [ 1,  2,  4,  7,  8, 10, 14, 17, 19, 23, 26, 30, 33, 35, 36, 43, 45, 46] < [ 3,  5,  6, 11, 13, 15, 16, 20, 21, 22, 25, 28, 29, 32, 37, 39, 40, 42]
    Truth table row=[=, >, =, =, <] ix=147 result=[29+] is correct

Test 30-:
    W0: [ 0,  1,  4,  8,  9, 13, 14, 17, 18, 20, 21] = [ 2,  3,  5,  6,  7, 10, 11, 12, 15, 16, 19]
    W1: [ 0,  1,  4, 19, 22, 23, 25, 26, 28, 29, 30, 33, 34] < [ 2,  3,  5,  6,  7, 17, 18, 20, 21, 24, 27, 31, 32]
    W2: [ 0,  1,  6,  7,  8,  9, 13, 14, 16, 19, 22, 23, 25, 32, 35, 39, 42] = [ 2,  3, 10, 11, 12, 17, 18, 20, 21, 24, 33, 34, 36, 37, 38, 40, 41]
    W3: [ 0,  3,  5,  8,  9, 15, 17, 18, 24, 26, 28, 31, 35, 40, 41, 43, 44] > [ 6,  7, 10, 14, 16, 19, 21, 23, 25, 27, 30, 32, 33, 34, 36, 42, 45]
    W4: [ 1,  2,  4,  7,  8, 10, 14, 17, 19, 23, 26, 30, 33, 35, 36, 43, 45, 46] < [ 3,  5,  6, 11, 13, 15, 16, 20, 21, 22, 25, 28, 29, 32, 37, 39, 40, 42]
    Truth table row=[=, <, =, >, <] ix=96 result=[30-] is correct

Test 30+:
    W0: [ 0,  1,  4,  8,  9, 13, 14, 17, 18, 20, 21] = [ 2,  3,  5,  6,  7, 10, 11, 12, 15, 16, 19]
    W1: [ 0,  1,  4, 19, 22, 23, 25, 26, 28, 29, 30, 33, 34] > [ 2,  3,  5,  6,  7, 17, 18, 20, 21, 24, 27, 31, 32]
    W2: [ 0,  1,  6,  7,  8,  9, 13, 14, 16, 19, 22, 23, 25, 32, 35, 39, 42] = [ 2,  3, 10, 11, 12, 17, 18, 20, 21, 24, 33, 34, 36, 37, 38, 40, 41]
    W3: [ 0,  3,  5,  8,  9, 15, 17, 18, 24, 26, 28, 31, 35, 40, 41, 43, 44] < [ 6,  7, 10, 14, 16, 19, 21, 23, 25, 27, 30, 32, 33, 34, 36, 42, 45]
    W4: [ 1,  2,  4,  7,  8, 10, 14, 17, 19, 23, 26, 30, 33, 35, 36, 43, 45, 46] > [ 3,  5,  6, 11, 13, 15, 16, 20, 21, 22, 25, 28, 29, 32, 37, 39, 40, 42]
    Truth table row=[=, >, =, <, >] ix=146 result=[30+] is correct

Test 31-:
    W0: [ 0,  1,  4,  8,  9, 13, 14, 17, 18, 20, 21] = [ 2,  3,  5,  6,  7, 10, 11, 12, 15, 16, 19]
    W1: [ 0,  1,  4, 19, 22, 23, 25, 26, 28, 29, 30, 33, 34] > [ 2,  3,  5,  6,  7, 17, 18, 20, 21, 24, 27, 31, 32]
    W2: [ 0,  1,  6,  7,  8,  9, 13, 14, 16, 19, 22, 23, 25, 32, 35, 39, 42] = [ 2,  3, 10, 11, 12, 17, 18, 20, 21, 24, 33, 34, 36, 37, 38, 40, 41]
    W3: [ 0,  3,  5,  8,  9, 15, 17, 18, 24, 26, 28, 31, 35, 40, 41, 43, 44] < [ 6,  7, 10, 14, 16, 19, 21, 23, 25, 27, 30, 32, 33, 34, 36, 42, 45]
    W4: [ 1,  2,  4,  7,  8, 10, 14, 17, 19, 23, 26, 30, 33, 35, 36, 43, 45, 46] = [ 3,  5,  6, 11, 13, 15, 16, 20, 21, 22, 25, 28, 29, 32, 37, 39, 40, 42]
    Truth table row=[=, >, =, <, =] ix=145 result=[31-] is correct

Test 31+:
    W0: [ 0,  1,  4,  8,  9, 13, 14, 17, 18, 20, 21] = [ 2,  3,  5,  6,  7, 10, 11, 12, 15, 16, 19]
    W1: [ 0,  1,  4, 19, 22, 23, 25, 26, 28, 29, 30, 33, 34] < [ 2,  3,  5,  6,  7, 17, 18, 20, 21, 24, 27, 31, 32]
    W2: [ 0,  1,  6,  7,  8,  9, 13, 14, 16, 19, 22, 23, 25, 32, 35, 39, 42] = [ 2,  3, 10, 11, 12, 17, 18, 20, 21, 24, 33, 34, 36, 37, 38, 40, 41]
    W3: [ 0,  3,  5,  8,  9, 15, 17, 18, 24, 26, 28, 31, 35, 40, 41, 43, 44] > [ 6,  7, 10, 14, 16, 19, 21, 23, 25, 27, 30, 32, 33, 34, 36, 42, 45]
    W4: [ 1,  2,  4,  7,  8, 10, 14, 17, 19, 23, 26, 30, 33, 35, 36, 43, 45, 46] = [ 3,  5,  6, 11, 13, 15, 16, 20, 21, 22, 25, 28, 29, 32, 37, 39, 40, 42]
    Truth table row=[=, <, =, >, =] ix=97 result=[31+] is correct

Test 32-:
    W0: [ 0,  1,  4,  8,  9, 13, 14, 17, 18, 20, 21] = [ 2,  3,  5,  6,  7, 10, 11, 12, 15, 16, 19]
    W1: [ 0,  1,  4, 19, 22, 23, 25, 26, 28, 29, 30, 33, 34] > [ 2,  3,  5,  6,  7, 17, 18, 20, 21, 24, 27, 31, 32]
    W2: [ 0,  1,  6,  7,  8,  9, 13, 14, 16, 19, 22, 23, 25, 32, 35, 39, 42] < [ 2,  3, 10, 11, 12, 17, 18, 20, 21, 24, 33, 34, 36, 37, 38, 40, 41]
    W3: [ 0,  3,  5,  8,  9, 15, 17, 18, 24, 26, 28, 31, 35, 40, 41, 43, 44] > [ 6,  7, 10, 14, 16, 19, 21, 23, 25, 27, 30, 32, 33, 34, 36, 42, 45]
    W4: [ 1,  2,  4,  7,  8, 10, 14, 17, 19, 23, 26, 30, 33, 35, 36, 43, 45, 46] > [ 3,  5,  6, 11, 13, 15, 16, 20, 21, 22, 25, 28, 29, 32, 37, 39, 40, 42]
    Truth table row=[=, >, <, >, >] ix=143 result=[32-] is correct

Test 32+:
    W0: [ 0,  1,  4,  8,  9, 13, 14, 17, 18, 20, 21] = [ 2,  3,  5,  6,  7, 10, 11, 12, 15, 16, 19]
    W1: [ 0,  1,  4, 19, 22, 23, 25, 26, 28, 29, 30, 33, 34] < [ 2,  3,  5,  6,  7, 17, 18, 20, 21, 24, 27, 31, 32]
    W2: [ 0,  1,  6,  7,  8,  9, 13, 14, 16, 19, 22, 23, 25, 32, 35, 39, 42] > [ 2,  3, 10, 11, 12, 17, 18, 20, 21, 24, 33, 34, 36, 37, 38, 40, 41]
    W3: [ 0,  3,  5,  8,  9, 15, 17, 18, 24, 26, 28, 31, 35, 40, 41, 43, 44] < [ 6,  7, 10, 14, 16, 19, 21, 23, 25, 27, 30, 32, 33, 34, 36, 42, 45]
    W4: [ 1,  2,  4,  7,  8, 10, 14, 17, 19, 23, 26, 30, 33, 35, 36, 43, 45, 46] < [ 3,  5,  6, 11, 13, 15, 16, 20, 21, 22, 25, 28, 29, 32, 37, 39, 40, 42]
    Truth table row=[=, <, >, <, <] ix=99 result=[32+] is correct

Test 33-:
    W0: [ 0,  1,  4,  8,  9, 13, 14, 17, 18, 20, 21] = [ 2,  3,  5,  6,  7, 10, 11, 12, 15, 16, 19]
    W1: [ 0,  1,  4, 19, 22, 23, 25, 26, 28, 29, 30, 33, 34] < [ 2,  3,  5,  6,  7, 17, 18, 20, 21, 24, 27, 31, 32]
    W2: [ 0,  1,  6,  7,  8,  9, 13, 14, 16, 19, 22, 23, 25, 32, 35, 39, 42] > [ 2,  3, 10, 11, 12, 17, 18, 20, 21, 24, 33, 34, 36, 37, 38, 40, 41]
    W3: [ 0,  3,  5,  8,  9, 15, 17, 18, 24, 26, 28, 31, 35, 40, 41, 43, 44] > [ 6,  7, 10, 14, 16, 19, 21, 23, 25, 27, 30, 32, 33, 34, 36, 42, 45]
    W4: [ 1,  2,  4,  7,  8, 10, 14, 17, 19, 23, 26, 30, 33, 35, 36, 43, 45, 46] < [ 3,  5,  6, 11, 13, 15, 16, 20, 21, 22, 25, 28, 29, 32, 37, 39, 40, 42]
    Truth table row=[=, <, >, >, <] ix=105 result=[33-] is correct

Test 33+:
    W0: [ 0,  1,  4,  8,  9, 13, 14, 17, 18, 20, 21] = [ 2,  3,  5,  6,  7, 10, 11, 12, 15, 16, 19]
    W1: [ 0,  1,  4, 19, 22, 23, 25, 26, 28, 29, 30, 33, 34] > [ 2,  3,  5,  6,  7, 17, 18, 20, 21, 24, 27, 31, 32]
    W2: [ 0,  1,  6,  7,  8,  9, 13, 14, 16, 19, 22, 23, 25, 32, 35, 39, 42] < [ 2,  3, 10, 11, 12, 17, 18, 20, 21, 24, 33, 34, 36, 37, 38, 40, 41]
    W3: [ 0,  3,  5,  8,  9, 15, 17, 18, 24, 26, 28, 31, 35, 40, 41, 43, 44] < [ 6,  7, 10, 14, 16, 19, 21, 23, 25, 27, 30, 32, 33, 34, 36, 42, 45]
    W4: [ 1,  2,  4,  7,  8, 10, 14, 17, 19, 23, 26, 30, 33, 35, 36, 43, 45, 46] > [ 3,  5,  6, 11, 13, 15, 16, 20, 21, 22, 25, 28, 29, 32, 37, 39, 40, 42]
    Truth table row=[=, >, <, <, >] ix=137 result=[33+] is correct

Test 34-:
    W0: [ 0,  1,  4,  8,  9, 13, 14, 17, 18, 20, 21] = [ 2,  3,  5,  6,  7, 10, 11, 12, 15, 16, 19]
    W1: [ 0,  1,  4, 19, 22, 23, 25, 26, 28, 29, 30, 33, 34] < [ 2,  3,  5,  6,  7, 17, 18, 20, 21, 24, 27, 31, 32]
    W2: [ 0,  1,  6,  7,  8,  9, 13, 14, 16, 19, 22, 23, 25, 32, 35, 39, 42] > [ 2,  3, 10, 11, 12, 17, 18, 20, 21, 24, 33, 34, 36, 37, 38, 40, 41]
    W3: [ 0,  3,  5,  8,  9, 15, 17, 18, 24, 26, 28, 31, 35, 40, 41, 43, 44] > [ 6,  7, 10, 14, 16, 19, 21, 23, 25, 27, 30, 32, 33, 34, 36, 42, 45]
    W4: [ 1,  2,  4,  7,  8, 10, 14, 17, 19, 23, 26, 30, 33, 35, 36, 43, 45, 46] = [ 3,  5,  6, 11, 13, 15, 16, 20, 21, 22, 25, 28, 29, 32, 37, 39, 40, 42]
    Truth table row=[=, <, >, >, =] ix=106 result=[34-] is correct

Test 34+:
    W0: [ 0,  1,  4,  8,  9, 13, 14, 17, 18, 20, 21] = [ 2,  3,  5,  6,  7, 10, 11, 12, 15, 16, 19]
    W1: [ 0,  1,  4, 19, 22, 23, 25, 26, 28, 29, 30, 33, 34] > [ 2,  3,  5,  6,  7, 17, 18, 20, 21, 24, 27, 31, 32]
    W2: [ 0,  1,  6,  7,  8,  9, 13, 14, 16, 19, 22, 23, 25, 32, 35, 39, 42] < [ 2,  3, 10, 11, 12, 17, 18, 20, 21, 24, 33, 34, 36, 37, 38, 40, 41]
    W3: [ 0,  3,  5,  8,  9, 15, 17, 18, 24, 26, 28, 31, 35, 40, 41, 43, 44] < [ 6,  7, 10, 14, 16, 19, 21, 23, 25, 27, 30, 32, 33, 34, 36, 42, 45]
    W4: [ 1,  2,  4,  7,  8, 10, 14, 17, 19, 23, 26, 30, 33, 35, 36, 43, 45, 46] = [ 3,  5,  6, 11, 13, 15, 16, 20, 21, 22, 25, 28, 29, 32, 37, 39, 40, 42]
    Truth table row=[=, >, <, <, =] ix=136 result=[34+] is correct

Test 35-:
    W0: [ 0,  1,  4,  8,  9, 13, 14, 17, 18, 20, 21] = [ 2,  3,  5,  6,  7, 10, 11, 12, 15, 16, 19]
    W1: [ 0,  1,  4, 19, 22, 23, 25, 26, 28, 29, 30, 33, 34] = [ 2,  3,  5,  6,  7, 17, 18, 20, 21, 24, 27, 31, 32]
    W2: [ 0,  1,  6,  7,  8,  9, 13, 14, 16, 19, 22, 23, 25, 32, 35, 39, 42] < [ 2,  3, 10, 11, 12, 17, 18, 20, 21, 24, 33, 34, 36, 37, 38, 40, 41]
    W3: [ 0,  3,  5,  8,  9, 15, 17, 18, 24, 26, 28, 31, 35, 40, 41, 43, 44] < [ 6,  7, 10, 14, 16, 19, 21, 23, 25, 27, 30, 32, 33, 34, 36, 42, 45]
    W4: [ 1,  2,  4,  7,  8, 10, 14, 17, 19, 23, 26, 30, 33, 35, 36, 43, 45, 46] < [ 3,  5,  6, 11, 13, 15, 16, 20, 21, 22, 25, 28, 29, 32, 37, 39, 40, 42]
    Truth table row=[=, =, <, <, <] ix=108 result=[35-] is correct

Test 35+:
    W0: [ 0,  1,  4,  8,  9, 13, 14, 17, 18, 20, 21] = [ 2,  3,  5,  6,  7, 10, 11, 12, 15, 16, 19]
    W1: [ 0,  1,  4, 19, 22, 23, 25, 26, 28, 29, 30, 33, 34] = [ 2,  3,  5,  6,  7, 17, 18, 20, 21, 24, 27, 31, 32]
    W2: [ 0,  1,  6,  7,  8,  9, 13, 14, 16, 19, 22, 23, 25, 32, 35, 39, 42] > [ 2,  3, 10, 11, 12, 17, 18, 20, 21, 24, 33, 34, 36, 37, 38, 40, 41]
    W3: [ 0,  3,  5,  8,  9, 15, 17, 18, 24, 26, 28, 31, 35, 40, 41, 43, 44] > [ 6,  7, 10, 14, 16, 19, 21, 23, 25, 27, 30, 32, 33, 34, 36, 42, 45]
    W4: [ 1,  2,  4,  7,  8, 10, 14, 17, 19, 23, 26, 30, 33, 35, 36, 43, 45, 46] > [ 3,  5,  6, 11, 13, 15, 16, 20, 21, 22, 25, 28, 29, 32, 37, 39, 40, 42]
    Truth table row=[=, =, >, >, >] ix=134 result=[35+] is correct

Test 36-:
    W0: [ 0,  1,  4,  8,  9, 13, 14, 17, 18, 20, 21] = [ 2,  3,  5,  6,  7, 10, 11, 12, 15, 16, 19]
    W1: [ 0,  1,  4, 19, 22, 23, 25, 26, 28, 29, 30, 33, 34] = [ 2,  3,  5,  6,  7, 17, 18, 20, 21, 24, 27, 31, 32]
    W2: [ 0,  1,  6,  7,  8,  9, 13, 14, 16, 19, 22, 23, 25, 32, 35, 39, 42] > [ 2,  3, 10, 11, 12, 17, 18, 20, 21, 24, 33, 34, 36, 37, 38, 40, 41]
    W3: [ 0,  3,  5,  8,  9, 15, 17, 18, 24, 26, 28, 31, 35, 40, 41, 43, 44] > [ 6,  7, 10, 14, 16, 19, 21, 23, 25, 27, 30, 32, 33, 34, 36, 42, 45]
    W4: [ 1,  2,  4,  7,  8, 10, 14, 17, 19, 23, 26, 30, 33, 35, 36, 43, 45, 46] < [ 3,  5,  6, 11, 13, 15, 16, 20, 21, 22, 25, 28, 29, 32, 37, 39, 40, 42]
    Truth table row=[=, =, >, >, <] ix=132 result=[36-] is correct

Test 36+:
    W0: [ 0,  1,  4,  8,  9, 13, 14, 17, 18, 20, 21] = [ 2,  3,  5,  6,  7, 10, 11, 12, 15, 16, 19]
    W1: [ 0,  1,  4, 19, 22, 23, 25, 26, 28, 29, 30, 33, 34] = [ 2,  3,  5,  6,  7, 17, 18, 20, 21, 24, 27, 31, 32]
    W2: [ 0,  1,  6,  7,  8,  9, 13, 14, 16, 19, 22, 23, 25, 32, 35, 39, 42] < [ 2,  3, 10, 11, 12, 17, 18, 20, 21, 24, 33, 34, 36, 37, 38, 40, 41]
    W3: [ 0,  3,  5,  8,  9, 15, 17, 18, 24, 26, 28, 31, 35, 40, 41, 43, 44] < [ 6,  7, 10, 14, 16, 19, 21, 23, 25, 27, 30, 32, 33, 34, 36, 42, 45]
    W4: [ 1,  2,  4,  7,  8, 10, 14, 17, 19, 23, 26, 30, 33, 35, 36, 43, 45, 46] > [ 3,  5,  6, 11, 13, 15, 16, 20, 21, 22, 25, 28, 29, 32, 37, 39, 40, 42]
    Truth table row=[=, =, <, <, >] ix=110 result=[36+] is correct

Test 37-:
    W0: [ 0,  1,  4,  8,  9, 13, 14, 17, 18, 20, 21] = [ 2,  3,  5,  6,  7, 10, 11, 12, 15, 16, 19]
    W1: [ 0,  1,  4, 19, 22, 23, 25, 26, 28, 29, 30, 33, 34] = [ 2,  3,  5,  6,  7, 17, 18, 20, 21, 24, 27, 31, 32]
    W2: [ 0,  1,  6,  7,  8,  9, 13, 14, 16, 19, 22, 23, 25, 32, 35, 39, 42] > [ 2,  3, 10, 11, 12, 17, 18, 20, 21, 24, 33, 34, 36, 37, 38, 40, 41]
    W3: [ 0,  3,  5,  8,  9, 15, 17, 18, 24, 26, 28, 31, 35, 40, 41, 43, 44] = [ 6,  7, 10, 14, 16, 19, 21, 23, 25, 27, 30, 32, 33, 34, 36, 42, 45]
    W4: [ 1,  2,  4,  7,  8, 10, 14, 17, 19, 23, 26, 30, 33, 35, 36, 43, 45, 46] > [ 3,  5,  6, 11, 13, 15, 16, 20, 21, 22, 25, 28, 29, 32, 37, 39, 40, 42]
    Truth table row=[=, =, >, =, >] ix=131 result=[37-] is correct

Test 37+:
    W0: [ 0,  1,  4,  8,  9, 13, 14, 17, 18, 20, 21] = [ 2,  3,  5,  6,  7, 10, 11, 12, 15, 16, 19]
    W1: [ 0,  1,  4, 19, 22, 23, 25, 26, 28, 29, 30, 33, 34] = [ 2,  3,  5,  6,  7, 17, 18, 20, 21, 24, 27, 31, 32]
    W2: [ 0,  1,  6,  7,  8,  9, 13, 14, 16, 19, 22, 23, 25, 32, 35, 39, 42] < [ 2,  3, 10, 11, 12, 17, 18, 20, 21, 24, 33, 34, 36, 37, 38, 40, 41]
    W3: [ 0,  3,  5,  8,  9, 15, 17, 18, 24, 26, 28, 31, 35, 40, 41, 43, 44] = [ 6,  7, 10, 14, 16, 19, 21, 23, 25, 27, 30, 32, 33, 34, 36, 42, 45]
    W4: [ 1,  2,  4,  7,  8, 10, 14, 17, 19, 23, 26, 30, 33, 35, 36, 43, 45, 46] < [ 3,  5,  6, 11, 13, 15, 16, 20, 21, 22, 25, 28, 29, 32, 37, 39, 40, 42]
    Truth table row=[=, =, <, =, <] ix=111 result=[37+] is correct

Test 38-:
    W0: [ 0,  1,  4,  8,  9, 13, 14, 17, 18, 20, 21] = [ 2,  3,  5,  6,  7, 10, 11, 12, 15, 16, 19]
    W1: [ 0,  1,  4, 19, 22, 23, 25, 26, 28, 29, 30, 33, 34] = [ 2,  3,  5,  6,  7, 17, 18, 20, 21, 24, 27, 31, 32]
    W2: [ 0,  1,  6,  7,  8,  9, 13, 14, 16, 19, 22, 23, 25, 32, 35, 39, 42] > [ 2,  3, 10, 11, 12, 17, 18, 20, 21, 24, 33, 34, 36, 37, 38, 40, 41]
    W3: [ 0,  3,  5,  8,  9, 15, 17, 18, 24, 26, 28, 31, 35, 40, 41, 43, 44] = [ 6,  7, 10, 14, 16, 19, 21, 23, 25, 27, 30, 32, 33, 34, 36, 42, 45]
    W4: [ 1,  2,  4,  7,  8, 10, 14, 17, 19, 23, 26, 30, 33, 35, 36, 43, 45, 46] = [ 3,  5,  6, 11, 13, 15, 16, 20, 21, 22, 25, 28, 29, 32, 37, 39, 40, 42]
    Truth table row=[=, =, >, =, =] ix=130 result=[38-] is correct

Test 38+:
    W0: [ 0,  1,  4,  8,  9, 13, 14, 17, 18, 20, 21] = [ 2,  3,  5,  6,  7, 10, 11, 12, 15, 16, 19]
    W1: [ 0,  1,  4, 19, 22, 23, 25, 26, 28, 29, 30, 33, 34] = [ 2,  3,  5,  6,  7, 17, 18, 20, 21, 24, 27, 31, 32]
    W2: [ 0,  1,  6,  7,  8,  9, 13, 14, 16, 19, 22, 23, 25, 32, 35, 39, 42] < [ 2,  3, 10, 11, 12, 17, 18, 20, 21, 24, 33, 34, 36, 37, 38, 40, 41]
    W3: [ 0,  3,  5,  8,  9, 15, 17, 18, 24, 26, 28, 31, 35, 40, 41, 43, 44] = [ 6,  7, 10, 14, 16, 19, 21, 23, 25, 27, 30, 32, 33, 34, 36, 42, 45]
    W4: [ 1,  2,  4,  7,  8, 10, 14, 17, 19, 23, 26, 30, 33, 35, 36, 43, 45, 46] = [ 3,  5,  6, 11, 13, 15, 16, 20, 21, 22, 25, 28, 29, 32, 37, 39, 40, 42]
    Truth table row=[=, =, <, =, =] ix=112 result=[38+] is correct

Test 39-:
    W0: [ 0,  1,  4,  8,  9, 13, 14, 17, 18, 20, 21] = [ 2,  3,  5,  6,  7, 10, 11, 12, 15, 16, 19]
    W1: [ 0,  1,  4, 19, 22, 23, 25, 26, 28, 29, 30, 33, 34] = [ 2,  3,  5,  6,  7, 17, 18, 20, 21, 24, 27, 31, 32]
    W2: [ 0,  1,  6,  7,  8,  9, 13, 14, 16, 19, 22, 23, 25, 32, 35, 39, 42] < [ 2,  3, 10, 11, 12, 17, 18, 20, 21, 24, 33, 34, 36, 37, 38, 40, 41]
    W3: [ 0,  3,  5,  8,  9, 15, 17, 18, 24, 26, 28, 31, 35, 40, 41, 43, 44] = [ 6,  7, 10, 14, 16, 19, 21, 23, 25, 27, 30, 32, 33, 34, 36, 42, 45]
    W4: [ 1,  2,  4,  7,  8, 10, 14, 17, 19, 23, 26, 30, 33, 35, 36, 43, 45, 46] > [ 3,  5,  6, 11, 13, 15, 16, 20, 21, 22, 25, 28, 29, 32, 37, 39, 40, 42]
    Truth table row=[=, =, <, =, >] ix=113 result=[39-] is correct

Test 39+:
    W0: [ 0,  1,  4,  8,  9, 13, 14, 17, 18, 20, 21] = [ 2,  3,  5,  6,  7, 10, 11, 12, 15, 16, 19]
    W1: [ 0,  1,  4, 19, 22, 23, 25, 26, 28, 29, 30, 33, 34] = [ 2,  3,  5,  6,  7, 17, 18, 20, 21, 24, 27, 31, 32]
    W2: [ 0,  1,  6,  7,  8,  9, 13, 14, 16, 19, 22, 23, 25, 32, 35, 39, 42] > [ 2,  3, 10, 11, 12, 17, 18, 20, 21, 24, 33, 34, 36, 37, 38, 40, 41]
    W3: [ 0,  3,  5,  8,  9, 15, 17, 18, 24, 26, 28, 31, 35, 40, 41, 43, 44] = [ 6,  7, 10, 14, 16, 19, 21, 23, 25, 27, 30, 32, 33, 34, 36, 42, 45]
    W4: [ 1,  2,  4,  7,  8, 10, 14, 17, 19, 23, 26, 30, 33, 35, 36, 43, 45, 46] < [ 3,  5,  6, 11, 13, 15, 16, 20, 21, 22, 25, 28, 29, 32, 37, 39, 40, 42]
    Truth table row=[=, =, >, =, <] ix=129 result=[39+] is correct

Test 40-:
    W0: [ 0,  1,  4,  8,  9, 13, 14, 17, 18, 20, 21] = [ 2,  3,  5,  6,  7, 10, 11, 12, 15, 16, 19]
    W1: [ 0,  1,  4, 19, 22, 23, 25, 26, 28, 29, 30, 33, 34] = [ 2,  3,  5,  6,  7, 17, 18, 20, 21, 24, 27, 31, 32]
    W2: [ 0,  1,  6,  7,  8,  9, 13, 14, 16, 19, 22, 23, 25, 32, 35, 39, 42] > [ 2,  3, 10, 11, 12, 17, 18, 20, 21, 24, 33, 34, 36, 37, 38, 40, 41]
    W3: [ 0,  3,  5,  8,  9, 15, 17, 18, 24, 26, 28, 31, 35, 40, 41, 43, 44] < [ 6,  7, 10, 14, 16, 19, 21, 23, 25, 27, 30, 32, 33, 34, 36, 42, 45]
    W4: [ 1,  2,  4,  7,  8, 10, 14, 17, 19, 23, 26, 30, 33, 35, 36, 43, 45, 46] > [ 3,  5,  6, 11, 13, 15, 16, 20, 21, 22, 25, 28, 29, 32, 37, 39, 40, 42]
    Truth table row=[=, =, >, <, >] ix=128 result=[40-] is correct

Test 40+:
    W0: [ 0,  1,  4,  8,  9, 13, 14, 17, 18, 20, 21] = [ 2,  3,  5,  6,  7, 10, 11, 12, 15, 16, 19]
    W1: [ 0,  1,  4, 19, 22, 23, 25, 26, 28, 29, 30, 33, 34] = [ 2,  3,  5,  6,  7, 17, 18, 20, 21, 24, 27, 31, 32]
    W2: [ 0,  1,  6,  7,  8,  9, 13, 14, 16, 19, 22, 23, 25, 32, 35, 39, 42] < [ 2,  3, 10, 11, 12, 17, 18, 20, 21, 24, 33, 34, 36, 37, 38, 40, 41]
    W3: [ 0,  3,  5,  8,  9, 15, 17, 18, 24, 26, 28, 31, 35, 40, 41, 43, 44] > [ 6,  7, 10, 14, 16, 19, 21, 23, 25, 27, 30, 32, 33, 34, 36, 42, 45]
    W4: [ 1,  2,  4,  7,  8, 10, 14, 17, 19, 23, 26, 30, 33, 35, 36, 43, 45, 46] < [ 3,  5,  6, 11, 13, 15, 16, 20, 21, 22, 25, 28, 29, 32, 37, 39, 40, 42]
    Truth table row=[=, =, <, >, <] ix=114 result=[40+] is correct

Test 41-:
    W0: [ 0,  1,  4,  8,  9, 13, 14, 17, 18, 20, 21] = [ 2,  3,  5,  6,  7, 10, 11, 12, 15, 16, 19]
    W1: [ 0,  1,  4, 19, 22, 23, 25, 26, 28, 29, 30, 33, 34] = [ 2,  3,  5,  6,  7, 17, 18, 20, 21, 24, 27, 31, 32]
    W2: [ 0,  1,  6,  7,  8,  9, 13, 14, 16, 19, 22, 23, 25, 32, 35, 39, 42] > [ 2,  3, 10, 11, 12, 17, 18, 20, 21, 24, 33, 34, 36, 37, 38, 40, 41]
    W3: [ 0,  3,  5,  8,  9, 15, 17, 18, 24, 26, 28, 31, 35, 40, 41, 43, 44] < [ 6,  7, 10, 14, 16, 19, 21, 23, 25, 27, 30, 32, 33, 34, 36, 42, 45]
    W4: [ 1,  2,  4,  7,  8, 10, 14, 17, 19, 23, 26, 30, 33, 35, 36, 43, 45, 46] = [ 3,  5,  6, 11, 13, 15, 16, 20, 21, 22, 25, 28, 29, 32, 37, 39, 40, 42]
    Truth table row=[=, =, >, <, =] ix=127 result=[41-] is correct

Test 41+:
    W0: [ 0,  1,  4,  8,  9, 13, 14, 17, 18, 20, 21] = [ 2,  3,  5,  6,  7, 10, 11, 12, 15, 16, 19]
    W1: [ 0,  1,  4, 19, 22, 23, 25, 26, 28, 29, 30, 33, 34] = [ 2,  3,  5,  6,  7, 17, 18, 20, 21, 24, 27, 31, 32]
    W2: [ 0,  1,  6,  7,  8,  9, 13, 14, 16, 19, 22, 23, 25, 32, 35, 39, 42] < [ 2,  3, 10, 11, 12, 17, 18, 20, 21, 24, 33, 34, 36, 37, 38, 40, 41]
    W3: [ 0,  3,  5,  8,  9, 15, 17, 18, 24, 26, 28, 31, 35, 40, 41, 43, 44] > [ 6,  7, 10, 14, 16, 19, 21, 23, 25, 27, 30, 32, 33, 34, 36, 42, 45]
    W4: [ 1,  2,  4,  7,  8, 10, 14, 17, 19, 23, 26, 30, 33, 35, 36, 43, 45, 46] = [ 3,  5,  6, 11, 13, 15, 16, 20, 21, 22, 25, 28, 29, 32, 37, 39, 40, 42]
    Truth table row=[=, =, <, >, =] ix=115 result=[41+] is correct

Test 42-:
    W0: [ 0,  1,  4,  8,  9, 13, 14, 17, 18, 20, 21] = [ 2,  3,  5,  6,  7, 10, 11, 12, 15, 16, 19]
    W1: [ 0,  1,  4, 19, 22, 23, 25, 26, 28, 29, 30, 33, 34] = [ 2,  3,  5,  6,  7, 17, 18, 20, 21, 24, 27, 31, 32]
    W2: [ 0,  1,  6,  7,  8,  9, 13, 14, 16, 19, 22, 23, 25, 32, 35, 39, 42] < [ 2,  3, 10, 11, 12, 17, 18, 20, 21, 24, 33, 34, 36, 37, 38, 40, 41]
    W3: [ 0,  3,  5,  8,  9, 15, 17, 18, 24, 26, 28, 31, 35, 40, 41, 43, 44] > [ 6,  7, 10, 14, 16, 19, 21, 23, 25, 27, 30, 32, 33, 34, 36, 42, 45]
    W4: [ 1,  2,  4,  7,  8, 10, 14, 17, 19, 23, 26, 30, 33, 35, 36, 43, 45, 46] > [ 3,  5,  6, 11, 13, 15, 16, 20, 21, 22, 25, 28, 29, 32, 37, 39, 40, 42]
    Truth table row=[=, =, <, >, >] ix=116 result=[42-] is correct

Test 42+:
    W0: [ 0,  1,  4,  8,  9, 13, 14, 17, 18, 20, 21] = [ 2,  3,  5,  6,  7, 10, 11, 12, 15, 16, 19]
    W1: [ 0,  1,  4, 19, 22, 23, 25, 26, 28, 29, 30, 33, 34] = [ 2,  3,  5,  6,  7, 17, 18, 20, 21, 24, 27, 31, 32]
    W2: [ 0,  1,  6,  7,  8,  9, 13, 14, 16, 19, 22, 23, 25, 32, 35, 39, 42] > [ 2,  3, 10, 11, 12, 17, 18, 20, 21, 24, 33, 34, 36, 37, 38, 40, 41]
    W3: [ 0,  3,  5,  8,  9, 15, 17, 18, 24, 26, 28, 31, 35, 40, 41, 43, 44] < [ 6,  7, 10, 14, 16, 19, 21, 23, 25, 27, 30, 32, 33, 34, 36, 42, 45]
    W4: [ 1,  2,  4,  7,  8, 10, 14, 17, 19, 23, 26, 30, 33, 35, 36, 43, 45, 46] < [ 3,  5,  6, 11, 13, 15, 16, 20, 21, 22, 25, 28, 29, 32, 37, 39, 40, 42]
    Truth table row=[=, =, >, <, <] ix=126 result=[42+] is correct

Test 43-:
    W0: [ 0,  1,  4,  8,  9, 13, 14, 17, 18, 20, 21] = [ 2,  3,  5,  6,  7, 10, 11, 12, 15, 16, 19]
    W1: [ 0,  1,  4, 19, 22, 23, 25, 26, 28, 29, 30, 33, 34] = [ 2,  3,  5,  6,  7, 17, 18, 20, 21, 24, 27, 31, 32]
    W2: [ 0,  1,  6,  7,  8,  9, 13, 14, 16, 19, 22, 23, 25, 32, 35, 39, 42] = [ 2,  3, 10, 11, 12, 17, 18, 20, 21, 24, 33, 34, 36, 37, 38, 40, 41]
    W3: [ 0,  3,  5,  8,  9, 15, 17, 18, 24, 26, 28, 31, 35, 40, 41, 43, 44] < [ 6,  7, 10, 14, 16, 19, 21, 23, 25, 27, 30, 32, 33, 34, 36, 42, 45]
    W4: [ 1,  2,  4,  7,  8, 10, 14, 17, 19, 23, 26, 30, 33, 35, 36, 43, 45, 46] < [ 3,  5,  6, 11, 13, 15, 16, 20, 21, 22, 25, 28, 29, 32, 37, 39, 40, 42]
    Truth table row=[=, =, =, <, <] ix=117 result=[43-] is correct

Test 43+:
    W0: [ 0,  1,  4,  8,  9, 13, 14, 17, 18, 20, 21] = [ 2,  3,  5,  6,  7, 10, 11, 12, 15, 16, 19]
    W1: [ 0,  1,  4, 19, 22, 23, 25, 26, 28, 29, 30, 33, 34] = [ 2,  3,  5,  6,  7, 17, 18, 20, 21, 24, 27, 31, 32]
    W2: [ 0,  1,  6,  7,  8,  9, 13, 14, 16, 19, 22, 23, 25, 32, 35, 39, 42] = [ 2,  3, 10, 11, 12, 17, 18, 20, 21, 24, 33, 34, 36, 37, 38, 40, 41]
    W3: [ 0,  3,  5,  8,  9, 15, 17, 18, 24, 26, 28, 31, 35, 40, 41, 43, 44] > [ 6,  7, 10, 14, 16, 19, 21, 23, 25, 27, 30, 32, 33, 34, 36, 42, 45]
    W4: [ 1,  2,  4,  7,  8, 10, 14, 17, 19, 23, 26, 30, 33, 35, 36, 43, 45, 46] > [ 3,  5,  6, 11, 13, 15, 16, 20, 21, 22, 25, 28, 29, 32, 37, 39, 40, 42]
    Truth table row=[=, =, =, >, >] ix=125 result=[43+] is correct

Test 44-:
    W0: [ 0,  1,  4,  8,  9, 13, 14, 17, 18, 20, 21] = [ 2,  3,  5,  6,  7, 10, 11, 12, 15, 16, 19]
    W1: [ 0,  1,  4, 19, 22, 23, 25, 26, 28, 29, 30, 33, 34] = [ 2,  3,  5,  6,  7, 17, 18, 20, 21, 24, 27, 31, 32]
    W2: [ 0,  1,  6,  7,  8,  9, 13, 14, 16, 19, 22, 23, 25, 32, 35, 39, 42] = [ 2,  3, 10, 11, 12, 17, 18, 20, 21, 24, 33, 34, 36, 37, 38, 40, 41]
    W3: [ 0,  3,  5,  8,  9, 15, 17, 18, 24, 26, 28, 31, 35, 40, 41, 43, 44] < [ 6,  7, 10, 14, 16, 19, 21, 23, 25, 27, 30, 32, 33, 34, 36, 42, 45]
    W4: [ 1,  2,  4,  7,  8, 10, 14, 17, 19, 23, 26, 30, 33, 35, 36, 43, 45, 46] = [ 3,  5,  6, 11, 13, 15, 16, 20, 21, 22, 25, 28, 29, 32, 37, 39, 40, 42]
    Truth table row=[=, =, =, <, =] ix=118 result=[44-] is correct

Test 44+:
    W0: [ 0,  1,  4,  8,  9, 13, 14, 17, 18, 20, 21] = [ 2,  3,  5,  6,  7, 10, 11, 12, 15, 16, 19]
    W1: [ 0,  1,  4, 19, 22, 23, 25, 26, 28, 29, 30, 33, 34] = [ 2,  3,  5,  6,  7, 17, 18, 20, 21, 24, 27, 31, 32]
    W2: [ 0,  1,  6,  7,  8,  9, 13, 14, 16, 19, 22, 23, 25, 32, 35, 39, 42] = [ 2,  3, 10, 11, 12, 17, 18, 20, 21, 24, 33, 34, 36, 37, 38, 40, 41]
    W3: [ 0,  3,  5,  8,  9, 15, 17, 18, 24, 26, 28, 31, 35, 40, 41, 43, 44] > [ 6,  7, 10, 14, 16, 19, 21, 23, 25, 27, 30, 32, 33, 34, 36, 42, 45]
    W4: [ 1,  2,  4,  7,  8, 10, 14, 17, 19, 23, 26, 30, 33, 35, 36, 43, 45, 46] = [ 3,  5,  6, 11, 13, 15, 16, 20, 21, 22, 25, 28, 29, 32, 37, 39, 40, 42]
    Truth table row=[=, =, =, >, =] ix=124 result=[44+] is correct

Test 45-:
    W0: [ 0,  1,  4,  8,  9, 13, 14, 17, 18, 20, 21] = [ 2,  3,  5,  6,  7, 10, 11, 12, 15, 16, 19]
    W1: [ 0,  1,  4, 19, 22, 23, 25, 26, 28, 29, 30, 33, 34] = [ 2,  3,  5,  6,  7, 17, 18, 20, 21, 24, 27, 31, 32]
    W2: [ 0,  1,  6,  7,  8,  9, 13, 14, 16, 19, 22, 23, 25, 32, 35, 39, 42] = [ 2,  3, 10, 11, 12, 17, 18, 20, 21, 24, 33, 34, 36, 37, 38, 40, 41]
    W3: [ 0,  3,  5,  8,  9, 15, 17, 18, 24, 26, 28, 31, 35, 40, 41, 43, 44] > [ 6,  7, 10, 14, 16, 19, 21, 23, 25, 27, 30, 32, 33, 34, 36, 42, 45]
    W4: [ 1,  2,  4,  7,  8, 10, 14, 17, 19, 23, 26, 30, 33, 35, 36, 43, 45, 46] < [ 3,  5,  6, 11, 13, 15, 16, 20, 21, 22, 25, 28, 29, 32, 37, 39, 40, 42]
    Truth table row=[=, =, =, >, <] ix=123 result=[45-] is correct

Test 45+:
    W0: [ 0,  1,  4,  8,  9, 13, 14, 17, 18, 20, 21] = [ 2,  3,  5,  6,  7, 10, 11, 12, 15, 16, 19]
    W1: [ 0,  1,  4, 19, 22, 23, 25, 26, 28, 29, 30, 33, 34] = [ 2,  3,  5,  6,  7, 17, 18, 20, 21, 24, 27, 31, 32]
    W2: [ 0,  1,  6,  7,  8,  9, 13, 14, 16, 19, 22, 23, 25, 32, 35, 39, 42] = [ 2,  3, 10, 11, 12, 17, 18, 20, 21, 24, 33, 34, 36, 37, 38, 40, 41]
    W3: [ 0,  3,  5,  8,  9, 15, 17, 18, 24, 26, 28, 31, 35, 40, 41, 43, 44] < [ 6,  7, 10, 14, 16, 19, 21, 23, 25, 27, 30, 32, 33, 34, 36, 42, 45]
    W4: [ 1,  2,  4,  7,  8, 10, 14, 17, 19, 23, 26, 30, 33, 35, 36, 43, 45, 46] > [ 3,  5,  6, 11, 13, 15, 16, 20, 21, 22, 25, 28, 29, 32, 37, 39, 40, 42]
    Truth table row=[=, =, =, <, >] ix=119 result=[45+] is correct

Test 46-:
    W0: [ 0,  1,  4,  8,  9, 13, 14, 17, 18, 20, 21] = [ 2,  3,  5,  6,  7, 10, 11, 12, 15, 16, 19]
    W1: [ 0,  1,  4, 19, 22, 23, 25, 26, 28, 29, 30, 33, 34] = [ 2,  3,  5,  6,  7, 17, 18, 20, 21, 24, 27, 31, 32]
    W2: [ 0,  1,  6,  7,  8,  9, 13, 14, 16, 19, 22, 23, 25, 32, 35, 39, 42] = [ 2,  3, 10, 11, 12, 17, 18, 20, 21, 24, 33, 34, 36, 37, 38, 40, 41]
    W3: [ 0,  3,  5,  8,  9, 15, 17, 18, 24, 26, 28, 31, 35, 40, 41, 43, 44] = [ 6,  7, 10, 14, 16, 19, 21, 23, 25, 27, 30, 32, 33, 34, 36, 42, 45]
    W4: [ 1,  2,  4,  7,  8, 10, 14, 17, 19, 23, 26, 30, 33, 35, 36, 43, 45, 46] < [ 3,  5,  6, 11, 13, 15, 16, 20, 21, 22, 25, 28, 29, 32, 37, 39, 40, 42]
    Truth table row=[=, =, =, =, <] ix=120 result=[46-] is correct

Test 46+:
    W0: [ 0,  1,  4,  8,  9, 13, 14, 17, 18, 20, 21] = [ 2,  3,  5,  6,  7, 10, 11, 12, 15, 16, 19]
    W1: [ 0,  1,  4, 19, 22, 23, 25, 26, 28, 29, 30, 33, 34] = [ 2,  3,  5,  6,  7, 17, 18, 20, 21, 24, 27, 31, 32]
    W2: [ 0,  1,  6,  7,  8,  9, 13, 14, 16, 19, 22, 23, 25, 32, 35, 39, 42] = [ 2,  3, 10, 11, 12, 17, 18, 20, 21, 24, 33, 34, 36, 37, 38, 40, 41]
    W3: [ 0,  3,  5,  8,  9, 15, 17, 18, 24, 26, 28, 31, 35, 40, 41, 43, 44] = [ 6,  7, 10, 14, 16, 19, 21, 23, 25, 27, 30, 32, 33, 34, 36, 42, 45]
    W4: [ 1,  2,  4,  7,  8, 10, 14, 17, 19, 23, 26, 30, 33, 35, 36, 43, 45, 46] > [ 3,  5,  6, 11, 13, 15, 16, 20, 21, 22, 25, 28, 29, 32, 37, 39, 40, 42]
    Truth table row=[=, =, =, =, >] ix=122 result=[46+] is correct

Total correct results: 94
Total incorrect results: 0
