Solving for 16 balls and 5 weighings.
Using symmetry breaking strategy TruthTableAscending.

Solution:
W0: [ 0,  1,  6,  7] <=> [ 2,  3,  4,  5]
W1: [ 0,  1,  8,  9] <=> [ 2,  3,  6,  7]
W2: [ 0,  1,  3, 11, 12, 14] <=> [ 4,  5,  7, 10, 13, 15]
W3: [ 0,  7, 11, 15] <=> [ 4,  6,  9, 10]
W4: [ 1,  5,  6,  9, 12] <=> [ 7,  8, 11, 14, 15]

Truth Table:
ix  W0  W1  W2  W3  W4   Result
 0   <   <   <   <   <
 1   <   <   <   <   =   0-
 2   <   <   <   <   >
 3   <   <   <   =   <   1-
 4   <   <   <   =   =
 5   <   <   <   =   >
 6   <   <   <   >   <
 7   <   <   <   >   =
 8   <   <   <   >   >
 9   <   <   =   <   <
10   <   <   =   <   =
11   <   <   =   <   >
12   <   <   =   =   <
13   <   <   =   =   =   2+
14   <   <   =   =   >
15   <   <   =   >   <
16   <   <   =   >   =
17   <   <   =   >   >
18   <   <   >   <   <
19   <   <   >   <   =
20   <   <   >   <   >
21   <   <   >   =   <
22   <   <   >   =   =   3+
23   <   <   >   =   >
24   <   <   >   >   <
25   <   <   >   >   =
26   <   <   >   >   >
27   <   =   <   <   <
28   <   =   <   <   =   4+
29   <   =   <   <   >
30   <   =   <   =   <
31   <   =   <   =   =
32   <   =   <   =   >   5+
33   <   =   <   >   <
34   <   =   <   >   =
35   <   =   <   >   >
36   <   =   =   <   <
37   <   =   =   <   =
38   <   =   =   <   >
39   <   =   =   =   <
40   <   =   =   =   =
41   <   =   =   =   >
42   <   =   =   >   <
43   <   =   =   >   =
44   <   =   =   >   >
45   <   =   >   <   <
46   <   =   >   <   =
47   <   =   >   <   >
48   <   =   >   =   <
49   <   =   >   =   =
50   <   =   >   =   >
51   <   =   >   >   <
52   <   =   >   >   =
53   <   =   >   >   >
54   <   >   <   <   <
55   <   >   <   <   =
56   <   >   <   <   >
57   <   >   <   =   <
58   <   >   <   =   =
59   <   >   <   =   >
60   <   >   <   >   <
61   <   >   <   >   =
62   <   >   <   >   >
63   <   >   =   <   <
64   <   >   =   <   =
65   <   >   =   <   >
66   <   >   =   =   <
67   <   >   =   =   =
68   <   >   =   =   >
69   <   >   =   >   <   6-
70   <   >   =   >   =
71   <   >   =   >   >
72   <   >   >   <   <
73   <   >   >   <   =
74   <   >   >   <   >   7-
75   <   >   >   =   <
76   <   >   >   =   =
77   <   >   >   =   >
78   <   >   >   >   <
79   <   >   >   >   =
80   <   >   >   >   >
81   =   <   <   <   <
82   =   <   <   <   =
83   =   <   <   <   >
84   =   <   <   =   <
85   =   <   <   =   =
86   =   <   <   =   >
87   =   <   <   >   <
88   =   <   <   >   =
89   =   <   <   >   >
90   =   <   =   <   <
91   =   <   =   <   =
92   =   <   =   <   >
93   =   <   =   =   <
94   =   <   =   =   =
95   =   <   =   =   >   8-
96   =   <   =   >   <   9-
97   =   <   =   >   =
98   =   <   =   >   >
99   =   <   >   <   <
100   =   <   >   <   =
101   =   <   >   <   >
102   =   <   >   =   <
103   =   <   >   =   =
104   =   <   >   =   >
105   =   <   >   >   <
106   =   <   >   >   =
107   =   <   >   >   >
108   =   =   <   <   <
109   =   =   <   <   =   10+
110   =   =   <   <   >   11-
111   =   =   <   =   <   12-
112   =   =   <   =   =   13+
113   =   =   <   =   >   14-
114   =   =   <   >   <   15+
115   =   =   <   >   =
116   =   =   <   >   >
117   =   =   =   <   <
118   =   =   =   <   =
119   =   =   =   <   >
120   =   =   =   =   <
121   =   =   =   =   =
122   =   =   =   =   >
123   =   =   =   >   <
124   =   =   =   >   =
125   =   =   =   >   >
126   =   =   >   <   <
127   =   =   >   <   =
128   =   =   >   <   >   15-
129   =   =   >   =   <   14+
130   =   =   >   =   =   13-
131   =   =   >   =   >   12+
132   =   =   >   >   <   11+
133   =   =   >   >   =   10-
134   =   =   >   >   >
135   =   >   <   <   <
136   =   >   <   <   =
137   =   >   <   <   >
138   =   >   <   =   <
139   =   >   <   =   =
140   =   >   <   =   >
141   =   >   <   >   <
142   =   >   <   >   =
143   =   >   <   >   >
144   =   >   =   <   <
145   =   >   =   <   =
146   =   >   =   <   >   9+
147   =   >   =   =   <   8+
148   =   >   =   =   =
149   =   >   =   =   >
150   =   >   =   >   <
151   =   >   =   >   =
152   =   >   =   >   >
153   =   >   >   <   <
154   =   >   >   <   =
155   =   >   >   <   >
156   =   >   >   =   <
157   =   >   >   =   =
158   =   >   >   =   >
159   =   >   >   >   <
160   =   >   >   >   =
161   =   >   >   >   >
162   >   <   <   <   <
163   >   <   <   <   =
164   >   <   <   <   >
165   >   <   <   =   <
166   >   <   <   =   =
167   >   <   <   =   >
168   >   <   <   >   <   7+
169   >   <   <   >   =
170   >   <   <   >   >
171   >   <   =   <   <
172   >   <   =   <   =
173   >   <   =   <   >   6+
174   >   <   =   =   <
175   >   <   =   =   =
176   >   <   =   =   >
177   >   <   =   >   <
178   >   <   =   >   =
179   >   <   =   >   >
180   >   <   >   <   <
181   >   <   >   <   =
182   >   <   >   <   >
183   >   <   >   =   <
184   >   <   >   =   =
185   >   <   >   =   >
186   >   <   >   >   <
187   >   <   >   >   =
188   >   <   >   >   >
189   >   =   <   <   <
190   >   =   <   <   =
191   >   =   <   <   >
192   >   =   <   =   <
193   >   =   <   =   =
194   >   =   <   =   >
195   >   =   <   >   <
196   >   =   <   >   =
197   >   =   <   >   >
198   >   =   =   <   <
199   >   =   =   <   =
200   >   =   =   <   >
201   >   =   =   =   <
202   >   =   =   =   =
203   >   =   =   =   >
204   >   =   =   >   <
205   >   =   =   >   =
206   >   =   =   >   >
207   >   =   >   <   <
208   >   =   >   <   =
209   >   =   >   <   >
210   >   =   >   =   <   5-
211   >   =   >   =   =
212   >   =   >   =   >
213   >   =   >   >   <
214   >   =   >   >   =   4-
215   >   =   >   >   >
216   >   >   <   <   <
217   >   >   <   <   =
218   >   >   <   <   >
219   >   >   <   =   <
220   >   >   <   =   =   3-
221   >   >   <   =   >
222   >   >   <   >   <
223   >   >   <   >   =
224   >   >   <   >   >
225   >   >   =   <   <
226   >   >   =   <   =
227   >   >   =   <   >
228   >   >   =   =   <
229   >   >   =   =   =   2-
230   >   >   =   =   >
231   >   >   =   >   <
232   >   >   =   >   =
233   >   >   =   >   >
234   >   >   >   <   <
235   >   >   >   <   =
236   >   >   >   <   >
237   >   >   >   =   <
238   >   >   >   =   =
239   >   >   >   =   >   1+
240   >   >   >   >   <
241   >   >   >   >   =   0+
242   >   >   >   >   >

Test 0-:
    W0: [ 0,  1,  6,  7] < [ 2,  3,  4,  5]
    W1: [ 0,  1,  8,  9] < [ 2,  3,  6,  7]
    W2: [ 0,  1,  3, 11, 12, 14] < [ 4,  5,  7, 10, 13, 15]
    W3: [ 0,  7, 11, 15] < [ 4,  6,  9, 10]
    W4: [ 1,  5,  6,  9, 12] = [ 7,  8, 11, 14, 15]
    Truth table row=[<, <, <, <, =] ix=1 result=[0-] is correct

Test 0+:
    W0: [ 0,  1,  6,  7] > [ 2,  3,  4,  5]
    W1: [ 0,  1,  8,  9] > [ 2,  3,  6,  7]
    W2: [ 0,  1,  3, 11, 12, 14] > [ 4,  5,  7, 10, 13, 15]
    W3: [ 0,  7, 11, 15] > [ 4,  6,  9, 10]
    W4: [ 1,  5,  6,  9, 12] = [ 7,  8, 11, 14, 15]
    Truth table row=[>, >, >, >, =] ix=241 result=[0+] is correct

Test 1-:
    W0: [ 0,  1,  6,  7] < [ 2,  3,  4,  5]
    W1: [ 0,  1,  8,  9] < [ 2,  3,  6,  7]
    W2: [ 0,  1,  3, 11, 12, 14] < [ 4,  5,  7, 10, 13, 15]
    W3: [ 0,  7, 11, 15] = [ 4,  6,  9, 10]
    W4: [ 1,  5,  6,  9, 12] < [ 7,  8, 11, 14, 15]
    Truth table row=[<, <, <, =, <] ix=3 result=[1-] is correct

Test 1+:
    W0: [ 0,  1,  6,  7] > [ 2,  3,  4,  5]
    W1: [ 0,  1,  8,  9] > [ 2,  3,  6,  7]
    W2: [ 0,  1,  3, 11, 12, 14] > [ 4,  5,  7, 10, 13, 15]
    W3: [ 0,  7, 11, 15] = [ 4,  6,  9, 10]
    W4: [ 1,  5,  6,  9, 12] > [ 7,  8, 11, 14, 15]
    Truth table row=[>, >, >, =, >] ix=239 result=[1+] is correct

Test 2-:
    W0: [ 0,  1,  6,  7] > [ 2,  3,  4,  5]
    W1: [ 0,  1,  8,  9] > [ 2,  3,  6,  7]
    W2: [ 0,  1,  3, 11, 12, 14] = [ 4,  5,  7, 10, 13, 15]
    W3: [ 0,  7, 11, 15] = [ 4,  6,  9, 10]
    W4: [ 1,  5,  6,  9, 12] = [ 7,  8, 11, 14, 15]
    Truth table row=[>, >, =, =, =] ix=229 result=[2-] is correct

Test 2+:
    W0: [ 0,  1,  6,  7] < [ 2,  3,  4,  5]
    W1: [ 0,  1,  8,  9] < [ 2,  3,  6,  7]
    W2: [ 0,  1,  3, 11, 12, 14] = [ 4,  5,  7, 10, 13, 15]
    W3: [ 0,  7, 11, 15] = [ 4,  6,  9, 10]
    W4: [ 1,  5,  6,  9, 12] = [ 7,  8, 11, 14, 15]
    Truth table row=[<, <, =, =, =] ix=13 result=[2+] is correct

Test 3-:
    W0: [ 0,  1,  6,  7] > [ 2,  3,  4,  5]
    W1: [ 0,  1,  8,  9] > [ 2,  3,  6,  7]
    W2: [ 0,  1,  3, 11, 12, 14] < [ 4,  5,  7, 10, 13, 15]
    W3: [ 0,  7, 11, 15] = [ 4,  6,  9, 10]
    W4: [ 1,  5,  6,  9, 12] = [ 7,  8, 11, 14, 15]
    Truth table row=[>, >, <, =, =] ix=220 result=[3-] is correct

Test 3+:
    W0: [ 0,  1,  6,  7] < [ 2,  3,  4,  5]
    W1: [ 0,  1,  8,  9] < [ 2,  3,  6,  7]
    W2: [ 0,  1,  3, 11, 12, 14] > [ 4,  5,  7, 10, 13, 15]
    W3: [ 0,  7, 11, 15] = [ 4,  6,  9, 10]
    W4: [ 1,  5,  6,  9, 12] = [ 7,  8, 11, 14, 15]
    Truth table row=[<, <, >, =, =] ix=22 result=[3+] is correct

Test 4-:
    W0: [ 0,  1,  6,  7] > [ 2,  3,  4,  5]
    W1: [ 0,  1,  8,  9] = [ 2,  3,  6,  7]
    W2: [ 0,  1,  3, 11, 12, 14] > [ 4,  5,  7, 10, 13, 15]
    W3: [ 0,  7, 11, 15] > [ 4,  6,  9, 10]
    W4: [ 1,  5,  6,  9, 12] = [ 7,  8, 11, 14, 15]
    Truth table row=[>, =, >, >, =] ix=214 result=[4-] is correct

Test 4+:
    W0: [ 0,  1,  6,  7] < [ 2,  3,  4,  5]
    W1: [ 0,  1,  8,  9] = [ 2,  3,  6,  7]
    W2: [ 0,  1,  3, 11, 12, 14] < [ 4,  5,  7, 10, 13, 15]
    W3: [ 0,  7, 11, 15] < [ 4,  6,  9, 10]
    W4: [ 1,  5,  6,  9, 12] = [ 7,  8, 11, 14, 15]
    Truth table row=[<, =, <, <, =] ix=28 result=[4+] is correct

Test 5-:
    W0: [ 0,  1,  6,  7] > [ 2,  3,  4,  5]
    W1: [ 0,  1,  8,  9] = [ 2,  3,  6,  7]
    W2: [ 0,  1,  3, 11, 12, 14] > [ 4,  5,  7, 10, 13, 15]
    W3: [ 0,  7, 11, 15] = [ 4,  6,  9, 10]
    W4: [ 1,  5,  6,  9, 12] < [ 7,  8, 11, 14, 15]
    Truth table row=[>, =, >, =, <] ix=210 result=[5-] is correct

Test 5+:
    W0: [ 0,  1,  6,  7] < [ 2,  3,  4,  5]
    W1: [ 0,  1,  8,  9] = [ 2,  3,  6,  7]
    W2: [ 0,  1,  3, 11, 12, 14] < [ 4,  5,  7, 10, 13, 15]
    W3: [ 0,  7, 11, 15] = [ 4,  6,  9, 10]
    W4: [ 1,  5,  6,  9, 12] > [ 7,  8, 11, 14, 15]
    Truth table row=[<, =, <, =, >] ix=32 result=[5+] is correct

Test 6-:
    W0: [ 0,  1,  6,  7] < [ 2,  3,  4,  5]
    W1: [ 0,  1,  8,  9] > [ 2,  3,  6,  7]
    W2: [ 0,  1,  3, 11, 12, 14] = [ 4,  5,  7, 10, 13, 15]
    W3: [ 0,  7, 11, 15] > [ 4,  6,  9, 10]
    W4: [ 1,  5,  6,  9, 12] < [ 7,  8, 11, 14, 15]
    Truth table row=[<, >, =, >, <] ix=69 result=[6-] is correct

Test 6+:
    W0: [ 0,  1,  6,  7] > [ 2,  3,  4,  5]
    W1: [ 0,  1,  8,  9] < [ 2,  3,  6,  7]
    W2: [ 0,  1,  3, 11, 12, 14] = [ 4,  5,  7, 10, 13, 15]
    W3: [ 0,  7, 11, 15] < [ 4,  6,  9, 10]
    W4: [ 1,  5,  6,  9, 12] > [ 7,  8, 11, 14, 15]
    Truth table row=[>, <, =, <, >] ix=173 result=[6+] is correct

Test 7-:
    W0: [ 0,  1,  6,  7] < [ 2,  3,  4,  5]
    W1: [ 0,  1,  8,  9] > [ 2,  3,  6,  7]
    W2: [ 0,  1,  3, 11, 12, 14] > [ 4,  5,  7, 10, 13, 15]
    W3: [ 0,  7, 11, 15] < [ 4,  6,  9, 10]
    W4: [ 1,  5,  6,  9, 12] > [ 7,  8, 11, 14, 15]
    Truth table row=[<, >, >, <, >] ix=74 result=[7-] is correct

Test 7+:
    W0: [ 0,  1,  6,  7] > [ 2,  3,  4,  5]
    W1: [ 0,  1,  8,  9] < [ 2,  3,  6,  7]
    W2: [ 0,  1,  3, 11, 12, 14] < [ 4,  5,  7, 10, 13, 15]
    W3: [ 0,  7, 11, 15] > [ 4,  6,  9, 10]
    W4: [ 1,  5,  6,  9, 12] < [ 7,  8, 11, 14, 15]
    Truth table row=[>, <, <, >, <] ix=168 result=[7+] is correct

Test 8-:
    W0: [ 0,  1,  6,  7] = [ 2,  3,  4,  5]
    W1: [ 0,  1,  8,  9] < [ 2,  3,  6,  7]
    W2: [ 0,  1,  3, 11, 12, 14] = [ 4,  5,  7, 10, 13, 15]
    W3: [ 0,  7, 11, 15] = [ 4,  6,  9, 10]
    W4: [ 1,  5,  6,  9, 12] > [ 7,  8, 11, 14, 15]
    Truth table row=[=, <, =, =, >] ix=95 result=[8-] is correct

Test 8+:
    W0: [ 0,  1,  6,  7] = [ 2,  3,  4,  5]
    W1: [ 0,  1,  8,  9] > [ 2,  3,  6,  7]
    W2: [ 0,  1,  3, 11, 12, 14] = [ 4,  5,  7, 10, 13, 15]
    W3: [ 0,  7, 11, 15] = [ 4,  6,  9, 10]
    W4: [ 1,  5,  6,  9, 12] < [ 7,  8, 11, 14, 15]
    Truth table row=[=, >, =, =, <] ix=147 result=[8+] is correct

Test 9-:
    W0: [ 0,  1,  6,  7] = [ 2,  3,  4,  5]
    W1: [ 0,  1,  8,  9] < [ 2,  3,  6,  7]
    W2: [ 0,  1,  3, 11, 12, 14] = [ 4,  5,  7, 10, 13, 15]
    W3: [ 0,  7, 11, 15] > [ 4,  6,  9, 10]
    W4: [ 1,  5,  6,  9, 12] < [ 7,  8, 11, 14, 15]
    Truth table row=[=, <, =, >, <] ix=96 result=[9-] is correct

Test 9+:
    W0: [ 0,  1,  6,  7] = [ 2,  3,  4,  5]
    W1: [ 0,  1,  8,  9] > [ 2,  3,  6,  7]
    W2: [ 0,  1,  3, 11, 12, 14] = [ 4,  5,  7, 10, 13, 15]
    W3: [ 0,  7, 11, 15] < [ 4,  6,  9, 10]
    W4: [ 1,  5,  6,  9, 12] > [ 7,  8, 11, 14, 15]
    Truth table row=[=, >, =, <, >] ix=146 result=[9+] is correct

Test 10-:
    W0: [ 0,  1,  6,  7] = [ 2,  3,  4,  5]
    W1: [ 0,  1,  8,  9] = [ 2,  3,  6,  7]
    W2: [ 0,  1,  3, 11, 12, 14] > [ 4,  5,  7, 10, 13, 15]
    W3: [ 0,  7, 11, 15] > [ 4,  6,  9, 10]
    W4: [ 1,  5,  6,  9, 12] = [ 7,  8, 11, 14, 15]
    Truth table row=[=, =, >, >, =] ix=133 result=[10-] is correct

Test 10+:
    W0: [ 0,  1,  6,  7] = [ 2,  3,  4,  5]
    W1: [ 0,  1,  8,  9] = [ 2,  3,  6,  7]
    W2: [ 0,  1,  3, 11, 12, 14] < [ 4,  5,  7, 10, 13, 15]
    W3: [ 0,  7, 11, 15] < [ 4,  6,  9, 10]
    W4: [ 1,  5,  6,  9, 12] = [ 7,  8, 11, 14, 15]
    Truth table row=[=, =, <, <, =] ix=109 result=[10+] is correct

Test 11-:
    W0: [ 0,  1,  6,  7] = [ 2,  3,  4,  5]
    W1: [ 0,  1,  8,  9] = [ 2,  3,  6,  7]
    W2: [ 0,  1,  3, 11, 12, 14] < [ 4,  5,  7, 10, 13, 15]
    W3: [ 0,  7, 11, 15] < [ 4,  6,  9, 10]
    W4: [ 1,  5,  6,  9, 12] > [ 7,  8, 11, 14, 15]
    Truth table row=[=, =, <, <, >] ix=110 result=[11-] is correct

Test 11+:
    W0: [ 0,  1,  6,  7] = [ 2,  3,  4,  5]
    W1: [ 0,  1,  8,  9] = [ 2,  3,  6,  7]
    W2: [ 0,  1,  3, 11, 12, 14] > [ 4,  5,  7, 10, 13, 15]
    W3: [ 0,  7, 11, 15] > [ 4,  6,  9, 10]
    W4: [ 1,  5,  6,  9, 12] < [ 7,  8, 11, 14, 15]
    Truth table row=[=, =, >, >, <] ix=132 result=[11+] is correct

Test 12-:
    W0: [ 0,  1,  6,  7] = [ 2,  3,  4,  5]
    W1: [ 0,  1,  8,  9] = [ 2,  3,  6,  7]
    W2: [ 0,  1,  3, 11, 12, 14] < [ 4,  5,  7, 10, 13, 15]
    W3: [ 0,  7, 11, 15] = [ 4,  6,  9, 10]
    W4: [ 1,  5,  6,  9, 12] < [ 7,  8, 11, 14, 15]
    Truth table row=[=, =, <, =, <] ix=111 result=[12-] is correct

Test 12+:
    W0: [ 0,  1,  6,  7] = [ 2,  3,  4,  5]
    W1: [ 0,  1,  8,  9] = [ 2,  3,  6,  7]
    W2: [ 0,  1,  3, 11, 12, 14] > [ 4,  5,  7, 10, 13, 15]
    W3: [ 0,  7, 11, 15] = [ 4,  6,  9, 10]
    W4: [ 1,  5,  6,  9, 12] > [ 7,  8, 11, 14, 15]
    Truth table row=[=, =, >, =, >] ix=131 result=[12+] is correct

Test 13-:
    W0: [ 0,  1,  6,  7] = [ 2,  3,  4,  5]
    W1: [ 0,  1,  8,  9] = [ 2,  3,  6,  7]
    W2: [ 0,  1,  3, 11, 12, 14] > [ 4,  5,  7, 10, 13, 15]
    W3: [ 0,  7, 11, 15] = [ 4,  6,  9, 10]
    W4: [ 1,  5,  6,  9, 12] = [ 7,  8, 11, 14, 15]
    Truth table row=[=, =, >, =, =] ix=130 result=[13-] is correct

Test 13+:
    W0: [ 0,  1,  6,  7] = [ 2,  3,  4,  5]
    W1: [ 0,  1,  8,  9] = [ 2,  3,  6,  7]
    W2: [ 0,  1,  3, 11, 12, 14] < [ 4,  5,  7, 10, 13, 15]
    W3: [ 0,  7, 11, 15] = [ 4,  6,  9, 10]
    W4: [ 1,  5,  6,  9, 12] = [ 7,  8, 11, 14, 15]
    Truth table row=[=, =, <, =, =] ix=112 result=[13+] is correct

Test 14-:
    W0: [ 0,  1,  6,  7] = [ 2,  3,  4,  5]
    W1: [ 0,  1,  8,  9] = [ 2,  3,  6,  7]
    W2: [ 0,  1,  3, 11, 12, 14] < [ 4,  5,  7, 10, 13, 15]
    W3: [ 0,  7, 11, 15] = [ 4,  6,  9, 10]
    W4: [ 1,  5,  6,  9, 12] > [ 7,  8, 11, 14, 15]
    Truth table row=[=, =, <, =, >] ix=113 result=[14-] is correct

Test 14+:
    W0: [ 0,  1,  6,  7] = [ 2,  3,  4,  5]
    W1: [ 0,  1,  8,  9] = [ 2,  3,  6,  7]
    W2: [ 0,  1,  3, 11, 12, 14] > [ 4,  5,  7, 10, 13, 15]
    W3: [ 0,  7, 11, 15] = [ 4,  6,  9, 10]
    W4: [ 1,  5,  6,  9, 12] < [ 7,  8, 11, 14, 15]
    Truth table row=[=, =, >, =, <] ix=129 result=[14+] is correct

Test 15-:
    W0: [ 0,  1,  6,  7] = [ 2,  3,  4,  5]
    W1: [ 0,  1,  8,  9] = [ 2,  3,  6,  7]
    W2: [ 0,  1,  3, 11, 12, 14] > [ 4,  5,  7, 10, 13, 15]
    W3: [ 0,  7, 11, 15] < [ 4,  6,  9, 10]
    W4: [ 1,  5,  6,  9, 12] > [ 7,  8, 11, 14, 15]
    Truth table row=[=, =, >, <, >] ix=128 result=[15-] is correct

Test 15+:
    W0: [ 0,  1,  6,  7] = [ 2,  3,  4,  5]
    W1: [ 0,  1,  8,  9] = [ 2,  3,  6,  7]
    W2: [ 0,  1,  3, 11, 12, 14] < [ 4,  5,  7, 10, 13, 15]
    W3: [ 0,  7, 11, 15] > [ 4,  6,  9, 10]
    W4: [ 1,  5,  6,  9, 12] < [ 7,  8, 11, 14, 15]
    Truth table row=[=, =, <, >, <] ix=114 result=[15+] is correct

Total correct results: 32
Total incorrect results: 0
