Solving for 40 balls and 5 weighings.
Using symmetry breaking strategy TruthTableAscending.

Solution:
W0: [ 0,  1,  3,  6,  8, 10, 16, 17, 18, 19, 20, 22, 25, 28, 29] <=> [ 2,  4,  5,  7,  9, 11, 12, 13, 14, 15, 21, 23, 24, 26, 27]
W1: [ 0,  1,  3,  6,  8, 10, 16, 17, 26, 27, 30, 31, 32] <=> [ 2,  4,  5,  7,  9, 11, 12, 13, 14, 15, 25, 28, 29]
W2: [ 0,  1,  3,  6,  8, 15, 18, 19, 20, 22, 25, 30, 34] <=> [ 2,  4,  5,  7, 16, 17, 21, 23, 29, 32, 33, 35, 36]
W3: [ 0,  1,  7, 10, 18, 19, 20, 23, 24, 27, 31, 35, 36] <=> [ 2,  6,  8,  9, 11, 17, 22, 28, 29, 30, 32, 37, 38]
W4: [ 0,  2,  3,  5,  6, 11, 14, 18, 22, 24, 25, 31, 36, 38] <=> [ 8,  9, 12, 15, 17, 20, 21, 28, 29, 30, 32, 34, 37, 39]

Truth Table:
ix  W0  W1  W2  W3  W4   Result
 0   <   <   <   <   <   0-
 1   <   <   <   <   =   1-
 2   <   <   <   <   >   2+
 3   <   <   <   =   <   3-
 4   <   <   <   =   =   4+
 5   <   <   <   =   >   5+
 6   <   <   <   >   <   6-
 7   <   <   <   >   =   7+
 8   <   <   <   >   >   8-
 9   <   <   =   <   <   9+
10   <   <   =   <   =   10-
11   <   <   =   <   >   11+
12   <   <   =   =   <   12+
13   <   <   =   =   =   13+
14   <   <   =   =   >   14+
15   <   <   =   >   <
16   <   <   =   >   =
17   <   <   =   >   >
18   <   <   >   <   <
19   <   <   >   <   =
20   <   <   >   <   >
21   <   <   >   =   <   15+
22   <   <   >   =   =   16-
23   <   <   >   =   >
24   <   <   >   >   <
25   <   <   >   >   =
26   <   <   >   >   >   17-
27   <   =   <   <   <   18-
28   <   =   <   <   =   19-
29   <   =   <   <   >   20-
30   <   =   <   =   <   21+
31   <   =   <   =   =
32   <   =   <   =   >
33   <   =   <   >   <   22-
34   <   =   <   >   =   23+
35   <   =   <   >   >
36   <   =   =   <   <
37   <   =   =   <   =
38   <   =   =   <   >
39   <   =   =   =   <
40   <   =   =   =   =
41   <   =   =   =   >
42   <   =   =   >   <
43   <   =   =   >   =
44   <   =   =   >   >   24+
45   <   =   >   <   <
46   <   =   >   <   =
47   <   =   >   <   >
48   <   =   >   =   <
49   <   =   >   =   =
50   <   =   >   =   >
51   <   =   >   >   <
52   <   =   >   >   =
53   <   =   >   >   >
54   <   >   <   <   <
55   <   >   <   <   =
56   <   >   <   <   >
57   <   >   <   =   <   25-
58   <   >   <   =   =
59   <   >   <   =   >
60   <   >   <   >   <
61   <   >   <   >   =
62   <   >   <   >   >
63   <   >   =   <   <
64   <   >   =   <   =
65   <   >   =   <   >
66   <   >   =   =   <
67   <   >   =   =   =   26+
68   <   >   =   =   >
69   <   >   =   >   <
70   <   >   =   >   =   27+
71   <   >   =   >   >   28-
72   <   >   >   <   <
73   <   >   >   <   =
74   <   >   >   <   >
75   <   >   >   =   <
76   <   >   >   =   =
77   <   >   >   =   >
78   <   >   >   >   <
79   <   >   >   >   =
80   <   >   >   >   >   29-
81   =   <   <   <   <
82   =   <   <   <   =
83   =   <   <   <   >
84   =   <   <   =   <
85   =   <   <   =   =
86   =   <   <   =   >
87   =   <   <   >   <
88   =   <   <   >   =
89   =   <   <   >   >   30-
90   =   <   =   <   <   31-
91   =   <   =   <   =
92   =   <   =   <   >
93   =   <   =   =   <
94   =   <   =   =   =
95   =   <   =   =   >
96   =   <   =   >   <
97   =   <   =   >   =
98   =   <   =   >   >
99   =   <   >   <   <
100   =   <   >   <   =
101   =   <   >   <   >
102   =   <   >   =   <
103   =   <   >   =   =
104   =   <   >   =   >
105   =   <   >   >   <
106   =   <   >   >   =
107   =   <   >   >   >   32-
108   =   =   <   <   <
109   =   =   <   <   =
110   =   =   <   <   >
111   =   =   <   =   <
112   =   =   <   =   =   33+
113   =   =   <   =   >   34-
114   =   =   <   >   <
115   =   =   <   >   =   35+
116   =   =   <   >   >   36+
117   =   =   =   <   <   37+
118   =   =   =   <   =
119   =   =   =   <   >   38+
120   =   =   =   =   <   39+
121   =   =   =   =   =
122   =   =   =   =   >   39-
123   =   =   =   >   <   38-
124   =   =   =   >   =
125   =   =   =   >   >   37-
126   =   =   >   <   <   36-
127   =   =   >   <   =   35-
128   =   =   >   <   >
129   =   =   >   =   <   34+
130   =   =   >   =   =   33-
131   =   =   >   =   >
132   =   =   >   >   <
133   =   =   >   >   =
134   =   =   >   >   >
135   =   >   <   <   <   32+
136   =   >   <   <   =
137   =   >   <   <   >
138   =   >   <   =   <
139   =   >   <   =   =
140   =   >   <   =   >
141   =   >   <   >   <
142   =   >   <   >   =
143   =   >   <   >   >
144   =   >   =   <   <
145   =   >   =   <   =
146   =   >   =   <   >
147   =   >   =   =   <
148   =   >   =   =   =
149   =   >   =   =   >
150   =   >   =   >   <
151   =   >   =   >   =
152   =   >   =   >   >   31+
153   =   >   >   <   <   30+
154   =   >   >   <   =
155   =   >   >   <   >
156   =   >   >   =   <
157   =   >   >   =   =
158   =   >   >   =   >
159   =   >   >   >   <
160   =   >   >   >   =
161   =   >   >   >   >
162   >   <   <   <   <   29+
163   >   <   <   <   =
164   >   <   <   <   >
165   >   <   <   =   <
166   >   <   <   =   =
167   >   <   <   =   >
168   >   <   <   >   <
169   >   <   <   >   =
170   >   <   <   >   >
171   >   <   =   <   <   28+
172   >   <   =   <   =   27-
173   >   <   =   <   >
174   >   <   =   =   <
175   >   <   =   =   =   26-
176   >   <   =   =   >
177   >   <   =   >   <
178   >   <   =   >   =
179   >   <   =   >   >
180   >   <   >   <   <
181   >   <   >   <   =
182   >   <   >   <   >
183   >   <   >   =   <
184   >   <   >   =   =
185   >   <   >   =   >   25+
186   >   <   >   >   <
187   >   <   >   >   =
188   >   <   >   >   >
189   >   =   <   <   <
190   >   =   <   <   =
191   >   =   <   <   >
192   >   =   <   =   <
193   >   =   <   =   =
194   >   =   <   =   >
195   >   =   <   >   <
196   >   =   <   >   =
197   >   =   <   >   >
198   >   =   =   <   <   24-
199   >   =   =   <   =
200   >   =   =   <   >
201   >   =   =   =   <
202   >   =   =   =   =
203   >   =   =   =   >
204   >   =   =   >   <
205   >   =   =   >   =
206   >   =   =   >   >
207   >   =   >   <   <
208   >   =   >   <   =   23-
209   >   =   >   <   >   22+
210   >   =   >   =   <
211   >   =   >   =   =
212   >   =   >   =   >   21-
213   >   =   >   >   <   20+
214   >   =   >   >   =   19+
215   >   =   >   >   >   18+
216   >   >   <   <   <   17+
217   >   >   <   <   =
218   >   >   <   <   >
219   >   >   <   =   <
220   >   >   <   =   =   16+
221   >   >   <   =   >   15-
222   >   >   <   >   <
223   >   >   <   >   =
224   >   >   <   >   >
225   >   >   =   <   <
226   >   >   =   <   =
227   >   >   =   <   >
228   >   >   =   =   <   14-
229   >   >   =   =   =   13-
230   >   >   =   =   >   12-
231   >   >   =   >   <   11-
232   >   >   =   >   =   10+
233   >   >   =   >   >   9-
234   >   >   >   <   <   8+
235   >   >   >   <   =   7-
236   >   >   >   <   >   6+
237   >   >   >   =   <   5-
238   >   >   >   =   =   4-
239   >   >   >   =   >   3+
240   >   >   >   >   <   2-
241   >   >   >   >   =   1+
242   >   >   >   >   >   0+

Test 0-:
    W0: [ 0,  1,  3,  6,  8, 10, 16, 17, 18, 19, 20, 22, 25, 28, 29] < [ 2,  4,  5,  7,  9, 11, 12, 13, 14, 15, 21, 23, 24, 26, 27]
    W1: [ 0,  1,  3,  6,  8, 10, 16, 17, 26, 27, 30, 31, 32] < [ 2,  4,  5,  7,  9, 11, 12, 13, 14, 15, 25, 28, 29]
    W2: [ 0,  1,  3,  6,  8, 15, 18, 19, 20, 22, 25, 30, 34] < [ 2,  4,  5,  7, 16, 17, 21, 23, 29, 32, 33, 35, 36]
    W3: [ 0,  1,  7, 10, 18, 19, 20, 23, 24, 27, 31, 35, 36] < [ 2,  6,  8,  9, 11, 17, 22, 28, 29, 30, 32, 37, 38]
    W4: [ 0,  2,  3,  5,  6, 11, 14, 18, 22, 24, 25, 31, 36, 38] < [ 8,  9, 12, 15, 17, 20, 21, 28, 29, 30, 32, 34, 37, 39]
    Truth table row=[<, <, <, <, <] ix=0 result=[0-] is correct

Test 0+:
    W0: [ 0,  1,  3,  6,  8, 10, 16, 17, 18, 19, 20, 22, 25, 28, 29] > [ 2,  4,  5,  7,  9, 11, 12, 13, 14, 15, 21, 23, 24, 26, 27]
    W1: [ 0,  1,  3,  6,  8, 10, 16, 17, 26, 27, 30, 31, 32] > [ 2,  4,  5,  7,  9, 11, 12, 13, 14, 15, 25, 28, 29]
    W2: [ 0,  1,  3,  6,  8, 15, 18, 19, 20, 22, 25, 30, 34] > [ 2,  4,  5,  7, 16, 17, 21, 23, 29, 32, 33, 35, 36]
    W3: [ 0,  1,  7, 10, 18, 19, 20, 23, 24, 27, 31, 35, 36] > [ 2,  6,  8,  9, 11, 17, 22, 28, 29, 30, 32, 37, 38]
    W4: [ 0,  2,  3,  5,  6, 11, 14, 18, 22, 24, 25, 31, 36, 38] > [ 8,  9, 12, 15, 17, 20, 21, 28, 29, 30, 32, 34, 37, 39]
    Truth table row=[>, >, >, >, >] ix=242 result=[0+] is correct

Test 1-:
    W0: [ 0,  1,  3,  6,  8, 10, 16, 17, 18, 19, 20, 22, 25, 28, 29] < [ 2,  4,  5,  7,  9, 11, 12, 13, 14, 15, 21, 23, 24, 26, 27]
    W1: [ 0,  1,  3,  6,  8, 10, 16, 17, 26, 27, 30, 31, 32] < [ 2,  4,  5,  7,  9, 11, 12, 13, 14, 15, 25, 28, 29]
    W2: [ 0,  1,  3,  6,  8, 15, 18, 19, 20, 22, 25, 30, 34] < [ 2,  4,  5,  7, 16, 17, 21, 23, 29, 32, 33, 35, 36]
    W3: [ 0,  1,  7, 10, 18, 19, 20, 23, 24, 27, 31, 35, 36] < [ 2,  6,  8,  9, 11, 17, 22, 28, 29, 30, 32, 37, 38]
    W4: [ 0,  2,  3,  5,  6, 11, 14, 18, 22, 24, 25, 31, 36, 38] = [ 8,  9, 12, 15, 17, 20, 21, 28, 29, 30, 32, 34, 37, 39]
    Truth table row=[<, <, <, <, =] ix=1 result=[1-] is correct

Test 1+:
    W0: [ 0,  1,  3,  6,  8, 10, 16, 17, 18, 19, 20, 22, 25, 28, 29] > [ 2,  4,  5,  7,  9, 11, 12, 13, 14, 15, 21, 23, 24, 26, 27]
    W1: [ 0,  1,  3,  6,  8, 10, 16, 17, 26, 27, 30, 31, 32] > [ 2,  4,  5,  7,  9, 11, 12, 13, 14, 15, 25, 28, 29]
    W2: [ 0,  1,  3,  6,  8, 15, 18, 19, 20, 22, 25, 30, 34] > [ 2,  4,  5,  7, 16, 17, 21, 23, 29, 32, 33, 35, 36]
    W3: [ 0,  1,  7, 10, 18, 19, 20, 23, 24, 27, 31, 35, 36] > [ 2,  6,  8,  9, 11, 17, 22, 28, 29, 30, 32, 37, 38]
    W4: [ 0,  2,  3,  5,  6, 11, 14, 18, 22, 24, 25, 31, 36, 38] = [ 8,  9, 12, 15, 17, 20, 21, 28, 29, 30, 32, 34, 37, 39]
    Truth table row=[>, >, >, >, =] ix=241 result=[1+] is correct

Test 2-:
    W0: [ 0,  1,  3,  6,  8, 10, 16, 17, 18, 19, 20, 22, 25, 28, 29] > [ 2,  4,  5,  7,  9, 11, 12, 13, 14, 15, 21, 23, 24, 26, 27]
    W1: [ 0,  1,  3,  6,  8, 10, 16, 17, 26, 27, 30, 31, 32] > [ 2,  4,  5,  7,  9, 11, 12, 13, 14, 15, 25, 28, 29]
    W2: [ 0,  1,  3,  6,  8, 15, 18, 19, 20, 22, 25, 30, 34] > [ 2,  4,  5,  7, 16, 17, 21, 23, 29, 32, 33, 35, 36]
    W3: [ 0,  1,  7, 10, 18, 19, 20, 23, 24, 27, 31, 35, 36] > [ 2,  6,  8,  9, 11, 17, 22, 28, 29, 30, 32, 37, 38]
    W4: [ 0,  2,  3,  5,  6, 11, 14, 18, 22, 24, 25, 31, 36, 38] < [ 8,  9, 12, 15, 17, 20, 21, 28, 29, 30, 32, 34, 37, 39]
    Truth table row=[>, >, >, >, <] ix=240 result=[2-] is correct

Test 2+:
    W0: [ 0,  1,  3,  6,  8, 10, 16, 17, 18, 19, 20, 22, 25, 28, 29] < [ 2,  4,  5,  7,  9, 11, 12, 13, 14, 15, 21, 23, 24, 26, 27]
    W1: [ 0,  1,  3,  6,  8, 10, 16, 17, 26, 27, 30, 31, 32] < [ 2,  4,  5,  7,  9, 11, 12, 13, 14, 15, 25, 28, 29]
    W2: [ 0,  1,  3,  6,  8, 15, 18, 19, 20, 22, 25, 30, 34] < [ 2,  4,  5,  7, 16, 17, 21, 23, 29, 32, 33, 35, 36]
    W3: [ 0,  1,  7, 10, 18, 19, 20, 23, 24, 27, 31, 35, 36] < [ 2,  6,  8,  9, 11, 17, 22, 28, 29, 30, 32, 37, 38]
    W4: [ 0,  2,  3,  5,  6, 11, 14, 18, 22, 24, 25, 31, 36, 38] > [ 8,  9, 12, 15, 17, 20, 21, 28, 29, 30, 32, 34, 37, 39]
    Truth table row=[<, <, <, <, >] ix=2 result=[2+] is correct

Test 3-:
    W0: [ 0,  1,  3,  6,  8, 10, 16, 17, 18, 19, 20, 22, 25, 28, 29] < [ 2,  4,  5,  7,  9, 11, 12, 13, 14, 15, 21, 23, 24, 26, 27]
    W1: [ 0,  1,  3,  6,  8, 10, 16, 17, 26, 27, 30, 31, 32] < [ 2,  4,  5,  7,  9, 11, 12, 13, 14, 15, 25, 28, 29]
    W2: [ 0,  1,  3,  6,  8, 15, 18, 19, 20, 22, 25, 30, 34] < [ 2,  4,  5,  7, 16, 17, 21, 23, 29, 32, 33, 35, 36]
    W3: [ 0,  1,  7, 10, 18, 19, 20, 23, 24, 27, 31, 35, 36] = [ 2,  6,  8,  9, 11, 17, 22, 28, 29, 30, 32, 37, 38]
    W4: [ 0,  2,  3,  5,  6, 11, 14, 18, 22, 24, 25, 31, 36, 38] < [ 8,  9, 12, 15, 17, 20, 21, 28, 29, 30, 32, 34, 37, 39]
    Truth table row=[<, <, <, =, <] ix=3 result=[3-] is correct

Test 3+:
    W0: [ 0,  1,  3,  6,  8, 10, 16, 17, 18, 19, 20, 22, 25, 28, 29] > [ 2,  4,  5,  7,  9, 11, 12, 13, 14, 15, 21, 23, 24, 26, 27]
    W1: [ 0,  1,  3,  6,  8, 10, 16, 17, 26, 27, 30, 31, 32] > [ 2,  4,  5,  7,  9, 11, 12, 13, 14, 15, 25, 28, 29]
    W2: [ 0,  1,  3,  6,  8, 15, 18, 19, 20, 22, 25, 30, 34] > [ 2,  4,  5,  7, 16, 17, 21, 23, 29, 32, 33, 35, 36]
    W3: [ 0,  1,  7, 10, 18, 19, 20, 23, 24, 27, 31, 35, 36] = [ 2,  6,  8,  9, 11, 17, 22, 28, 29, 30, 32, 37, 38]
    W4: [ 0,  2,  3,  5,  6, 11, 14, 18, 22, 24, 25, 31, 36, 38] > [ 8,  9, 12, 15, 17, 20, 21, 28, 29, 30, 32, 34, 37, 39]
    Truth table row=[>, >, >, =, >] ix=239 result=[3+] is correct

Test 4-:
    W0: [ 0,  1,  3,  6,  8, 10, 16, 17, 18, 19, 20, 22, 25, 28, 29] > [ 2,  4,  5,  7,  9, 11, 12, 13, 14, 15, 21, 23, 24, 26, 27]
    W1: [ 0,  1,  3,  6,  8, 10, 16, 17, 26, 27, 30, 31, 32] > [ 2,  4,  5,  7,  9, 11, 12, 13, 14, 15, 25, 28, 29]
    W2: [ 0,  1,  3,  6,  8, 15, 18, 19, 20, 22, 25, 30, 34] > [ 2,  4,  5,  7, 16, 17, 21, 23, 29, 32, 33, 35, 36]
    W3: [ 0,  1,  7, 10, 18, 19, 20, 23, 24, 27, 31, 35, 36] = [ 2,  6,  8,  9, 11, 17, 22, 28, 29, 30, 32, 37, 38]
    W4: [ 0,  2,  3,  5,  6, 11, 14, 18, 22, 24, 25, 31, 36, 38] = [ 8,  9, 12, 15, 17, 20, 21, 28, 29, 30, 32, 34, 37, 39]
    Truth table row=[>, >, >, =, =] ix=238 result=[4-] is correct

Test 4+:
    W0: [ 0,  1,  3,  6,  8, 10, 16, 17, 18, 19, 20, 22, 25, 28, 29] < [ 2,  4,  5,  7,  9, 11, 12, 13, 14, 15, 21, 23, 24, 26, 27]
    W1: [ 0,  1,  3,  6,  8, 10, 16, 17, 26, 27, 30, 31, 32] < [ 2,  4,  5,  7,  9, 11, 12, 13, 14, 15, 25, 28, 29]
    W2: [ 0,  1,  3,  6,  8, 15, 18, 19, 20, 22, 25, 30, 34] < [ 2,  4,  5,  7, 16, 17, 21, 23, 29, 32, 33, 35, 36]
    W3: [ 0,  1,  7, 10, 18, 19, 20, 23, 24, 27, 31, 35, 36] = [ 2,  6,  8,  9, 11, 17, 22, 28, 29, 30, 32, 37, 38]
    W4: [ 0,  2,  3,  5,  6, 11, 14, 18, 22, 24, 25, 31, 36, 38] = [ 8,  9, 12, 15, 17, 20, 21, 28, 29, 30, 32, 34, 37, 39]
    Truth table row=[<, <, <, =, =] ix=4 result=[4+] is correct

Test 5-:
    W0: [ 0,  1,  3,  6,  8, 10, 16, 17, 18, 19, 20, 22, 25, 28, 29] > [ 2,  4,  5,  7,  9, 11, 12, 13, 14, 15, 21, 23, 24, 26, 27]
    W1: [ 0,  1,  3,  6,  8, 10, 16, 17, 26, 27, 30, 31, 32] > [ 2,  4,  5,  7,  9, 11, 12, 13, 14, 15, 25, 28, 29]
    W2: [ 0,  1,  3,  6,  8, 15, 18, 19, 20, 22, 25, 30, 34] > [ 2,  4,  5,  7, 16, 17, 21, 23, 29, 32, 33, 35, 36]
    W3: [ 0,  1,  7, 10, 18, 19, 20, 23, 24, 27, 31, 35, 36] = [ 2,  6,  8,  9, 11, 17, 22, 28, 29, 30, 32, 37, 38]
    W4: [ 0,  2,  3,  5,  6, 11, 14, 18, 22, 24, 25, 31, 36, 38] < [ 8,  9, 12, 15, 17, 20, 21, 28, 29, 30, 32, 34, 37, 39]
    Truth table row=[>, >, >, =, <] ix=237 result=[5-] is correct

Test 5+:
    W0: [ 0,  1,  3,  6,  8, 10, 16, 17, 18, 19, 20, 22, 25, 28, 29] < [ 2,  4,  5,  7,  9, 11, 12, 13, 14, 15, 21, 23, 24, 26, 27]
    W1: [ 0,  1,  3,  6,  8, 10, 16, 17, 26, 27, 30, 31, 32] < [ 2,  4,  5,  7,  9, 11, 12, 13, 14, 15, 25, 28, 29]
    W2: [ 0,  1,  3,  6,  8, 15, 18, 19, 20, 22, 25, 30, 34] < [ 2,  4,  5,  7, 16, 17, 21, 23, 29, 32, 33, 35, 36]
    W3: [ 0,  1,  7, 10, 18, 19, 20, 23, 24, 27, 31, 35, 36] = [ 2,  6,  8,  9, 11, 17, 22, 28, 29, 30, 32, 37, 38]
    W4: [ 0,  2,  3,  5,  6, 11, 14, 18, 22, 24, 25, 31, 36, 38] > [ 8,  9, 12, 15, 17, 20, 21, 28, 29, 30, 32, 34, 37, 39]
    Truth table row=[<, <, <, =, >] ix=5 result=[5+] is correct

Test 6-:
    W0: [ 0,  1,  3,  6,  8, 10, 16, 17, 18, 19, 20, 22, 25, 28, 29] < [ 2,  4,  5,  7,  9, 11, 12, 13, 14, 15, 21, 23, 24, 26, 27]
    W1: [ 0,  1,  3,  6,  8, 10, 16, 17, 26, 27, 30, 31, 32] < [ 2,  4,  5,  7,  9, 11, 12, 13, 14, 15, 25, 28, 29]
    W2: [ 0,  1,  3,  6,  8, 15, 18, 19, 20, 22, 25, 30, 34] < [ 2,  4,  5,  7, 16, 17, 21, 23, 29, 32, 33, 35, 36]
    W3: [ 0,  1,  7, 10, 18, 19, 20, 23, 24, 27, 31, 35, 36] > [ 2,  6,  8,  9, 11, 17, 22, 28, 29, 30, 32, 37, 38]
    W4: [ 0,  2,  3,  5,  6, 11, 14, 18, 22, 24, 25, 31, 36, 38] < [ 8,  9, 12, 15, 17, 20, 21, 28, 29, 30, 32, 34, 37, 39]
    Truth table row=[<, <, <, >, <] ix=6 result=[6-] is correct

Test 6+:
    W0: [ 0,  1,  3,  6,  8, 10, 16, 17, 18, 19, 20, 22, 25, 28, 29] > [ 2,  4,  5,  7,  9, 11, 12, 13, 14, 15, 21, 23, 24, 26, 27]
    W1: [ 0,  1,  3,  6,  8, 10, 16, 17, 26, 27, 30, 31, 32] > [ 2,  4,  5,  7,  9, 11, 12, 13, 14, 15, 25, 28, 29]
    W2: [ 0,  1,  3,  6,  8, 15, 18, 19, 20, 22, 25, 30, 34] > [ 2,  4,  5,  7, 16, 17, 21, 23, 29, 32, 33, 35, 36]
    W3: [ 0,  1,  7, 10, 18, 19, 20, 23, 24, 27, 31, 35, 36] < [ 2,  6,  8,  9, 11, 17, 22, 28, 29, 30, 32, 37, 38]
    W4: [ 0,  2,  3,  5,  6, 11, 14, 18, 22, 24, 25, 31, 36, 38] > [ 8,  9, 12, 15, 17, 20, 21, 28, 29, 30, 32, 34, 37, 39]
    Truth table row=[>, >, >, <, >] ix=236 result=[6+] is correct

Test 7-:
    W0: [ 0,  1,  3,  6,  8, 10, 16, 17, 18, 19, 20, 22, 25, 28, 29] > [ 2,  4,  5,  7,  9, 11, 12, 13, 14, 15, 21, 23, 24, 26, 27]
    W1: [ 0,  1,  3,  6,  8, 10, 16, 17, 26, 27, 30, 31, 32] > [ 2,  4,  5,  7,  9, 11, 12, 13, 14, 15, 25, 28, 29]
    W2: [ 0,  1,  3,  6,  8, 15, 18, 19, 20, 22, 25, 30, 34] > [ 2,  4,  5,  7, 16, 17, 21, 23, 29, 32, 33, 35, 36]
    W3: [ 0,  1,  7, 10, 18, 19, 20, 23, 24, 27, 31, 35, 36] < [ 2,  6,  8,  9, 11, 17, 22, 28, 29, 30, 32, 37, 38]
    W4: [ 0,  2,  3,  5,  6, 11, 14, 18, 22, 24, 25, 31, 36, 38] = [ 8,  9, 12, 15, 17, 20, 21, 28, 29, 30, 32, 34, 37, 39]
    Truth table row=[>, >, >, <, =] ix=235 result=[7-] is correct

Test 7+:
    W0: [ 0,  1,  3,  6,  8, 10, 16, 17, 18, 19, 20, 22, 25, 28, 29] < [ 2,  4,  5,  7,  9, 11, 12, 13, 14, 15, 21, 23, 24, 26, 27]
    W1: [ 0,  1,  3,  6,  8, 10, 16, 17, 26, 27, 30, 31, 32] < [ 2,  4,  5,  7,  9, 11, 12, 13, 14, 15, 25, 28, 29]
    W2: [ 0,  1,  3,  6,  8, 15, 18, 19, 20, 22, 25, 30, 34] < [ 2,  4,  5,  7, 16, 17, 21, 23, 29, 32, 33, 35, 36]
    W3: [ 0,  1,  7, 10, 18, 19, 20, 23, 24, 27, 31, 35, 36] > [ 2,  6,  8,  9, 11, 17, 22, 28, 29, 30, 32, 37, 38]
    W4: [ 0,  2,  3,  5,  6, 11, 14, 18, 22, 24, 25, 31, 36, 38] = [ 8,  9, 12, 15, 17, 20, 21, 28, 29, 30, 32, 34, 37, 39]
    Truth table row=[<, <, <, >, =] ix=7 result=[7+] is correct

Test 8-:
    W0: [ 0,  1,  3,  6,  8, 10, 16, 17, 18, 19, 20, 22, 25, 28, 29] < [ 2,  4,  5,  7,  9, 11, 12, 13, 14, 15, 21, 23, 24, 26, 27]
    W1: [ 0,  1,  3,  6,  8, 10, 16, 17, 26, 27, 30, 31, 32] < [ 2,  4,  5,  7,  9, 11, 12, 13, 14, 15, 25, 28, 29]
    W2: [ 0,  1,  3,  6,  8, 15, 18, 19, 20, 22, 25, 30, 34] < [ 2,  4,  5,  7, 16, 17, 21, 23, 29, 32, 33, 35, 36]
    W3: [ 0,  1,  7, 10, 18, 19, 20, 23, 24, 27, 31, 35, 36] > [ 2,  6,  8,  9, 11, 17, 22, 28, 29, 30, 32, 37, 38]
    W4: [ 0,  2,  3,  5,  6, 11, 14, 18, 22, 24, 25, 31, 36, 38] > [ 8,  9, 12, 15, 17, 20, 21, 28, 29, 30, 32, 34, 37, 39]
    Truth table row=[<, <, <, >, >] ix=8 result=[8-] is correct

Test 8+:
    W0: [ 0,  1,  3,  6,  8, 10, 16, 17, 18, 19, 20, 22, 25, 28, 29] > [ 2,  4,  5,  7,  9, 11, 12, 13, 14, 15, 21, 23, 24, 26, 27]
    W1: [ 0,  1,  3,  6,  8, 10, 16, 17, 26, 27, 30, 31, 32] > [ 2,  4,  5,  7,  9, 11, 12, 13, 14, 15, 25, 28, 29]
    W2: [ 0,  1,  3,  6,  8, 15, 18, 19, 20, 22, 25, 30, 34] > [ 2,  4,  5,  7, 16, 17, 21, 23, 29, 32, 33, 35, 36]
    W3: [ 0,  1,  7, 10, 18, 19, 20, 23, 24, 27, 31, 35, 36] < [ 2,  6,  8,  9, 11, 17, 22, 28, 29, 30, 32, 37, 38]
    W4: [ 0,  2,  3,  5,  6, 11, 14, 18, 22, 24, 25, 31, 36, 38] < [ 8,  9, 12, 15, 17, 20, 21, 28, 29, 30, 32, 34, 37, 39]
    Truth table row=[>, >, >, <, <] ix=234 result=[8+] is correct

Test 9-:
    W0: [ 0,  1,  3,  6,  8, 10, 16, 17, 18, 19, 20, 22, 25, 28, 29] > [ 2,  4,  5,  7,  9, 11, 12, 13, 14, 15, 21, 23, 24, 26, 27]
    W1: [ 0,  1,  3,  6,  8, 10, 16, 17, 26, 27, 30, 31, 32] > [ 2,  4,  5,  7,  9, 11, 12, 13, 14, 15, 25, 28, 29]
    W2: [ 0,  1,  3,  6,  8, 15, 18, 19, 20, 22, 25, 30, 34] = [ 2,  4,  5,  7, 16, 17, 21, 23, 29, 32, 33, 35, 36]
    W3: [ 0,  1,  7, 10, 18, 19, 20, 23, 24, 27, 31, 35, 36] > [ 2,  6,  8,  9, 11, 17, 22, 28, 29, 30, 32, 37, 38]
    W4: [ 0,  2,  3,  5,  6, 11, 14, 18, 22, 24, 25, 31, 36, 38] > [ 8,  9, 12, 15, 17, 20, 21, 28, 29, 30, 32, 34, 37, 39]
    Truth table row=[>, >, =, >, >] ix=233 result=[9-] is correct

Test 9+:
    W0: [ 0,  1,  3,  6,  8, 10, 16, 17, 18, 19, 20, 22, 25, 28, 29] < [ 2,  4,  5,  7,  9, 11, 12, 13, 14, 15, 21, 23, 24, 26, 27]
    W1: [ 0,  1,  3,  6,  8, 10, 16, 17, 26, 27, 30, 31, 32] < [ 2,  4,  5,  7,  9, 11, 12, 13, 14, 15, 25, 28, 29]
    W2: [ 0,  1,  3,  6,  8, 15, 18, 19, 20, 22, 25, 30, 34] = [ 2,  4,  5,  7, 16, 17, 21, 23, 29, 32, 33, 35, 36]
    W3: [ 0,  1,  7, 10, 18, 19, 20, 23, 24, 27, 31, 35, 36] < [ 2,  6,  8,  9, 11, 17, 22, 28, 29, 30, 32, 37, 38]
    W4: [ 0,  2,  3,  5,  6, 11, 14, 18, 22, 24, 25, 31, 36, 38] < [ 8,  9, 12, 15, 17, 20, 21, 28, 29, 30, 32, 34, 37, 39]
    Truth table row=[<, <, =, <, <] ix=9 result=[9+] is correct

Test 10-:
    W0: [ 0,  1,  3,  6,  8, 10, 16, 17, 18, 19, 20, 22, 25, 28, 29] < [ 2,  4,  5,  7,  9, 11, 12, 13, 14, 15, 21, 23, 24, 26, 27]
    W1: [ 0,  1,  3,  6,  8, 10, 16, 17, 26, 27, 30, 31, 32] < [ 2,  4,  5,  7,  9, 11, 12, 13, 14, 15, 25, 28, 29]
    W2: [ 0,  1,  3,  6,  8, 15, 18, 19, 20, 22, 25, 30, 34] = [ 2,  4,  5,  7, 16, 17, 21, 23, 29, 32, 33, 35, 36]
    W3: [ 0,  1,  7, 10, 18, 19, 20, 23, 24, 27, 31, 35, 36] < [ 2,  6,  8,  9, 11, 17, 22, 28, 29, 30, 32, 37, 38]
    W4: [ 0,  2,  3,  5,  6, 11, 14, 18, 22, 24, 25, 31, 36, 38] = [ 8,  9, 12, 15, 17, 20, 21, 28, 29, 30, 32, 34, 37, 39]
    Truth table row=[<, <, =, <, =] ix=10 result=[10-] is correct

Test 10+:
    W0: [ 0,  1,  3,  6,  8, 10, 16, 17, 18, 19, 20, 22, 25, 28, 29] > [ 2,  4,  5,  7,  9, 11, 12, 13, 14, 15, 21, 23, 24, 26, 27]
    W1: [ 0,  1,  3,  6,  8, 10, 16, 17, 26, 27, 30, 31, 32] > [ 2,  4,  5,  7,  9, 11, 12, 13, 14, 15, 25, 28, 29]
    W2: [ 0,  1,  3,  6,  8, 15, 18, 19, 20, 22, 25, 30, 34] = [ 2,  4,  5,  7, 16, 17, 21, 23, 29, 32, 33, 35, 36]
    W3: [ 0,  1,  7, 10, 18, 19, 20, 23, 24, 27, 31, 35, 36] > [ 2,  6,  8,  9, 11, 17, 22, 28, 29, 30, 32, 37, 38]
    W4: [ 0,  2,  3,  5,  6, 11, 14, 18, 22, 24, 25, 31, 36, 38] = [ 8,  9, 12, 15, 17, 20, 21, 28, 29, 30, 32, 34, 37, 39]
    Truth table row=[>, >, =, >, =] ix=232 result=[10+] is correct

Test 11-:
    W0: [ 0,  1,  3,  6,  8, 10, 16, 17, 18, 19, 20, 22, 25, 28, 29] > [ 2,  4,  5,  7,  9, 11, 12, 13, 14, 15, 21, 23, 24, 26, 27]
    W1: [ 0,  1,  3,  6,  8, 10, 16, 17, 26, 27, 30, 31, 32] > [ 2,  4,  5,  7,  9, 11, 12, 13, 14, 15, 25, 28, 29]
    W2: [ 0,  1,  3,  6,  8, 15, 18, 19, 20, 22, 25, 30, 34] = [ 2,  4,  5,  7, 16, 17, 21, 23, 29, 32, 33, 35, 36]
    W3: [ 0,  1,  7, 10, 18, 19, 20, 23, 24, 27, 31, 35, 36] > [ 2,  6,  8,  9, 11, 17, 22, 28, 29, 30, 32, 37, 38]
    W4: [ 0,  2,  3,  5,  6, 11, 14, 18, 22, 24, 25, 31, 36, 38] < [ 8,  9, 12, 15, 17, 20, 21, 28, 29, 30, 32, 34, 37, 39]
    Truth table row=[>, >, =, >, <] ix=231 result=[11-] is correct

Test 11+:
    W0: [ 0,  1,  3,  6,  8, 10, 16, 17, 18, 19, 20, 22, 25, 28, 29] < [ 2,  4,  5,  7,  9, 11, 12, 13, 14, 15, 21, 23, 24, 26, 27]
    W1: [ 0,  1,  3,  6,  8, 10, 16, 17, 26, 27, 30, 31, 32] < [ 2,  4,  5,  7,  9, 11, 12, 13, 14, 15, 25, 28, 29]
    W2: [ 0,  1,  3,  6,  8, 15, 18, 19, 20, 22, 25, 30, 34] = [ 2,  4,  5,  7, 16, 17, 21, 23, 29, 32, 33, 35, 36]
    W3: [ 0,  1,  7, 10, 18, 19, 20, 23, 24, 27, 31, 35, 36] < [ 2,  6,  8,  9, 11, 17, 22, 28, 29, 30, 32, 37, 38]
    W4: [ 0,  2,  3,  5,  6, 11, 14, 18, 22, 24, 25, 31, 36, 38] > [ 8,  9, 12, 15, 17, 20, 21, 28, 29, 30, 32, 34, 37, 39]
    Truth table row=[<, <, =, <, >] ix=11 result=[11+] is correct

Test 12-:
    W0: [ 0,  1,  3,  6,  8, 10, 16, 17, 18, 19, 20, 22, 25, 28, 29] > [ 2,  4,  5,  7,  9, 11, 12, 13, 14, 15, 21, 23, 24, 26, 27]
    W1: [ 0,  1,  3,  6,  8, 10, 16, 17, 26, 27, 30, 31, 32] > [ 2,  4,  5,  7,  9, 11, 12, 13, 14, 15, 25, 28, 29]
    W2: [ 0,  1,  3,  6,  8, 15, 18, 19, 20, 22, 25, 30, 34] = [ 2,  4,  5,  7, 16, 17, 21, 23, 29, 32, 33, 35, 36]
    W3: [ 0,  1,  7, 10, 18, 19, 20, 23, 24, 27, 31, 35, 36] = [ 2,  6,  8,  9, 11, 17, 22, 28, 29, 30, 32, 37, 38]
    W4: [ 0,  2,  3,  5,  6, 11, 14, 18, 22, 24, 25, 31, 36, 38] > [ 8,  9, 12, 15, 17, 20, 21, 28, 29, 30, 32, 34, 37, 39]
    Truth table row=[>, >, =, =, >] ix=230 result=[12-] is correct

Test 12+:
    W0: [ 0,  1,  3,  6,  8, 10, 16, 17, 18, 19, 20, 22, 25, 28, 29] < [ 2,  4,  5,  7,  9, 11, 12, 13, 14, 15, 21, 23, 24, 26, 27]
    W1: [ 0,  1,  3,  6,  8, 10, 16, 17, 26, 27, 30, 31, 32] < [ 2,  4,  5,  7,  9, 11, 12, 13, 14, 15, 25, 28, 29]
    W2: [ 0,  1,  3,  6,  8, 15, 18, 19, 20, 22, 25, 30, 34] = [ 2,  4,  5,  7, 16, 17, 21, 23, 29, 32, 33, 35, 36]
    W3: [ 0,  1,  7, 10, 18, 19, 20, 23, 24, 27, 31, 35, 36] = [ 2,  6,  8,  9, 11, 17, 22, 28, 29, 30, 32, 37, 38]
    W4: [ 0,  2,  3,  5,  6, 11, 14, 18, 22, 24, 25, 31, 36, 38] < [ 8,  9, 12, 15, 17, 20, 21, 28, 29, 30, 32, 34, 37, 39]
    Truth table row=[<, <, =, =, <] ix=12 result=[12+] is correct

Test 13-:
    W0: [ 0,  1,  3,  6,  8, 10, 16, 17, 18, 19, 20, 22, 25, 28, 29] > [ 2,  4,  5,  7,  9, 11, 12, 13, 14, 15, 21, 23, 24, 26, 27]
    W1: [ 0,  1,  3,  6,  8, 10, 16, 17, 26, 27, 30, 31, 32] > [ 2,  4,  5,  7,  9, 11, 12, 13, 14, 15, 25, 28, 29]
    W2: [ 0,  1,  3,  6,  8, 15, 18, 19, 20, 22, 25, 30, 34] = [ 2,  4,  5,  7, 16, 17, 21, 23, 29, 32, 33, 35, 36]
    W3: [ 0,  1,  7, 10, 18, 19, 20, 23, 24, 27, 31, 35, 36] = [ 2,  6,  8,  9, 11, 17, 22, 28, 29, 30, 32, 37, 38]
    W4: [ 0,  2,  3,  5,  6, 11, 14, 18, 22, 24, 25, 31, 36, 38] = [ 8,  9, 12, 15, 17, 20, 21, 28, 29, 30, 32, 34, 37, 39]
    Truth table row=[>, >, =, =, =] ix=229 result=[13-] is correct

Test 13+:
    W0: [ 0,  1,  3,  6,  8, 10, 16, 17, 18, 19, 20, 22, 25, 28, 29] < [ 2,  4,  5,  7,  9, 11, 12, 13, 14, 15, 21, 23, 24, 26, 27]
    W1: [ 0,  1,  3,  6,  8, 10, 16, 17, 26, 27, 30, 31, 32] < [ 2,  4,  5,  7,  9, 11, 12, 13, 14, 15, 25, 28, 29]
    W2: [ 0,  1,  3,  6,  8, 15, 18, 19, 20, 22, 25, 30, 34] = [ 2,  4,  5,  7, 16, 17, 21, 23, 29, 32, 33, 35, 36]
    W3: [ 0,  1,  7, 10, 18, 19, 20, 23, 24, 27, 31, 35, 36] = [ 2,  6,  8,  9, 11, 17, 22, 28, 29, 30, 32, 37, 38]
    W4: [ 0,  2,  3,  5,  6, 11, 14, 18, 22, 24, 25, 31, 36, 38] = [ 8,  9, 12, 15, 17, 20, 21, 28, 29, 30, 32, 34, 37, 39]
    Truth table row=[<, <, =, =, =] ix=13 result=[13+] is correct

Test 14-:
    W0: [ 0,  1,  3,  6,  8, 10, 16, 17, 18, 19, 20, 22, 25, 28, 29] > [ 2,  4,  5,  7,  9, 11, 12, 13, 14, 15, 21, 23, 24, 26, 27]
    W1: [ 0,  1,  3,  6,  8, 10, 16, 17, 26, 27, 30, 31, 32] > [ 2,  4,  5,  7,  9, 11, 12, 13, 14, 15, 25, 28, 29]
    W2: [ 0,  1,  3,  6,  8, 15, 18, 19, 20, 22, 25, 30, 34] = [ 2,  4,  5,  7, 16, 17, 21, 23, 29, 32, 33, 35, 36]
    W3: [ 0,  1,  7, 10, 18, 19, 20, 23, 24, 27, 31, 35, 36] = [ 2,  6,  8,  9, 11, 17, 22, 28, 29, 30, 32, 37, 38]
    W4: [ 0,  2,  3,  5,  6, 11, 14, 18, 22, 24, 25, 31, 36, 38] < [ 8,  9, 12, 15, 17, 20, 21, 28, 29, 30, 32, 34, 37, 39]
    Truth table row=[>, >, =, =, <] ix=228 result=[14-] is correct

Test 14+:
    W0: [ 0,  1,  3,  6,  8, 10, 16, 17, 18, 19, 20, 22, 25, 28, 29] < [ 2,  4,  5,  7,  9, 11, 12, 13, 14, 15, 21, 23, 24, 26, 27]
    W1: [ 0,  1,  3,  6,  8, 10, 16, 17, 26, 27, 30, 31, 32] < [ 2,  4,  5,  7,  9, 11, 12, 13, 14, 15, 25, 28, 29]
    W2: [ 0,  1,  3,  6,  8, 15, 18, 19, 20, 22, 25, 30, 34] = [ 2,  4,  5,  7, 16, 17, 21, 23, 29, 32, 33, 35, 36]
    W3: [ 0,  1,  7, 10, 18, 19, 20, 23, 24, 27, 31, 35, 36] = [ 2,  6,  8,  9, 11, 17, 22, 28, 29, 30, 32, 37, 38]
    W4: [ 0,  2,  3,  5,  6, 11, 14, 18, 22, 24, 25, 31, 36, 38] > [ 8,  9, 12, 15, 17, 20, 21, 28, 29, 30, 32, 34, 37, 39]
    Truth table row=[<, <, =, =, >] ix=14 result=[14+] is correct

Test 15-:
    W0: [ 0,  1,  3,  6,  8, 10, 16, 17, 18, 19, 20, 22, 25, 28, 29] > [ 2,  4,  5,  7,  9, 11, 12, 13, 14, 15, 21, 23, 24, 26, 27]
    W1: [ 0,  1,  3,  6,  8, 10, 16, 17, 26, 27, 30, 31, 32] > [ 2,  4,  5,  7,  9, 11, 12, 13, 14, 15, 25, 28, 29]
    W2: [ 0,  1,  3,  6,  8, 15, 18, 19, 20, 22, 25, 30, 34] < [ 2,  4,  5,  7, 16, 17, 21, 23, 29, 32, 33, 35, 36]
    W3: [ 0,  1,  7, 10, 18, 19, 20, 23, 24, 27, 31, 35, 36] = [ 2,  6,  8,  9, 11, 17, 22, 28, 29, 30, 32, 37, 38]
    W4: [ 0,  2,  3,  5,  6, 11, 14, 18, 22, 24, 25, 31, 36, 38] > [ 8,  9, 12, 15, 17, 20, 21, 28, 29, 30, 32, 34, 37, 39]
    Truth table row=[>, >, <, =, >] ix=221 result=[15-] is correct

Test 15+:
    W0: [ 0,  1,  3,  6,  8, 10, 16, 17, 18, 19, 20, 22, 25, 28, 29] < [ 2,  4,  5,  7,  9, 11, 12, 13, 14, 15, 21, 23, 24, 26, 27]
    W1: [ 0,  1,  3,  6,  8, 10, 16, 17, 26, 27, 30, 31, 32] < [ 2,  4,  5,  7,  9, 11, 12, 13, 14, 15, 25, 28, 29]
    W2: [ 0,  1,  3,  6,  8, 15, 18, 19, 20, 22, 25, 30, 34] > [ 2,  4,  5,  7, 16, 17, 21, 23, 29, 32, 33, 35, 36]
    W3: [ 0,  1,  7, 10, 18, 19, 20, 23, 24, 27, 31, 35, 36] = [ 2,  6,  8,  9, 11, 17, 22, 28, 29, 30, 32, 37, 38]
    W4: [ 0,  2,  3,  5,  6, 11, 14, 18, 22, 24, 25, 31, 36, 38] < [ 8,  9, 12, 15, 17, 20, 21, 28, 29, 30, 32, 34, 37, 39]
    Truth table row=[<, <, >, =, <] ix=21 result=[15+] is correct

Test 16-:
    W0: [ 0,  1,  3,  6,  8, 10, 16, 17, 18, 19, 20, 22, 25, 28, 29] < [ 2,  4,  5,  7,  9, 11, 12, 13, 14, 15, 21, 23, 24, 26, 27]
    W1: [ 0,  1,  3,  6,  8, 10, 16, 17, 26, 27, 30, 31, 32] < [ 2,  4,  5,  7,  9, 11, 12, 13, 14, 15, 25, 28, 29]
    W2: [ 0,  1,  3,  6,  8, 15, 18, 19, 20, 22, 25, 30, 34] > [ 2,  4,  5,  7, 16, 17, 21, 23, 29, 32, 33, 35, 36]
    W3: [ 0,  1,  7, 10, 18, 19, 20, 23, 24, 27, 31, 35, 36] = [ 2,  6,  8,  9, 11, 17, 22, 28, 29, 30, 32, 37, 38]
    W4: [ 0,  2,  3,  5,  6, 11, 14, 18, 22, 24, 25, 31, 36, 38] = [ 8,  9, 12, 15, 17, 20, 21, 28, 29, 30, 32, 34, 37, 39]
    Truth table row=[<, <, >, =, =] ix=22 result=[16-] is correct

Test 16+:
    W0: [ 0,  1,  3,  6,  8, 10, 16, 17, 18, 19, 20, 22, 25, 28, 29] > [ 2,  4,  5,  7,  9, 11, 12, 13, 14, 15, 21, 23, 24, 26, 27]
    W1: [ 0,  1,  3,  6,  8, 10, 16, 17, 26, 27, 30, 31, 32] > [ 2,  4,  5,  7,  9, 11, 12, 13, 14, 15, 25, 28, 29]
    W2: [ 0,  1,  3,  6,  8, 15, 18, 19, 20, 22, 25, 30, 34] < [ 2,  4,  5,  7, 16, 17, 21, 23, 29, 32, 33, 35, 36]
    W3: [ 0,  1,  7, 10, 18, 19, 20, 23, 24, 27, 31, 35, 36] = [ 2,  6,  8,  9, 11, 17, 22, 28, 29, 30, 32, 37, 38]
    W4: [ 0,  2,  3,  5,  6, 11, 14, 18, 22, 24, 25, 31, 36, 38] = [ 8,  9, 12, 15, 17, 20, 21, 28, 29, 30, 32, 34, 37, 39]
    Truth table row=[>, >, <, =, =] ix=220 result=[16+] is correct

Test 17-:
    W0: [ 0,  1,  3,  6,  8, 10, 16, 17, 18, 19, 20, 22, 25, 28, 29] < [ 2,  4,  5,  7,  9, 11, 12, 13, 14, 15, 21, 23, 24, 26, 27]
    W1: [ 0,  1,  3,  6,  8, 10, 16, 17, 26, 27, 30, 31, 32] < [ 2,  4,  5,  7,  9, 11, 12, 13, 14, 15, 25, 28, 29]
    W2: [ 0,  1,  3,  6,  8, 15, 18, 19, 20, 22, 25, 30, 34] > [ 2,  4,  5,  7, 16, 17, 21, 23, 29, 32, 33, 35, 36]
    W3: [ 0,  1,  7, 10, 18, 19, 20, 23, 24, 27, 31, 35, 36] > [ 2,  6,  8,  9, 11, 17, 22, 28, 29, 30, 32, 37, 38]
    W4: [ 0,  2,  3,  5,  6, 11, 14, 18, 22, 24, 25, 31, 36, 38] > [ 8,  9, 12, 15, 17, 20, 21, 28, 29, 30, 32, 34, 37, 39]
    Truth table row=[<, <, >, >, >] ix=26 result=[17-] is correct

Test 17+:
    W0: [ 0,  1,  3,  6,  8, 10, 16, 17, 18, 19, 20, 22, 25, 28, 29] > [ 2,  4,  5,  7,  9, 11, 12, 13, 14, 15, 21, 23, 24, 26, 27]
    W1: [ 0,  1,  3,  6,  8, 10, 16, 17, 26, 27, 30, 31, 32] > [ 2,  4,  5,  7,  9, 11, 12, 13, 14, 15, 25, 28, 29]
    W2: [ 0,  1,  3,  6,  8, 15, 18, 19, 20, 22, 25, 30, 34] < [ 2,  4,  5,  7, 16, 17, 21, 23, 29, 32, 33, 35, 36]
    W3: [ 0,  1,  7, 10, 18, 19, 20, 23, 24, 27, 31, 35, 36] < [ 2,  6,  8,  9, 11, 17, 22, 28, 29, 30, 32, 37, 38]
    W4: [ 0,  2,  3,  5,  6, 11, 14, 18, 22, 24, 25, 31, 36, 38] < [ 8,  9, 12, 15, 17, 20, 21, 28, 29, 30, 32, 34, 37, 39]
    Truth table row=[>, >, <, <, <] ix=216 result=[17+] is correct

Test 18-:
    W0: [ 0,  1,  3,  6,  8, 10, 16, 17, 18, 19, 20, 22, 25, 28, 29] < [ 2,  4,  5,  7,  9, 11, 12, 13, 14, 15, 21, 23, 24, 26, 27]
    W1: [ 0,  1,  3,  6,  8, 10, 16, 17, 26, 27, 30, 31, 32] = [ 2,  4,  5,  7,  9, 11, 12, 13, 14, 15, 25, 28, 29]
    W2: [ 0,  1,  3,  6,  8, 15, 18, 19, 20, 22, 25, 30, 34] < [ 2,  4,  5,  7, 16, 17, 21, 23, 29, 32, 33, 35, 36]
    W3: [ 0,  1,  7, 10, 18, 19, 20, 23, 24, 27, 31, 35, 36] < [ 2,  6,  8,  9, 11, 17, 22, 28, 29, 30, 32, 37, 38]
    W4: [ 0,  2,  3,  5,  6, 11, 14, 18, 22, 24, 25, 31, 36, 38] < [ 8,  9, 12, 15, 17, 20, 21, 28, 29, 30, 32, 34, 37, 39]
    Truth table row=[<, =, <, <, <] ix=27 result=[18-] is correct

Test 18+:
    W0: [ 0,  1,  3,  6,  8, 10, 16, 17, 18, 19, 20, 22, 25, 28, 29] > [ 2,  4,  5,  7,  9, 11, 12, 13, 14, 15, 21, 23, 24, 26, 27]
    W1: [ 0,  1,  3,  6,  8, 10, 16, 17, 26, 27, 30, 31, 32] = [ 2,  4,  5,  7,  9, 11, 12, 13, 14, 15, 25, 28, 29]
    W2: [ 0,  1,  3,  6,  8, 15, 18, 19, 20, 22, 25, 30, 34] > [ 2,  4,  5,  7, 16, 17, 21, 23, 29, 32, 33, 35, 36]
    W3: [ 0,  1,  7, 10, 18, 19, 20, 23, 24, 27, 31, 35, 36] > [ 2,  6,  8,  9, 11, 17, 22, 28, 29, 30, 32, 37, 38]
    W4: [ 0,  2,  3,  5,  6, 11, 14, 18, 22, 24, 25, 31, 36, 38] > [ 8,  9, 12, 15, 17, 20, 21, 28, 29, 30, 32, 34, 37, 39]
    Truth table row=[>, =, >, >, >] ix=215 result=[18+] is correct

Test 19-:
    W0: [ 0,  1,  3,  6,  8, 10, 16, 17, 18, 19, 20, 22, 25, 28, 29] < [ 2,  4,  5,  7,  9, 11, 12, 13, 14, 15, 21, 23, 24, 26, 27]
    W1: [ 0,  1,  3,  6,  8, 10, 16, 17, 26, 27, 30, 31, 32] = [ 2,  4,  5,  7,  9, 11, 12, 13, 14, 15, 25, 28, 29]
    W2: [ 0,  1,  3,  6,  8, 15, 18, 19, 20, 22, 25, 30, 34] < [ 2,  4,  5,  7, 16, 17, 21, 23, 29, 32, 33, 35, 36]
    W3: [ 0,  1,  7, 10, 18, 19, 20, 23, 24, 27, 31, 35, 36] < [ 2,  6,  8,  9, 11, 17, 22, 28, 29, 30, 32, 37, 38]
    W4: [ 0,  2,  3,  5,  6, 11, 14, 18, 22, 24, 25, 31, 36, 38] = [ 8,  9, 12, 15, 17, 20, 21, 28, 29, 30, 32, 34, 37, 39]
    Truth table row=[<, =, <, <, =] ix=28 result=[19-] is correct

Test 19+:
    W0: [ 0,  1,  3,  6,  8, 10, 16, 17, 18, 19, 20, 22, 25, 28, 29] > [ 2,  4,  5,  7,  9, 11, 12, 13, 14, 15, 21, 23, 24, 26, 27]
    W1: [ 0,  1,  3,  6,  8, 10, 16, 17, 26, 27, 30, 31, 32] = [ 2,  4,  5,  7,  9, 11, 12, 13, 14, 15, 25, 28, 29]
    W2: [ 0,  1,  3,  6,  8, 15, 18, 19, 20, 22, 25, 30, 34] > [ 2,  4,  5,  7, 16, 17, 21, 23, 29, 32, 33, 35, 36]
    W3: [ 0,  1,  7, 10, 18, 19, 20, 23, 24, 27, 31, 35, 36] > [ 2,  6,  8,  9, 11, 17, 22, 28, 29, 30, 32, 37, 38]
    W4: [ 0,  2,  3,  5,  6, 11, 14, 18, 22, 24, 25, 31, 36, 38] = [ 8,  9, 12, 15, 17, 20, 21, 28, 29, 30, 32, 34, 37, 39]
    Truth table row=[>, =, >, >, =] ix=214 result=[19+] is correct

Test 20-:
    W0: [ 0,  1,  3,  6,  8, 10, 16, 17, 18, 19, 20, 22, 25, 28, 29] < [ 2,  4,  5,  7,  9, 11, 12, 13, 14, 15, 21, 23, 24, 26, 27]
    W1: [ 0,  1,  3,  6,  8, 10, 16, 17, 26, 27, 30, 31, 32] = [ 2,  4,  5,  7,  9, 11, 12, 13, 14, 15, 25, 28, 29]
    W2: [ 0,  1,  3,  6,  8, 15, 18, 19, 20, 22, 25, 30, 34] < [ 2,  4,  5,  7, 16, 17, 21, 23, 29, 32, 33, 35, 36]
    W3: [ 0,  1,  7, 10, 18, 19, 20, 23, 24, 27, 31, 35, 36] < [ 2,  6,  8,  9, 11, 17, 22, 28, 29, 30, 32, 37, 38]
    W4: [ 0,  2,  3,  5,  6, 11, 14, 18, 22, 24, 25, 31, 36, 38] > [ 8,  9, 12, 15, 17, 20, 21, 28, 29, 30, 32, 34, 37, 39]
    Truth table row=[<, =, <, <, >] ix=29 result=[20-] is correct

Test 20+:
    W0: [ 0,  1,  3,  6,  8, 10, 16, 17, 18, 19, 20, 22, 25, 28, 29] > [ 2,  4,  5,  7,  9, 11, 12, 13, 14, 15, 21, 23, 24, 26, 27]
    W1: [ 0,  1,  3,  6,  8, 10, 16, 17, 26, 27, 30, 31, 32] = [ 2,  4,  5,  7,  9, 11, 12, 13, 14, 15, 25, 28, 29]
    W2: [ 0,  1,  3,  6,  8, 15, 18, 19, 20, 22, 25, 30, 34] > [ 2,  4,  5,  7, 16, 17, 21, 23, 29, 32, 33, 35, 36]
    W3: [ 0,  1,  7, 10, 18, 19, 20, 23, 24, 27, 31, 35, 36] > [ 2,  6,  8,  9, 11, 17, 22, 28, 29, 30, 32, 37, 38]
    W4: [ 0,  2,  3,  5,  6, 11, 14, 18, 22, 24, 25, 31, 36, 38] < [ 8,  9, 12, 15, 17, 20, 21, 28, 29, 30, 32, 34, 37, 39]
    Truth table row=[>, =, >, >, <] ix=213 result=[20+] is correct

Test 21-:
    W0: [ 0,  1,  3,  6,  8, 10, 16, 17, 18, 19, 20, 22, 25, 28, 29] > [ 2,  4,  5,  7,  9, 11, 12, 13, 14, 15, 21, 23, 24, 26, 27]
    W1: [ 0,  1,  3,  6,  8, 10, 16, 17, 26, 27, 30, 31, 32] = [ 2,  4,  5,  7,  9, 11, 12, 13, 14, 15, 25, 28, 29]
    W2: [ 0,  1,  3,  6,  8, 15, 18, 19, 20, 22, 25, 30, 34] > [ 2,  4,  5,  7, 16, 17, 21, 23, 29, 32, 33, 35, 36]
    W3: [ 0,  1,  7, 10, 18, 19, 20, 23, 24, 27, 31, 35, 36] = [ 2,  6,  8,  9, 11, 17, 22, 28, 29, 30, 32, 37, 38]
    W4: [ 0,  2,  3,  5,  6, 11, 14, 18, 22, 24, 25, 31, 36, 38] > [ 8,  9, 12, 15, 17, 20, 21, 28, 29, 30, 32, 34, 37, 39]
    Truth table row=[>, =, >, =, >] ix=212 result=[21-] is correct

Test 21+:
    W0: [ 0,  1,  3,  6,  8, 10, 16, 17, 18, 19, 20, 22, 25, 28, 29] < [ 2,  4,  5,  7,  9, 11, 12, 13, 14, 15, 21, 23, 24, 26, 27]
    W1: [ 0,  1,  3,  6,  8, 10, 16, 17, 26, 27, 30, 31, 32] = [ 2,  4,  5,  7,  9, 11, 12, 13, 14, 15, 25, 28, 29]
    W2: [ 0,  1,  3,  6,  8, 15, 18, 19, 20, 22, 25, 30, 34] < [ 2,  4,  5,  7, 16, 17, 21, 23, 29, 32, 33, 35, 36]
    W3: [ 0,  1,  7, 10, 18, 19, 20, 23, 24, 27, 31, 35, 36] = [ 2,  6,  8,  9, 11, 17, 22, 28, 29, 30, 32, 37, 38]
    W4: [ 0,  2,  3,  5,  6, 11, 14, 18, 22, 24, 25, 31, 36, 38] < [ 8,  9, 12, 15, 17, 20, 21, 28, 29, 30, 32, 34, 37, 39]
    Truth table row=[<, =, <, =, <] ix=30 result=[21+] is correct

Test 22-:
    W0: [ 0,  1,  3,  6,  8, 10, 16, 17, 18, 19, 20, 22, 25, 28, 29] < [ 2,  4,  5,  7,  9, 11, 12, 13, 14, 15, 21, 23, 24, 26, 27]
    W1: [ 0,  1,  3,  6,  8, 10, 16, 17, 26, 27, 30, 31, 32] = [ 2,  4,  5,  7,  9, 11, 12, 13, 14, 15, 25, 28, 29]
    W2: [ 0,  1,  3,  6,  8, 15, 18, 19, 20, 22, 25, 30, 34] < [ 2,  4,  5,  7, 16, 17, 21, 23, 29, 32, 33, 35, 36]
    W3: [ 0,  1,  7, 10, 18, 19, 20, 23, 24, 27, 31, 35, 36] > [ 2,  6,  8,  9, 11, 17, 22, 28, 29, 30, 32, 37, 38]
    W4: [ 0,  2,  3,  5,  6, 11, 14, 18, 22, 24, 25, 31, 36, 38] < [ 8,  9, 12, 15, 17, 20, 21, 28, 29, 30, 32, 34, 37, 39]
    Truth table row=[<, =, <, >, <] ix=33 result=[22-] is correct

Test 22+:
    W0: [ 0,  1,  3,  6,  8, 10, 16, 17, 18, 19, 20, 22, 25, 28, 29] > [ 2,  4,  5,  7,  9, 11, 12, 13, 14, 15, 21, 23, 24, 26, 27]
    W1: [ 0,  1,  3,  6,  8, 10, 16, 17, 26, 27, 30, 31, 32] = [ 2,  4,  5,  7,  9, 11, 12, 13, 14, 15, 25, 28, 29]
    W2: [ 0,  1,  3,  6,  8, 15, 18, 19, 20, 22, 25, 30, 34] > [ 2,  4,  5,  7, 16, 17, 21, 23, 29, 32, 33, 35, 36]
    W3: [ 0,  1,  7, 10, 18, 19, 20, 23, 24, 27, 31, 35, 36] < [ 2,  6,  8,  9, 11, 17, 22, 28, 29, 30, 32, 37, 38]
    W4: [ 0,  2,  3,  5,  6, 11, 14, 18, 22, 24, 25, 31, 36, 38] > [ 8,  9, 12, 15, 17, 20, 21, 28, 29, 30, 32, 34, 37, 39]
    Truth table row=[>, =, >, <, >] ix=209 result=[22+] is correct

Test 23-:
    W0: [ 0,  1,  3,  6,  8, 10, 16, 17, 18, 19, 20, 22, 25, 28, 29] > [ 2,  4,  5,  7,  9, 11, 12, 13, 14, 15, 21, 23, 24, 26, 27]
    W1: [ 0,  1,  3,  6,  8, 10, 16, 17, 26, 27, 30, 31, 32] = [ 2,  4,  5,  7,  9, 11, 12, 13, 14, 15, 25, 28, 29]
    W2: [ 0,  1,  3,  6,  8, 15, 18, 19, 20, 22, 25, 30, 34] > [ 2,  4,  5,  7, 16, 17, 21, 23, 29, 32, 33, 35, 36]
    W3: [ 0,  1,  7, 10, 18, 19, 20, 23, 24, 27, 31, 35, 36] < [ 2,  6,  8,  9, 11, 17, 22, 28, 29, 30, 32, 37, 38]
    W4: [ 0,  2,  3,  5,  6, 11, 14, 18, 22, 24, 25, 31, 36, 38] = [ 8,  9, 12, 15, 17, 20, 21, 28, 29, 30, 32, 34, 37, 39]
    Truth table row=[>, =, >, <, =] ix=208 result=[23-] is correct

Test 23+:
    W0: [ 0,  1,  3,  6,  8, 10, 16, 17, 18, 19, 20, 22, 25, 28, 29] < [ 2,  4,  5,  7,  9, 11, 12, 13, 14, 15, 21, 23, 24, 26, 27]
    W1: [ 0,  1,  3,  6,  8, 10, 16, 17, 26, 27, 30, 31, 32] = [ 2,  4,  5,  7,  9, 11, 12, 13, 14, 15, 25, 28, 29]
    W2: [ 0,  1,  3,  6,  8, 15, 18, 19, 20, 22, 25, 30, 34] < [ 2,  4,  5,  7, 16, 17, 21, 23, 29, 32, 33, 35, 36]
    W3: [ 0,  1,  7, 10, 18, 19, 20, 23, 24, 27, 31, 35, 36] > [ 2,  6,  8,  9, 11, 17, 22, 28, 29, 30, 32, 37, 38]
    W4: [ 0,  2,  3,  5,  6, 11, 14, 18, 22, 24, 25, 31, 36, 38] = [ 8,  9, 12, 15, 17, 20, 21, 28, 29, 30, 32, 34, 37, 39]
    Truth table row=[<, =, <, >, =] ix=34 result=[23+] is correct

Test 24-:
    W0: [ 0,  1,  3,  6,  8, 10, 16, 17, 18, 19, 20, 22, 25, 28, 29] > [ 2,  4,  5,  7,  9, 11, 12, 13, 14, 15, 21, 23, 24, 26, 27]
    W1: [ 0,  1,  3,  6,  8, 10, 16, 17, 26, 27, 30, 31, 32] = [ 2,  4,  5,  7,  9, 11, 12, 13, 14, 15, 25, 28, 29]
    W2: [ 0,  1,  3,  6,  8, 15, 18, 19, 20, 22, 25, 30, 34] = [ 2,  4,  5,  7, 16, 17, 21, 23, 29, 32, 33, 35, 36]
    W3: [ 0,  1,  7, 10, 18, 19, 20, 23, 24, 27, 31, 35, 36] < [ 2,  6,  8,  9, 11, 17, 22, 28, 29, 30, 32, 37, 38]
    W4: [ 0,  2,  3,  5,  6, 11, 14, 18, 22, 24, 25, 31, 36, 38] < [ 8,  9, 12, 15, 17, 20, 21, 28, 29, 30, 32, 34, 37, 39]
    Truth table row=[>, =, =, <, <] ix=198 result=[24-] is correct

Test 24+:
    W0: [ 0,  1,  3,  6,  8, 10, 16, 17, 18, 19, 20, 22, 25, 28, 29] < [ 2,  4,  5,  7,  9, 11, 12, 13, 14, 15, 21, 23, 24, 26, 27]
    W1: [ 0,  1,  3,  6,  8, 10, 16, 17, 26, 27, 30, 31, 32] = [ 2,  4,  5,  7,  9, 11, 12, 13, 14, 15, 25, 28, 29]
    W2: [ 0,  1,  3,  6,  8, 15, 18, 19, 20, 22, 25, 30, 34] = [ 2,  4,  5,  7, 16, 17, 21, 23, 29, 32, 33, 35, 36]
    W3: [ 0,  1,  7, 10, 18, 19, 20, 23, 24, 27, 31, 35, 36] > [ 2,  6,  8,  9, 11, 17, 22, 28, 29, 30, 32, 37, 38]
    W4: [ 0,  2,  3,  5,  6, 11, 14, 18, 22, 24, 25, 31, 36, 38] > [ 8,  9, 12, 15, 17, 20, 21, 28, 29, 30, 32, 34, 37, 39]
    Truth table row=[<, =, =, >, >] ix=44 result=[24+] is correct

Test 25-:
    W0: [ 0,  1,  3,  6,  8, 10, 16, 17, 18, 19, 20, 22, 25, 28, 29] < [ 2,  4,  5,  7,  9, 11, 12, 13, 14, 15, 21, 23, 24, 26, 27]
    W1: [ 0,  1,  3,  6,  8, 10, 16, 17, 26, 27, 30, 31, 32] > [ 2,  4,  5,  7,  9, 11, 12, 13, 14, 15, 25, 28, 29]
    W2: [ 0,  1,  3,  6,  8, 15, 18, 19, 20, 22, 25, 30, 34] < [ 2,  4,  5,  7, 16, 17, 21, 23, 29, 32, 33, 35, 36]
    W3: [ 0,  1,  7, 10, 18, 19, 20, 23, 24, 27, 31, 35, 36] = [ 2,  6,  8,  9, 11, 17, 22, 28, 29, 30, 32, 37, 38]
    W4: [ 0,  2,  3,  5,  6, 11, 14, 18, 22, 24, 25, 31, 36, 38] < [ 8,  9, 12, 15, 17, 20, 21, 28, 29, 30, 32, 34, 37, 39]
    Truth table row=[<, >, <, =, <] ix=57 result=[25-] is correct

Test 25+:
    W0: [ 0,  1,  3,  6,  8, 10, 16, 17, 18, 19, 20, 22, 25, 28, 29] > [ 2,  4,  5,  7,  9, 11, 12, 13, 14, 15, 21, 23, 24, 26, 27]
    W1: [ 0,  1,  3,  6,  8, 10, 16, 17, 26, 27, 30, 31, 32] < [ 2,  4,  5,  7,  9, 11, 12, 13, 14, 15, 25, 28, 29]
    W2: [ 0,  1,  3,  6,  8, 15, 18, 19, 20, 22, 25, 30, 34] > [ 2,  4,  5,  7, 16, 17, 21, 23, 29, 32, 33, 35, 36]
    W3: [ 0,  1,  7, 10, 18, 19, 20, 23, 24, 27, 31, 35, 36] = [ 2,  6,  8,  9, 11, 17, 22, 28, 29, 30, 32, 37, 38]
    W4: [ 0,  2,  3,  5,  6, 11, 14, 18, 22, 24, 25, 31, 36, 38] > [ 8,  9, 12, 15, 17, 20, 21, 28, 29, 30, 32, 34, 37, 39]
    Truth table row=[>, <, >, =, >] ix=185 result=[25+] is correct

Test 26-:
    W0: [ 0,  1,  3,  6,  8, 10, 16, 17, 18, 19, 20, 22, 25, 28, 29] > [ 2,  4,  5,  7,  9, 11, 12, 13, 14, 15, 21, 23, 24, 26, 27]
    W1: [ 0,  1,  3,  6,  8, 10, 16, 17, 26, 27, 30, 31, 32] < [ 2,  4,  5,  7,  9, 11, 12, 13, 14, 15, 25, 28, 29]
    W2: [ 0,  1,  3,  6,  8, 15, 18, 19, 20, 22, 25, 30, 34] = [ 2,  4,  5,  7, 16, 17, 21, 23, 29, 32, 33, 35, 36]
    W3: [ 0,  1,  7, 10, 18, 19, 20, 23, 24, 27, 31, 35, 36] = [ 2,  6,  8,  9, 11, 17, 22, 28, 29, 30, 32, 37, 38]
    W4: [ 0,  2,  3,  5,  6, 11, 14, 18, 22, 24, 25, 31, 36, 38] = [ 8,  9, 12, 15, 17, 20, 21, 28, 29, 30, 32, 34, 37, 39]
    Truth table row=[>, <, =, =, =] ix=175 result=[26-] is correct

Test 26+:
    W0: [ 0,  1,  3,  6,  8, 10, 16, 17, 18, 19, 20, 22, 25, 28, 29] < [ 2,  4,  5,  7,  9, 11, 12, 13, 14, 15, 21, 23, 24, 26, 27]
    W1: [ 0,  1,  3,  6,  8, 10, 16, 17, 26, 27, 30, 31, 32] > [ 2,  4,  5,  7,  9, 11, 12, 13, 14, 15, 25, 28, 29]
    W2: [ 0,  1,  3,  6,  8, 15, 18, 19, 20, 22, 25, 30, 34] = [ 2,  4,  5,  7, 16, 17, 21, 23, 29, 32, 33, 35, 36]
    W3: [ 0,  1,  7, 10, 18, 19, 20, 23, 24, 27, 31, 35, 36] = [ 2,  6,  8,  9, 11, 17, 22, 28, 29, 30, 32, 37, 38]
    W4: [ 0,  2,  3,  5,  6, 11, 14, 18, 22, 24, 25, 31, 36, 38] = [ 8,  9, 12, 15, 17, 20, 21, 28, 29, 30, 32, 34, 37, 39]
    Truth table row=[<, >, =, =, =] ix=67 result=[26+] is correct

Test 27-:
    W0: [ 0,  1,  3,  6,  8, 10, 16, 17, 18, 19, 20, 22, 25, 28, 29] > [ 2,  4,  5,  7,  9, 11, 12, 13, 14, 15, 21, 23, 24, 26, 27]
    W1: [ 0,  1,  3,  6,  8, 10, 16, 17, 26, 27, 30, 31, 32] < [ 2,  4,  5,  7,  9, 11, 12, 13, 14, 15, 25, 28, 29]
    W2: [ 0,  1,  3,  6,  8, 15, 18, 19, 20, 22, 25, 30, 34] = [ 2,  4,  5,  7, 16, 17, 21, 23, 29, 32, 33, 35, 36]
    W3: [ 0,  1,  7, 10, 18, 19, 20, 23, 24, 27, 31, 35, 36] < [ 2,  6,  8,  9, 11, 17, 22, 28, 29, 30, 32, 37, 38]
    W4: [ 0,  2,  3,  5,  6, 11, 14, 18, 22, 24, 25, 31, 36, 38] = [ 8,  9, 12, 15, 17, 20, 21, 28, 29, 30, 32, 34, 37, 39]
    Truth table row=[>, <, =, <, =] ix=172 result=[27-] is correct

Test 27+:
    W0: [ 0,  1,  3,  6,  8, 10, 16, 17, 18, 19, 20, 22, 25, 28, 29] < [ 2,  4,  5,  7,  9, 11, 12, 13, 14, 15, 21, 23, 24, 26, 27]
    W1: [ 0,  1,  3,  6,  8, 10, 16, 17, 26, 27, 30, 31, 32] > [ 2,  4,  5,  7,  9, 11, 12, 13, 14, 15, 25, 28, 29]
    W2: [ 0,  1,  3,  6,  8, 15, 18, 19, 20, 22, 25, 30, 34] = [ 2,  4,  5,  7, 16, 17, 21, 23, 29, 32, 33, 35, 36]
    W3: [ 0,  1,  7, 10, 18, 19, 20, 23, 24, 27, 31, 35, 36] > [ 2,  6,  8,  9, 11, 17, 22, 28, 29, 30, 32, 37, 38]
    W4: [ 0,  2,  3,  5,  6, 11, 14, 18, 22, 24, 25, 31, 36, 38] = [ 8,  9, 12, 15, 17, 20, 21, 28, 29, 30, 32, 34, 37, 39]
    Truth table row=[<, >, =, >, =] ix=70 result=[27+] is correct

Test 28-:
    W0: [ 0,  1,  3,  6,  8, 10, 16, 17, 18, 19, 20, 22, 25, 28, 29] < [ 2,  4,  5,  7,  9, 11, 12, 13, 14, 15, 21, 23, 24, 26, 27]
    W1: [ 0,  1,  3,  6,  8, 10, 16, 17, 26, 27, 30, 31, 32] > [ 2,  4,  5,  7,  9, 11, 12, 13, 14, 15, 25, 28, 29]
    W2: [ 0,  1,  3,  6,  8, 15, 18, 19, 20, 22, 25, 30, 34] = [ 2,  4,  5,  7, 16, 17, 21, 23, 29, 32, 33, 35, 36]
    W3: [ 0,  1,  7, 10, 18, 19, 20, 23, 24, 27, 31, 35, 36] > [ 2,  6,  8,  9, 11, 17, 22, 28, 29, 30, 32, 37, 38]
    W4: [ 0,  2,  3,  5,  6, 11, 14, 18, 22, 24, 25, 31, 36, 38] > [ 8,  9, 12, 15, 17, 20, 21, 28, 29, 30, 32, 34, 37, 39]
    Truth table row=[<, >, =, >, >] ix=71 result=[28-] is correct

Test 28+:
    W0: [ 0,  1,  3,  6,  8, 10, 16, 17, 18, 19, 20, 22, 25, 28, 29] > [ 2,  4,  5,  7,  9, 11, 12, 13, 14, 15, 21, 23, 24, 26, 27]
    W1: [ 0,  1,  3,  6,  8, 10, 16, 17, 26, 27, 30, 31, 32] < [ 2,  4,  5,  7,  9, 11, 12, 13, 14, 15, 25, 28, 29]
    W2: [ 0,  1,  3,  6,  8, 15, 18, 19, 20, 22, 25, 30, 34] = [ 2,  4,  5,  7, 16, 17, 21, 23, 29, 32, 33, 35, 36]
    W3: [ 0,  1,  7, 10, 18, 19, 20, 23, 24, 27, 31, 35, 36] < [ 2,  6,  8,  9, 11, 17, 22, 28, 29, 30, 32, 37, 38]
    W4: [ 0,  2,  3,  5,  6, 11, 14, 18, 22, 24, 25, 31, 36, 38] < [ 8,  9, 12, 15, 17, 20, 21, 28, 29, 30, 32, 34, 37, 39]
    Truth table row=[>, <, =, <, <] ix=171 result=[28+] is correct

Test 29-:
    W0: [ 0,  1,  3,  6,  8, 10, 16, 17, 18, 19, 20, 22, 25, 28, 29] < [ 2,  4,  5,  7,  9, 11, 12, 13, 14, 15, 21, 23, 24, 26, 27]
    W1: [ 0,  1,  3,  6,  8, 10, 16, 17, 26, 27, 30, 31, 32] > [ 2,  4,  5,  7,  9, 11, 12, 13, 14, 15, 25, 28, 29]
    W2: [ 0,  1,  3,  6,  8, 15, 18, 19, 20, 22, 25, 30, 34] > [ 2,  4,  5,  7, 16, 17, 21, 23, 29, 32, 33, 35, 36]
    W3: [ 0,  1,  7, 10, 18, 19, 20, 23, 24, 27, 31, 35, 36] > [ 2,  6,  8,  9, 11, 17, 22, 28, 29, 30, 32, 37, 38]
    W4: [ 0,  2,  3,  5,  6, 11, 14, 18, 22, 24, 25, 31, 36, 38] > [ 8,  9, 12, 15, 17, 20, 21, 28, 29, 30, 32, 34, 37, 39]
    Truth table row=[<, >, >, >, >] ix=80 result=[29-] is correct

Test 29+:
    W0: [ 0,  1,  3,  6,  8, 10, 16, 17, 18, 19, 20, 22, 25, 28, 29] > [ 2,  4,  5,  7,  9, 11, 12, 13, 14, 15, 21, 23, 24, 26, 27]
    W1: [ 0,  1,  3,  6,  8, 10, 16, 17, 26, 27, 30, 31, 32] < [ 2,  4,  5,  7,  9, 11, 12, 13, 14, 15, 25, 28, 29]
    W2: [ 0,  1,  3,  6,  8, 15, 18, 19, 20, 22, 25, 30, 34] < [ 2,  4,  5,  7, 16, 17, 21, 23, 29, 32, 33, 35, 36]
    W3: [ 0,  1,  7, 10, 18, 19, 20, 23, 24, 27, 31, 35, 36] < [ 2,  6,  8,  9, 11, 17, 22, 28, 29, 30, 32, 37, 38]
    W4: [ 0,  2,  3,  5,  6, 11, 14, 18, 22, 24, 25, 31, 36, 38] < [ 8,  9, 12, 15, 17, 20, 21, 28, 29, 30, 32, 34, 37, 39]
    Truth table row=[>, <, <, <, <] ix=162 result=[29+] is correct

Test 30-:
    W0: [ 0,  1,  3,  6,  8, 10, 16, 17, 18, 19, 20, 22, 25, 28, 29] = [ 2,  4,  5,  7,  9, 11, 12, 13, 14, 15, 21, 23, 24, 26, 27]
    W1: [ 0,  1,  3,  6,  8, 10, 16, 17, 26, 27, 30, 31, 32] < [ 2,  4,  5,  7,  9, 11, 12, 13, 14, 15, 25, 28, 29]
    W2: [ 0,  1,  3,  6,  8, 15, 18, 19, 20, 22, 25, 30, 34] < [ 2,  4,  5,  7, 16, 17, 21, 23, 29, 32, 33, 35, 36]
    W3: [ 0,  1,  7, 10, 18, 19, 20, 23, 24, 27, 31, 35, 36] > [ 2,  6,  8,  9, 11, 17, 22, 28, 29, 30, 32, 37, 38]
    W4: [ 0,  2,  3,  5,  6, 11, 14, 18, 22, 24, 25, 31, 36, 38] > [ 8,  9, 12, 15, 17, 20, 21, 28, 29, 30, 32, 34, 37, 39]
    Truth table row=[=, <, <, >, >] ix=89 result=[30-] is correct

Test 30+:
    W0: [ 0,  1,  3,  6,  8, 10, 16, 17, 18, 19, 20, 22, 25, 28, 29] = [ 2,  4,  5,  7,  9, 11, 12, 13, 14, 15, 21, 23, 24, 26, 27]
    W1: [ 0,  1,  3,  6,  8, 10, 16, 17, 26, 27, 30, 31, 32] > [ 2,  4,  5,  7,  9, 11, 12, 13, 14, 15, 25, 28, 29]
    W2: [ 0,  1,  3,  6,  8, 15, 18, 19, 20, 22, 25, 30, 34] > [ 2,  4,  5,  7, 16, 17, 21, 23, 29, 32, 33, 35, 36]
    W3: [ 0,  1,  7, 10, 18, 19, 20, 23, 24, 27, 31, 35, 36] < [ 2,  6,  8,  9, 11, 17, 22, 28, 29, 30, 32, 37, 38]
    W4: [ 0,  2,  3,  5,  6, 11, 14, 18, 22, 24, 25, 31, 36, 38] < [ 8,  9, 12, 15, 17, 20, 21, 28, 29, 30, 32, 34, 37, 39]
    Truth table row=[=, >, >, <, <] ix=153 result=[30+] is correct

Test 31-:
    W0: [ 0,  1,  3,  6,  8, 10, 16, 17, 18, 19, 20, 22, 25, 28, 29] = [ 2,  4,  5,  7,  9, 11, 12, 13, 14, 15, 21, 23, 24, 26, 27]
    W1: [ 0,  1,  3,  6,  8, 10, 16, 17, 26, 27, 30, 31, 32] < [ 2,  4,  5,  7,  9, 11, 12, 13, 14, 15, 25, 28, 29]
    W2: [ 0,  1,  3,  6,  8, 15, 18, 19, 20, 22, 25, 30, 34] = [ 2,  4,  5,  7, 16, 17, 21, 23, 29, 32, 33, 35, 36]
    W3: [ 0,  1,  7, 10, 18, 19, 20, 23, 24, 27, 31, 35, 36] < [ 2,  6,  8,  9, 11, 17, 22, 28, 29, 30, 32, 37, 38]
    W4: [ 0,  2,  3,  5,  6, 11, 14, 18, 22, 24, 25, 31, 36, 38] < [ 8,  9, 12, 15, 17, 20, 21, 28, 29, 30, 32, 34, 37, 39]
    Truth table row=[=, <, =, <, <] ix=90 result=[31-] is correct

Test 31+:
    W0: [ 0,  1,  3,  6,  8, 10, 16, 17, 18, 19, 20, 22, 25, 28, 29] = [ 2,  4,  5,  7,  9, 11, 12, 13, 14, 15, 21, 23, 24, 26, 27]
    W1: [ 0,  1,  3,  6,  8, 10, 16, 17, 26, 27, 30, 31, 32] > [ 2,  4,  5,  7,  9, 11, 12, 13, 14, 15, 25, 28, 29]
    W2: [ 0,  1,  3,  6,  8, 15, 18, 19, 20, 22, 25, 30, 34] = [ 2,  4,  5,  7, 16, 17, 21, 23, 29, 32, 33, 35, 36]
    W3: [ 0,  1,  7, 10, 18, 19, 20, 23, 24, 27, 31, 35, 36] > [ 2,  6,  8,  9, 11, 17, 22, 28, 29, 30, 32, 37, 38]
    W4: [ 0,  2,  3,  5,  6, 11, 14, 18, 22, 24, 25, 31, 36, 38] > [ 8,  9, 12, 15, 17, 20, 21, 28, 29, 30, 32, 34, 37, 39]
    Truth table row=[=, >, =, >, >] ix=152 result=[31+] is correct

Test 32-:
    W0: [ 0,  1,  3,  6,  8, 10, 16, 17, 18, 19, 20, 22, 25, 28, 29] = [ 2,  4,  5,  7,  9, 11, 12, 13, 14, 15, 21, 23, 24, 26, 27]
    W1: [ 0,  1,  3,  6,  8, 10, 16, 17, 26, 27, 30, 31, 32] < [ 2,  4,  5,  7,  9, 11, 12, 13, 14, 15, 25, 28, 29]
    W2: [ 0,  1,  3,  6,  8, 15, 18, 19, 20, 22, 25, 30, 34] > [ 2,  4,  5,  7, 16, 17, 21, 23, 29, 32, 33, 35, 36]
    W3: [ 0,  1,  7, 10, 18, 19, 20, 23, 24, 27, 31, 35, 36] > [ 2,  6,  8,  9, 11, 17, 22, 28, 29, 30, 32, 37, 38]
    W4: [ 0,  2,  3,  5,  6, 11, 14, 18, 22, 24, 25, 31, 36, 38] > [ 8,  9, 12, 15, 17, 20, 21, 28, 29, 30, 32, 34, 37, 39]
    Truth table row=[=, <, >, >, >] ix=107 result=[32-] is correct

Test 32+:
    W0: [ 0,  1,  3,  6,  8, 10, 16, 17, 18, 19, 20, 22, 25, 28, 29] = [ 2,  4,  5,  7,  9, 11, 12, 13, 14, 15, 21, 23, 24, 26, 27]
    W1: [ 0,  1,  3,  6,  8, 10, 16, 17, 26, 27, 30, 31, 32] > [ 2,  4,  5,  7,  9, 11, 12, 13, 14, 15, 25, 28, 29]
    W2: [ 0,  1,  3,  6,  8, 15, 18, 19, 20, 22, 25, 30, 34] < [ 2,  4,  5,  7, 16, 17, 21, 23, 29, 32, 33, 35, 36]
    W3: [ 0,  1,  7, 10, 18, 19, 20, 23, 24, 27, 31, 35, 36] < [ 2,  6,  8,  9, 11, 17, 22, 28, 29, 30, 32, 37, 38]
    W4: [ 0,  2,  3,  5,  6, 11, 14, 18, 22, 24, 25, 31, 36, 38] < [ 8,  9, 12, 15, 17, 20, 21, 28, 29, 30, 32, 34, 37, 39]
    Truth table row=[=, >, <, <, <] ix=135 result=[32+] is correct

Test 33-:
    W0: [ 0,  1,  3,  6,  8, 10, 16, 17, 18, 19, 20, 22, 25, 28, 29] = [ 2,  4,  5,  7,  9, 11, 12, 13, 14, 15, 21, 23, 24, 26, 27]
    W1: [ 0,  1,  3,  6,  8, 10, 16, 17, 26, 27, 30, 31, 32] = [ 2,  4,  5,  7,  9, 11, 12, 13, 14, 15, 25, 28, 29]
    W2: [ 0,  1,  3,  6,  8, 15, 18, 19, 20, 22, 25, 30, 34] > [ 2,  4,  5,  7, 16, 17, 21, 23, 29, 32, 33, 35, 36]
    W3: [ 0,  1,  7, 10, 18, 19, 20, 23, 24, 27, 31, 35, 36] = [ 2,  6,  8,  9, 11, 17, 22, 28, 29, 30, 32, 37, 38]
    W4: [ 0,  2,  3,  5,  6, 11, 14, 18, 22, 24, 25, 31, 36, 38] = [ 8,  9, 12, 15, 17, 20, 21, 28, 29, 30, 32, 34, 37, 39]
    Truth table row=[=, =, >, =, =] ix=130 result=[33-] is correct

Test 33+:
    W0: [ 0,  1,  3,  6,  8, 10, 16, 17, 18, 19, 20, 22, 25, 28, 29] = [ 2,  4,  5,  7,  9, 11, 12, 13, 14, 15, 21, 23, 24, 26, 27]
    W1: [ 0,  1,  3,  6,  8, 10, 16, 17, 26, 27, 30, 31, 32] = [ 2,  4,  5,  7,  9, 11, 12, 13, 14, 15, 25, 28, 29]
    W2: [ 0,  1,  3,  6,  8, 15, 18, 19, 20, 22, 25, 30, 34] < [ 2,  4,  5,  7, 16, 17, 21, 23, 29, 32, 33, 35, 36]
    W3: [ 0,  1,  7, 10, 18, 19, 20, 23, 24, 27, 31, 35, 36] = [ 2,  6,  8,  9, 11, 17, 22, 28, 29, 30, 32, 37, 38]
    W4: [ 0,  2,  3,  5,  6, 11, 14, 18, 22, 24, 25, 31, 36, 38] = [ 8,  9, 12, 15, 17, 20, 21, 28, 29, 30, 32, 34, 37, 39]
    Truth table row=[=, =, <, =, =] ix=112 result=[33+] is correct

Test 34-:
    W0: [ 0,  1,  3,  6,  8, 10, 16, 17, 18, 19, 20, 22, 25, 28, 29] = [ 2,  4,  5,  7,  9, 11, 12, 13, 14, 15, 21, 23, 24, 26, 27]
    W1: [ 0,  1,  3,  6,  8, 10, 16, 17, 26, 27, 30, 31, 32] = [ 2,  4,  5,  7,  9, 11, 12, 13, 14, 15, 25, 28, 29]
    W2: [ 0,  1,  3,  6,  8, 15, 18, 19, 20, 22, 25, 30, 34] < [ 2,  4,  5,  7, 16, 17, 21, 23, 29, 32, 33, 35, 36]
    W3: [ 0,  1,  7, 10, 18, 19, 20, 23, 24, 27, 31, 35, 36] = [ 2,  6,  8,  9, 11, 17, 22, 28, 29, 30, 32, 37, 38]
    W4: [ 0,  2,  3,  5,  6, 11, 14, 18, 22, 24, 25, 31, 36, 38] > [ 8,  9, 12, 15, 17, 20, 21, 28, 29, 30, 32, 34, 37, 39]
    Truth table row=[=, =, <, =, >] ix=113 result=[34-] is correct

Test 34+:
    W0: [ 0,  1,  3,  6,  8, 10, 16, 17, 18, 19, 20, 22, 25, 28, 29] = [ 2,  4,  5,  7,  9, 11, 12, 13, 14, 15, 21, 23, 24, 26, 27]
    W1: [ 0,  1,  3,  6,  8, 10, 16, 17, 26, 27, 30, 31, 32] = [ 2,  4,  5,  7,  9, 11, 12, 13, 14, 15, 25, 28, 29]
    W2: [ 0,  1,  3,  6,  8, 15, 18, 19, 20, 22, 25, 30, 34] > [ 2,  4,  5,  7, 16, 17, 21, 23, 29, 32, 33, 35, 36]
    W3: [ 0,  1,  7, 10, 18, 19, 20, 23, 24, 27, 31, 35, 36] = [ 2,  6,  8,  9, 11, 17, 22, 28, 29, 30, 32, 37, 38]
    W4: [ 0,  2,  3,  5,  6, 11, 14, 18, 22, 24, 25, 31, 36, 38] < [ 8,  9, 12, 15, 17, 20, 21, 28, 29, 30, 32, 34, 37, 39]
    Truth table row=[=, =, >, =, <] ix=129 result=[34+] is correct

Test 35-:
    W0: [ 0,  1,  3,  6,  8, 10, 16, 17, 18, 19, 20, 22, 25, 28, 29] = [ 2,  4,  5,  7,  9, 11, 12, 13, 14, 15, 21, 23, 24, 26, 27]
    W1: [ 0,  1,  3,  6,  8, 10, 16, 17, 26, 27, 30, 31, 32] = [ 2,  4,  5,  7,  9, 11, 12, 13, 14, 15, 25, 28, 29]
    W2: [ 0,  1,  3,  6,  8, 15, 18, 19, 20, 22, 25, 30, 34] > [ 2,  4,  5,  7, 16, 17, 21, 23, 29, 32, 33, 35, 36]
    W3: [ 0,  1,  7, 10, 18, 19, 20, 23, 24, 27, 31, 35, 36] < [ 2,  6,  8,  9, 11, 17, 22, 28, 29, 30, 32, 37, 38]
    W4: [ 0,  2,  3,  5,  6, 11, 14, 18, 22, 24, 25, 31, 36, 38] = [ 8,  9, 12, 15, 17, 20, 21, 28, 29, 30, 32, 34, 37, 39]
    Truth table row=[=, =, >, <, =] ix=127 result=[35-] is correct

Test 35+:
    W0: [ 0,  1,  3,  6,  8, 10, 16, 17, 18, 19, 20, 22, 25, 28, 29] = [ 2,  4,  5,  7,  9, 11, 12, 13, 14, 15, 21, 23, 24, 26, 27]
    W1: [ 0,  1,  3,  6,  8, 10, 16, 17, 26, 27, 30, 31, 32] = [ 2,  4,  5,  7,  9, 11, 12, 13, 14, 15, 25, 28, 29]
    W2: [ 0,  1,  3,  6,  8, 15, 18, 19, 20, 22, 25, 30, 34] < [ 2,  4,  5,  7, 16, 17, 21, 23, 29, 32, 33, 35, 36]
    W3: [ 0,  1,  7, 10, 18, 19, 20, 23, 24, 27, 31, 35, 36] > [ 2,  6,  8,  9, 11, 17, 22, 28, 29, 30, 32, 37, 38]
    W4: [ 0,  2,  3,  5,  6, 11, 14, 18, 22, 24, 25, 31, 36, 38] = [ 8,  9, 12, 15, 17, 20, 21, 28, 29, 30, 32, 34, 37, 39]
    Truth table row=[=, =, <, >, =] ix=115 result=[35+] is correct

Test 36-:
    W0: [ 0,  1,  3,  6,  8, 10, 16, 17, 18, 19, 20, 22, 25, 28, 29] = [ 2,  4,  5,  7,  9, 11, 12, 13, 14, 15, 21, 23, 24, 26, 27]
    W1: [ 0,  1,  3,  6,  8, 10, 16, 17, 26, 27, 30, 31, 32] = [ 2,  4,  5,  7,  9, 11, 12, 13, 14, 15, 25, 28, 29]
    W2: [ 0,  1,  3,  6,  8, 15, 18, 19, 20, 22, 25, 30, 34] > [ 2,  4,  5,  7, 16, 17, 21, 23, 29, 32, 33, 35, 36]
    W3: [ 0,  1,  7, 10, 18, 19, 20, 23, 24, 27, 31, 35, 36] < [ 2,  6,  8,  9, 11, 17, 22, 28, 29, 30, 32, 37, 38]
    W4: [ 0,  2,  3,  5,  6, 11, 14, 18, 22, 24, 25, 31, 36, 38] < [ 8,  9, 12, 15, 17, 20, 21, 28, 29, 30, 32, 34, 37, 39]
    Truth table row=[=, =, >, <, <] ix=126 result=[36-] is correct

Test 36+:
    W0: [ 0,  1,  3,  6,  8, 10, 16, 17, 18, 19, 20, 22, 25, 28, 29] = [ 2,  4,  5,  7,  9, 11, 12, 13, 14, 15, 21, 23, 24, 26, 27]
    W1: [ 0,  1,  3,  6,  8, 10, 16, 17, 26, 27, 30, 31, 32] = [ 2,  4,  5,  7,  9, 11, 12, 13, 14, 15, 25, 28, 29]
    W2: [ 0,  1,  3,  6,  8, 15, 18, 19, 20, 22, 25, 30, 34] < [ 2,  4,  5,  7, 16, 17, 21, 23, 29, 32, 33, 35, 36]
    W3: [ 0,  1,  7, 10, 18, 19, 20, 23, 24, 27, 31, 35, 36] > [ 2,  6,  8,  9, 11, 17, 22, 28, 29, 30, 32, 37, 38]
    W4: [ 0,  2,  3,  5,  6, 11, 14, 18, 22, 24, 25, 31, 36, 38] > [ 8,  9, 12, 15, 17, 20, 21, 28, 29, 30, 32, 34, 37, 39]
    Truth table row=[=, =, <, >, >] ix=116 result=[36+] is correct

Test 37-:
    W0: [ 0,  1,  3,  6,  8, 10, 16, 17, 18, 19, 20, 22, 25, 28, 29] = [ 2,  4,  5,  7,  9, 11, 12, 13, 14, 15, 21, 23, 24, 26, 27]
    W1: [ 0,  1,  3,  6,  8, 10, 16, 17, 26, 27, 30, 31, 32] = [ 2,  4,  5,  7,  9, 11, 12, 13, 14, 15, 25, 28, 29]
    W2: [ 0,  1,  3,  6,  8, 15, 18, 19, 20, 22, 25, 30, 34] = [ 2,  4,  5,  7, 16, 17, 21, 23, 29, 32, 33, 35, 36]
    W3: [ 0,  1,  7, 10, 18, 19, 20, 23, 24, 27, 31, 35, 36] > [ 2,  6,  8,  9, 11, 17, 22, 28, 29, 30, 32, 37, 38]
    W4: [ 0,  2,  3,  5,  6, 11, 14, 18, 22, 24, 25, 31, 36, 38] > [ 8,  9, 12, 15, 17, 20, 21, 28, 29, 30, 32, 34, 37, 39]
    Truth table row=[=, =, =, >, >] ix=125 result=[37-] is correct

Test 37+:
    W0: [ 0,  1,  3,  6,  8, 10, 16, 17, 18, 19, 20, 22, 25, 28, 29] = [ 2,  4,  5,  7,  9, 11, 12, 13, 14, 15, 21, 23, 24, 26, 27]
    W1: [ 0,  1,  3,  6,  8, 10, 16, 17, 26, 27, 30, 31, 32] = [ 2,  4,  5,  7,  9, 11, 12, 13, 14, 15, 25, 28, 29]
    W2: [ 0,  1,  3,  6,  8, 15, 18, 19, 20, 22, 25, 30, 34] = [ 2,  4,  5,  7, 16, 17, 21, 23, 29, 32, 33, 35, 36]
    W3: [ 0,  1,  7, 10, 18, 19, 20, 23, 24, 27, 31, 35, 36] < [ 2,  6,  8,  9, 11, 17, 22, 28, 29, 30, 32, 37, 38]
    W4: [ 0,  2,  3,  5,  6, 11, 14, 18, 22, 24, 25, 31, 36, 38] < [ 8,  9, 12, 15, 17, 20, 21, 28, 29, 30, 32, 34, 37, 39]
    Truth table row=[=, =, =, <, <] ix=117 result=[37+] is correct

Test 38-:
    W0: [ 0,  1,  3,  6,  8, 10, 16, 17, 18, 19, 20, 22, 25, 28, 29] = [ 2,  4,  5,  7,  9, 11, 12, 13, 14, 15, 21, 23, 24, 26, 27]
    W1: [ 0,  1,  3,  6,  8, 10, 16, 17, 26, 27, 30, 31, 32] = [ 2,  4,  5,  7,  9, 11, 12, 13, 14, 15, 25, 28, 29]
    W2: [ 0,  1,  3,  6,  8, 15, 18, 19, 20, 22, 25, 30, 34] = [ 2,  4,  5,  7, 16, 17, 21, 23, 29, 32, 33, 35, 36]
    W3: [ 0,  1,  7, 10, 18, 19, 20, 23, 24, 27, 31, 35, 36] > [ 2,  6,  8,  9, 11, 17, 22, 28, 29, 30, 32, 37, 38]
    W4: [ 0,  2,  3,  5,  6, 11, 14, 18, 22, 24, 25, 31, 36, 38] < [ 8,  9, 12, 15, 17, 20, 21, 28, 29, 30, 32, 34, 37, 39]
    Truth table row=[=, =, =, >, <] ix=123 result=[38-] is correct

Test 38+:
    W0: [ 0,  1,  3,  6,  8, 10, 16, 17, 18, 19, 20, 22, 25, 28, 29] = [ 2,  4,  5,  7,  9, 11, 12, 13, 14, 15, 21, 23, 24, 26, 27]
    W1: [ 0,  1,  3,  6,  8, 10, 16, 17, 26, 27, 30, 31, 32] = [ 2,  4,  5,  7,  9, 11, 12, 13, 14, 15, 25, 28, 29]
    W2: [ 0,  1,  3,  6,  8, 15, 18, 19, 20, 22, 25, 30, 34] = [ 2,  4,  5,  7, 16, 17, 21, 23, 29, 32, 33, 35, 36]
    W3: [ 0,  1,  7, 10, 18, 19, 20, 23, 24, 27, 31, 35, 36] < [ 2,  6,  8,  9, 11, 17, 22, 28, 29, 30, 32, 37, 38]
    W4: [ 0,  2,  3,  5,  6, 11, 14, 18, 22, 24, 25, 31, 36, 38] > [ 8,  9, 12, 15, 17, 20, 21, 28, 29, 30, 32, 34, 37, 39]
    Truth table row=[=, =, =, <, >] ix=119 result=[38+] is correct

Test 39-:
    W0: [ 0,  1,  3,  6,  8, 10, 16, 17, 18, 19, 20, 22, 25, 28, 29] = [ 2,  4,  5,  7,  9, 11, 12, 13, 14, 15, 21, 23, 24, 26, 27]
    W1: [ 0,  1,  3,  6,  8, 10, 16, 17, 26, 27, 30, 31, 32] = [ 2,  4,  5,  7,  9, 11, 12, 13, 14, 15, 25, 28, 29]
    W2: [ 0,  1,  3,  6,  8, 15, 18, 19, 20, 22, 25, 30, 34] = [ 2,  4,  5,  7, 16, 17, 21, 23, 29, 32, 33, 35, 36]
    W3: [ 0,  1,  7, 10, 18, 19, 20, 23, 24, 27, 31, 35, 36] = [ 2,  6,  8,  9, 11, 17, 22, 28, 29, 30, 32, 37, 38]
    W4: [ 0,  2,  3,  5,  6, 11, 14, 18, 22, 24, 25, 31, 36, 38] > [ 8,  9, 12, 15, 17, 20, 21, 28, 29, 30, 32, 34, 37, 39]
    Truth table row=[=, =, =, =, >] ix=122 result=[39-] is correct

Test 39+:
    W0: [ 0,  1,  3,  6,  8, 10, 16, 17, 18, 19, 20, 22, 25, 28, 29] = [ 2,  4,  5,  7,  9, 11, 12, 13, 14, 15, 21, 23, 24, 26, 27]
    W1: [ 0,  1,  3,  6,  8, 10, 16, 17, 26, 27, 30, 31, 32] = [ 2,  4,  5,  7,  9, 11, 12, 13, 14, 15, 25, 28, 29]
    W2: [ 0,  1,  3,  6,  8, 15, 18, 19, 20, 22, 25, 30, 34] = [ 2,  4,  5,  7, 16, 17, 21, 23, 29, 32, 33, 35, 36]
    W3: [ 0,  1,  7, 10, 18, 19, 20, 23, 24, 27, 31, 35, 36] = [ 2,  6,  8,  9, 11, 17, 22, 28, 29, 30, 32, 37, 38]
    W4: [ 0,  2,  3,  5,  6, 11, 14, 18, 22, 24, 25, 31, 36, 38] < [ 8,  9, 12, 15, 17, 20, 21, 28, 29, 30, 32, 34, 37, 39]
    Truth table row=[=, =, =, =, <] ix=120 result=[39+] is correct

Total correct results: 80
Total incorrect results: 0
