Solving for 6 balls and 4 weighings

Solution:
W0: [ 0] <=> [ 1]
W1: [ 0,  1] <=> [ 3,  4]
W2: [ 0] <=> [ 2]
W3: [ 1,  4] <=> [ 0,  5]

Truth Table:
ix  W0  W1  W2  W3   Result
 0   <   <   <   <
 1   <   <   <   =
 2   <   <   <   >   0-
 3   <   <   =   <
 4   <   <   =   =
 5   <   <   =   >
 6   <   <   >   <
 7   <   <   >   =
 8   <   <   >   >
 9   <   =   <   <
10   <   =   <   =
11   <   =   <   >
12   <   =   =   <
13   <   =   =   =
14   <   =   =   >
15   <   =   >   <
16   <   =   >   =
17   <   =   >   >
18   <   >   <   <
19   <   >   <   =
20   <   >   <   >
21   <   >   =   <
22   <   >   =   =
23   <   >   =   >   1+
24   <   >   >   <
25   <   >   >   =
26   <   >   >   >
27   =   <   <   <
28   =   <   <   =
29   =   <   <   >
30   =   <   =   <
31   =   <   =   =   3+
32   =   <   =   >   4+
33   =   <   >   <
34   =   <   >   =
35   =   <   >   >
36   =   =   <   <
37   =   =   <   =   2+
38   =   =   <   >
39   =   =   =   <   5+
40   =   =   =   =
41   =   =   =   >   5-
42   =   =   >   <
43   =   =   >   =   2-
44   =   =   >   >
45   =   >   <   <
46   =   >   <   =
47   =   >   <   >
48   =   >   =   <   4-
49   =   >   =   =   3-
50   =   >   =   >
51   =   >   >   <
52   =   >   >   =
53   =   >   >   >
54   >   <   <   <
55   >   <   <   =
56   >   <   <   >
57   >   <   =   <   1-
58   >   <   =   =
59   >   <   =   >
60   >   <   >   <
61   >   <   >   =
62   >   <   >   >
63   >   =   <   <
64   >   =   <   =
65   >   =   <   >
66   >   =   =   <
67   >   =   =   =
68   >   =   =   >
69   >   =   >   <
70   >   =   >   =
71   >   =   >   >
72   >   >   <   <
73   >   >   <   =
74   >   >   <   >
75   >   >   =   <
76   >   >   =   =
77   >   >   =   >
78   >   >   >   <   0+
79   >   >   >   =
80   >   >   >   >

Test 0-:
    W0: [ 0] < [ 1]
    W1: [ 0,  1] < [ 3,  4]
    W2: [ 0] < [ 2]
    W3: [ 1,  4] > [ 0,  5]
    Truth table result: ['0-'] is correct

Test 0+:
    W0: [ 0] > [ 1]
    W1: [ 0,  1] > [ 3,  4]
    W2: [ 0] > [ 2]
    W3: [ 1,  4] < [ 0,  5]
    Truth table result: ['0+'] is correct

Test 1-:
    W0: [ 0] > [ 1]
    W1: [ 0,  1] < [ 3,  4]
    W2: [ 0] = [ 2]
    W3: [ 1,  4] < [ 0,  5]
    Truth table result: ['1-'] is correct

Test 1+:
    W0: [ 0] < [ 1]
    W1: [ 0,  1] > [ 3,  4]
    W2: [ 0] = [ 2]
    W3: [ 1,  4] > [ 0,  5]
    Truth table result: ['1+'] is correct

Test 2-:
    W0: [ 0] = [ 1]
    W1: [ 0,  1] = [ 3,  4]
    W2: [ 0] > [ 2]
    W3: [ 1,  4] = [ 0,  5]
    Truth table result: ['2-'] is correct

Test 2+:
    W0: [ 0] = [ 1]
    W1: [ 0,  1] = [ 3,  4]
    W2: [ 0] < [ 2]
    W3: [ 1,  4] = [ 0,  5]
    Truth table result: ['2+'] is correct

Test 3-:
    W0: [ 0] = [ 1]
    W1: [ 0,  1] > [ 3,  4]
    W2: [ 0] = [ 2]
    W3: [ 1,  4] = [ 0,  5]
    Truth table result: ['3-'] is correct

Test 3+:
    W0: [ 0] = [ 1]
    W1: [ 0,  1] < [ 3,  4]
    W2: [ 0] = [ 2]
    W3: [ 1,  4] = [ 0,  5]
    Truth table result: ['3+'] is correct

Test 4-:
    W0: [ 0] = [ 1]
    W1: [ 0,  1] > [ 3,  4]
    W2: [ 0] = [ 2]
    W3: [ 1,  4] < [ 0,  5]
    Truth table result: ['4-'] is correct

Test 4+:
    W0: [ 0] = [ 1]
    W1: [ 0,  1] < [ 3,  4]
    W2: [ 0] = [ 2]
    W3: [ 1,  4] > [ 0,  5]
    Truth table result: ['4+'] is correct

Test 5-:
    W0: [ 0] = [ 1]
    W1: [ 0,  1] = [ 3,  4]
    W2: [ 0] = [ 2]
    W3: [ 1,  4] > [ 0,  5]
    Truth table result: ['5-'] is correct

Test 5+:
    W0: [ 0] = [ 1]
    W1: [ 0,  1] = [ 3,  4]
    W2: [ 0] = [ 2]
    W3: [ 1,  4] < [ 0,  5]
    Truth table result: ['5+'] is correct

Total correct results: 12
Total incorrect results: 0
