Solving for 3 balls and 3 weighings.
Using symmetry breaking strategy TruthTableAscending.

Solution:
W0: [ 0] <=> [ 1]
W1: [ 1] <=> [ 2]
W2: [ 2] <=> [ 1]

Truth Table:
ix  W0  W1  W2   Result
 0   <   <   <
 1   <   <   =
 2   <   <   >
 3   <   =   <
 4   <   =   =   0-
 5   <   =   >
 6   <   >   <   1+
 7   <   >   =
 8   <   >   >
 9   =   <   <
10   =   <   =
11   =   <   >   2+
12   =   =   <
13   =   =   =
14   =   =   >
15   =   >   <   2-
16   =   >   =
17   =   >   >
18   >   <   <
19   >   <   =
20   >   <   >   1-
21   >   =   <
22   >   =   =   0+
23   >   =   >
24   >   >   <
25   >   >   =
26   >   >   >

Test 0-:
    W0: [ 0] < [ 1]
    W1: [ 1] = [ 2]
    W2: [ 2] = [ 1]
    Truth table row=[<, =, =] ix=4 result=[0-] is correct

Test 0+:
    W0: [ 0] > [ 1]
    W1: [ 1] = [ 2]
    W2: [ 2] = [ 1]
    Truth table row=[>, =, =] ix=22 result=[0+] is correct

Test 1-:
    W0: [ 0] > [ 1]
    W1: [ 1] < [ 2]
    W2: [ 2] > [ 1]
    Truth table row=[>, <, >] ix=20 result=[1-] is correct

Test 1+:
    W0: [ 0] < [ 1]
    W1: [ 1] > [ 2]
    W2: [ 2] < [ 1]
    Truth table row=[<, >, <] ix=6 result=[1+] is correct

Test 2-:
    W0: [ 0] = [ 1]
    W1: [ 1] > [ 2]
    W2: [ 2] < [ 1]
    Truth table row=[=, >, <] ix=15 result=[2-] is correct

Test 2+:
    W0: [ 0] = [ 1]
    W1: [ 1] < [ 2]
    W2: [ 2] > [ 1]
    Truth table row=[=, <, >] ix=11 result=[2+] is correct

Total correct results: 6
Total incorrect results: 0
