Solving for 14 balls and 5 weighings.
Using symmetry breaking strategy TruthTableAscending.

Solution:
W0: [ 0,  1,  5,  7,  9] <=> [ 2,  3,  4,  6,  8]
W1: [ 0,  1,  5,  7,  8, 10, 13] <=> [ 2,  3,  4,  6,  9, 11, 12]
W2: [ 0,  1, 10, 12] <=> [ 2,  3,  4, 13]
W3: [ 0,  1,  4,  5, 12] <=> [ 7,  8,  9, 11, 13]
W4: [ 3,  4,  6, 10, 11] <=> [ 1,  5,  7, 12, 13]

Truth Table:
ix  W0  W1  W2  W3  W4   Result
 0   <   <   <   <   <
 1   <   <   <   <   =   0-
 2   <   <   <   <   >   1-
 3   <   <   <   =   <
 4   <   <   <   =   =   2+
 5   <   <   <   =   >   3+
 6   <   <   <   >   <
 7   <   <   <   >   =
 8   <   <   <   >   >   4+
 9   <   <   =   <   <
10   <   <   =   <   =
11   <   <   =   <   >   5-
12   <   <   =   =   <
13   <   <   =   =   =
14   <   <   =   =   >   6+
15   <   <   =   >   <
16   <   <   =   >   =
17   <   <   =   >   >   7-
18   <   <   >   <   <
19   <   <   >   <   =
20   <   <   >   <   >
21   <   <   >   =   <
22   <   <   >   =   =
23   <   <   >   =   >
24   <   <   >   >   <
25   <   <   >   >   =
26   <   <   >   >   >
27   <   =   <   <   <
28   <   =   <   <   =
29   <   =   <   <   >
30   <   =   <   =   <
31   <   =   <   =   =
32   <   =   <   =   >
33   <   =   <   >   <
34   <   =   <   >   =
35   <   =   <   >   >
36   <   =   =   <   <
37   <   =   =   <   =
38   <   =   =   <   >
39   <   =   =   =   <
40   <   =   =   =   =
41   <   =   =   =   >
42   <   =   =   >   <
43   <   =   =   >   =
44   <   =   =   >   >
45   <   =   >   <   <
46   <   =   >   <   =
47   <   =   >   <   >
48   <   =   >   =   <
49   <   =   >   =   =
50   <   =   >   =   >
51   <   =   >   >   <
52   <   =   >   >   =
53   <   =   >   >   >
54   <   >   <   <   <
55   <   >   <   <   =
56   <   >   <   <   >
57   <   >   <   =   <
58   <   >   <   =   =
59   <   >   <   =   >
60   <   >   <   >   <
61   <   >   <   >   =
62   <   >   <   >   >
63   <   >   =   <   <
64   <   >   =   <   =   8+
65   <   >   =   <   >
66   <   >   =   =   <
67   <   >   =   =   =
68   <   >   =   =   >
69   <   >   =   >   <
70   <   >   =   >   =   9-
71   <   >   =   >   >
72   <   >   >   <   <
73   <   >   >   <   =
74   <   >   >   <   >
75   <   >   >   =   <
76   <   >   >   =   =
77   <   >   >   =   >
78   <   >   >   >   <
79   <   >   >   >   =
80   <   >   >   >   >
81   =   <   <   <   <
82   =   <   <   <   =
83   =   <   <   <   >
84   =   <   <   =   <   10-
85   =   <   <   =   =
86   =   <   <   =   >
87   =   <   <   >   <
88   =   <   <   >   =
89   =   <   <   >   >
90   =   <   =   <   <
91   =   <   =   <   =
92   =   <   =   <   >   11+
93   =   <   =   =   <
94   =   <   =   =   =
95   =   <   =   =   >
96   =   <   =   >   <
97   =   <   =   >   =
98   =   <   =   >   >
99   =   <   >   <   <
100   =   <   >   <   =
101   =   <   >   <   >
102   =   <   >   =   <
103   =   <   >   =   =
104   =   <   >   =   >
105   =   <   >   >   <   12+
106   =   <   >   >   =
107   =   <   >   >   >   13-
108   =   =   <   <   <
109   =   =   <   <   =
110   =   =   <   <   >
111   =   =   <   =   <
112   =   =   <   =   =
113   =   =   <   =   >
114   =   =   <   >   <
115   =   =   <   >   =
116   =   =   <   >   >
117   =   =   =   <   <
118   =   =   =   <   =
119   =   =   =   <   >
120   =   =   =   =   <
121   =   =   =   =   =
122   =   =   =   =   >
123   =   =   =   >   <
124   =   =   =   >   =
125   =   =   =   >   >
126   =   =   >   <   <
127   =   =   >   <   =
128   =   =   >   <   >
129   =   =   >   =   <
130   =   =   >   =   =
131   =   =   >   =   >
132   =   =   >   >   <
133   =   =   >   >   =
134   =   =   >   >   >
135   =   >   <   <   <   13+
136   =   >   <   <   =
137   =   >   <   <   >   12-
138   =   >   <   =   <
139   =   >   <   =   =
140   =   >   <   =   >
141   =   >   <   >   <
142   =   >   <   >   =
143   =   >   <   >   >
144   =   >   =   <   <
145   =   >   =   <   =
146   =   >   =   <   >
147   =   >   =   =   <
148   =   >   =   =   =
149   =   >   =   =   >
150   =   >   =   >   <   11-
151   =   >   =   >   =
152   =   >   =   >   >
153   =   >   >   <   <
154   =   >   >   <   =
155   =   >   >   <   >
156   =   >   >   =   <
157   =   >   >   =   =
158   =   >   >   =   >   10+
159   =   >   >   >   <
160   =   >   >   >   =
161   =   >   >   >   >
162   >   <   <   <   <
163   >   <   <   <   =
164   >   <   <   <   >
165   >   <   <   =   <
166   >   <   <   =   =
167   >   <   <   =   >
168   >   <   <   >   <
169   >   <   <   >   =
170   >   <   <   >   >
171   >   <   =   <   <
172   >   <   =   <   =   9+
173   >   <   =   <   >
174   >   <   =   =   <
175   >   <   =   =   =
176   >   <   =   =   >
177   >   <   =   >   <
178   >   <   =   >   =   8-
179   >   <   =   >   >
180   >   <   >   <   <
181   >   <   >   <   =
182   >   <   >   <   >
183   >   <   >   =   <
184   >   <   >   =   =
185   >   <   >   =   >
186   >   <   >   >   <
187   >   <   >   >   =
188   >   <   >   >   >
189   >   =   <   <   <
190   >   =   <   <   =
191   >   =   <   <   >
192   >   =   <   =   <
193   >   =   <   =   =
194   >   =   <   =   >
195   >   =   <   >   <
196   >   =   <   >   =
197   >   =   <   >   >
198   >   =   =   <   <
199   >   =   =   <   =
200   >   =   =   <   >
201   >   =   =   =   <
202   >   =   =   =   =
203   >   =   =   =   >
204   >   =   =   >   <
205   >   =   =   >   =
206   >   =   =   >   >
207   >   =   >   <   <
208   >   =   >   <   =
209   >   =   >   <   >
210   >   =   >   =   <
211   >   =   >   =   =
212   >   =   >   =   >
213   >   =   >   >   <
214   >   =   >   >   =
215   >   =   >   >   >
216   >   >   <   <   <
217   >   >   <   <   =
218   >   >   <   <   >
219   >   >   <   =   <
220   >   >   <   =   =
221   >   >   <   =   >
222   >   >   <   >   <
223   >   >   <   >   =
224   >   >   <   >   >
225   >   >   =   <   <   7+
226   >   >   =   <   =
227   >   >   =   <   >
228   >   >   =   =   <   6-
229   >   >   =   =   =
230   >   >   =   =   >
231   >   >   =   >   <   5+
232   >   >   =   >   =
233   >   >   =   >   >
234   >   >   >   <   <   4-
235   >   >   >   <   =
236   >   >   >   <   >
237   >   >   >   =   <   3-
238   >   >   >   =   =   2-
239   >   >   >   =   >
240   >   >   >   >   <   1+
241   >   >   >   >   =   0+
242   >   >   >   >   >

Test 0-:
    W0: [ 0,  1,  5,  7,  9] < [ 2,  3,  4,  6,  8]
    W1: [ 0,  1,  5,  7,  8, 10, 13] < [ 2,  3,  4,  6,  9, 11, 12]
    W2: [ 0,  1, 10, 12] < [ 2,  3,  4, 13]
    W3: [ 0,  1,  4,  5, 12] < [ 7,  8,  9, 11, 13]
    W4: [ 3,  4,  6, 10, 11] = [ 1,  5,  7, 12, 13]
    Truth table row=[<, <, <, <, =] ix=1 result=[0-] is correct

Test 0+:
    W0: [ 0,  1,  5,  7,  9] > [ 2,  3,  4,  6,  8]
    W1: [ 0,  1,  5,  7,  8, 10, 13] > [ 2,  3,  4,  6,  9, 11, 12]
    W2: [ 0,  1, 10, 12] > [ 2,  3,  4, 13]
    W3: [ 0,  1,  4,  5, 12] > [ 7,  8,  9, 11, 13]
    W4: [ 3,  4,  6, 10, 11] = [ 1,  5,  7, 12, 13]
    Truth table row=[>, >, >, >, =] ix=241 result=[0+] is correct

Test 1-:
    W0: [ 0,  1,  5,  7,  9] < [ 2,  3,  4,  6,  8]
    W1: [ 0,  1,  5,  7,  8, 10, 13] < [ 2,  3,  4,  6,  9, 11, 12]
    W2: [ 0,  1, 10, 12] < [ 2,  3,  4, 13]
    W3: [ 0,  1,  4,  5, 12] < [ 7,  8,  9, 11, 13]
    W4: [ 3,  4,  6, 10, 11] > [ 1,  5,  7, 12, 13]
    Truth table row=[<, <, <, <, >] ix=2 result=[1-] is correct

Test 1+:
    W0: [ 0,  1,  5,  7,  9] > [ 2,  3,  4,  6,  8]
    W1: [ 0,  1,  5,  7,  8, 10, 13] > [ 2,  3,  4,  6,  9, 11, 12]
    W2: [ 0,  1, 10, 12] > [ 2,  3,  4, 13]
    W3: [ 0,  1,  4,  5, 12] > [ 7,  8,  9, 11, 13]
    W4: [ 3,  4,  6, 10, 11] < [ 1,  5,  7, 12, 13]
    Truth table row=[>, >, >, >, <] ix=240 result=[1+] is correct

Test 2-:
    W0: [ 0,  1,  5,  7,  9] > [ 2,  3,  4,  6,  8]
    W1: [ 0,  1,  5,  7,  8, 10, 13] > [ 2,  3,  4,  6,  9, 11, 12]
    W2: [ 0,  1, 10, 12] > [ 2,  3,  4, 13]
    W3: [ 0,  1,  4,  5, 12] = [ 7,  8,  9, 11, 13]
    W4: [ 3,  4,  6, 10, 11] = [ 1,  5,  7, 12, 13]
    Truth table row=[>, >, >, =, =] ix=238 result=[2-] is correct

Test 2+:
    W0: [ 0,  1,  5,  7,  9] < [ 2,  3,  4,  6,  8]
    W1: [ 0,  1,  5,  7,  8, 10, 13] < [ 2,  3,  4,  6,  9, 11, 12]
    W2: [ 0,  1, 10, 12] < [ 2,  3,  4, 13]
    W3: [ 0,  1,  4,  5, 12] = [ 7,  8,  9, 11, 13]
    W4: [ 3,  4,  6, 10, 11] = [ 1,  5,  7, 12, 13]
    Truth table row=[<, <, <, =, =] ix=4 result=[2+] is correct

Test 3-:
    W0: [ 0,  1,  5,  7,  9] > [ 2,  3,  4,  6,  8]
    W1: [ 0,  1,  5,  7,  8, 10, 13] > [ 2,  3,  4,  6,  9, 11, 12]
    W2: [ 0,  1, 10, 12] > [ 2,  3,  4, 13]
    W3: [ 0,  1,  4,  5, 12] = [ 7,  8,  9, 11, 13]
    W4: [ 3,  4,  6, 10, 11] < [ 1,  5,  7, 12, 13]
    Truth table row=[>, >, >, =, <] ix=237 result=[3-] is correct

Test 3+:
    W0: [ 0,  1,  5,  7,  9] < [ 2,  3,  4,  6,  8]
    W1: [ 0,  1,  5,  7,  8, 10, 13] < [ 2,  3,  4,  6,  9, 11, 12]
    W2: [ 0,  1, 10, 12] < [ 2,  3,  4, 13]
    W3: [ 0,  1,  4,  5, 12] = [ 7,  8,  9, 11, 13]
    W4: [ 3,  4,  6, 10, 11] > [ 1,  5,  7, 12, 13]
    Truth table row=[<, <, <, =, >] ix=5 result=[3+] is correct

Test 4-:
    W0: [ 0,  1,  5,  7,  9] > [ 2,  3,  4,  6,  8]
    W1: [ 0,  1,  5,  7,  8, 10, 13] > [ 2,  3,  4,  6,  9, 11, 12]
    W2: [ 0,  1, 10, 12] > [ 2,  3,  4, 13]
    W3: [ 0,  1,  4,  5, 12] < [ 7,  8,  9, 11, 13]
    W4: [ 3,  4,  6, 10, 11] < [ 1,  5,  7, 12, 13]
    Truth table row=[>, >, >, <, <] ix=234 result=[4-] is correct

Test 4+:
    W0: [ 0,  1,  5,  7,  9] < [ 2,  3,  4,  6,  8]
    W1: [ 0,  1,  5,  7,  8, 10, 13] < [ 2,  3,  4,  6,  9, 11, 12]
    W2: [ 0,  1, 10, 12] < [ 2,  3,  4, 13]
    W3: [ 0,  1,  4,  5, 12] > [ 7,  8,  9, 11, 13]
    W4: [ 3,  4,  6, 10, 11] > [ 1,  5,  7, 12, 13]
    Truth table row=[<, <, <, >, >] ix=8 result=[4+] is correct

Test 5-:
    W0: [ 0,  1,  5,  7,  9] < [ 2,  3,  4,  6,  8]
    W1: [ 0,  1,  5,  7,  8, 10, 13] < [ 2,  3,  4,  6,  9, 11, 12]
    W2: [ 0,  1, 10, 12] = [ 2,  3,  4, 13]
    W3: [ 0,  1,  4,  5, 12] < [ 7,  8,  9, 11, 13]
    W4: [ 3,  4,  6, 10, 11] > [ 1,  5,  7, 12, 13]
    Truth table row=[<, <, =, <, >] ix=11 result=[5-] is correct

Test 5+:
    W0: [ 0,  1,  5,  7,  9] > [ 2,  3,  4,  6,  8]
    W1: [ 0,  1,  5,  7,  8, 10, 13] > [ 2,  3,  4,  6,  9, 11, 12]
    W2: [ 0,  1, 10, 12] = [ 2,  3,  4, 13]
    W3: [ 0,  1,  4,  5, 12] > [ 7,  8,  9, 11, 13]
    W4: [ 3,  4,  6, 10, 11] < [ 1,  5,  7, 12, 13]
    Truth table row=[>, >, =, >, <] ix=231 result=[5+] is correct

Test 6-:
    W0: [ 0,  1,  5,  7,  9] > [ 2,  3,  4,  6,  8]
    W1: [ 0,  1,  5,  7,  8, 10, 13] > [ 2,  3,  4,  6,  9, 11, 12]
    W2: [ 0,  1, 10, 12] = [ 2,  3,  4, 13]
    W3: [ 0,  1,  4,  5, 12] = [ 7,  8,  9, 11, 13]
    W4: [ 3,  4,  6, 10, 11] < [ 1,  5,  7, 12, 13]
    Truth table row=[>, >, =, =, <] ix=228 result=[6-] is correct

Test 6+:
    W0: [ 0,  1,  5,  7,  9] < [ 2,  3,  4,  6,  8]
    W1: [ 0,  1,  5,  7,  8, 10, 13] < [ 2,  3,  4,  6,  9, 11, 12]
    W2: [ 0,  1, 10, 12] = [ 2,  3,  4, 13]
    W3: [ 0,  1,  4,  5, 12] = [ 7,  8,  9, 11, 13]
    W4: [ 3,  4,  6, 10, 11] > [ 1,  5,  7, 12, 13]
    Truth table row=[<, <, =, =, >] ix=14 result=[6+] is correct

Test 7-:
    W0: [ 0,  1,  5,  7,  9] < [ 2,  3,  4,  6,  8]
    W1: [ 0,  1,  5,  7,  8, 10, 13] < [ 2,  3,  4,  6,  9, 11, 12]
    W2: [ 0,  1, 10, 12] = [ 2,  3,  4, 13]
    W3: [ 0,  1,  4,  5, 12] > [ 7,  8,  9, 11, 13]
    W4: [ 3,  4,  6, 10, 11] > [ 1,  5,  7, 12, 13]
    Truth table row=[<, <, =, >, >] ix=17 result=[7-] is correct

Test 7+:
    W0: [ 0,  1,  5,  7,  9] > [ 2,  3,  4,  6,  8]
    W1: [ 0,  1,  5,  7,  8, 10, 13] > [ 2,  3,  4,  6,  9, 11, 12]
    W2: [ 0,  1, 10, 12] = [ 2,  3,  4, 13]
    W3: [ 0,  1,  4,  5, 12] < [ 7,  8,  9, 11, 13]
    W4: [ 3,  4,  6, 10, 11] < [ 1,  5,  7, 12, 13]
    Truth table row=[>, >, =, <, <] ix=225 result=[7+] is correct

Test 8-:
    W0: [ 0,  1,  5,  7,  9] > [ 2,  3,  4,  6,  8]
    W1: [ 0,  1,  5,  7,  8, 10, 13] < [ 2,  3,  4,  6,  9, 11, 12]
    W2: [ 0,  1, 10, 12] = [ 2,  3,  4, 13]
    W3: [ 0,  1,  4,  5, 12] > [ 7,  8,  9, 11, 13]
    W4: [ 3,  4,  6, 10, 11] = [ 1,  5,  7, 12, 13]
    Truth table row=[>, <, =, >, =] ix=178 result=[8-] is correct

Test 8+:
    W0: [ 0,  1,  5,  7,  9] < [ 2,  3,  4,  6,  8]
    W1: [ 0,  1,  5,  7,  8, 10, 13] > [ 2,  3,  4,  6,  9, 11, 12]
    W2: [ 0,  1, 10, 12] = [ 2,  3,  4, 13]
    W3: [ 0,  1,  4,  5, 12] < [ 7,  8,  9, 11, 13]
    W4: [ 3,  4,  6, 10, 11] = [ 1,  5,  7, 12, 13]
    Truth table row=[<, >, =, <, =] ix=64 result=[8+] is correct

Test 9-:
    W0: [ 0,  1,  5,  7,  9] < [ 2,  3,  4,  6,  8]
    W1: [ 0,  1,  5,  7,  8, 10, 13] > [ 2,  3,  4,  6,  9, 11, 12]
    W2: [ 0,  1, 10, 12] = [ 2,  3,  4, 13]
    W3: [ 0,  1,  4,  5, 12] > [ 7,  8,  9, 11, 13]
    W4: [ 3,  4,  6, 10, 11] = [ 1,  5,  7, 12, 13]
    Truth table row=[<, >, =, >, =] ix=70 result=[9-] is correct

Test 9+:
    W0: [ 0,  1,  5,  7,  9] > [ 2,  3,  4,  6,  8]
    W1: [ 0,  1,  5,  7,  8, 10, 13] < [ 2,  3,  4,  6,  9, 11, 12]
    W2: [ 0,  1, 10, 12] = [ 2,  3,  4, 13]
    W3: [ 0,  1,  4,  5, 12] < [ 7,  8,  9, 11, 13]
    W4: [ 3,  4,  6, 10, 11] = [ 1,  5,  7, 12, 13]
    Truth table row=[>, <, =, <, =] ix=172 result=[9+] is correct

Test 10-:
    W0: [ 0,  1,  5,  7,  9] = [ 2,  3,  4,  6,  8]
    W1: [ 0,  1,  5,  7,  8, 10, 13] < [ 2,  3,  4,  6,  9, 11, 12]
    W2: [ 0,  1, 10, 12] < [ 2,  3,  4, 13]
    W3: [ 0,  1,  4,  5, 12] = [ 7,  8,  9, 11, 13]
    W4: [ 3,  4,  6, 10, 11] < [ 1,  5,  7, 12, 13]
    Truth table row=[=, <, <, =, <] ix=84 result=[10-] is correct

Test 10+:
    W0: [ 0,  1,  5,  7,  9] = [ 2,  3,  4,  6,  8]
    W1: [ 0,  1,  5,  7,  8, 10, 13] > [ 2,  3,  4,  6,  9, 11, 12]
    W2: [ 0,  1, 10, 12] > [ 2,  3,  4, 13]
    W3: [ 0,  1,  4,  5, 12] = [ 7,  8,  9, 11, 13]
    W4: [ 3,  4,  6, 10, 11] > [ 1,  5,  7, 12, 13]
    Truth table row=[=, >, >, =, >] ix=158 result=[10+] is correct

Test 11-:
    W0: [ 0,  1,  5,  7,  9] = [ 2,  3,  4,  6,  8]
    W1: [ 0,  1,  5,  7,  8, 10, 13] > [ 2,  3,  4,  6,  9, 11, 12]
    W2: [ 0,  1, 10, 12] = [ 2,  3,  4, 13]
    W3: [ 0,  1,  4,  5, 12] > [ 7,  8,  9, 11, 13]
    W4: [ 3,  4,  6, 10, 11] < [ 1,  5,  7, 12, 13]
    Truth table row=[=, >, =, >, <] ix=150 result=[11-] is correct

Test 11+:
    W0: [ 0,  1,  5,  7,  9] = [ 2,  3,  4,  6,  8]
    W1: [ 0,  1,  5,  7,  8, 10, 13] < [ 2,  3,  4,  6,  9, 11, 12]
    W2: [ 0,  1, 10, 12] = [ 2,  3,  4, 13]
    W3: [ 0,  1,  4,  5, 12] < [ 7,  8,  9, 11, 13]
    W4: [ 3,  4,  6, 10, 11] > [ 1,  5,  7, 12, 13]
    Truth table row=[=, <, =, <, >] ix=92 result=[11+] is correct

Test 12-:
    W0: [ 0,  1,  5,  7,  9] = [ 2,  3,  4,  6,  8]
    W1: [ 0,  1,  5,  7,  8, 10, 13] > [ 2,  3,  4,  6,  9, 11, 12]
    W2: [ 0,  1, 10, 12] < [ 2,  3,  4, 13]
    W3: [ 0,  1,  4,  5, 12] < [ 7,  8,  9, 11, 13]
    W4: [ 3,  4,  6, 10, 11] > [ 1,  5,  7, 12, 13]
    Truth table row=[=, >, <, <, >] ix=137 result=[12-] is correct

Test 12+:
    W0: [ 0,  1,  5,  7,  9] = [ 2,  3,  4,  6,  8]
    W1: [ 0,  1,  5,  7,  8, 10, 13] < [ 2,  3,  4,  6,  9, 11, 12]
    W2: [ 0,  1, 10, 12] > [ 2,  3,  4, 13]
    W3: [ 0,  1,  4,  5, 12] > [ 7,  8,  9, 11, 13]
    W4: [ 3,  4,  6, 10, 11] < [ 1,  5,  7, 12, 13]
    Truth table row=[=, <, >, >, <] ix=105 result=[12+] is correct

Test 13-:
    W0: [ 0,  1,  5,  7,  9] = [ 2,  3,  4,  6,  8]
    W1: [ 0,  1,  5,  7,  8, 10, 13] < [ 2,  3,  4,  6,  9, 11, 12]
    W2: [ 0,  1, 10, 12] > [ 2,  3,  4, 13]
    W3: [ 0,  1,  4,  5, 12] > [ 7,  8,  9, 11, 13]
    W4: [ 3,  4,  6, 10, 11] > [ 1,  5,  7, 12, 13]
    Truth table row=[=, <, >, >, >] ix=107 result=[13-] is correct

Test 13+:
    W0: [ 0,  1,  5,  7,  9] = [ 2,  3,  4,  6,  8]
    W1: [ 0,  1,  5,  7,  8, 10, 13] > [ 2,  3,  4,  6,  9, 11, 12]
    W2: [ 0,  1, 10, 12] < [ 2,  3,  4, 13]
    W3: [ 0,  1,  4,  5, 12] < [ 7,  8,  9, 11, 13]
    W4: [ 3,  4,  6, 10, 11] < [ 1,  5,  7, 12, 13]
    Truth table row=[=, >, <, <, <] ix=135 result=[13+] is correct

Total correct results: 28
Total incorrect results: 0
