Solving for 31 balls and 4 weighings

Solution:
W0: [ 0,  2,  4,  6,  8, 10, 12, 14, 16] <=> [ 1,  3,  5,  7,  9, 11, 13, 15, 17]
W1: [ 2,  3,  4,  8, 16, 17, 19, 24, 26, 30] <=> [ 0,  5,  9, 10, 13, 18, 21, 25, 27, 29]
W2: [ 2,  5,  7, 11, 13, 16, 23, 25, 26, 27, 28, 30] <=> [ 0,  1,  3,  4,  6,  9, 10, 15, 17, 21, 22, 24]
W3: [ 2,  3,  4,  5,  9, 14, 22, 23, 24, 25] <=> [ 0,  1,  6,  7, 17, 19, 20, 21, 26, 29]

Truth Table:
ix  W0  W1  W2  W3   Result
 0   <   <   <   <   2-
 1   <   <   <   =   16-
 2   <   <   <   >   9+
 3   <   <   =   <
 4   <   <   =   =   8-
 5   <   <   =   >
 6   <   <   >   <   4-
 7   <   <   >   =   13+
 8   <   <   >   >   5+
 9   <   =   <   <   1+
10   <   =   <   =   15+
11   <   =   <   >
12   <   =   =   <   14-
13   <   =   =   =   12-
14   <   =   =   >
15   <   =   >   <   7+
16   <   =   >   =   11+
17   <   =   >   >   6-
18   <   >   <   <   17+
19   <   >   <   =
20   <   >   <   >   3+
21   <   >   =   <
22   <   >   =   =
23   <   >   =   >
24   <   >   >   <
25   <   >   >   =   10-
26   <   >   >   >   0-
27   =   <   <   <   21+
28   =   <   <   =   30-
29   =   <   <   >   26-
30   =   <   =   <   29+
31   =   <   =   =   18+
32   =   <   =   >   19-
33   =   <   >   <   24-
34   =   <   >   =   27+
35   =   <   >   >   25+
36   =   =   <   <   23-
37   =   =   <   =   28-
38   =   =   <   >   22+
39   =   =   =   <   20+
40   =   =   =   =
41   =   =   =   >   20-
42   =   =   >   <   22-
43   =   =   >   =   28+
44   =   =   >   >   23+
45   =   >   <   <   25-
46   =   >   <   =   27-
47   =   >   <   >   24+
48   =   >   =   <   19+
49   =   >   =   =   18-
50   =   >   =   >   29-
51   =   >   >   <   26+
52   =   >   >   =   30+
53   =   >   >   >   21-
54   >   <   <   <   0+
55   >   <   <   =   10+
56   >   <   <   >
57   >   <   =   <
58   >   <   =   =
59   >   <   =   >
60   >   <   >   <   3-
61   >   <   >   =
62   >   <   >   >   17-
63   >   =   <   <   6+
64   >   =   <   =   11-
65   >   =   <   >   7-
66   >   =   =   <
67   >   =   =   =   12+
68   >   =   =   >   14+
69   >   =   >   <
70   >   =   >   =   15-
71   >   =   >   >   1-
72   >   >   <   <   5-
73   >   >   <   =   13-
74   >   >   <   >   4+
75   >   >   =   <
76   >   >   =   =   8+
77   >   >   =   >
78   >   >   >   <   9-
79   >   >   >   =   16+
80   >   >   >   >   2+

Test 0-:
    W0: [ 0,  2,  4,  6,  8, 10, 12, 14, 16] < [ 1,  3,  5,  7,  9, 11, 13, 15, 17]
    W1: [ 2,  3,  4,  8, 16, 17, 19, 24, 26, 30] > [ 0,  5,  9, 10, 13, 18, 21, 25, 27, 29]
    W2: [ 2,  5,  7, 11, 13, 16, 23, 25, 26, 27, 28, 30] > [ 0,  1,  3,  4,  6,  9, 10, 15, 17, 21, 22, 24]
    W3: [ 2,  3,  4,  5,  9, 14, 22, 23, 24, 25] > [ 0,  1,  6,  7, 17, 19, 20, 21, 26, 29]
    Truth table result: ['0-'] is correct

Test 0+:
    W0: [ 0,  2,  4,  6,  8, 10, 12, 14, 16] > [ 1,  3,  5,  7,  9, 11, 13, 15, 17]
    W1: [ 2,  3,  4,  8, 16, 17, 19, 24, 26, 30] < [ 0,  5,  9, 10, 13, 18, 21, 25, 27, 29]
    W2: [ 2,  5,  7, 11, 13, 16, 23, 25, 26, 27, 28, 30] < [ 0,  1,  3,  4,  6,  9, 10, 15, 17, 21, 22, 24]
    W3: [ 2,  3,  4,  5,  9, 14, 22, 23, 24, 25] < [ 0,  1,  6,  7, 17, 19, 20, 21, 26, 29]
    Truth table result: ['0+'] is correct

Test 1-:
    W0: [ 0,  2,  4,  6,  8, 10, 12, 14, 16] > [ 1,  3,  5,  7,  9, 11, 13, 15, 17]
    W1: [ 2,  3,  4,  8, 16, 17, 19, 24, 26, 30] = [ 0,  5,  9, 10, 13, 18, 21, 25, 27, 29]
    W2: [ 2,  5,  7, 11, 13, 16, 23, 25, 26, 27, 28, 30] > [ 0,  1,  3,  4,  6,  9, 10, 15, 17, 21, 22, 24]
    W3: [ 2,  3,  4,  5,  9, 14, 22, 23, 24, 25] > [ 0,  1,  6,  7, 17, 19, 20, 21, 26, 29]
    Truth table result: ['1-'] is correct

Test 1+:
    W0: [ 0,  2,  4,  6,  8, 10, 12, 14, 16] < [ 1,  3,  5,  7,  9, 11, 13, 15, 17]
    W1: [ 2,  3,  4,  8, 16, 17, 19, 24, 26, 30] = [ 0,  5,  9, 10, 13, 18, 21, 25, 27, 29]
    W2: [ 2,  5,  7, 11, 13, 16, 23, 25, 26, 27, 28, 30] < [ 0,  1,  3,  4,  6,  9, 10, 15, 17, 21, 22, 24]
    W3: [ 2,  3,  4,  5,  9, 14, 22, 23, 24, 25] < [ 0,  1,  6,  7, 17, 19, 20, 21, 26, 29]
    Truth table result: ['1+'] is correct

Test 2-:
    W0: [ 0,  2,  4,  6,  8, 10, 12, 14, 16] < [ 1,  3,  5,  7,  9, 11, 13, 15, 17]
    W1: [ 2,  3,  4,  8, 16, 17, 19, 24, 26, 30] < [ 0,  5,  9, 10, 13, 18, 21, 25, 27, 29]
    W2: [ 2,  5,  7, 11, 13, 16, 23, 25, 26, 27, 28, 30] < [ 0,  1,  3,  4,  6,  9, 10, 15, 17, 21, 22, 24]
    W3: [ 2,  3,  4,  5,  9, 14, 22, 23, 24, 25] < [ 0,  1,  6,  7, 17, 19, 20, 21, 26, 29]
    Truth table result: ['2-'] is correct

Test 2+:
    W0: [ 0,  2,  4,  6,  8, 10, 12, 14, 16] > [ 1,  3,  5,  7,  9, 11, 13, 15, 17]
    W1: [ 2,  3,  4,  8, 16, 17, 19, 24, 26, 30] > [ 0,  5,  9, 10, 13, 18, 21, 25, 27, 29]
    W2: [ 2,  5,  7, 11, 13, 16, 23, 25, 26, 27, 28, 30] > [ 0,  1,  3,  4,  6,  9, 10, 15, 17, 21, 22, 24]
    W3: [ 2,  3,  4,  5,  9, 14, 22, 23, 24, 25] > [ 0,  1,  6,  7, 17, 19, 20, 21, 26, 29]
    Truth table result: ['2+'] is correct

Test 3-:
    W0: [ 0,  2,  4,  6,  8, 10, 12, 14, 16] > [ 1,  3,  5,  7,  9, 11, 13, 15, 17]
    W1: [ 2,  3,  4,  8, 16, 17, 19, 24, 26, 30] < [ 0,  5,  9, 10, 13, 18, 21, 25, 27, 29]
    W2: [ 2,  5,  7, 11, 13, 16, 23, 25, 26, 27, 28, 30] > [ 0,  1,  3,  4,  6,  9, 10, 15, 17, 21, 22, 24]
    W3: [ 2,  3,  4,  5,  9, 14, 22, 23, 24, 25] < [ 0,  1,  6,  7, 17, 19, 20, 21, 26, 29]
    Truth table result: ['3-'] is correct

Test 3+:
    W0: [ 0,  2,  4,  6,  8, 10, 12, 14, 16] < [ 1,  3,  5,  7,  9, 11, 13, 15, 17]
    W1: [ 2,  3,  4,  8, 16, 17, 19, 24, 26, 30] > [ 0,  5,  9, 10, 13, 18, 21, 25, 27, 29]
    W2: [ 2,  5,  7, 11, 13, 16, 23, 25, 26, 27, 28, 30] < [ 0,  1,  3,  4,  6,  9, 10, 15, 17, 21, 22, 24]
    W3: [ 2,  3,  4,  5,  9, 14, 22, 23, 24, 25] > [ 0,  1,  6,  7, 17, 19, 20, 21, 26, 29]
    Truth table result: ['3+'] is correct

Test 4-:
    W0: [ 0,  2,  4,  6,  8, 10, 12, 14, 16] < [ 1,  3,  5,  7,  9, 11, 13, 15, 17]
    W1: [ 2,  3,  4,  8, 16, 17, 19, 24, 26, 30] < [ 0,  5,  9, 10, 13, 18, 21, 25, 27, 29]
    W2: [ 2,  5,  7, 11, 13, 16, 23, 25, 26, 27, 28, 30] > [ 0,  1,  3,  4,  6,  9, 10, 15, 17, 21, 22, 24]
    W3: [ 2,  3,  4,  5,  9, 14, 22, 23, 24, 25] < [ 0,  1,  6,  7, 17, 19, 20, 21, 26, 29]
    Truth table result: ['4-'] is correct

Test 4+:
    W0: [ 0,  2,  4,  6,  8, 10, 12, 14, 16] > [ 1,  3,  5,  7,  9, 11, 13, 15, 17]
    W1: [ 2,  3,  4,  8, 16, 17, 19, 24, 26, 30] > [ 0,  5,  9, 10, 13, 18, 21, 25, 27, 29]
    W2: [ 2,  5,  7, 11, 13, 16, 23, 25, 26, 27, 28, 30] < [ 0,  1,  3,  4,  6,  9, 10, 15, 17, 21, 22, 24]
    W3: [ 2,  3,  4,  5,  9, 14, 22, 23, 24, 25] > [ 0,  1,  6,  7, 17, 19, 20, 21, 26, 29]
    Truth table result: ['4+'] is correct

Test 5-:
    W0: [ 0,  2,  4,  6,  8, 10, 12, 14, 16] > [ 1,  3,  5,  7,  9, 11, 13, 15, 17]
    W1: [ 2,  3,  4,  8, 16, 17, 19, 24, 26, 30] > [ 0,  5,  9, 10, 13, 18, 21, 25, 27, 29]
    W2: [ 2,  5,  7, 11, 13, 16, 23, 25, 26, 27, 28, 30] < [ 0,  1,  3,  4,  6,  9, 10, 15, 17, 21, 22, 24]
    W3: [ 2,  3,  4,  5,  9, 14, 22, 23, 24, 25] < [ 0,  1,  6,  7, 17, 19, 20, 21, 26, 29]
    Truth table result: ['5-'] is correct

Test 5+:
    W0: [ 0,  2,  4,  6,  8, 10, 12, 14, 16] < [ 1,  3,  5,  7,  9, 11, 13, 15, 17]
    W1: [ 2,  3,  4,  8, 16, 17, 19, 24, 26, 30] < [ 0,  5,  9, 10, 13, 18, 21, 25, 27, 29]
    W2: [ 2,  5,  7, 11, 13, 16, 23, 25, 26, 27, 28, 30] > [ 0,  1,  3,  4,  6,  9, 10, 15, 17, 21, 22, 24]
    W3: [ 2,  3,  4,  5,  9, 14, 22, 23, 24, 25] > [ 0,  1,  6,  7, 17, 19, 20, 21, 26, 29]
    Truth table result: ['5+'] is correct

Test 6-:
    W0: [ 0,  2,  4,  6,  8, 10, 12, 14, 16] < [ 1,  3,  5,  7,  9, 11, 13, 15, 17]
    W1: [ 2,  3,  4,  8, 16, 17, 19, 24, 26, 30] = [ 0,  5,  9, 10, 13, 18, 21, 25, 27, 29]
    W2: [ 2,  5,  7, 11, 13, 16, 23, 25, 26, 27, 28, 30] > [ 0,  1,  3,  4,  6,  9, 10, 15, 17, 21, 22, 24]
    W3: [ 2,  3,  4,  5,  9, 14, 22, 23, 24, 25] > [ 0,  1,  6,  7, 17, 19, 20, 21, 26, 29]
    Truth table result: ['6-'] is correct

Test 6+:
    W0: [ 0,  2,  4,  6,  8, 10, 12, 14, 16] > [ 1,  3,  5,  7,  9, 11, 13, 15, 17]
    W1: [ 2,  3,  4,  8, 16, 17, 19, 24, 26, 30] = [ 0,  5,  9, 10, 13, 18, 21, 25, 27, 29]
    W2: [ 2,  5,  7, 11, 13, 16, 23, 25, 26, 27, 28, 30] < [ 0,  1,  3,  4,  6,  9, 10, 15, 17, 21, 22, 24]
    W3: [ 2,  3,  4,  5,  9, 14, 22, 23, 24, 25] < [ 0,  1,  6,  7, 17, 19, 20, 21, 26, 29]
    Truth table result: ['6+'] is correct

Test 7-:
    W0: [ 0,  2,  4,  6,  8, 10, 12, 14, 16] > [ 1,  3,  5,  7,  9, 11, 13, 15, 17]
    W1: [ 2,  3,  4,  8, 16, 17, 19, 24, 26, 30] = [ 0,  5,  9, 10, 13, 18, 21, 25, 27, 29]
    W2: [ 2,  5,  7, 11, 13, 16, 23, 25, 26, 27, 28, 30] < [ 0,  1,  3,  4,  6,  9, 10, 15, 17, 21, 22, 24]
    W3: [ 2,  3,  4,  5,  9, 14, 22, 23, 24, 25] > [ 0,  1,  6,  7, 17, 19, 20, 21, 26, 29]
    Truth table result: ['7-'] is correct

Test 7+:
    W0: [ 0,  2,  4,  6,  8, 10, 12, 14, 16] < [ 1,  3,  5,  7,  9, 11, 13, 15, 17]
    W1: [ 2,  3,  4,  8, 16, 17, 19, 24, 26, 30] = [ 0,  5,  9, 10, 13, 18, 21, 25, 27, 29]
    W2: [ 2,  5,  7, 11, 13, 16, 23, 25, 26, 27, 28, 30] > [ 0,  1,  3,  4,  6,  9, 10, 15, 17, 21, 22, 24]
    W3: [ 2,  3,  4,  5,  9, 14, 22, 23, 24, 25] < [ 0,  1,  6,  7, 17, 19, 20, 21, 26, 29]
    Truth table result: ['7+'] is correct

Test 8-:
    W0: [ 0,  2,  4,  6,  8, 10, 12, 14, 16] < [ 1,  3,  5,  7,  9, 11, 13, 15, 17]
    W1: [ 2,  3,  4,  8, 16, 17, 19, 24, 26, 30] < [ 0,  5,  9, 10, 13, 18, 21, 25, 27, 29]
    W2: [ 2,  5,  7, 11, 13, 16, 23, 25, 26, 27, 28, 30] = [ 0,  1,  3,  4,  6,  9, 10, 15, 17, 21, 22, 24]
    W3: [ 2,  3,  4,  5,  9, 14, 22, 23, 24, 25] = [ 0,  1,  6,  7, 17, 19, 20, 21, 26, 29]
    Truth table result: ['8-'] is correct

Test 8+:
    W0: [ 0,  2,  4,  6,  8, 10, 12, 14, 16] > [ 1,  3,  5,  7,  9, 11, 13, 15, 17]
    W1: [ 2,  3,  4,  8, 16, 17, 19, 24, 26, 30] > [ 0,  5,  9, 10, 13, 18, 21, 25, 27, 29]
    W2: [ 2,  5,  7, 11, 13, 16, 23, 25, 26, 27, 28, 30] = [ 0,  1,  3,  4,  6,  9, 10, 15, 17, 21, 22, 24]
    W3: [ 2,  3,  4,  5,  9, 14, 22, 23, 24, 25] = [ 0,  1,  6,  7, 17, 19, 20, 21, 26, 29]
    Truth table result: ['8+'] is correct

Test 9-:
    W0: [ 0,  2,  4,  6,  8, 10, 12, 14, 16] > [ 1,  3,  5,  7,  9, 11, 13, 15, 17]
    W1: [ 2,  3,  4,  8, 16, 17, 19, 24, 26, 30] > [ 0,  5,  9, 10, 13, 18, 21, 25, 27, 29]
    W2: [ 2,  5,  7, 11, 13, 16, 23, 25, 26, 27, 28, 30] > [ 0,  1,  3,  4,  6,  9, 10, 15, 17, 21, 22, 24]
    W3: [ 2,  3,  4,  5,  9, 14, 22, 23, 24, 25] < [ 0,  1,  6,  7, 17, 19, 20, 21, 26, 29]
    Truth table result: ['9-'] is correct

Test 9+:
    W0: [ 0,  2,  4,  6,  8, 10, 12, 14, 16] < [ 1,  3,  5,  7,  9, 11, 13, 15, 17]
    W1: [ 2,  3,  4,  8, 16, 17, 19, 24, 26, 30] < [ 0,  5,  9, 10, 13, 18, 21, 25, 27, 29]
    W2: [ 2,  5,  7, 11, 13, 16, 23, 25, 26, 27, 28, 30] < [ 0,  1,  3,  4,  6,  9, 10, 15, 17, 21, 22, 24]
    W3: [ 2,  3,  4,  5,  9, 14, 22, 23, 24, 25] > [ 0,  1,  6,  7, 17, 19, 20, 21, 26, 29]
    Truth table result: ['9+'] is correct

Test 10-:
    W0: [ 0,  2,  4,  6,  8, 10, 12, 14, 16] < [ 1,  3,  5,  7,  9, 11, 13, 15, 17]
    W1: [ 2,  3,  4,  8, 16, 17, 19, 24, 26, 30] > [ 0,  5,  9, 10, 13, 18, 21, 25, 27, 29]
    W2: [ 2,  5,  7, 11, 13, 16, 23, 25, 26, 27, 28, 30] > [ 0,  1,  3,  4,  6,  9, 10, 15, 17, 21, 22, 24]
    W3: [ 2,  3,  4,  5,  9, 14, 22, 23, 24, 25] = [ 0,  1,  6,  7, 17, 19, 20, 21, 26, 29]
    Truth table result: ['10-'] is correct

Test 10+:
    W0: [ 0,  2,  4,  6,  8, 10, 12, 14, 16] > [ 1,  3,  5,  7,  9, 11, 13, 15, 17]
    W1: [ 2,  3,  4,  8, 16, 17, 19, 24, 26, 30] < [ 0,  5,  9, 10, 13, 18, 21, 25, 27, 29]
    W2: [ 2,  5,  7, 11, 13, 16, 23, 25, 26, 27, 28, 30] < [ 0,  1,  3,  4,  6,  9, 10, 15, 17, 21, 22, 24]
    W3: [ 2,  3,  4,  5,  9, 14, 22, 23, 24, 25] = [ 0,  1,  6,  7, 17, 19, 20, 21, 26, 29]
    Truth table result: ['10+'] is correct

Test 11-:
    W0: [ 0,  2,  4,  6,  8, 10, 12, 14, 16] > [ 1,  3,  5,  7,  9, 11, 13, 15, 17]
    W1: [ 2,  3,  4,  8, 16, 17, 19, 24, 26, 30] = [ 0,  5,  9, 10, 13, 18, 21, 25, 27, 29]
    W2: [ 2,  5,  7, 11, 13, 16, 23, 25, 26, 27, 28, 30] < [ 0,  1,  3,  4,  6,  9, 10, 15, 17, 21, 22, 24]
    W3: [ 2,  3,  4,  5,  9, 14, 22, 23, 24, 25] = [ 0,  1,  6,  7, 17, 19, 20, 21, 26, 29]
    Truth table result: ['11-'] is correct

Test 11+:
    W0: [ 0,  2,  4,  6,  8, 10, 12, 14, 16] < [ 1,  3,  5,  7,  9, 11, 13, 15, 17]
    W1: [ 2,  3,  4,  8, 16, 17, 19, 24, 26, 30] = [ 0,  5,  9, 10, 13, 18, 21, 25, 27, 29]
    W2: [ 2,  5,  7, 11, 13, 16, 23, 25, 26, 27, 28, 30] > [ 0,  1,  3,  4,  6,  9, 10, 15, 17, 21, 22, 24]
    W3: [ 2,  3,  4,  5,  9, 14, 22, 23, 24, 25] = [ 0,  1,  6,  7, 17, 19, 20, 21, 26, 29]
    Truth table result: ['11+'] is correct

Test 12-:
    W0: [ 0,  2,  4,  6,  8, 10, 12, 14, 16] < [ 1,  3,  5,  7,  9, 11, 13, 15, 17]
    W1: [ 2,  3,  4,  8, 16, 17, 19, 24, 26, 30] = [ 0,  5,  9, 10, 13, 18, 21, 25, 27, 29]
    W2: [ 2,  5,  7, 11, 13, 16, 23, 25, 26, 27, 28, 30] = [ 0,  1,  3,  4,  6,  9, 10, 15, 17, 21, 22, 24]
    W3: [ 2,  3,  4,  5,  9, 14, 22, 23, 24, 25] = [ 0,  1,  6,  7, 17, 19, 20, 21, 26, 29]
    Truth table result: ['12-'] is correct

Test 12+:
    W0: [ 0,  2,  4,  6,  8, 10, 12, 14, 16] > [ 1,  3,  5,  7,  9, 11, 13, 15, 17]
    W1: [ 2,  3,  4,  8, 16, 17, 19, 24, 26, 30] = [ 0,  5,  9, 10, 13, 18, 21, 25, 27, 29]
    W2: [ 2,  5,  7, 11, 13, 16, 23, 25, 26, 27, 28, 30] = [ 0,  1,  3,  4,  6,  9, 10, 15, 17, 21, 22, 24]
    W3: [ 2,  3,  4,  5,  9, 14, 22, 23, 24, 25] = [ 0,  1,  6,  7, 17, 19, 20, 21, 26, 29]
    Truth table result: ['12+'] is correct

Test 13-:
    W0: [ 0,  2,  4,  6,  8, 10, 12, 14, 16] > [ 1,  3,  5,  7,  9, 11, 13, 15, 17]
    W1: [ 2,  3,  4,  8, 16, 17, 19, 24, 26, 30] > [ 0,  5,  9, 10, 13, 18, 21, 25, 27, 29]
    W2: [ 2,  5,  7, 11, 13, 16, 23, 25, 26, 27, 28, 30] < [ 0,  1,  3,  4,  6,  9, 10, 15, 17, 21, 22, 24]
    W3: [ 2,  3,  4,  5,  9, 14, 22, 23, 24, 25] = [ 0,  1,  6,  7, 17, 19, 20, 21, 26, 29]
    Truth table result: ['13-'] is correct

Test 13+:
    W0: [ 0,  2,  4,  6,  8, 10, 12, 14, 16] < [ 1,  3,  5,  7,  9, 11, 13, 15, 17]
    W1: [ 2,  3,  4,  8, 16, 17, 19, 24, 26, 30] < [ 0,  5,  9, 10, 13, 18, 21, 25, 27, 29]
    W2: [ 2,  5,  7, 11, 13, 16, 23, 25, 26, 27, 28, 30] > [ 0,  1,  3,  4,  6,  9, 10, 15, 17, 21, 22, 24]
    W3: [ 2,  3,  4,  5,  9, 14, 22, 23, 24, 25] = [ 0,  1,  6,  7, 17, 19, 20, 21, 26, 29]
    Truth table result: ['13+'] is correct

Test 14-:
    W0: [ 0,  2,  4,  6,  8, 10, 12, 14, 16] < [ 1,  3,  5,  7,  9, 11, 13, 15, 17]
    W1: [ 2,  3,  4,  8, 16, 17, 19, 24, 26, 30] = [ 0,  5,  9, 10, 13, 18, 21, 25, 27, 29]
    W2: [ 2,  5,  7, 11, 13, 16, 23, 25, 26, 27, 28, 30] = [ 0,  1,  3,  4,  6,  9, 10, 15, 17, 21, 22, 24]
    W3: [ 2,  3,  4,  5,  9, 14, 22, 23, 24, 25] < [ 0,  1,  6,  7, 17, 19, 20, 21, 26, 29]
    Truth table result: ['14-'] is correct

Test 14+:
    W0: [ 0,  2,  4,  6,  8, 10, 12, 14, 16] > [ 1,  3,  5,  7,  9, 11, 13, 15, 17]
    W1: [ 2,  3,  4,  8, 16, 17, 19, 24, 26, 30] = [ 0,  5,  9, 10, 13, 18, 21, 25, 27, 29]
    W2: [ 2,  5,  7, 11, 13, 16, 23, 25, 26, 27, 28, 30] = [ 0,  1,  3,  4,  6,  9, 10, 15, 17, 21, 22, 24]
    W3: [ 2,  3,  4,  5,  9, 14, 22, 23, 24, 25] > [ 0,  1,  6,  7, 17, 19, 20, 21, 26, 29]
    Truth table result: ['14+'] is correct

Test 15-:
    W0: [ 0,  2,  4,  6,  8, 10, 12, 14, 16] > [ 1,  3,  5,  7,  9, 11, 13, 15, 17]
    W1: [ 2,  3,  4,  8, 16, 17, 19, 24, 26, 30] = [ 0,  5,  9, 10, 13, 18, 21, 25, 27, 29]
    W2: [ 2,  5,  7, 11, 13, 16, 23, 25, 26, 27, 28, 30] > [ 0,  1,  3,  4,  6,  9, 10, 15, 17, 21, 22, 24]
    W3: [ 2,  3,  4,  5,  9, 14, 22, 23, 24, 25] = [ 0,  1,  6,  7, 17, 19, 20, 21, 26, 29]
    Truth table result: ['15-'] is correct

Test 15+:
    W0: [ 0,  2,  4,  6,  8, 10, 12, 14, 16] < [ 1,  3,  5,  7,  9, 11, 13, 15, 17]
    W1: [ 2,  3,  4,  8, 16, 17, 19, 24, 26, 30] = [ 0,  5,  9, 10, 13, 18, 21, 25, 27, 29]
    W2: [ 2,  5,  7, 11, 13, 16, 23, 25, 26, 27, 28, 30] < [ 0,  1,  3,  4,  6,  9, 10, 15, 17, 21, 22, 24]
    W3: [ 2,  3,  4,  5,  9, 14, 22, 23, 24, 25] = [ 0,  1,  6,  7, 17, 19, 20, 21, 26, 29]
    Truth table result: ['15+'] is correct

Test 16-:
    W0: [ 0,  2,  4,  6,  8, 10, 12, 14, 16] < [ 1,  3,  5,  7,  9, 11, 13, 15, 17]
    W1: [ 2,  3,  4,  8, 16, 17, 19, 24, 26, 30] < [ 0,  5,  9, 10, 13, 18, 21, 25, 27, 29]
    W2: [ 2,  5,  7, 11, 13, 16, 23, 25, 26, 27, 28, 30] < [ 0,  1,  3,  4,  6,  9, 10, 15, 17, 21, 22, 24]
    W3: [ 2,  3,  4,  5,  9, 14, 22, 23, 24, 25] = [ 0,  1,  6,  7, 17, 19, 20, 21, 26, 29]
    Truth table result: ['16-'] is correct

Test 16+:
    W0: [ 0,  2,  4,  6,  8, 10, 12, 14, 16] > [ 1,  3,  5,  7,  9, 11, 13, 15, 17]
    W1: [ 2,  3,  4,  8, 16, 17, 19, 24, 26, 30] > [ 0,  5,  9, 10, 13, 18, 21, 25, 27, 29]
    W2: [ 2,  5,  7, 11, 13, 16, 23, 25, 26, 27, 28, 30] > [ 0,  1,  3,  4,  6,  9, 10, 15, 17, 21, 22, 24]
    W3: [ 2,  3,  4,  5,  9, 14, 22, 23, 24, 25] = [ 0,  1,  6,  7, 17, 19, 20, 21, 26, 29]
    Truth table result: ['16+'] is correct

Test 17-:
    W0: [ 0,  2,  4,  6,  8, 10, 12, 14, 16] > [ 1,  3,  5,  7,  9, 11, 13, 15, 17]
    W1: [ 2,  3,  4,  8, 16, 17, 19, 24, 26, 30] < [ 0,  5,  9, 10, 13, 18, 21, 25, 27, 29]
    W2: [ 2,  5,  7, 11, 13, 16, 23, 25, 26, 27, 28, 30] > [ 0,  1,  3,  4,  6,  9, 10, 15, 17, 21, 22, 24]
    W3: [ 2,  3,  4,  5,  9, 14, 22, 23, 24, 25] > [ 0,  1,  6,  7, 17, 19, 20, 21, 26, 29]
    Truth table result: ['17-'] is correct

Test 17+:
    W0: [ 0,  2,  4,  6,  8, 10, 12, 14, 16] < [ 1,  3,  5,  7,  9, 11, 13, 15, 17]
    W1: [ 2,  3,  4,  8, 16, 17, 19, 24, 26, 30] > [ 0,  5,  9, 10, 13, 18, 21, 25, 27, 29]
    W2: [ 2,  5,  7, 11, 13, 16, 23, 25, 26, 27, 28, 30] < [ 0,  1,  3,  4,  6,  9, 10, 15, 17, 21, 22, 24]
    W3: [ 2,  3,  4,  5,  9, 14, 22, 23, 24, 25] < [ 0,  1,  6,  7, 17, 19, 20, 21, 26, 29]
    Truth table result: ['17+'] is correct

Test 18-:
    W0: [ 0,  2,  4,  6,  8, 10, 12, 14, 16] = [ 1,  3,  5,  7,  9, 11, 13, 15, 17]
    W1: [ 2,  3,  4,  8, 16, 17, 19, 24, 26, 30] > [ 0,  5,  9, 10, 13, 18, 21, 25, 27, 29]
    W2: [ 2,  5,  7, 11, 13, 16, 23, 25, 26, 27, 28, 30] = [ 0,  1,  3,  4,  6,  9, 10, 15, 17, 21, 22, 24]
    W3: [ 2,  3,  4,  5,  9, 14, 22, 23, 24, 25] = [ 0,  1,  6,  7, 17, 19, 20, 21, 26, 29]
    Truth table result: ['18-'] is correct

Test 18+:
    W0: [ 0,  2,  4,  6,  8, 10, 12, 14, 16] = [ 1,  3,  5,  7,  9, 11, 13, 15, 17]
    W1: [ 2,  3,  4,  8, 16, 17, 19, 24, 26, 30] < [ 0,  5,  9, 10, 13, 18, 21, 25, 27, 29]
    W2: [ 2,  5,  7, 11, 13, 16, 23, 25, 26, 27, 28, 30] = [ 0,  1,  3,  4,  6,  9, 10, 15, 17, 21, 22, 24]
    W3: [ 2,  3,  4,  5,  9, 14, 22, 23, 24, 25] = [ 0,  1,  6,  7, 17, 19, 20, 21, 26, 29]
    Truth table result: ['18+'] is correct

Test 19-:
    W0: [ 0,  2,  4,  6,  8, 10, 12, 14, 16] = [ 1,  3,  5,  7,  9, 11, 13, 15, 17]
    W1: [ 2,  3,  4,  8, 16, 17, 19, 24, 26, 30] < [ 0,  5,  9, 10, 13, 18, 21, 25, 27, 29]
    W2: [ 2,  5,  7, 11, 13, 16, 23, 25, 26, 27, 28, 30] = [ 0,  1,  3,  4,  6,  9, 10, 15, 17, 21, 22, 24]
    W3: [ 2,  3,  4,  5,  9, 14, 22, 23, 24, 25] > [ 0,  1,  6,  7, 17, 19, 20, 21, 26, 29]
    Truth table result: ['19-'] is correct

Test 19+:
    W0: [ 0,  2,  4,  6,  8, 10, 12, 14, 16] = [ 1,  3,  5,  7,  9, 11, 13, 15, 17]
    W1: [ 2,  3,  4,  8, 16, 17, 19, 24, 26, 30] > [ 0,  5,  9, 10, 13, 18, 21, 25, 27, 29]
    W2: [ 2,  5,  7, 11, 13, 16, 23, 25, 26, 27, 28, 30] = [ 0,  1,  3,  4,  6,  9, 10, 15, 17, 21, 22, 24]
    W3: [ 2,  3,  4,  5,  9, 14, 22, 23, 24, 25] < [ 0,  1,  6,  7, 17, 19, 20, 21, 26, 29]
    Truth table result: ['19+'] is correct

Test 20-:
    W0: [ 0,  2,  4,  6,  8, 10, 12, 14, 16] = [ 1,  3,  5,  7,  9, 11, 13, 15, 17]
    W1: [ 2,  3,  4,  8, 16, 17, 19, 24, 26, 30] = [ 0,  5,  9, 10, 13, 18, 21, 25, 27, 29]
    W2: [ 2,  5,  7, 11, 13, 16, 23, 25, 26, 27, 28, 30] = [ 0,  1,  3,  4,  6,  9, 10, 15, 17, 21, 22, 24]
    W3: [ 2,  3,  4,  5,  9, 14, 22, 23, 24, 25] > [ 0,  1,  6,  7, 17, 19, 20, 21, 26, 29]
    Truth table result: ['20-'] is correct

Test 20+:
    W0: [ 0,  2,  4,  6,  8, 10, 12, 14, 16] = [ 1,  3,  5,  7,  9, 11, 13, 15, 17]
    W1: [ 2,  3,  4,  8, 16, 17, 19, 24, 26, 30] = [ 0,  5,  9, 10, 13, 18, 21, 25, 27, 29]
    W2: [ 2,  5,  7, 11, 13, 16, 23, 25, 26, 27, 28, 30] = [ 0,  1,  3,  4,  6,  9, 10, 15, 17, 21, 22, 24]
    W3: [ 2,  3,  4,  5,  9, 14, 22, 23, 24, 25] < [ 0,  1,  6,  7, 17, 19, 20, 21, 26, 29]
    Truth table result: ['20+'] is correct

Test 21-:
    W0: [ 0,  2,  4,  6,  8, 10, 12, 14, 16] = [ 1,  3,  5,  7,  9, 11, 13, 15, 17]
    W1: [ 2,  3,  4,  8, 16, 17, 19, 24, 26, 30] > [ 0,  5,  9, 10, 13, 18, 21, 25, 27, 29]
    W2: [ 2,  5,  7, 11, 13, 16, 23, 25, 26, 27, 28, 30] > [ 0,  1,  3,  4,  6,  9, 10, 15, 17, 21, 22, 24]
    W3: [ 2,  3,  4,  5,  9, 14, 22, 23, 24, 25] > [ 0,  1,  6,  7, 17, 19, 20, 21, 26, 29]
    Truth table result: ['21-'] is correct

Test 21+:
    W0: [ 0,  2,  4,  6,  8, 10, 12, 14, 16] = [ 1,  3,  5,  7,  9, 11, 13, 15, 17]
    W1: [ 2,  3,  4,  8, 16, 17, 19, 24, 26, 30] < [ 0,  5,  9, 10, 13, 18, 21, 25, 27, 29]
    W2: [ 2,  5,  7, 11, 13, 16, 23, 25, 26, 27, 28, 30] < [ 0,  1,  3,  4,  6,  9, 10, 15, 17, 21, 22, 24]
    W3: [ 2,  3,  4,  5,  9, 14, 22, 23, 24, 25] < [ 0,  1,  6,  7, 17, 19, 20, 21, 26, 29]
    Truth table result: ['21+'] is correct

Test 22-:
    W0: [ 0,  2,  4,  6,  8, 10, 12, 14, 16] = [ 1,  3,  5,  7,  9, 11, 13, 15, 17]
    W1: [ 2,  3,  4,  8, 16, 17, 19, 24, 26, 30] = [ 0,  5,  9, 10, 13, 18, 21, 25, 27, 29]
    W2: [ 2,  5,  7, 11, 13, 16, 23, 25, 26, 27, 28, 30] > [ 0,  1,  3,  4,  6,  9, 10, 15, 17, 21, 22, 24]
    W3: [ 2,  3,  4,  5,  9, 14, 22, 23, 24, 25] < [ 0,  1,  6,  7, 17, 19, 20, 21, 26, 29]
    Truth table result: ['22-'] is correct

Test 22+:
    W0: [ 0,  2,  4,  6,  8, 10, 12, 14, 16] = [ 1,  3,  5,  7,  9, 11, 13, 15, 17]
    W1: [ 2,  3,  4,  8, 16, 17, 19, 24, 26, 30] = [ 0,  5,  9, 10, 13, 18, 21, 25, 27, 29]
    W2: [ 2,  5,  7, 11, 13, 16, 23, 25, 26, 27, 28, 30] < [ 0,  1,  3,  4,  6,  9, 10, 15, 17, 21, 22, 24]
    W3: [ 2,  3,  4,  5,  9, 14, 22, 23, 24, 25] > [ 0,  1,  6,  7, 17, 19, 20, 21, 26, 29]
    Truth table result: ['22+'] is correct

Test 23-:
    W0: [ 0,  2,  4,  6,  8, 10, 12, 14, 16] = [ 1,  3,  5,  7,  9, 11, 13, 15, 17]
    W1: [ 2,  3,  4,  8, 16, 17, 19, 24, 26, 30] = [ 0,  5,  9, 10, 13, 18, 21, 25, 27, 29]
    W2: [ 2,  5,  7, 11, 13, 16, 23, 25, 26, 27, 28, 30] < [ 0,  1,  3,  4,  6,  9, 10, 15, 17, 21, 22, 24]
    W3: [ 2,  3,  4,  5,  9, 14, 22, 23, 24, 25] < [ 0,  1,  6,  7, 17, 19, 20, 21, 26, 29]
    Truth table result: ['23-'] is correct

Test 23+:
    W0: [ 0,  2,  4,  6,  8, 10, 12, 14, 16] = [ 1,  3,  5,  7,  9, 11, 13, 15, 17]
    W1: [ 2,  3,  4,  8, 16, 17, 19, 24, 26, 30] = [ 0,  5,  9, 10, 13, 18, 21, 25, 27, 29]
    W2: [ 2,  5,  7, 11, 13, 16, 23, 25, 26, 27, 28, 30] > [ 0,  1,  3,  4,  6,  9, 10, 15, 17, 21, 22, 24]
    W3: [ 2,  3,  4,  5,  9, 14, 22, 23, 24, 25] > [ 0,  1,  6,  7, 17, 19, 20, 21, 26, 29]
    Truth table result: ['23+'] is correct

Test 24-:
    W0: [ 0,  2,  4,  6,  8, 10, 12, 14, 16] = [ 1,  3,  5,  7,  9, 11, 13, 15, 17]
    W1: [ 2,  3,  4,  8, 16, 17, 19, 24, 26, 30] < [ 0,  5,  9, 10, 13, 18, 21, 25, 27, 29]
    W2: [ 2,  5,  7, 11, 13, 16, 23, 25, 26, 27, 28, 30] > [ 0,  1,  3,  4,  6,  9, 10, 15, 17, 21, 22, 24]
    W3: [ 2,  3,  4,  5,  9, 14, 22, 23, 24, 25] < [ 0,  1,  6,  7, 17, 19, 20, 21, 26, 29]
    Truth table result: ['24-'] is correct

Test 24+:
    W0: [ 0,  2,  4,  6,  8, 10, 12, 14, 16] = [ 1,  3,  5,  7,  9, 11, 13, 15, 17]
    W1: [ 2,  3,  4,  8, 16, 17, 19, 24, 26, 30] > [ 0,  5,  9, 10, 13, 18, 21, 25, 27, 29]
    W2: [ 2,  5,  7, 11, 13, 16, 23, 25, 26, 27, 28, 30] < [ 0,  1,  3,  4,  6,  9, 10, 15, 17, 21, 22, 24]
    W3: [ 2,  3,  4,  5,  9, 14, 22, 23, 24, 25] > [ 0,  1,  6,  7, 17, 19, 20, 21, 26, 29]
    Truth table result: ['24+'] is correct

Test 25-:
    W0: [ 0,  2,  4,  6,  8, 10, 12, 14, 16] = [ 1,  3,  5,  7,  9, 11, 13, 15, 17]
    W1: [ 2,  3,  4,  8, 16, 17, 19, 24, 26, 30] > [ 0,  5,  9, 10, 13, 18, 21, 25, 27, 29]
    W2: [ 2,  5,  7, 11, 13, 16, 23, 25, 26, 27, 28, 30] < [ 0,  1,  3,  4,  6,  9, 10, 15, 17, 21, 22, 24]
    W3: [ 2,  3,  4,  5,  9, 14, 22, 23, 24, 25] < [ 0,  1,  6,  7, 17, 19, 20, 21, 26, 29]
    Truth table result: ['25-'] is correct

Test 25+:
    W0: [ 0,  2,  4,  6,  8, 10, 12, 14, 16] = [ 1,  3,  5,  7,  9, 11, 13, 15, 17]
    W1: [ 2,  3,  4,  8, 16, 17, 19, 24, 26, 30] < [ 0,  5,  9, 10, 13, 18, 21, 25, 27, 29]
    W2: [ 2,  5,  7, 11, 13, 16, 23, 25, 26, 27, 28, 30] > [ 0,  1,  3,  4,  6,  9, 10, 15, 17, 21, 22, 24]
    W3: [ 2,  3,  4,  5,  9, 14, 22, 23, 24, 25] > [ 0,  1,  6,  7, 17, 19, 20, 21, 26, 29]
    Truth table result: ['25+'] is correct

Test 26-:
    W0: [ 0,  2,  4,  6,  8, 10, 12, 14, 16] = [ 1,  3,  5,  7,  9, 11, 13, 15, 17]
    W1: [ 2,  3,  4,  8, 16, 17, 19, 24, 26, 30] < [ 0,  5,  9, 10, 13, 18, 21, 25, 27, 29]
    W2: [ 2,  5,  7, 11, 13, 16, 23, 25, 26, 27, 28, 30] < [ 0,  1,  3,  4,  6,  9, 10, 15, 17, 21, 22, 24]
    W3: [ 2,  3,  4,  5,  9, 14, 22, 23, 24, 25] > [ 0,  1,  6,  7, 17, 19, 20, 21, 26, 29]
    Truth table result: ['26-'] is correct

Test 26+:
    W0: [ 0,  2,  4,  6,  8, 10, 12, 14, 16] = [ 1,  3,  5,  7,  9, 11, 13, 15, 17]
    W1: [ 2,  3,  4,  8, 16, 17, 19, 24, 26, 30] > [ 0,  5,  9, 10, 13, 18, 21, 25, 27, 29]
    W2: [ 2,  5,  7, 11, 13, 16, 23, 25, 26, 27, 28, 30] > [ 0,  1,  3,  4,  6,  9, 10, 15, 17, 21, 22, 24]
    W3: [ 2,  3,  4,  5,  9, 14, 22, 23, 24, 25] < [ 0,  1,  6,  7, 17, 19, 20, 21, 26, 29]
    Truth table result: ['26+'] is correct

Test 27-:
    W0: [ 0,  2,  4,  6,  8, 10, 12, 14, 16] = [ 1,  3,  5,  7,  9, 11, 13, 15, 17]
    W1: [ 2,  3,  4,  8, 16, 17, 19, 24, 26, 30] > [ 0,  5,  9, 10, 13, 18, 21, 25, 27, 29]
    W2: [ 2,  5,  7, 11, 13, 16, 23, 25, 26, 27, 28, 30] < [ 0,  1,  3,  4,  6,  9, 10, 15, 17, 21, 22, 24]
    W3: [ 2,  3,  4,  5,  9, 14, 22, 23, 24, 25] = [ 0,  1,  6,  7, 17, 19, 20, 21, 26, 29]
    Truth table result: ['27-'] is correct

Test 27+:
    W0: [ 0,  2,  4,  6,  8, 10, 12, 14, 16] = [ 1,  3,  5,  7,  9, 11, 13, 15, 17]
    W1: [ 2,  3,  4,  8, 16, 17, 19, 24, 26, 30] < [ 0,  5,  9, 10, 13, 18, 21, 25, 27, 29]
    W2: [ 2,  5,  7, 11, 13, 16, 23, 25, 26, 27, 28, 30] > [ 0,  1,  3,  4,  6,  9, 10, 15, 17, 21, 22, 24]
    W3: [ 2,  3,  4,  5,  9, 14, 22, 23, 24, 25] = [ 0,  1,  6,  7, 17, 19, 20, 21, 26, 29]
    Truth table result: ['27+'] is correct

Test 28-:
    W0: [ 0,  2,  4,  6,  8, 10, 12, 14, 16] = [ 1,  3,  5,  7,  9, 11, 13, 15, 17]
    W1: [ 2,  3,  4,  8, 16, 17, 19, 24, 26, 30] = [ 0,  5,  9, 10, 13, 18, 21, 25, 27, 29]
    W2: [ 2,  5,  7, 11, 13, 16, 23, 25, 26, 27, 28, 30] < [ 0,  1,  3,  4,  6,  9, 10, 15, 17, 21, 22, 24]
    W3: [ 2,  3,  4,  5,  9, 14, 22, 23, 24, 25] = [ 0,  1,  6,  7, 17, 19, 20, 21, 26, 29]
    Truth table result: ['28-'] is correct

Test 28+:
    W0: [ 0,  2,  4,  6,  8, 10, 12, 14, 16] = [ 1,  3,  5,  7,  9, 11, 13, 15, 17]
    W1: [ 2,  3,  4,  8, 16, 17, 19, 24, 26, 30] = [ 0,  5,  9, 10, 13, 18, 21, 25, 27, 29]
    W2: [ 2,  5,  7, 11, 13, 16, 23, 25, 26, 27, 28, 30] > [ 0,  1,  3,  4,  6,  9, 10, 15, 17, 21, 22, 24]
    W3: [ 2,  3,  4,  5,  9, 14, 22, 23, 24, 25] = [ 0,  1,  6,  7, 17, 19, 20, 21, 26, 29]
    Truth table result: ['28+'] is correct

Test 29-:
    W0: [ 0,  2,  4,  6,  8, 10, 12, 14, 16] = [ 1,  3,  5,  7,  9, 11, 13, 15, 17]
    W1: [ 2,  3,  4,  8, 16, 17, 19, 24, 26, 30] > [ 0,  5,  9, 10, 13, 18, 21, 25, 27, 29]
    W2: [ 2,  5,  7, 11, 13, 16, 23, 25, 26, 27, 28, 30] = [ 0,  1,  3,  4,  6,  9, 10, 15, 17, 21, 22, 24]
    W3: [ 2,  3,  4,  5,  9, 14, 22, 23, 24, 25] > [ 0,  1,  6,  7, 17, 19, 20, 21, 26, 29]
    Truth table result: ['29-'] is correct

Test 29+:
    W0: [ 0,  2,  4,  6,  8, 10, 12, 14, 16] = [ 1,  3,  5,  7,  9, 11, 13, 15, 17]
    W1: [ 2,  3,  4,  8, 16, 17, 19, 24, 26, 30] < [ 0,  5,  9, 10, 13, 18, 21, 25, 27, 29]
    W2: [ 2,  5,  7, 11, 13, 16, 23, 25, 26, 27, 28, 30] = [ 0,  1,  3,  4,  6,  9, 10, 15, 17, 21, 22, 24]
    W3: [ 2,  3,  4,  5,  9, 14, 22, 23, 24, 25] < [ 0,  1,  6,  7, 17, 19, 20, 21, 26, 29]
    Truth table result: ['29+'] is correct

Test 30-:
    W0: [ 0,  2,  4,  6,  8, 10, 12, 14, 16] = [ 1,  3,  5,  7,  9, 11, 13, 15, 17]
    W1: [ 2,  3,  4,  8, 16, 17, 19, 24, 26, 30] < [ 0,  5,  9, 10, 13, 18, 21, 25, 27, 29]
    W2: [ 2,  5,  7, 11, 13, 16, 23, 25, 26, 27, 28, 30] < [ 0,  1,  3,  4,  6,  9, 10, 15, 17, 21, 22, 24]
    W3: [ 2,  3,  4,  5,  9, 14, 22, 23, 24, 25] = [ 0,  1,  6,  7, 17, 19, 20, 21, 26, 29]
    Truth table result: ['30-'] is correct

Test 30+:
    W0: [ 0,  2,  4,  6,  8, 10, 12, 14, 16] = [ 1,  3,  5,  7,  9, 11, 13, 15, 17]
    W1: [ 2,  3,  4,  8, 16, 17, 19, 24, 26, 30] > [ 0,  5,  9, 10, 13, 18, 21, 25, 27, 29]
    W2: [ 2,  5,  7, 11, 13, 16, 23, 25, 26, 27, 28, 30] > [ 0,  1,  3,  4,  6,  9, 10, 15, 17, 21, 22, 24]
    W3: [ 2,  3,  4,  5,  9, 14, 22, 23, 24, 25] = [ 0,  1,  6,  7, 17, 19, 20, 21, 26, 29]
    Truth table result: ['30+'] is correct

Total correct results: 62
Total incorrect results: 0
