Solving for 25 balls and 4 weighings.
Using symmetry breaking strategy TruthTableAscending.

Solution:
W0: [ 0,  1,  2,  5,  6, 11, 14, 15, 16, 19] <=> [ 3,  4,  7,  8,  9, 10, 12, 13, 17, 18]
W1: [ 0,  1,  2,  5,  6, 17, 18, 21, 23] <=> [ 3,  4,  7,  8, 16, 19, 20, 22, 24]
W2: [ 0,  1,  2,  7,  8, 11, 16, 22, 24] <=> [ 6,  9, 10, 14, 15, 17, 19, 20, 23]
W3: [ 0,  6,  8, 14, 16, 18, 19, 20, 24] <=> [ 2,  3,  5,  9, 11, 12, 15, 21, 22]

Truth Table:
ix  W0  W1  W2  W3   Result
 0   <   <   <   <   0-
 1   <   <   <   =   1-
 2   <   <   <   >   2-
 3   <   <   =   <   3+
 4   <   <   =   =   4+
 5   <   <   =   >   5-
 6   <   <   >   <   6-
 7   <   <   >   =   7+
 8   <   <   >   >   8+
 9   <   =   <   <   9+
10   <   =   <   =   10+
11   <   =   <   >   11-
12   <   =   =   <   12+
13   <   =   =   =   13+
14   <   =   =   >
15   <   =   >   <   14-
16   <   =   >   =
17   <   =   >   >   15-
18   <   >   <   <   16-
19   <   >   <   =   17+
20   <   >   <   >
21   <   >   =   <
22   <   >   =   =
23   <   >   =   >   18+
24   <   >   >   <   19-
25   <   >   >   =
26   <   >   >   >
27   =   <   <   <
28   =   <   <   =
29   =   <   <   >   20+
30   =   <   =   <
31   =   <   =   =
32   =   <   =   >   21-
33   =   <   >   <   22+
34   =   <   >   =   23-
35   =   <   >   >   24+
36   =   =   <   <
37   =   =   <   =
38   =   =   <   >
39   =   =   =   <
40   =   =   =   =
41   =   =   =   >
42   =   =   >   <
43   =   =   >   =
44   =   =   >   >
45   =   >   <   <   24-
46   =   >   <   =   23+
47   =   >   <   >   22-
48   =   >   =   <   21+
49   =   >   =   =
50   =   >   =   >
51   =   >   >   <   20-
52   =   >   >   =
53   =   >   >   >
54   >   <   <   <
55   >   <   <   =
56   >   <   <   >   19+
57   >   <   =   <   18-
58   >   <   =   =
59   >   <   =   >
60   >   <   >   <
61   >   <   >   =   17-
62   >   <   >   >   16+
63   >   =   <   <   15+
64   >   =   <   =
65   >   =   <   >   14+
66   >   =   =   <
67   >   =   =   =   13-
68   >   =   =   >   12-
69   >   =   >   <   11+
70   >   =   >   =   10-
71   >   =   >   >   9-
72   >   >   <   <   8-
73   >   >   <   =   7-
74   >   >   <   >   6+
75   >   >   =   <   5+
76   >   >   =   =   4-
77   >   >   =   >   3-
78   >   >   >   <   2+
79   >   >   >   =   1+
80   >   >   >   >   0+

Test 0-:
    W0: [ 0,  1,  2,  5,  6, 11, 14, 15, 16, 19] < [ 3,  4,  7,  8,  9, 10, 12, 13, 17, 18]
    W1: [ 0,  1,  2,  5,  6, 17, 18, 21, 23] < [ 3,  4,  7,  8, 16, 19, 20, 22, 24]
    W2: [ 0,  1,  2,  7,  8, 11, 16, 22, 24] < [ 6,  9, 10, 14, 15, 17, 19, 20, 23]
    W3: [ 0,  6,  8, 14, 16, 18, 19, 20, 24] < [ 2,  3,  5,  9, 11, 12, 15, 21, 22]
    Truth table row=[<, <, <, <] ix=0 result=[0-] is correct

Test 0+:
    W0: [ 0,  1,  2,  5,  6, 11, 14, 15, 16, 19] > [ 3,  4,  7,  8,  9, 10, 12, 13, 17, 18]
    W1: [ 0,  1,  2,  5,  6, 17, 18, 21, 23] > [ 3,  4,  7,  8, 16, 19, 20, 22, 24]
    W2: [ 0,  1,  2,  7,  8, 11, 16, 22, 24] > [ 6,  9, 10, 14, 15, 17, 19, 20, 23]
    W3: [ 0,  6,  8, 14, 16, 18, 19, 20, 24] > [ 2,  3,  5,  9, 11, 12, 15, 21, 22]
    Truth table row=[>, >, >, >] ix=80 result=[0+] is correct

Test 1-:
    W0: [ 0,  1,  2,  5,  6, 11, 14, 15, 16, 19] < [ 3,  4,  7,  8,  9, 10, 12, 13, 17, 18]
    W1: [ 0,  1,  2,  5,  6, 17, 18, 21, 23] < [ 3,  4,  7,  8, 16, 19, 20, 22, 24]
    W2: [ 0,  1,  2,  7,  8, 11, 16, 22, 24] < [ 6,  9, 10, 14, 15, 17, 19, 20, 23]
    W3: [ 0,  6,  8, 14, 16, 18, 19, 20, 24] = [ 2,  3,  5,  9, 11, 12, 15, 21, 22]
    Truth table row=[<, <, <, =] ix=1 result=[1-] is correct

Test 1+:
    W0: [ 0,  1,  2,  5,  6, 11, 14, 15, 16, 19] > [ 3,  4,  7,  8,  9, 10, 12, 13, 17, 18]
    W1: [ 0,  1,  2,  5,  6, 17, 18, 21, 23] > [ 3,  4,  7,  8, 16, 19, 20, 22, 24]
    W2: [ 0,  1,  2,  7,  8, 11, 16, 22, 24] > [ 6,  9, 10, 14, 15, 17, 19, 20, 23]
    W3: [ 0,  6,  8, 14, 16, 18, 19, 20, 24] = [ 2,  3,  5,  9, 11, 12, 15, 21, 22]
    Truth table row=[>, >, >, =] ix=79 result=[1+] is correct

Test 2-:
    W0: [ 0,  1,  2,  5,  6, 11, 14, 15, 16, 19] < [ 3,  4,  7,  8,  9, 10, 12, 13, 17, 18]
    W1: [ 0,  1,  2,  5,  6, 17, 18, 21, 23] < [ 3,  4,  7,  8, 16, 19, 20, 22, 24]
    W2: [ 0,  1,  2,  7,  8, 11, 16, 22, 24] < [ 6,  9, 10, 14, 15, 17, 19, 20, 23]
    W3: [ 0,  6,  8, 14, 16, 18, 19, 20, 24] > [ 2,  3,  5,  9, 11, 12, 15, 21, 22]
    Truth table row=[<, <, <, >] ix=2 result=[2-] is correct

Test 2+:
    W0: [ 0,  1,  2,  5,  6, 11, 14, 15, 16, 19] > [ 3,  4,  7,  8,  9, 10, 12, 13, 17, 18]
    W1: [ 0,  1,  2,  5,  6, 17, 18, 21, 23] > [ 3,  4,  7,  8, 16, 19, 20, 22, 24]
    W2: [ 0,  1,  2,  7,  8, 11, 16, 22, 24] > [ 6,  9, 10, 14, 15, 17, 19, 20, 23]
    W3: [ 0,  6,  8, 14, 16, 18, 19, 20, 24] < [ 2,  3,  5,  9, 11, 12, 15, 21, 22]
    Truth table row=[>, >, >, <] ix=78 result=[2+] is correct

Test 3-:
    W0: [ 0,  1,  2,  5,  6, 11, 14, 15, 16, 19] > [ 3,  4,  7,  8,  9, 10, 12, 13, 17, 18]
    W1: [ 0,  1,  2,  5,  6, 17, 18, 21, 23] > [ 3,  4,  7,  8, 16, 19, 20, 22, 24]
    W2: [ 0,  1,  2,  7,  8, 11, 16, 22, 24] = [ 6,  9, 10, 14, 15, 17, 19, 20, 23]
    W3: [ 0,  6,  8, 14, 16, 18, 19, 20, 24] > [ 2,  3,  5,  9, 11, 12, 15, 21, 22]
    Truth table row=[>, >, =, >] ix=77 result=[3-] is correct

Test 3+:
    W0: [ 0,  1,  2,  5,  6, 11, 14, 15, 16, 19] < [ 3,  4,  7,  8,  9, 10, 12, 13, 17, 18]
    W1: [ 0,  1,  2,  5,  6, 17, 18, 21, 23] < [ 3,  4,  7,  8, 16, 19, 20, 22, 24]
    W2: [ 0,  1,  2,  7,  8, 11, 16, 22, 24] = [ 6,  9, 10, 14, 15, 17, 19, 20, 23]
    W3: [ 0,  6,  8, 14, 16, 18, 19, 20, 24] < [ 2,  3,  5,  9, 11, 12, 15, 21, 22]
    Truth table row=[<, <, =, <] ix=3 result=[3+] is correct

Test 4-:
    W0: [ 0,  1,  2,  5,  6, 11, 14, 15, 16, 19] > [ 3,  4,  7,  8,  9, 10, 12, 13, 17, 18]
    W1: [ 0,  1,  2,  5,  6, 17, 18, 21, 23] > [ 3,  4,  7,  8, 16, 19, 20, 22, 24]
    W2: [ 0,  1,  2,  7,  8, 11, 16, 22, 24] = [ 6,  9, 10, 14, 15, 17, 19, 20, 23]
    W3: [ 0,  6,  8, 14, 16, 18, 19, 20, 24] = [ 2,  3,  5,  9, 11, 12, 15, 21, 22]
    Truth table row=[>, >, =, =] ix=76 result=[4-] is correct

Test 4+:
    W0: [ 0,  1,  2,  5,  6, 11, 14, 15, 16, 19] < [ 3,  4,  7,  8,  9, 10, 12, 13, 17, 18]
    W1: [ 0,  1,  2,  5,  6, 17, 18, 21, 23] < [ 3,  4,  7,  8, 16, 19, 20, 22, 24]
    W2: [ 0,  1,  2,  7,  8, 11, 16, 22, 24] = [ 6,  9, 10, 14, 15, 17, 19, 20, 23]
    W3: [ 0,  6,  8, 14, 16, 18, 19, 20, 24] = [ 2,  3,  5,  9, 11, 12, 15, 21, 22]
    Truth table row=[<, <, =, =] ix=4 result=[4+] is correct

Test 5-:
    W0: [ 0,  1,  2,  5,  6, 11, 14, 15, 16, 19] < [ 3,  4,  7,  8,  9, 10, 12, 13, 17, 18]
    W1: [ 0,  1,  2,  5,  6, 17, 18, 21, 23] < [ 3,  4,  7,  8, 16, 19, 20, 22, 24]
    W2: [ 0,  1,  2,  7,  8, 11, 16, 22, 24] = [ 6,  9, 10, 14, 15, 17, 19, 20, 23]
    W3: [ 0,  6,  8, 14, 16, 18, 19, 20, 24] > [ 2,  3,  5,  9, 11, 12, 15, 21, 22]
    Truth table row=[<, <, =, >] ix=5 result=[5-] is correct

Test 5+:
    W0: [ 0,  1,  2,  5,  6, 11, 14, 15, 16, 19] > [ 3,  4,  7,  8,  9, 10, 12, 13, 17, 18]
    W1: [ 0,  1,  2,  5,  6, 17, 18, 21, 23] > [ 3,  4,  7,  8, 16, 19, 20, 22, 24]
    W2: [ 0,  1,  2,  7,  8, 11, 16, 22, 24] = [ 6,  9, 10, 14, 15, 17, 19, 20, 23]
    W3: [ 0,  6,  8, 14, 16, 18, 19, 20, 24] < [ 2,  3,  5,  9, 11, 12, 15, 21, 22]
    Truth table row=[>, >, =, <] ix=75 result=[5+] is correct

Test 6-:
    W0: [ 0,  1,  2,  5,  6, 11, 14, 15, 16, 19] < [ 3,  4,  7,  8,  9, 10, 12, 13, 17, 18]
    W1: [ 0,  1,  2,  5,  6, 17, 18, 21, 23] < [ 3,  4,  7,  8, 16, 19, 20, 22, 24]
    W2: [ 0,  1,  2,  7,  8, 11, 16, 22, 24] > [ 6,  9, 10, 14, 15, 17, 19, 20, 23]
    W3: [ 0,  6,  8, 14, 16, 18, 19, 20, 24] < [ 2,  3,  5,  9, 11, 12, 15, 21, 22]
    Truth table row=[<, <, >, <] ix=6 result=[6-] is correct

Test 6+:
    W0: [ 0,  1,  2,  5,  6, 11, 14, 15, 16, 19] > [ 3,  4,  7,  8,  9, 10, 12, 13, 17, 18]
    W1: [ 0,  1,  2,  5,  6, 17, 18, 21, 23] > [ 3,  4,  7,  8, 16, 19, 20, 22, 24]
    W2: [ 0,  1,  2,  7,  8, 11, 16, 22, 24] < [ 6,  9, 10, 14, 15, 17, 19, 20, 23]
    W3: [ 0,  6,  8, 14, 16, 18, 19, 20, 24] > [ 2,  3,  5,  9, 11, 12, 15, 21, 22]
    Truth table row=[>, >, <, >] ix=74 result=[6+] is correct

Test 7-:
    W0: [ 0,  1,  2,  5,  6, 11, 14, 15, 16, 19] > [ 3,  4,  7,  8,  9, 10, 12, 13, 17, 18]
    W1: [ 0,  1,  2,  5,  6, 17, 18, 21, 23] > [ 3,  4,  7,  8, 16, 19, 20, 22, 24]
    W2: [ 0,  1,  2,  7,  8, 11, 16, 22, 24] < [ 6,  9, 10, 14, 15, 17, 19, 20, 23]
    W3: [ 0,  6,  8, 14, 16, 18, 19, 20, 24] = [ 2,  3,  5,  9, 11, 12, 15, 21, 22]
    Truth table row=[>, >, <, =] ix=73 result=[7-] is correct

Test 7+:
    W0: [ 0,  1,  2,  5,  6, 11, 14, 15, 16, 19] < [ 3,  4,  7,  8,  9, 10, 12, 13, 17, 18]
    W1: [ 0,  1,  2,  5,  6, 17, 18, 21, 23] < [ 3,  4,  7,  8, 16, 19, 20, 22, 24]
    W2: [ 0,  1,  2,  7,  8, 11, 16, 22, 24] > [ 6,  9, 10, 14, 15, 17, 19, 20, 23]
    W3: [ 0,  6,  8, 14, 16, 18, 19, 20, 24] = [ 2,  3,  5,  9, 11, 12, 15, 21, 22]
    Truth table row=[<, <, >, =] ix=7 result=[7+] is correct

Test 8-:
    W0: [ 0,  1,  2,  5,  6, 11, 14, 15, 16, 19] > [ 3,  4,  7,  8,  9, 10, 12, 13, 17, 18]
    W1: [ 0,  1,  2,  5,  6, 17, 18, 21, 23] > [ 3,  4,  7,  8, 16, 19, 20, 22, 24]
    W2: [ 0,  1,  2,  7,  8, 11, 16, 22, 24] < [ 6,  9, 10, 14, 15, 17, 19, 20, 23]
    W3: [ 0,  6,  8, 14, 16, 18, 19, 20, 24] < [ 2,  3,  5,  9, 11, 12, 15, 21, 22]
    Truth table row=[>, >, <, <] ix=72 result=[8-] is correct

Test 8+:
    W0: [ 0,  1,  2,  5,  6, 11, 14, 15, 16, 19] < [ 3,  4,  7,  8,  9, 10, 12, 13, 17, 18]
    W1: [ 0,  1,  2,  5,  6, 17, 18, 21, 23] < [ 3,  4,  7,  8, 16, 19, 20, 22, 24]
    W2: [ 0,  1,  2,  7,  8, 11, 16, 22, 24] > [ 6,  9, 10, 14, 15, 17, 19, 20, 23]
    W3: [ 0,  6,  8, 14, 16, 18, 19, 20, 24] > [ 2,  3,  5,  9, 11, 12, 15, 21, 22]
    Truth table row=[<, <, >, >] ix=8 result=[8+] is correct

Test 9-:
    W0: [ 0,  1,  2,  5,  6, 11, 14, 15, 16, 19] > [ 3,  4,  7,  8,  9, 10, 12, 13, 17, 18]
    W1: [ 0,  1,  2,  5,  6, 17, 18, 21, 23] = [ 3,  4,  7,  8, 16, 19, 20, 22, 24]
    W2: [ 0,  1,  2,  7,  8, 11, 16, 22, 24] > [ 6,  9, 10, 14, 15, 17, 19, 20, 23]
    W3: [ 0,  6,  8, 14, 16, 18, 19, 20, 24] > [ 2,  3,  5,  9, 11, 12, 15, 21, 22]
    Truth table row=[>, =, >, >] ix=71 result=[9-] is correct

Test 9+:
    W0: [ 0,  1,  2,  5,  6, 11, 14, 15, 16, 19] < [ 3,  4,  7,  8,  9, 10, 12, 13, 17, 18]
    W1: [ 0,  1,  2,  5,  6, 17, 18, 21, 23] = [ 3,  4,  7,  8, 16, 19, 20, 22, 24]
    W2: [ 0,  1,  2,  7,  8, 11, 16, 22, 24] < [ 6,  9, 10, 14, 15, 17, 19, 20, 23]
    W3: [ 0,  6,  8, 14, 16, 18, 19, 20, 24] < [ 2,  3,  5,  9, 11, 12, 15, 21, 22]
    Truth table row=[<, =, <, <] ix=9 result=[9+] is correct

Test 10-:
    W0: [ 0,  1,  2,  5,  6, 11, 14, 15, 16, 19] > [ 3,  4,  7,  8,  9, 10, 12, 13, 17, 18]
    W1: [ 0,  1,  2,  5,  6, 17, 18, 21, 23] = [ 3,  4,  7,  8, 16, 19, 20, 22, 24]
    W2: [ 0,  1,  2,  7,  8, 11, 16, 22, 24] > [ 6,  9, 10, 14, 15, 17, 19, 20, 23]
    W3: [ 0,  6,  8, 14, 16, 18, 19, 20, 24] = [ 2,  3,  5,  9, 11, 12, 15, 21, 22]
    Truth table row=[>, =, >, =] ix=70 result=[10-] is correct

Test 10+:
    W0: [ 0,  1,  2,  5,  6, 11, 14, 15, 16, 19] < [ 3,  4,  7,  8,  9, 10, 12, 13, 17, 18]
    W1: [ 0,  1,  2,  5,  6, 17, 18, 21, 23] = [ 3,  4,  7,  8, 16, 19, 20, 22, 24]
    W2: [ 0,  1,  2,  7,  8, 11, 16, 22, 24] < [ 6,  9, 10, 14, 15, 17, 19, 20, 23]
    W3: [ 0,  6,  8, 14, 16, 18, 19, 20, 24] = [ 2,  3,  5,  9, 11, 12, 15, 21, 22]
    Truth table row=[<, =, <, =] ix=10 result=[10+] is correct

Test 11-:
    W0: [ 0,  1,  2,  5,  6, 11, 14, 15, 16, 19] < [ 3,  4,  7,  8,  9, 10, 12, 13, 17, 18]
    W1: [ 0,  1,  2,  5,  6, 17, 18, 21, 23] = [ 3,  4,  7,  8, 16, 19, 20, 22, 24]
    W2: [ 0,  1,  2,  7,  8, 11, 16, 22, 24] < [ 6,  9, 10, 14, 15, 17, 19, 20, 23]
    W3: [ 0,  6,  8, 14, 16, 18, 19, 20, 24] > [ 2,  3,  5,  9, 11, 12, 15, 21, 22]
    Truth table row=[<, =, <, >] ix=11 result=[11-] is correct

Test 11+:
    W0: [ 0,  1,  2,  5,  6, 11, 14, 15, 16, 19] > [ 3,  4,  7,  8,  9, 10, 12, 13, 17, 18]
    W1: [ 0,  1,  2,  5,  6, 17, 18, 21, 23] = [ 3,  4,  7,  8, 16, 19, 20, 22, 24]
    W2: [ 0,  1,  2,  7,  8, 11, 16, 22, 24] > [ 6,  9, 10, 14, 15, 17, 19, 20, 23]
    W3: [ 0,  6,  8, 14, 16, 18, 19, 20, 24] < [ 2,  3,  5,  9, 11, 12, 15, 21, 22]
    Truth table row=[>, =, >, <] ix=69 result=[11+] is correct

Test 12-:
    W0: [ 0,  1,  2,  5,  6, 11, 14, 15, 16, 19] > [ 3,  4,  7,  8,  9, 10, 12, 13, 17, 18]
    W1: [ 0,  1,  2,  5,  6, 17, 18, 21, 23] = [ 3,  4,  7,  8, 16, 19, 20, 22, 24]
    W2: [ 0,  1,  2,  7,  8, 11, 16, 22, 24] = [ 6,  9, 10, 14, 15, 17, 19, 20, 23]
    W3: [ 0,  6,  8, 14, 16, 18, 19, 20, 24] > [ 2,  3,  5,  9, 11, 12, 15, 21, 22]
    Truth table row=[>, =, =, >] ix=68 result=[12-] is correct

Test 12+:
    W0: [ 0,  1,  2,  5,  6, 11, 14, 15, 16, 19] < [ 3,  4,  7,  8,  9, 10, 12, 13, 17, 18]
    W1: [ 0,  1,  2,  5,  6, 17, 18, 21, 23] = [ 3,  4,  7,  8, 16, 19, 20, 22, 24]
    W2: [ 0,  1,  2,  7,  8, 11, 16, 22, 24] = [ 6,  9, 10, 14, 15, 17, 19, 20, 23]
    W3: [ 0,  6,  8, 14, 16, 18, 19, 20, 24] < [ 2,  3,  5,  9, 11, 12, 15, 21, 22]
    Truth table row=[<, =, =, <] ix=12 result=[12+] is correct

Test 13-:
    W0: [ 0,  1,  2,  5,  6, 11, 14, 15, 16, 19] > [ 3,  4,  7,  8,  9, 10, 12, 13, 17, 18]
    W1: [ 0,  1,  2,  5,  6, 17, 18, 21, 23] = [ 3,  4,  7,  8, 16, 19, 20, 22, 24]
    W2: [ 0,  1,  2,  7,  8, 11, 16, 22, 24] = [ 6,  9, 10, 14, 15, 17, 19, 20, 23]
    W3: [ 0,  6,  8, 14, 16, 18, 19, 20, 24] = [ 2,  3,  5,  9, 11, 12, 15, 21, 22]
    Truth table row=[>, =, =, =] ix=67 result=[13-] is correct

Test 13+:
    W0: [ 0,  1,  2,  5,  6, 11, 14, 15, 16, 19] < [ 3,  4,  7,  8,  9, 10, 12, 13, 17, 18]
    W1: [ 0,  1,  2,  5,  6, 17, 18, 21, 23] = [ 3,  4,  7,  8, 16, 19, 20, 22, 24]
    W2: [ 0,  1,  2,  7,  8, 11, 16, 22, 24] = [ 6,  9, 10, 14, 15, 17, 19, 20, 23]
    W3: [ 0,  6,  8, 14, 16, 18, 19, 20, 24] = [ 2,  3,  5,  9, 11, 12, 15, 21, 22]
    Truth table row=[<, =, =, =] ix=13 result=[13+] is correct

Test 14-:
    W0: [ 0,  1,  2,  5,  6, 11, 14, 15, 16, 19] < [ 3,  4,  7,  8,  9, 10, 12, 13, 17, 18]
    W1: [ 0,  1,  2,  5,  6, 17, 18, 21, 23] = [ 3,  4,  7,  8, 16, 19, 20, 22, 24]
    W2: [ 0,  1,  2,  7,  8, 11, 16, 22, 24] > [ 6,  9, 10, 14, 15, 17, 19, 20, 23]
    W3: [ 0,  6,  8, 14, 16, 18, 19, 20, 24] < [ 2,  3,  5,  9, 11, 12, 15, 21, 22]
    Truth table row=[<, =, >, <] ix=15 result=[14-] is correct

Test 14+:
    W0: [ 0,  1,  2,  5,  6, 11, 14, 15, 16, 19] > [ 3,  4,  7,  8,  9, 10, 12, 13, 17, 18]
    W1: [ 0,  1,  2,  5,  6, 17, 18, 21, 23] = [ 3,  4,  7,  8, 16, 19, 20, 22, 24]
    W2: [ 0,  1,  2,  7,  8, 11, 16, 22, 24] < [ 6,  9, 10, 14, 15, 17, 19, 20, 23]
    W3: [ 0,  6,  8, 14, 16, 18, 19, 20, 24] > [ 2,  3,  5,  9, 11, 12, 15, 21, 22]
    Truth table row=[>, =, <, >] ix=65 result=[14+] is correct

Test 15-:
    W0: [ 0,  1,  2,  5,  6, 11, 14, 15, 16, 19] < [ 3,  4,  7,  8,  9, 10, 12, 13, 17, 18]
    W1: [ 0,  1,  2,  5,  6, 17, 18, 21, 23] = [ 3,  4,  7,  8, 16, 19, 20, 22, 24]
    W2: [ 0,  1,  2,  7,  8, 11, 16, 22, 24] > [ 6,  9, 10, 14, 15, 17, 19, 20, 23]
    W3: [ 0,  6,  8, 14, 16, 18, 19, 20, 24] > [ 2,  3,  5,  9, 11, 12, 15, 21, 22]
    Truth table row=[<, =, >, >] ix=17 result=[15-] is correct

Test 15+:
    W0: [ 0,  1,  2,  5,  6, 11, 14, 15, 16, 19] > [ 3,  4,  7,  8,  9, 10, 12, 13, 17, 18]
    W1: [ 0,  1,  2,  5,  6, 17, 18, 21, 23] = [ 3,  4,  7,  8, 16, 19, 20, 22, 24]
    W2: [ 0,  1,  2,  7,  8, 11, 16, 22, 24] < [ 6,  9, 10, 14, 15, 17, 19, 20, 23]
    W3: [ 0,  6,  8, 14, 16, 18, 19, 20, 24] < [ 2,  3,  5,  9, 11, 12, 15, 21, 22]
    Truth table row=[>, =, <, <] ix=63 result=[15+] is correct

Test 16-:
    W0: [ 0,  1,  2,  5,  6, 11, 14, 15, 16, 19] < [ 3,  4,  7,  8,  9, 10, 12, 13, 17, 18]
    W1: [ 0,  1,  2,  5,  6, 17, 18, 21, 23] > [ 3,  4,  7,  8, 16, 19, 20, 22, 24]
    W2: [ 0,  1,  2,  7,  8, 11, 16, 22, 24] < [ 6,  9, 10, 14, 15, 17, 19, 20, 23]
    W3: [ 0,  6,  8, 14, 16, 18, 19, 20, 24] < [ 2,  3,  5,  9, 11, 12, 15, 21, 22]
    Truth table row=[<, >, <, <] ix=18 result=[16-] is correct

Test 16+:
    W0: [ 0,  1,  2,  5,  6, 11, 14, 15, 16, 19] > [ 3,  4,  7,  8,  9, 10, 12, 13, 17, 18]
    W1: [ 0,  1,  2,  5,  6, 17, 18, 21, 23] < [ 3,  4,  7,  8, 16, 19, 20, 22, 24]
    W2: [ 0,  1,  2,  7,  8, 11, 16, 22, 24] > [ 6,  9, 10, 14, 15, 17, 19, 20, 23]
    W3: [ 0,  6,  8, 14, 16, 18, 19, 20, 24] > [ 2,  3,  5,  9, 11, 12, 15, 21, 22]
    Truth table row=[>, <, >, >] ix=62 result=[16+] is correct

Test 17-:
    W0: [ 0,  1,  2,  5,  6, 11, 14, 15, 16, 19] > [ 3,  4,  7,  8,  9, 10, 12, 13, 17, 18]
    W1: [ 0,  1,  2,  5,  6, 17, 18, 21, 23] < [ 3,  4,  7,  8, 16, 19, 20, 22, 24]
    W2: [ 0,  1,  2,  7,  8, 11, 16, 22, 24] > [ 6,  9, 10, 14, 15, 17, 19, 20, 23]
    W3: [ 0,  6,  8, 14, 16, 18, 19, 20, 24] = [ 2,  3,  5,  9, 11, 12, 15, 21, 22]
    Truth table row=[>, <, >, =] ix=61 result=[17-] is correct

Test 17+:
    W0: [ 0,  1,  2,  5,  6, 11, 14, 15, 16, 19] < [ 3,  4,  7,  8,  9, 10, 12, 13, 17, 18]
    W1: [ 0,  1,  2,  5,  6, 17, 18, 21, 23] > [ 3,  4,  7,  8, 16, 19, 20, 22, 24]
    W2: [ 0,  1,  2,  7,  8, 11, 16, 22, 24] < [ 6,  9, 10, 14, 15, 17, 19, 20, 23]
    W3: [ 0,  6,  8, 14, 16, 18, 19, 20, 24] = [ 2,  3,  5,  9, 11, 12, 15, 21, 22]
    Truth table row=[<, >, <, =] ix=19 result=[17+] is correct

Test 18-:
    W0: [ 0,  1,  2,  5,  6, 11, 14, 15, 16, 19] > [ 3,  4,  7,  8,  9, 10, 12, 13, 17, 18]
    W1: [ 0,  1,  2,  5,  6, 17, 18, 21, 23] < [ 3,  4,  7,  8, 16, 19, 20, 22, 24]
    W2: [ 0,  1,  2,  7,  8, 11, 16, 22, 24] = [ 6,  9, 10, 14, 15, 17, 19, 20, 23]
    W3: [ 0,  6,  8, 14, 16, 18, 19, 20, 24] < [ 2,  3,  5,  9, 11, 12, 15, 21, 22]
    Truth table row=[>, <, =, <] ix=57 result=[18-] is correct

Test 18+:
    W0: [ 0,  1,  2,  5,  6, 11, 14, 15, 16, 19] < [ 3,  4,  7,  8,  9, 10, 12, 13, 17, 18]
    W1: [ 0,  1,  2,  5,  6, 17, 18, 21, 23] > [ 3,  4,  7,  8, 16, 19, 20, 22, 24]
    W2: [ 0,  1,  2,  7,  8, 11, 16, 22, 24] = [ 6,  9, 10, 14, 15, 17, 19, 20, 23]
    W3: [ 0,  6,  8, 14, 16, 18, 19, 20, 24] > [ 2,  3,  5,  9, 11, 12, 15, 21, 22]
    Truth table row=[<, >, =, >] ix=23 result=[18+] is correct

Test 19-:
    W0: [ 0,  1,  2,  5,  6, 11, 14, 15, 16, 19] < [ 3,  4,  7,  8,  9, 10, 12, 13, 17, 18]
    W1: [ 0,  1,  2,  5,  6, 17, 18, 21, 23] > [ 3,  4,  7,  8, 16, 19, 20, 22, 24]
    W2: [ 0,  1,  2,  7,  8, 11, 16, 22, 24] > [ 6,  9, 10, 14, 15, 17, 19, 20, 23]
    W3: [ 0,  6,  8, 14, 16, 18, 19, 20, 24] < [ 2,  3,  5,  9, 11, 12, 15, 21, 22]
    Truth table row=[<, >, >, <] ix=24 result=[19-] is correct

Test 19+:
    W0: [ 0,  1,  2,  5,  6, 11, 14, 15, 16, 19] > [ 3,  4,  7,  8,  9, 10, 12, 13, 17, 18]
    W1: [ 0,  1,  2,  5,  6, 17, 18, 21, 23] < [ 3,  4,  7,  8, 16, 19, 20, 22, 24]
    W2: [ 0,  1,  2,  7,  8, 11, 16, 22, 24] < [ 6,  9, 10, 14, 15, 17, 19, 20, 23]
    W3: [ 0,  6,  8, 14, 16, 18, 19, 20, 24] > [ 2,  3,  5,  9, 11, 12, 15, 21, 22]
    Truth table row=[>, <, <, >] ix=56 result=[19+] is correct

Test 20-:
    W0: [ 0,  1,  2,  5,  6, 11, 14, 15, 16, 19] = [ 3,  4,  7,  8,  9, 10, 12, 13, 17, 18]
    W1: [ 0,  1,  2,  5,  6, 17, 18, 21, 23] > [ 3,  4,  7,  8, 16, 19, 20, 22, 24]
    W2: [ 0,  1,  2,  7,  8, 11, 16, 22, 24] > [ 6,  9, 10, 14, 15, 17, 19, 20, 23]
    W3: [ 0,  6,  8, 14, 16, 18, 19, 20, 24] < [ 2,  3,  5,  9, 11, 12, 15, 21, 22]
    Truth table row=[=, >, >, <] ix=51 result=[20-] is correct

Test 20+:
    W0: [ 0,  1,  2,  5,  6, 11, 14, 15, 16, 19] = [ 3,  4,  7,  8,  9, 10, 12, 13, 17, 18]
    W1: [ 0,  1,  2,  5,  6, 17, 18, 21, 23] < [ 3,  4,  7,  8, 16, 19, 20, 22, 24]
    W2: [ 0,  1,  2,  7,  8, 11, 16, 22, 24] < [ 6,  9, 10, 14, 15, 17, 19, 20, 23]
    W3: [ 0,  6,  8, 14, 16, 18, 19, 20, 24] > [ 2,  3,  5,  9, 11, 12, 15, 21, 22]
    Truth table row=[=, <, <, >] ix=29 result=[20+] is correct

Test 21-:
    W0: [ 0,  1,  2,  5,  6, 11, 14, 15, 16, 19] = [ 3,  4,  7,  8,  9, 10, 12, 13, 17, 18]
    W1: [ 0,  1,  2,  5,  6, 17, 18, 21, 23] < [ 3,  4,  7,  8, 16, 19, 20, 22, 24]
    W2: [ 0,  1,  2,  7,  8, 11, 16, 22, 24] = [ 6,  9, 10, 14, 15, 17, 19, 20, 23]
    W3: [ 0,  6,  8, 14, 16, 18, 19, 20, 24] > [ 2,  3,  5,  9, 11, 12, 15, 21, 22]
    Truth table row=[=, <, =, >] ix=32 result=[21-] is correct

Test 21+:
    W0: [ 0,  1,  2,  5,  6, 11, 14, 15, 16, 19] = [ 3,  4,  7,  8,  9, 10, 12, 13, 17, 18]
    W1: [ 0,  1,  2,  5,  6, 17, 18, 21, 23] > [ 3,  4,  7,  8, 16, 19, 20, 22, 24]
    W2: [ 0,  1,  2,  7,  8, 11, 16, 22, 24] = [ 6,  9, 10, 14, 15, 17, 19, 20, 23]
    W3: [ 0,  6,  8, 14, 16, 18, 19, 20, 24] < [ 2,  3,  5,  9, 11, 12, 15, 21, 22]
    Truth table row=[=, >, =, <] ix=48 result=[21+] is correct

Test 22-:
    W0: [ 0,  1,  2,  5,  6, 11, 14, 15, 16, 19] = [ 3,  4,  7,  8,  9, 10, 12, 13, 17, 18]
    W1: [ 0,  1,  2,  5,  6, 17, 18, 21, 23] > [ 3,  4,  7,  8, 16, 19, 20, 22, 24]
    W2: [ 0,  1,  2,  7,  8, 11, 16, 22, 24] < [ 6,  9, 10, 14, 15, 17, 19, 20, 23]
    W3: [ 0,  6,  8, 14, 16, 18, 19, 20, 24] > [ 2,  3,  5,  9, 11, 12, 15, 21, 22]
    Truth table row=[=, >, <, >] ix=47 result=[22-] is correct

Test 22+:
    W0: [ 0,  1,  2,  5,  6, 11, 14, 15, 16, 19] = [ 3,  4,  7,  8,  9, 10, 12, 13, 17, 18]
    W1: [ 0,  1,  2,  5,  6, 17, 18, 21, 23] < [ 3,  4,  7,  8, 16, 19, 20, 22, 24]
    W2: [ 0,  1,  2,  7,  8, 11, 16, 22, 24] > [ 6,  9, 10, 14, 15, 17, 19, 20, 23]
    W3: [ 0,  6,  8, 14, 16, 18, 19, 20, 24] < [ 2,  3,  5,  9, 11, 12, 15, 21, 22]
    Truth table row=[=, <, >, <] ix=33 result=[22+] is correct

Test 23-:
    W0: [ 0,  1,  2,  5,  6, 11, 14, 15, 16, 19] = [ 3,  4,  7,  8,  9, 10, 12, 13, 17, 18]
    W1: [ 0,  1,  2,  5,  6, 17, 18, 21, 23] < [ 3,  4,  7,  8, 16, 19, 20, 22, 24]
    W2: [ 0,  1,  2,  7,  8, 11, 16, 22, 24] > [ 6,  9, 10, 14, 15, 17, 19, 20, 23]
    W3: [ 0,  6,  8, 14, 16, 18, 19, 20, 24] = [ 2,  3,  5,  9, 11, 12, 15, 21, 22]
    Truth table row=[=, <, >, =] ix=34 result=[23-] is correct

Test 23+:
    W0: [ 0,  1,  2,  5,  6, 11, 14, 15, 16, 19] = [ 3,  4,  7,  8,  9, 10, 12, 13, 17, 18]
    W1: [ 0,  1,  2,  5,  6, 17, 18, 21, 23] > [ 3,  4,  7,  8, 16, 19, 20, 22, 24]
    W2: [ 0,  1,  2,  7,  8, 11, 16, 22, 24] < [ 6,  9, 10, 14, 15, 17, 19, 20, 23]
    W3: [ 0,  6,  8, 14, 16, 18, 19, 20, 24] = [ 2,  3,  5,  9, 11, 12, 15, 21, 22]
    Truth table row=[=, >, <, =] ix=46 result=[23+] is correct

Test 24-:
    W0: [ 0,  1,  2,  5,  6, 11, 14, 15, 16, 19] = [ 3,  4,  7,  8,  9, 10, 12, 13, 17, 18]
    W1: [ 0,  1,  2,  5,  6, 17, 18, 21, 23] > [ 3,  4,  7,  8, 16, 19, 20, 22, 24]
    W2: [ 0,  1,  2,  7,  8, 11, 16, 22, 24] < [ 6,  9, 10, 14, 15, 17, 19, 20, 23]
    W3: [ 0,  6,  8, 14, 16, 18, 19, 20, 24] < [ 2,  3,  5,  9, 11, 12, 15, 21, 22]
    Truth table row=[=, >, <, <] ix=45 result=[24-] is correct

Test 24+:
    W0: [ 0,  1,  2,  5,  6, 11, 14, 15, 16, 19] = [ 3,  4,  7,  8,  9, 10, 12, 13, 17, 18]
    W1: [ 0,  1,  2,  5,  6, 17, 18, 21, 23] < [ 3,  4,  7,  8, 16, 19, 20, 22, 24]
    W2: [ 0,  1,  2,  7,  8, 11, 16, 22, 24] > [ 6,  9, 10, 14, 15, 17, 19, 20, 23]
    W3: [ 0,  6,  8, 14, 16, 18, 19, 20, 24] > [ 2,  3,  5,  9, 11, 12, 15, 21, 22]
    Truth table row=[=, <, >, >] ix=35 result=[24+] is correct

Total correct results: 50
Total incorrect results: 0
