Solving for 42 balls and 5 weighings.
Using symmetry breaking strategy TruthTableAscending.

Solution:
W0: [ 0,  1,  2,  3,  4, 10, 13, 15, 16] <=> [ 5,  6,  7,  8,  9, 11, 12, 14, 17]
W1: [ 0,  1,  6,  7,  8,  9, 11, 12, 14, 17, 20, 21, 22, 25, 27, 31, 35, 36] <=> [10, 13, 15, 16, 18, 19, 23, 24, 26, 28, 29, 30, 32, 33, 34, 37, 38, 39]
W2: [ 0,  2,  5, 11, 12, 14, 17, 20, 21, 22, 34, 37, 38, 39] <=> [ 4,  6,  7,  8,  9, 13, 15, 16, 18, 19, 23, 24, 35, 36]
W3: [ 5,  9, 17, 23, 24, 25, 27, 32, 33, 35, 36, 37, 38, 39, 40] <=> [ 0,  1,  6,  7, 10, 11, 12, 16, 18, 19, 22, 26, 31, 34, 41]
W4: [ 2,  7,  9, 13, 16, 17, 20, 22, 24, 25, 30, 31, 33, 39, 41] <=> [ 0,  1,  4,  5,  6, 10, 11, 15, 18, 21, 27, 28, 34, 36, 37]

Truth Table:
ix  W0  W1  W2  W3  W4   Result
 0   <   <   <   <   <
 1   <   <   <   <   =
 2   <   <   <   <   >
 3   <   <   <   =   <
 4   <   <   <   =   =
 5   <   <   <   =   >
 6   <   <   <   >   <
 7   <   <   <   >   =
 8   <   <   <   >   >   0-
 9   <   <   =   <   <
10   <   <   =   <   =
11   <   <   =   <   >
12   <   <   =   =   <
13   <   <   =   =   =
14   <   <   =   =   >
15   <   <   =   >   <
16   <   <   =   >   =
17   <   <   =   >   >   1-
18   <   <   >   <   <
19   <   <   >   <   =
20   <   <   >   <   >
21   <   <   >   =   <
22   <   <   >   =   =
23   <   <   >   =   >
24   <   <   >   >   <
25   <   <   >   >   =
26   <   <   >   >   >
27   <   =   <   <   <
28   <   =   <   <   =
29   <   =   <   <   >
30   <   =   <   =   <   2-
31   <   =   <   =   =
32   <   =   <   =   >
33   <   =   <   >   <
34   <   =   <   >   =
35   <   =   <   >   >
36   <   =   =   <   <
37   <   =   =   <   =
38   <   =   =   <   >
39   <   =   =   =   <
40   <   =   =   =   =   3-
41   <   =   =   =   >
42   <   =   =   >   <
43   <   =   =   >   =
44   <   =   =   >   >
45   <   =   >   <   <
46   <   =   >   <   =
47   <   =   >   <   >
48   <   =   >   =   <
49   <   =   >   =   =
50   <   =   >   =   >   4-
51   <   =   >   >   <   5+
52   <   =   >   >   =
53   <   =   >   >   >
54   <   >   <   <   <   6+
55   <   >   <   <   =
56   <   >   <   <   >   7+
57   <   >   <   =   <
58   <   >   <   =   =   8+
59   <   >   <   =   >
60   <   >   <   >   <
61   <   >   <   >   =
62   <   >   <   >   >   9+
63   <   >   =   <   <
64   <   >   =   <   =
65   <   >   =   <   >
66   <   >   =   =   <
67   <   >   =   =   =
68   <   >   =   =   >
69   <   >   =   >   <
70   <   >   =   >   =
71   <   >   =   >   >   10-
72   <   >   >   <   <   11+
73   <   >   >   <   =   12+
74   <   >   >   <   >
75   <   >   >   =   <   13-
76   <   >   >   =   =   14+
77   <   >   >   =   >   15-
78   <   >   >   >   <   16-
79   <   >   >   >   =
80   <   >   >   >   >   17+
81   =   <   <   <   <   18+
82   =   <   <   <   =   19+
83   =   <   <   <   >
84   =   <   <   =   <   20-
85   =   <   <   =   =
86   =   <   <   =   >   21-
87   =   <   <   >   <   22-
88   =   <   <   >   =   23+
89   =   <   <   >   >   24+
90   =   <   =   <   <   25-
91   =   <   =   <   =   26+
92   =   <   =   <   >   27-
93   =   <   =   =   <   28+
94   =   <   =   =   =   29+
95   =   <   =   =   >   30+
96   =   <   =   >   <   31-
97   =   <   =   >   =   32+
98   =   <   =   >   >   33+
99   =   <   >   <   <   34+
100   =   <   >   <   =   35-
101   =   <   >   <   >   36-
102   =   <   >   =   <
103   =   <   >   =   =
104   =   <   >   =   >
105   =   <   >   >   <   37+
106   =   <   >   >   =   38+
107   =   <   >   >   >   39+
108   =   =   <   <   <
109   =   =   <   <   =
110   =   =   <   <   >
111   =   =   <   =   <
112   =   =   <   =   =
113   =   =   <   =   >
114   =   =   <   >   <
115   =   =   <   >   =
116   =   =   <   >   >
117   =   =   =   <   <
118   =   =   =   <   =   40-
119   =   =   =   <   >   41+
120   =   =   =   =   <
121   =   =   =   =   =
122   =   =   =   =   >
123   =   =   =   >   <   41-
124   =   =   =   >   =   40+
125   =   =   =   >   >
126   =   =   >   <   <
127   =   =   >   <   =
128   =   =   >   <   >
129   =   =   >   =   <
130   =   =   >   =   =
131   =   =   >   =   >
132   =   =   >   >   <
133   =   =   >   >   =
134   =   =   >   >   >
135   =   >   <   <   <   39-
136   =   >   <   <   =   38-
137   =   >   <   <   >   37-
138   =   >   <   =   <
139   =   >   <   =   =
140   =   >   <   =   >
141   =   >   <   >   <   36+
142   =   >   <   >   =   35+
143   =   >   <   >   >   34-
144   =   >   =   <   <   33-
145   =   >   =   <   =   32-
146   =   >   =   <   >   31+
147   =   >   =   =   <   30-
148   =   >   =   =   =   29-
149   =   >   =   =   >   28-
150   =   >   =   >   <   27+
151   =   >   =   >   =   26-
152   =   >   =   >   >   25+
153   =   >   >   <   <   24-
154   =   >   >   <   =   23-
155   =   >   >   <   >   22+
156   =   >   >   =   <   21+
157   =   >   >   =   =
158   =   >   >   =   >   20+
159   =   >   >   >   <
160   =   >   >   >   =   19-
161   =   >   >   >   >   18-
162   >   <   <   <   <   17-
163   >   <   <   <   =
164   >   <   <   <   >   16+
165   >   <   <   =   <   15+
166   >   <   <   =   =   14-
167   >   <   <   =   >   13+
168   >   <   <   >   <
169   >   <   <   >   =   12-
170   >   <   <   >   >   11-
171   >   <   =   <   <   10+
172   >   <   =   <   =
173   >   <   =   <   >
174   >   <   =   =   <
175   >   <   =   =   =
176   >   <   =   =   >
177   >   <   =   >   <
178   >   <   =   >   =
179   >   <   =   >   >
180   >   <   >   <   <   9-
181   >   <   >   <   =
182   >   <   >   <   >
183   >   <   >   =   <
184   >   <   >   =   =   8-
185   >   <   >   =   >
186   >   <   >   >   <   7-
187   >   <   >   >   =
188   >   <   >   >   >   6-
189   >   =   <   <   <
190   >   =   <   <   =
191   >   =   <   <   >   5-
192   >   =   <   =   <   4+
193   >   =   <   =   =
194   >   =   <   =   >
195   >   =   <   >   <
196   >   =   <   >   =
197   >   =   <   >   >
198   >   =   =   <   <
199   >   =   =   <   =
200   >   =   =   <   >
201   >   =   =   =   <
202   >   =   =   =   =   3+
203   >   =   =   =   >
204   >   =   =   >   <
205   >   =   =   >   =
206   >   =   =   >   >
207   >   =   >   <   <
208   >   =   >   <   =
209   >   =   >   <   >
210   >   =   >   =   <
211   >   =   >   =   =
212   >   =   >   =   >   2+
213   >   =   >   >   <
214   >   =   >   >   =
215   >   =   >   >   >
216   >   >   <   <   <
217   >   >   <   <   =
218   >   >   <   <   >
219   >   >   <   =   <
220   >   >   <   =   =
221   >   >   <   =   >
222   >   >   <   >   <
223   >   >   <   >   =
224   >   >   <   >   >
225   >   >   =   <   <   1+
226   >   >   =   <   =
227   >   >   =   <   >
228   >   >   =   =   <
229   >   >   =   =   =
230   >   >   =   =   >
231   >   >   =   >   <
232   >   >   =   >   =
233   >   >   =   >   >
234   >   >   >   <   <   0+
235   >   >   >   <   =
236   >   >   >   <   >
237   >   >   >   =   <
238   >   >   >   =   =
239   >   >   >   =   >
240   >   >   >   >   <
241   >   >   >   >   =
242   >   >   >   >   >

Test 0-:
    W0: [ 0,  1,  2,  3,  4, 10, 13, 15, 16] < [ 5,  6,  7,  8,  9, 11, 12, 14, 17]
    W1: [ 0,  1,  6,  7,  8,  9, 11, 12, 14, 17, 20, 21, 22, 25, 27, 31, 35, 36] < [10, 13, 15, 16, 18, 19, 23, 24, 26, 28, 29, 30, 32, 33, 34, 37, 38, 39]
    W2: [ 0,  2,  5, 11, 12, 14, 17, 20, 21, 22, 34, 37, 38, 39] < [ 4,  6,  7,  8,  9, 13, 15, 16, 18, 19, 23, 24, 35, 36]
    W3: [ 5,  9, 17, 23, 24, 25, 27, 32, 33, 35, 36, 37, 38, 39, 40] > [ 0,  1,  6,  7, 10, 11, 12, 16, 18, 19, 22, 26, 31, 34, 41]
    W4: [ 2,  7,  9, 13, 16, 17, 20, 22, 24, 25, 30, 31, 33, 39, 41] > [ 0,  1,  4,  5,  6, 10, 11, 15, 18, 21, 27, 28, 34, 36, 37]
    Truth table row=[<, <, <, >, >] ix=8 result=[0-] is correct

Test 0+:
    W0: [ 0,  1,  2,  3,  4, 10, 13, 15, 16] > [ 5,  6,  7,  8,  9, 11, 12, 14, 17]
    W1: [ 0,  1,  6,  7,  8,  9, 11, 12, 14, 17, 20, 21, 22, 25, 27, 31, 35, 36] > [10, 13, 15, 16, 18, 19, 23, 24, 26, 28, 29, 30, 32, 33, 34, 37, 38, 39]
    W2: [ 0,  2,  5, 11, 12, 14, 17, 20, 21, 22, 34, 37, 38, 39] > [ 4,  6,  7,  8,  9, 13, 15, 16, 18, 19, 23, 24, 35, 36]
    W3: [ 5,  9, 17, 23, 24, 25, 27, 32, 33, 35, 36, 37, 38, 39, 40] < [ 0,  1,  6,  7, 10, 11, 12, 16, 18, 19, 22, 26, 31, 34, 41]
    W4: [ 2,  7,  9, 13, 16, 17, 20, 22, 24, 25, 30, 31, 33, 39, 41] < [ 0,  1,  4,  5,  6, 10, 11, 15, 18, 21, 27, 28, 34, 36, 37]
    Truth table row=[>, >, >, <, <] ix=234 result=[0+] is correct

Test 1-:
    W0: [ 0,  1,  2,  3,  4, 10, 13, 15, 16] < [ 5,  6,  7,  8,  9, 11, 12, 14, 17]
    W1: [ 0,  1,  6,  7,  8,  9, 11, 12, 14, 17, 20, 21, 22, 25, 27, 31, 35, 36] < [10, 13, 15, 16, 18, 19, 23, 24, 26, 28, 29, 30, 32, 33, 34, 37, 38, 39]
    W2: [ 0,  2,  5, 11, 12, 14, 17, 20, 21, 22, 34, 37, 38, 39] = [ 4,  6,  7,  8,  9, 13, 15, 16, 18, 19, 23, 24, 35, 36]
    W3: [ 5,  9, 17, 23, 24, 25, 27, 32, 33, 35, 36, 37, 38, 39, 40] > [ 0,  1,  6,  7, 10, 11, 12, 16, 18, 19, 22, 26, 31, 34, 41]
    W4: [ 2,  7,  9, 13, 16, 17, 20, 22, 24, 25, 30, 31, 33, 39, 41] > [ 0,  1,  4,  5,  6, 10, 11, 15, 18, 21, 27, 28, 34, 36, 37]
    Truth table row=[<, <, =, >, >] ix=17 result=[1-] is correct

Test 1+:
    W0: [ 0,  1,  2,  3,  4, 10, 13, 15, 16] > [ 5,  6,  7,  8,  9, 11, 12, 14, 17]
    W1: [ 0,  1,  6,  7,  8,  9, 11, 12, 14, 17, 20, 21, 22, 25, 27, 31, 35, 36] > [10, 13, 15, 16, 18, 19, 23, 24, 26, 28, 29, 30, 32, 33, 34, 37, 38, 39]
    W2: [ 0,  2,  5, 11, 12, 14, 17, 20, 21, 22, 34, 37, 38, 39] = [ 4,  6,  7,  8,  9, 13, 15, 16, 18, 19, 23, 24, 35, 36]
    W3: [ 5,  9, 17, 23, 24, 25, 27, 32, 33, 35, 36, 37, 38, 39, 40] < [ 0,  1,  6,  7, 10, 11, 12, 16, 18, 19, 22, 26, 31, 34, 41]
    W4: [ 2,  7,  9, 13, 16, 17, 20, 22, 24, 25, 30, 31, 33, 39, 41] < [ 0,  1,  4,  5,  6, 10, 11, 15, 18, 21, 27, 28, 34, 36, 37]
    Truth table row=[>, >, =, <, <] ix=225 result=[1+] is correct

Test 2-:
    W0: [ 0,  1,  2,  3,  4, 10, 13, 15, 16] < [ 5,  6,  7,  8,  9, 11, 12, 14, 17]
    W1: [ 0,  1,  6,  7,  8,  9, 11, 12, 14, 17, 20, 21, 22, 25, 27, 31, 35, 36] = [10, 13, 15, 16, 18, 19, 23, 24, 26, 28, 29, 30, 32, 33, 34, 37, 38, 39]
    W2: [ 0,  2,  5, 11, 12, 14, 17, 20, 21, 22, 34, 37, 38, 39] < [ 4,  6,  7,  8,  9, 13, 15, 16, 18, 19, 23, 24, 35, 36]
    W3: [ 5,  9, 17, 23, 24, 25, 27, 32, 33, 35, 36, 37, 38, 39, 40] = [ 0,  1,  6,  7, 10, 11, 12, 16, 18, 19, 22, 26, 31, 34, 41]
    W4: [ 2,  7,  9, 13, 16, 17, 20, 22, 24, 25, 30, 31, 33, 39, 41] < [ 0,  1,  4,  5,  6, 10, 11, 15, 18, 21, 27, 28, 34, 36, 37]
    Truth table row=[<, =, <, =, <] ix=30 result=[2-] is correct

Test 2+:
    W0: [ 0,  1,  2,  3,  4, 10, 13, 15, 16] > [ 5,  6,  7,  8,  9, 11, 12, 14, 17]
    W1: [ 0,  1,  6,  7,  8,  9, 11, 12, 14, 17, 20, 21, 22, 25, 27, 31, 35, 36] = [10, 13, 15, 16, 18, 19, 23, 24, 26, 28, 29, 30, 32, 33, 34, 37, 38, 39]
    W2: [ 0,  2,  5, 11, 12, 14, 17, 20, 21, 22, 34, 37, 38, 39] > [ 4,  6,  7,  8,  9, 13, 15, 16, 18, 19, 23, 24, 35, 36]
    W3: [ 5,  9, 17, 23, 24, 25, 27, 32, 33, 35, 36, 37, 38, 39, 40] = [ 0,  1,  6,  7, 10, 11, 12, 16, 18, 19, 22, 26, 31, 34, 41]
    W4: [ 2,  7,  9, 13, 16, 17, 20, 22, 24, 25, 30, 31, 33, 39, 41] > [ 0,  1,  4,  5,  6, 10, 11, 15, 18, 21, 27, 28, 34, 36, 37]
    Truth table row=[>, =, >, =, >] ix=212 result=[2+] is correct

Test 3-:
    W0: [ 0,  1,  2,  3,  4, 10, 13, 15, 16] < [ 5,  6,  7,  8,  9, 11, 12, 14, 17]
    W1: [ 0,  1,  6,  7,  8,  9, 11, 12, 14, 17, 20, 21, 22, 25, 27, 31, 35, 36] = [10, 13, 15, 16, 18, 19, 23, 24, 26, 28, 29, 30, 32, 33, 34, 37, 38, 39]
    W2: [ 0,  2,  5, 11, 12, 14, 17, 20, 21, 22, 34, 37, 38, 39] = [ 4,  6,  7,  8,  9, 13, 15, 16, 18, 19, 23, 24, 35, 36]
    W3: [ 5,  9, 17, 23, 24, 25, 27, 32, 33, 35, 36, 37, 38, 39, 40] = [ 0,  1,  6,  7, 10, 11, 12, 16, 18, 19, 22, 26, 31, 34, 41]
    W4: [ 2,  7,  9, 13, 16, 17, 20, 22, 24, 25, 30, 31, 33, 39, 41] = [ 0,  1,  4,  5,  6, 10, 11, 15, 18, 21, 27, 28, 34, 36, 37]
    Truth table row=[<, =, =, =, =] ix=40 result=[3-] is correct

Test 3+:
    W0: [ 0,  1,  2,  3,  4, 10, 13, 15, 16] > [ 5,  6,  7,  8,  9, 11, 12, 14, 17]
    W1: [ 0,  1,  6,  7,  8,  9, 11, 12, 14, 17, 20, 21, 22, 25, 27, 31, 35, 36] = [10, 13, 15, 16, 18, 19, 23, 24, 26, 28, 29, 30, 32, 33, 34, 37, 38, 39]
    W2: [ 0,  2,  5, 11, 12, 14, 17, 20, 21, 22, 34, 37, 38, 39] = [ 4,  6,  7,  8,  9, 13, 15, 16, 18, 19, 23, 24, 35, 36]
    W3: [ 5,  9, 17, 23, 24, 25, 27, 32, 33, 35, 36, 37, 38, 39, 40] = [ 0,  1,  6,  7, 10, 11, 12, 16, 18, 19, 22, 26, 31, 34, 41]
    W4: [ 2,  7,  9, 13, 16, 17, 20, 22, 24, 25, 30, 31, 33, 39, 41] = [ 0,  1,  4,  5,  6, 10, 11, 15, 18, 21, 27, 28, 34, 36, 37]
    Truth table row=[>, =, =, =, =] ix=202 result=[3+] is correct

Test 4-:
    W0: [ 0,  1,  2,  3,  4, 10, 13, 15, 16] < [ 5,  6,  7,  8,  9, 11, 12, 14, 17]
    W1: [ 0,  1,  6,  7,  8,  9, 11, 12, 14, 17, 20, 21, 22, 25, 27, 31, 35, 36] = [10, 13, 15, 16, 18, 19, 23, 24, 26, 28, 29, 30, 32, 33, 34, 37, 38, 39]
    W2: [ 0,  2,  5, 11, 12, 14, 17, 20, 21, 22, 34, 37, 38, 39] > [ 4,  6,  7,  8,  9, 13, 15, 16, 18, 19, 23, 24, 35, 36]
    W3: [ 5,  9, 17, 23, 24, 25, 27, 32, 33, 35, 36, 37, 38, 39, 40] = [ 0,  1,  6,  7, 10, 11, 12, 16, 18, 19, 22, 26, 31, 34, 41]
    W4: [ 2,  7,  9, 13, 16, 17, 20, 22, 24, 25, 30, 31, 33, 39, 41] > [ 0,  1,  4,  5,  6, 10, 11, 15, 18, 21, 27, 28, 34, 36, 37]
    Truth table row=[<, =, >, =, >] ix=50 result=[4-] is correct

Test 4+:
    W0: [ 0,  1,  2,  3,  4, 10, 13, 15, 16] > [ 5,  6,  7,  8,  9, 11, 12, 14, 17]
    W1: [ 0,  1,  6,  7,  8,  9, 11, 12, 14, 17, 20, 21, 22, 25, 27, 31, 35, 36] = [10, 13, 15, 16, 18, 19, 23, 24, 26, 28, 29, 30, 32, 33, 34, 37, 38, 39]
    W2: [ 0,  2,  5, 11, 12, 14, 17, 20, 21, 22, 34, 37, 38, 39] < [ 4,  6,  7,  8,  9, 13, 15, 16, 18, 19, 23, 24, 35, 36]
    W3: [ 5,  9, 17, 23, 24, 25, 27, 32, 33, 35, 36, 37, 38, 39, 40] = [ 0,  1,  6,  7, 10, 11, 12, 16, 18, 19, 22, 26, 31, 34, 41]
    W4: [ 2,  7,  9, 13, 16, 17, 20, 22, 24, 25, 30, 31, 33, 39, 41] < [ 0,  1,  4,  5,  6, 10, 11, 15, 18, 21, 27, 28, 34, 36, 37]
    Truth table row=[>, =, <, =, <] ix=192 result=[4+] is correct

Test 5-:
    W0: [ 0,  1,  2,  3,  4, 10, 13, 15, 16] > [ 5,  6,  7,  8,  9, 11, 12, 14, 17]
    W1: [ 0,  1,  6,  7,  8,  9, 11, 12, 14, 17, 20, 21, 22, 25, 27, 31, 35, 36] = [10, 13, 15, 16, 18, 19, 23, 24, 26, 28, 29, 30, 32, 33, 34, 37, 38, 39]
    W2: [ 0,  2,  5, 11, 12, 14, 17, 20, 21, 22, 34, 37, 38, 39] < [ 4,  6,  7,  8,  9, 13, 15, 16, 18, 19, 23, 24, 35, 36]
    W3: [ 5,  9, 17, 23, 24, 25, 27, 32, 33, 35, 36, 37, 38, 39, 40] < [ 0,  1,  6,  7, 10, 11, 12, 16, 18, 19, 22, 26, 31, 34, 41]
    W4: [ 2,  7,  9, 13, 16, 17, 20, 22, 24, 25, 30, 31, 33, 39, 41] > [ 0,  1,  4,  5,  6, 10, 11, 15, 18, 21, 27, 28, 34, 36, 37]
    Truth table row=[>, =, <, <, >] ix=191 result=[5-] is correct

Test 5+:
    W0: [ 0,  1,  2,  3,  4, 10, 13, 15, 16] < [ 5,  6,  7,  8,  9, 11, 12, 14, 17]
    W1: [ 0,  1,  6,  7,  8,  9, 11, 12, 14, 17, 20, 21, 22, 25, 27, 31, 35, 36] = [10, 13, 15, 16, 18, 19, 23, 24, 26, 28, 29, 30, 32, 33, 34, 37, 38, 39]
    W2: [ 0,  2,  5, 11, 12, 14, 17, 20, 21, 22, 34, 37, 38, 39] > [ 4,  6,  7,  8,  9, 13, 15, 16, 18, 19, 23, 24, 35, 36]
    W3: [ 5,  9, 17, 23, 24, 25, 27, 32, 33, 35, 36, 37, 38, 39, 40] > [ 0,  1,  6,  7, 10, 11, 12, 16, 18, 19, 22, 26, 31, 34, 41]
    W4: [ 2,  7,  9, 13, 16, 17, 20, 22, 24, 25, 30, 31, 33, 39, 41] < [ 0,  1,  4,  5,  6, 10, 11, 15, 18, 21, 27, 28, 34, 36, 37]
    Truth table row=[<, =, >, >, <] ix=51 result=[5+] is correct

Test 6-:
    W0: [ 0,  1,  2,  3,  4, 10, 13, 15, 16] > [ 5,  6,  7,  8,  9, 11, 12, 14, 17]
    W1: [ 0,  1,  6,  7,  8,  9, 11, 12, 14, 17, 20, 21, 22, 25, 27, 31, 35, 36] < [10, 13, 15, 16, 18, 19, 23, 24, 26, 28, 29, 30, 32, 33, 34, 37, 38, 39]
    W2: [ 0,  2,  5, 11, 12, 14, 17, 20, 21, 22, 34, 37, 38, 39] > [ 4,  6,  7,  8,  9, 13, 15, 16, 18, 19, 23, 24, 35, 36]
    W3: [ 5,  9, 17, 23, 24, 25, 27, 32, 33, 35, 36, 37, 38, 39, 40] > [ 0,  1,  6,  7, 10, 11, 12, 16, 18, 19, 22, 26, 31, 34, 41]
    W4: [ 2,  7,  9, 13, 16, 17, 20, 22, 24, 25, 30, 31, 33, 39, 41] > [ 0,  1,  4,  5,  6, 10, 11, 15, 18, 21, 27, 28, 34, 36, 37]
    Truth table row=[>, <, >, >, >] ix=188 result=[6-] is correct

Test 6+:
    W0: [ 0,  1,  2,  3,  4, 10, 13, 15, 16] < [ 5,  6,  7,  8,  9, 11, 12, 14, 17]
    W1: [ 0,  1,  6,  7,  8,  9, 11, 12, 14, 17, 20, 21, 22, 25, 27, 31, 35, 36] > [10, 13, 15, 16, 18, 19, 23, 24, 26, 28, 29, 30, 32, 33, 34, 37, 38, 39]
    W2: [ 0,  2,  5, 11, 12, 14, 17, 20, 21, 22, 34, 37, 38, 39] < [ 4,  6,  7,  8,  9, 13, 15, 16, 18, 19, 23, 24, 35, 36]
    W3: [ 5,  9, 17, 23, 24, 25, 27, 32, 33, 35, 36, 37, 38, 39, 40] < [ 0,  1,  6,  7, 10, 11, 12, 16, 18, 19, 22, 26, 31, 34, 41]
    W4: [ 2,  7,  9, 13, 16, 17, 20, 22, 24, 25, 30, 31, 33, 39, 41] < [ 0,  1,  4,  5,  6, 10, 11, 15, 18, 21, 27, 28, 34, 36, 37]
    Truth table row=[<, >, <, <, <] ix=54 result=[6+] is correct

Test 7-:
    W0: [ 0,  1,  2,  3,  4, 10, 13, 15, 16] > [ 5,  6,  7,  8,  9, 11, 12, 14, 17]
    W1: [ 0,  1,  6,  7,  8,  9, 11, 12, 14, 17, 20, 21, 22, 25, 27, 31, 35, 36] < [10, 13, 15, 16, 18, 19, 23, 24, 26, 28, 29, 30, 32, 33, 34, 37, 38, 39]
    W2: [ 0,  2,  5, 11, 12, 14, 17, 20, 21, 22, 34, 37, 38, 39] > [ 4,  6,  7,  8,  9, 13, 15, 16, 18, 19, 23, 24, 35, 36]
    W3: [ 5,  9, 17, 23, 24, 25, 27, 32, 33, 35, 36, 37, 38, 39, 40] > [ 0,  1,  6,  7, 10, 11, 12, 16, 18, 19, 22, 26, 31, 34, 41]
    W4: [ 2,  7,  9, 13, 16, 17, 20, 22, 24, 25, 30, 31, 33, 39, 41] < [ 0,  1,  4,  5,  6, 10, 11, 15, 18, 21, 27, 28, 34, 36, 37]
    Truth table row=[>, <, >, >, <] ix=186 result=[7-] is correct

Test 7+:
    W0: [ 0,  1,  2,  3,  4, 10, 13, 15, 16] < [ 5,  6,  7,  8,  9, 11, 12, 14, 17]
    W1: [ 0,  1,  6,  7,  8,  9, 11, 12, 14, 17, 20, 21, 22, 25, 27, 31, 35, 36] > [10, 13, 15, 16, 18, 19, 23, 24, 26, 28, 29, 30, 32, 33, 34, 37, 38, 39]
    W2: [ 0,  2,  5, 11, 12, 14, 17, 20, 21, 22, 34, 37, 38, 39] < [ 4,  6,  7,  8,  9, 13, 15, 16, 18, 19, 23, 24, 35, 36]
    W3: [ 5,  9, 17, 23, 24, 25, 27, 32, 33, 35, 36, 37, 38, 39, 40] < [ 0,  1,  6,  7, 10, 11, 12, 16, 18, 19, 22, 26, 31, 34, 41]
    W4: [ 2,  7,  9, 13, 16, 17, 20, 22, 24, 25, 30, 31, 33, 39, 41] > [ 0,  1,  4,  5,  6, 10, 11, 15, 18, 21, 27, 28, 34, 36, 37]
    Truth table row=[<, >, <, <, >] ix=56 result=[7+] is correct

Test 8-:
    W0: [ 0,  1,  2,  3,  4, 10, 13, 15, 16] > [ 5,  6,  7,  8,  9, 11, 12, 14, 17]
    W1: [ 0,  1,  6,  7,  8,  9, 11, 12, 14, 17, 20, 21, 22, 25, 27, 31, 35, 36] < [10, 13, 15, 16, 18, 19, 23, 24, 26, 28, 29, 30, 32, 33, 34, 37, 38, 39]
    W2: [ 0,  2,  5, 11, 12, 14, 17, 20, 21, 22, 34, 37, 38, 39] > [ 4,  6,  7,  8,  9, 13, 15, 16, 18, 19, 23, 24, 35, 36]
    W3: [ 5,  9, 17, 23, 24, 25, 27, 32, 33, 35, 36, 37, 38, 39, 40] = [ 0,  1,  6,  7, 10, 11, 12, 16, 18, 19, 22, 26, 31, 34, 41]
    W4: [ 2,  7,  9, 13, 16, 17, 20, 22, 24, 25, 30, 31, 33, 39, 41] = [ 0,  1,  4,  5,  6, 10, 11, 15, 18, 21, 27, 28, 34, 36, 37]
    Truth table row=[>, <, >, =, =] ix=184 result=[8-] is correct

Test 8+:
    W0: [ 0,  1,  2,  3,  4, 10, 13, 15, 16] < [ 5,  6,  7,  8,  9, 11, 12, 14, 17]
    W1: [ 0,  1,  6,  7,  8,  9, 11, 12, 14, 17, 20, 21, 22, 25, 27, 31, 35, 36] > [10, 13, 15, 16, 18, 19, 23, 24, 26, 28, 29, 30, 32, 33, 34, 37, 38, 39]
    W2: [ 0,  2,  5, 11, 12, 14, 17, 20, 21, 22, 34, 37, 38, 39] < [ 4,  6,  7,  8,  9, 13, 15, 16, 18, 19, 23, 24, 35, 36]
    W3: [ 5,  9, 17, 23, 24, 25, 27, 32, 33, 35, 36, 37, 38, 39, 40] = [ 0,  1,  6,  7, 10, 11, 12, 16, 18, 19, 22, 26, 31, 34, 41]
    W4: [ 2,  7,  9, 13, 16, 17, 20, 22, 24, 25, 30, 31, 33, 39, 41] = [ 0,  1,  4,  5,  6, 10, 11, 15, 18, 21, 27, 28, 34, 36, 37]
    Truth table row=[<, >, <, =, =] ix=58 result=[8+] is correct

Test 9-:
    W0: [ 0,  1,  2,  3,  4, 10, 13, 15, 16] > [ 5,  6,  7,  8,  9, 11, 12, 14, 17]
    W1: [ 0,  1,  6,  7,  8,  9, 11, 12, 14, 17, 20, 21, 22, 25, 27, 31, 35, 36] < [10, 13, 15, 16, 18, 19, 23, 24, 26, 28, 29, 30, 32, 33, 34, 37, 38, 39]
    W2: [ 0,  2,  5, 11, 12, 14, 17, 20, 21, 22, 34, 37, 38, 39] > [ 4,  6,  7,  8,  9, 13, 15, 16, 18, 19, 23, 24, 35, 36]
    W3: [ 5,  9, 17, 23, 24, 25, 27, 32, 33, 35, 36, 37, 38, 39, 40] < [ 0,  1,  6,  7, 10, 11, 12, 16, 18, 19, 22, 26, 31, 34, 41]
    W4: [ 2,  7,  9, 13, 16, 17, 20, 22, 24, 25, 30, 31, 33, 39, 41] < [ 0,  1,  4,  5,  6, 10, 11, 15, 18, 21, 27, 28, 34, 36, 37]
    Truth table row=[>, <, >, <, <] ix=180 result=[9-] is correct

Test 9+:
    W0: [ 0,  1,  2,  3,  4, 10, 13, 15, 16] < [ 5,  6,  7,  8,  9, 11, 12, 14, 17]
    W1: [ 0,  1,  6,  7,  8,  9, 11, 12, 14, 17, 20, 21, 22, 25, 27, 31, 35, 36] > [10, 13, 15, 16, 18, 19, 23, 24, 26, 28, 29, 30, 32, 33, 34, 37, 38, 39]
    W2: [ 0,  2,  5, 11, 12, 14, 17, 20, 21, 22, 34, 37, 38, 39] < [ 4,  6,  7,  8,  9, 13, 15, 16, 18, 19, 23, 24, 35, 36]
    W3: [ 5,  9, 17, 23, 24, 25, 27, 32, 33, 35, 36, 37, 38, 39, 40] > [ 0,  1,  6,  7, 10, 11, 12, 16, 18, 19, 22, 26, 31, 34, 41]
    W4: [ 2,  7,  9, 13, 16, 17, 20, 22, 24, 25, 30, 31, 33, 39, 41] > [ 0,  1,  4,  5,  6, 10, 11, 15, 18, 21, 27, 28, 34, 36, 37]
    Truth table row=[<, >, <, >, >] ix=62 result=[9+] is correct

Test 10-:
    W0: [ 0,  1,  2,  3,  4, 10, 13, 15, 16] < [ 5,  6,  7,  8,  9, 11, 12, 14, 17]
    W1: [ 0,  1,  6,  7,  8,  9, 11, 12, 14, 17, 20, 21, 22, 25, 27, 31, 35, 36] > [10, 13, 15, 16, 18, 19, 23, 24, 26, 28, 29, 30, 32, 33, 34, 37, 38, 39]
    W2: [ 0,  2,  5, 11, 12, 14, 17, 20, 21, 22, 34, 37, 38, 39] = [ 4,  6,  7,  8,  9, 13, 15, 16, 18, 19, 23, 24, 35, 36]
    W3: [ 5,  9, 17, 23, 24, 25, 27, 32, 33, 35, 36, 37, 38, 39, 40] > [ 0,  1,  6,  7, 10, 11, 12, 16, 18, 19, 22, 26, 31, 34, 41]
    W4: [ 2,  7,  9, 13, 16, 17, 20, 22, 24, 25, 30, 31, 33, 39, 41] > [ 0,  1,  4,  5,  6, 10, 11, 15, 18, 21, 27, 28, 34, 36, 37]
    Truth table row=[<, >, =, >, >] ix=71 result=[10-] is correct

Test 10+:
    W0: [ 0,  1,  2,  3,  4, 10, 13, 15, 16] > [ 5,  6,  7,  8,  9, 11, 12, 14, 17]
    W1: [ 0,  1,  6,  7,  8,  9, 11, 12, 14, 17, 20, 21, 22, 25, 27, 31, 35, 36] < [10, 13, 15, 16, 18, 19, 23, 24, 26, 28, 29, 30, 32, 33, 34, 37, 38, 39]
    W2: [ 0,  2,  5, 11, 12, 14, 17, 20, 21, 22, 34, 37, 38, 39] = [ 4,  6,  7,  8,  9, 13, 15, 16, 18, 19, 23, 24, 35, 36]
    W3: [ 5,  9, 17, 23, 24, 25, 27, 32, 33, 35, 36, 37, 38, 39, 40] < [ 0,  1,  6,  7, 10, 11, 12, 16, 18, 19, 22, 26, 31, 34, 41]
    W4: [ 2,  7,  9, 13, 16, 17, 20, 22, 24, 25, 30, 31, 33, 39, 41] < [ 0,  1,  4,  5,  6, 10, 11, 15, 18, 21, 27, 28, 34, 36, 37]
    Truth table row=[>, <, =, <, <] ix=171 result=[10+] is correct

Test 11-:
    W0: [ 0,  1,  2,  3,  4, 10, 13, 15, 16] > [ 5,  6,  7,  8,  9, 11, 12, 14, 17]
    W1: [ 0,  1,  6,  7,  8,  9, 11, 12, 14, 17, 20, 21, 22, 25, 27, 31, 35, 36] < [10, 13, 15, 16, 18, 19, 23, 24, 26, 28, 29, 30, 32, 33, 34, 37, 38, 39]
    W2: [ 0,  2,  5, 11, 12, 14, 17, 20, 21, 22, 34, 37, 38, 39] < [ 4,  6,  7,  8,  9, 13, 15, 16, 18, 19, 23, 24, 35, 36]
    W3: [ 5,  9, 17, 23, 24, 25, 27, 32, 33, 35, 36, 37, 38, 39, 40] > [ 0,  1,  6,  7, 10, 11, 12, 16, 18, 19, 22, 26, 31, 34, 41]
    W4: [ 2,  7,  9, 13, 16, 17, 20, 22, 24, 25, 30, 31, 33, 39, 41] > [ 0,  1,  4,  5,  6, 10, 11, 15, 18, 21, 27, 28, 34, 36, 37]
    Truth table row=[>, <, <, >, >] ix=170 result=[11-] is correct

Test 11+:
    W0: [ 0,  1,  2,  3,  4, 10, 13, 15, 16] < [ 5,  6,  7,  8,  9, 11, 12, 14, 17]
    W1: [ 0,  1,  6,  7,  8,  9, 11, 12, 14, 17, 20, 21, 22, 25, 27, 31, 35, 36] > [10, 13, 15, 16, 18, 19, 23, 24, 26, 28, 29, 30, 32, 33, 34, 37, 38, 39]
    W2: [ 0,  2,  5, 11, 12, 14, 17, 20, 21, 22, 34, 37, 38, 39] > [ 4,  6,  7,  8,  9, 13, 15, 16, 18, 19, 23, 24, 35, 36]
    W3: [ 5,  9, 17, 23, 24, 25, 27, 32, 33, 35, 36, 37, 38, 39, 40] < [ 0,  1,  6,  7, 10, 11, 12, 16, 18, 19, 22, 26, 31, 34, 41]
    W4: [ 2,  7,  9, 13, 16, 17, 20, 22, 24, 25, 30, 31, 33, 39, 41] < [ 0,  1,  4,  5,  6, 10, 11, 15, 18, 21, 27, 28, 34, 36, 37]
    Truth table row=[<, >, >, <, <] ix=72 result=[11+] is correct

Test 12-:
    W0: [ 0,  1,  2,  3,  4, 10, 13, 15, 16] > [ 5,  6,  7,  8,  9, 11, 12, 14, 17]
    W1: [ 0,  1,  6,  7,  8,  9, 11, 12, 14, 17, 20, 21, 22, 25, 27, 31, 35, 36] < [10, 13, 15, 16, 18, 19, 23, 24, 26, 28, 29, 30, 32, 33, 34, 37, 38, 39]
    W2: [ 0,  2,  5, 11, 12, 14, 17, 20, 21, 22, 34, 37, 38, 39] < [ 4,  6,  7,  8,  9, 13, 15, 16, 18, 19, 23, 24, 35, 36]
    W3: [ 5,  9, 17, 23, 24, 25, 27, 32, 33, 35, 36, 37, 38, 39, 40] > [ 0,  1,  6,  7, 10, 11, 12, 16, 18, 19, 22, 26, 31, 34, 41]
    W4: [ 2,  7,  9, 13, 16, 17, 20, 22, 24, 25, 30, 31, 33, 39, 41] = [ 0,  1,  4,  5,  6, 10, 11, 15, 18, 21, 27, 28, 34, 36, 37]
    Truth table row=[>, <, <, >, =] ix=169 result=[12-] is correct

Test 12+:
    W0: [ 0,  1,  2,  3,  4, 10, 13, 15, 16] < [ 5,  6,  7,  8,  9, 11, 12, 14, 17]
    W1: [ 0,  1,  6,  7,  8,  9, 11, 12, 14, 17, 20, 21, 22, 25, 27, 31, 35, 36] > [10, 13, 15, 16, 18, 19, 23, 24, 26, 28, 29, 30, 32, 33, 34, 37, 38, 39]
    W2: [ 0,  2,  5, 11, 12, 14, 17, 20, 21, 22, 34, 37, 38, 39] > [ 4,  6,  7,  8,  9, 13, 15, 16, 18, 19, 23, 24, 35, 36]
    W3: [ 5,  9, 17, 23, 24, 25, 27, 32, 33, 35, 36, 37, 38, 39, 40] < [ 0,  1,  6,  7, 10, 11, 12, 16, 18, 19, 22, 26, 31, 34, 41]
    W4: [ 2,  7,  9, 13, 16, 17, 20, 22, 24, 25, 30, 31, 33, 39, 41] = [ 0,  1,  4,  5,  6, 10, 11, 15, 18, 21, 27, 28, 34, 36, 37]
    Truth table row=[<, >, >, <, =] ix=73 result=[12+] is correct

Test 13-:
    W0: [ 0,  1,  2,  3,  4, 10, 13, 15, 16] < [ 5,  6,  7,  8,  9, 11, 12, 14, 17]
    W1: [ 0,  1,  6,  7,  8,  9, 11, 12, 14, 17, 20, 21, 22, 25, 27, 31, 35, 36] > [10, 13, 15, 16, 18, 19, 23, 24, 26, 28, 29, 30, 32, 33, 34, 37, 38, 39]
    W2: [ 0,  2,  5, 11, 12, 14, 17, 20, 21, 22, 34, 37, 38, 39] > [ 4,  6,  7,  8,  9, 13, 15, 16, 18, 19, 23, 24, 35, 36]
    W3: [ 5,  9, 17, 23, 24, 25, 27, 32, 33, 35, 36, 37, 38, 39, 40] = [ 0,  1,  6,  7, 10, 11, 12, 16, 18, 19, 22, 26, 31, 34, 41]
    W4: [ 2,  7,  9, 13, 16, 17, 20, 22, 24, 25, 30, 31, 33, 39, 41] < [ 0,  1,  4,  5,  6, 10, 11, 15, 18, 21, 27, 28, 34, 36, 37]
    Truth table row=[<, >, >, =, <] ix=75 result=[13-] is correct

Test 13+:
    W0: [ 0,  1,  2,  3,  4, 10, 13, 15, 16] > [ 5,  6,  7,  8,  9, 11, 12, 14, 17]
    W1: [ 0,  1,  6,  7,  8,  9, 11, 12, 14, 17, 20, 21, 22, 25, 27, 31, 35, 36] < [10, 13, 15, 16, 18, 19, 23, 24, 26, 28, 29, 30, 32, 33, 34, 37, 38, 39]
    W2: [ 0,  2,  5, 11, 12, 14, 17, 20, 21, 22, 34, 37, 38, 39] < [ 4,  6,  7,  8,  9, 13, 15, 16, 18, 19, 23, 24, 35, 36]
    W3: [ 5,  9, 17, 23, 24, 25, 27, 32, 33, 35, 36, 37, 38, 39, 40] = [ 0,  1,  6,  7, 10, 11, 12, 16, 18, 19, 22, 26, 31, 34, 41]
    W4: [ 2,  7,  9, 13, 16, 17, 20, 22, 24, 25, 30, 31, 33, 39, 41] > [ 0,  1,  4,  5,  6, 10, 11, 15, 18, 21, 27, 28, 34, 36, 37]
    Truth table row=[>, <, <, =, >] ix=167 result=[13+] is correct

Test 14-:
    W0: [ 0,  1,  2,  3,  4, 10, 13, 15, 16] > [ 5,  6,  7,  8,  9, 11, 12, 14, 17]
    W1: [ 0,  1,  6,  7,  8,  9, 11, 12, 14, 17, 20, 21, 22, 25, 27, 31, 35, 36] < [10, 13, 15, 16, 18, 19, 23, 24, 26, 28, 29, 30, 32, 33, 34, 37, 38, 39]
    W2: [ 0,  2,  5, 11, 12, 14, 17, 20, 21, 22, 34, 37, 38, 39] < [ 4,  6,  7,  8,  9, 13, 15, 16, 18, 19, 23, 24, 35, 36]
    W3: [ 5,  9, 17, 23, 24, 25, 27, 32, 33, 35, 36, 37, 38, 39, 40] = [ 0,  1,  6,  7, 10, 11, 12, 16, 18, 19, 22, 26, 31, 34, 41]
    W4: [ 2,  7,  9, 13, 16, 17, 20, 22, 24, 25, 30, 31, 33, 39, 41] = [ 0,  1,  4,  5,  6, 10, 11, 15, 18, 21, 27, 28, 34, 36, 37]
    Truth table row=[>, <, <, =, =] ix=166 result=[14-] is correct

Test 14+:
    W0: [ 0,  1,  2,  3,  4, 10, 13, 15, 16] < [ 5,  6,  7,  8,  9, 11, 12, 14, 17]
    W1: [ 0,  1,  6,  7,  8,  9, 11, 12, 14, 17, 20, 21, 22, 25, 27, 31, 35, 36] > [10, 13, 15, 16, 18, 19, 23, 24, 26, 28, 29, 30, 32, 33, 34, 37, 38, 39]
    W2: [ 0,  2,  5, 11, 12, 14, 17, 20, 21, 22, 34, 37, 38, 39] > [ 4,  6,  7,  8,  9, 13, 15, 16, 18, 19, 23, 24, 35, 36]
    W3: [ 5,  9, 17, 23, 24, 25, 27, 32, 33, 35, 36, 37, 38, 39, 40] = [ 0,  1,  6,  7, 10, 11, 12, 16, 18, 19, 22, 26, 31, 34, 41]
    W4: [ 2,  7,  9, 13, 16, 17, 20, 22, 24, 25, 30, 31, 33, 39, 41] = [ 0,  1,  4,  5,  6, 10, 11, 15, 18, 21, 27, 28, 34, 36, 37]
    Truth table row=[<, >, >, =, =] ix=76 result=[14+] is correct

Test 15-:
    W0: [ 0,  1,  2,  3,  4, 10, 13, 15, 16] < [ 5,  6,  7,  8,  9, 11, 12, 14, 17]
    W1: [ 0,  1,  6,  7,  8,  9, 11, 12, 14, 17, 20, 21, 22, 25, 27, 31, 35, 36] > [10, 13, 15, 16, 18, 19, 23, 24, 26, 28, 29, 30, 32, 33, 34, 37, 38, 39]
    W2: [ 0,  2,  5, 11, 12, 14, 17, 20, 21, 22, 34, 37, 38, 39] > [ 4,  6,  7,  8,  9, 13, 15, 16, 18, 19, 23, 24, 35, 36]
    W3: [ 5,  9, 17, 23, 24, 25, 27, 32, 33, 35, 36, 37, 38, 39, 40] = [ 0,  1,  6,  7, 10, 11, 12, 16, 18, 19, 22, 26, 31, 34, 41]
    W4: [ 2,  7,  9, 13, 16, 17, 20, 22, 24, 25, 30, 31, 33, 39, 41] > [ 0,  1,  4,  5,  6, 10, 11, 15, 18, 21, 27, 28, 34, 36, 37]
    Truth table row=[<, >, >, =, >] ix=77 result=[15-] is correct

Test 15+:
    W0: [ 0,  1,  2,  3,  4, 10, 13, 15, 16] > [ 5,  6,  7,  8,  9, 11, 12, 14, 17]
    W1: [ 0,  1,  6,  7,  8,  9, 11, 12, 14, 17, 20, 21, 22, 25, 27, 31, 35, 36] < [10, 13, 15, 16, 18, 19, 23, 24, 26, 28, 29, 30, 32, 33, 34, 37, 38, 39]
    W2: [ 0,  2,  5, 11, 12, 14, 17, 20, 21, 22, 34, 37, 38, 39] < [ 4,  6,  7,  8,  9, 13, 15, 16, 18, 19, 23, 24, 35, 36]
    W3: [ 5,  9, 17, 23, 24, 25, 27, 32, 33, 35, 36, 37, 38, 39, 40] = [ 0,  1,  6,  7, 10, 11, 12, 16, 18, 19, 22, 26, 31, 34, 41]
    W4: [ 2,  7,  9, 13, 16, 17, 20, 22, 24, 25, 30, 31, 33, 39, 41] < [ 0,  1,  4,  5,  6, 10, 11, 15, 18, 21, 27, 28, 34, 36, 37]
    Truth table row=[>, <, <, =, <] ix=165 result=[15+] is correct

Test 16-:
    W0: [ 0,  1,  2,  3,  4, 10, 13, 15, 16] < [ 5,  6,  7,  8,  9, 11, 12, 14, 17]
    W1: [ 0,  1,  6,  7,  8,  9, 11, 12, 14, 17, 20, 21, 22, 25, 27, 31, 35, 36] > [10, 13, 15, 16, 18, 19, 23, 24, 26, 28, 29, 30, 32, 33, 34, 37, 38, 39]
    W2: [ 0,  2,  5, 11, 12, 14, 17, 20, 21, 22, 34, 37, 38, 39] > [ 4,  6,  7,  8,  9, 13, 15, 16, 18, 19, 23, 24, 35, 36]
    W3: [ 5,  9, 17, 23, 24, 25, 27, 32, 33, 35, 36, 37, 38, 39, 40] > [ 0,  1,  6,  7, 10, 11, 12, 16, 18, 19, 22, 26, 31, 34, 41]
    W4: [ 2,  7,  9, 13, 16, 17, 20, 22, 24, 25, 30, 31, 33, 39, 41] < [ 0,  1,  4,  5,  6, 10, 11, 15, 18, 21, 27, 28, 34, 36, 37]
    Truth table row=[<, >, >, >, <] ix=78 result=[16-] is correct

Test 16+:
    W0: [ 0,  1,  2,  3,  4, 10, 13, 15, 16] > [ 5,  6,  7,  8,  9, 11, 12, 14, 17]
    W1: [ 0,  1,  6,  7,  8,  9, 11, 12, 14, 17, 20, 21, 22, 25, 27, 31, 35, 36] < [10, 13, 15, 16, 18, 19, 23, 24, 26, 28, 29, 30, 32, 33, 34, 37, 38, 39]
    W2: [ 0,  2,  5, 11, 12, 14, 17, 20, 21, 22, 34, 37, 38, 39] < [ 4,  6,  7,  8,  9, 13, 15, 16, 18, 19, 23, 24, 35, 36]
    W3: [ 5,  9, 17, 23, 24, 25, 27, 32, 33, 35, 36, 37, 38, 39, 40] < [ 0,  1,  6,  7, 10, 11, 12, 16, 18, 19, 22, 26, 31, 34, 41]
    W4: [ 2,  7,  9, 13, 16, 17, 20, 22, 24, 25, 30, 31, 33, 39, 41] > [ 0,  1,  4,  5,  6, 10, 11, 15, 18, 21, 27, 28, 34, 36, 37]
    Truth table row=[>, <, <, <, >] ix=164 result=[16+] is correct

Test 17-:
    W0: [ 0,  1,  2,  3,  4, 10, 13, 15, 16] > [ 5,  6,  7,  8,  9, 11, 12, 14, 17]
    W1: [ 0,  1,  6,  7,  8,  9, 11, 12, 14, 17, 20, 21, 22, 25, 27, 31, 35, 36] < [10, 13, 15, 16, 18, 19, 23, 24, 26, 28, 29, 30, 32, 33, 34, 37, 38, 39]
    W2: [ 0,  2,  5, 11, 12, 14, 17, 20, 21, 22, 34, 37, 38, 39] < [ 4,  6,  7,  8,  9, 13, 15, 16, 18, 19, 23, 24, 35, 36]
    W3: [ 5,  9, 17, 23, 24, 25, 27, 32, 33, 35, 36, 37, 38, 39, 40] < [ 0,  1,  6,  7, 10, 11, 12, 16, 18, 19, 22, 26, 31, 34, 41]
    W4: [ 2,  7,  9, 13, 16, 17, 20, 22, 24, 25, 30, 31, 33, 39, 41] < [ 0,  1,  4,  5,  6, 10, 11, 15, 18, 21, 27, 28, 34, 36, 37]
    Truth table row=[>, <, <, <, <] ix=162 result=[17-] is correct

Test 17+:
    W0: [ 0,  1,  2,  3,  4, 10, 13, 15, 16] < [ 5,  6,  7,  8,  9, 11, 12, 14, 17]
    W1: [ 0,  1,  6,  7,  8,  9, 11, 12, 14, 17, 20, 21, 22, 25, 27, 31, 35, 36] > [10, 13, 15, 16, 18, 19, 23, 24, 26, 28, 29, 30, 32, 33, 34, 37, 38, 39]
    W2: [ 0,  2,  5, 11, 12, 14, 17, 20, 21, 22, 34, 37, 38, 39] > [ 4,  6,  7,  8,  9, 13, 15, 16, 18, 19, 23, 24, 35, 36]
    W3: [ 5,  9, 17, 23, 24, 25, 27, 32, 33, 35, 36, 37, 38, 39, 40] > [ 0,  1,  6,  7, 10, 11, 12, 16, 18, 19, 22, 26, 31, 34, 41]
    W4: [ 2,  7,  9, 13, 16, 17, 20, 22, 24, 25, 30, 31, 33, 39, 41] > [ 0,  1,  4,  5,  6, 10, 11, 15, 18, 21, 27, 28, 34, 36, 37]
    Truth table row=[<, >, >, >, >] ix=80 result=[17+] is correct

Test 18-:
    W0: [ 0,  1,  2,  3,  4, 10, 13, 15, 16] = [ 5,  6,  7,  8,  9, 11, 12, 14, 17]
    W1: [ 0,  1,  6,  7,  8,  9, 11, 12, 14, 17, 20, 21, 22, 25, 27, 31, 35, 36] > [10, 13, 15, 16, 18, 19, 23, 24, 26, 28, 29, 30, 32, 33, 34, 37, 38, 39]
    W2: [ 0,  2,  5, 11, 12, 14, 17, 20, 21, 22, 34, 37, 38, 39] > [ 4,  6,  7,  8,  9, 13, 15, 16, 18, 19, 23, 24, 35, 36]
    W3: [ 5,  9, 17, 23, 24, 25, 27, 32, 33, 35, 36, 37, 38, 39, 40] > [ 0,  1,  6,  7, 10, 11, 12, 16, 18, 19, 22, 26, 31, 34, 41]
    W4: [ 2,  7,  9, 13, 16, 17, 20, 22, 24, 25, 30, 31, 33, 39, 41] > [ 0,  1,  4,  5,  6, 10, 11, 15, 18, 21, 27, 28, 34, 36, 37]
    Truth table row=[=, >, >, >, >] ix=161 result=[18-] is correct

Test 18+:
    W0: [ 0,  1,  2,  3,  4, 10, 13, 15, 16] = [ 5,  6,  7,  8,  9, 11, 12, 14, 17]
    W1: [ 0,  1,  6,  7,  8,  9, 11, 12, 14, 17, 20, 21, 22, 25, 27, 31, 35, 36] < [10, 13, 15, 16, 18, 19, 23, 24, 26, 28, 29, 30, 32, 33, 34, 37, 38, 39]
    W2: [ 0,  2,  5, 11, 12, 14, 17, 20, 21, 22, 34, 37, 38, 39] < [ 4,  6,  7,  8,  9, 13, 15, 16, 18, 19, 23, 24, 35, 36]
    W3: [ 5,  9, 17, 23, 24, 25, 27, 32, 33, 35, 36, 37, 38, 39, 40] < [ 0,  1,  6,  7, 10, 11, 12, 16, 18, 19, 22, 26, 31, 34, 41]
    W4: [ 2,  7,  9, 13, 16, 17, 20, 22, 24, 25, 30, 31, 33, 39, 41] < [ 0,  1,  4,  5,  6, 10, 11, 15, 18, 21, 27, 28, 34, 36, 37]
    Truth table row=[=, <, <, <, <] ix=81 result=[18+] is correct

Test 19-:
    W0: [ 0,  1,  2,  3,  4, 10, 13, 15, 16] = [ 5,  6,  7,  8,  9, 11, 12, 14, 17]
    W1: [ 0,  1,  6,  7,  8,  9, 11, 12, 14, 17, 20, 21, 22, 25, 27, 31, 35, 36] > [10, 13, 15, 16, 18, 19, 23, 24, 26, 28, 29, 30, 32, 33, 34, 37, 38, 39]
    W2: [ 0,  2,  5, 11, 12, 14, 17, 20, 21, 22, 34, 37, 38, 39] > [ 4,  6,  7,  8,  9, 13, 15, 16, 18, 19, 23, 24, 35, 36]
    W3: [ 5,  9, 17, 23, 24, 25, 27, 32, 33, 35, 36, 37, 38, 39, 40] > [ 0,  1,  6,  7, 10, 11, 12, 16, 18, 19, 22, 26, 31, 34, 41]
    W4: [ 2,  7,  9, 13, 16, 17, 20, 22, 24, 25, 30, 31, 33, 39, 41] = [ 0,  1,  4,  5,  6, 10, 11, 15, 18, 21, 27, 28, 34, 36, 37]
    Truth table row=[=, >, >, >, =] ix=160 result=[19-] is correct

Test 19+:
    W0: [ 0,  1,  2,  3,  4, 10, 13, 15, 16] = [ 5,  6,  7,  8,  9, 11, 12, 14, 17]
    W1: [ 0,  1,  6,  7,  8,  9, 11, 12, 14, 17, 20, 21, 22, 25, 27, 31, 35, 36] < [10, 13, 15, 16, 18, 19, 23, 24, 26, 28, 29, 30, 32, 33, 34, 37, 38, 39]
    W2: [ 0,  2,  5, 11, 12, 14, 17, 20, 21, 22, 34, 37, 38, 39] < [ 4,  6,  7,  8,  9, 13, 15, 16, 18, 19, 23, 24, 35, 36]
    W3: [ 5,  9, 17, 23, 24, 25, 27, 32, 33, 35, 36, 37, 38, 39, 40] < [ 0,  1,  6,  7, 10, 11, 12, 16, 18, 19, 22, 26, 31, 34, 41]
    W4: [ 2,  7,  9, 13, 16, 17, 20, 22, 24, 25, 30, 31, 33, 39, 41] = [ 0,  1,  4,  5,  6, 10, 11, 15, 18, 21, 27, 28, 34, 36, 37]
    Truth table row=[=, <, <, <, =] ix=82 result=[19+] is correct

Test 20-:
    W0: [ 0,  1,  2,  3,  4, 10, 13, 15, 16] = [ 5,  6,  7,  8,  9, 11, 12, 14, 17]
    W1: [ 0,  1,  6,  7,  8,  9, 11, 12, 14, 17, 20, 21, 22, 25, 27, 31, 35, 36] < [10, 13, 15, 16, 18, 19, 23, 24, 26, 28, 29, 30, 32, 33, 34, 37, 38, 39]
    W2: [ 0,  2,  5, 11, 12, 14, 17, 20, 21, 22, 34, 37, 38, 39] < [ 4,  6,  7,  8,  9, 13, 15, 16, 18, 19, 23, 24, 35, 36]
    W3: [ 5,  9, 17, 23, 24, 25, 27, 32, 33, 35, 36, 37, 38, 39, 40] = [ 0,  1,  6,  7, 10, 11, 12, 16, 18, 19, 22, 26, 31, 34, 41]
    W4: [ 2,  7,  9, 13, 16, 17, 20, 22, 24, 25, 30, 31, 33, 39, 41] < [ 0,  1,  4,  5,  6, 10, 11, 15, 18, 21, 27, 28, 34, 36, 37]
    Truth table row=[=, <, <, =, <] ix=84 result=[20-] is correct

Test 20+:
    W0: [ 0,  1,  2,  3,  4, 10, 13, 15, 16] = [ 5,  6,  7,  8,  9, 11, 12, 14, 17]
    W1: [ 0,  1,  6,  7,  8,  9, 11, 12, 14, 17, 20, 21, 22, 25, 27, 31, 35, 36] > [10, 13, 15, 16, 18, 19, 23, 24, 26, 28, 29, 30, 32, 33, 34, 37, 38, 39]
    W2: [ 0,  2,  5, 11, 12, 14, 17, 20, 21, 22, 34, 37, 38, 39] > [ 4,  6,  7,  8,  9, 13, 15, 16, 18, 19, 23, 24, 35, 36]
    W3: [ 5,  9, 17, 23, 24, 25, 27, 32, 33, 35, 36, 37, 38, 39, 40] = [ 0,  1,  6,  7, 10, 11, 12, 16, 18, 19, 22, 26, 31, 34, 41]
    W4: [ 2,  7,  9, 13, 16, 17, 20, 22, 24, 25, 30, 31, 33, 39, 41] > [ 0,  1,  4,  5,  6, 10, 11, 15, 18, 21, 27, 28, 34, 36, 37]
    Truth table row=[=, >, >, =, >] ix=158 result=[20+] is correct

Test 21-:
    W0: [ 0,  1,  2,  3,  4, 10, 13, 15, 16] = [ 5,  6,  7,  8,  9, 11, 12, 14, 17]
    W1: [ 0,  1,  6,  7,  8,  9, 11, 12, 14, 17, 20, 21, 22, 25, 27, 31, 35, 36] < [10, 13, 15, 16, 18, 19, 23, 24, 26, 28, 29, 30, 32, 33, 34, 37, 38, 39]
    W2: [ 0,  2,  5, 11, 12, 14, 17, 20, 21, 22, 34, 37, 38, 39] < [ 4,  6,  7,  8,  9, 13, 15, 16, 18, 19, 23, 24, 35, 36]
    W3: [ 5,  9, 17, 23, 24, 25, 27, 32, 33, 35, 36, 37, 38, 39, 40] = [ 0,  1,  6,  7, 10, 11, 12, 16, 18, 19, 22, 26, 31, 34, 41]
    W4: [ 2,  7,  9, 13, 16, 17, 20, 22, 24, 25, 30, 31, 33, 39, 41] > [ 0,  1,  4,  5,  6, 10, 11, 15, 18, 21, 27, 28, 34, 36, 37]
    Truth table row=[=, <, <, =, >] ix=86 result=[21-] is correct

Test 21+:
    W0: [ 0,  1,  2,  3,  4, 10, 13, 15, 16] = [ 5,  6,  7,  8,  9, 11, 12, 14, 17]
    W1: [ 0,  1,  6,  7,  8,  9, 11, 12, 14, 17, 20, 21, 22, 25, 27, 31, 35, 36] > [10, 13, 15, 16, 18, 19, 23, 24, 26, 28, 29, 30, 32, 33, 34, 37, 38, 39]
    W2: [ 0,  2,  5, 11, 12, 14, 17, 20, 21, 22, 34, 37, 38, 39] > [ 4,  6,  7,  8,  9, 13, 15, 16, 18, 19, 23, 24, 35, 36]
    W3: [ 5,  9, 17, 23, 24, 25, 27, 32, 33, 35, 36, 37, 38, 39, 40] = [ 0,  1,  6,  7, 10, 11, 12, 16, 18, 19, 22, 26, 31, 34, 41]
    W4: [ 2,  7,  9, 13, 16, 17, 20, 22, 24, 25, 30, 31, 33, 39, 41] < [ 0,  1,  4,  5,  6, 10, 11, 15, 18, 21, 27, 28, 34, 36, 37]
    Truth table row=[=, >, >, =, <] ix=156 result=[21+] is correct

Test 22-:
    W0: [ 0,  1,  2,  3,  4, 10, 13, 15, 16] = [ 5,  6,  7,  8,  9, 11, 12, 14, 17]
    W1: [ 0,  1,  6,  7,  8,  9, 11, 12, 14, 17, 20, 21, 22, 25, 27, 31, 35, 36] < [10, 13, 15, 16, 18, 19, 23, 24, 26, 28, 29, 30, 32, 33, 34, 37, 38, 39]
    W2: [ 0,  2,  5, 11, 12, 14, 17, 20, 21, 22, 34, 37, 38, 39] < [ 4,  6,  7,  8,  9, 13, 15, 16, 18, 19, 23, 24, 35, 36]
    W3: [ 5,  9, 17, 23, 24, 25, 27, 32, 33, 35, 36, 37, 38, 39, 40] > [ 0,  1,  6,  7, 10, 11, 12, 16, 18, 19, 22, 26, 31, 34, 41]
    W4: [ 2,  7,  9, 13, 16, 17, 20, 22, 24, 25, 30, 31, 33, 39, 41] < [ 0,  1,  4,  5,  6, 10, 11, 15, 18, 21, 27, 28, 34, 36, 37]
    Truth table row=[=, <, <, >, <] ix=87 result=[22-] is correct

Test 22+:
    W0: [ 0,  1,  2,  3,  4, 10, 13, 15, 16] = [ 5,  6,  7,  8,  9, 11, 12, 14, 17]
    W1: [ 0,  1,  6,  7,  8,  9, 11, 12, 14, 17, 20, 21, 22, 25, 27, 31, 35, 36] > [10, 13, 15, 16, 18, 19, 23, 24, 26, 28, 29, 30, 32, 33, 34, 37, 38, 39]
    W2: [ 0,  2,  5, 11, 12, 14, 17, 20, 21, 22, 34, 37, 38, 39] > [ 4,  6,  7,  8,  9, 13, 15, 16, 18, 19, 23, 24, 35, 36]
    W3: [ 5,  9, 17, 23, 24, 25, 27, 32, 33, 35, 36, 37, 38, 39, 40] < [ 0,  1,  6,  7, 10, 11, 12, 16, 18, 19, 22, 26, 31, 34, 41]
    W4: [ 2,  7,  9, 13, 16, 17, 20, 22, 24, 25, 30, 31, 33, 39, 41] > [ 0,  1,  4,  5,  6, 10, 11, 15, 18, 21, 27, 28, 34, 36, 37]
    Truth table row=[=, >, >, <, >] ix=155 result=[22+] is correct

Test 23-:
    W0: [ 0,  1,  2,  3,  4, 10, 13, 15, 16] = [ 5,  6,  7,  8,  9, 11, 12, 14, 17]
    W1: [ 0,  1,  6,  7,  8,  9, 11, 12, 14, 17, 20, 21, 22, 25, 27, 31, 35, 36] > [10, 13, 15, 16, 18, 19, 23, 24, 26, 28, 29, 30, 32, 33, 34, 37, 38, 39]
    W2: [ 0,  2,  5, 11, 12, 14, 17, 20, 21, 22, 34, 37, 38, 39] > [ 4,  6,  7,  8,  9, 13, 15, 16, 18, 19, 23, 24, 35, 36]
    W3: [ 5,  9, 17, 23, 24, 25, 27, 32, 33, 35, 36, 37, 38, 39, 40] < [ 0,  1,  6,  7, 10, 11, 12, 16, 18, 19, 22, 26, 31, 34, 41]
    W4: [ 2,  7,  9, 13, 16, 17, 20, 22, 24, 25, 30, 31, 33, 39, 41] = [ 0,  1,  4,  5,  6, 10, 11, 15, 18, 21, 27, 28, 34, 36, 37]
    Truth table row=[=, >, >, <, =] ix=154 result=[23-] is correct

Test 23+:
    W0: [ 0,  1,  2,  3,  4, 10, 13, 15, 16] = [ 5,  6,  7,  8,  9, 11, 12, 14, 17]
    W1: [ 0,  1,  6,  7,  8,  9, 11, 12, 14, 17, 20, 21, 22, 25, 27, 31, 35, 36] < [10, 13, 15, 16, 18, 19, 23, 24, 26, 28, 29, 30, 32, 33, 34, 37, 38, 39]
    W2: [ 0,  2,  5, 11, 12, 14, 17, 20, 21, 22, 34, 37, 38, 39] < [ 4,  6,  7,  8,  9, 13, 15, 16, 18, 19, 23, 24, 35, 36]
    W3: [ 5,  9, 17, 23, 24, 25, 27, 32, 33, 35, 36, 37, 38, 39, 40] > [ 0,  1,  6,  7, 10, 11, 12, 16, 18, 19, 22, 26, 31, 34, 41]
    W4: [ 2,  7,  9, 13, 16, 17, 20, 22, 24, 25, 30, 31, 33, 39, 41] = [ 0,  1,  4,  5,  6, 10, 11, 15, 18, 21, 27, 28, 34, 36, 37]
    Truth table row=[=, <, <, >, =] ix=88 result=[23+] is correct

Test 24-:
    W0: [ 0,  1,  2,  3,  4, 10, 13, 15, 16] = [ 5,  6,  7,  8,  9, 11, 12, 14, 17]
    W1: [ 0,  1,  6,  7,  8,  9, 11, 12, 14, 17, 20, 21, 22, 25, 27, 31, 35, 36] > [10, 13, 15, 16, 18, 19, 23, 24, 26, 28, 29, 30, 32, 33, 34, 37, 38, 39]
    W2: [ 0,  2,  5, 11, 12, 14, 17, 20, 21, 22, 34, 37, 38, 39] > [ 4,  6,  7,  8,  9, 13, 15, 16, 18, 19, 23, 24, 35, 36]
    W3: [ 5,  9, 17, 23, 24, 25, 27, 32, 33, 35, 36, 37, 38, 39, 40] < [ 0,  1,  6,  7, 10, 11, 12, 16, 18, 19, 22, 26, 31, 34, 41]
    W4: [ 2,  7,  9, 13, 16, 17, 20, 22, 24, 25, 30, 31, 33, 39, 41] < [ 0,  1,  4,  5,  6, 10, 11, 15, 18, 21, 27, 28, 34, 36, 37]
    Truth table row=[=, >, >, <, <] ix=153 result=[24-] is correct

Test 24+:
    W0: [ 0,  1,  2,  3,  4, 10, 13, 15, 16] = [ 5,  6,  7,  8,  9, 11, 12, 14, 17]
    W1: [ 0,  1,  6,  7,  8,  9, 11, 12, 14, 17, 20, 21, 22, 25, 27, 31, 35, 36] < [10, 13, 15, 16, 18, 19, 23, 24, 26, 28, 29, 30, 32, 33, 34, 37, 38, 39]
    W2: [ 0,  2,  5, 11, 12, 14, 17, 20, 21, 22, 34, 37, 38, 39] < [ 4,  6,  7,  8,  9, 13, 15, 16, 18, 19, 23, 24, 35, 36]
    W3: [ 5,  9, 17, 23, 24, 25, 27, 32, 33, 35, 36, 37, 38, 39, 40] > [ 0,  1,  6,  7, 10, 11, 12, 16, 18, 19, 22, 26, 31, 34, 41]
    W4: [ 2,  7,  9, 13, 16, 17, 20, 22, 24, 25, 30, 31, 33, 39, 41] > [ 0,  1,  4,  5,  6, 10, 11, 15, 18, 21, 27, 28, 34, 36, 37]
    Truth table row=[=, <, <, >, >] ix=89 result=[24+] is correct

Test 25-:
    W0: [ 0,  1,  2,  3,  4, 10, 13, 15, 16] = [ 5,  6,  7,  8,  9, 11, 12, 14, 17]
    W1: [ 0,  1,  6,  7,  8,  9, 11, 12, 14, 17, 20, 21, 22, 25, 27, 31, 35, 36] < [10, 13, 15, 16, 18, 19, 23, 24, 26, 28, 29, 30, 32, 33, 34, 37, 38, 39]
    W2: [ 0,  2,  5, 11, 12, 14, 17, 20, 21, 22, 34, 37, 38, 39] = [ 4,  6,  7,  8,  9, 13, 15, 16, 18, 19, 23, 24, 35, 36]
    W3: [ 5,  9, 17, 23, 24, 25, 27, 32, 33, 35, 36, 37, 38, 39, 40] < [ 0,  1,  6,  7, 10, 11, 12, 16, 18, 19, 22, 26, 31, 34, 41]
    W4: [ 2,  7,  9, 13, 16, 17, 20, 22, 24, 25, 30, 31, 33, 39, 41] < [ 0,  1,  4,  5,  6, 10, 11, 15, 18, 21, 27, 28, 34, 36, 37]
    Truth table row=[=, <, =, <, <] ix=90 result=[25-] is correct

Test 25+:
    W0: [ 0,  1,  2,  3,  4, 10, 13, 15, 16] = [ 5,  6,  7,  8,  9, 11, 12, 14, 17]
    W1: [ 0,  1,  6,  7,  8,  9, 11, 12, 14, 17, 20, 21, 22, 25, 27, 31, 35, 36] > [10, 13, 15, 16, 18, 19, 23, 24, 26, 28, 29, 30, 32, 33, 34, 37, 38, 39]
    W2: [ 0,  2,  5, 11, 12, 14, 17, 20, 21, 22, 34, 37, 38, 39] = [ 4,  6,  7,  8,  9, 13, 15, 16, 18, 19, 23, 24, 35, 36]
    W3: [ 5,  9, 17, 23, 24, 25, 27, 32, 33, 35, 36, 37, 38, 39, 40] > [ 0,  1,  6,  7, 10, 11, 12, 16, 18, 19, 22, 26, 31, 34, 41]
    W4: [ 2,  7,  9, 13, 16, 17, 20, 22, 24, 25, 30, 31, 33, 39, 41] > [ 0,  1,  4,  5,  6, 10, 11, 15, 18, 21, 27, 28, 34, 36, 37]
    Truth table row=[=, >, =, >, >] ix=152 result=[25+] is correct

Test 26-:
    W0: [ 0,  1,  2,  3,  4, 10, 13, 15, 16] = [ 5,  6,  7,  8,  9, 11, 12, 14, 17]
    W1: [ 0,  1,  6,  7,  8,  9, 11, 12, 14, 17, 20, 21, 22, 25, 27, 31, 35, 36] > [10, 13, 15, 16, 18, 19, 23, 24, 26, 28, 29, 30, 32, 33, 34, 37, 38, 39]
    W2: [ 0,  2,  5, 11, 12, 14, 17, 20, 21, 22, 34, 37, 38, 39] = [ 4,  6,  7,  8,  9, 13, 15, 16, 18, 19, 23, 24, 35, 36]
    W3: [ 5,  9, 17, 23, 24, 25, 27, 32, 33, 35, 36, 37, 38, 39, 40] > [ 0,  1,  6,  7, 10, 11, 12, 16, 18, 19, 22, 26, 31, 34, 41]
    W4: [ 2,  7,  9, 13, 16, 17, 20, 22, 24, 25, 30, 31, 33, 39, 41] = [ 0,  1,  4,  5,  6, 10, 11, 15, 18, 21, 27, 28, 34, 36, 37]
    Truth table row=[=, >, =, >, =] ix=151 result=[26-] is correct

Test 26+:
    W0: [ 0,  1,  2,  3,  4, 10, 13, 15, 16] = [ 5,  6,  7,  8,  9, 11, 12, 14, 17]
    W1: [ 0,  1,  6,  7,  8,  9, 11, 12, 14, 17, 20, 21, 22, 25, 27, 31, 35, 36] < [10, 13, 15, 16, 18, 19, 23, 24, 26, 28, 29, 30, 32, 33, 34, 37, 38, 39]
    W2: [ 0,  2,  5, 11, 12, 14, 17, 20, 21, 22, 34, 37, 38, 39] = [ 4,  6,  7,  8,  9, 13, 15, 16, 18, 19, 23, 24, 35, 36]
    W3: [ 5,  9, 17, 23, 24, 25, 27, 32, 33, 35, 36, 37, 38, 39, 40] < [ 0,  1,  6,  7, 10, 11, 12, 16, 18, 19, 22, 26, 31, 34, 41]
    W4: [ 2,  7,  9, 13, 16, 17, 20, 22, 24, 25, 30, 31, 33, 39, 41] = [ 0,  1,  4,  5,  6, 10, 11, 15, 18, 21, 27, 28, 34, 36, 37]
    Truth table row=[=, <, =, <, =] ix=91 result=[26+] is correct

Test 27-:
    W0: [ 0,  1,  2,  3,  4, 10, 13, 15, 16] = [ 5,  6,  7,  8,  9, 11, 12, 14, 17]
    W1: [ 0,  1,  6,  7,  8,  9, 11, 12, 14, 17, 20, 21, 22, 25, 27, 31, 35, 36] < [10, 13, 15, 16, 18, 19, 23, 24, 26, 28, 29, 30, 32, 33, 34, 37, 38, 39]
    W2: [ 0,  2,  5, 11, 12, 14, 17, 20, 21, 22, 34, 37, 38, 39] = [ 4,  6,  7,  8,  9, 13, 15, 16, 18, 19, 23, 24, 35, 36]
    W3: [ 5,  9, 17, 23, 24, 25, 27, 32, 33, 35, 36, 37, 38, 39, 40] < [ 0,  1,  6,  7, 10, 11, 12, 16, 18, 19, 22, 26, 31, 34, 41]
    W4: [ 2,  7,  9, 13, 16, 17, 20, 22, 24, 25, 30, 31, 33, 39, 41] > [ 0,  1,  4,  5,  6, 10, 11, 15, 18, 21, 27, 28, 34, 36, 37]
    Truth table row=[=, <, =, <, >] ix=92 result=[27-] is correct

Test 27+:
    W0: [ 0,  1,  2,  3,  4, 10, 13, 15, 16] = [ 5,  6,  7,  8,  9, 11, 12, 14, 17]
    W1: [ 0,  1,  6,  7,  8,  9, 11, 12, 14, 17, 20, 21, 22, 25, 27, 31, 35, 36] > [10, 13, 15, 16, 18, 19, 23, 24, 26, 28, 29, 30, 32, 33, 34, 37, 38, 39]
    W2: [ 0,  2,  5, 11, 12, 14, 17, 20, 21, 22, 34, 37, 38, 39] = [ 4,  6,  7,  8,  9, 13, 15, 16, 18, 19, 23, 24, 35, 36]
    W3: [ 5,  9, 17, 23, 24, 25, 27, 32, 33, 35, 36, 37, 38, 39, 40] > [ 0,  1,  6,  7, 10, 11, 12, 16, 18, 19, 22, 26, 31, 34, 41]
    W4: [ 2,  7,  9, 13, 16, 17, 20, 22, 24, 25, 30, 31, 33, 39, 41] < [ 0,  1,  4,  5,  6, 10, 11, 15, 18, 21, 27, 28, 34, 36, 37]
    Truth table row=[=, >, =, >, <] ix=150 result=[27+] is correct

Test 28-:
    W0: [ 0,  1,  2,  3,  4, 10, 13, 15, 16] = [ 5,  6,  7,  8,  9, 11, 12, 14, 17]
    W1: [ 0,  1,  6,  7,  8,  9, 11, 12, 14, 17, 20, 21, 22, 25, 27, 31, 35, 36] > [10, 13, 15, 16, 18, 19, 23, 24, 26, 28, 29, 30, 32, 33, 34, 37, 38, 39]
    W2: [ 0,  2,  5, 11, 12, 14, 17, 20, 21, 22, 34, 37, 38, 39] = [ 4,  6,  7,  8,  9, 13, 15, 16, 18, 19, 23, 24, 35, 36]
    W3: [ 5,  9, 17, 23, 24, 25, 27, 32, 33, 35, 36, 37, 38, 39, 40] = [ 0,  1,  6,  7, 10, 11, 12, 16, 18, 19, 22, 26, 31, 34, 41]
    W4: [ 2,  7,  9, 13, 16, 17, 20, 22, 24, 25, 30, 31, 33, 39, 41] > [ 0,  1,  4,  5,  6, 10, 11, 15, 18, 21, 27, 28, 34, 36, 37]
    Truth table row=[=, >, =, =, >] ix=149 result=[28-] is correct

Test 28+:
    W0: [ 0,  1,  2,  3,  4, 10, 13, 15, 16] = [ 5,  6,  7,  8,  9, 11, 12, 14, 17]
    W1: [ 0,  1,  6,  7,  8,  9, 11, 12, 14, 17, 20, 21, 22, 25, 27, 31, 35, 36] < [10, 13, 15, 16, 18, 19, 23, 24, 26, 28, 29, 30, 32, 33, 34, 37, 38, 39]
    W2: [ 0,  2,  5, 11, 12, 14, 17, 20, 21, 22, 34, 37, 38, 39] = [ 4,  6,  7,  8,  9, 13, 15, 16, 18, 19, 23, 24, 35, 36]
    W3: [ 5,  9, 17, 23, 24, 25, 27, 32, 33, 35, 36, 37, 38, 39, 40] = [ 0,  1,  6,  7, 10, 11, 12, 16, 18, 19, 22, 26, 31, 34, 41]
    W4: [ 2,  7,  9, 13, 16, 17, 20, 22, 24, 25, 30, 31, 33, 39, 41] < [ 0,  1,  4,  5,  6, 10, 11, 15, 18, 21, 27, 28, 34, 36, 37]
    Truth table row=[=, <, =, =, <] ix=93 result=[28+] is correct

Test 29-:
    W0: [ 0,  1,  2,  3,  4, 10, 13, 15, 16] = [ 5,  6,  7,  8,  9, 11, 12, 14, 17]
    W1: [ 0,  1,  6,  7,  8,  9, 11, 12, 14, 17, 20, 21, 22, 25, 27, 31, 35, 36] > [10, 13, 15, 16, 18, 19, 23, 24, 26, 28, 29, 30, 32, 33, 34, 37, 38, 39]
    W2: [ 0,  2,  5, 11, 12, 14, 17, 20, 21, 22, 34, 37, 38, 39] = [ 4,  6,  7,  8,  9, 13, 15, 16, 18, 19, 23, 24, 35, 36]
    W3: [ 5,  9, 17, 23, 24, 25, 27, 32, 33, 35, 36, 37, 38, 39, 40] = [ 0,  1,  6,  7, 10, 11, 12, 16, 18, 19, 22, 26, 31, 34, 41]
    W4: [ 2,  7,  9, 13, 16, 17, 20, 22, 24, 25, 30, 31, 33, 39, 41] = [ 0,  1,  4,  5,  6, 10, 11, 15, 18, 21, 27, 28, 34, 36, 37]
    Truth table row=[=, >, =, =, =] ix=148 result=[29-] is correct

Test 29+:
    W0: [ 0,  1,  2,  3,  4, 10, 13, 15, 16] = [ 5,  6,  7,  8,  9, 11, 12, 14, 17]
    W1: [ 0,  1,  6,  7,  8,  9, 11, 12, 14, 17, 20, 21, 22, 25, 27, 31, 35, 36] < [10, 13, 15, 16, 18, 19, 23, 24, 26, 28, 29, 30, 32, 33, 34, 37, 38, 39]
    W2: [ 0,  2,  5, 11, 12, 14, 17, 20, 21, 22, 34, 37, 38, 39] = [ 4,  6,  7,  8,  9, 13, 15, 16, 18, 19, 23, 24, 35, 36]
    W3: [ 5,  9, 17, 23, 24, 25, 27, 32, 33, 35, 36, 37, 38, 39, 40] = [ 0,  1,  6,  7, 10, 11, 12, 16, 18, 19, 22, 26, 31, 34, 41]
    W4: [ 2,  7,  9, 13, 16, 17, 20, 22, 24, 25, 30, 31, 33, 39, 41] = [ 0,  1,  4,  5,  6, 10, 11, 15, 18, 21, 27, 28, 34, 36, 37]
    Truth table row=[=, <, =, =, =] ix=94 result=[29+] is correct

Test 30-:
    W0: [ 0,  1,  2,  3,  4, 10, 13, 15, 16] = [ 5,  6,  7,  8,  9, 11, 12, 14, 17]
    W1: [ 0,  1,  6,  7,  8,  9, 11, 12, 14, 17, 20, 21, 22, 25, 27, 31, 35, 36] > [10, 13, 15, 16, 18, 19, 23, 24, 26, 28, 29, 30, 32, 33, 34, 37, 38, 39]
    W2: [ 0,  2,  5, 11, 12, 14, 17, 20, 21, 22, 34, 37, 38, 39] = [ 4,  6,  7,  8,  9, 13, 15, 16, 18, 19, 23, 24, 35, 36]
    W3: [ 5,  9, 17, 23, 24, 25, 27, 32, 33, 35, 36, 37, 38, 39, 40] = [ 0,  1,  6,  7, 10, 11, 12, 16, 18, 19, 22, 26, 31, 34, 41]
    W4: [ 2,  7,  9, 13, 16, 17, 20, 22, 24, 25, 30, 31, 33, 39, 41] < [ 0,  1,  4,  5,  6, 10, 11, 15, 18, 21, 27, 28, 34, 36, 37]
    Truth table row=[=, >, =, =, <] ix=147 result=[30-] is correct

Test 30+:
    W0: [ 0,  1,  2,  3,  4, 10, 13, 15, 16] = [ 5,  6,  7,  8,  9, 11, 12, 14, 17]
    W1: [ 0,  1,  6,  7,  8,  9, 11, 12, 14, 17, 20, 21, 22, 25, 27, 31, 35, 36] < [10, 13, 15, 16, 18, 19, 23, 24, 26, 28, 29, 30, 32, 33, 34, 37, 38, 39]
    W2: [ 0,  2,  5, 11, 12, 14, 17, 20, 21, 22, 34, 37, 38, 39] = [ 4,  6,  7,  8,  9, 13, 15, 16, 18, 19, 23, 24, 35, 36]
    W3: [ 5,  9, 17, 23, 24, 25, 27, 32, 33, 35, 36, 37, 38, 39, 40] = [ 0,  1,  6,  7, 10, 11, 12, 16, 18, 19, 22, 26, 31, 34, 41]
    W4: [ 2,  7,  9, 13, 16, 17, 20, 22, 24, 25, 30, 31, 33, 39, 41] > [ 0,  1,  4,  5,  6, 10, 11, 15, 18, 21, 27, 28, 34, 36, 37]
    Truth table row=[=, <, =, =, >] ix=95 result=[30+] is correct

Test 31-:
    W0: [ 0,  1,  2,  3,  4, 10, 13, 15, 16] = [ 5,  6,  7,  8,  9, 11, 12, 14, 17]
    W1: [ 0,  1,  6,  7,  8,  9, 11, 12, 14, 17, 20, 21, 22, 25, 27, 31, 35, 36] < [10, 13, 15, 16, 18, 19, 23, 24, 26, 28, 29, 30, 32, 33, 34, 37, 38, 39]
    W2: [ 0,  2,  5, 11, 12, 14, 17, 20, 21, 22, 34, 37, 38, 39] = [ 4,  6,  7,  8,  9, 13, 15, 16, 18, 19, 23, 24, 35, 36]
    W3: [ 5,  9, 17, 23, 24, 25, 27, 32, 33, 35, 36, 37, 38, 39, 40] > [ 0,  1,  6,  7, 10, 11, 12, 16, 18, 19, 22, 26, 31, 34, 41]
    W4: [ 2,  7,  9, 13, 16, 17, 20, 22, 24, 25, 30, 31, 33, 39, 41] < [ 0,  1,  4,  5,  6, 10, 11, 15, 18, 21, 27, 28, 34, 36, 37]
    Truth table row=[=, <, =, >, <] ix=96 result=[31-] is correct

Test 31+:
    W0: [ 0,  1,  2,  3,  4, 10, 13, 15, 16] = [ 5,  6,  7,  8,  9, 11, 12, 14, 17]
    W1: [ 0,  1,  6,  7,  8,  9, 11, 12, 14, 17, 20, 21, 22, 25, 27, 31, 35, 36] > [10, 13, 15, 16, 18, 19, 23, 24, 26, 28, 29, 30, 32, 33, 34, 37, 38, 39]
    W2: [ 0,  2,  5, 11, 12, 14, 17, 20, 21, 22, 34, 37, 38, 39] = [ 4,  6,  7,  8,  9, 13, 15, 16, 18, 19, 23, 24, 35, 36]
    W3: [ 5,  9, 17, 23, 24, 25, 27, 32, 33, 35, 36, 37, 38, 39, 40] < [ 0,  1,  6,  7, 10, 11, 12, 16, 18, 19, 22, 26, 31, 34, 41]
    W4: [ 2,  7,  9, 13, 16, 17, 20, 22, 24, 25, 30, 31, 33, 39, 41] > [ 0,  1,  4,  5,  6, 10, 11, 15, 18, 21, 27, 28, 34, 36, 37]
    Truth table row=[=, >, =, <, >] ix=146 result=[31+] is correct

Test 32-:
    W0: [ 0,  1,  2,  3,  4, 10, 13, 15, 16] = [ 5,  6,  7,  8,  9, 11, 12, 14, 17]
    W1: [ 0,  1,  6,  7,  8,  9, 11, 12, 14, 17, 20, 21, 22, 25, 27, 31, 35, 36] > [10, 13, 15, 16, 18, 19, 23, 24, 26, 28, 29, 30, 32, 33, 34, 37, 38, 39]
    W2: [ 0,  2,  5, 11, 12, 14, 17, 20, 21, 22, 34, 37, 38, 39] = [ 4,  6,  7,  8,  9, 13, 15, 16, 18, 19, 23, 24, 35, 36]
    W3: [ 5,  9, 17, 23, 24, 25, 27, 32, 33, 35, 36, 37, 38, 39, 40] < [ 0,  1,  6,  7, 10, 11, 12, 16, 18, 19, 22, 26, 31, 34, 41]
    W4: [ 2,  7,  9, 13, 16, 17, 20, 22, 24, 25, 30, 31, 33, 39, 41] = [ 0,  1,  4,  5,  6, 10, 11, 15, 18, 21, 27, 28, 34, 36, 37]
    Truth table row=[=, >, =, <, =] ix=145 result=[32-] is correct

Test 32+:
    W0: [ 0,  1,  2,  3,  4, 10, 13, 15, 16] = [ 5,  6,  7,  8,  9, 11, 12, 14, 17]
    W1: [ 0,  1,  6,  7,  8,  9, 11, 12, 14, 17, 20, 21, 22, 25, 27, 31, 35, 36] < [10, 13, 15, 16, 18, 19, 23, 24, 26, 28, 29, 30, 32, 33, 34, 37, 38, 39]
    W2: [ 0,  2,  5, 11, 12, 14, 17, 20, 21, 22, 34, 37, 38, 39] = [ 4,  6,  7,  8,  9, 13, 15, 16, 18, 19, 23, 24, 35, 36]
    W3: [ 5,  9, 17, 23, 24, 25, 27, 32, 33, 35, 36, 37, 38, 39, 40] > [ 0,  1,  6,  7, 10, 11, 12, 16, 18, 19, 22, 26, 31, 34, 41]
    W4: [ 2,  7,  9, 13, 16, 17, 20, 22, 24, 25, 30, 31, 33, 39, 41] = [ 0,  1,  4,  5,  6, 10, 11, 15, 18, 21, 27, 28, 34, 36, 37]
    Truth table row=[=, <, =, >, =] ix=97 result=[32+] is correct

Test 33-:
    W0: [ 0,  1,  2,  3,  4, 10, 13, 15, 16] = [ 5,  6,  7,  8,  9, 11, 12, 14, 17]
    W1: [ 0,  1,  6,  7,  8,  9, 11, 12, 14, 17, 20, 21, 22, 25, 27, 31, 35, 36] > [10, 13, 15, 16, 18, 19, 23, 24, 26, 28, 29, 30, 32, 33, 34, 37, 38, 39]
    W2: [ 0,  2,  5, 11, 12, 14, 17, 20, 21, 22, 34, 37, 38, 39] = [ 4,  6,  7,  8,  9, 13, 15, 16, 18, 19, 23, 24, 35, 36]
    W3: [ 5,  9, 17, 23, 24, 25, 27, 32, 33, 35, 36, 37, 38, 39, 40] < [ 0,  1,  6,  7, 10, 11, 12, 16, 18, 19, 22, 26, 31, 34, 41]
    W4: [ 2,  7,  9, 13, 16, 17, 20, 22, 24, 25, 30, 31, 33, 39, 41] < [ 0,  1,  4,  5,  6, 10, 11, 15, 18, 21, 27, 28, 34, 36, 37]
    Truth table row=[=, >, =, <, <] ix=144 result=[33-] is correct

Test 33+:
    W0: [ 0,  1,  2,  3,  4, 10, 13, 15, 16] = [ 5,  6,  7,  8,  9, 11, 12, 14, 17]
    W1: [ 0,  1,  6,  7,  8,  9, 11, 12, 14, 17, 20, 21, 22, 25, 27, 31, 35, 36] < [10, 13, 15, 16, 18, 19, 23, 24, 26, 28, 29, 30, 32, 33, 34, 37, 38, 39]
    W2: [ 0,  2,  5, 11, 12, 14, 17, 20, 21, 22, 34, 37, 38, 39] = [ 4,  6,  7,  8,  9, 13, 15, 16, 18, 19, 23, 24, 35, 36]
    W3: [ 5,  9, 17, 23, 24, 25, 27, 32, 33, 35, 36, 37, 38, 39, 40] > [ 0,  1,  6,  7, 10, 11, 12, 16, 18, 19, 22, 26, 31, 34, 41]
    W4: [ 2,  7,  9, 13, 16, 17, 20, 22, 24, 25, 30, 31, 33, 39, 41] > [ 0,  1,  4,  5,  6, 10, 11, 15, 18, 21, 27, 28, 34, 36, 37]
    Truth table row=[=, <, =, >, >] ix=98 result=[33+] is correct

Test 34-:
    W0: [ 0,  1,  2,  3,  4, 10, 13, 15, 16] = [ 5,  6,  7,  8,  9, 11, 12, 14, 17]
    W1: [ 0,  1,  6,  7,  8,  9, 11, 12, 14, 17, 20, 21, 22, 25, 27, 31, 35, 36] > [10, 13, 15, 16, 18, 19, 23, 24, 26, 28, 29, 30, 32, 33, 34, 37, 38, 39]
    W2: [ 0,  2,  5, 11, 12, 14, 17, 20, 21, 22, 34, 37, 38, 39] < [ 4,  6,  7,  8,  9, 13, 15, 16, 18, 19, 23, 24, 35, 36]
    W3: [ 5,  9, 17, 23, 24, 25, 27, 32, 33, 35, 36, 37, 38, 39, 40] > [ 0,  1,  6,  7, 10, 11, 12, 16, 18, 19, 22, 26, 31, 34, 41]
    W4: [ 2,  7,  9, 13, 16, 17, 20, 22, 24, 25, 30, 31, 33, 39, 41] > [ 0,  1,  4,  5,  6, 10, 11, 15, 18, 21, 27, 28, 34, 36, 37]
    Truth table row=[=, >, <, >, >] ix=143 result=[34-] is correct

Test 34+:
    W0: [ 0,  1,  2,  3,  4, 10, 13, 15, 16] = [ 5,  6,  7,  8,  9, 11, 12, 14, 17]
    W1: [ 0,  1,  6,  7,  8,  9, 11, 12, 14, 17, 20, 21, 22, 25, 27, 31, 35, 36] < [10, 13, 15, 16, 18, 19, 23, 24, 26, 28, 29, 30, 32, 33, 34, 37, 38, 39]
    W2: [ 0,  2,  5, 11, 12, 14, 17, 20, 21, 22, 34, 37, 38, 39] > [ 4,  6,  7,  8,  9, 13, 15, 16, 18, 19, 23, 24, 35, 36]
    W3: [ 5,  9, 17, 23, 24, 25, 27, 32, 33, 35, 36, 37, 38, 39, 40] < [ 0,  1,  6,  7, 10, 11, 12, 16, 18, 19, 22, 26, 31, 34, 41]
    W4: [ 2,  7,  9, 13, 16, 17, 20, 22, 24, 25, 30, 31, 33, 39, 41] < [ 0,  1,  4,  5,  6, 10, 11, 15, 18, 21, 27, 28, 34, 36, 37]
    Truth table row=[=, <, >, <, <] ix=99 result=[34+] is correct

Test 35-:
    W0: [ 0,  1,  2,  3,  4, 10, 13, 15, 16] = [ 5,  6,  7,  8,  9, 11, 12, 14, 17]
    W1: [ 0,  1,  6,  7,  8,  9, 11, 12, 14, 17, 20, 21, 22, 25, 27, 31, 35, 36] < [10, 13, 15, 16, 18, 19, 23, 24, 26, 28, 29, 30, 32, 33, 34, 37, 38, 39]
    W2: [ 0,  2,  5, 11, 12, 14, 17, 20, 21, 22, 34, 37, 38, 39] > [ 4,  6,  7,  8,  9, 13, 15, 16, 18, 19, 23, 24, 35, 36]
    W3: [ 5,  9, 17, 23, 24, 25, 27, 32, 33, 35, 36, 37, 38, 39, 40] < [ 0,  1,  6,  7, 10, 11, 12, 16, 18, 19, 22, 26, 31, 34, 41]
    W4: [ 2,  7,  9, 13, 16, 17, 20, 22, 24, 25, 30, 31, 33, 39, 41] = [ 0,  1,  4,  5,  6, 10, 11, 15, 18, 21, 27, 28, 34, 36, 37]
    Truth table row=[=, <, >, <, =] ix=100 result=[35-] is correct

Test 35+:
    W0: [ 0,  1,  2,  3,  4, 10, 13, 15, 16] = [ 5,  6,  7,  8,  9, 11, 12, 14, 17]
    W1: [ 0,  1,  6,  7,  8,  9, 11, 12, 14, 17, 20, 21, 22, 25, 27, 31, 35, 36] > [10, 13, 15, 16, 18, 19, 23, 24, 26, 28, 29, 30, 32, 33, 34, 37, 38, 39]
    W2: [ 0,  2,  5, 11, 12, 14, 17, 20, 21, 22, 34, 37, 38, 39] < [ 4,  6,  7,  8,  9, 13, 15, 16, 18, 19, 23, 24, 35, 36]
    W3: [ 5,  9, 17, 23, 24, 25, 27, 32, 33, 35, 36, 37, 38, 39, 40] > [ 0,  1,  6,  7, 10, 11, 12, 16, 18, 19, 22, 26, 31, 34, 41]
    W4: [ 2,  7,  9, 13, 16, 17, 20, 22, 24, 25, 30, 31, 33, 39, 41] = [ 0,  1,  4,  5,  6, 10, 11, 15, 18, 21, 27, 28, 34, 36, 37]
    Truth table row=[=, >, <, >, =] ix=142 result=[35+] is correct

Test 36-:
    W0: [ 0,  1,  2,  3,  4, 10, 13, 15, 16] = [ 5,  6,  7,  8,  9, 11, 12, 14, 17]
    W1: [ 0,  1,  6,  7,  8,  9, 11, 12, 14, 17, 20, 21, 22, 25, 27, 31, 35, 36] < [10, 13, 15, 16, 18, 19, 23, 24, 26, 28, 29, 30, 32, 33, 34, 37, 38, 39]
    W2: [ 0,  2,  5, 11, 12, 14, 17, 20, 21, 22, 34, 37, 38, 39] > [ 4,  6,  7,  8,  9, 13, 15, 16, 18, 19, 23, 24, 35, 36]
    W3: [ 5,  9, 17, 23, 24, 25, 27, 32, 33, 35, 36, 37, 38, 39, 40] < [ 0,  1,  6,  7, 10, 11, 12, 16, 18, 19, 22, 26, 31, 34, 41]
    W4: [ 2,  7,  9, 13, 16, 17, 20, 22, 24, 25, 30, 31, 33, 39, 41] > [ 0,  1,  4,  5,  6, 10, 11, 15, 18, 21, 27, 28, 34, 36, 37]
    Truth table row=[=, <, >, <, >] ix=101 result=[36-] is correct

Test 36+:
    W0: [ 0,  1,  2,  3,  4, 10, 13, 15, 16] = [ 5,  6,  7,  8,  9, 11, 12, 14, 17]
    W1: [ 0,  1,  6,  7,  8,  9, 11, 12, 14, 17, 20, 21, 22, 25, 27, 31, 35, 36] > [10, 13, 15, 16, 18, 19, 23, 24, 26, 28, 29, 30, 32, 33, 34, 37, 38, 39]
    W2: [ 0,  2,  5, 11, 12, 14, 17, 20, 21, 22, 34, 37, 38, 39] < [ 4,  6,  7,  8,  9, 13, 15, 16, 18, 19, 23, 24, 35, 36]
    W3: [ 5,  9, 17, 23, 24, 25, 27, 32, 33, 35, 36, 37, 38, 39, 40] > [ 0,  1,  6,  7, 10, 11, 12, 16, 18, 19, 22, 26, 31, 34, 41]
    W4: [ 2,  7,  9, 13, 16, 17, 20, 22, 24, 25, 30, 31, 33, 39, 41] < [ 0,  1,  4,  5,  6, 10, 11, 15, 18, 21, 27, 28, 34, 36, 37]
    Truth table row=[=, >, <, >, <] ix=141 result=[36+] is correct

Test 37-:
    W0: [ 0,  1,  2,  3,  4, 10, 13, 15, 16] = [ 5,  6,  7,  8,  9, 11, 12, 14, 17]
    W1: [ 0,  1,  6,  7,  8,  9, 11, 12, 14, 17, 20, 21, 22, 25, 27, 31, 35, 36] > [10, 13, 15, 16, 18, 19, 23, 24, 26, 28, 29, 30, 32, 33, 34, 37, 38, 39]
    W2: [ 0,  2,  5, 11, 12, 14, 17, 20, 21, 22, 34, 37, 38, 39] < [ 4,  6,  7,  8,  9, 13, 15, 16, 18, 19, 23, 24, 35, 36]
    W3: [ 5,  9, 17, 23, 24, 25, 27, 32, 33, 35, 36, 37, 38, 39, 40] < [ 0,  1,  6,  7, 10, 11, 12, 16, 18, 19, 22, 26, 31, 34, 41]
    W4: [ 2,  7,  9, 13, 16, 17, 20, 22, 24, 25, 30, 31, 33, 39, 41] > [ 0,  1,  4,  5,  6, 10, 11, 15, 18, 21, 27, 28, 34, 36, 37]
    Truth table row=[=, >, <, <, >] ix=137 result=[37-] is correct

Test 37+:
    W0: [ 0,  1,  2,  3,  4, 10, 13, 15, 16] = [ 5,  6,  7,  8,  9, 11, 12, 14, 17]
    W1: [ 0,  1,  6,  7,  8,  9, 11, 12, 14, 17, 20, 21, 22, 25, 27, 31, 35, 36] < [10, 13, 15, 16, 18, 19, 23, 24, 26, 28, 29, 30, 32, 33, 34, 37, 38, 39]
    W2: [ 0,  2,  5, 11, 12, 14, 17, 20, 21, 22, 34, 37, 38, 39] > [ 4,  6,  7,  8,  9, 13, 15, 16, 18, 19, 23, 24, 35, 36]
    W3: [ 5,  9, 17, 23, 24, 25, 27, 32, 33, 35, 36, 37, 38, 39, 40] > [ 0,  1,  6,  7, 10, 11, 12, 16, 18, 19, 22, 26, 31, 34, 41]
    W4: [ 2,  7,  9, 13, 16, 17, 20, 22, 24, 25, 30, 31, 33, 39, 41] < [ 0,  1,  4,  5,  6, 10, 11, 15, 18, 21, 27, 28, 34, 36, 37]
    Truth table row=[=, <, >, >, <] ix=105 result=[37+] is correct

Test 38-:
    W0: [ 0,  1,  2,  3,  4, 10, 13, 15, 16] = [ 5,  6,  7,  8,  9, 11, 12, 14, 17]
    W1: [ 0,  1,  6,  7,  8,  9, 11, 12, 14, 17, 20, 21, 22, 25, 27, 31, 35, 36] > [10, 13, 15, 16, 18, 19, 23, 24, 26, 28, 29, 30, 32, 33, 34, 37, 38, 39]
    W2: [ 0,  2,  5, 11, 12, 14, 17, 20, 21, 22, 34, 37, 38, 39] < [ 4,  6,  7,  8,  9, 13, 15, 16, 18, 19, 23, 24, 35, 36]
    W3: [ 5,  9, 17, 23, 24, 25, 27, 32, 33, 35, 36, 37, 38, 39, 40] < [ 0,  1,  6,  7, 10, 11, 12, 16, 18, 19, 22, 26, 31, 34, 41]
    W4: [ 2,  7,  9, 13, 16, 17, 20, 22, 24, 25, 30, 31, 33, 39, 41] = [ 0,  1,  4,  5,  6, 10, 11, 15, 18, 21, 27, 28, 34, 36, 37]
    Truth table row=[=, >, <, <, =] ix=136 result=[38-] is correct

Test 38+:
    W0: [ 0,  1,  2,  3,  4, 10, 13, 15, 16] = [ 5,  6,  7,  8,  9, 11, 12, 14, 17]
    W1: [ 0,  1,  6,  7,  8,  9, 11, 12, 14, 17, 20, 21, 22, 25, 27, 31, 35, 36] < [10, 13, 15, 16, 18, 19, 23, 24, 26, 28, 29, 30, 32, 33, 34, 37, 38, 39]
    W2: [ 0,  2,  5, 11, 12, 14, 17, 20, 21, 22, 34, 37, 38, 39] > [ 4,  6,  7,  8,  9, 13, 15, 16, 18, 19, 23, 24, 35, 36]
    W3: [ 5,  9, 17, 23, 24, 25, 27, 32, 33, 35, 36, 37, 38, 39, 40] > [ 0,  1,  6,  7, 10, 11, 12, 16, 18, 19, 22, 26, 31, 34, 41]
    W4: [ 2,  7,  9, 13, 16, 17, 20, 22, 24, 25, 30, 31, 33, 39, 41] = [ 0,  1,  4,  5,  6, 10, 11, 15, 18, 21, 27, 28, 34, 36, 37]
    Truth table row=[=, <, >, >, =] ix=106 result=[38+] is correct

Test 39-:
    W0: [ 0,  1,  2,  3,  4, 10, 13, 15, 16] = [ 5,  6,  7,  8,  9, 11, 12, 14, 17]
    W1: [ 0,  1,  6,  7,  8,  9, 11, 12, 14, 17, 20, 21, 22, 25, 27, 31, 35, 36] > [10, 13, 15, 16, 18, 19, 23, 24, 26, 28, 29, 30, 32, 33, 34, 37, 38, 39]
    W2: [ 0,  2,  5, 11, 12, 14, 17, 20, 21, 22, 34, 37, 38, 39] < [ 4,  6,  7,  8,  9, 13, 15, 16, 18, 19, 23, 24, 35, 36]
    W3: [ 5,  9, 17, 23, 24, 25, 27, 32, 33, 35, 36, 37, 38, 39, 40] < [ 0,  1,  6,  7, 10, 11, 12, 16, 18, 19, 22, 26, 31, 34, 41]
    W4: [ 2,  7,  9, 13, 16, 17, 20, 22, 24, 25, 30, 31, 33, 39, 41] < [ 0,  1,  4,  5,  6, 10, 11, 15, 18, 21, 27, 28, 34, 36, 37]
    Truth table row=[=, >, <, <, <] ix=135 result=[39-] is correct

Test 39+:
    W0: [ 0,  1,  2,  3,  4, 10, 13, 15, 16] = [ 5,  6,  7,  8,  9, 11, 12, 14, 17]
    W1: [ 0,  1,  6,  7,  8,  9, 11, 12, 14, 17, 20, 21, 22, 25, 27, 31, 35, 36] < [10, 13, 15, 16, 18, 19, 23, 24, 26, 28, 29, 30, 32, 33, 34, 37, 38, 39]
    W2: [ 0,  2,  5, 11, 12, 14, 17, 20, 21, 22, 34, 37, 38, 39] > [ 4,  6,  7,  8,  9, 13, 15, 16, 18, 19, 23, 24, 35, 36]
    W3: [ 5,  9, 17, 23, 24, 25, 27, 32, 33, 35, 36, 37, 38, 39, 40] > [ 0,  1,  6,  7, 10, 11, 12, 16, 18, 19, 22, 26, 31, 34, 41]
    W4: [ 2,  7,  9, 13, 16, 17, 20, 22, 24, 25, 30, 31, 33, 39, 41] > [ 0,  1,  4,  5,  6, 10, 11, 15, 18, 21, 27, 28, 34, 36, 37]
    Truth table row=[=, <, >, >, >] ix=107 result=[39+] is correct

Test 40-:
    W0: [ 0,  1,  2,  3,  4, 10, 13, 15, 16] = [ 5,  6,  7,  8,  9, 11, 12, 14, 17]
    W1: [ 0,  1,  6,  7,  8,  9, 11, 12, 14, 17, 20, 21, 22, 25, 27, 31, 35, 36] = [10, 13, 15, 16, 18, 19, 23, 24, 26, 28, 29, 30, 32, 33, 34, 37, 38, 39]
    W2: [ 0,  2,  5, 11, 12, 14, 17, 20, 21, 22, 34, 37, 38, 39] = [ 4,  6,  7,  8,  9, 13, 15, 16, 18, 19, 23, 24, 35, 36]
    W3: [ 5,  9, 17, 23, 24, 25, 27, 32, 33, 35, 36, 37, 38, 39, 40] < [ 0,  1,  6,  7, 10, 11, 12, 16, 18, 19, 22, 26, 31, 34, 41]
    W4: [ 2,  7,  9, 13, 16, 17, 20, 22, 24, 25, 30, 31, 33, 39, 41] = [ 0,  1,  4,  5,  6, 10, 11, 15, 18, 21, 27, 28, 34, 36, 37]
    Truth table row=[=, =, =, <, =] ix=118 result=[40-] is correct

Test 40+:
    W0: [ 0,  1,  2,  3,  4, 10, 13, 15, 16] = [ 5,  6,  7,  8,  9, 11, 12, 14, 17]
    W1: [ 0,  1,  6,  7,  8,  9, 11, 12, 14, 17, 20, 21, 22, 25, 27, 31, 35, 36] = [10, 13, 15, 16, 18, 19, 23, 24, 26, 28, 29, 30, 32, 33, 34, 37, 38, 39]
    W2: [ 0,  2,  5, 11, 12, 14, 17, 20, 21, 22, 34, 37, 38, 39] = [ 4,  6,  7,  8,  9, 13, 15, 16, 18, 19, 23, 24, 35, 36]
    W3: [ 5,  9, 17, 23, 24, 25, 27, 32, 33, 35, 36, 37, 38, 39, 40] > [ 0,  1,  6,  7, 10, 11, 12, 16, 18, 19, 22, 26, 31, 34, 41]
    W4: [ 2,  7,  9, 13, 16, 17, 20, 22, 24, 25, 30, 31, 33, 39, 41] = [ 0,  1,  4,  5,  6, 10, 11, 15, 18, 21, 27, 28, 34, 36, 37]
    Truth table row=[=, =, =, >, =] ix=124 result=[40+] is correct

Test 41-:
    W0: [ 0,  1,  2,  3,  4, 10, 13, 15, 16] = [ 5,  6,  7,  8,  9, 11, 12, 14, 17]
    W1: [ 0,  1,  6,  7,  8,  9, 11, 12, 14, 17, 20, 21, 22, 25, 27, 31, 35, 36] = [10, 13, 15, 16, 18, 19, 23, 24, 26, 28, 29, 30, 32, 33, 34, 37, 38, 39]
    W2: [ 0,  2,  5, 11, 12, 14, 17, 20, 21, 22, 34, 37, 38, 39] = [ 4,  6,  7,  8,  9, 13, 15, 16, 18, 19, 23, 24, 35, 36]
    W3: [ 5,  9, 17, 23, 24, 25, 27, 32, 33, 35, 36, 37, 38, 39, 40] > [ 0,  1,  6,  7, 10, 11, 12, 16, 18, 19, 22, 26, 31, 34, 41]
    W4: [ 2,  7,  9, 13, 16, 17, 20, 22, 24, 25, 30, 31, 33, 39, 41] < [ 0,  1,  4,  5,  6, 10, 11, 15, 18, 21, 27, 28, 34, 36, 37]
    Truth table row=[=, =, =, >, <] ix=123 result=[41-] is correct

Test 41+:
    W0: [ 0,  1,  2,  3,  4, 10, 13, 15, 16] = [ 5,  6,  7,  8,  9, 11, 12, 14, 17]
    W1: [ 0,  1,  6,  7,  8,  9, 11, 12, 14, 17, 20, 21, 22, 25, 27, 31, 35, 36] = [10, 13, 15, 16, 18, 19, 23, 24, 26, 28, 29, 30, 32, 33, 34, 37, 38, 39]
    W2: [ 0,  2,  5, 11, 12, 14, 17, 20, 21, 22, 34, 37, 38, 39] = [ 4,  6,  7,  8,  9, 13, 15, 16, 18, 19, 23, 24, 35, 36]
    W3: [ 5,  9, 17, 23, 24, 25, 27, 32, 33, 35, 36, 37, 38, 39, 40] < [ 0,  1,  6,  7, 10, 11, 12, 16, 18, 19, 22, 26, 31, 34, 41]
    W4: [ 2,  7,  9, 13, 16, 17, 20, 22, 24, 25, 30, 31, 33, 39, 41] > [ 0,  1,  4,  5,  6, 10, 11, 15, 18, 21, 27, 28, 34, 36, 37]
    Truth table row=[=, =, =, <, >] ix=119 result=[41+] is correct

Total correct results: 84
Total incorrect results: 0
