Solving for 20 balls and 5 weighings.
Using symmetry breaking strategy TruthTableAscending.

Solution:
W0: [ 0,  1,  3,  6, 11, 12, 13] <=> [ 2,  4,  5,  7,  8,  9, 10]
W1: [ 0,  1,  3, 14] <=> [ 2,  4,  5, 13]
W2: [ 0,  5,  6, 10, 15] <=> [ 7,  8, 11, 12, 13]
W3: [ 4,  5,  6,  8, 10, 13, 14, 16] <=> [ 0,  3,  9, 11, 12, 15, 17, 18]
W4: [ 2,  3, 14, 16, 18] <=> [ 5, 10, 12, 15, 19]

Truth Table:
ix  W0  W1  W2  W3  W4   Result
 0   <   <   <   <   <
 1   <   <   <   <   =
 2   <   <   <   <   >
 3   <   <   <   =   <
 4   <   <   <   =   =
 5   <   <   <   =   >
 6   <   <   <   >   <
 7   <   <   <   >   =   0-
 8   <   <   <   >   >
 9   <   <   =   <   <
10   <   <   =   <   =
11   <   <   =   <   >
12   <   <   =   =   <
13   <   <   =   =   =   1-
14   <   <   =   =   >   2+
15   <   <   =   >   <   3-
16   <   <   =   >   =   4+
17   <   <   =   >   >
18   <   <   >   <   <
19   <   <   >   <   =
20   <   <   >   <   >
21   <   <   >   =   <
22   <   <   >   =   =
23   <   <   >   =   >
24   <   <   >   >   <   5+
25   <   <   >   >   =
26   <   <   >   >   >
27   <   =   <   <   <
28   <   =   <   <   =   6-
29   <   =   <   <   >
30   <   =   <   =   <
31   <   =   <   =   =   7+
32   <   =   <   =   >
33   <   =   <   >   <
34   <   =   <   >   =   8+
35   <   =   <   >   >
36   <   =   =   <   <
37   <   =   =   <   =   9+
38   <   =   =   <   >
39   <   =   =   =   <
40   <   =   =   =   =
41   <   =   =   =   >
42   <   =   =   >   <
43   <   =   =   >   =
44   <   =   =   >   >
45   <   =   >   <   <
46   <   =   >   <   =
47   <   =   >   <   >
48   <   =   >   =   <
49   <   =   >   =   =
50   <   =   >   =   >
51   <   =   >   >   <   10+
52   <   =   >   >   =   11-
53   <   =   >   >   >   12-
54   <   >   <   <   <
55   <   >   <   <   =
56   <   >   <   <   >
57   <   >   <   =   <
58   <   >   <   =   =
59   <   >   <   =   >
60   <   >   <   >   <
61   <   >   <   >   =
62   <   >   <   >   >
63   <   >   =   <   <
64   <   >   =   <   =
65   <   >   =   <   >
66   <   >   =   =   <
67   <   >   =   =   =
68   <   >   =   =   >
69   <   >   =   >   <
70   <   >   =   >   =
71   <   >   =   >   >
72   <   >   >   <   <
73   <   >   >   <   =   13-
74   <   >   >   <   >
75   <   >   >   =   <
76   <   >   >   =   =
77   <   >   >   =   >
78   <   >   >   >   <
79   <   >   >   >   =
80   <   >   >   >   >
81   =   <   <   <   <
82   =   <   <   <   =
83   =   <   <   <   >
84   =   <   <   =   <
85   =   <   <   =   =
86   =   <   <   =   >
87   =   <   <   >   <
88   =   <   <   >   =
89   =   <   <   >   >
90   =   <   =   <   <   14-
91   =   <   =   <   =
92   =   <   =   <   >
93   =   <   =   =   <
94   =   <   =   =   =
95   =   <   =   =   >
96   =   <   =   >   <
97   =   <   =   >   =
98   =   <   =   >   >
99   =   <   >   <   <
100   =   <   >   <   =
101   =   <   >   <   >
102   =   <   >   =   <
103   =   <   >   =   =
104   =   <   >   =   >
105   =   <   >   >   <
106   =   <   >   >   =
107   =   <   >   >   >
108   =   =   <   <   <
109   =   =   <   <   =
110   =   =   <   <   >
111   =   =   <   =   <
112   =   =   <   =   =
113   =   =   <   =   >
114   =   =   <   >   <
115   =   =   <   >   =
116   =   =   <   >   >   15-
117   =   =   =   <   <   16-
118   =   =   =   <   =   17+
119   =   =   =   <   >   18+
120   =   =   =   =   <   19+
121   =   =   =   =   =
122   =   =   =   =   >   19-
123   =   =   =   >   <   18-
124   =   =   =   >   =   17-
125   =   =   =   >   >   16+
126   =   =   >   <   <   15+
127   =   =   >   <   =
128   =   =   >   <   >
129   =   =   >   =   <
130   =   =   >   =   =
131   =   =   >   =   >
132   =   =   >   >   <
133   =   =   >   >   =
134   =   =   >   >   >
135   =   >   <   <   <
136   =   >   <   <   =
137   =   >   <   <   >
138   =   >   <   =   <
139   =   >   <   =   =
140   =   >   <   =   >
141   =   >   <   >   <
142   =   >   <   >   =
143   =   >   <   >   >
144   =   >   =   <   <
145   =   >   =   <   =
146   =   >   =   <   >
147   =   >   =   =   <
148   =   >   =   =   =
149   =   >   =   =   >
150   =   >   =   >   <
151   =   >   =   >   =
152   =   >   =   >   >   14+
153   =   >   >   <   <
154   =   >   >   <   =
155   =   >   >   <   >
156   =   >   >   =   <
157   =   >   >   =   =
158   =   >   >   =   >
159   =   >   >   >   <
160   =   >   >   >   =
161   =   >   >   >   >
162   >   <   <   <   <
163   >   <   <   <   =
164   >   <   <   <   >
165   >   <   <   =   <
166   >   <   <   =   =
167   >   <   <   =   >
168   >   <   <   >   <
169   >   <   <   >   =   13+
170   >   <   <   >   >
171   >   <   =   <   <
172   >   <   =   <   =
173   >   <   =   <   >
174   >   <   =   =   <
175   >   <   =   =   =
176   >   <   =   =   >
177   >   <   =   >   <
178   >   <   =   >   =
179   >   <   =   >   >
180   >   <   >   <   <
181   >   <   >   <   =
182   >   <   >   <   >
183   >   <   >   =   <
184   >   <   >   =   =
185   >   <   >   =   >
186   >   <   >   >   <
187   >   <   >   >   =
188   >   <   >   >   >
189   >   =   <   <   <   12+
190   >   =   <   <   =   11+
191   >   =   <   <   >   10-
192   >   =   <   =   <
193   >   =   <   =   =
194   >   =   <   =   >
195   >   =   <   >   <
196   >   =   <   >   =
197   >   =   <   >   >
198   >   =   =   <   <
199   >   =   =   <   =
200   >   =   =   <   >
201   >   =   =   =   <
202   >   =   =   =   =
203   >   =   =   =   >
204   >   =   =   >   <
205   >   =   =   >   =   9-
206   >   =   =   >   >
207   >   =   >   <   <
208   >   =   >   <   =   8-
209   >   =   >   <   >
210   >   =   >   =   <
211   >   =   >   =   =   7-
212   >   =   >   =   >
213   >   =   >   >   <
214   >   =   >   >   =   6+
215   >   =   >   >   >
216   >   >   <   <   <
217   >   >   <   <   =
218   >   >   <   <   >   5-
219   >   >   <   =   <
220   >   >   <   =   =
221   >   >   <   =   >
222   >   >   <   >   <
223   >   >   <   >   =
224   >   >   <   >   >
225   >   >   =   <   <
226   >   >   =   <   =   4-
227   >   >   =   <   >   3+
228   >   >   =   =   <   2-
229   >   >   =   =   =   1+
230   >   >   =   =   >
231   >   >   =   >   <
232   >   >   =   >   =
233   >   >   =   >   >
234   >   >   >   <   <
235   >   >   >   <   =   0+
236   >   >   >   <   >
237   >   >   >   =   <
238   >   >   >   =   =
239   >   >   >   =   >
240   >   >   >   >   <
241   >   >   >   >   =
242   >   >   >   >   >

Test 0-:
    W0: [ 0,  1,  3,  6, 11, 12, 13] < [ 2,  4,  5,  7,  8,  9, 10]
    W1: [ 0,  1,  3, 14] < [ 2,  4,  5, 13]
    W2: [ 0,  5,  6, 10, 15] < [ 7,  8, 11, 12, 13]
    W3: [ 4,  5,  6,  8, 10, 13, 14, 16] > [ 0,  3,  9, 11, 12, 15, 17, 18]
    W4: [ 2,  3, 14, 16, 18] = [ 5, 10, 12, 15, 19]
    Truth table row=[<, <, <, >, =] ix=7 result=[0-] is correct

Test 0+:
    W0: [ 0,  1,  3,  6, 11, 12, 13] > [ 2,  4,  5,  7,  8,  9, 10]
    W1: [ 0,  1,  3, 14] > [ 2,  4,  5, 13]
    W2: [ 0,  5,  6, 10, 15] > [ 7,  8, 11, 12, 13]
    W3: [ 4,  5,  6,  8, 10, 13, 14, 16] < [ 0,  3,  9, 11, 12, 15, 17, 18]
    W4: [ 2,  3, 14, 16, 18] = [ 5, 10, 12, 15, 19]
    Truth table row=[>, >, >, <, =] ix=235 result=[0+] is correct

Test 1-:
    W0: [ 0,  1,  3,  6, 11, 12, 13] < [ 2,  4,  5,  7,  8,  9, 10]
    W1: [ 0,  1,  3, 14] < [ 2,  4,  5, 13]
    W2: [ 0,  5,  6, 10, 15] = [ 7,  8, 11, 12, 13]
    W3: [ 4,  5,  6,  8, 10, 13, 14, 16] = [ 0,  3,  9, 11, 12, 15, 17, 18]
    W4: [ 2,  3, 14, 16, 18] = [ 5, 10, 12, 15, 19]
    Truth table row=[<, <, =, =, =] ix=13 result=[1-] is correct

Test 1+:
    W0: [ 0,  1,  3,  6, 11, 12, 13] > [ 2,  4,  5,  7,  8,  9, 10]
    W1: [ 0,  1,  3, 14] > [ 2,  4,  5, 13]
    W2: [ 0,  5,  6, 10, 15] = [ 7,  8, 11, 12, 13]
    W3: [ 4,  5,  6,  8, 10, 13, 14, 16] = [ 0,  3,  9, 11, 12, 15, 17, 18]
    W4: [ 2,  3, 14, 16, 18] = [ 5, 10, 12, 15, 19]
    Truth table row=[>, >, =, =, =] ix=229 result=[1+] is correct

Test 2-:
    W0: [ 0,  1,  3,  6, 11, 12, 13] > [ 2,  4,  5,  7,  8,  9, 10]
    W1: [ 0,  1,  3, 14] > [ 2,  4,  5, 13]
    W2: [ 0,  5,  6, 10, 15] = [ 7,  8, 11, 12, 13]
    W3: [ 4,  5,  6,  8, 10, 13, 14, 16] = [ 0,  3,  9, 11, 12, 15, 17, 18]
    W4: [ 2,  3, 14, 16, 18] < [ 5, 10, 12, 15, 19]
    Truth table row=[>, >, =, =, <] ix=228 result=[2-] is correct

Test 2+:
    W0: [ 0,  1,  3,  6, 11, 12, 13] < [ 2,  4,  5,  7,  8,  9, 10]
    W1: [ 0,  1,  3, 14] < [ 2,  4,  5, 13]
    W2: [ 0,  5,  6, 10, 15] = [ 7,  8, 11, 12, 13]
    W3: [ 4,  5,  6,  8, 10, 13, 14, 16] = [ 0,  3,  9, 11, 12, 15, 17, 18]
    W4: [ 2,  3, 14, 16, 18] > [ 5, 10, 12, 15, 19]
    Truth table row=[<, <, =, =, >] ix=14 result=[2+] is correct

Test 3-:
    W0: [ 0,  1,  3,  6, 11, 12, 13] < [ 2,  4,  5,  7,  8,  9, 10]
    W1: [ 0,  1,  3, 14] < [ 2,  4,  5, 13]
    W2: [ 0,  5,  6, 10, 15] = [ 7,  8, 11, 12, 13]
    W3: [ 4,  5,  6,  8, 10, 13, 14, 16] > [ 0,  3,  9, 11, 12, 15, 17, 18]
    W4: [ 2,  3, 14, 16, 18] < [ 5, 10, 12, 15, 19]
    Truth table row=[<, <, =, >, <] ix=15 result=[3-] is correct

Test 3+:
    W0: [ 0,  1,  3,  6, 11, 12, 13] > [ 2,  4,  5,  7,  8,  9, 10]
    W1: [ 0,  1,  3, 14] > [ 2,  4,  5, 13]
    W2: [ 0,  5,  6, 10, 15] = [ 7,  8, 11, 12, 13]
    W3: [ 4,  5,  6,  8, 10, 13, 14, 16] < [ 0,  3,  9, 11, 12, 15, 17, 18]
    W4: [ 2,  3, 14, 16, 18] > [ 5, 10, 12, 15, 19]
    Truth table row=[>, >, =, <, >] ix=227 result=[3+] is correct

Test 4-:
    W0: [ 0,  1,  3,  6, 11, 12, 13] > [ 2,  4,  5,  7,  8,  9, 10]
    W1: [ 0,  1,  3, 14] > [ 2,  4,  5, 13]
    W2: [ 0,  5,  6, 10, 15] = [ 7,  8, 11, 12, 13]
    W3: [ 4,  5,  6,  8, 10, 13, 14, 16] < [ 0,  3,  9, 11, 12, 15, 17, 18]
    W4: [ 2,  3, 14, 16, 18] = [ 5, 10, 12, 15, 19]
    Truth table row=[>, >, =, <, =] ix=226 result=[4-] is correct

Test 4+:
    W0: [ 0,  1,  3,  6, 11, 12, 13] < [ 2,  4,  5,  7,  8,  9, 10]
    W1: [ 0,  1,  3, 14] < [ 2,  4,  5, 13]
    W2: [ 0,  5,  6, 10, 15] = [ 7,  8, 11, 12, 13]
    W3: [ 4,  5,  6,  8, 10, 13, 14, 16] > [ 0,  3,  9, 11, 12, 15, 17, 18]
    W4: [ 2,  3, 14, 16, 18] = [ 5, 10, 12, 15, 19]
    Truth table row=[<, <, =, >, =] ix=16 result=[4+] is correct

Test 5-:
    W0: [ 0,  1,  3,  6, 11, 12, 13] > [ 2,  4,  5,  7,  8,  9, 10]
    W1: [ 0,  1,  3, 14] > [ 2,  4,  5, 13]
    W2: [ 0,  5,  6, 10, 15] < [ 7,  8, 11, 12, 13]
    W3: [ 4,  5,  6,  8, 10, 13, 14, 16] < [ 0,  3,  9, 11, 12, 15, 17, 18]
    W4: [ 2,  3, 14, 16, 18] > [ 5, 10, 12, 15, 19]
    Truth table row=[>, >, <, <, >] ix=218 result=[5-] is correct

Test 5+:
    W0: [ 0,  1,  3,  6, 11, 12, 13] < [ 2,  4,  5,  7,  8,  9, 10]
    W1: [ 0,  1,  3, 14] < [ 2,  4,  5, 13]
    W2: [ 0,  5,  6, 10, 15] > [ 7,  8, 11, 12, 13]
    W3: [ 4,  5,  6,  8, 10, 13, 14, 16] > [ 0,  3,  9, 11, 12, 15, 17, 18]
    W4: [ 2,  3, 14, 16, 18] < [ 5, 10, 12, 15, 19]
    Truth table row=[<, <, >, >, <] ix=24 result=[5+] is correct

Test 6-:
    W0: [ 0,  1,  3,  6, 11, 12, 13] < [ 2,  4,  5,  7,  8,  9, 10]
    W1: [ 0,  1,  3, 14] = [ 2,  4,  5, 13]
    W2: [ 0,  5,  6, 10, 15] < [ 7,  8, 11, 12, 13]
    W3: [ 4,  5,  6,  8, 10, 13, 14, 16] < [ 0,  3,  9, 11, 12, 15, 17, 18]
    W4: [ 2,  3, 14, 16, 18] = [ 5, 10, 12, 15, 19]
    Truth table row=[<, =, <, <, =] ix=28 result=[6-] is correct

Test 6+:
    W0: [ 0,  1,  3,  6, 11, 12, 13] > [ 2,  4,  5,  7,  8,  9, 10]
    W1: [ 0,  1,  3, 14] = [ 2,  4,  5, 13]
    W2: [ 0,  5,  6, 10, 15] > [ 7,  8, 11, 12, 13]
    W3: [ 4,  5,  6,  8, 10, 13, 14, 16] > [ 0,  3,  9, 11, 12, 15, 17, 18]
    W4: [ 2,  3, 14, 16, 18] = [ 5, 10, 12, 15, 19]
    Truth table row=[>, =, >, >, =] ix=214 result=[6+] is correct

Test 7-:
    W0: [ 0,  1,  3,  6, 11, 12, 13] > [ 2,  4,  5,  7,  8,  9, 10]
    W1: [ 0,  1,  3, 14] = [ 2,  4,  5, 13]
    W2: [ 0,  5,  6, 10, 15] > [ 7,  8, 11, 12, 13]
    W3: [ 4,  5,  6,  8, 10, 13, 14, 16] = [ 0,  3,  9, 11, 12, 15, 17, 18]
    W4: [ 2,  3, 14, 16, 18] = [ 5, 10, 12, 15, 19]
    Truth table row=[>, =, >, =, =] ix=211 result=[7-] is correct

Test 7+:
    W0: [ 0,  1,  3,  6, 11, 12, 13] < [ 2,  4,  5,  7,  8,  9, 10]
    W1: [ 0,  1,  3, 14] = [ 2,  4,  5, 13]
    W2: [ 0,  5,  6, 10, 15] < [ 7,  8, 11, 12, 13]
    W3: [ 4,  5,  6,  8, 10, 13, 14, 16] = [ 0,  3,  9, 11, 12, 15, 17, 18]
    W4: [ 2,  3, 14, 16, 18] = [ 5, 10, 12, 15, 19]
    Truth table row=[<, =, <, =, =] ix=31 result=[7+] is correct

Test 8-:
    W0: [ 0,  1,  3,  6, 11, 12, 13] > [ 2,  4,  5,  7,  8,  9, 10]
    W1: [ 0,  1,  3, 14] = [ 2,  4,  5, 13]
    W2: [ 0,  5,  6, 10, 15] > [ 7,  8, 11, 12, 13]
    W3: [ 4,  5,  6,  8, 10, 13, 14, 16] < [ 0,  3,  9, 11, 12, 15, 17, 18]
    W4: [ 2,  3, 14, 16, 18] = [ 5, 10, 12, 15, 19]
    Truth table row=[>, =, >, <, =] ix=208 result=[8-] is correct

Test 8+:
    W0: [ 0,  1,  3,  6, 11, 12, 13] < [ 2,  4,  5,  7,  8,  9, 10]
    W1: [ 0,  1,  3, 14] = [ 2,  4,  5, 13]
    W2: [ 0,  5,  6, 10, 15] < [ 7,  8, 11, 12, 13]
    W3: [ 4,  5,  6,  8, 10, 13, 14, 16] > [ 0,  3,  9, 11, 12, 15, 17, 18]
    W4: [ 2,  3, 14, 16, 18] = [ 5, 10, 12, 15, 19]
    Truth table row=[<, =, <, >, =] ix=34 result=[8+] is correct

Test 9-:
    W0: [ 0,  1,  3,  6, 11, 12, 13] > [ 2,  4,  5,  7,  8,  9, 10]
    W1: [ 0,  1,  3, 14] = [ 2,  4,  5, 13]
    W2: [ 0,  5,  6, 10, 15] = [ 7,  8, 11, 12, 13]
    W3: [ 4,  5,  6,  8, 10, 13, 14, 16] > [ 0,  3,  9, 11, 12, 15, 17, 18]
    W4: [ 2,  3, 14, 16, 18] = [ 5, 10, 12, 15, 19]
    Truth table row=[>, =, =, >, =] ix=205 result=[9-] is correct

Test 9+:
    W0: [ 0,  1,  3,  6, 11, 12, 13] < [ 2,  4,  5,  7,  8,  9, 10]
    W1: [ 0,  1,  3, 14] = [ 2,  4,  5, 13]
    W2: [ 0,  5,  6, 10, 15] = [ 7,  8, 11, 12, 13]
    W3: [ 4,  5,  6,  8, 10, 13, 14, 16] < [ 0,  3,  9, 11, 12, 15, 17, 18]
    W4: [ 2,  3, 14, 16, 18] = [ 5, 10, 12, 15, 19]
    Truth table row=[<, =, =, <, =] ix=37 result=[9+] is correct

Test 10-:
    W0: [ 0,  1,  3,  6, 11, 12, 13] > [ 2,  4,  5,  7,  8,  9, 10]
    W1: [ 0,  1,  3, 14] = [ 2,  4,  5, 13]
    W2: [ 0,  5,  6, 10, 15] < [ 7,  8, 11, 12, 13]
    W3: [ 4,  5,  6,  8, 10, 13, 14, 16] < [ 0,  3,  9, 11, 12, 15, 17, 18]
    W4: [ 2,  3, 14, 16, 18] > [ 5, 10, 12, 15, 19]
    Truth table row=[>, =, <, <, >] ix=191 result=[10-] is correct

Test 10+:
    W0: [ 0,  1,  3,  6, 11, 12, 13] < [ 2,  4,  5,  7,  8,  9, 10]
    W1: [ 0,  1,  3, 14] = [ 2,  4,  5, 13]
    W2: [ 0,  5,  6, 10, 15] > [ 7,  8, 11, 12, 13]
    W3: [ 4,  5,  6,  8, 10, 13, 14, 16] > [ 0,  3,  9, 11, 12, 15, 17, 18]
    W4: [ 2,  3, 14, 16, 18] < [ 5, 10, 12, 15, 19]
    Truth table row=[<, =, >, >, <] ix=51 result=[10+] is correct

Test 11-:
    W0: [ 0,  1,  3,  6, 11, 12, 13] < [ 2,  4,  5,  7,  8,  9, 10]
    W1: [ 0,  1,  3, 14] = [ 2,  4,  5, 13]
    W2: [ 0,  5,  6, 10, 15] > [ 7,  8, 11, 12, 13]
    W3: [ 4,  5,  6,  8, 10, 13, 14, 16] > [ 0,  3,  9, 11, 12, 15, 17, 18]
    W4: [ 2,  3, 14, 16, 18] = [ 5, 10, 12, 15, 19]
    Truth table row=[<, =, >, >, =] ix=52 result=[11-] is correct

Test 11+:
    W0: [ 0,  1,  3,  6, 11, 12, 13] > [ 2,  4,  5,  7,  8,  9, 10]
    W1: [ 0,  1,  3, 14] = [ 2,  4,  5, 13]
    W2: [ 0,  5,  6, 10, 15] < [ 7,  8, 11, 12, 13]
    W3: [ 4,  5,  6,  8, 10, 13, 14, 16] < [ 0,  3,  9, 11, 12, 15, 17, 18]
    W4: [ 2,  3, 14, 16, 18] = [ 5, 10, 12, 15, 19]
    Truth table row=[>, =, <, <, =] ix=190 result=[11+] is correct

Test 12-:
    W0: [ 0,  1,  3,  6, 11, 12, 13] < [ 2,  4,  5,  7,  8,  9, 10]
    W1: [ 0,  1,  3, 14] = [ 2,  4,  5, 13]
    W2: [ 0,  5,  6, 10, 15] > [ 7,  8, 11, 12, 13]
    W3: [ 4,  5,  6,  8, 10, 13, 14, 16] > [ 0,  3,  9, 11, 12, 15, 17, 18]
    W4: [ 2,  3, 14, 16, 18] > [ 5, 10, 12, 15, 19]
    Truth table row=[<, =, >, >, >] ix=53 result=[12-] is correct

Test 12+:
    W0: [ 0,  1,  3,  6, 11, 12, 13] > [ 2,  4,  5,  7,  8,  9, 10]
    W1: [ 0,  1,  3, 14] = [ 2,  4,  5, 13]
    W2: [ 0,  5,  6, 10, 15] < [ 7,  8, 11, 12, 13]
    W3: [ 4,  5,  6,  8, 10, 13, 14, 16] < [ 0,  3,  9, 11, 12, 15, 17, 18]
    W4: [ 2,  3, 14, 16, 18] < [ 5, 10, 12, 15, 19]
    Truth table row=[>, =, <, <, <] ix=189 result=[12+] is correct

Test 13-:
    W0: [ 0,  1,  3,  6, 11, 12, 13] < [ 2,  4,  5,  7,  8,  9, 10]
    W1: [ 0,  1,  3, 14] > [ 2,  4,  5, 13]
    W2: [ 0,  5,  6, 10, 15] > [ 7,  8, 11, 12, 13]
    W3: [ 4,  5,  6,  8, 10, 13, 14, 16] < [ 0,  3,  9, 11, 12, 15, 17, 18]
    W4: [ 2,  3, 14, 16, 18] = [ 5, 10, 12, 15, 19]
    Truth table row=[<, >, >, <, =] ix=73 result=[13-] is correct

Test 13+:
    W0: [ 0,  1,  3,  6, 11, 12, 13] > [ 2,  4,  5,  7,  8,  9, 10]
    W1: [ 0,  1,  3, 14] < [ 2,  4,  5, 13]
    W2: [ 0,  5,  6, 10, 15] < [ 7,  8, 11, 12, 13]
    W3: [ 4,  5,  6,  8, 10, 13, 14, 16] > [ 0,  3,  9, 11, 12, 15, 17, 18]
    W4: [ 2,  3, 14, 16, 18] = [ 5, 10, 12, 15, 19]
    Truth table row=[>, <, <, >, =] ix=169 result=[13+] is correct

Test 14-:
    W0: [ 0,  1,  3,  6, 11, 12, 13] = [ 2,  4,  5,  7,  8,  9, 10]
    W1: [ 0,  1,  3, 14] < [ 2,  4,  5, 13]
    W2: [ 0,  5,  6, 10, 15] = [ 7,  8, 11, 12, 13]
    W3: [ 4,  5,  6,  8, 10, 13, 14, 16] < [ 0,  3,  9, 11, 12, 15, 17, 18]
    W4: [ 2,  3, 14, 16, 18] < [ 5, 10, 12, 15, 19]
    Truth table row=[=, <, =, <, <] ix=90 result=[14-] is correct

Test 14+:
    W0: [ 0,  1,  3,  6, 11, 12, 13] = [ 2,  4,  5,  7,  8,  9, 10]
    W1: [ 0,  1,  3, 14] > [ 2,  4,  5, 13]
    W2: [ 0,  5,  6, 10, 15] = [ 7,  8, 11, 12, 13]
    W3: [ 4,  5,  6,  8, 10, 13, 14, 16] > [ 0,  3,  9, 11, 12, 15, 17, 18]
    W4: [ 2,  3, 14, 16, 18] > [ 5, 10, 12, 15, 19]
    Truth table row=[=, >, =, >, >] ix=152 result=[14+] is correct

Test 15-:
    W0: [ 0,  1,  3,  6, 11, 12, 13] = [ 2,  4,  5,  7,  8,  9, 10]
    W1: [ 0,  1,  3, 14] = [ 2,  4,  5, 13]
    W2: [ 0,  5,  6, 10, 15] < [ 7,  8, 11, 12, 13]
    W3: [ 4,  5,  6,  8, 10, 13, 14, 16] > [ 0,  3,  9, 11, 12, 15, 17, 18]
    W4: [ 2,  3, 14, 16, 18] > [ 5, 10, 12, 15, 19]
    Truth table row=[=, =, <, >, >] ix=116 result=[15-] is correct

Test 15+:
    W0: [ 0,  1,  3,  6, 11, 12, 13] = [ 2,  4,  5,  7,  8,  9, 10]
    W1: [ 0,  1,  3, 14] = [ 2,  4,  5, 13]
    W2: [ 0,  5,  6, 10, 15] > [ 7,  8, 11, 12, 13]
    W3: [ 4,  5,  6,  8, 10, 13, 14, 16] < [ 0,  3,  9, 11, 12, 15, 17, 18]
    W4: [ 2,  3, 14, 16, 18] < [ 5, 10, 12, 15, 19]
    Truth table row=[=, =, >, <, <] ix=126 result=[15+] is correct

Test 16-:
    W0: [ 0,  1,  3,  6, 11, 12, 13] = [ 2,  4,  5,  7,  8,  9, 10]
    W1: [ 0,  1,  3, 14] = [ 2,  4,  5, 13]
    W2: [ 0,  5,  6, 10, 15] = [ 7,  8, 11, 12, 13]
    W3: [ 4,  5,  6,  8, 10, 13, 14, 16] < [ 0,  3,  9, 11, 12, 15, 17, 18]
    W4: [ 2,  3, 14, 16, 18] < [ 5, 10, 12, 15, 19]
    Truth table row=[=, =, =, <, <] ix=117 result=[16-] is correct

Test 16+:
    W0: [ 0,  1,  3,  6, 11, 12, 13] = [ 2,  4,  5,  7,  8,  9, 10]
    W1: [ 0,  1,  3, 14] = [ 2,  4,  5, 13]
    W2: [ 0,  5,  6, 10, 15] = [ 7,  8, 11, 12, 13]
    W3: [ 4,  5,  6,  8, 10, 13, 14, 16] > [ 0,  3,  9, 11, 12, 15, 17, 18]
    W4: [ 2,  3, 14, 16, 18] > [ 5, 10, 12, 15, 19]
    Truth table row=[=, =, =, >, >] ix=125 result=[16+] is correct

Test 17-:
    W0: [ 0,  1,  3,  6, 11, 12, 13] = [ 2,  4,  5,  7,  8,  9, 10]
    W1: [ 0,  1,  3, 14] = [ 2,  4,  5, 13]
    W2: [ 0,  5,  6, 10, 15] = [ 7,  8, 11, 12, 13]
    W3: [ 4,  5,  6,  8, 10, 13, 14, 16] > [ 0,  3,  9, 11, 12, 15, 17, 18]
    W4: [ 2,  3, 14, 16, 18] = [ 5, 10, 12, 15, 19]
    Truth table row=[=, =, =, >, =] ix=124 result=[17-] is correct

Test 17+:
    W0: [ 0,  1,  3,  6, 11, 12, 13] = [ 2,  4,  5,  7,  8,  9, 10]
    W1: [ 0,  1,  3, 14] = [ 2,  4,  5, 13]
    W2: [ 0,  5,  6, 10, 15] = [ 7,  8, 11, 12, 13]
    W3: [ 4,  5,  6,  8, 10, 13, 14, 16] < [ 0,  3,  9, 11, 12, 15, 17, 18]
    W4: [ 2,  3, 14, 16, 18] = [ 5, 10, 12, 15, 19]
    Truth table row=[=, =, =, <, =] ix=118 result=[17+] is correct

Test 18-:
    W0: [ 0,  1,  3,  6, 11, 12, 13] = [ 2,  4,  5,  7,  8,  9, 10]
    W1: [ 0,  1,  3, 14] = [ 2,  4,  5, 13]
    W2: [ 0,  5,  6, 10, 15] = [ 7,  8, 11, 12, 13]
    W3: [ 4,  5,  6,  8, 10, 13, 14, 16] > [ 0,  3,  9, 11, 12, 15, 17, 18]
    W4: [ 2,  3, 14, 16, 18] < [ 5, 10, 12, 15, 19]
    Truth table row=[=, =, =, >, <] ix=123 result=[18-] is correct

Test 18+:
    W0: [ 0,  1,  3,  6, 11, 12, 13] = [ 2,  4,  5,  7,  8,  9, 10]
    W1: [ 0,  1,  3, 14] = [ 2,  4,  5, 13]
    W2: [ 0,  5,  6, 10, 15] = [ 7,  8, 11, 12, 13]
    W3: [ 4,  5,  6,  8, 10, 13, 14, 16] < [ 0,  3,  9, 11, 12, 15, 17, 18]
    W4: [ 2,  3, 14, 16, 18] > [ 5, 10, 12, 15, 19]
    Truth table row=[=, =, =, <, >] ix=119 result=[18+] is correct

Test 19-:
    W0: [ 0,  1,  3,  6, 11, 12, 13] = [ 2,  4,  5,  7,  8,  9, 10]
    W1: [ 0,  1,  3, 14] = [ 2,  4,  5, 13]
    W2: [ 0,  5,  6, 10, 15] = [ 7,  8, 11, 12, 13]
    W3: [ 4,  5,  6,  8, 10, 13, 14, 16] = [ 0,  3,  9, 11, 12, 15, 17, 18]
    W4: [ 2,  3, 14, 16, 18] > [ 5, 10, 12, 15, 19]
    Truth table row=[=, =, =, =, >] ix=122 result=[19-] is correct

Test 19+:
    W0: [ 0,  1,  3,  6, 11, 12, 13] = [ 2,  4,  5,  7,  8,  9, 10]
    W1: [ 0,  1,  3, 14] = [ 2,  4,  5, 13]
    W2: [ 0,  5,  6, 10, 15] = [ 7,  8, 11, 12, 13]
    W3: [ 4,  5,  6,  8, 10, 13, 14, 16] = [ 0,  3,  9, 11, 12, 15, 17, 18]
    W4: [ 2,  3, 14, 16, 18] < [ 5, 10, 12, 15, 19]
    Truth table row=[=, =, =, =, <] ix=120 result=[19+] is correct

Total correct results: 40
Total incorrect results: 0
