Solving for 19 balls and 4 weighings

Solution:
W0: [ 0,  2,  4,  6,  8, 10, 12, 14, 16] <=> [ 1,  3,  5,  7,  9, 11, 13, 15, 17]
W1: [ 0,  4,  5,  8, 10, 16, 17] <=> [ 1,  2,  3,  9, 14, 15, 18]
W2: [ 0,  1,  9, 10, 11, 14] <=> [ 2,  4,  7, 15, 17, 18]
W3: [ 1,  6, 13, 14, 16, 17] <=> [ 0,  2,  8,  9, 11, 15]

Truth Table:
ix  W0  W1  W2  W3   Result
 0   <   <   <   <   15+
 1   <   <   <   =   10-
 2   <   <   <   >   0-
 3   <   <   =   <   16-
 4   <   <   =   =   3+
 5   <   <   =   >   8-
 6   <   <   >   <   9+
 7   <   <   >   =   4-
 8   <   <   >   >   1+
 9   <   =   <   <
10   <   =   <   =   7+
11   <   =   <   >
12   <   =   =   <   6-
13   <   =   =   =   12-
14   <   =   =   >   13+
15   <   =   >   <   11+
16   <   =   >   =
17   <   =   >   >
18   <   >   <   <   14-
19   <   >   <   =
20   <   >   <   >   17+
21   <   >   =   <
22   <   >   =   =   5+
23   <   >   =   >
24   <   >   >   <
25   <   >   >   =
26   <   >   >   >   2-
27   =   <   <   <
28   =   <   <   =   18+
29   =   <   <   >
30   =   <   =   <
31   =   <   =   =
32   =   <   =   >
33   =   <   >   <
34   =   <   >   =
35   =   <   >   >
36   =   =   <   <
37   =   =   <   =
38   =   =   <   >
39   =   =   =   <
40   =   =   =   =
41   =   =   =   >
42   =   =   >   <
43   =   =   >   =
44   =   =   >   >
45   =   >   <   <
46   =   >   <   =
47   =   >   <   >
48   =   >   =   <
49   =   >   =   =
50   =   >   =   >
51   =   >   >   <
52   =   >   >   =   18-
53   =   >   >   >
54   >   <   <   <   2+
55   >   <   <   =
56   >   <   <   >
57   >   <   =   <
58   >   <   =   =   5-
59   >   <   =   >
60   >   <   >   <   17-
61   >   <   >   =
62   >   <   >   >   14+
63   >   =   <   <
64   >   =   <   =
65   >   =   <   >   11-
66   >   =   =   <   13-
67   >   =   =   =   12+
68   >   =   =   >   6+
69   >   =   >   <
70   >   =   >   =   7-
71   >   =   >   >
72   >   >   <   <   1-
73   >   >   <   =   4+
74   >   >   <   >   9-
75   >   >   =   <   8+
76   >   >   =   =   3-
77   >   >   =   >   16+
78   >   >   >   <   0+
79   >   >   >   =   10+
80   >   >   >   >   15-

Test 0-:
    W0: [ 0,  2,  4,  6,  8, 10, 12, 14, 16] < [ 1,  3,  5,  7,  9, 11, 13, 15, 17]
    W1: [ 0,  4,  5,  8, 10, 16, 17] < [ 1,  2,  3,  9, 14, 15, 18]
    W2: [ 0,  1,  9, 10, 11, 14] < [ 2,  4,  7, 15, 17, 18]
    W3: [ 1,  6, 13, 14, 16, 17] > [ 0,  2,  8,  9, 11, 15]
    Truth table result: ['0-'] is correct

Test 0+:
    W0: [ 0,  2,  4,  6,  8, 10, 12, 14, 16] > [ 1,  3,  5,  7,  9, 11, 13, 15, 17]
    W1: [ 0,  4,  5,  8, 10, 16, 17] > [ 1,  2,  3,  9, 14, 15, 18]
    W2: [ 0,  1,  9, 10, 11, 14] > [ 2,  4,  7, 15, 17, 18]
    W3: [ 1,  6, 13, 14, 16, 17] < [ 0,  2,  8,  9, 11, 15]
    Truth table result: ['0+'] is correct

Test 1-:
    W0: [ 0,  2,  4,  6,  8, 10, 12, 14, 16] > [ 1,  3,  5,  7,  9, 11, 13, 15, 17]
    W1: [ 0,  4,  5,  8, 10, 16, 17] > [ 1,  2,  3,  9, 14, 15, 18]
    W2: [ 0,  1,  9, 10, 11, 14] < [ 2,  4,  7, 15, 17, 18]
    W3: [ 1,  6, 13, 14, 16, 17] < [ 0,  2,  8,  9, 11, 15]
    Truth table result: ['1-'] is correct

Test 1+:
    W0: [ 0,  2,  4,  6,  8, 10, 12, 14, 16] < [ 1,  3,  5,  7,  9, 11, 13, 15, 17]
    W1: [ 0,  4,  5,  8, 10, 16, 17] < [ 1,  2,  3,  9, 14, 15, 18]
    W2: [ 0,  1,  9, 10, 11, 14] > [ 2,  4,  7, 15, 17, 18]
    W3: [ 1,  6, 13, 14, 16, 17] > [ 0,  2,  8,  9, 11, 15]
    Truth table result: ['1+'] is correct

Test 2-:
    W0: [ 0,  2,  4,  6,  8, 10, 12, 14, 16] < [ 1,  3,  5,  7,  9, 11, 13, 15, 17]
    W1: [ 0,  4,  5,  8, 10, 16, 17] > [ 1,  2,  3,  9, 14, 15, 18]
    W2: [ 0,  1,  9, 10, 11, 14] > [ 2,  4,  7, 15, 17, 18]
    W3: [ 1,  6, 13, 14, 16, 17] > [ 0,  2,  8,  9, 11, 15]
    Truth table result: ['2-'] is correct

Test 2+:
    W0: [ 0,  2,  4,  6,  8, 10, 12, 14, 16] > [ 1,  3,  5,  7,  9, 11, 13, 15, 17]
    W1: [ 0,  4,  5,  8, 10, 16, 17] < [ 1,  2,  3,  9, 14, 15, 18]
    W2: [ 0,  1,  9, 10, 11, 14] < [ 2,  4,  7, 15, 17, 18]
    W3: [ 1,  6, 13, 14, 16, 17] < [ 0,  2,  8,  9, 11, 15]
    Truth table result: ['2+'] is correct

Test 3-:
    W0: [ 0,  2,  4,  6,  8, 10, 12, 14, 16] > [ 1,  3,  5,  7,  9, 11, 13, 15, 17]
    W1: [ 0,  4,  5,  8, 10, 16, 17] > [ 1,  2,  3,  9, 14, 15, 18]
    W2: [ 0,  1,  9, 10, 11, 14] = [ 2,  4,  7, 15, 17, 18]
    W3: [ 1,  6, 13, 14, 16, 17] = [ 0,  2,  8,  9, 11, 15]
    Truth table result: ['3-'] is correct

Test 3+:
    W0: [ 0,  2,  4,  6,  8, 10, 12, 14, 16] < [ 1,  3,  5,  7,  9, 11, 13, 15, 17]
    W1: [ 0,  4,  5,  8, 10, 16, 17] < [ 1,  2,  3,  9, 14, 15, 18]
    W2: [ 0,  1,  9, 10, 11, 14] = [ 2,  4,  7, 15, 17, 18]
    W3: [ 1,  6, 13, 14, 16, 17] = [ 0,  2,  8,  9, 11, 15]
    Truth table result: ['3+'] is correct

Test 4-:
    W0: [ 0,  2,  4,  6,  8, 10, 12, 14, 16] < [ 1,  3,  5,  7,  9, 11, 13, 15, 17]
    W1: [ 0,  4,  5,  8, 10, 16, 17] < [ 1,  2,  3,  9, 14, 15, 18]
    W2: [ 0,  1,  9, 10, 11, 14] > [ 2,  4,  7, 15, 17, 18]
    W3: [ 1,  6, 13, 14, 16, 17] = [ 0,  2,  8,  9, 11, 15]
    Truth table result: ['4-'] is correct

Test 4+:
    W0: [ 0,  2,  4,  6,  8, 10, 12, 14, 16] > [ 1,  3,  5,  7,  9, 11, 13, 15, 17]
    W1: [ 0,  4,  5,  8, 10, 16, 17] > [ 1,  2,  3,  9, 14, 15, 18]
    W2: [ 0,  1,  9, 10, 11, 14] < [ 2,  4,  7, 15, 17, 18]
    W3: [ 1,  6, 13, 14, 16, 17] = [ 0,  2,  8,  9, 11, 15]
    Truth table result: ['4+'] is correct

Test 5-:
    W0: [ 0,  2,  4,  6,  8, 10, 12, 14, 16] > [ 1,  3,  5,  7,  9, 11, 13, 15, 17]
    W1: [ 0,  4,  5,  8, 10, 16, 17] < [ 1,  2,  3,  9, 14, 15, 18]
    W2: [ 0,  1,  9, 10, 11, 14] = [ 2,  4,  7, 15, 17, 18]
    W3: [ 1,  6, 13, 14, 16, 17] = [ 0,  2,  8,  9, 11, 15]
    Truth table result: ['5-'] is correct

Test 5+:
    W0: [ 0,  2,  4,  6,  8, 10, 12, 14, 16] < [ 1,  3,  5,  7,  9, 11, 13, 15, 17]
    W1: [ 0,  4,  5,  8, 10, 16, 17] > [ 1,  2,  3,  9, 14, 15, 18]
    W2: [ 0,  1,  9, 10, 11, 14] = [ 2,  4,  7, 15, 17, 18]
    W3: [ 1,  6, 13, 14, 16, 17] = [ 0,  2,  8,  9, 11, 15]
    Truth table result: ['5+'] is correct

Test 6-:
    W0: [ 0,  2,  4,  6,  8, 10, 12, 14, 16] < [ 1,  3,  5,  7,  9, 11, 13, 15, 17]
    W1: [ 0,  4,  5,  8, 10, 16, 17] = [ 1,  2,  3,  9, 14, 15, 18]
    W2: [ 0,  1,  9, 10, 11, 14] = [ 2,  4,  7, 15, 17, 18]
    W3: [ 1,  6, 13, 14, 16, 17] < [ 0,  2,  8,  9, 11, 15]
    Truth table result: ['6-'] is correct

Test 6+:
    W0: [ 0,  2,  4,  6,  8, 10, 12, 14, 16] > [ 1,  3,  5,  7,  9, 11, 13, 15, 17]
    W1: [ 0,  4,  5,  8, 10, 16, 17] = [ 1,  2,  3,  9, 14, 15, 18]
    W2: [ 0,  1,  9, 10, 11, 14] = [ 2,  4,  7, 15, 17, 18]
    W3: [ 1,  6, 13, 14, 16, 17] > [ 0,  2,  8,  9, 11, 15]
    Truth table result: ['6+'] is correct

Test 7-:
    W0: [ 0,  2,  4,  6,  8, 10, 12, 14, 16] > [ 1,  3,  5,  7,  9, 11, 13, 15, 17]
    W1: [ 0,  4,  5,  8, 10, 16, 17] = [ 1,  2,  3,  9, 14, 15, 18]
    W2: [ 0,  1,  9, 10, 11, 14] > [ 2,  4,  7, 15, 17, 18]
    W3: [ 1,  6, 13, 14, 16, 17] = [ 0,  2,  8,  9, 11, 15]
    Truth table result: ['7-'] is correct

Test 7+:
    W0: [ 0,  2,  4,  6,  8, 10, 12, 14, 16] < [ 1,  3,  5,  7,  9, 11, 13, 15, 17]
    W1: [ 0,  4,  5,  8, 10, 16, 17] = [ 1,  2,  3,  9, 14, 15, 18]
    W2: [ 0,  1,  9, 10, 11, 14] < [ 2,  4,  7, 15, 17, 18]
    W3: [ 1,  6, 13, 14, 16, 17] = [ 0,  2,  8,  9, 11, 15]
    Truth table result: ['7+'] is correct

Test 8-:
    W0: [ 0,  2,  4,  6,  8, 10, 12, 14, 16] < [ 1,  3,  5,  7,  9, 11, 13, 15, 17]
    W1: [ 0,  4,  5,  8, 10, 16, 17] < [ 1,  2,  3,  9, 14, 15, 18]
    W2: [ 0,  1,  9, 10, 11, 14] = [ 2,  4,  7, 15, 17, 18]
    W3: [ 1,  6, 13, 14, 16, 17] > [ 0,  2,  8,  9, 11, 15]
    Truth table result: ['8-'] is correct

Test 8+:
    W0: [ 0,  2,  4,  6,  8, 10, 12, 14, 16] > [ 1,  3,  5,  7,  9, 11, 13, 15, 17]
    W1: [ 0,  4,  5,  8, 10, 16, 17] > [ 1,  2,  3,  9, 14, 15, 18]
    W2: [ 0,  1,  9, 10, 11, 14] = [ 2,  4,  7, 15, 17, 18]
    W3: [ 1,  6, 13, 14, 16, 17] < [ 0,  2,  8,  9, 11, 15]
    Truth table result: ['8+'] is correct

Test 9-:
    W0: [ 0,  2,  4,  6,  8, 10, 12, 14, 16] > [ 1,  3,  5,  7,  9, 11, 13, 15, 17]
    W1: [ 0,  4,  5,  8, 10, 16, 17] > [ 1,  2,  3,  9, 14, 15, 18]
    W2: [ 0,  1,  9, 10, 11, 14] < [ 2,  4,  7, 15, 17, 18]
    W3: [ 1,  6, 13, 14, 16, 17] > [ 0,  2,  8,  9, 11, 15]
    Truth table result: ['9-'] is correct

Test 9+:
    W0: [ 0,  2,  4,  6,  8, 10, 12, 14, 16] < [ 1,  3,  5,  7,  9, 11, 13, 15, 17]
    W1: [ 0,  4,  5,  8, 10, 16, 17] < [ 1,  2,  3,  9, 14, 15, 18]
    W2: [ 0,  1,  9, 10, 11, 14] > [ 2,  4,  7, 15, 17, 18]
    W3: [ 1,  6, 13, 14, 16, 17] < [ 0,  2,  8,  9, 11, 15]
    Truth table result: ['9+'] is correct

Test 10-:
    W0: [ 0,  2,  4,  6,  8, 10, 12, 14, 16] < [ 1,  3,  5,  7,  9, 11, 13, 15, 17]
    W1: [ 0,  4,  5,  8, 10, 16, 17] < [ 1,  2,  3,  9, 14, 15, 18]
    W2: [ 0,  1,  9, 10, 11, 14] < [ 2,  4,  7, 15, 17, 18]
    W3: [ 1,  6, 13, 14, 16, 17] = [ 0,  2,  8,  9, 11, 15]
    Truth table result: ['10-'] is correct

Test 10+:
    W0: [ 0,  2,  4,  6,  8, 10, 12, 14, 16] > [ 1,  3,  5,  7,  9, 11, 13, 15, 17]
    W1: [ 0,  4,  5,  8, 10, 16, 17] > [ 1,  2,  3,  9, 14, 15, 18]
    W2: [ 0,  1,  9, 10, 11, 14] > [ 2,  4,  7, 15, 17, 18]
    W3: [ 1,  6, 13, 14, 16, 17] = [ 0,  2,  8,  9, 11, 15]
    Truth table result: ['10+'] is correct

Test 11-:
    W0: [ 0,  2,  4,  6,  8, 10, 12, 14, 16] > [ 1,  3,  5,  7,  9, 11, 13, 15, 17]
    W1: [ 0,  4,  5,  8, 10, 16, 17] = [ 1,  2,  3,  9, 14, 15, 18]
    W2: [ 0,  1,  9, 10, 11, 14] < [ 2,  4,  7, 15, 17, 18]
    W3: [ 1,  6, 13, 14, 16, 17] > [ 0,  2,  8,  9, 11, 15]
    Truth table result: ['11-'] is correct

Test 11+:
    W0: [ 0,  2,  4,  6,  8, 10, 12, 14, 16] < [ 1,  3,  5,  7,  9, 11, 13, 15, 17]
    W1: [ 0,  4,  5,  8, 10, 16, 17] = [ 1,  2,  3,  9, 14, 15, 18]
    W2: [ 0,  1,  9, 10, 11, 14] > [ 2,  4,  7, 15, 17, 18]
    W3: [ 1,  6, 13, 14, 16, 17] < [ 0,  2,  8,  9, 11, 15]
    Truth table result: ['11+'] is correct

Test 12-:
    W0: [ 0,  2,  4,  6,  8, 10, 12, 14, 16] < [ 1,  3,  5,  7,  9, 11, 13, 15, 17]
    W1: [ 0,  4,  5,  8, 10, 16, 17] = [ 1,  2,  3,  9, 14, 15, 18]
    W2: [ 0,  1,  9, 10, 11, 14] = [ 2,  4,  7, 15, 17, 18]
    W3: [ 1,  6, 13, 14, 16, 17] = [ 0,  2,  8,  9, 11, 15]
    Truth table result: ['12-'] is correct

Test 12+:
    W0: [ 0,  2,  4,  6,  8, 10, 12, 14, 16] > [ 1,  3,  5,  7,  9, 11, 13, 15, 17]
    W1: [ 0,  4,  5,  8, 10, 16, 17] = [ 1,  2,  3,  9, 14, 15, 18]
    W2: [ 0,  1,  9, 10, 11, 14] = [ 2,  4,  7, 15, 17, 18]
    W3: [ 1,  6, 13, 14, 16, 17] = [ 0,  2,  8,  9, 11, 15]
    Truth table result: ['12+'] is correct

Test 13-:
    W0: [ 0,  2,  4,  6,  8, 10, 12, 14, 16] > [ 1,  3,  5,  7,  9, 11, 13, 15, 17]
    W1: [ 0,  4,  5,  8, 10, 16, 17] = [ 1,  2,  3,  9, 14, 15, 18]
    W2: [ 0,  1,  9, 10, 11, 14] = [ 2,  4,  7, 15, 17, 18]
    W3: [ 1,  6, 13, 14, 16, 17] < [ 0,  2,  8,  9, 11, 15]
    Truth table result: ['13-'] is correct

Test 13+:
    W0: [ 0,  2,  4,  6,  8, 10, 12, 14, 16] < [ 1,  3,  5,  7,  9, 11, 13, 15, 17]
    W1: [ 0,  4,  5,  8, 10, 16, 17] = [ 1,  2,  3,  9, 14, 15, 18]
    W2: [ 0,  1,  9, 10, 11, 14] = [ 2,  4,  7, 15, 17, 18]
    W3: [ 1,  6, 13, 14, 16, 17] > [ 0,  2,  8,  9, 11, 15]
    Truth table result: ['13+'] is correct

Test 14-:
    W0: [ 0,  2,  4,  6,  8, 10, 12, 14, 16] < [ 1,  3,  5,  7,  9, 11, 13, 15, 17]
    W1: [ 0,  4,  5,  8, 10, 16, 17] > [ 1,  2,  3,  9, 14, 15, 18]
    W2: [ 0,  1,  9, 10, 11, 14] < [ 2,  4,  7, 15, 17, 18]
    W3: [ 1,  6, 13, 14, 16, 17] < [ 0,  2,  8,  9, 11, 15]
    Truth table result: ['14-'] is correct

Test 14+:
    W0: [ 0,  2,  4,  6,  8, 10, 12, 14, 16] > [ 1,  3,  5,  7,  9, 11, 13, 15, 17]
    W1: [ 0,  4,  5,  8, 10, 16, 17] < [ 1,  2,  3,  9, 14, 15, 18]
    W2: [ 0,  1,  9, 10, 11, 14] > [ 2,  4,  7, 15, 17, 18]
    W3: [ 1,  6, 13, 14, 16, 17] > [ 0,  2,  8,  9, 11, 15]
    Truth table result: ['14+'] is correct

Test 15-:
    W0: [ 0,  2,  4,  6,  8, 10, 12, 14, 16] > [ 1,  3,  5,  7,  9, 11, 13, 15, 17]
    W1: [ 0,  4,  5,  8, 10, 16, 17] > [ 1,  2,  3,  9, 14, 15, 18]
    W2: [ 0,  1,  9, 10, 11, 14] > [ 2,  4,  7, 15, 17, 18]
    W3: [ 1,  6, 13, 14, 16, 17] > [ 0,  2,  8,  9, 11, 15]
    Truth table result: ['15-'] is correct

Test 15+:
    W0: [ 0,  2,  4,  6,  8, 10, 12, 14, 16] < [ 1,  3,  5,  7,  9, 11, 13, 15, 17]
    W1: [ 0,  4,  5,  8, 10, 16, 17] < [ 1,  2,  3,  9, 14, 15, 18]
    W2: [ 0,  1,  9, 10, 11, 14] < [ 2,  4,  7, 15, 17, 18]
    W3: [ 1,  6, 13, 14, 16, 17] < [ 0,  2,  8,  9, 11, 15]
    Truth table result: ['15+'] is correct

Test 16-:
    W0: [ 0,  2,  4,  6,  8, 10, 12, 14, 16] < [ 1,  3,  5,  7,  9, 11, 13, 15, 17]
    W1: [ 0,  4,  5,  8, 10, 16, 17] < [ 1,  2,  3,  9, 14, 15, 18]
    W2: [ 0,  1,  9, 10, 11, 14] = [ 2,  4,  7, 15, 17, 18]
    W3: [ 1,  6, 13, 14, 16, 17] < [ 0,  2,  8,  9, 11, 15]
    Truth table result: ['16-'] is correct

Test 16+:
    W0: [ 0,  2,  4,  6,  8, 10, 12, 14, 16] > [ 1,  3,  5,  7,  9, 11, 13, 15, 17]
    W1: [ 0,  4,  5,  8, 10, 16, 17] > [ 1,  2,  3,  9, 14, 15, 18]
    W2: [ 0,  1,  9, 10, 11, 14] = [ 2,  4,  7, 15, 17, 18]
    W3: [ 1,  6, 13, 14, 16, 17] > [ 0,  2,  8,  9, 11, 15]
    Truth table result: ['16+'] is correct

Test 17-:
    W0: [ 0,  2,  4,  6,  8, 10, 12, 14, 16] > [ 1,  3,  5,  7,  9, 11, 13, 15, 17]
    W1: [ 0,  4,  5,  8, 10, 16, 17] < [ 1,  2,  3,  9, 14, 15, 18]
    W2: [ 0,  1,  9, 10, 11, 14] > [ 2,  4,  7, 15, 17, 18]
    W3: [ 1,  6, 13, 14, 16, 17] < [ 0,  2,  8,  9, 11, 15]
    Truth table result: ['17-'] is correct

Test 17+:
    W0: [ 0,  2,  4,  6,  8, 10, 12, 14, 16] < [ 1,  3,  5,  7,  9, 11, 13, 15, 17]
    W1: [ 0,  4,  5,  8, 10, 16, 17] > [ 1,  2,  3,  9, 14, 15, 18]
    W2: [ 0,  1,  9, 10, 11, 14] < [ 2,  4,  7, 15, 17, 18]
    W3: [ 1,  6, 13, 14, 16, 17] > [ 0,  2,  8,  9, 11, 15]
    Truth table result: ['17+'] is correct

Test 18-:
    W0: [ 0,  2,  4,  6,  8, 10, 12, 14, 16] = [ 1,  3,  5,  7,  9, 11, 13, 15, 17]
    W1: [ 0,  4,  5,  8, 10, 16, 17] > [ 1,  2,  3,  9, 14, 15, 18]
    W2: [ 0,  1,  9, 10, 11, 14] > [ 2,  4,  7, 15, 17, 18]
    W3: [ 1,  6, 13, 14, 16, 17] = [ 0,  2,  8,  9, 11, 15]
    Truth table result: ['18-'] is correct

Test 18+:
    W0: [ 0,  2,  4,  6,  8, 10, 12, 14, 16] = [ 1,  3,  5,  7,  9, 11, 13, 15, 17]
    W1: [ 0,  4,  5,  8, 10, 16, 17] < [ 1,  2,  3,  9, 14, 15, 18]
    W2: [ 0,  1,  9, 10, 11, 14] < [ 2,  4,  7, 15, 17, 18]
    W3: [ 1,  6, 13, 14, 16, 17] = [ 0,  2,  8,  9, 11, 15]
    Truth table result: ['18+'] is correct

Total correct results: 38
Total incorrect results: 0
