Solving for 36 balls and 4 weighings.
Using symmetry breaking strategy TruthTableAscending.

Solution:
W0: [ 0,  2,  6,  7,  8,  9, 11, 14, 15, 16, 18, 19] <=> [ 1,  3,  4,  5, 10, 12, 13, 17, 20, 21, 22, 23]
W1: [ 0,  2,  6,  7, 17, 20, 21, 22, 23, 27, 28, 29] <=> [ 1,  3,  4,  5, 16, 18, 19, 24, 25, 26, 30, 31]
W2: [ 0,  5,  8,  9, 13, 16, 18, 22, 23, 30, 31, 34] <=> [ 1,  6,  7, 10, 14, 15, 17, 24, 25, 29, 32, 33]
W3: [ 1,  2,  4,  8, 10, 11, 16, 19, 21, 25, 29, 31] <=> [ 5,  7, 13, 15, 18, 22, 24, 26, 28, 32, 34, 35]

Truth Table:
ix  W0  W1  W2  W3   Result
 0   <   <   <   <
 1   <   <   <   =   0-
 2   <   <   <   >   1+
 3   <   <   =   <   2-
 4   <   <   =   =   3+
 5   <   <   =   >   4+
 6   <   <   >   <   5+
 7   <   <   >   =   6-
 8   <   <   >   >   7-
 9   <   =   <   <   8-
10   <   =   <   =   9-
11   <   =   <   >   10+
12   <   =   =   <   11-
13   <   =   =   =   12+
14   <   =   =   >
15   <   =   >   <   13+
16   <   =   >   =   14-
17   <   =   >   >   15-
18   <   >   <   <   16-
19   <   >   <   =   17+
20   <   >   <   >   18-
21   <   >   =   <   19-
22   <   >   =   =   20+
23   <   >   =   >   21+
24   <   >   >   <   22+
25   <   >   >   =   23+
26   <   >   >   >
27   =   <   <   <   24+
28   =   <   <   =
29   =   <   <   >   25+
30   =   <   =   <   26+
31   =   <   =   =   27-
32   =   <   =   >   28-
33   =   <   >   <   29-
34   =   <   >   =   30+
35   =   <   >   >   31+
36   =   =   <   <   32+
37   =   =   <   =   33+
38   =   =   <   >   34-
39   =   =   =   <   35+
40   =   =   =   =
41   =   =   =   >   35-
42   =   =   >   <   34+
43   =   =   >   =   33-
44   =   =   >   >   32-
45   =   >   <   <   31-
46   =   >   <   =   30-
47   =   >   <   >   29+
48   =   >   =   <   28+
49   =   >   =   =   27+
50   =   >   =   >   26-
51   =   >   >   <   25-
52   =   >   >   =
53   =   >   >   >   24-
54   >   <   <   <
55   >   <   <   =   23-
56   >   <   <   >   22-
57   >   <   =   <   21-
58   >   <   =   =   20-
59   >   <   =   >   19+
60   >   <   >   <   18+
61   >   <   >   =   17-
62   >   <   >   >   16+
63   >   =   <   <   15+
64   >   =   <   =   14+
65   >   =   <   >   13-
66   >   =   =   <
67   >   =   =   =   12-
68   >   =   =   >   11+
69   >   =   >   <   10-
70   >   =   >   =   9+
71   >   =   >   >   8+
72   >   >   <   <   7+
73   >   >   <   =   6+
74   >   >   <   >   5-
75   >   >   =   <   4-
76   >   >   =   =   3-
77   >   >   =   >   2+
78   >   >   >   <   1-
79   >   >   >   =   0+
80   >   >   >   >

Test 0-:
    W0: [ 0,  2,  6,  7,  8,  9, 11, 14, 15, 16, 18, 19] < [ 1,  3,  4,  5, 10, 12, 13, 17, 20, 21, 22, 23]
    W1: [ 0,  2,  6,  7, 17, 20, 21, 22, 23, 27, 28, 29] < [ 1,  3,  4,  5, 16, 18, 19, 24, 25, 26, 30, 31]
    W2: [ 0,  5,  8,  9, 13, 16, 18, 22, 23, 30, 31, 34] < [ 1,  6,  7, 10, 14, 15, 17, 24, 25, 29, 32, 33]
    W3: [ 1,  2,  4,  8, 10, 11, 16, 19, 21, 25, 29, 31] = [ 5,  7, 13, 15, 18, 22, 24, 26, 28, 32, 34, 35]
    Truth table row=[<, <, <, =] ix=1 result=[0-] is correct

Test 0+:
    W0: [ 0,  2,  6,  7,  8,  9, 11, 14, 15, 16, 18, 19] > [ 1,  3,  4,  5, 10, 12, 13, 17, 20, 21, 22, 23]
    W1: [ 0,  2,  6,  7, 17, 20, 21, 22, 23, 27, 28, 29] > [ 1,  3,  4,  5, 16, 18, 19, 24, 25, 26, 30, 31]
    W2: [ 0,  5,  8,  9, 13, 16, 18, 22, 23, 30, 31, 34] > [ 1,  6,  7, 10, 14, 15, 17, 24, 25, 29, 32, 33]
    W3: [ 1,  2,  4,  8, 10, 11, 16, 19, 21, 25, 29, 31] = [ 5,  7, 13, 15, 18, 22, 24, 26, 28, 32, 34, 35]
    Truth table row=[>, >, >, =] ix=79 result=[0+] is correct

Test 1-:
    W0: [ 0,  2,  6,  7,  8,  9, 11, 14, 15, 16, 18, 19] > [ 1,  3,  4,  5, 10, 12, 13, 17, 20, 21, 22, 23]
    W1: [ 0,  2,  6,  7, 17, 20, 21, 22, 23, 27, 28, 29] > [ 1,  3,  4,  5, 16, 18, 19, 24, 25, 26, 30, 31]
    W2: [ 0,  5,  8,  9, 13, 16, 18, 22, 23, 30, 31, 34] > [ 1,  6,  7, 10, 14, 15, 17, 24, 25, 29, 32, 33]
    W3: [ 1,  2,  4,  8, 10, 11, 16, 19, 21, 25, 29, 31] < [ 5,  7, 13, 15, 18, 22, 24, 26, 28, 32, 34, 35]
    Truth table row=[>, >, >, <] ix=78 result=[1-] is correct

Test 1+:
    W0: [ 0,  2,  6,  7,  8,  9, 11, 14, 15, 16, 18, 19] < [ 1,  3,  4,  5, 10, 12, 13, 17, 20, 21, 22, 23]
    W1: [ 0,  2,  6,  7, 17, 20, 21, 22, 23, 27, 28, 29] < [ 1,  3,  4,  5, 16, 18, 19, 24, 25, 26, 30, 31]
    W2: [ 0,  5,  8,  9, 13, 16, 18, 22, 23, 30, 31, 34] < [ 1,  6,  7, 10, 14, 15, 17, 24, 25, 29, 32, 33]
    W3: [ 1,  2,  4,  8, 10, 11, 16, 19, 21, 25, 29, 31] > [ 5,  7, 13, 15, 18, 22, 24, 26, 28, 32, 34, 35]
    Truth table row=[<, <, <, >] ix=2 result=[1+] is correct

Test 2-:
    W0: [ 0,  2,  6,  7,  8,  9, 11, 14, 15, 16, 18, 19] < [ 1,  3,  4,  5, 10, 12, 13, 17, 20, 21, 22, 23]
    W1: [ 0,  2,  6,  7, 17, 20, 21, 22, 23, 27, 28, 29] < [ 1,  3,  4,  5, 16, 18, 19, 24, 25, 26, 30, 31]
    W2: [ 0,  5,  8,  9, 13, 16, 18, 22, 23, 30, 31, 34] = [ 1,  6,  7, 10, 14, 15, 17, 24, 25, 29, 32, 33]
    W3: [ 1,  2,  4,  8, 10, 11, 16, 19, 21, 25, 29, 31] < [ 5,  7, 13, 15, 18, 22, 24, 26, 28, 32, 34, 35]
    Truth table row=[<, <, =, <] ix=3 result=[2-] is correct

Test 2+:
    W0: [ 0,  2,  6,  7,  8,  9, 11, 14, 15, 16, 18, 19] > [ 1,  3,  4,  5, 10, 12, 13, 17, 20, 21, 22, 23]
    W1: [ 0,  2,  6,  7, 17, 20, 21, 22, 23, 27, 28, 29] > [ 1,  3,  4,  5, 16, 18, 19, 24, 25, 26, 30, 31]
    W2: [ 0,  5,  8,  9, 13, 16, 18, 22, 23, 30, 31, 34] = [ 1,  6,  7, 10, 14, 15, 17, 24, 25, 29, 32, 33]
    W3: [ 1,  2,  4,  8, 10, 11, 16, 19, 21, 25, 29, 31] > [ 5,  7, 13, 15, 18, 22, 24, 26, 28, 32, 34, 35]
    Truth table row=[>, >, =, >] ix=77 result=[2+] is correct

Test 3-:
    W0: [ 0,  2,  6,  7,  8,  9, 11, 14, 15, 16, 18, 19] > [ 1,  3,  4,  5, 10, 12, 13, 17, 20, 21, 22, 23]
    W1: [ 0,  2,  6,  7, 17, 20, 21, 22, 23, 27, 28, 29] > [ 1,  3,  4,  5, 16, 18, 19, 24, 25, 26, 30, 31]
    W2: [ 0,  5,  8,  9, 13, 16, 18, 22, 23, 30, 31, 34] = [ 1,  6,  7, 10, 14, 15, 17, 24, 25, 29, 32, 33]
    W3: [ 1,  2,  4,  8, 10, 11, 16, 19, 21, 25, 29, 31] = [ 5,  7, 13, 15, 18, 22, 24, 26, 28, 32, 34, 35]
    Truth table row=[>, >, =, =] ix=76 result=[3-] is correct

Test 3+:
    W0: [ 0,  2,  6,  7,  8,  9, 11, 14, 15, 16, 18, 19] < [ 1,  3,  4,  5, 10, 12, 13, 17, 20, 21, 22, 23]
    W1: [ 0,  2,  6,  7, 17, 20, 21, 22, 23, 27, 28, 29] < [ 1,  3,  4,  5, 16, 18, 19, 24, 25, 26, 30, 31]
    W2: [ 0,  5,  8,  9, 13, 16, 18, 22, 23, 30, 31, 34] = [ 1,  6,  7, 10, 14, 15, 17, 24, 25, 29, 32, 33]
    W3: [ 1,  2,  4,  8, 10, 11, 16, 19, 21, 25, 29, 31] = [ 5,  7, 13, 15, 18, 22, 24, 26, 28, 32, 34, 35]
    Truth table row=[<, <, =, =] ix=4 result=[3+] is correct

Test 4-:
    W0: [ 0,  2,  6,  7,  8,  9, 11, 14, 15, 16, 18, 19] > [ 1,  3,  4,  5, 10, 12, 13, 17, 20, 21, 22, 23]
    W1: [ 0,  2,  6,  7, 17, 20, 21, 22, 23, 27, 28, 29] > [ 1,  3,  4,  5, 16, 18, 19, 24, 25, 26, 30, 31]
    W2: [ 0,  5,  8,  9, 13, 16, 18, 22, 23, 30, 31, 34] = [ 1,  6,  7, 10, 14, 15, 17, 24, 25, 29, 32, 33]
    W3: [ 1,  2,  4,  8, 10, 11, 16, 19, 21, 25, 29, 31] < [ 5,  7, 13, 15, 18, 22, 24, 26, 28, 32, 34, 35]
    Truth table row=[>, >, =, <] ix=75 result=[4-] is correct

Test 4+:
    W0: [ 0,  2,  6,  7,  8,  9, 11, 14, 15, 16, 18, 19] < [ 1,  3,  4,  5, 10, 12, 13, 17, 20, 21, 22, 23]
    W1: [ 0,  2,  6,  7, 17, 20, 21, 22, 23, 27, 28, 29] < [ 1,  3,  4,  5, 16, 18, 19, 24, 25, 26, 30, 31]
    W2: [ 0,  5,  8,  9, 13, 16, 18, 22, 23, 30, 31, 34] = [ 1,  6,  7, 10, 14, 15, 17, 24, 25, 29, 32, 33]
    W3: [ 1,  2,  4,  8, 10, 11, 16, 19, 21, 25, 29, 31] > [ 5,  7, 13, 15, 18, 22, 24, 26, 28, 32, 34, 35]
    Truth table row=[<, <, =, >] ix=5 result=[4+] is correct

Test 5-:
    W0: [ 0,  2,  6,  7,  8,  9, 11, 14, 15, 16, 18, 19] > [ 1,  3,  4,  5, 10, 12, 13, 17, 20, 21, 22, 23]
    W1: [ 0,  2,  6,  7, 17, 20, 21, 22, 23, 27, 28, 29] > [ 1,  3,  4,  5, 16, 18, 19, 24, 25, 26, 30, 31]
    W2: [ 0,  5,  8,  9, 13, 16, 18, 22, 23, 30, 31, 34] < [ 1,  6,  7, 10, 14, 15, 17, 24, 25, 29, 32, 33]
    W3: [ 1,  2,  4,  8, 10, 11, 16, 19, 21, 25, 29, 31] > [ 5,  7, 13, 15, 18, 22, 24, 26, 28, 32, 34, 35]
    Truth table row=[>, >, <, >] ix=74 result=[5-] is correct

Test 5+:
    W0: [ 0,  2,  6,  7,  8,  9, 11, 14, 15, 16, 18, 19] < [ 1,  3,  4,  5, 10, 12, 13, 17, 20, 21, 22, 23]
    W1: [ 0,  2,  6,  7, 17, 20, 21, 22, 23, 27, 28, 29] < [ 1,  3,  4,  5, 16, 18, 19, 24, 25, 26, 30, 31]
    W2: [ 0,  5,  8,  9, 13, 16, 18, 22, 23, 30, 31, 34] > [ 1,  6,  7, 10, 14, 15, 17, 24, 25, 29, 32, 33]
    W3: [ 1,  2,  4,  8, 10, 11, 16, 19, 21, 25, 29, 31] < [ 5,  7, 13, 15, 18, 22, 24, 26, 28, 32, 34, 35]
    Truth table row=[<, <, >, <] ix=6 result=[5+] is correct

Test 6-:
    W0: [ 0,  2,  6,  7,  8,  9, 11, 14, 15, 16, 18, 19] < [ 1,  3,  4,  5, 10, 12, 13, 17, 20, 21, 22, 23]
    W1: [ 0,  2,  6,  7, 17, 20, 21, 22, 23, 27, 28, 29] < [ 1,  3,  4,  5, 16, 18, 19, 24, 25, 26, 30, 31]
    W2: [ 0,  5,  8,  9, 13, 16, 18, 22, 23, 30, 31, 34] > [ 1,  6,  7, 10, 14, 15, 17, 24, 25, 29, 32, 33]
    W3: [ 1,  2,  4,  8, 10, 11, 16, 19, 21, 25, 29, 31] = [ 5,  7, 13, 15, 18, 22, 24, 26, 28, 32, 34, 35]
    Truth table row=[<, <, >, =] ix=7 result=[6-] is correct

Test 6+:
    W0: [ 0,  2,  6,  7,  8,  9, 11, 14, 15, 16, 18, 19] > [ 1,  3,  4,  5, 10, 12, 13, 17, 20, 21, 22, 23]
    W1: [ 0,  2,  6,  7, 17, 20, 21, 22, 23, 27, 28, 29] > [ 1,  3,  4,  5, 16, 18, 19, 24, 25, 26, 30, 31]
    W2: [ 0,  5,  8,  9, 13, 16, 18, 22, 23, 30, 31, 34] < [ 1,  6,  7, 10, 14, 15, 17, 24, 25, 29, 32, 33]
    W3: [ 1,  2,  4,  8, 10, 11, 16, 19, 21, 25, 29, 31] = [ 5,  7, 13, 15, 18, 22, 24, 26, 28, 32, 34, 35]
    Truth table row=[>, >, <, =] ix=73 result=[6+] is correct

Test 7-:
    W0: [ 0,  2,  6,  7,  8,  9, 11, 14, 15, 16, 18, 19] < [ 1,  3,  4,  5, 10, 12, 13, 17, 20, 21, 22, 23]
    W1: [ 0,  2,  6,  7, 17, 20, 21, 22, 23, 27, 28, 29] < [ 1,  3,  4,  5, 16, 18, 19, 24, 25, 26, 30, 31]
    W2: [ 0,  5,  8,  9, 13, 16, 18, 22, 23, 30, 31, 34] > [ 1,  6,  7, 10, 14, 15, 17, 24, 25, 29, 32, 33]
    W3: [ 1,  2,  4,  8, 10, 11, 16, 19, 21, 25, 29, 31] > [ 5,  7, 13, 15, 18, 22, 24, 26, 28, 32, 34, 35]
    Truth table row=[<, <, >, >] ix=8 result=[7-] is correct

Test 7+:
    W0: [ 0,  2,  6,  7,  8,  9, 11, 14, 15, 16, 18, 19] > [ 1,  3,  4,  5, 10, 12, 13, 17, 20, 21, 22, 23]
    W1: [ 0,  2,  6,  7, 17, 20, 21, 22, 23, 27, 28, 29] > [ 1,  3,  4,  5, 16, 18, 19, 24, 25, 26, 30, 31]
    W2: [ 0,  5,  8,  9, 13, 16, 18, 22, 23, 30, 31, 34] < [ 1,  6,  7, 10, 14, 15, 17, 24, 25, 29, 32, 33]
    W3: [ 1,  2,  4,  8, 10, 11, 16, 19, 21, 25, 29, 31] < [ 5,  7, 13, 15, 18, 22, 24, 26, 28, 32, 34, 35]
    Truth table row=[>, >, <, <] ix=72 result=[7+] is correct

Test 8-:
    W0: [ 0,  2,  6,  7,  8,  9, 11, 14, 15, 16, 18, 19] < [ 1,  3,  4,  5, 10, 12, 13, 17, 20, 21, 22, 23]
    W1: [ 0,  2,  6,  7, 17, 20, 21, 22, 23, 27, 28, 29] = [ 1,  3,  4,  5, 16, 18, 19, 24, 25, 26, 30, 31]
    W2: [ 0,  5,  8,  9, 13, 16, 18, 22, 23, 30, 31, 34] < [ 1,  6,  7, 10, 14, 15, 17, 24, 25, 29, 32, 33]
    W3: [ 1,  2,  4,  8, 10, 11, 16, 19, 21, 25, 29, 31] < [ 5,  7, 13, 15, 18, 22, 24, 26, 28, 32, 34, 35]
    Truth table row=[<, =, <, <] ix=9 result=[8-] is correct

Test 8+:
    W0: [ 0,  2,  6,  7,  8,  9, 11, 14, 15, 16, 18, 19] > [ 1,  3,  4,  5, 10, 12, 13, 17, 20, 21, 22, 23]
    W1: [ 0,  2,  6,  7, 17, 20, 21, 22, 23, 27, 28, 29] = [ 1,  3,  4,  5, 16, 18, 19, 24, 25, 26, 30, 31]
    W2: [ 0,  5,  8,  9, 13, 16, 18, 22, 23, 30, 31, 34] > [ 1,  6,  7, 10, 14, 15, 17, 24, 25, 29, 32, 33]
    W3: [ 1,  2,  4,  8, 10, 11, 16, 19, 21, 25, 29, 31] > [ 5,  7, 13, 15, 18, 22, 24, 26, 28, 32, 34, 35]
    Truth table row=[>, =, >, >] ix=71 result=[8+] is correct

Test 9-:
    W0: [ 0,  2,  6,  7,  8,  9, 11, 14, 15, 16, 18, 19] < [ 1,  3,  4,  5, 10, 12, 13, 17, 20, 21, 22, 23]
    W1: [ 0,  2,  6,  7, 17, 20, 21, 22, 23, 27, 28, 29] = [ 1,  3,  4,  5, 16, 18, 19, 24, 25, 26, 30, 31]
    W2: [ 0,  5,  8,  9, 13, 16, 18, 22, 23, 30, 31, 34] < [ 1,  6,  7, 10, 14, 15, 17, 24, 25, 29, 32, 33]
    W3: [ 1,  2,  4,  8, 10, 11, 16, 19, 21, 25, 29, 31] = [ 5,  7, 13, 15, 18, 22, 24, 26, 28, 32, 34, 35]
    Truth table row=[<, =, <, =] ix=10 result=[9-] is correct

Test 9+:
    W0: [ 0,  2,  6,  7,  8,  9, 11, 14, 15, 16, 18, 19] > [ 1,  3,  4,  5, 10, 12, 13, 17, 20, 21, 22, 23]
    W1: [ 0,  2,  6,  7, 17, 20, 21, 22, 23, 27, 28, 29] = [ 1,  3,  4,  5, 16, 18, 19, 24, 25, 26, 30, 31]
    W2: [ 0,  5,  8,  9, 13, 16, 18, 22, 23, 30, 31, 34] > [ 1,  6,  7, 10, 14, 15, 17, 24, 25, 29, 32, 33]
    W3: [ 1,  2,  4,  8, 10, 11, 16, 19, 21, 25, 29, 31] = [ 5,  7, 13, 15, 18, 22, 24, 26, 28, 32, 34, 35]
    Truth table row=[>, =, >, =] ix=70 result=[9+] is correct

Test 10-:
    W0: [ 0,  2,  6,  7,  8,  9, 11, 14, 15, 16, 18, 19] > [ 1,  3,  4,  5, 10, 12, 13, 17, 20, 21, 22, 23]
    W1: [ 0,  2,  6,  7, 17, 20, 21, 22, 23, 27, 28, 29] = [ 1,  3,  4,  5, 16, 18, 19, 24, 25, 26, 30, 31]
    W2: [ 0,  5,  8,  9, 13, 16, 18, 22, 23, 30, 31, 34] > [ 1,  6,  7, 10, 14, 15, 17, 24, 25, 29, 32, 33]
    W3: [ 1,  2,  4,  8, 10, 11, 16, 19, 21, 25, 29, 31] < [ 5,  7, 13, 15, 18, 22, 24, 26, 28, 32, 34, 35]
    Truth table row=[>, =, >, <] ix=69 result=[10-] is correct

Test 10+:
    W0: [ 0,  2,  6,  7,  8,  9, 11, 14, 15, 16, 18, 19] < [ 1,  3,  4,  5, 10, 12, 13, 17, 20, 21, 22, 23]
    W1: [ 0,  2,  6,  7, 17, 20, 21, 22, 23, 27, 28, 29] = [ 1,  3,  4,  5, 16, 18, 19, 24, 25, 26, 30, 31]
    W2: [ 0,  5,  8,  9, 13, 16, 18, 22, 23, 30, 31, 34] < [ 1,  6,  7, 10, 14, 15, 17, 24, 25, 29, 32, 33]
    W3: [ 1,  2,  4,  8, 10, 11, 16, 19, 21, 25, 29, 31] > [ 5,  7, 13, 15, 18, 22, 24, 26, 28, 32, 34, 35]
    Truth table row=[<, =, <, >] ix=11 result=[10+] is correct

Test 11-:
    W0: [ 0,  2,  6,  7,  8,  9, 11, 14, 15, 16, 18, 19] < [ 1,  3,  4,  5, 10, 12, 13, 17, 20, 21, 22, 23]
    W1: [ 0,  2,  6,  7, 17, 20, 21, 22, 23, 27, 28, 29] = [ 1,  3,  4,  5, 16, 18, 19, 24, 25, 26, 30, 31]
    W2: [ 0,  5,  8,  9, 13, 16, 18, 22, 23, 30, 31, 34] = [ 1,  6,  7, 10, 14, 15, 17, 24, 25, 29, 32, 33]
    W3: [ 1,  2,  4,  8, 10, 11, 16, 19, 21, 25, 29, 31] < [ 5,  7, 13, 15, 18, 22, 24, 26, 28, 32, 34, 35]
    Truth table row=[<, =, =, <] ix=12 result=[11-] is correct

Test 11+:
    W0: [ 0,  2,  6,  7,  8,  9, 11, 14, 15, 16, 18, 19] > [ 1,  3,  4,  5, 10, 12, 13, 17, 20, 21, 22, 23]
    W1: [ 0,  2,  6,  7, 17, 20, 21, 22, 23, 27, 28, 29] = [ 1,  3,  4,  5, 16, 18, 19, 24, 25, 26, 30, 31]
    W2: [ 0,  5,  8,  9, 13, 16, 18, 22, 23, 30, 31, 34] = [ 1,  6,  7, 10, 14, 15, 17, 24, 25, 29, 32, 33]
    W3: [ 1,  2,  4,  8, 10, 11, 16, 19, 21, 25, 29, 31] > [ 5,  7, 13, 15, 18, 22, 24, 26, 28, 32, 34, 35]
    Truth table row=[>, =, =, >] ix=68 result=[11+] is correct

Test 12-:
    W0: [ 0,  2,  6,  7,  8,  9, 11, 14, 15, 16, 18, 19] > [ 1,  3,  4,  5, 10, 12, 13, 17, 20, 21, 22, 23]
    W1: [ 0,  2,  6,  7, 17, 20, 21, 22, 23, 27, 28, 29] = [ 1,  3,  4,  5, 16, 18, 19, 24, 25, 26, 30, 31]
    W2: [ 0,  5,  8,  9, 13, 16, 18, 22, 23, 30, 31, 34] = [ 1,  6,  7, 10, 14, 15, 17, 24, 25, 29, 32, 33]
    W3: [ 1,  2,  4,  8, 10, 11, 16, 19, 21, 25, 29, 31] = [ 5,  7, 13, 15, 18, 22, 24, 26, 28, 32, 34, 35]
    Truth table row=[>, =, =, =] ix=67 result=[12-] is correct

Test 12+:
    W0: [ 0,  2,  6,  7,  8,  9, 11, 14, 15, 16, 18, 19] < [ 1,  3,  4,  5, 10, 12, 13, 17, 20, 21, 22, 23]
    W1: [ 0,  2,  6,  7, 17, 20, 21, 22, 23, 27, 28, 29] = [ 1,  3,  4,  5, 16, 18, 19, 24, 25, 26, 30, 31]
    W2: [ 0,  5,  8,  9, 13, 16, 18, 22, 23, 30, 31, 34] = [ 1,  6,  7, 10, 14, 15, 17, 24, 25, 29, 32, 33]
    W3: [ 1,  2,  4,  8, 10, 11, 16, 19, 21, 25, 29, 31] = [ 5,  7, 13, 15, 18, 22, 24, 26, 28, 32, 34, 35]
    Truth table row=[<, =, =, =] ix=13 result=[12+] is correct

Test 13-:
    W0: [ 0,  2,  6,  7,  8,  9, 11, 14, 15, 16, 18, 19] > [ 1,  3,  4,  5, 10, 12, 13, 17, 20, 21, 22, 23]
    W1: [ 0,  2,  6,  7, 17, 20, 21, 22, 23, 27, 28, 29] = [ 1,  3,  4,  5, 16, 18, 19, 24, 25, 26, 30, 31]
    W2: [ 0,  5,  8,  9, 13, 16, 18, 22, 23, 30, 31, 34] < [ 1,  6,  7, 10, 14, 15, 17, 24, 25, 29, 32, 33]
    W3: [ 1,  2,  4,  8, 10, 11, 16, 19, 21, 25, 29, 31] > [ 5,  7, 13, 15, 18, 22, 24, 26, 28, 32, 34, 35]
    Truth table row=[>, =, <, >] ix=65 result=[13-] is correct

Test 13+:
    W0: [ 0,  2,  6,  7,  8,  9, 11, 14, 15, 16, 18, 19] < [ 1,  3,  4,  5, 10, 12, 13, 17, 20, 21, 22, 23]
    W1: [ 0,  2,  6,  7, 17, 20, 21, 22, 23, 27, 28, 29] = [ 1,  3,  4,  5, 16, 18, 19, 24, 25, 26, 30, 31]
    W2: [ 0,  5,  8,  9, 13, 16, 18, 22, 23, 30, 31, 34] > [ 1,  6,  7, 10, 14, 15, 17, 24, 25, 29, 32, 33]
    W3: [ 1,  2,  4,  8, 10, 11, 16, 19, 21, 25, 29, 31] < [ 5,  7, 13, 15, 18, 22, 24, 26, 28, 32, 34, 35]
    Truth table row=[<, =, >, <] ix=15 result=[13+] is correct

Test 14-:
    W0: [ 0,  2,  6,  7,  8,  9, 11, 14, 15, 16, 18, 19] < [ 1,  3,  4,  5, 10, 12, 13, 17, 20, 21, 22, 23]
    W1: [ 0,  2,  6,  7, 17, 20, 21, 22, 23, 27, 28, 29] = [ 1,  3,  4,  5, 16, 18, 19, 24, 25, 26, 30, 31]
    W2: [ 0,  5,  8,  9, 13, 16, 18, 22, 23, 30, 31, 34] > [ 1,  6,  7, 10, 14, 15, 17, 24, 25, 29, 32, 33]
    W3: [ 1,  2,  4,  8, 10, 11, 16, 19, 21, 25, 29, 31] = [ 5,  7, 13, 15, 18, 22, 24, 26, 28, 32, 34, 35]
    Truth table row=[<, =, >, =] ix=16 result=[14-] is correct

Test 14+:
    W0: [ 0,  2,  6,  7,  8,  9, 11, 14, 15, 16, 18, 19] > [ 1,  3,  4,  5, 10, 12, 13, 17, 20, 21, 22, 23]
    W1: [ 0,  2,  6,  7, 17, 20, 21, 22, 23, 27, 28, 29] = [ 1,  3,  4,  5, 16, 18, 19, 24, 25, 26, 30, 31]
    W2: [ 0,  5,  8,  9, 13, 16, 18, 22, 23, 30, 31, 34] < [ 1,  6,  7, 10, 14, 15, 17, 24, 25, 29, 32, 33]
    W3: [ 1,  2,  4,  8, 10, 11, 16, 19, 21, 25, 29, 31] = [ 5,  7, 13, 15, 18, 22, 24, 26, 28, 32, 34, 35]
    Truth table row=[>, =, <, =] ix=64 result=[14+] is correct

Test 15-:
    W0: [ 0,  2,  6,  7,  8,  9, 11, 14, 15, 16, 18, 19] < [ 1,  3,  4,  5, 10, 12, 13, 17, 20, 21, 22, 23]
    W1: [ 0,  2,  6,  7, 17, 20, 21, 22, 23, 27, 28, 29] = [ 1,  3,  4,  5, 16, 18, 19, 24, 25, 26, 30, 31]
    W2: [ 0,  5,  8,  9, 13, 16, 18, 22, 23, 30, 31, 34] > [ 1,  6,  7, 10, 14, 15, 17, 24, 25, 29, 32, 33]
    W3: [ 1,  2,  4,  8, 10, 11, 16, 19, 21, 25, 29, 31] > [ 5,  7, 13, 15, 18, 22, 24, 26, 28, 32, 34, 35]
    Truth table row=[<, =, >, >] ix=17 result=[15-] is correct

Test 15+:
    W0: [ 0,  2,  6,  7,  8,  9, 11, 14, 15, 16, 18, 19] > [ 1,  3,  4,  5, 10, 12, 13, 17, 20, 21, 22, 23]
    W1: [ 0,  2,  6,  7, 17, 20, 21, 22, 23, 27, 28, 29] = [ 1,  3,  4,  5, 16, 18, 19, 24, 25, 26, 30, 31]
    W2: [ 0,  5,  8,  9, 13, 16, 18, 22, 23, 30, 31, 34] < [ 1,  6,  7, 10, 14, 15, 17, 24, 25, 29, 32, 33]
    W3: [ 1,  2,  4,  8, 10, 11, 16, 19, 21, 25, 29, 31] < [ 5,  7, 13, 15, 18, 22, 24, 26, 28, 32, 34, 35]
    Truth table row=[>, =, <, <] ix=63 result=[15+] is correct

Test 16-:
    W0: [ 0,  2,  6,  7,  8,  9, 11, 14, 15, 16, 18, 19] < [ 1,  3,  4,  5, 10, 12, 13, 17, 20, 21, 22, 23]
    W1: [ 0,  2,  6,  7, 17, 20, 21, 22, 23, 27, 28, 29] > [ 1,  3,  4,  5, 16, 18, 19, 24, 25, 26, 30, 31]
    W2: [ 0,  5,  8,  9, 13, 16, 18, 22, 23, 30, 31, 34] < [ 1,  6,  7, 10, 14, 15, 17, 24, 25, 29, 32, 33]
    W3: [ 1,  2,  4,  8, 10, 11, 16, 19, 21, 25, 29, 31] < [ 5,  7, 13, 15, 18, 22, 24, 26, 28, 32, 34, 35]
    Truth table row=[<, >, <, <] ix=18 result=[16-] is correct

Test 16+:
    W0: [ 0,  2,  6,  7,  8,  9, 11, 14, 15, 16, 18, 19] > [ 1,  3,  4,  5, 10, 12, 13, 17, 20, 21, 22, 23]
    W1: [ 0,  2,  6,  7, 17, 20, 21, 22, 23, 27, 28, 29] < [ 1,  3,  4,  5, 16, 18, 19, 24, 25, 26, 30, 31]
    W2: [ 0,  5,  8,  9, 13, 16, 18, 22, 23, 30, 31, 34] > [ 1,  6,  7, 10, 14, 15, 17, 24, 25, 29, 32, 33]
    W3: [ 1,  2,  4,  8, 10, 11, 16, 19, 21, 25, 29, 31] > [ 5,  7, 13, 15, 18, 22, 24, 26, 28, 32, 34, 35]
    Truth table row=[>, <, >, >] ix=62 result=[16+] is correct

Test 17-:
    W0: [ 0,  2,  6,  7,  8,  9, 11, 14, 15, 16, 18, 19] > [ 1,  3,  4,  5, 10, 12, 13, 17, 20, 21, 22, 23]
    W1: [ 0,  2,  6,  7, 17, 20, 21, 22, 23, 27, 28, 29] < [ 1,  3,  4,  5, 16, 18, 19, 24, 25, 26, 30, 31]
    W2: [ 0,  5,  8,  9, 13, 16, 18, 22, 23, 30, 31, 34] > [ 1,  6,  7, 10, 14, 15, 17, 24, 25, 29, 32, 33]
    W3: [ 1,  2,  4,  8, 10, 11, 16, 19, 21, 25, 29, 31] = [ 5,  7, 13, 15, 18, 22, 24, 26, 28, 32, 34, 35]
    Truth table row=[>, <, >, =] ix=61 result=[17-] is correct

Test 17+:
    W0: [ 0,  2,  6,  7,  8,  9, 11, 14, 15, 16, 18, 19] < [ 1,  3,  4,  5, 10, 12, 13, 17, 20, 21, 22, 23]
    W1: [ 0,  2,  6,  7, 17, 20, 21, 22, 23, 27, 28, 29] > [ 1,  3,  4,  5, 16, 18, 19, 24, 25, 26, 30, 31]
    W2: [ 0,  5,  8,  9, 13, 16, 18, 22, 23, 30, 31, 34] < [ 1,  6,  7, 10, 14, 15, 17, 24, 25, 29, 32, 33]
    W3: [ 1,  2,  4,  8, 10, 11, 16, 19, 21, 25, 29, 31] = [ 5,  7, 13, 15, 18, 22, 24, 26, 28, 32, 34, 35]
    Truth table row=[<, >, <, =] ix=19 result=[17+] is correct

Test 18-:
    W0: [ 0,  2,  6,  7,  8,  9, 11, 14, 15, 16, 18, 19] < [ 1,  3,  4,  5, 10, 12, 13, 17, 20, 21, 22, 23]
    W1: [ 0,  2,  6,  7, 17, 20, 21, 22, 23, 27, 28, 29] > [ 1,  3,  4,  5, 16, 18, 19, 24, 25, 26, 30, 31]
    W2: [ 0,  5,  8,  9, 13, 16, 18, 22, 23, 30, 31, 34] < [ 1,  6,  7, 10, 14, 15, 17, 24, 25, 29, 32, 33]
    W3: [ 1,  2,  4,  8, 10, 11, 16, 19, 21, 25, 29, 31] > [ 5,  7, 13, 15, 18, 22, 24, 26, 28, 32, 34, 35]
    Truth table row=[<, >, <, >] ix=20 result=[18-] is correct

Test 18+:
    W0: [ 0,  2,  6,  7,  8,  9, 11, 14, 15, 16, 18, 19] > [ 1,  3,  4,  5, 10, 12, 13, 17, 20, 21, 22, 23]
    W1: [ 0,  2,  6,  7, 17, 20, 21, 22, 23, 27, 28, 29] < [ 1,  3,  4,  5, 16, 18, 19, 24, 25, 26, 30, 31]
    W2: [ 0,  5,  8,  9, 13, 16, 18, 22, 23, 30, 31, 34] > [ 1,  6,  7, 10, 14, 15, 17, 24, 25, 29, 32, 33]
    W3: [ 1,  2,  4,  8, 10, 11, 16, 19, 21, 25, 29, 31] < [ 5,  7, 13, 15, 18, 22, 24, 26, 28, 32, 34, 35]
    Truth table row=[>, <, >, <] ix=60 result=[18+] is correct

Test 19-:
    W0: [ 0,  2,  6,  7,  8,  9, 11, 14, 15, 16, 18, 19] < [ 1,  3,  4,  5, 10, 12, 13, 17, 20, 21, 22, 23]
    W1: [ 0,  2,  6,  7, 17, 20, 21, 22, 23, 27, 28, 29] > [ 1,  3,  4,  5, 16, 18, 19, 24, 25, 26, 30, 31]
    W2: [ 0,  5,  8,  9, 13, 16, 18, 22, 23, 30, 31, 34] = [ 1,  6,  7, 10, 14, 15, 17, 24, 25, 29, 32, 33]
    W3: [ 1,  2,  4,  8, 10, 11, 16, 19, 21, 25, 29, 31] < [ 5,  7, 13, 15, 18, 22, 24, 26, 28, 32, 34, 35]
    Truth table row=[<, >, =, <] ix=21 result=[19-] is correct

Test 19+:
    W0: [ 0,  2,  6,  7,  8,  9, 11, 14, 15, 16, 18, 19] > [ 1,  3,  4,  5, 10, 12, 13, 17, 20, 21, 22, 23]
    W1: [ 0,  2,  6,  7, 17, 20, 21, 22, 23, 27, 28, 29] < [ 1,  3,  4,  5, 16, 18, 19, 24, 25, 26, 30, 31]
    W2: [ 0,  5,  8,  9, 13, 16, 18, 22, 23, 30, 31, 34] = [ 1,  6,  7, 10, 14, 15, 17, 24, 25, 29, 32, 33]
    W3: [ 1,  2,  4,  8, 10, 11, 16, 19, 21, 25, 29, 31] > [ 5,  7, 13, 15, 18, 22, 24, 26, 28, 32, 34, 35]
    Truth table row=[>, <, =, >] ix=59 result=[19+] is correct

Test 20-:
    W0: [ 0,  2,  6,  7,  8,  9, 11, 14, 15, 16, 18, 19] > [ 1,  3,  4,  5, 10, 12, 13, 17, 20, 21, 22, 23]
    W1: [ 0,  2,  6,  7, 17, 20, 21, 22, 23, 27, 28, 29] < [ 1,  3,  4,  5, 16, 18, 19, 24, 25, 26, 30, 31]
    W2: [ 0,  5,  8,  9, 13, 16, 18, 22, 23, 30, 31, 34] = [ 1,  6,  7, 10, 14, 15, 17, 24, 25, 29, 32, 33]
    W3: [ 1,  2,  4,  8, 10, 11, 16, 19, 21, 25, 29, 31] = [ 5,  7, 13, 15, 18, 22, 24, 26, 28, 32, 34, 35]
    Truth table row=[>, <, =, =] ix=58 result=[20-] is correct

Test 20+:
    W0: [ 0,  2,  6,  7,  8,  9, 11, 14, 15, 16, 18, 19] < [ 1,  3,  4,  5, 10, 12, 13, 17, 20, 21, 22, 23]
    W1: [ 0,  2,  6,  7, 17, 20, 21, 22, 23, 27, 28, 29] > [ 1,  3,  4,  5, 16, 18, 19, 24, 25, 26, 30, 31]
    W2: [ 0,  5,  8,  9, 13, 16, 18, 22, 23, 30, 31, 34] = [ 1,  6,  7, 10, 14, 15, 17, 24, 25, 29, 32, 33]
    W3: [ 1,  2,  4,  8, 10, 11, 16, 19, 21, 25, 29, 31] = [ 5,  7, 13, 15, 18, 22, 24, 26, 28, 32, 34, 35]
    Truth table row=[<, >, =, =] ix=22 result=[20+] is correct

Test 21-:
    W0: [ 0,  2,  6,  7,  8,  9, 11, 14, 15, 16, 18, 19] > [ 1,  3,  4,  5, 10, 12, 13, 17, 20, 21, 22, 23]
    W1: [ 0,  2,  6,  7, 17, 20, 21, 22, 23, 27, 28, 29] < [ 1,  3,  4,  5, 16, 18, 19, 24, 25, 26, 30, 31]
    W2: [ 0,  5,  8,  9, 13, 16, 18, 22, 23, 30, 31, 34] = [ 1,  6,  7, 10, 14, 15, 17, 24, 25, 29, 32, 33]
    W3: [ 1,  2,  4,  8, 10, 11, 16, 19, 21, 25, 29, 31] < [ 5,  7, 13, 15, 18, 22, 24, 26, 28, 32, 34, 35]
    Truth table row=[>, <, =, <] ix=57 result=[21-] is correct

Test 21+:
    W0: [ 0,  2,  6,  7,  8,  9, 11, 14, 15, 16, 18, 19] < [ 1,  3,  4,  5, 10, 12, 13, 17, 20, 21, 22, 23]
    W1: [ 0,  2,  6,  7, 17, 20, 21, 22, 23, 27, 28, 29] > [ 1,  3,  4,  5, 16, 18, 19, 24, 25, 26, 30, 31]
    W2: [ 0,  5,  8,  9, 13, 16, 18, 22, 23, 30, 31, 34] = [ 1,  6,  7, 10, 14, 15, 17, 24, 25, 29, 32, 33]
    W3: [ 1,  2,  4,  8, 10, 11, 16, 19, 21, 25, 29, 31] > [ 5,  7, 13, 15, 18, 22, 24, 26, 28, 32, 34, 35]
    Truth table row=[<, >, =, >] ix=23 result=[21+] is correct

Test 22-:
    W0: [ 0,  2,  6,  7,  8,  9, 11, 14, 15, 16, 18, 19] > [ 1,  3,  4,  5, 10, 12, 13, 17, 20, 21, 22, 23]
    W1: [ 0,  2,  6,  7, 17, 20, 21, 22, 23, 27, 28, 29] < [ 1,  3,  4,  5, 16, 18, 19, 24, 25, 26, 30, 31]
    W2: [ 0,  5,  8,  9, 13, 16, 18, 22, 23, 30, 31, 34] < [ 1,  6,  7, 10, 14, 15, 17, 24, 25, 29, 32, 33]
    W3: [ 1,  2,  4,  8, 10, 11, 16, 19, 21, 25, 29, 31] > [ 5,  7, 13, 15, 18, 22, 24, 26, 28, 32, 34, 35]
    Truth table row=[>, <, <, >] ix=56 result=[22-] is correct

Test 22+:
    W0: [ 0,  2,  6,  7,  8,  9, 11, 14, 15, 16, 18, 19] < [ 1,  3,  4,  5, 10, 12, 13, 17, 20, 21, 22, 23]
    W1: [ 0,  2,  6,  7, 17, 20, 21, 22, 23, 27, 28, 29] > [ 1,  3,  4,  5, 16, 18, 19, 24, 25, 26, 30, 31]
    W2: [ 0,  5,  8,  9, 13, 16, 18, 22, 23, 30, 31, 34] > [ 1,  6,  7, 10, 14, 15, 17, 24, 25, 29, 32, 33]
    W3: [ 1,  2,  4,  8, 10, 11, 16, 19, 21, 25, 29, 31] < [ 5,  7, 13, 15, 18, 22, 24, 26, 28, 32, 34, 35]
    Truth table row=[<, >, >, <] ix=24 result=[22+] is correct

Test 23-:
    W0: [ 0,  2,  6,  7,  8,  9, 11, 14, 15, 16, 18, 19] > [ 1,  3,  4,  5, 10, 12, 13, 17, 20, 21, 22, 23]
    W1: [ 0,  2,  6,  7, 17, 20, 21, 22, 23, 27, 28, 29] < [ 1,  3,  4,  5, 16, 18, 19, 24, 25, 26, 30, 31]
    W2: [ 0,  5,  8,  9, 13, 16, 18, 22, 23, 30, 31, 34] < [ 1,  6,  7, 10, 14, 15, 17, 24, 25, 29, 32, 33]
    W3: [ 1,  2,  4,  8, 10, 11, 16, 19, 21, 25, 29, 31] = [ 5,  7, 13, 15, 18, 22, 24, 26, 28, 32, 34, 35]
    Truth table row=[>, <, <, =] ix=55 result=[23-] is correct

Test 23+:
    W0: [ 0,  2,  6,  7,  8,  9, 11, 14, 15, 16, 18, 19] < [ 1,  3,  4,  5, 10, 12, 13, 17, 20, 21, 22, 23]
    W1: [ 0,  2,  6,  7, 17, 20, 21, 22, 23, 27, 28, 29] > [ 1,  3,  4,  5, 16, 18, 19, 24, 25, 26, 30, 31]
    W2: [ 0,  5,  8,  9, 13, 16, 18, 22, 23, 30, 31, 34] > [ 1,  6,  7, 10, 14, 15, 17, 24, 25, 29, 32, 33]
    W3: [ 1,  2,  4,  8, 10, 11, 16, 19, 21, 25, 29, 31] = [ 5,  7, 13, 15, 18, 22, 24, 26, 28, 32, 34, 35]
    Truth table row=[<, >, >, =] ix=25 result=[23+] is correct

Test 24-:
    W0: [ 0,  2,  6,  7,  8,  9, 11, 14, 15, 16, 18, 19] = [ 1,  3,  4,  5, 10, 12, 13, 17, 20, 21, 22, 23]
    W1: [ 0,  2,  6,  7, 17, 20, 21, 22, 23, 27, 28, 29] > [ 1,  3,  4,  5, 16, 18, 19, 24, 25, 26, 30, 31]
    W2: [ 0,  5,  8,  9, 13, 16, 18, 22, 23, 30, 31, 34] > [ 1,  6,  7, 10, 14, 15, 17, 24, 25, 29, 32, 33]
    W3: [ 1,  2,  4,  8, 10, 11, 16, 19, 21, 25, 29, 31] > [ 5,  7, 13, 15, 18, 22, 24, 26, 28, 32, 34, 35]
    Truth table row=[=, >, >, >] ix=53 result=[24-] is correct

Test 24+:
    W0: [ 0,  2,  6,  7,  8,  9, 11, 14, 15, 16, 18, 19] = [ 1,  3,  4,  5, 10, 12, 13, 17, 20, 21, 22, 23]
    W1: [ 0,  2,  6,  7, 17, 20, 21, 22, 23, 27, 28, 29] < [ 1,  3,  4,  5, 16, 18, 19, 24, 25, 26, 30, 31]
    W2: [ 0,  5,  8,  9, 13, 16, 18, 22, 23, 30, 31, 34] < [ 1,  6,  7, 10, 14, 15, 17, 24, 25, 29, 32, 33]
    W3: [ 1,  2,  4,  8, 10, 11, 16, 19, 21, 25, 29, 31] < [ 5,  7, 13, 15, 18, 22, 24, 26, 28, 32, 34, 35]
    Truth table row=[=, <, <, <] ix=27 result=[24+] is correct

Test 25-:
    W0: [ 0,  2,  6,  7,  8,  9, 11, 14, 15, 16, 18, 19] = [ 1,  3,  4,  5, 10, 12, 13, 17, 20, 21, 22, 23]
    W1: [ 0,  2,  6,  7, 17, 20, 21, 22, 23, 27, 28, 29] > [ 1,  3,  4,  5, 16, 18, 19, 24, 25, 26, 30, 31]
    W2: [ 0,  5,  8,  9, 13, 16, 18, 22, 23, 30, 31, 34] > [ 1,  6,  7, 10, 14, 15, 17, 24, 25, 29, 32, 33]
    W3: [ 1,  2,  4,  8, 10, 11, 16, 19, 21, 25, 29, 31] < [ 5,  7, 13, 15, 18, 22, 24, 26, 28, 32, 34, 35]
    Truth table row=[=, >, >, <] ix=51 result=[25-] is correct

Test 25+:
    W0: [ 0,  2,  6,  7,  8,  9, 11, 14, 15, 16, 18, 19] = [ 1,  3,  4,  5, 10, 12, 13, 17, 20, 21, 22, 23]
    W1: [ 0,  2,  6,  7, 17, 20, 21, 22, 23, 27, 28, 29] < [ 1,  3,  4,  5, 16, 18, 19, 24, 25, 26, 30, 31]
    W2: [ 0,  5,  8,  9, 13, 16, 18, 22, 23, 30, 31, 34] < [ 1,  6,  7, 10, 14, 15, 17, 24, 25, 29, 32, 33]
    W3: [ 1,  2,  4,  8, 10, 11, 16, 19, 21, 25, 29, 31] > [ 5,  7, 13, 15, 18, 22, 24, 26, 28, 32, 34, 35]
    Truth table row=[=, <, <, >] ix=29 result=[25+] is correct

Test 26-:
    W0: [ 0,  2,  6,  7,  8,  9, 11, 14, 15, 16, 18, 19] = [ 1,  3,  4,  5, 10, 12, 13, 17, 20, 21, 22, 23]
    W1: [ 0,  2,  6,  7, 17, 20, 21, 22, 23, 27, 28, 29] > [ 1,  3,  4,  5, 16, 18, 19, 24, 25, 26, 30, 31]
    W2: [ 0,  5,  8,  9, 13, 16, 18, 22, 23, 30, 31, 34] = [ 1,  6,  7, 10, 14, 15, 17, 24, 25, 29, 32, 33]
    W3: [ 1,  2,  4,  8, 10, 11, 16, 19, 21, 25, 29, 31] > [ 5,  7, 13, 15, 18, 22, 24, 26, 28, 32, 34, 35]
    Truth table row=[=, >, =, >] ix=50 result=[26-] is correct

Test 26+:
    W0: [ 0,  2,  6,  7,  8,  9, 11, 14, 15, 16, 18, 19] = [ 1,  3,  4,  5, 10, 12, 13, 17, 20, 21, 22, 23]
    W1: [ 0,  2,  6,  7, 17, 20, 21, 22, 23, 27, 28, 29] < [ 1,  3,  4,  5, 16, 18, 19, 24, 25, 26, 30, 31]
    W2: [ 0,  5,  8,  9, 13, 16, 18, 22, 23, 30, 31, 34] = [ 1,  6,  7, 10, 14, 15, 17, 24, 25, 29, 32, 33]
    W3: [ 1,  2,  4,  8, 10, 11, 16, 19, 21, 25, 29, 31] < [ 5,  7, 13, 15, 18, 22, 24, 26, 28, 32, 34, 35]
    Truth table row=[=, <, =, <] ix=30 result=[26+] is correct

Test 27-:
    W0: [ 0,  2,  6,  7,  8,  9, 11, 14, 15, 16, 18, 19] = [ 1,  3,  4,  5, 10, 12, 13, 17, 20, 21, 22, 23]
    W1: [ 0,  2,  6,  7, 17, 20, 21, 22, 23, 27, 28, 29] < [ 1,  3,  4,  5, 16, 18, 19, 24, 25, 26, 30, 31]
    W2: [ 0,  5,  8,  9, 13, 16, 18, 22, 23, 30, 31, 34] = [ 1,  6,  7, 10, 14, 15, 17, 24, 25, 29, 32, 33]
    W3: [ 1,  2,  4,  8, 10, 11, 16, 19, 21, 25, 29, 31] = [ 5,  7, 13, 15, 18, 22, 24, 26, 28, 32, 34, 35]
    Truth table row=[=, <, =, =] ix=31 result=[27-] is correct

Test 27+:
    W0: [ 0,  2,  6,  7,  8,  9, 11, 14, 15, 16, 18, 19] = [ 1,  3,  4,  5, 10, 12, 13, 17, 20, 21, 22, 23]
    W1: [ 0,  2,  6,  7, 17, 20, 21, 22, 23, 27, 28, 29] > [ 1,  3,  4,  5, 16, 18, 19, 24, 25, 26, 30, 31]
    W2: [ 0,  5,  8,  9, 13, 16, 18, 22, 23, 30, 31, 34] = [ 1,  6,  7, 10, 14, 15, 17, 24, 25, 29, 32, 33]
    W3: [ 1,  2,  4,  8, 10, 11, 16, 19, 21, 25, 29, 31] = [ 5,  7, 13, 15, 18, 22, 24, 26, 28, 32, 34, 35]
    Truth table row=[=, >, =, =] ix=49 result=[27+] is correct

Test 28-:
    W0: [ 0,  2,  6,  7,  8,  9, 11, 14, 15, 16, 18, 19] = [ 1,  3,  4,  5, 10, 12, 13, 17, 20, 21, 22, 23]
    W1: [ 0,  2,  6,  7, 17, 20, 21, 22, 23, 27, 28, 29] < [ 1,  3,  4,  5, 16, 18, 19, 24, 25, 26, 30, 31]
    W2: [ 0,  5,  8,  9, 13, 16, 18, 22, 23, 30, 31, 34] = [ 1,  6,  7, 10, 14, 15, 17, 24, 25, 29, 32, 33]
    W3: [ 1,  2,  4,  8, 10, 11, 16, 19, 21, 25, 29, 31] > [ 5,  7, 13, 15, 18, 22, 24, 26, 28, 32, 34, 35]
    Truth table row=[=, <, =, >] ix=32 result=[28-] is correct

Test 28+:
    W0: [ 0,  2,  6,  7,  8,  9, 11, 14, 15, 16, 18, 19] = [ 1,  3,  4,  5, 10, 12, 13, 17, 20, 21, 22, 23]
    W1: [ 0,  2,  6,  7, 17, 20, 21, 22, 23, 27, 28, 29] > [ 1,  3,  4,  5, 16, 18, 19, 24, 25, 26, 30, 31]
    W2: [ 0,  5,  8,  9, 13, 16, 18, 22, 23, 30, 31, 34] = [ 1,  6,  7, 10, 14, 15, 17, 24, 25, 29, 32, 33]
    W3: [ 1,  2,  4,  8, 10, 11, 16, 19, 21, 25, 29, 31] < [ 5,  7, 13, 15, 18, 22, 24, 26, 28, 32, 34, 35]
    Truth table row=[=, >, =, <] ix=48 result=[28+] is correct

Test 29-:
    W0: [ 0,  2,  6,  7,  8,  9, 11, 14, 15, 16, 18, 19] = [ 1,  3,  4,  5, 10, 12, 13, 17, 20, 21, 22, 23]
    W1: [ 0,  2,  6,  7, 17, 20, 21, 22, 23, 27, 28, 29] < [ 1,  3,  4,  5, 16, 18, 19, 24, 25, 26, 30, 31]
    W2: [ 0,  5,  8,  9, 13, 16, 18, 22, 23, 30, 31, 34] > [ 1,  6,  7, 10, 14, 15, 17, 24, 25, 29, 32, 33]
    W3: [ 1,  2,  4,  8, 10, 11, 16, 19, 21, 25, 29, 31] < [ 5,  7, 13, 15, 18, 22, 24, 26, 28, 32, 34, 35]
    Truth table row=[=, <, >, <] ix=33 result=[29-] is correct

Test 29+:
    W0: [ 0,  2,  6,  7,  8,  9, 11, 14, 15, 16, 18, 19] = [ 1,  3,  4,  5, 10, 12, 13, 17, 20, 21, 22, 23]
    W1: [ 0,  2,  6,  7, 17, 20, 21, 22, 23, 27, 28, 29] > [ 1,  3,  4,  5, 16, 18, 19, 24, 25, 26, 30, 31]
    W2: [ 0,  5,  8,  9, 13, 16, 18, 22, 23, 30, 31, 34] < [ 1,  6,  7, 10, 14, 15, 17, 24, 25, 29, 32, 33]
    W3: [ 1,  2,  4,  8, 10, 11, 16, 19, 21, 25, 29, 31] > [ 5,  7, 13, 15, 18, 22, 24, 26, 28, 32, 34, 35]
    Truth table row=[=, >, <, >] ix=47 result=[29+] is correct

Test 30-:
    W0: [ 0,  2,  6,  7,  8,  9, 11, 14, 15, 16, 18, 19] = [ 1,  3,  4,  5, 10, 12, 13, 17, 20, 21, 22, 23]
    W1: [ 0,  2,  6,  7, 17, 20, 21, 22, 23, 27, 28, 29] > [ 1,  3,  4,  5, 16, 18, 19, 24, 25, 26, 30, 31]
    W2: [ 0,  5,  8,  9, 13, 16, 18, 22, 23, 30, 31, 34] < [ 1,  6,  7, 10, 14, 15, 17, 24, 25, 29, 32, 33]
    W3: [ 1,  2,  4,  8, 10, 11, 16, 19, 21, 25, 29, 31] = [ 5,  7, 13, 15, 18, 22, 24, 26, 28, 32, 34, 35]
    Truth table row=[=, >, <, =] ix=46 result=[30-] is correct

Test 30+:
    W0: [ 0,  2,  6,  7,  8,  9, 11, 14, 15, 16, 18, 19] = [ 1,  3,  4,  5, 10, 12, 13, 17, 20, 21, 22, 23]
    W1: [ 0,  2,  6,  7, 17, 20, 21, 22, 23, 27, 28, 29] < [ 1,  3,  4,  5, 16, 18, 19, 24, 25, 26, 30, 31]
    W2: [ 0,  5,  8,  9, 13, 16, 18, 22, 23, 30, 31, 34] > [ 1,  6,  7, 10, 14, 15, 17, 24, 25, 29, 32, 33]
    W3: [ 1,  2,  4,  8, 10, 11, 16, 19, 21, 25, 29, 31] = [ 5,  7, 13, 15, 18, 22, 24, 26, 28, 32, 34, 35]
    Truth table row=[=, <, >, =] ix=34 result=[30+] is correct

Test 31-:
    W0: [ 0,  2,  6,  7,  8,  9, 11, 14, 15, 16, 18, 19] = [ 1,  3,  4,  5, 10, 12, 13, 17, 20, 21, 22, 23]
    W1: [ 0,  2,  6,  7, 17, 20, 21, 22, 23, 27, 28, 29] > [ 1,  3,  4,  5, 16, 18, 19, 24, 25, 26, 30, 31]
    W2: [ 0,  5,  8,  9, 13, 16, 18, 22, 23, 30, 31, 34] < [ 1,  6,  7, 10, 14, 15, 17, 24, 25, 29, 32, 33]
    W3: [ 1,  2,  4,  8, 10, 11, 16, 19, 21, 25, 29, 31] < [ 5,  7, 13, 15, 18, 22, 24, 26, 28, 32, 34, 35]
    Truth table row=[=, >, <, <] ix=45 result=[31-] is correct

Test 31+:
    W0: [ 0,  2,  6,  7,  8,  9, 11, 14, 15, 16, 18, 19] = [ 1,  3,  4,  5, 10, 12, 13, 17, 20, 21, 22, 23]
    W1: [ 0,  2,  6,  7, 17, 20, 21, 22, 23, 27, 28, 29] < [ 1,  3,  4,  5, 16, 18, 19, 24, 25, 26, 30, 31]
    W2: [ 0,  5,  8,  9, 13, 16, 18, 22, 23, 30, 31, 34] > [ 1,  6,  7, 10, 14, 15, 17, 24, 25, 29, 32, 33]
    W3: [ 1,  2,  4,  8, 10, 11, 16, 19, 21, 25, 29, 31] > [ 5,  7, 13, 15, 18, 22, 24, 26, 28, 32, 34, 35]
    Truth table row=[=, <, >, >] ix=35 result=[31+] is correct

Test 32-:
    W0: [ 0,  2,  6,  7,  8,  9, 11, 14, 15, 16, 18, 19] = [ 1,  3,  4,  5, 10, 12, 13, 17, 20, 21, 22, 23]
    W1: [ 0,  2,  6,  7, 17, 20, 21, 22, 23, 27, 28, 29] = [ 1,  3,  4,  5, 16, 18, 19, 24, 25, 26, 30, 31]
    W2: [ 0,  5,  8,  9, 13, 16, 18, 22, 23, 30, 31, 34] > [ 1,  6,  7, 10, 14, 15, 17, 24, 25, 29, 32, 33]
    W3: [ 1,  2,  4,  8, 10, 11, 16, 19, 21, 25, 29, 31] > [ 5,  7, 13, 15, 18, 22, 24, 26, 28, 32, 34, 35]
    Truth table row=[=, =, >, >] ix=44 result=[32-] is correct

Test 32+:
    W0: [ 0,  2,  6,  7,  8,  9, 11, 14, 15, 16, 18, 19] = [ 1,  3,  4,  5, 10, 12, 13, 17, 20, 21, 22, 23]
    W1: [ 0,  2,  6,  7, 17, 20, 21, 22, 23, 27, 28, 29] = [ 1,  3,  4,  5, 16, 18, 19, 24, 25, 26, 30, 31]
    W2: [ 0,  5,  8,  9, 13, 16, 18, 22, 23, 30, 31, 34] < [ 1,  6,  7, 10, 14, 15, 17, 24, 25, 29, 32, 33]
    W3: [ 1,  2,  4,  8, 10, 11, 16, 19, 21, 25, 29, 31] < [ 5,  7, 13, 15, 18, 22, 24, 26, 28, 32, 34, 35]
    Truth table row=[=, =, <, <] ix=36 result=[32+] is correct

Test 33-:
    W0: [ 0,  2,  6,  7,  8,  9, 11, 14, 15, 16, 18, 19] = [ 1,  3,  4,  5, 10, 12, 13, 17, 20, 21, 22, 23]
    W1: [ 0,  2,  6,  7, 17, 20, 21, 22, 23, 27, 28, 29] = [ 1,  3,  4,  5, 16, 18, 19, 24, 25, 26, 30, 31]
    W2: [ 0,  5,  8,  9, 13, 16, 18, 22, 23, 30, 31, 34] > [ 1,  6,  7, 10, 14, 15, 17, 24, 25, 29, 32, 33]
    W3: [ 1,  2,  4,  8, 10, 11, 16, 19, 21, 25, 29, 31] = [ 5,  7, 13, 15, 18, 22, 24, 26, 28, 32, 34, 35]
    Truth table row=[=, =, >, =] ix=43 result=[33-] is correct

Test 33+:
    W0: [ 0,  2,  6,  7,  8,  9, 11, 14, 15, 16, 18, 19] = [ 1,  3,  4,  5, 10, 12, 13, 17, 20, 21, 22, 23]
    W1: [ 0,  2,  6,  7, 17, 20, 21, 22, 23, 27, 28, 29] = [ 1,  3,  4,  5, 16, 18, 19, 24, 25, 26, 30, 31]
    W2: [ 0,  5,  8,  9, 13, 16, 18, 22, 23, 30, 31, 34] < [ 1,  6,  7, 10, 14, 15, 17, 24, 25, 29, 32, 33]
    W3: [ 1,  2,  4,  8, 10, 11, 16, 19, 21, 25, 29, 31] = [ 5,  7, 13, 15, 18, 22, 24, 26, 28, 32, 34, 35]
    Truth table row=[=, =, <, =] ix=37 result=[33+] is correct

Test 34-:
    W0: [ 0,  2,  6,  7,  8,  9, 11, 14, 15, 16, 18, 19] = [ 1,  3,  4,  5, 10, 12, 13, 17, 20, 21, 22, 23]
    W1: [ 0,  2,  6,  7, 17, 20, 21, 22, 23, 27, 28, 29] = [ 1,  3,  4,  5, 16, 18, 19, 24, 25, 26, 30, 31]
    W2: [ 0,  5,  8,  9, 13, 16, 18, 22, 23, 30, 31, 34] < [ 1,  6,  7, 10, 14, 15, 17, 24, 25, 29, 32, 33]
    W3: [ 1,  2,  4,  8, 10, 11, 16, 19, 21, 25, 29, 31] > [ 5,  7, 13, 15, 18, 22, 24, 26, 28, 32, 34, 35]
    Truth table row=[=, =, <, >] ix=38 result=[34-] is correct

Test 34+:
    W0: [ 0,  2,  6,  7,  8,  9, 11, 14, 15, 16, 18, 19] = [ 1,  3,  4,  5, 10, 12, 13, 17, 20, 21, 22, 23]
    W1: [ 0,  2,  6,  7, 17, 20, 21, 22, 23, 27, 28, 29] = [ 1,  3,  4,  5, 16, 18, 19, 24, 25, 26, 30, 31]
    W2: [ 0,  5,  8,  9, 13, 16, 18, 22, 23, 30, 31, 34] > [ 1,  6,  7, 10, 14, 15, 17, 24, 25, 29, 32, 33]
    W3: [ 1,  2,  4,  8, 10, 11, 16, 19, 21, 25, 29, 31] < [ 5,  7, 13, 15, 18, 22, 24, 26, 28, 32, 34, 35]
    Truth table row=[=, =, >, <] ix=42 result=[34+] is correct

Test 35-:
    W0: [ 0,  2,  6,  7,  8,  9, 11, 14, 15, 16, 18, 19] = [ 1,  3,  4,  5, 10, 12, 13, 17, 20, 21, 22, 23]
    W1: [ 0,  2,  6,  7, 17, 20, 21, 22, 23, 27, 28, 29] = [ 1,  3,  4,  5, 16, 18, 19, 24, 25, 26, 30, 31]
    W2: [ 0,  5,  8,  9, 13, 16, 18, 22, 23, 30, 31, 34] = [ 1,  6,  7, 10, 14, 15, 17, 24, 25, 29, 32, 33]
    W3: [ 1,  2,  4,  8, 10, 11, 16, 19, 21, 25, 29, 31] > [ 5,  7, 13, 15, 18, 22, 24, 26, 28, 32, 34, 35]
    Truth table row=[=, =, =, >] ix=41 result=[35-] is correct

Test 35+:
    W0: [ 0,  2,  6,  7,  8,  9, 11, 14, 15, 16, 18, 19] = [ 1,  3,  4,  5, 10, 12, 13, 17, 20, 21, 22, 23]
    W1: [ 0,  2,  6,  7, 17, 20, 21, 22, 23, 27, 28, 29] = [ 1,  3,  4,  5, 16, 18, 19, 24, 25, 26, 30, 31]
    W2: [ 0,  5,  8,  9, 13, 16, 18, 22, 23, 30, 31, 34] = [ 1,  6,  7, 10, 14, 15, 17, 24, 25, 29, 32, 33]
    W3: [ 1,  2,  4,  8, 10, 11, 16, 19, 21, 25, 29, 31] < [ 5,  7, 13, 15, 18, 22, 24, 26, 28, 32, 34, 35]
    Truth table row=[=, =, =, <] ix=39 result=[35+] is correct

Total correct results: 72
Total incorrect results: 0
