Solving for 22 balls and 4 weighings.
Using symmetry breaking strategy TruthTableAscending.

Solution:
W0: [ 0,  1,  3,  7,  9, 11, 12] <=> [ 2,  4,  5,  6,  8, 10, 13]
W1: [ 0,  1,  3,  7, 13, 17, 18] <=> [ 2,  4,  5,  6, 14, 15, 16]
W2: [ 0,  1,  6,  9, 13, 16, 19, 20, 21] <=> [ 2,  7,  8, 10, 12, 14, 15, 17, 18]
W3: [ 0,  2,  3,  5, 10, 13, 15, 19] <=> [ 6,  8, 11, 12, 14, 16, 18, 21]

Truth Table:
ix  W0  W1  W2  W3   Result
 0   <   <   <   <   0-
 1   <   <   <   =   1-
 2   <   <   <   >   2+
 3   <   <   =   <   3-
 4   <   <   =   =   4+
 5   <   <   =   >   5+
 6   <   <   >   <   6+
 7   <   <   >   =   7-
 8   <   <   >   >
 9   <   =   <   <   8+
10   <   =   <   =   9-
11   <   =   <   >   10+
12   <   =   =   <
13   <   =   =   =
14   <   =   =   >   11-
15   <   =   >   <
16   <   =   >   =
17   <   =   >   >   12-
18   <   >   <   <
19   <   >   <   =
20   <   >   <   >
21   <   >   =   <
22   <   >   =   =
23   <   >   =   >
24   <   >   >   <
25   <   >   >   =
26   <   >   >   >   13+
27   =   <   <   <   14+
28   =   <   <   =
29   =   <   <   >   15+
30   =   <   =   <
31   =   <   =   =
32   =   <   =   >
33   =   <   >   <   16+
34   =   <   >   =   17-
35   =   <   >   >   18-
36   =   =   <   <   19-
37   =   =   <   =   20-
38   =   =   <   >   21-
39   =   =   =   <
40   =   =   =   =
41   =   =   =   >
42   =   =   >   <   21+
43   =   =   >   =   20+
44   =   =   >   >   19+
45   =   >   <   <   18+
46   =   >   <   =   17+
47   =   >   <   >   16-
48   =   >   =   <
49   =   >   =   =
50   =   >   =   >
51   =   >   >   <   15-
52   =   >   >   =
53   =   >   >   >   14-
54   >   <   <   <   13-
55   >   <   <   =
56   >   <   <   >
57   >   <   =   <
58   >   <   =   =
59   >   <   =   >
60   >   <   >   <
61   >   <   >   =
62   >   <   >   >
63   >   =   <   <   12+
64   >   =   <   =
65   >   =   <   >
66   >   =   =   <   11+
67   >   =   =   =
68   >   =   =   >
69   >   =   >   <   10-
70   >   =   >   =   9+
71   >   =   >   >   8-
72   >   >   <   <
73   >   >   <   =   7+
74   >   >   <   >   6-
75   >   >   =   <   5-
76   >   >   =   =   4-
77   >   >   =   >   3+
78   >   >   >   <   2-
79   >   >   >   =   1+
80   >   >   >   >   0+

Test 0-:
    W0: [ 0,  1,  3,  7,  9, 11, 12] < [ 2,  4,  5,  6,  8, 10, 13]
    W1: [ 0,  1,  3,  7, 13, 17, 18] < [ 2,  4,  5,  6, 14, 15, 16]
    W2: [ 0,  1,  6,  9, 13, 16, 19, 20, 21] < [ 2,  7,  8, 10, 12, 14, 15, 17, 18]
    W3: [ 0,  2,  3,  5, 10, 13, 15, 19] < [ 6,  8, 11, 12, 14, 16, 18, 21]
    Truth table row=[<, <, <, <] ix=0 result=[0-] is correct

Test 0+:
    W0: [ 0,  1,  3,  7,  9, 11, 12] > [ 2,  4,  5,  6,  8, 10, 13]
    W1: [ 0,  1,  3,  7, 13, 17, 18] > [ 2,  4,  5,  6, 14, 15, 16]
    W2: [ 0,  1,  6,  9, 13, 16, 19, 20, 21] > [ 2,  7,  8, 10, 12, 14, 15, 17, 18]
    W3: [ 0,  2,  3,  5, 10, 13, 15, 19] > [ 6,  8, 11, 12, 14, 16, 18, 21]
    Truth table row=[>, >, >, >] ix=80 result=[0+] is correct

Test 1-:
    W0: [ 0,  1,  3,  7,  9, 11, 12] < [ 2,  4,  5,  6,  8, 10, 13]
    W1: [ 0,  1,  3,  7, 13, 17, 18] < [ 2,  4,  5,  6, 14, 15, 16]
    W2: [ 0,  1,  6,  9, 13, 16, 19, 20, 21] < [ 2,  7,  8, 10, 12, 14, 15, 17, 18]
    W3: [ 0,  2,  3,  5, 10, 13, 15, 19] = [ 6,  8, 11, 12, 14, 16, 18, 21]
    Truth table row=[<, <, <, =] ix=1 result=[1-] is correct

Test 1+:
    W0: [ 0,  1,  3,  7,  9, 11, 12] > [ 2,  4,  5,  6,  8, 10, 13]
    W1: [ 0,  1,  3,  7, 13, 17, 18] > [ 2,  4,  5,  6, 14, 15, 16]
    W2: [ 0,  1,  6,  9, 13, 16, 19, 20, 21] > [ 2,  7,  8, 10, 12, 14, 15, 17, 18]
    W3: [ 0,  2,  3,  5, 10, 13, 15, 19] = [ 6,  8, 11, 12, 14, 16, 18, 21]
    Truth table row=[>, >, >, =] ix=79 result=[1+] is correct

Test 2-:
    W0: [ 0,  1,  3,  7,  9, 11, 12] > [ 2,  4,  5,  6,  8, 10, 13]
    W1: [ 0,  1,  3,  7, 13, 17, 18] > [ 2,  4,  5,  6, 14, 15, 16]
    W2: [ 0,  1,  6,  9, 13, 16, 19, 20, 21] > [ 2,  7,  8, 10, 12, 14, 15, 17, 18]
    W3: [ 0,  2,  3,  5, 10, 13, 15, 19] < [ 6,  8, 11, 12, 14, 16, 18, 21]
    Truth table row=[>, >, >, <] ix=78 result=[2-] is correct

Test 2+:
    W0: [ 0,  1,  3,  7,  9, 11, 12] < [ 2,  4,  5,  6,  8, 10, 13]
    W1: [ 0,  1,  3,  7, 13, 17, 18] < [ 2,  4,  5,  6, 14, 15, 16]
    W2: [ 0,  1,  6,  9, 13, 16, 19, 20, 21] < [ 2,  7,  8, 10, 12, 14, 15, 17, 18]
    W3: [ 0,  2,  3,  5, 10, 13, 15, 19] > [ 6,  8, 11, 12, 14, 16, 18, 21]
    Truth table row=[<, <, <, >] ix=2 result=[2+] is correct

Test 3-:
    W0: [ 0,  1,  3,  7,  9, 11, 12] < [ 2,  4,  5,  6,  8, 10, 13]
    W1: [ 0,  1,  3,  7, 13, 17, 18] < [ 2,  4,  5,  6, 14, 15, 16]
    W2: [ 0,  1,  6,  9, 13, 16, 19, 20, 21] = [ 2,  7,  8, 10, 12, 14, 15, 17, 18]
    W3: [ 0,  2,  3,  5, 10, 13, 15, 19] < [ 6,  8, 11, 12, 14, 16, 18, 21]
    Truth table row=[<, <, =, <] ix=3 result=[3-] is correct

Test 3+:
    W0: [ 0,  1,  3,  7,  9, 11, 12] > [ 2,  4,  5,  6,  8, 10, 13]
    W1: [ 0,  1,  3,  7, 13, 17, 18] > [ 2,  4,  5,  6, 14, 15, 16]
    W2: [ 0,  1,  6,  9, 13, 16, 19, 20, 21] = [ 2,  7,  8, 10, 12, 14, 15, 17, 18]
    W3: [ 0,  2,  3,  5, 10, 13, 15, 19] > [ 6,  8, 11, 12, 14, 16, 18, 21]
    Truth table row=[>, >, =, >] ix=77 result=[3+] is correct

Test 4-:
    W0: [ 0,  1,  3,  7,  9, 11, 12] > [ 2,  4,  5,  6,  8, 10, 13]
    W1: [ 0,  1,  3,  7, 13, 17, 18] > [ 2,  4,  5,  6, 14, 15, 16]
    W2: [ 0,  1,  6,  9, 13, 16, 19, 20, 21] = [ 2,  7,  8, 10, 12, 14, 15, 17, 18]
    W3: [ 0,  2,  3,  5, 10, 13, 15, 19] = [ 6,  8, 11, 12, 14, 16, 18, 21]
    Truth table row=[>, >, =, =] ix=76 result=[4-] is correct

Test 4+:
    W0: [ 0,  1,  3,  7,  9, 11, 12] < [ 2,  4,  5,  6,  8, 10, 13]
    W1: [ 0,  1,  3,  7, 13, 17, 18] < [ 2,  4,  5,  6, 14, 15, 16]
    W2: [ 0,  1,  6,  9, 13, 16, 19, 20, 21] = [ 2,  7,  8, 10, 12, 14, 15, 17, 18]
    W3: [ 0,  2,  3,  5, 10, 13, 15, 19] = [ 6,  8, 11, 12, 14, 16, 18, 21]
    Truth table row=[<, <, =, =] ix=4 result=[4+] is correct

Test 5-:
    W0: [ 0,  1,  3,  7,  9, 11, 12] > [ 2,  4,  5,  6,  8, 10, 13]
    W1: [ 0,  1,  3,  7, 13, 17, 18] > [ 2,  4,  5,  6, 14, 15, 16]
    W2: [ 0,  1,  6,  9, 13, 16, 19, 20, 21] = [ 2,  7,  8, 10, 12, 14, 15, 17, 18]
    W3: [ 0,  2,  3,  5, 10, 13, 15, 19] < [ 6,  8, 11, 12, 14, 16, 18, 21]
    Truth table row=[>, >, =, <] ix=75 result=[5-] is correct

Test 5+:
    W0: [ 0,  1,  3,  7,  9, 11, 12] < [ 2,  4,  5,  6,  8, 10, 13]
    W1: [ 0,  1,  3,  7, 13, 17, 18] < [ 2,  4,  5,  6, 14, 15, 16]
    W2: [ 0,  1,  6,  9, 13, 16, 19, 20, 21] = [ 2,  7,  8, 10, 12, 14, 15, 17, 18]
    W3: [ 0,  2,  3,  5, 10, 13, 15, 19] > [ 6,  8, 11, 12, 14, 16, 18, 21]
    Truth table row=[<, <, =, >] ix=5 result=[5+] is correct

Test 6-:
    W0: [ 0,  1,  3,  7,  9, 11, 12] > [ 2,  4,  5,  6,  8, 10, 13]
    W1: [ 0,  1,  3,  7, 13, 17, 18] > [ 2,  4,  5,  6, 14, 15, 16]
    W2: [ 0,  1,  6,  9, 13, 16, 19, 20, 21] < [ 2,  7,  8, 10, 12, 14, 15, 17, 18]
    W3: [ 0,  2,  3,  5, 10, 13, 15, 19] > [ 6,  8, 11, 12, 14, 16, 18, 21]
    Truth table row=[>, >, <, >] ix=74 result=[6-] is correct

Test 6+:
    W0: [ 0,  1,  3,  7,  9, 11, 12] < [ 2,  4,  5,  6,  8, 10, 13]
    W1: [ 0,  1,  3,  7, 13, 17, 18] < [ 2,  4,  5,  6, 14, 15, 16]
    W2: [ 0,  1,  6,  9, 13, 16, 19, 20, 21] > [ 2,  7,  8, 10, 12, 14, 15, 17, 18]
    W3: [ 0,  2,  3,  5, 10, 13, 15, 19] < [ 6,  8, 11, 12, 14, 16, 18, 21]
    Truth table row=[<, <, >, <] ix=6 result=[6+] is correct

Test 7-:
    W0: [ 0,  1,  3,  7,  9, 11, 12] < [ 2,  4,  5,  6,  8, 10, 13]
    W1: [ 0,  1,  3,  7, 13, 17, 18] < [ 2,  4,  5,  6, 14, 15, 16]
    W2: [ 0,  1,  6,  9, 13, 16, 19, 20, 21] > [ 2,  7,  8, 10, 12, 14, 15, 17, 18]
    W3: [ 0,  2,  3,  5, 10, 13, 15, 19] = [ 6,  8, 11, 12, 14, 16, 18, 21]
    Truth table row=[<, <, >, =] ix=7 result=[7-] is correct

Test 7+:
    W0: [ 0,  1,  3,  7,  9, 11, 12] > [ 2,  4,  5,  6,  8, 10, 13]
    W1: [ 0,  1,  3,  7, 13, 17, 18] > [ 2,  4,  5,  6, 14, 15, 16]
    W2: [ 0,  1,  6,  9, 13, 16, 19, 20, 21] < [ 2,  7,  8, 10, 12, 14, 15, 17, 18]
    W3: [ 0,  2,  3,  5, 10, 13, 15, 19] = [ 6,  8, 11, 12, 14, 16, 18, 21]
    Truth table row=[>, >, <, =] ix=73 result=[7+] is correct

Test 8-:
    W0: [ 0,  1,  3,  7,  9, 11, 12] > [ 2,  4,  5,  6,  8, 10, 13]
    W1: [ 0,  1,  3,  7, 13, 17, 18] = [ 2,  4,  5,  6, 14, 15, 16]
    W2: [ 0,  1,  6,  9, 13, 16, 19, 20, 21] > [ 2,  7,  8, 10, 12, 14, 15, 17, 18]
    W3: [ 0,  2,  3,  5, 10, 13, 15, 19] > [ 6,  8, 11, 12, 14, 16, 18, 21]
    Truth table row=[>, =, >, >] ix=71 result=[8-] is correct

Test 8+:
    W0: [ 0,  1,  3,  7,  9, 11, 12] < [ 2,  4,  5,  6,  8, 10, 13]
    W1: [ 0,  1,  3,  7, 13, 17, 18] = [ 2,  4,  5,  6, 14, 15, 16]
    W2: [ 0,  1,  6,  9, 13, 16, 19, 20, 21] < [ 2,  7,  8, 10, 12, 14, 15, 17, 18]
    W3: [ 0,  2,  3,  5, 10, 13, 15, 19] < [ 6,  8, 11, 12, 14, 16, 18, 21]
    Truth table row=[<, =, <, <] ix=9 result=[8+] is correct

Test 9-:
    W0: [ 0,  1,  3,  7,  9, 11, 12] < [ 2,  4,  5,  6,  8, 10, 13]
    W1: [ 0,  1,  3,  7, 13, 17, 18] = [ 2,  4,  5,  6, 14, 15, 16]
    W2: [ 0,  1,  6,  9, 13, 16, 19, 20, 21] < [ 2,  7,  8, 10, 12, 14, 15, 17, 18]
    W3: [ 0,  2,  3,  5, 10, 13, 15, 19] = [ 6,  8, 11, 12, 14, 16, 18, 21]
    Truth table row=[<, =, <, =] ix=10 result=[9-] is correct

Test 9+:
    W0: [ 0,  1,  3,  7,  9, 11, 12] > [ 2,  4,  5,  6,  8, 10, 13]
    W1: [ 0,  1,  3,  7, 13, 17, 18] = [ 2,  4,  5,  6, 14, 15, 16]
    W2: [ 0,  1,  6,  9, 13, 16, 19, 20, 21] > [ 2,  7,  8, 10, 12, 14, 15, 17, 18]
    W3: [ 0,  2,  3,  5, 10, 13, 15, 19] = [ 6,  8, 11, 12, 14, 16, 18, 21]
    Truth table row=[>, =, >, =] ix=70 result=[9+] is correct

Test 10-:
    W0: [ 0,  1,  3,  7,  9, 11, 12] > [ 2,  4,  5,  6,  8, 10, 13]
    W1: [ 0,  1,  3,  7, 13, 17, 18] = [ 2,  4,  5,  6, 14, 15, 16]
    W2: [ 0,  1,  6,  9, 13, 16, 19, 20, 21] > [ 2,  7,  8, 10, 12, 14, 15, 17, 18]
    W3: [ 0,  2,  3,  5, 10, 13, 15, 19] < [ 6,  8, 11, 12, 14, 16, 18, 21]
    Truth table row=[>, =, >, <] ix=69 result=[10-] is correct

Test 10+:
    W0: [ 0,  1,  3,  7,  9, 11, 12] < [ 2,  4,  5,  6,  8, 10, 13]
    W1: [ 0,  1,  3,  7, 13, 17, 18] = [ 2,  4,  5,  6, 14, 15, 16]
    W2: [ 0,  1,  6,  9, 13, 16, 19, 20, 21] < [ 2,  7,  8, 10, 12, 14, 15, 17, 18]
    W3: [ 0,  2,  3,  5, 10, 13, 15, 19] > [ 6,  8, 11, 12, 14, 16, 18, 21]
    Truth table row=[<, =, <, >] ix=11 result=[10+] is correct

Test 11-:
    W0: [ 0,  1,  3,  7,  9, 11, 12] < [ 2,  4,  5,  6,  8, 10, 13]
    W1: [ 0,  1,  3,  7, 13, 17, 18] = [ 2,  4,  5,  6, 14, 15, 16]
    W2: [ 0,  1,  6,  9, 13, 16, 19, 20, 21] = [ 2,  7,  8, 10, 12, 14, 15, 17, 18]
    W3: [ 0,  2,  3,  5, 10, 13, 15, 19] > [ 6,  8, 11, 12, 14, 16, 18, 21]
    Truth table row=[<, =, =, >] ix=14 result=[11-] is correct

Test 11+:
    W0: [ 0,  1,  3,  7,  9, 11, 12] > [ 2,  4,  5,  6,  8, 10, 13]
    W1: [ 0,  1,  3,  7, 13, 17, 18] = [ 2,  4,  5,  6, 14, 15, 16]
    W2: [ 0,  1,  6,  9, 13, 16, 19, 20, 21] = [ 2,  7,  8, 10, 12, 14, 15, 17, 18]
    W3: [ 0,  2,  3,  5, 10, 13, 15, 19] < [ 6,  8, 11, 12, 14, 16, 18, 21]
    Truth table row=[>, =, =, <] ix=66 result=[11+] is correct

Test 12-:
    W0: [ 0,  1,  3,  7,  9, 11, 12] < [ 2,  4,  5,  6,  8, 10, 13]
    W1: [ 0,  1,  3,  7, 13, 17, 18] = [ 2,  4,  5,  6, 14, 15, 16]
    W2: [ 0,  1,  6,  9, 13, 16, 19, 20, 21] > [ 2,  7,  8, 10, 12, 14, 15, 17, 18]
    W3: [ 0,  2,  3,  5, 10, 13, 15, 19] > [ 6,  8, 11, 12, 14, 16, 18, 21]
    Truth table row=[<, =, >, >] ix=17 result=[12-] is correct

Test 12+:
    W0: [ 0,  1,  3,  7,  9, 11, 12] > [ 2,  4,  5,  6,  8, 10, 13]
    W1: [ 0,  1,  3,  7, 13, 17, 18] = [ 2,  4,  5,  6, 14, 15, 16]
    W2: [ 0,  1,  6,  9, 13, 16, 19, 20, 21] < [ 2,  7,  8, 10, 12, 14, 15, 17, 18]
    W3: [ 0,  2,  3,  5, 10, 13, 15, 19] < [ 6,  8, 11, 12, 14, 16, 18, 21]
    Truth table row=[>, =, <, <] ix=63 result=[12+] is correct

Test 13-:
    W0: [ 0,  1,  3,  7,  9, 11, 12] > [ 2,  4,  5,  6,  8, 10, 13]
    W1: [ 0,  1,  3,  7, 13, 17, 18] < [ 2,  4,  5,  6, 14, 15, 16]
    W2: [ 0,  1,  6,  9, 13, 16, 19, 20, 21] < [ 2,  7,  8, 10, 12, 14, 15, 17, 18]
    W3: [ 0,  2,  3,  5, 10, 13, 15, 19] < [ 6,  8, 11, 12, 14, 16, 18, 21]
    Truth table row=[>, <, <, <] ix=54 result=[13-] is correct

Test 13+:
    W0: [ 0,  1,  3,  7,  9, 11, 12] < [ 2,  4,  5,  6,  8, 10, 13]
    W1: [ 0,  1,  3,  7, 13, 17, 18] > [ 2,  4,  5,  6, 14, 15, 16]
    W2: [ 0,  1,  6,  9, 13, 16, 19, 20, 21] > [ 2,  7,  8, 10, 12, 14, 15, 17, 18]
    W3: [ 0,  2,  3,  5, 10, 13, 15, 19] > [ 6,  8, 11, 12, 14, 16, 18, 21]
    Truth table row=[<, >, >, >] ix=26 result=[13+] is correct

Test 14-:
    W0: [ 0,  1,  3,  7,  9, 11, 12] = [ 2,  4,  5,  6,  8, 10, 13]
    W1: [ 0,  1,  3,  7, 13, 17, 18] > [ 2,  4,  5,  6, 14, 15, 16]
    W2: [ 0,  1,  6,  9, 13, 16, 19, 20, 21] > [ 2,  7,  8, 10, 12, 14, 15, 17, 18]
    W3: [ 0,  2,  3,  5, 10, 13, 15, 19] > [ 6,  8, 11, 12, 14, 16, 18, 21]
    Truth table row=[=, >, >, >] ix=53 result=[14-] is correct

Test 14+:
    W0: [ 0,  1,  3,  7,  9, 11, 12] = [ 2,  4,  5,  6,  8, 10, 13]
    W1: [ 0,  1,  3,  7, 13, 17, 18] < [ 2,  4,  5,  6, 14, 15, 16]
    W2: [ 0,  1,  6,  9, 13, 16, 19, 20, 21] < [ 2,  7,  8, 10, 12, 14, 15, 17, 18]
    W3: [ 0,  2,  3,  5, 10, 13, 15, 19] < [ 6,  8, 11, 12, 14, 16, 18, 21]
    Truth table row=[=, <, <, <] ix=27 result=[14+] is correct

Test 15-:
    W0: [ 0,  1,  3,  7,  9, 11, 12] = [ 2,  4,  5,  6,  8, 10, 13]
    W1: [ 0,  1,  3,  7, 13, 17, 18] > [ 2,  4,  5,  6, 14, 15, 16]
    W2: [ 0,  1,  6,  9, 13, 16, 19, 20, 21] > [ 2,  7,  8, 10, 12, 14, 15, 17, 18]
    W3: [ 0,  2,  3,  5, 10, 13, 15, 19] < [ 6,  8, 11, 12, 14, 16, 18, 21]
    Truth table row=[=, >, >, <] ix=51 result=[15-] is correct

Test 15+:
    W0: [ 0,  1,  3,  7,  9, 11, 12] = [ 2,  4,  5,  6,  8, 10, 13]
    W1: [ 0,  1,  3,  7, 13, 17, 18] < [ 2,  4,  5,  6, 14, 15, 16]
    W2: [ 0,  1,  6,  9, 13, 16, 19, 20, 21] < [ 2,  7,  8, 10, 12, 14, 15, 17, 18]
    W3: [ 0,  2,  3,  5, 10, 13, 15, 19] > [ 6,  8, 11, 12, 14, 16, 18, 21]
    Truth table row=[=, <, <, >] ix=29 result=[15+] is correct

Test 16-:
    W0: [ 0,  1,  3,  7,  9, 11, 12] = [ 2,  4,  5,  6,  8, 10, 13]
    W1: [ 0,  1,  3,  7, 13, 17, 18] > [ 2,  4,  5,  6, 14, 15, 16]
    W2: [ 0,  1,  6,  9, 13, 16, 19, 20, 21] < [ 2,  7,  8, 10, 12, 14, 15, 17, 18]
    W3: [ 0,  2,  3,  5, 10, 13, 15, 19] > [ 6,  8, 11, 12, 14, 16, 18, 21]
    Truth table row=[=, >, <, >] ix=47 result=[16-] is correct

Test 16+:
    W0: [ 0,  1,  3,  7,  9, 11, 12] = [ 2,  4,  5,  6,  8, 10, 13]
    W1: [ 0,  1,  3,  7, 13, 17, 18] < [ 2,  4,  5,  6, 14, 15, 16]
    W2: [ 0,  1,  6,  9, 13, 16, 19, 20, 21] > [ 2,  7,  8, 10, 12, 14, 15, 17, 18]
    W3: [ 0,  2,  3,  5, 10, 13, 15, 19] < [ 6,  8, 11, 12, 14, 16, 18, 21]
    Truth table row=[=, <, >, <] ix=33 result=[16+] is correct

Test 17-:
    W0: [ 0,  1,  3,  7,  9, 11, 12] = [ 2,  4,  5,  6,  8, 10, 13]
    W1: [ 0,  1,  3,  7, 13, 17, 18] < [ 2,  4,  5,  6, 14, 15, 16]
    W2: [ 0,  1,  6,  9, 13, 16, 19, 20, 21] > [ 2,  7,  8, 10, 12, 14, 15, 17, 18]
    W3: [ 0,  2,  3,  5, 10, 13, 15, 19] = [ 6,  8, 11, 12, 14, 16, 18, 21]
    Truth table row=[=, <, >, =] ix=34 result=[17-] is correct

Test 17+:
    W0: [ 0,  1,  3,  7,  9, 11, 12] = [ 2,  4,  5,  6,  8, 10, 13]
    W1: [ 0,  1,  3,  7, 13, 17, 18] > [ 2,  4,  5,  6, 14, 15, 16]
    W2: [ 0,  1,  6,  9, 13, 16, 19, 20, 21] < [ 2,  7,  8, 10, 12, 14, 15, 17, 18]
    W3: [ 0,  2,  3,  5, 10, 13, 15, 19] = [ 6,  8, 11, 12, 14, 16, 18, 21]
    Truth table row=[=, >, <, =] ix=46 result=[17+] is correct

Test 18-:
    W0: [ 0,  1,  3,  7,  9, 11, 12] = [ 2,  4,  5,  6,  8, 10, 13]
    W1: [ 0,  1,  3,  7, 13, 17, 18] < [ 2,  4,  5,  6, 14, 15, 16]
    W2: [ 0,  1,  6,  9, 13, 16, 19, 20, 21] > [ 2,  7,  8, 10, 12, 14, 15, 17, 18]
    W3: [ 0,  2,  3,  5, 10, 13, 15, 19] > [ 6,  8, 11, 12, 14, 16, 18, 21]
    Truth table row=[=, <, >, >] ix=35 result=[18-] is correct

Test 18+:
    W0: [ 0,  1,  3,  7,  9, 11, 12] = [ 2,  4,  5,  6,  8, 10, 13]
    W1: [ 0,  1,  3,  7, 13, 17, 18] > [ 2,  4,  5,  6, 14, 15, 16]
    W2: [ 0,  1,  6,  9, 13, 16, 19, 20, 21] < [ 2,  7,  8, 10, 12, 14, 15, 17, 18]
    W3: [ 0,  2,  3,  5, 10, 13, 15, 19] < [ 6,  8, 11, 12, 14, 16, 18, 21]
    Truth table row=[=, >, <, <] ix=45 result=[18+] is correct

Test 19-:
    W0: [ 0,  1,  3,  7,  9, 11, 12] = [ 2,  4,  5,  6,  8, 10, 13]
    W1: [ 0,  1,  3,  7, 13, 17, 18] = [ 2,  4,  5,  6, 14, 15, 16]
    W2: [ 0,  1,  6,  9, 13, 16, 19, 20, 21] < [ 2,  7,  8, 10, 12, 14, 15, 17, 18]
    W3: [ 0,  2,  3,  5, 10, 13, 15, 19] < [ 6,  8, 11, 12, 14, 16, 18, 21]
    Truth table row=[=, =, <, <] ix=36 result=[19-] is correct

Test 19+:
    W0: [ 0,  1,  3,  7,  9, 11, 12] = [ 2,  4,  5,  6,  8, 10, 13]
    W1: [ 0,  1,  3,  7, 13, 17, 18] = [ 2,  4,  5,  6, 14, 15, 16]
    W2: [ 0,  1,  6,  9, 13, 16, 19, 20, 21] > [ 2,  7,  8, 10, 12, 14, 15, 17, 18]
    W3: [ 0,  2,  3,  5, 10, 13, 15, 19] > [ 6,  8, 11, 12, 14, 16, 18, 21]
    Truth table row=[=, =, >, >] ix=44 result=[19+] is correct

Test 20-:
    W0: [ 0,  1,  3,  7,  9, 11, 12] = [ 2,  4,  5,  6,  8, 10, 13]
    W1: [ 0,  1,  3,  7, 13, 17, 18] = [ 2,  4,  5,  6, 14, 15, 16]
    W2: [ 0,  1,  6,  9, 13, 16, 19, 20, 21] < [ 2,  7,  8, 10, 12, 14, 15, 17, 18]
    W3: [ 0,  2,  3,  5, 10, 13, 15, 19] = [ 6,  8, 11, 12, 14, 16, 18, 21]
    Truth table row=[=, =, <, =] ix=37 result=[20-] is correct

Test 20+:
    W0: [ 0,  1,  3,  7,  9, 11, 12] = [ 2,  4,  5,  6,  8, 10, 13]
    W1: [ 0,  1,  3,  7, 13, 17, 18] = [ 2,  4,  5,  6, 14, 15, 16]
    W2: [ 0,  1,  6,  9, 13, 16, 19, 20, 21] > [ 2,  7,  8, 10, 12, 14, 15, 17, 18]
    W3: [ 0,  2,  3,  5, 10, 13, 15, 19] = [ 6,  8, 11, 12, 14, 16, 18, 21]
    Truth table row=[=, =, >, =] ix=43 result=[20+] is correct

Test 21-:
    W0: [ 0,  1,  3,  7,  9, 11, 12] = [ 2,  4,  5,  6,  8, 10, 13]
    W1: [ 0,  1,  3,  7, 13, 17, 18] = [ 2,  4,  5,  6, 14, 15, 16]
    W2: [ 0,  1,  6,  9, 13, 16, 19, 20, 21] < [ 2,  7,  8, 10, 12, 14, 15, 17, 18]
    W3: [ 0,  2,  3,  5, 10, 13, 15, 19] > [ 6,  8, 11, 12, 14, 16, 18, 21]
    Truth table row=[=, =, <, >] ix=38 result=[21-] is correct

Test 21+:
    W0: [ 0,  1,  3,  7,  9, 11, 12] = [ 2,  4,  5,  6,  8, 10, 13]
    W1: [ 0,  1,  3,  7, 13, 17, 18] = [ 2,  4,  5,  6, 14, 15, 16]
    W2: [ 0,  1,  6,  9, 13, 16, 19, 20, 21] > [ 2,  7,  8, 10, 12, 14, 15, 17, 18]
    W3: [ 0,  2,  3,  5, 10, 13, 15, 19] < [ 6,  8, 11, 12, 14, 16, 18, 21]
    Truth table row=[=, =, >, <] ix=42 result=[21+] is correct

Total correct results: 44
Total incorrect results: 0
