Solving for 21 balls and 4 weighings

Solution:
W0: [ 0,  2,  4,  6,  8, 10, 12, 14, 16, 18] <=> [ 1,  3,  5,  7,  9, 11, 13, 15, 17, 19]
W1: [ 5,  6,  8,  9, 15, 16, 17] <=> [ 3,  7, 11, 12, 13, 19, 20]
W2: [ 1, 11, 13, 15, 16, 18, 19] <=> [ 2,  3,  4,  5,  9, 12, 20]
W3: [ 0,  3,  5, 13, 16, 17, 20] <=> [ 1,  2,  6,  7, 10, 11, 15]

Truth Table:
ix  W0  W1  W2  W3   Result
 0   <   <   <   <   16-
 1   <   <   <   =
 2   <   <   <   >   3+
 3   <   <   =   <   7+
 4   <   <   =   =   8-
 5   <   <   =   >   6-
 6   <   <   >   <   11+
 7   <   <   >   =   19+
 8   <   <   >   >   13+
 9   <   =   <   <
10   <   =   <   =   18-
11   <   =   <   >
12   <   =   =   <   0-
13   <   =   =   =   14-
14   <   =   =   >   10-
15   <   =   >   <   1+
16   <   =   >   =   4-
17   <   =   >   >   2-
18   <   >   <   <
19   <   >   <   =   9+
20   <   >   <   >   5+
21   <   >   =   <
22   <   >   =   =
23   <   >   =   >   17+
24   <   >   >   <   15+
25   <   >   >   =   12-
26   <   >   >   >
27   =   <   <   <
28   =   <   <   =
29   =   <   <   >   20+
30   =   <   =   <
31   =   <   =   =
32   =   <   =   >
33   =   <   >   <
34   =   <   >   =
35   =   <   >   >
36   =   =   <   <
37   =   =   <   =
38   =   =   <   >
39   =   =   =   <
40   =   =   =   =
41   =   =   =   >
42   =   =   >   <
43   =   =   >   =
44   =   =   >   >
45   =   >   <   <
46   =   >   <   =
47   =   >   <   >
48   =   >   =   <
49   =   >   =   =
50   =   >   =   >
51   =   >   >   <   20-
52   =   >   >   =
53   =   >   >   >
54   >   <   <   <
55   >   <   <   =   12+
56   >   <   <   >   15-
57   >   <   =   <   17-
58   >   <   =   =
59   >   <   =   >
60   >   <   >   <   5-
61   >   <   >   =   9-
62   >   <   >   >
63   >   =   <   <   2+
64   >   =   <   =   4+
65   >   =   <   >   1-
66   >   =   =   <   10+
67   >   =   =   =   14+
68   >   =   =   >   0+
69   >   =   >   <
70   >   =   >   =   18+
71   >   =   >   >
72   >   >   <   <   13-
73   >   >   <   =   19-
74   >   >   <   >   11-
75   >   >   =   <   6+
76   >   >   =   =   8+
77   >   >   =   >   7-
78   >   >   >   <   3-
79   >   >   >   =
80   >   >   >   >   16+

Test 0-:
    W0: [ 0,  2,  4,  6,  8, 10, 12, 14, 16, 18] < [ 1,  3,  5,  7,  9, 11, 13, 15, 17, 19]
    W1: [ 5,  6,  8,  9, 15, 16, 17] = [ 3,  7, 11, 12, 13, 19, 20]
    W2: [ 1, 11, 13, 15, 16, 18, 19] = [ 2,  3,  4,  5,  9, 12, 20]
    W3: [ 0,  3,  5, 13, 16, 17, 20] < [ 1,  2,  6,  7, 10, 11, 15]
    Truth table result: ['0-'] is correct

Test 0+:
    W0: [ 0,  2,  4,  6,  8, 10, 12, 14, 16, 18] > [ 1,  3,  5,  7,  9, 11, 13, 15, 17, 19]
    W1: [ 5,  6,  8,  9, 15, 16, 17] = [ 3,  7, 11, 12, 13, 19, 20]
    W2: [ 1, 11, 13, 15, 16, 18, 19] = [ 2,  3,  4,  5,  9, 12, 20]
    W3: [ 0,  3,  5, 13, 16, 17, 20] > [ 1,  2,  6,  7, 10, 11, 15]
    Truth table result: ['0+'] is correct

Test 1-:
    W0: [ 0,  2,  4,  6,  8, 10, 12, 14, 16, 18] > [ 1,  3,  5,  7,  9, 11, 13, 15, 17, 19]
    W1: [ 5,  6,  8,  9, 15, 16, 17] = [ 3,  7, 11, 12, 13, 19, 20]
    W2: [ 1, 11, 13, 15, 16, 18, 19] < [ 2,  3,  4,  5,  9, 12, 20]
    W3: [ 0,  3,  5, 13, 16, 17, 20] > [ 1,  2,  6,  7, 10, 11, 15]
    Truth table result: ['1-'] is correct

Test 1+:
    W0: [ 0,  2,  4,  6,  8, 10, 12, 14, 16, 18] < [ 1,  3,  5,  7,  9, 11, 13, 15, 17, 19]
    W1: [ 5,  6,  8,  9, 15, 16, 17] = [ 3,  7, 11, 12, 13, 19, 20]
    W2: [ 1, 11, 13, 15, 16, 18, 19] > [ 2,  3,  4,  5,  9, 12, 20]
    W3: [ 0,  3,  5, 13, 16, 17, 20] < [ 1,  2,  6,  7, 10, 11, 15]
    Truth table result: ['1+'] is correct

Test 2-:
    W0: [ 0,  2,  4,  6,  8, 10, 12, 14, 16, 18] < [ 1,  3,  5,  7,  9, 11, 13, 15, 17, 19]
    W1: [ 5,  6,  8,  9, 15, 16, 17] = [ 3,  7, 11, 12, 13, 19, 20]
    W2: [ 1, 11, 13, 15, 16, 18, 19] > [ 2,  3,  4,  5,  9, 12, 20]
    W3: [ 0,  3,  5, 13, 16, 17, 20] > [ 1,  2,  6,  7, 10, 11, 15]
    Truth table result: ['2-'] is correct

Test 2+:
    W0: [ 0,  2,  4,  6,  8, 10, 12, 14, 16, 18] > [ 1,  3,  5,  7,  9, 11, 13, 15, 17, 19]
    W1: [ 5,  6,  8,  9, 15, 16, 17] = [ 3,  7, 11, 12, 13, 19, 20]
    W2: [ 1, 11, 13, 15, 16, 18, 19] < [ 2,  3,  4,  5,  9, 12, 20]
    W3: [ 0,  3,  5, 13, 16, 17, 20] < [ 1,  2,  6,  7, 10, 11, 15]
    Truth table result: ['2+'] is correct

Test 3-:
    W0: [ 0,  2,  4,  6,  8, 10, 12, 14, 16, 18] > [ 1,  3,  5,  7,  9, 11, 13, 15, 17, 19]
    W1: [ 5,  6,  8,  9, 15, 16, 17] > [ 3,  7, 11, 12, 13, 19, 20]
    W2: [ 1, 11, 13, 15, 16, 18, 19] > [ 2,  3,  4,  5,  9, 12, 20]
    W3: [ 0,  3,  5, 13, 16, 17, 20] < [ 1,  2,  6,  7, 10, 11, 15]
    Truth table result: ['3-'] is correct

Test 3+:
    W0: [ 0,  2,  4,  6,  8, 10, 12, 14, 16, 18] < [ 1,  3,  5,  7,  9, 11, 13, 15, 17, 19]
    W1: [ 5,  6,  8,  9, 15, 16, 17] < [ 3,  7, 11, 12, 13, 19, 20]
    W2: [ 1, 11, 13, 15, 16, 18, 19] < [ 2,  3,  4,  5,  9, 12, 20]
    W3: [ 0,  3,  5, 13, 16, 17, 20] > [ 1,  2,  6,  7, 10, 11, 15]
    Truth table result: ['3+'] is correct

Test 4-:
    W0: [ 0,  2,  4,  6,  8, 10, 12, 14, 16, 18] < [ 1,  3,  5,  7,  9, 11, 13, 15, 17, 19]
    W1: [ 5,  6,  8,  9, 15, 16, 17] = [ 3,  7, 11, 12, 13, 19, 20]
    W2: [ 1, 11, 13, 15, 16, 18, 19] > [ 2,  3,  4,  5,  9, 12, 20]
    W3: [ 0,  3,  5, 13, 16, 17, 20] = [ 1,  2,  6,  7, 10, 11, 15]
    Truth table result: ['4-'] is correct

Test 4+:
    W0: [ 0,  2,  4,  6,  8, 10, 12, 14, 16, 18] > [ 1,  3,  5,  7,  9, 11, 13, 15, 17, 19]
    W1: [ 5,  6,  8,  9, 15, 16, 17] = [ 3,  7, 11, 12, 13, 19, 20]
    W2: [ 1, 11, 13, 15, 16, 18, 19] < [ 2,  3,  4,  5,  9, 12, 20]
    W3: [ 0,  3,  5, 13, 16, 17, 20] = [ 1,  2,  6,  7, 10, 11, 15]
    Truth table result: ['4+'] is correct

Test 5-:
    W0: [ 0,  2,  4,  6,  8, 10, 12, 14, 16, 18] > [ 1,  3,  5,  7,  9, 11, 13, 15, 17, 19]
    W1: [ 5,  6,  8,  9, 15, 16, 17] < [ 3,  7, 11, 12, 13, 19, 20]
    W2: [ 1, 11, 13, 15, 16, 18, 19] > [ 2,  3,  4,  5,  9, 12, 20]
    W3: [ 0,  3,  5, 13, 16, 17, 20] < [ 1,  2,  6,  7, 10, 11, 15]
    Truth table result: ['5-'] is correct

Test 5+:
    W0: [ 0,  2,  4,  6,  8, 10, 12, 14, 16, 18] < [ 1,  3,  5,  7,  9, 11, 13, 15, 17, 19]
    W1: [ 5,  6,  8,  9, 15, 16, 17] > [ 3,  7, 11, 12, 13, 19, 20]
    W2: [ 1, 11, 13, 15, 16, 18, 19] < [ 2,  3,  4,  5,  9, 12, 20]
    W3: [ 0,  3,  5, 13, 16, 17, 20] > [ 1,  2,  6,  7, 10, 11, 15]
    Truth table result: ['5+'] is correct

Test 6-:
    W0: [ 0,  2,  4,  6,  8, 10, 12, 14, 16, 18] < [ 1,  3,  5,  7,  9, 11, 13, 15, 17, 19]
    W1: [ 5,  6,  8,  9, 15, 16, 17] < [ 3,  7, 11, 12, 13, 19, 20]
    W2: [ 1, 11, 13, 15, 16, 18, 19] = [ 2,  3,  4,  5,  9, 12, 20]
    W3: [ 0,  3,  5, 13, 16, 17, 20] > [ 1,  2,  6,  7, 10, 11, 15]
    Truth table result: ['6-'] is correct

Test 6+:
    W0: [ 0,  2,  4,  6,  8, 10, 12, 14, 16, 18] > [ 1,  3,  5,  7,  9, 11, 13, 15, 17, 19]
    W1: [ 5,  6,  8,  9, 15, 16, 17] > [ 3,  7, 11, 12, 13, 19, 20]
    W2: [ 1, 11, 13, 15, 16, 18, 19] = [ 2,  3,  4,  5,  9, 12, 20]
    W3: [ 0,  3,  5, 13, 16, 17, 20] < [ 1,  2,  6,  7, 10, 11, 15]
    Truth table result: ['6+'] is correct

Test 7-:
    W0: [ 0,  2,  4,  6,  8, 10, 12, 14, 16, 18] > [ 1,  3,  5,  7,  9, 11, 13, 15, 17, 19]
    W1: [ 5,  6,  8,  9, 15, 16, 17] > [ 3,  7, 11, 12, 13, 19, 20]
    W2: [ 1, 11, 13, 15, 16, 18, 19] = [ 2,  3,  4,  5,  9, 12, 20]
    W3: [ 0,  3,  5, 13, 16, 17, 20] > [ 1,  2,  6,  7, 10, 11, 15]
    Truth table result: ['7-'] is correct

Test 7+:
    W0: [ 0,  2,  4,  6,  8, 10, 12, 14, 16, 18] < [ 1,  3,  5,  7,  9, 11, 13, 15, 17, 19]
    W1: [ 5,  6,  8,  9, 15, 16, 17] < [ 3,  7, 11, 12, 13, 19, 20]
    W2: [ 1, 11, 13, 15, 16, 18, 19] = [ 2,  3,  4,  5,  9, 12, 20]
    W3: [ 0,  3,  5, 13, 16, 17, 20] < [ 1,  2,  6,  7, 10, 11, 15]
    Truth table result: ['7+'] is correct

Test 8-:
    W0: [ 0,  2,  4,  6,  8, 10, 12, 14, 16, 18] < [ 1,  3,  5,  7,  9, 11, 13, 15, 17, 19]
    W1: [ 5,  6,  8,  9, 15, 16, 17] < [ 3,  7, 11, 12, 13, 19, 20]
    W2: [ 1, 11, 13, 15, 16, 18, 19] = [ 2,  3,  4,  5,  9, 12, 20]
    W3: [ 0,  3,  5, 13, 16, 17, 20] = [ 1,  2,  6,  7, 10, 11, 15]
    Truth table result: ['8-'] is correct

Test 8+:
    W0: [ 0,  2,  4,  6,  8, 10, 12, 14, 16, 18] > [ 1,  3,  5,  7,  9, 11, 13, 15, 17, 19]
    W1: [ 5,  6,  8,  9, 15, 16, 17] > [ 3,  7, 11, 12, 13, 19, 20]
    W2: [ 1, 11, 13, 15, 16, 18, 19] = [ 2,  3,  4,  5,  9, 12, 20]
    W3: [ 0,  3,  5, 13, 16, 17, 20] = [ 1,  2,  6,  7, 10, 11, 15]
    Truth table result: ['8+'] is correct

Test 9-:
    W0: [ 0,  2,  4,  6,  8, 10, 12, 14, 16, 18] > [ 1,  3,  5,  7,  9, 11, 13, 15, 17, 19]
    W1: [ 5,  6,  8,  9, 15, 16, 17] < [ 3,  7, 11, 12, 13, 19, 20]
    W2: [ 1, 11, 13, 15, 16, 18, 19] > [ 2,  3,  4,  5,  9, 12, 20]
    W3: [ 0,  3,  5, 13, 16, 17, 20] = [ 1,  2,  6,  7, 10, 11, 15]
    Truth table result: ['9-'] is correct

Test 9+:
    W0: [ 0,  2,  4,  6,  8, 10, 12, 14, 16, 18] < [ 1,  3,  5,  7,  9, 11, 13, 15, 17, 19]
    W1: [ 5,  6,  8,  9, 15, 16, 17] > [ 3,  7, 11, 12, 13, 19, 20]
    W2: [ 1, 11, 13, 15, 16, 18, 19] < [ 2,  3,  4,  5,  9, 12, 20]
    W3: [ 0,  3,  5, 13, 16, 17, 20] = [ 1,  2,  6,  7, 10, 11, 15]
    Truth table result: ['9+'] is correct

Test 10-:
    W0: [ 0,  2,  4,  6,  8, 10, 12, 14, 16, 18] < [ 1,  3,  5,  7,  9, 11, 13, 15, 17, 19]
    W1: [ 5,  6,  8,  9, 15, 16, 17] = [ 3,  7, 11, 12, 13, 19, 20]
    W2: [ 1, 11, 13, 15, 16, 18, 19] = [ 2,  3,  4,  5,  9, 12, 20]
    W3: [ 0,  3,  5, 13, 16, 17, 20] > [ 1,  2,  6,  7, 10, 11, 15]
    Truth table result: ['10-'] is correct

Test 10+:
    W0: [ 0,  2,  4,  6,  8, 10, 12, 14, 16, 18] > [ 1,  3,  5,  7,  9, 11, 13, 15, 17, 19]
    W1: [ 5,  6,  8,  9, 15, 16, 17] = [ 3,  7, 11, 12, 13, 19, 20]
    W2: [ 1, 11, 13, 15, 16, 18, 19] = [ 2,  3,  4,  5,  9, 12, 20]
    W3: [ 0,  3,  5, 13, 16, 17, 20] < [ 1,  2,  6,  7, 10, 11, 15]
    Truth table result: ['10+'] is correct

Test 11-:
    W0: [ 0,  2,  4,  6,  8, 10, 12, 14, 16, 18] > [ 1,  3,  5,  7,  9, 11, 13, 15, 17, 19]
    W1: [ 5,  6,  8,  9, 15, 16, 17] > [ 3,  7, 11, 12, 13, 19, 20]
    W2: [ 1, 11, 13, 15, 16, 18, 19] < [ 2,  3,  4,  5,  9, 12, 20]
    W3: [ 0,  3,  5, 13, 16, 17, 20] > [ 1,  2,  6,  7, 10, 11, 15]
    Truth table result: ['11-'] is correct

Test 11+:
    W0: [ 0,  2,  4,  6,  8, 10, 12, 14, 16, 18] < [ 1,  3,  5,  7,  9, 11, 13, 15, 17, 19]
    W1: [ 5,  6,  8,  9, 15, 16, 17] < [ 3,  7, 11, 12, 13, 19, 20]
    W2: [ 1, 11, 13, 15, 16, 18, 19] > [ 2,  3,  4,  5,  9, 12, 20]
    W3: [ 0,  3,  5, 13, 16, 17, 20] < [ 1,  2,  6,  7, 10, 11, 15]
    Truth table result: ['11+'] is correct

Test 12-:
    W0: [ 0,  2,  4,  6,  8, 10, 12, 14, 16, 18] < [ 1,  3,  5,  7,  9, 11, 13, 15, 17, 19]
    W1: [ 5,  6,  8,  9, 15, 16, 17] > [ 3,  7, 11, 12, 13, 19, 20]
    W2: [ 1, 11, 13, 15, 16, 18, 19] > [ 2,  3,  4,  5,  9, 12, 20]
    W3: [ 0,  3,  5, 13, 16, 17, 20] = [ 1,  2,  6,  7, 10, 11, 15]
    Truth table result: ['12-'] is correct

Test 12+:
    W0: [ 0,  2,  4,  6,  8, 10, 12, 14, 16, 18] > [ 1,  3,  5,  7,  9, 11, 13, 15, 17, 19]
    W1: [ 5,  6,  8,  9, 15, 16, 17] < [ 3,  7, 11, 12, 13, 19, 20]
    W2: [ 1, 11, 13, 15, 16, 18, 19] < [ 2,  3,  4,  5,  9, 12, 20]
    W3: [ 0,  3,  5, 13, 16, 17, 20] = [ 1,  2,  6,  7, 10, 11, 15]
    Truth table result: ['12+'] is correct

Test 13-:
    W0: [ 0,  2,  4,  6,  8, 10, 12, 14, 16, 18] > [ 1,  3,  5,  7,  9, 11, 13, 15, 17, 19]
    W1: [ 5,  6,  8,  9, 15, 16, 17] > [ 3,  7, 11, 12, 13, 19, 20]
    W2: [ 1, 11, 13, 15, 16, 18, 19] < [ 2,  3,  4,  5,  9, 12, 20]
    W3: [ 0,  3,  5, 13, 16, 17, 20] < [ 1,  2,  6,  7, 10, 11, 15]
    Truth table result: ['13-'] is correct

Test 13+:
    W0: [ 0,  2,  4,  6,  8, 10, 12, 14, 16, 18] < [ 1,  3,  5,  7,  9, 11, 13, 15, 17, 19]
    W1: [ 5,  6,  8,  9, 15, 16, 17] < [ 3,  7, 11, 12, 13, 19, 20]
    W2: [ 1, 11, 13, 15, 16, 18, 19] > [ 2,  3,  4,  5,  9, 12, 20]
    W3: [ 0,  3,  5, 13, 16, 17, 20] > [ 1,  2,  6,  7, 10, 11, 15]
    Truth table result: ['13+'] is correct

Test 14-:
    W0: [ 0,  2,  4,  6,  8, 10, 12, 14, 16, 18] < [ 1,  3,  5,  7,  9, 11, 13, 15, 17, 19]
    W1: [ 5,  6,  8,  9, 15, 16, 17] = [ 3,  7, 11, 12, 13, 19, 20]
    W2: [ 1, 11, 13, 15, 16, 18, 19] = [ 2,  3,  4,  5,  9, 12, 20]
    W3: [ 0,  3,  5, 13, 16, 17, 20] = [ 1,  2,  6,  7, 10, 11, 15]
    Truth table result: ['14-'] is correct

Test 14+:
    W0: [ 0,  2,  4,  6,  8, 10, 12, 14, 16, 18] > [ 1,  3,  5,  7,  9, 11, 13, 15, 17, 19]
    W1: [ 5,  6,  8,  9, 15, 16, 17] = [ 3,  7, 11, 12, 13, 19, 20]
    W2: [ 1, 11, 13, 15, 16, 18, 19] = [ 2,  3,  4,  5,  9, 12, 20]
    W3: [ 0,  3,  5, 13, 16, 17, 20] = [ 1,  2,  6,  7, 10, 11, 15]
    Truth table result: ['14+'] is correct

Test 15-:
    W0: [ 0,  2,  4,  6,  8, 10, 12, 14, 16, 18] > [ 1,  3,  5,  7,  9, 11, 13, 15, 17, 19]
    W1: [ 5,  6,  8,  9, 15, 16, 17] < [ 3,  7, 11, 12, 13, 19, 20]
    W2: [ 1, 11, 13, 15, 16, 18, 19] < [ 2,  3,  4,  5,  9, 12, 20]
    W3: [ 0,  3,  5, 13, 16, 17, 20] > [ 1,  2,  6,  7, 10, 11, 15]
    Truth table result: ['15-'] is correct

Test 15+:
    W0: [ 0,  2,  4,  6,  8, 10, 12, 14, 16, 18] < [ 1,  3,  5,  7,  9, 11, 13, 15, 17, 19]
    W1: [ 5,  6,  8,  9, 15, 16, 17] > [ 3,  7, 11, 12, 13, 19, 20]
    W2: [ 1, 11, 13, 15, 16, 18, 19] > [ 2,  3,  4,  5,  9, 12, 20]
    W3: [ 0,  3,  5, 13, 16, 17, 20] < [ 1,  2,  6,  7, 10, 11, 15]
    Truth table result: ['15+'] is correct

Test 16-:
    W0: [ 0,  2,  4,  6,  8, 10, 12, 14, 16, 18] < [ 1,  3,  5,  7,  9, 11, 13, 15, 17, 19]
    W1: [ 5,  6,  8,  9, 15, 16, 17] < [ 3,  7, 11, 12, 13, 19, 20]
    W2: [ 1, 11, 13, 15, 16, 18, 19] < [ 2,  3,  4,  5,  9, 12, 20]
    W3: [ 0,  3,  5, 13, 16, 17, 20] < [ 1,  2,  6,  7, 10, 11, 15]
    Truth table result: ['16-'] is correct

Test 16+:
    W0: [ 0,  2,  4,  6,  8, 10, 12, 14, 16, 18] > [ 1,  3,  5,  7,  9, 11, 13, 15, 17, 19]
    W1: [ 5,  6,  8,  9, 15, 16, 17] > [ 3,  7, 11, 12, 13, 19, 20]
    W2: [ 1, 11, 13, 15, 16, 18, 19] > [ 2,  3,  4,  5,  9, 12, 20]
    W3: [ 0,  3,  5, 13, 16, 17, 20] > [ 1,  2,  6,  7, 10, 11, 15]
    Truth table result: ['16+'] is correct

Test 17-:
    W0: [ 0,  2,  4,  6,  8, 10, 12, 14, 16, 18] > [ 1,  3,  5,  7,  9, 11, 13, 15, 17, 19]
    W1: [ 5,  6,  8,  9, 15, 16, 17] < [ 3,  7, 11, 12, 13, 19, 20]
    W2: [ 1, 11, 13, 15, 16, 18, 19] = [ 2,  3,  4,  5,  9, 12, 20]
    W3: [ 0,  3,  5, 13, 16, 17, 20] < [ 1,  2,  6,  7, 10, 11, 15]
    Truth table result: ['17-'] is correct

Test 17+:
    W0: [ 0,  2,  4,  6,  8, 10, 12, 14, 16, 18] < [ 1,  3,  5,  7,  9, 11, 13, 15, 17, 19]
    W1: [ 5,  6,  8,  9, 15, 16, 17] > [ 3,  7, 11, 12, 13, 19, 20]
    W2: [ 1, 11, 13, 15, 16, 18, 19] = [ 2,  3,  4,  5,  9, 12, 20]
    W3: [ 0,  3,  5, 13, 16, 17, 20] > [ 1,  2,  6,  7, 10, 11, 15]
    Truth table result: ['17+'] is correct

Test 18-:
    W0: [ 0,  2,  4,  6,  8, 10, 12, 14, 16, 18] < [ 1,  3,  5,  7,  9, 11, 13, 15, 17, 19]
    W1: [ 5,  6,  8,  9, 15, 16, 17] = [ 3,  7, 11, 12, 13, 19, 20]
    W2: [ 1, 11, 13, 15, 16, 18, 19] < [ 2,  3,  4,  5,  9, 12, 20]
    W3: [ 0,  3,  5, 13, 16, 17, 20] = [ 1,  2,  6,  7, 10, 11, 15]
    Truth table result: ['18-'] is correct

Test 18+:
    W0: [ 0,  2,  4,  6,  8, 10, 12, 14, 16, 18] > [ 1,  3,  5,  7,  9, 11, 13, 15, 17, 19]
    W1: [ 5,  6,  8,  9, 15, 16, 17] = [ 3,  7, 11, 12, 13, 19, 20]
    W2: [ 1, 11, 13, 15, 16, 18, 19] > [ 2,  3,  4,  5,  9, 12, 20]
    W3: [ 0,  3,  5, 13, 16, 17, 20] = [ 1,  2,  6,  7, 10, 11, 15]
    Truth table result: ['18+'] is correct

Test 19-:
    W0: [ 0,  2,  4,  6,  8, 10, 12, 14, 16, 18] > [ 1,  3,  5,  7,  9, 11, 13, 15, 17, 19]
    W1: [ 5,  6,  8,  9, 15, 16, 17] > [ 3,  7, 11, 12, 13, 19, 20]
    W2: [ 1, 11, 13, 15, 16, 18, 19] < [ 2,  3,  4,  5,  9, 12, 20]
    W3: [ 0,  3,  5, 13, 16, 17, 20] = [ 1,  2,  6,  7, 10, 11, 15]
    Truth table result: ['19-'] is correct

Test 19+:
    W0: [ 0,  2,  4,  6,  8, 10, 12, 14, 16, 18] < [ 1,  3,  5,  7,  9, 11, 13, 15, 17, 19]
    W1: [ 5,  6,  8,  9, 15, 16, 17] < [ 3,  7, 11, 12, 13, 19, 20]
    W2: [ 1, 11, 13, 15, 16, 18, 19] > [ 2,  3,  4,  5,  9, 12, 20]
    W3: [ 0,  3,  5, 13, 16, 17, 20] = [ 1,  2,  6,  7, 10, 11, 15]
    Truth table result: ['19+'] is correct

Test 20-:
    W0: [ 0,  2,  4,  6,  8, 10, 12, 14, 16, 18] = [ 1,  3,  5,  7,  9, 11, 13, 15, 17, 19]
    W1: [ 5,  6,  8,  9, 15, 16, 17] > [ 3,  7, 11, 12, 13, 19, 20]
    W2: [ 1, 11, 13, 15, 16, 18, 19] > [ 2,  3,  4,  5,  9, 12, 20]
    W3: [ 0,  3,  5, 13, 16, 17, 20] < [ 1,  2,  6,  7, 10, 11, 15]
    Truth table result: ['20-'] is correct

Test 20+:
    W0: [ 0,  2,  4,  6,  8, 10, 12, 14, 16, 18] = [ 1,  3,  5,  7,  9, 11, 13, 15, 17, 19]
    W1: [ 5,  6,  8,  9, 15, 16, 17] < [ 3,  7, 11, 12, 13, 19, 20]
    W2: [ 1, 11, 13, 15, 16, 18, 19] < [ 2,  3,  4,  5,  9, 12, 20]
    W3: [ 0,  3,  5, 13, 16, 17, 20] > [ 1,  2,  6,  7, 10, 11, 15]
    Truth table result: ['20+'] is correct

Total correct results: 42
Total incorrect results: 0
