Solving for 5 balls and 4 weighings.
Using symmetry breaking strategy TruthTableAscending.

Solution:
W0: [ 0,  3] <=> [ 1,  2]
W1: [ 0,  3] <=> [ 1,  2]
W2: [ 0] <=> [ 1]
W3: [ 0,  1] <=> [ 2,  4]

Truth Table:
ix  W0  W1  W2  W3   Result
 0   <   <   <   <   0-
 1   <   <   <   =
 2   <   <   <   >   1+
 3   <   <   =   <   2+
 4   <   <   =   =   3-
 5   <   <   =   >
 6   <   <   >   <
 7   <   <   >   =
 8   <   <   >   >
 9   <   =   <   <
10   <   =   <   =
11   <   =   <   >
12   <   =   =   <
13   <   =   =   =
14   <   =   =   >
15   <   =   >   <
16   <   =   >   =
17   <   =   >   >
18   <   >   <   <
19   <   >   <   =
20   <   >   <   >
21   <   >   =   <
22   <   >   =   =
23   <   >   =   >
24   <   >   >   <
25   <   >   >   =
26   <   >   >   >
27   =   <   <   <
28   =   <   <   =
29   =   <   <   >
30   =   <   =   <
31   =   <   =   =
32   =   <   =   >
33   =   <   >   <
34   =   <   >   =
35   =   <   >   >
36   =   =   <   <
37   =   =   <   =
38   =   =   <   >
39   =   =   =   <   4+
40   =   =   =   =
41   =   =   =   >   4-
42   =   =   >   <
43   =   =   >   =
44   =   =   >   >
45   =   >   <   <
46   =   >   <   =
47   =   >   <   >
48   =   >   =   <
49   =   >   =   =
50   =   >   =   >
51   =   >   >   <
52   =   >   >   =
53   =   >   >   >
54   >   <   <   <
55   >   <   <   =
56   >   <   <   >
57   >   <   =   <
58   >   <   =   =
59   >   <   =   >
60   >   <   >   <
61   >   <   >   =
62   >   <   >   >
63   >   =   <   <
64   >   =   <   =
65   >   =   <   >
66   >   =   =   <
67   >   =   =   =
68   >   =   =   >
69   >   =   >   <
70   >   =   >   =
71   >   =   >   >
72   >   >   <   <
73   >   >   <   =
74   >   >   <   >
75   >   >   =   <
76   >   >   =   =   3+
77   >   >   =   >   2-
78   >   >   >   <   1-
79   >   >   >   =
80   >   >   >   >   0+

Test 0-:
    W0: [ 0,  3] < [ 1,  2]
    W1: [ 0,  3] < [ 1,  2]
    W2: [ 0] < [ 1]
    W3: [ 0,  1] < [ 2,  4]
    Truth table row=[<, <, <, <] ix=0 result=[0-] is correct

Test 0+:
    W0: [ 0,  3] > [ 1,  2]
    W1: [ 0,  3] > [ 1,  2]
    W2: [ 0] > [ 1]
    W3: [ 0,  1] > [ 2,  4]
    Truth table row=[>, >, >, >] ix=80 result=[0+] is correct

Test 1-:
    W0: [ 0,  3] > [ 1,  2]
    W1: [ 0,  3] > [ 1,  2]
    W2: [ 0] > [ 1]
    W3: [ 0,  1] < [ 2,  4]
    Truth table row=[>, >, >, <] ix=78 result=[1-] is correct

Test 1+:
    W0: [ 0,  3] < [ 1,  2]
    W1: [ 0,  3] < [ 1,  2]
    W2: [ 0] < [ 1]
    W3: [ 0,  1] > [ 2,  4]
    Truth table row=[<, <, <, >] ix=2 result=[1+] is correct

Test 2-:
    W0: [ 0,  3] > [ 1,  2]
    W1: [ 0,  3] > [ 1,  2]
    W2: [ 0] = [ 1]
    W3: [ 0,  1] > [ 2,  4]
    Truth table row=[>, >, =, >] ix=77 result=[2-] is correct

Test 2+:
    W0: [ 0,  3] < [ 1,  2]
    W1: [ 0,  3] < [ 1,  2]
    W2: [ 0] = [ 1]
    W3: [ 0,  1] < [ 2,  4]
    Truth table row=[<, <, =, <] ix=3 result=[2+] is correct

Test 3-:
    W0: [ 0,  3] < [ 1,  2]
    W1: [ 0,  3] < [ 1,  2]
    W2: [ 0] = [ 1]
    W3: [ 0,  1] = [ 2,  4]
    Truth table row=[<, <, =, =] ix=4 result=[3-] is correct

Test 3+:
    W0: [ 0,  3] > [ 1,  2]
    W1: [ 0,  3] > [ 1,  2]
    W2: [ 0] = [ 1]
    W3: [ 0,  1] = [ 2,  4]
    Truth table row=[>, >, =, =] ix=76 result=[3+] is correct

Test 4-:
    W0: [ 0,  3] = [ 1,  2]
    W1: [ 0,  3] = [ 1,  2]
    W2: [ 0] = [ 1]
    W3: [ 0,  1] > [ 2,  4]
    Truth table row=[=, =, =, >] ix=41 result=[4-] is correct

Test 4+:
    W0: [ 0,  3] = [ 1,  2]
    W1: [ 0,  3] = [ 1,  2]
    W2: [ 0] = [ 1]
    W3: [ 0,  1] < [ 2,  4]
    Truth table row=[=, =, =, <] ix=39 result=[4+] is correct

Total correct results: 10
Total incorrect results: 0
