Solving for 38 balls and 5 weighings.
Using symmetry breaking strategy TruthTableAscending.

Solution:
W0: [ 0,  2,  5,  8, 10, 11, 12, 16, 17, 18, 19, 21, 27, 28, 29, 30, 33, 35] <=> [ 1,  3,  4,  6,  7,  9, 13, 14, 15, 20, 22, 23, 24, 25, 26, 31, 32, 34]
W1: [ 0,  2,  5,  8, 10, 11, 12, 20, 22, 23, 24, 25, 26, 31, 32, 34, 36, 37] <=> [ 1,  3,  4,  6,  7,  9, 13, 16, 17, 18, 19, 21, 27, 28, 29, 30, 33, 35]
W2: [ 7,  9, 13, 16, 17, 18, 19, 21, 31, 32, 34, 36] <=> [ 8, 10, 11, 12, 14, 15, 20, 29, 30, 33, 35, 37]
W3: [ 0,  6,  8, 13, 15, 16, 17, 18, 20, 29, 30, 34, 36] <=> [ 1,  5,  7, 12, 14, 21, 22, 23, 24, 28, 31, 33, 35]
W4: [ 1,  2,  4,  5, 13, 16, 19, 24, 28, 29, 31, 33, 37] <=> [ 7,  8,  9, 11, 14, 18, 21, 22, 25, 27, 32, 35, 36]

Truth Table:
ix  W0  W1  W2  W3  W4   Result
 0   <   <   <   <   <
 1   <   <   <   <   =
 2   <   <   <   <   >
 3   <   <   <   =   <
 4   <   <   <   =   =
 5   <   <   <   =   >
 6   <   <   <   >   <
 7   <   <   <   >   =
 8   <   <   <   >   >
 9   <   <   =   <   <
10   <   <   =   <   =   0-
11   <   <   =   <   >   1+
12   <   <   =   =   <   2-
13   <   <   =   =   =   3+
14   <   <   =   =   >   4+
15   <   <   =   >   <   5-
16   <   <   =   >   =   6+
17   <   <   =   >   >
18   <   <   >   <   <   7+
19   <   <   >   <   =
20   <   <   >   <   >   8-
21   <   <   >   =   <   9+
22   <   <   >   =   =   10-
23   <   <   >   =   >   11-
24   <   <   >   >   <
25   <   <   >   >   =   12-
26   <   <   >   >   >   13+
27   <   =   <   <   <   14+
28   <   =   <   <   =
29   <   =   <   <   >
30   <   =   <   =   <
31   <   =   <   =   =
32   <   =   <   =   >
33   <   =   <   >   <
34   <   =   <   >   =   15+
35   <   =   <   >   >
36   <   =   =   <   <
37   <   =   =   <   =
38   <   =   =   <   >
39   <   =   =   =   <
40   <   =   =   =   =
41   <   =   =   =   >
42   <   =   =   >   <
43   <   =   =   >   =
44   <   =   =   >   >
45   <   =   >   <   <
46   <   =   >   <   =
47   <   =   >   <   >
48   <   =   >   =   <
49   <   =   >   =   =
50   <   =   >   =   >
51   <   =   >   >   <
52   <   =   >   >   =
53   <   =   >   >   >
54   <   >   <   <   <   16-
55   <   >   <   <   =   17-
56   <   >   <   <   >   18-
57   <   >   <   =   <   19-
58   <   >   <   =   =
59   <   >   <   =   >
60   <   >   <   >   <
61   <   >   <   >   =   20+
62   <   >   <   >   >   21-
63   <   >   =   <   <   22+
64   <   >   =   <   =   23+
65   <   >   =   <   >   24+
66   <   >   =   =   <   25+
67   <   >   =   =   =   26+
68   <   >   =   =   >   27-
69   <   >   =   >   <   28-
70   <   >   =   >   =
71   <   >   =   >   >
72   <   >   >   <   <   29-
73   <   >   >   <   =   30-
74   <   >   >   <   >   31+
75   <   >   >   =   <   32+
76   <   >   >   =   =
77   <   >   >   =   >
78   <   >   >   >   <   33-
79   <   >   >   >   =   34+
80   <   >   >   >   >   35-
81   =   <   <   <   <
82   =   <   <   <   =
83   =   <   <   <   >   36-
84   =   <   <   =   <
85   =   <   <   =   =
86   =   <   <   =   >
87   =   <   <   >   <
88   =   <   <   >   =
89   =   <   <   >   >
90   =   <   =   <   <
91   =   <   =   <   =
92   =   <   =   <   >
93   =   <   =   =   <
94   =   <   =   =   =
95   =   <   =   =   >
96   =   <   =   >   <
97   =   <   =   >   =
98   =   <   =   >   >
99   =   <   >   <   <
100   =   <   >   <   =
101   =   <   >   <   >
102   =   <   >   =   <   37-
103   =   <   >   =   =
104   =   <   >   =   >
105   =   <   >   >   <
106   =   <   >   >   =
107   =   <   >   >   >
108   =   =   <   <   <
109   =   =   <   <   =
110   =   =   <   <   >
111   =   =   <   =   <
112   =   =   <   =   =
113   =   =   <   =   >
114   =   =   <   >   <
115   =   =   <   >   =
116   =   =   <   >   >
117   =   =   =   <   <
118   =   =   =   <   =
119   =   =   =   <   >
120   =   =   =   =   <
121   =   =   =   =   =
122   =   =   =   =   >
123   =   =   =   >   <
124   =   =   =   >   =
125   =   =   =   >   >
126   =   =   >   <   <
127   =   =   >   <   =
128   =   =   >   <   >
129   =   =   >   =   <
130   =   =   >   =   =
131   =   =   >   =   >
132   =   =   >   >   <
133   =   =   >   >   =
134   =   =   >   >   >
135   =   >   <   <   <
136   =   >   <   <   =
137   =   >   <   <   >
138   =   >   <   =   <
139   =   >   <   =   =
140   =   >   <   =   >   37+
141   =   >   <   >   <
142   =   >   <   >   =
143   =   >   <   >   >
144   =   >   =   <   <
145   =   >   =   <   =
146   =   >   =   <   >
147   =   >   =   =   <
148   =   >   =   =   =
149   =   >   =   =   >
150   =   >   =   >   <
151   =   >   =   >   =
152   =   >   =   >   >
153   =   >   >   <   <
154   =   >   >   <   =
155   =   >   >   <   >
156   =   >   >   =   <
157   =   >   >   =   =
158   =   >   >   =   >
159   =   >   >   >   <   36+
160   =   >   >   >   =
161   =   >   >   >   >
162   >   <   <   <   <   35+
163   >   <   <   <   =   34-
164   >   <   <   <   >   33+
165   >   <   <   =   <
166   >   <   <   =   =
167   >   <   <   =   >   32-
168   >   <   <   >   <   31-
169   >   <   <   >   =   30+
170   >   <   <   >   >   29+
171   >   <   =   <   <
172   >   <   =   <   =
173   >   <   =   <   >   28+
174   >   <   =   =   <   27+
175   >   <   =   =   =   26-
176   >   <   =   =   >   25-
177   >   <   =   >   <   24-
178   >   <   =   >   =   23-
179   >   <   =   >   >   22-
180   >   <   >   <   <   21+
181   >   <   >   <   =   20-
182   >   <   >   <   >
183   >   <   >   =   <
184   >   <   >   =   =
185   >   <   >   =   >   19+
186   >   <   >   >   <   18+
187   >   <   >   >   =   17+
188   >   <   >   >   >   16+
189   >   =   <   <   <
190   >   =   <   <   =
191   >   =   <   <   >
192   >   =   <   =   <
193   >   =   <   =   =
194   >   =   <   =   >
195   >   =   <   >   <
196   >   =   <   >   =
197   >   =   <   >   >
198   >   =   =   <   <
199   >   =   =   <   =
200   >   =   =   <   >
201   >   =   =   =   <
202   >   =   =   =   =
203   >   =   =   =   >
204   >   =   =   >   <
205   >   =   =   >   =
206   >   =   =   >   >
207   >   =   >   <   <
208   >   =   >   <   =   15-
209   >   =   >   <   >
210   >   =   >   =   <
211   >   =   >   =   =
212   >   =   >   =   >
213   >   =   >   >   <
214   >   =   >   >   =
215   >   =   >   >   >   14-
216   >   >   <   <   <   13-
217   >   >   <   <   =   12+
218   >   >   <   <   >
219   >   >   <   =   <   11+
220   >   >   <   =   =   10+
221   >   >   <   =   >   9-
222   >   >   <   >   <   8+
223   >   >   <   >   =
224   >   >   <   >   >   7-
225   >   >   =   <   <
226   >   >   =   <   =   6-
227   >   >   =   <   >   5+
228   >   >   =   =   <   4-
229   >   >   =   =   =   3-
230   >   >   =   =   >   2+
231   >   >   =   >   <   1-
232   >   >   =   >   =   0+
233   >   >   =   >   >
234   >   >   >   <   <
235   >   >   >   <   =
236   >   >   >   <   >
237   >   >   >   =   <
238   >   >   >   =   =
239   >   >   >   =   >
240   >   >   >   >   <
241   >   >   >   >   =
242   >   >   >   >   >

Test 0-:
    W0: [ 0,  2,  5,  8, 10, 11, 12, 16, 17, 18, 19, 21, 27, 28, 29, 30, 33, 35] < [ 1,  3,  4,  6,  7,  9, 13, 14, 15, 20, 22, 23, 24, 25, 26, 31, 32, 34]
    W1: [ 0,  2,  5,  8, 10, 11, 12, 20, 22, 23, 24, 25, 26, 31, 32, 34, 36, 37] < [ 1,  3,  4,  6,  7,  9, 13, 16, 17, 18, 19, 21, 27, 28, 29, 30, 33, 35]
    W2: [ 7,  9, 13, 16, 17, 18, 19, 21, 31, 32, 34, 36] = [ 8, 10, 11, 12, 14, 15, 20, 29, 30, 33, 35, 37]
    W3: [ 0,  6,  8, 13, 15, 16, 17, 18, 20, 29, 30, 34, 36] < [ 1,  5,  7, 12, 14, 21, 22, 23, 24, 28, 31, 33, 35]
    W4: [ 1,  2,  4,  5, 13, 16, 19, 24, 28, 29, 31, 33, 37] = [ 7,  8,  9, 11, 14, 18, 21, 22, 25, 27, 32, 35, 36]
    Truth table row=[<, <, =, <, =] ix=10 result=[0-] is correct

Test 0+:
    W0: [ 0,  2,  5,  8, 10, 11, 12, 16, 17, 18, 19, 21, 27, 28, 29, 30, 33, 35] > [ 1,  3,  4,  6,  7,  9, 13, 14, 15, 20, 22, 23, 24, 25, 26, 31, 32, 34]
    W1: [ 0,  2,  5,  8, 10, 11, 12, 20, 22, 23, 24, 25, 26, 31, 32, 34, 36, 37] > [ 1,  3,  4,  6,  7,  9, 13, 16, 17, 18, 19, 21, 27, 28, 29, 30, 33, 35]
    W2: [ 7,  9, 13, 16, 17, 18, 19, 21, 31, 32, 34, 36] = [ 8, 10, 11, 12, 14, 15, 20, 29, 30, 33, 35, 37]
    W3: [ 0,  6,  8, 13, 15, 16, 17, 18, 20, 29, 30, 34, 36] > [ 1,  5,  7, 12, 14, 21, 22, 23, 24, 28, 31, 33, 35]
    W4: [ 1,  2,  4,  5, 13, 16, 19, 24, 28, 29, 31, 33, 37] = [ 7,  8,  9, 11, 14, 18, 21, 22, 25, 27, 32, 35, 36]
    Truth table row=[>, >, =, >, =] ix=232 result=[0+] is correct

Test 1-:
    W0: [ 0,  2,  5,  8, 10, 11, 12, 16, 17, 18, 19, 21, 27, 28, 29, 30, 33, 35] > [ 1,  3,  4,  6,  7,  9, 13, 14, 15, 20, 22, 23, 24, 25, 26, 31, 32, 34]
    W1: [ 0,  2,  5,  8, 10, 11, 12, 20, 22, 23, 24, 25, 26, 31, 32, 34, 36, 37] > [ 1,  3,  4,  6,  7,  9, 13, 16, 17, 18, 19, 21, 27, 28, 29, 30, 33, 35]
    W2: [ 7,  9, 13, 16, 17, 18, 19, 21, 31, 32, 34, 36] = [ 8, 10, 11, 12, 14, 15, 20, 29, 30, 33, 35, 37]
    W3: [ 0,  6,  8, 13, 15, 16, 17, 18, 20, 29, 30, 34, 36] > [ 1,  5,  7, 12, 14, 21, 22, 23, 24, 28, 31, 33, 35]
    W4: [ 1,  2,  4,  5, 13, 16, 19, 24, 28, 29, 31, 33, 37] < [ 7,  8,  9, 11, 14, 18, 21, 22, 25, 27, 32, 35, 36]
    Truth table row=[>, >, =, >, <] ix=231 result=[1-] is correct

Test 1+:
    W0: [ 0,  2,  5,  8, 10, 11, 12, 16, 17, 18, 19, 21, 27, 28, 29, 30, 33, 35] < [ 1,  3,  4,  6,  7,  9, 13, 14, 15, 20, 22, 23, 24, 25, 26, 31, 32, 34]
    W1: [ 0,  2,  5,  8, 10, 11, 12, 20, 22, 23, 24, 25, 26, 31, 32, 34, 36, 37] < [ 1,  3,  4,  6,  7,  9, 13, 16, 17, 18, 19, 21, 27, 28, 29, 30, 33, 35]
    W2: [ 7,  9, 13, 16, 17, 18, 19, 21, 31, 32, 34, 36] = [ 8, 10, 11, 12, 14, 15, 20, 29, 30, 33, 35, 37]
    W3: [ 0,  6,  8, 13, 15, 16, 17, 18, 20, 29, 30, 34, 36] < [ 1,  5,  7, 12, 14, 21, 22, 23, 24, 28, 31, 33, 35]
    W4: [ 1,  2,  4,  5, 13, 16, 19, 24, 28, 29, 31, 33, 37] > [ 7,  8,  9, 11, 14, 18, 21, 22, 25, 27, 32, 35, 36]
    Truth table row=[<, <, =, <, >] ix=11 result=[1+] is correct

Test 2-:
    W0: [ 0,  2,  5,  8, 10, 11, 12, 16, 17, 18, 19, 21, 27, 28, 29, 30, 33, 35] < [ 1,  3,  4,  6,  7,  9, 13, 14, 15, 20, 22, 23, 24, 25, 26, 31, 32, 34]
    W1: [ 0,  2,  5,  8, 10, 11, 12, 20, 22, 23, 24, 25, 26, 31, 32, 34, 36, 37] < [ 1,  3,  4,  6,  7,  9, 13, 16, 17, 18, 19, 21, 27, 28, 29, 30, 33, 35]
    W2: [ 7,  9, 13, 16, 17, 18, 19, 21, 31, 32, 34, 36] = [ 8, 10, 11, 12, 14, 15, 20, 29, 30, 33, 35, 37]
    W3: [ 0,  6,  8, 13, 15, 16, 17, 18, 20, 29, 30, 34, 36] = [ 1,  5,  7, 12, 14, 21, 22, 23, 24, 28, 31, 33, 35]
    W4: [ 1,  2,  4,  5, 13, 16, 19, 24, 28, 29, 31, 33, 37] < [ 7,  8,  9, 11, 14, 18, 21, 22, 25, 27, 32, 35, 36]
    Truth table row=[<, <, =, =, <] ix=12 result=[2-] is correct

Test 2+:
    W0: [ 0,  2,  5,  8, 10, 11, 12, 16, 17, 18, 19, 21, 27, 28, 29, 30, 33, 35] > [ 1,  3,  4,  6,  7,  9, 13, 14, 15, 20, 22, 23, 24, 25, 26, 31, 32, 34]
    W1: [ 0,  2,  5,  8, 10, 11, 12, 20, 22, 23, 24, 25, 26, 31, 32, 34, 36, 37] > [ 1,  3,  4,  6,  7,  9, 13, 16, 17, 18, 19, 21, 27, 28, 29, 30, 33, 35]
    W2: [ 7,  9, 13, 16, 17, 18, 19, 21, 31, 32, 34, 36] = [ 8, 10, 11, 12, 14, 15, 20, 29, 30, 33, 35, 37]
    W3: [ 0,  6,  8, 13, 15, 16, 17, 18, 20, 29, 30, 34, 36] = [ 1,  5,  7, 12, 14, 21, 22, 23, 24, 28, 31, 33, 35]
    W4: [ 1,  2,  4,  5, 13, 16, 19, 24, 28, 29, 31, 33, 37] > [ 7,  8,  9, 11, 14, 18, 21, 22, 25, 27, 32, 35, 36]
    Truth table row=[>, >, =, =, >] ix=230 result=[2+] is correct

Test 3-:
    W0: [ 0,  2,  5,  8, 10, 11, 12, 16, 17, 18, 19, 21, 27, 28, 29, 30, 33, 35] > [ 1,  3,  4,  6,  7,  9, 13, 14, 15, 20, 22, 23, 24, 25, 26, 31, 32, 34]
    W1: [ 0,  2,  5,  8, 10, 11, 12, 20, 22, 23, 24, 25, 26, 31, 32, 34, 36, 37] > [ 1,  3,  4,  6,  7,  9, 13, 16, 17, 18, 19, 21, 27, 28, 29, 30, 33, 35]
    W2: [ 7,  9, 13, 16, 17, 18, 19, 21, 31, 32, 34, 36] = [ 8, 10, 11, 12, 14, 15, 20, 29, 30, 33, 35, 37]
    W3: [ 0,  6,  8, 13, 15, 16, 17, 18, 20, 29, 30, 34, 36] = [ 1,  5,  7, 12, 14, 21, 22, 23, 24, 28, 31, 33, 35]
    W4: [ 1,  2,  4,  5, 13, 16, 19, 24, 28, 29, 31, 33, 37] = [ 7,  8,  9, 11, 14, 18, 21, 22, 25, 27, 32, 35, 36]
    Truth table row=[>, >, =, =, =] ix=229 result=[3-] is correct

Test 3+:
    W0: [ 0,  2,  5,  8, 10, 11, 12, 16, 17, 18, 19, 21, 27, 28, 29, 30, 33, 35] < [ 1,  3,  4,  6,  7,  9, 13, 14, 15, 20, 22, 23, 24, 25, 26, 31, 32, 34]
    W1: [ 0,  2,  5,  8, 10, 11, 12, 20, 22, 23, 24, 25, 26, 31, 32, 34, 36, 37] < [ 1,  3,  4,  6,  7,  9, 13, 16, 17, 18, 19, 21, 27, 28, 29, 30, 33, 35]
    W2: [ 7,  9, 13, 16, 17, 18, 19, 21, 31, 32, 34, 36] = [ 8, 10, 11, 12, 14, 15, 20, 29, 30, 33, 35, 37]
    W3: [ 0,  6,  8, 13, 15, 16, 17, 18, 20, 29, 30, 34, 36] = [ 1,  5,  7, 12, 14, 21, 22, 23, 24, 28, 31, 33, 35]
    W4: [ 1,  2,  4,  5, 13, 16, 19, 24, 28, 29, 31, 33, 37] = [ 7,  8,  9, 11, 14, 18, 21, 22, 25, 27, 32, 35, 36]
    Truth table row=[<, <, =, =, =] ix=13 result=[3+] is correct

Test 4-:
    W0: [ 0,  2,  5,  8, 10, 11, 12, 16, 17, 18, 19, 21, 27, 28, 29, 30, 33, 35] > [ 1,  3,  4,  6,  7,  9, 13, 14, 15, 20, 22, 23, 24, 25, 26, 31, 32, 34]
    W1: [ 0,  2,  5,  8, 10, 11, 12, 20, 22, 23, 24, 25, 26, 31, 32, 34, 36, 37] > [ 1,  3,  4,  6,  7,  9, 13, 16, 17, 18, 19, 21, 27, 28, 29, 30, 33, 35]
    W2: [ 7,  9, 13, 16, 17, 18, 19, 21, 31, 32, 34, 36] = [ 8, 10, 11, 12, 14, 15, 20, 29, 30, 33, 35, 37]
    W3: [ 0,  6,  8, 13, 15, 16, 17, 18, 20, 29, 30, 34, 36] = [ 1,  5,  7, 12, 14, 21, 22, 23, 24, 28, 31, 33, 35]
    W4: [ 1,  2,  4,  5, 13, 16, 19, 24, 28, 29, 31, 33, 37] < [ 7,  8,  9, 11, 14, 18, 21, 22, 25, 27, 32, 35, 36]
    Truth table row=[>, >, =, =, <] ix=228 result=[4-] is correct

Test 4+:
    W0: [ 0,  2,  5,  8, 10, 11, 12, 16, 17, 18, 19, 21, 27, 28, 29, 30, 33, 35] < [ 1,  3,  4,  6,  7,  9, 13, 14, 15, 20, 22, 23, 24, 25, 26, 31, 32, 34]
    W1: [ 0,  2,  5,  8, 10, 11, 12, 20, 22, 23, 24, 25, 26, 31, 32, 34, 36, 37] < [ 1,  3,  4,  6,  7,  9, 13, 16, 17, 18, 19, 21, 27, 28, 29, 30, 33, 35]
    W2: [ 7,  9, 13, 16, 17, 18, 19, 21, 31, 32, 34, 36] = [ 8, 10, 11, 12, 14, 15, 20, 29, 30, 33, 35, 37]
    W3: [ 0,  6,  8, 13, 15, 16, 17, 18, 20, 29, 30, 34, 36] = [ 1,  5,  7, 12, 14, 21, 22, 23, 24, 28, 31, 33, 35]
    W4: [ 1,  2,  4,  5, 13, 16, 19, 24, 28, 29, 31, 33, 37] > [ 7,  8,  9, 11, 14, 18, 21, 22, 25, 27, 32, 35, 36]
    Truth table row=[<, <, =, =, >] ix=14 result=[4+] is correct

Test 5-:
    W0: [ 0,  2,  5,  8, 10, 11, 12, 16, 17, 18, 19, 21, 27, 28, 29, 30, 33, 35] < [ 1,  3,  4,  6,  7,  9, 13, 14, 15, 20, 22, 23, 24, 25, 26, 31, 32, 34]
    W1: [ 0,  2,  5,  8, 10, 11, 12, 20, 22, 23, 24, 25, 26, 31, 32, 34, 36, 37] < [ 1,  3,  4,  6,  7,  9, 13, 16, 17, 18, 19, 21, 27, 28, 29, 30, 33, 35]
    W2: [ 7,  9, 13, 16, 17, 18, 19, 21, 31, 32, 34, 36] = [ 8, 10, 11, 12, 14, 15, 20, 29, 30, 33, 35, 37]
    W3: [ 0,  6,  8, 13, 15, 16, 17, 18, 20, 29, 30, 34, 36] > [ 1,  5,  7, 12, 14, 21, 22, 23, 24, 28, 31, 33, 35]
    W4: [ 1,  2,  4,  5, 13, 16, 19, 24, 28, 29, 31, 33, 37] < [ 7,  8,  9, 11, 14, 18, 21, 22, 25, 27, 32, 35, 36]
    Truth table row=[<, <, =, >, <] ix=15 result=[5-] is correct

Test 5+:
    W0: [ 0,  2,  5,  8, 10, 11, 12, 16, 17, 18, 19, 21, 27, 28, 29, 30, 33, 35] > [ 1,  3,  4,  6,  7,  9, 13, 14, 15, 20, 22, 23, 24, 25, 26, 31, 32, 34]
    W1: [ 0,  2,  5,  8, 10, 11, 12, 20, 22, 23, 24, 25, 26, 31, 32, 34, 36, 37] > [ 1,  3,  4,  6,  7,  9, 13, 16, 17, 18, 19, 21, 27, 28, 29, 30, 33, 35]
    W2: [ 7,  9, 13, 16, 17, 18, 19, 21, 31, 32, 34, 36] = [ 8, 10, 11, 12, 14, 15, 20, 29, 30, 33, 35, 37]
    W3: [ 0,  6,  8, 13, 15, 16, 17, 18, 20, 29, 30, 34, 36] < [ 1,  5,  7, 12, 14, 21, 22, 23, 24, 28, 31, 33, 35]
    W4: [ 1,  2,  4,  5, 13, 16, 19, 24, 28, 29, 31, 33, 37] > [ 7,  8,  9, 11, 14, 18, 21, 22, 25, 27, 32, 35, 36]
    Truth table row=[>, >, =, <, >] ix=227 result=[5+] is correct

Test 6-:
    W0: [ 0,  2,  5,  8, 10, 11, 12, 16, 17, 18, 19, 21, 27, 28, 29, 30, 33, 35] > [ 1,  3,  4,  6,  7,  9, 13, 14, 15, 20, 22, 23, 24, 25, 26, 31, 32, 34]
    W1: [ 0,  2,  5,  8, 10, 11, 12, 20, 22, 23, 24, 25, 26, 31, 32, 34, 36, 37] > [ 1,  3,  4,  6,  7,  9, 13, 16, 17, 18, 19, 21, 27, 28, 29, 30, 33, 35]
    W2: [ 7,  9, 13, 16, 17, 18, 19, 21, 31, 32, 34, 36] = [ 8, 10, 11, 12, 14, 15, 20, 29, 30, 33, 35, 37]
    W3: [ 0,  6,  8, 13, 15, 16, 17, 18, 20, 29, 30, 34, 36] < [ 1,  5,  7, 12, 14, 21, 22, 23, 24, 28, 31, 33, 35]
    W4: [ 1,  2,  4,  5, 13, 16, 19, 24, 28, 29, 31, 33, 37] = [ 7,  8,  9, 11, 14, 18, 21, 22, 25, 27, 32, 35, 36]
    Truth table row=[>, >, =, <, =] ix=226 result=[6-] is correct

Test 6+:
    W0: [ 0,  2,  5,  8, 10, 11, 12, 16, 17, 18, 19, 21, 27, 28, 29, 30, 33, 35] < [ 1,  3,  4,  6,  7,  9, 13, 14, 15, 20, 22, 23, 24, 25, 26, 31, 32, 34]
    W1: [ 0,  2,  5,  8, 10, 11, 12, 20, 22, 23, 24, 25, 26, 31, 32, 34, 36, 37] < [ 1,  3,  4,  6,  7,  9, 13, 16, 17, 18, 19, 21, 27, 28, 29, 30, 33, 35]
    W2: [ 7,  9, 13, 16, 17, 18, 19, 21, 31, 32, 34, 36] = [ 8, 10, 11, 12, 14, 15, 20, 29, 30, 33, 35, 37]
    W3: [ 0,  6,  8, 13, 15, 16, 17, 18, 20, 29, 30, 34, 36] > [ 1,  5,  7, 12, 14, 21, 22, 23, 24, 28, 31, 33, 35]
    W4: [ 1,  2,  4,  5, 13, 16, 19, 24, 28, 29, 31, 33, 37] = [ 7,  8,  9, 11, 14, 18, 21, 22, 25, 27, 32, 35, 36]
    Truth table row=[<, <, =, >, =] ix=16 result=[6+] is correct

Test 7-:
    W0: [ 0,  2,  5,  8, 10, 11, 12, 16, 17, 18, 19, 21, 27, 28, 29, 30, 33, 35] > [ 1,  3,  4,  6,  7,  9, 13, 14, 15, 20, 22, 23, 24, 25, 26, 31, 32, 34]
    W1: [ 0,  2,  5,  8, 10, 11, 12, 20, 22, 23, 24, 25, 26, 31, 32, 34, 36, 37] > [ 1,  3,  4,  6,  7,  9, 13, 16, 17, 18, 19, 21, 27, 28, 29, 30, 33, 35]
    W2: [ 7,  9, 13, 16, 17, 18, 19, 21, 31, 32, 34, 36] < [ 8, 10, 11, 12, 14, 15, 20, 29, 30, 33, 35, 37]
    W3: [ 0,  6,  8, 13, 15, 16, 17, 18, 20, 29, 30, 34, 36] > [ 1,  5,  7, 12, 14, 21, 22, 23, 24, 28, 31, 33, 35]
    W4: [ 1,  2,  4,  5, 13, 16, 19, 24, 28, 29, 31, 33, 37] > [ 7,  8,  9, 11, 14, 18, 21, 22, 25, 27, 32, 35, 36]
    Truth table row=[>, >, <, >, >] ix=224 result=[7-] is correct

Test 7+:
    W0: [ 0,  2,  5,  8, 10, 11, 12, 16, 17, 18, 19, 21, 27, 28, 29, 30, 33, 35] < [ 1,  3,  4,  6,  7,  9, 13, 14, 15, 20, 22, 23, 24, 25, 26, 31, 32, 34]
    W1: [ 0,  2,  5,  8, 10, 11, 12, 20, 22, 23, 24, 25, 26, 31, 32, 34, 36, 37] < [ 1,  3,  4,  6,  7,  9, 13, 16, 17, 18, 19, 21, 27, 28, 29, 30, 33, 35]
    W2: [ 7,  9, 13, 16, 17, 18, 19, 21, 31, 32, 34, 36] > [ 8, 10, 11, 12, 14, 15, 20, 29, 30, 33, 35, 37]
    W3: [ 0,  6,  8, 13, 15, 16, 17, 18, 20, 29, 30, 34, 36] < [ 1,  5,  7, 12, 14, 21, 22, 23, 24, 28, 31, 33, 35]
    W4: [ 1,  2,  4,  5, 13, 16, 19, 24, 28, 29, 31, 33, 37] < [ 7,  8,  9, 11, 14, 18, 21, 22, 25, 27, 32, 35, 36]
    Truth table row=[<, <, >, <, <] ix=18 result=[7+] is correct

Test 8-:
    W0: [ 0,  2,  5,  8, 10, 11, 12, 16, 17, 18, 19, 21, 27, 28, 29, 30, 33, 35] < [ 1,  3,  4,  6,  7,  9, 13, 14, 15, 20, 22, 23, 24, 25, 26, 31, 32, 34]
    W1: [ 0,  2,  5,  8, 10, 11, 12, 20, 22, 23, 24, 25, 26, 31, 32, 34, 36, 37] < [ 1,  3,  4,  6,  7,  9, 13, 16, 17, 18, 19, 21, 27, 28, 29, 30, 33, 35]
    W2: [ 7,  9, 13, 16, 17, 18, 19, 21, 31, 32, 34, 36] > [ 8, 10, 11, 12, 14, 15, 20, 29, 30, 33, 35, 37]
    W3: [ 0,  6,  8, 13, 15, 16, 17, 18, 20, 29, 30, 34, 36] < [ 1,  5,  7, 12, 14, 21, 22, 23, 24, 28, 31, 33, 35]
    W4: [ 1,  2,  4,  5, 13, 16, 19, 24, 28, 29, 31, 33, 37] > [ 7,  8,  9, 11, 14, 18, 21, 22, 25, 27, 32, 35, 36]
    Truth table row=[<, <, >, <, >] ix=20 result=[8-] is correct

Test 8+:
    W0: [ 0,  2,  5,  8, 10, 11, 12, 16, 17, 18, 19, 21, 27, 28, 29, 30, 33, 35] > [ 1,  3,  4,  6,  7,  9, 13, 14, 15, 20, 22, 23, 24, 25, 26, 31, 32, 34]
    W1: [ 0,  2,  5,  8, 10, 11, 12, 20, 22, 23, 24, 25, 26, 31, 32, 34, 36, 37] > [ 1,  3,  4,  6,  7,  9, 13, 16, 17, 18, 19, 21, 27, 28, 29, 30, 33, 35]
    W2: [ 7,  9, 13, 16, 17, 18, 19, 21, 31, 32, 34, 36] < [ 8, 10, 11, 12, 14, 15, 20, 29, 30, 33, 35, 37]
    W3: [ 0,  6,  8, 13, 15, 16, 17, 18, 20, 29, 30, 34, 36] > [ 1,  5,  7, 12, 14, 21, 22, 23, 24, 28, 31, 33, 35]
    W4: [ 1,  2,  4,  5, 13, 16, 19, 24, 28, 29, 31, 33, 37] < [ 7,  8,  9, 11, 14, 18, 21, 22, 25, 27, 32, 35, 36]
    Truth table row=[>, >, <, >, <] ix=222 result=[8+] is correct

Test 9-:
    W0: [ 0,  2,  5,  8, 10, 11, 12, 16, 17, 18, 19, 21, 27, 28, 29, 30, 33, 35] > [ 1,  3,  4,  6,  7,  9, 13, 14, 15, 20, 22, 23, 24, 25, 26, 31, 32, 34]
    W1: [ 0,  2,  5,  8, 10, 11, 12, 20, 22, 23, 24, 25, 26, 31, 32, 34, 36, 37] > [ 1,  3,  4,  6,  7,  9, 13, 16, 17, 18, 19, 21, 27, 28, 29, 30, 33, 35]
    W2: [ 7,  9, 13, 16, 17, 18, 19, 21, 31, 32, 34, 36] < [ 8, 10, 11, 12, 14, 15, 20, 29, 30, 33, 35, 37]
    W3: [ 0,  6,  8, 13, 15, 16, 17, 18, 20, 29, 30, 34, 36] = [ 1,  5,  7, 12, 14, 21, 22, 23, 24, 28, 31, 33, 35]
    W4: [ 1,  2,  4,  5, 13, 16, 19, 24, 28, 29, 31, 33, 37] > [ 7,  8,  9, 11, 14, 18, 21, 22, 25, 27, 32, 35, 36]
    Truth table row=[>, >, <, =, >] ix=221 result=[9-] is correct

Test 9+:
    W0: [ 0,  2,  5,  8, 10, 11, 12, 16, 17, 18, 19, 21, 27, 28, 29, 30, 33, 35] < [ 1,  3,  4,  6,  7,  9, 13, 14, 15, 20, 22, 23, 24, 25, 26, 31, 32, 34]
    W1: [ 0,  2,  5,  8, 10, 11, 12, 20, 22, 23, 24, 25, 26, 31, 32, 34, 36, 37] < [ 1,  3,  4,  6,  7,  9, 13, 16, 17, 18, 19, 21, 27, 28, 29, 30, 33, 35]
    W2: [ 7,  9, 13, 16, 17, 18, 19, 21, 31, 32, 34, 36] > [ 8, 10, 11, 12, 14, 15, 20, 29, 30, 33, 35, 37]
    W3: [ 0,  6,  8, 13, 15, 16, 17, 18, 20, 29, 30, 34, 36] = [ 1,  5,  7, 12, 14, 21, 22, 23, 24, 28, 31, 33, 35]
    W4: [ 1,  2,  4,  5, 13, 16, 19, 24, 28, 29, 31, 33, 37] < [ 7,  8,  9, 11, 14, 18, 21, 22, 25, 27, 32, 35, 36]
    Truth table row=[<, <, >, =, <] ix=21 result=[9+] is correct

Test 10-:
    W0: [ 0,  2,  5,  8, 10, 11, 12, 16, 17, 18, 19, 21, 27, 28, 29, 30, 33, 35] < [ 1,  3,  4,  6,  7,  9, 13, 14, 15, 20, 22, 23, 24, 25, 26, 31, 32, 34]
    W1: [ 0,  2,  5,  8, 10, 11, 12, 20, 22, 23, 24, 25, 26, 31, 32, 34, 36, 37] < [ 1,  3,  4,  6,  7,  9, 13, 16, 17, 18, 19, 21, 27, 28, 29, 30, 33, 35]
    W2: [ 7,  9, 13, 16, 17, 18, 19, 21, 31, 32, 34, 36] > [ 8, 10, 11, 12, 14, 15, 20, 29, 30, 33, 35, 37]
    W3: [ 0,  6,  8, 13, 15, 16, 17, 18, 20, 29, 30, 34, 36] = [ 1,  5,  7, 12, 14, 21, 22, 23, 24, 28, 31, 33, 35]
    W4: [ 1,  2,  4,  5, 13, 16, 19, 24, 28, 29, 31, 33, 37] = [ 7,  8,  9, 11, 14, 18, 21, 22, 25, 27, 32, 35, 36]
    Truth table row=[<, <, >, =, =] ix=22 result=[10-] is correct

Test 10+:
    W0: [ 0,  2,  5,  8, 10, 11, 12, 16, 17, 18, 19, 21, 27, 28, 29, 30, 33, 35] > [ 1,  3,  4,  6,  7,  9, 13, 14, 15, 20, 22, 23, 24, 25, 26, 31, 32, 34]
    W1: [ 0,  2,  5,  8, 10, 11, 12, 20, 22, 23, 24, 25, 26, 31, 32, 34, 36, 37] > [ 1,  3,  4,  6,  7,  9, 13, 16, 17, 18, 19, 21, 27, 28, 29, 30, 33, 35]
    W2: [ 7,  9, 13, 16, 17, 18, 19, 21, 31, 32, 34, 36] < [ 8, 10, 11, 12, 14, 15, 20, 29, 30, 33, 35, 37]
    W3: [ 0,  6,  8, 13, 15, 16, 17, 18, 20, 29, 30, 34, 36] = [ 1,  5,  7, 12, 14, 21, 22, 23, 24, 28, 31, 33, 35]
    W4: [ 1,  2,  4,  5, 13, 16, 19, 24, 28, 29, 31, 33, 37] = [ 7,  8,  9, 11, 14, 18, 21, 22, 25, 27, 32, 35, 36]
    Truth table row=[>, >, <, =, =] ix=220 result=[10+] is correct

Test 11-:
    W0: [ 0,  2,  5,  8, 10, 11, 12, 16, 17, 18, 19, 21, 27, 28, 29, 30, 33, 35] < [ 1,  3,  4,  6,  7,  9, 13, 14, 15, 20, 22, 23, 24, 25, 26, 31, 32, 34]
    W1: [ 0,  2,  5,  8, 10, 11, 12, 20, 22, 23, 24, 25, 26, 31, 32, 34, 36, 37] < [ 1,  3,  4,  6,  7,  9, 13, 16, 17, 18, 19, 21, 27, 28, 29, 30, 33, 35]
    W2: [ 7,  9, 13, 16, 17, 18, 19, 21, 31, 32, 34, 36] > [ 8, 10, 11, 12, 14, 15, 20, 29, 30, 33, 35, 37]
    W3: [ 0,  6,  8, 13, 15, 16, 17, 18, 20, 29, 30, 34, 36] = [ 1,  5,  7, 12, 14, 21, 22, 23, 24, 28, 31, 33, 35]
    W4: [ 1,  2,  4,  5, 13, 16, 19, 24, 28, 29, 31, 33, 37] > [ 7,  8,  9, 11, 14, 18, 21, 22, 25, 27, 32, 35, 36]
    Truth table row=[<, <, >, =, >] ix=23 result=[11-] is correct

Test 11+:
    W0: [ 0,  2,  5,  8, 10, 11, 12, 16, 17, 18, 19, 21, 27, 28, 29, 30, 33, 35] > [ 1,  3,  4,  6,  7,  9, 13, 14, 15, 20, 22, 23, 24, 25, 26, 31, 32, 34]
    W1: [ 0,  2,  5,  8, 10, 11, 12, 20, 22, 23, 24, 25, 26, 31, 32, 34, 36, 37] > [ 1,  3,  4,  6,  7,  9, 13, 16, 17, 18, 19, 21, 27, 28, 29, 30, 33, 35]
    W2: [ 7,  9, 13, 16, 17, 18, 19, 21, 31, 32, 34, 36] < [ 8, 10, 11, 12, 14, 15, 20, 29, 30, 33, 35, 37]
    W3: [ 0,  6,  8, 13, 15, 16, 17, 18, 20, 29, 30, 34, 36] = [ 1,  5,  7, 12, 14, 21, 22, 23, 24, 28, 31, 33, 35]
    W4: [ 1,  2,  4,  5, 13, 16, 19, 24, 28, 29, 31, 33, 37] < [ 7,  8,  9, 11, 14, 18, 21, 22, 25, 27, 32, 35, 36]
    Truth table row=[>, >, <, =, <] ix=219 result=[11+] is correct

Test 12-:
    W0: [ 0,  2,  5,  8, 10, 11, 12, 16, 17, 18, 19, 21, 27, 28, 29, 30, 33, 35] < [ 1,  3,  4,  6,  7,  9, 13, 14, 15, 20, 22, 23, 24, 25, 26, 31, 32, 34]
    W1: [ 0,  2,  5,  8, 10, 11, 12, 20, 22, 23, 24, 25, 26, 31, 32, 34, 36, 37] < [ 1,  3,  4,  6,  7,  9, 13, 16, 17, 18, 19, 21, 27, 28, 29, 30, 33, 35]
    W2: [ 7,  9, 13, 16, 17, 18, 19, 21, 31, 32, 34, 36] > [ 8, 10, 11, 12, 14, 15, 20, 29, 30, 33, 35, 37]
    W3: [ 0,  6,  8, 13, 15, 16, 17, 18, 20, 29, 30, 34, 36] > [ 1,  5,  7, 12, 14, 21, 22, 23, 24, 28, 31, 33, 35]
    W4: [ 1,  2,  4,  5, 13, 16, 19, 24, 28, 29, 31, 33, 37] = [ 7,  8,  9, 11, 14, 18, 21, 22, 25, 27, 32, 35, 36]
    Truth table row=[<, <, >, >, =] ix=25 result=[12-] is correct

Test 12+:
    W0: [ 0,  2,  5,  8, 10, 11, 12, 16, 17, 18, 19, 21, 27, 28, 29, 30, 33, 35] > [ 1,  3,  4,  6,  7,  9, 13, 14, 15, 20, 22, 23, 24, 25, 26, 31, 32, 34]
    W1: [ 0,  2,  5,  8, 10, 11, 12, 20, 22, 23, 24, 25, 26, 31, 32, 34, 36, 37] > [ 1,  3,  4,  6,  7,  9, 13, 16, 17, 18, 19, 21, 27, 28, 29, 30, 33, 35]
    W2: [ 7,  9, 13, 16, 17, 18, 19, 21, 31, 32, 34, 36] < [ 8, 10, 11, 12, 14, 15, 20, 29, 30, 33, 35, 37]
    W3: [ 0,  6,  8, 13, 15, 16, 17, 18, 20, 29, 30, 34, 36] < [ 1,  5,  7, 12, 14, 21, 22, 23, 24, 28, 31, 33, 35]
    W4: [ 1,  2,  4,  5, 13, 16, 19, 24, 28, 29, 31, 33, 37] = [ 7,  8,  9, 11, 14, 18, 21, 22, 25, 27, 32, 35, 36]
    Truth table row=[>, >, <, <, =] ix=217 result=[12+] is correct

Test 13-:
    W0: [ 0,  2,  5,  8, 10, 11, 12, 16, 17, 18, 19, 21, 27, 28, 29, 30, 33, 35] > [ 1,  3,  4,  6,  7,  9, 13, 14, 15, 20, 22, 23, 24, 25, 26, 31, 32, 34]
    W1: [ 0,  2,  5,  8, 10, 11, 12, 20, 22, 23, 24, 25, 26, 31, 32, 34, 36, 37] > [ 1,  3,  4,  6,  7,  9, 13, 16, 17, 18, 19, 21, 27, 28, 29, 30, 33, 35]
    W2: [ 7,  9, 13, 16, 17, 18, 19, 21, 31, 32, 34, 36] < [ 8, 10, 11, 12, 14, 15, 20, 29, 30, 33, 35, 37]
    W3: [ 0,  6,  8, 13, 15, 16, 17, 18, 20, 29, 30, 34, 36] < [ 1,  5,  7, 12, 14, 21, 22, 23, 24, 28, 31, 33, 35]
    W4: [ 1,  2,  4,  5, 13, 16, 19, 24, 28, 29, 31, 33, 37] < [ 7,  8,  9, 11, 14, 18, 21, 22, 25, 27, 32, 35, 36]
    Truth table row=[>, >, <, <, <] ix=216 result=[13-] is correct

Test 13+:
    W0: [ 0,  2,  5,  8, 10, 11, 12, 16, 17, 18, 19, 21, 27, 28, 29, 30, 33, 35] < [ 1,  3,  4,  6,  7,  9, 13, 14, 15, 20, 22, 23, 24, 25, 26, 31, 32, 34]
    W1: [ 0,  2,  5,  8, 10, 11, 12, 20, 22, 23, 24, 25, 26, 31, 32, 34, 36, 37] < [ 1,  3,  4,  6,  7,  9, 13, 16, 17, 18, 19, 21, 27, 28, 29, 30, 33, 35]
    W2: [ 7,  9, 13, 16, 17, 18, 19, 21, 31, 32, 34, 36] > [ 8, 10, 11, 12, 14, 15, 20, 29, 30, 33, 35, 37]
    W3: [ 0,  6,  8, 13, 15, 16, 17, 18, 20, 29, 30, 34, 36] > [ 1,  5,  7, 12, 14, 21, 22, 23, 24, 28, 31, 33, 35]
    W4: [ 1,  2,  4,  5, 13, 16, 19, 24, 28, 29, 31, 33, 37] > [ 7,  8,  9, 11, 14, 18, 21, 22, 25, 27, 32, 35, 36]
    Truth table row=[<, <, >, >, >] ix=26 result=[13+] is correct

Test 14-:
    W0: [ 0,  2,  5,  8, 10, 11, 12, 16, 17, 18, 19, 21, 27, 28, 29, 30, 33, 35] > [ 1,  3,  4,  6,  7,  9, 13, 14, 15, 20, 22, 23, 24, 25, 26, 31, 32, 34]
    W1: [ 0,  2,  5,  8, 10, 11, 12, 20, 22, 23, 24, 25, 26, 31, 32, 34, 36, 37] = [ 1,  3,  4,  6,  7,  9, 13, 16, 17, 18, 19, 21, 27, 28, 29, 30, 33, 35]
    W2: [ 7,  9, 13, 16, 17, 18, 19, 21, 31, 32, 34, 36] > [ 8, 10, 11, 12, 14, 15, 20, 29, 30, 33, 35, 37]
    W3: [ 0,  6,  8, 13, 15, 16, 17, 18, 20, 29, 30, 34, 36] > [ 1,  5,  7, 12, 14, 21, 22, 23, 24, 28, 31, 33, 35]
    W4: [ 1,  2,  4,  5, 13, 16, 19, 24, 28, 29, 31, 33, 37] > [ 7,  8,  9, 11, 14, 18, 21, 22, 25, 27, 32, 35, 36]
    Truth table row=[>, =, >, >, >] ix=215 result=[14-] is correct

Test 14+:
    W0: [ 0,  2,  5,  8, 10, 11, 12, 16, 17, 18, 19, 21, 27, 28, 29, 30, 33, 35] < [ 1,  3,  4,  6,  7,  9, 13, 14, 15, 20, 22, 23, 24, 25, 26, 31, 32, 34]
    W1: [ 0,  2,  5,  8, 10, 11, 12, 20, 22, 23, 24, 25, 26, 31, 32, 34, 36, 37] = [ 1,  3,  4,  6,  7,  9, 13, 16, 17, 18, 19, 21, 27, 28, 29, 30, 33, 35]
    W2: [ 7,  9, 13, 16, 17, 18, 19, 21, 31, 32, 34, 36] < [ 8, 10, 11, 12, 14, 15, 20, 29, 30, 33, 35, 37]
    W3: [ 0,  6,  8, 13, 15, 16, 17, 18, 20, 29, 30, 34, 36] < [ 1,  5,  7, 12, 14, 21, 22, 23, 24, 28, 31, 33, 35]
    W4: [ 1,  2,  4,  5, 13, 16, 19, 24, 28, 29, 31, 33, 37] < [ 7,  8,  9, 11, 14, 18, 21, 22, 25, 27, 32, 35, 36]
    Truth table row=[<, =, <, <, <] ix=27 result=[14+] is correct

Test 15-:
    W0: [ 0,  2,  5,  8, 10, 11, 12, 16, 17, 18, 19, 21, 27, 28, 29, 30, 33, 35] > [ 1,  3,  4,  6,  7,  9, 13, 14, 15, 20, 22, 23, 24, 25, 26, 31, 32, 34]
    W1: [ 0,  2,  5,  8, 10, 11, 12, 20, 22, 23, 24, 25, 26, 31, 32, 34, 36, 37] = [ 1,  3,  4,  6,  7,  9, 13, 16, 17, 18, 19, 21, 27, 28, 29, 30, 33, 35]
    W2: [ 7,  9, 13, 16, 17, 18, 19, 21, 31, 32, 34, 36] > [ 8, 10, 11, 12, 14, 15, 20, 29, 30, 33, 35, 37]
    W3: [ 0,  6,  8, 13, 15, 16, 17, 18, 20, 29, 30, 34, 36] < [ 1,  5,  7, 12, 14, 21, 22, 23, 24, 28, 31, 33, 35]
    W4: [ 1,  2,  4,  5, 13, 16, 19, 24, 28, 29, 31, 33, 37] = [ 7,  8,  9, 11, 14, 18, 21, 22, 25, 27, 32, 35, 36]
    Truth table row=[>, =, >, <, =] ix=208 result=[15-] is correct

Test 15+:
    W0: [ 0,  2,  5,  8, 10, 11, 12, 16, 17, 18, 19, 21, 27, 28, 29, 30, 33, 35] < [ 1,  3,  4,  6,  7,  9, 13, 14, 15, 20, 22, 23, 24, 25, 26, 31, 32, 34]
    W1: [ 0,  2,  5,  8, 10, 11, 12, 20, 22, 23, 24, 25, 26, 31, 32, 34, 36, 37] = [ 1,  3,  4,  6,  7,  9, 13, 16, 17, 18, 19, 21, 27, 28, 29, 30, 33, 35]
    W2: [ 7,  9, 13, 16, 17, 18, 19, 21, 31, 32, 34, 36] < [ 8, 10, 11, 12, 14, 15, 20, 29, 30, 33, 35, 37]
    W3: [ 0,  6,  8, 13, 15, 16, 17, 18, 20, 29, 30, 34, 36] > [ 1,  5,  7, 12, 14, 21, 22, 23, 24, 28, 31, 33, 35]
    W4: [ 1,  2,  4,  5, 13, 16, 19, 24, 28, 29, 31, 33, 37] = [ 7,  8,  9, 11, 14, 18, 21, 22, 25, 27, 32, 35, 36]
    Truth table row=[<, =, <, >, =] ix=34 result=[15+] is correct

Test 16-:
    W0: [ 0,  2,  5,  8, 10, 11, 12, 16, 17, 18, 19, 21, 27, 28, 29, 30, 33, 35] < [ 1,  3,  4,  6,  7,  9, 13, 14, 15, 20, 22, 23, 24, 25, 26, 31, 32, 34]
    W1: [ 0,  2,  5,  8, 10, 11, 12, 20, 22, 23, 24, 25, 26, 31, 32, 34, 36, 37] > [ 1,  3,  4,  6,  7,  9, 13, 16, 17, 18, 19, 21, 27, 28, 29, 30, 33, 35]
    W2: [ 7,  9, 13, 16, 17, 18, 19, 21, 31, 32, 34, 36] < [ 8, 10, 11, 12, 14, 15, 20, 29, 30, 33, 35, 37]
    W3: [ 0,  6,  8, 13, 15, 16, 17, 18, 20, 29, 30, 34, 36] < [ 1,  5,  7, 12, 14, 21, 22, 23, 24, 28, 31, 33, 35]
    W4: [ 1,  2,  4,  5, 13, 16, 19, 24, 28, 29, 31, 33, 37] < [ 7,  8,  9, 11, 14, 18, 21, 22, 25, 27, 32, 35, 36]
    Truth table row=[<, >, <, <, <] ix=54 result=[16-] is correct

Test 16+:
    W0: [ 0,  2,  5,  8, 10, 11, 12, 16, 17, 18, 19, 21, 27, 28, 29, 30, 33, 35] > [ 1,  3,  4,  6,  7,  9, 13, 14, 15, 20, 22, 23, 24, 25, 26, 31, 32, 34]
    W1: [ 0,  2,  5,  8, 10, 11, 12, 20, 22, 23, 24, 25, 26, 31, 32, 34, 36, 37] < [ 1,  3,  4,  6,  7,  9, 13, 16, 17, 18, 19, 21, 27, 28, 29, 30, 33, 35]
    W2: [ 7,  9, 13, 16, 17, 18, 19, 21, 31, 32, 34, 36] > [ 8, 10, 11, 12, 14, 15, 20, 29, 30, 33, 35, 37]
    W3: [ 0,  6,  8, 13, 15, 16, 17, 18, 20, 29, 30, 34, 36] > [ 1,  5,  7, 12, 14, 21, 22, 23, 24, 28, 31, 33, 35]
    W4: [ 1,  2,  4,  5, 13, 16, 19, 24, 28, 29, 31, 33, 37] > [ 7,  8,  9, 11, 14, 18, 21, 22, 25, 27, 32, 35, 36]
    Truth table row=[>, <, >, >, >] ix=188 result=[16+] is correct

Test 17-:
    W0: [ 0,  2,  5,  8, 10, 11, 12, 16, 17, 18, 19, 21, 27, 28, 29, 30, 33, 35] < [ 1,  3,  4,  6,  7,  9, 13, 14, 15, 20, 22, 23, 24, 25, 26, 31, 32, 34]
    W1: [ 0,  2,  5,  8, 10, 11, 12, 20, 22, 23, 24, 25, 26, 31, 32, 34, 36, 37] > [ 1,  3,  4,  6,  7,  9, 13, 16, 17, 18, 19, 21, 27, 28, 29, 30, 33, 35]
    W2: [ 7,  9, 13, 16, 17, 18, 19, 21, 31, 32, 34, 36] < [ 8, 10, 11, 12, 14, 15, 20, 29, 30, 33, 35, 37]
    W3: [ 0,  6,  8, 13, 15, 16, 17, 18, 20, 29, 30, 34, 36] < [ 1,  5,  7, 12, 14, 21, 22, 23, 24, 28, 31, 33, 35]
    W4: [ 1,  2,  4,  5, 13, 16, 19, 24, 28, 29, 31, 33, 37] = [ 7,  8,  9, 11, 14, 18, 21, 22, 25, 27, 32, 35, 36]
    Truth table row=[<, >, <, <, =] ix=55 result=[17-] is correct

Test 17+:
    W0: [ 0,  2,  5,  8, 10, 11, 12, 16, 17, 18, 19, 21, 27, 28, 29, 30, 33, 35] > [ 1,  3,  4,  6,  7,  9, 13, 14, 15, 20, 22, 23, 24, 25, 26, 31, 32, 34]
    W1: [ 0,  2,  5,  8, 10, 11, 12, 20, 22, 23, 24, 25, 26, 31, 32, 34, 36, 37] < [ 1,  3,  4,  6,  7,  9, 13, 16, 17, 18, 19, 21, 27, 28, 29, 30, 33, 35]
    W2: [ 7,  9, 13, 16, 17, 18, 19, 21, 31, 32, 34, 36] > [ 8, 10, 11, 12, 14, 15, 20, 29, 30, 33, 35, 37]
    W3: [ 0,  6,  8, 13, 15, 16, 17, 18, 20, 29, 30, 34, 36] > [ 1,  5,  7, 12, 14, 21, 22, 23, 24, 28, 31, 33, 35]
    W4: [ 1,  2,  4,  5, 13, 16, 19, 24, 28, 29, 31, 33, 37] = [ 7,  8,  9, 11, 14, 18, 21, 22, 25, 27, 32, 35, 36]
    Truth table row=[>, <, >, >, =] ix=187 result=[17+] is correct

Test 18-:
    W0: [ 0,  2,  5,  8, 10, 11, 12, 16, 17, 18, 19, 21, 27, 28, 29, 30, 33, 35] < [ 1,  3,  4,  6,  7,  9, 13, 14, 15, 20, 22, 23, 24, 25, 26, 31, 32, 34]
    W1: [ 0,  2,  5,  8, 10, 11, 12, 20, 22, 23, 24, 25, 26, 31, 32, 34, 36, 37] > [ 1,  3,  4,  6,  7,  9, 13, 16, 17, 18, 19, 21, 27, 28, 29, 30, 33, 35]
    W2: [ 7,  9, 13, 16, 17, 18, 19, 21, 31, 32, 34, 36] < [ 8, 10, 11, 12, 14, 15, 20, 29, 30, 33, 35, 37]
    W3: [ 0,  6,  8, 13, 15, 16, 17, 18, 20, 29, 30, 34, 36] < [ 1,  5,  7, 12, 14, 21, 22, 23, 24, 28, 31, 33, 35]
    W4: [ 1,  2,  4,  5, 13, 16, 19, 24, 28, 29, 31, 33, 37] > [ 7,  8,  9, 11, 14, 18, 21, 22, 25, 27, 32, 35, 36]
    Truth table row=[<, >, <, <, >] ix=56 result=[18-] is correct

Test 18+:
    W0: [ 0,  2,  5,  8, 10, 11, 12, 16, 17, 18, 19, 21, 27, 28, 29, 30, 33, 35] > [ 1,  3,  4,  6,  7,  9, 13, 14, 15, 20, 22, 23, 24, 25, 26, 31, 32, 34]
    W1: [ 0,  2,  5,  8, 10, 11, 12, 20, 22, 23, 24, 25, 26, 31, 32, 34, 36, 37] < [ 1,  3,  4,  6,  7,  9, 13, 16, 17, 18, 19, 21, 27, 28, 29, 30, 33, 35]
    W2: [ 7,  9, 13, 16, 17, 18, 19, 21, 31, 32, 34, 36] > [ 8, 10, 11, 12, 14, 15, 20, 29, 30, 33, 35, 37]
    W3: [ 0,  6,  8, 13, 15, 16, 17, 18, 20, 29, 30, 34, 36] > [ 1,  5,  7, 12, 14, 21, 22, 23, 24, 28, 31, 33, 35]
    W4: [ 1,  2,  4,  5, 13, 16, 19, 24, 28, 29, 31, 33, 37] < [ 7,  8,  9, 11, 14, 18, 21, 22, 25, 27, 32, 35, 36]
    Truth table row=[>, <, >, >, <] ix=186 result=[18+] is correct

Test 19-:
    W0: [ 0,  2,  5,  8, 10, 11, 12, 16, 17, 18, 19, 21, 27, 28, 29, 30, 33, 35] < [ 1,  3,  4,  6,  7,  9, 13, 14, 15, 20, 22, 23, 24, 25, 26, 31, 32, 34]
    W1: [ 0,  2,  5,  8, 10, 11, 12, 20, 22, 23, 24, 25, 26, 31, 32, 34, 36, 37] > [ 1,  3,  4,  6,  7,  9, 13, 16, 17, 18, 19, 21, 27, 28, 29, 30, 33, 35]
    W2: [ 7,  9, 13, 16, 17, 18, 19, 21, 31, 32, 34, 36] < [ 8, 10, 11, 12, 14, 15, 20, 29, 30, 33, 35, 37]
    W3: [ 0,  6,  8, 13, 15, 16, 17, 18, 20, 29, 30, 34, 36] = [ 1,  5,  7, 12, 14, 21, 22, 23, 24, 28, 31, 33, 35]
    W4: [ 1,  2,  4,  5, 13, 16, 19, 24, 28, 29, 31, 33, 37] < [ 7,  8,  9, 11, 14, 18, 21, 22, 25, 27, 32, 35, 36]
    Truth table row=[<, >, <, =, <] ix=57 result=[19-] is correct

Test 19+:
    W0: [ 0,  2,  5,  8, 10, 11, 12, 16, 17, 18, 19, 21, 27, 28, 29, 30, 33, 35] > [ 1,  3,  4,  6,  7,  9, 13, 14, 15, 20, 22, 23, 24, 25, 26, 31, 32, 34]
    W1: [ 0,  2,  5,  8, 10, 11, 12, 20, 22, 23, 24, 25, 26, 31, 32, 34, 36, 37] < [ 1,  3,  4,  6,  7,  9, 13, 16, 17, 18, 19, 21, 27, 28, 29, 30, 33, 35]
    W2: [ 7,  9, 13, 16, 17, 18, 19, 21, 31, 32, 34, 36] > [ 8, 10, 11, 12, 14, 15, 20, 29, 30, 33, 35, 37]
    W3: [ 0,  6,  8, 13, 15, 16, 17, 18, 20, 29, 30, 34, 36] = [ 1,  5,  7, 12, 14, 21, 22, 23, 24, 28, 31, 33, 35]
    W4: [ 1,  2,  4,  5, 13, 16, 19, 24, 28, 29, 31, 33, 37] > [ 7,  8,  9, 11, 14, 18, 21, 22, 25, 27, 32, 35, 36]
    Truth table row=[>, <, >, =, >] ix=185 result=[19+] is correct

Test 20-:
    W0: [ 0,  2,  5,  8, 10, 11, 12, 16, 17, 18, 19, 21, 27, 28, 29, 30, 33, 35] > [ 1,  3,  4,  6,  7,  9, 13, 14, 15, 20, 22, 23, 24, 25, 26, 31, 32, 34]
    W1: [ 0,  2,  5,  8, 10, 11, 12, 20, 22, 23, 24, 25, 26, 31, 32, 34, 36, 37] < [ 1,  3,  4,  6,  7,  9, 13, 16, 17, 18, 19, 21, 27, 28, 29, 30, 33, 35]
    W2: [ 7,  9, 13, 16, 17, 18, 19, 21, 31, 32, 34, 36] > [ 8, 10, 11, 12, 14, 15, 20, 29, 30, 33, 35, 37]
    W3: [ 0,  6,  8, 13, 15, 16, 17, 18, 20, 29, 30, 34, 36] < [ 1,  5,  7, 12, 14, 21, 22, 23, 24, 28, 31, 33, 35]
    W4: [ 1,  2,  4,  5, 13, 16, 19, 24, 28, 29, 31, 33, 37] = [ 7,  8,  9, 11, 14, 18, 21, 22, 25, 27, 32, 35, 36]
    Truth table row=[>, <, >, <, =] ix=181 result=[20-] is correct

Test 20+:
    W0: [ 0,  2,  5,  8, 10, 11, 12, 16, 17, 18, 19, 21, 27, 28, 29, 30, 33, 35] < [ 1,  3,  4,  6,  7,  9, 13, 14, 15, 20, 22, 23, 24, 25, 26, 31, 32, 34]
    W1: [ 0,  2,  5,  8, 10, 11, 12, 20, 22, 23, 24, 25, 26, 31, 32, 34, 36, 37] > [ 1,  3,  4,  6,  7,  9, 13, 16, 17, 18, 19, 21, 27, 28, 29, 30, 33, 35]
    W2: [ 7,  9, 13, 16, 17, 18, 19, 21, 31, 32, 34, 36] < [ 8, 10, 11, 12, 14, 15, 20, 29, 30, 33, 35, 37]
    W3: [ 0,  6,  8, 13, 15, 16, 17, 18, 20, 29, 30, 34, 36] > [ 1,  5,  7, 12, 14, 21, 22, 23, 24, 28, 31, 33, 35]
    W4: [ 1,  2,  4,  5, 13, 16, 19, 24, 28, 29, 31, 33, 37] = [ 7,  8,  9, 11, 14, 18, 21, 22, 25, 27, 32, 35, 36]
    Truth table row=[<, >, <, >, =] ix=61 result=[20+] is correct

Test 21-:
    W0: [ 0,  2,  5,  8, 10, 11, 12, 16, 17, 18, 19, 21, 27, 28, 29, 30, 33, 35] < [ 1,  3,  4,  6,  7,  9, 13, 14, 15, 20, 22, 23, 24, 25, 26, 31, 32, 34]
    W1: [ 0,  2,  5,  8, 10, 11, 12, 20, 22, 23, 24, 25, 26, 31, 32, 34, 36, 37] > [ 1,  3,  4,  6,  7,  9, 13, 16, 17, 18, 19, 21, 27, 28, 29, 30, 33, 35]
    W2: [ 7,  9, 13, 16, 17, 18, 19, 21, 31, 32, 34, 36] < [ 8, 10, 11, 12, 14, 15, 20, 29, 30, 33, 35, 37]
    W3: [ 0,  6,  8, 13, 15, 16, 17, 18, 20, 29, 30, 34, 36] > [ 1,  5,  7, 12, 14, 21, 22, 23, 24, 28, 31, 33, 35]
    W4: [ 1,  2,  4,  5, 13, 16, 19, 24, 28, 29, 31, 33, 37] > [ 7,  8,  9, 11, 14, 18, 21, 22, 25, 27, 32, 35, 36]
    Truth table row=[<, >, <, >, >] ix=62 result=[21-] is correct

Test 21+:
    W0: [ 0,  2,  5,  8, 10, 11, 12, 16, 17, 18, 19, 21, 27, 28, 29, 30, 33, 35] > [ 1,  3,  4,  6,  7,  9, 13, 14, 15, 20, 22, 23, 24, 25, 26, 31, 32, 34]
    W1: [ 0,  2,  5,  8, 10, 11, 12, 20, 22, 23, 24, 25, 26, 31, 32, 34, 36, 37] < [ 1,  3,  4,  6,  7,  9, 13, 16, 17, 18, 19, 21, 27, 28, 29, 30, 33, 35]
    W2: [ 7,  9, 13, 16, 17, 18, 19, 21, 31, 32, 34, 36] > [ 8, 10, 11, 12, 14, 15, 20, 29, 30, 33, 35, 37]
    W3: [ 0,  6,  8, 13, 15, 16, 17, 18, 20, 29, 30, 34, 36] < [ 1,  5,  7, 12, 14, 21, 22, 23, 24, 28, 31, 33, 35]
    W4: [ 1,  2,  4,  5, 13, 16, 19, 24, 28, 29, 31, 33, 37] < [ 7,  8,  9, 11, 14, 18, 21, 22, 25, 27, 32, 35, 36]
    Truth table row=[>, <, >, <, <] ix=180 result=[21+] is correct

Test 22-:
    W0: [ 0,  2,  5,  8, 10, 11, 12, 16, 17, 18, 19, 21, 27, 28, 29, 30, 33, 35] > [ 1,  3,  4,  6,  7,  9, 13, 14, 15, 20, 22, 23, 24, 25, 26, 31, 32, 34]
    W1: [ 0,  2,  5,  8, 10, 11, 12, 20, 22, 23, 24, 25, 26, 31, 32, 34, 36, 37] < [ 1,  3,  4,  6,  7,  9, 13, 16, 17, 18, 19, 21, 27, 28, 29, 30, 33, 35]
    W2: [ 7,  9, 13, 16, 17, 18, 19, 21, 31, 32, 34, 36] = [ 8, 10, 11, 12, 14, 15, 20, 29, 30, 33, 35, 37]
    W3: [ 0,  6,  8, 13, 15, 16, 17, 18, 20, 29, 30, 34, 36] > [ 1,  5,  7, 12, 14, 21, 22, 23, 24, 28, 31, 33, 35]
    W4: [ 1,  2,  4,  5, 13, 16, 19, 24, 28, 29, 31, 33, 37] > [ 7,  8,  9, 11, 14, 18, 21, 22, 25, 27, 32, 35, 36]
    Truth table row=[>, <, =, >, >] ix=179 result=[22-] is correct

Test 22+:
    W0: [ 0,  2,  5,  8, 10, 11, 12, 16, 17, 18, 19, 21, 27, 28, 29, 30, 33, 35] < [ 1,  3,  4,  6,  7,  9, 13, 14, 15, 20, 22, 23, 24, 25, 26, 31, 32, 34]
    W1: [ 0,  2,  5,  8, 10, 11, 12, 20, 22, 23, 24, 25, 26, 31, 32, 34, 36, 37] > [ 1,  3,  4,  6,  7,  9, 13, 16, 17, 18, 19, 21, 27, 28, 29, 30, 33, 35]
    W2: [ 7,  9, 13, 16, 17, 18, 19, 21, 31, 32, 34, 36] = [ 8, 10, 11, 12, 14, 15, 20, 29, 30, 33, 35, 37]
    W3: [ 0,  6,  8, 13, 15, 16, 17, 18, 20, 29, 30, 34, 36] < [ 1,  5,  7, 12, 14, 21, 22, 23, 24, 28, 31, 33, 35]
    W4: [ 1,  2,  4,  5, 13, 16, 19, 24, 28, 29, 31, 33, 37] < [ 7,  8,  9, 11, 14, 18, 21, 22, 25, 27, 32, 35, 36]
    Truth table row=[<, >, =, <, <] ix=63 result=[22+] is correct

Test 23-:
    W0: [ 0,  2,  5,  8, 10, 11, 12, 16, 17, 18, 19, 21, 27, 28, 29, 30, 33, 35] > [ 1,  3,  4,  6,  7,  9, 13, 14, 15, 20, 22, 23, 24, 25, 26, 31, 32, 34]
    W1: [ 0,  2,  5,  8, 10, 11, 12, 20, 22, 23, 24, 25, 26, 31, 32, 34, 36, 37] < [ 1,  3,  4,  6,  7,  9, 13, 16, 17, 18, 19, 21, 27, 28, 29, 30, 33, 35]
    W2: [ 7,  9, 13, 16, 17, 18, 19, 21, 31, 32, 34, 36] = [ 8, 10, 11, 12, 14, 15, 20, 29, 30, 33, 35, 37]
    W3: [ 0,  6,  8, 13, 15, 16, 17, 18, 20, 29, 30, 34, 36] > [ 1,  5,  7, 12, 14, 21, 22, 23, 24, 28, 31, 33, 35]
    W4: [ 1,  2,  4,  5, 13, 16, 19, 24, 28, 29, 31, 33, 37] = [ 7,  8,  9, 11, 14, 18, 21, 22, 25, 27, 32, 35, 36]
    Truth table row=[>, <, =, >, =] ix=178 result=[23-] is correct

Test 23+:
    W0: [ 0,  2,  5,  8, 10, 11, 12, 16, 17, 18, 19, 21, 27, 28, 29, 30, 33, 35] < [ 1,  3,  4,  6,  7,  9, 13, 14, 15, 20, 22, 23, 24, 25, 26, 31, 32, 34]
    W1: [ 0,  2,  5,  8, 10, 11, 12, 20, 22, 23, 24, 25, 26, 31, 32, 34, 36, 37] > [ 1,  3,  4,  6,  7,  9, 13, 16, 17, 18, 19, 21, 27, 28, 29, 30, 33, 35]
    W2: [ 7,  9, 13, 16, 17, 18, 19, 21, 31, 32, 34, 36] = [ 8, 10, 11, 12, 14, 15, 20, 29, 30, 33, 35, 37]
    W3: [ 0,  6,  8, 13, 15, 16, 17, 18, 20, 29, 30, 34, 36] < [ 1,  5,  7, 12, 14, 21, 22, 23, 24, 28, 31, 33, 35]
    W4: [ 1,  2,  4,  5, 13, 16, 19, 24, 28, 29, 31, 33, 37] = [ 7,  8,  9, 11, 14, 18, 21, 22, 25, 27, 32, 35, 36]
    Truth table row=[<, >, =, <, =] ix=64 result=[23+] is correct

Test 24-:
    W0: [ 0,  2,  5,  8, 10, 11, 12, 16, 17, 18, 19, 21, 27, 28, 29, 30, 33, 35] > [ 1,  3,  4,  6,  7,  9, 13, 14, 15, 20, 22, 23, 24, 25, 26, 31, 32, 34]
    W1: [ 0,  2,  5,  8, 10, 11, 12, 20, 22, 23, 24, 25, 26, 31, 32, 34, 36, 37] < [ 1,  3,  4,  6,  7,  9, 13, 16, 17, 18, 19, 21, 27, 28, 29, 30, 33, 35]
    W2: [ 7,  9, 13, 16, 17, 18, 19, 21, 31, 32, 34, 36] = [ 8, 10, 11, 12, 14, 15, 20, 29, 30, 33, 35, 37]
    W3: [ 0,  6,  8, 13, 15, 16, 17, 18, 20, 29, 30, 34, 36] > [ 1,  5,  7, 12, 14, 21, 22, 23, 24, 28, 31, 33, 35]
    W4: [ 1,  2,  4,  5, 13, 16, 19, 24, 28, 29, 31, 33, 37] < [ 7,  8,  9, 11, 14, 18, 21, 22, 25, 27, 32, 35, 36]
    Truth table row=[>, <, =, >, <] ix=177 result=[24-] is correct

Test 24+:
    W0: [ 0,  2,  5,  8, 10, 11, 12, 16, 17, 18, 19, 21, 27, 28, 29, 30, 33, 35] < [ 1,  3,  4,  6,  7,  9, 13, 14, 15, 20, 22, 23, 24, 25, 26, 31, 32, 34]
    W1: [ 0,  2,  5,  8, 10, 11, 12, 20, 22, 23, 24, 25, 26, 31, 32, 34, 36, 37] > [ 1,  3,  4,  6,  7,  9, 13, 16, 17, 18, 19, 21, 27, 28, 29, 30, 33, 35]
    W2: [ 7,  9, 13, 16, 17, 18, 19, 21, 31, 32, 34, 36] = [ 8, 10, 11, 12, 14, 15, 20, 29, 30, 33, 35, 37]
    W3: [ 0,  6,  8, 13, 15, 16, 17, 18, 20, 29, 30, 34, 36] < [ 1,  5,  7, 12, 14, 21, 22, 23, 24, 28, 31, 33, 35]
    W4: [ 1,  2,  4,  5, 13, 16, 19, 24, 28, 29, 31, 33, 37] > [ 7,  8,  9, 11, 14, 18, 21, 22, 25, 27, 32, 35, 36]
    Truth table row=[<, >, =, <, >] ix=65 result=[24+] is correct

Test 25-:
    W0: [ 0,  2,  5,  8, 10, 11, 12, 16, 17, 18, 19, 21, 27, 28, 29, 30, 33, 35] > [ 1,  3,  4,  6,  7,  9, 13, 14, 15, 20, 22, 23, 24, 25, 26, 31, 32, 34]
    W1: [ 0,  2,  5,  8, 10, 11, 12, 20, 22, 23, 24, 25, 26, 31, 32, 34, 36, 37] < [ 1,  3,  4,  6,  7,  9, 13, 16, 17, 18, 19, 21, 27, 28, 29, 30, 33, 35]
    W2: [ 7,  9, 13, 16, 17, 18, 19, 21, 31, 32, 34, 36] = [ 8, 10, 11, 12, 14, 15, 20, 29, 30, 33, 35, 37]
    W3: [ 0,  6,  8, 13, 15, 16, 17, 18, 20, 29, 30, 34, 36] = [ 1,  5,  7, 12, 14, 21, 22, 23, 24, 28, 31, 33, 35]
    W4: [ 1,  2,  4,  5, 13, 16, 19, 24, 28, 29, 31, 33, 37] > [ 7,  8,  9, 11, 14, 18, 21, 22, 25, 27, 32, 35, 36]
    Truth table row=[>, <, =, =, >] ix=176 result=[25-] is correct

Test 25+:
    W0: [ 0,  2,  5,  8, 10, 11, 12, 16, 17, 18, 19, 21, 27, 28, 29, 30, 33, 35] < [ 1,  3,  4,  6,  7,  9, 13, 14, 15, 20, 22, 23, 24, 25, 26, 31, 32, 34]
    W1: [ 0,  2,  5,  8, 10, 11, 12, 20, 22, 23, 24, 25, 26, 31, 32, 34, 36, 37] > [ 1,  3,  4,  6,  7,  9, 13, 16, 17, 18, 19, 21, 27, 28, 29, 30, 33, 35]
    W2: [ 7,  9, 13, 16, 17, 18, 19, 21, 31, 32, 34, 36] = [ 8, 10, 11, 12, 14, 15, 20, 29, 30, 33, 35, 37]
    W3: [ 0,  6,  8, 13, 15, 16, 17, 18, 20, 29, 30, 34, 36] = [ 1,  5,  7, 12, 14, 21, 22, 23, 24, 28, 31, 33, 35]
    W4: [ 1,  2,  4,  5, 13, 16, 19, 24, 28, 29, 31, 33, 37] < [ 7,  8,  9, 11, 14, 18, 21, 22, 25, 27, 32, 35, 36]
    Truth table row=[<, >, =, =, <] ix=66 result=[25+] is correct

Test 26-:
    W0: [ 0,  2,  5,  8, 10, 11, 12, 16, 17, 18, 19, 21, 27, 28, 29, 30, 33, 35] > [ 1,  3,  4,  6,  7,  9, 13, 14, 15, 20, 22, 23, 24, 25, 26, 31, 32, 34]
    W1: [ 0,  2,  5,  8, 10, 11, 12, 20, 22, 23, 24, 25, 26, 31, 32, 34, 36, 37] < [ 1,  3,  4,  6,  7,  9, 13, 16, 17, 18, 19, 21, 27, 28, 29, 30, 33, 35]
    W2: [ 7,  9, 13, 16, 17, 18, 19, 21, 31, 32, 34, 36] = [ 8, 10, 11, 12, 14, 15, 20, 29, 30, 33, 35, 37]
    W3: [ 0,  6,  8, 13, 15, 16, 17, 18, 20, 29, 30, 34, 36] = [ 1,  5,  7, 12, 14, 21, 22, 23, 24, 28, 31, 33, 35]
    W4: [ 1,  2,  4,  5, 13, 16, 19, 24, 28, 29, 31, 33, 37] = [ 7,  8,  9, 11, 14, 18, 21, 22, 25, 27, 32, 35, 36]
    Truth table row=[>, <, =, =, =] ix=175 result=[26-] is correct

Test 26+:
    W0: [ 0,  2,  5,  8, 10, 11, 12, 16, 17, 18, 19, 21, 27, 28, 29, 30, 33, 35] < [ 1,  3,  4,  6,  7,  9, 13, 14, 15, 20, 22, 23, 24, 25, 26, 31, 32, 34]
    W1: [ 0,  2,  5,  8, 10, 11, 12, 20, 22, 23, 24, 25, 26, 31, 32, 34, 36, 37] > [ 1,  3,  4,  6,  7,  9, 13, 16, 17, 18, 19, 21, 27, 28, 29, 30, 33, 35]
    W2: [ 7,  9, 13, 16, 17, 18, 19, 21, 31, 32, 34, 36] = [ 8, 10, 11, 12, 14, 15, 20, 29, 30, 33, 35, 37]
    W3: [ 0,  6,  8, 13, 15, 16, 17, 18, 20, 29, 30, 34, 36] = [ 1,  5,  7, 12, 14, 21, 22, 23, 24, 28, 31, 33, 35]
    W4: [ 1,  2,  4,  5, 13, 16, 19, 24, 28, 29, 31, 33, 37] = [ 7,  8,  9, 11, 14, 18, 21, 22, 25, 27, 32, 35, 36]
    Truth table row=[<, >, =, =, =] ix=67 result=[26+] is correct

Test 27-:
    W0: [ 0,  2,  5,  8, 10, 11, 12, 16, 17, 18, 19, 21, 27, 28, 29, 30, 33, 35] < [ 1,  3,  4,  6,  7,  9, 13, 14, 15, 20, 22, 23, 24, 25, 26, 31, 32, 34]
    W1: [ 0,  2,  5,  8, 10, 11, 12, 20, 22, 23, 24, 25, 26, 31, 32, 34, 36, 37] > [ 1,  3,  4,  6,  7,  9, 13, 16, 17, 18, 19, 21, 27, 28, 29, 30, 33, 35]
    W2: [ 7,  9, 13, 16, 17, 18, 19, 21, 31, 32, 34, 36] = [ 8, 10, 11, 12, 14, 15, 20, 29, 30, 33, 35, 37]
    W3: [ 0,  6,  8, 13, 15, 16, 17, 18, 20, 29, 30, 34, 36] = [ 1,  5,  7, 12, 14, 21, 22, 23, 24, 28, 31, 33, 35]
    W4: [ 1,  2,  4,  5, 13, 16, 19, 24, 28, 29, 31, 33, 37] > [ 7,  8,  9, 11, 14, 18, 21, 22, 25, 27, 32, 35, 36]
    Truth table row=[<, >, =, =, >] ix=68 result=[27-] is correct

Test 27+:
    W0: [ 0,  2,  5,  8, 10, 11, 12, 16, 17, 18, 19, 21, 27, 28, 29, 30, 33, 35] > [ 1,  3,  4,  6,  7,  9, 13, 14, 15, 20, 22, 23, 24, 25, 26, 31, 32, 34]
    W1: [ 0,  2,  5,  8, 10, 11, 12, 20, 22, 23, 24, 25, 26, 31, 32, 34, 36, 37] < [ 1,  3,  4,  6,  7,  9, 13, 16, 17, 18, 19, 21, 27, 28, 29, 30, 33, 35]
    W2: [ 7,  9, 13, 16, 17, 18, 19, 21, 31, 32, 34, 36] = [ 8, 10, 11, 12, 14, 15, 20, 29, 30, 33, 35, 37]
    W3: [ 0,  6,  8, 13, 15, 16, 17, 18, 20, 29, 30, 34, 36] = [ 1,  5,  7, 12, 14, 21, 22, 23, 24, 28, 31, 33, 35]
    W4: [ 1,  2,  4,  5, 13, 16, 19, 24, 28, 29, 31, 33, 37] < [ 7,  8,  9, 11, 14, 18, 21, 22, 25, 27, 32, 35, 36]
    Truth table row=[>, <, =, =, <] ix=174 result=[27+] is correct

Test 28-:
    W0: [ 0,  2,  5,  8, 10, 11, 12, 16, 17, 18, 19, 21, 27, 28, 29, 30, 33, 35] < [ 1,  3,  4,  6,  7,  9, 13, 14, 15, 20, 22, 23, 24, 25, 26, 31, 32, 34]
    W1: [ 0,  2,  5,  8, 10, 11, 12, 20, 22, 23, 24, 25, 26, 31, 32, 34, 36, 37] > [ 1,  3,  4,  6,  7,  9, 13, 16, 17, 18, 19, 21, 27, 28, 29, 30, 33, 35]
    W2: [ 7,  9, 13, 16, 17, 18, 19, 21, 31, 32, 34, 36] = [ 8, 10, 11, 12, 14, 15, 20, 29, 30, 33, 35, 37]
    W3: [ 0,  6,  8, 13, 15, 16, 17, 18, 20, 29, 30, 34, 36] > [ 1,  5,  7, 12, 14, 21, 22, 23, 24, 28, 31, 33, 35]
    W4: [ 1,  2,  4,  5, 13, 16, 19, 24, 28, 29, 31, 33, 37] < [ 7,  8,  9, 11, 14, 18, 21, 22, 25, 27, 32, 35, 36]
    Truth table row=[<, >, =, >, <] ix=69 result=[28-] is correct

Test 28+:
    W0: [ 0,  2,  5,  8, 10, 11, 12, 16, 17, 18, 19, 21, 27, 28, 29, 30, 33, 35] > [ 1,  3,  4,  6,  7,  9, 13, 14, 15, 20, 22, 23, 24, 25, 26, 31, 32, 34]
    W1: [ 0,  2,  5,  8, 10, 11, 12, 20, 22, 23, 24, 25, 26, 31, 32, 34, 36, 37] < [ 1,  3,  4,  6,  7,  9, 13, 16, 17, 18, 19, 21, 27, 28, 29, 30, 33, 35]
    W2: [ 7,  9, 13, 16, 17, 18, 19, 21, 31, 32, 34, 36] = [ 8, 10, 11, 12, 14, 15, 20, 29, 30, 33, 35, 37]
    W3: [ 0,  6,  8, 13, 15, 16, 17, 18, 20, 29, 30, 34, 36] < [ 1,  5,  7, 12, 14, 21, 22, 23, 24, 28, 31, 33, 35]
    W4: [ 1,  2,  4,  5, 13, 16, 19, 24, 28, 29, 31, 33, 37] > [ 7,  8,  9, 11, 14, 18, 21, 22, 25, 27, 32, 35, 36]
    Truth table row=[>, <, =, <, >] ix=173 result=[28+] is correct

Test 29-:
    W0: [ 0,  2,  5,  8, 10, 11, 12, 16, 17, 18, 19, 21, 27, 28, 29, 30, 33, 35] < [ 1,  3,  4,  6,  7,  9, 13, 14, 15, 20, 22, 23, 24, 25, 26, 31, 32, 34]
    W1: [ 0,  2,  5,  8, 10, 11, 12, 20, 22, 23, 24, 25, 26, 31, 32, 34, 36, 37] > [ 1,  3,  4,  6,  7,  9, 13, 16, 17, 18, 19, 21, 27, 28, 29, 30, 33, 35]
    W2: [ 7,  9, 13, 16, 17, 18, 19, 21, 31, 32, 34, 36] > [ 8, 10, 11, 12, 14, 15, 20, 29, 30, 33, 35, 37]
    W3: [ 0,  6,  8, 13, 15, 16, 17, 18, 20, 29, 30, 34, 36] < [ 1,  5,  7, 12, 14, 21, 22, 23, 24, 28, 31, 33, 35]
    W4: [ 1,  2,  4,  5, 13, 16, 19, 24, 28, 29, 31, 33, 37] < [ 7,  8,  9, 11, 14, 18, 21, 22, 25, 27, 32, 35, 36]
    Truth table row=[<, >, >, <, <] ix=72 result=[29-] is correct

Test 29+:
    W0: [ 0,  2,  5,  8, 10, 11, 12, 16, 17, 18, 19, 21, 27, 28, 29, 30, 33, 35] > [ 1,  3,  4,  6,  7,  9, 13, 14, 15, 20, 22, 23, 24, 25, 26, 31, 32, 34]
    W1: [ 0,  2,  5,  8, 10, 11, 12, 20, 22, 23, 24, 25, 26, 31, 32, 34, 36, 37] < [ 1,  3,  4,  6,  7,  9, 13, 16, 17, 18, 19, 21, 27, 28, 29, 30, 33, 35]
    W2: [ 7,  9, 13, 16, 17, 18, 19, 21, 31, 32, 34, 36] < [ 8, 10, 11, 12, 14, 15, 20, 29, 30, 33, 35, 37]
    W3: [ 0,  6,  8, 13, 15, 16, 17, 18, 20, 29, 30, 34, 36] > [ 1,  5,  7, 12, 14, 21, 22, 23, 24, 28, 31, 33, 35]
    W4: [ 1,  2,  4,  5, 13, 16, 19, 24, 28, 29, 31, 33, 37] > [ 7,  8,  9, 11, 14, 18, 21, 22, 25, 27, 32, 35, 36]
    Truth table row=[>, <, <, >, >] ix=170 result=[29+] is correct

Test 30-:
    W0: [ 0,  2,  5,  8, 10, 11, 12, 16, 17, 18, 19, 21, 27, 28, 29, 30, 33, 35] < [ 1,  3,  4,  6,  7,  9, 13, 14, 15, 20, 22, 23, 24, 25, 26, 31, 32, 34]
    W1: [ 0,  2,  5,  8, 10, 11, 12, 20, 22, 23, 24, 25, 26, 31, 32, 34, 36, 37] > [ 1,  3,  4,  6,  7,  9, 13, 16, 17, 18, 19, 21, 27, 28, 29, 30, 33, 35]
    W2: [ 7,  9, 13, 16, 17, 18, 19, 21, 31, 32, 34, 36] > [ 8, 10, 11, 12, 14, 15, 20, 29, 30, 33, 35, 37]
    W3: [ 0,  6,  8, 13, 15, 16, 17, 18, 20, 29, 30, 34, 36] < [ 1,  5,  7, 12, 14, 21, 22, 23, 24, 28, 31, 33, 35]
    W4: [ 1,  2,  4,  5, 13, 16, 19, 24, 28, 29, 31, 33, 37] = [ 7,  8,  9, 11, 14, 18, 21, 22, 25, 27, 32, 35, 36]
    Truth table row=[<, >, >, <, =] ix=73 result=[30-] is correct

Test 30+:
    W0: [ 0,  2,  5,  8, 10, 11, 12, 16, 17, 18, 19, 21, 27, 28, 29, 30, 33, 35] > [ 1,  3,  4,  6,  7,  9, 13, 14, 15, 20, 22, 23, 24, 25, 26, 31, 32, 34]
    W1: [ 0,  2,  5,  8, 10, 11, 12, 20, 22, 23, 24, 25, 26, 31, 32, 34, 36, 37] < [ 1,  3,  4,  6,  7,  9, 13, 16, 17, 18, 19, 21, 27, 28, 29, 30, 33, 35]
    W2: [ 7,  9, 13, 16, 17, 18, 19, 21, 31, 32, 34, 36] < [ 8, 10, 11, 12, 14, 15, 20, 29, 30, 33, 35, 37]
    W3: [ 0,  6,  8, 13, 15, 16, 17, 18, 20, 29, 30, 34, 36] > [ 1,  5,  7, 12, 14, 21, 22, 23, 24, 28, 31, 33, 35]
    W4: [ 1,  2,  4,  5, 13, 16, 19, 24, 28, 29, 31, 33, 37] = [ 7,  8,  9, 11, 14, 18, 21, 22, 25, 27, 32, 35, 36]
    Truth table row=[>, <, <, >, =] ix=169 result=[30+] is correct

Test 31-:
    W0: [ 0,  2,  5,  8, 10, 11, 12, 16, 17, 18, 19, 21, 27, 28, 29, 30, 33, 35] > [ 1,  3,  4,  6,  7,  9, 13, 14, 15, 20, 22, 23, 24, 25, 26, 31, 32, 34]
    W1: [ 0,  2,  5,  8, 10, 11, 12, 20, 22, 23, 24, 25, 26, 31, 32, 34, 36, 37] < [ 1,  3,  4,  6,  7,  9, 13, 16, 17, 18, 19, 21, 27, 28, 29, 30, 33, 35]
    W2: [ 7,  9, 13, 16, 17, 18, 19, 21, 31, 32, 34, 36] < [ 8, 10, 11, 12, 14, 15, 20, 29, 30, 33, 35, 37]
    W3: [ 0,  6,  8, 13, 15, 16, 17, 18, 20, 29, 30, 34, 36] > [ 1,  5,  7, 12, 14, 21, 22, 23, 24, 28, 31, 33, 35]
    W4: [ 1,  2,  4,  5, 13, 16, 19, 24, 28, 29, 31, 33, 37] < [ 7,  8,  9, 11, 14, 18, 21, 22, 25, 27, 32, 35, 36]
    Truth table row=[>, <, <, >, <] ix=168 result=[31-] is correct

Test 31+:
    W0: [ 0,  2,  5,  8, 10, 11, 12, 16, 17, 18, 19, 21, 27, 28, 29, 30, 33, 35] < [ 1,  3,  4,  6,  7,  9, 13, 14, 15, 20, 22, 23, 24, 25, 26, 31, 32, 34]
    W1: [ 0,  2,  5,  8, 10, 11, 12, 20, 22, 23, 24, 25, 26, 31, 32, 34, 36, 37] > [ 1,  3,  4,  6,  7,  9, 13, 16, 17, 18, 19, 21, 27, 28, 29, 30, 33, 35]
    W2: [ 7,  9, 13, 16, 17, 18, 19, 21, 31, 32, 34, 36] > [ 8, 10, 11, 12, 14, 15, 20, 29, 30, 33, 35, 37]
    W3: [ 0,  6,  8, 13, 15, 16, 17, 18, 20, 29, 30, 34, 36] < [ 1,  5,  7, 12, 14, 21, 22, 23, 24, 28, 31, 33, 35]
    W4: [ 1,  2,  4,  5, 13, 16, 19, 24, 28, 29, 31, 33, 37] > [ 7,  8,  9, 11, 14, 18, 21, 22, 25, 27, 32, 35, 36]
    Truth table row=[<, >, >, <, >] ix=74 result=[31+] is correct

Test 32-:
    W0: [ 0,  2,  5,  8, 10, 11, 12, 16, 17, 18, 19, 21, 27, 28, 29, 30, 33, 35] > [ 1,  3,  4,  6,  7,  9, 13, 14, 15, 20, 22, 23, 24, 25, 26, 31, 32, 34]
    W1: [ 0,  2,  5,  8, 10, 11, 12, 20, 22, 23, 24, 25, 26, 31, 32, 34, 36, 37] < [ 1,  3,  4,  6,  7,  9, 13, 16, 17, 18, 19, 21, 27, 28, 29, 30, 33, 35]
    W2: [ 7,  9, 13, 16, 17, 18, 19, 21, 31, 32, 34, 36] < [ 8, 10, 11, 12, 14, 15, 20, 29, 30, 33, 35, 37]
    W3: [ 0,  6,  8, 13, 15, 16, 17, 18, 20, 29, 30, 34, 36] = [ 1,  5,  7, 12, 14, 21, 22, 23, 24, 28, 31, 33, 35]
    W4: [ 1,  2,  4,  5, 13, 16, 19, 24, 28, 29, 31, 33, 37] > [ 7,  8,  9, 11, 14, 18, 21, 22, 25, 27, 32, 35, 36]
    Truth table row=[>, <, <, =, >] ix=167 result=[32-] is correct

Test 32+:
    W0: [ 0,  2,  5,  8, 10, 11, 12, 16, 17, 18, 19, 21, 27, 28, 29, 30, 33, 35] < [ 1,  3,  4,  6,  7,  9, 13, 14, 15, 20, 22, 23, 24, 25, 26, 31, 32, 34]
    W1: [ 0,  2,  5,  8, 10, 11, 12, 20, 22, 23, 24, 25, 26, 31, 32, 34, 36, 37] > [ 1,  3,  4,  6,  7,  9, 13, 16, 17, 18, 19, 21, 27, 28, 29, 30, 33, 35]
    W2: [ 7,  9, 13, 16, 17, 18, 19, 21, 31, 32, 34, 36] > [ 8, 10, 11, 12, 14, 15, 20, 29, 30, 33, 35, 37]
    W3: [ 0,  6,  8, 13, 15, 16, 17, 18, 20, 29, 30, 34, 36] = [ 1,  5,  7, 12, 14, 21, 22, 23, 24, 28, 31, 33, 35]
    W4: [ 1,  2,  4,  5, 13, 16, 19, 24, 28, 29, 31, 33, 37] < [ 7,  8,  9, 11, 14, 18, 21, 22, 25, 27, 32, 35, 36]
    Truth table row=[<, >, >, =, <] ix=75 result=[32+] is correct

Test 33-:
    W0: [ 0,  2,  5,  8, 10, 11, 12, 16, 17, 18, 19, 21, 27, 28, 29, 30, 33, 35] < [ 1,  3,  4,  6,  7,  9, 13, 14, 15, 20, 22, 23, 24, 25, 26, 31, 32, 34]
    W1: [ 0,  2,  5,  8, 10, 11, 12, 20, 22, 23, 24, 25, 26, 31, 32, 34, 36, 37] > [ 1,  3,  4,  6,  7,  9, 13, 16, 17, 18, 19, 21, 27, 28, 29, 30, 33, 35]
    W2: [ 7,  9, 13, 16, 17, 18, 19, 21, 31, 32, 34, 36] > [ 8, 10, 11, 12, 14, 15, 20, 29, 30, 33, 35, 37]
    W3: [ 0,  6,  8, 13, 15, 16, 17, 18, 20, 29, 30, 34, 36] > [ 1,  5,  7, 12, 14, 21, 22, 23, 24, 28, 31, 33, 35]
    W4: [ 1,  2,  4,  5, 13, 16, 19, 24, 28, 29, 31, 33, 37] < [ 7,  8,  9, 11, 14, 18, 21, 22, 25, 27, 32, 35, 36]
    Truth table row=[<, >, >, >, <] ix=78 result=[33-] is correct

Test 33+:
    W0: [ 0,  2,  5,  8, 10, 11, 12, 16, 17, 18, 19, 21, 27, 28, 29, 30, 33, 35] > [ 1,  3,  4,  6,  7,  9, 13, 14, 15, 20, 22, 23, 24, 25, 26, 31, 32, 34]
    W1: [ 0,  2,  5,  8, 10, 11, 12, 20, 22, 23, 24, 25, 26, 31, 32, 34, 36, 37] < [ 1,  3,  4,  6,  7,  9, 13, 16, 17, 18, 19, 21, 27, 28, 29, 30, 33, 35]
    W2: [ 7,  9, 13, 16, 17, 18, 19, 21, 31, 32, 34, 36] < [ 8, 10, 11, 12, 14, 15, 20, 29, 30, 33, 35, 37]
    W3: [ 0,  6,  8, 13, 15, 16, 17, 18, 20, 29, 30, 34, 36] < [ 1,  5,  7, 12, 14, 21, 22, 23, 24, 28, 31, 33, 35]
    W4: [ 1,  2,  4,  5, 13, 16, 19, 24, 28, 29, 31, 33, 37] > [ 7,  8,  9, 11, 14, 18, 21, 22, 25, 27, 32, 35, 36]
    Truth table row=[>, <, <, <, >] ix=164 result=[33+] is correct

Test 34-:
    W0: [ 0,  2,  5,  8, 10, 11, 12, 16, 17, 18, 19, 21, 27, 28, 29, 30, 33, 35] > [ 1,  3,  4,  6,  7,  9, 13, 14, 15, 20, 22, 23, 24, 25, 26, 31, 32, 34]
    W1: [ 0,  2,  5,  8, 10, 11, 12, 20, 22, 23, 24, 25, 26, 31, 32, 34, 36, 37] < [ 1,  3,  4,  6,  7,  9, 13, 16, 17, 18, 19, 21, 27, 28, 29, 30, 33, 35]
    W2: [ 7,  9, 13, 16, 17, 18, 19, 21, 31, 32, 34, 36] < [ 8, 10, 11, 12, 14, 15, 20, 29, 30, 33, 35, 37]
    W3: [ 0,  6,  8, 13, 15, 16, 17, 18, 20, 29, 30, 34, 36] < [ 1,  5,  7, 12, 14, 21, 22, 23, 24, 28, 31, 33, 35]
    W4: [ 1,  2,  4,  5, 13, 16, 19, 24, 28, 29, 31, 33, 37] = [ 7,  8,  9, 11, 14, 18, 21, 22, 25, 27, 32, 35, 36]
    Truth table row=[>, <, <, <, =] ix=163 result=[34-] is correct

Test 34+:
    W0: [ 0,  2,  5,  8, 10, 11, 12, 16, 17, 18, 19, 21, 27, 28, 29, 30, 33, 35] < [ 1,  3,  4,  6,  7,  9, 13, 14, 15, 20, 22, 23, 24, 25, 26, 31, 32, 34]
    W1: [ 0,  2,  5,  8, 10, 11, 12, 20, 22, 23, 24, 25, 26, 31, 32, 34, 36, 37] > [ 1,  3,  4,  6,  7,  9, 13, 16, 17, 18, 19, 21, 27, 28, 29, 30, 33, 35]
    W2: [ 7,  9, 13, 16, 17, 18, 19, 21, 31, 32, 34, 36] > [ 8, 10, 11, 12, 14, 15, 20, 29, 30, 33, 35, 37]
    W3: [ 0,  6,  8, 13, 15, 16, 17, 18, 20, 29, 30, 34, 36] > [ 1,  5,  7, 12, 14, 21, 22, 23, 24, 28, 31, 33, 35]
    W4: [ 1,  2,  4,  5, 13, 16, 19, 24, 28, 29, 31, 33, 37] = [ 7,  8,  9, 11, 14, 18, 21, 22, 25, 27, 32, 35, 36]
    Truth table row=[<, >, >, >, =] ix=79 result=[34+] is correct

Test 35-:
    W0: [ 0,  2,  5,  8, 10, 11, 12, 16, 17, 18, 19, 21, 27, 28, 29, 30, 33, 35] < [ 1,  3,  4,  6,  7,  9, 13, 14, 15, 20, 22, 23, 24, 25, 26, 31, 32, 34]
    W1: [ 0,  2,  5,  8, 10, 11, 12, 20, 22, 23, 24, 25, 26, 31, 32, 34, 36, 37] > [ 1,  3,  4,  6,  7,  9, 13, 16, 17, 18, 19, 21, 27, 28, 29, 30, 33, 35]
    W2: [ 7,  9, 13, 16, 17, 18, 19, 21, 31, 32, 34, 36] > [ 8, 10, 11, 12, 14, 15, 20, 29, 30, 33, 35, 37]
    W3: [ 0,  6,  8, 13, 15, 16, 17, 18, 20, 29, 30, 34, 36] > [ 1,  5,  7, 12, 14, 21, 22, 23, 24, 28, 31, 33, 35]
    W4: [ 1,  2,  4,  5, 13, 16, 19, 24, 28, 29, 31, 33, 37] > [ 7,  8,  9, 11, 14, 18, 21, 22, 25, 27, 32, 35, 36]
    Truth table row=[<, >, >, >, >] ix=80 result=[35-] is correct

Test 35+:
    W0: [ 0,  2,  5,  8, 10, 11, 12, 16, 17, 18, 19, 21, 27, 28, 29, 30, 33, 35] > [ 1,  3,  4,  6,  7,  9, 13, 14, 15, 20, 22, 23, 24, 25, 26, 31, 32, 34]
    W1: [ 0,  2,  5,  8, 10, 11, 12, 20, 22, 23, 24, 25, 26, 31, 32, 34, 36, 37] < [ 1,  3,  4,  6,  7,  9, 13, 16, 17, 18, 19, 21, 27, 28, 29, 30, 33, 35]
    W2: [ 7,  9, 13, 16, 17, 18, 19, 21, 31, 32, 34, 36] < [ 8, 10, 11, 12, 14, 15, 20, 29, 30, 33, 35, 37]
    W3: [ 0,  6,  8, 13, 15, 16, 17, 18, 20, 29, 30, 34, 36] < [ 1,  5,  7, 12, 14, 21, 22, 23, 24, 28, 31, 33, 35]
    W4: [ 1,  2,  4,  5, 13, 16, 19, 24, 28, 29, 31, 33, 37] < [ 7,  8,  9, 11, 14, 18, 21, 22, 25, 27, 32, 35, 36]
    Truth table row=[>, <, <, <, <] ix=162 result=[35+] is correct

Test 36-:
    W0: [ 0,  2,  5,  8, 10, 11, 12, 16, 17, 18, 19, 21, 27, 28, 29, 30, 33, 35] = [ 1,  3,  4,  6,  7,  9, 13, 14, 15, 20, 22, 23, 24, 25, 26, 31, 32, 34]
    W1: [ 0,  2,  5,  8, 10, 11, 12, 20, 22, 23, 24, 25, 26, 31, 32, 34, 36, 37] < [ 1,  3,  4,  6,  7,  9, 13, 16, 17, 18, 19, 21, 27, 28, 29, 30, 33, 35]
    W2: [ 7,  9, 13, 16, 17, 18, 19, 21, 31, 32, 34, 36] < [ 8, 10, 11, 12, 14, 15, 20, 29, 30, 33, 35, 37]
    W3: [ 0,  6,  8, 13, 15, 16, 17, 18, 20, 29, 30, 34, 36] < [ 1,  5,  7, 12, 14, 21, 22, 23, 24, 28, 31, 33, 35]
    W4: [ 1,  2,  4,  5, 13, 16, 19, 24, 28, 29, 31, 33, 37] > [ 7,  8,  9, 11, 14, 18, 21, 22, 25, 27, 32, 35, 36]
    Truth table row=[=, <, <, <, >] ix=83 result=[36-] is correct

Test 36+:
    W0: [ 0,  2,  5,  8, 10, 11, 12, 16, 17, 18, 19, 21, 27, 28, 29, 30, 33, 35] = [ 1,  3,  4,  6,  7,  9, 13, 14, 15, 20, 22, 23, 24, 25, 26, 31, 32, 34]
    W1: [ 0,  2,  5,  8, 10, 11, 12, 20, 22, 23, 24, 25, 26, 31, 32, 34, 36, 37] > [ 1,  3,  4,  6,  7,  9, 13, 16, 17, 18, 19, 21, 27, 28, 29, 30, 33, 35]
    W2: [ 7,  9, 13, 16, 17, 18, 19, 21, 31, 32, 34, 36] > [ 8, 10, 11, 12, 14, 15, 20, 29, 30, 33, 35, 37]
    W3: [ 0,  6,  8, 13, 15, 16, 17, 18, 20, 29, 30, 34, 36] > [ 1,  5,  7, 12, 14, 21, 22, 23, 24, 28, 31, 33, 35]
    W4: [ 1,  2,  4,  5, 13, 16, 19, 24, 28, 29, 31, 33, 37] < [ 7,  8,  9, 11, 14, 18, 21, 22, 25, 27, 32, 35, 36]
    Truth table row=[=, >, >, >, <] ix=159 result=[36+] is correct

Test 37-:
    W0: [ 0,  2,  5,  8, 10, 11, 12, 16, 17, 18, 19, 21, 27, 28, 29, 30, 33, 35] = [ 1,  3,  4,  6,  7,  9, 13, 14, 15, 20, 22, 23, 24, 25, 26, 31, 32, 34]
    W1: [ 0,  2,  5,  8, 10, 11, 12, 20, 22, 23, 24, 25, 26, 31, 32, 34, 36, 37] < [ 1,  3,  4,  6,  7,  9, 13, 16, 17, 18, 19, 21, 27, 28, 29, 30, 33, 35]
    W2: [ 7,  9, 13, 16, 17, 18, 19, 21, 31, 32, 34, 36] > [ 8, 10, 11, 12, 14, 15, 20, 29, 30, 33, 35, 37]
    W3: [ 0,  6,  8, 13, 15, 16, 17, 18, 20, 29, 30, 34, 36] = [ 1,  5,  7, 12, 14, 21, 22, 23, 24, 28, 31, 33, 35]
    W4: [ 1,  2,  4,  5, 13, 16, 19, 24, 28, 29, 31, 33, 37] < [ 7,  8,  9, 11, 14, 18, 21, 22, 25, 27, 32, 35, 36]
    Truth table row=[=, <, >, =, <] ix=102 result=[37-] is correct

Test 37+:
    W0: [ 0,  2,  5,  8, 10, 11, 12, 16, 17, 18, 19, 21, 27, 28, 29, 30, 33, 35] = [ 1,  3,  4,  6,  7,  9, 13, 14, 15, 20, 22, 23, 24, 25, 26, 31, 32, 34]
    W1: [ 0,  2,  5,  8, 10, 11, 12, 20, 22, 23, 24, 25, 26, 31, 32, 34, 36, 37] > [ 1,  3,  4,  6,  7,  9, 13, 16, 17, 18, 19, 21, 27, 28, 29, 30, 33, 35]
    W2: [ 7,  9, 13, 16, 17, 18, 19, 21, 31, 32, 34, 36] < [ 8, 10, 11, 12, 14, 15, 20, 29, 30, 33, 35, 37]
    W3: [ 0,  6,  8, 13, 15, 16, 17, 18, 20, 29, 30, 34, 36] = [ 1,  5,  7, 12, 14, 21, 22, 23, 24, 28, 31, 33, 35]
    W4: [ 1,  2,  4,  5, 13, 16, 19, 24, 28, 29, 31, 33, 37] > [ 7,  8,  9, 11, 14, 18, 21, 22, 25, 27, 32, 35, 36]
    Truth table row=[=, >, <, =, >] ix=140 result=[37+] is correct

Total correct results: 76
Total incorrect results: 0
