Solving for 4 balls and 3 weighings.
Using symmetry breaking strategy TruthTableAscending.

Solution:
W0: [ 0,  3] <=> [ 1,  2]
W1: [ 0] <=> [ 1]
W2: [ 0] <=> [ 2]

Truth Table:
ix  W0  W1  W2   Result
 0   <   <   <   0-
 1   <   <   =   1+
 2   <   <   >
 3   <   =   <   2+
 4   <   =   =   3-
 5   <   =   >
 6   <   >   <
 7   <   >   =
 8   <   >   >
 9   =   <   <
10   =   <   =
11   =   <   >
12   =   =   <
13   =   =   =
14   =   =   >
15   =   >   <
16   =   >   =
17   =   >   >
18   >   <   <
19   >   <   =
20   >   <   >
21   >   =   <
22   >   =   =   3+
23   >   =   >   2-
24   >   >   <
25   >   >   =   1-
26   >   >   >   0+

Test 0-:
    W0: [ 0,  3] < [ 1,  2]
    W1: [ 0] < [ 1]
    W2: [ 0] < [ 2]
    Truth table row=[<, <, <] ix=0 result=[0-] is correct

Test 0+:
    W0: [ 0,  3] > [ 1,  2]
    W1: [ 0] > [ 1]
    W2: [ 0] > [ 2]
    Truth table row=[>, >, >] ix=26 result=[0+] is correct

Test 1-:
    W0: [ 0,  3] > [ 1,  2]
    W1: [ 0] > [ 1]
    W2: [ 0] = [ 2]
    Truth table row=[>, >, =] ix=25 result=[1-] is correct

Test 1+:
    W0: [ 0,  3] < [ 1,  2]
    W1: [ 0] < [ 1]
    W2: [ 0] = [ 2]
    Truth table row=[<, <, =] ix=1 result=[1+] is correct

Test 2-:
    W0: [ 0,  3] > [ 1,  2]
    W1: [ 0] = [ 1]
    W2: [ 0] > [ 2]
    Truth table row=[>, =, >] ix=23 result=[2-] is correct

Test 2+:
    W0: [ 0,  3] < [ 1,  2]
    W1: [ 0] = [ 1]
    W2: [ 0] < [ 2]
    Truth table row=[<, =, <] ix=3 result=[2+] is correct

Test 3-:
    W0: [ 0,  3] < [ 1,  2]
    W1: [ 0] = [ 1]
    W2: [ 0] = [ 2]
    Truth table row=[<, =, =] ix=4 result=[3-] is correct

Test 3+:
    W0: [ 0,  3] > [ 1,  2]
    W1: [ 0] = [ 1]
    W2: [ 0] = [ 2]
    Truth table row=[>, =, =] ix=22 result=[3+] is correct

Total correct results: 8
Total incorrect results: 0
