Solving for 38 balls and 4 weighings

Solution:
W0: [ 0,  2,  4,  6,  8, 10, 12, 14, 16, 18, 20, 22, 24] <=> [ 1,  3,  5,  7,  9, 11, 13, 15, 17, 19, 21, 23, 25]
W1: [ 0,  1,  5, 12, 15, 23, 24, 28, 29, 31, 32, 34, 35] <=> [ 2,  6,  7,  8, 17, 18, 19, 20, 21, 25, 30, 36, 37]
W2: [ 4,  6,  9, 11, 14, 17, 21, 26, 27, 29, 32, 33, 37] <=> [ 1,  2,  7, 10, 12, 13, 15, 18, 20, 25, 31, 35, 36]
W3: [ 0,  1,  3,  5,  8,  9, 10, 16, 17, 20, 25, 32, 33] <=> [ 4,  7, 13, 15, 18, 21, 24, 27, 28, 29, 30, 35, 37]

Truth Table:
ix  W0  W1  W2  W3   Result
 0   <   <   <   <   7+
 1   <   <   <   =
 2   <   <   <   >   25+
 3   <   <   =   <   0-
 4   <   <   =   =   19+
 5   <   <   =   >   24-
 6   <   <   >   <   21+
 7   <   <   >   =   12-
 8   <   <   >   >   17+
 9   <   =   <   <   13+
10   <   =   <   =   14-
11   <   =   <   >   4-
12   <   =   =   <   16-
13   <   =   =   =   22-
14   <   =   =   >   3+
15   <   =   >   <   10-
16   <   =   >   =   11+
17   <   =   >   >   9+
18   <   >   <   <   15+
19   <   >   <   =   6-
20   <   >   <   >   1+
21   <   >   =   <   8-
22   <   >   =   =   23+
23   <   >   =   >   5+
24   <   >   >   <   20-
25   <   >   >   =   2-
26   <   >   >   >   18-
27   =   <   <   <   32-
28   =   <   <   =   36+
29   =   <   <   >   29-
30   =   <   =   <   30+
31   =   <   =   =   34-
32   =   <   =   >   28-
33   =   <   >   <   37+
34   =   <   >   =   31-
35   =   <   >   >   35-
36   =   =   <   <   33-
37   =   =   <   =   26-
38   =   =   <   >   27-
39   =   =   =   <
40   =   =   =   =
41   =   =   =   >
42   =   =   >   <   27+
43   =   =   >   =   26+
44   =   =   >   >   33+
45   =   >   <   <   35+
46   =   >   <   =   31+
47   =   >   <   >   37-
48   =   >   =   <   28+
49   =   >   =   =   34+
50   =   >   =   >   30-
51   =   >   >   <   29+
52   =   >   >   =   36-
53   =   >   >   >   32+
54   >   <   <   <   18+
55   >   <   <   =   2+
56   >   <   <   >   20+
57   >   <   =   <   5-
58   >   <   =   =   23-
59   >   <   =   >   8+
60   >   <   >   <   1-
61   >   <   >   =   6+
62   >   <   >   >   15-
63   >   =   <   <   9-
64   >   =   <   =   11-
65   >   =   <   >   10+
66   >   =   =   <   3-
67   >   =   =   =   22+
68   >   =   =   >   16+
69   >   =   >   <   4+
70   >   =   >   =   14+
71   >   =   >   >   13-
72   >   >   <   <   17-
73   >   >   <   =   12+
74   >   >   <   >   21-
75   >   >   =   <   24+
76   >   >   =   =   19-
77   >   >   =   >   0+
78   >   >   >   <   25-
79   >   >   >   =
80   >   >   >   >   7-

Test 0-:
    W0: [ 0,  2,  4,  6,  8, 10, 12, 14, 16, 18, 20, 22, 24] < [ 1,  3,  5,  7,  9, 11, 13, 15, 17, 19, 21, 23, 25]
    W1: [ 0,  1,  5, 12, 15, 23, 24, 28, 29, 31, 32, 34, 35] < [ 2,  6,  7,  8, 17, 18, 19, 20, 21, 25, 30, 36, 37]
    W2: [ 4,  6,  9, 11, 14, 17, 21, 26, 27, 29, 32, 33, 37] = [ 1,  2,  7, 10, 12, 13, 15, 18, 20, 25, 31, 35, 36]
    W3: [ 0,  1,  3,  5,  8,  9, 10, 16, 17, 20, 25, 32, 33] < [ 4,  7, 13, 15, 18, 21, 24, 27, 28, 29, 30, 35, 37]
    Truth table result: ['0-'] is correct

Test 0+:
    W0: [ 0,  2,  4,  6,  8, 10, 12, 14, 16, 18, 20, 22, 24] > [ 1,  3,  5,  7,  9, 11, 13, 15, 17, 19, 21, 23, 25]
    W1: [ 0,  1,  5, 12, 15, 23, 24, 28, 29, 31, 32, 34, 35] > [ 2,  6,  7,  8, 17, 18, 19, 20, 21, 25, 30, 36, 37]
    W2: [ 4,  6,  9, 11, 14, 17, 21, 26, 27, 29, 32, 33, 37] = [ 1,  2,  7, 10, 12, 13, 15, 18, 20, 25, 31, 35, 36]
    W3: [ 0,  1,  3,  5,  8,  9, 10, 16, 17, 20, 25, 32, 33] > [ 4,  7, 13, 15, 18, 21, 24, 27, 28, 29, 30, 35, 37]
    Truth table result: ['0+'] is correct

Test 1-:
    W0: [ 0,  2,  4,  6,  8, 10, 12, 14, 16, 18, 20, 22, 24] > [ 1,  3,  5,  7,  9, 11, 13, 15, 17, 19, 21, 23, 25]
    W1: [ 0,  1,  5, 12, 15, 23, 24, 28, 29, 31, 32, 34, 35] < [ 2,  6,  7,  8, 17, 18, 19, 20, 21, 25, 30, 36, 37]
    W2: [ 4,  6,  9, 11, 14, 17, 21, 26, 27, 29, 32, 33, 37] > [ 1,  2,  7, 10, 12, 13, 15, 18, 20, 25, 31, 35, 36]
    W3: [ 0,  1,  3,  5,  8,  9, 10, 16, 17, 20, 25, 32, 33] < [ 4,  7, 13, 15, 18, 21, 24, 27, 28, 29, 30, 35, 37]
    Truth table result: ['1-'] is correct

Test 1+:
    W0: [ 0,  2,  4,  6,  8, 10, 12, 14, 16, 18, 20, 22, 24] < [ 1,  3,  5,  7,  9, 11, 13, 15, 17, 19, 21, 23, 25]
    W1: [ 0,  1,  5, 12, 15, 23, 24, 28, 29, 31, 32, 34, 35] > [ 2,  6,  7,  8, 17, 18, 19, 20, 21, 25, 30, 36, 37]
    W2: [ 4,  6,  9, 11, 14, 17, 21, 26, 27, 29, 32, 33, 37] < [ 1,  2,  7, 10, 12, 13, 15, 18, 20, 25, 31, 35, 36]
    W3: [ 0,  1,  3,  5,  8,  9, 10, 16, 17, 20, 25, 32, 33] > [ 4,  7, 13, 15, 18, 21, 24, 27, 28, 29, 30, 35, 37]
    Truth table result: ['1+'] is correct

Test 2-:
    W0: [ 0,  2,  4,  6,  8, 10, 12, 14, 16, 18, 20, 22, 24] < [ 1,  3,  5,  7,  9, 11, 13, 15, 17, 19, 21, 23, 25]
    W1: [ 0,  1,  5, 12, 15, 23, 24, 28, 29, 31, 32, 34, 35] > [ 2,  6,  7,  8, 17, 18, 19, 20, 21, 25, 30, 36, 37]
    W2: [ 4,  6,  9, 11, 14, 17, 21, 26, 27, 29, 32, 33, 37] > [ 1,  2,  7, 10, 12, 13, 15, 18, 20, 25, 31, 35, 36]
    W3: [ 0,  1,  3,  5,  8,  9, 10, 16, 17, 20, 25, 32, 33] = [ 4,  7, 13, 15, 18, 21, 24, 27, 28, 29, 30, 35, 37]
    Truth table result: ['2-'] is correct

Test 2+:
    W0: [ 0,  2,  4,  6,  8, 10, 12, 14, 16, 18, 20, 22, 24] > [ 1,  3,  5,  7,  9, 11, 13, 15, 17, 19, 21, 23, 25]
    W1: [ 0,  1,  5, 12, 15, 23, 24, 28, 29, 31, 32, 34, 35] < [ 2,  6,  7,  8, 17, 18, 19, 20, 21, 25, 30, 36, 37]
    W2: [ 4,  6,  9, 11, 14, 17, 21, 26, 27, 29, 32, 33, 37] < [ 1,  2,  7, 10, 12, 13, 15, 18, 20, 25, 31, 35, 36]
    W3: [ 0,  1,  3,  5,  8,  9, 10, 16, 17, 20, 25, 32, 33] = [ 4,  7, 13, 15, 18, 21, 24, 27, 28, 29, 30, 35, 37]
    Truth table result: ['2+'] is correct

Test 3-:
    W0: [ 0,  2,  4,  6,  8, 10, 12, 14, 16, 18, 20, 22, 24] > [ 1,  3,  5,  7,  9, 11, 13, 15, 17, 19, 21, 23, 25]
    W1: [ 0,  1,  5, 12, 15, 23, 24, 28, 29, 31, 32, 34, 35] = [ 2,  6,  7,  8, 17, 18, 19, 20, 21, 25, 30, 36, 37]
    W2: [ 4,  6,  9, 11, 14, 17, 21, 26, 27, 29, 32, 33, 37] = [ 1,  2,  7, 10, 12, 13, 15, 18, 20, 25, 31, 35, 36]
    W3: [ 0,  1,  3,  5,  8,  9, 10, 16, 17, 20, 25, 32, 33] < [ 4,  7, 13, 15, 18, 21, 24, 27, 28, 29, 30, 35, 37]
    Truth table result: ['3-'] is correct

Test 3+:
    W0: [ 0,  2,  4,  6,  8, 10, 12, 14, 16, 18, 20, 22, 24] < [ 1,  3,  5,  7,  9, 11, 13, 15, 17, 19, 21, 23, 25]
    W1: [ 0,  1,  5, 12, 15, 23, 24, 28, 29, 31, 32, 34, 35] = [ 2,  6,  7,  8, 17, 18, 19, 20, 21, 25, 30, 36, 37]
    W2: [ 4,  6,  9, 11, 14, 17, 21, 26, 27, 29, 32, 33, 37] = [ 1,  2,  7, 10, 12, 13, 15, 18, 20, 25, 31, 35, 36]
    W3: [ 0,  1,  3,  5,  8,  9, 10, 16, 17, 20, 25, 32, 33] > [ 4,  7, 13, 15, 18, 21, 24, 27, 28, 29, 30, 35, 37]
    Truth table result: ['3+'] is correct

Test 4-:
    W0: [ 0,  2,  4,  6,  8, 10, 12, 14, 16, 18, 20, 22, 24] < [ 1,  3,  5,  7,  9, 11, 13, 15, 17, 19, 21, 23, 25]
    W1: [ 0,  1,  5, 12, 15, 23, 24, 28, 29, 31, 32, 34, 35] = [ 2,  6,  7,  8, 17, 18, 19, 20, 21, 25, 30, 36, 37]
    W2: [ 4,  6,  9, 11, 14, 17, 21, 26, 27, 29, 32, 33, 37] < [ 1,  2,  7, 10, 12, 13, 15, 18, 20, 25, 31, 35, 36]
    W3: [ 0,  1,  3,  5,  8,  9, 10, 16, 17, 20, 25, 32, 33] > [ 4,  7, 13, 15, 18, 21, 24, 27, 28, 29, 30, 35, 37]
    Truth table result: ['4-'] is correct

Test 4+:
    W0: [ 0,  2,  4,  6,  8, 10, 12, 14, 16, 18, 20, 22, 24] > [ 1,  3,  5,  7,  9, 11, 13, 15, 17, 19, 21, 23, 25]
    W1: [ 0,  1,  5, 12, 15, 23, 24, 28, 29, 31, 32, 34, 35] = [ 2,  6,  7,  8, 17, 18, 19, 20, 21, 25, 30, 36, 37]
    W2: [ 4,  6,  9, 11, 14, 17, 21, 26, 27, 29, 32, 33, 37] > [ 1,  2,  7, 10, 12, 13, 15, 18, 20, 25, 31, 35, 36]
    W3: [ 0,  1,  3,  5,  8,  9, 10, 16, 17, 20, 25, 32, 33] < [ 4,  7, 13, 15, 18, 21, 24, 27, 28, 29, 30, 35, 37]
    Truth table result: ['4+'] is correct

Test 5-:
    W0: [ 0,  2,  4,  6,  8, 10, 12, 14, 16, 18, 20, 22, 24] > [ 1,  3,  5,  7,  9, 11, 13, 15, 17, 19, 21, 23, 25]
    W1: [ 0,  1,  5, 12, 15, 23, 24, 28, 29, 31, 32, 34, 35] < [ 2,  6,  7,  8, 17, 18, 19, 20, 21, 25, 30, 36, 37]
    W2: [ 4,  6,  9, 11, 14, 17, 21, 26, 27, 29, 32, 33, 37] = [ 1,  2,  7, 10, 12, 13, 15, 18, 20, 25, 31, 35, 36]
    W3: [ 0,  1,  3,  5,  8,  9, 10, 16, 17, 20, 25, 32, 33] < [ 4,  7, 13, 15, 18, 21, 24, 27, 28, 29, 30, 35, 37]
    Truth table result: ['5-'] is correct

Test 5+:
    W0: [ 0,  2,  4,  6,  8, 10, 12, 14, 16, 18, 20, 22, 24] < [ 1,  3,  5,  7,  9, 11, 13, 15, 17, 19, 21, 23, 25]
    W1: [ 0,  1,  5, 12, 15, 23, 24, 28, 29, 31, 32, 34, 35] > [ 2,  6,  7,  8, 17, 18, 19, 20, 21, 25, 30, 36, 37]
    W2: [ 4,  6,  9, 11, 14, 17, 21, 26, 27, 29, 32, 33, 37] = [ 1,  2,  7, 10, 12, 13, 15, 18, 20, 25, 31, 35, 36]
    W3: [ 0,  1,  3,  5,  8,  9, 10, 16, 17, 20, 25, 32, 33] > [ 4,  7, 13, 15, 18, 21, 24, 27, 28, 29, 30, 35, 37]
    Truth table result: ['5+'] is correct

Test 6-:
    W0: [ 0,  2,  4,  6,  8, 10, 12, 14, 16, 18, 20, 22, 24] < [ 1,  3,  5,  7,  9, 11, 13, 15, 17, 19, 21, 23, 25]
    W1: [ 0,  1,  5, 12, 15, 23, 24, 28, 29, 31, 32, 34, 35] > [ 2,  6,  7,  8, 17, 18, 19, 20, 21, 25, 30, 36, 37]
    W2: [ 4,  6,  9, 11, 14, 17, 21, 26, 27, 29, 32, 33, 37] < [ 1,  2,  7, 10, 12, 13, 15, 18, 20, 25, 31, 35, 36]
    W3: [ 0,  1,  3,  5,  8,  9, 10, 16, 17, 20, 25, 32, 33] = [ 4,  7, 13, 15, 18, 21, 24, 27, 28, 29, 30, 35, 37]
    Truth table result: ['6-'] is correct

Test 6+:
    W0: [ 0,  2,  4,  6,  8, 10, 12, 14, 16, 18, 20, 22, 24] > [ 1,  3,  5,  7,  9, 11, 13, 15, 17, 19, 21, 23, 25]
    W1: [ 0,  1,  5, 12, 15, 23, 24, 28, 29, 31, 32, 34, 35] < [ 2,  6,  7,  8, 17, 18, 19, 20, 21, 25, 30, 36, 37]
    W2: [ 4,  6,  9, 11, 14, 17, 21, 26, 27, 29, 32, 33, 37] > [ 1,  2,  7, 10, 12, 13, 15, 18, 20, 25, 31, 35, 36]
    W3: [ 0,  1,  3,  5,  8,  9, 10, 16, 17, 20, 25, 32, 33] = [ 4,  7, 13, 15, 18, 21, 24, 27, 28, 29, 30, 35, 37]
    Truth table result: ['6+'] is correct

Test 7-:
    W0: [ 0,  2,  4,  6,  8, 10, 12, 14, 16, 18, 20, 22, 24] > [ 1,  3,  5,  7,  9, 11, 13, 15, 17, 19, 21, 23, 25]
    W1: [ 0,  1,  5, 12, 15, 23, 24, 28, 29, 31, 32, 34, 35] > [ 2,  6,  7,  8, 17, 18, 19, 20, 21, 25, 30, 36, 37]
    W2: [ 4,  6,  9, 11, 14, 17, 21, 26, 27, 29, 32, 33, 37] > [ 1,  2,  7, 10, 12, 13, 15, 18, 20, 25, 31, 35, 36]
    W3: [ 0,  1,  3,  5,  8,  9, 10, 16, 17, 20, 25, 32, 33] > [ 4,  7, 13, 15, 18, 21, 24, 27, 28, 29, 30, 35, 37]
    Truth table result: ['7-'] is correct

Test 7+:
    W0: [ 0,  2,  4,  6,  8, 10, 12, 14, 16, 18, 20, 22, 24] < [ 1,  3,  5,  7,  9, 11, 13, 15, 17, 19, 21, 23, 25]
    W1: [ 0,  1,  5, 12, 15, 23, 24, 28, 29, 31, 32, 34, 35] < [ 2,  6,  7,  8, 17, 18, 19, 20, 21, 25, 30, 36, 37]
    W2: [ 4,  6,  9, 11, 14, 17, 21, 26, 27, 29, 32, 33, 37] < [ 1,  2,  7, 10, 12, 13, 15, 18, 20, 25, 31, 35, 36]
    W3: [ 0,  1,  3,  5,  8,  9, 10, 16, 17, 20, 25, 32, 33] < [ 4,  7, 13, 15, 18, 21, 24, 27, 28, 29, 30, 35, 37]
    Truth table result: ['7+'] is correct

Test 8-:
    W0: [ 0,  2,  4,  6,  8, 10, 12, 14, 16, 18, 20, 22, 24] < [ 1,  3,  5,  7,  9, 11, 13, 15, 17, 19, 21, 23, 25]
    W1: [ 0,  1,  5, 12, 15, 23, 24, 28, 29, 31, 32, 34, 35] > [ 2,  6,  7,  8, 17, 18, 19, 20, 21, 25, 30, 36, 37]
    W2: [ 4,  6,  9, 11, 14, 17, 21, 26, 27, 29, 32, 33, 37] = [ 1,  2,  7, 10, 12, 13, 15, 18, 20, 25, 31, 35, 36]
    W3: [ 0,  1,  3,  5,  8,  9, 10, 16, 17, 20, 25, 32, 33] < [ 4,  7, 13, 15, 18, 21, 24, 27, 28, 29, 30, 35, 37]
    Truth table result: ['8-'] is correct

Test 8+:
    W0: [ 0,  2,  4,  6,  8, 10, 12, 14, 16, 18, 20, 22, 24] > [ 1,  3,  5,  7,  9, 11, 13, 15, 17, 19, 21, 23, 25]
    W1: [ 0,  1,  5, 12, 15, 23, 24, 28, 29, 31, 32, 34, 35] < [ 2,  6,  7,  8, 17, 18, 19, 20, 21, 25, 30, 36, 37]
    W2: [ 4,  6,  9, 11, 14, 17, 21, 26, 27, 29, 32, 33, 37] = [ 1,  2,  7, 10, 12, 13, 15, 18, 20, 25, 31, 35, 36]
    W3: [ 0,  1,  3,  5,  8,  9, 10, 16, 17, 20, 25, 32, 33] > [ 4,  7, 13, 15, 18, 21, 24, 27, 28, 29, 30, 35, 37]
    Truth table result: ['8+'] is correct

Test 9-:
    W0: [ 0,  2,  4,  6,  8, 10, 12, 14, 16, 18, 20, 22, 24] > [ 1,  3,  5,  7,  9, 11, 13, 15, 17, 19, 21, 23, 25]
    W1: [ 0,  1,  5, 12, 15, 23, 24, 28, 29, 31, 32, 34, 35] = [ 2,  6,  7,  8, 17, 18, 19, 20, 21, 25, 30, 36, 37]
    W2: [ 4,  6,  9, 11, 14, 17, 21, 26, 27, 29, 32, 33, 37] < [ 1,  2,  7, 10, 12, 13, 15, 18, 20, 25, 31, 35, 36]
    W3: [ 0,  1,  3,  5,  8,  9, 10, 16, 17, 20, 25, 32, 33] < [ 4,  7, 13, 15, 18, 21, 24, 27, 28, 29, 30, 35, 37]
    Truth table result: ['9-'] is correct

Test 9+:
    W0: [ 0,  2,  4,  6,  8, 10, 12, 14, 16, 18, 20, 22, 24] < [ 1,  3,  5,  7,  9, 11, 13, 15, 17, 19, 21, 23, 25]
    W1: [ 0,  1,  5, 12, 15, 23, 24, 28, 29, 31, 32, 34, 35] = [ 2,  6,  7,  8, 17, 18, 19, 20, 21, 25, 30, 36, 37]
    W2: [ 4,  6,  9, 11, 14, 17, 21, 26, 27, 29, 32, 33, 37] > [ 1,  2,  7, 10, 12, 13, 15, 18, 20, 25, 31, 35, 36]
    W3: [ 0,  1,  3,  5,  8,  9, 10, 16, 17, 20, 25, 32, 33] > [ 4,  7, 13, 15, 18, 21, 24, 27, 28, 29, 30, 35, 37]
    Truth table result: ['9+'] is correct

Test 10-:
    W0: [ 0,  2,  4,  6,  8, 10, 12, 14, 16, 18, 20, 22, 24] < [ 1,  3,  5,  7,  9, 11, 13, 15, 17, 19, 21, 23, 25]
    W1: [ 0,  1,  5, 12, 15, 23, 24, 28, 29, 31, 32, 34, 35] = [ 2,  6,  7,  8, 17, 18, 19, 20, 21, 25, 30, 36, 37]
    W2: [ 4,  6,  9, 11, 14, 17, 21, 26, 27, 29, 32, 33, 37] > [ 1,  2,  7, 10, 12, 13, 15, 18, 20, 25, 31, 35, 36]
    W3: [ 0,  1,  3,  5,  8,  9, 10, 16, 17, 20, 25, 32, 33] < [ 4,  7, 13, 15, 18, 21, 24, 27, 28, 29, 30, 35, 37]
    Truth table result: ['10-'] is correct

Test 10+:
    W0: [ 0,  2,  4,  6,  8, 10, 12, 14, 16, 18, 20, 22, 24] > [ 1,  3,  5,  7,  9, 11, 13, 15, 17, 19, 21, 23, 25]
    W1: [ 0,  1,  5, 12, 15, 23, 24, 28, 29, 31, 32, 34, 35] = [ 2,  6,  7,  8, 17, 18, 19, 20, 21, 25, 30, 36, 37]
    W2: [ 4,  6,  9, 11, 14, 17, 21, 26, 27, 29, 32, 33, 37] < [ 1,  2,  7, 10, 12, 13, 15, 18, 20, 25, 31, 35, 36]
    W3: [ 0,  1,  3,  5,  8,  9, 10, 16, 17, 20, 25, 32, 33] > [ 4,  7, 13, 15, 18, 21, 24, 27, 28, 29, 30, 35, 37]
    Truth table result: ['10+'] is correct

Test 11-:
    W0: [ 0,  2,  4,  6,  8, 10, 12, 14, 16, 18, 20, 22, 24] > [ 1,  3,  5,  7,  9, 11, 13, 15, 17, 19, 21, 23, 25]
    W1: [ 0,  1,  5, 12, 15, 23, 24, 28, 29, 31, 32, 34, 35] = [ 2,  6,  7,  8, 17, 18, 19, 20, 21, 25, 30, 36, 37]
    W2: [ 4,  6,  9, 11, 14, 17, 21, 26, 27, 29, 32, 33, 37] < [ 1,  2,  7, 10, 12, 13, 15, 18, 20, 25, 31, 35, 36]
    W3: [ 0,  1,  3,  5,  8,  9, 10, 16, 17, 20, 25, 32, 33] = [ 4,  7, 13, 15, 18, 21, 24, 27, 28, 29, 30, 35, 37]
    Truth table result: ['11-'] is correct

Test 11+:
    W0: [ 0,  2,  4,  6,  8, 10, 12, 14, 16, 18, 20, 22, 24] < [ 1,  3,  5,  7,  9, 11, 13, 15, 17, 19, 21, 23, 25]
    W1: [ 0,  1,  5, 12, 15, 23, 24, 28, 29, 31, 32, 34, 35] = [ 2,  6,  7,  8, 17, 18, 19, 20, 21, 25, 30, 36, 37]
    W2: [ 4,  6,  9, 11, 14, 17, 21, 26, 27, 29, 32, 33, 37] > [ 1,  2,  7, 10, 12, 13, 15, 18, 20, 25, 31, 35, 36]
    W3: [ 0,  1,  3,  5,  8,  9, 10, 16, 17, 20, 25, 32, 33] = [ 4,  7, 13, 15, 18, 21, 24, 27, 28, 29, 30, 35, 37]
    Truth table result: ['11+'] is correct

Test 12-:
    W0: [ 0,  2,  4,  6,  8, 10, 12, 14, 16, 18, 20, 22, 24] < [ 1,  3,  5,  7,  9, 11, 13, 15, 17, 19, 21, 23, 25]
    W1: [ 0,  1,  5, 12, 15, 23, 24, 28, 29, 31, 32, 34, 35] < [ 2,  6,  7,  8, 17, 18, 19, 20, 21, 25, 30, 36, 37]
    W2: [ 4,  6,  9, 11, 14, 17, 21, 26, 27, 29, 32, 33, 37] > [ 1,  2,  7, 10, 12, 13, 15, 18, 20, 25, 31, 35, 36]
    W3: [ 0,  1,  3,  5,  8,  9, 10, 16, 17, 20, 25, 32, 33] = [ 4,  7, 13, 15, 18, 21, 24, 27, 28, 29, 30, 35, 37]
    Truth table result: ['12-'] is correct

Test 12+:
    W0: [ 0,  2,  4,  6,  8, 10, 12, 14, 16, 18, 20, 22, 24] > [ 1,  3,  5,  7,  9, 11, 13, 15, 17, 19, 21, 23, 25]
    W1: [ 0,  1,  5, 12, 15, 23, 24, 28, 29, 31, 32, 34, 35] > [ 2,  6,  7,  8, 17, 18, 19, 20, 21, 25, 30, 36, 37]
    W2: [ 4,  6,  9, 11, 14, 17, 21, 26, 27, 29, 32, 33, 37] < [ 1,  2,  7, 10, 12, 13, 15, 18, 20, 25, 31, 35, 36]
    W3: [ 0,  1,  3,  5,  8,  9, 10, 16, 17, 20, 25, 32, 33] = [ 4,  7, 13, 15, 18, 21, 24, 27, 28, 29, 30, 35, 37]
    Truth table result: ['12+'] is correct

Test 13-:
    W0: [ 0,  2,  4,  6,  8, 10, 12, 14, 16, 18, 20, 22, 24] > [ 1,  3,  5,  7,  9, 11, 13, 15, 17, 19, 21, 23, 25]
    W1: [ 0,  1,  5, 12, 15, 23, 24, 28, 29, 31, 32, 34, 35] = [ 2,  6,  7,  8, 17, 18, 19, 20, 21, 25, 30, 36, 37]
    W2: [ 4,  6,  9, 11, 14, 17, 21, 26, 27, 29, 32, 33, 37] > [ 1,  2,  7, 10, 12, 13, 15, 18, 20, 25, 31, 35, 36]
    W3: [ 0,  1,  3,  5,  8,  9, 10, 16, 17, 20, 25, 32, 33] > [ 4,  7, 13, 15, 18, 21, 24, 27, 28, 29, 30, 35, 37]
    Truth table result: ['13-'] is correct

Test 13+:
    W0: [ 0,  2,  4,  6,  8, 10, 12, 14, 16, 18, 20, 22, 24] < [ 1,  3,  5,  7,  9, 11, 13, 15, 17, 19, 21, 23, 25]
    W1: [ 0,  1,  5, 12, 15, 23, 24, 28, 29, 31, 32, 34, 35] = [ 2,  6,  7,  8, 17, 18, 19, 20, 21, 25, 30, 36, 37]
    W2: [ 4,  6,  9, 11, 14, 17, 21, 26, 27, 29, 32, 33, 37] < [ 1,  2,  7, 10, 12, 13, 15, 18, 20, 25, 31, 35, 36]
    W3: [ 0,  1,  3,  5,  8,  9, 10, 16, 17, 20, 25, 32, 33] < [ 4,  7, 13, 15, 18, 21, 24, 27, 28, 29, 30, 35, 37]
    Truth table result: ['13+'] is correct

Test 14-:
    W0: [ 0,  2,  4,  6,  8, 10, 12, 14, 16, 18, 20, 22, 24] < [ 1,  3,  5,  7,  9, 11, 13, 15, 17, 19, 21, 23, 25]
    W1: [ 0,  1,  5, 12, 15, 23, 24, 28, 29, 31, 32, 34, 35] = [ 2,  6,  7,  8, 17, 18, 19, 20, 21, 25, 30, 36, 37]
    W2: [ 4,  6,  9, 11, 14, 17, 21, 26, 27, 29, 32, 33, 37] < [ 1,  2,  7, 10, 12, 13, 15, 18, 20, 25, 31, 35, 36]
    W3: [ 0,  1,  3,  5,  8,  9, 10, 16, 17, 20, 25, 32, 33] = [ 4,  7, 13, 15, 18, 21, 24, 27, 28, 29, 30, 35, 37]
    Truth table result: ['14-'] is correct

Test 14+:
    W0: [ 0,  2,  4,  6,  8, 10, 12, 14, 16, 18, 20, 22, 24] > [ 1,  3,  5,  7,  9, 11, 13, 15, 17, 19, 21, 23, 25]
    W1: [ 0,  1,  5, 12, 15, 23, 24, 28, 29, 31, 32, 34, 35] = [ 2,  6,  7,  8, 17, 18, 19, 20, 21, 25, 30, 36, 37]
    W2: [ 4,  6,  9, 11, 14, 17, 21, 26, 27, 29, 32, 33, 37] > [ 1,  2,  7, 10, 12, 13, 15, 18, 20, 25, 31, 35, 36]
    W3: [ 0,  1,  3,  5,  8,  9, 10, 16, 17, 20, 25, 32, 33] = [ 4,  7, 13, 15, 18, 21, 24, 27, 28, 29, 30, 35, 37]
    Truth table result: ['14+'] is correct

Test 15-:
    W0: [ 0,  2,  4,  6,  8, 10, 12, 14, 16, 18, 20, 22, 24] > [ 1,  3,  5,  7,  9, 11, 13, 15, 17, 19, 21, 23, 25]
    W1: [ 0,  1,  5, 12, 15, 23, 24, 28, 29, 31, 32, 34, 35] < [ 2,  6,  7,  8, 17, 18, 19, 20, 21, 25, 30, 36, 37]
    W2: [ 4,  6,  9, 11, 14, 17, 21, 26, 27, 29, 32, 33, 37] > [ 1,  2,  7, 10, 12, 13, 15, 18, 20, 25, 31, 35, 36]
    W3: [ 0,  1,  3,  5,  8,  9, 10, 16, 17, 20, 25, 32, 33] > [ 4,  7, 13, 15, 18, 21, 24, 27, 28, 29, 30, 35, 37]
    Truth table result: ['15-'] is correct

Test 15+:
    W0: [ 0,  2,  4,  6,  8, 10, 12, 14, 16, 18, 20, 22, 24] < [ 1,  3,  5,  7,  9, 11, 13, 15, 17, 19, 21, 23, 25]
    W1: [ 0,  1,  5, 12, 15, 23, 24, 28, 29, 31, 32, 34, 35] > [ 2,  6,  7,  8, 17, 18, 19, 20, 21, 25, 30, 36, 37]
    W2: [ 4,  6,  9, 11, 14, 17, 21, 26, 27, 29, 32, 33, 37] < [ 1,  2,  7, 10, 12, 13, 15, 18, 20, 25, 31, 35, 36]
    W3: [ 0,  1,  3,  5,  8,  9, 10, 16, 17, 20, 25, 32, 33] < [ 4,  7, 13, 15, 18, 21, 24, 27, 28, 29, 30, 35, 37]
    Truth table result: ['15+'] is correct

Test 16-:
    W0: [ 0,  2,  4,  6,  8, 10, 12, 14, 16, 18, 20, 22, 24] < [ 1,  3,  5,  7,  9, 11, 13, 15, 17, 19, 21, 23, 25]
    W1: [ 0,  1,  5, 12, 15, 23, 24, 28, 29, 31, 32, 34, 35] = [ 2,  6,  7,  8, 17, 18, 19, 20, 21, 25, 30, 36, 37]
    W2: [ 4,  6,  9, 11, 14, 17, 21, 26, 27, 29, 32, 33, 37] = [ 1,  2,  7, 10, 12, 13, 15, 18, 20, 25, 31, 35, 36]
    W3: [ 0,  1,  3,  5,  8,  9, 10, 16, 17, 20, 25, 32, 33] < [ 4,  7, 13, 15, 18, 21, 24, 27, 28, 29, 30, 35, 37]
    Truth table result: ['16-'] is correct

Test 16+:
    W0: [ 0,  2,  4,  6,  8, 10, 12, 14, 16, 18, 20, 22, 24] > [ 1,  3,  5,  7,  9, 11, 13, 15, 17, 19, 21, 23, 25]
    W1: [ 0,  1,  5, 12, 15, 23, 24, 28, 29, 31, 32, 34, 35] = [ 2,  6,  7,  8, 17, 18, 19, 20, 21, 25, 30, 36, 37]
    W2: [ 4,  6,  9, 11, 14, 17, 21, 26, 27, 29, 32, 33, 37] = [ 1,  2,  7, 10, 12, 13, 15, 18, 20, 25, 31, 35, 36]
    W3: [ 0,  1,  3,  5,  8,  9, 10, 16, 17, 20, 25, 32, 33] > [ 4,  7, 13, 15, 18, 21, 24, 27, 28, 29, 30, 35, 37]
    Truth table result: ['16+'] is correct

Test 17-:
    W0: [ 0,  2,  4,  6,  8, 10, 12, 14, 16, 18, 20, 22, 24] > [ 1,  3,  5,  7,  9, 11, 13, 15, 17, 19, 21, 23, 25]
    W1: [ 0,  1,  5, 12, 15, 23, 24, 28, 29, 31, 32, 34, 35] > [ 2,  6,  7,  8, 17, 18, 19, 20, 21, 25, 30, 36, 37]
    W2: [ 4,  6,  9, 11, 14, 17, 21, 26, 27, 29, 32, 33, 37] < [ 1,  2,  7, 10, 12, 13, 15, 18, 20, 25, 31, 35, 36]
    W3: [ 0,  1,  3,  5,  8,  9, 10, 16, 17, 20, 25, 32, 33] < [ 4,  7, 13, 15, 18, 21, 24, 27, 28, 29, 30, 35, 37]
    Truth table result: ['17-'] is correct

Test 17+:
    W0: [ 0,  2,  4,  6,  8, 10, 12, 14, 16, 18, 20, 22, 24] < [ 1,  3,  5,  7,  9, 11, 13, 15, 17, 19, 21, 23, 25]
    W1: [ 0,  1,  5, 12, 15, 23, 24, 28, 29, 31, 32, 34, 35] < [ 2,  6,  7,  8, 17, 18, 19, 20, 21, 25, 30, 36, 37]
    W2: [ 4,  6,  9, 11, 14, 17, 21, 26, 27, 29, 32, 33, 37] > [ 1,  2,  7, 10, 12, 13, 15, 18, 20, 25, 31, 35, 36]
    W3: [ 0,  1,  3,  5,  8,  9, 10, 16, 17, 20, 25, 32, 33] > [ 4,  7, 13, 15, 18, 21, 24, 27, 28, 29, 30, 35, 37]
    Truth table result: ['17+'] is correct

Test 18-:
    W0: [ 0,  2,  4,  6,  8, 10, 12, 14, 16, 18, 20, 22, 24] < [ 1,  3,  5,  7,  9, 11, 13, 15, 17, 19, 21, 23, 25]
    W1: [ 0,  1,  5, 12, 15, 23, 24, 28, 29, 31, 32, 34, 35] > [ 2,  6,  7,  8, 17, 18, 19, 20, 21, 25, 30, 36, 37]
    W2: [ 4,  6,  9, 11, 14, 17, 21, 26, 27, 29, 32, 33, 37] > [ 1,  2,  7, 10, 12, 13, 15, 18, 20, 25, 31, 35, 36]
    W3: [ 0,  1,  3,  5,  8,  9, 10, 16, 17, 20, 25, 32, 33] > [ 4,  7, 13, 15, 18, 21, 24, 27, 28, 29, 30, 35, 37]
    Truth table result: ['18-'] is correct

Test 18+:
    W0: [ 0,  2,  4,  6,  8, 10, 12, 14, 16, 18, 20, 22, 24] > [ 1,  3,  5,  7,  9, 11, 13, 15, 17, 19, 21, 23, 25]
    W1: [ 0,  1,  5, 12, 15, 23, 24, 28, 29, 31, 32, 34, 35] < [ 2,  6,  7,  8, 17, 18, 19, 20, 21, 25, 30, 36, 37]
    W2: [ 4,  6,  9, 11, 14, 17, 21, 26, 27, 29, 32, 33, 37] < [ 1,  2,  7, 10, 12, 13, 15, 18, 20, 25, 31, 35, 36]
    W3: [ 0,  1,  3,  5,  8,  9, 10, 16, 17, 20, 25, 32, 33] < [ 4,  7, 13, 15, 18, 21, 24, 27, 28, 29, 30, 35, 37]
    Truth table result: ['18+'] is correct

Test 19-:
    W0: [ 0,  2,  4,  6,  8, 10, 12, 14, 16, 18, 20, 22, 24] > [ 1,  3,  5,  7,  9, 11, 13, 15, 17, 19, 21, 23, 25]
    W1: [ 0,  1,  5, 12, 15, 23, 24, 28, 29, 31, 32, 34, 35] > [ 2,  6,  7,  8, 17, 18, 19, 20, 21, 25, 30, 36, 37]
    W2: [ 4,  6,  9, 11, 14, 17, 21, 26, 27, 29, 32, 33, 37] = [ 1,  2,  7, 10, 12, 13, 15, 18, 20, 25, 31, 35, 36]
    W3: [ 0,  1,  3,  5,  8,  9, 10, 16, 17, 20, 25, 32, 33] = [ 4,  7, 13, 15, 18, 21, 24, 27, 28, 29, 30, 35, 37]
    Truth table result: ['19-'] is correct

Test 19+:
    W0: [ 0,  2,  4,  6,  8, 10, 12, 14, 16, 18, 20, 22, 24] < [ 1,  3,  5,  7,  9, 11, 13, 15, 17, 19, 21, 23, 25]
    W1: [ 0,  1,  5, 12, 15, 23, 24, 28, 29, 31, 32, 34, 35] < [ 2,  6,  7,  8, 17, 18, 19, 20, 21, 25, 30, 36, 37]
    W2: [ 4,  6,  9, 11, 14, 17, 21, 26, 27, 29, 32, 33, 37] = [ 1,  2,  7, 10, 12, 13, 15, 18, 20, 25, 31, 35, 36]
    W3: [ 0,  1,  3,  5,  8,  9, 10, 16, 17, 20, 25, 32, 33] = [ 4,  7, 13, 15, 18, 21, 24, 27, 28, 29, 30, 35, 37]
    Truth table result: ['19+'] is correct

Test 20-:
    W0: [ 0,  2,  4,  6,  8, 10, 12, 14, 16, 18, 20, 22, 24] < [ 1,  3,  5,  7,  9, 11, 13, 15, 17, 19, 21, 23, 25]
    W1: [ 0,  1,  5, 12, 15, 23, 24, 28, 29, 31, 32, 34, 35] > [ 2,  6,  7,  8, 17, 18, 19, 20, 21, 25, 30, 36, 37]
    W2: [ 4,  6,  9, 11, 14, 17, 21, 26, 27, 29, 32, 33, 37] > [ 1,  2,  7, 10, 12, 13, 15, 18, 20, 25, 31, 35, 36]
    W3: [ 0,  1,  3,  5,  8,  9, 10, 16, 17, 20, 25, 32, 33] < [ 4,  7, 13, 15, 18, 21, 24, 27, 28, 29, 30, 35, 37]
    Truth table result: ['20-'] is correct

Test 20+:
    W0: [ 0,  2,  4,  6,  8, 10, 12, 14, 16, 18, 20, 22, 24] > [ 1,  3,  5,  7,  9, 11, 13, 15, 17, 19, 21, 23, 25]
    W1: [ 0,  1,  5, 12, 15, 23, 24, 28, 29, 31, 32, 34, 35] < [ 2,  6,  7,  8, 17, 18, 19, 20, 21, 25, 30, 36, 37]
    W2: [ 4,  6,  9, 11, 14, 17, 21, 26, 27, 29, 32, 33, 37] < [ 1,  2,  7, 10, 12, 13, 15, 18, 20, 25, 31, 35, 36]
    W3: [ 0,  1,  3,  5,  8,  9, 10, 16, 17, 20, 25, 32, 33] > [ 4,  7, 13, 15, 18, 21, 24, 27, 28, 29, 30, 35, 37]
    Truth table result: ['20+'] is correct

Test 21-:
    W0: [ 0,  2,  4,  6,  8, 10, 12, 14, 16, 18, 20, 22, 24] > [ 1,  3,  5,  7,  9, 11, 13, 15, 17, 19, 21, 23, 25]
    W1: [ 0,  1,  5, 12, 15, 23, 24, 28, 29, 31, 32, 34, 35] > [ 2,  6,  7,  8, 17, 18, 19, 20, 21, 25, 30, 36, 37]
    W2: [ 4,  6,  9, 11, 14, 17, 21, 26, 27, 29, 32, 33, 37] < [ 1,  2,  7, 10, 12, 13, 15, 18, 20, 25, 31, 35, 36]
    W3: [ 0,  1,  3,  5,  8,  9, 10, 16, 17, 20, 25, 32, 33] > [ 4,  7, 13, 15, 18, 21, 24, 27, 28, 29, 30, 35, 37]
    Truth table result: ['21-'] is correct

Test 21+:
    W0: [ 0,  2,  4,  6,  8, 10, 12, 14, 16, 18, 20, 22, 24] < [ 1,  3,  5,  7,  9, 11, 13, 15, 17, 19, 21, 23, 25]
    W1: [ 0,  1,  5, 12, 15, 23, 24, 28, 29, 31, 32, 34, 35] < [ 2,  6,  7,  8, 17, 18, 19, 20, 21, 25, 30, 36, 37]
    W2: [ 4,  6,  9, 11, 14, 17, 21, 26, 27, 29, 32, 33, 37] > [ 1,  2,  7, 10, 12, 13, 15, 18, 20, 25, 31, 35, 36]
    W3: [ 0,  1,  3,  5,  8,  9, 10, 16, 17, 20, 25, 32, 33] < [ 4,  7, 13, 15, 18, 21, 24, 27, 28, 29, 30, 35, 37]
    Truth table result: ['21+'] is correct

Test 22-:
    W0: [ 0,  2,  4,  6,  8, 10, 12, 14, 16, 18, 20, 22, 24] < [ 1,  3,  5,  7,  9, 11, 13, 15, 17, 19, 21, 23, 25]
    W1: [ 0,  1,  5, 12, 15, 23, 24, 28, 29, 31, 32, 34, 35] = [ 2,  6,  7,  8, 17, 18, 19, 20, 21, 25, 30, 36, 37]
    W2: [ 4,  6,  9, 11, 14, 17, 21, 26, 27, 29, 32, 33, 37] = [ 1,  2,  7, 10, 12, 13, 15, 18, 20, 25, 31, 35, 36]
    W3: [ 0,  1,  3,  5,  8,  9, 10, 16, 17, 20, 25, 32, 33] = [ 4,  7, 13, 15, 18, 21, 24, 27, 28, 29, 30, 35, 37]
    Truth table result: ['22-'] is correct

Test 22+:
    W0: [ 0,  2,  4,  6,  8, 10, 12, 14, 16, 18, 20, 22, 24] > [ 1,  3,  5,  7,  9, 11, 13, 15, 17, 19, 21, 23, 25]
    W1: [ 0,  1,  5, 12, 15, 23, 24, 28, 29, 31, 32, 34, 35] = [ 2,  6,  7,  8, 17, 18, 19, 20, 21, 25, 30, 36, 37]
    W2: [ 4,  6,  9, 11, 14, 17, 21, 26, 27, 29, 32, 33, 37] = [ 1,  2,  7, 10, 12, 13, 15, 18, 20, 25, 31, 35, 36]
    W3: [ 0,  1,  3,  5,  8,  9, 10, 16, 17, 20, 25, 32, 33] = [ 4,  7, 13, 15, 18, 21, 24, 27, 28, 29, 30, 35, 37]
    Truth table result: ['22+'] is correct

Test 23-:
    W0: [ 0,  2,  4,  6,  8, 10, 12, 14, 16, 18, 20, 22, 24] > [ 1,  3,  5,  7,  9, 11, 13, 15, 17, 19, 21, 23, 25]
    W1: [ 0,  1,  5, 12, 15, 23, 24, 28, 29, 31, 32, 34, 35] < [ 2,  6,  7,  8, 17, 18, 19, 20, 21, 25, 30, 36, 37]
    W2: [ 4,  6,  9, 11, 14, 17, 21, 26, 27, 29, 32, 33, 37] = [ 1,  2,  7, 10, 12, 13, 15, 18, 20, 25, 31, 35, 36]
    W3: [ 0,  1,  3,  5,  8,  9, 10, 16, 17, 20, 25, 32, 33] = [ 4,  7, 13, 15, 18, 21, 24, 27, 28, 29, 30, 35, 37]
    Truth table result: ['23-'] is correct

Test 23+:
    W0: [ 0,  2,  4,  6,  8, 10, 12, 14, 16, 18, 20, 22, 24] < [ 1,  3,  5,  7,  9, 11, 13, 15, 17, 19, 21, 23, 25]
    W1: [ 0,  1,  5, 12, 15, 23, 24, 28, 29, 31, 32, 34, 35] > [ 2,  6,  7,  8, 17, 18, 19, 20, 21, 25, 30, 36, 37]
    W2: [ 4,  6,  9, 11, 14, 17, 21, 26, 27, 29, 32, 33, 37] = [ 1,  2,  7, 10, 12, 13, 15, 18, 20, 25, 31, 35, 36]
    W3: [ 0,  1,  3,  5,  8,  9, 10, 16, 17, 20, 25, 32, 33] = [ 4,  7, 13, 15, 18, 21, 24, 27, 28, 29, 30, 35, 37]
    Truth table result: ['23+'] is correct

Test 24-:
    W0: [ 0,  2,  4,  6,  8, 10, 12, 14, 16, 18, 20, 22, 24] < [ 1,  3,  5,  7,  9, 11, 13, 15, 17, 19, 21, 23, 25]
    W1: [ 0,  1,  5, 12, 15, 23, 24, 28, 29, 31, 32, 34, 35] < [ 2,  6,  7,  8, 17, 18, 19, 20, 21, 25, 30, 36, 37]
    W2: [ 4,  6,  9, 11, 14, 17, 21, 26, 27, 29, 32, 33, 37] = [ 1,  2,  7, 10, 12, 13, 15, 18, 20, 25, 31, 35, 36]
    W3: [ 0,  1,  3,  5,  8,  9, 10, 16, 17, 20, 25, 32, 33] > [ 4,  7, 13, 15, 18, 21, 24, 27, 28, 29, 30, 35, 37]
    Truth table result: ['24-'] is correct

Test 24+:
    W0: [ 0,  2,  4,  6,  8, 10, 12, 14, 16, 18, 20, 22, 24] > [ 1,  3,  5,  7,  9, 11, 13, 15, 17, 19, 21, 23, 25]
    W1: [ 0,  1,  5, 12, 15, 23, 24, 28, 29, 31, 32, 34, 35] > [ 2,  6,  7,  8, 17, 18, 19, 20, 21, 25, 30, 36, 37]
    W2: [ 4,  6,  9, 11, 14, 17, 21, 26, 27, 29, 32, 33, 37] = [ 1,  2,  7, 10, 12, 13, 15, 18, 20, 25, 31, 35, 36]
    W3: [ 0,  1,  3,  5,  8,  9, 10, 16, 17, 20, 25, 32, 33] < [ 4,  7, 13, 15, 18, 21, 24, 27, 28, 29, 30, 35, 37]
    Truth table result: ['24+'] is correct

Test 25-:
    W0: [ 0,  2,  4,  6,  8, 10, 12, 14, 16, 18, 20, 22, 24] > [ 1,  3,  5,  7,  9, 11, 13, 15, 17, 19, 21, 23, 25]
    W1: [ 0,  1,  5, 12, 15, 23, 24, 28, 29, 31, 32, 34, 35] > [ 2,  6,  7,  8, 17, 18, 19, 20, 21, 25, 30, 36, 37]
    W2: [ 4,  6,  9, 11, 14, 17, 21, 26, 27, 29, 32, 33, 37] > [ 1,  2,  7, 10, 12, 13, 15, 18, 20, 25, 31, 35, 36]
    W3: [ 0,  1,  3,  5,  8,  9, 10, 16, 17, 20, 25, 32, 33] < [ 4,  7, 13, 15, 18, 21, 24, 27, 28, 29, 30, 35, 37]
    Truth table result: ['25-'] is correct

Test 25+:
    W0: [ 0,  2,  4,  6,  8, 10, 12, 14, 16, 18, 20, 22, 24] < [ 1,  3,  5,  7,  9, 11, 13, 15, 17, 19, 21, 23, 25]
    W1: [ 0,  1,  5, 12, 15, 23, 24, 28, 29, 31, 32, 34, 35] < [ 2,  6,  7,  8, 17, 18, 19, 20, 21, 25, 30, 36, 37]
    W2: [ 4,  6,  9, 11, 14, 17, 21, 26, 27, 29, 32, 33, 37] < [ 1,  2,  7, 10, 12, 13, 15, 18, 20, 25, 31, 35, 36]
    W3: [ 0,  1,  3,  5,  8,  9, 10, 16, 17, 20, 25, 32, 33] > [ 4,  7, 13, 15, 18, 21, 24, 27, 28, 29, 30, 35, 37]
    Truth table result: ['25+'] is correct

Test 26-:
    W0: [ 0,  2,  4,  6,  8, 10, 12, 14, 16, 18, 20, 22, 24] = [ 1,  3,  5,  7,  9, 11, 13, 15, 17, 19, 21, 23, 25]
    W1: [ 0,  1,  5, 12, 15, 23, 24, 28, 29, 31, 32, 34, 35] = [ 2,  6,  7,  8, 17, 18, 19, 20, 21, 25, 30, 36, 37]
    W2: [ 4,  6,  9, 11, 14, 17, 21, 26, 27, 29, 32, 33, 37] < [ 1,  2,  7, 10, 12, 13, 15, 18, 20, 25, 31, 35, 36]
    W3: [ 0,  1,  3,  5,  8,  9, 10, 16, 17, 20, 25, 32, 33] = [ 4,  7, 13, 15, 18, 21, 24, 27, 28, 29, 30, 35, 37]
    Truth table result: ['26-'] is correct

Test 26+:
    W0: [ 0,  2,  4,  6,  8, 10, 12, 14, 16, 18, 20, 22, 24] = [ 1,  3,  5,  7,  9, 11, 13, 15, 17, 19, 21, 23, 25]
    W1: [ 0,  1,  5, 12, 15, 23, 24, 28, 29, 31, 32, 34, 35] = [ 2,  6,  7,  8, 17, 18, 19, 20, 21, 25, 30, 36, 37]
    W2: [ 4,  6,  9, 11, 14, 17, 21, 26, 27, 29, 32, 33, 37] > [ 1,  2,  7, 10, 12, 13, 15, 18, 20, 25, 31, 35, 36]
    W3: [ 0,  1,  3,  5,  8,  9, 10, 16, 17, 20, 25, 32, 33] = [ 4,  7, 13, 15, 18, 21, 24, 27, 28, 29, 30, 35, 37]
    Truth table result: ['26+'] is correct

Test 27-:
    W0: [ 0,  2,  4,  6,  8, 10, 12, 14, 16, 18, 20, 22, 24] = [ 1,  3,  5,  7,  9, 11, 13, 15, 17, 19, 21, 23, 25]
    W1: [ 0,  1,  5, 12, 15, 23, 24, 28, 29, 31, 32, 34, 35] = [ 2,  6,  7,  8, 17, 18, 19, 20, 21, 25, 30, 36, 37]
    W2: [ 4,  6,  9, 11, 14, 17, 21, 26, 27, 29, 32, 33, 37] < [ 1,  2,  7, 10, 12, 13, 15, 18, 20, 25, 31, 35, 36]
    W3: [ 0,  1,  3,  5,  8,  9, 10, 16, 17, 20, 25, 32, 33] > [ 4,  7, 13, 15, 18, 21, 24, 27, 28, 29, 30, 35, 37]
    Truth table result: ['27-'] is correct

Test 27+:
    W0: [ 0,  2,  4,  6,  8, 10, 12, 14, 16, 18, 20, 22, 24] = [ 1,  3,  5,  7,  9, 11, 13, 15, 17, 19, 21, 23, 25]
    W1: [ 0,  1,  5, 12, 15, 23, 24, 28, 29, 31, 32, 34, 35] = [ 2,  6,  7,  8, 17, 18, 19, 20, 21, 25, 30, 36, 37]
    W2: [ 4,  6,  9, 11, 14, 17, 21, 26, 27, 29, 32, 33, 37] > [ 1,  2,  7, 10, 12, 13, 15, 18, 20, 25, 31, 35, 36]
    W3: [ 0,  1,  3,  5,  8,  9, 10, 16, 17, 20, 25, 32, 33] < [ 4,  7, 13, 15, 18, 21, 24, 27, 28, 29, 30, 35, 37]
    Truth table result: ['27+'] is correct

Test 28-:
    W0: [ 0,  2,  4,  6,  8, 10, 12, 14, 16, 18, 20, 22, 24] = [ 1,  3,  5,  7,  9, 11, 13, 15, 17, 19, 21, 23, 25]
    W1: [ 0,  1,  5, 12, 15, 23, 24, 28, 29, 31, 32, 34, 35] < [ 2,  6,  7,  8, 17, 18, 19, 20, 21, 25, 30, 36, 37]
    W2: [ 4,  6,  9, 11, 14, 17, 21, 26, 27, 29, 32, 33, 37] = [ 1,  2,  7, 10, 12, 13, 15, 18, 20, 25, 31, 35, 36]
    W3: [ 0,  1,  3,  5,  8,  9, 10, 16, 17, 20, 25, 32, 33] > [ 4,  7, 13, 15, 18, 21, 24, 27, 28, 29, 30, 35, 37]
    Truth table result: ['28-'] is correct

Test 28+:
    W0: [ 0,  2,  4,  6,  8, 10, 12, 14, 16, 18, 20, 22, 24] = [ 1,  3,  5,  7,  9, 11, 13, 15, 17, 19, 21, 23, 25]
    W1: [ 0,  1,  5, 12, 15, 23, 24, 28, 29, 31, 32, 34, 35] > [ 2,  6,  7,  8, 17, 18, 19, 20, 21, 25, 30, 36, 37]
    W2: [ 4,  6,  9, 11, 14, 17, 21, 26, 27, 29, 32, 33, 37] = [ 1,  2,  7, 10, 12, 13, 15, 18, 20, 25, 31, 35, 36]
    W3: [ 0,  1,  3,  5,  8,  9, 10, 16, 17, 20, 25, 32, 33] < [ 4,  7, 13, 15, 18, 21, 24, 27, 28, 29, 30, 35, 37]
    Truth table result: ['28+'] is correct

Test 29-:
    W0: [ 0,  2,  4,  6,  8, 10, 12, 14, 16, 18, 20, 22, 24] = [ 1,  3,  5,  7,  9, 11, 13, 15, 17, 19, 21, 23, 25]
    W1: [ 0,  1,  5, 12, 15, 23, 24, 28, 29, 31, 32, 34, 35] < [ 2,  6,  7,  8, 17, 18, 19, 20, 21, 25, 30, 36, 37]
    W2: [ 4,  6,  9, 11, 14, 17, 21, 26, 27, 29, 32, 33, 37] < [ 1,  2,  7, 10, 12, 13, 15, 18, 20, 25, 31, 35, 36]
    W3: [ 0,  1,  3,  5,  8,  9, 10, 16, 17, 20, 25, 32, 33] > [ 4,  7, 13, 15, 18, 21, 24, 27, 28, 29, 30, 35, 37]
    Truth table result: ['29-'] is correct

Test 29+:
    W0: [ 0,  2,  4,  6,  8, 10, 12, 14, 16, 18, 20, 22, 24] = [ 1,  3,  5,  7,  9, 11, 13, 15, 17, 19, 21, 23, 25]
    W1: [ 0,  1,  5, 12, 15, 23, 24, 28, 29, 31, 32, 34, 35] > [ 2,  6,  7,  8, 17, 18, 19, 20, 21, 25, 30, 36, 37]
    W2: [ 4,  6,  9, 11, 14, 17, 21, 26, 27, 29, 32, 33, 37] > [ 1,  2,  7, 10, 12, 13, 15, 18, 20, 25, 31, 35, 36]
    W3: [ 0,  1,  3,  5,  8,  9, 10, 16, 17, 20, 25, 32, 33] < [ 4,  7, 13, 15, 18, 21, 24, 27, 28, 29, 30, 35, 37]
    Truth table result: ['29+'] is correct

Test 30-:
    W0: [ 0,  2,  4,  6,  8, 10, 12, 14, 16, 18, 20, 22, 24] = [ 1,  3,  5,  7,  9, 11, 13, 15, 17, 19, 21, 23, 25]
    W1: [ 0,  1,  5, 12, 15, 23, 24, 28, 29, 31, 32, 34, 35] > [ 2,  6,  7,  8, 17, 18, 19, 20, 21, 25, 30, 36, 37]
    W2: [ 4,  6,  9, 11, 14, 17, 21, 26, 27, 29, 32, 33, 37] = [ 1,  2,  7, 10, 12, 13, 15, 18, 20, 25, 31, 35, 36]
    W3: [ 0,  1,  3,  5,  8,  9, 10, 16, 17, 20, 25, 32, 33] > [ 4,  7, 13, 15, 18, 21, 24, 27, 28, 29, 30, 35, 37]
    Truth table result: ['30-'] is correct

Test 30+:
    W0: [ 0,  2,  4,  6,  8, 10, 12, 14, 16, 18, 20, 22, 24] = [ 1,  3,  5,  7,  9, 11, 13, 15, 17, 19, 21, 23, 25]
    W1: [ 0,  1,  5, 12, 15, 23, 24, 28, 29, 31, 32, 34, 35] < [ 2,  6,  7,  8, 17, 18, 19, 20, 21, 25, 30, 36, 37]
    W2: [ 4,  6,  9, 11, 14, 17, 21, 26, 27, 29, 32, 33, 37] = [ 1,  2,  7, 10, 12, 13, 15, 18, 20, 25, 31, 35, 36]
    W3: [ 0,  1,  3,  5,  8,  9, 10, 16, 17, 20, 25, 32, 33] < [ 4,  7, 13, 15, 18, 21, 24, 27, 28, 29, 30, 35, 37]
    Truth table result: ['30+'] is correct

Test 31-:
    W0: [ 0,  2,  4,  6,  8, 10, 12, 14, 16, 18, 20, 22, 24] = [ 1,  3,  5,  7,  9, 11, 13, 15, 17, 19, 21, 23, 25]
    W1: [ 0,  1,  5, 12, 15, 23, 24, 28, 29, 31, 32, 34, 35] < [ 2,  6,  7,  8, 17, 18, 19, 20, 21, 25, 30, 36, 37]
    W2: [ 4,  6,  9, 11, 14, 17, 21, 26, 27, 29, 32, 33, 37] > [ 1,  2,  7, 10, 12, 13, 15, 18, 20, 25, 31, 35, 36]
    W3: [ 0,  1,  3,  5,  8,  9, 10, 16, 17, 20, 25, 32, 33] = [ 4,  7, 13, 15, 18, 21, 24, 27, 28, 29, 30, 35, 37]
    Truth table result: ['31-'] is correct

Test 31+:
    W0: [ 0,  2,  4,  6,  8, 10, 12, 14, 16, 18, 20, 22, 24] = [ 1,  3,  5,  7,  9, 11, 13, 15, 17, 19, 21, 23, 25]
    W1: [ 0,  1,  5, 12, 15, 23, 24, 28, 29, 31, 32, 34, 35] > [ 2,  6,  7,  8, 17, 18, 19, 20, 21, 25, 30, 36, 37]
    W2: [ 4,  6,  9, 11, 14, 17, 21, 26, 27, 29, 32, 33, 37] < [ 1,  2,  7, 10, 12, 13, 15, 18, 20, 25, 31, 35, 36]
    W3: [ 0,  1,  3,  5,  8,  9, 10, 16, 17, 20, 25, 32, 33] = [ 4,  7, 13, 15, 18, 21, 24, 27, 28, 29, 30, 35, 37]
    Truth table result: ['31+'] is correct

Test 32-:
    W0: [ 0,  2,  4,  6,  8, 10, 12, 14, 16, 18, 20, 22, 24] = [ 1,  3,  5,  7,  9, 11, 13, 15, 17, 19, 21, 23, 25]
    W1: [ 0,  1,  5, 12, 15, 23, 24, 28, 29, 31, 32, 34, 35] < [ 2,  6,  7,  8, 17, 18, 19, 20, 21, 25, 30, 36, 37]
    W2: [ 4,  6,  9, 11, 14, 17, 21, 26, 27, 29, 32, 33, 37] < [ 1,  2,  7, 10, 12, 13, 15, 18, 20, 25, 31, 35, 36]
    W3: [ 0,  1,  3,  5,  8,  9, 10, 16, 17, 20, 25, 32, 33] < [ 4,  7, 13, 15, 18, 21, 24, 27, 28, 29, 30, 35, 37]
    Truth table result: ['32-'] is correct

Test 32+:
    W0: [ 0,  2,  4,  6,  8, 10, 12, 14, 16, 18, 20, 22, 24] = [ 1,  3,  5,  7,  9, 11, 13, 15, 17, 19, 21, 23, 25]
    W1: [ 0,  1,  5, 12, 15, 23, 24, 28, 29, 31, 32, 34, 35] > [ 2,  6,  7,  8, 17, 18, 19, 20, 21, 25, 30, 36, 37]
    W2: [ 4,  6,  9, 11, 14, 17, 21, 26, 27, 29, 32, 33, 37] > [ 1,  2,  7, 10, 12, 13, 15, 18, 20, 25, 31, 35, 36]
    W3: [ 0,  1,  3,  5,  8,  9, 10, 16, 17, 20, 25, 32, 33] > [ 4,  7, 13, 15, 18, 21, 24, 27, 28, 29, 30, 35, 37]
    Truth table result: ['32+'] is correct

Test 33-:
    W0: [ 0,  2,  4,  6,  8, 10, 12, 14, 16, 18, 20, 22, 24] = [ 1,  3,  5,  7,  9, 11, 13, 15, 17, 19, 21, 23, 25]
    W1: [ 0,  1,  5, 12, 15, 23, 24, 28, 29, 31, 32, 34, 35] = [ 2,  6,  7,  8, 17, 18, 19, 20, 21, 25, 30, 36, 37]
    W2: [ 4,  6,  9, 11, 14, 17, 21, 26, 27, 29, 32, 33, 37] < [ 1,  2,  7, 10, 12, 13, 15, 18, 20, 25, 31, 35, 36]
    W3: [ 0,  1,  3,  5,  8,  9, 10, 16, 17, 20, 25, 32, 33] < [ 4,  7, 13, 15, 18, 21, 24, 27, 28, 29, 30, 35, 37]
    Truth table result: ['33-'] is correct

Test 33+:
    W0: [ 0,  2,  4,  6,  8, 10, 12, 14, 16, 18, 20, 22, 24] = [ 1,  3,  5,  7,  9, 11, 13, 15, 17, 19, 21, 23, 25]
    W1: [ 0,  1,  5, 12, 15, 23, 24, 28, 29, 31, 32, 34, 35] = [ 2,  6,  7,  8, 17, 18, 19, 20, 21, 25, 30, 36, 37]
    W2: [ 4,  6,  9, 11, 14, 17, 21, 26, 27, 29, 32, 33, 37] > [ 1,  2,  7, 10, 12, 13, 15, 18, 20, 25, 31, 35, 36]
    W3: [ 0,  1,  3,  5,  8,  9, 10, 16, 17, 20, 25, 32, 33] > [ 4,  7, 13, 15, 18, 21, 24, 27, 28, 29, 30, 35, 37]
    Truth table result: ['33+'] is correct

Test 34-:
    W0: [ 0,  2,  4,  6,  8, 10, 12, 14, 16, 18, 20, 22, 24] = [ 1,  3,  5,  7,  9, 11, 13, 15, 17, 19, 21, 23, 25]
    W1: [ 0,  1,  5, 12, 15, 23, 24, 28, 29, 31, 32, 34, 35] < [ 2,  6,  7,  8, 17, 18, 19, 20, 21, 25, 30, 36, 37]
    W2: [ 4,  6,  9, 11, 14, 17, 21, 26, 27, 29, 32, 33, 37] = [ 1,  2,  7, 10, 12, 13, 15, 18, 20, 25, 31, 35, 36]
    W3: [ 0,  1,  3,  5,  8,  9, 10, 16, 17, 20, 25, 32, 33] = [ 4,  7, 13, 15, 18, 21, 24, 27, 28, 29, 30, 35, 37]
    Truth table result: ['34-'] is correct

Test 34+:
    W0: [ 0,  2,  4,  6,  8, 10, 12, 14, 16, 18, 20, 22, 24] = [ 1,  3,  5,  7,  9, 11, 13, 15, 17, 19, 21, 23, 25]
    W1: [ 0,  1,  5, 12, 15, 23, 24, 28, 29, 31, 32, 34, 35] > [ 2,  6,  7,  8, 17, 18, 19, 20, 21, 25, 30, 36, 37]
    W2: [ 4,  6,  9, 11, 14, 17, 21, 26, 27, 29, 32, 33, 37] = [ 1,  2,  7, 10, 12, 13, 15, 18, 20, 25, 31, 35, 36]
    W3: [ 0,  1,  3,  5,  8,  9, 10, 16, 17, 20, 25, 32, 33] = [ 4,  7, 13, 15, 18, 21, 24, 27, 28, 29, 30, 35, 37]
    Truth table result: ['34+'] is correct

Test 35-:
    W0: [ 0,  2,  4,  6,  8, 10, 12, 14, 16, 18, 20, 22, 24] = [ 1,  3,  5,  7,  9, 11, 13, 15, 17, 19, 21, 23, 25]
    W1: [ 0,  1,  5, 12, 15, 23, 24, 28, 29, 31, 32, 34, 35] < [ 2,  6,  7,  8, 17, 18, 19, 20, 21, 25, 30, 36, 37]
    W2: [ 4,  6,  9, 11, 14, 17, 21, 26, 27, 29, 32, 33, 37] > [ 1,  2,  7, 10, 12, 13, 15, 18, 20, 25, 31, 35, 36]
    W3: [ 0,  1,  3,  5,  8,  9, 10, 16, 17, 20, 25, 32, 33] > [ 4,  7, 13, 15, 18, 21, 24, 27, 28, 29, 30, 35, 37]
    Truth table result: ['35-'] is correct

Test 35+:
    W0: [ 0,  2,  4,  6,  8, 10, 12, 14, 16, 18, 20, 22, 24] = [ 1,  3,  5,  7,  9, 11, 13, 15, 17, 19, 21, 23, 25]
    W1: [ 0,  1,  5, 12, 15, 23, 24, 28, 29, 31, 32, 34, 35] > [ 2,  6,  7,  8, 17, 18, 19, 20, 21, 25, 30, 36, 37]
    W2: [ 4,  6,  9, 11, 14, 17, 21, 26, 27, 29, 32, 33, 37] < [ 1,  2,  7, 10, 12, 13, 15, 18, 20, 25, 31, 35, 36]
    W3: [ 0,  1,  3,  5,  8,  9, 10, 16, 17, 20, 25, 32, 33] < [ 4,  7, 13, 15, 18, 21, 24, 27, 28, 29, 30, 35, 37]
    Truth table result: ['35+'] is correct

Test 36-:
    W0: [ 0,  2,  4,  6,  8, 10, 12, 14, 16, 18, 20, 22, 24] = [ 1,  3,  5,  7,  9, 11, 13, 15, 17, 19, 21, 23, 25]
    W1: [ 0,  1,  5, 12, 15, 23, 24, 28, 29, 31, 32, 34, 35] > [ 2,  6,  7,  8, 17, 18, 19, 20, 21, 25, 30, 36, 37]
    W2: [ 4,  6,  9, 11, 14, 17, 21, 26, 27, 29, 32, 33, 37] > [ 1,  2,  7, 10, 12, 13, 15, 18, 20, 25, 31, 35, 36]
    W3: [ 0,  1,  3,  5,  8,  9, 10, 16, 17, 20, 25, 32, 33] = [ 4,  7, 13, 15, 18, 21, 24, 27, 28, 29, 30, 35, 37]
    Truth table result: ['36-'] is correct

Test 36+:
    W0: [ 0,  2,  4,  6,  8, 10, 12, 14, 16, 18, 20, 22, 24] = [ 1,  3,  5,  7,  9, 11, 13, 15, 17, 19, 21, 23, 25]
    W1: [ 0,  1,  5, 12, 15, 23, 24, 28, 29, 31, 32, 34, 35] < [ 2,  6,  7,  8, 17, 18, 19, 20, 21, 25, 30, 36, 37]
    W2: [ 4,  6,  9, 11, 14, 17, 21, 26, 27, 29, 32, 33, 37] < [ 1,  2,  7, 10, 12, 13, 15, 18, 20, 25, 31, 35, 36]
    W3: [ 0,  1,  3,  5,  8,  9, 10, 16, 17, 20, 25, 32, 33] = [ 4,  7, 13, 15, 18, 21, 24, 27, 28, 29, 30, 35, 37]
    Truth table result: ['36+'] is correct

Test 37-:
    W0: [ 0,  2,  4,  6,  8, 10, 12, 14, 16, 18, 20, 22, 24] = [ 1,  3,  5,  7,  9, 11, 13, 15, 17, 19, 21, 23, 25]
    W1: [ 0,  1,  5, 12, 15, 23, 24, 28, 29, 31, 32, 34, 35] > [ 2,  6,  7,  8, 17, 18, 19, 20, 21, 25, 30, 36, 37]
    W2: [ 4,  6,  9, 11, 14, 17, 21, 26, 27, 29, 32, 33, 37] < [ 1,  2,  7, 10, 12, 13, 15, 18, 20, 25, 31, 35, 36]
    W3: [ 0,  1,  3,  5,  8,  9, 10, 16, 17, 20, 25, 32, 33] > [ 4,  7, 13, 15, 18, 21, 24, 27, 28, 29, 30, 35, 37]
    Truth table result: ['37-'] is correct

Test 37+:
    W0: [ 0,  2,  4,  6,  8, 10, 12, 14, 16, 18, 20, 22, 24] = [ 1,  3,  5,  7,  9, 11, 13, 15, 17, 19, 21, 23, 25]
    W1: [ 0,  1,  5, 12, 15, 23, 24, 28, 29, 31, 32, 34, 35] < [ 2,  6,  7,  8, 17, 18, 19, 20, 21, 25, 30, 36, 37]
    W2: [ 4,  6,  9, 11, 14, 17, 21, 26, 27, 29, 32, 33, 37] > [ 1,  2,  7, 10, 12, 13, 15, 18, 20, 25, 31, 35, 36]
    W3: [ 0,  1,  3,  5,  8,  9, 10, 16, 17, 20, 25, 32, 33] < [ 4,  7, 13, 15, 18, 21, 24, 27, 28, 29, 30, 35, 37]
    Truth table result: ['37+'] is correct

Total correct results: 76
Total incorrect results: 0
