Solving for 48 balls and 5 weighings.
Using symmetry breaking strategy TruthTableAscending.

Solution:
W0: [ 0,  1,  2,  4,  5,  6,  9, 11, 14, 15, 16, 21, 26, 27] <=> [ 3,  7,  8, 10, 12, 13, 17, 18, 19, 20, 22, 23, 24, 25]
W1: [ 0,  1,  2,  4,  5,  6,  9, 11, 14, 15, 16, 20, 22, 23, 24, 25, 28, 32, 33, 41, 42, 43, 45] <=> [ 3,  7,  8, 10, 12, 13, 17, 18, 21, 26, 27, 29, 30, 31, 34, 35, 36, 37, 38, 39, 40, 44, 46]
W2: [ 0,  1,  2,  4,  5, 17, 18, 21, 23, 24, 25, 28, 32, 33, 44, 46] <=> [ 3, 15, 16, 19, 20, 22, 26, 27, 29, 30, 31, 41, 42, 43, 45, 47]
W3: [ 0,  6, 12, 13, 15, 16, 18, 22, 28, 38, 39, 40, 41, 42, 43, 46] <=> [ 4,  5,  7,  8, 14, 19, 23, 24, 26, 27, 29, 30, 33, 34, 35, 36]
W4: [ 0,  1,  3,  4,  6,  8,  9, 15, 18, 19, 24, 26, 28, 30, 36, 40, 41] <=> [ 5, 11, 12, 14, 16, 20, 21, 27, 31, 33, 34, 38, 43, 44, 45, 46, 47]

Truth Table:
ix  W0  W1  W2  W3  W4   Result
 0   <   <   <   <   <   0-
 1   <   <   <   <   =
 2   <   <   <   <   >
 3   <   <   <   =   <   1-
 4   <   <   <   =   =   2-
 5   <   <   <   =   >   3+
 6   <   <   <   >   <   4-
 7   <   <   <   >   =
 8   <   <   <   >   >   5-
 9   <   <   =   <   <   6-
10   <   <   =   <   =   7+
11   <   <   =   <   >   8+
12   <   <   =   =   <   9-
13   <   <   =   =   =   10+
14   <   <   =   =   >   11-
15   <   <   =   >   <   12+
16   <   <   =   >   =   13+
17   <   <   =   >   >   14-
18   <   <   >   <   <   15-
19   <   <   >   <   =
20   <   <   >   <   >   16-
21   <   <   >   =   <
22   <   <   >   =   =   17+
23   <   <   >   =   >
24   <   <   >   >   <
25   <   <   >   >   =
26   <   <   >   >   >   18+
27   <   =   <   <   <
28   <   =   <   <   =
29   <   =   <   <   >   19+
30   <   =   <   =   <
31   <   =   <   =   =
32   <   =   <   =   >
33   <   =   <   >   <
34   <   =   <   >   =
35   <   =   <   >   >
36   <   =   =   <   <
37   <   =   =   <   =
38   <   =   =   <   >
39   <   =   =   =   <
40   <   =   =   =   =
41   <   =   =   =   >
42   <   =   =   >   <
43   <   =   =   >   =
44   <   =   =   >   >
45   <   =   >   <   <
46   <   =   >   <   =
47   <   =   >   <   >
48   <   =   >   =   <
49   <   =   >   =   =
50   <   =   >   =   >
51   <   =   >   >   <
52   <   =   >   >   =
53   <   =   >   >   >
54   <   >   <   <   <
55   <   >   <   <   =
56   <   >   <   <   >
57   <   >   <   =   <   20+
58   <   >   <   =   =
59   <   >   <   =   >   21-
60   <   >   <   >   <
61   <   >   <   >   =   22+
62   <   >   <   >   >
63   <   >   =   <   <
64   <   >   =   <   =
65   <   >   =   <   >
66   <   >   =   =   <
67   <   >   =   =   =
68   <   >   =   =   >
69   <   >   =   >   <
70   <   >   =   >   =
71   <   >   =   >   >
72   <   >   >   <   <
73   <   >   >   <   =   23+
74   <   >   >   <   >   24+
75   <   >   >   =   <
76   <   >   >   =   =   25+
77   <   >   >   =   >
78   <   >   >   >   <   26-
79   <   >   >   >   =
80   <   >   >   >   >   27-
81   =   <   <   <   <   28-
82   =   <   <   <   =   29+
83   =   <   <   <   >   30+
84   =   <   <   =   <   31+
85   =   <   <   =   =   32-
86   =   <   <   =   >
87   =   <   <   >   <
88   =   <   <   >   =
89   =   <   <   >   >   33-
90   =   <   =   <   <   34+
91   =   <   =   <   =   35+
92   =   <   =   <   >   36+
93   =   <   =   =   <
94   =   <   =   =   =   37+
95   =   <   =   =   >
96   =   <   =   >   <   38+
97   =   <   =   >   =   39+
98   =   <   =   >   >   40+
99   =   <   >   <   <   41-
100   =   <   >   <   =   42-
101   =   <   >   <   >   43-
102   =   <   >   =   <   44+
103   =   <   >   =   =
104   =   <   >   =   >   45-
105   =   <   >   >   <   46+
106   =   <   >   >   =
107   =   <   >   >   >
108   =   =   <   <   <
109   =   =   <   <   =
110   =   =   <   <   >
111   =   =   <   =   <   47+
112   =   =   <   =   =
113   =   =   <   =   >
114   =   =   <   >   <
115   =   =   <   >   =
116   =   =   <   >   >
117   =   =   =   <   <
118   =   =   =   <   =
119   =   =   =   <   >
120   =   =   =   =   <
121   =   =   =   =   =
122   =   =   =   =   >
123   =   =   =   >   <
124   =   =   =   >   =
125   =   =   =   >   >
126   =   =   >   <   <
127   =   =   >   <   =
128   =   =   >   <   >
129   =   =   >   =   <
130   =   =   >   =   =
131   =   =   >   =   >   47-
132   =   =   >   >   <
133   =   =   >   >   =
134   =   =   >   >   >
135   =   >   <   <   <
136   =   >   <   <   =
137   =   >   <   <   >   46-
138   =   >   <   =   <   45+
139   =   >   <   =   =
140   =   >   <   =   >   44-
141   =   >   <   >   <   43+
142   =   >   <   >   =   42+
143   =   >   <   >   >   41+
144   =   >   =   <   <   40-
145   =   >   =   <   =   39-
146   =   >   =   <   >   38-
147   =   >   =   =   <
148   =   >   =   =   =   37-
149   =   >   =   =   >
150   =   >   =   >   <   36-
151   =   >   =   >   =   35-
152   =   >   =   >   >   34-
153   =   >   >   <   <   33+
154   =   >   >   <   =
155   =   >   >   <   >
156   =   >   >   =   <
157   =   >   >   =   =   32+
158   =   >   >   =   >   31-
159   =   >   >   >   <   30-
160   =   >   >   >   =   29-
161   =   >   >   >   >   28+
162   >   <   <   <   <   27+
163   >   <   <   <   =
164   >   <   <   <   >   26+
165   >   <   <   =   <
166   >   <   <   =   =   25-
167   >   <   <   =   >
168   >   <   <   >   <   24-
169   >   <   <   >   =   23-
170   >   <   <   >   >
171   >   <   =   <   <
172   >   <   =   <   =
173   >   <   =   <   >
174   >   <   =   =   <
175   >   <   =   =   =
176   >   <   =   =   >
177   >   <   =   >   <
178   >   <   =   >   =
179   >   <   =   >   >
180   >   <   >   <   <
181   >   <   >   <   =   22-
182   >   <   >   <   >
183   >   <   >   =   <   21+
184   >   <   >   =   =
185   >   <   >   =   >   20-
186   >   <   >   >   <
187   >   <   >   >   =
188   >   <   >   >   >
189   >   =   <   <   <
190   >   =   <   <   =
191   >   =   <   <   >
192   >   =   <   =   <
193   >   =   <   =   =
194   >   =   <   =   >
195   >   =   <   >   <
196   >   =   <   >   =
197   >   =   <   >   >
198   >   =   =   <   <
199   >   =   =   <   =
200   >   =   =   <   >
201   >   =   =   =   <
202   >   =   =   =   =
203   >   =   =   =   >
204   >   =   =   >   <
205   >   =   =   >   =
206   >   =   =   >   >
207   >   =   >   <   <
208   >   =   >   <   =
209   >   =   >   <   >
210   >   =   >   =   <
211   >   =   >   =   =
212   >   =   >   =   >
213   >   =   >   >   <   19-
214   >   =   >   >   =
215   >   =   >   >   >
216   >   >   <   <   <   18-
217   >   >   <   <   =
218   >   >   <   <   >
219   >   >   <   =   <
220   >   >   <   =   =   17-
221   >   >   <   =   >
222   >   >   <   >   <   16+
223   >   >   <   >   =
224   >   >   <   >   >   15+
225   >   >   =   <   <   14+
226   >   >   =   <   =   13-
227   >   >   =   <   >   12-
228   >   >   =   =   <   11+
229   >   >   =   =   =   10-
230   >   >   =   =   >   9+
231   >   >   =   >   <   8-
232   >   >   =   >   =   7-
233   >   >   =   >   >   6+
234   >   >   >   <   <   5+
235   >   >   >   <   =
236   >   >   >   <   >   4+
237   >   >   >   =   <   3-
238   >   >   >   =   =   2+
239   >   >   >   =   >   1+
240   >   >   >   >   <
241   >   >   >   >   =
242   >   >   >   >   >   0+

Test 0-:
    W0: [ 0,  1,  2,  4,  5,  6,  9, 11, 14, 15, 16, 21, 26, 27] < [ 3,  7,  8, 10, 12, 13, 17, 18, 19, 20, 22, 23, 24, 25]
    W1: [ 0,  1,  2,  4,  5,  6,  9, 11, 14, 15, 16, 20, 22, 23, 24, 25, 28, 32, 33, 41, 42, 43, 45] < [ 3,  7,  8, 10, 12, 13, 17, 18, 21, 26, 27, 29, 30, 31, 34, 35, 36, 37, 38, 39, 40, 44, 46]
    W2: [ 0,  1,  2,  4,  5, 17, 18, 21, 23, 24, 25, 28, 32, 33, 44, 46] < [ 3, 15, 16, 19, 20, 22, 26, 27, 29, 30, 31, 41, 42, 43, 45, 47]
    W3: [ 0,  6, 12, 13, 15, 16, 18, 22, 28, 38, 39, 40, 41, 42, 43, 46] < [ 4,  5,  7,  8, 14, 19, 23, 24, 26, 27, 29, 30, 33, 34, 35, 36]
    W4: [ 0,  1,  3,  4,  6,  8,  9, 15, 18, 19, 24, 26, 28, 30, 36, 40, 41] < [ 5, 11, 12, 14, 16, 20, 21, 27, 31, 33, 34, 38, 43, 44, 45, 46, 47]
    Truth table row=[<, <, <, <, <] ix=0 result=[0-] is correct

Test 0+:
    W0: [ 0,  1,  2,  4,  5,  6,  9, 11, 14, 15, 16, 21, 26, 27] > [ 3,  7,  8, 10, 12, 13, 17, 18, 19, 20, 22, 23, 24, 25]
    W1: [ 0,  1,  2,  4,  5,  6,  9, 11, 14, 15, 16, 20, 22, 23, 24, 25, 28, 32, 33, 41, 42, 43, 45] > [ 3,  7,  8, 10, 12, 13, 17, 18, 21, 26, 27, 29, 30, 31, 34, 35, 36, 37, 38, 39, 40, 44, 46]
    W2: [ 0,  1,  2,  4,  5, 17, 18, 21, 23, 24, 25, 28, 32, 33, 44, 46] > [ 3, 15, 16, 19, 20, 22, 26, 27, 29, 30, 31, 41, 42, 43, 45, 47]
    W3: [ 0,  6, 12, 13, 15, 16, 18, 22, 28, 38, 39, 40, 41, 42, 43, 46] > [ 4,  5,  7,  8, 14, 19, 23, 24, 26, 27, 29, 30, 33, 34, 35, 36]
    W4: [ 0,  1,  3,  4,  6,  8,  9, 15, 18, 19, 24, 26, 28, 30, 36, 40, 41] > [ 5, 11, 12, 14, 16, 20, 21, 27, 31, 33, 34, 38, 43, 44, 45, 46, 47]
    Truth table row=[>, >, >, >, >] ix=242 result=[0+] is correct

Test 1-:
    W0: [ 0,  1,  2,  4,  5,  6,  9, 11, 14, 15, 16, 21, 26, 27] < [ 3,  7,  8, 10, 12, 13, 17, 18, 19, 20, 22, 23, 24, 25]
    W1: [ 0,  1,  2,  4,  5,  6,  9, 11, 14, 15, 16, 20, 22, 23, 24, 25, 28, 32, 33, 41, 42, 43, 45] < [ 3,  7,  8, 10, 12, 13, 17, 18, 21, 26, 27, 29, 30, 31, 34, 35, 36, 37, 38, 39, 40, 44, 46]
    W2: [ 0,  1,  2,  4,  5, 17, 18, 21, 23, 24, 25, 28, 32, 33, 44, 46] < [ 3, 15, 16, 19, 20, 22, 26, 27, 29, 30, 31, 41, 42, 43, 45, 47]
    W3: [ 0,  6, 12, 13, 15, 16, 18, 22, 28, 38, 39, 40, 41, 42, 43, 46] = [ 4,  5,  7,  8, 14, 19, 23, 24, 26, 27, 29, 30, 33, 34, 35, 36]
    W4: [ 0,  1,  3,  4,  6,  8,  9, 15, 18, 19, 24, 26, 28, 30, 36, 40, 41] < [ 5, 11, 12, 14, 16, 20, 21, 27, 31, 33, 34, 38, 43, 44, 45, 46, 47]
    Truth table row=[<, <, <, =, <] ix=3 result=[1-] is correct

Test 1+:
    W0: [ 0,  1,  2,  4,  5,  6,  9, 11, 14, 15, 16, 21, 26, 27] > [ 3,  7,  8, 10, 12, 13, 17, 18, 19, 20, 22, 23, 24, 25]
    W1: [ 0,  1,  2,  4,  5,  6,  9, 11, 14, 15, 16, 20, 22, 23, 24, 25, 28, 32, 33, 41, 42, 43, 45] > [ 3,  7,  8, 10, 12, 13, 17, 18, 21, 26, 27, 29, 30, 31, 34, 35, 36, 37, 38, 39, 40, 44, 46]
    W2: [ 0,  1,  2,  4,  5, 17, 18, 21, 23, 24, 25, 28, 32, 33, 44, 46] > [ 3, 15, 16, 19, 20, 22, 26, 27, 29, 30, 31, 41, 42, 43, 45, 47]
    W3: [ 0,  6, 12, 13, 15, 16, 18, 22, 28, 38, 39, 40, 41, 42, 43, 46] = [ 4,  5,  7,  8, 14, 19, 23, 24, 26, 27, 29, 30, 33, 34, 35, 36]
    W4: [ 0,  1,  3,  4,  6,  8,  9, 15, 18, 19, 24, 26, 28, 30, 36, 40, 41] > [ 5, 11, 12, 14, 16, 20, 21, 27, 31, 33, 34, 38, 43, 44, 45, 46, 47]
    Truth table row=[>, >, >, =, >] ix=239 result=[1+] is correct

Test 2-:
    W0: [ 0,  1,  2,  4,  5,  6,  9, 11, 14, 15, 16, 21, 26, 27] < [ 3,  7,  8, 10, 12, 13, 17, 18, 19, 20, 22, 23, 24, 25]
    W1: [ 0,  1,  2,  4,  5,  6,  9, 11, 14, 15, 16, 20, 22, 23, 24, 25, 28, 32, 33, 41, 42, 43, 45] < [ 3,  7,  8, 10, 12, 13, 17, 18, 21, 26, 27, 29, 30, 31, 34, 35, 36, 37, 38, 39, 40, 44, 46]
    W2: [ 0,  1,  2,  4,  5, 17, 18, 21, 23, 24, 25, 28, 32, 33, 44, 46] < [ 3, 15, 16, 19, 20, 22, 26, 27, 29, 30, 31, 41, 42, 43, 45, 47]
    W3: [ 0,  6, 12, 13, 15, 16, 18, 22, 28, 38, 39, 40, 41, 42, 43, 46] = [ 4,  5,  7,  8, 14, 19, 23, 24, 26, 27, 29, 30, 33, 34, 35, 36]
    W4: [ 0,  1,  3,  4,  6,  8,  9, 15, 18, 19, 24, 26, 28, 30, 36, 40, 41] = [ 5, 11, 12, 14, 16, 20, 21, 27, 31, 33, 34, 38, 43, 44, 45, 46, 47]
    Truth table row=[<, <, <, =, =] ix=4 result=[2-] is correct

Test 2+:
    W0: [ 0,  1,  2,  4,  5,  6,  9, 11, 14, 15, 16, 21, 26, 27] > [ 3,  7,  8, 10, 12, 13, 17, 18, 19, 20, 22, 23, 24, 25]
    W1: [ 0,  1,  2,  4,  5,  6,  9, 11, 14, 15, 16, 20, 22, 23, 24, 25, 28, 32, 33, 41, 42, 43, 45] > [ 3,  7,  8, 10, 12, 13, 17, 18, 21, 26, 27, 29, 30, 31, 34, 35, 36, 37, 38, 39, 40, 44, 46]
    W2: [ 0,  1,  2,  4,  5, 17, 18, 21, 23, 24, 25, 28, 32, 33, 44, 46] > [ 3, 15, 16, 19, 20, 22, 26, 27, 29, 30, 31, 41, 42, 43, 45, 47]
    W3: [ 0,  6, 12, 13, 15, 16, 18, 22, 28, 38, 39, 40, 41, 42, 43, 46] = [ 4,  5,  7,  8, 14, 19, 23, 24, 26, 27, 29, 30, 33, 34, 35, 36]
    W4: [ 0,  1,  3,  4,  6,  8,  9, 15, 18, 19, 24, 26, 28, 30, 36, 40, 41] = [ 5, 11, 12, 14, 16, 20, 21, 27, 31, 33, 34, 38, 43, 44, 45, 46, 47]
    Truth table row=[>, >, >, =, =] ix=238 result=[2+] is correct

Test 3-:
    W0: [ 0,  1,  2,  4,  5,  6,  9, 11, 14, 15, 16, 21, 26, 27] > [ 3,  7,  8, 10, 12, 13, 17, 18, 19, 20, 22, 23, 24, 25]
    W1: [ 0,  1,  2,  4,  5,  6,  9, 11, 14, 15, 16, 20, 22, 23, 24, 25, 28, 32, 33, 41, 42, 43, 45] > [ 3,  7,  8, 10, 12, 13, 17, 18, 21, 26, 27, 29, 30, 31, 34, 35, 36, 37, 38, 39, 40, 44, 46]
    W2: [ 0,  1,  2,  4,  5, 17, 18, 21, 23, 24, 25, 28, 32, 33, 44, 46] > [ 3, 15, 16, 19, 20, 22, 26, 27, 29, 30, 31, 41, 42, 43, 45, 47]
    W3: [ 0,  6, 12, 13, 15, 16, 18, 22, 28, 38, 39, 40, 41, 42, 43, 46] = [ 4,  5,  7,  8, 14, 19, 23, 24, 26, 27, 29, 30, 33, 34, 35, 36]
    W4: [ 0,  1,  3,  4,  6,  8,  9, 15, 18, 19, 24, 26, 28, 30, 36, 40, 41] < [ 5, 11, 12, 14, 16, 20, 21, 27, 31, 33, 34, 38, 43, 44, 45, 46, 47]
    Truth table row=[>, >, >, =, <] ix=237 result=[3-] is correct

Test 3+:
    W0: [ 0,  1,  2,  4,  5,  6,  9, 11, 14, 15, 16, 21, 26, 27] < [ 3,  7,  8, 10, 12, 13, 17, 18, 19, 20, 22, 23, 24, 25]
    W1: [ 0,  1,  2,  4,  5,  6,  9, 11, 14, 15, 16, 20, 22, 23, 24, 25, 28, 32, 33, 41, 42, 43, 45] < [ 3,  7,  8, 10, 12, 13, 17, 18, 21, 26, 27, 29, 30, 31, 34, 35, 36, 37, 38, 39, 40, 44, 46]
    W2: [ 0,  1,  2,  4,  5, 17, 18, 21, 23, 24, 25, 28, 32, 33, 44, 46] < [ 3, 15, 16, 19, 20, 22, 26, 27, 29, 30, 31, 41, 42, 43, 45, 47]
    W3: [ 0,  6, 12, 13, 15, 16, 18, 22, 28, 38, 39, 40, 41, 42, 43, 46] = [ 4,  5,  7,  8, 14, 19, 23, 24, 26, 27, 29, 30, 33, 34, 35, 36]
    W4: [ 0,  1,  3,  4,  6,  8,  9, 15, 18, 19, 24, 26, 28, 30, 36, 40, 41] > [ 5, 11, 12, 14, 16, 20, 21, 27, 31, 33, 34, 38, 43, 44, 45, 46, 47]
    Truth table row=[<, <, <, =, >] ix=5 result=[3+] is correct

Test 4-:
    W0: [ 0,  1,  2,  4,  5,  6,  9, 11, 14, 15, 16, 21, 26, 27] < [ 3,  7,  8, 10, 12, 13, 17, 18, 19, 20, 22, 23, 24, 25]
    W1: [ 0,  1,  2,  4,  5,  6,  9, 11, 14, 15, 16, 20, 22, 23, 24, 25, 28, 32, 33, 41, 42, 43, 45] < [ 3,  7,  8, 10, 12, 13, 17, 18, 21, 26, 27, 29, 30, 31, 34, 35, 36, 37, 38, 39, 40, 44, 46]
    W2: [ 0,  1,  2,  4,  5, 17, 18, 21, 23, 24, 25, 28, 32, 33, 44, 46] < [ 3, 15, 16, 19, 20, 22, 26, 27, 29, 30, 31, 41, 42, 43, 45, 47]
    W3: [ 0,  6, 12, 13, 15, 16, 18, 22, 28, 38, 39, 40, 41, 42, 43, 46] > [ 4,  5,  7,  8, 14, 19, 23, 24, 26, 27, 29, 30, 33, 34, 35, 36]
    W4: [ 0,  1,  3,  4,  6,  8,  9, 15, 18, 19, 24, 26, 28, 30, 36, 40, 41] < [ 5, 11, 12, 14, 16, 20, 21, 27, 31, 33, 34, 38, 43, 44, 45, 46, 47]
    Truth table row=[<, <, <, >, <] ix=6 result=[4-] is correct

Test 4+:
    W0: [ 0,  1,  2,  4,  5,  6,  9, 11, 14, 15, 16, 21, 26, 27] > [ 3,  7,  8, 10, 12, 13, 17, 18, 19, 20, 22, 23, 24, 25]
    W1: [ 0,  1,  2,  4,  5,  6,  9, 11, 14, 15, 16, 20, 22, 23, 24, 25, 28, 32, 33, 41, 42, 43, 45] > [ 3,  7,  8, 10, 12, 13, 17, 18, 21, 26, 27, 29, 30, 31, 34, 35, 36, 37, 38, 39, 40, 44, 46]
    W2: [ 0,  1,  2,  4,  5, 17, 18, 21, 23, 24, 25, 28, 32, 33, 44, 46] > [ 3, 15, 16, 19, 20, 22, 26, 27, 29, 30, 31, 41, 42, 43, 45, 47]
    W3: [ 0,  6, 12, 13, 15, 16, 18, 22, 28, 38, 39, 40, 41, 42, 43, 46] < [ 4,  5,  7,  8, 14, 19, 23, 24, 26, 27, 29, 30, 33, 34, 35, 36]
    W4: [ 0,  1,  3,  4,  6,  8,  9, 15, 18, 19, 24, 26, 28, 30, 36, 40, 41] > [ 5, 11, 12, 14, 16, 20, 21, 27, 31, 33, 34, 38, 43, 44, 45, 46, 47]
    Truth table row=[>, >, >, <, >] ix=236 result=[4+] is correct

Test 5-:
    W0: [ 0,  1,  2,  4,  5,  6,  9, 11, 14, 15, 16, 21, 26, 27] < [ 3,  7,  8, 10, 12, 13, 17, 18, 19, 20, 22, 23, 24, 25]
    W1: [ 0,  1,  2,  4,  5,  6,  9, 11, 14, 15, 16, 20, 22, 23, 24, 25, 28, 32, 33, 41, 42, 43, 45] < [ 3,  7,  8, 10, 12, 13, 17, 18, 21, 26, 27, 29, 30, 31, 34, 35, 36, 37, 38, 39, 40, 44, 46]
    W2: [ 0,  1,  2,  4,  5, 17, 18, 21, 23, 24, 25, 28, 32, 33, 44, 46] < [ 3, 15, 16, 19, 20, 22, 26, 27, 29, 30, 31, 41, 42, 43, 45, 47]
    W3: [ 0,  6, 12, 13, 15, 16, 18, 22, 28, 38, 39, 40, 41, 42, 43, 46] > [ 4,  5,  7,  8, 14, 19, 23, 24, 26, 27, 29, 30, 33, 34, 35, 36]
    W4: [ 0,  1,  3,  4,  6,  8,  9, 15, 18, 19, 24, 26, 28, 30, 36, 40, 41] > [ 5, 11, 12, 14, 16, 20, 21, 27, 31, 33, 34, 38, 43, 44, 45, 46, 47]
    Truth table row=[<, <, <, >, >] ix=8 result=[5-] is correct

Test 5+:
    W0: [ 0,  1,  2,  4,  5,  6,  9, 11, 14, 15, 16, 21, 26, 27] > [ 3,  7,  8, 10, 12, 13, 17, 18, 19, 20, 22, 23, 24, 25]
    W1: [ 0,  1,  2,  4,  5,  6,  9, 11, 14, 15, 16, 20, 22, 23, 24, 25, 28, 32, 33, 41, 42, 43, 45] > [ 3,  7,  8, 10, 12, 13, 17, 18, 21, 26, 27, 29, 30, 31, 34, 35, 36, 37, 38, 39, 40, 44, 46]
    W2: [ 0,  1,  2,  4,  5, 17, 18, 21, 23, 24, 25, 28, 32, 33, 44, 46] > [ 3, 15, 16, 19, 20, 22, 26, 27, 29, 30, 31, 41, 42, 43, 45, 47]
    W3: [ 0,  6, 12, 13, 15, 16, 18, 22, 28, 38, 39, 40, 41, 42, 43, 46] < [ 4,  5,  7,  8, 14, 19, 23, 24, 26, 27, 29, 30, 33, 34, 35, 36]
    W4: [ 0,  1,  3,  4,  6,  8,  9, 15, 18, 19, 24, 26, 28, 30, 36, 40, 41] < [ 5, 11, 12, 14, 16, 20, 21, 27, 31, 33, 34, 38, 43, 44, 45, 46, 47]
    Truth table row=[>, >, >, <, <] ix=234 result=[5+] is correct

Test 6-:
    W0: [ 0,  1,  2,  4,  5,  6,  9, 11, 14, 15, 16, 21, 26, 27] < [ 3,  7,  8, 10, 12, 13, 17, 18, 19, 20, 22, 23, 24, 25]
    W1: [ 0,  1,  2,  4,  5,  6,  9, 11, 14, 15, 16, 20, 22, 23, 24, 25, 28, 32, 33, 41, 42, 43, 45] < [ 3,  7,  8, 10, 12, 13, 17, 18, 21, 26, 27, 29, 30, 31, 34, 35, 36, 37, 38, 39, 40, 44, 46]
    W2: [ 0,  1,  2,  4,  5, 17, 18, 21, 23, 24, 25, 28, 32, 33, 44, 46] = [ 3, 15, 16, 19, 20, 22, 26, 27, 29, 30, 31, 41, 42, 43, 45, 47]
    W3: [ 0,  6, 12, 13, 15, 16, 18, 22, 28, 38, 39, 40, 41, 42, 43, 46] < [ 4,  5,  7,  8, 14, 19, 23, 24, 26, 27, 29, 30, 33, 34, 35, 36]
    W4: [ 0,  1,  3,  4,  6,  8,  9, 15, 18, 19, 24, 26, 28, 30, 36, 40, 41] < [ 5, 11, 12, 14, 16, 20, 21, 27, 31, 33, 34, 38, 43, 44, 45, 46, 47]
    Truth table row=[<, <, =, <, <] ix=9 result=[6-] is correct

Test 6+:
    W0: [ 0,  1,  2,  4,  5,  6,  9, 11, 14, 15, 16, 21, 26, 27] > [ 3,  7,  8, 10, 12, 13, 17, 18, 19, 20, 22, 23, 24, 25]
    W1: [ 0,  1,  2,  4,  5,  6,  9, 11, 14, 15, 16, 20, 22, 23, 24, 25, 28, 32, 33, 41, 42, 43, 45] > [ 3,  7,  8, 10, 12, 13, 17, 18, 21, 26, 27, 29, 30, 31, 34, 35, 36, 37, 38, 39, 40, 44, 46]
    W2: [ 0,  1,  2,  4,  5, 17, 18, 21, 23, 24, 25, 28, 32, 33, 44, 46] = [ 3, 15, 16, 19, 20, 22, 26, 27, 29, 30, 31, 41, 42, 43, 45, 47]
    W3: [ 0,  6, 12, 13, 15, 16, 18, 22, 28, 38, 39, 40, 41, 42, 43, 46] > [ 4,  5,  7,  8, 14, 19, 23, 24, 26, 27, 29, 30, 33, 34, 35, 36]
    W4: [ 0,  1,  3,  4,  6,  8,  9, 15, 18, 19, 24, 26, 28, 30, 36, 40, 41] > [ 5, 11, 12, 14, 16, 20, 21, 27, 31, 33, 34, 38, 43, 44, 45, 46, 47]
    Truth table row=[>, >, =, >, >] ix=233 result=[6+] is correct

Test 7-:
    W0: [ 0,  1,  2,  4,  5,  6,  9, 11, 14, 15, 16, 21, 26, 27] > [ 3,  7,  8, 10, 12, 13, 17, 18, 19, 20, 22, 23, 24, 25]
    W1: [ 0,  1,  2,  4,  5,  6,  9, 11, 14, 15, 16, 20, 22, 23, 24, 25, 28, 32, 33, 41, 42, 43, 45] > [ 3,  7,  8, 10, 12, 13, 17, 18, 21, 26, 27, 29, 30, 31, 34, 35, 36, 37, 38, 39, 40, 44, 46]
    W2: [ 0,  1,  2,  4,  5, 17, 18, 21, 23, 24, 25, 28, 32, 33, 44, 46] = [ 3, 15, 16, 19, 20, 22, 26, 27, 29, 30, 31, 41, 42, 43, 45, 47]
    W3: [ 0,  6, 12, 13, 15, 16, 18, 22, 28, 38, 39, 40, 41, 42, 43, 46] > [ 4,  5,  7,  8, 14, 19, 23, 24, 26, 27, 29, 30, 33, 34, 35, 36]
    W4: [ 0,  1,  3,  4,  6,  8,  9, 15, 18, 19, 24, 26, 28, 30, 36, 40, 41] = [ 5, 11, 12, 14, 16, 20, 21, 27, 31, 33, 34, 38, 43, 44, 45, 46, 47]
    Truth table row=[>, >, =, >, =] ix=232 result=[7-] is correct

Test 7+:
    W0: [ 0,  1,  2,  4,  5,  6,  9, 11, 14, 15, 16, 21, 26, 27] < [ 3,  7,  8, 10, 12, 13, 17, 18, 19, 20, 22, 23, 24, 25]
    W1: [ 0,  1,  2,  4,  5,  6,  9, 11, 14, 15, 16, 20, 22, 23, 24, 25, 28, 32, 33, 41, 42, 43, 45] < [ 3,  7,  8, 10, 12, 13, 17, 18, 21, 26, 27, 29, 30, 31, 34, 35, 36, 37, 38, 39, 40, 44, 46]
    W2: [ 0,  1,  2,  4,  5, 17, 18, 21, 23, 24, 25, 28, 32, 33, 44, 46] = [ 3, 15, 16, 19, 20, 22, 26, 27, 29, 30, 31, 41, 42, 43, 45, 47]
    W3: [ 0,  6, 12, 13, 15, 16, 18, 22, 28, 38, 39, 40, 41, 42, 43, 46] < [ 4,  5,  7,  8, 14, 19, 23, 24, 26, 27, 29, 30, 33, 34, 35, 36]
    W4: [ 0,  1,  3,  4,  6,  8,  9, 15, 18, 19, 24, 26, 28, 30, 36, 40, 41] = [ 5, 11, 12, 14, 16, 20, 21, 27, 31, 33, 34, 38, 43, 44, 45, 46, 47]
    Truth table row=[<, <, =, <, =] ix=10 result=[7+] is correct

Test 8-:
    W0: [ 0,  1,  2,  4,  5,  6,  9, 11, 14, 15, 16, 21, 26, 27] > [ 3,  7,  8, 10, 12, 13, 17, 18, 19, 20, 22, 23, 24, 25]
    W1: [ 0,  1,  2,  4,  5,  6,  9, 11, 14, 15, 16, 20, 22, 23, 24, 25, 28, 32, 33, 41, 42, 43, 45] > [ 3,  7,  8, 10, 12, 13, 17, 18, 21, 26, 27, 29, 30, 31, 34, 35, 36, 37, 38, 39, 40, 44, 46]
    W2: [ 0,  1,  2,  4,  5, 17, 18, 21, 23, 24, 25, 28, 32, 33, 44, 46] = [ 3, 15, 16, 19, 20, 22, 26, 27, 29, 30, 31, 41, 42, 43, 45, 47]
    W3: [ 0,  6, 12, 13, 15, 16, 18, 22, 28, 38, 39, 40, 41, 42, 43, 46] > [ 4,  5,  7,  8, 14, 19, 23, 24, 26, 27, 29, 30, 33, 34, 35, 36]
    W4: [ 0,  1,  3,  4,  6,  8,  9, 15, 18, 19, 24, 26, 28, 30, 36, 40, 41] < [ 5, 11, 12, 14, 16, 20, 21, 27, 31, 33, 34, 38, 43, 44, 45, 46, 47]
    Truth table row=[>, >, =, >, <] ix=231 result=[8-] is correct

Test 8+:
    W0: [ 0,  1,  2,  4,  5,  6,  9, 11, 14, 15, 16, 21, 26, 27] < [ 3,  7,  8, 10, 12, 13, 17, 18, 19, 20, 22, 23, 24, 25]
    W1: [ 0,  1,  2,  4,  5,  6,  9, 11, 14, 15, 16, 20, 22, 23, 24, 25, 28, 32, 33, 41, 42, 43, 45] < [ 3,  7,  8, 10, 12, 13, 17, 18, 21, 26, 27, 29, 30, 31, 34, 35, 36, 37, 38, 39, 40, 44, 46]
    W2: [ 0,  1,  2,  4,  5, 17, 18, 21, 23, 24, 25, 28, 32, 33, 44, 46] = [ 3, 15, 16, 19, 20, 22, 26, 27, 29, 30, 31, 41, 42, 43, 45, 47]
    W3: [ 0,  6, 12, 13, 15, 16, 18, 22, 28, 38, 39, 40, 41, 42, 43, 46] < [ 4,  5,  7,  8, 14, 19, 23, 24, 26, 27, 29, 30, 33, 34, 35, 36]
    W4: [ 0,  1,  3,  4,  6,  8,  9, 15, 18, 19, 24, 26, 28, 30, 36, 40, 41] > [ 5, 11, 12, 14, 16, 20, 21, 27, 31, 33, 34, 38, 43, 44, 45, 46, 47]
    Truth table row=[<, <, =, <, >] ix=11 result=[8+] is correct

Test 9-:
    W0: [ 0,  1,  2,  4,  5,  6,  9, 11, 14, 15, 16, 21, 26, 27] < [ 3,  7,  8, 10, 12, 13, 17, 18, 19, 20, 22, 23, 24, 25]
    W1: [ 0,  1,  2,  4,  5,  6,  9, 11, 14, 15, 16, 20, 22, 23, 24, 25, 28, 32, 33, 41, 42, 43, 45] < [ 3,  7,  8, 10, 12, 13, 17, 18, 21, 26, 27, 29, 30, 31, 34, 35, 36, 37, 38, 39, 40, 44, 46]
    W2: [ 0,  1,  2,  4,  5, 17, 18, 21, 23, 24, 25, 28, 32, 33, 44, 46] = [ 3, 15, 16, 19, 20, 22, 26, 27, 29, 30, 31, 41, 42, 43, 45, 47]
    W3: [ 0,  6, 12, 13, 15, 16, 18, 22, 28, 38, 39, 40, 41, 42, 43, 46] = [ 4,  5,  7,  8, 14, 19, 23, 24, 26, 27, 29, 30, 33, 34, 35, 36]
    W4: [ 0,  1,  3,  4,  6,  8,  9, 15, 18, 19, 24, 26, 28, 30, 36, 40, 41] < [ 5, 11, 12, 14, 16, 20, 21, 27, 31, 33, 34, 38, 43, 44, 45, 46, 47]
    Truth table row=[<, <, =, =, <] ix=12 result=[9-] is correct

Test 9+:
    W0: [ 0,  1,  2,  4,  5,  6,  9, 11, 14, 15, 16, 21, 26, 27] > [ 3,  7,  8, 10, 12, 13, 17, 18, 19, 20, 22, 23, 24, 25]
    W1: [ 0,  1,  2,  4,  5,  6,  9, 11, 14, 15, 16, 20, 22, 23, 24, 25, 28, 32, 33, 41, 42, 43, 45] > [ 3,  7,  8, 10, 12, 13, 17, 18, 21, 26, 27, 29, 30, 31, 34, 35, 36, 37, 38, 39, 40, 44, 46]
    W2: [ 0,  1,  2,  4,  5, 17, 18, 21, 23, 24, 25, 28, 32, 33, 44, 46] = [ 3, 15, 16, 19, 20, 22, 26, 27, 29, 30, 31, 41, 42, 43, 45, 47]
    W3: [ 0,  6, 12, 13, 15, 16, 18, 22, 28, 38, 39, 40, 41, 42, 43, 46] = [ 4,  5,  7,  8, 14, 19, 23, 24, 26, 27, 29, 30, 33, 34, 35, 36]
    W4: [ 0,  1,  3,  4,  6,  8,  9, 15, 18, 19, 24, 26, 28, 30, 36, 40, 41] > [ 5, 11, 12, 14, 16, 20, 21, 27, 31, 33, 34, 38, 43, 44, 45, 46, 47]
    Truth table row=[>, >, =, =, >] ix=230 result=[9+] is correct

Test 10-:
    W0: [ 0,  1,  2,  4,  5,  6,  9, 11, 14, 15, 16, 21, 26, 27] > [ 3,  7,  8, 10, 12, 13, 17, 18, 19, 20, 22, 23, 24, 25]
    W1: [ 0,  1,  2,  4,  5,  6,  9, 11, 14, 15, 16, 20, 22, 23, 24, 25, 28, 32, 33, 41, 42, 43, 45] > [ 3,  7,  8, 10, 12, 13, 17, 18, 21, 26, 27, 29, 30, 31, 34, 35, 36, 37, 38, 39, 40, 44, 46]
    W2: [ 0,  1,  2,  4,  5, 17, 18, 21, 23, 24, 25, 28, 32, 33, 44, 46] = [ 3, 15, 16, 19, 20, 22, 26, 27, 29, 30, 31, 41, 42, 43, 45, 47]
    W3: [ 0,  6, 12, 13, 15, 16, 18, 22, 28, 38, 39, 40, 41, 42, 43, 46] = [ 4,  5,  7,  8, 14, 19, 23, 24, 26, 27, 29, 30, 33, 34, 35, 36]
    W4: [ 0,  1,  3,  4,  6,  8,  9, 15, 18, 19, 24, 26, 28, 30, 36, 40, 41] = [ 5, 11, 12, 14, 16, 20, 21, 27, 31, 33, 34, 38, 43, 44, 45, 46, 47]
    Truth table row=[>, >, =, =, =] ix=229 result=[10-] is correct

Test 10+:
    W0: [ 0,  1,  2,  4,  5,  6,  9, 11, 14, 15, 16, 21, 26, 27] < [ 3,  7,  8, 10, 12, 13, 17, 18, 19, 20, 22, 23, 24, 25]
    W1: [ 0,  1,  2,  4,  5,  6,  9, 11, 14, 15, 16, 20, 22, 23, 24, 25, 28, 32, 33, 41, 42, 43, 45] < [ 3,  7,  8, 10, 12, 13, 17, 18, 21, 26, 27, 29, 30, 31, 34, 35, 36, 37, 38, 39, 40, 44, 46]
    W2: [ 0,  1,  2,  4,  5, 17, 18, 21, 23, 24, 25, 28, 32, 33, 44, 46] = [ 3, 15, 16, 19, 20, 22, 26, 27, 29, 30, 31, 41, 42, 43, 45, 47]
    W3: [ 0,  6, 12, 13, 15, 16, 18, 22, 28, 38, 39, 40, 41, 42, 43, 46] = [ 4,  5,  7,  8, 14, 19, 23, 24, 26, 27, 29, 30, 33, 34, 35, 36]
    W4: [ 0,  1,  3,  4,  6,  8,  9, 15, 18, 19, 24, 26, 28, 30, 36, 40, 41] = [ 5, 11, 12, 14, 16, 20, 21, 27, 31, 33, 34, 38, 43, 44, 45, 46, 47]
    Truth table row=[<, <, =, =, =] ix=13 result=[10+] is correct

Test 11-:
    W0: [ 0,  1,  2,  4,  5,  6,  9, 11, 14, 15, 16, 21, 26, 27] < [ 3,  7,  8, 10, 12, 13, 17, 18, 19, 20, 22, 23, 24, 25]
    W1: [ 0,  1,  2,  4,  5,  6,  9, 11, 14, 15, 16, 20, 22, 23, 24, 25, 28, 32, 33, 41, 42, 43, 45] < [ 3,  7,  8, 10, 12, 13, 17, 18, 21, 26, 27, 29, 30, 31, 34, 35, 36, 37, 38, 39, 40, 44, 46]
    W2: [ 0,  1,  2,  4,  5, 17, 18, 21, 23, 24, 25, 28, 32, 33, 44, 46] = [ 3, 15, 16, 19, 20, 22, 26, 27, 29, 30, 31, 41, 42, 43, 45, 47]
    W3: [ 0,  6, 12, 13, 15, 16, 18, 22, 28, 38, 39, 40, 41, 42, 43, 46] = [ 4,  5,  7,  8, 14, 19, 23, 24, 26, 27, 29, 30, 33, 34, 35, 36]
    W4: [ 0,  1,  3,  4,  6,  8,  9, 15, 18, 19, 24, 26, 28, 30, 36, 40, 41] > [ 5, 11, 12, 14, 16, 20, 21, 27, 31, 33, 34, 38, 43, 44, 45, 46, 47]
    Truth table row=[<, <, =, =, >] ix=14 result=[11-] is correct

Test 11+:
    W0: [ 0,  1,  2,  4,  5,  6,  9, 11, 14, 15, 16, 21, 26, 27] > [ 3,  7,  8, 10, 12, 13, 17, 18, 19, 20, 22, 23, 24, 25]
    W1: [ 0,  1,  2,  4,  5,  6,  9, 11, 14, 15, 16, 20, 22, 23, 24, 25, 28, 32, 33, 41, 42, 43, 45] > [ 3,  7,  8, 10, 12, 13, 17, 18, 21, 26, 27, 29, 30, 31, 34, 35, 36, 37, 38, 39, 40, 44, 46]
    W2: [ 0,  1,  2,  4,  5, 17, 18, 21, 23, 24, 25, 28, 32, 33, 44, 46] = [ 3, 15, 16, 19, 20, 22, 26, 27, 29, 30, 31, 41, 42, 43, 45, 47]
    W3: [ 0,  6, 12, 13, 15, 16, 18, 22, 28, 38, 39, 40, 41, 42, 43, 46] = [ 4,  5,  7,  8, 14, 19, 23, 24, 26, 27, 29, 30, 33, 34, 35, 36]
    W4: [ 0,  1,  3,  4,  6,  8,  9, 15, 18, 19, 24, 26, 28, 30, 36, 40, 41] < [ 5, 11, 12, 14, 16, 20, 21, 27, 31, 33, 34, 38, 43, 44, 45, 46, 47]
    Truth table row=[>, >, =, =, <] ix=228 result=[11+] is correct

Test 12-:
    W0: [ 0,  1,  2,  4,  5,  6,  9, 11, 14, 15, 16, 21, 26, 27] > [ 3,  7,  8, 10, 12, 13, 17, 18, 19, 20, 22, 23, 24, 25]
    W1: [ 0,  1,  2,  4,  5,  6,  9, 11, 14, 15, 16, 20, 22, 23, 24, 25, 28, 32, 33, 41, 42, 43, 45] > [ 3,  7,  8, 10, 12, 13, 17, 18, 21, 26, 27, 29, 30, 31, 34, 35, 36, 37, 38, 39, 40, 44, 46]
    W2: [ 0,  1,  2,  4,  5, 17, 18, 21, 23, 24, 25, 28, 32, 33, 44, 46] = [ 3, 15, 16, 19, 20, 22, 26, 27, 29, 30, 31, 41, 42, 43, 45, 47]
    W3: [ 0,  6, 12, 13, 15, 16, 18, 22, 28, 38, 39, 40, 41, 42, 43, 46] < [ 4,  5,  7,  8, 14, 19, 23, 24, 26, 27, 29, 30, 33, 34, 35, 36]
    W4: [ 0,  1,  3,  4,  6,  8,  9, 15, 18, 19, 24, 26, 28, 30, 36, 40, 41] > [ 5, 11, 12, 14, 16, 20, 21, 27, 31, 33, 34, 38, 43, 44, 45, 46, 47]
    Truth table row=[>, >, =, <, >] ix=227 result=[12-] is correct

Test 12+:
    W0: [ 0,  1,  2,  4,  5,  6,  9, 11, 14, 15, 16, 21, 26, 27] < [ 3,  7,  8, 10, 12, 13, 17, 18, 19, 20, 22, 23, 24, 25]
    W1: [ 0,  1,  2,  4,  5,  6,  9, 11, 14, 15, 16, 20, 22, 23, 24, 25, 28, 32, 33, 41, 42, 43, 45] < [ 3,  7,  8, 10, 12, 13, 17, 18, 21, 26, 27, 29, 30, 31, 34, 35, 36, 37, 38, 39, 40, 44, 46]
    W2: [ 0,  1,  2,  4,  5, 17, 18, 21, 23, 24, 25, 28, 32, 33, 44, 46] = [ 3, 15, 16, 19, 20, 22, 26, 27, 29, 30, 31, 41, 42, 43, 45, 47]
    W3: [ 0,  6, 12, 13, 15, 16, 18, 22, 28, 38, 39, 40, 41, 42, 43, 46] > [ 4,  5,  7,  8, 14, 19, 23, 24, 26, 27, 29, 30, 33, 34, 35, 36]
    W4: [ 0,  1,  3,  4,  6,  8,  9, 15, 18, 19, 24, 26, 28, 30, 36, 40, 41] < [ 5, 11, 12, 14, 16, 20, 21, 27, 31, 33, 34, 38, 43, 44, 45, 46, 47]
    Truth table row=[<, <, =, >, <] ix=15 result=[12+] is correct

Test 13-:
    W0: [ 0,  1,  2,  4,  5,  6,  9, 11, 14, 15, 16, 21, 26, 27] > [ 3,  7,  8, 10, 12, 13, 17, 18, 19, 20, 22, 23, 24, 25]
    W1: [ 0,  1,  2,  4,  5,  6,  9, 11, 14, 15, 16, 20, 22, 23, 24, 25, 28, 32, 33, 41, 42, 43, 45] > [ 3,  7,  8, 10, 12, 13, 17, 18, 21, 26, 27, 29, 30, 31, 34, 35, 36, 37, 38, 39, 40, 44, 46]
    W2: [ 0,  1,  2,  4,  5, 17, 18, 21, 23, 24, 25, 28, 32, 33, 44, 46] = [ 3, 15, 16, 19, 20, 22, 26, 27, 29, 30, 31, 41, 42, 43, 45, 47]
    W3: [ 0,  6, 12, 13, 15, 16, 18, 22, 28, 38, 39, 40, 41, 42, 43, 46] < [ 4,  5,  7,  8, 14, 19, 23, 24, 26, 27, 29, 30, 33, 34, 35, 36]
    W4: [ 0,  1,  3,  4,  6,  8,  9, 15, 18, 19, 24, 26, 28, 30, 36, 40, 41] = [ 5, 11, 12, 14, 16, 20, 21, 27, 31, 33, 34, 38, 43, 44, 45, 46, 47]
    Truth table row=[>, >, =, <, =] ix=226 result=[13-] is correct

Test 13+:
    W0: [ 0,  1,  2,  4,  5,  6,  9, 11, 14, 15, 16, 21, 26, 27] < [ 3,  7,  8, 10, 12, 13, 17, 18, 19, 20, 22, 23, 24, 25]
    W1: [ 0,  1,  2,  4,  5,  6,  9, 11, 14, 15, 16, 20, 22, 23, 24, 25, 28, 32, 33, 41, 42, 43, 45] < [ 3,  7,  8, 10, 12, 13, 17, 18, 21, 26, 27, 29, 30, 31, 34, 35, 36, 37, 38, 39, 40, 44, 46]
    W2: [ 0,  1,  2,  4,  5, 17, 18, 21, 23, 24, 25, 28, 32, 33, 44, 46] = [ 3, 15, 16, 19, 20, 22, 26, 27, 29, 30, 31, 41, 42, 43, 45, 47]
    W3: [ 0,  6, 12, 13, 15, 16, 18, 22, 28, 38, 39, 40, 41, 42, 43, 46] > [ 4,  5,  7,  8, 14, 19, 23, 24, 26, 27, 29, 30, 33, 34, 35, 36]
    W4: [ 0,  1,  3,  4,  6,  8,  9, 15, 18, 19, 24, 26, 28, 30, 36, 40, 41] = [ 5, 11, 12, 14, 16, 20, 21, 27, 31, 33, 34, 38, 43, 44, 45, 46, 47]
    Truth table row=[<, <, =, >, =] ix=16 result=[13+] is correct

Test 14-:
    W0: [ 0,  1,  2,  4,  5,  6,  9, 11, 14, 15, 16, 21, 26, 27] < [ 3,  7,  8, 10, 12, 13, 17, 18, 19, 20, 22, 23, 24, 25]
    W1: [ 0,  1,  2,  4,  5,  6,  9, 11, 14, 15, 16, 20, 22, 23, 24, 25, 28, 32, 33, 41, 42, 43, 45] < [ 3,  7,  8, 10, 12, 13, 17, 18, 21, 26, 27, 29, 30, 31, 34, 35, 36, 37, 38, 39, 40, 44, 46]
    W2: [ 0,  1,  2,  4,  5, 17, 18, 21, 23, 24, 25, 28, 32, 33, 44, 46] = [ 3, 15, 16, 19, 20, 22, 26, 27, 29, 30, 31, 41, 42, 43, 45, 47]
    W3: [ 0,  6, 12, 13, 15, 16, 18, 22, 28, 38, 39, 40, 41, 42, 43, 46] > [ 4,  5,  7,  8, 14, 19, 23, 24, 26, 27, 29, 30, 33, 34, 35, 36]
    W4: [ 0,  1,  3,  4,  6,  8,  9, 15, 18, 19, 24, 26, 28, 30, 36, 40, 41] > [ 5, 11, 12, 14, 16, 20, 21, 27, 31, 33, 34, 38, 43, 44, 45, 46, 47]
    Truth table row=[<, <, =, >, >] ix=17 result=[14-] is correct

Test 14+:
    W0: [ 0,  1,  2,  4,  5,  6,  9, 11, 14, 15, 16, 21, 26, 27] > [ 3,  7,  8, 10, 12, 13, 17, 18, 19, 20, 22, 23, 24, 25]
    W1: [ 0,  1,  2,  4,  5,  6,  9, 11, 14, 15, 16, 20, 22, 23, 24, 25, 28, 32, 33, 41, 42, 43, 45] > [ 3,  7,  8, 10, 12, 13, 17, 18, 21, 26, 27, 29, 30, 31, 34, 35, 36, 37, 38, 39, 40, 44, 46]
    W2: [ 0,  1,  2,  4,  5, 17, 18, 21, 23, 24, 25, 28, 32, 33, 44, 46] = [ 3, 15, 16, 19, 20, 22, 26, 27, 29, 30, 31, 41, 42, 43, 45, 47]
    W3: [ 0,  6, 12, 13, 15, 16, 18, 22, 28, 38, 39, 40, 41, 42, 43, 46] < [ 4,  5,  7,  8, 14, 19, 23, 24, 26, 27, 29, 30, 33, 34, 35, 36]
    W4: [ 0,  1,  3,  4,  6,  8,  9, 15, 18, 19, 24, 26, 28, 30, 36, 40, 41] < [ 5, 11, 12, 14, 16, 20, 21, 27, 31, 33, 34, 38, 43, 44, 45, 46, 47]
    Truth table row=[>, >, =, <, <] ix=225 result=[14+] is correct

Test 15-:
    W0: [ 0,  1,  2,  4,  5,  6,  9, 11, 14, 15, 16, 21, 26, 27] < [ 3,  7,  8, 10, 12, 13, 17, 18, 19, 20, 22, 23, 24, 25]
    W1: [ 0,  1,  2,  4,  5,  6,  9, 11, 14, 15, 16, 20, 22, 23, 24, 25, 28, 32, 33, 41, 42, 43, 45] < [ 3,  7,  8, 10, 12, 13, 17, 18, 21, 26, 27, 29, 30, 31, 34, 35, 36, 37, 38, 39, 40, 44, 46]
    W2: [ 0,  1,  2,  4,  5, 17, 18, 21, 23, 24, 25, 28, 32, 33, 44, 46] > [ 3, 15, 16, 19, 20, 22, 26, 27, 29, 30, 31, 41, 42, 43, 45, 47]
    W3: [ 0,  6, 12, 13, 15, 16, 18, 22, 28, 38, 39, 40, 41, 42, 43, 46] < [ 4,  5,  7,  8, 14, 19, 23, 24, 26, 27, 29, 30, 33, 34, 35, 36]
    W4: [ 0,  1,  3,  4,  6,  8,  9, 15, 18, 19, 24, 26, 28, 30, 36, 40, 41] < [ 5, 11, 12, 14, 16, 20, 21, 27, 31, 33, 34, 38, 43, 44, 45, 46, 47]
    Truth table row=[<, <, >, <, <] ix=18 result=[15-] is correct

Test 15+:
    W0: [ 0,  1,  2,  4,  5,  6,  9, 11, 14, 15, 16, 21, 26, 27] > [ 3,  7,  8, 10, 12, 13, 17, 18, 19, 20, 22, 23, 24, 25]
    W1: [ 0,  1,  2,  4,  5,  6,  9, 11, 14, 15, 16, 20, 22, 23, 24, 25, 28, 32, 33, 41, 42, 43, 45] > [ 3,  7,  8, 10, 12, 13, 17, 18, 21, 26, 27, 29, 30, 31, 34, 35, 36, 37, 38, 39, 40, 44, 46]
    W2: [ 0,  1,  2,  4,  5, 17, 18, 21, 23, 24, 25, 28, 32, 33, 44, 46] < [ 3, 15, 16, 19, 20, 22, 26, 27, 29, 30, 31, 41, 42, 43, 45, 47]
    W3: [ 0,  6, 12, 13, 15, 16, 18, 22, 28, 38, 39, 40, 41, 42, 43, 46] > [ 4,  5,  7,  8, 14, 19, 23, 24, 26, 27, 29, 30, 33, 34, 35, 36]
    W4: [ 0,  1,  3,  4,  6,  8,  9, 15, 18, 19, 24, 26, 28, 30, 36, 40, 41] > [ 5, 11, 12, 14, 16, 20, 21, 27, 31, 33, 34, 38, 43, 44, 45, 46, 47]
    Truth table row=[>, >, <, >, >] ix=224 result=[15+] is correct

Test 16-:
    W0: [ 0,  1,  2,  4,  5,  6,  9, 11, 14, 15, 16, 21, 26, 27] < [ 3,  7,  8, 10, 12, 13, 17, 18, 19, 20, 22, 23, 24, 25]
    W1: [ 0,  1,  2,  4,  5,  6,  9, 11, 14, 15, 16, 20, 22, 23, 24, 25, 28, 32, 33, 41, 42, 43, 45] < [ 3,  7,  8, 10, 12, 13, 17, 18, 21, 26, 27, 29, 30, 31, 34, 35, 36, 37, 38, 39, 40, 44, 46]
    W2: [ 0,  1,  2,  4,  5, 17, 18, 21, 23, 24, 25, 28, 32, 33, 44, 46] > [ 3, 15, 16, 19, 20, 22, 26, 27, 29, 30, 31, 41, 42, 43, 45, 47]
    W3: [ 0,  6, 12, 13, 15, 16, 18, 22, 28, 38, 39, 40, 41, 42, 43, 46] < [ 4,  5,  7,  8, 14, 19, 23, 24, 26, 27, 29, 30, 33, 34, 35, 36]
    W4: [ 0,  1,  3,  4,  6,  8,  9, 15, 18, 19, 24, 26, 28, 30, 36, 40, 41] > [ 5, 11, 12, 14, 16, 20, 21, 27, 31, 33, 34, 38, 43, 44, 45, 46, 47]
    Truth table row=[<, <, >, <, >] ix=20 result=[16-] is correct

Test 16+:
    W0: [ 0,  1,  2,  4,  5,  6,  9, 11, 14, 15, 16, 21, 26, 27] > [ 3,  7,  8, 10, 12, 13, 17, 18, 19, 20, 22, 23, 24, 25]
    W1: [ 0,  1,  2,  4,  5,  6,  9, 11, 14, 15, 16, 20, 22, 23, 24, 25, 28, 32, 33, 41, 42, 43, 45] > [ 3,  7,  8, 10, 12, 13, 17, 18, 21, 26, 27, 29, 30, 31, 34, 35, 36, 37, 38, 39, 40, 44, 46]
    W2: [ 0,  1,  2,  4,  5, 17, 18, 21, 23, 24, 25, 28, 32, 33, 44, 46] < [ 3, 15, 16, 19, 20, 22, 26, 27, 29, 30, 31, 41, 42, 43, 45, 47]
    W3: [ 0,  6, 12, 13, 15, 16, 18, 22, 28, 38, 39, 40, 41, 42, 43, 46] > [ 4,  5,  7,  8, 14, 19, 23, 24, 26, 27, 29, 30, 33, 34, 35, 36]
    W4: [ 0,  1,  3,  4,  6,  8,  9, 15, 18, 19, 24, 26, 28, 30, 36, 40, 41] < [ 5, 11, 12, 14, 16, 20, 21, 27, 31, 33, 34, 38, 43, 44, 45, 46, 47]
    Truth table row=[>, >, <, >, <] ix=222 result=[16+] is correct

Test 17-:
    W0: [ 0,  1,  2,  4,  5,  6,  9, 11, 14, 15, 16, 21, 26, 27] > [ 3,  7,  8, 10, 12, 13, 17, 18, 19, 20, 22, 23, 24, 25]
    W1: [ 0,  1,  2,  4,  5,  6,  9, 11, 14, 15, 16, 20, 22, 23, 24, 25, 28, 32, 33, 41, 42, 43, 45] > [ 3,  7,  8, 10, 12, 13, 17, 18, 21, 26, 27, 29, 30, 31, 34, 35, 36, 37, 38, 39, 40, 44, 46]
    W2: [ 0,  1,  2,  4,  5, 17, 18, 21, 23, 24, 25, 28, 32, 33, 44, 46] < [ 3, 15, 16, 19, 20, 22, 26, 27, 29, 30, 31, 41, 42, 43, 45, 47]
    W3: [ 0,  6, 12, 13, 15, 16, 18, 22, 28, 38, 39, 40, 41, 42, 43, 46] = [ 4,  5,  7,  8, 14, 19, 23, 24, 26, 27, 29, 30, 33, 34, 35, 36]
    W4: [ 0,  1,  3,  4,  6,  8,  9, 15, 18, 19, 24, 26, 28, 30, 36, 40, 41] = [ 5, 11, 12, 14, 16, 20, 21, 27, 31, 33, 34, 38, 43, 44, 45, 46, 47]
    Truth table row=[>, >, <, =, =] ix=220 result=[17-] is correct

Test 17+:
    W0: [ 0,  1,  2,  4,  5,  6,  9, 11, 14, 15, 16, 21, 26, 27] < [ 3,  7,  8, 10, 12, 13, 17, 18, 19, 20, 22, 23, 24, 25]
    W1: [ 0,  1,  2,  4,  5,  6,  9, 11, 14, 15, 16, 20, 22, 23, 24, 25, 28, 32, 33, 41, 42, 43, 45] < [ 3,  7,  8, 10, 12, 13, 17, 18, 21, 26, 27, 29, 30, 31, 34, 35, 36, 37, 38, 39, 40, 44, 46]
    W2: [ 0,  1,  2,  4,  5, 17, 18, 21, 23, 24, 25, 28, 32, 33, 44, 46] > [ 3, 15, 16, 19, 20, 22, 26, 27, 29, 30, 31, 41, 42, 43, 45, 47]
    W3: [ 0,  6, 12, 13, 15, 16, 18, 22, 28, 38, 39, 40, 41, 42, 43, 46] = [ 4,  5,  7,  8, 14, 19, 23, 24, 26, 27, 29, 30, 33, 34, 35, 36]
    W4: [ 0,  1,  3,  4,  6,  8,  9, 15, 18, 19, 24, 26, 28, 30, 36, 40, 41] = [ 5, 11, 12, 14, 16, 20, 21, 27, 31, 33, 34, 38, 43, 44, 45, 46, 47]
    Truth table row=[<, <, >, =, =] ix=22 result=[17+] is correct

Test 18-:
    W0: [ 0,  1,  2,  4,  5,  6,  9, 11, 14, 15, 16, 21, 26, 27] > [ 3,  7,  8, 10, 12, 13, 17, 18, 19, 20, 22, 23, 24, 25]
    W1: [ 0,  1,  2,  4,  5,  6,  9, 11, 14, 15, 16, 20, 22, 23, 24, 25, 28, 32, 33, 41, 42, 43, 45] > [ 3,  7,  8, 10, 12, 13, 17, 18, 21, 26, 27, 29, 30, 31, 34, 35, 36, 37, 38, 39, 40, 44, 46]
    W2: [ 0,  1,  2,  4,  5, 17, 18, 21, 23, 24, 25, 28, 32, 33, 44, 46] < [ 3, 15, 16, 19, 20, 22, 26, 27, 29, 30, 31, 41, 42, 43, 45, 47]
    W3: [ 0,  6, 12, 13, 15, 16, 18, 22, 28, 38, 39, 40, 41, 42, 43, 46] < [ 4,  5,  7,  8, 14, 19, 23, 24, 26, 27, 29, 30, 33, 34, 35, 36]
    W4: [ 0,  1,  3,  4,  6,  8,  9, 15, 18, 19, 24, 26, 28, 30, 36, 40, 41] < [ 5, 11, 12, 14, 16, 20, 21, 27, 31, 33, 34, 38, 43, 44, 45, 46, 47]
    Truth table row=[>, >, <, <, <] ix=216 result=[18-] is correct

Test 18+:
    W0: [ 0,  1,  2,  4,  5,  6,  9, 11, 14, 15, 16, 21, 26, 27] < [ 3,  7,  8, 10, 12, 13, 17, 18, 19, 20, 22, 23, 24, 25]
    W1: [ 0,  1,  2,  4,  5,  6,  9, 11, 14, 15, 16, 20, 22, 23, 24, 25, 28, 32, 33, 41, 42, 43, 45] < [ 3,  7,  8, 10, 12, 13, 17, 18, 21, 26, 27, 29, 30, 31, 34, 35, 36, 37, 38, 39, 40, 44, 46]
    W2: [ 0,  1,  2,  4,  5, 17, 18, 21, 23, 24, 25, 28, 32, 33, 44, 46] > [ 3, 15, 16, 19, 20, 22, 26, 27, 29, 30, 31, 41, 42, 43, 45, 47]
    W3: [ 0,  6, 12, 13, 15, 16, 18, 22, 28, 38, 39, 40, 41, 42, 43, 46] > [ 4,  5,  7,  8, 14, 19, 23, 24, 26, 27, 29, 30, 33, 34, 35, 36]
    W4: [ 0,  1,  3,  4,  6,  8,  9, 15, 18, 19, 24, 26, 28, 30, 36, 40, 41] > [ 5, 11, 12, 14, 16, 20, 21, 27, 31, 33, 34, 38, 43, 44, 45, 46, 47]
    Truth table row=[<, <, >, >, >] ix=26 result=[18+] is correct

Test 19-:
    W0: [ 0,  1,  2,  4,  5,  6,  9, 11, 14, 15, 16, 21, 26, 27] > [ 3,  7,  8, 10, 12, 13, 17, 18, 19, 20, 22, 23, 24, 25]
    W1: [ 0,  1,  2,  4,  5,  6,  9, 11, 14, 15, 16, 20, 22, 23, 24, 25, 28, 32, 33, 41, 42, 43, 45] = [ 3,  7,  8, 10, 12, 13, 17, 18, 21, 26, 27, 29, 30, 31, 34, 35, 36, 37, 38, 39, 40, 44, 46]
    W2: [ 0,  1,  2,  4,  5, 17, 18, 21, 23, 24, 25, 28, 32, 33, 44, 46] > [ 3, 15, 16, 19, 20, 22, 26, 27, 29, 30, 31, 41, 42, 43, 45, 47]
    W3: [ 0,  6, 12, 13, 15, 16, 18, 22, 28, 38, 39, 40, 41, 42, 43, 46] > [ 4,  5,  7,  8, 14, 19, 23, 24, 26, 27, 29, 30, 33, 34, 35, 36]
    W4: [ 0,  1,  3,  4,  6,  8,  9, 15, 18, 19, 24, 26, 28, 30, 36, 40, 41] < [ 5, 11, 12, 14, 16, 20, 21, 27, 31, 33, 34, 38, 43, 44, 45, 46, 47]
    Truth table row=[>, =, >, >, <] ix=213 result=[19-] is correct

Test 19+:
    W0: [ 0,  1,  2,  4,  5,  6,  9, 11, 14, 15, 16, 21, 26, 27] < [ 3,  7,  8, 10, 12, 13, 17, 18, 19, 20, 22, 23, 24, 25]
    W1: [ 0,  1,  2,  4,  5,  6,  9, 11, 14, 15, 16, 20, 22, 23, 24, 25, 28, 32, 33, 41, 42, 43, 45] = [ 3,  7,  8, 10, 12, 13, 17, 18, 21, 26, 27, 29, 30, 31, 34, 35, 36, 37, 38, 39, 40, 44, 46]
    W2: [ 0,  1,  2,  4,  5, 17, 18, 21, 23, 24, 25, 28, 32, 33, 44, 46] < [ 3, 15, 16, 19, 20, 22, 26, 27, 29, 30, 31, 41, 42, 43, 45, 47]
    W3: [ 0,  6, 12, 13, 15, 16, 18, 22, 28, 38, 39, 40, 41, 42, 43, 46] < [ 4,  5,  7,  8, 14, 19, 23, 24, 26, 27, 29, 30, 33, 34, 35, 36]
    W4: [ 0,  1,  3,  4,  6,  8,  9, 15, 18, 19, 24, 26, 28, 30, 36, 40, 41] > [ 5, 11, 12, 14, 16, 20, 21, 27, 31, 33, 34, 38, 43, 44, 45, 46, 47]
    Truth table row=[<, =, <, <, >] ix=29 result=[19+] is correct

Test 20-:
    W0: [ 0,  1,  2,  4,  5,  6,  9, 11, 14, 15, 16, 21, 26, 27] > [ 3,  7,  8, 10, 12, 13, 17, 18, 19, 20, 22, 23, 24, 25]
    W1: [ 0,  1,  2,  4,  5,  6,  9, 11, 14, 15, 16, 20, 22, 23, 24, 25, 28, 32, 33, 41, 42, 43, 45] < [ 3,  7,  8, 10, 12, 13, 17, 18, 21, 26, 27, 29, 30, 31, 34, 35, 36, 37, 38, 39, 40, 44, 46]
    W2: [ 0,  1,  2,  4,  5, 17, 18, 21, 23, 24, 25, 28, 32, 33, 44, 46] > [ 3, 15, 16, 19, 20, 22, 26, 27, 29, 30, 31, 41, 42, 43, 45, 47]
    W3: [ 0,  6, 12, 13, 15, 16, 18, 22, 28, 38, 39, 40, 41, 42, 43, 46] = [ 4,  5,  7,  8, 14, 19, 23, 24, 26, 27, 29, 30, 33, 34, 35, 36]
    W4: [ 0,  1,  3,  4,  6,  8,  9, 15, 18, 19, 24, 26, 28, 30, 36, 40, 41] > [ 5, 11, 12, 14, 16, 20, 21, 27, 31, 33, 34, 38, 43, 44, 45, 46, 47]
    Truth table row=[>, <, >, =, >] ix=185 result=[20-] is correct

Test 20+:
    W0: [ 0,  1,  2,  4,  5,  6,  9, 11, 14, 15, 16, 21, 26, 27] < [ 3,  7,  8, 10, 12, 13, 17, 18, 19, 20, 22, 23, 24, 25]
    W1: [ 0,  1,  2,  4,  5,  6,  9, 11, 14, 15, 16, 20, 22, 23, 24, 25, 28, 32, 33, 41, 42, 43, 45] > [ 3,  7,  8, 10, 12, 13, 17, 18, 21, 26, 27, 29, 30, 31, 34, 35, 36, 37, 38, 39, 40, 44, 46]
    W2: [ 0,  1,  2,  4,  5, 17, 18, 21, 23, 24, 25, 28, 32, 33, 44, 46] < [ 3, 15, 16, 19, 20, 22, 26, 27, 29, 30, 31, 41, 42, 43, 45, 47]
    W3: [ 0,  6, 12, 13, 15, 16, 18, 22, 28, 38, 39, 40, 41, 42, 43, 46] = [ 4,  5,  7,  8, 14, 19, 23, 24, 26, 27, 29, 30, 33, 34, 35, 36]
    W4: [ 0,  1,  3,  4,  6,  8,  9, 15, 18, 19, 24, 26, 28, 30, 36, 40, 41] < [ 5, 11, 12, 14, 16, 20, 21, 27, 31, 33, 34, 38, 43, 44, 45, 46, 47]
    Truth table row=[<, >, <, =, <] ix=57 result=[20+] is correct

Test 21-:
    W0: [ 0,  1,  2,  4,  5,  6,  9, 11, 14, 15, 16, 21, 26, 27] < [ 3,  7,  8, 10, 12, 13, 17, 18, 19, 20, 22, 23, 24, 25]
    W1: [ 0,  1,  2,  4,  5,  6,  9, 11, 14, 15, 16, 20, 22, 23, 24, 25, 28, 32, 33, 41, 42, 43, 45] > [ 3,  7,  8, 10, 12, 13, 17, 18, 21, 26, 27, 29, 30, 31, 34, 35, 36, 37, 38, 39, 40, 44, 46]
    W2: [ 0,  1,  2,  4,  5, 17, 18, 21, 23, 24, 25, 28, 32, 33, 44, 46] < [ 3, 15, 16, 19, 20, 22, 26, 27, 29, 30, 31, 41, 42, 43, 45, 47]
    W3: [ 0,  6, 12, 13, 15, 16, 18, 22, 28, 38, 39, 40, 41, 42, 43, 46] = [ 4,  5,  7,  8, 14, 19, 23, 24, 26, 27, 29, 30, 33, 34, 35, 36]
    W4: [ 0,  1,  3,  4,  6,  8,  9, 15, 18, 19, 24, 26, 28, 30, 36, 40, 41] > [ 5, 11, 12, 14, 16, 20, 21, 27, 31, 33, 34, 38, 43, 44, 45, 46, 47]
    Truth table row=[<, >, <, =, >] ix=59 result=[21-] is correct

Test 21+:
    W0: [ 0,  1,  2,  4,  5,  6,  9, 11, 14, 15, 16, 21, 26, 27] > [ 3,  7,  8, 10, 12, 13, 17, 18, 19, 20, 22, 23, 24, 25]
    W1: [ 0,  1,  2,  4,  5,  6,  9, 11, 14, 15, 16, 20, 22, 23, 24, 25, 28, 32, 33, 41, 42, 43, 45] < [ 3,  7,  8, 10, 12, 13, 17, 18, 21, 26, 27, 29, 30, 31, 34, 35, 36, 37, 38, 39, 40, 44, 46]
    W2: [ 0,  1,  2,  4,  5, 17, 18, 21, 23, 24, 25, 28, 32, 33, 44, 46] > [ 3, 15, 16, 19, 20, 22, 26, 27, 29, 30, 31, 41, 42, 43, 45, 47]
    W3: [ 0,  6, 12, 13, 15, 16, 18, 22, 28, 38, 39, 40, 41, 42, 43, 46] = [ 4,  5,  7,  8, 14, 19, 23, 24, 26, 27, 29, 30, 33, 34, 35, 36]
    W4: [ 0,  1,  3,  4,  6,  8,  9, 15, 18, 19, 24, 26, 28, 30, 36, 40, 41] < [ 5, 11, 12, 14, 16, 20, 21, 27, 31, 33, 34, 38, 43, 44, 45, 46, 47]
    Truth table row=[>, <, >, =, <] ix=183 result=[21+] is correct

Test 22-:
    W0: [ 0,  1,  2,  4,  5,  6,  9, 11, 14, 15, 16, 21, 26, 27] > [ 3,  7,  8, 10, 12, 13, 17, 18, 19, 20, 22, 23, 24, 25]
    W1: [ 0,  1,  2,  4,  5,  6,  9, 11, 14, 15, 16, 20, 22, 23, 24, 25, 28, 32, 33, 41, 42, 43, 45] < [ 3,  7,  8, 10, 12, 13, 17, 18, 21, 26, 27, 29, 30, 31, 34, 35, 36, 37, 38, 39, 40, 44, 46]
    W2: [ 0,  1,  2,  4,  5, 17, 18, 21, 23, 24, 25, 28, 32, 33, 44, 46] > [ 3, 15, 16, 19, 20, 22, 26, 27, 29, 30, 31, 41, 42, 43, 45, 47]
    W3: [ 0,  6, 12, 13, 15, 16, 18, 22, 28, 38, 39, 40, 41, 42, 43, 46] < [ 4,  5,  7,  8, 14, 19, 23, 24, 26, 27, 29, 30, 33, 34, 35, 36]
    W4: [ 0,  1,  3,  4,  6,  8,  9, 15, 18, 19, 24, 26, 28, 30, 36, 40, 41] = [ 5, 11, 12, 14, 16, 20, 21, 27, 31, 33, 34, 38, 43, 44, 45, 46, 47]
    Truth table row=[>, <, >, <, =] ix=181 result=[22-] is correct

Test 22+:
    W0: [ 0,  1,  2,  4,  5,  6,  9, 11, 14, 15, 16, 21, 26, 27] < [ 3,  7,  8, 10, 12, 13, 17, 18, 19, 20, 22, 23, 24, 25]
    W1: [ 0,  1,  2,  4,  5,  6,  9, 11, 14, 15, 16, 20, 22, 23, 24, 25, 28, 32, 33, 41, 42, 43, 45] > [ 3,  7,  8, 10, 12, 13, 17, 18, 21, 26, 27, 29, 30, 31, 34, 35, 36, 37, 38, 39, 40, 44, 46]
    W2: [ 0,  1,  2,  4,  5, 17, 18, 21, 23, 24, 25, 28, 32, 33, 44, 46] < [ 3, 15, 16, 19, 20, 22, 26, 27, 29, 30, 31, 41, 42, 43, 45, 47]
    W3: [ 0,  6, 12, 13, 15, 16, 18, 22, 28, 38, 39, 40, 41, 42, 43, 46] > [ 4,  5,  7,  8, 14, 19, 23, 24, 26, 27, 29, 30, 33, 34, 35, 36]
    W4: [ 0,  1,  3,  4,  6,  8,  9, 15, 18, 19, 24, 26, 28, 30, 36, 40, 41] = [ 5, 11, 12, 14, 16, 20, 21, 27, 31, 33, 34, 38, 43, 44, 45, 46, 47]
    Truth table row=[<, >, <, >, =] ix=61 result=[22+] is correct

Test 23-:
    W0: [ 0,  1,  2,  4,  5,  6,  9, 11, 14, 15, 16, 21, 26, 27] > [ 3,  7,  8, 10, 12, 13, 17, 18, 19, 20, 22, 23, 24, 25]
    W1: [ 0,  1,  2,  4,  5,  6,  9, 11, 14, 15, 16, 20, 22, 23, 24, 25, 28, 32, 33, 41, 42, 43, 45] < [ 3,  7,  8, 10, 12, 13, 17, 18, 21, 26, 27, 29, 30, 31, 34, 35, 36, 37, 38, 39, 40, 44, 46]
    W2: [ 0,  1,  2,  4,  5, 17, 18, 21, 23, 24, 25, 28, 32, 33, 44, 46] < [ 3, 15, 16, 19, 20, 22, 26, 27, 29, 30, 31, 41, 42, 43, 45, 47]
    W3: [ 0,  6, 12, 13, 15, 16, 18, 22, 28, 38, 39, 40, 41, 42, 43, 46] > [ 4,  5,  7,  8, 14, 19, 23, 24, 26, 27, 29, 30, 33, 34, 35, 36]
    W4: [ 0,  1,  3,  4,  6,  8,  9, 15, 18, 19, 24, 26, 28, 30, 36, 40, 41] = [ 5, 11, 12, 14, 16, 20, 21, 27, 31, 33, 34, 38, 43, 44, 45, 46, 47]
    Truth table row=[>, <, <, >, =] ix=169 result=[23-] is correct

Test 23+:
    W0: [ 0,  1,  2,  4,  5,  6,  9, 11, 14, 15, 16, 21, 26, 27] < [ 3,  7,  8, 10, 12, 13, 17, 18, 19, 20, 22, 23, 24, 25]
    W1: [ 0,  1,  2,  4,  5,  6,  9, 11, 14, 15, 16, 20, 22, 23, 24, 25, 28, 32, 33, 41, 42, 43, 45] > [ 3,  7,  8, 10, 12, 13, 17, 18, 21, 26, 27, 29, 30, 31, 34, 35, 36, 37, 38, 39, 40, 44, 46]
    W2: [ 0,  1,  2,  4,  5, 17, 18, 21, 23, 24, 25, 28, 32, 33, 44, 46] > [ 3, 15, 16, 19, 20, 22, 26, 27, 29, 30, 31, 41, 42, 43, 45, 47]
    W3: [ 0,  6, 12, 13, 15, 16, 18, 22, 28, 38, 39, 40, 41, 42, 43, 46] < [ 4,  5,  7,  8, 14, 19, 23, 24, 26, 27, 29, 30, 33, 34, 35, 36]
    W4: [ 0,  1,  3,  4,  6,  8,  9, 15, 18, 19, 24, 26, 28, 30, 36, 40, 41] = [ 5, 11, 12, 14, 16, 20, 21, 27, 31, 33, 34, 38, 43, 44, 45, 46, 47]
    Truth table row=[<, >, >, <, =] ix=73 result=[23+] is correct

Test 24-:
    W0: [ 0,  1,  2,  4,  5,  6,  9, 11, 14, 15, 16, 21, 26, 27] > [ 3,  7,  8, 10, 12, 13, 17, 18, 19, 20, 22, 23, 24, 25]
    W1: [ 0,  1,  2,  4,  5,  6,  9, 11, 14, 15, 16, 20, 22, 23, 24, 25, 28, 32, 33, 41, 42, 43, 45] < [ 3,  7,  8, 10, 12, 13, 17, 18, 21, 26, 27, 29, 30, 31, 34, 35, 36, 37, 38, 39, 40, 44, 46]
    W2: [ 0,  1,  2,  4,  5, 17, 18, 21, 23, 24, 25, 28, 32, 33, 44, 46] < [ 3, 15, 16, 19, 20, 22, 26, 27, 29, 30, 31, 41, 42, 43, 45, 47]
    W3: [ 0,  6, 12, 13, 15, 16, 18, 22, 28, 38, 39, 40, 41, 42, 43, 46] > [ 4,  5,  7,  8, 14, 19, 23, 24, 26, 27, 29, 30, 33, 34, 35, 36]
    W4: [ 0,  1,  3,  4,  6,  8,  9, 15, 18, 19, 24, 26, 28, 30, 36, 40, 41] < [ 5, 11, 12, 14, 16, 20, 21, 27, 31, 33, 34, 38, 43, 44, 45, 46, 47]
    Truth table row=[>, <, <, >, <] ix=168 result=[24-] is correct

Test 24+:
    W0: [ 0,  1,  2,  4,  5,  6,  9, 11, 14, 15, 16, 21, 26, 27] < [ 3,  7,  8, 10, 12, 13, 17, 18, 19, 20, 22, 23, 24, 25]
    W1: [ 0,  1,  2,  4,  5,  6,  9, 11, 14, 15, 16, 20, 22, 23, 24, 25, 28, 32, 33, 41, 42, 43, 45] > [ 3,  7,  8, 10, 12, 13, 17, 18, 21, 26, 27, 29, 30, 31, 34, 35, 36, 37, 38, 39, 40, 44, 46]
    W2: [ 0,  1,  2,  4,  5, 17, 18, 21, 23, 24, 25, 28, 32, 33, 44, 46] > [ 3, 15, 16, 19, 20, 22, 26, 27, 29, 30, 31, 41, 42, 43, 45, 47]
    W3: [ 0,  6, 12, 13, 15, 16, 18, 22, 28, 38, 39, 40, 41, 42, 43, 46] < [ 4,  5,  7,  8, 14, 19, 23, 24, 26, 27, 29, 30, 33, 34, 35, 36]
    W4: [ 0,  1,  3,  4,  6,  8,  9, 15, 18, 19, 24, 26, 28, 30, 36, 40, 41] > [ 5, 11, 12, 14, 16, 20, 21, 27, 31, 33, 34, 38, 43, 44, 45, 46, 47]
    Truth table row=[<, >, >, <, >] ix=74 result=[24+] is correct

Test 25-:
    W0: [ 0,  1,  2,  4,  5,  6,  9, 11, 14, 15, 16, 21, 26, 27] > [ 3,  7,  8, 10, 12, 13, 17, 18, 19, 20, 22, 23, 24, 25]
    W1: [ 0,  1,  2,  4,  5,  6,  9, 11, 14, 15, 16, 20, 22, 23, 24, 25, 28, 32, 33, 41, 42, 43, 45] < [ 3,  7,  8, 10, 12, 13, 17, 18, 21, 26, 27, 29, 30, 31, 34, 35, 36, 37, 38, 39, 40, 44, 46]
    W2: [ 0,  1,  2,  4,  5, 17, 18, 21, 23, 24, 25, 28, 32, 33, 44, 46] < [ 3, 15, 16, 19, 20, 22, 26, 27, 29, 30, 31, 41, 42, 43, 45, 47]
    W3: [ 0,  6, 12, 13, 15, 16, 18, 22, 28, 38, 39, 40, 41, 42, 43, 46] = [ 4,  5,  7,  8, 14, 19, 23, 24, 26, 27, 29, 30, 33, 34, 35, 36]
    W4: [ 0,  1,  3,  4,  6,  8,  9, 15, 18, 19, 24, 26, 28, 30, 36, 40, 41] = [ 5, 11, 12, 14, 16, 20, 21, 27, 31, 33, 34, 38, 43, 44, 45, 46, 47]
    Truth table row=[>, <, <, =, =] ix=166 result=[25-] is correct

Test 25+:
    W0: [ 0,  1,  2,  4,  5,  6,  9, 11, 14, 15, 16, 21, 26, 27] < [ 3,  7,  8, 10, 12, 13, 17, 18, 19, 20, 22, 23, 24, 25]
    W1: [ 0,  1,  2,  4,  5,  6,  9, 11, 14, 15, 16, 20, 22, 23, 24, 25, 28, 32, 33, 41, 42, 43, 45] > [ 3,  7,  8, 10, 12, 13, 17, 18, 21, 26, 27, 29, 30, 31, 34, 35, 36, 37, 38, 39, 40, 44, 46]
    W2: [ 0,  1,  2,  4,  5, 17, 18, 21, 23, 24, 25, 28, 32, 33, 44, 46] > [ 3, 15, 16, 19, 20, 22, 26, 27, 29, 30, 31, 41, 42, 43, 45, 47]
    W3: [ 0,  6, 12, 13, 15, 16, 18, 22, 28, 38, 39, 40, 41, 42, 43, 46] = [ 4,  5,  7,  8, 14, 19, 23, 24, 26, 27, 29, 30, 33, 34, 35, 36]
    W4: [ 0,  1,  3,  4,  6,  8,  9, 15, 18, 19, 24, 26, 28, 30, 36, 40, 41] = [ 5, 11, 12, 14, 16, 20, 21, 27, 31, 33, 34, 38, 43, 44, 45, 46, 47]
    Truth table row=[<, >, >, =, =] ix=76 result=[25+] is correct

Test 26-:
    W0: [ 0,  1,  2,  4,  5,  6,  9, 11, 14, 15, 16, 21, 26, 27] < [ 3,  7,  8, 10, 12, 13, 17, 18, 19, 20, 22, 23, 24, 25]
    W1: [ 0,  1,  2,  4,  5,  6,  9, 11, 14, 15, 16, 20, 22, 23, 24, 25, 28, 32, 33, 41, 42, 43, 45] > [ 3,  7,  8, 10, 12, 13, 17, 18, 21, 26, 27, 29, 30, 31, 34, 35, 36, 37, 38, 39, 40, 44, 46]
    W2: [ 0,  1,  2,  4,  5, 17, 18, 21, 23, 24, 25, 28, 32, 33, 44, 46] > [ 3, 15, 16, 19, 20, 22, 26, 27, 29, 30, 31, 41, 42, 43, 45, 47]
    W3: [ 0,  6, 12, 13, 15, 16, 18, 22, 28, 38, 39, 40, 41, 42, 43, 46] > [ 4,  5,  7,  8, 14, 19, 23, 24, 26, 27, 29, 30, 33, 34, 35, 36]
    W4: [ 0,  1,  3,  4,  6,  8,  9, 15, 18, 19, 24, 26, 28, 30, 36, 40, 41] < [ 5, 11, 12, 14, 16, 20, 21, 27, 31, 33, 34, 38, 43, 44, 45, 46, 47]
    Truth table row=[<, >, >, >, <] ix=78 result=[26-] is correct

Test 26+:
    W0: [ 0,  1,  2,  4,  5,  6,  9, 11, 14, 15, 16, 21, 26, 27] > [ 3,  7,  8, 10, 12, 13, 17, 18, 19, 20, 22, 23, 24, 25]
    W1: [ 0,  1,  2,  4,  5,  6,  9, 11, 14, 15, 16, 20, 22, 23, 24, 25, 28, 32, 33, 41, 42, 43, 45] < [ 3,  7,  8, 10, 12, 13, 17, 18, 21, 26, 27, 29, 30, 31, 34, 35, 36, 37, 38, 39, 40, 44, 46]
    W2: [ 0,  1,  2,  4,  5, 17, 18, 21, 23, 24, 25, 28, 32, 33, 44, 46] < [ 3, 15, 16, 19, 20, 22, 26, 27, 29, 30, 31, 41, 42, 43, 45, 47]
    W3: [ 0,  6, 12, 13, 15, 16, 18, 22, 28, 38, 39, 40, 41, 42, 43, 46] < [ 4,  5,  7,  8, 14, 19, 23, 24, 26, 27, 29, 30, 33, 34, 35, 36]
    W4: [ 0,  1,  3,  4,  6,  8,  9, 15, 18, 19, 24, 26, 28, 30, 36, 40, 41] > [ 5, 11, 12, 14, 16, 20, 21, 27, 31, 33, 34, 38, 43, 44, 45, 46, 47]
    Truth table row=[>, <, <, <, >] ix=164 result=[26+] is correct

Test 27-:
    W0: [ 0,  1,  2,  4,  5,  6,  9, 11, 14, 15, 16, 21, 26, 27] < [ 3,  7,  8, 10, 12, 13, 17, 18, 19, 20, 22, 23, 24, 25]
    W1: [ 0,  1,  2,  4,  5,  6,  9, 11, 14, 15, 16, 20, 22, 23, 24, 25, 28, 32, 33, 41, 42, 43, 45] > [ 3,  7,  8, 10, 12, 13, 17, 18, 21, 26, 27, 29, 30, 31, 34, 35, 36, 37, 38, 39, 40, 44, 46]
    W2: [ 0,  1,  2,  4,  5, 17, 18, 21, 23, 24, 25, 28, 32, 33, 44, 46] > [ 3, 15, 16, 19, 20, 22, 26, 27, 29, 30, 31, 41, 42, 43, 45, 47]
    W3: [ 0,  6, 12, 13, 15, 16, 18, 22, 28, 38, 39, 40, 41, 42, 43, 46] > [ 4,  5,  7,  8, 14, 19, 23, 24, 26, 27, 29, 30, 33, 34, 35, 36]
    W4: [ 0,  1,  3,  4,  6,  8,  9, 15, 18, 19, 24, 26, 28, 30, 36, 40, 41] > [ 5, 11, 12, 14, 16, 20, 21, 27, 31, 33, 34, 38, 43, 44, 45, 46, 47]
    Truth table row=[<, >, >, >, >] ix=80 result=[27-] is correct

Test 27+:
    W0: [ 0,  1,  2,  4,  5,  6,  9, 11, 14, 15, 16, 21, 26, 27] > [ 3,  7,  8, 10, 12, 13, 17, 18, 19, 20, 22, 23, 24, 25]
    W1: [ 0,  1,  2,  4,  5,  6,  9, 11, 14, 15, 16, 20, 22, 23, 24, 25, 28, 32, 33, 41, 42, 43, 45] < [ 3,  7,  8, 10, 12, 13, 17, 18, 21, 26, 27, 29, 30, 31, 34, 35, 36, 37, 38, 39, 40, 44, 46]
    W2: [ 0,  1,  2,  4,  5, 17, 18, 21, 23, 24, 25, 28, 32, 33, 44, 46] < [ 3, 15, 16, 19, 20, 22, 26, 27, 29, 30, 31, 41, 42, 43, 45, 47]
    W3: [ 0,  6, 12, 13, 15, 16, 18, 22, 28, 38, 39, 40, 41, 42, 43, 46] < [ 4,  5,  7,  8, 14, 19, 23, 24, 26, 27, 29, 30, 33, 34, 35, 36]
    W4: [ 0,  1,  3,  4,  6,  8,  9, 15, 18, 19, 24, 26, 28, 30, 36, 40, 41] < [ 5, 11, 12, 14, 16, 20, 21, 27, 31, 33, 34, 38, 43, 44, 45, 46, 47]
    Truth table row=[>, <, <, <, <] ix=162 result=[27+] is correct

Test 28-:
    W0: [ 0,  1,  2,  4,  5,  6,  9, 11, 14, 15, 16, 21, 26, 27] = [ 3,  7,  8, 10, 12, 13, 17, 18, 19, 20, 22, 23, 24, 25]
    W1: [ 0,  1,  2,  4,  5,  6,  9, 11, 14, 15, 16, 20, 22, 23, 24, 25, 28, 32, 33, 41, 42, 43, 45] < [ 3,  7,  8, 10, 12, 13, 17, 18, 21, 26, 27, 29, 30, 31, 34, 35, 36, 37, 38, 39, 40, 44, 46]
    W2: [ 0,  1,  2,  4,  5, 17, 18, 21, 23, 24, 25, 28, 32, 33, 44, 46] < [ 3, 15, 16, 19, 20, 22, 26, 27, 29, 30, 31, 41, 42, 43, 45, 47]
    W3: [ 0,  6, 12, 13, 15, 16, 18, 22, 28, 38, 39, 40, 41, 42, 43, 46] < [ 4,  5,  7,  8, 14, 19, 23, 24, 26, 27, 29, 30, 33, 34, 35, 36]
    W4: [ 0,  1,  3,  4,  6,  8,  9, 15, 18, 19, 24, 26, 28, 30, 36, 40, 41] < [ 5, 11, 12, 14, 16, 20, 21, 27, 31, 33, 34, 38, 43, 44, 45, 46, 47]
    Truth table row=[=, <, <, <, <] ix=81 result=[28-] is correct

Test 28+:
    W0: [ 0,  1,  2,  4,  5,  6,  9, 11, 14, 15, 16, 21, 26, 27] = [ 3,  7,  8, 10, 12, 13, 17, 18, 19, 20, 22, 23, 24, 25]
    W1: [ 0,  1,  2,  4,  5,  6,  9, 11, 14, 15, 16, 20, 22, 23, 24, 25, 28, 32, 33, 41, 42, 43, 45] > [ 3,  7,  8, 10, 12, 13, 17, 18, 21, 26, 27, 29, 30, 31, 34, 35, 36, 37, 38, 39, 40, 44, 46]
    W2: [ 0,  1,  2,  4,  5, 17, 18, 21, 23, 24, 25, 28, 32, 33, 44, 46] > [ 3, 15, 16, 19, 20, 22, 26, 27, 29, 30, 31, 41, 42, 43, 45, 47]
    W3: [ 0,  6, 12, 13, 15, 16, 18, 22, 28, 38, 39, 40, 41, 42, 43, 46] > [ 4,  5,  7,  8, 14, 19, 23, 24, 26, 27, 29, 30, 33, 34, 35, 36]
    W4: [ 0,  1,  3,  4,  6,  8,  9, 15, 18, 19, 24, 26, 28, 30, 36, 40, 41] > [ 5, 11, 12, 14, 16, 20, 21, 27, 31, 33, 34, 38, 43, 44, 45, 46, 47]
    Truth table row=[=, >, >, >, >] ix=161 result=[28+] is correct

Test 29-:
    W0: [ 0,  1,  2,  4,  5,  6,  9, 11, 14, 15, 16, 21, 26, 27] = [ 3,  7,  8, 10, 12, 13, 17, 18, 19, 20, 22, 23, 24, 25]
    W1: [ 0,  1,  2,  4,  5,  6,  9, 11, 14, 15, 16, 20, 22, 23, 24, 25, 28, 32, 33, 41, 42, 43, 45] > [ 3,  7,  8, 10, 12, 13, 17, 18, 21, 26, 27, 29, 30, 31, 34, 35, 36, 37, 38, 39, 40, 44, 46]
    W2: [ 0,  1,  2,  4,  5, 17, 18, 21, 23, 24, 25, 28, 32, 33, 44, 46] > [ 3, 15, 16, 19, 20, 22, 26, 27, 29, 30, 31, 41, 42, 43, 45, 47]
    W3: [ 0,  6, 12, 13, 15, 16, 18, 22, 28, 38, 39, 40, 41, 42, 43, 46] > [ 4,  5,  7,  8, 14, 19, 23, 24, 26, 27, 29, 30, 33, 34, 35, 36]
    W4: [ 0,  1,  3,  4,  6,  8,  9, 15, 18, 19, 24, 26, 28, 30, 36, 40, 41] = [ 5, 11, 12, 14, 16, 20, 21, 27, 31, 33, 34, 38, 43, 44, 45, 46, 47]
    Truth table row=[=, >, >, >, =] ix=160 result=[29-] is correct

Test 29+:
    W0: [ 0,  1,  2,  4,  5,  6,  9, 11, 14, 15, 16, 21, 26, 27] = [ 3,  7,  8, 10, 12, 13, 17, 18, 19, 20, 22, 23, 24, 25]
    W1: [ 0,  1,  2,  4,  5,  6,  9, 11, 14, 15, 16, 20, 22, 23, 24, 25, 28, 32, 33, 41, 42, 43, 45] < [ 3,  7,  8, 10, 12, 13, 17, 18, 21, 26, 27, 29, 30, 31, 34, 35, 36, 37, 38, 39, 40, 44, 46]
    W2: [ 0,  1,  2,  4,  5, 17, 18, 21, 23, 24, 25, 28, 32, 33, 44, 46] < [ 3, 15, 16, 19, 20, 22, 26, 27, 29, 30, 31, 41, 42, 43, 45, 47]
    W3: [ 0,  6, 12, 13, 15, 16, 18, 22, 28, 38, 39, 40, 41, 42, 43, 46] < [ 4,  5,  7,  8, 14, 19, 23, 24, 26, 27, 29, 30, 33, 34, 35, 36]
    W4: [ 0,  1,  3,  4,  6,  8,  9, 15, 18, 19, 24, 26, 28, 30, 36, 40, 41] = [ 5, 11, 12, 14, 16, 20, 21, 27, 31, 33, 34, 38, 43, 44, 45, 46, 47]
    Truth table row=[=, <, <, <, =] ix=82 result=[29+] is correct

Test 30-:
    W0: [ 0,  1,  2,  4,  5,  6,  9, 11, 14, 15, 16, 21, 26, 27] = [ 3,  7,  8, 10, 12, 13, 17, 18, 19, 20, 22, 23, 24, 25]
    W1: [ 0,  1,  2,  4,  5,  6,  9, 11, 14, 15, 16, 20, 22, 23, 24, 25, 28, 32, 33, 41, 42, 43, 45] > [ 3,  7,  8, 10, 12, 13, 17, 18, 21, 26, 27, 29, 30, 31, 34, 35, 36, 37, 38, 39, 40, 44, 46]
    W2: [ 0,  1,  2,  4,  5, 17, 18, 21, 23, 24, 25, 28, 32, 33, 44, 46] > [ 3, 15, 16, 19, 20, 22, 26, 27, 29, 30, 31, 41, 42, 43, 45, 47]
    W3: [ 0,  6, 12, 13, 15, 16, 18, 22, 28, 38, 39, 40, 41, 42, 43, 46] > [ 4,  5,  7,  8, 14, 19, 23, 24, 26, 27, 29, 30, 33, 34, 35, 36]
    W4: [ 0,  1,  3,  4,  6,  8,  9, 15, 18, 19, 24, 26, 28, 30, 36, 40, 41] < [ 5, 11, 12, 14, 16, 20, 21, 27, 31, 33, 34, 38, 43, 44, 45, 46, 47]
    Truth table row=[=, >, >, >, <] ix=159 result=[30-] is correct

Test 30+:
    W0: [ 0,  1,  2,  4,  5,  6,  9, 11, 14, 15, 16, 21, 26, 27] = [ 3,  7,  8, 10, 12, 13, 17, 18, 19, 20, 22, 23, 24, 25]
    W1: [ 0,  1,  2,  4,  5,  6,  9, 11, 14, 15, 16, 20, 22, 23, 24, 25, 28, 32, 33, 41, 42, 43, 45] < [ 3,  7,  8, 10, 12, 13, 17, 18, 21, 26, 27, 29, 30, 31, 34, 35, 36, 37, 38, 39, 40, 44, 46]
    W2: [ 0,  1,  2,  4,  5, 17, 18, 21, 23, 24, 25, 28, 32, 33, 44, 46] < [ 3, 15, 16, 19, 20, 22, 26, 27, 29, 30, 31, 41, 42, 43, 45, 47]
    W3: [ 0,  6, 12, 13, 15, 16, 18, 22, 28, 38, 39, 40, 41, 42, 43, 46] < [ 4,  5,  7,  8, 14, 19, 23, 24, 26, 27, 29, 30, 33, 34, 35, 36]
    W4: [ 0,  1,  3,  4,  6,  8,  9, 15, 18, 19, 24, 26, 28, 30, 36, 40, 41] > [ 5, 11, 12, 14, 16, 20, 21, 27, 31, 33, 34, 38, 43, 44, 45, 46, 47]
    Truth table row=[=, <, <, <, >] ix=83 result=[30+] is correct

Test 31-:
    W0: [ 0,  1,  2,  4,  5,  6,  9, 11, 14, 15, 16, 21, 26, 27] = [ 3,  7,  8, 10, 12, 13, 17, 18, 19, 20, 22, 23, 24, 25]
    W1: [ 0,  1,  2,  4,  5,  6,  9, 11, 14, 15, 16, 20, 22, 23, 24, 25, 28, 32, 33, 41, 42, 43, 45] > [ 3,  7,  8, 10, 12, 13, 17, 18, 21, 26, 27, 29, 30, 31, 34, 35, 36, 37, 38, 39, 40, 44, 46]
    W2: [ 0,  1,  2,  4,  5, 17, 18, 21, 23, 24, 25, 28, 32, 33, 44, 46] > [ 3, 15, 16, 19, 20, 22, 26, 27, 29, 30, 31, 41, 42, 43, 45, 47]
    W3: [ 0,  6, 12, 13, 15, 16, 18, 22, 28, 38, 39, 40, 41, 42, 43, 46] = [ 4,  5,  7,  8, 14, 19, 23, 24, 26, 27, 29, 30, 33, 34, 35, 36]
    W4: [ 0,  1,  3,  4,  6,  8,  9, 15, 18, 19, 24, 26, 28, 30, 36, 40, 41] > [ 5, 11, 12, 14, 16, 20, 21, 27, 31, 33, 34, 38, 43, 44, 45, 46, 47]
    Truth table row=[=, >, >, =, >] ix=158 result=[31-] is correct

Test 31+:
    W0: [ 0,  1,  2,  4,  5,  6,  9, 11, 14, 15, 16, 21, 26, 27] = [ 3,  7,  8, 10, 12, 13, 17, 18, 19, 20, 22, 23, 24, 25]
    W1: [ 0,  1,  2,  4,  5,  6,  9, 11, 14, 15, 16, 20, 22, 23, 24, 25, 28, 32, 33, 41, 42, 43, 45] < [ 3,  7,  8, 10, 12, 13, 17, 18, 21, 26, 27, 29, 30, 31, 34, 35, 36, 37, 38, 39, 40, 44, 46]
    W2: [ 0,  1,  2,  4,  5, 17, 18, 21, 23, 24, 25, 28, 32, 33, 44, 46] < [ 3, 15, 16, 19, 20, 22, 26, 27, 29, 30, 31, 41, 42, 43, 45, 47]
    W3: [ 0,  6, 12, 13, 15, 16, 18, 22, 28, 38, 39, 40, 41, 42, 43, 46] = [ 4,  5,  7,  8, 14, 19, 23, 24, 26, 27, 29, 30, 33, 34, 35, 36]
    W4: [ 0,  1,  3,  4,  6,  8,  9, 15, 18, 19, 24, 26, 28, 30, 36, 40, 41] < [ 5, 11, 12, 14, 16, 20, 21, 27, 31, 33, 34, 38, 43, 44, 45, 46, 47]
    Truth table row=[=, <, <, =, <] ix=84 result=[31+] is correct

Test 32-:
    W0: [ 0,  1,  2,  4,  5,  6,  9, 11, 14, 15, 16, 21, 26, 27] = [ 3,  7,  8, 10, 12, 13, 17, 18, 19, 20, 22, 23, 24, 25]
    W1: [ 0,  1,  2,  4,  5,  6,  9, 11, 14, 15, 16, 20, 22, 23, 24, 25, 28, 32, 33, 41, 42, 43, 45] < [ 3,  7,  8, 10, 12, 13, 17, 18, 21, 26, 27, 29, 30, 31, 34, 35, 36, 37, 38, 39, 40, 44, 46]
    W2: [ 0,  1,  2,  4,  5, 17, 18, 21, 23, 24, 25, 28, 32, 33, 44, 46] < [ 3, 15, 16, 19, 20, 22, 26, 27, 29, 30, 31, 41, 42, 43, 45, 47]
    W3: [ 0,  6, 12, 13, 15, 16, 18, 22, 28, 38, 39, 40, 41, 42, 43, 46] = [ 4,  5,  7,  8, 14, 19, 23, 24, 26, 27, 29, 30, 33, 34, 35, 36]
    W4: [ 0,  1,  3,  4,  6,  8,  9, 15, 18, 19, 24, 26, 28, 30, 36, 40, 41] = [ 5, 11, 12, 14, 16, 20, 21, 27, 31, 33, 34, 38, 43, 44, 45, 46, 47]
    Truth table row=[=, <, <, =, =] ix=85 result=[32-] is correct

Test 32+:
    W0: [ 0,  1,  2,  4,  5,  6,  9, 11, 14, 15, 16, 21, 26, 27] = [ 3,  7,  8, 10, 12, 13, 17, 18, 19, 20, 22, 23, 24, 25]
    W1: [ 0,  1,  2,  4,  5,  6,  9, 11, 14, 15, 16, 20, 22, 23, 24, 25, 28, 32, 33, 41, 42, 43, 45] > [ 3,  7,  8, 10, 12, 13, 17, 18, 21, 26, 27, 29, 30, 31, 34, 35, 36, 37, 38, 39, 40, 44, 46]
    W2: [ 0,  1,  2,  4,  5, 17, 18, 21, 23, 24, 25, 28, 32, 33, 44, 46] > [ 3, 15, 16, 19, 20, 22, 26, 27, 29, 30, 31, 41, 42, 43, 45, 47]
    W3: [ 0,  6, 12, 13, 15, 16, 18, 22, 28, 38, 39, 40, 41, 42, 43, 46] = [ 4,  5,  7,  8, 14, 19, 23, 24, 26, 27, 29, 30, 33, 34, 35, 36]
    W4: [ 0,  1,  3,  4,  6,  8,  9, 15, 18, 19, 24, 26, 28, 30, 36, 40, 41] = [ 5, 11, 12, 14, 16, 20, 21, 27, 31, 33, 34, 38, 43, 44, 45, 46, 47]
    Truth table row=[=, >, >, =, =] ix=157 result=[32+] is correct

Test 33-:
    W0: [ 0,  1,  2,  4,  5,  6,  9, 11, 14, 15, 16, 21, 26, 27] = [ 3,  7,  8, 10, 12, 13, 17, 18, 19, 20, 22, 23, 24, 25]
    W1: [ 0,  1,  2,  4,  5,  6,  9, 11, 14, 15, 16, 20, 22, 23, 24, 25, 28, 32, 33, 41, 42, 43, 45] < [ 3,  7,  8, 10, 12, 13, 17, 18, 21, 26, 27, 29, 30, 31, 34, 35, 36, 37, 38, 39, 40, 44, 46]
    W2: [ 0,  1,  2,  4,  5, 17, 18, 21, 23, 24, 25, 28, 32, 33, 44, 46] < [ 3, 15, 16, 19, 20, 22, 26, 27, 29, 30, 31, 41, 42, 43, 45, 47]
    W3: [ 0,  6, 12, 13, 15, 16, 18, 22, 28, 38, 39, 40, 41, 42, 43, 46] > [ 4,  5,  7,  8, 14, 19, 23, 24, 26, 27, 29, 30, 33, 34, 35, 36]
    W4: [ 0,  1,  3,  4,  6,  8,  9, 15, 18, 19, 24, 26, 28, 30, 36, 40, 41] > [ 5, 11, 12, 14, 16, 20, 21, 27, 31, 33, 34, 38, 43, 44, 45, 46, 47]
    Truth table row=[=, <, <, >, >] ix=89 result=[33-] is correct

Test 33+:
    W0: [ 0,  1,  2,  4,  5,  6,  9, 11, 14, 15, 16, 21, 26, 27] = [ 3,  7,  8, 10, 12, 13, 17, 18, 19, 20, 22, 23, 24, 25]
    W1: [ 0,  1,  2,  4,  5,  6,  9, 11, 14, 15, 16, 20, 22, 23, 24, 25, 28, 32, 33, 41, 42, 43, 45] > [ 3,  7,  8, 10, 12, 13, 17, 18, 21, 26, 27, 29, 30, 31, 34, 35, 36, 37, 38, 39, 40, 44, 46]
    W2: [ 0,  1,  2,  4,  5, 17, 18, 21, 23, 24, 25, 28, 32, 33, 44, 46] > [ 3, 15, 16, 19, 20, 22, 26, 27, 29, 30, 31, 41, 42, 43, 45, 47]
    W3: [ 0,  6, 12, 13, 15, 16, 18, 22, 28, 38, 39, 40, 41, 42, 43, 46] < [ 4,  5,  7,  8, 14, 19, 23, 24, 26, 27, 29, 30, 33, 34, 35, 36]
    W4: [ 0,  1,  3,  4,  6,  8,  9, 15, 18, 19, 24, 26, 28, 30, 36, 40, 41] < [ 5, 11, 12, 14, 16, 20, 21, 27, 31, 33, 34, 38, 43, 44, 45, 46, 47]
    Truth table row=[=, >, >, <, <] ix=153 result=[33+] is correct

Test 34-:
    W0: [ 0,  1,  2,  4,  5,  6,  9, 11, 14, 15, 16, 21, 26, 27] = [ 3,  7,  8, 10, 12, 13, 17, 18, 19, 20, 22, 23, 24, 25]
    W1: [ 0,  1,  2,  4,  5,  6,  9, 11, 14, 15, 16, 20, 22, 23, 24, 25, 28, 32, 33, 41, 42, 43, 45] > [ 3,  7,  8, 10, 12, 13, 17, 18, 21, 26, 27, 29, 30, 31, 34, 35, 36, 37, 38, 39, 40, 44, 46]
    W2: [ 0,  1,  2,  4,  5, 17, 18, 21, 23, 24, 25, 28, 32, 33, 44, 46] = [ 3, 15, 16, 19, 20, 22, 26, 27, 29, 30, 31, 41, 42, 43, 45, 47]
    W3: [ 0,  6, 12, 13, 15, 16, 18, 22, 28, 38, 39, 40, 41, 42, 43, 46] > [ 4,  5,  7,  8, 14, 19, 23, 24, 26, 27, 29, 30, 33, 34, 35, 36]
    W4: [ 0,  1,  3,  4,  6,  8,  9, 15, 18, 19, 24, 26, 28, 30, 36, 40, 41] > [ 5, 11, 12, 14, 16, 20, 21, 27, 31, 33, 34, 38, 43, 44, 45, 46, 47]
    Truth table row=[=, >, =, >, >] ix=152 result=[34-] is correct

Test 34+:
    W0: [ 0,  1,  2,  4,  5,  6,  9, 11, 14, 15, 16, 21, 26, 27] = [ 3,  7,  8, 10, 12, 13, 17, 18, 19, 20, 22, 23, 24, 25]
    W1: [ 0,  1,  2,  4,  5,  6,  9, 11, 14, 15, 16, 20, 22, 23, 24, 25, 28, 32, 33, 41, 42, 43, 45] < [ 3,  7,  8, 10, 12, 13, 17, 18, 21, 26, 27, 29, 30, 31, 34, 35, 36, 37, 38, 39, 40, 44, 46]
    W2: [ 0,  1,  2,  4,  5, 17, 18, 21, 23, 24, 25, 28, 32, 33, 44, 46] = [ 3, 15, 16, 19, 20, 22, 26, 27, 29, 30, 31, 41, 42, 43, 45, 47]
    W3: [ 0,  6, 12, 13, 15, 16, 18, 22, 28, 38, 39, 40, 41, 42, 43, 46] < [ 4,  5,  7,  8, 14, 19, 23, 24, 26, 27, 29, 30, 33, 34, 35, 36]
    W4: [ 0,  1,  3,  4,  6,  8,  9, 15, 18, 19, 24, 26, 28, 30, 36, 40, 41] < [ 5, 11, 12, 14, 16, 20, 21, 27, 31, 33, 34, 38, 43, 44, 45, 46, 47]
    Truth table row=[=, <, =, <, <] ix=90 result=[34+] is correct

Test 35-:
    W0: [ 0,  1,  2,  4,  5,  6,  9, 11, 14, 15, 16, 21, 26, 27] = [ 3,  7,  8, 10, 12, 13, 17, 18, 19, 20, 22, 23, 24, 25]
    W1: [ 0,  1,  2,  4,  5,  6,  9, 11, 14, 15, 16, 20, 22, 23, 24, 25, 28, 32, 33, 41, 42, 43, 45] > [ 3,  7,  8, 10, 12, 13, 17, 18, 21, 26, 27, 29, 30, 31, 34, 35, 36, 37, 38, 39, 40, 44, 46]
    W2: [ 0,  1,  2,  4,  5, 17, 18, 21, 23, 24, 25, 28, 32, 33, 44, 46] = [ 3, 15, 16, 19, 20, 22, 26, 27, 29, 30, 31, 41, 42, 43, 45, 47]
    W3: [ 0,  6, 12, 13, 15, 16, 18, 22, 28, 38, 39, 40, 41, 42, 43, 46] > [ 4,  5,  7,  8, 14, 19, 23, 24, 26, 27, 29, 30, 33, 34, 35, 36]
    W4: [ 0,  1,  3,  4,  6,  8,  9, 15, 18, 19, 24, 26, 28, 30, 36, 40, 41] = [ 5, 11, 12, 14, 16, 20, 21, 27, 31, 33, 34, 38, 43, 44, 45, 46, 47]
    Truth table row=[=, >, =, >, =] ix=151 result=[35-] is correct

Test 35+:
    W0: [ 0,  1,  2,  4,  5,  6,  9, 11, 14, 15, 16, 21, 26, 27] = [ 3,  7,  8, 10, 12, 13, 17, 18, 19, 20, 22, 23, 24, 25]
    W1: [ 0,  1,  2,  4,  5,  6,  9, 11, 14, 15, 16, 20, 22, 23, 24, 25, 28, 32, 33, 41, 42, 43, 45] < [ 3,  7,  8, 10, 12, 13, 17, 18, 21, 26, 27, 29, 30, 31, 34, 35, 36, 37, 38, 39, 40, 44, 46]
    W2: [ 0,  1,  2,  4,  5, 17, 18, 21, 23, 24, 25, 28, 32, 33, 44, 46] = [ 3, 15, 16, 19, 20, 22, 26, 27, 29, 30, 31, 41, 42, 43, 45, 47]
    W3: [ 0,  6, 12, 13, 15, 16, 18, 22, 28, 38, 39, 40, 41, 42, 43, 46] < [ 4,  5,  7,  8, 14, 19, 23, 24, 26, 27, 29, 30, 33, 34, 35, 36]
    W4: [ 0,  1,  3,  4,  6,  8,  9, 15, 18, 19, 24, 26, 28, 30, 36, 40, 41] = [ 5, 11, 12, 14, 16, 20, 21, 27, 31, 33, 34, 38, 43, 44, 45, 46, 47]
    Truth table row=[=, <, =, <, =] ix=91 result=[35+] is correct

Test 36-:
    W0: [ 0,  1,  2,  4,  5,  6,  9, 11, 14, 15, 16, 21, 26, 27] = [ 3,  7,  8, 10, 12, 13, 17, 18, 19, 20, 22, 23, 24, 25]
    W1: [ 0,  1,  2,  4,  5,  6,  9, 11, 14, 15, 16, 20, 22, 23, 24, 25, 28, 32, 33, 41, 42, 43, 45] > [ 3,  7,  8, 10, 12, 13, 17, 18, 21, 26, 27, 29, 30, 31, 34, 35, 36, 37, 38, 39, 40, 44, 46]
    W2: [ 0,  1,  2,  4,  5, 17, 18, 21, 23, 24, 25, 28, 32, 33, 44, 46] = [ 3, 15, 16, 19, 20, 22, 26, 27, 29, 30, 31, 41, 42, 43, 45, 47]
    W3: [ 0,  6, 12, 13, 15, 16, 18, 22, 28, 38, 39, 40, 41, 42, 43, 46] > [ 4,  5,  7,  8, 14, 19, 23, 24, 26, 27, 29, 30, 33, 34, 35, 36]
    W4: [ 0,  1,  3,  4,  6,  8,  9, 15, 18, 19, 24, 26, 28, 30, 36, 40, 41] < [ 5, 11, 12, 14, 16, 20, 21, 27, 31, 33, 34, 38, 43, 44, 45, 46, 47]
    Truth table row=[=, >, =, >, <] ix=150 result=[36-] is correct

Test 36+:
    W0: [ 0,  1,  2,  4,  5,  6,  9, 11, 14, 15, 16, 21, 26, 27] = [ 3,  7,  8, 10, 12, 13, 17, 18, 19, 20, 22, 23, 24, 25]
    W1: [ 0,  1,  2,  4,  5,  6,  9, 11, 14, 15, 16, 20, 22, 23, 24, 25, 28, 32, 33, 41, 42, 43, 45] < [ 3,  7,  8, 10, 12, 13, 17, 18, 21, 26, 27, 29, 30, 31, 34, 35, 36, 37, 38, 39, 40, 44, 46]
    W2: [ 0,  1,  2,  4,  5, 17, 18, 21, 23, 24, 25, 28, 32, 33, 44, 46] = [ 3, 15, 16, 19, 20, 22, 26, 27, 29, 30, 31, 41, 42, 43, 45, 47]
    W3: [ 0,  6, 12, 13, 15, 16, 18, 22, 28, 38, 39, 40, 41, 42, 43, 46] < [ 4,  5,  7,  8, 14, 19, 23, 24, 26, 27, 29, 30, 33, 34, 35, 36]
    W4: [ 0,  1,  3,  4,  6,  8,  9, 15, 18, 19, 24, 26, 28, 30, 36, 40, 41] > [ 5, 11, 12, 14, 16, 20, 21, 27, 31, 33, 34, 38, 43, 44, 45, 46, 47]
    Truth table row=[=, <, =, <, >] ix=92 result=[36+] is correct

Test 37-:
    W0: [ 0,  1,  2,  4,  5,  6,  9, 11, 14, 15, 16, 21, 26, 27] = [ 3,  7,  8, 10, 12, 13, 17, 18, 19, 20, 22, 23, 24, 25]
    W1: [ 0,  1,  2,  4,  5,  6,  9, 11, 14, 15, 16, 20, 22, 23, 24, 25, 28, 32, 33, 41, 42, 43, 45] > [ 3,  7,  8, 10, 12, 13, 17, 18, 21, 26, 27, 29, 30, 31, 34, 35, 36, 37, 38, 39, 40, 44, 46]
    W2: [ 0,  1,  2,  4,  5, 17, 18, 21, 23, 24, 25, 28, 32, 33, 44, 46] = [ 3, 15, 16, 19, 20, 22, 26, 27, 29, 30, 31, 41, 42, 43, 45, 47]
    W3: [ 0,  6, 12, 13, 15, 16, 18, 22, 28, 38, 39, 40, 41, 42, 43, 46] = [ 4,  5,  7,  8, 14, 19, 23, 24, 26, 27, 29, 30, 33, 34, 35, 36]
    W4: [ 0,  1,  3,  4,  6,  8,  9, 15, 18, 19, 24, 26, 28, 30, 36, 40, 41] = [ 5, 11, 12, 14, 16, 20, 21, 27, 31, 33, 34, 38, 43, 44, 45, 46, 47]
    Truth table row=[=, >, =, =, =] ix=148 result=[37-] is correct

Test 37+:
    W0: [ 0,  1,  2,  4,  5,  6,  9, 11, 14, 15, 16, 21, 26, 27] = [ 3,  7,  8, 10, 12, 13, 17, 18, 19, 20, 22, 23, 24, 25]
    W1: [ 0,  1,  2,  4,  5,  6,  9, 11, 14, 15, 16, 20, 22, 23, 24, 25, 28, 32, 33, 41, 42, 43, 45] < [ 3,  7,  8, 10, 12, 13, 17, 18, 21, 26, 27, 29, 30, 31, 34, 35, 36, 37, 38, 39, 40, 44, 46]
    W2: [ 0,  1,  2,  4,  5, 17, 18, 21, 23, 24, 25, 28, 32, 33, 44, 46] = [ 3, 15, 16, 19, 20, 22, 26, 27, 29, 30, 31, 41, 42, 43, 45, 47]
    W3: [ 0,  6, 12, 13, 15, 16, 18, 22, 28, 38, 39, 40, 41, 42, 43, 46] = [ 4,  5,  7,  8, 14, 19, 23, 24, 26, 27, 29, 30, 33, 34, 35, 36]
    W4: [ 0,  1,  3,  4,  6,  8,  9, 15, 18, 19, 24, 26, 28, 30, 36, 40, 41] = [ 5, 11, 12, 14, 16, 20, 21, 27, 31, 33, 34, 38, 43, 44, 45, 46, 47]
    Truth table row=[=, <, =, =, =] ix=94 result=[37+] is correct

Test 38-:
    W0: [ 0,  1,  2,  4,  5,  6,  9, 11, 14, 15, 16, 21, 26, 27] = [ 3,  7,  8, 10, 12, 13, 17, 18, 19, 20, 22, 23, 24, 25]
    W1: [ 0,  1,  2,  4,  5,  6,  9, 11, 14, 15, 16, 20, 22, 23, 24, 25, 28, 32, 33, 41, 42, 43, 45] > [ 3,  7,  8, 10, 12, 13, 17, 18, 21, 26, 27, 29, 30, 31, 34, 35, 36, 37, 38, 39, 40, 44, 46]
    W2: [ 0,  1,  2,  4,  5, 17, 18, 21, 23, 24, 25, 28, 32, 33, 44, 46] = [ 3, 15, 16, 19, 20, 22, 26, 27, 29, 30, 31, 41, 42, 43, 45, 47]
    W3: [ 0,  6, 12, 13, 15, 16, 18, 22, 28, 38, 39, 40, 41, 42, 43, 46] < [ 4,  5,  7,  8, 14, 19, 23, 24, 26, 27, 29, 30, 33, 34, 35, 36]
    W4: [ 0,  1,  3,  4,  6,  8,  9, 15, 18, 19, 24, 26, 28, 30, 36, 40, 41] > [ 5, 11, 12, 14, 16, 20, 21, 27, 31, 33, 34, 38, 43, 44, 45, 46, 47]
    Truth table row=[=, >, =, <, >] ix=146 result=[38-] is correct

Test 38+:
    W0: [ 0,  1,  2,  4,  5,  6,  9, 11, 14, 15, 16, 21, 26, 27] = [ 3,  7,  8, 10, 12, 13, 17, 18, 19, 20, 22, 23, 24, 25]
    W1: [ 0,  1,  2,  4,  5,  6,  9, 11, 14, 15, 16, 20, 22, 23, 24, 25, 28, 32, 33, 41, 42, 43, 45] < [ 3,  7,  8, 10, 12, 13, 17, 18, 21, 26, 27, 29, 30, 31, 34, 35, 36, 37, 38, 39, 40, 44, 46]
    W2: [ 0,  1,  2,  4,  5, 17, 18, 21, 23, 24, 25, 28, 32, 33, 44, 46] = [ 3, 15, 16, 19, 20, 22, 26, 27, 29, 30, 31, 41, 42, 43, 45, 47]
    W3: [ 0,  6, 12, 13, 15, 16, 18, 22, 28, 38, 39, 40, 41, 42, 43, 46] > [ 4,  5,  7,  8, 14, 19, 23, 24, 26, 27, 29, 30, 33, 34, 35, 36]
    W4: [ 0,  1,  3,  4,  6,  8,  9, 15, 18, 19, 24, 26, 28, 30, 36, 40, 41] < [ 5, 11, 12, 14, 16, 20, 21, 27, 31, 33, 34, 38, 43, 44, 45, 46, 47]
    Truth table row=[=, <, =, >, <] ix=96 result=[38+] is correct

Test 39-:
    W0: [ 0,  1,  2,  4,  5,  6,  9, 11, 14, 15, 16, 21, 26, 27] = [ 3,  7,  8, 10, 12, 13, 17, 18, 19, 20, 22, 23, 24, 25]
    W1: [ 0,  1,  2,  4,  5,  6,  9, 11, 14, 15, 16, 20, 22, 23, 24, 25, 28, 32, 33, 41, 42, 43, 45] > [ 3,  7,  8, 10, 12, 13, 17, 18, 21, 26, 27, 29, 30, 31, 34, 35, 36, 37, 38, 39, 40, 44, 46]
    W2: [ 0,  1,  2,  4,  5, 17, 18, 21, 23, 24, 25, 28, 32, 33, 44, 46] = [ 3, 15, 16, 19, 20, 22, 26, 27, 29, 30, 31, 41, 42, 43, 45, 47]
    W3: [ 0,  6, 12, 13, 15, 16, 18, 22, 28, 38, 39, 40, 41, 42, 43, 46] < [ 4,  5,  7,  8, 14, 19, 23, 24, 26, 27, 29, 30, 33, 34, 35, 36]
    W4: [ 0,  1,  3,  4,  6,  8,  9, 15, 18, 19, 24, 26, 28, 30, 36, 40, 41] = [ 5, 11, 12, 14, 16, 20, 21, 27, 31, 33, 34, 38, 43, 44, 45, 46, 47]
    Truth table row=[=, >, =, <, =] ix=145 result=[39-] is correct

Test 39+:
    W0: [ 0,  1,  2,  4,  5,  6,  9, 11, 14, 15, 16, 21, 26, 27] = [ 3,  7,  8, 10, 12, 13, 17, 18, 19, 20, 22, 23, 24, 25]
    W1: [ 0,  1,  2,  4,  5,  6,  9, 11, 14, 15, 16, 20, 22, 23, 24, 25, 28, 32, 33, 41, 42, 43, 45] < [ 3,  7,  8, 10, 12, 13, 17, 18, 21, 26, 27, 29, 30, 31, 34, 35, 36, 37, 38, 39, 40, 44, 46]
    W2: [ 0,  1,  2,  4,  5, 17, 18, 21, 23, 24, 25, 28, 32, 33, 44, 46] = [ 3, 15, 16, 19, 20, 22, 26, 27, 29, 30, 31, 41, 42, 43, 45, 47]
    W3: [ 0,  6, 12, 13, 15, 16, 18, 22, 28, 38, 39, 40, 41, 42, 43, 46] > [ 4,  5,  7,  8, 14, 19, 23, 24, 26, 27, 29, 30, 33, 34, 35, 36]
    W4: [ 0,  1,  3,  4,  6,  8,  9, 15, 18, 19, 24, 26, 28, 30, 36, 40, 41] = [ 5, 11, 12, 14, 16, 20, 21, 27, 31, 33, 34, 38, 43, 44, 45, 46, 47]
    Truth table row=[=, <, =, >, =] ix=97 result=[39+] is correct

Test 40-:
    W0: [ 0,  1,  2,  4,  5,  6,  9, 11, 14, 15, 16, 21, 26, 27] = [ 3,  7,  8, 10, 12, 13, 17, 18, 19, 20, 22, 23, 24, 25]
    W1: [ 0,  1,  2,  4,  5,  6,  9, 11, 14, 15, 16, 20, 22, 23, 24, 25, 28, 32, 33, 41, 42, 43, 45] > [ 3,  7,  8, 10, 12, 13, 17, 18, 21, 26, 27, 29, 30, 31, 34, 35, 36, 37, 38, 39, 40, 44, 46]
    W2: [ 0,  1,  2,  4,  5, 17, 18, 21, 23, 24, 25, 28, 32, 33, 44, 46] = [ 3, 15, 16, 19, 20, 22, 26, 27, 29, 30, 31, 41, 42, 43, 45, 47]
    W3: [ 0,  6, 12, 13, 15, 16, 18, 22, 28, 38, 39, 40, 41, 42, 43, 46] < [ 4,  5,  7,  8, 14, 19, 23, 24, 26, 27, 29, 30, 33, 34, 35, 36]
    W4: [ 0,  1,  3,  4,  6,  8,  9, 15, 18, 19, 24, 26, 28, 30, 36, 40, 41] < [ 5, 11, 12, 14, 16, 20, 21, 27, 31, 33, 34, 38, 43, 44, 45, 46, 47]
    Truth table row=[=, >, =, <, <] ix=144 result=[40-] is correct

Test 40+:
    W0: [ 0,  1,  2,  4,  5,  6,  9, 11, 14, 15, 16, 21, 26, 27] = [ 3,  7,  8, 10, 12, 13, 17, 18, 19, 20, 22, 23, 24, 25]
    W1: [ 0,  1,  2,  4,  5,  6,  9, 11, 14, 15, 16, 20, 22, 23, 24, 25, 28, 32, 33, 41, 42, 43, 45] < [ 3,  7,  8, 10, 12, 13, 17, 18, 21, 26, 27, 29, 30, 31, 34, 35, 36, 37, 38, 39, 40, 44, 46]
    W2: [ 0,  1,  2,  4,  5, 17, 18, 21, 23, 24, 25, 28, 32, 33, 44, 46] = [ 3, 15, 16, 19, 20, 22, 26, 27, 29, 30, 31, 41, 42, 43, 45, 47]
    W3: [ 0,  6, 12, 13, 15, 16, 18, 22, 28, 38, 39, 40, 41, 42, 43, 46] > [ 4,  5,  7,  8, 14, 19, 23, 24, 26, 27, 29, 30, 33, 34, 35, 36]
    W4: [ 0,  1,  3,  4,  6,  8,  9, 15, 18, 19, 24, 26, 28, 30, 36, 40, 41] > [ 5, 11, 12, 14, 16, 20, 21, 27, 31, 33, 34, 38, 43, 44, 45, 46, 47]
    Truth table row=[=, <, =, >, >] ix=98 result=[40+] is correct

Test 41-:
    W0: [ 0,  1,  2,  4,  5,  6,  9, 11, 14, 15, 16, 21, 26, 27] = [ 3,  7,  8, 10, 12, 13, 17, 18, 19, 20, 22, 23, 24, 25]
    W1: [ 0,  1,  2,  4,  5,  6,  9, 11, 14, 15, 16, 20, 22, 23, 24, 25, 28, 32, 33, 41, 42, 43, 45] < [ 3,  7,  8, 10, 12, 13, 17, 18, 21, 26, 27, 29, 30, 31, 34, 35, 36, 37, 38, 39, 40, 44, 46]
    W2: [ 0,  1,  2,  4,  5, 17, 18, 21, 23, 24, 25, 28, 32, 33, 44, 46] > [ 3, 15, 16, 19, 20, 22, 26, 27, 29, 30, 31, 41, 42, 43, 45, 47]
    W3: [ 0,  6, 12, 13, 15, 16, 18, 22, 28, 38, 39, 40, 41, 42, 43, 46] < [ 4,  5,  7,  8, 14, 19, 23, 24, 26, 27, 29, 30, 33, 34, 35, 36]
    W4: [ 0,  1,  3,  4,  6,  8,  9, 15, 18, 19, 24, 26, 28, 30, 36, 40, 41] < [ 5, 11, 12, 14, 16, 20, 21, 27, 31, 33, 34, 38, 43, 44, 45, 46, 47]
    Truth table row=[=, <, >, <, <] ix=99 result=[41-] is correct

Test 41+:
    W0: [ 0,  1,  2,  4,  5,  6,  9, 11, 14, 15, 16, 21, 26, 27] = [ 3,  7,  8, 10, 12, 13, 17, 18, 19, 20, 22, 23, 24, 25]
    W1: [ 0,  1,  2,  4,  5,  6,  9, 11, 14, 15, 16, 20, 22, 23, 24, 25, 28, 32, 33, 41, 42, 43, 45] > [ 3,  7,  8, 10, 12, 13, 17, 18, 21, 26, 27, 29, 30, 31, 34, 35, 36, 37, 38, 39, 40, 44, 46]
    W2: [ 0,  1,  2,  4,  5, 17, 18, 21, 23, 24, 25, 28, 32, 33, 44, 46] < [ 3, 15, 16, 19, 20, 22, 26, 27, 29, 30, 31, 41, 42, 43, 45, 47]
    W3: [ 0,  6, 12, 13, 15, 16, 18, 22, 28, 38, 39, 40, 41, 42, 43, 46] > [ 4,  5,  7,  8, 14, 19, 23, 24, 26, 27, 29, 30, 33, 34, 35, 36]
    W4: [ 0,  1,  3,  4,  6,  8,  9, 15, 18, 19, 24, 26, 28, 30, 36, 40, 41] > [ 5, 11, 12, 14, 16, 20, 21, 27, 31, 33, 34, 38, 43, 44, 45, 46, 47]
    Truth table row=[=, >, <, >, >] ix=143 result=[41+] is correct

Test 42-:
    W0: [ 0,  1,  2,  4,  5,  6,  9, 11, 14, 15, 16, 21, 26, 27] = [ 3,  7,  8, 10, 12, 13, 17, 18, 19, 20, 22, 23, 24, 25]
    W1: [ 0,  1,  2,  4,  5,  6,  9, 11, 14, 15, 16, 20, 22, 23, 24, 25, 28, 32, 33, 41, 42, 43, 45] < [ 3,  7,  8, 10, 12, 13, 17, 18, 21, 26, 27, 29, 30, 31, 34, 35, 36, 37, 38, 39, 40, 44, 46]
    W2: [ 0,  1,  2,  4,  5, 17, 18, 21, 23, 24, 25, 28, 32, 33, 44, 46] > [ 3, 15, 16, 19, 20, 22, 26, 27, 29, 30, 31, 41, 42, 43, 45, 47]
    W3: [ 0,  6, 12, 13, 15, 16, 18, 22, 28, 38, 39, 40, 41, 42, 43, 46] < [ 4,  5,  7,  8, 14, 19, 23, 24, 26, 27, 29, 30, 33, 34, 35, 36]
    W4: [ 0,  1,  3,  4,  6,  8,  9, 15, 18, 19, 24, 26, 28, 30, 36, 40, 41] = [ 5, 11, 12, 14, 16, 20, 21, 27, 31, 33, 34, 38, 43, 44, 45, 46, 47]
    Truth table row=[=, <, >, <, =] ix=100 result=[42-] is correct

Test 42+:
    W0: [ 0,  1,  2,  4,  5,  6,  9, 11, 14, 15, 16, 21, 26, 27] = [ 3,  7,  8, 10, 12, 13, 17, 18, 19, 20, 22, 23, 24, 25]
    W1: [ 0,  1,  2,  4,  5,  6,  9, 11, 14, 15, 16, 20, 22, 23, 24, 25, 28, 32, 33, 41, 42, 43, 45] > [ 3,  7,  8, 10, 12, 13, 17, 18, 21, 26, 27, 29, 30, 31, 34, 35, 36, 37, 38, 39, 40, 44, 46]
    W2: [ 0,  1,  2,  4,  5, 17, 18, 21, 23, 24, 25, 28, 32, 33, 44, 46] < [ 3, 15, 16, 19, 20, 22, 26, 27, 29, 30, 31, 41, 42, 43, 45, 47]
    W3: [ 0,  6, 12, 13, 15, 16, 18, 22, 28, 38, 39, 40, 41, 42, 43, 46] > [ 4,  5,  7,  8, 14, 19, 23, 24, 26, 27, 29, 30, 33, 34, 35, 36]
    W4: [ 0,  1,  3,  4,  6,  8,  9, 15, 18, 19, 24, 26, 28, 30, 36, 40, 41] = [ 5, 11, 12, 14, 16, 20, 21, 27, 31, 33, 34, 38, 43, 44, 45, 46, 47]
    Truth table row=[=, >, <, >, =] ix=142 result=[42+] is correct

Test 43-:
    W0: [ 0,  1,  2,  4,  5,  6,  9, 11, 14, 15, 16, 21, 26, 27] = [ 3,  7,  8, 10, 12, 13, 17, 18, 19, 20, 22, 23, 24, 25]
    W1: [ 0,  1,  2,  4,  5,  6,  9, 11, 14, 15, 16, 20, 22, 23, 24, 25, 28, 32, 33, 41, 42, 43, 45] < [ 3,  7,  8, 10, 12, 13, 17, 18, 21, 26, 27, 29, 30, 31, 34, 35, 36, 37, 38, 39, 40, 44, 46]
    W2: [ 0,  1,  2,  4,  5, 17, 18, 21, 23, 24, 25, 28, 32, 33, 44, 46] > [ 3, 15, 16, 19, 20, 22, 26, 27, 29, 30, 31, 41, 42, 43, 45, 47]
    W3: [ 0,  6, 12, 13, 15, 16, 18, 22, 28, 38, 39, 40, 41, 42, 43, 46] < [ 4,  5,  7,  8, 14, 19, 23, 24, 26, 27, 29, 30, 33, 34, 35, 36]
    W4: [ 0,  1,  3,  4,  6,  8,  9, 15, 18, 19, 24, 26, 28, 30, 36, 40, 41] > [ 5, 11, 12, 14, 16, 20, 21, 27, 31, 33, 34, 38, 43, 44, 45, 46, 47]
    Truth table row=[=, <, >, <, >] ix=101 result=[43-] is correct

Test 43+:
    W0: [ 0,  1,  2,  4,  5,  6,  9, 11, 14, 15, 16, 21, 26, 27] = [ 3,  7,  8, 10, 12, 13, 17, 18, 19, 20, 22, 23, 24, 25]
    W1: [ 0,  1,  2,  4,  5,  6,  9, 11, 14, 15, 16, 20, 22, 23, 24, 25, 28, 32, 33, 41, 42, 43, 45] > [ 3,  7,  8, 10, 12, 13, 17, 18, 21, 26, 27, 29, 30, 31, 34, 35, 36, 37, 38, 39, 40, 44, 46]
    W2: [ 0,  1,  2,  4,  5, 17, 18, 21, 23, 24, 25, 28, 32, 33, 44, 46] < [ 3, 15, 16, 19, 20, 22, 26, 27, 29, 30, 31, 41, 42, 43, 45, 47]
    W3: [ 0,  6, 12, 13, 15, 16, 18, 22, 28, 38, 39, 40, 41, 42, 43, 46] > [ 4,  5,  7,  8, 14, 19, 23, 24, 26, 27, 29, 30, 33, 34, 35, 36]
    W4: [ 0,  1,  3,  4,  6,  8,  9, 15, 18, 19, 24, 26, 28, 30, 36, 40, 41] < [ 5, 11, 12, 14, 16, 20, 21, 27, 31, 33, 34, 38, 43, 44, 45, 46, 47]
    Truth table row=[=, >, <, >, <] ix=141 result=[43+] is correct

Test 44-:
    W0: [ 0,  1,  2,  4,  5,  6,  9, 11, 14, 15, 16, 21, 26, 27] = [ 3,  7,  8, 10, 12, 13, 17, 18, 19, 20, 22, 23, 24, 25]
    W1: [ 0,  1,  2,  4,  5,  6,  9, 11, 14, 15, 16, 20, 22, 23, 24, 25, 28, 32, 33, 41, 42, 43, 45] > [ 3,  7,  8, 10, 12, 13, 17, 18, 21, 26, 27, 29, 30, 31, 34, 35, 36, 37, 38, 39, 40, 44, 46]
    W2: [ 0,  1,  2,  4,  5, 17, 18, 21, 23, 24, 25, 28, 32, 33, 44, 46] < [ 3, 15, 16, 19, 20, 22, 26, 27, 29, 30, 31, 41, 42, 43, 45, 47]
    W3: [ 0,  6, 12, 13, 15, 16, 18, 22, 28, 38, 39, 40, 41, 42, 43, 46] = [ 4,  5,  7,  8, 14, 19, 23, 24, 26, 27, 29, 30, 33, 34, 35, 36]
    W4: [ 0,  1,  3,  4,  6,  8,  9, 15, 18, 19, 24, 26, 28, 30, 36, 40, 41] > [ 5, 11, 12, 14, 16, 20, 21, 27, 31, 33, 34, 38, 43, 44, 45, 46, 47]
    Truth table row=[=, >, <, =, >] ix=140 result=[44-] is correct

Test 44+:
    W0: [ 0,  1,  2,  4,  5,  6,  9, 11, 14, 15, 16, 21, 26, 27] = [ 3,  7,  8, 10, 12, 13, 17, 18, 19, 20, 22, 23, 24, 25]
    W1: [ 0,  1,  2,  4,  5,  6,  9, 11, 14, 15, 16, 20, 22, 23, 24, 25, 28, 32, 33, 41, 42, 43, 45] < [ 3,  7,  8, 10, 12, 13, 17, 18, 21, 26, 27, 29, 30, 31, 34, 35, 36, 37, 38, 39, 40, 44, 46]
    W2: [ 0,  1,  2,  4,  5, 17, 18, 21, 23, 24, 25, 28, 32, 33, 44, 46] > [ 3, 15, 16, 19, 20, 22, 26, 27, 29, 30, 31, 41, 42, 43, 45, 47]
    W3: [ 0,  6, 12, 13, 15, 16, 18, 22, 28, 38, 39, 40, 41, 42, 43, 46] = [ 4,  5,  7,  8, 14, 19, 23, 24, 26, 27, 29, 30, 33, 34, 35, 36]
    W4: [ 0,  1,  3,  4,  6,  8,  9, 15, 18, 19, 24, 26, 28, 30, 36, 40, 41] < [ 5, 11, 12, 14, 16, 20, 21, 27, 31, 33, 34, 38, 43, 44, 45, 46, 47]
    Truth table row=[=, <, >, =, <] ix=102 result=[44+] is correct

Test 45-:
    W0: [ 0,  1,  2,  4,  5,  6,  9, 11, 14, 15, 16, 21, 26, 27] = [ 3,  7,  8, 10, 12, 13, 17, 18, 19, 20, 22, 23, 24, 25]
    W1: [ 0,  1,  2,  4,  5,  6,  9, 11, 14, 15, 16, 20, 22, 23, 24, 25, 28, 32, 33, 41, 42, 43, 45] < [ 3,  7,  8, 10, 12, 13, 17, 18, 21, 26, 27, 29, 30, 31, 34, 35, 36, 37, 38, 39, 40, 44, 46]
    W2: [ 0,  1,  2,  4,  5, 17, 18, 21, 23, 24, 25, 28, 32, 33, 44, 46] > [ 3, 15, 16, 19, 20, 22, 26, 27, 29, 30, 31, 41, 42, 43, 45, 47]
    W3: [ 0,  6, 12, 13, 15, 16, 18, 22, 28, 38, 39, 40, 41, 42, 43, 46] = [ 4,  5,  7,  8, 14, 19, 23, 24, 26, 27, 29, 30, 33, 34, 35, 36]
    W4: [ 0,  1,  3,  4,  6,  8,  9, 15, 18, 19, 24, 26, 28, 30, 36, 40, 41] > [ 5, 11, 12, 14, 16, 20, 21, 27, 31, 33, 34, 38, 43, 44, 45, 46, 47]
    Truth table row=[=, <, >, =, >] ix=104 result=[45-] is correct

Test 45+:
    W0: [ 0,  1,  2,  4,  5,  6,  9, 11, 14, 15, 16, 21, 26, 27] = [ 3,  7,  8, 10, 12, 13, 17, 18, 19, 20, 22, 23, 24, 25]
    W1: [ 0,  1,  2,  4,  5,  6,  9, 11, 14, 15, 16, 20, 22, 23, 24, 25, 28, 32, 33, 41, 42, 43, 45] > [ 3,  7,  8, 10, 12, 13, 17, 18, 21, 26, 27, 29, 30, 31, 34, 35, 36, 37, 38, 39, 40, 44, 46]
    W2: [ 0,  1,  2,  4,  5, 17, 18, 21, 23, 24, 25, 28, 32, 33, 44, 46] < [ 3, 15, 16, 19, 20, 22, 26, 27, 29, 30, 31, 41, 42, 43, 45, 47]
    W3: [ 0,  6, 12, 13, 15, 16, 18, 22, 28, 38, 39, 40, 41, 42, 43, 46] = [ 4,  5,  7,  8, 14, 19, 23, 24, 26, 27, 29, 30, 33, 34, 35, 36]
    W4: [ 0,  1,  3,  4,  6,  8,  9, 15, 18, 19, 24, 26, 28, 30, 36, 40, 41] < [ 5, 11, 12, 14, 16, 20, 21, 27, 31, 33, 34, 38, 43, 44, 45, 46, 47]
    Truth table row=[=, >, <, =, <] ix=138 result=[45+] is correct

Test 46-:
    W0: [ 0,  1,  2,  4,  5,  6,  9, 11, 14, 15, 16, 21, 26, 27] = [ 3,  7,  8, 10, 12, 13, 17, 18, 19, 20, 22, 23, 24, 25]
    W1: [ 0,  1,  2,  4,  5,  6,  9, 11, 14, 15, 16, 20, 22, 23, 24, 25, 28, 32, 33, 41, 42, 43, 45] > [ 3,  7,  8, 10, 12, 13, 17, 18, 21, 26, 27, 29, 30, 31, 34, 35, 36, 37, 38, 39, 40, 44, 46]
    W2: [ 0,  1,  2,  4,  5, 17, 18, 21, 23, 24, 25, 28, 32, 33, 44, 46] < [ 3, 15, 16, 19, 20, 22, 26, 27, 29, 30, 31, 41, 42, 43, 45, 47]
    W3: [ 0,  6, 12, 13, 15, 16, 18, 22, 28, 38, 39, 40, 41, 42, 43, 46] < [ 4,  5,  7,  8, 14, 19, 23, 24, 26, 27, 29, 30, 33, 34, 35, 36]
    W4: [ 0,  1,  3,  4,  6,  8,  9, 15, 18, 19, 24, 26, 28, 30, 36, 40, 41] > [ 5, 11, 12, 14, 16, 20, 21, 27, 31, 33, 34, 38, 43, 44, 45, 46, 47]
    Truth table row=[=, >, <, <, >] ix=137 result=[46-] is correct

Test 46+:
    W0: [ 0,  1,  2,  4,  5,  6,  9, 11, 14, 15, 16, 21, 26, 27] = [ 3,  7,  8, 10, 12, 13, 17, 18, 19, 20, 22, 23, 24, 25]
    W1: [ 0,  1,  2,  4,  5,  6,  9, 11, 14, 15, 16, 20, 22, 23, 24, 25, 28, 32, 33, 41, 42, 43, 45] < [ 3,  7,  8, 10, 12, 13, 17, 18, 21, 26, 27, 29, 30, 31, 34, 35, 36, 37, 38, 39, 40, 44, 46]
    W2: [ 0,  1,  2,  4,  5, 17, 18, 21, 23, 24, 25, 28, 32, 33, 44, 46] > [ 3, 15, 16, 19, 20, 22, 26, 27, 29, 30, 31, 41, 42, 43, 45, 47]
    W3: [ 0,  6, 12, 13, 15, 16, 18, 22, 28, 38, 39, 40, 41, 42, 43, 46] > [ 4,  5,  7,  8, 14, 19, 23, 24, 26, 27, 29, 30, 33, 34, 35, 36]
    W4: [ 0,  1,  3,  4,  6,  8,  9, 15, 18, 19, 24, 26, 28, 30, 36, 40, 41] < [ 5, 11, 12, 14, 16, 20, 21, 27, 31, 33, 34, 38, 43, 44, 45, 46, 47]
    Truth table row=[=, <, >, >, <] ix=105 result=[46+] is correct

Test 47-:
    W0: [ 0,  1,  2,  4,  5,  6,  9, 11, 14, 15, 16, 21, 26, 27] = [ 3,  7,  8, 10, 12, 13, 17, 18, 19, 20, 22, 23, 24, 25]
    W1: [ 0,  1,  2,  4,  5,  6,  9, 11, 14, 15, 16, 20, 22, 23, 24, 25, 28, 32, 33, 41, 42, 43, 45] = [ 3,  7,  8, 10, 12, 13, 17, 18, 21, 26, 27, 29, 30, 31, 34, 35, 36, 37, 38, 39, 40, 44, 46]
    W2: [ 0,  1,  2,  4,  5, 17, 18, 21, 23, 24, 25, 28, 32, 33, 44, 46] > [ 3, 15, 16, 19, 20, 22, 26, 27, 29, 30, 31, 41, 42, 43, 45, 47]
    W3: [ 0,  6, 12, 13, 15, 16, 18, 22, 28, 38, 39, 40, 41, 42, 43, 46] = [ 4,  5,  7,  8, 14, 19, 23, 24, 26, 27, 29, 30, 33, 34, 35, 36]
    W4: [ 0,  1,  3,  4,  6,  8,  9, 15, 18, 19, 24, 26, 28, 30, 36, 40, 41] > [ 5, 11, 12, 14, 16, 20, 21, 27, 31, 33, 34, 38, 43, 44, 45, 46, 47]
    Truth table row=[=, =, >, =, >] ix=131 result=[47-] is correct

Test 47+:
    W0: [ 0,  1,  2,  4,  5,  6,  9, 11, 14, 15, 16, 21, 26, 27] = [ 3,  7,  8, 10, 12, 13, 17, 18, 19, 20, 22, 23, 24, 25]
    W1: [ 0,  1,  2,  4,  5,  6,  9, 11, 14, 15, 16, 20, 22, 23, 24, 25, 28, 32, 33, 41, 42, 43, 45] = [ 3,  7,  8, 10, 12, 13, 17, 18, 21, 26, 27, 29, 30, 31, 34, 35, 36, 37, 38, 39, 40, 44, 46]
    W2: [ 0,  1,  2,  4,  5, 17, 18, 21, 23, 24, 25, 28, 32, 33, 44, 46] < [ 3, 15, 16, 19, 20, 22, 26, 27, 29, 30, 31, 41, 42, 43, 45, 47]
    W3: [ 0,  6, 12, 13, 15, 16, 18, 22, 28, 38, 39, 40, 41, 42, 43, 46] = [ 4,  5,  7,  8, 14, 19, 23, 24, 26, 27, 29, 30, 33, 34, 35, 36]
    W4: [ 0,  1,  3,  4,  6,  8,  9, 15, 18, 19, 24, 26, 28, 30, 36, 40, 41] < [ 5, 11, 12, 14, 16, 20, 21, 27, 31, 33, 34, 38, 43, 44, 45, 46, 47]
    Truth table row=[=, =, <, =, <] ix=111 result=[47+] is correct

Total correct results: 96
Total incorrect results: 0
