Solving for 35 balls and 4 weighings.
Using symmetry breaking strategy TruthTableAscending.

Solution:
W0: [ 0,  1,  3,  4,  9, 11, 16, 18, 19, 20, 21, 22] <=> [ 2,  5,  6,  7,  8, 10, 12, 13, 14, 15, 17, 23]
W1: [ 0,  1,  3,  4, 15, 17, 23, 24, 26, 27, 30, 31] <=> [ 2,  5,  6, 16, 18, 19, 20, 21, 22, 25, 28, 29]
W2: [ 0,  1,  5,  6,  9, 13, 14, 16, 23, 24, 26, 29] <=> [ 4,  7,  8, 15, 17, 21, 22, 25, 30, 31, 32, 33]
W3: [ 4,  6, 12, 17, 18, 21, 23, 24, 27, 33, 34] <=> [ 1,  2,  7,  9, 10, 13, 15, 20, 26, 29, 31]

Truth Table:
ix  W0  W1  W2  W3   Result
 0   <   <   <   <
 1   <   <   <   =   0-
 2   <   <   <   >   1-
 3   <   <   =   <   2+
 4   <   <   =   =   3-
 5   <   <   =   >
 6   <   <   >   <   4-
 7   <   <   >   =   5+
 8   <   <   >   >   6+
 9   <   =   <   <   7+
10   <   =   <   =   8+
11   <   =   <   >   9-
12   <   =   =   <   10+
13   <   =   =   =   11-
14   <   =   =   >   12+
15   <   =   >   <   13+
16   <   =   >   =   14+
17   <   =   >   >
18   <   >   <   <   15+
19   <   >   <   =   16-
20   <   >   <   >   17+
21   <   >   =   <   18-
22   <   >   =   =   19-
23   <   >   =   >   20-
24   <   >   >   <   21-
25   <   >   >   =   22-
26   <   >   >   >   23+
27   =   <   <   <   24-
28   =   <   <   =   25+
29   =   <   <   >   26-
30   =   <   =   <   27-
31   =   <   =   =   28+
32   =   <   =   >
33   =   <   >   <   29+
34   =   <   >   =   30-
35   =   <   >   >   31-
36   =   =   <   <
37   =   =   <   =   32+
38   =   =   <   >   33+
39   =   =   =   <   34-
40   =   =   =   =
41   =   =   =   >   34+
42   =   =   >   <   33-
43   =   =   >   =   32-
44   =   =   >   >
45   =   >   <   <   31+
46   =   >   <   =   30+
47   =   >   <   >   29-
48   =   >   =   <
49   =   >   =   =   28-
50   =   >   =   >   27+
51   =   >   >   <   26+
52   =   >   >   =   25-
53   =   >   >   >   24+
54   >   <   <   <   23-
55   >   <   <   =   22+
56   >   <   <   >   21+
57   >   <   =   <   20+
58   >   <   =   =   19+
59   >   <   =   >   18+
60   >   <   >   <   17-
61   >   <   >   =   16+
62   >   <   >   >   15-
63   >   =   <   <
64   >   =   <   =   14-
65   >   =   <   >   13-
66   >   =   =   <   12-
67   >   =   =   =   11+
68   >   =   =   >   10-
69   >   =   >   <   9+
70   >   =   >   =   8-
71   >   =   >   >   7-
72   >   >   <   <   6-
73   >   >   <   =   5-
74   >   >   <   >   4+
75   >   >   =   <
76   >   >   =   =   3+
77   >   >   =   >   2-
78   >   >   >   <   1+
79   >   >   >   =   0+
80   >   >   >   >

Test 0-:
    W0: [ 0,  1,  3,  4,  9, 11, 16, 18, 19, 20, 21, 22] < [ 2,  5,  6,  7,  8, 10, 12, 13, 14, 15, 17, 23]
    W1: [ 0,  1,  3,  4, 15, 17, 23, 24, 26, 27, 30, 31] < [ 2,  5,  6, 16, 18, 19, 20, 21, 22, 25, 28, 29]
    W2: [ 0,  1,  5,  6,  9, 13, 14, 16, 23, 24, 26, 29] < [ 4,  7,  8, 15, 17, 21, 22, 25, 30, 31, 32, 33]
    W3: [ 4,  6, 12, 17, 18, 21, 23, 24, 27, 33, 34] = [ 1,  2,  7,  9, 10, 13, 15, 20, 26, 29, 31]
    Truth table row=[<, <, <, =] ix=1 result=[0-] is correct

Test 0+:
    W0: [ 0,  1,  3,  4,  9, 11, 16, 18, 19, 20, 21, 22] > [ 2,  5,  6,  7,  8, 10, 12, 13, 14, 15, 17, 23]
    W1: [ 0,  1,  3,  4, 15, 17, 23, 24, 26, 27, 30, 31] > [ 2,  5,  6, 16, 18, 19, 20, 21, 22, 25, 28, 29]
    W2: [ 0,  1,  5,  6,  9, 13, 14, 16, 23, 24, 26, 29] > [ 4,  7,  8, 15, 17, 21, 22, 25, 30, 31, 32, 33]
    W3: [ 4,  6, 12, 17, 18, 21, 23, 24, 27, 33, 34] = [ 1,  2,  7,  9, 10, 13, 15, 20, 26, 29, 31]
    Truth table row=[>, >, >, =] ix=79 result=[0+] is correct

Test 1-:
    W0: [ 0,  1,  3,  4,  9, 11, 16, 18, 19, 20, 21, 22] < [ 2,  5,  6,  7,  8, 10, 12, 13, 14, 15, 17, 23]
    W1: [ 0,  1,  3,  4, 15, 17, 23, 24, 26, 27, 30, 31] < [ 2,  5,  6, 16, 18, 19, 20, 21, 22, 25, 28, 29]
    W2: [ 0,  1,  5,  6,  9, 13, 14, 16, 23, 24, 26, 29] < [ 4,  7,  8, 15, 17, 21, 22, 25, 30, 31, 32, 33]
    W3: [ 4,  6, 12, 17, 18, 21, 23, 24, 27, 33, 34] > [ 1,  2,  7,  9, 10, 13, 15, 20, 26, 29, 31]
    Truth table row=[<, <, <, >] ix=2 result=[1-] is correct

Test 1+:
    W0: [ 0,  1,  3,  4,  9, 11, 16, 18, 19, 20, 21, 22] > [ 2,  5,  6,  7,  8, 10, 12, 13, 14, 15, 17, 23]
    W1: [ 0,  1,  3,  4, 15, 17, 23, 24, 26, 27, 30, 31] > [ 2,  5,  6, 16, 18, 19, 20, 21, 22, 25, 28, 29]
    W2: [ 0,  1,  5,  6,  9, 13, 14, 16, 23, 24, 26, 29] > [ 4,  7,  8, 15, 17, 21, 22, 25, 30, 31, 32, 33]
    W3: [ 4,  6, 12, 17, 18, 21, 23, 24, 27, 33, 34] < [ 1,  2,  7,  9, 10, 13, 15, 20, 26, 29, 31]
    Truth table row=[>, >, >, <] ix=78 result=[1+] is correct

Test 2-:
    W0: [ 0,  1,  3,  4,  9, 11, 16, 18, 19, 20, 21, 22] > [ 2,  5,  6,  7,  8, 10, 12, 13, 14, 15, 17, 23]
    W1: [ 0,  1,  3,  4, 15, 17, 23, 24, 26, 27, 30, 31] > [ 2,  5,  6, 16, 18, 19, 20, 21, 22, 25, 28, 29]
    W2: [ 0,  1,  5,  6,  9, 13, 14, 16, 23, 24, 26, 29] = [ 4,  7,  8, 15, 17, 21, 22, 25, 30, 31, 32, 33]
    W3: [ 4,  6, 12, 17, 18, 21, 23, 24, 27, 33, 34] > [ 1,  2,  7,  9, 10, 13, 15, 20, 26, 29, 31]
    Truth table row=[>, >, =, >] ix=77 result=[2-] is correct

Test 2+:
    W0: [ 0,  1,  3,  4,  9, 11, 16, 18, 19, 20, 21, 22] < [ 2,  5,  6,  7,  8, 10, 12, 13, 14, 15, 17, 23]
    W1: [ 0,  1,  3,  4, 15, 17, 23, 24, 26, 27, 30, 31] < [ 2,  5,  6, 16, 18, 19, 20, 21, 22, 25, 28, 29]
    W2: [ 0,  1,  5,  6,  9, 13, 14, 16, 23, 24, 26, 29] = [ 4,  7,  8, 15, 17, 21, 22, 25, 30, 31, 32, 33]
    W3: [ 4,  6, 12, 17, 18, 21, 23, 24, 27, 33, 34] < [ 1,  2,  7,  9, 10, 13, 15, 20, 26, 29, 31]
    Truth table row=[<, <, =, <] ix=3 result=[2+] is correct

Test 3-:
    W0: [ 0,  1,  3,  4,  9, 11, 16, 18, 19, 20, 21, 22] < [ 2,  5,  6,  7,  8, 10, 12, 13, 14, 15, 17, 23]
    W1: [ 0,  1,  3,  4, 15, 17, 23, 24, 26, 27, 30, 31] < [ 2,  5,  6, 16, 18, 19, 20, 21, 22, 25, 28, 29]
    W2: [ 0,  1,  5,  6,  9, 13, 14, 16, 23, 24, 26, 29] = [ 4,  7,  8, 15, 17, 21, 22, 25, 30, 31, 32, 33]
    W3: [ 4,  6, 12, 17, 18, 21, 23, 24, 27, 33, 34] = [ 1,  2,  7,  9, 10, 13, 15, 20, 26, 29, 31]
    Truth table row=[<, <, =, =] ix=4 result=[3-] is correct

Test 3+:
    W0: [ 0,  1,  3,  4,  9, 11, 16, 18, 19, 20, 21, 22] > [ 2,  5,  6,  7,  8, 10, 12, 13, 14, 15, 17, 23]
    W1: [ 0,  1,  3,  4, 15, 17, 23, 24, 26, 27, 30, 31] > [ 2,  5,  6, 16, 18, 19, 20, 21, 22, 25, 28, 29]
    W2: [ 0,  1,  5,  6,  9, 13, 14, 16, 23, 24, 26, 29] = [ 4,  7,  8, 15, 17, 21, 22, 25, 30, 31, 32, 33]
    W3: [ 4,  6, 12, 17, 18, 21, 23, 24, 27, 33, 34] = [ 1,  2,  7,  9, 10, 13, 15, 20, 26, 29, 31]
    Truth table row=[>, >, =, =] ix=76 result=[3+] is correct

Test 4-:
    W0: [ 0,  1,  3,  4,  9, 11, 16, 18, 19, 20, 21, 22] < [ 2,  5,  6,  7,  8, 10, 12, 13, 14, 15, 17, 23]
    W1: [ 0,  1,  3,  4, 15, 17, 23, 24, 26, 27, 30, 31] < [ 2,  5,  6, 16, 18, 19, 20, 21, 22, 25, 28, 29]
    W2: [ 0,  1,  5,  6,  9, 13, 14, 16, 23, 24, 26, 29] > [ 4,  7,  8, 15, 17, 21, 22, 25, 30, 31, 32, 33]
    W3: [ 4,  6, 12, 17, 18, 21, 23, 24, 27, 33, 34] < [ 1,  2,  7,  9, 10, 13, 15, 20, 26, 29, 31]
    Truth table row=[<, <, >, <] ix=6 result=[4-] is correct

Test 4+:
    W0: [ 0,  1,  3,  4,  9, 11, 16, 18, 19, 20, 21, 22] > [ 2,  5,  6,  7,  8, 10, 12, 13, 14, 15, 17, 23]
    W1: [ 0,  1,  3,  4, 15, 17, 23, 24, 26, 27, 30, 31] > [ 2,  5,  6, 16, 18, 19, 20, 21, 22, 25, 28, 29]
    W2: [ 0,  1,  5,  6,  9, 13, 14, 16, 23, 24, 26, 29] < [ 4,  7,  8, 15, 17, 21, 22, 25, 30, 31, 32, 33]
    W3: [ 4,  6, 12, 17, 18, 21, 23, 24, 27, 33, 34] > [ 1,  2,  7,  9, 10, 13, 15, 20, 26, 29, 31]
    Truth table row=[>, >, <, >] ix=74 result=[4+] is correct

Test 5-:
    W0: [ 0,  1,  3,  4,  9, 11, 16, 18, 19, 20, 21, 22] > [ 2,  5,  6,  7,  8, 10, 12, 13, 14, 15, 17, 23]
    W1: [ 0,  1,  3,  4, 15, 17, 23, 24, 26, 27, 30, 31] > [ 2,  5,  6, 16, 18, 19, 20, 21, 22, 25, 28, 29]
    W2: [ 0,  1,  5,  6,  9, 13, 14, 16, 23, 24, 26, 29] < [ 4,  7,  8, 15, 17, 21, 22, 25, 30, 31, 32, 33]
    W3: [ 4,  6, 12, 17, 18, 21, 23, 24, 27, 33, 34] = [ 1,  2,  7,  9, 10, 13, 15, 20, 26, 29, 31]
    Truth table row=[>, >, <, =] ix=73 result=[5-] is correct

Test 5+:
    W0: [ 0,  1,  3,  4,  9, 11, 16, 18, 19, 20, 21, 22] < [ 2,  5,  6,  7,  8, 10, 12, 13, 14, 15, 17, 23]
    W1: [ 0,  1,  3,  4, 15, 17, 23, 24, 26, 27, 30, 31] < [ 2,  5,  6, 16, 18, 19, 20, 21, 22, 25, 28, 29]
    W2: [ 0,  1,  5,  6,  9, 13, 14, 16, 23, 24, 26, 29] > [ 4,  7,  8, 15, 17, 21, 22, 25, 30, 31, 32, 33]
    W3: [ 4,  6, 12, 17, 18, 21, 23, 24, 27, 33, 34] = [ 1,  2,  7,  9, 10, 13, 15, 20, 26, 29, 31]
    Truth table row=[<, <, >, =] ix=7 result=[5+] is correct

Test 6-:
    W0: [ 0,  1,  3,  4,  9, 11, 16, 18, 19, 20, 21, 22] > [ 2,  5,  6,  7,  8, 10, 12, 13, 14, 15, 17, 23]
    W1: [ 0,  1,  3,  4, 15, 17, 23, 24, 26, 27, 30, 31] > [ 2,  5,  6, 16, 18, 19, 20, 21, 22, 25, 28, 29]
    W2: [ 0,  1,  5,  6,  9, 13, 14, 16, 23, 24, 26, 29] < [ 4,  7,  8, 15, 17, 21, 22, 25, 30, 31, 32, 33]
    W3: [ 4,  6, 12, 17, 18, 21, 23, 24, 27, 33, 34] < [ 1,  2,  7,  9, 10, 13, 15, 20, 26, 29, 31]
    Truth table row=[>, >, <, <] ix=72 result=[6-] is correct

Test 6+:
    W0: [ 0,  1,  3,  4,  9, 11, 16, 18, 19, 20, 21, 22] < [ 2,  5,  6,  7,  8, 10, 12, 13, 14, 15, 17, 23]
    W1: [ 0,  1,  3,  4, 15, 17, 23, 24, 26, 27, 30, 31] < [ 2,  5,  6, 16, 18, 19, 20, 21, 22, 25, 28, 29]
    W2: [ 0,  1,  5,  6,  9, 13, 14, 16, 23, 24, 26, 29] > [ 4,  7,  8, 15, 17, 21, 22, 25, 30, 31, 32, 33]
    W3: [ 4,  6, 12, 17, 18, 21, 23, 24, 27, 33, 34] > [ 1,  2,  7,  9, 10, 13, 15, 20, 26, 29, 31]
    Truth table row=[<, <, >, >] ix=8 result=[6+] is correct

Test 7-:
    W0: [ 0,  1,  3,  4,  9, 11, 16, 18, 19, 20, 21, 22] > [ 2,  5,  6,  7,  8, 10, 12, 13, 14, 15, 17, 23]
    W1: [ 0,  1,  3,  4, 15, 17, 23, 24, 26, 27, 30, 31] = [ 2,  5,  6, 16, 18, 19, 20, 21, 22, 25, 28, 29]
    W2: [ 0,  1,  5,  6,  9, 13, 14, 16, 23, 24, 26, 29] > [ 4,  7,  8, 15, 17, 21, 22, 25, 30, 31, 32, 33]
    W3: [ 4,  6, 12, 17, 18, 21, 23, 24, 27, 33, 34] > [ 1,  2,  7,  9, 10, 13, 15, 20, 26, 29, 31]
    Truth table row=[>, =, >, >] ix=71 result=[7-] is correct

Test 7+:
    W0: [ 0,  1,  3,  4,  9, 11, 16, 18, 19, 20, 21, 22] < [ 2,  5,  6,  7,  8, 10, 12, 13, 14, 15, 17, 23]
    W1: [ 0,  1,  3,  4, 15, 17, 23, 24, 26, 27, 30, 31] = [ 2,  5,  6, 16, 18, 19, 20, 21, 22, 25, 28, 29]
    W2: [ 0,  1,  5,  6,  9, 13, 14, 16, 23, 24, 26, 29] < [ 4,  7,  8, 15, 17, 21, 22, 25, 30, 31, 32, 33]
    W3: [ 4,  6, 12, 17, 18, 21, 23, 24, 27, 33, 34] < [ 1,  2,  7,  9, 10, 13, 15, 20, 26, 29, 31]
    Truth table row=[<, =, <, <] ix=9 result=[7+] is correct

Test 8-:
    W0: [ 0,  1,  3,  4,  9, 11, 16, 18, 19, 20, 21, 22] > [ 2,  5,  6,  7,  8, 10, 12, 13, 14, 15, 17, 23]
    W1: [ 0,  1,  3,  4, 15, 17, 23, 24, 26, 27, 30, 31] = [ 2,  5,  6, 16, 18, 19, 20, 21, 22, 25, 28, 29]
    W2: [ 0,  1,  5,  6,  9, 13, 14, 16, 23, 24, 26, 29] > [ 4,  7,  8, 15, 17, 21, 22, 25, 30, 31, 32, 33]
    W3: [ 4,  6, 12, 17, 18, 21, 23, 24, 27, 33, 34] = [ 1,  2,  7,  9, 10, 13, 15, 20, 26, 29, 31]
    Truth table row=[>, =, >, =] ix=70 result=[8-] is correct

Test 8+:
    W0: [ 0,  1,  3,  4,  9, 11, 16, 18, 19, 20, 21, 22] < [ 2,  5,  6,  7,  8, 10, 12, 13, 14, 15, 17, 23]
    W1: [ 0,  1,  3,  4, 15, 17, 23, 24, 26, 27, 30, 31] = [ 2,  5,  6, 16, 18, 19, 20, 21, 22, 25, 28, 29]
    W2: [ 0,  1,  5,  6,  9, 13, 14, 16, 23, 24, 26, 29] < [ 4,  7,  8, 15, 17, 21, 22, 25, 30, 31, 32, 33]
    W3: [ 4,  6, 12, 17, 18, 21, 23, 24, 27, 33, 34] = [ 1,  2,  7,  9, 10, 13, 15, 20, 26, 29, 31]
    Truth table row=[<, =, <, =] ix=10 result=[8+] is correct

Test 9-:
    W0: [ 0,  1,  3,  4,  9, 11, 16, 18, 19, 20, 21, 22] < [ 2,  5,  6,  7,  8, 10, 12, 13, 14, 15, 17, 23]
    W1: [ 0,  1,  3,  4, 15, 17, 23, 24, 26, 27, 30, 31] = [ 2,  5,  6, 16, 18, 19, 20, 21, 22, 25, 28, 29]
    W2: [ 0,  1,  5,  6,  9, 13, 14, 16, 23, 24, 26, 29] < [ 4,  7,  8, 15, 17, 21, 22, 25, 30, 31, 32, 33]
    W3: [ 4,  6, 12, 17, 18, 21, 23, 24, 27, 33, 34] > [ 1,  2,  7,  9, 10, 13, 15, 20, 26, 29, 31]
    Truth table row=[<, =, <, >] ix=11 result=[9-] is correct

Test 9+:
    W0: [ 0,  1,  3,  4,  9, 11, 16, 18, 19, 20, 21, 22] > [ 2,  5,  6,  7,  8, 10, 12, 13, 14, 15, 17, 23]
    W1: [ 0,  1,  3,  4, 15, 17, 23, 24, 26, 27, 30, 31] = [ 2,  5,  6, 16, 18, 19, 20, 21, 22, 25, 28, 29]
    W2: [ 0,  1,  5,  6,  9, 13, 14, 16, 23, 24, 26, 29] > [ 4,  7,  8, 15, 17, 21, 22, 25, 30, 31, 32, 33]
    W3: [ 4,  6, 12, 17, 18, 21, 23, 24, 27, 33, 34] < [ 1,  2,  7,  9, 10, 13, 15, 20, 26, 29, 31]
    Truth table row=[>, =, >, <] ix=69 result=[9+] is correct

Test 10-:
    W0: [ 0,  1,  3,  4,  9, 11, 16, 18, 19, 20, 21, 22] > [ 2,  5,  6,  7,  8, 10, 12, 13, 14, 15, 17, 23]
    W1: [ 0,  1,  3,  4, 15, 17, 23, 24, 26, 27, 30, 31] = [ 2,  5,  6, 16, 18, 19, 20, 21, 22, 25, 28, 29]
    W2: [ 0,  1,  5,  6,  9, 13, 14, 16, 23, 24, 26, 29] = [ 4,  7,  8, 15, 17, 21, 22, 25, 30, 31, 32, 33]
    W3: [ 4,  6, 12, 17, 18, 21, 23, 24, 27, 33, 34] > [ 1,  2,  7,  9, 10, 13, 15, 20, 26, 29, 31]
    Truth table row=[>, =, =, >] ix=68 result=[10-] is correct

Test 10+:
    W0: [ 0,  1,  3,  4,  9, 11, 16, 18, 19, 20, 21, 22] < [ 2,  5,  6,  7,  8, 10, 12, 13, 14, 15, 17, 23]
    W1: [ 0,  1,  3,  4, 15, 17, 23, 24, 26, 27, 30, 31] = [ 2,  5,  6, 16, 18, 19, 20, 21, 22, 25, 28, 29]
    W2: [ 0,  1,  5,  6,  9, 13, 14, 16, 23, 24, 26, 29] = [ 4,  7,  8, 15, 17, 21, 22, 25, 30, 31, 32, 33]
    W3: [ 4,  6, 12, 17, 18, 21, 23, 24, 27, 33, 34] < [ 1,  2,  7,  9, 10, 13, 15, 20, 26, 29, 31]
    Truth table row=[<, =, =, <] ix=12 result=[10+] is correct

Test 11-:
    W0: [ 0,  1,  3,  4,  9, 11, 16, 18, 19, 20, 21, 22] < [ 2,  5,  6,  7,  8, 10, 12, 13, 14, 15, 17, 23]
    W1: [ 0,  1,  3,  4, 15, 17, 23, 24, 26, 27, 30, 31] = [ 2,  5,  6, 16, 18, 19, 20, 21, 22, 25, 28, 29]
    W2: [ 0,  1,  5,  6,  9, 13, 14, 16, 23, 24, 26, 29] = [ 4,  7,  8, 15, 17, 21, 22, 25, 30, 31, 32, 33]
    W3: [ 4,  6, 12, 17, 18, 21, 23, 24, 27, 33, 34] = [ 1,  2,  7,  9, 10, 13, 15, 20, 26, 29, 31]
    Truth table row=[<, =, =, =] ix=13 result=[11-] is correct

Test 11+:
    W0: [ 0,  1,  3,  4,  9, 11, 16, 18, 19, 20, 21, 22] > [ 2,  5,  6,  7,  8, 10, 12, 13, 14, 15, 17, 23]
    W1: [ 0,  1,  3,  4, 15, 17, 23, 24, 26, 27, 30, 31] = [ 2,  5,  6, 16, 18, 19, 20, 21, 22, 25, 28, 29]
    W2: [ 0,  1,  5,  6,  9, 13, 14, 16, 23, 24, 26, 29] = [ 4,  7,  8, 15, 17, 21, 22, 25, 30, 31, 32, 33]
    W3: [ 4,  6, 12, 17, 18, 21, 23, 24, 27, 33, 34] = [ 1,  2,  7,  9, 10, 13, 15, 20, 26, 29, 31]
    Truth table row=[>, =, =, =] ix=67 result=[11+] is correct

Test 12-:
    W0: [ 0,  1,  3,  4,  9, 11, 16, 18, 19, 20, 21, 22] > [ 2,  5,  6,  7,  8, 10, 12, 13, 14, 15, 17, 23]
    W1: [ 0,  1,  3,  4, 15, 17, 23, 24, 26, 27, 30, 31] = [ 2,  5,  6, 16, 18, 19, 20, 21, 22, 25, 28, 29]
    W2: [ 0,  1,  5,  6,  9, 13, 14, 16, 23, 24, 26, 29] = [ 4,  7,  8, 15, 17, 21, 22, 25, 30, 31, 32, 33]
    W3: [ 4,  6, 12, 17, 18, 21, 23, 24, 27, 33, 34] < [ 1,  2,  7,  9, 10, 13, 15, 20, 26, 29, 31]
    Truth table row=[>, =, =, <] ix=66 result=[12-] is correct

Test 12+:
    W0: [ 0,  1,  3,  4,  9, 11, 16, 18, 19, 20, 21, 22] < [ 2,  5,  6,  7,  8, 10, 12, 13, 14, 15, 17, 23]
    W1: [ 0,  1,  3,  4, 15, 17, 23, 24, 26, 27, 30, 31] = [ 2,  5,  6, 16, 18, 19, 20, 21, 22, 25, 28, 29]
    W2: [ 0,  1,  5,  6,  9, 13, 14, 16, 23, 24, 26, 29] = [ 4,  7,  8, 15, 17, 21, 22, 25, 30, 31, 32, 33]
    W3: [ 4,  6, 12, 17, 18, 21, 23, 24, 27, 33, 34] > [ 1,  2,  7,  9, 10, 13, 15, 20, 26, 29, 31]
    Truth table row=[<, =, =, >] ix=14 result=[12+] is correct

Test 13-:
    W0: [ 0,  1,  3,  4,  9, 11, 16, 18, 19, 20, 21, 22] > [ 2,  5,  6,  7,  8, 10, 12, 13, 14, 15, 17, 23]
    W1: [ 0,  1,  3,  4, 15, 17, 23, 24, 26, 27, 30, 31] = [ 2,  5,  6, 16, 18, 19, 20, 21, 22, 25, 28, 29]
    W2: [ 0,  1,  5,  6,  9, 13, 14, 16, 23, 24, 26, 29] < [ 4,  7,  8, 15, 17, 21, 22, 25, 30, 31, 32, 33]
    W3: [ 4,  6, 12, 17, 18, 21, 23, 24, 27, 33, 34] > [ 1,  2,  7,  9, 10, 13, 15, 20, 26, 29, 31]
    Truth table row=[>, =, <, >] ix=65 result=[13-] is correct

Test 13+:
    W0: [ 0,  1,  3,  4,  9, 11, 16, 18, 19, 20, 21, 22] < [ 2,  5,  6,  7,  8, 10, 12, 13, 14, 15, 17, 23]
    W1: [ 0,  1,  3,  4, 15, 17, 23, 24, 26, 27, 30, 31] = [ 2,  5,  6, 16, 18, 19, 20, 21, 22, 25, 28, 29]
    W2: [ 0,  1,  5,  6,  9, 13, 14, 16, 23, 24, 26, 29] > [ 4,  7,  8, 15, 17, 21, 22, 25, 30, 31, 32, 33]
    W3: [ 4,  6, 12, 17, 18, 21, 23, 24, 27, 33, 34] < [ 1,  2,  7,  9, 10, 13, 15, 20, 26, 29, 31]
    Truth table row=[<, =, >, <] ix=15 result=[13+] is correct

Test 14-:
    W0: [ 0,  1,  3,  4,  9, 11, 16, 18, 19, 20, 21, 22] > [ 2,  5,  6,  7,  8, 10, 12, 13, 14, 15, 17, 23]
    W1: [ 0,  1,  3,  4, 15, 17, 23, 24, 26, 27, 30, 31] = [ 2,  5,  6, 16, 18, 19, 20, 21, 22, 25, 28, 29]
    W2: [ 0,  1,  5,  6,  9, 13, 14, 16, 23, 24, 26, 29] < [ 4,  7,  8, 15, 17, 21, 22, 25, 30, 31, 32, 33]
    W3: [ 4,  6, 12, 17, 18, 21, 23, 24, 27, 33, 34] = [ 1,  2,  7,  9, 10, 13, 15, 20, 26, 29, 31]
    Truth table row=[>, =, <, =] ix=64 result=[14-] is correct

Test 14+:
    W0: [ 0,  1,  3,  4,  9, 11, 16, 18, 19, 20, 21, 22] < [ 2,  5,  6,  7,  8, 10, 12, 13, 14, 15, 17, 23]
    W1: [ 0,  1,  3,  4, 15, 17, 23, 24, 26, 27, 30, 31] = [ 2,  5,  6, 16, 18, 19, 20, 21, 22, 25, 28, 29]
    W2: [ 0,  1,  5,  6,  9, 13, 14, 16, 23, 24, 26, 29] > [ 4,  7,  8, 15, 17, 21, 22, 25, 30, 31, 32, 33]
    W3: [ 4,  6, 12, 17, 18, 21, 23, 24, 27, 33, 34] = [ 1,  2,  7,  9, 10, 13, 15, 20, 26, 29, 31]
    Truth table row=[<, =, >, =] ix=16 result=[14+] is correct

Test 15-:
    W0: [ 0,  1,  3,  4,  9, 11, 16, 18, 19, 20, 21, 22] > [ 2,  5,  6,  7,  8, 10, 12, 13, 14, 15, 17, 23]
    W1: [ 0,  1,  3,  4, 15, 17, 23, 24, 26, 27, 30, 31] < [ 2,  5,  6, 16, 18, 19, 20, 21, 22, 25, 28, 29]
    W2: [ 0,  1,  5,  6,  9, 13, 14, 16, 23, 24, 26, 29] > [ 4,  7,  8, 15, 17, 21, 22, 25, 30, 31, 32, 33]
    W3: [ 4,  6, 12, 17, 18, 21, 23, 24, 27, 33, 34] > [ 1,  2,  7,  9, 10, 13, 15, 20, 26, 29, 31]
    Truth table row=[>, <, >, >] ix=62 result=[15-] is correct

Test 15+:
    W0: [ 0,  1,  3,  4,  9, 11, 16, 18, 19, 20, 21, 22] < [ 2,  5,  6,  7,  8, 10, 12, 13, 14, 15, 17, 23]
    W1: [ 0,  1,  3,  4, 15, 17, 23, 24, 26, 27, 30, 31] > [ 2,  5,  6, 16, 18, 19, 20, 21, 22, 25, 28, 29]
    W2: [ 0,  1,  5,  6,  9, 13, 14, 16, 23, 24, 26, 29] < [ 4,  7,  8, 15, 17, 21, 22, 25, 30, 31, 32, 33]
    W3: [ 4,  6, 12, 17, 18, 21, 23, 24, 27, 33, 34] < [ 1,  2,  7,  9, 10, 13, 15, 20, 26, 29, 31]
    Truth table row=[<, >, <, <] ix=18 result=[15+] is correct

Test 16-:
    W0: [ 0,  1,  3,  4,  9, 11, 16, 18, 19, 20, 21, 22] < [ 2,  5,  6,  7,  8, 10, 12, 13, 14, 15, 17, 23]
    W1: [ 0,  1,  3,  4, 15, 17, 23, 24, 26, 27, 30, 31] > [ 2,  5,  6, 16, 18, 19, 20, 21, 22, 25, 28, 29]
    W2: [ 0,  1,  5,  6,  9, 13, 14, 16, 23, 24, 26, 29] < [ 4,  7,  8, 15, 17, 21, 22, 25, 30, 31, 32, 33]
    W3: [ 4,  6, 12, 17, 18, 21, 23, 24, 27, 33, 34] = [ 1,  2,  7,  9, 10, 13, 15, 20, 26, 29, 31]
    Truth table row=[<, >, <, =] ix=19 result=[16-] is correct

Test 16+:
    W0: [ 0,  1,  3,  4,  9, 11, 16, 18, 19, 20, 21, 22] > [ 2,  5,  6,  7,  8, 10, 12, 13, 14, 15, 17, 23]
    W1: [ 0,  1,  3,  4, 15, 17, 23, 24, 26, 27, 30, 31] < [ 2,  5,  6, 16, 18, 19, 20, 21, 22, 25, 28, 29]
    W2: [ 0,  1,  5,  6,  9, 13, 14, 16, 23, 24, 26, 29] > [ 4,  7,  8, 15, 17, 21, 22, 25, 30, 31, 32, 33]
    W3: [ 4,  6, 12, 17, 18, 21, 23, 24, 27, 33, 34] = [ 1,  2,  7,  9, 10, 13, 15, 20, 26, 29, 31]
    Truth table row=[>, <, >, =] ix=61 result=[16+] is correct

Test 17-:
    W0: [ 0,  1,  3,  4,  9, 11, 16, 18, 19, 20, 21, 22] > [ 2,  5,  6,  7,  8, 10, 12, 13, 14, 15, 17, 23]
    W1: [ 0,  1,  3,  4, 15, 17, 23, 24, 26, 27, 30, 31] < [ 2,  5,  6, 16, 18, 19, 20, 21, 22, 25, 28, 29]
    W2: [ 0,  1,  5,  6,  9, 13, 14, 16, 23, 24, 26, 29] > [ 4,  7,  8, 15, 17, 21, 22, 25, 30, 31, 32, 33]
    W3: [ 4,  6, 12, 17, 18, 21, 23, 24, 27, 33, 34] < [ 1,  2,  7,  9, 10, 13, 15, 20, 26, 29, 31]
    Truth table row=[>, <, >, <] ix=60 result=[17-] is correct

Test 17+:
    W0: [ 0,  1,  3,  4,  9, 11, 16, 18, 19, 20, 21, 22] < [ 2,  5,  6,  7,  8, 10, 12, 13, 14, 15, 17, 23]
    W1: [ 0,  1,  3,  4, 15, 17, 23, 24, 26, 27, 30, 31] > [ 2,  5,  6, 16, 18, 19, 20, 21, 22, 25, 28, 29]
    W2: [ 0,  1,  5,  6,  9, 13, 14, 16, 23, 24, 26, 29] < [ 4,  7,  8, 15, 17, 21, 22, 25, 30, 31, 32, 33]
    W3: [ 4,  6, 12, 17, 18, 21, 23, 24, 27, 33, 34] > [ 1,  2,  7,  9, 10, 13, 15, 20, 26, 29, 31]
    Truth table row=[<, >, <, >] ix=20 result=[17+] is correct

Test 18-:
    W0: [ 0,  1,  3,  4,  9, 11, 16, 18, 19, 20, 21, 22] < [ 2,  5,  6,  7,  8, 10, 12, 13, 14, 15, 17, 23]
    W1: [ 0,  1,  3,  4, 15, 17, 23, 24, 26, 27, 30, 31] > [ 2,  5,  6, 16, 18, 19, 20, 21, 22, 25, 28, 29]
    W2: [ 0,  1,  5,  6,  9, 13, 14, 16, 23, 24, 26, 29] = [ 4,  7,  8, 15, 17, 21, 22, 25, 30, 31, 32, 33]
    W3: [ 4,  6, 12, 17, 18, 21, 23, 24, 27, 33, 34] < [ 1,  2,  7,  9, 10, 13, 15, 20, 26, 29, 31]
    Truth table row=[<, >, =, <] ix=21 result=[18-] is correct

Test 18+:
    W0: [ 0,  1,  3,  4,  9, 11, 16, 18, 19, 20, 21, 22] > [ 2,  5,  6,  7,  8, 10, 12, 13, 14, 15, 17, 23]
    W1: [ 0,  1,  3,  4, 15, 17, 23, 24, 26, 27, 30, 31] < [ 2,  5,  6, 16, 18, 19, 20, 21, 22, 25, 28, 29]
    W2: [ 0,  1,  5,  6,  9, 13, 14, 16, 23, 24, 26, 29] = [ 4,  7,  8, 15, 17, 21, 22, 25, 30, 31, 32, 33]
    W3: [ 4,  6, 12, 17, 18, 21, 23, 24, 27, 33, 34] > [ 1,  2,  7,  9, 10, 13, 15, 20, 26, 29, 31]
    Truth table row=[>, <, =, >] ix=59 result=[18+] is correct

Test 19-:
    W0: [ 0,  1,  3,  4,  9, 11, 16, 18, 19, 20, 21, 22] < [ 2,  5,  6,  7,  8, 10, 12, 13, 14, 15, 17, 23]
    W1: [ 0,  1,  3,  4, 15, 17, 23, 24, 26, 27, 30, 31] > [ 2,  5,  6, 16, 18, 19, 20, 21, 22, 25, 28, 29]
    W2: [ 0,  1,  5,  6,  9, 13, 14, 16, 23, 24, 26, 29] = [ 4,  7,  8, 15, 17, 21, 22, 25, 30, 31, 32, 33]
    W3: [ 4,  6, 12, 17, 18, 21, 23, 24, 27, 33, 34] = [ 1,  2,  7,  9, 10, 13, 15, 20, 26, 29, 31]
    Truth table row=[<, >, =, =] ix=22 result=[19-] is correct

Test 19+:
    W0: [ 0,  1,  3,  4,  9, 11, 16, 18, 19, 20, 21, 22] > [ 2,  5,  6,  7,  8, 10, 12, 13, 14, 15, 17, 23]
    W1: [ 0,  1,  3,  4, 15, 17, 23, 24, 26, 27, 30, 31] < [ 2,  5,  6, 16, 18, 19, 20, 21, 22, 25, 28, 29]
    W2: [ 0,  1,  5,  6,  9, 13, 14, 16, 23, 24, 26, 29] = [ 4,  7,  8, 15, 17, 21, 22, 25, 30, 31, 32, 33]
    W3: [ 4,  6, 12, 17, 18, 21, 23, 24, 27, 33, 34] = [ 1,  2,  7,  9, 10, 13, 15, 20, 26, 29, 31]
    Truth table row=[>, <, =, =] ix=58 result=[19+] is correct

Test 20-:
    W0: [ 0,  1,  3,  4,  9, 11, 16, 18, 19, 20, 21, 22] < [ 2,  5,  6,  7,  8, 10, 12, 13, 14, 15, 17, 23]
    W1: [ 0,  1,  3,  4, 15, 17, 23, 24, 26, 27, 30, 31] > [ 2,  5,  6, 16, 18, 19, 20, 21, 22, 25, 28, 29]
    W2: [ 0,  1,  5,  6,  9, 13, 14, 16, 23, 24, 26, 29] = [ 4,  7,  8, 15, 17, 21, 22, 25, 30, 31, 32, 33]
    W3: [ 4,  6, 12, 17, 18, 21, 23, 24, 27, 33, 34] > [ 1,  2,  7,  9, 10, 13, 15, 20, 26, 29, 31]
    Truth table row=[<, >, =, >] ix=23 result=[20-] is correct

Test 20+:
    W0: [ 0,  1,  3,  4,  9, 11, 16, 18, 19, 20, 21, 22] > [ 2,  5,  6,  7,  8, 10, 12, 13, 14, 15, 17, 23]
    W1: [ 0,  1,  3,  4, 15, 17, 23, 24, 26, 27, 30, 31] < [ 2,  5,  6, 16, 18, 19, 20, 21, 22, 25, 28, 29]
    W2: [ 0,  1,  5,  6,  9, 13, 14, 16, 23, 24, 26, 29] = [ 4,  7,  8, 15, 17, 21, 22, 25, 30, 31, 32, 33]
    W3: [ 4,  6, 12, 17, 18, 21, 23, 24, 27, 33, 34] < [ 1,  2,  7,  9, 10, 13, 15, 20, 26, 29, 31]
    Truth table row=[>, <, =, <] ix=57 result=[20+] is correct

Test 21-:
    W0: [ 0,  1,  3,  4,  9, 11, 16, 18, 19, 20, 21, 22] < [ 2,  5,  6,  7,  8, 10, 12, 13, 14, 15, 17, 23]
    W1: [ 0,  1,  3,  4, 15, 17, 23, 24, 26, 27, 30, 31] > [ 2,  5,  6, 16, 18, 19, 20, 21, 22, 25, 28, 29]
    W2: [ 0,  1,  5,  6,  9, 13, 14, 16, 23, 24, 26, 29] > [ 4,  7,  8, 15, 17, 21, 22, 25, 30, 31, 32, 33]
    W3: [ 4,  6, 12, 17, 18, 21, 23, 24, 27, 33, 34] < [ 1,  2,  7,  9, 10, 13, 15, 20, 26, 29, 31]
    Truth table row=[<, >, >, <] ix=24 result=[21-] is correct

Test 21+:
    W0: [ 0,  1,  3,  4,  9, 11, 16, 18, 19, 20, 21, 22] > [ 2,  5,  6,  7,  8, 10, 12, 13, 14, 15, 17, 23]
    W1: [ 0,  1,  3,  4, 15, 17, 23, 24, 26, 27, 30, 31] < [ 2,  5,  6, 16, 18, 19, 20, 21, 22, 25, 28, 29]
    W2: [ 0,  1,  5,  6,  9, 13, 14, 16, 23, 24, 26, 29] < [ 4,  7,  8, 15, 17, 21, 22, 25, 30, 31, 32, 33]
    W3: [ 4,  6, 12, 17, 18, 21, 23, 24, 27, 33, 34] > [ 1,  2,  7,  9, 10, 13, 15, 20, 26, 29, 31]
    Truth table row=[>, <, <, >] ix=56 result=[21+] is correct

Test 22-:
    W0: [ 0,  1,  3,  4,  9, 11, 16, 18, 19, 20, 21, 22] < [ 2,  5,  6,  7,  8, 10, 12, 13, 14, 15, 17, 23]
    W1: [ 0,  1,  3,  4, 15, 17, 23, 24, 26, 27, 30, 31] > [ 2,  5,  6, 16, 18, 19, 20, 21, 22, 25, 28, 29]
    W2: [ 0,  1,  5,  6,  9, 13, 14, 16, 23, 24, 26, 29] > [ 4,  7,  8, 15, 17, 21, 22, 25, 30, 31, 32, 33]
    W3: [ 4,  6, 12, 17, 18, 21, 23, 24, 27, 33, 34] = [ 1,  2,  7,  9, 10, 13, 15, 20, 26, 29, 31]
    Truth table row=[<, >, >, =] ix=25 result=[22-] is correct

Test 22+:
    W0: [ 0,  1,  3,  4,  9, 11, 16, 18, 19, 20, 21, 22] > [ 2,  5,  6,  7,  8, 10, 12, 13, 14, 15, 17, 23]
    W1: [ 0,  1,  3,  4, 15, 17, 23, 24, 26, 27, 30, 31] < [ 2,  5,  6, 16, 18, 19, 20, 21, 22, 25, 28, 29]
    W2: [ 0,  1,  5,  6,  9, 13, 14, 16, 23, 24, 26, 29] < [ 4,  7,  8, 15, 17, 21, 22, 25, 30, 31, 32, 33]
    W3: [ 4,  6, 12, 17, 18, 21, 23, 24, 27, 33, 34] = [ 1,  2,  7,  9, 10, 13, 15, 20, 26, 29, 31]
    Truth table row=[>, <, <, =] ix=55 result=[22+] is correct

Test 23-:
    W0: [ 0,  1,  3,  4,  9, 11, 16, 18, 19, 20, 21, 22] > [ 2,  5,  6,  7,  8, 10, 12, 13, 14, 15, 17, 23]
    W1: [ 0,  1,  3,  4, 15, 17, 23, 24, 26, 27, 30, 31] < [ 2,  5,  6, 16, 18, 19, 20, 21, 22, 25, 28, 29]
    W2: [ 0,  1,  5,  6,  9, 13, 14, 16, 23, 24, 26, 29] < [ 4,  7,  8, 15, 17, 21, 22, 25, 30, 31, 32, 33]
    W3: [ 4,  6, 12, 17, 18, 21, 23, 24, 27, 33, 34] < [ 1,  2,  7,  9, 10, 13, 15, 20, 26, 29, 31]
    Truth table row=[>, <, <, <] ix=54 result=[23-] is correct

Test 23+:
    W0: [ 0,  1,  3,  4,  9, 11, 16, 18, 19, 20, 21, 22] < [ 2,  5,  6,  7,  8, 10, 12, 13, 14, 15, 17, 23]
    W1: [ 0,  1,  3,  4, 15, 17, 23, 24, 26, 27, 30, 31] > [ 2,  5,  6, 16, 18, 19, 20, 21, 22, 25, 28, 29]
    W2: [ 0,  1,  5,  6,  9, 13, 14, 16, 23, 24, 26, 29] > [ 4,  7,  8, 15, 17, 21, 22, 25, 30, 31, 32, 33]
    W3: [ 4,  6, 12, 17, 18, 21, 23, 24, 27, 33, 34] > [ 1,  2,  7,  9, 10, 13, 15, 20, 26, 29, 31]
    Truth table row=[<, >, >, >] ix=26 result=[23+] is correct

Test 24-:
    W0: [ 0,  1,  3,  4,  9, 11, 16, 18, 19, 20, 21, 22] = [ 2,  5,  6,  7,  8, 10, 12, 13, 14, 15, 17, 23]
    W1: [ 0,  1,  3,  4, 15, 17, 23, 24, 26, 27, 30, 31] < [ 2,  5,  6, 16, 18, 19, 20, 21, 22, 25, 28, 29]
    W2: [ 0,  1,  5,  6,  9, 13, 14, 16, 23, 24, 26, 29] < [ 4,  7,  8, 15, 17, 21, 22, 25, 30, 31, 32, 33]
    W3: [ 4,  6, 12, 17, 18, 21, 23, 24, 27, 33, 34] < [ 1,  2,  7,  9, 10, 13, 15, 20, 26, 29, 31]
    Truth table row=[=, <, <, <] ix=27 result=[24-] is correct

Test 24+:
    W0: [ 0,  1,  3,  4,  9, 11, 16, 18, 19, 20, 21, 22] = [ 2,  5,  6,  7,  8, 10, 12, 13, 14, 15, 17, 23]
    W1: [ 0,  1,  3,  4, 15, 17, 23, 24, 26, 27, 30, 31] > [ 2,  5,  6, 16, 18, 19, 20, 21, 22, 25, 28, 29]
    W2: [ 0,  1,  5,  6,  9, 13, 14, 16, 23, 24, 26, 29] > [ 4,  7,  8, 15, 17, 21, 22, 25, 30, 31, 32, 33]
    W3: [ 4,  6, 12, 17, 18, 21, 23, 24, 27, 33, 34] > [ 1,  2,  7,  9, 10, 13, 15, 20, 26, 29, 31]
    Truth table row=[=, >, >, >] ix=53 result=[24+] is correct

Test 25-:
    W0: [ 0,  1,  3,  4,  9, 11, 16, 18, 19, 20, 21, 22] = [ 2,  5,  6,  7,  8, 10, 12, 13, 14, 15, 17, 23]
    W1: [ 0,  1,  3,  4, 15, 17, 23, 24, 26, 27, 30, 31] > [ 2,  5,  6, 16, 18, 19, 20, 21, 22, 25, 28, 29]
    W2: [ 0,  1,  5,  6,  9, 13, 14, 16, 23, 24, 26, 29] > [ 4,  7,  8, 15, 17, 21, 22, 25, 30, 31, 32, 33]
    W3: [ 4,  6, 12, 17, 18, 21, 23, 24, 27, 33, 34] = [ 1,  2,  7,  9, 10, 13, 15, 20, 26, 29, 31]
    Truth table row=[=, >, >, =] ix=52 result=[25-] is correct

Test 25+:
    W0: [ 0,  1,  3,  4,  9, 11, 16, 18, 19, 20, 21, 22] = [ 2,  5,  6,  7,  8, 10, 12, 13, 14, 15, 17, 23]
    W1: [ 0,  1,  3,  4, 15, 17, 23, 24, 26, 27, 30, 31] < [ 2,  5,  6, 16, 18, 19, 20, 21, 22, 25, 28, 29]
    W2: [ 0,  1,  5,  6,  9, 13, 14, 16, 23, 24, 26, 29] < [ 4,  7,  8, 15, 17, 21, 22, 25, 30, 31, 32, 33]
    W3: [ 4,  6, 12, 17, 18, 21, 23, 24, 27, 33, 34] = [ 1,  2,  7,  9, 10, 13, 15, 20, 26, 29, 31]
    Truth table row=[=, <, <, =] ix=28 result=[25+] is correct

Test 26-:
    W0: [ 0,  1,  3,  4,  9, 11, 16, 18, 19, 20, 21, 22] = [ 2,  5,  6,  7,  8, 10, 12, 13, 14, 15, 17, 23]
    W1: [ 0,  1,  3,  4, 15, 17, 23, 24, 26, 27, 30, 31] < [ 2,  5,  6, 16, 18, 19, 20, 21, 22, 25, 28, 29]
    W2: [ 0,  1,  5,  6,  9, 13, 14, 16, 23, 24, 26, 29] < [ 4,  7,  8, 15, 17, 21, 22, 25, 30, 31, 32, 33]
    W3: [ 4,  6, 12, 17, 18, 21, 23, 24, 27, 33, 34] > [ 1,  2,  7,  9, 10, 13, 15, 20, 26, 29, 31]
    Truth table row=[=, <, <, >] ix=29 result=[26-] is correct

Test 26+:
    W0: [ 0,  1,  3,  4,  9, 11, 16, 18, 19, 20, 21, 22] = [ 2,  5,  6,  7,  8, 10, 12, 13, 14, 15, 17, 23]
    W1: [ 0,  1,  3,  4, 15, 17, 23, 24, 26, 27, 30, 31] > [ 2,  5,  6, 16, 18, 19, 20, 21, 22, 25, 28, 29]
    W2: [ 0,  1,  5,  6,  9, 13, 14, 16, 23, 24, 26, 29] > [ 4,  7,  8, 15, 17, 21, 22, 25, 30, 31, 32, 33]
    W3: [ 4,  6, 12, 17, 18, 21, 23, 24, 27, 33, 34] < [ 1,  2,  7,  9, 10, 13, 15, 20, 26, 29, 31]
    Truth table row=[=, >, >, <] ix=51 result=[26+] is correct

Test 27-:
    W0: [ 0,  1,  3,  4,  9, 11, 16, 18, 19, 20, 21, 22] = [ 2,  5,  6,  7,  8, 10, 12, 13, 14, 15, 17, 23]
    W1: [ 0,  1,  3,  4, 15, 17, 23, 24, 26, 27, 30, 31] < [ 2,  5,  6, 16, 18, 19, 20, 21, 22, 25, 28, 29]
    W2: [ 0,  1,  5,  6,  9, 13, 14, 16, 23, 24, 26, 29] = [ 4,  7,  8, 15, 17, 21, 22, 25, 30, 31, 32, 33]
    W3: [ 4,  6, 12, 17, 18, 21, 23, 24, 27, 33, 34] < [ 1,  2,  7,  9, 10, 13, 15, 20, 26, 29, 31]
    Truth table row=[=, <, =, <] ix=30 result=[27-] is correct

Test 27+:
    W0: [ 0,  1,  3,  4,  9, 11, 16, 18, 19, 20, 21, 22] = [ 2,  5,  6,  7,  8, 10, 12, 13, 14, 15, 17, 23]
    W1: [ 0,  1,  3,  4, 15, 17, 23, 24, 26, 27, 30, 31] > [ 2,  5,  6, 16, 18, 19, 20, 21, 22, 25, 28, 29]
    W2: [ 0,  1,  5,  6,  9, 13, 14, 16, 23, 24, 26, 29] = [ 4,  7,  8, 15, 17, 21, 22, 25, 30, 31, 32, 33]
    W3: [ 4,  6, 12, 17, 18, 21, 23, 24, 27, 33, 34] > [ 1,  2,  7,  9, 10, 13, 15, 20, 26, 29, 31]
    Truth table row=[=, >, =, >] ix=50 result=[27+] is correct

Test 28-:
    W0: [ 0,  1,  3,  4,  9, 11, 16, 18, 19, 20, 21, 22] = [ 2,  5,  6,  7,  8, 10, 12, 13, 14, 15, 17, 23]
    W1: [ 0,  1,  3,  4, 15, 17, 23, 24, 26, 27, 30, 31] > [ 2,  5,  6, 16, 18, 19, 20, 21, 22, 25, 28, 29]
    W2: [ 0,  1,  5,  6,  9, 13, 14, 16, 23, 24, 26, 29] = [ 4,  7,  8, 15, 17, 21, 22, 25, 30, 31, 32, 33]
    W3: [ 4,  6, 12, 17, 18, 21, 23, 24, 27, 33, 34] = [ 1,  2,  7,  9, 10, 13, 15, 20, 26, 29, 31]
    Truth table row=[=, >, =, =] ix=49 result=[28-] is correct

Test 28+:
    W0: [ 0,  1,  3,  4,  9, 11, 16, 18, 19, 20, 21, 22] = [ 2,  5,  6,  7,  8, 10, 12, 13, 14, 15, 17, 23]
    W1: [ 0,  1,  3,  4, 15, 17, 23, 24, 26, 27, 30, 31] < [ 2,  5,  6, 16, 18, 19, 20, 21, 22, 25, 28, 29]
    W2: [ 0,  1,  5,  6,  9, 13, 14, 16, 23, 24, 26, 29] = [ 4,  7,  8, 15, 17, 21, 22, 25, 30, 31, 32, 33]
    W3: [ 4,  6, 12, 17, 18, 21, 23, 24, 27, 33, 34] = [ 1,  2,  7,  9, 10, 13, 15, 20, 26, 29, 31]
    Truth table row=[=, <, =, =] ix=31 result=[28+] is correct

Test 29-:
    W0: [ 0,  1,  3,  4,  9, 11, 16, 18, 19, 20, 21, 22] = [ 2,  5,  6,  7,  8, 10, 12, 13, 14, 15, 17, 23]
    W1: [ 0,  1,  3,  4, 15, 17, 23, 24, 26, 27, 30, 31] > [ 2,  5,  6, 16, 18, 19, 20, 21, 22, 25, 28, 29]
    W2: [ 0,  1,  5,  6,  9, 13, 14, 16, 23, 24, 26, 29] < [ 4,  7,  8, 15, 17, 21, 22, 25, 30, 31, 32, 33]
    W3: [ 4,  6, 12, 17, 18, 21, 23, 24, 27, 33, 34] > [ 1,  2,  7,  9, 10, 13, 15, 20, 26, 29, 31]
    Truth table row=[=, >, <, >] ix=47 result=[29-] is correct

Test 29+:
    W0: [ 0,  1,  3,  4,  9, 11, 16, 18, 19, 20, 21, 22] = [ 2,  5,  6,  7,  8, 10, 12, 13, 14, 15, 17, 23]
    W1: [ 0,  1,  3,  4, 15, 17, 23, 24, 26, 27, 30, 31] < [ 2,  5,  6, 16, 18, 19, 20, 21, 22, 25, 28, 29]
    W2: [ 0,  1,  5,  6,  9, 13, 14, 16, 23, 24, 26, 29] > [ 4,  7,  8, 15, 17, 21, 22, 25, 30, 31, 32, 33]
    W3: [ 4,  6, 12, 17, 18, 21, 23, 24, 27, 33, 34] < [ 1,  2,  7,  9, 10, 13, 15, 20, 26, 29, 31]
    Truth table row=[=, <, >, <] ix=33 result=[29+] is correct

Test 30-:
    W0: [ 0,  1,  3,  4,  9, 11, 16, 18, 19, 20, 21, 22] = [ 2,  5,  6,  7,  8, 10, 12, 13, 14, 15, 17, 23]
    W1: [ 0,  1,  3,  4, 15, 17, 23, 24, 26, 27, 30, 31] < [ 2,  5,  6, 16, 18, 19, 20, 21, 22, 25, 28, 29]
    W2: [ 0,  1,  5,  6,  9, 13, 14, 16, 23, 24, 26, 29] > [ 4,  7,  8, 15, 17, 21, 22, 25, 30, 31, 32, 33]
    W3: [ 4,  6, 12, 17, 18, 21, 23, 24, 27, 33, 34] = [ 1,  2,  7,  9, 10, 13, 15, 20, 26, 29, 31]
    Truth table row=[=, <, >, =] ix=34 result=[30-] is correct

Test 30+:
    W0: [ 0,  1,  3,  4,  9, 11, 16, 18, 19, 20, 21, 22] = [ 2,  5,  6,  7,  8, 10, 12, 13, 14, 15, 17, 23]
    W1: [ 0,  1,  3,  4, 15, 17, 23, 24, 26, 27, 30, 31] > [ 2,  5,  6, 16, 18, 19, 20, 21, 22, 25, 28, 29]
    W2: [ 0,  1,  5,  6,  9, 13, 14, 16, 23, 24, 26, 29] < [ 4,  7,  8, 15, 17, 21, 22, 25, 30, 31, 32, 33]
    W3: [ 4,  6, 12, 17, 18, 21, 23, 24, 27, 33, 34] = [ 1,  2,  7,  9, 10, 13, 15, 20, 26, 29, 31]
    Truth table row=[=, >, <, =] ix=46 result=[30+] is correct

Test 31-:
    W0: [ 0,  1,  3,  4,  9, 11, 16, 18, 19, 20, 21, 22] = [ 2,  5,  6,  7,  8, 10, 12, 13, 14, 15, 17, 23]
    W1: [ 0,  1,  3,  4, 15, 17, 23, 24, 26, 27, 30, 31] < [ 2,  5,  6, 16, 18, 19, 20, 21, 22, 25, 28, 29]
    W2: [ 0,  1,  5,  6,  9, 13, 14, 16, 23, 24, 26, 29] > [ 4,  7,  8, 15, 17, 21, 22, 25, 30, 31, 32, 33]
    W3: [ 4,  6, 12, 17, 18, 21, 23, 24, 27, 33, 34] > [ 1,  2,  7,  9, 10, 13, 15, 20, 26, 29, 31]
    Truth table row=[=, <, >, >] ix=35 result=[31-] is correct

Test 31+:
    W0: [ 0,  1,  3,  4,  9, 11, 16, 18, 19, 20, 21, 22] = [ 2,  5,  6,  7,  8, 10, 12, 13, 14, 15, 17, 23]
    W1: [ 0,  1,  3,  4, 15, 17, 23, 24, 26, 27, 30, 31] > [ 2,  5,  6, 16, 18, 19, 20, 21, 22, 25, 28, 29]
    W2: [ 0,  1,  5,  6,  9, 13, 14, 16, 23, 24, 26, 29] < [ 4,  7,  8, 15, 17, 21, 22, 25, 30, 31, 32, 33]
    W3: [ 4,  6, 12, 17, 18, 21, 23, 24, 27, 33, 34] < [ 1,  2,  7,  9, 10, 13, 15, 20, 26, 29, 31]
    Truth table row=[=, >, <, <] ix=45 result=[31+] is correct

Test 32-:
    W0: [ 0,  1,  3,  4,  9, 11, 16, 18, 19, 20, 21, 22] = [ 2,  5,  6,  7,  8, 10, 12, 13, 14, 15, 17, 23]
    W1: [ 0,  1,  3,  4, 15, 17, 23, 24, 26, 27, 30, 31] = [ 2,  5,  6, 16, 18, 19, 20, 21, 22, 25, 28, 29]
    W2: [ 0,  1,  5,  6,  9, 13, 14, 16, 23, 24, 26, 29] > [ 4,  7,  8, 15, 17, 21, 22, 25, 30, 31, 32, 33]
    W3: [ 4,  6, 12, 17, 18, 21, 23, 24, 27, 33, 34] = [ 1,  2,  7,  9, 10, 13, 15, 20, 26, 29, 31]
    Truth table row=[=, =, >, =] ix=43 result=[32-] is correct

Test 32+:
    W0: [ 0,  1,  3,  4,  9, 11, 16, 18, 19, 20, 21, 22] = [ 2,  5,  6,  7,  8, 10, 12, 13, 14, 15, 17, 23]
    W1: [ 0,  1,  3,  4, 15, 17, 23, 24, 26, 27, 30, 31] = [ 2,  5,  6, 16, 18, 19, 20, 21, 22, 25, 28, 29]
    W2: [ 0,  1,  5,  6,  9, 13, 14, 16, 23, 24, 26, 29] < [ 4,  7,  8, 15, 17, 21, 22, 25, 30, 31, 32, 33]
    W3: [ 4,  6, 12, 17, 18, 21, 23, 24, 27, 33, 34] = [ 1,  2,  7,  9, 10, 13, 15, 20, 26, 29, 31]
    Truth table row=[=, =, <, =] ix=37 result=[32+] is correct

Test 33-:
    W0: [ 0,  1,  3,  4,  9, 11, 16, 18, 19, 20, 21, 22] = [ 2,  5,  6,  7,  8, 10, 12, 13, 14, 15, 17, 23]
    W1: [ 0,  1,  3,  4, 15, 17, 23, 24, 26, 27, 30, 31] = [ 2,  5,  6, 16, 18, 19, 20, 21, 22, 25, 28, 29]
    W2: [ 0,  1,  5,  6,  9, 13, 14, 16, 23, 24, 26, 29] > [ 4,  7,  8, 15, 17, 21, 22, 25, 30, 31, 32, 33]
    W3: [ 4,  6, 12, 17, 18, 21, 23, 24, 27, 33, 34] < [ 1,  2,  7,  9, 10, 13, 15, 20, 26, 29, 31]
    Truth table row=[=, =, >, <] ix=42 result=[33-] is correct

Test 33+:
    W0: [ 0,  1,  3,  4,  9, 11, 16, 18, 19, 20, 21, 22] = [ 2,  5,  6,  7,  8, 10, 12, 13, 14, 15, 17, 23]
    W1: [ 0,  1,  3,  4, 15, 17, 23, 24, 26, 27, 30, 31] = [ 2,  5,  6, 16, 18, 19, 20, 21, 22, 25, 28, 29]
    W2: [ 0,  1,  5,  6,  9, 13, 14, 16, 23, 24, 26, 29] < [ 4,  7,  8, 15, 17, 21, 22, 25, 30, 31, 32, 33]
    W3: [ 4,  6, 12, 17, 18, 21, 23, 24, 27, 33, 34] > [ 1,  2,  7,  9, 10, 13, 15, 20, 26, 29, 31]
    Truth table row=[=, =, <, >] ix=38 result=[33+] is correct

Test 34-:
    W0: [ 0,  1,  3,  4,  9, 11, 16, 18, 19, 20, 21, 22] = [ 2,  5,  6,  7,  8, 10, 12, 13, 14, 15, 17, 23]
    W1: [ 0,  1,  3,  4, 15, 17, 23, 24, 26, 27, 30, 31] = [ 2,  5,  6, 16, 18, 19, 20, 21, 22, 25, 28, 29]
    W2: [ 0,  1,  5,  6,  9, 13, 14, 16, 23, 24, 26, 29] = [ 4,  7,  8, 15, 17, 21, 22, 25, 30, 31, 32, 33]
    W3: [ 4,  6, 12, 17, 18, 21, 23, 24, 27, 33, 34] < [ 1,  2,  7,  9, 10, 13, 15, 20, 26, 29, 31]
    Truth table row=[=, =, =, <] ix=39 result=[34-] is correct

Test 34+:
    W0: [ 0,  1,  3,  4,  9, 11, 16, 18, 19, 20, 21, 22] = [ 2,  5,  6,  7,  8, 10, 12, 13, 14, 15, 17, 23]
    W1: [ 0,  1,  3,  4, 15, 17, 23, 24, 26, 27, 30, 31] = [ 2,  5,  6, 16, 18, 19, 20, 21, 22, 25, 28, 29]
    W2: [ 0,  1,  5,  6,  9, 13, 14, 16, 23, 24, 26, 29] = [ 4,  7,  8, 15, 17, 21, 22, 25, 30, 31, 32, 33]
    W3: [ 4,  6, 12, 17, 18, 21, 23, 24, 27, 33, 34] > [ 1,  2,  7,  9, 10, 13, 15, 20, 26, 29, 31]
    Truth table row=[=, =, =, >] ix=41 result=[34+] is correct

Total correct results: 70
Total incorrect results: 0
