Solving for 11 balls and 4 weighings.
Using symmetry breaking strategy TruthTableAscending.

Solution:
W0: [ 0,  1,  3,  7,  8] <=> [ 2,  4,  5,  6,  9]
W1: [ 0,  1,  3,  9] <=> [ 2,  4,  8, 10]
W2: [ 2,  4,  9] <=> [ 3,  5, 10]
W3: [ 0,  4,  5, 10] <=> [ 2,  6,  8,  9]

Truth Table:
ix  W0  W1  W2  W3   Result
 0   <   <   <   <
 1   <   <   <   =
 2   <   <   <   >
 3   <   <   =   <   0-
 4   <   <   =   =   1-
 5   <   <   =   >
 6   <   <   >   <   2+
 7   <   <   >   =   3-
 8   <   <   >   >   4+
 9   <   =   <   <
10   <   =   <   =
11   <   =   <   >   5+
12   <   =   =   <   6+
13   <   =   =   =   7-
14   <   =   =   >
15   <   =   >   <
16   <   =   >   =
17   <   =   >   >
18   <   >   <   <
19   <   >   <   =
20   <   >   <   >
21   <   >   =   <
22   <   >   =   =
23   <   >   =   >   8-
24   <   >   >   <   9+
25   <   >   >   =
26   <   >   >   >
27   =   <   <   <
28   =   <   <   =
29   =   <   <   >   10+
30   =   <   =   <
31   =   <   =   =
32   =   <   =   >
33   =   <   >   <
34   =   <   >   =
35   =   <   >   >
36   =   =   <   <
37   =   =   <   =
38   =   =   <   >
39   =   =   =   <
40   =   =   =   =
41   =   =   =   >
42   =   =   >   <
43   =   =   >   =
44   =   =   >   >
45   =   >   <   <
46   =   >   <   =
47   =   >   <   >
48   =   >   =   <
49   =   >   =   =
50   =   >   =   >
51   =   >   >   <   10-
52   =   >   >   =
53   =   >   >   >
54   >   <   <   <
55   >   <   <   =
56   >   <   <   >   9-
57   >   <   =   <   8+
58   >   <   =   =
59   >   <   =   >
60   >   <   >   <
61   >   <   >   =
62   >   <   >   >
63   >   =   <   <
64   >   =   <   =
65   >   =   <   >
66   >   =   =   <
67   >   =   =   =   7+
68   >   =   =   >   6-
69   >   =   >   <   5-
70   >   =   >   =
71   >   =   >   >
72   >   >   <   <   4-
73   >   >   <   =   3+
74   >   >   <   >   2-
75   >   >   =   <
76   >   >   =   =   1+
77   >   >   =   >   0+
78   >   >   >   <
79   >   >   >   =
80   >   >   >   >

Test 0-:
    W0: [ 0,  1,  3,  7,  8] < [ 2,  4,  5,  6,  9]
    W1: [ 0,  1,  3,  9] < [ 2,  4,  8, 10]
    W2: [ 2,  4,  9] = [ 3,  5, 10]
    W3: [ 0,  4,  5, 10] < [ 2,  6,  8,  9]
    Truth table row=[<, <, =, <] ix=3 result=[0-] is correct

Test 0+:
    W0: [ 0,  1,  3,  7,  8] > [ 2,  4,  5,  6,  9]
    W1: [ 0,  1,  3,  9] > [ 2,  4,  8, 10]
    W2: [ 2,  4,  9] = [ 3,  5, 10]
    W3: [ 0,  4,  5, 10] > [ 2,  6,  8,  9]
    Truth table row=[>, >, =, >] ix=77 result=[0+] is correct

Test 1-:
    W0: [ 0,  1,  3,  7,  8] < [ 2,  4,  5,  6,  9]
    W1: [ 0,  1,  3,  9] < [ 2,  4,  8, 10]
    W2: [ 2,  4,  9] = [ 3,  5, 10]
    W3: [ 0,  4,  5, 10] = [ 2,  6,  8,  9]
    Truth table row=[<, <, =, =] ix=4 result=[1-] is correct

Test 1+:
    W0: [ 0,  1,  3,  7,  8] > [ 2,  4,  5,  6,  9]
    W1: [ 0,  1,  3,  9] > [ 2,  4,  8, 10]
    W2: [ 2,  4,  9] = [ 3,  5, 10]
    W3: [ 0,  4,  5, 10] = [ 2,  6,  8,  9]
    Truth table row=[>, >, =, =] ix=76 result=[1+] is correct

Test 2-:
    W0: [ 0,  1,  3,  7,  8] > [ 2,  4,  5,  6,  9]
    W1: [ 0,  1,  3,  9] > [ 2,  4,  8, 10]
    W2: [ 2,  4,  9] < [ 3,  5, 10]
    W3: [ 0,  4,  5, 10] > [ 2,  6,  8,  9]
    Truth table row=[>, >, <, >] ix=74 result=[2-] is correct

Test 2+:
    W0: [ 0,  1,  3,  7,  8] < [ 2,  4,  5,  6,  9]
    W1: [ 0,  1,  3,  9] < [ 2,  4,  8, 10]
    W2: [ 2,  4,  9] > [ 3,  5, 10]
    W3: [ 0,  4,  5, 10] < [ 2,  6,  8,  9]
    Truth table row=[<, <, >, <] ix=6 result=[2+] is correct

Test 3-:
    W0: [ 0,  1,  3,  7,  8] < [ 2,  4,  5,  6,  9]
    W1: [ 0,  1,  3,  9] < [ 2,  4,  8, 10]
    W2: [ 2,  4,  9] > [ 3,  5, 10]
    W3: [ 0,  4,  5, 10] = [ 2,  6,  8,  9]
    Truth table row=[<, <, >, =] ix=7 result=[3-] is correct

Test 3+:
    W0: [ 0,  1,  3,  7,  8] > [ 2,  4,  5,  6,  9]
    W1: [ 0,  1,  3,  9] > [ 2,  4,  8, 10]
    W2: [ 2,  4,  9] < [ 3,  5, 10]
    W3: [ 0,  4,  5, 10] = [ 2,  6,  8,  9]
    Truth table row=[>, >, <, =] ix=73 result=[3+] is correct

Test 4-:
    W0: [ 0,  1,  3,  7,  8] > [ 2,  4,  5,  6,  9]
    W1: [ 0,  1,  3,  9] > [ 2,  4,  8, 10]
    W2: [ 2,  4,  9] < [ 3,  5, 10]
    W3: [ 0,  4,  5, 10] < [ 2,  6,  8,  9]
    Truth table row=[>, >, <, <] ix=72 result=[4-] is correct

Test 4+:
    W0: [ 0,  1,  3,  7,  8] < [ 2,  4,  5,  6,  9]
    W1: [ 0,  1,  3,  9] < [ 2,  4,  8, 10]
    W2: [ 2,  4,  9] > [ 3,  5, 10]
    W3: [ 0,  4,  5, 10] > [ 2,  6,  8,  9]
    Truth table row=[<, <, >, >] ix=8 result=[4+] is correct

Test 5-:
    W0: [ 0,  1,  3,  7,  8] > [ 2,  4,  5,  6,  9]
    W1: [ 0,  1,  3,  9] = [ 2,  4,  8, 10]
    W2: [ 2,  4,  9] > [ 3,  5, 10]
    W3: [ 0,  4,  5, 10] < [ 2,  6,  8,  9]
    Truth table row=[>, =, >, <] ix=69 result=[5-] is correct

Test 5+:
    W0: [ 0,  1,  3,  7,  8] < [ 2,  4,  5,  6,  9]
    W1: [ 0,  1,  3,  9] = [ 2,  4,  8, 10]
    W2: [ 2,  4,  9] < [ 3,  5, 10]
    W3: [ 0,  4,  5, 10] > [ 2,  6,  8,  9]
    Truth table row=[<, =, <, >] ix=11 result=[5+] is correct

Test 6-:
    W0: [ 0,  1,  3,  7,  8] > [ 2,  4,  5,  6,  9]
    W1: [ 0,  1,  3,  9] = [ 2,  4,  8, 10]
    W2: [ 2,  4,  9] = [ 3,  5, 10]
    W3: [ 0,  4,  5, 10] > [ 2,  6,  8,  9]
    Truth table row=[>, =, =, >] ix=68 result=[6-] is correct

Test 6+:
    W0: [ 0,  1,  3,  7,  8] < [ 2,  4,  5,  6,  9]
    W1: [ 0,  1,  3,  9] = [ 2,  4,  8, 10]
    W2: [ 2,  4,  9] = [ 3,  5, 10]
    W3: [ 0,  4,  5, 10] < [ 2,  6,  8,  9]
    Truth table row=[<, =, =, <] ix=12 result=[6+] is correct

Test 7-:
    W0: [ 0,  1,  3,  7,  8] < [ 2,  4,  5,  6,  9]
    W1: [ 0,  1,  3,  9] = [ 2,  4,  8, 10]
    W2: [ 2,  4,  9] = [ 3,  5, 10]
    W3: [ 0,  4,  5, 10] = [ 2,  6,  8,  9]
    Truth table row=[<, =, =, =] ix=13 result=[7-] is correct

Test 7+:
    W0: [ 0,  1,  3,  7,  8] > [ 2,  4,  5,  6,  9]
    W1: [ 0,  1,  3,  9] = [ 2,  4,  8, 10]
    W2: [ 2,  4,  9] = [ 3,  5, 10]
    W3: [ 0,  4,  5, 10] = [ 2,  6,  8,  9]
    Truth table row=[>, =, =, =] ix=67 result=[7+] is correct

Test 8-:
    W0: [ 0,  1,  3,  7,  8] < [ 2,  4,  5,  6,  9]
    W1: [ 0,  1,  3,  9] > [ 2,  4,  8, 10]
    W2: [ 2,  4,  9] = [ 3,  5, 10]
    W3: [ 0,  4,  5, 10] > [ 2,  6,  8,  9]
    Truth table row=[<, >, =, >] ix=23 result=[8-] is correct

Test 8+:
    W0: [ 0,  1,  3,  7,  8] > [ 2,  4,  5,  6,  9]
    W1: [ 0,  1,  3,  9] < [ 2,  4,  8, 10]
    W2: [ 2,  4,  9] = [ 3,  5, 10]
    W3: [ 0,  4,  5, 10] < [ 2,  6,  8,  9]
    Truth table row=[>, <, =, <] ix=57 result=[8+] is correct

Test 9-:
    W0: [ 0,  1,  3,  7,  8] > [ 2,  4,  5,  6,  9]
    W1: [ 0,  1,  3,  9] < [ 2,  4,  8, 10]
    W2: [ 2,  4,  9] < [ 3,  5, 10]
    W3: [ 0,  4,  5, 10] > [ 2,  6,  8,  9]
    Truth table row=[>, <, <, >] ix=56 result=[9-] is correct

Test 9+:
    W0: [ 0,  1,  3,  7,  8] < [ 2,  4,  5,  6,  9]
    W1: [ 0,  1,  3,  9] > [ 2,  4,  8, 10]
    W2: [ 2,  4,  9] > [ 3,  5, 10]
    W3: [ 0,  4,  5, 10] < [ 2,  6,  8,  9]
    Truth table row=[<, >, >, <] ix=24 result=[9+] is correct

Test 10-:
    W0: [ 0,  1,  3,  7,  8] = [ 2,  4,  5,  6,  9]
    W1: [ 0,  1,  3,  9] > [ 2,  4,  8, 10]
    W2: [ 2,  4,  9] > [ 3,  5, 10]
    W3: [ 0,  4,  5, 10] < [ 2,  6,  8,  9]
    Truth table row=[=, >, >, <] ix=51 result=[10-] is correct

Test 10+:
    W0: [ 0,  1,  3,  7,  8] = [ 2,  4,  5,  6,  9]
    W1: [ 0,  1,  3,  9] < [ 2,  4,  8, 10]
    W2: [ 2,  4,  9] < [ 3,  5, 10]
    W3: [ 0,  4,  5, 10] > [ 2,  6,  8,  9]
    Truth table row=[=, <, <, >] ix=29 result=[10+] is correct

Total correct results: 22
Total incorrect results: 0
