Solving for 37 balls and 4 weighings.
Using symmetry breaking strategy TruthTableAscending.

Solution:
W0: [ 0,  3,  6,  7,  9, 10, 11, 13, 16, 19, 20, 21, 23] <=> [ 1,  2,  4,  5,  8, 12, 14, 15, 17, 18, 22, 24, 25]
W1: [ 0,  3,  6,  7, 17, 18, 22, 24, 25, 26, 30, 31, 33] <=> [ 1,  2,  4,  5, 19, 20, 21, 23, 27, 28, 29, 32, 34]
W2: [ 0,  9, 10, 14, 15, 19, 24, 25, 26, 32, 34, 35] <=> [ 1,  2,  6,  7,  8, 16, 17, 18, 23, 27, 28, 33]
W3: [ 0,  2,  3,  5,  6, 11, 20, 22, 23, 25, 26, 28, 34] <=> [ 7,  8, 10, 13, 14, 16, 17, 19, 29, 31, 32, 35, 36]

Truth Table:
ix  W0  W1  W2  W3   Result
 0   <   <   <   <   0-
 1   <   <   <   =   1+
 2   <   <   <   >   2+
 3   <   <   =   <   3-
 4   <   <   =   =   4+
 5   <   <   =   >   5+
 6   <   <   >   <   6-
 7   <   <   >   =
 8   <   <   >   >   7-
 9   <   =   <   <   8+
10   <   =   <   =   9-
11   <   =   <   >   10-
12   <   =   =   <   11-
13   <   =   =   =   12+
14   <   =   =   >   13-
15   <   =   >   <   14+
16   <   =   >   =   15+
17   <   =   >   >   16-
18   <   >   <   <   17+
19   <   >   <   =   18+
20   <   >   <   >   19-
21   <   >   =   <   20-
22   <   >   =   =   21-
23   <   >   =   >   22+
24   <   >   >   <   23-
25   <   >   >   =   24+
26   <   >   >   >   25+
27   =   <   <   <   26-
28   =   <   <   =   27+
29   =   <   <   >   28+
30   =   <   =   <   29+
31   =   <   =   =   30-
32   =   <   =   >   31-
33   =   <   >   <   32+
34   =   <   >   =   33-
35   =   <   >   >   34+
36   =   =   <   <
37   =   =   <   =
38   =   =   <   >   35-
39   =   =   =   <   36+
40   =   =   =   =
41   =   =   =   >   36-
42   =   =   >   <   35+
43   =   =   >   =
44   =   =   >   >
45   =   >   <   <   34-
46   =   >   <   =   33+
47   =   >   <   >   32-
48   =   >   =   <   31+
49   =   >   =   =   30+
50   =   >   =   >   29-
51   =   >   >   <   28-
52   =   >   >   =   27-
53   =   >   >   >   26+
54   >   <   <   <   25-
55   >   <   <   =   24-
56   >   <   <   >   23+
57   >   <   =   <   22-
58   >   <   =   =   21+
59   >   <   =   >   20+
60   >   <   >   <   19+
61   >   <   >   =   18-
62   >   <   >   >   17-
63   >   =   <   <   16+
64   >   =   <   =   15-
65   >   =   <   >   14-
66   >   =   =   <   13+
67   >   =   =   =   12-
68   >   =   =   >   11+
69   >   =   >   <   10+
70   >   =   >   =   9+
71   >   =   >   >   8-
72   >   >   <   <   7+
73   >   >   <   =
74   >   >   <   >   6+
75   >   >   =   <   5-
76   >   >   =   =   4-
77   >   >   =   >   3+
78   >   >   >   <   2-
79   >   >   >   =   1-
80   >   >   >   >   0+

Test 0-:
    W0: [ 0,  3,  6,  7,  9, 10, 11, 13, 16, 19, 20, 21, 23] < [ 1,  2,  4,  5,  8, 12, 14, 15, 17, 18, 22, 24, 25]
    W1: [ 0,  3,  6,  7, 17, 18, 22, 24, 25, 26, 30, 31, 33] < [ 1,  2,  4,  5, 19, 20, 21, 23, 27, 28, 29, 32, 34]
    W2: [ 0,  9, 10, 14, 15, 19, 24, 25, 26, 32, 34, 35] < [ 1,  2,  6,  7,  8, 16, 17, 18, 23, 27, 28, 33]
    W3: [ 0,  2,  3,  5,  6, 11, 20, 22, 23, 25, 26, 28, 34] < [ 7,  8, 10, 13, 14, 16, 17, 19, 29, 31, 32, 35, 36]
    Truth table row=[<, <, <, <] ix=0 result=[0-] is correct

Test 0+:
    W0: [ 0,  3,  6,  7,  9, 10, 11, 13, 16, 19, 20, 21, 23] > [ 1,  2,  4,  5,  8, 12, 14, 15, 17, 18, 22, 24, 25]
    W1: [ 0,  3,  6,  7, 17, 18, 22, 24, 25, 26, 30, 31, 33] > [ 1,  2,  4,  5, 19, 20, 21, 23, 27, 28, 29, 32, 34]
    W2: [ 0,  9, 10, 14, 15, 19, 24, 25, 26, 32, 34, 35] > [ 1,  2,  6,  7,  8, 16, 17, 18, 23, 27, 28, 33]
    W3: [ 0,  2,  3,  5,  6, 11, 20, 22, 23, 25, 26, 28, 34] > [ 7,  8, 10, 13, 14, 16, 17, 19, 29, 31, 32, 35, 36]
    Truth table row=[>, >, >, >] ix=80 result=[0+] is correct

Test 1-:
    W0: [ 0,  3,  6,  7,  9, 10, 11, 13, 16, 19, 20, 21, 23] > [ 1,  2,  4,  5,  8, 12, 14, 15, 17, 18, 22, 24, 25]
    W1: [ 0,  3,  6,  7, 17, 18, 22, 24, 25, 26, 30, 31, 33] > [ 1,  2,  4,  5, 19, 20, 21, 23, 27, 28, 29, 32, 34]
    W2: [ 0,  9, 10, 14, 15, 19, 24, 25, 26, 32, 34, 35] > [ 1,  2,  6,  7,  8, 16, 17, 18, 23, 27, 28, 33]
    W3: [ 0,  2,  3,  5,  6, 11, 20, 22, 23, 25, 26, 28, 34] = [ 7,  8, 10, 13, 14, 16, 17, 19, 29, 31, 32, 35, 36]
    Truth table row=[>, >, >, =] ix=79 result=[1-] is correct

Test 1+:
    W0: [ 0,  3,  6,  7,  9, 10, 11, 13, 16, 19, 20, 21, 23] < [ 1,  2,  4,  5,  8, 12, 14, 15, 17, 18, 22, 24, 25]
    W1: [ 0,  3,  6,  7, 17, 18, 22, 24, 25, 26, 30, 31, 33] < [ 1,  2,  4,  5, 19, 20, 21, 23, 27, 28, 29, 32, 34]
    W2: [ 0,  9, 10, 14, 15, 19, 24, 25, 26, 32, 34, 35] < [ 1,  2,  6,  7,  8, 16, 17, 18, 23, 27, 28, 33]
    W3: [ 0,  2,  3,  5,  6, 11, 20, 22, 23, 25, 26, 28, 34] = [ 7,  8, 10, 13, 14, 16, 17, 19, 29, 31, 32, 35, 36]
    Truth table row=[<, <, <, =] ix=1 result=[1+] is correct

Test 2-:
    W0: [ 0,  3,  6,  7,  9, 10, 11, 13, 16, 19, 20, 21, 23] > [ 1,  2,  4,  5,  8, 12, 14, 15, 17, 18, 22, 24, 25]
    W1: [ 0,  3,  6,  7, 17, 18, 22, 24, 25, 26, 30, 31, 33] > [ 1,  2,  4,  5, 19, 20, 21, 23, 27, 28, 29, 32, 34]
    W2: [ 0,  9, 10, 14, 15, 19, 24, 25, 26, 32, 34, 35] > [ 1,  2,  6,  7,  8, 16, 17, 18, 23, 27, 28, 33]
    W3: [ 0,  2,  3,  5,  6, 11, 20, 22, 23, 25, 26, 28, 34] < [ 7,  8, 10, 13, 14, 16, 17, 19, 29, 31, 32, 35, 36]
    Truth table row=[>, >, >, <] ix=78 result=[2-] is correct

Test 2+:
    W0: [ 0,  3,  6,  7,  9, 10, 11, 13, 16, 19, 20, 21, 23] < [ 1,  2,  4,  5,  8, 12, 14, 15, 17, 18, 22, 24, 25]
    W1: [ 0,  3,  6,  7, 17, 18, 22, 24, 25, 26, 30, 31, 33] < [ 1,  2,  4,  5, 19, 20, 21, 23, 27, 28, 29, 32, 34]
    W2: [ 0,  9, 10, 14, 15, 19, 24, 25, 26, 32, 34, 35] < [ 1,  2,  6,  7,  8, 16, 17, 18, 23, 27, 28, 33]
    W3: [ 0,  2,  3,  5,  6, 11, 20, 22, 23, 25, 26, 28, 34] > [ 7,  8, 10, 13, 14, 16, 17, 19, 29, 31, 32, 35, 36]
    Truth table row=[<, <, <, >] ix=2 result=[2+] is correct

Test 3-:
    W0: [ 0,  3,  6,  7,  9, 10, 11, 13, 16, 19, 20, 21, 23] < [ 1,  2,  4,  5,  8, 12, 14, 15, 17, 18, 22, 24, 25]
    W1: [ 0,  3,  6,  7, 17, 18, 22, 24, 25, 26, 30, 31, 33] < [ 1,  2,  4,  5, 19, 20, 21, 23, 27, 28, 29, 32, 34]
    W2: [ 0,  9, 10, 14, 15, 19, 24, 25, 26, 32, 34, 35] = [ 1,  2,  6,  7,  8, 16, 17, 18, 23, 27, 28, 33]
    W3: [ 0,  2,  3,  5,  6, 11, 20, 22, 23, 25, 26, 28, 34] < [ 7,  8, 10, 13, 14, 16, 17, 19, 29, 31, 32, 35, 36]
    Truth table row=[<, <, =, <] ix=3 result=[3-] is correct

Test 3+:
    W0: [ 0,  3,  6,  7,  9, 10, 11, 13, 16, 19, 20, 21, 23] > [ 1,  2,  4,  5,  8, 12, 14, 15, 17, 18, 22, 24, 25]
    W1: [ 0,  3,  6,  7, 17, 18, 22, 24, 25, 26, 30, 31, 33] > [ 1,  2,  4,  5, 19, 20, 21, 23, 27, 28, 29, 32, 34]
    W2: [ 0,  9, 10, 14, 15, 19, 24, 25, 26, 32, 34, 35] = [ 1,  2,  6,  7,  8, 16, 17, 18, 23, 27, 28, 33]
    W3: [ 0,  2,  3,  5,  6, 11, 20, 22, 23, 25, 26, 28, 34] > [ 7,  8, 10, 13, 14, 16, 17, 19, 29, 31, 32, 35, 36]
    Truth table row=[>, >, =, >] ix=77 result=[3+] is correct

Test 4-:
    W0: [ 0,  3,  6,  7,  9, 10, 11, 13, 16, 19, 20, 21, 23] > [ 1,  2,  4,  5,  8, 12, 14, 15, 17, 18, 22, 24, 25]
    W1: [ 0,  3,  6,  7, 17, 18, 22, 24, 25, 26, 30, 31, 33] > [ 1,  2,  4,  5, 19, 20, 21, 23, 27, 28, 29, 32, 34]
    W2: [ 0,  9, 10, 14, 15, 19, 24, 25, 26, 32, 34, 35] = [ 1,  2,  6,  7,  8, 16, 17, 18, 23, 27, 28, 33]
    W3: [ 0,  2,  3,  5,  6, 11, 20, 22, 23, 25, 26, 28, 34] = [ 7,  8, 10, 13, 14, 16, 17, 19, 29, 31, 32, 35, 36]
    Truth table row=[>, >, =, =] ix=76 result=[4-] is correct

Test 4+:
    W0: [ 0,  3,  6,  7,  9, 10, 11, 13, 16, 19, 20, 21, 23] < [ 1,  2,  4,  5,  8, 12, 14, 15, 17, 18, 22, 24, 25]
    W1: [ 0,  3,  6,  7, 17, 18, 22, 24, 25, 26, 30, 31, 33] < [ 1,  2,  4,  5, 19, 20, 21, 23, 27, 28, 29, 32, 34]
    W2: [ 0,  9, 10, 14, 15, 19, 24, 25, 26, 32, 34, 35] = [ 1,  2,  6,  7,  8, 16, 17, 18, 23, 27, 28, 33]
    W3: [ 0,  2,  3,  5,  6, 11, 20, 22, 23, 25, 26, 28, 34] = [ 7,  8, 10, 13, 14, 16, 17, 19, 29, 31, 32, 35, 36]
    Truth table row=[<, <, =, =] ix=4 result=[4+] is correct

Test 5-:
    W0: [ 0,  3,  6,  7,  9, 10, 11, 13, 16, 19, 20, 21, 23] > [ 1,  2,  4,  5,  8, 12, 14, 15, 17, 18, 22, 24, 25]
    W1: [ 0,  3,  6,  7, 17, 18, 22, 24, 25, 26, 30, 31, 33] > [ 1,  2,  4,  5, 19, 20, 21, 23, 27, 28, 29, 32, 34]
    W2: [ 0,  9, 10, 14, 15, 19, 24, 25, 26, 32, 34, 35] = [ 1,  2,  6,  7,  8, 16, 17, 18, 23, 27, 28, 33]
    W3: [ 0,  2,  3,  5,  6, 11, 20, 22, 23, 25, 26, 28, 34] < [ 7,  8, 10, 13, 14, 16, 17, 19, 29, 31, 32, 35, 36]
    Truth table row=[>, >, =, <] ix=75 result=[5-] is correct

Test 5+:
    W0: [ 0,  3,  6,  7,  9, 10, 11, 13, 16, 19, 20, 21, 23] < [ 1,  2,  4,  5,  8, 12, 14, 15, 17, 18, 22, 24, 25]
    W1: [ 0,  3,  6,  7, 17, 18, 22, 24, 25, 26, 30, 31, 33] < [ 1,  2,  4,  5, 19, 20, 21, 23, 27, 28, 29, 32, 34]
    W2: [ 0,  9, 10, 14, 15, 19, 24, 25, 26, 32, 34, 35] = [ 1,  2,  6,  7,  8, 16, 17, 18, 23, 27, 28, 33]
    W3: [ 0,  2,  3,  5,  6, 11, 20, 22, 23, 25, 26, 28, 34] > [ 7,  8, 10, 13, 14, 16, 17, 19, 29, 31, 32, 35, 36]
    Truth table row=[<, <, =, >] ix=5 result=[5+] is correct

Test 6-:
    W0: [ 0,  3,  6,  7,  9, 10, 11, 13, 16, 19, 20, 21, 23] < [ 1,  2,  4,  5,  8, 12, 14, 15, 17, 18, 22, 24, 25]
    W1: [ 0,  3,  6,  7, 17, 18, 22, 24, 25, 26, 30, 31, 33] < [ 1,  2,  4,  5, 19, 20, 21, 23, 27, 28, 29, 32, 34]
    W2: [ 0,  9, 10, 14, 15, 19, 24, 25, 26, 32, 34, 35] > [ 1,  2,  6,  7,  8, 16, 17, 18, 23, 27, 28, 33]
    W3: [ 0,  2,  3,  5,  6, 11, 20, 22, 23, 25, 26, 28, 34] < [ 7,  8, 10, 13, 14, 16, 17, 19, 29, 31, 32, 35, 36]
    Truth table row=[<, <, >, <] ix=6 result=[6-] is correct

Test 6+:
    W0: [ 0,  3,  6,  7,  9, 10, 11, 13, 16, 19, 20, 21, 23] > [ 1,  2,  4,  5,  8, 12, 14, 15, 17, 18, 22, 24, 25]
    W1: [ 0,  3,  6,  7, 17, 18, 22, 24, 25, 26, 30, 31, 33] > [ 1,  2,  4,  5, 19, 20, 21, 23, 27, 28, 29, 32, 34]
    W2: [ 0,  9, 10, 14, 15, 19, 24, 25, 26, 32, 34, 35] < [ 1,  2,  6,  7,  8, 16, 17, 18, 23, 27, 28, 33]
    W3: [ 0,  2,  3,  5,  6, 11, 20, 22, 23, 25, 26, 28, 34] > [ 7,  8, 10, 13, 14, 16, 17, 19, 29, 31, 32, 35, 36]
    Truth table row=[>, >, <, >] ix=74 result=[6+] is correct

Test 7-:
    W0: [ 0,  3,  6,  7,  9, 10, 11, 13, 16, 19, 20, 21, 23] < [ 1,  2,  4,  5,  8, 12, 14, 15, 17, 18, 22, 24, 25]
    W1: [ 0,  3,  6,  7, 17, 18, 22, 24, 25, 26, 30, 31, 33] < [ 1,  2,  4,  5, 19, 20, 21, 23, 27, 28, 29, 32, 34]
    W2: [ 0,  9, 10, 14, 15, 19, 24, 25, 26, 32, 34, 35] > [ 1,  2,  6,  7,  8, 16, 17, 18, 23, 27, 28, 33]
    W3: [ 0,  2,  3,  5,  6, 11, 20, 22, 23, 25, 26, 28, 34] > [ 7,  8, 10, 13, 14, 16, 17, 19, 29, 31, 32, 35, 36]
    Truth table row=[<, <, >, >] ix=8 result=[7-] is correct

Test 7+:
    W0: [ 0,  3,  6,  7,  9, 10, 11, 13, 16, 19, 20, 21, 23] > [ 1,  2,  4,  5,  8, 12, 14, 15, 17, 18, 22, 24, 25]
    W1: [ 0,  3,  6,  7, 17, 18, 22, 24, 25, 26, 30, 31, 33] > [ 1,  2,  4,  5, 19, 20, 21, 23, 27, 28, 29, 32, 34]
    W2: [ 0,  9, 10, 14, 15, 19, 24, 25, 26, 32, 34, 35] < [ 1,  2,  6,  7,  8, 16, 17, 18, 23, 27, 28, 33]
    W3: [ 0,  2,  3,  5,  6, 11, 20, 22, 23, 25, 26, 28, 34] < [ 7,  8, 10, 13, 14, 16, 17, 19, 29, 31, 32, 35, 36]
    Truth table row=[>, >, <, <] ix=72 result=[7+] is correct

Test 8-:
    W0: [ 0,  3,  6,  7,  9, 10, 11, 13, 16, 19, 20, 21, 23] > [ 1,  2,  4,  5,  8, 12, 14, 15, 17, 18, 22, 24, 25]
    W1: [ 0,  3,  6,  7, 17, 18, 22, 24, 25, 26, 30, 31, 33] = [ 1,  2,  4,  5, 19, 20, 21, 23, 27, 28, 29, 32, 34]
    W2: [ 0,  9, 10, 14, 15, 19, 24, 25, 26, 32, 34, 35] > [ 1,  2,  6,  7,  8, 16, 17, 18, 23, 27, 28, 33]
    W3: [ 0,  2,  3,  5,  6, 11, 20, 22, 23, 25, 26, 28, 34] > [ 7,  8, 10, 13, 14, 16, 17, 19, 29, 31, 32, 35, 36]
    Truth table row=[>, =, >, >] ix=71 result=[8-] is correct

Test 8+:
    W0: [ 0,  3,  6,  7,  9, 10, 11, 13, 16, 19, 20, 21, 23] < [ 1,  2,  4,  5,  8, 12, 14, 15, 17, 18, 22, 24, 25]
    W1: [ 0,  3,  6,  7, 17, 18, 22, 24, 25, 26, 30, 31, 33] = [ 1,  2,  4,  5, 19, 20, 21, 23, 27, 28, 29, 32, 34]
    W2: [ 0,  9, 10, 14, 15, 19, 24, 25, 26, 32, 34, 35] < [ 1,  2,  6,  7,  8, 16, 17, 18, 23, 27, 28, 33]
    W3: [ 0,  2,  3,  5,  6, 11, 20, 22, 23, 25, 26, 28, 34] < [ 7,  8, 10, 13, 14, 16, 17, 19, 29, 31, 32, 35, 36]
    Truth table row=[<, =, <, <] ix=9 result=[8+] is correct

Test 9-:
    W0: [ 0,  3,  6,  7,  9, 10, 11, 13, 16, 19, 20, 21, 23] < [ 1,  2,  4,  5,  8, 12, 14, 15, 17, 18, 22, 24, 25]
    W1: [ 0,  3,  6,  7, 17, 18, 22, 24, 25, 26, 30, 31, 33] = [ 1,  2,  4,  5, 19, 20, 21, 23, 27, 28, 29, 32, 34]
    W2: [ 0,  9, 10, 14, 15, 19, 24, 25, 26, 32, 34, 35] < [ 1,  2,  6,  7,  8, 16, 17, 18, 23, 27, 28, 33]
    W3: [ 0,  2,  3,  5,  6, 11, 20, 22, 23, 25, 26, 28, 34] = [ 7,  8, 10, 13, 14, 16, 17, 19, 29, 31, 32, 35, 36]
    Truth table row=[<, =, <, =] ix=10 result=[9-] is correct

Test 9+:
    W0: [ 0,  3,  6,  7,  9, 10, 11, 13, 16, 19, 20, 21, 23] > [ 1,  2,  4,  5,  8, 12, 14, 15, 17, 18, 22, 24, 25]
    W1: [ 0,  3,  6,  7, 17, 18, 22, 24, 25, 26, 30, 31, 33] = [ 1,  2,  4,  5, 19, 20, 21, 23, 27, 28, 29, 32, 34]
    W2: [ 0,  9, 10, 14, 15, 19, 24, 25, 26, 32, 34, 35] > [ 1,  2,  6,  7,  8, 16, 17, 18, 23, 27, 28, 33]
    W3: [ 0,  2,  3,  5,  6, 11, 20, 22, 23, 25, 26, 28, 34] = [ 7,  8, 10, 13, 14, 16, 17, 19, 29, 31, 32, 35, 36]
    Truth table row=[>, =, >, =] ix=70 result=[9+] is correct

Test 10-:
    W0: [ 0,  3,  6,  7,  9, 10, 11, 13, 16, 19, 20, 21, 23] < [ 1,  2,  4,  5,  8, 12, 14, 15, 17, 18, 22, 24, 25]
    W1: [ 0,  3,  6,  7, 17, 18, 22, 24, 25, 26, 30, 31, 33] = [ 1,  2,  4,  5, 19, 20, 21, 23, 27, 28, 29, 32, 34]
    W2: [ 0,  9, 10, 14, 15, 19, 24, 25, 26, 32, 34, 35] < [ 1,  2,  6,  7,  8, 16, 17, 18, 23, 27, 28, 33]
    W3: [ 0,  2,  3,  5,  6, 11, 20, 22, 23, 25, 26, 28, 34] > [ 7,  8, 10, 13, 14, 16, 17, 19, 29, 31, 32, 35, 36]
    Truth table row=[<, =, <, >] ix=11 result=[10-] is correct

Test 10+:
    W0: [ 0,  3,  6,  7,  9, 10, 11, 13, 16, 19, 20, 21, 23] > [ 1,  2,  4,  5,  8, 12, 14, 15, 17, 18, 22, 24, 25]
    W1: [ 0,  3,  6,  7, 17, 18, 22, 24, 25, 26, 30, 31, 33] = [ 1,  2,  4,  5, 19, 20, 21, 23, 27, 28, 29, 32, 34]
    W2: [ 0,  9, 10, 14, 15, 19, 24, 25, 26, 32, 34, 35] > [ 1,  2,  6,  7,  8, 16, 17, 18, 23, 27, 28, 33]
    W3: [ 0,  2,  3,  5,  6, 11, 20, 22, 23, 25, 26, 28, 34] < [ 7,  8, 10, 13, 14, 16, 17, 19, 29, 31, 32, 35, 36]
    Truth table row=[>, =, >, <] ix=69 result=[10+] is correct

Test 11-:
    W0: [ 0,  3,  6,  7,  9, 10, 11, 13, 16, 19, 20, 21, 23] < [ 1,  2,  4,  5,  8, 12, 14, 15, 17, 18, 22, 24, 25]
    W1: [ 0,  3,  6,  7, 17, 18, 22, 24, 25, 26, 30, 31, 33] = [ 1,  2,  4,  5, 19, 20, 21, 23, 27, 28, 29, 32, 34]
    W2: [ 0,  9, 10, 14, 15, 19, 24, 25, 26, 32, 34, 35] = [ 1,  2,  6,  7,  8, 16, 17, 18, 23, 27, 28, 33]
    W3: [ 0,  2,  3,  5,  6, 11, 20, 22, 23, 25, 26, 28, 34] < [ 7,  8, 10, 13, 14, 16, 17, 19, 29, 31, 32, 35, 36]
    Truth table row=[<, =, =, <] ix=12 result=[11-] is correct

Test 11+:
    W0: [ 0,  3,  6,  7,  9, 10, 11, 13, 16, 19, 20, 21, 23] > [ 1,  2,  4,  5,  8, 12, 14, 15, 17, 18, 22, 24, 25]
    W1: [ 0,  3,  6,  7, 17, 18, 22, 24, 25, 26, 30, 31, 33] = [ 1,  2,  4,  5, 19, 20, 21, 23, 27, 28, 29, 32, 34]
    W2: [ 0,  9, 10, 14, 15, 19, 24, 25, 26, 32, 34, 35] = [ 1,  2,  6,  7,  8, 16, 17, 18, 23, 27, 28, 33]
    W3: [ 0,  2,  3,  5,  6, 11, 20, 22, 23, 25, 26, 28, 34] > [ 7,  8, 10, 13, 14, 16, 17, 19, 29, 31, 32, 35, 36]
    Truth table row=[>, =, =, >] ix=68 result=[11+] is correct

Test 12-:
    W0: [ 0,  3,  6,  7,  9, 10, 11, 13, 16, 19, 20, 21, 23] > [ 1,  2,  4,  5,  8, 12, 14, 15, 17, 18, 22, 24, 25]
    W1: [ 0,  3,  6,  7, 17, 18, 22, 24, 25, 26, 30, 31, 33] = [ 1,  2,  4,  5, 19, 20, 21, 23, 27, 28, 29, 32, 34]
    W2: [ 0,  9, 10, 14, 15, 19, 24, 25, 26, 32, 34, 35] = [ 1,  2,  6,  7,  8, 16, 17, 18, 23, 27, 28, 33]
    W3: [ 0,  2,  3,  5,  6, 11, 20, 22, 23, 25, 26, 28, 34] = [ 7,  8, 10, 13, 14, 16, 17, 19, 29, 31, 32, 35, 36]
    Truth table row=[>, =, =, =] ix=67 result=[12-] is correct

Test 12+:
    W0: [ 0,  3,  6,  7,  9, 10, 11, 13, 16, 19, 20, 21, 23] < [ 1,  2,  4,  5,  8, 12, 14, 15, 17, 18, 22, 24, 25]
    W1: [ 0,  3,  6,  7, 17, 18, 22, 24, 25, 26, 30, 31, 33] = [ 1,  2,  4,  5, 19, 20, 21, 23, 27, 28, 29, 32, 34]
    W2: [ 0,  9, 10, 14, 15, 19, 24, 25, 26, 32, 34, 35] = [ 1,  2,  6,  7,  8, 16, 17, 18, 23, 27, 28, 33]
    W3: [ 0,  2,  3,  5,  6, 11, 20, 22, 23, 25, 26, 28, 34] = [ 7,  8, 10, 13, 14, 16, 17, 19, 29, 31, 32, 35, 36]
    Truth table row=[<, =, =, =] ix=13 result=[12+] is correct

Test 13-:
    W0: [ 0,  3,  6,  7,  9, 10, 11, 13, 16, 19, 20, 21, 23] < [ 1,  2,  4,  5,  8, 12, 14, 15, 17, 18, 22, 24, 25]
    W1: [ 0,  3,  6,  7, 17, 18, 22, 24, 25, 26, 30, 31, 33] = [ 1,  2,  4,  5, 19, 20, 21, 23, 27, 28, 29, 32, 34]
    W2: [ 0,  9, 10, 14, 15, 19, 24, 25, 26, 32, 34, 35] = [ 1,  2,  6,  7,  8, 16, 17, 18, 23, 27, 28, 33]
    W3: [ 0,  2,  3,  5,  6, 11, 20, 22, 23, 25, 26, 28, 34] > [ 7,  8, 10, 13, 14, 16, 17, 19, 29, 31, 32, 35, 36]
    Truth table row=[<, =, =, >] ix=14 result=[13-] is correct

Test 13+:
    W0: [ 0,  3,  6,  7,  9, 10, 11, 13, 16, 19, 20, 21, 23] > [ 1,  2,  4,  5,  8, 12, 14, 15, 17, 18, 22, 24, 25]
    W1: [ 0,  3,  6,  7, 17, 18, 22, 24, 25, 26, 30, 31, 33] = [ 1,  2,  4,  5, 19, 20, 21, 23, 27, 28, 29, 32, 34]
    W2: [ 0,  9, 10, 14, 15, 19, 24, 25, 26, 32, 34, 35] = [ 1,  2,  6,  7,  8, 16, 17, 18, 23, 27, 28, 33]
    W3: [ 0,  2,  3,  5,  6, 11, 20, 22, 23, 25, 26, 28, 34] < [ 7,  8, 10, 13, 14, 16, 17, 19, 29, 31, 32, 35, 36]
    Truth table row=[>, =, =, <] ix=66 result=[13+] is correct

Test 14-:
    W0: [ 0,  3,  6,  7,  9, 10, 11, 13, 16, 19, 20, 21, 23] > [ 1,  2,  4,  5,  8, 12, 14, 15, 17, 18, 22, 24, 25]
    W1: [ 0,  3,  6,  7, 17, 18, 22, 24, 25, 26, 30, 31, 33] = [ 1,  2,  4,  5, 19, 20, 21, 23, 27, 28, 29, 32, 34]
    W2: [ 0,  9, 10, 14, 15, 19, 24, 25, 26, 32, 34, 35] < [ 1,  2,  6,  7,  8, 16, 17, 18, 23, 27, 28, 33]
    W3: [ 0,  2,  3,  5,  6, 11, 20, 22, 23, 25, 26, 28, 34] > [ 7,  8, 10, 13, 14, 16, 17, 19, 29, 31, 32, 35, 36]
    Truth table row=[>, =, <, >] ix=65 result=[14-] is correct

Test 14+:
    W0: [ 0,  3,  6,  7,  9, 10, 11, 13, 16, 19, 20, 21, 23] < [ 1,  2,  4,  5,  8, 12, 14, 15, 17, 18, 22, 24, 25]
    W1: [ 0,  3,  6,  7, 17, 18, 22, 24, 25, 26, 30, 31, 33] = [ 1,  2,  4,  5, 19, 20, 21, 23, 27, 28, 29, 32, 34]
    W2: [ 0,  9, 10, 14, 15, 19, 24, 25, 26, 32, 34, 35] > [ 1,  2,  6,  7,  8, 16, 17, 18, 23, 27, 28, 33]
    W3: [ 0,  2,  3,  5,  6, 11, 20, 22, 23, 25, 26, 28, 34] < [ 7,  8, 10, 13, 14, 16, 17, 19, 29, 31, 32, 35, 36]
    Truth table row=[<, =, >, <] ix=15 result=[14+] is correct

Test 15-:
    W0: [ 0,  3,  6,  7,  9, 10, 11, 13, 16, 19, 20, 21, 23] > [ 1,  2,  4,  5,  8, 12, 14, 15, 17, 18, 22, 24, 25]
    W1: [ 0,  3,  6,  7, 17, 18, 22, 24, 25, 26, 30, 31, 33] = [ 1,  2,  4,  5, 19, 20, 21, 23, 27, 28, 29, 32, 34]
    W2: [ 0,  9, 10, 14, 15, 19, 24, 25, 26, 32, 34, 35] < [ 1,  2,  6,  7,  8, 16, 17, 18, 23, 27, 28, 33]
    W3: [ 0,  2,  3,  5,  6, 11, 20, 22, 23, 25, 26, 28, 34] = [ 7,  8, 10, 13, 14, 16, 17, 19, 29, 31, 32, 35, 36]
    Truth table row=[>, =, <, =] ix=64 result=[15-] is correct

Test 15+:
    W0: [ 0,  3,  6,  7,  9, 10, 11, 13, 16, 19, 20, 21, 23] < [ 1,  2,  4,  5,  8, 12, 14, 15, 17, 18, 22, 24, 25]
    W1: [ 0,  3,  6,  7, 17, 18, 22, 24, 25, 26, 30, 31, 33] = [ 1,  2,  4,  5, 19, 20, 21, 23, 27, 28, 29, 32, 34]
    W2: [ 0,  9, 10, 14, 15, 19, 24, 25, 26, 32, 34, 35] > [ 1,  2,  6,  7,  8, 16, 17, 18, 23, 27, 28, 33]
    W3: [ 0,  2,  3,  5,  6, 11, 20, 22, 23, 25, 26, 28, 34] = [ 7,  8, 10, 13, 14, 16, 17, 19, 29, 31, 32, 35, 36]
    Truth table row=[<, =, >, =] ix=16 result=[15+] is correct

Test 16-:
    W0: [ 0,  3,  6,  7,  9, 10, 11, 13, 16, 19, 20, 21, 23] < [ 1,  2,  4,  5,  8, 12, 14, 15, 17, 18, 22, 24, 25]
    W1: [ 0,  3,  6,  7, 17, 18, 22, 24, 25, 26, 30, 31, 33] = [ 1,  2,  4,  5, 19, 20, 21, 23, 27, 28, 29, 32, 34]
    W2: [ 0,  9, 10, 14, 15, 19, 24, 25, 26, 32, 34, 35] > [ 1,  2,  6,  7,  8, 16, 17, 18, 23, 27, 28, 33]
    W3: [ 0,  2,  3,  5,  6, 11, 20, 22, 23, 25, 26, 28, 34] > [ 7,  8, 10, 13, 14, 16, 17, 19, 29, 31, 32, 35, 36]
    Truth table row=[<, =, >, >] ix=17 result=[16-] is correct

Test 16+:
    W0: [ 0,  3,  6,  7,  9, 10, 11, 13, 16, 19, 20, 21, 23] > [ 1,  2,  4,  5,  8, 12, 14, 15, 17, 18, 22, 24, 25]
    W1: [ 0,  3,  6,  7, 17, 18, 22, 24, 25, 26, 30, 31, 33] = [ 1,  2,  4,  5, 19, 20, 21, 23, 27, 28, 29, 32, 34]
    W2: [ 0,  9, 10, 14, 15, 19, 24, 25, 26, 32, 34, 35] < [ 1,  2,  6,  7,  8, 16, 17, 18, 23, 27, 28, 33]
    W3: [ 0,  2,  3,  5,  6, 11, 20, 22, 23, 25, 26, 28, 34] < [ 7,  8, 10, 13, 14, 16, 17, 19, 29, 31, 32, 35, 36]
    Truth table row=[>, =, <, <] ix=63 result=[16+] is correct

Test 17-:
    W0: [ 0,  3,  6,  7,  9, 10, 11, 13, 16, 19, 20, 21, 23] > [ 1,  2,  4,  5,  8, 12, 14, 15, 17, 18, 22, 24, 25]
    W1: [ 0,  3,  6,  7, 17, 18, 22, 24, 25, 26, 30, 31, 33] < [ 1,  2,  4,  5, 19, 20, 21, 23, 27, 28, 29, 32, 34]
    W2: [ 0,  9, 10, 14, 15, 19, 24, 25, 26, 32, 34, 35] > [ 1,  2,  6,  7,  8, 16, 17, 18, 23, 27, 28, 33]
    W3: [ 0,  2,  3,  5,  6, 11, 20, 22, 23, 25, 26, 28, 34] > [ 7,  8, 10, 13, 14, 16, 17, 19, 29, 31, 32, 35, 36]
    Truth table row=[>, <, >, >] ix=62 result=[17-] is correct

Test 17+:
    W0: [ 0,  3,  6,  7,  9, 10, 11, 13, 16, 19, 20, 21, 23] < [ 1,  2,  4,  5,  8, 12, 14, 15, 17, 18, 22, 24, 25]
    W1: [ 0,  3,  6,  7, 17, 18, 22, 24, 25, 26, 30, 31, 33] > [ 1,  2,  4,  5, 19, 20, 21, 23, 27, 28, 29, 32, 34]
    W2: [ 0,  9, 10, 14, 15, 19, 24, 25, 26, 32, 34, 35] < [ 1,  2,  6,  7,  8, 16, 17, 18, 23, 27, 28, 33]
    W3: [ 0,  2,  3,  5,  6, 11, 20, 22, 23, 25, 26, 28, 34] < [ 7,  8, 10, 13, 14, 16, 17, 19, 29, 31, 32, 35, 36]
    Truth table row=[<, >, <, <] ix=18 result=[17+] is correct

Test 18-:
    W0: [ 0,  3,  6,  7,  9, 10, 11, 13, 16, 19, 20, 21, 23] > [ 1,  2,  4,  5,  8, 12, 14, 15, 17, 18, 22, 24, 25]
    W1: [ 0,  3,  6,  7, 17, 18, 22, 24, 25, 26, 30, 31, 33] < [ 1,  2,  4,  5, 19, 20, 21, 23, 27, 28, 29, 32, 34]
    W2: [ 0,  9, 10, 14, 15, 19, 24, 25, 26, 32, 34, 35] > [ 1,  2,  6,  7,  8, 16, 17, 18, 23, 27, 28, 33]
    W3: [ 0,  2,  3,  5,  6, 11, 20, 22, 23, 25, 26, 28, 34] = [ 7,  8, 10, 13, 14, 16, 17, 19, 29, 31, 32, 35, 36]
    Truth table row=[>, <, >, =] ix=61 result=[18-] is correct

Test 18+:
    W0: [ 0,  3,  6,  7,  9, 10, 11, 13, 16, 19, 20, 21, 23] < [ 1,  2,  4,  5,  8, 12, 14, 15, 17, 18, 22, 24, 25]
    W1: [ 0,  3,  6,  7, 17, 18, 22, 24, 25, 26, 30, 31, 33] > [ 1,  2,  4,  5, 19, 20, 21, 23, 27, 28, 29, 32, 34]
    W2: [ 0,  9, 10, 14, 15, 19, 24, 25, 26, 32, 34, 35] < [ 1,  2,  6,  7,  8, 16, 17, 18, 23, 27, 28, 33]
    W3: [ 0,  2,  3,  5,  6, 11, 20, 22, 23, 25, 26, 28, 34] = [ 7,  8, 10, 13, 14, 16, 17, 19, 29, 31, 32, 35, 36]
    Truth table row=[<, >, <, =] ix=19 result=[18+] is correct

Test 19-:
    W0: [ 0,  3,  6,  7,  9, 10, 11, 13, 16, 19, 20, 21, 23] < [ 1,  2,  4,  5,  8, 12, 14, 15, 17, 18, 22, 24, 25]
    W1: [ 0,  3,  6,  7, 17, 18, 22, 24, 25, 26, 30, 31, 33] > [ 1,  2,  4,  5, 19, 20, 21, 23, 27, 28, 29, 32, 34]
    W2: [ 0,  9, 10, 14, 15, 19, 24, 25, 26, 32, 34, 35] < [ 1,  2,  6,  7,  8, 16, 17, 18, 23, 27, 28, 33]
    W3: [ 0,  2,  3,  5,  6, 11, 20, 22, 23, 25, 26, 28, 34] > [ 7,  8, 10, 13, 14, 16, 17, 19, 29, 31, 32, 35, 36]
    Truth table row=[<, >, <, >] ix=20 result=[19-] is correct

Test 19+:
    W0: [ 0,  3,  6,  7,  9, 10, 11, 13, 16, 19, 20, 21, 23] > [ 1,  2,  4,  5,  8, 12, 14, 15, 17, 18, 22, 24, 25]
    W1: [ 0,  3,  6,  7, 17, 18, 22, 24, 25, 26, 30, 31, 33] < [ 1,  2,  4,  5, 19, 20, 21, 23, 27, 28, 29, 32, 34]
    W2: [ 0,  9, 10, 14, 15, 19, 24, 25, 26, 32, 34, 35] > [ 1,  2,  6,  7,  8, 16, 17, 18, 23, 27, 28, 33]
    W3: [ 0,  2,  3,  5,  6, 11, 20, 22, 23, 25, 26, 28, 34] < [ 7,  8, 10, 13, 14, 16, 17, 19, 29, 31, 32, 35, 36]
    Truth table row=[>, <, >, <] ix=60 result=[19+] is correct

Test 20-:
    W0: [ 0,  3,  6,  7,  9, 10, 11, 13, 16, 19, 20, 21, 23] < [ 1,  2,  4,  5,  8, 12, 14, 15, 17, 18, 22, 24, 25]
    W1: [ 0,  3,  6,  7, 17, 18, 22, 24, 25, 26, 30, 31, 33] > [ 1,  2,  4,  5, 19, 20, 21, 23, 27, 28, 29, 32, 34]
    W2: [ 0,  9, 10, 14, 15, 19, 24, 25, 26, 32, 34, 35] = [ 1,  2,  6,  7,  8, 16, 17, 18, 23, 27, 28, 33]
    W3: [ 0,  2,  3,  5,  6, 11, 20, 22, 23, 25, 26, 28, 34] < [ 7,  8, 10, 13, 14, 16, 17, 19, 29, 31, 32, 35, 36]
    Truth table row=[<, >, =, <] ix=21 result=[20-] is correct

Test 20+:
    W0: [ 0,  3,  6,  7,  9, 10, 11, 13, 16, 19, 20, 21, 23] > [ 1,  2,  4,  5,  8, 12, 14, 15, 17, 18, 22, 24, 25]
    W1: [ 0,  3,  6,  7, 17, 18, 22, 24, 25, 26, 30, 31, 33] < [ 1,  2,  4,  5, 19, 20, 21, 23, 27, 28, 29, 32, 34]
    W2: [ 0,  9, 10, 14, 15, 19, 24, 25, 26, 32, 34, 35] = [ 1,  2,  6,  7,  8, 16, 17, 18, 23, 27, 28, 33]
    W3: [ 0,  2,  3,  5,  6, 11, 20, 22, 23, 25, 26, 28, 34] > [ 7,  8, 10, 13, 14, 16, 17, 19, 29, 31, 32, 35, 36]
    Truth table row=[>, <, =, >] ix=59 result=[20+] is correct

Test 21-:
    W0: [ 0,  3,  6,  7,  9, 10, 11, 13, 16, 19, 20, 21, 23] < [ 1,  2,  4,  5,  8, 12, 14, 15, 17, 18, 22, 24, 25]
    W1: [ 0,  3,  6,  7, 17, 18, 22, 24, 25, 26, 30, 31, 33] > [ 1,  2,  4,  5, 19, 20, 21, 23, 27, 28, 29, 32, 34]
    W2: [ 0,  9, 10, 14, 15, 19, 24, 25, 26, 32, 34, 35] = [ 1,  2,  6,  7,  8, 16, 17, 18, 23, 27, 28, 33]
    W3: [ 0,  2,  3,  5,  6, 11, 20, 22, 23, 25, 26, 28, 34] = [ 7,  8, 10, 13, 14, 16, 17, 19, 29, 31, 32, 35, 36]
    Truth table row=[<, >, =, =] ix=22 result=[21-] is correct

Test 21+:
    W0: [ 0,  3,  6,  7,  9, 10, 11, 13, 16, 19, 20, 21, 23] > [ 1,  2,  4,  5,  8, 12, 14, 15, 17, 18, 22, 24, 25]
    W1: [ 0,  3,  6,  7, 17, 18, 22, 24, 25, 26, 30, 31, 33] < [ 1,  2,  4,  5, 19, 20, 21, 23, 27, 28, 29, 32, 34]
    W2: [ 0,  9, 10, 14, 15, 19, 24, 25, 26, 32, 34, 35] = [ 1,  2,  6,  7,  8, 16, 17, 18, 23, 27, 28, 33]
    W3: [ 0,  2,  3,  5,  6, 11, 20, 22, 23, 25, 26, 28, 34] = [ 7,  8, 10, 13, 14, 16, 17, 19, 29, 31, 32, 35, 36]
    Truth table row=[>, <, =, =] ix=58 result=[21+] is correct

Test 22-:
    W0: [ 0,  3,  6,  7,  9, 10, 11, 13, 16, 19, 20, 21, 23] > [ 1,  2,  4,  5,  8, 12, 14, 15, 17, 18, 22, 24, 25]
    W1: [ 0,  3,  6,  7, 17, 18, 22, 24, 25, 26, 30, 31, 33] < [ 1,  2,  4,  5, 19, 20, 21, 23, 27, 28, 29, 32, 34]
    W2: [ 0,  9, 10, 14, 15, 19, 24, 25, 26, 32, 34, 35] = [ 1,  2,  6,  7,  8, 16, 17, 18, 23, 27, 28, 33]
    W3: [ 0,  2,  3,  5,  6, 11, 20, 22, 23, 25, 26, 28, 34] < [ 7,  8, 10, 13, 14, 16, 17, 19, 29, 31, 32, 35, 36]
    Truth table row=[>, <, =, <] ix=57 result=[22-] is correct

Test 22+:
    W0: [ 0,  3,  6,  7,  9, 10, 11, 13, 16, 19, 20, 21, 23] < [ 1,  2,  4,  5,  8, 12, 14, 15, 17, 18, 22, 24, 25]
    W1: [ 0,  3,  6,  7, 17, 18, 22, 24, 25, 26, 30, 31, 33] > [ 1,  2,  4,  5, 19, 20, 21, 23, 27, 28, 29, 32, 34]
    W2: [ 0,  9, 10, 14, 15, 19, 24, 25, 26, 32, 34, 35] = [ 1,  2,  6,  7,  8, 16, 17, 18, 23, 27, 28, 33]
    W3: [ 0,  2,  3,  5,  6, 11, 20, 22, 23, 25, 26, 28, 34] > [ 7,  8, 10, 13, 14, 16, 17, 19, 29, 31, 32, 35, 36]
    Truth table row=[<, >, =, >] ix=23 result=[22+] is correct

Test 23-:
    W0: [ 0,  3,  6,  7,  9, 10, 11, 13, 16, 19, 20, 21, 23] < [ 1,  2,  4,  5,  8, 12, 14, 15, 17, 18, 22, 24, 25]
    W1: [ 0,  3,  6,  7, 17, 18, 22, 24, 25, 26, 30, 31, 33] > [ 1,  2,  4,  5, 19, 20, 21, 23, 27, 28, 29, 32, 34]
    W2: [ 0,  9, 10, 14, 15, 19, 24, 25, 26, 32, 34, 35] > [ 1,  2,  6,  7,  8, 16, 17, 18, 23, 27, 28, 33]
    W3: [ 0,  2,  3,  5,  6, 11, 20, 22, 23, 25, 26, 28, 34] < [ 7,  8, 10, 13, 14, 16, 17, 19, 29, 31, 32, 35, 36]
    Truth table row=[<, >, >, <] ix=24 result=[23-] is correct

Test 23+:
    W0: [ 0,  3,  6,  7,  9, 10, 11, 13, 16, 19, 20, 21, 23] > [ 1,  2,  4,  5,  8, 12, 14, 15, 17, 18, 22, 24, 25]
    W1: [ 0,  3,  6,  7, 17, 18, 22, 24, 25, 26, 30, 31, 33] < [ 1,  2,  4,  5, 19, 20, 21, 23, 27, 28, 29, 32, 34]
    W2: [ 0,  9, 10, 14, 15, 19, 24, 25, 26, 32, 34, 35] < [ 1,  2,  6,  7,  8, 16, 17, 18, 23, 27, 28, 33]
    W3: [ 0,  2,  3,  5,  6, 11, 20, 22, 23, 25, 26, 28, 34] > [ 7,  8, 10, 13, 14, 16, 17, 19, 29, 31, 32, 35, 36]
    Truth table row=[>, <, <, >] ix=56 result=[23+] is correct

Test 24-:
    W0: [ 0,  3,  6,  7,  9, 10, 11, 13, 16, 19, 20, 21, 23] > [ 1,  2,  4,  5,  8, 12, 14, 15, 17, 18, 22, 24, 25]
    W1: [ 0,  3,  6,  7, 17, 18, 22, 24, 25, 26, 30, 31, 33] < [ 1,  2,  4,  5, 19, 20, 21, 23, 27, 28, 29, 32, 34]
    W2: [ 0,  9, 10, 14, 15, 19, 24, 25, 26, 32, 34, 35] < [ 1,  2,  6,  7,  8, 16, 17, 18, 23, 27, 28, 33]
    W3: [ 0,  2,  3,  5,  6, 11, 20, 22, 23, 25, 26, 28, 34] = [ 7,  8, 10, 13, 14, 16, 17, 19, 29, 31, 32, 35, 36]
    Truth table row=[>, <, <, =] ix=55 result=[24-] is correct

Test 24+:
    W0: [ 0,  3,  6,  7,  9, 10, 11, 13, 16, 19, 20, 21, 23] < [ 1,  2,  4,  5,  8, 12, 14, 15, 17, 18, 22, 24, 25]
    W1: [ 0,  3,  6,  7, 17, 18, 22, 24, 25, 26, 30, 31, 33] > [ 1,  2,  4,  5, 19, 20, 21, 23, 27, 28, 29, 32, 34]
    W2: [ 0,  9, 10, 14, 15, 19, 24, 25, 26, 32, 34, 35] > [ 1,  2,  6,  7,  8, 16, 17, 18, 23, 27, 28, 33]
    W3: [ 0,  2,  3,  5,  6, 11, 20, 22, 23, 25, 26, 28, 34] = [ 7,  8, 10, 13, 14, 16, 17, 19, 29, 31, 32, 35, 36]
    Truth table row=[<, >, >, =] ix=25 result=[24+] is correct

Test 25-:
    W0: [ 0,  3,  6,  7,  9, 10, 11, 13, 16, 19, 20, 21, 23] > [ 1,  2,  4,  5,  8, 12, 14, 15, 17, 18, 22, 24, 25]
    W1: [ 0,  3,  6,  7, 17, 18, 22, 24, 25, 26, 30, 31, 33] < [ 1,  2,  4,  5, 19, 20, 21, 23, 27, 28, 29, 32, 34]
    W2: [ 0,  9, 10, 14, 15, 19, 24, 25, 26, 32, 34, 35] < [ 1,  2,  6,  7,  8, 16, 17, 18, 23, 27, 28, 33]
    W3: [ 0,  2,  3,  5,  6, 11, 20, 22, 23, 25, 26, 28, 34] < [ 7,  8, 10, 13, 14, 16, 17, 19, 29, 31, 32, 35, 36]
    Truth table row=[>, <, <, <] ix=54 result=[25-] is correct

Test 25+:
    W0: [ 0,  3,  6,  7,  9, 10, 11, 13, 16, 19, 20, 21, 23] < [ 1,  2,  4,  5,  8, 12, 14, 15, 17, 18, 22, 24, 25]
    W1: [ 0,  3,  6,  7, 17, 18, 22, 24, 25, 26, 30, 31, 33] > [ 1,  2,  4,  5, 19, 20, 21, 23, 27, 28, 29, 32, 34]
    W2: [ 0,  9, 10, 14, 15, 19, 24, 25, 26, 32, 34, 35] > [ 1,  2,  6,  7,  8, 16, 17, 18, 23, 27, 28, 33]
    W3: [ 0,  2,  3,  5,  6, 11, 20, 22, 23, 25, 26, 28, 34] > [ 7,  8, 10, 13, 14, 16, 17, 19, 29, 31, 32, 35, 36]
    Truth table row=[<, >, >, >] ix=26 result=[25+] is correct

Test 26-:
    W0: [ 0,  3,  6,  7,  9, 10, 11, 13, 16, 19, 20, 21, 23] = [ 1,  2,  4,  5,  8, 12, 14, 15, 17, 18, 22, 24, 25]
    W1: [ 0,  3,  6,  7, 17, 18, 22, 24, 25, 26, 30, 31, 33] < [ 1,  2,  4,  5, 19, 20, 21, 23, 27, 28, 29, 32, 34]
    W2: [ 0,  9, 10, 14, 15, 19, 24, 25, 26, 32, 34, 35] < [ 1,  2,  6,  7,  8, 16, 17, 18, 23, 27, 28, 33]
    W3: [ 0,  2,  3,  5,  6, 11, 20, 22, 23, 25, 26, 28, 34] < [ 7,  8, 10, 13, 14, 16, 17, 19, 29, 31, 32, 35, 36]
    Truth table row=[=, <, <, <] ix=27 result=[26-] is correct

Test 26+:
    W0: [ 0,  3,  6,  7,  9, 10, 11, 13, 16, 19, 20, 21, 23] = [ 1,  2,  4,  5,  8, 12, 14, 15, 17, 18, 22, 24, 25]
    W1: [ 0,  3,  6,  7, 17, 18, 22, 24, 25, 26, 30, 31, 33] > [ 1,  2,  4,  5, 19, 20, 21, 23, 27, 28, 29, 32, 34]
    W2: [ 0,  9, 10, 14, 15, 19, 24, 25, 26, 32, 34, 35] > [ 1,  2,  6,  7,  8, 16, 17, 18, 23, 27, 28, 33]
    W3: [ 0,  2,  3,  5,  6, 11, 20, 22, 23, 25, 26, 28, 34] > [ 7,  8, 10, 13, 14, 16, 17, 19, 29, 31, 32, 35, 36]
    Truth table row=[=, >, >, >] ix=53 result=[26+] is correct

Test 27-:
    W0: [ 0,  3,  6,  7,  9, 10, 11, 13, 16, 19, 20, 21, 23] = [ 1,  2,  4,  5,  8, 12, 14, 15, 17, 18, 22, 24, 25]
    W1: [ 0,  3,  6,  7, 17, 18, 22, 24, 25, 26, 30, 31, 33] > [ 1,  2,  4,  5, 19, 20, 21, 23, 27, 28, 29, 32, 34]
    W2: [ 0,  9, 10, 14, 15, 19, 24, 25, 26, 32, 34, 35] > [ 1,  2,  6,  7,  8, 16, 17, 18, 23, 27, 28, 33]
    W3: [ 0,  2,  3,  5,  6, 11, 20, 22, 23, 25, 26, 28, 34] = [ 7,  8, 10, 13, 14, 16, 17, 19, 29, 31, 32, 35, 36]
    Truth table row=[=, >, >, =] ix=52 result=[27-] is correct

Test 27+:
    W0: [ 0,  3,  6,  7,  9, 10, 11, 13, 16, 19, 20, 21, 23] = [ 1,  2,  4,  5,  8, 12, 14, 15, 17, 18, 22, 24, 25]
    W1: [ 0,  3,  6,  7, 17, 18, 22, 24, 25, 26, 30, 31, 33] < [ 1,  2,  4,  5, 19, 20, 21, 23, 27, 28, 29, 32, 34]
    W2: [ 0,  9, 10, 14, 15, 19, 24, 25, 26, 32, 34, 35] < [ 1,  2,  6,  7,  8, 16, 17, 18, 23, 27, 28, 33]
    W3: [ 0,  2,  3,  5,  6, 11, 20, 22, 23, 25, 26, 28, 34] = [ 7,  8, 10, 13, 14, 16, 17, 19, 29, 31, 32, 35, 36]
    Truth table row=[=, <, <, =] ix=28 result=[27+] is correct

Test 28-:
    W0: [ 0,  3,  6,  7,  9, 10, 11, 13, 16, 19, 20, 21, 23] = [ 1,  2,  4,  5,  8, 12, 14, 15, 17, 18, 22, 24, 25]
    W1: [ 0,  3,  6,  7, 17, 18, 22, 24, 25, 26, 30, 31, 33] > [ 1,  2,  4,  5, 19, 20, 21, 23, 27, 28, 29, 32, 34]
    W2: [ 0,  9, 10, 14, 15, 19, 24, 25, 26, 32, 34, 35] > [ 1,  2,  6,  7,  8, 16, 17, 18, 23, 27, 28, 33]
    W3: [ 0,  2,  3,  5,  6, 11, 20, 22, 23, 25, 26, 28, 34] < [ 7,  8, 10, 13, 14, 16, 17, 19, 29, 31, 32, 35, 36]
    Truth table row=[=, >, >, <] ix=51 result=[28-] is correct

Test 28+:
    W0: [ 0,  3,  6,  7,  9, 10, 11, 13, 16, 19, 20, 21, 23] = [ 1,  2,  4,  5,  8, 12, 14, 15, 17, 18, 22, 24, 25]
    W1: [ 0,  3,  6,  7, 17, 18, 22, 24, 25, 26, 30, 31, 33] < [ 1,  2,  4,  5, 19, 20, 21, 23, 27, 28, 29, 32, 34]
    W2: [ 0,  9, 10, 14, 15, 19, 24, 25, 26, 32, 34, 35] < [ 1,  2,  6,  7,  8, 16, 17, 18, 23, 27, 28, 33]
    W3: [ 0,  2,  3,  5,  6, 11, 20, 22, 23, 25, 26, 28, 34] > [ 7,  8, 10, 13, 14, 16, 17, 19, 29, 31, 32, 35, 36]
    Truth table row=[=, <, <, >] ix=29 result=[28+] is correct

Test 29-:
    W0: [ 0,  3,  6,  7,  9, 10, 11, 13, 16, 19, 20, 21, 23] = [ 1,  2,  4,  5,  8, 12, 14, 15, 17, 18, 22, 24, 25]
    W1: [ 0,  3,  6,  7, 17, 18, 22, 24, 25, 26, 30, 31, 33] > [ 1,  2,  4,  5, 19, 20, 21, 23, 27, 28, 29, 32, 34]
    W2: [ 0,  9, 10, 14, 15, 19, 24, 25, 26, 32, 34, 35] = [ 1,  2,  6,  7,  8, 16, 17, 18, 23, 27, 28, 33]
    W3: [ 0,  2,  3,  5,  6, 11, 20, 22, 23, 25, 26, 28, 34] > [ 7,  8, 10, 13, 14, 16, 17, 19, 29, 31, 32, 35, 36]
    Truth table row=[=, >, =, >] ix=50 result=[29-] is correct

Test 29+:
    W0: [ 0,  3,  6,  7,  9, 10, 11, 13, 16, 19, 20, 21, 23] = [ 1,  2,  4,  5,  8, 12, 14, 15, 17, 18, 22, 24, 25]
    W1: [ 0,  3,  6,  7, 17, 18, 22, 24, 25, 26, 30, 31, 33] < [ 1,  2,  4,  5, 19, 20, 21, 23, 27, 28, 29, 32, 34]
    W2: [ 0,  9, 10, 14, 15, 19, 24, 25, 26, 32, 34, 35] = [ 1,  2,  6,  7,  8, 16, 17, 18, 23, 27, 28, 33]
    W3: [ 0,  2,  3,  5,  6, 11, 20, 22, 23, 25, 26, 28, 34] < [ 7,  8, 10, 13, 14, 16, 17, 19, 29, 31, 32, 35, 36]
    Truth table row=[=, <, =, <] ix=30 result=[29+] is correct

Test 30-:
    W0: [ 0,  3,  6,  7,  9, 10, 11, 13, 16, 19, 20, 21, 23] = [ 1,  2,  4,  5,  8, 12, 14, 15, 17, 18, 22, 24, 25]
    W1: [ 0,  3,  6,  7, 17, 18, 22, 24, 25, 26, 30, 31, 33] < [ 1,  2,  4,  5, 19, 20, 21, 23, 27, 28, 29, 32, 34]
    W2: [ 0,  9, 10, 14, 15, 19, 24, 25, 26, 32, 34, 35] = [ 1,  2,  6,  7,  8, 16, 17, 18, 23, 27, 28, 33]
    W3: [ 0,  2,  3,  5,  6, 11, 20, 22, 23, 25, 26, 28, 34] = [ 7,  8, 10, 13, 14, 16, 17, 19, 29, 31, 32, 35, 36]
    Truth table row=[=, <, =, =] ix=31 result=[30-] is correct

Test 30+:
    W0: [ 0,  3,  6,  7,  9, 10, 11, 13, 16, 19, 20, 21, 23] = [ 1,  2,  4,  5,  8, 12, 14, 15, 17, 18, 22, 24, 25]
    W1: [ 0,  3,  6,  7, 17, 18, 22, 24, 25, 26, 30, 31, 33] > [ 1,  2,  4,  5, 19, 20, 21, 23, 27, 28, 29, 32, 34]
    W2: [ 0,  9, 10, 14, 15, 19, 24, 25, 26, 32, 34, 35] = [ 1,  2,  6,  7,  8, 16, 17, 18, 23, 27, 28, 33]
    W3: [ 0,  2,  3,  5,  6, 11, 20, 22, 23, 25, 26, 28, 34] = [ 7,  8, 10, 13, 14, 16, 17, 19, 29, 31, 32, 35, 36]
    Truth table row=[=, >, =, =] ix=49 result=[30+] is correct

Test 31-:
    W0: [ 0,  3,  6,  7,  9, 10, 11, 13, 16, 19, 20, 21, 23] = [ 1,  2,  4,  5,  8, 12, 14, 15, 17, 18, 22, 24, 25]
    W1: [ 0,  3,  6,  7, 17, 18, 22, 24, 25, 26, 30, 31, 33] < [ 1,  2,  4,  5, 19, 20, 21, 23, 27, 28, 29, 32, 34]
    W2: [ 0,  9, 10, 14, 15, 19, 24, 25, 26, 32, 34, 35] = [ 1,  2,  6,  7,  8, 16, 17, 18, 23, 27, 28, 33]
    W3: [ 0,  2,  3,  5,  6, 11, 20, 22, 23, 25, 26, 28, 34] > [ 7,  8, 10, 13, 14, 16, 17, 19, 29, 31, 32, 35, 36]
    Truth table row=[=, <, =, >] ix=32 result=[31-] is correct

Test 31+:
    W0: [ 0,  3,  6,  7,  9, 10, 11, 13, 16, 19, 20, 21, 23] = [ 1,  2,  4,  5,  8, 12, 14, 15, 17, 18, 22, 24, 25]
    W1: [ 0,  3,  6,  7, 17, 18, 22, 24, 25, 26, 30, 31, 33] > [ 1,  2,  4,  5, 19, 20, 21, 23, 27, 28, 29, 32, 34]
    W2: [ 0,  9, 10, 14, 15, 19, 24, 25, 26, 32, 34, 35] = [ 1,  2,  6,  7,  8, 16, 17, 18, 23, 27, 28, 33]
    W3: [ 0,  2,  3,  5,  6, 11, 20, 22, 23, 25, 26, 28, 34] < [ 7,  8, 10, 13, 14, 16, 17, 19, 29, 31, 32, 35, 36]
    Truth table row=[=, >, =, <] ix=48 result=[31+] is correct

Test 32-:
    W0: [ 0,  3,  6,  7,  9, 10, 11, 13, 16, 19, 20, 21, 23] = [ 1,  2,  4,  5,  8, 12, 14, 15, 17, 18, 22, 24, 25]
    W1: [ 0,  3,  6,  7, 17, 18, 22, 24, 25, 26, 30, 31, 33] > [ 1,  2,  4,  5, 19, 20, 21, 23, 27, 28, 29, 32, 34]
    W2: [ 0,  9, 10, 14, 15, 19, 24, 25, 26, 32, 34, 35] < [ 1,  2,  6,  7,  8, 16, 17, 18, 23, 27, 28, 33]
    W3: [ 0,  2,  3,  5,  6, 11, 20, 22, 23, 25, 26, 28, 34] > [ 7,  8, 10, 13, 14, 16, 17, 19, 29, 31, 32, 35, 36]
    Truth table row=[=, >, <, >] ix=47 result=[32-] is correct

Test 32+:
    W0: [ 0,  3,  6,  7,  9, 10, 11, 13, 16, 19, 20, 21, 23] = [ 1,  2,  4,  5,  8, 12, 14, 15, 17, 18, 22, 24, 25]
    W1: [ 0,  3,  6,  7, 17, 18, 22, 24, 25, 26, 30, 31, 33] < [ 1,  2,  4,  5, 19, 20, 21, 23, 27, 28, 29, 32, 34]
    W2: [ 0,  9, 10, 14, 15, 19, 24, 25, 26, 32, 34, 35] > [ 1,  2,  6,  7,  8, 16, 17, 18, 23, 27, 28, 33]
    W3: [ 0,  2,  3,  5,  6, 11, 20, 22, 23, 25, 26, 28, 34] < [ 7,  8, 10, 13, 14, 16, 17, 19, 29, 31, 32, 35, 36]
    Truth table row=[=, <, >, <] ix=33 result=[32+] is correct

Test 33-:
    W0: [ 0,  3,  6,  7,  9, 10, 11, 13, 16, 19, 20, 21, 23] = [ 1,  2,  4,  5,  8, 12, 14, 15, 17, 18, 22, 24, 25]
    W1: [ 0,  3,  6,  7, 17, 18, 22, 24, 25, 26, 30, 31, 33] < [ 1,  2,  4,  5, 19, 20, 21, 23, 27, 28, 29, 32, 34]
    W2: [ 0,  9, 10, 14, 15, 19, 24, 25, 26, 32, 34, 35] > [ 1,  2,  6,  7,  8, 16, 17, 18, 23, 27, 28, 33]
    W3: [ 0,  2,  3,  5,  6, 11, 20, 22, 23, 25, 26, 28, 34] = [ 7,  8, 10, 13, 14, 16, 17, 19, 29, 31, 32, 35, 36]
    Truth table row=[=, <, >, =] ix=34 result=[33-] is correct

Test 33+:
    W0: [ 0,  3,  6,  7,  9, 10, 11, 13, 16, 19, 20, 21, 23] = [ 1,  2,  4,  5,  8, 12, 14, 15, 17, 18, 22, 24, 25]
    W1: [ 0,  3,  6,  7, 17, 18, 22, 24, 25, 26, 30, 31, 33] > [ 1,  2,  4,  5, 19, 20, 21, 23, 27, 28, 29, 32, 34]
    W2: [ 0,  9, 10, 14, 15, 19, 24, 25, 26, 32, 34, 35] < [ 1,  2,  6,  7,  8, 16, 17, 18, 23, 27, 28, 33]
    W3: [ 0,  2,  3,  5,  6, 11, 20, 22, 23, 25, 26, 28, 34] = [ 7,  8, 10, 13, 14, 16, 17, 19, 29, 31, 32, 35, 36]
    Truth table row=[=, >, <, =] ix=46 result=[33+] is correct

Test 34-:
    W0: [ 0,  3,  6,  7,  9, 10, 11, 13, 16, 19, 20, 21, 23] = [ 1,  2,  4,  5,  8, 12, 14, 15, 17, 18, 22, 24, 25]
    W1: [ 0,  3,  6,  7, 17, 18, 22, 24, 25, 26, 30, 31, 33] > [ 1,  2,  4,  5, 19, 20, 21, 23, 27, 28, 29, 32, 34]
    W2: [ 0,  9, 10, 14, 15, 19, 24, 25, 26, 32, 34, 35] < [ 1,  2,  6,  7,  8, 16, 17, 18, 23, 27, 28, 33]
    W3: [ 0,  2,  3,  5,  6, 11, 20, 22, 23, 25, 26, 28, 34] < [ 7,  8, 10, 13, 14, 16, 17, 19, 29, 31, 32, 35, 36]
    Truth table row=[=, >, <, <] ix=45 result=[34-] is correct

Test 34+:
    W0: [ 0,  3,  6,  7,  9, 10, 11, 13, 16, 19, 20, 21, 23] = [ 1,  2,  4,  5,  8, 12, 14, 15, 17, 18, 22, 24, 25]
    W1: [ 0,  3,  6,  7, 17, 18, 22, 24, 25, 26, 30, 31, 33] < [ 1,  2,  4,  5, 19, 20, 21, 23, 27, 28, 29, 32, 34]
    W2: [ 0,  9, 10, 14, 15, 19, 24, 25, 26, 32, 34, 35] > [ 1,  2,  6,  7,  8, 16, 17, 18, 23, 27, 28, 33]
    W3: [ 0,  2,  3,  5,  6, 11, 20, 22, 23, 25, 26, 28, 34] > [ 7,  8, 10, 13, 14, 16, 17, 19, 29, 31, 32, 35, 36]
    Truth table row=[=, <, >, >] ix=35 result=[34+] is correct

Test 35-:
    W0: [ 0,  3,  6,  7,  9, 10, 11, 13, 16, 19, 20, 21, 23] = [ 1,  2,  4,  5,  8, 12, 14, 15, 17, 18, 22, 24, 25]
    W1: [ 0,  3,  6,  7, 17, 18, 22, 24, 25, 26, 30, 31, 33] = [ 1,  2,  4,  5, 19, 20, 21, 23, 27, 28, 29, 32, 34]
    W2: [ 0,  9, 10, 14, 15, 19, 24, 25, 26, 32, 34, 35] < [ 1,  2,  6,  7,  8, 16, 17, 18, 23, 27, 28, 33]
    W3: [ 0,  2,  3,  5,  6, 11, 20, 22, 23, 25, 26, 28, 34] > [ 7,  8, 10, 13, 14, 16, 17, 19, 29, 31, 32, 35, 36]
    Truth table row=[=, =, <, >] ix=38 result=[35-] is correct

Test 35+:
    W0: [ 0,  3,  6,  7,  9, 10, 11, 13, 16, 19, 20, 21, 23] = [ 1,  2,  4,  5,  8, 12, 14, 15, 17, 18, 22, 24, 25]
    W1: [ 0,  3,  6,  7, 17, 18, 22, 24, 25, 26, 30, 31, 33] = [ 1,  2,  4,  5, 19, 20, 21, 23, 27, 28, 29, 32, 34]
    W2: [ 0,  9, 10, 14, 15, 19, 24, 25, 26, 32, 34, 35] > [ 1,  2,  6,  7,  8, 16, 17, 18, 23, 27, 28, 33]
    W3: [ 0,  2,  3,  5,  6, 11, 20, 22, 23, 25, 26, 28, 34] < [ 7,  8, 10, 13, 14, 16, 17, 19, 29, 31, 32, 35, 36]
    Truth table row=[=, =, >, <] ix=42 result=[35+] is correct

Test 36-:
    W0: [ 0,  3,  6,  7,  9, 10, 11, 13, 16, 19, 20, 21, 23] = [ 1,  2,  4,  5,  8, 12, 14, 15, 17, 18, 22, 24, 25]
    W1: [ 0,  3,  6,  7, 17, 18, 22, 24, 25, 26, 30, 31, 33] = [ 1,  2,  4,  5, 19, 20, 21, 23, 27, 28, 29, 32, 34]
    W2: [ 0,  9, 10, 14, 15, 19, 24, 25, 26, 32, 34, 35] = [ 1,  2,  6,  7,  8, 16, 17, 18, 23, 27, 28, 33]
    W3: [ 0,  2,  3,  5,  6, 11, 20, 22, 23, 25, 26, 28, 34] > [ 7,  8, 10, 13, 14, 16, 17, 19, 29, 31, 32, 35, 36]
    Truth table row=[=, =, =, >] ix=41 result=[36-] is correct

Test 36+:
    W0: [ 0,  3,  6,  7,  9, 10, 11, 13, 16, 19, 20, 21, 23] = [ 1,  2,  4,  5,  8, 12, 14, 15, 17, 18, 22, 24, 25]
    W1: [ 0,  3,  6,  7, 17, 18, 22, 24, 25, 26, 30, 31, 33] = [ 1,  2,  4,  5, 19, 20, 21, 23, 27, 28, 29, 32, 34]
    W2: [ 0,  9, 10, 14, 15, 19, 24, 25, 26, 32, 34, 35] = [ 1,  2,  6,  7,  8, 16, 17, 18, 23, 27, 28, 33]
    W3: [ 0,  2,  3,  5,  6, 11, 20, 22, 23, 25, 26, 28, 34] < [ 7,  8, 10, 13, 14, 16, 17, 19, 29, 31, 32, 35, 36]
    Truth table row=[=, =, =, <] ix=39 result=[36+] is correct

Total correct results: 74
Total incorrect results: 0
