Solving for 29 balls and 5 weighings.
Using symmetry breaking strategy TruthTableAscending.

Solution:
W0: [ 0,  5,  7,  8,  9, 10, 11, 14, 15, 19, 22, 23, 24, 27] <=> [ 1,  2,  3,  4,  6, 12, 13, 16, 17, 18, 20, 21, 25, 26]
W1: [ 0,  5,  7,  8,  9, 18, 20, 21, 25, 26] <=> [ 1,  2,  3,  4,  6, 19, 22, 23, 24, 27]
W2: [ 0, 12, 13, 16, 17, 19, 22, 23, 28] <=> [ 1,  2,  9, 14, 15, 18, 20, 21, 27]
W3: [ 0,  2,  9, 16, 17, 21, 24, 27, 28] <=> [ 3,  7,  8, 11, 12, 13, 22, 23, 25]
W4: [ 0,  2,  6,  7,  9, 13, 14, 20, 24, 25, 26] <=> [ 3,  4, 10, 12, 15, 16, 18, 21, 23, 27, 28]

Truth Table:
ix  W0  W1  W2  W3  W4   Result
 0   <   <   <   <   <   0-
 1   <   <   <   <   =
 2   <   <   <   <   >
 3   <   <   <   =   <
 4   <   <   <   =   =   1+
 5   <   <   <   =   >
 6   <   <   <   >   <
 7   <   <   <   >   =
 8   <   <   <   >   >   2+
 9   <   <   =   <   <   3+
10   <   <   =   <   =
11   <   <   =   <   >
12   <   <   =   =   <   4+
13   <   <   =   =   =   5-
14   <   <   =   =   >   6+
15   <   <   =   >   <   7-
16   <   <   =   >   =   8-
17   <   <   =   >   >
18   <   <   >   <   <   9-
19   <   <   >   <   =
20   <   <   >   <   >
21   <   <   >   =   <
22   <   <   >   =   =
23   <   <   >   =   >
24   <   <   >   >   <
25   <   <   >   >   =
26   <   <   >   >   >
27   <   =   <   <   <
28   <   =   <   <   =
29   <   =   <   <   >
30   <   =   <   =   <
31   <   =   <   =   =
32   <   =   <   =   >
33   <   =   <   >   <
34   <   =   <   >   =
35   <   =   <   >   >
36   <   =   =   <   <
37   <   =   =   <   =
38   <   =   =   <   >
39   <   =   =   =   <
40   <   =   =   =   =
41   <   =   =   =   >   10-
42   <   =   =   >   <
43   <   =   =   >   =   11-
44   <   =   =   >   >
45   <   =   >   <   <   12+
46   <   =   >   <   =
47   <   =   >   <   >   13+
48   <   =   >   =   <   14-
49   <   =   >   =   =
50   <   =   >   =   >   15-
51   <   =   >   >   <   16+
52   <   =   >   >   =   17+
53   <   =   >   >   >
54   <   >   <   <   <
55   <   >   <   <   =
56   <   >   <   <   >
57   <   >   <   =   <   18+
58   <   >   <   =   =   19-
59   <   >   <   =   >   20+
60   <   >   <   >   <   21+
61   <   >   <   >   =   22-
62   <   >   <   >   >   23-
63   <   >   =   <   <   24-
64   <   >   =   <   =
65   <   >   =   <   >   25+
66   <   >   =   =   <
67   <   >   =   =   =
68   <   >   =   =   >   26+
69   <   >   =   >   <
70   <   >   =   >   =
71   <   >   =   >   >
72   <   >   >   <   <
73   <   >   >   <   =
74   <   >   >   <   >   27-
75   <   >   >   =   <
76   <   >   >   =   =
77   <   >   >   =   >
78   <   >   >   >   <
79   <   >   >   >   =
80   <   >   >   >   >
81   =   <   <   <   <
82   =   <   <   <   =
83   =   <   <   <   >
84   =   <   <   =   <
85   =   <   <   =   =
86   =   <   <   =   >
87   =   <   <   >   <
88   =   <   <   >   =
89   =   <   <   >   >
90   =   <   =   <   <
91   =   <   =   <   =
92   =   <   =   <   >
93   =   <   =   =   <
94   =   <   =   =   =
95   =   <   =   =   >
96   =   <   =   >   <
97   =   <   =   >   =
98   =   <   =   >   >
99   =   <   >   <   <
100   =   <   >   <   =
101   =   <   >   <   >
102   =   <   >   =   <
103   =   <   >   =   =
104   =   <   >   =   >
105   =   <   >   >   <
106   =   <   >   >   =
107   =   <   >   >   >
108   =   =   <   <   <
109   =   =   <   <   =
110   =   =   <   <   >   28-
111   =   =   <   =   <
112   =   =   <   =   =
113   =   =   <   =   >
114   =   =   <   >   <
115   =   =   <   >   =
116   =   =   <   >   >
117   =   =   =   <   <
118   =   =   =   <   =
119   =   =   =   <   >
120   =   =   =   =   <
121   =   =   =   =   =
122   =   =   =   =   >
123   =   =   =   >   <
124   =   =   =   >   =
125   =   =   =   >   >
126   =   =   >   <   <
127   =   =   >   <   =
128   =   =   >   <   >
129   =   =   >   =   <
130   =   =   >   =   =
131   =   =   >   =   >
132   =   =   >   >   <   28+
133   =   =   >   >   =
134   =   =   >   >   >
135   =   >   <   <   <
136   =   >   <   <   =
137   =   >   <   <   >
138   =   >   <   =   <
139   =   >   <   =   =
140   =   >   <   =   >
141   =   >   <   >   <
142   =   >   <   >   =
143   =   >   <   >   >
144   =   >   =   <   <
145   =   >   =   <   =
146   =   >   =   <   >
147   =   >   =   =   <
148   =   >   =   =   =
149   =   >   =   =   >
150   =   >   =   >   <
151   =   >   =   >   =
152   =   >   =   >   >
153   =   >   >   <   <
154   =   >   >   <   =
155   =   >   >   <   >
156   =   >   >   =   <
157   =   >   >   =   =
158   =   >   >   =   >
159   =   >   >   >   <
160   =   >   >   >   =
161   =   >   >   >   >
162   >   <   <   <   <
163   >   <   <   <   =
164   >   <   <   <   >
165   >   <   <   =   <
166   >   <   <   =   =
167   >   <   <   =   >
168   >   <   <   >   <   27+
169   >   <   <   >   =
170   >   <   <   >   >
171   >   <   =   <   <
172   >   <   =   <   =
173   >   <   =   <   >
174   >   <   =   =   <   26-
175   >   <   =   =   =
176   >   <   =   =   >
177   >   <   =   >   <   25-
178   >   <   =   >   =
179   >   <   =   >   >   24+
180   >   <   >   <   <   23+
181   >   <   >   <   =   22+
182   >   <   >   <   >   21-
183   >   <   >   =   <   20-
184   >   <   >   =   =   19+
185   >   <   >   =   >   18-
186   >   <   >   >   <
187   >   <   >   >   =
188   >   <   >   >   >
189   >   =   <   <   <
190   >   =   <   <   =   17-
191   >   =   <   <   >   16-
192   >   =   <   =   <   15+
193   >   =   <   =   =
194   >   =   <   =   >   14+
195   >   =   <   >   <   13-
196   >   =   <   >   =
197   >   =   <   >   >   12-
198   >   =   =   <   <
199   >   =   =   <   =   11+
200   >   =   =   <   >
201   >   =   =   =   <   10+
202   >   =   =   =   =
203   >   =   =   =   >
204   >   =   =   >   <
205   >   =   =   >   =
206   >   =   =   >   >
207   >   =   >   <   <
208   >   =   >   <   =
209   >   =   >   <   >
210   >   =   >   =   <
211   >   =   >   =   =
212   >   =   >   =   >
213   >   =   >   >   <
214   >   =   >   >   =
215   >   =   >   >   >
216   >   >   <   <   <
217   >   >   <   <   =
218   >   >   <   <   >
219   >   >   <   =   <
220   >   >   <   =   =
221   >   >   <   =   >
222   >   >   <   >   <
223   >   >   <   >   =
224   >   >   <   >   >   9+
225   >   >   =   <   <
226   >   >   =   <   =   8+
227   >   >   =   <   >   7+
228   >   >   =   =   <   6-
229   >   >   =   =   =   5+
230   >   >   =   =   >   4-
231   >   >   =   >   <
232   >   >   =   >   =
233   >   >   =   >   >   3-
234   >   >   >   <   <   2-
235   >   >   >   <   =
236   >   >   >   <   >
237   >   >   >   =   <
238   >   >   >   =   =   1-
239   >   >   >   =   >
240   >   >   >   >   <
241   >   >   >   >   =
242   >   >   >   >   >   0+

Test 0-:
    W0: [ 0,  5,  7,  8,  9, 10, 11, 14, 15, 19, 22, 23, 24, 27] < [ 1,  2,  3,  4,  6, 12, 13, 16, 17, 18, 20, 21, 25, 26]
    W1: [ 0,  5,  7,  8,  9, 18, 20, 21, 25, 26] < [ 1,  2,  3,  4,  6, 19, 22, 23, 24, 27]
    W2: [ 0, 12, 13, 16, 17, 19, 22, 23, 28] < [ 1,  2,  9, 14, 15, 18, 20, 21, 27]
    W3: [ 0,  2,  9, 16, 17, 21, 24, 27, 28] < [ 3,  7,  8, 11, 12, 13, 22, 23, 25]
    W4: [ 0,  2,  6,  7,  9, 13, 14, 20, 24, 25, 26] < [ 3,  4, 10, 12, 15, 16, 18, 21, 23, 27, 28]
    Truth table row=[<, <, <, <, <] ix=0 result=[0-] is correct

Test 0+:
    W0: [ 0,  5,  7,  8,  9, 10, 11, 14, 15, 19, 22, 23, 24, 27] > [ 1,  2,  3,  4,  6, 12, 13, 16, 17, 18, 20, 21, 25, 26]
    W1: [ 0,  5,  7,  8,  9, 18, 20, 21, 25, 26] > [ 1,  2,  3,  4,  6, 19, 22, 23, 24, 27]
    W2: [ 0, 12, 13, 16, 17, 19, 22, 23, 28] > [ 1,  2,  9, 14, 15, 18, 20, 21, 27]
    W3: [ 0,  2,  9, 16, 17, 21, 24, 27, 28] > [ 3,  7,  8, 11, 12, 13, 22, 23, 25]
    W4: [ 0,  2,  6,  7,  9, 13, 14, 20, 24, 25, 26] > [ 3,  4, 10, 12, 15, 16, 18, 21, 23, 27, 28]
    Truth table row=[>, >, >, >, >] ix=242 result=[0+] is correct

Test 1-:
    W0: [ 0,  5,  7,  8,  9, 10, 11, 14, 15, 19, 22, 23, 24, 27] > [ 1,  2,  3,  4,  6, 12, 13, 16, 17, 18, 20, 21, 25, 26]
    W1: [ 0,  5,  7,  8,  9, 18, 20, 21, 25, 26] > [ 1,  2,  3,  4,  6, 19, 22, 23, 24, 27]
    W2: [ 0, 12, 13, 16, 17, 19, 22, 23, 28] > [ 1,  2,  9, 14, 15, 18, 20, 21, 27]
    W3: [ 0,  2,  9, 16, 17, 21, 24, 27, 28] = [ 3,  7,  8, 11, 12, 13, 22, 23, 25]
    W4: [ 0,  2,  6,  7,  9, 13, 14, 20, 24, 25, 26] = [ 3,  4, 10, 12, 15, 16, 18, 21, 23, 27, 28]
    Truth table row=[>, >, >, =, =] ix=238 result=[1-] is correct

Test 1+:
    W0: [ 0,  5,  7,  8,  9, 10, 11, 14, 15, 19, 22, 23, 24, 27] < [ 1,  2,  3,  4,  6, 12, 13, 16, 17, 18, 20, 21, 25, 26]
    W1: [ 0,  5,  7,  8,  9, 18, 20, 21, 25, 26] < [ 1,  2,  3,  4,  6, 19, 22, 23, 24, 27]
    W2: [ 0, 12, 13, 16, 17, 19, 22, 23, 28] < [ 1,  2,  9, 14, 15, 18, 20, 21, 27]
    W3: [ 0,  2,  9, 16, 17, 21, 24, 27, 28] = [ 3,  7,  8, 11, 12, 13, 22, 23, 25]
    W4: [ 0,  2,  6,  7,  9, 13, 14, 20, 24, 25, 26] = [ 3,  4, 10, 12, 15, 16, 18, 21, 23, 27, 28]
    Truth table row=[<, <, <, =, =] ix=4 result=[1+] is correct

Test 2-:
    W0: [ 0,  5,  7,  8,  9, 10, 11, 14, 15, 19, 22, 23, 24, 27] > [ 1,  2,  3,  4,  6, 12, 13, 16, 17, 18, 20, 21, 25, 26]
    W1: [ 0,  5,  7,  8,  9, 18, 20, 21, 25, 26] > [ 1,  2,  3,  4,  6, 19, 22, 23, 24, 27]
    W2: [ 0, 12, 13, 16, 17, 19, 22, 23, 28] > [ 1,  2,  9, 14, 15, 18, 20, 21, 27]
    W3: [ 0,  2,  9, 16, 17, 21, 24, 27, 28] < [ 3,  7,  8, 11, 12, 13, 22, 23, 25]
    W4: [ 0,  2,  6,  7,  9, 13, 14, 20, 24, 25, 26] < [ 3,  4, 10, 12, 15, 16, 18, 21, 23, 27, 28]
    Truth table row=[>, >, >, <, <] ix=234 result=[2-] is correct

Test 2+:
    W0: [ 0,  5,  7,  8,  9, 10, 11, 14, 15, 19, 22, 23, 24, 27] < [ 1,  2,  3,  4,  6, 12, 13, 16, 17, 18, 20, 21, 25, 26]
    W1: [ 0,  5,  7,  8,  9, 18, 20, 21, 25, 26] < [ 1,  2,  3,  4,  6, 19, 22, 23, 24, 27]
    W2: [ 0, 12, 13, 16, 17, 19, 22, 23, 28] < [ 1,  2,  9, 14, 15, 18, 20, 21, 27]
    W3: [ 0,  2,  9, 16, 17, 21, 24, 27, 28] > [ 3,  7,  8, 11, 12, 13, 22, 23, 25]
    W4: [ 0,  2,  6,  7,  9, 13, 14, 20, 24, 25, 26] > [ 3,  4, 10, 12, 15, 16, 18, 21, 23, 27, 28]
    Truth table row=[<, <, <, >, >] ix=8 result=[2+] is correct

Test 3-:
    W0: [ 0,  5,  7,  8,  9, 10, 11, 14, 15, 19, 22, 23, 24, 27] > [ 1,  2,  3,  4,  6, 12, 13, 16, 17, 18, 20, 21, 25, 26]
    W1: [ 0,  5,  7,  8,  9, 18, 20, 21, 25, 26] > [ 1,  2,  3,  4,  6, 19, 22, 23, 24, 27]
    W2: [ 0, 12, 13, 16, 17, 19, 22, 23, 28] = [ 1,  2,  9, 14, 15, 18, 20, 21, 27]
    W3: [ 0,  2,  9, 16, 17, 21, 24, 27, 28] > [ 3,  7,  8, 11, 12, 13, 22, 23, 25]
    W4: [ 0,  2,  6,  7,  9, 13, 14, 20, 24, 25, 26] > [ 3,  4, 10, 12, 15, 16, 18, 21, 23, 27, 28]
    Truth table row=[>, >, =, >, >] ix=233 result=[3-] is correct

Test 3+:
    W0: [ 0,  5,  7,  8,  9, 10, 11, 14, 15, 19, 22, 23, 24, 27] < [ 1,  2,  3,  4,  6, 12, 13, 16, 17, 18, 20, 21, 25, 26]
    W1: [ 0,  5,  7,  8,  9, 18, 20, 21, 25, 26] < [ 1,  2,  3,  4,  6, 19, 22, 23, 24, 27]
    W2: [ 0, 12, 13, 16, 17, 19, 22, 23, 28] = [ 1,  2,  9, 14, 15, 18, 20, 21, 27]
    W3: [ 0,  2,  9, 16, 17, 21, 24, 27, 28] < [ 3,  7,  8, 11, 12, 13, 22, 23, 25]
    W4: [ 0,  2,  6,  7,  9, 13, 14, 20, 24, 25, 26] < [ 3,  4, 10, 12, 15, 16, 18, 21, 23, 27, 28]
    Truth table row=[<, <, =, <, <] ix=9 result=[3+] is correct

Test 4-:
    W0: [ 0,  5,  7,  8,  9, 10, 11, 14, 15, 19, 22, 23, 24, 27] > [ 1,  2,  3,  4,  6, 12, 13, 16, 17, 18, 20, 21, 25, 26]
    W1: [ 0,  5,  7,  8,  9, 18, 20, 21, 25, 26] > [ 1,  2,  3,  4,  6, 19, 22, 23, 24, 27]
    W2: [ 0, 12, 13, 16, 17, 19, 22, 23, 28] = [ 1,  2,  9, 14, 15, 18, 20, 21, 27]
    W3: [ 0,  2,  9, 16, 17, 21, 24, 27, 28] = [ 3,  7,  8, 11, 12, 13, 22, 23, 25]
    W4: [ 0,  2,  6,  7,  9, 13, 14, 20, 24, 25, 26] > [ 3,  4, 10, 12, 15, 16, 18, 21, 23, 27, 28]
    Truth table row=[>, >, =, =, >] ix=230 result=[4-] is correct

Test 4+:
    W0: [ 0,  5,  7,  8,  9, 10, 11, 14, 15, 19, 22, 23, 24, 27] < [ 1,  2,  3,  4,  6, 12, 13, 16, 17, 18, 20, 21, 25, 26]
    W1: [ 0,  5,  7,  8,  9, 18, 20, 21, 25, 26] < [ 1,  2,  3,  4,  6, 19, 22, 23, 24, 27]
    W2: [ 0, 12, 13, 16, 17, 19, 22, 23, 28] = [ 1,  2,  9, 14, 15, 18, 20, 21, 27]
    W3: [ 0,  2,  9, 16, 17, 21, 24, 27, 28] = [ 3,  7,  8, 11, 12, 13, 22, 23, 25]
    W4: [ 0,  2,  6,  7,  9, 13, 14, 20, 24, 25, 26] < [ 3,  4, 10, 12, 15, 16, 18, 21, 23, 27, 28]
    Truth table row=[<, <, =, =, <] ix=12 result=[4+] is correct

Test 5-:
    W0: [ 0,  5,  7,  8,  9, 10, 11, 14, 15, 19, 22, 23, 24, 27] < [ 1,  2,  3,  4,  6, 12, 13, 16, 17, 18, 20, 21, 25, 26]
    W1: [ 0,  5,  7,  8,  9, 18, 20, 21, 25, 26] < [ 1,  2,  3,  4,  6, 19, 22, 23, 24, 27]
    W2: [ 0, 12, 13, 16, 17, 19, 22, 23, 28] = [ 1,  2,  9, 14, 15, 18, 20, 21, 27]
    W3: [ 0,  2,  9, 16, 17, 21, 24, 27, 28] = [ 3,  7,  8, 11, 12, 13, 22, 23, 25]
    W4: [ 0,  2,  6,  7,  9, 13, 14, 20, 24, 25, 26] = [ 3,  4, 10, 12, 15, 16, 18, 21, 23, 27, 28]
    Truth table row=[<, <, =, =, =] ix=13 result=[5-] is correct

Test 5+:
    W0: [ 0,  5,  7,  8,  9, 10, 11, 14, 15, 19, 22, 23, 24, 27] > [ 1,  2,  3,  4,  6, 12, 13, 16, 17, 18, 20, 21, 25, 26]
    W1: [ 0,  5,  7,  8,  9, 18, 20, 21, 25, 26] > [ 1,  2,  3,  4,  6, 19, 22, 23, 24, 27]
    W2: [ 0, 12, 13, 16, 17, 19, 22, 23, 28] = [ 1,  2,  9, 14, 15, 18, 20, 21, 27]
    W3: [ 0,  2,  9, 16, 17, 21, 24, 27, 28] = [ 3,  7,  8, 11, 12, 13, 22, 23, 25]
    W4: [ 0,  2,  6,  7,  9, 13, 14, 20, 24, 25, 26] = [ 3,  4, 10, 12, 15, 16, 18, 21, 23, 27, 28]
    Truth table row=[>, >, =, =, =] ix=229 result=[5+] is correct

Test 6-:
    W0: [ 0,  5,  7,  8,  9, 10, 11, 14, 15, 19, 22, 23, 24, 27] > [ 1,  2,  3,  4,  6, 12, 13, 16, 17, 18, 20, 21, 25, 26]
    W1: [ 0,  5,  7,  8,  9, 18, 20, 21, 25, 26] > [ 1,  2,  3,  4,  6, 19, 22, 23, 24, 27]
    W2: [ 0, 12, 13, 16, 17, 19, 22, 23, 28] = [ 1,  2,  9, 14, 15, 18, 20, 21, 27]
    W3: [ 0,  2,  9, 16, 17, 21, 24, 27, 28] = [ 3,  7,  8, 11, 12, 13, 22, 23, 25]
    W4: [ 0,  2,  6,  7,  9, 13, 14, 20, 24, 25, 26] < [ 3,  4, 10, 12, 15, 16, 18, 21, 23, 27, 28]
    Truth table row=[>, >, =, =, <] ix=228 result=[6-] is correct

Test 6+:
    W0: [ 0,  5,  7,  8,  9, 10, 11, 14, 15, 19, 22, 23, 24, 27] < [ 1,  2,  3,  4,  6, 12, 13, 16, 17, 18, 20, 21, 25, 26]
    W1: [ 0,  5,  7,  8,  9, 18, 20, 21, 25, 26] < [ 1,  2,  3,  4,  6, 19, 22, 23, 24, 27]
    W2: [ 0, 12, 13, 16, 17, 19, 22, 23, 28] = [ 1,  2,  9, 14, 15, 18, 20, 21, 27]
    W3: [ 0,  2,  9, 16, 17, 21, 24, 27, 28] = [ 3,  7,  8, 11, 12, 13, 22, 23, 25]
    W4: [ 0,  2,  6,  7,  9, 13, 14, 20, 24, 25, 26] > [ 3,  4, 10, 12, 15, 16, 18, 21, 23, 27, 28]
    Truth table row=[<, <, =, =, >] ix=14 result=[6+] is correct

Test 7-:
    W0: [ 0,  5,  7,  8,  9, 10, 11, 14, 15, 19, 22, 23, 24, 27] < [ 1,  2,  3,  4,  6, 12, 13, 16, 17, 18, 20, 21, 25, 26]
    W1: [ 0,  5,  7,  8,  9, 18, 20, 21, 25, 26] < [ 1,  2,  3,  4,  6, 19, 22, 23, 24, 27]
    W2: [ 0, 12, 13, 16, 17, 19, 22, 23, 28] = [ 1,  2,  9, 14, 15, 18, 20, 21, 27]
    W3: [ 0,  2,  9, 16, 17, 21, 24, 27, 28] > [ 3,  7,  8, 11, 12, 13, 22, 23, 25]
    W4: [ 0,  2,  6,  7,  9, 13, 14, 20, 24, 25, 26] < [ 3,  4, 10, 12, 15, 16, 18, 21, 23, 27, 28]
    Truth table row=[<, <, =, >, <] ix=15 result=[7-] is correct

Test 7+:
    W0: [ 0,  5,  7,  8,  9, 10, 11, 14, 15, 19, 22, 23, 24, 27] > [ 1,  2,  3,  4,  6, 12, 13, 16, 17, 18, 20, 21, 25, 26]
    W1: [ 0,  5,  7,  8,  9, 18, 20, 21, 25, 26] > [ 1,  2,  3,  4,  6, 19, 22, 23, 24, 27]
    W2: [ 0, 12, 13, 16, 17, 19, 22, 23, 28] = [ 1,  2,  9, 14, 15, 18, 20, 21, 27]
    W3: [ 0,  2,  9, 16, 17, 21, 24, 27, 28] < [ 3,  7,  8, 11, 12, 13, 22, 23, 25]
    W4: [ 0,  2,  6,  7,  9, 13, 14, 20, 24, 25, 26] > [ 3,  4, 10, 12, 15, 16, 18, 21, 23, 27, 28]
    Truth table row=[>, >, =, <, >] ix=227 result=[7+] is correct

Test 8-:
    W0: [ 0,  5,  7,  8,  9, 10, 11, 14, 15, 19, 22, 23, 24, 27] < [ 1,  2,  3,  4,  6, 12, 13, 16, 17, 18, 20, 21, 25, 26]
    W1: [ 0,  5,  7,  8,  9, 18, 20, 21, 25, 26] < [ 1,  2,  3,  4,  6, 19, 22, 23, 24, 27]
    W2: [ 0, 12, 13, 16, 17, 19, 22, 23, 28] = [ 1,  2,  9, 14, 15, 18, 20, 21, 27]
    W3: [ 0,  2,  9, 16, 17, 21, 24, 27, 28] > [ 3,  7,  8, 11, 12, 13, 22, 23, 25]
    W4: [ 0,  2,  6,  7,  9, 13, 14, 20, 24, 25, 26] = [ 3,  4, 10, 12, 15, 16, 18, 21, 23, 27, 28]
    Truth table row=[<, <, =, >, =] ix=16 result=[8-] is correct

Test 8+:
    W0: [ 0,  5,  7,  8,  9, 10, 11, 14, 15, 19, 22, 23, 24, 27] > [ 1,  2,  3,  4,  6, 12, 13, 16, 17, 18, 20, 21, 25, 26]
    W1: [ 0,  5,  7,  8,  9, 18, 20, 21, 25, 26] > [ 1,  2,  3,  4,  6, 19, 22, 23, 24, 27]
    W2: [ 0, 12, 13, 16, 17, 19, 22, 23, 28] = [ 1,  2,  9, 14, 15, 18, 20, 21, 27]
    W3: [ 0,  2,  9, 16, 17, 21, 24, 27, 28] < [ 3,  7,  8, 11, 12, 13, 22, 23, 25]
    W4: [ 0,  2,  6,  7,  9, 13, 14, 20, 24, 25, 26] = [ 3,  4, 10, 12, 15, 16, 18, 21, 23, 27, 28]
    Truth table row=[>, >, =, <, =] ix=226 result=[8+] is correct

Test 9-:
    W0: [ 0,  5,  7,  8,  9, 10, 11, 14, 15, 19, 22, 23, 24, 27] < [ 1,  2,  3,  4,  6, 12, 13, 16, 17, 18, 20, 21, 25, 26]
    W1: [ 0,  5,  7,  8,  9, 18, 20, 21, 25, 26] < [ 1,  2,  3,  4,  6, 19, 22, 23, 24, 27]
    W2: [ 0, 12, 13, 16, 17, 19, 22, 23, 28] > [ 1,  2,  9, 14, 15, 18, 20, 21, 27]
    W3: [ 0,  2,  9, 16, 17, 21, 24, 27, 28] < [ 3,  7,  8, 11, 12, 13, 22, 23, 25]
    W4: [ 0,  2,  6,  7,  9, 13, 14, 20, 24, 25, 26] < [ 3,  4, 10, 12, 15, 16, 18, 21, 23, 27, 28]
    Truth table row=[<, <, >, <, <] ix=18 result=[9-] is correct

Test 9+:
    W0: [ 0,  5,  7,  8,  9, 10, 11, 14, 15, 19, 22, 23, 24, 27] > [ 1,  2,  3,  4,  6, 12, 13, 16, 17, 18, 20, 21, 25, 26]
    W1: [ 0,  5,  7,  8,  9, 18, 20, 21, 25, 26] > [ 1,  2,  3,  4,  6, 19, 22, 23, 24, 27]
    W2: [ 0, 12, 13, 16, 17, 19, 22, 23, 28] < [ 1,  2,  9, 14, 15, 18, 20, 21, 27]
    W3: [ 0,  2,  9, 16, 17, 21, 24, 27, 28] > [ 3,  7,  8, 11, 12, 13, 22, 23, 25]
    W4: [ 0,  2,  6,  7,  9, 13, 14, 20, 24, 25, 26] > [ 3,  4, 10, 12, 15, 16, 18, 21, 23, 27, 28]
    Truth table row=[>, >, <, >, >] ix=224 result=[9+] is correct

Test 10-:
    W0: [ 0,  5,  7,  8,  9, 10, 11, 14, 15, 19, 22, 23, 24, 27] < [ 1,  2,  3,  4,  6, 12, 13, 16, 17, 18, 20, 21, 25, 26]
    W1: [ 0,  5,  7,  8,  9, 18, 20, 21, 25, 26] = [ 1,  2,  3,  4,  6, 19, 22, 23, 24, 27]
    W2: [ 0, 12, 13, 16, 17, 19, 22, 23, 28] = [ 1,  2,  9, 14, 15, 18, 20, 21, 27]
    W3: [ 0,  2,  9, 16, 17, 21, 24, 27, 28] = [ 3,  7,  8, 11, 12, 13, 22, 23, 25]
    W4: [ 0,  2,  6,  7,  9, 13, 14, 20, 24, 25, 26] > [ 3,  4, 10, 12, 15, 16, 18, 21, 23, 27, 28]
    Truth table row=[<, =, =, =, >] ix=41 result=[10-] is correct

Test 10+:
    W0: [ 0,  5,  7,  8,  9, 10, 11, 14, 15, 19, 22, 23, 24, 27] > [ 1,  2,  3,  4,  6, 12, 13, 16, 17, 18, 20, 21, 25, 26]
    W1: [ 0,  5,  7,  8,  9, 18, 20, 21, 25, 26] = [ 1,  2,  3,  4,  6, 19, 22, 23, 24, 27]
    W2: [ 0, 12, 13, 16, 17, 19, 22, 23, 28] = [ 1,  2,  9, 14, 15, 18, 20, 21, 27]
    W3: [ 0,  2,  9, 16, 17, 21, 24, 27, 28] = [ 3,  7,  8, 11, 12, 13, 22, 23, 25]
    W4: [ 0,  2,  6,  7,  9, 13, 14, 20, 24, 25, 26] < [ 3,  4, 10, 12, 15, 16, 18, 21, 23, 27, 28]
    Truth table row=[>, =, =, =, <] ix=201 result=[10+] is correct

Test 11-:
    W0: [ 0,  5,  7,  8,  9, 10, 11, 14, 15, 19, 22, 23, 24, 27] < [ 1,  2,  3,  4,  6, 12, 13, 16, 17, 18, 20, 21, 25, 26]
    W1: [ 0,  5,  7,  8,  9, 18, 20, 21, 25, 26] = [ 1,  2,  3,  4,  6, 19, 22, 23, 24, 27]
    W2: [ 0, 12, 13, 16, 17, 19, 22, 23, 28] = [ 1,  2,  9, 14, 15, 18, 20, 21, 27]
    W3: [ 0,  2,  9, 16, 17, 21, 24, 27, 28] > [ 3,  7,  8, 11, 12, 13, 22, 23, 25]
    W4: [ 0,  2,  6,  7,  9, 13, 14, 20, 24, 25, 26] = [ 3,  4, 10, 12, 15, 16, 18, 21, 23, 27, 28]
    Truth table row=[<, =, =, >, =] ix=43 result=[11-] is correct

Test 11+:
    W0: [ 0,  5,  7,  8,  9, 10, 11, 14, 15, 19, 22, 23, 24, 27] > [ 1,  2,  3,  4,  6, 12, 13, 16, 17, 18, 20, 21, 25, 26]
    W1: [ 0,  5,  7,  8,  9, 18, 20, 21, 25, 26] = [ 1,  2,  3,  4,  6, 19, 22, 23, 24, 27]
    W2: [ 0, 12, 13, 16, 17, 19, 22, 23, 28] = [ 1,  2,  9, 14, 15, 18, 20, 21, 27]
    W3: [ 0,  2,  9, 16, 17, 21, 24, 27, 28] < [ 3,  7,  8, 11, 12, 13, 22, 23, 25]
    W4: [ 0,  2,  6,  7,  9, 13, 14, 20, 24, 25, 26] = [ 3,  4, 10, 12, 15, 16, 18, 21, 23, 27, 28]
    Truth table row=[>, =, =, <, =] ix=199 result=[11+] is correct

Test 12-:
    W0: [ 0,  5,  7,  8,  9, 10, 11, 14, 15, 19, 22, 23, 24, 27] > [ 1,  2,  3,  4,  6, 12, 13, 16, 17, 18, 20, 21, 25, 26]
    W1: [ 0,  5,  7,  8,  9, 18, 20, 21, 25, 26] = [ 1,  2,  3,  4,  6, 19, 22, 23, 24, 27]
    W2: [ 0, 12, 13, 16, 17, 19, 22, 23, 28] < [ 1,  2,  9, 14, 15, 18, 20, 21, 27]
    W3: [ 0,  2,  9, 16, 17, 21, 24, 27, 28] > [ 3,  7,  8, 11, 12, 13, 22, 23, 25]
    W4: [ 0,  2,  6,  7,  9, 13, 14, 20, 24, 25, 26] > [ 3,  4, 10, 12, 15, 16, 18, 21, 23, 27, 28]
    Truth table row=[>, =, <, >, >] ix=197 result=[12-] is correct

Test 12+:
    W0: [ 0,  5,  7,  8,  9, 10, 11, 14, 15, 19, 22, 23, 24, 27] < [ 1,  2,  3,  4,  6, 12, 13, 16, 17, 18, 20, 21, 25, 26]
    W1: [ 0,  5,  7,  8,  9, 18, 20, 21, 25, 26] = [ 1,  2,  3,  4,  6, 19, 22, 23, 24, 27]
    W2: [ 0, 12, 13, 16, 17, 19, 22, 23, 28] > [ 1,  2,  9, 14, 15, 18, 20, 21, 27]
    W3: [ 0,  2,  9, 16, 17, 21, 24, 27, 28] < [ 3,  7,  8, 11, 12, 13, 22, 23, 25]
    W4: [ 0,  2,  6,  7,  9, 13, 14, 20, 24, 25, 26] < [ 3,  4, 10, 12, 15, 16, 18, 21, 23, 27, 28]
    Truth table row=[<, =, >, <, <] ix=45 result=[12+] is correct

Test 13-:
    W0: [ 0,  5,  7,  8,  9, 10, 11, 14, 15, 19, 22, 23, 24, 27] > [ 1,  2,  3,  4,  6, 12, 13, 16, 17, 18, 20, 21, 25, 26]
    W1: [ 0,  5,  7,  8,  9, 18, 20, 21, 25, 26] = [ 1,  2,  3,  4,  6, 19, 22, 23, 24, 27]
    W2: [ 0, 12, 13, 16, 17, 19, 22, 23, 28] < [ 1,  2,  9, 14, 15, 18, 20, 21, 27]
    W3: [ 0,  2,  9, 16, 17, 21, 24, 27, 28] > [ 3,  7,  8, 11, 12, 13, 22, 23, 25]
    W4: [ 0,  2,  6,  7,  9, 13, 14, 20, 24, 25, 26] < [ 3,  4, 10, 12, 15, 16, 18, 21, 23, 27, 28]
    Truth table row=[>, =, <, >, <] ix=195 result=[13-] is correct

Test 13+:
    W0: [ 0,  5,  7,  8,  9, 10, 11, 14, 15, 19, 22, 23, 24, 27] < [ 1,  2,  3,  4,  6, 12, 13, 16, 17, 18, 20, 21, 25, 26]
    W1: [ 0,  5,  7,  8,  9, 18, 20, 21, 25, 26] = [ 1,  2,  3,  4,  6, 19, 22, 23, 24, 27]
    W2: [ 0, 12, 13, 16, 17, 19, 22, 23, 28] > [ 1,  2,  9, 14, 15, 18, 20, 21, 27]
    W3: [ 0,  2,  9, 16, 17, 21, 24, 27, 28] < [ 3,  7,  8, 11, 12, 13, 22, 23, 25]
    W4: [ 0,  2,  6,  7,  9, 13, 14, 20, 24, 25, 26] > [ 3,  4, 10, 12, 15, 16, 18, 21, 23, 27, 28]
    Truth table row=[<, =, >, <, >] ix=47 result=[13+] is correct

Test 14-:
    W0: [ 0,  5,  7,  8,  9, 10, 11, 14, 15, 19, 22, 23, 24, 27] < [ 1,  2,  3,  4,  6, 12, 13, 16, 17, 18, 20, 21, 25, 26]
    W1: [ 0,  5,  7,  8,  9, 18, 20, 21, 25, 26] = [ 1,  2,  3,  4,  6, 19, 22, 23, 24, 27]
    W2: [ 0, 12, 13, 16, 17, 19, 22, 23, 28] > [ 1,  2,  9, 14, 15, 18, 20, 21, 27]
    W3: [ 0,  2,  9, 16, 17, 21, 24, 27, 28] = [ 3,  7,  8, 11, 12, 13, 22, 23, 25]
    W4: [ 0,  2,  6,  7,  9, 13, 14, 20, 24, 25, 26] < [ 3,  4, 10, 12, 15, 16, 18, 21, 23, 27, 28]
    Truth table row=[<, =, >, =, <] ix=48 result=[14-] is correct

Test 14+:
    W0: [ 0,  5,  7,  8,  9, 10, 11, 14, 15, 19, 22, 23, 24, 27] > [ 1,  2,  3,  4,  6, 12, 13, 16, 17, 18, 20, 21, 25, 26]
    W1: [ 0,  5,  7,  8,  9, 18, 20, 21, 25, 26] = [ 1,  2,  3,  4,  6, 19, 22, 23, 24, 27]
    W2: [ 0, 12, 13, 16, 17, 19, 22, 23, 28] < [ 1,  2,  9, 14, 15, 18, 20, 21, 27]
    W3: [ 0,  2,  9, 16, 17, 21, 24, 27, 28] = [ 3,  7,  8, 11, 12, 13, 22, 23, 25]
    W4: [ 0,  2,  6,  7,  9, 13, 14, 20, 24, 25, 26] > [ 3,  4, 10, 12, 15, 16, 18, 21, 23, 27, 28]
    Truth table row=[>, =, <, =, >] ix=194 result=[14+] is correct

Test 15-:
    W0: [ 0,  5,  7,  8,  9, 10, 11, 14, 15, 19, 22, 23, 24, 27] < [ 1,  2,  3,  4,  6, 12, 13, 16, 17, 18, 20, 21, 25, 26]
    W1: [ 0,  5,  7,  8,  9, 18, 20, 21, 25, 26] = [ 1,  2,  3,  4,  6, 19, 22, 23, 24, 27]
    W2: [ 0, 12, 13, 16, 17, 19, 22, 23, 28] > [ 1,  2,  9, 14, 15, 18, 20, 21, 27]
    W3: [ 0,  2,  9, 16, 17, 21, 24, 27, 28] = [ 3,  7,  8, 11, 12, 13, 22, 23, 25]
    W4: [ 0,  2,  6,  7,  9, 13, 14, 20, 24, 25, 26] > [ 3,  4, 10, 12, 15, 16, 18, 21, 23, 27, 28]
    Truth table row=[<, =, >, =, >] ix=50 result=[15-] is correct

Test 15+:
    W0: [ 0,  5,  7,  8,  9, 10, 11, 14, 15, 19, 22, 23, 24, 27] > [ 1,  2,  3,  4,  6, 12, 13, 16, 17, 18, 20, 21, 25, 26]
    W1: [ 0,  5,  7,  8,  9, 18, 20, 21, 25, 26] = [ 1,  2,  3,  4,  6, 19, 22, 23, 24, 27]
    W2: [ 0, 12, 13, 16, 17, 19, 22, 23, 28] < [ 1,  2,  9, 14, 15, 18, 20, 21, 27]
    W3: [ 0,  2,  9, 16, 17, 21, 24, 27, 28] = [ 3,  7,  8, 11, 12, 13, 22, 23, 25]
    W4: [ 0,  2,  6,  7,  9, 13, 14, 20, 24, 25, 26] < [ 3,  4, 10, 12, 15, 16, 18, 21, 23, 27, 28]
    Truth table row=[>, =, <, =, <] ix=192 result=[15+] is correct

Test 16-:
    W0: [ 0,  5,  7,  8,  9, 10, 11, 14, 15, 19, 22, 23, 24, 27] > [ 1,  2,  3,  4,  6, 12, 13, 16, 17, 18, 20, 21, 25, 26]
    W1: [ 0,  5,  7,  8,  9, 18, 20, 21, 25, 26] = [ 1,  2,  3,  4,  6, 19, 22, 23, 24, 27]
    W2: [ 0, 12, 13, 16, 17, 19, 22, 23, 28] < [ 1,  2,  9, 14, 15, 18, 20, 21, 27]
    W3: [ 0,  2,  9, 16, 17, 21, 24, 27, 28] < [ 3,  7,  8, 11, 12, 13, 22, 23, 25]
    W4: [ 0,  2,  6,  7,  9, 13, 14, 20, 24, 25, 26] > [ 3,  4, 10, 12, 15, 16, 18, 21, 23, 27, 28]
    Truth table row=[>, =, <, <, >] ix=191 result=[16-] is correct

Test 16+:
    W0: [ 0,  5,  7,  8,  9, 10, 11, 14, 15, 19, 22, 23, 24, 27] < [ 1,  2,  3,  4,  6, 12, 13, 16, 17, 18, 20, 21, 25, 26]
    W1: [ 0,  5,  7,  8,  9, 18, 20, 21, 25, 26] = [ 1,  2,  3,  4,  6, 19, 22, 23, 24, 27]
    W2: [ 0, 12, 13, 16, 17, 19, 22, 23, 28] > [ 1,  2,  9, 14, 15, 18, 20, 21, 27]
    W3: [ 0,  2,  9, 16, 17, 21, 24, 27, 28] > [ 3,  7,  8, 11, 12, 13, 22, 23, 25]
    W4: [ 0,  2,  6,  7,  9, 13, 14, 20, 24, 25, 26] < [ 3,  4, 10, 12, 15, 16, 18, 21, 23, 27, 28]
    Truth table row=[<, =, >, >, <] ix=51 result=[16+] is correct

Test 17-:
    W0: [ 0,  5,  7,  8,  9, 10, 11, 14, 15, 19, 22, 23, 24, 27] > [ 1,  2,  3,  4,  6, 12, 13, 16, 17, 18, 20, 21, 25, 26]
    W1: [ 0,  5,  7,  8,  9, 18, 20, 21, 25, 26] = [ 1,  2,  3,  4,  6, 19, 22, 23, 24, 27]
    W2: [ 0, 12, 13, 16, 17, 19, 22, 23, 28] < [ 1,  2,  9, 14, 15, 18, 20, 21, 27]
    W3: [ 0,  2,  9, 16, 17, 21, 24, 27, 28] < [ 3,  7,  8, 11, 12, 13, 22, 23, 25]
    W4: [ 0,  2,  6,  7,  9, 13, 14, 20, 24, 25, 26] = [ 3,  4, 10, 12, 15, 16, 18, 21, 23, 27, 28]
    Truth table row=[>, =, <, <, =] ix=190 result=[17-] is correct

Test 17+:
    W0: [ 0,  5,  7,  8,  9, 10, 11, 14, 15, 19, 22, 23, 24, 27] < [ 1,  2,  3,  4,  6, 12, 13, 16, 17, 18, 20, 21, 25, 26]
    W1: [ 0,  5,  7,  8,  9, 18, 20, 21, 25, 26] = [ 1,  2,  3,  4,  6, 19, 22, 23, 24, 27]
    W2: [ 0, 12, 13, 16, 17, 19, 22, 23, 28] > [ 1,  2,  9, 14, 15, 18, 20, 21, 27]
    W3: [ 0,  2,  9, 16, 17, 21, 24, 27, 28] > [ 3,  7,  8, 11, 12, 13, 22, 23, 25]
    W4: [ 0,  2,  6,  7,  9, 13, 14, 20, 24, 25, 26] = [ 3,  4, 10, 12, 15, 16, 18, 21, 23, 27, 28]
    Truth table row=[<, =, >, >, =] ix=52 result=[17+] is correct

Test 18-:
    W0: [ 0,  5,  7,  8,  9, 10, 11, 14, 15, 19, 22, 23, 24, 27] > [ 1,  2,  3,  4,  6, 12, 13, 16, 17, 18, 20, 21, 25, 26]
    W1: [ 0,  5,  7,  8,  9, 18, 20, 21, 25, 26] < [ 1,  2,  3,  4,  6, 19, 22, 23, 24, 27]
    W2: [ 0, 12, 13, 16, 17, 19, 22, 23, 28] > [ 1,  2,  9, 14, 15, 18, 20, 21, 27]
    W3: [ 0,  2,  9, 16, 17, 21, 24, 27, 28] = [ 3,  7,  8, 11, 12, 13, 22, 23, 25]
    W4: [ 0,  2,  6,  7,  9, 13, 14, 20, 24, 25, 26] > [ 3,  4, 10, 12, 15, 16, 18, 21, 23, 27, 28]
    Truth table row=[>, <, >, =, >] ix=185 result=[18-] is correct

Test 18+:
    W0: [ 0,  5,  7,  8,  9, 10, 11, 14, 15, 19, 22, 23, 24, 27] < [ 1,  2,  3,  4,  6, 12, 13, 16, 17, 18, 20, 21, 25, 26]
    W1: [ 0,  5,  7,  8,  9, 18, 20, 21, 25, 26] > [ 1,  2,  3,  4,  6, 19, 22, 23, 24, 27]
    W2: [ 0, 12, 13, 16, 17, 19, 22, 23, 28] < [ 1,  2,  9, 14, 15, 18, 20, 21, 27]
    W3: [ 0,  2,  9, 16, 17, 21, 24, 27, 28] = [ 3,  7,  8, 11, 12, 13, 22, 23, 25]
    W4: [ 0,  2,  6,  7,  9, 13, 14, 20, 24, 25, 26] < [ 3,  4, 10, 12, 15, 16, 18, 21, 23, 27, 28]
    Truth table row=[<, >, <, =, <] ix=57 result=[18+] is correct

Test 19-:
    W0: [ 0,  5,  7,  8,  9, 10, 11, 14, 15, 19, 22, 23, 24, 27] < [ 1,  2,  3,  4,  6, 12, 13, 16, 17, 18, 20, 21, 25, 26]
    W1: [ 0,  5,  7,  8,  9, 18, 20, 21, 25, 26] > [ 1,  2,  3,  4,  6, 19, 22, 23, 24, 27]
    W2: [ 0, 12, 13, 16, 17, 19, 22, 23, 28] < [ 1,  2,  9, 14, 15, 18, 20, 21, 27]
    W3: [ 0,  2,  9, 16, 17, 21, 24, 27, 28] = [ 3,  7,  8, 11, 12, 13, 22, 23, 25]
    W4: [ 0,  2,  6,  7,  9, 13, 14, 20, 24, 25, 26] = [ 3,  4, 10, 12, 15, 16, 18, 21, 23, 27, 28]
    Truth table row=[<, >, <, =, =] ix=58 result=[19-] is correct

Test 19+:
    W0: [ 0,  5,  7,  8,  9, 10, 11, 14, 15, 19, 22, 23, 24, 27] > [ 1,  2,  3,  4,  6, 12, 13, 16, 17, 18, 20, 21, 25, 26]
    W1: [ 0,  5,  7,  8,  9, 18, 20, 21, 25, 26] < [ 1,  2,  3,  4,  6, 19, 22, 23, 24, 27]
    W2: [ 0, 12, 13, 16, 17, 19, 22, 23, 28] > [ 1,  2,  9, 14, 15, 18, 20, 21, 27]
    W3: [ 0,  2,  9, 16, 17, 21, 24, 27, 28] = [ 3,  7,  8, 11, 12, 13, 22, 23, 25]
    W4: [ 0,  2,  6,  7,  9, 13, 14, 20, 24, 25, 26] = [ 3,  4, 10, 12, 15, 16, 18, 21, 23, 27, 28]
    Truth table row=[>, <, >, =, =] ix=184 result=[19+] is correct

Test 20-:
    W0: [ 0,  5,  7,  8,  9, 10, 11, 14, 15, 19, 22, 23, 24, 27] > [ 1,  2,  3,  4,  6, 12, 13, 16, 17, 18, 20, 21, 25, 26]
    W1: [ 0,  5,  7,  8,  9, 18, 20, 21, 25, 26] < [ 1,  2,  3,  4,  6, 19, 22, 23, 24, 27]
    W2: [ 0, 12, 13, 16, 17, 19, 22, 23, 28] > [ 1,  2,  9, 14, 15, 18, 20, 21, 27]
    W3: [ 0,  2,  9, 16, 17, 21, 24, 27, 28] = [ 3,  7,  8, 11, 12, 13, 22, 23, 25]
    W4: [ 0,  2,  6,  7,  9, 13, 14, 20, 24, 25, 26] < [ 3,  4, 10, 12, 15, 16, 18, 21, 23, 27, 28]
    Truth table row=[>, <, >, =, <] ix=183 result=[20-] is correct

Test 20+:
    W0: [ 0,  5,  7,  8,  9, 10, 11, 14, 15, 19, 22, 23, 24, 27] < [ 1,  2,  3,  4,  6, 12, 13, 16, 17, 18, 20, 21, 25, 26]
    W1: [ 0,  5,  7,  8,  9, 18, 20, 21, 25, 26] > [ 1,  2,  3,  4,  6, 19, 22, 23, 24, 27]
    W2: [ 0, 12, 13, 16, 17, 19, 22, 23, 28] < [ 1,  2,  9, 14, 15, 18, 20, 21, 27]
    W3: [ 0,  2,  9, 16, 17, 21, 24, 27, 28] = [ 3,  7,  8, 11, 12, 13, 22, 23, 25]
    W4: [ 0,  2,  6,  7,  9, 13, 14, 20, 24, 25, 26] > [ 3,  4, 10, 12, 15, 16, 18, 21, 23, 27, 28]
    Truth table row=[<, >, <, =, >] ix=59 result=[20+] is correct

Test 21-:
    W0: [ 0,  5,  7,  8,  9, 10, 11, 14, 15, 19, 22, 23, 24, 27] > [ 1,  2,  3,  4,  6, 12, 13, 16, 17, 18, 20, 21, 25, 26]
    W1: [ 0,  5,  7,  8,  9, 18, 20, 21, 25, 26] < [ 1,  2,  3,  4,  6, 19, 22, 23, 24, 27]
    W2: [ 0, 12, 13, 16, 17, 19, 22, 23, 28] > [ 1,  2,  9, 14, 15, 18, 20, 21, 27]
    W3: [ 0,  2,  9, 16, 17, 21, 24, 27, 28] < [ 3,  7,  8, 11, 12, 13, 22, 23, 25]
    W4: [ 0,  2,  6,  7,  9, 13, 14, 20, 24, 25, 26] > [ 3,  4, 10, 12, 15, 16, 18, 21, 23, 27, 28]
    Truth table row=[>, <, >, <, >] ix=182 result=[21-] is correct

Test 21+:
    W0: [ 0,  5,  7,  8,  9, 10, 11, 14, 15, 19, 22, 23, 24, 27] < [ 1,  2,  3,  4,  6, 12, 13, 16, 17, 18, 20, 21, 25, 26]
    W1: [ 0,  5,  7,  8,  9, 18, 20, 21, 25, 26] > [ 1,  2,  3,  4,  6, 19, 22, 23, 24, 27]
    W2: [ 0, 12, 13, 16, 17, 19, 22, 23, 28] < [ 1,  2,  9, 14, 15, 18, 20, 21, 27]
    W3: [ 0,  2,  9, 16, 17, 21, 24, 27, 28] > [ 3,  7,  8, 11, 12, 13, 22, 23, 25]
    W4: [ 0,  2,  6,  7,  9, 13, 14, 20, 24, 25, 26] < [ 3,  4, 10, 12, 15, 16, 18, 21, 23, 27, 28]
    Truth table row=[<, >, <, >, <] ix=60 result=[21+] is correct

Test 22-:
    W0: [ 0,  5,  7,  8,  9, 10, 11, 14, 15, 19, 22, 23, 24, 27] < [ 1,  2,  3,  4,  6, 12, 13, 16, 17, 18, 20, 21, 25, 26]
    W1: [ 0,  5,  7,  8,  9, 18, 20, 21, 25, 26] > [ 1,  2,  3,  4,  6, 19, 22, 23, 24, 27]
    W2: [ 0, 12, 13, 16, 17, 19, 22, 23, 28] < [ 1,  2,  9, 14, 15, 18, 20, 21, 27]
    W3: [ 0,  2,  9, 16, 17, 21, 24, 27, 28] > [ 3,  7,  8, 11, 12, 13, 22, 23, 25]
    W4: [ 0,  2,  6,  7,  9, 13, 14, 20, 24, 25, 26] = [ 3,  4, 10, 12, 15, 16, 18, 21, 23, 27, 28]
    Truth table row=[<, >, <, >, =] ix=61 result=[22-] is correct

Test 22+:
    W0: [ 0,  5,  7,  8,  9, 10, 11, 14, 15, 19, 22, 23, 24, 27] > [ 1,  2,  3,  4,  6, 12, 13, 16, 17, 18, 20, 21, 25, 26]
    W1: [ 0,  5,  7,  8,  9, 18, 20, 21, 25, 26] < [ 1,  2,  3,  4,  6, 19, 22, 23, 24, 27]
    W2: [ 0, 12, 13, 16, 17, 19, 22, 23, 28] > [ 1,  2,  9, 14, 15, 18, 20, 21, 27]
    W3: [ 0,  2,  9, 16, 17, 21, 24, 27, 28] < [ 3,  7,  8, 11, 12, 13, 22, 23, 25]
    W4: [ 0,  2,  6,  7,  9, 13, 14, 20, 24, 25, 26] = [ 3,  4, 10, 12, 15, 16, 18, 21, 23, 27, 28]
    Truth table row=[>, <, >, <, =] ix=181 result=[22+] is correct

Test 23-:
    W0: [ 0,  5,  7,  8,  9, 10, 11, 14, 15, 19, 22, 23, 24, 27] < [ 1,  2,  3,  4,  6, 12, 13, 16, 17, 18, 20, 21, 25, 26]
    W1: [ 0,  5,  7,  8,  9, 18, 20, 21, 25, 26] > [ 1,  2,  3,  4,  6, 19, 22, 23, 24, 27]
    W2: [ 0, 12, 13, 16, 17, 19, 22, 23, 28] < [ 1,  2,  9, 14, 15, 18, 20, 21, 27]
    W3: [ 0,  2,  9, 16, 17, 21, 24, 27, 28] > [ 3,  7,  8, 11, 12, 13, 22, 23, 25]
    W4: [ 0,  2,  6,  7,  9, 13, 14, 20, 24, 25, 26] > [ 3,  4, 10, 12, 15, 16, 18, 21, 23, 27, 28]
    Truth table row=[<, >, <, >, >] ix=62 result=[23-] is correct

Test 23+:
    W0: [ 0,  5,  7,  8,  9, 10, 11, 14, 15, 19, 22, 23, 24, 27] > [ 1,  2,  3,  4,  6, 12, 13, 16, 17, 18, 20, 21, 25, 26]
    W1: [ 0,  5,  7,  8,  9, 18, 20, 21, 25, 26] < [ 1,  2,  3,  4,  6, 19, 22, 23, 24, 27]
    W2: [ 0, 12, 13, 16, 17, 19, 22, 23, 28] > [ 1,  2,  9, 14, 15, 18, 20, 21, 27]
    W3: [ 0,  2,  9, 16, 17, 21, 24, 27, 28] < [ 3,  7,  8, 11, 12, 13, 22, 23, 25]
    W4: [ 0,  2,  6,  7,  9, 13, 14, 20, 24, 25, 26] < [ 3,  4, 10, 12, 15, 16, 18, 21, 23, 27, 28]
    Truth table row=[>, <, >, <, <] ix=180 result=[23+] is correct

Test 24-:
    W0: [ 0,  5,  7,  8,  9, 10, 11, 14, 15, 19, 22, 23, 24, 27] < [ 1,  2,  3,  4,  6, 12, 13, 16, 17, 18, 20, 21, 25, 26]
    W1: [ 0,  5,  7,  8,  9, 18, 20, 21, 25, 26] > [ 1,  2,  3,  4,  6, 19, 22, 23, 24, 27]
    W2: [ 0, 12, 13, 16, 17, 19, 22, 23, 28] = [ 1,  2,  9, 14, 15, 18, 20, 21, 27]
    W3: [ 0,  2,  9, 16, 17, 21, 24, 27, 28] < [ 3,  7,  8, 11, 12, 13, 22, 23, 25]
    W4: [ 0,  2,  6,  7,  9, 13, 14, 20, 24, 25, 26] < [ 3,  4, 10, 12, 15, 16, 18, 21, 23, 27, 28]
    Truth table row=[<, >, =, <, <] ix=63 result=[24-] is correct

Test 24+:
    W0: [ 0,  5,  7,  8,  9, 10, 11, 14, 15, 19, 22, 23, 24, 27] > [ 1,  2,  3,  4,  6, 12, 13, 16, 17, 18, 20, 21, 25, 26]
    W1: [ 0,  5,  7,  8,  9, 18, 20, 21, 25, 26] < [ 1,  2,  3,  4,  6, 19, 22, 23, 24, 27]
    W2: [ 0, 12, 13, 16, 17, 19, 22, 23, 28] = [ 1,  2,  9, 14, 15, 18, 20, 21, 27]
    W3: [ 0,  2,  9, 16, 17, 21, 24, 27, 28] > [ 3,  7,  8, 11, 12, 13, 22, 23, 25]
    W4: [ 0,  2,  6,  7,  9, 13, 14, 20, 24, 25, 26] > [ 3,  4, 10, 12, 15, 16, 18, 21, 23, 27, 28]
    Truth table row=[>, <, =, >, >] ix=179 result=[24+] is correct

Test 25-:
    W0: [ 0,  5,  7,  8,  9, 10, 11, 14, 15, 19, 22, 23, 24, 27] > [ 1,  2,  3,  4,  6, 12, 13, 16, 17, 18, 20, 21, 25, 26]
    W1: [ 0,  5,  7,  8,  9, 18, 20, 21, 25, 26] < [ 1,  2,  3,  4,  6, 19, 22, 23, 24, 27]
    W2: [ 0, 12, 13, 16, 17, 19, 22, 23, 28] = [ 1,  2,  9, 14, 15, 18, 20, 21, 27]
    W3: [ 0,  2,  9, 16, 17, 21, 24, 27, 28] > [ 3,  7,  8, 11, 12, 13, 22, 23, 25]
    W4: [ 0,  2,  6,  7,  9, 13, 14, 20, 24, 25, 26] < [ 3,  4, 10, 12, 15, 16, 18, 21, 23, 27, 28]
    Truth table row=[>, <, =, >, <] ix=177 result=[25-] is correct

Test 25+:
    W0: [ 0,  5,  7,  8,  9, 10, 11, 14, 15, 19, 22, 23, 24, 27] < [ 1,  2,  3,  4,  6, 12, 13, 16, 17, 18, 20, 21, 25, 26]
    W1: [ 0,  5,  7,  8,  9, 18, 20, 21, 25, 26] > [ 1,  2,  3,  4,  6, 19, 22, 23, 24, 27]
    W2: [ 0, 12, 13, 16, 17, 19, 22, 23, 28] = [ 1,  2,  9, 14, 15, 18, 20, 21, 27]
    W3: [ 0,  2,  9, 16, 17, 21, 24, 27, 28] < [ 3,  7,  8, 11, 12, 13, 22, 23, 25]
    W4: [ 0,  2,  6,  7,  9, 13, 14, 20, 24, 25, 26] > [ 3,  4, 10, 12, 15, 16, 18, 21, 23, 27, 28]
    Truth table row=[<, >, =, <, >] ix=65 result=[25+] is correct

Test 26-:
    W0: [ 0,  5,  7,  8,  9, 10, 11, 14, 15, 19, 22, 23, 24, 27] > [ 1,  2,  3,  4,  6, 12, 13, 16, 17, 18, 20, 21, 25, 26]
    W1: [ 0,  5,  7,  8,  9, 18, 20, 21, 25, 26] < [ 1,  2,  3,  4,  6, 19, 22, 23, 24, 27]
    W2: [ 0, 12, 13, 16, 17, 19, 22, 23, 28] = [ 1,  2,  9, 14, 15, 18, 20, 21, 27]
    W3: [ 0,  2,  9, 16, 17, 21, 24, 27, 28] = [ 3,  7,  8, 11, 12, 13, 22, 23, 25]
    W4: [ 0,  2,  6,  7,  9, 13, 14, 20, 24, 25, 26] < [ 3,  4, 10, 12, 15, 16, 18, 21, 23, 27, 28]
    Truth table row=[>, <, =, =, <] ix=174 result=[26-] is correct

Test 26+:
    W0: [ 0,  5,  7,  8,  9, 10, 11, 14, 15, 19, 22, 23, 24, 27] < [ 1,  2,  3,  4,  6, 12, 13, 16, 17, 18, 20, 21, 25, 26]
    W1: [ 0,  5,  7,  8,  9, 18, 20, 21, 25, 26] > [ 1,  2,  3,  4,  6, 19, 22, 23, 24, 27]
    W2: [ 0, 12, 13, 16, 17, 19, 22, 23, 28] = [ 1,  2,  9, 14, 15, 18, 20, 21, 27]
    W3: [ 0,  2,  9, 16, 17, 21, 24, 27, 28] = [ 3,  7,  8, 11, 12, 13, 22, 23, 25]
    W4: [ 0,  2,  6,  7,  9, 13, 14, 20, 24, 25, 26] > [ 3,  4, 10, 12, 15, 16, 18, 21, 23, 27, 28]
    Truth table row=[<, >, =, =, >] ix=68 result=[26+] is correct

Test 27-:
    W0: [ 0,  5,  7,  8,  9, 10, 11, 14, 15, 19, 22, 23, 24, 27] < [ 1,  2,  3,  4,  6, 12, 13, 16, 17, 18, 20, 21, 25, 26]
    W1: [ 0,  5,  7,  8,  9, 18, 20, 21, 25, 26] > [ 1,  2,  3,  4,  6, 19, 22, 23, 24, 27]
    W2: [ 0, 12, 13, 16, 17, 19, 22, 23, 28] > [ 1,  2,  9, 14, 15, 18, 20, 21, 27]
    W3: [ 0,  2,  9, 16, 17, 21, 24, 27, 28] < [ 3,  7,  8, 11, 12, 13, 22, 23, 25]
    W4: [ 0,  2,  6,  7,  9, 13, 14, 20, 24, 25, 26] > [ 3,  4, 10, 12, 15, 16, 18, 21, 23, 27, 28]
    Truth table row=[<, >, >, <, >] ix=74 result=[27-] is correct

Test 27+:
    W0: [ 0,  5,  7,  8,  9, 10, 11, 14, 15, 19, 22, 23, 24, 27] > [ 1,  2,  3,  4,  6, 12, 13, 16, 17, 18, 20, 21, 25, 26]
    W1: [ 0,  5,  7,  8,  9, 18, 20, 21, 25, 26] < [ 1,  2,  3,  4,  6, 19, 22, 23, 24, 27]
    W2: [ 0, 12, 13, 16, 17, 19, 22, 23, 28] < [ 1,  2,  9, 14, 15, 18, 20, 21, 27]
    W3: [ 0,  2,  9, 16, 17, 21, 24, 27, 28] > [ 3,  7,  8, 11, 12, 13, 22, 23, 25]
    W4: [ 0,  2,  6,  7,  9, 13, 14, 20, 24, 25, 26] < [ 3,  4, 10, 12, 15, 16, 18, 21, 23, 27, 28]
    Truth table row=[>, <, <, >, <] ix=168 result=[27+] is correct

Test 28-:
    W0: [ 0,  5,  7,  8,  9, 10, 11, 14, 15, 19, 22, 23, 24, 27] = [ 1,  2,  3,  4,  6, 12, 13, 16, 17, 18, 20, 21, 25, 26]
    W1: [ 0,  5,  7,  8,  9, 18, 20, 21, 25, 26] = [ 1,  2,  3,  4,  6, 19, 22, 23, 24, 27]
    W2: [ 0, 12, 13, 16, 17, 19, 22, 23, 28] < [ 1,  2,  9, 14, 15, 18, 20, 21, 27]
    W3: [ 0,  2,  9, 16, 17, 21, 24, 27, 28] < [ 3,  7,  8, 11, 12, 13, 22, 23, 25]
    W4: [ 0,  2,  6,  7,  9, 13, 14, 20, 24, 25, 26] > [ 3,  4, 10, 12, 15, 16, 18, 21, 23, 27, 28]
    Truth table row=[=, =, <, <, >] ix=110 result=[28-] is correct

Test 28+:
    W0: [ 0,  5,  7,  8,  9, 10, 11, 14, 15, 19, 22, 23, 24, 27] = [ 1,  2,  3,  4,  6, 12, 13, 16, 17, 18, 20, 21, 25, 26]
    W1: [ 0,  5,  7,  8,  9, 18, 20, 21, 25, 26] = [ 1,  2,  3,  4,  6, 19, 22, 23, 24, 27]
    W2: [ 0, 12, 13, 16, 17, 19, 22, 23, 28] > [ 1,  2,  9, 14, 15, 18, 20, 21, 27]
    W3: [ 0,  2,  9, 16, 17, 21, 24, 27, 28] > [ 3,  7,  8, 11, 12, 13, 22, 23, 25]
    W4: [ 0,  2,  6,  7,  9, 13, 14, 20, 24, 25, 26] < [ 3,  4, 10, 12, 15, 16, 18, 21, 23, 27, 28]
    Truth table row=[=, =, >, >, <] ix=132 result=[28+] is correct

Total correct results: 58
Total incorrect results: 0
