Solving for 29 balls and 4 weighings

Solution:
W0: [ 0,  2,  4,  6,  8, 10, 12, 14, 16, 18, 20, 22, 24] <=> [ 1,  3,  5,  7,  9, 11, 13, 15, 17, 19, 21, 23, 25]
W1: [ 0,  1,  6,  8, 15, 16, 17, 19, 21, 28] <=> [ 2,  3,  5,  7,  9, 10, 12, 14, 23, 27]
W2: [ 6,  7,  9, 11, 12, 17, 19, 20, 24, 27] <=> [ 1,  3,  5,  8, 14, 18, 21, 22, 25, 26]
W3: [ 3,  9, 11, 12, 14, 17, 20, 21, 22, 27] <=> [ 2,  5,  7, 13, 15, 16, 23, 24, 26, 28]

Truth Table:
ix  W0  W1  W2  W3   Result
 0   <   <   <   <   5+
 1   <   <   <   =   6-
 2   <   <   <   >   3+
 3   <   <   =   <   23+
 4   <   <   =   =   0-
 5   <   <   =   >   16-
 6   <   <   >   <   7+
 7   <   <   >   =   8-
 8   <   <   >   >   9+
 9   <   =   <   <   20-
10   <   =   <   =   25+
11   <   =   <   >   24-
12   <   =   =   <   13+
13   <   =   =   =   4-
14   <   =   =   >
15   <   =   >   <   22-
16   <   =   >   =   18-
17   <   =   >   >   11+
18   <   >   <   <   12-
19   <   >   <   =   1+
20   <   >   <   >   21+
21   <   >   =   <   15+
22   <   >   =   =   10-
23   <   >   =   >   2-
24   <   >   >   <   14-
25   <   >   >   =   19+
26   <   >   >   >   17+
27   =   <   <   <
28   =   <   <   =
29   =   <   <   >
30   =   <   =   <
31   =   <   =   =
32   =   <   =   >   28-
33   =   <   >   <
34   =   <   >   =
35   =   <   >   >   27+
36   =   =   <   <   26+
37   =   =   <   =
38   =   =   <   >
39   =   =   =   <
40   =   =   =   =
41   =   =   =   >
42   =   =   >   <
43   =   =   >   =
44   =   =   >   >   26-
45   =   >   <   <   27-
46   =   >   <   =
47   =   >   <   >
48   =   >   =   <   28+
49   =   >   =   =
50   =   >   =   >
51   =   >   >   <
52   =   >   >   =
53   =   >   >   >
54   >   <   <   <   17-
55   >   <   <   =   19-
56   >   <   <   >   14+
57   >   <   =   <   2+
58   >   <   =   =   10+
59   >   <   =   >   15-
60   >   <   >   <   21-
61   >   <   >   =   1-
62   >   <   >   >   12+
63   >   =   <   <   11-
64   >   =   <   =   18+
65   >   =   <   >   22+
66   >   =   =   <
67   >   =   =   =   4+
68   >   =   =   >   13-
69   >   =   >   <   24+
70   >   =   >   =   25-
71   >   =   >   >   20+
72   >   >   <   <   9-
73   >   >   <   =   8+
74   >   >   <   >   7-
75   >   >   =   <   16+
76   >   >   =   =   0+
77   >   >   =   >   23-
78   >   >   >   <   3-
79   >   >   >   =   6+
80   >   >   >   >   5-

Test 0-:
    W0: [ 0,  2,  4,  6,  8, 10, 12, 14, 16, 18, 20, 22, 24] < [ 1,  3,  5,  7,  9, 11, 13, 15, 17, 19, 21, 23, 25]
    W1: [ 0,  1,  6,  8, 15, 16, 17, 19, 21, 28] < [ 2,  3,  5,  7,  9, 10, 12, 14, 23, 27]
    W2: [ 6,  7,  9, 11, 12, 17, 19, 20, 24, 27] = [ 1,  3,  5,  8, 14, 18, 21, 22, 25, 26]
    W3: [ 3,  9, 11, 12, 14, 17, 20, 21, 22, 27] = [ 2,  5,  7, 13, 15, 16, 23, 24, 26, 28]
    Truth table result: ['0-'] is correct

Test 0+:
    W0: [ 0,  2,  4,  6,  8, 10, 12, 14, 16, 18, 20, 22, 24] > [ 1,  3,  5,  7,  9, 11, 13, 15, 17, 19, 21, 23, 25]
    W1: [ 0,  1,  6,  8, 15, 16, 17, 19, 21, 28] > [ 2,  3,  5,  7,  9, 10, 12, 14, 23, 27]
    W2: [ 6,  7,  9, 11, 12, 17, 19, 20, 24, 27] = [ 1,  3,  5,  8, 14, 18, 21, 22, 25, 26]
    W3: [ 3,  9, 11, 12, 14, 17, 20, 21, 22, 27] = [ 2,  5,  7, 13, 15, 16, 23, 24, 26, 28]
    Truth table result: ['0+'] is correct

Test 1-:
    W0: [ 0,  2,  4,  6,  8, 10, 12, 14, 16, 18, 20, 22, 24] > [ 1,  3,  5,  7,  9, 11, 13, 15, 17, 19, 21, 23, 25]
    W1: [ 0,  1,  6,  8, 15, 16, 17, 19, 21, 28] < [ 2,  3,  5,  7,  9, 10, 12, 14, 23, 27]
    W2: [ 6,  7,  9, 11, 12, 17, 19, 20, 24, 27] > [ 1,  3,  5,  8, 14, 18, 21, 22, 25, 26]
    W3: [ 3,  9, 11, 12, 14, 17, 20, 21, 22, 27] = [ 2,  5,  7, 13, 15, 16, 23, 24, 26, 28]
    Truth table result: ['1-'] is correct

Test 1+:
    W0: [ 0,  2,  4,  6,  8, 10, 12, 14, 16, 18, 20, 22, 24] < [ 1,  3,  5,  7,  9, 11, 13, 15, 17, 19, 21, 23, 25]
    W1: [ 0,  1,  6,  8, 15, 16, 17, 19, 21, 28] > [ 2,  3,  5,  7,  9, 10, 12, 14, 23, 27]
    W2: [ 6,  7,  9, 11, 12, 17, 19, 20, 24, 27] < [ 1,  3,  5,  8, 14, 18, 21, 22, 25, 26]
    W3: [ 3,  9, 11, 12, 14, 17, 20, 21, 22, 27] = [ 2,  5,  7, 13, 15, 16, 23, 24, 26, 28]
    Truth table result: ['1+'] is correct

Test 2-:
    W0: [ 0,  2,  4,  6,  8, 10, 12, 14, 16, 18, 20, 22, 24] < [ 1,  3,  5,  7,  9, 11, 13, 15, 17, 19, 21, 23, 25]
    W1: [ 0,  1,  6,  8, 15, 16, 17, 19, 21, 28] > [ 2,  3,  5,  7,  9, 10, 12, 14, 23, 27]
    W2: [ 6,  7,  9, 11, 12, 17, 19, 20, 24, 27] = [ 1,  3,  5,  8, 14, 18, 21, 22, 25, 26]
    W3: [ 3,  9, 11, 12, 14, 17, 20, 21, 22, 27] > [ 2,  5,  7, 13, 15, 16, 23, 24, 26, 28]
    Truth table result: ['2-'] is correct

Test 2+:
    W0: [ 0,  2,  4,  6,  8, 10, 12, 14, 16, 18, 20, 22, 24] > [ 1,  3,  5,  7,  9, 11, 13, 15, 17, 19, 21, 23, 25]
    W1: [ 0,  1,  6,  8, 15, 16, 17, 19, 21, 28] < [ 2,  3,  5,  7,  9, 10, 12, 14, 23, 27]
    W2: [ 6,  7,  9, 11, 12, 17, 19, 20, 24, 27] = [ 1,  3,  5,  8, 14, 18, 21, 22, 25, 26]
    W3: [ 3,  9, 11, 12, 14, 17, 20, 21, 22, 27] < [ 2,  5,  7, 13, 15, 16, 23, 24, 26, 28]
    Truth table result: ['2+'] is correct

Test 3-:
    W0: [ 0,  2,  4,  6,  8, 10, 12, 14, 16, 18, 20, 22, 24] > [ 1,  3,  5,  7,  9, 11, 13, 15, 17, 19, 21, 23, 25]
    W1: [ 0,  1,  6,  8, 15, 16, 17, 19, 21, 28] > [ 2,  3,  5,  7,  9, 10, 12, 14, 23, 27]
    W2: [ 6,  7,  9, 11, 12, 17, 19, 20, 24, 27] > [ 1,  3,  5,  8, 14, 18, 21, 22, 25, 26]
    W3: [ 3,  9, 11, 12, 14, 17, 20, 21, 22, 27] < [ 2,  5,  7, 13, 15, 16, 23, 24, 26, 28]
    Truth table result: ['3-'] is correct

Test 3+:
    W0: [ 0,  2,  4,  6,  8, 10, 12, 14, 16, 18, 20, 22, 24] < [ 1,  3,  5,  7,  9, 11, 13, 15, 17, 19, 21, 23, 25]
    W1: [ 0,  1,  6,  8, 15, 16, 17, 19, 21, 28] < [ 2,  3,  5,  7,  9, 10, 12, 14, 23, 27]
    W2: [ 6,  7,  9, 11, 12, 17, 19, 20, 24, 27] < [ 1,  3,  5,  8, 14, 18, 21, 22, 25, 26]
    W3: [ 3,  9, 11, 12, 14, 17, 20, 21, 22, 27] > [ 2,  5,  7, 13, 15, 16, 23, 24, 26, 28]
    Truth table result: ['3+'] is correct

Test 4-:
    W0: [ 0,  2,  4,  6,  8, 10, 12, 14, 16, 18, 20, 22, 24] < [ 1,  3,  5,  7,  9, 11, 13, 15, 17, 19, 21, 23, 25]
    W1: [ 0,  1,  6,  8, 15, 16, 17, 19, 21, 28] = [ 2,  3,  5,  7,  9, 10, 12, 14, 23, 27]
    W2: [ 6,  7,  9, 11, 12, 17, 19, 20, 24, 27] = [ 1,  3,  5,  8, 14, 18, 21, 22, 25, 26]
    W3: [ 3,  9, 11, 12, 14, 17, 20, 21, 22, 27] = [ 2,  5,  7, 13, 15, 16, 23, 24, 26, 28]
    Truth table result: ['4-'] is correct

Test 4+:
    W0: [ 0,  2,  4,  6,  8, 10, 12, 14, 16, 18, 20, 22, 24] > [ 1,  3,  5,  7,  9, 11, 13, 15, 17, 19, 21, 23, 25]
    W1: [ 0,  1,  6,  8, 15, 16, 17, 19, 21, 28] = [ 2,  3,  5,  7,  9, 10, 12, 14, 23, 27]
    W2: [ 6,  7,  9, 11, 12, 17, 19, 20, 24, 27] = [ 1,  3,  5,  8, 14, 18, 21, 22, 25, 26]
    W3: [ 3,  9, 11, 12, 14, 17, 20, 21, 22, 27] = [ 2,  5,  7, 13, 15, 16, 23, 24, 26, 28]
    Truth table result: ['4+'] is correct

Test 5-:
    W0: [ 0,  2,  4,  6,  8, 10, 12, 14, 16, 18, 20, 22, 24] > [ 1,  3,  5,  7,  9, 11, 13, 15, 17, 19, 21, 23, 25]
    W1: [ 0,  1,  6,  8, 15, 16, 17, 19, 21, 28] > [ 2,  3,  5,  7,  9, 10, 12, 14, 23, 27]
    W2: [ 6,  7,  9, 11, 12, 17, 19, 20, 24, 27] > [ 1,  3,  5,  8, 14, 18, 21, 22, 25, 26]
    W3: [ 3,  9, 11, 12, 14, 17, 20, 21, 22, 27] > [ 2,  5,  7, 13, 15, 16, 23, 24, 26, 28]
    Truth table result: ['5-'] is correct

Test 5+:
    W0: [ 0,  2,  4,  6,  8, 10, 12, 14, 16, 18, 20, 22, 24] < [ 1,  3,  5,  7,  9, 11, 13, 15, 17, 19, 21, 23, 25]
    W1: [ 0,  1,  6,  8, 15, 16, 17, 19, 21, 28] < [ 2,  3,  5,  7,  9, 10, 12, 14, 23, 27]
    W2: [ 6,  7,  9, 11, 12, 17, 19, 20, 24, 27] < [ 1,  3,  5,  8, 14, 18, 21, 22, 25, 26]
    W3: [ 3,  9, 11, 12, 14, 17, 20, 21, 22, 27] < [ 2,  5,  7, 13, 15, 16, 23, 24, 26, 28]
    Truth table result: ['5+'] is correct

Test 6-:
    W0: [ 0,  2,  4,  6,  8, 10, 12, 14, 16, 18, 20, 22, 24] < [ 1,  3,  5,  7,  9, 11, 13, 15, 17, 19, 21, 23, 25]
    W1: [ 0,  1,  6,  8, 15, 16, 17, 19, 21, 28] < [ 2,  3,  5,  7,  9, 10, 12, 14, 23, 27]
    W2: [ 6,  7,  9, 11, 12, 17, 19, 20, 24, 27] < [ 1,  3,  5,  8, 14, 18, 21, 22, 25, 26]
    W3: [ 3,  9, 11, 12, 14, 17, 20, 21, 22, 27] = [ 2,  5,  7, 13, 15, 16, 23, 24, 26, 28]
    Truth table result: ['6-'] is correct

Test 6+:
    W0: [ 0,  2,  4,  6,  8, 10, 12, 14, 16, 18, 20, 22, 24] > [ 1,  3,  5,  7,  9, 11, 13, 15, 17, 19, 21, 23, 25]
    W1: [ 0,  1,  6,  8, 15, 16, 17, 19, 21, 28] > [ 2,  3,  5,  7,  9, 10, 12, 14, 23, 27]
    W2: [ 6,  7,  9, 11, 12, 17, 19, 20, 24, 27] > [ 1,  3,  5,  8, 14, 18, 21, 22, 25, 26]
    W3: [ 3,  9, 11, 12, 14, 17, 20, 21, 22, 27] = [ 2,  5,  7, 13, 15, 16, 23, 24, 26, 28]
    Truth table result: ['6+'] is correct

Test 7-:
    W0: [ 0,  2,  4,  6,  8, 10, 12, 14, 16, 18, 20, 22, 24] > [ 1,  3,  5,  7,  9, 11, 13, 15, 17, 19, 21, 23, 25]
    W1: [ 0,  1,  6,  8, 15, 16, 17, 19, 21, 28] > [ 2,  3,  5,  7,  9, 10, 12, 14, 23, 27]
    W2: [ 6,  7,  9, 11, 12, 17, 19, 20, 24, 27] < [ 1,  3,  5,  8, 14, 18, 21, 22, 25, 26]
    W3: [ 3,  9, 11, 12, 14, 17, 20, 21, 22, 27] > [ 2,  5,  7, 13, 15, 16, 23, 24, 26, 28]
    Truth table result: ['7-'] is correct

Test 7+:
    W0: [ 0,  2,  4,  6,  8, 10, 12, 14, 16, 18, 20, 22, 24] < [ 1,  3,  5,  7,  9, 11, 13, 15, 17, 19, 21, 23, 25]
    W1: [ 0,  1,  6,  8, 15, 16, 17, 19, 21, 28] < [ 2,  3,  5,  7,  9, 10, 12, 14, 23, 27]
    W2: [ 6,  7,  9, 11, 12, 17, 19, 20, 24, 27] > [ 1,  3,  5,  8, 14, 18, 21, 22, 25, 26]
    W3: [ 3,  9, 11, 12, 14, 17, 20, 21, 22, 27] < [ 2,  5,  7, 13, 15, 16, 23, 24, 26, 28]
    Truth table result: ['7+'] is correct

Test 8-:
    W0: [ 0,  2,  4,  6,  8, 10, 12, 14, 16, 18, 20, 22, 24] < [ 1,  3,  5,  7,  9, 11, 13, 15, 17, 19, 21, 23, 25]
    W1: [ 0,  1,  6,  8, 15, 16, 17, 19, 21, 28] < [ 2,  3,  5,  7,  9, 10, 12, 14, 23, 27]
    W2: [ 6,  7,  9, 11, 12, 17, 19, 20, 24, 27] > [ 1,  3,  5,  8, 14, 18, 21, 22, 25, 26]
    W3: [ 3,  9, 11, 12, 14, 17, 20, 21, 22, 27] = [ 2,  5,  7, 13, 15, 16, 23, 24, 26, 28]
    Truth table result: ['8-'] is correct

Test 8+:
    W0: [ 0,  2,  4,  6,  8, 10, 12, 14, 16, 18, 20, 22, 24] > [ 1,  3,  5,  7,  9, 11, 13, 15, 17, 19, 21, 23, 25]
    W1: [ 0,  1,  6,  8, 15, 16, 17, 19, 21, 28] > [ 2,  3,  5,  7,  9, 10, 12, 14, 23, 27]
    W2: [ 6,  7,  9, 11, 12, 17, 19, 20, 24, 27] < [ 1,  3,  5,  8, 14, 18, 21, 22, 25, 26]
    W3: [ 3,  9, 11, 12, 14, 17, 20, 21, 22, 27] = [ 2,  5,  7, 13, 15, 16, 23, 24, 26, 28]
    Truth table result: ['8+'] is correct

Test 9-:
    W0: [ 0,  2,  4,  6,  8, 10, 12, 14, 16, 18, 20, 22, 24] > [ 1,  3,  5,  7,  9, 11, 13, 15, 17, 19, 21, 23, 25]
    W1: [ 0,  1,  6,  8, 15, 16, 17, 19, 21, 28] > [ 2,  3,  5,  7,  9, 10, 12, 14, 23, 27]
    W2: [ 6,  7,  9, 11, 12, 17, 19, 20, 24, 27] < [ 1,  3,  5,  8, 14, 18, 21, 22, 25, 26]
    W3: [ 3,  9, 11, 12, 14, 17, 20, 21, 22, 27] < [ 2,  5,  7, 13, 15, 16, 23, 24, 26, 28]
    Truth table result: ['9-'] is correct

Test 9+:
    W0: [ 0,  2,  4,  6,  8, 10, 12, 14, 16, 18, 20, 22, 24] < [ 1,  3,  5,  7,  9, 11, 13, 15, 17, 19, 21, 23, 25]
    W1: [ 0,  1,  6,  8, 15, 16, 17, 19, 21, 28] < [ 2,  3,  5,  7,  9, 10, 12, 14, 23, 27]
    W2: [ 6,  7,  9, 11, 12, 17, 19, 20, 24, 27] > [ 1,  3,  5,  8, 14, 18, 21, 22, 25, 26]
    W3: [ 3,  9, 11, 12, 14, 17, 20, 21, 22, 27] > [ 2,  5,  7, 13, 15, 16, 23, 24, 26, 28]
    Truth table result: ['9+'] is correct

Test 10-:
    W0: [ 0,  2,  4,  6,  8, 10, 12, 14, 16, 18, 20, 22, 24] < [ 1,  3,  5,  7,  9, 11, 13, 15, 17, 19, 21, 23, 25]
    W1: [ 0,  1,  6,  8, 15, 16, 17, 19, 21, 28] > [ 2,  3,  5,  7,  9, 10, 12, 14, 23, 27]
    W2: [ 6,  7,  9, 11, 12, 17, 19, 20, 24, 27] = [ 1,  3,  5,  8, 14, 18, 21, 22, 25, 26]
    W3: [ 3,  9, 11, 12, 14, 17, 20, 21, 22, 27] = [ 2,  5,  7, 13, 15, 16, 23, 24, 26, 28]
    Truth table result: ['10-'] is correct

Test 10+:
    W0: [ 0,  2,  4,  6,  8, 10, 12, 14, 16, 18, 20, 22, 24] > [ 1,  3,  5,  7,  9, 11, 13, 15, 17, 19, 21, 23, 25]
    W1: [ 0,  1,  6,  8, 15, 16, 17, 19, 21, 28] < [ 2,  3,  5,  7,  9, 10, 12, 14, 23, 27]
    W2: [ 6,  7,  9, 11, 12, 17, 19, 20, 24, 27] = [ 1,  3,  5,  8, 14, 18, 21, 22, 25, 26]
    W3: [ 3,  9, 11, 12, 14, 17, 20, 21, 22, 27] = [ 2,  5,  7, 13, 15, 16, 23, 24, 26, 28]
    Truth table result: ['10+'] is correct

Test 11-:
    W0: [ 0,  2,  4,  6,  8, 10, 12, 14, 16, 18, 20, 22, 24] > [ 1,  3,  5,  7,  9, 11, 13, 15, 17, 19, 21, 23, 25]
    W1: [ 0,  1,  6,  8, 15, 16, 17, 19, 21, 28] = [ 2,  3,  5,  7,  9, 10, 12, 14, 23, 27]
    W2: [ 6,  7,  9, 11, 12, 17, 19, 20, 24, 27] < [ 1,  3,  5,  8, 14, 18, 21, 22, 25, 26]
    W3: [ 3,  9, 11, 12, 14, 17, 20, 21, 22, 27] < [ 2,  5,  7, 13, 15, 16, 23, 24, 26, 28]
    Truth table result: ['11-'] is correct

Test 11+:
    W0: [ 0,  2,  4,  6,  8, 10, 12, 14, 16, 18, 20, 22, 24] < [ 1,  3,  5,  7,  9, 11, 13, 15, 17, 19, 21, 23, 25]
    W1: [ 0,  1,  6,  8, 15, 16, 17, 19, 21, 28] = [ 2,  3,  5,  7,  9, 10, 12, 14, 23, 27]
    W2: [ 6,  7,  9, 11, 12, 17, 19, 20, 24, 27] > [ 1,  3,  5,  8, 14, 18, 21, 22, 25, 26]
    W3: [ 3,  9, 11, 12, 14, 17, 20, 21, 22, 27] > [ 2,  5,  7, 13, 15, 16, 23, 24, 26, 28]
    Truth table result: ['11+'] is correct

Test 12-:
    W0: [ 0,  2,  4,  6,  8, 10, 12, 14, 16, 18, 20, 22, 24] < [ 1,  3,  5,  7,  9, 11, 13, 15, 17, 19, 21, 23, 25]
    W1: [ 0,  1,  6,  8, 15, 16, 17, 19, 21, 28] > [ 2,  3,  5,  7,  9, 10, 12, 14, 23, 27]
    W2: [ 6,  7,  9, 11, 12, 17, 19, 20, 24, 27] < [ 1,  3,  5,  8, 14, 18, 21, 22, 25, 26]
    W3: [ 3,  9, 11, 12, 14, 17, 20, 21, 22, 27] < [ 2,  5,  7, 13, 15, 16, 23, 24, 26, 28]
    Truth table result: ['12-'] is correct

Test 12+:
    W0: [ 0,  2,  4,  6,  8, 10, 12, 14, 16, 18, 20, 22, 24] > [ 1,  3,  5,  7,  9, 11, 13, 15, 17, 19, 21, 23, 25]
    W1: [ 0,  1,  6,  8, 15, 16, 17, 19, 21, 28] < [ 2,  3,  5,  7,  9, 10, 12, 14, 23, 27]
    W2: [ 6,  7,  9, 11, 12, 17, 19, 20, 24, 27] > [ 1,  3,  5,  8, 14, 18, 21, 22, 25, 26]
    W3: [ 3,  9, 11, 12, 14, 17, 20, 21, 22, 27] > [ 2,  5,  7, 13, 15, 16, 23, 24, 26, 28]
    Truth table result: ['12+'] is correct

Test 13-:
    W0: [ 0,  2,  4,  6,  8, 10, 12, 14, 16, 18, 20, 22, 24] > [ 1,  3,  5,  7,  9, 11, 13, 15, 17, 19, 21, 23, 25]
    W1: [ 0,  1,  6,  8, 15, 16, 17, 19, 21, 28] = [ 2,  3,  5,  7,  9, 10, 12, 14, 23, 27]
    W2: [ 6,  7,  9, 11, 12, 17, 19, 20, 24, 27] = [ 1,  3,  5,  8, 14, 18, 21, 22, 25, 26]
    W3: [ 3,  9, 11, 12, 14, 17, 20, 21, 22, 27] > [ 2,  5,  7, 13, 15, 16, 23, 24, 26, 28]
    Truth table result: ['13-'] is correct

Test 13+:
    W0: [ 0,  2,  4,  6,  8, 10, 12, 14, 16, 18, 20, 22, 24] < [ 1,  3,  5,  7,  9, 11, 13, 15, 17, 19, 21, 23, 25]
    W1: [ 0,  1,  6,  8, 15, 16, 17, 19, 21, 28] = [ 2,  3,  5,  7,  9, 10, 12, 14, 23, 27]
    W2: [ 6,  7,  9, 11, 12, 17, 19, 20, 24, 27] = [ 1,  3,  5,  8, 14, 18, 21, 22, 25, 26]
    W3: [ 3,  9, 11, 12, 14, 17, 20, 21, 22, 27] < [ 2,  5,  7, 13, 15, 16, 23, 24, 26, 28]
    Truth table result: ['13+'] is correct

Test 14-:
    W0: [ 0,  2,  4,  6,  8, 10, 12, 14, 16, 18, 20, 22, 24] < [ 1,  3,  5,  7,  9, 11, 13, 15, 17, 19, 21, 23, 25]
    W1: [ 0,  1,  6,  8, 15, 16, 17, 19, 21, 28] > [ 2,  3,  5,  7,  9, 10, 12, 14, 23, 27]
    W2: [ 6,  7,  9, 11, 12, 17, 19, 20, 24, 27] > [ 1,  3,  5,  8, 14, 18, 21, 22, 25, 26]
    W3: [ 3,  9, 11, 12, 14, 17, 20, 21, 22, 27] < [ 2,  5,  7, 13, 15, 16, 23, 24, 26, 28]
    Truth table result: ['14-'] is correct

Test 14+:
    W0: [ 0,  2,  4,  6,  8, 10, 12, 14, 16, 18, 20, 22, 24] > [ 1,  3,  5,  7,  9, 11, 13, 15, 17, 19, 21, 23, 25]
    W1: [ 0,  1,  6,  8, 15, 16, 17, 19, 21, 28] < [ 2,  3,  5,  7,  9, 10, 12, 14, 23, 27]
    W2: [ 6,  7,  9, 11, 12, 17, 19, 20, 24, 27] < [ 1,  3,  5,  8, 14, 18, 21, 22, 25, 26]
    W3: [ 3,  9, 11, 12, 14, 17, 20, 21, 22, 27] > [ 2,  5,  7, 13, 15, 16, 23, 24, 26, 28]
    Truth table result: ['14+'] is correct

Test 15-:
    W0: [ 0,  2,  4,  6,  8, 10, 12, 14, 16, 18, 20, 22, 24] > [ 1,  3,  5,  7,  9, 11, 13, 15, 17, 19, 21, 23, 25]
    W1: [ 0,  1,  6,  8, 15, 16, 17, 19, 21, 28] < [ 2,  3,  5,  7,  9, 10, 12, 14, 23, 27]
    W2: [ 6,  7,  9, 11, 12, 17, 19, 20, 24, 27] = [ 1,  3,  5,  8, 14, 18, 21, 22, 25, 26]
    W3: [ 3,  9, 11, 12, 14, 17, 20, 21, 22, 27] > [ 2,  5,  7, 13, 15, 16, 23, 24, 26, 28]
    Truth table result: ['15-'] is correct

Test 15+:
    W0: [ 0,  2,  4,  6,  8, 10, 12, 14, 16, 18, 20, 22, 24] < [ 1,  3,  5,  7,  9, 11, 13, 15, 17, 19, 21, 23, 25]
    W1: [ 0,  1,  6,  8, 15, 16, 17, 19, 21, 28] > [ 2,  3,  5,  7,  9, 10, 12, 14, 23, 27]
    W2: [ 6,  7,  9, 11, 12, 17, 19, 20, 24, 27] = [ 1,  3,  5,  8, 14, 18, 21, 22, 25, 26]
    W3: [ 3,  9, 11, 12, 14, 17, 20, 21, 22, 27] < [ 2,  5,  7, 13, 15, 16, 23, 24, 26, 28]
    Truth table result: ['15+'] is correct

Test 16-:
    W0: [ 0,  2,  4,  6,  8, 10, 12, 14, 16, 18, 20, 22, 24] < [ 1,  3,  5,  7,  9, 11, 13, 15, 17, 19, 21, 23, 25]
    W1: [ 0,  1,  6,  8, 15, 16, 17, 19, 21, 28] < [ 2,  3,  5,  7,  9, 10, 12, 14, 23, 27]
    W2: [ 6,  7,  9, 11, 12, 17, 19, 20, 24, 27] = [ 1,  3,  5,  8, 14, 18, 21, 22, 25, 26]
    W3: [ 3,  9, 11, 12, 14, 17, 20, 21, 22, 27] > [ 2,  5,  7, 13, 15, 16, 23, 24, 26, 28]
    Truth table result: ['16-'] is correct

Test 16+:
    W0: [ 0,  2,  4,  6,  8, 10, 12, 14, 16, 18, 20, 22, 24] > [ 1,  3,  5,  7,  9, 11, 13, 15, 17, 19, 21, 23, 25]
    W1: [ 0,  1,  6,  8, 15, 16, 17, 19, 21, 28] > [ 2,  3,  5,  7,  9, 10, 12, 14, 23, 27]
    W2: [ 6,  7,  9, 11, 12, 17, 19, 20, 24, 27] = [ 1,  3,  5,  8, 14, 18, 21, 22, 25, 26]
    W3: [ 3,  9, 11, 12, 14, 17, 20, 21, 22, 27] < [ 2,  5,  7, 13, 15, 16, 23, 24, 26, 28]
    Truth table result: ['16+'] is correct

Test 17-:
    W0: [ 0,  2,  4,  6,  8, 10, 12, 14, 16, 18, 20, 22, 24] > [ 1,  3,  5,  7,  9, 11, 13, 15, 17, 19, 21, 23, 25]
    W1: [ 0,  1,  6,  8, 15, 16, 17, 19, 21, 28] < [ 2,  3,  5,  7,  9, 10, 12, 14, 23, 27]
    W2: [ 6,  7,  9, 11, 12, 17, 19, 20, 24, 27] < [ 1,  3,  5,  8, 14, 18, 21, 22, 25, 26]
    W3: [ 3,  9, 11, 12, 14, 17, 20, 21, 22, 27] < [ 2,  5,  7, 13, 15, 16, 23, 24, 26, 28]
    Truth table result: ['17-'] is correct

Test 17+:
    W0: [ 0,  2,  4,  6,  8, 10, 12, 14, 16, 18, 20, 22, 24] < [ 1,  3,  5,  7,  9, 11, 13, 15, 17, 19, 21, 23, 25]
    W1: [ 0,  1,  6,  8, 15, 16, 17, 19, 21, 28] > [ 2,  3,  5,  7,  9, 10, 12, 14, 23, 27]
    W2: [ 6,  7,  9, 11, 12, 17, 19, 20, 24, 27] > [ 1,  3,  5,  8, 14, 18, 21, 22, 25, 26]
    W3: [ 3,  9, 11, 12, 14, 17, 20, 21, 22, 27] > [ 2,  5,  7, 13, 15, 16, 23, 24, 26, 28]
    Truth table result: ['17+'] is correct

Test 18-:
    W0: [ 0,  2,  4,  6,  8, 10, 12, 14, 16, 18, 20, 22, 24] < [ 1,  3,  5,  7,  9, 11, 13, 15, 17, 19, 21, 23, 25]
    W1: [ 0,  1,  6,  8, 15, 16, 17, 19, 21, 28] = [ 2,  3,  5,  7,  9, 10, 12, 14, 23, 27]
    W2: [ 6,  7,  9, 11, 12, 17, 19, 20, 24, 27] > [ 1,  3,  5,  8, 14, 18, 21, 22, 25, 26]
    W3: [ 3,  9, 11, 12, 14, 17, 20, 21, 22, 27] = [ 2,  5,  7, 13, 15, 16, 23, 24, 26, 28]
    Truth table result: ['18-'] is correct

Test 18+:
    W0: [ 0,  2,  4,  6,  8, 10, 12, 14, 16, 18, 20, 22, 24] > [ 1,  3,  5,  7,  9, 11, 13, 15, 17, 19, 21, 23, 25]
    W1: [ 0,  1,  6,  8, 15, 16, 17, 19, 21, 28] = [ 2,  3,  5,  7,  9, 10, 12, 14, 23, 27]
    W2: [ 6,  7,  9, 11, 12, 17, 19, 20, 24, 27] < [ 1,  3,  5,  8, 14, 18, 21, 22, 25, 26]
    W3: [ 3,  9, 11, 12, 14, 17, 20, 21, 22, 27] = [ 2,  5,  7, 13, 15, 16, 23, 24, 26, 28]
    Truth table result: ['18+'] is correct

Test 19-:
    W0: [ 0,  2,  4,  6,  8, 10, 12, 14, 16, 18, 20, 22, 24] > [ 1,  3,  5,  7,  9, 11, 13, 15, 17, 19, 21, 23, 25]
    W1: [ 0,  1,  6,  8, 15, 16, 17, 19, 21, 28] < [ 2,  3,  5,  7,  9, 10, 12, 14, 23, 27]
    W2: [ 6,  7,  9, 11, 12, 17, 19, 20, 24, 27] < [ 1,  3,  5,  8, 14, 18, 21, 22, 25, 26]
    W3: [ 3,  9, 11, 12, 14, 17, 20, 21, 22, 27] = [ 2,  5,  7, 13, 15, 16, 23, 24, 26, 28]
    Truth table result: ['19-'] is correct

Test 19+:
    W0: [ 0,  2,  4,  6,  8, 10, 12, 14, 16, 18, 20, 22, 24] < [ 1,  3,  5,  7,  9, 11, 13, 15, 17, 19, 21, 23, 25]
    W1: [ 0,  1,  6,  8, 15, 16, 17, 19, 21, 28] > [ 2,  3,  5,  7,  9, 10, 12, 14, 23, 27]
    W2: [ 6,  7,  9, 11, 12, 17, 19, 20, 24, 27] > [ 1,  3,  5,  8, 14, 18, 21, 22, 25, 26]
    W3: [ 3,  9, 11, 12, 14, 17, 20, 21, 22, 27] = [ 2,  5,  7, 13, 15, 16, 23, 24, 26, 28]
    Truth table result: ['19+'] is correct

Test 20-:
    W0: [ 0,  2,  4,  6,  8, 10, 12, 14, 16, 18, 20, 22, 24] < [ 1,  3,  5,  7,  9, 11, 13, 15, 17, 19, 21, 23, 25]
    W1: [ 0,  1,  6,  8, 15, 16, 17, 19, 21, 28] = [ 2,  3,  5,  7,  9, 10, 12, 14, 23, 27]
    W2: [ 6,  7,  9, 11, 12, 17, 19, 20, 24, 27] < [ 1,  3,  5,  8, 14, 18, 21, 22, 25, 26]
    W3: [ 3,  9, 11, 12, 14, 17, 20, 21, 22, 27] < [ 2,  5,  7, 13, 15, 16, 23, 24, 26, 28]
    Truth table result: ['20-'] is correct

Test 20+:
    W0: [ 0,  2,  4,  6,  8, 10, 12, 14, 16, 18, 20, 22, 24] > [ 1,  3,  5,  7,  9, 11, 13, 15, 17, 19, 21, 23, 25]
    W1: [ 0,  1,  6,  8, 15, 16, 17, 19, 21, 28] = [ 2,  3,  5,  7,  9, 10, 12, 14, 23, 27]
    W2: [ 6,  7,  9, 11, 12, 17, 19, 20, 24, 27] > [ 1,  3,  5,  8, 14, 18, 21, 22, 25, 26]
    W3: [ 3,  9, 11, 12, 14, 17, 20, 21, 22, 27] > [ 2,  5,  7, 13, 15, 16, 23, 24, 26, 28]
    Truth table result: ['20+'] is correct

Test 21-:
    W0: [ 0,  2,  4,  6,  8, 10, 12, 14, 16, 18, 20, 22, 24] > [ 1,  3,  5,  7,  9, 11, 13, 15, 17, 19, 21, 23, 25]
    W1: [ 0,  1,  6,  8, 15, 16, 17, 19, 21, 28] < [ 2,  3,  5,  7,  9, 10, 12, 14, 23, 27]
    W2: [ 6,  7,  9, 11, 12, 17, 19, 20, 24, 27] > [ 1,  3,  5,  8, 14, 18, 21, 22, 25, 26]
    W3: [ 3,  9, 11, 12, 14, 17, 20, 21, 22, 27] < [ 2,  5,  7, 13, 15, 16, 23, 24, 26, 28]
    Truth table result: ['21-'] is correct

Test 21+:
    W0: [ 0,  2,  4,  6,  8, 10, 12, 14, 16, 18, 20, 22, 24] < [ 1,  3,  5,  7,  9, 11, 13, 15, 17, 19, 21, 23, 25]
    W1: [ 0,  1,  6,  8, 15, 16, 17, 19, 21, 28] > [ 2,  3,  5,  7,  9, 10, 12, 14, 23, 27]
    W2: [ 6,  7,  9, 11, 12, 17, 19, 20, 24, 27] < [ 1,  3,  5,  8, 14, 18, 21, 22, 25, 26]
    W3: [ 3,  9, 11, 12, 14, 17, 20, 21, 22, 27] > [ 2,  5,  7, 13, 15, 16, 23, 24, 26, 28]
    Truth table result: ['21+'] is correct

Test 22-:
    W0: [ 0,  2,  4,  6,  8, 10, 12, 14, 16, 18, 20, 22, 24] < [ 1,  3,  5,  7,  9, 11, 13, 15, 17, 19, 21, 23, 25]
    W1: [ 0,  1,  6,  8, 15, 16, 17, 19, 21, 28] = [ 2,  3,  5,  7,  9, 10, 12, 14, 23, 27]
    W2: [ 6,  7,  9, 11, 12, 17, 19, 20, 24, 27] > [ 1,  3,  5,  8, 14, 18, 21, 22, 25, 26]
    W3: [ 3,  9, 11, 12, 14, 17, 20, 21, 22, 27] < [ 2,  5,  7, 13, 15, 16, 23, 24, 26, 28]
    Truth table result: ['22-'] is correct

Test 22+:
    W0: [ 0,  2,  4,  6,  8, 10, 12, 14, 16, 18, 20, 22, 24] > [ 1,  3,  5,  7,  9, 11, 13, 15, 17, 19, 21, 23, 25]
    W1: [ 0,  1,  6,  8, 15, 16, 17, 19, 21, 28] = [ 2,  3,  5,  7,  9, 10, 12, 14, 23, 27]
    W2: [ 6,  7,  9, 11, 12, 17, 19, 20, 24, 27] < [ 1,  3,  5,  8, 14, 18, 21, 22, 25, 26]
    W3: [ 3,  9, 11, 12, 14, 17, 20, 21, 22, 27] > [ 2,  5,  7, 13, 15, 16, 23, 24, 26, 28]
    Truth table result: ['22+'] is correct

Test 23-:
    W0: [ 0,  2,  4,  6,  8, 10, 12, 14, 16, 18, 20, 22, 24] > [ 1,  3,  5,  7,  9, 11, 13, 15, 17, 19, 21, 23, 25]
    W1: [ 0,  1,  6,  8, 15, 16, 17, 19, 21, 28] > [ 2,  3,  5,  7,  9, 10, 12, 14, 23, 27]
    W2: [ 6,  7,  9, 11, 12, 17, 19, 20, 24, 27] = [ 1,  3,  5,  8, 14, 18, 21, 22, 25, 26]
    W3: [ 3,  9, 11, 12, 14, 17, 20, 21, 22, 27] > [ 2,  5,  7, 13, 15, 16, 23, 24, 26, 28]
    Truth table result: ['23-'] is correct

Test 23+:
    W0: [ 0,  2,  4,  6,  8, 10, 12, 14, 16, 18, 20, 22, 24] < [ 1,  3,  5,  7,  9, 11, 13, 15, 17, 19, 21, 23, 25]
    W1: [ 0,  1,  6,  8, 15, 16, 17, 19, 21, 28] < [ 2,  3,  5,  7,  9, 10, 12, 14, 23, 27]
    W2: [ 6,  7,  9, 11, 12, 17, 19, 20, 24, 27] = [ 1,  3,  5,  8, 14, 18, 21, 22, 25, 26]
    W3: [ 3,  9, 11, 12, 14, 17, 20, 21, 22, 27] < [ 2,  5,  7, 13, 15, 16, 23, 24, 26, 28]
    Truth table result: ['23+'] is correct

Test 24-:
    W0: [ 0,  2,  4,  6,  8, 10, 12, 14, 16, 18, 20, 22, 24] < [ 1,  3,  5,  7,  9, 11, 13, 15, 17, 19, 21, 23, 25]
    W1: [ 0,  1,  6,  8, 15, 16, 17, 19, 21, 28] = [ 2,  3,  5,  7,  9, 10, 12, 14, 23, 27]
    W2: [ 6,  7,  9, 11, 12, 17, 19, 20, 24, 27] < [ 1,  3,  5,  8, 14, 18, 21, 22, 25, 26]
    W3: [ 3,  9, 11, 12, 14, 17, 20, 21, 22, 27] > [ 2,  5,  7, 13, 15, 16, 23, 24, 26, 28]
    Truth table result: ['24-'] is correct

Test 24+:
    W0: [ 0,  2,  4,  6,  8, 10, 12, 14, 16, 18, 20, 22, 24] > [ 1,  3,  5,  7,  9, 11, 13, 15, 17, 19, 21, 23, 25]
    W1: [ 0,  1,  6,  8, 15, 16, 17, 19, 21, 28] = [ 2,  3,  5,  7,  9, 10, 12, 14, 23, 27]
    W2: [ 6,  7,  9, 11, 12, 17, 19, 20, 24, 27] > [ 1,  3,  5,  8, 14, 18, 21, 22, 25, 26]
    W3: [ 3,  9, 11, 12, 14, 17, 20, 21, 22, 27] < [ 2,  5,  7, 13, 15, 16, 23, 24, 26, 28]
    Truth table result: ['24+'] is correct

Test 25-:
    W0: [ 0,  2,  4,  6,  8, 10, 12, 14, 16, 18, 20, 22, 24] > [ 1,  3,  5,  7,  9, 11, 13, 15, 17, 19, 21, 23, 25]
    W1: [ 0,  1,  6,  8, 15, 16, 17, 19, 21, 28] = [ 2,  3,  5,  7,  9, 10, 12, 14, 23, 27]
    W2: [ 6,  7,  9, 11, 12, 17, 19, 20, 24, 27] > [ 1,  3,  5,  8, 14, 18, 21, 22, 25, 26]
    W3: [ 3,  9, 11, 12, 14, 17, 20, 21, 22, 27] = [ 2,  5,  7, 13, 15, 16, 23, 24, 26, 28]
    Truth table result: ['25-'] is correct

Test 25+:
    W0: [ 0,  2,  4,  6,  8, 10, 12, 14, 16, 18, 20, 22, 24] < [ 1,  3,  5,  7,  9, 11, 13, 15, 17, 19, 21, 23, 25]
    W1: [ 0,  1,  6,  8, 15, 16, 17, 19, 21, 28] = [ 2,  3,  5,  7,  9, 10, 12, 14, 23, 27]
    W2: [ 6,  7,  9, 11, 12, 17, 19, 20, 24, 27] < [ 1,  3,  5,  8, 14, 18, 21, 22, 25, 26]
    W3: [ 3,  9, 11, 12, 14, 17, 20, 21, 22, 27] = [ 2,  5,  7, 13, 15, 16, 23, 24, 26, 28]
    Truth table result: ['25+'] is correct

Test 26-:
    W0: [ 0,  2,  4,  6,  8, 10, 12, 14, 16, 18, 20, 22, 24] = [ 1,  3,  5,  7,  9, 11, 13, 15, 17, 19, 21, 23, 25]
    W1: [ 0,  1,  6,  8, 15, 16, 17, 19, 21, 28] = [ 2,  3,  5,  7,  9, 10, 12, 14, 23, 27]
    W2: [ 6,  7,  9, 11, 12, 17, 19, 20, 24, 27] > [ 1,  3,  5,  8, 14, 18, 21, 22, 25, 26]
    W3: [ 3,  9, 11, 12, 14, 17, 20, 21, 22, 27] > [ 2,  5,  7, 13, 15, 16, 23, 24, 26, 28]
    Truth table result: ['26-'] is correct

Test 26+:
    W0: [ 0,  2,  4,  6,  8, 10, 12, 14, 16, 18, 20, 22, 24] = [ 1,  3,  5,  7,  9, 11, 13, 15, 17, 19, 21, 23, 25]
    W1: [ 0,  1,  6,  8, 15, 16, 17, 19, 21, 28] = [ 2,  3,  5,  7,  9, 10, 12, 14, 23, 27]
    W2: [ 6,  7,  9, 11, 12, 17, 19, 20, 24, 27] < [ 1,  3,  5,  8, 14, 18, 21, 22, 25, 26]
    W3: [ 3,  9, 11, 12, 14, 17, 20, 21, 22, 27] < [ 2,  5,  7, 13, 15, 16, 23, 24, 26, 28]
    Truth table result: ['26+'] is correct

Test 27-:
    W0: [ 0,  2,  4,  6,  8, 10, 12, 14, 16, 18, 20, 22, 24] = [ 1,  3,  5,  7,  9, 11, 13, 15, 17, 19, 21, 23, 25]
    W1: [ 0,  1,  6,  8, 15, 16, 17, 19, 21, 28] > [ 2,  3,  5,  7,  9, 10, 12, 14, 23, 27]
    W2: [ 6,  7,  9, 11, 12, 17, 19, 20, 24, 27] < [ 1,  3,  5,  8, 14, 18, 21, 22, 25, 26]
    W3: [ 3,  9, 11, 12, 14, 17, 20, 21, 22, 27] < [ 2,  5,  7, 13, 15, 16, 23, 24, 26, 28]
    Truth table result: ['27-'] is correct

Test 27+:
    W0: [ 0,  2,  4,  6,  8, 10, 12, 14, 16, 18, 20, 22, 24] = [ 1,  3,  5,  7,  9, 11, 13, 15, 17, 19, 21, 23, 25]
    W1: [ 0,  1,  6,  8, 15, 16, 17, 19, 21, 28] < [ 2,  3,  5,  7,  9, 10, 12, 14, 23, 27]
    W2: [ 6,  7,  9, 11, 12, 17, 19, 20, 24, 27] > [ 1,  3,  5,  8, 14, 18, 21, 22, 25, 26]
    W3: [ 3,  9, 11, 12, 14, 17, 20, 21, 22, 27] > [ 2,  5,  7, 13, 15, 16, 23, 24, 26, 28]
    Truth table result: ['27+'] is correct

Test 28-:
    W0: [ 0,  2,  4,  6,  8, 10, 12, 14, 16, 18, 20, 22, 24] = [ 1,  3,  5,  7,  9, 11, 13, 15, 17, 19, 21, 23, 25]
    W1: [ 0,  1,  6,  8, 15, 16, 17, 19, 21, 28] < [ 2,  3,  5,  7,  9, 10, 12, 14, 23, 27]
    W2: [ 6,  7,  9, 11, 12, 17, 19, 20, 24, 27] = [ 1,  3,  5,  8, 14, 18, 21, 22, 25, 26]
    W3: [ 3,  9, 11, 12, 14, 17, 20, 21, 22, 27] > [ 2,  5,  7, 13, 15, 16, 23, 24, 26, 28]
    Truth table result: ['28-'] is correct

Test 28+:
    W0: [ 0,  2,  4,  6,  8, 10, 12, 14, 16, 18, 20, 22, 24] = [ 1,  3,  5,  7,  9, 11, 13, 15, 17, 19, 21, 23, 25]
    W1: [ 0,  1,  6,  8, 15, 16, 17, 19, 21, 28] > [ 2,  3,  5,  7,  9, 10, 12, 14, 23, 27]
    W2: [ 6,  7,  9, 11, 12, 17, 19, 20, 24, 27] = [ 1,  3,  5,  8, 14, 18, 21, 22, 25, 26]
    W3: [ 3,  9, 11, 12, 14, 17, 20, 21, 22, 27] < [ 2,  5,  7, 13, 15, 16, 23, 24, 26, 28]
    Truth table result: ['28+'] is correct

Total correct results: 58
Total incorrect results: 0
