Solving for 9 balls and 4 weighings.
Using symmetry breaking strategy TruthTableAscending.

Solution:
W0: [ 0,  1,  4,  5] <=> [ 2,  3,  6,  7]
W1: [ 0,  1,  4] <=> [ 2,  3,  8]
W2: [ 0,  3,  5] <=> [ 4,  6,  8]
W3: [ 1,  2,  5,  8] <=> [ 0,  3,  4,  7]

Truth Table:
ix  W0  W1  W2  W3   Result
 0   <   <   <   <
 1   <   <   <   =
 2   <   <   <   >   0-
 3   <   <   =   <   1-
 4   <   <   =   =
 5   <   <   =   >   2+
 6   <   <   >   <   3+
 7   <   <   >   =
 8   <   <   >   >   4-
 9   <   =   <   <   5-
10   <   =   <   =   6+
11   <   =   <   >
12   <   =   =   <   7+
13   <   =   =   =
14   <   =   =   >
15   <   =   >   <
16   <   =   >   =
17   <   =   >   >
18   <   >   <   <
19   <   >   <   =
20   <   >   <   >
21   <   >   =   <
22   <   >   =   =
23   <   >   =   >
24   <   >   >   <
25   <   >   >   =
26   <   >   >   >
27   =   <   <   <
28   =   <   <   =
29   =   <   <   >   8+
30   =   <   =   <
31   =   <   =   =
32   =   <   =   >
33   =   <   >   <
34   =   <   >   =
35   =   <   >   >
36   =   =   <   <
37   =   =   <   =
38   =   =   <   >
39   =   =   =   <
40   =   =   =   =
41   =   =   =   >
42   =   =   >   <
43   =   =   >   =
44   =   =   >   >
45   =   >   <   <
46   =   >   <   =
47   =   >   <   >
48   =   >   =   <
49   =   >   =   =
50   =   >   =   >
51   =   >   >   <   8-
52   =   >   >   =
53   =   >   >   >
54   >   <   <   <
55   >   <   <   =
56   >   <   <   >
57   >   <   =   <
58   >   <   =   =
59   >   <   =   >
60   >   <   >   <
61   >   <   >   =
62   >   <   >   >
63   >   =   <   <
64   >   =   <   =
65   >   =   <   >
66   >   =   =   <
67   >   =   =   =
68   >   =   =   >   7-
69   >   =   >   <
70   >   =   >   =   6-
71   >   =   >   >   5+
72   >   >   <   <   4+
73   >   >   <   =
74   >   >   <   >   3-
75   >   >   =   <   2-
76   >   >   =   =
77   >   >   =   >   1+
78   >   >   >   <   0+
79   >   >   >   =
80   >   >   >   >

Test 0-:
    W0: [ 0,  1,  4,  5] < [ 2,  3,  6,  7]
    W1: [ 0,  1,  4] < [ 2,  3,  8]
    W2: [ 0,  3,  5] < [ 4,  6,  8]
    W3: [ 1,  2,  5,  8] > [ 0,  3,  4,  7]
    Truth table row=[<, <, <, >] ix=2 result=[0-] is correct

Test 0+:
    W0: [ 0,  1,  4,  5] > [ 2,  3,  6,  7]
    W1: [ 0,  1,  4] > [ 2,  3,  8]
    W2: [ 0,  3,  5] > [ 4,  6,  8]
    W3: [ 1,  2,  5,  8] < [ 0,  3,  4,  7]
    Truth table row=[>, >, >, <] ix=78 result=[0+] is correct

Test 1-:
    W0: [ 0,  1,  4,  5] < [ 2,  3,  6,  7]
    W1: [ 0,  1,  4] < [ 2,  3,  8]
    W2: [ 0,  3,  5] = [ 4,  6,  8]
    W3: [ 1,  2,  5,  8] < [ 0,  3,  4,  7]
    Truth table row=[<, <, =, <] ix=3 result=[1-] is correct

Test 1+:
    W0: [ 0,  1,  4,  5] > [ 2,  3,  6,  7]
    W1: [ 0,  1,  4] > [ 2,  3,  8]
    W2: [ 0,  3,  5] = [ 4,  6,  8]
    W3: [ 1,  2,  5,  8] > [ 0,  3,  4,  7]
    Truth table row=[>, >, =, >] ix=77 result=[1+] is correct

Test 2-:
    W0: [ 0,  1,  4,  5] > [ 2,  3,  6,  7]
    W1: [ 0,  1,  4] > [ 2,  3,  8]
    W2: [ 0,  3,  5] = [ 4,  6,  8]
    W3: [ 1,  2,  5,  8] < [ 0,  3,  4,  7]
    Truth table row=[>, >, =, <] ix=75 result=[2-] is correct

Test 2+:
    W0: [ 0,  1,  4,  5] < [ 2,  3,  6,  7]
    W1: [ 0,  1,  4] < [ 2,  3,  8]
    W2: [ 0,  3,  5] = [ 4,  6,  8]
    W3: [ 1,  2,  5,  8] > [ 0,  3,  4,  7]
    Truth table row=[<, <, =, >] ix=5 result=[2+] is correct

Test 3-:
    W0: [ 0,  1,  4,  5] > [ 2,  3,  6,  7]
    W1: [ 0,  1,  4] > [ 2,  3,  8]
    W2: [ 0,  3,  5] < [ 4,  6,  8]
    W3: [ 1,  2,  5,  8] > [ 0,  3,  4,  7]
    Truth table row=[>, >, <, >] ix=74 result=[3-] is correct

Test 3+:
    W0: [ 0,  1,  4,  5] < [ 2,  3,  6,  7]
    W1: [ 0,  1,  4] < [ 2,  3,  8]
    W2: [ 0,  3,  5] > [ 4,  6,  8]
    W3: [ 1,  2,  5,  8] < [ 0,  3,  4,  7]
    Truth table row=[<, <, >, <] ix=6 result=[3+] is correct

Test 4-:
    W0: [ 0,  1,  4,  5] < [ 2,  3,  6,  7]
    W1: [ 0,  1,  4] < [ 2,  3,  8]
    W2: [ 0,  3,  5] > [ 4,  6,  8]
    W3: [ 1,  2,  5,  8] > [ 0,  3,  4,  7]
    Truth table row=[<, <, >, >] ix=8 result=[4-] is correct

Test 4+:
    W0: [ 0,  1,  4,  5] > [ 2,  3,  6,  7]
    W1: [ 0,  1,  4] > [ 2,  3,  8]
    W2: [ 0,  3,  5] < [ 4,  6,  8]
    W3: [ 1,  2,  5,  8] < [ 0,  3,  4,  7]
    Truth table row=[>, >, <, <] ix=72 result=[4+] is correct

Test 5-:
    W0: [ 0,  1,  4,  5] < [ 2,  3,  6,  7]
    W1: [ 0,  1,  4] = [ 2,  3,  8]
    W2: [ 0,  3,  5] < [ 4,  6,  8]
    W3: [ 1,  2,  5,  8] < [ 0,  3,  4,  7]
    Truth table row=[<, =, <, <] ix=9 result=[5-] is correct

Test 5+:
    W0: [ 0,  1,  4,  5] > [ 2,  3,  6,  7]
    W1: [ 0,  1,  4] = [ 2,  3,  8]
    W2: [ 0,  3,  5] > [ 4,  6,  8]
    W3: [ 1,  2,  5,  8] > [ 0,  3,  4,  7]
    Truth table row=[>, =, >, >] ix=71 result=[5+] is correct

Test 6-:
    W0: [ 0,  1,  4,  5] > [ 2,  3,  6,  7]
    W1: [ 0,  1,  4] = [ 2,  3,  8]
    W2: [ 0,  3,  5] > [ 4,  6,  8]
    W3: [ 1,  2,  5,  8] = [ 0,  3,  4,  7]
    Truth table row=[>, =, >, =] ix=70 result=[6-] is correct

Test 6+:
    W0: [ 0,  1,  4,  5] < [ 2,  3,  6,  7]
    W1: [ 0,  1,  4] = [ 2,  3,  8]
    W2: [ 0,  3,  5] < [ 4,  6,  8]
    W3: [ 1,  2,  5,  8] = [ 0,  3,  4,  7]
    Truth table row=[<, =, <, =] ix=10 result=[6+] is correct

Test 7-:
    W0: [ 0,  1,  4,  5] > [ 2,  3,  6,  7]
    W1: [ 0,  1,  4] = [ 2,  3,  8]
    W2: [ 0,  3,  5] = [ 4,  6,  8]
    W3: [ 1,  2,  5,  8] > [ 0,  3,  4,  7]
    Truth table row=[>, =, =, >] ix=68 result=[7-] is correct

Test 7+:
    W0: [ 0,  1,  4,  5] < [ 2,  3,  6,  7]
    W1: [ 0,  1,  4] = [ 2,  3,  8]
    W2: [ 0,  3,  5] = [ 4,  6,  8]
    W3: [ 1,  2,  5,  8] < [ 0,  3,  4,  7]
    Truth table row=[<, =, =, <] ix=12 result=[7+] is correct

Test 8-:
    W0: [ 0,  1,  4,  5] = [ 2,  3,  6,  7]
    W1: [ 0,  1,  4] > [ 2,  3,  8]
    W2: [ 0,  3,  5] > [ 4,  6,  8]
    W3: [ 1,  2,  5,  8] < [ 0,  3,  4,  7]
    Truth table row=[=, >, >, <] ix=51 result=[8-] is correct

Test 8+:
    W0: [ 0,  1,  4,  5] = [ 2,  3,  6,  7]
    W1: [ 0,  1,  4] < [ 2,  3,  8]
    W2: [ 0,  3,  5] < [ 4,  6,  8]
    W3: [ 1,  2,  5,  8] > [ 0,  3,  4,  7]
    Truth table row=[=, <, <, >] ix=29 result=[8+] is correct

Total correct results: 18
Total incorrect results: 0
