Solving for 13 balls and 4 weighings

Solution:
W0: [ 0,  2,  4,  6,  8, 10] <=> [ 1,  3,  5,  7,  9, 11]
W1: [ 1,  8, 10, 12] <=> [ 0,  3,  9, 11]
W2: [ 0,  2,  3,  4, 12] <=> [ 7,  8,  9, 10, 11]
W3: [ 1,  2,  7, 12] <=> [ 3,  5, 10, 11]

Truth Table:
ix  W0  W1  W2  W3   Result
 0   <   <   <   <   11+
 1   <   <   <   =   9+
 2   <   <   <   >
 3   <   <   =   <
 4   <   <   =   =
 5   <   <   =   >
 6   <   <   >   <   3+
 7   <   <   >   =   8-
 8   <   <   >   >   10-
 9   <   =   <   <   2-
10   <   =   <   =   4-
11   <   =   <   >   7+
12   <   =   =   <   5+
13   <   =   =   =   6-
14   <   =   =   >
15   <   =   >   <
16   <   =   >   =
17   <   =   >   >
18   <   >   <   <
19   <   >   <   =   0-
20   <   >   <   >
21   <   >   =   <
22   <   >   =   =
23   <   >   =   >   1+
24   <   >   >   <
25   <   >   >   =
26   <   >   >   >
27   =   <   <   <   12-
28   =   <   <   =
29   =   <   <   >
30   =   <   =   <
31   =   <   =   =
32   =   <   =   >
33   =   <   >   <
34   =   <   >   =
35   =   <   >   >
36   =   =   <   <
37   =   =   <   =
38   =   =   <   >
39   =   =   =   <
40   =   =   =   =
41   =   =   =   >
42   =   =   >   <
43   =   =   >   =
44   =   =   >   >
45   =   >   <   <
46   =   >   <   =
47   =   >   <   >
48   =   >   =   <
49   =   >   =   =
50   =   >   =   >
51   =   >   >   <
52   =   >   >   =
53   =   >   >   >   12+
54   >   <   <   <
55   >   <   <   =
56   >   <   <   >
57   >   <   =   <   1-
58   >   <   =   =
59   >   <   =   >
60   >   <   >   <
61   >   <   >   =   0+
62   >   <   >   >
63   >   =   <   <
64   >   =   <   =
65   >   =   <   >
66   >   =   =   <
67   >   =   =   =   6+
68   >   =   =   >   5-
69   >   =   >   <   7-
70   >   =   >   =   4+
71   >   =   >   >   2+
72   >   >   <   <   10+
73   >   >   <   =   8+
74   >   >   <   >   3-
75   >   >   =   <
76   >   >   =   =
77   >   >   =   >
78   >   >   >   <
79   >   >   >   =   9-
80   >   >   >   >   11-

Test 0-:
    W0: [ 0,  2,  4,  6,  8, 10] < [ 1,  3,  5,  7,  9, 11]
    W1: [ 1,  8, 10, 12] > [ 0,  3,  9, 11]
    W2: [ 0,  2,  3,  4, 12] < [ 7,  8,  9, 10, 11]
    W3: [ 1,  2,  7, 12] = [ 3,  5, 10, 11]
    Truth table result: ['0-'] is correct

Test 0+:
    W0: [ 0,  2,  4,  6,  8, 10] > [ 1,  3,  5,  7,  9, 11]
    W1: [ 1,  8, 10, 12] < [ 0,  3,  9, 11]
    W2: [ 0,  2,  3,  4, 12] > [ 7,  8,  9, 10, 11]
    W3: [ 1,  2,  7, 12] = [ 3,  5, 10, 11]
    Truth table result: ['0+'] is correct

Test 1-:
    W0: [ 0,  2,  4,  6,  8, 10] > [ 1,  3,  5,  7,  9, 11]
    W1: [ 1,  8, 10, 12] < [ 0,  3,  9, 11]
    W2: [ 0,  2,  3,  4, 12] = [ 7,  8,  9, 10, 11]
    W3: [ 1,  2,  7, 12] < [ 3,  5, 10, 11]
    Truth table result: ['1-'] is correct

Test 1+:
    W0: [ 0,  2,  4,  6,  8, 10] < [ 1,  3,  5,  7,  9, 11]
    W1: [ 1,  8, 10, 12] > [ 0,  3,  9, 11]
    W2: [ 0,  2,  3,  4, 12] = [ 7,  8,  9, 10, 11]
    W3: [ 1,  2,  7, 12] > [ 3,  5, 10, 11]
    Truth table result: ['1+'] is correct

Test 2-:
    W0: [ 0,  2,  4,  6,  8, 10] < [ 1,  3,  5,  7,  9, 11]
    W1: [ 1,  8, 10, 12] = [ 0,  3,  9, 11]
    W2: [ 0,  2,  3,  4, 12] < [ 7,  8,  9, 10, 11]
    W3: [ 1,  2,  7, 12] < [ 3,  5, 10, 11]
    Truth table result: ['2-'] is correct

Test 2+:
    W0: [ 0,  2,  4,  6,  8, 10] > [ 1,  3,  5,  7,  9, 11]
    W1: [ 1,  8, 10, 12] = [ 0,  3,  9, 11]
    W2: [ 0,  2,  3,  4, 12] > [ 7,  8,  9, 10, 11]
    W3: [ 1,  2,  7, 12] > [ 3,  5, 10, 11]
    Truth table result: ['2+'] is correct

Test 3-:
    W0: [ 0,  2,  4,  6,  8, 10] > [ 1,  3,  5,  7,  9, 11]
    W1: [ 1,  8, 10, 12] > [ 0,  3,  9, 11]
    W2: [ 0,  2,  3,  4, 12] < [ 7,  8,  9, 10, 11]
    W3: [ 1,  2,  7, 12] > [ 3,  5, 10, 11]
    Truth table result: ['3-'] is correct

Test 3+:
    W0: [ 0,  2,  4,  6,  8, 10] < [ 1,  3,  5,  7,  9, 11]
    W1: [ 1,  8, 10, 12] < [ 0,  3,  9, 11]
    W2: [ 0,  2,  3,  4, 12] > [ 7,  8,  9, 10, 11]
    W3: [ 1,  2,  7, 12] < [ 3,  5, 10, 11]
    Truth table result: ['3+'] is correct

Test 4-:
    W0: [ 0,  2,  4,  6,  8, 10] < [ 1,  3,  5,  7,  9, 11]
    W1: [ 1,  8, 10, 12] = [ 0,  3,  9, 11]
    W2: [ 0,  2,  3,  4, 12] < [ 7,  8,  9, 10, 11]
    W3: [ 1,  2,  7, 12] = [ 3,  5, 10, 11]
    Truth table result: ['4-'] is correct

Test 4+:
    W0: [ 0,  2,  4,  6,  8, 10] > [ 1,  3,  5,  7,  9, 11]
    W1: [ 1,  8, 10, 12] = [ 0,  3,  9, 11]
    W2: [ 0,  2,  3,  4, 12] > [ 7,  8,  9, 10, 11]
    W3: [ 1,  2,  7, 12] = [ 3,  5, 10, 11]
    Truth table result: ['4+'] is correct

Test 5-:
    W0: [ 0,  2,  4,  6,  8, 10] > [ 1,  3,  5,  7,  9, 11]
    W1: [ 1,  8, 10, 12] = [ 0,  3,  9, 11]
    W2: [ 0,  2,  3,  4, 12] = [ 7,  8,  9, 10, 11]
    W3: [ 1,  2,  7, 12] > [ 3,  5, 10, 11]
    Truth table result: ['5-'] is correct

Test 5+:
    W0: [ 0,  2,  4,  6,  8, 10] < [ 1,  3,  5,  7,  9, 11]
    W1: [ 1,  8, 10, 12] = [ 0,  3,  9, 11]
    W2: [ 0,  2,  3,  4, 12] = [ 7,  8,  9, 10, 11]
    W3: [ 1,  2,  7, 12] < [ 3,  5, 10, 11]
    Truth table result: ['5+'] is correct

Test 6-:
    W0: [ 0,  2,  4,  6,  8, 10] < [ 1,  3,  5,  7,  9, 11]
    W1: [ 1,  8, 10, 12] = [ 0,  3,  9, 11]
    W2: [ 0,  2,  3,  4, 12] = [ 7,  8,  9, 10, 11]
    W3: [ 1,  2,  7, 12] = [ 3,  5, 10, 11]
    Truth table result: ['6-'] is correct

Test 6+:
    W0: [ 0,  2,  4,  6,  8, 10] > [ 1,  3,  5,  7,  9, 11]
    W1: [ 1,  8, 10, 12] = [ 0,  3,  9, 11]
    W2: [ 0,  2,  3,  4, 12] = [ 7,  8,  9, 10, 11]
    W3: [ 1,  2,  7, 12] = [ 3,  5, 10, 11]
    Truth table result: ['6+'] is correct

Test 7-:
    W0: [ 0,  2,  4,  6,  8, 10] > [ 1,  3,  5,  7,  9, 11]
    W1: [ 1,  8, 10, 12] = [ 0,  3,  9, 11]
    W2: [ 0,  2,  3,  4, 12] > [ 7,  8,  9, 10, 11]
    W3: [ 1,  2,  7, 12] < [ 3,  5, 10, 11]
    Truth table result: ['7-'] is correct

Test 7+:
    W0: [ 0,  2,  4,  6,  8, 10] < [ 1,  3,  5,  7,  9, 11]
    W1: [ 1,  8, 10, 12] = [ 0,  3,  9, 11]
    W2: [ 0,  2,  3,  4, 12] < [ 7,  8,  9, 10, 11]
    W3: [ 1,  2,  7, 12] > [ 3,  5, 10, 11]
    Truth table result: ['7+'] is correct

Test 8-:
    W0: [ 0,  2,  4,  6,  8, 10] < [ 1,  3,  5,  7,  9, 11]
    W1: [ 1,  8, 10, 12] < [ 0,  3,  9, 11]
    W2: [ 0,  2,  3,  4, 12] > [ 7,  8,  9, 10, 11]
    W3: [ 1,  2,  7, 12] = [ 3,  5, 10, 11]
    Truth table result: ['8-'] is correct

Test 8+:
    W0: [ 0,  2,  4,  6,  8, 10] > [ 1,  3,  5,  7,  9, 11]
    W1: [ 1,  8, 10, 12] > [ 0,  3,  9, 11]
    W2: [ 0,  2,  3,  4, 12] < [ 7,  8,  9, 10, 11]
    W3: [ 1,  2,  7, 12] = [ 3,  5, 10, 11]
    Truth table result: ['8+'] is correct

Test 9-:
    W0: [ 0,  2,  4,  6,  8, 10] > [ 1,  3,  5,  7,  9, 11]
    W1: [ 1,  8, 10, 12] > [ 0,  3,  9, 11]
    W2: [ 0,  2,  3,  4, 12] > [ 7,  8,  9, 10, 11]
    W3: [ 1,  2,  7, 12] = [ 3,  5, 10, 11]
    Truth table result: ['9-'] is correct

Test 9+:
    W0: [ 0,  2,  4,  6,  8, 10] < [ 1,  3,  5,  7,  9, 11]
    W1: [ 1,  8, 10, 12] < [ 0,  3,  9, 11]
    W2: [ 0,  2,  3,  4, 12] < [ 7,  8,  9, 10, 11]
    W3: [ 1,  2,  7, 12] = [ 3,  5, 10, 11]
    Truth table result: ['9+'] is correct

Test 10-:
    W0: [ 0,  2,  4,  6,  8, 10] < [ 1,  3,  5,  7,  9, 11]
    W1: [ 1,  8, 10, 12] < [ 0,  3,  9, 11]
    W2: [ 0,  2,  3,  4, 12] > [ 7,  8,  9, 10, 11]
    W3: [ 1,  2,  7, 12] > [ 3,  5, 10, 11]
    Truth table result: ['10-'] is correct

Test 10+:
    W0: [ 0,  2,  4,  6,  8, 10] > [ 1,  3,  5,  7,  9, 11]
    W1: [ 1,  8, 10, 12] > [ 0,  3,  9, 11]
    W2: [ 0,  2,  3,  4, 12] < [ 7,  8,  9, 10, 11]
    W3: [ 1,  2,  7, 12] < [ 3,  5, 10, 11]
    Truth table result: ['10+'] is correct

Test 11-:
    W0: [ 0,  2,  4,  6,  8, 10] > [ 1,  3,  5,  7,  9, 11]
    W1: [ 1,  8, 10, 12] > [ 0,  3,  9, 11]
    W2: [ 0,  2,  3,  4, 12] > [ 7,  8,  9, 10, 11]
    W3: [ 1,  2,  7, 12] > [ 3,  5, 10, 11]
    Truth table result: ['11-'] is correct

Test 11+:
    W0: [ 0,  2,  4,  6,  8, 10] < [ 1,  3,  5,  7,  9, 11]
    W1: [ 1,  8, 10, 12] < [ 0,  3,  9, 11]
    W2: [ 0,  2,  3,  4, 12] < [ 7,  8,  9, 10, 11]
    W3: [ 1,  2,  7, 12] < [ 3,  5, 10, 11]
    Truth table result: ['11+'] is correct

Test 12-:
    W0: [ 0,  2,  4,  6,  8, 10] = [ 1,  3,  5,  7,  9, 11]
    W1: [ 1,  8, 10, 12] < [ 0,  3,  9, 11]
    W2: [ 0,  2,  3,  4, 12] < [ 7,  8,  9, 10, 11]
    W3: [ 1,  2,  7, 12] < [ 3,  5, 10, 11]
    Truth table result: ['12-'] is correct

Test 12+:
    W0: [ 0,  2,  4,  6,  8, 10] = [ 1,  3,  5,  7,  9, 11]
    W1: [ 1,  8, 10, 12] > [ 0,  3,  9, 11]
    W2: [ 0,  2,  3,  4, 12] > [ 7,  8,  9, 10, 11]
    W3: [ 1,  2,  7, 12] > [ 3,  5, 10, 11]
    Truth table result: ['12+'] is correct

Total correct results: 26
Total incorrect results: 0
