Solving for 5 balls and 3 weighings.
Using symmetry breaking strategy TruthTableAscending.

Solution:
W0: [ 0,  3] <=> [ 1,  2]
W1: [ 0] <=> [ 1]
W2: [ 1,  4] <=> [ 2,  3]

Truth Table:
ix  W0  W1  W2   Result
 0   <   <   <
 1   <   <   =   0-
 2   <   <   >   1+
 3   <   =   <   2+
 4   <   =   =
 5   <   =   >   3-
 6   <   >   <
 7   <   >   =
 8   <   >   >
 9   =   <   <
10   =   <   =
11   =   <   >
12   =   =   <   4-
13   =   =   =
14   =   =   >   4+
15   =   >   <
16   =   >   =
17   =   >   >
18   >   <   <
19   >   <   =
20   >   <   >
21   >   =   <   3+
22   >   =   =
23   >   =   >   2-
24   >   >   <   1-
25   >   >   =   0+
26   >   >   >

Test 0-:
    W0: [ 0,  3] < [ 1,  2]
    W1: [ 0] < [ 1]
    W2: [ 1,  4] = [ 2,  3]
    Truth table row=[<, <, =] ix=1 result=[0-] is correct

Test 0+:
    W0: [ 0,  3] > [ 1,  2]
    W1: [ 0] > [ 1]
    W2: [ 1,  4] = [ 2,  3]
    Truth table row=[>, >, =] ix=25 result=[0+] is correct

Test 1-:
    W0: [ 0,  3] > [ 1,  2]
    W1: [ 0] > [ 1]
    W2: [ 1,  4] < [ 2,  3]
    Truth table row=[>, >, <] ix=24 result=[1-] is correct

Test 1+:
    W0: [ 0,  3] < [ 1,  2]
    W1: [ 0] < [ 1]
    W2: [ 1,  4] > [ 2,  3]
    Truth table row=[<, <, >] ix=2 result=[1+] is correct

Test 2-:
    W0: [ 0,  3] > [ 1,  2]
    W1: [ 0] = [ 1]
    W2: [ 1,  4] > [ 2,  3]
    Truth table row=[>, =, >] ix=23 result=[2-] is correct

Test 2+:
    W0: [ 0,  3] < [ 1,  2]
    W1: [ 0] = [ 1]
    W2: [ 1,  4] < [ 2,  3]
    Truth table row=[<, =, <] ix=3 result=[2+] is correct

Test 3-:
    W0: [ 0,  3] < [ 1,  2]
    W1: [ 0] = [ 1]
    W2: [ 1,  4] > [ 2,  3]
    Truth table row=[<, =, >] ix=5 result=[3-] is correct

Test 3+:
    W0: [ 0,  3] > [ 1,  2]
    W1: [ 0] = [ 1]
    W2: [ 1,  4] < [ 2,  3]
    Truth table row=[>, =, <] ix=21 result=[3+] is correct

Test 4-:
    W0: [ 0,  3] = [ 1,  2]
    W1: [ 0] = [ 1]
    W2: [ 1,  4] < [ 2,  3]
    Truth table row=[=, =, <] ix=12 result=[4-] is correct

Test 4+:
    W0: [ 0,  3] = [ 1,  2]
    W1: [ 0] = [ 1]
    W2: [ 1,  4] > [ 2,  3]
    Truth table row=[=, =, >] ix=14 result=[4+] is correct

Total correct results: 10
Total incorrect results: 0
