Solving for 55 balls and 5 weighings.

Solution:
W0: [29, 31, 32, 40, 41, 42, 43, 46, 47, 48, 50, 51, 52, 54] <=> [27, 28, 30, 33, 34, 35, 36, 37, 38, 39, 44, 45, 49, 53]
W1: [ 8,  9, 12, 14, 19, 21, 23, 27, 28, 30, 33, 34, 35, 36, 37, 38, 39, 54] <=> [ 5,  6,  7, 10, 11, 13, 15, 16, 17, 18, 20, 22, 24, 25, 26, 29, 31, 32]
W2: [ 1,  2,  4,  5,  6,  7, 10, 11, 21, 23, 27, 28, 30, 44, 50, 51, 52] <=> [ 3,  8,  9, 12, 20, 22, 24, 25, 26, 29, 31, 32, 40, 41, 42, 43, 53]
W3: [ 4,  5,  6,  7, 12, 13, 15, 19, 20, 27, 28, 32, 33, 34, 45, 47, 48] <=> [ 1,  2,  3, 11, 14, 18, 24, 25, 26, 29, 38, 39, 40, 44, 49, 50, 53]
W4: [ 4,  5, 12, 13, 16, 18, 23, 24, 27, 29, 30, 31, 35, 40, 43, 46, 50, 52] <=> [ 0,  1,  7,  8, 10, 15, 20, 21, 26, 34, 37, 39, 41, 44, 47, 49, 51, 54]

Truth Table:
ix  W0  W1  W2  W3  W4   Result
 0   <   <   <   <   <    
 1   <   <   <   <   =    
 2   <   <   <   <   >    
 3   <   <   <   =   <    
 4   <   <   <   =   =    
 5   <   <   <   =   >    
 6   <   <   <   >   <    
 7   <   <   <   >   =    
 8   <   <   <   >   >    
 9   <   <   =   <   <    
10   <   <   =   <   =    
11   <   <   =   <   >    
12   <   <   =   =   <    
13   <   <   =   =   =    
14   <   <   =   =   >   54-
15   <   <   =   >   <    
16   <   <   =   >   =    
17   <   <   =   >   >    
18   <   <   >   <   <    
19   <   <   >   <   =    
20   <   <   >   <   >    
21   <   <   >   =   <    
22   <   <   >   =   =    
23   <   <   >   =   >    
24   <   <   >   >   <    
25   <   <   >   >   =    
26   <   <   >   >   >    
27   <   =   <   <   <    
28   <   =   <   <   =   53+
29   <   =   <   <   >    
30   <   =   <   =   <   52-
31   <   =   <   =   =    
32   <   =   <   =   >   51-
33   <   =   <   >   <   50-
34   <   =   <   >   =    
35   <   =   <   >   >    
36   <   =   =   <   <   49+
37   <   =   =   <   =   48-
38   <   =   =   <   >   47-
39   <   =   =   =   <   46-
40   <   =   =   =   =    
41   <   =   =   =   >    
42   <   =   =   >   <    
43   <   =   =   >   =   45+
44   <   =   =   >   >    
45   <   =   >   <   <   44+
46   <   =   >   <   =    
47   <   =   >   <   >    
48   <   =   >   =   <   43-
49   <   =   >   =   =   42-
50   <   =   >   =   >   41-
51   <   =   >   >   <   40-
52   <   =   >   >   =    
53   <   =   >   >   >    
54   <   >   <   <   <    
55   <   >   <   <   =    
56   <   >   <   <   >    
57   <   >   <   =   <    
58   <   >   <   =   =    
59   <   >   <   =   >    
60   <   >   <   >   <    
61   <   >   <   >   =    
62   <   >   <   >   >    
63   <   >   =   <   <   39+
64   <   >   =   <   =   38+
65   <   >   =   <   >    
66   <   >   =   =   <   37+
67   <   >   =   =   =   36+
68   <   >   =   =   >   35+
69   <   >   =   >   <   34+
70   <   >   =   >   =   33+
71   <   >   =   >   >    
72   <   >   >   <   <    
73   <   >   >   <   =   32-
74   <   >   >   <   >    
75   <   >   >   =   <   31-
76   <   >   >   =   =    
77   <   >   >   =   >   30+
78   <   >   >   >   <   29-
79   <   >   >   >   =   28+
80   <   >   >   >   >   27+
81   =   <   <   <   <   26+
82   =   <   <   <   =   25+
83   =   <   <   <   >   24+
84   =   <   <   =   <   23-
85   =   <   <   =   =   22+
86   =   <   <   =   >   21-
87   =   <   <   >   <   20+
88   =   <   <   >   =    
89   =   <   <   >   >    
90   =   <   =   <   <    
91   =   <   =   <   =   19-
92   =   <   =   <   >   18+
93   =   <   =   =   <    
94   =   <   =   =   =   17+
95   =   <   =   =   >   16+
96   =   <   =   >   <   15+
97   =   <   =   >   =   14-
98   =   <   =   >   >   13+
99   =   <   >   <   <   12-
100   =   <   >   <   =   11+
101   =   <   >   <   >    
102   =   <   >   =   <   10+
103   =   <   >   =   =   9-
104   =   <   >   =   >   8-
105   =   <   >   >   <   7+
106   =   <   >   >   =   6+
107   =   <   >   >   >   5+
108   =   =   <   <   <   4-
109   =   =   <   <   =   3+
110   =   =   <   <   >    
111   =   =   <   =   <    
112   =   =   <   =   =    
113   =   =   <   =   >    
114   =   =   <   >   <    
115   =   =   <   >   =   2-
116   =   =   <   >   >   1-
117   =   =   =   <   <    
118   =   =   =   <   =    
119   =   =   =   <   >    
120   =   =   =   =   <   0+
121   =   =   =   =   =    
122   =   =   =   =   >   0-
123   =   =   =   >   <    
124   =   =   =   >   =    
125   =   =   =   >   >    
126   =   =   >   <   <   1+
127   =   =   >   <   =   2+
128   =   =   >   <   >    
129   =   =   >   =   <    
130   =   =   >   =   =    
131   =   =   >   =   >    
132   =   =   >   >   <    
133   =   =   >   >   =   3-
134   =   =   >   >   >   4+
135   =   >   <   <   <   5-
136   =   >   <   <   =   6-
137   =   >   <   <   >   7-
138   =   >   <   =   <   8+
139   =   >   <   =   =   9+
140   =   >   <   =   >   10-
141   =   >   <   >   <    
142   =   >   <   >   =   11-
143   =   >   <   >   >   12+
144   =   >   =   <   <   13-
145   =   >   =   <   =   14+
146   =   >   =   <   >   15-
147   =   >   =   =   <   16-
148   =   >   =   =   =   17-
149   =   >   =   =   >    
150   =   >   =   >   <   18-
151   =   >   =   >   =   19+
152   =   >   =   >   >    
153   =   >   >   <   <    
154   =   >   >   <   =    
155   =   >   >   <   >   20-
156   =   >   >   =   <   21+
157   =   >   >   =   =   22-
158   =   >   >   =   >   23+
159   =   >   >   >   <   24-
160   =   >   >   >   =   25-
161   =   >   >   >   >   26-
162   >   <   <   <   <   27-
163   >   <   <   <   =   28-
164   >   <   <   <   >   29+
165   >   <   <   =   <   30-
166   >   <   <   =   =    
167   >   <   <   =   >   31+
168   >   <   <   >   <    
169   >   <   <   >   =   32+
170   >   <   <   >   >    
171   >   <   =   <   <    
172   >   <   =   <   =   33-
173   >   <   =   <   >   34-
174   >   <   =   =   <   35-
175   >   <   =   =   =   36-
176   >   <   =   =   >   37-
177   >   <   =   >   <    
178   >   <   =   >   =   38-
179   >   <   =   >   >   39-
180   >   <   >   <   <    
181   >   <   >   <   =    
182   >   <   >   <   >    
183   >   <   >   =   <    
184   >   <   >   =   =    
185   >   <   >   =   >    
186   >   <   >   >   <    
187   >   <   >   >   =    
188   >   <   >   >   >    
189   >   =   <   <   <    
190   >   =   <   <   =    
191   >   =   <   <   >   40+
192   >   =   <   =   <   41+
193   >   =   <   =   =   42+
194   >   =   <   =   >   43+
195   >   =   <   >   <    
196   >   =   <   >   =    
197   >   =   <   >   >   44-
198   >   =   =   <   <    
199   >   =   =   <   =   45-
200   >   =   =   <   >    
201   >   =   =   =   <    
202   >   =   =   =   =    
203   >   =   =   =   >   46+
204   >   =   =   >   <   47+
205   >   =   =   >   =   48+
206   >   =   =   >   >   49-
207   >   =   >   <   <    
208   >   =   >   <   =    
209   >   =   >   <   >   50+
210   >   =   >   =   <   51+
211   >   =   >   =   =    
212   >   =   >   =   >   52+
213   >   =   >   >   <    
214   >   =   >   >   =   53-
215   >   =   >   >   >    
216   >   >   <   <   <    
217   >   >   <   <   =    
218   >   >   <   <   >    
219   >   >   <   =   <    
220   >   >   <   =   =    
221   >   >   <   =   >    
222   >   >   <   >   <    
223   >   >   <   >   =    
224   >   >   <   >   >    
225   >   >   =   <   <    
226   >   >   =   <   =    
227   >   >   =   <   >    
228   >   >   =   =   <   54+
229   >   >   =   =   =    
230   >   >   =   =   >    
231   >   >   =   >   <    
232   >   >   =   >   =    
233   >   >   =   >   >    
234   >   >   >   <   <    
235   >   >   >   <   =    
236   >   >   >   <   >    
237   >   >   >   =   <    
238   >   >   >   =   =    
239   >   >   >   =   >    
240   >   >   >   >   <    
241   >   >   >   >   =    
242   >   >   >   >   >    

Test 54-:
    W0: [29, 31, 32, 40, 41, 42, 43, 46, 47, 48, 50, 51, 52, 54] < [27, 28, 30, 33, 34, 35, 36, 37, 38, 39, 44, 45, 49, 53]
    W1: [ 8,  9, 12, 14, 19, 21, 23, 27, 28, 30, 33, 34, 35, 36, 37, 38, 39, 54] < [ 5,  6,  7, 10, 11, 13, 15, 16, 17, 18, 20, 22, 24, 25, 26, 29, 31, 32]
    W2: [ 1,  2,  4,  5,  6,  7, 10, 11, 21, 23, 27, 28, 30, 44, 50, 51, 52] = [ 3,  8,  9, 12, 20, 22, 24, 25, 26, 29, 31, 32, 40, 41, 42, 43, 53]
    W3: [ 4,  5,  6,  7, 12, 13, 15, 19, 20, 27, 28, 32, 33, 34, 45, 47, 48] = [ 1,  2,  3, 11, 14, 18, 24, 25, 26, 29, 38, 39, 40, 44, 49, 50, 53]
    W4: [ 4,  5, 12, 13, 16, 18, 23, 24, 27, 29, 30, 31, 35, 40, 43, 46, 50, 52] > [ 0,  1,  7,  8, 10, 15, 20, 21, 26, 34, 37, 39, 41, 44, 47, 49, 51, 54]
    Truth table row=[<, <, =, =, >] ix=14 result=54- is correct

Test 53-:
    W0: [29, 31, 32, 40, 41, 42, 43, 46, 47, 48, 50, 51, 52, 54] > [27, 28, 30, 33, 34, 35, 36, 37, 38, 39, 44, 45, 49, 53]
    W1: [ 8,  9, 12, 14, 19, 21, 23, 27, 28, 30, 33, 34, 35, 36, 37, 38, 39, 54] = [ 5,  6,  7, 10, 11, 13, 15, 16, 17, 18, 20, 22, 24, 25, 26, 29, 31, 32]
    W2: [ 1,  2,  4,  5,  6,  7, 10, 11, 21, 23, 27, 28, 30, 44, 50, 51, 52] > [ 3,  8,  9, 12, 20, 22, 24, 25, 26, 29, 31, 32, 40, 41, 42, 43, 53]
    W3: [ 4,  5,  6,  7, 12, 13, 15, 19, 20, 27, 28, 32, 33, 34, 45, 47, 48] > [ 1,  2,  3, 11, 14, 18, 24, 25, 26, 29, 38, 39, 40, 44, 49, 50, 53]
    W4: [ 4,  5, 12, 13, 16, 18, 23, 24, 27, 29, 30, 31, 35, 40, 43, 46, 50, 52] = [ 0,  1,  7,  8, 10, 15, 20, 21, 26, 34, 37, 39, 41, 44, 47, 49, 51, 54]
    Truth table row=[>, =, >, >, =] ix=214 result=53- is correct

Test 52-:
    W0: [29, 31, 32, 40, 41, 42, 43, 46, 47, 48, 50, 51, 52, 54] < [27, 28, 30, 33, 34, 35, 36, 37, 38, 39, 44, 45, 49, 53]
    W1: [ 8,  9, 12, 14, 19, 21, 23, 27, 28, 30, 33, 34, 35, 36, 37, 38, 39, 54] = [ 5,  6,  7, 10, 11, 13, 15, 16, 17, 18, 20, 22, 24, 25, 26, 29, 31, 32]
    W2: [ 1,  2,  4,  5,  6,  7, 10, 11, 21, 23, 27, 28, 30, 44, 50, 51, 52] < [ 3,  8,  9, 12, 20, 22, 24, 25, 26, 29, 31, 32, 40, 41, 42, 43, 53]
    W3: [ 4,  5,  6,  7, 12, 13, 15, 19, 20, 27, 28, 32, 33, 34, 45, 47, 48] = [ 1,  2,  3, 11, 14, 18, 24, 25, 26, 29, 38, 39, 40, 44, 49, 50, 53]
    W4: [ 4,  5, 12, 13, 16, 18, 23, 24, 27, 29, 30, 31, 35, 40, 43, 46, 50, 52] < [ 0,  1,  7,  8, 10, 15, 20, 21, 26, 34, 37, 39, 41, 44, 47, 49, 51, 54]
    Truth table row=[<, =, <, =, <] ix=30 result=52- is correct

Test 51-:
    W0: [29, 31, 32, 40, 41, 42, 43, 46, 47, 48, 50, 51, 52, 54] < [27, 28, 30, 33, 34, 35, 36, 37, 38, 39, 44, 45, 49, 53]
    W1: [ 8,  9, 12, 14, 19, 21, 23, 27, 28, 30, 33, 34, 35, 36, 37, 38, 39, 54] = [ 5,  6,  7, 10, 11, 13, 15, 16, 17, 18, 20, 22, 24, 25, 26, 29, 31, 32]
    W2: [ 1,  2,  4,  5,  6,  7, 10, 11, 21, 23, 27, 28, 30, 44, 50, 51, 52] < [ 3,  8,  9, 12, 20, 22, 24, 25, 26, 29, 31, 32, 40, 41, 42, 43, 53]
    W3: [ 4,  5,  6,  7, 12, 13, 15, 19, 20, 27, 28, 32, 33, 34, 45, 47, 48] = [ 1,  2,  3, 11, 14, 18, 24, 25, 26, 29, 38, 39, 40, 44, 49, 50, 53]
    W4: [ 4,  5, 12, 13, 16, 18, 23, 24, 27, 29, 30, 31, 35, 40, 43, 46, 50, 52] > [ 0,  1,  7,  8, 10, 15, 20, 21, 26, 34, 37, 39, 41, 44, 47, 49, 51, 54]
    Truth table row=[<, =, <, =, >] ix=32 result=51- is correct

Test 50-:
    W0: [29, 31, 32, 40, 41, 42, 43, 46, 47, 48, 50, 51, 52, 54] < [27, 28, 30, 33, 34, 35, 36, 37, 38, 39, 44, 45, 49, 53]
    W1: [ 8,  9, 12, 14, 19, 21, 23, 27, 28, 30, 33, 34, 35, 36, 37, 38, 39, 54] = [ 5,  6,  7, 10, 11, 13, 15, 16, 17, 18, 20, 22, 24, 25, 26, 29, 31, 32]
    W2: [ 1,  2,  4,  5,  6,  7, 10, 11, 21, 23, 27, 28, 30, 44, 50, 51, 52] < [ 3,  8,  9, 12, 20, 22, 24, 25, 26, 29, 31, 32, 40, 41, 42, 43, 53]
    W3: [ 4,  5,  6,  7, 12, 13, 15, 19, 20, 27, 28, 32, 33, 34, 45, 47, 48] > [ 1,  2,  3, 11, 14, 18, 24, 25, 26, 29, 38, 39, 40, 44, 49, 50, 53]
    W4: [ 4,  5, 12, 13, 16, 18, 23, 24, 27, 29, 30, 31, 35, 40, 43, 46, 50, 52] < [ 0,  1,  7,  8, 10, 15, 20, 21, 26, 34, 37, 39, 41, 44, 47, 49, 51, 54]
    Truth table row=[<, =, <, >, <] ix=33 result=50- is correct

Test 49-:
    W0: [29, 31, 32, 40, 41, 42, 43, 46, 47, 48, 50, 51, 52, 54] > [27, 28, 30, 33, 34, 35, 36, 37, 38, 39, 44, 45, 49, 53]
    W1: [ 8,  9, 12, 14, 19, 21, 23, 27, 28, 30, 33, 34, 35, 36, 37, 38, 39, 54] = [ 5,  6,  7, 10, 11, 13, 15, 16, 17, 18, 20, 22, 24, 25, 26, 29, 31, 32]
    W2: [ 1,  2,  4,  5,  6,  7, 10, 11, 21, 23, 27, 28, 30, 44, 50, 51, 52] = [ 3,  8,  9, 12, 20, 22, 24, 25, 26, 29, 31, 32, 40, 41, 42, 43, 53]
    W3: [ 4,  5,  6,  7, 12, 13, 15, 19, 20, 27, 28, 32, 33, 34, 45, 47, 48] > [ 1,  2,  3, 11, 14, 18, 24, 25, 26, 29, 38, 39, 40, 44, 49, 50, 53]
    W4: [ 4,  5, 12, 13, 16, 18, 23, 24, 27, 29, 30, 31, 35, 40, 43, 46, 50, 52] > [ 0,  1,  7,  8, 10, 15, 20, 21, 26, 34, 37, 39, 41, 44, 47, 49, 51, 54]
    Truth table row=[>, =, =, >, >] ix=206 result=49- is correct

Test 48-:
    W0: [29, 31, 32, 40, 41, 42, 43, 46, 47, 48, 50, 51, 52, 54] < [27, 28, 30, 33, 34, 35, 36, 37, 38, 39, 44, 45, 49, 53]
    W1: [ 8,  9, 12, 14, 19, 21, 23, 27, 28, 30, 33, 34, 35, 36, 37, 38, 39, 54] = [ 5,  6,  7, 10, 11, 13, 15, 16, 17, 18, 20, 22, 24, 25, 26, 29, 31, 32]
    W2: [ 1,  2,  4,  5,  6,  7, 10, 11, 21, 23, 27, 28, 30, 44, 50, 51, 52] = [ 3,  8,  9, 12, 20, 22, 24, 25, 26, 29, 31, 32, 40, 41, 42, 43, 53]
    W3: [ 4,  5,  6,  7, 12, 13, 15, 19, 20, 27, 28, 32, 33, 34, 45, 47, 48] < [ 1,  2,  3, 11, 14, 18, 24, 25, 26, 29, 38, 39, 40, 44, 49, 50, 53]
    W4: [ 4,  5, 12, 13, 16, 18, 23, 24, 27, 29, 30, 31, 35, 40, 43, 46, 50, 52] = [ 0,  1,  7,  8, 10, 15, 20, 21, 26, 34, 37, 39, 41, 44, 47, 49, 51, 54]
    Truth table row=[<, =, =, <, =] ix=37 result=48- is correct

Test 47-:
    W0: [29, 31, 32, 40, 41, 42, 43, 46, 47, 48, 50, 51, 52, 54] < [27, 28, 30, 33, 34, 35, 36, 37, 38, 39, 44, 45, 49, 53]
    W1: [ 8,  9, 12, 14, 19, 21, 23, 27, 28, 30, 33, 34, 35, 36, 37, 38, 39, 54] = [ 5,  6,  7, 10, 11, 13, 15, 16, 17, 18, 20, 22, 24, 25, 26, 29, 31, 32]
    W2: [ 1,  2,  4,  5,  6,  7, 10, 11, 21, 23, 27, 28, 30, 44, 50, 51, 52] = [ 3,  8,  9, 12, 20, 22, 24, 25, 26, 29, 31, 32, 40, 41, 42, 43, 53]
    W3: [ 4,  5,  6,  7, 12, 13, 15, 19, 20, 27, 28, 32, 33, 34, 45, 47, 48] < [ 1,  2,  3, 11, 14, 18, 24, 25, 26, 29, 38, 39, 40, 44, 49, 50, 53]
    W4: [ 4,  5, 12, 13, 16, 18, 23, 24, 27, 29, 30, 31, 35, 40, 43, 46, 50, 52] > [ 0,  1,  7,  8, 10, 15, 20, 21, 26, 34, 37, 39, 41, 44, 47, 49, 51, 54]
    Truth table row=[<, =, =, <, >] ix=38 result=47- is correct

Test 46-:
    W0: [29, 31, 32, 40, 41, 42, 43, 46, 47, 48, 50, 51, 52, 54] < [27, 28, 30, 33, 34, 35, 36, 37, 38, 39, 44, 45, 49, 53]
    W1: [ 8,  9, 12, 14, 19, 21, 23, 27, 28, 30, 33, 34, 35, 36, 37, 38, 39, 54] = [ 5,  6,  7, 10, 11, 13, 15, 16, 17, 18, 20, 22, 24, 25, 26, 29, 31, 32]
    W2: [ 1,  2,  4,  5,  6,  7, 10, 11, 21, 23, 27, 28, 30, 44, 50, 51, 52] = [ 3,  8,  9, 12, 20, 22, 24, 25, 26, 29, 31, 32, 40, 41, 42, 43, 53]
    W3: [ 4,  5,  6,  7, 12, 13, 15, 19, 20, 27, 28, 32, 33, 34, 45, 47, 48] = [ 1,  2,  3, 11, 14, 18, 24, 25, 26, 29, 38, 39, 40, 44, 49, 50, 53]
    W4: [ 4,  5, 12, 13, 16, 18, 23, 24, 27, 29, 30, 31, 35, 40, 43, 46, 50, 52] < [ 0,  1,  7,  8, 10, 15, 20, 21, 26, 34, 37, 39, 41, 44, 47, 49, 51, 54]
    Truth table row=[<, =, =, =, <] ix=39 result=46- is correct

Test 45-:
    W0: [29, 31, 32, 40, 41, 42, 43, 46, 47, 48, 50, 51, 52, 54] > [27, 28, 30, 33, 34, 35, 36, 37, 38, 39, 44, 45, 49, 53]
    W1: [ 8,  9, 12, 14, 19, 21, 23, 27, 28, 30, 33, 34, 35, 36, 37, 38, 39, 54] = [ 5,  6,  7, 10, 11, 13, 15, 16, 17, 18, 20, 22, 24, 25, 26, 29, 31, 32]
    W2: [ 1,  2,  4,  5,  6,  7, 10, 11, 21, 23, 27, 28, 30, 44, 50, 51, 52] = [ 3,  8,  9, 12, 20, 22, 24, 25, 26, 29, 31, 32, 40, 41, 42, 43, 53]
    W3: [ 4,  5,  6,  7, 12, 13, 15, 19, 20, 27, 28, 32, 33, 34, 45, 47, 48] < [ 1,  2,  3, 11, 14, 18, 24, 25, 26, 29, 38, 39, 40, 44, 49, 50, 53]
    W4: [ 4,  5, 12, 13, 16, 18, 23, 24, 27, 29, 30, 31, 35, 40, 43, 46, 50, 52] = [ 0,  1,  7,  8, 10, 15, 20, 21, 26, 34, 37, 39, 41, 44, 47, 49, 51, 54]
    Truth table row=[>, =, =, <, =] ix=199 result=45- is correct

Test 44-:
    W0: [29, 31, 32, 40, 41, 42, 43, 46, 47, 48, 50, 51, 52, 54] > [27, 28, 30, 33, 34, 35, 36, 37, 38, 39, 44, 45, 49, 53]
    W1: [ 8,  9, 12, 14, 19, 21, 23, 27, 28, 30, 33, 34, 35, 36, 37, 38, 39, 54] = [ 5,  6,  7, 10, 11, 13, 15, 16, 17, 18, 20, 22, 24, 25, 26, 29, 31, 32]
    W2: [ 1,  2,  4,  5,  6,  7, 10, 11, 21, 23, 27, 28, 30, 44, 50, 51, 52] < [ 3,  8,  9, 12, 20, 22, 24, 25, 26, 29, 31, 32, 40, 41, 42, 43, 53]
    W3: [ 4,  5,  6,  7, 12, 13, 15, 19, 20, 27, 28, 32, 33, 34, 45, 47, 48] > [ 1,  2,  3, 11, 14, 18, 24, 25, 26, 29, 38, 39, 40, 44, 49, 50, 53]
    W4: [ 4,  5, 12, 13, 16, 18, 23, 24, 27, 29, 30, 31, 35, 40, 43, 46, 50, 52] > [ 0,  1,  7,  8, 10, 15, 20, 21, 26, 34, 37, 39, 41, 44, 47, 49, 51, 54]
    Truth table row=[>, =, <, >, >] ix=197 result=44- is correct

Test 43-:
    W0: [29, 31, 32, 40, 41, 42, 43, 46, 47, 48, 50, 51, 52, 54] < [27, 28, 30, 33, 34, 35, 36, 37, 38, 39, 44, 45, 49, 53]
    W1: [ 8,  9, 12, 14, 19, 21, 23, 27, 28, 30, 33, 34, 35, 36, 37, 38, 39, 54] = [ 5,  6,  7, 10, 11, 13, 15, 16, 17, 18, 20, 22, 24, 25, 26, 29, 31, 32]
    W2: [ 1,  2,  4,  5,  6,  7, 10, 11, 21, 23, 27, 28, 30, 44, 50, 51, 52] > [ 3,  8,  9, 12, 20, 22, 24, 25, 26, 29, 31, 32, 40, 41, 42, 43, 53]
    W3: [ 4,  5,  6,  7, 12, 13, 15, 19, 20, 27, 28, 32, 33, 34, 45, 47, 48] = [ 1,  2,  3, 11, 14, 18, 24, 25, 26, 29, 38, 39, 40, 44, 49, 50, 53]
    W4: [ 4,  5, 12, 13, 16, 18, 23, 24, 27, 29, 30, 31, 35, 40, 43, 46, 50, 52] < [ 0,  1,  7,  8, 10, 15, 20, 21, 26, 34, 37, 39, 41, 44, 47, 49, 51, 54]
    Truth table row=[<, =, >, =, <] ix=48 result=43- is correct

Test 42-:
    W0: [29, 31, 32, 40, 41, 42, 43, 46, 47, 48, 50, 51, 52, 54] < [27, 28, 30, 33, 34, 35, 36, 37, 38, 39, 44, 45, 49, 53]
    W1: [ 8,  9, 12, 14, 19, 21, 23, 27, 28, 30, 33, 34, 35, 36, 37, 38, 39, 54] = [ 5,  6,  7, 10, 11, 13, 15, 16, 17, 18, 20, 22, 24, 25, 26, 29, 31, 32]
    W2: [ 1,  2,  4,  5,  6,  7, 10, 11, 21, 23, 27, 28, 30, 44, 50, 51, 52] > [ 3,  8,  9, 12, 20, 22, 24, 25, 26, 29, 31, 32, 40, 41, 42, 43, 53]
    W3: [ 4,  5,  6,  7, 12, 13, 15, 19, 20, 27, 28, 32, 33, 34, 45, 47, 48] = [ 1,  2,  3, 11, 14, 18, 24, 25, 26, 29, 38, 39, 40, 44, 49, 50, 53]
    W4: [ 4,  5, 12, 13, 16, 18, 23, 24, 27, 29, 30, 31, 35, 40, 43, 46, 50, 52] = [ 0,  1,  7,  8, 10, 15, 20, 21, 26, 34, 37, 39, 41, 44, 47, 49, 51, 54]
    Truth table row=[<, =, >, =, =] ix=49 result=42- is correct

Test 41-:
    W0: [29, 31, 32, 40, 41, 42, 43, 46, 47, 48, 50, 51, 52, 54] < [27, 28, 30, 33, 34, 35, 36, 37, 38, 39, 44, 45, 49, 53]
    W1: [ 8,  9, 12, 14, 19, 21, 23, 27, 28, 30, 33, 34, 35, 36, 37, 38, 39, 54] = [ 5,  6,  7, 10, 11, 13, 15, 16, 17, 18, 20, 22, 24, 25, 26, 29, 31, 32]
    W2: [ 1,  2,  4,  5,  6,  7, 10, 11, 21, 23, 27, 28, 30, 44, 50, 51, 52] > [ 3,  8,  9, 12, 20, 22, 24, 25, 26, 29, 31, 32, 40, 41, 42, 43, 53]
    W3: [ 4,  5,  6,  7, 12, 13, 15, 19, 20, 27, 28, 32, 33, 34, 45, 47, 48] = [ 1,  2,  3, 11, 14, 18, 24, 25, 26, 29, 38, 39, 40, 44, 49, 50, 53]
    W4: [ 4,  5, 12, 13, 16, 18, 23, 24, 27, 29, 30, 31, 35, 40, 43, 46, 50, 52] > [ 0,  1,  7,  8, 10, 15, 20, 21, 26, 34, 37, 39, 41, 44, 47, 49, 51, 54]
    Truth table row=[<, =, >, =, >] ix=50 result=41- is correct

Test 40-:
    W0: [29, 31, 32, 40, 41, 42, 43, 46, 47, 48, 50, 51, 52, 54] < [27, 28, 30, 33, 34, 35, 36, 37, 38, 39, 44, 45, 49, 53]
    W1: [ 8,  9, 12, 14, 19, 21, 23, 27, 28, 30, 33, 34, 35, 36, 37, 38, 39, 54] = [ 5,  6,  7, 10, 11, 13, 15, 16, 17, 18, 20, 22, 24, 25, 26, 29, 31, 32]
    W2: [ 1,  2,  4,  5,  6,  7, 10, 11, 21, 23, 27, 28, 30, 44, 50, 51, 52] > [ 3,  8,  9, 12, 20, 22, 24, 25, 26, 29, 31, 32, 40, 41, 42, 43, 53]
    W3: [ 4,  5,  6,  7, 12, 13, 15, 19, 20, 27, 28, 32, 33, 34, 45, 47, 48] > [ 1,  2,  3, 11, 14, 18, 24, 25, 26, 29, 38, 39, 40, 44, 49, 50, 53]
    W4: [ 4,  5, 12, 13, 16, 18, 23, 24, 27, 29, 30, 31, 35, 40, 43, 46, 50, 52] < [ 0,  1,  7,  8, 10, 15, 20, 21, 26, 34, 37, 39, 41, 44, 47, 49, 51, 54]
    Truth table row=[<, =, >, >, <] ix=51 result=40- is correct

Test 39-:
    W0: [29, 31, 32, 40, 41, 42, 43, 46, 47, 48, 50, 51, 52, 54] > [27, 28, 30, 33, 34, 35, 36, 37, 38, 39, 44, 45, 49, 53]
    W1: [ 8,  9, 12, 14, 19, 21, 23, 27, 28, 30, 33, 34, 35, 36, 37, 38, 39, 54] < [ 5,  6,  7, 10, 11, 13, 15, 16, 17, 18, 20, 22, 24, 25, 26, 29, 31, 32]
    W2: [ 1,  2,  4,  5,  6,  7, 10, 11, 21, 23, 27, 28, 30, 44, 50, 51, 52] = [ 3,  8,  9, 12, 20, 22, 24, 25, 26, 29, 31, 32, 40, 41, 42, 43, 53]
    W3: [ 4,  5,  6,  7, 12, 13, 15, 19, 20, 27, 28, 32, 33, 34, 45, 47, 48] > [ 1,  2,  3, 11, 14, 18, 24, 25, 26, 29, 38, 39, 40, 44, 49, 50, 53]
    W4: [ 4,  5, 12, 13, 16, 18, 23, 24, 27, 29, 30, 31, 35, 40, 43, 46, 50, 52] > [ 0,  1,  7,  8, 10, 15, 20, 21, 26, 34, 37, 39, 41, 44, 47, 49, 51, 54]
    Truth table row=[>, <, =, >, >] ix=179 result=39- is correct

Test 38-:
    W0: [29, 31, 32, 40, 41, 42, 43, 46, 47, 48, 50, 51, 52, 54] > [27, 28, 30, 33, 34, 35, 36, 37, 38, 39, 44, 45, 49, 53]
    W1: [ 8,  9, 12, 14, 19, 21, 23, 27, 28, 30, 33, 34, 35, 36, 37, 38, 39, 54] < [ 5,  6,  7, 10, 11, 13, 15, 16, 17, 18, 20, 22, 24, 25, 26, 29, 31, 32]
    W2: [ 1,  2,  4,  5,  6,  7, 10, 11, 21, 23, 27, 28, 30, 44, 50, 51, 52] = [ 3,  8,  9, 12, 20, 22, 24, 25, 26, 29, 31, 32, 40, 41, 42, 43, 53]
    W3: [ 4,  5,  6,  7, 12, 13, 15, 19, 20, 27, 28, 32, 33, 34, 45, 47, 48] > [ 1,  2,  3, 11, 14, 18, 24, 25, 26, 29, 38, 39, 40, 44, 49, 50, 53]
    W4: [ 4,  5, 12, 13, 16, 18, 23, 24, 27, 29, 30, 31, 35, 40, 43, 46, 50, 52] = [ 0,  1,  7,  8, 10, 15, 20, 21, 26, 34, 37, 39, 41, 44, 47, 49, 51, 54]
    Truth table row=[>, <, =, >, =] ix=178 result=38- is correct

Test 37-:
    W0: [29, 31, 32, 40, 41, 42, 43, 46, 47, 48, 50, 51, 52, 54] > [27, 28, 30, 33, 34, 35, 36, 37, 38, 39, 44, 45, 49, 53]
    W1: [ 8,  9, 12, 14, 19, 21, 23, 27, 28, 30, 33, 34, 35, 36, 37, 38, 39, 54] < [ 5,  6,  7, 10, 11, 13, 15, 16, 17, 18, 20, 22, 24, 25, 26, 29, 31, 32]
    W2: [ 1,  2,  4,  5,  6,  7, 10, 11, 21, 23, 27, 28, 30, 44, 50, 51, 52] = [ 3,  8,  9, 12, 20, 22, 24, 25, 26, 29, 31, 32, 40, 41, 42, 43, 53]
    W3: [ 4,  5,  6,  7, 12, 13, 15, 19, 20, 27, 28, 32, 33, 34, 45, 47, 48] = [ 1,  2,  3, 11, 14, 18, 24, 25, 26, 29, 38, 39, 40, 44, 49, 50, 53]
    W4: [ 4,  5, 12, 13, 16, 18, 23, 24, 27, 29, 30, 31, 35, 40, 43, 46, 50, 52] > [ 0,  1,  7,  8, 10, 15, 20, 21, 26, 34, 37, 39, 41, 44, 47, 49, 51, 54]
    Truth table row=[>, <, =, =, >] ix=176 result=37- is correct

Test 36-:
    W0: [29, 31, 32, 40, 41, 42, 43, 46, 47, 48, 50, 51, 52, 54] > [27, 28, 30, 33, 34, 35, 36, 37, 38, 39, 44, 45, 49, 53]
    W1: [ 8,  9, 12, 14, 19, 21, 23, 27, 28, 30, 33, 34, 35, 36, 37, 38, 39, 54] < [ 5,  6,  7, 10, 11, 13, 15, 16, 17, 18, 20, 22, 24, 25, 26, 29, 31, 32]
    W2: [ 1,  2,  4,  5,  6,  7, 10, 11, 21, 23, 27, 28, 30, 44, 50, 51, 52] = [ 3,  8,  9, 12, 20, 22, 24, 25, 26, 29, 31, 32, 40, 41, 42, 43, 53]
    W3: [ 4,  5,  6,  7, 12, 13, 15, 19, 20, 27, 28, 32, 33, 34, 45, 47, 48] = [ 1,  2,  3, 11, 14, 18, 24, 25, 26, 29, 38, 39, 40, 44, 49, 50, 53]
    W4: [ 4,  5, 12, 13, 16, 18, 23, 24, 27, 29, 30, 31, 35, 40, 43, 46, 50, 52] = [ 0,  1,  7,  8, 10, 15, 20, 21, 26, 34, 37, 39, 41, 44, 47, 49, 51, 54]
    Truth table row=[>, <, =, =, =] ix=175 result=36- is correct

Test 35-:
    W0: [29, 31, 32, 40, 41, 42, 43, 46, 47, 48, 50, 51, 52, 54] > [27, 28, 30, 33, 34, 35, 36, 37, 38, 39, 44, 45, 49, 53]
    W1: [ 8,  9, 12, 14, 19, 21, 23, 27, 28, 30, 33, 34, 35, 36, 37, 38, 39, 54] < [ 5,  6,  7, 10, 11, 13, 15, 16, 17, 18, 20, 22, 24, 25, 26, 29, 31, 32]
    W2: [ 1,  2,  4,  5,  6,  7, 10, 11, 21, 23, 27, 28, 30, 44, 50, 51, 52] = [ 3,  8,  9, 12, 20, 22, 24, 25, 26, 29, 31, 32, 40, 41, 42, 43, 53]
    W3: [ 4,  5,  6,  7, 12, 13, 15, 19, 20, 27, 28, 32, 33, 34, 45, 47, 48] = [ 1,  2,  3, 11, 14, 18, 24, 25, 26, 29, 38, 39, 40, 44, 49, 50, 53]
    W4: [ 4,  5, 12, 13, 16, 18, 23, 24, 27, 29, 30, 31, 35, 40, 43, 46, 50, 52] < [ 0,  1,  7,  8, 10, 15, 20, 21, 26, 34, 37, 39, 41, 44, 47, 49, 51, 54]
    Truth table row=[>, <, =, =, <] ix=174 result=35- is correct

Test 34-:
    W0: [29, 31, 32, 40, 41, 42, 43, 46, 47, 48, 50, 51, 52, 54] > [27, 28, 30, 33, 34, 35, 36, 37, 38, 39, 44, 45, 49, 53]
    W1: [ 8,  9, 12, 14, 19, 21, 23, 27, 28, 30, 33, 34, 35, 36, 37, 38, 39, 54] < [ 5,  6,  7, 10, 11, 13, 15, 16, 17, 18, 20, 22, 24, 25, 26, 29, 31, 32]
    W2: [ 1,  2,  4,  5,  6,  7, 10, 11, 21, 23, 27, 28, 30, 44, 50, 51, 52] = [ 3,  8,  9, 12, 20, 22, 24, 25, 26, 29, 31, 32, 40, 41, 42, 43, 53]
    W3: [ 4,  5,  6,  7, 12, 13, 15, 19, 20, 27, 28, 32, 33, 34, 45, 47, 48] < [ 1,  2,  3, 11, 14, 18, 24, 25, 26, 29, 38, 39, 40, 44, 49, 50, 53]
    W4: [ 4,  5, 12, 13, 16, 18, 23, 24, 27, 29, 30, 31, 35, 40, 43, 46, 50, 52] > [ 0,  1,  7,  8, 10, 15, 20, 21, 26, 34, 37, 39, 41, 44, 47, 49, 51, 54]
    Truth table row=[>, <, =, <, >] ix=173 result=34- is correct

Test 33-:
    W0: [29, 31, 32, 40, 41, 42, 43, 46, 47, 48, 50, 51, 52, 54] > [27, 28, 30, 33, 34, 35, 36, 37, 38, 39, 44, 45, 49, 53]
    W1: [ 8,  9, 12, 14, 19, 21, 23, 27, 28, 30, 33, 34, 35, 36, 37, 38, 39, 54] < [ 5,  6,  7, 10, 11, 13, 15, 16, 17, 18, 20, 22, 24, 25, 26, 29, 31, 32]
    W2: [ 1,  2,  4,  5,  6,  7, 10, 11, 21, 23, 27, 28, 30, 44, 50, 51, 52] = [ 3,  8,  9, 12, 20, 22, 24, 25, 26, 29, 31, 32, 40, 41, 42, 43, 53]
    W3: [ 4,  5,  6,  7, 12, 13, 15, 19, 20, 27, 28, 32, 33, 34, 45, 47, 48] < [ 1,  2,  3, 11, 14, 18, 24, 25, 26, 29, 38, 39, 40, 44, 49, 50, 53]
    W4: [ 4,  5, 12, 13, 16, 18, 23, 24, 27, 29, 30, 31, 35, 40, 43, 46, 50, 52] = [ 0,  1,  7,  8, 10, 15, 20, 21, 26, 34, 37, 39, 41, 44, 47, 49, 51, 54]
    Truth table row=[>, <, =, <, =] ix=172 result=33- is correct

Test 32-:
    W0: [29, 31, 32, 40, 41, 42, 43, 46, 47, 48, 50, 51, 52, 54] < [27, 28, 30, 33, 34, 35, 36, 37, 38, 39, 44, 45, 49, 53]
    W1: [ 8,  9, 12, 14, 19, 21, 23, 27, 28, 30, 33, 34, 35, 36, 37, 38, 39, 54] > [ 5,  6,  7, 10, 11, 13, 15, 16, 17, 18, 20, 22, 24, 25, 26, 29, 31, 32]
    W2: [ 1,  2,  4,  5,  6,  7, 10, 11, 21, 23, 27, 28, 30, 44, 50, 51, 52] > [ 3,  8,  9, 12, 20, 22, 24, 25, 26, 29, 31, 32, 40, 41, 42, 43, 53]
    W3: [ 4,  5,  6,  7, 12, 13, 15, 19, 20, 27, 28, 32, 33, 34, 45, 47, 48] < [ 1,  2,  3, 11, 14, 18, 24, 25, 26, 29, 38, 39, 40, 44, 49, 50, 53]
    W4: [ 4,  5, 12, 13, 16, 18, 23, 24, 27, 29, 30, 31, 35, 40, 43, 46, 50, 52] = [ 0,  1,  7,  8, 10, 15, 20, 21, 26, 34, 37, 39, 41, 44, 47, 49, 51, 54]
    Truth table row=[<, >, >, <, =] ix=73 result=32- is correct

Test 31-:
    W0: [29, 31, 32, 40, 41, 42, 43, 46, 47, 48, 50, 51, 52, 54] < [27, 28, 30, 33, 34, 35, 36, 37, 38, 39, 44, 45, 49, 53]
    W1: [ 8,  9, 12, 14, 19, 21, 23, 27, 28, 30, 33, 34, 35, 36, 37, 38, 39, 54] > [ 5,  6,  7, 10, 11, 13, 15, 16, 17, 18, 20, 22, 24, 25, 26, 29, 31, 32]
    W2: [ 1,  2,  4,  5,  6,  7, 10, 11, 21, 23, 27, 28, 30, 44, 50, 51, 52] > [ 3,  8,  9, 12, 20, 22, 24, 25, 26, 29, 31, 32, 40, 41, 42, 43, 53]
    W3: [ 4,  5,  6,  7, 12, 13, 15, 19, 20, 27, 28, 32, 33, 34, 45, 47, 48] = [ 1,  2,  3, 11, 14, 18, 24, 25, 26, 29, 38, 39, 40, 44, 49, 50, 53]
    W4: [ 4,  5, 12, 13, 16, 18, 23, 24, 27, 29, 30, 31, 35, 40, 43, 46, 50, 52] < [ 0,  1,  7,  8, 10, 15, 20, 21, 26, 34, 37, 39, 41, 44, 47, 49, 51, 54]
    Truth table row=[<, >, >, =, <] ix=75 result=31- is correct

Test 30-:
    W0: [29, 31, 32, 40, 41, 42, 43, 46, 47, 48, 50, 51, 52, 54] > [27, 28, 30, 33, 34, 35, 36, 37, 38, 39, 44, 45, 49, 53]
    W1: [ 8,  9, 12, 14, 19, 21, 23, 27, 28, 30, 33, 34, 35, 36, 37, 38, 39, 54] < [ 5,  6,  7, 10, 11, 13, 15, 16, 17, 18, 20, 22, 24, 25, 26, 29, 31, 32]
    W2: [ 1,  2,  4,  5,  6,  7, 10, 11, 21, 23, 27, 28, 30, 44, 50, 51, 52] < [ 3,  8,  9, 12, 20, 22, 24, 25, 26, 29, 31, 32, 40, 41, 42, 43, 53]
    W3: [ 4,  5,  6,  7, 12, 13, 15, 19, 20, 27, 28, 32, 33, 34, 45, 47, 48] = [ 1,  2,  3, 11, 14, 18, 24, 25, 26, 29, 38, 39, 40, 44, 49, 50, 53]
    W4: [ 4,  5, 12, 13, 16, 18, 23, 24, 27, 29, 30, 31, 35, 40, 43, 46, 50, 52] < [ 0,  1,  7,  8, 10, 15, 20, 21, 26, 34, 37, 39, 41, 44, 47, 49, 51, 54]
    Truth table row=[>, <, <, =, <] ix=165 result=30- is correct

Test 29-:
    W0: [29, 31, 32, 40, 41, 42, 43, 46, 47, 48, 50, 51, 52, 54] < [27, 28, 30, 33, 34, 35, 36, 37, 38, 39, 44, 45, 49, 53]
    W1: [ 8,  9, 12, 14, 19, 21, 23, 27, 28, 30, 33, 34, 35, 36, 37, 38, 39, 54] > [ 5,  6,  7, 10, 11, 13, 15, 16, 17, 18, 20, 22, 24, 25, 26, 29, 31, 32]
    W2: [ 1,  2,  4,  5,  6,  7, 10, 11, 21, 23, 27, 28, 30, 44, 50, 51, 52] > [ 3,  8,  9, 12, 20, 22, 24, 25, 26, 29, 31, 32, 40, 41, 42, 43, 53]
    W3: [ 4,  5,  6,  7, 12, 13, 15, 19, 20, 27, 28, 32, 33, 34, 45, 47, 48] > [ 1,  2,  3, 11, 14, 18, 24, 25, 26, 29, 38, 39, 40, 44, 49, 50, 53]
    W4: [ 4,  5, 12, 13, 16, 18, 23, 24, 27, 29, 30, 31, 35, 40, 43, 46, 50, 52] < [ 0,  1,  7,  8, 10, 15, 20, 21, 26, 34, 37, 39, 41, 44, 47, 49, 51, 54]
    Truth table row=[<, >, >, >, <] ix=78 result=29- is correct

Test 28-:
    W0: [29, 31, 32, 40, 41, 42, 43, 46, 47, 48, 50, 51, 52, 54] > [27, 28, 30, 33, 34, 35, 36, 37, 38, 39, 44, 45, 49, 53]
    W1: [ 8,  9, 12, 14, 19, 21, 23, 27, 28, 30, 33, 34, 35, 36, 37, 38, 39, 54] < [ 5,  6,  7, 10, 11, 13, 15, 16, 17, 18, 20, 22, 24, 25, 26, 29, 31, 32]
    W2: [ 1,  2,  4,  5,  6,  7, 10, 11, 21, 23, 27, 28, 30, 44, 50, 51, 52] < [ 3,  8,  9, 12, 20, 22, 24, 25, 26, 29, 31, 32, 40, 41, 42, 43, 53]
    W3: [ 4,  5,  6,  7, 12, 13, 15, 19, 20, 27, 28, 32, 33, 34, 45, 47, 48] < [ 1,  2,  3, 11, 14, 18, 24, 25, 26, 29, 38, 39, 40, 44, 49, 50, 53]
    W4: [ 4,  5, 12, 13, 16, 18, 23, 24, 27, 29, 30, 31, 35, 40, 43, 46, 50, 52] = [ 0,  1,  7,  8, 10, 15, 20, 21, 26, 34, 37, 39, 41, 44, 47, 49, 51, 54]
    Truth table row=[>, <, <, <, =] ix=163 result=28- is correct

Test 27-:
    W0: [29, 31, 32, 40, 41, 42, 43, 46, 47, 48, 50, 51, 52, 54] > [27, 28, 30, 33, 34, 35, 36, 37, 38, 39, 44, 45, 49, 53]
    W1: [ 8,  9, 12, 14, 19, 21, 23, 27, 28, 30, 33, 34, 35, 36, 37, 38, 39, 54] < [ 5,  6,  7, 10, 11, 13, 15, 16, 17, 18, 20, 22, 24, 25, 26, 29, 31, 32]
    W2: [ 1,  2,  4,  5,  6,  7, 10, 11, 21, 23, 27, 28, 30, 44, 50, 51, 52] < [ 3,  8,  9, 12, 20, 22, 24, 25, 26, 29, 31, 32, 40, 41, 42, 43, 53]
    W3: [ 4,  5,  6,  7, 12, 13, 15, 19, 20, 27, 28, 32, 33, 34, 45, 47, 48] < [ 1,  2,  3, 11, 14, 18, 24, 25, 26, 29, 38, 39, 40, 44, 49, 50, 53]
    W4: [ 4,  5, 12, 13, 16, 18, 23, 24, 27, 29, 30, 31, 35, 40, 43, 46, 50, 52] < [ 0,  1,  7,  8, 10, 15, 20, 21, 26, 34, 37, 39, 41, 44, 47, 49, 51, 54]
    Truth table row=[>, <, <, <, <] ix=162 result=27- is correct

Test 26-:
    W0: [29, 31, 32, 40, 41, 42, 43, 46, 47, 48, 50, 51, 52, 54] = [27, 28, 30, 33, 34, 35, 36, 37, 38, 39, 44, 45, 49, 53]
    W1: [ 8,  9, 12, 14, 19, 21, 23, 27, 28, 30, 33, 34, 35, 36, 37, 38, 39, 54] > [ 5,  6,  7, 10, 11, 13, 15, 16, 17, 18, 20, 22, 24, 25, 26, 29, 31, 32]
    W2: [ 1,  2,  4,  5,  6,  7, 10, 11, 21, 23, 27, 28, 30, 44, 50, 51, 52] > [ 3,  8,  9, 12, 20, 22, 24, 25, 26, 29, 31, 32, 40, 41, 42, 43, 53]
    W3: [ 4,  5,  6,  7, 12, 13, 15, 19, 20, 27, 28, 32, 33, 34, 45, 47, 48] > [ 1,  2,  3, 11, 14, 18, 24, 25, 26, 29, 38, 39, 40, 44, 49, 50, 53]
    W4: [ 4,  5, 12, 13, 16, 18, 23, 24, 27, 29, 30, 31, 35, 40, 43, 46, 50, 52] > [ 0,  1,  7,  8, 10, 15, 20, 21, 26, 34, 37, 39, 41, 44, 47, 49, 51, 54]
    Truth table row=[=, >, >, >, >] ix=161 result=26- is correct

Test 25-:
    W0: [29, 31, 32, 40, 41, 42, 43, 46, 47, 48, 50, 51, 52, 54] = [27, 28, 30, 33, 34, 35, 36, 37, 38, 39, 44, 45, 49, 53]
    W1: [ 8,  9, 12, 14, 19, 21, 23, 27, 28, 30, 33, 34, 35, 36, 37, 38, 39, 54] > [ 5,  6,  7, 10, 11, 13, 15, 16, 17, 18, 20, 22, 24, 25, 26, 29, 31, 32]
    W2: [ 1,  2,  4,  5,  6,  7, 10, 11, 21, 23, 27, 28, 30, 44, 50, 51, 52] > [ 3,  8,  9, 12, 20, 22, 24, 25, 26, 29, 31, 32, 40, 41, 42, 43, 53]
    W3: [ 4,  5,  6,  7, 12, 13, 15, 19, 20, 27, 28, 32, 33, 34, 45, 47, 48] > [ 1,  2,  3, 11, 14, 18, 24, 25, 26, 29, 38, 39, 40, 44, 49, 50, 53]
    W4: [ 4,  5, 12, 13, 16, 18, 23, 24, 27, 29, 30, 31, 35, 40, 43, 46, 50, 52] = [ 0,  1,  7,  8, 10, 15, 20, 21, 26, 34, 37, 39, 41, 44, 47, 49, 51, 54]
    Truth table row=[=, >, >, >, =] ix=160 result=25- is correct

Test 24-:
    W0: [29, 31, 32, 40, 41, 42, 43, 46, 47, 48, 50, 51, 52, 54] = [27, 28, 30, 33, 34, 35, 36, 37, 38, 39, 44, 45, 49, 53]
    W1: [ 8,  9, 12, 14, 19, 21, 23, 27, 28, 30, 33, 34, 35, 36, 37, 38, 39, 54] > [ 5,  6,  7, 10, 11, 13, 15, 16, 17, 18, 20, 22, 24, 25, 26, 29, 31, 32]
    W2: [ 1,  2,  4,  5,  6,  7, 10, 11, 21, 23, 27, 28, 30, 44, 50, 51, 52] > [ 3,  8,  9, 12, 20, 22, 24, 25, 26, 29, 31, 32, 40, 41, 42, 43, 53]
    W3: [ 4,  5,  6,  7, 12, 13, 15, 19, 20, 27, 28, 32, 33, 34, 45, 47, 48] > [ 1,  2,  3, 11, 14, 18, 24, 25, 26, 29, 38, 39, 40, 44, 49, 50, 53]
    W4: [ 4,  5, 12, 13, 16, 18, 23, 24, 27, 29, 30, 31, 35, 40, 43, 46, 50, 52] < [ 0,  1,  7,  8, 10, 15, 20, 21, 26, 34, 37, 39, 41, 44, 47, 49, 51, 54]
    Truth table row=[=, >, >, >, <] ix=159 result=24- is correct

Test 23-:
    W0: [29, 31, 32, 40, 41, 42, 43, 46, 47, 48, 50, 51, 52, 54] = [27, 28, 30, 33, 34, 35, 36, 37, 38, 39, 44, 45, 49, 53]
    W1: [ 8,  9, 12, 14, 19, 21, 23, 27, 28, 30, 33, 34, 35, 36, 37, 38, 39, 54] < [ 5,  6,  7, 10, 11, 13, 15, 16, 17, 18, 20, 22, 24, 25, 26, 29, 31, 32]
    W2: [ 1,  2,  4,  5,  6,  7, 10, 11, 21, 23, 27, 28, 30, 44, 50, 51, 52] < [ 3,  8,  9, 12, 20, 22, 24, 25, 26, 29, 31, 32, 40, 41, 42, 43, 53]
    W3: [ 4,  5,  6,  7, 12, 13, 15, 19, 20, 27, 28, 32, 33, 34, 45, 47, 48] = [ 1,  2,  3, 11, 14, 18, 24, 25, 26, 29, 38, 39, 40, 44, 49, 50, 53]
    W4: [ 4,  5, 12, 13, 16, 18, 23, 24, 27, 29, 30, 31, 35, 40, 43, 46, 50, 52] < [ 0,  1,  7,  8, 10, 15, 20, 21, 26, 34, 37, 39, 41, 44, 47, 49, 51, 54]
    Truth table row=[=, <, <, =, <] ix=84 result=23- is correct

Test 22-:
    W0: [29, 31, 32, 40, 41, 42, 43, 46, 47, 48, 50, 51, 52, 54] = [27, 28, 30, 33, 34, 35, 36, 37, 38, 39, 44, 45, 49, 53]
    W1: [ 8,  9, 12, 14, 19, 21, 23, 27, 28, 30, 33, 34, 35, 36, 37, 38, 39, 54] > [ 5,  6,  7, 10, 11, 13, 15, 16, 17, 18, 20, 22, 24, 25, 26, 29, 31, 32]
    W2: [ 1,  2,  4,  5,  6,  7, 10, 11, 21, 23, 27, 28, 30, 44, 50, 51, 52] > [ 3,  8,  9, 12, 20, 22, 24, 25, 26, 29, 31, 32, 40, 41, 42, 43, 53]
    W3: [ 4,  5,  6,  7, 12, 13, 15, 19, 20, 27, 28, 32, 33, 34, 45, 47, 48] = [ 1,  2,  3, 11, 14, 18, 24, 25, 26, 29, 38, 39, 40, 44, 49, 50, 53]
    W4: [ 4,  5, 12, 13, 16, 18, 23, 24, 27, 29, 30, 31, 35, 40, 43, 46, 50, 52] = [ 0,  1,  7,  8, 10, 15, 20, 21, 26, 34, 37, 39, 41, 44, 47, 49, 51, 54]
    Truth table row=[=, >, >, =, =] ix=157 result=22- is correct

Test 21-:
    W0: [29, 31, 32, 40, 41, 42, 43, 46, 47, 48, 50, 51, 52, 54] = [27, 28, 30, 33, 34, 35, 36, 37, 38, 39, 44, 45, 49, 53]
    W1: [ 8,  9, 12, 14, 19, 21, 23, 27, 28, 30, 33, 34, 35, 36, 37, 38, 39, 54] < [ 5,  6,  7, 10, 11, 13, 15, 16, 17, 18, 20, 22, 24, 25, 26, 29, 31, 32]
    W2: [ 1,  2,  4,  5,  6,  7, 10, 11, 21, 23, 27, 28, 30, 44, 50, 51, 52] < [ 3,  8,  9, 12, 20, 22, 24, 25, 26, 29, 31, 32, 40, 41, 42, 43, 53]
    W3: [ 4,  5,  6,  7, 12, 13, 15, 19, 20, 27, 28, 32, 33, 34, 45, 47, 48] = [ 1,  2,  3, 11, 14, 18, 24, 25, 26, 29, 38, 39, 40, 44, 49, 50, 53]
    W4: [ 4,  5, 12, 13, 16, 18, 23, 24, 27, 29, 30, 31, 35, 40, 43, 46, 50, 52] > [ 0,  1,  7,  8, 10, 15, 20, 21, 26, 34, 37, 39, 41, 44, 47, 49, 51, 54]
    Truth table row=[=, <, <, =, >] ix=86 result=21- is correct

Test 20-:
    W0: [29, 31, 32, 40, 41, 42, 43, 46, 47, 48, 50, 51, 52, 54] = [27, 28, 30, 33, 34, 35, 36, 37, 38, 39, 44, 45, 49, 53]
    W1: [ 8,  9, 12, 14, 19, 21, 23, 27, 28, 30, 33, 34, 35, 36, 37, 38, 39, 54] > [ 5,  6,  7, 10, 11, 13, 15, 16, 17, 18, 20, 22, 24, 25, 26, 29, 31, 32]
    W2: [ 1,  2,  4,  5,  6,  7, 10, 11, 21, 23, 27, 28, 30, 44, 50, 51, 52] > [ 3,  8,  9, 12, 20, 22, 24, 25, 26, 29, 31, 32, 40, 41, 42, 43, 53]
    W3: [ 4,  5,  6,  7, 12, 13, 15, 19, 20, 27, 28, 32, 33, 34, 45, 47, 48] < [ 1,  2,  3, 11, 14, 18, 24, 25, 26, 29, 38, 39, 40, 44, 49, 50, 53]
    W4: [ 4,  5, 12, 13, 16, 18, 23, 24, 27, 29, 30, 31, 35, 40, 43, 46, 50, 52] > [ 0,  1,  7,  8, 10, 15, 20, 21, 26, 34, 37, 39, 41, 44, 47, 49, 51, 54]
    Truth table row=[=, >, >, <, >] ix=155 result=20- is correct

Test 19-:
    W0: [29, 31, 32, 40, 41, 42, 43, 46, 47, 48, 50, 51, 52, 54] = [27, 28, 30, 33, 34, 35, 36, 37, 38, 39, 44, 45, 49, 53]
    W1: [ 8,  9, 12, 14, 19, 21, 23, 27, 28, 30, 33, 34, 35, 36, 37, 38, 39, 54] < [ 5,  6,  7, 10, 11, 13, 15, 16, 17, 18, 20, 22, 24, 25, 26, 29, 31, 32]
    W2: [ 1,  2,  4,  5,  6,  7, 10, 11, 21, 23, 27, 28, 30, 44, 50, 51, 52] = [ 3,  8,  9, 12, 20, 22, 24, 25, 26, 29, 31, 32, 40, 41, 42, 43, 53]
    W3: [ 4,  5,  6,  7, 12, 13, 15, 19, 20, 27, 28, 32, 33, 34, 45, 47, 48] < [ 1,  2,  3, 11, 14, 18, 24, 25, 26, 29, 38, 39, 40, 44, 49, 50, 53]
    W4: [ 4,  5, 12, 13, 16, 18, 23, 24, 27, 29, 30, 31, 35, 40, 43, 46, 50, 52] = [ 0,  1,  7,  8, 10, 15, 20, 21, 26, 34, 37, 39, 41, 44, 47, 49, 51, 54]
    Truth table row=[=, <, =, <, =] ix=91 result=19- is correct

Test 18-:
    W0: [29, 31, 32, 40, 41, 42, 43, 46, 47, 48, 50, 51, 52, 54] = [27, 28, 30, 33, 34, 35, 36, 37, 38, 39, 44, 45, 49, 53]
    W1: [ 8,  9, 12, 14, 19, 21, 23, 27, 28, 30, 33, 34, 35, 36, 37, 38, 39, 54] > [ 5,  6,  7, 10, 11, 13, 15, 16, 17, 18, 20, 22, 24, 25, 26, 29, 31, 32]
    W2: [ 1,  2,  4,  5,  6,  7, 10, 11, 21, 23, 27, 28, 30, 44, 50, 51, 52] = [ 3,  8,  9, 12, 20, 22, 24, 25, 26, 29, 31, 32, 40, 41, 42, 43, 53]
    W3: [ 4,  5,  6,  7, 12, 13, 15, 19, 20, 27, 28, 32, 33, 34, 45, 47, 48] > [ 1,  2,  3, 11, 14, 18, 24, 25, 26, 29, 38, 39, 40, 44, 49, 50, 53]
    W4: [ 4,  5, 12, 13, 16, 18, 23, 24, 27, 29, 30, 31, 35, 40, 43, 46, 50, 52] < [ 0,  1,  7,  8, 10, 15, 20, 21, 26, 34, 37, 39, 41, 44, 47, 49, 51, 54]
    Truth table row=[=, >, =, >, <] ix=150 result=18- is correct

Test 17-:
    W0: [29, 31, 32, 40, 41, 42, 43, 46, 47, 48, 50, 51, 52, 54] = [27, 28, 30, 33, 34, 35, 36, 37, 38, 39, 44, 45, 49, 53]
    W1: [ 8,  9, 12, 14, 19, 21, 23, 27, 28, 30, 33, 34, 35, 36, 37, 38, 39, 54] > [ 5,  6,  7, 10, 11, 13, 15, 16, 17, 18, 20, 22, 24, 25, 26, 29, 31, 32]
    W2: [ 1,  2,  4,  5,  6,  7, 10, 11, 21, 23, 27, 28, 30, 44, 50, 51, 52] = [ 3,  8,  9, 12, 20, 22, 24, 25, 26, 29, 31, 32, 40, 41, 42, 43, 53]
    W3: [ 4,  5,  6,  7, 12, 13, 15, 19, 20, 27, 28, 32, 33, 34, 45, 47, 48] = [ 1,  2,  3, 11, 14, 18, 24, 25, 26, 29, 38, 39, 40, 44, 49, 50, 53]
    W4: [ 4,  5, 12, 13, 16, 18, 23, 24, 27, 29, 30, 31, 35, 40, 43, 46, 50, 52] = [ 0,  1,  7,  8, 10, 15, 20, 21, 26, 34, 37, 39, 41, 44, 47, 49, 51, 54]
    Truth table row=[=, >, =, =, =] ix=148 result=17- is correct

Test 16-:
    W0: [29, 31, 32, 40, 41, 42, 43, 46, 47, 48, 50, 51, 52, 54] = [27, 28, 30, 33, 34, 35, 36, 37, 38, 39, 44, 45, 49, 53]
    W1: [ 8,  9, 12, 14, 19, 21, 23, 27, 28, 30, 33, 34, 35, 36, 37, 38, 39, 54] > [ 5,  6,  7, 10, 11, 13, 15, 16, 17, 18, 20, 22, 24, 25, 26, 29, 31, 32]
    W2: [ 1,  2,  4,  5,  6,  7, 10, 11, 21, 23, 27, 28, 30, 44, 50, 51, 52] = [ 3,  8,  9, 12, 20, 22, 24, 25, 26, 29, 31, 32, 40, 41, 42, 43, 53]
    W3: [ 4,  5,  6,  7, 12, 13, 15, 19, 20, 27, 28, 32, 33, 34, 45, 47, 48] = [ 1,  2,  3, 11, 14, 18, 24, 25, 26, 29, 38, 39, 40, 44, 49, 50, 53]
    W4: [ 4,  5, 12, 13, 16, 18, 23, 24, 27, 29, 30, 31, 35, 40, 43, 46, 50, 52] < [ 0,  1,  7,  8, 10, 15, 20, 21, 26, 34, 37, 39, 41, 44, 47, 49, 51, 54]
    Truth table row=[=, >, =, =, <] ix=147 result=16- is correct

Test 15-:
    W0: [29, 31, 32, 40, 41, 42, 43, 46, 47, 48, 50, 51, 52, 54] = [27, 28, 30, 33, 34, 35, 36, 37, 38, 39, 44, 45, 49, 53]
    W1: [ 8,  9, 12, 14, 19, 21, 23, 27, 28, 30, 33, 34, 35, 36, 37, 38, 39, 54] > [ 5,  6,  7, 10, 11, 13, 15, 16, 17, 18, 20, 22, 24, 25, 26, 29, 31, 32]
    W2: [ 1,  2,  4,  5,  6,  7, 10, 11, 21, 23, 27, 28, 30, 44, 50, 51, 52] = [ 3,  8,  9, 12, 20, 22, 24, 25, 26, 29, 31, 32, 40, 41, 42, 43, 53]
    W3: [ 4,  5,  6,  7, 12, 13, 15, 19, 20, 27, 28, 32, 33, 34, 45, 47, 48] < [ 1,  2,  3, 11, 14, 18, 24, 25, 26, 29, 38, 39, 40, 44, 49, 50, 53]
    W4: [ 4,  5, 12, 13, 16, 18, 23, 24, 27, 29, 30, 31, 35, 40, 43, 46, 50, 52] > [ 0,  1,  7,  8, 10, 15, 20, 21, 26, 34, 37, 39, 41, 44, 47, 49, 51, 54]
    Truth table row=[=, >, =, <, >] ix=146 result=15- is correct

Test 14-:
    W0: [29, 31, 32, 40, 41, 42, 43, 46, 47, 48, 50, 51, 52, 54] = [27, 28, 30, 33, 34, 35, 36, 37, 38, 39, 44, 45, 49, 53]
    W1: [ 8,  9, 12, 14, 19, 21, 23, 27, 28, 30, 33, 34, 35, 36, 37, 38, 39, 54] < [ 5,  6,  7, 10, 11, 13, 15, 16, 17, 18, 20, 22, 24, 25, 26, 29, 31, 32]
    W2: [ 1,  2,  4,  5,  6,  7, 10, 11, 21, 23, 27, 28, 30, 44, 50, 51, 52] = [ 3,  8,  9, 12, 20, 22, 24, 25, 26, 29, 31, 32, 40, 41, 42, 43, 53]
    W3: [ 4,  5,  6,  7, 12, 13, 15, 19, 20, 27, 28, 32, 33, 34, 45, 47, 48] > [ 1,  2,  3, 11, 14, 18, 24, 25, 26, 29, 38, 39, 40, 44, 49, 50, 53]
    W4: [ 4,  5, 12, 13, 16, 18, 23, 24, 27, 29, 30, 31, 35, 40, 43, 46, 50, 52] = [ 0,  1,  7,  8, 10, 15, 20, 21, 26, 34, 37, 39, 41, 44, 47, 49, 51, 54]
    Truth table row=[=, <, =, >, =] ix=97 result=14- is correct

Test 13-:
    W0: [29, 31, 32, 40, 41, 42, 43, 46, 47, 48, 50, 51, 52, 54] = [27, 28, 30, 33, 34, 35, 36, 37, 38, 39, 44, 45, 49, 53]
    W1: [ 8,  9, 12, 14, 19, 21, 23, 27, 28, 30, 33, 34, 35, 36, 37, 38, 39, 54] > [ 5,  6,  7, 10, 11, 13, 15, 16, 17, 18, 20, 22, 24, 25, 26, 29, 31, 32]
    W2: [ 1,  2,  4,  5,  6,  7, 10, 11, 21, 23, 27, 28, 30, 44, 50, 51, 52] = [ 3,  8,  9, 12, 20, 22, 24, 25, 26, 29, 31, 32, 40, 41, 42, 43, 53]
    W3: [ 4,  5,  6,  7, 12, 13, 15, 19, 20, 27, 28, 32, 33, 34, 45, 47, 48] < [ 1,  2,  3, 11, 14, 18, 24, 25, 26, 29, 38, 39, 40, 44, 49, 50, 53]
    W4: [ 4,  5, 12, 13, 16, 18, 23, 24, 27, 29, 30, 31, 35, 40, 43, 46, 50, 52] < [ 0,  1,  7,  8, 10, 15, 20, 21, 26, 34, 37, 39, 41, 44, 47, 49, 51, 54]
    Truth table row=[=, >, =, <, <] ix=144 result=13- is correct

Test 12-:
    W0: [29, 31, 32, 40, 41, 42, 43, 46, 47, 48, 50, 51, 52, 54] = [27, 28, 30, 33, 34, 35, 36, 37, 38, 39, 44, 45, 49, 53]
    W1: [ 8,  9, 12, 14, 19, 21, 23, 27, 28, 30, 33, 34, 35, 36, 37, 38, 39, 54] < [ 5,  6,  7, 10, 11, 13, 15, 16, 17, 18, 20, 22, 24, 25, 26, 29, 31, 32]
    W2: [ 1,  2,  4,  5,  6,  7, 10, 11, 21, 23, 27, 28, 30, 44, 50, 51, 52] > [ 3,  8,  9, 12, 20, 22, 24, 25, 26, 29, 31, 32, 40, 41, 42, 43, 53]
    W3: [ 4,  5,  6,  7, 12, 13, 15, 19, 20, 27, 28, 32, 33, 34, 45, 47, 48] < [ 1,  2,  3, 11, 14, 18, 24, 25, 26, 29, 38, 39, 40, 44, 49, 50, 53]
    W4: [ 4,  5, 12, 13, 16, 18, 23, 24, 27, 29, 30, 31, 35, 40, 43, 46, 50, 52] < [ 0,  1,  7,  8, 10, 15, 20, 21, 26, 34, 37, 39, 41, 44, 47, 49, 51, 54]
    Truth table row=[=, <, >, <, <] ix=99 result=12- is correct

Test 11-:
    W0: [29, 31, 32, 40, 41, 42, 43, 46, 47, 48, 50, 51, 52, 54] = [27, 28, 30, 33, 34, 35, 36, 37, 38, 39, 44, 45, 49, 53]
    W1: [ 8,  9, 12, 14, 19, 21, 23, 27, 28, 30, 33, 34, 35, 36, 37, 38, 39, 54] > [ 5,  6,  7, 10, 11, 13, 15, 16, 17, 18, 20, 22, 24, 25, 26, 29, 31, 32]
    W2: [ 1,  2,  4,  5,  6,  7, 10, 11, 21, 23, 27, 28, 30, 44, 50, 51, 52] < [ 3,  8,  9, 12, 20, 22, 24, 25, 26, 29, 31, 32, 40, 41, 42, 43, 53]
    W3: [ 4,  5,  6,  7, 12, 13, 15, 19, 20, 27, 28, 32, 33, 34, 45, 47, 48] > [ 1,  2,  3, 11, 14, 18, 24, 25, 26, 29, 38, 39, 40, 44, 49, 50, 53]
    W4: [ 4,  5, 12, 13, 16, 18, 23, 24, 27, 29, 30, 31, 35, 40, 43, 46, 50, 52] = [ 0,  1,  7,  8, 10, 15, 20, 21, 26, 34, 37, 39, 41, 44, 47, 49, 51, 54]
    Truth table row=[=, >, <, >, =] ix=142 result=11- is correct

Test 10-:
    W0: [29, 31, 32, 40, 41, 42, 43, 46, 47, 48, 50, 51, 52, 54] = [27, 28, 30, 33, 34, 35, 36, 37, 38, 39, 44, 45, 49, 53]
    W1: [ 8,  9, 12, 14, 19, 21, 23, 27, 28, 30, 33, 34, 35, 36, 37, 38, 39, 54] > [ 5,  6,  7, 10, 11, 13, 15, 16, 17, 18, 20, 22, 24, 25, 26, 29, 31, 32]
    W2: [ 1,  2,  4,  5,  6,  7, 10, 11, 21, 23, 27, 28, 30, 44, 50, 51, 52] < [ 3,  8,  9, 12, 20, 22, 24, 25, 26, 29, 31, 32, 40, 41, 42, 43, 53]
    W3: [ 4,  5,  6,  7, 12, 13, 15, 19, 20, 27, 28, 32, 33, 34, 45, 47, 48] = [ 1,  2,  3, 11, 14, 18, 24, 25, 26, 29, 38, 39, 40, 44, 49, 50, 53]
    W4: [ 4,  5, 12, 13, 16, 18, 23, 24, 27, 29, 30, 31, 35, 40, 43, 46, 50, 52] > [ 0,  1,  7,  8, 10, 15, 20, 21, 26, 34, 37, 39, 41, 44, 47, 49, 51, 54]
    Truth table row=[=, >, <, =, >] ix=140 result=10- is correct

Test 9-:
    W0: [29, 31, 32, 40, 41, 42, 43, 46, 47, 48, 50, 51, 52, 54] = [27, 28, 30, 33, 34, 35, 36, 37, 38, 39, 44, 45, 49, 53]
    W1: [ 8,  9, 12, 14, 19, 21, 23, 27, 28, 30, 33, 34, 35, 36, 37, 38, 39, 54] < [ 5,  6,  7, 10, 11, 13, 15, 16, 17, 18, 20, 22, 24, 25, 26, 29, 31, 32]
    W2: [ 1,  2,  4,  5,  6,  7, 10, 11, 21, 23, 27, 28, 30, 44, 50, 51, 52] > [ 3,  8,  9, 12, 20, 22, 24, 25, 26, 29, 31, 32, 40, 41, 42, 43, 53]
    W3: [ 4,  5,  6,  7, 12, 13, 15, 19, 20, 27, 28, 32, 33, 34, 45, 47, 48] = [ 1,  2,  3, 11, 14, 18, 24, 25, 26, 29, 38, 39, 40, 44, 49, 50, 53]
    W4: [ 4,  5, 12, 13, 16, 18, 23, 24, 27, 29, 30, 31, 35, 40, 43, 46, 50, 52] = [ 0,  1,  7,  8, 10, 15, 20, 21, 26, 34, 37, 39, 41, 44, 47, 49, 51, 54]
    Truth table row=[=, <, >, =, =] ix=103 result=9- is correct

Test 8-:
    W0: [29, 31, 32, 40, 41, 42, 43, 46, 47, 48, 50, 51, 52, 54] = [27, 28, 30, 33, 34, 35, 36, 37, 38, 39, 44, 45, 49, 53]
    W1: [ 8,  9, 12, 14, 19, 21, 23, 27, 28, 30, 33, 34, 35, 36, 37, 38, 39, 54] < [ 5,  6,  7, 10, 11, 13, 15, 16, 17, 18, 20, 22, 24, 25, 26, 29, 31, 32]
    W2: [ 1,  2,  4,  5,  6,  7, 10, 11, 21, 23, 27, 28, 30, 44, 50, 51, 52] > [ 3,  8,  9, 12, 20, 22, 24, 25, 26, 29, 31, 32, 40, 41, 42, 43, 53]
    W3: [ 4,  5,  6,  7, 12, 13, 15, 19, 20, 27, 28, 32, 33, 34, 45, 47, 48] = [ 1,  2,  3, 11, 14, 18, 24, 25, 26, 29, 38, 39, 40, 44, 49, 50, 53]
    W4: [ 4,  5, 12, 13, 16, 18, 23, 24, 27, 29, 30, 31, 35, 40, 43, 46, 50, 52] > [ 0,  1,  7,  8, 10, 15, 20, 21, 26, 34, 37, 39, 41, 44, 47, 49, 51, 54]
    Truth table row=[=, <, >, =, >] ix=104 result=8- is correct

Test 7-:
    W0: [29, 31, 32, 40, 41, 42, 43, 46, 47, 48, 50, 51, 52, 54] = [27, 28, 30, 33, 34, 35, 36, 37, 38, 39, 44, 45, 49, 53]
    W1: [ 8,  9, 12, 14, 19, 21, 23, 27, 28, 30, 33, 34, 35, 36, 37, 38, 39, 54] > [ 5,  6,  7, 10, 11, 13, 15, 16, 17, 18, 20, 22, 24, 25, 26, 29, 31, 32]
    W2: [ 1,  2,  4,  5,  6,  7, 10, 11, 21, 23, 27, 28, 30, 44, 50, 51, 52] < [ 3,  8,  9, 12, 20, 22, 24, 25, 26, 29, 31, 32, 40, 41, 42, 43, 53]
    W3: [ 4,  5,  6,  7, 12, 13, 15, 19, 20, 27, 28, 32, 33, 34, 45, 47, 48] < [ 1,  2,  3, 11, 14, 18, 24, 25, 26, 29, 38, 39, 40, 44, 49, 50, 53]
    W4: [ 4,  5, 12, 13, 16, 18, 23, 24, 27, 29, 30, 31, 35, 40, 43, 46, 50, 52] > [ 0,  1,  7,  8, 10, 15, 20, 21, 26, 34, 37, 39, 41, 44, 47, 49, 51, 54]
    Truth table row=[=, >, <, <, >] ix=137 result=7- is correct

Test 6-:
    W0: [29, 31, 32, 40, 41, 42, 43, 46, 47, 48, 50, 51, 52, 54] = [27, 28, 30, 33, 34, 35, 36, 37, 38, 39, 44, 45, 49, 53]
    W1: [ 8,  9, 12, 14, 19, 21, 23, 27, 28, 30, 33, 34, 35, 36, 37, 38, 39, 54] > [ 5,  6,  7, 10, 11, 13, 15, 16, 17, 18, 20, 22, 24, 25, 26, 29, 31, 32]
    W2: [ 1,  2,  4,  5,  6,  7, 10, 11, 21, 23, 27, 28, 30, 44, 50, 51, 52] < [ 3,  8,  9, 12, 20, 22, 24, 25, 26, 29, 31, 32, 40, 41, 42, 43, 53]
    W3: [ 4,  5,  6,  7, 12, 13, 15, 19, 20, 27, 28, 32, 33, 34, 45, 47, 48] < [ 1,  2,  3, 11, 14, 18, 24, 25, 26, 29, 38, 39, 40, 44, 49, 50, 53]
    W4: [ 4,  5, 12, 13, 16, 18, 23, 24, 27, 29, 30, 31, 35, 40, 43, 46, 50, 52] = [ 0,  1,  7,  8, 10, 15, 20, 21, 26, 34, 37, 39, 41, 44, 47, 49, 51, 54]
    Truth table row=[=, >, <, <, =] ix=136 result=6- is correct

Test 5-:
    W0: [29, 31, 32, 40, 41, 42, 43, 46, 47, 48, 50, 51, 52, 54] = [27, 28, 30, 33, 34, 35, 36, 37, 38, 39, 44, 45, 49, 53]
    W1: [ 8,  9, 12, 14, 19, 21, 23, 27, 28, 30, 33, 34, 35, 36, 37, 38, 39, 54] > [ 5,  6,  7, 10, 11, 13, 15, 16, 17, 18, 20, 22, 24, 25, 26, 29, 31, 32]
    W2: [ 1,  2,  4,  5,  6,  7, 10, 11, 21, 23, 27, 28, 30, 44, 50, 51, 52] < [ 3,  8,  9, 12, 20, 22, 24, 25, 26, 29, 31, 32, 40, 41, 42, 43, 53]
    W3: [ 4,  5,  6,  7, 12, 13, 15, 19, 20, 27, 28, 32, 33, 34, 45, 47, 48] < [ 1,  2,  3, 11, 14, 18, 24, 25, 26, 29, 38, 39, 40, 44, 49, 50, 53]
    W4: [ 4,  5, 12, 13, 16, 18, 23, 24, 27, 29, 30, 31, 35, 40, 43, 46, 50, 52] < [ 0,  1,  7,  8, 10, 15, 20, 21, 26, 34, 37, 39, 41, 44, 47, 49, 51, 54]
    Truth table row=[=, >, <, <, <] ix=135 result=5- is correct

Test 4-:
    W0: [29, 31, 32, 40, 41, 42, 43, 46, 47, 48, 50, 51, 52, 54] = [27, 28, 30, 33, 34, 35, 36, 37, 38, 39, 44, 45, 49, 53]
    W1: [ 8,  9, 12, 14, 19, 21, 23, 27, 28, 30, 33, 34, 35, 36, 37, 38, 39, 54] = [ 5,  6,  7, 10, 11, 13, 15, 16, 17, 18, 20, 22, 24, 25, 26, 29, 31, 32]
    W2: [ 1,  2,  4,  5,  6,  7, 10, 11, 21, 23, 27, 28, 30, 44, 50, 51, 52] < [ 3,  8,  9, 12, 20, 22, 24, 25, 26, 29, 31, 32, 40, 41, 42, 43, 53]
    W3: [ 4,  5,  6,  7, 12, 13, 15, 19, 20, 27, 28, 32, 33, 34, 45, 47, 48] < [ 1,  2,  3, 11, 14, 18, 24, 25, 26, 29, 38, 39, 40, 44, 49, 50, 53]
    W4: [ 4,  5, 12, 13, 16, 18, 23, 24, 27, 29, 30, 31, 35, 40, 43, 46, 50, 52] < [ 0,  1,  7,  8, 10, 15, 20, 21, 26, 34, 37, 39, 41, 44, 47, 49, 51, 54]
    Truth table row=[=, =, <, <, <] ix=108 result=4- is correct

Test 3-:
    W0: [29, 31, 32, 40, 41, 42, 43, 46, 47, 48, 50, 51, 52, 54] = [27, 28, 30, 33, 34, 35, 36, 37, 38, 39, 44, 45, 49, 53]
    W1: [ 8,  9, 12, 14, 19, 21, 23, 27, 28, 30, 33, 34, 35, 36, 37, 38, 39, 54] = [ 5,  6,  7, 10, 11, 13, 15, 16, 17, 18, 20, 22, 24, 25, 26, 29, 31, 32]
    W2: [ 1,  2,  4,  5,  6,  7, 10, 11, 21, 23, 27, 28, 30, 44, 50, 51, 52] > [ 3,  8,  9, 12, 20, 22, 24, 25, 26, 29, 31, 32, 40, 41, 42, 43, 53]
    W3: [ 4,  5,  6,  7, 12, 13, 15, 19, 20, 27, 28, 32, 33, 34, 45, 47, 48] > [ 1,  2,  3, 11, 14, 18, 24, 25, 26, 29, 38, 39, 40, 44, 49, 50, 53]
    W4: [ 4,  5, 12, 13, 16, 18, 23, 24, 27, 29, 30, 31, 35, 40, 43, 46, 50, 52] = [ 0,  1,  7,  8, 10, 15, 20, 21, 26, 34, 37, 39, 41, 44, 47, 49, 51, 54]
    Truth table row=[=, =, >, >, =] ix=133 result=3- is correct

Test 2-:
    W0: [29, 31, 32, 40, 41, 42, 43, 46, 47, 48, 50, 51, 52, 54] = [27, 28, 30, 33, 34, 35, 36, 37, 38, 39, 44, 45, 49, 53]
    W1: [ 8,  9, 12, 14, 19, 21, 23, 27, 28, 30, 33, 34, 35, 36, 37, 38, 39, 54] = [ 5,  6,  7, 10, 11, 13, 15, 16, 17, 18, 20, 22, 24, 25, 26, 29, 31, 32]
    W2: [ 1,  2,  4,  5,  6,  7, 10, 11, 21, 23, 27, 28, 30, 44, 50, 51, 52] < [ 3,  8,  9, 12, 20, 22, 24, 25, 26, 29, 31, 32, 40, 41, 42, 43, 53]
    W3: [ 4,  5,  6,  7, 12, 13, 15, 19, 20, 27, 28, 32, 33, 34, 45, 47, 48] > [ 1,  2,  3, 11, 14, 18, 24, 25, 26, 29, 38, 39, 40, 44, 49, 50, 53]
    W4: [ 4,  5, 12, 13, 16, 18, 23, 24, 27, 29, 30, 31, 35, 40, 43, 46, 50, 52] = [ 0,  1,  7,  8, 10, 15, 20, 21, 26, 34, 37, 39, 41, 44, 47, 49, 51, 54]
    Truth table row=[=, =, <, >, =] ix=115 result=2- is correct

Test 1-:
    W0: [29, 31, 32, 40, 41, 42, 43, 46, 47, 48, 50, 51, 52, 54] = [27, 28, 30, 33, 34, 35, 36, 37, 38, 39, 44, 45, 49, 53]
    W1: [ 8,  9, 12, 14, 19, 21, 23, 27, 28, 30, 33, 34, 35, 36, 37, 38, 39, 54] = [ 5,  6,  7, 10, 11, 13, 15, 16, 17, 18, 20, 22, 24, 25, 26, 29, 31, 32]
    W2: [ 1,  2,  4,  5,  6,  7, 10, 11, 21, 23, 27, 28, 30, 44, 50, 51, 52] < [ 3,  8,  9, 12, 20, 22, 24, 25, 26, 29, 31, 32, 40, 41, 42, 43, 53]
    W3: [ 4,  5,  6,  7, 12, 13, 15, 19, 20, 27, 28, 32, 33, 34, 45, 47, 48] > [ 1,  2,  3, 11, 14, 18, 24, 25, 26, 29, 38, 39, 40, 44, 49, 50, 53]
    W4: [ 4,  5, 12, 13, 16, 18, 23, 24, 27, 29, 30, 31, 35, 40, 43, 46, 50, 52] > [ 0,  1,  7,  8, 10, 15, 20, 21, 26, 34, 37, 39, 41, 44, 47, 49, 51, 54]
    Truth table row=[=, =, <, >, >] ix=116 result=1- is correct

Test 0-:
    W0: [29, 31, 32, 40, 41, 42, 43, 46, 47, 48, 50, 51, 52, 54] = [27, 28, 30, 33, 34, 35, 36, 37, 38, 39, 44, 45, 49, 53]
    W1: [ 8,  9, 12, 14, 19, 21, 23, 27, 28, 30, 33, 34, 35, 36, 37, 38, 39, 54] = [ 5,  6,  7, 10, 11, 13, 15, 16, 17, 18, 20, 22, 24, 25, 26, 29, 31, 32]
    W2: [ 1,  2,  4,  5,  6,  7, 10, 11, 21, 23, 27, 28, 30, 44, 50, 51, 52] = [ 3,  8,  9, 12, 20, 22, 24, 25, 26, 29, 31, 32, 40, 41, 42, 43, 53]
    W3: [ 4,  5,  6,  7, 12, 13, 15, 19, 20, 27, 28, 32, 33, 34, 45, 47, 48] = [ 1,  2,  3, 11, 14, 18, 24, 25, 26, 29, 38, 39, 40, 44, 49, 50, 53]
    W4: [ 4,  5, 12, 13, 16, 18, 23, 24, 27, 29, 30, 31, 35, 40, 43, 46, 50, 52] > [ 0,  1,  7,  8, 10, 15, 20, 21, 26, 34, 37, 39, 41, 44, 47, 49, 51, 54]
    Truth table row=[=, =, =, =, >] ix=122 result=0- is correct

Test 0+:
    W0: [29, 31, 32, 40, 41, 42, 43, 46, 47, 48, 50, 51, 52, 54] = [27, 28, 30, 33, 34, 35, 36, 37, 38, 39, 44, 45, 49, 53]
    W1: [ 8,  9, 12, 14, 19, 21, 23, 27, 28, 30, 33, 34, 35, 36, 37, 38, 39, 54] = [ 5,  6,  7, 10, 11, 13, 15, 16, 17, 18, 20, 22, 24, 25, 26, 29, 31, 32]
    W2: [ 1,  2,  4,  5,  6,  7, 10, 11, 21, 23, 27, 28, 30, 44, 50, 51, 52] = [ 3,  8,  9, 12, 20, 22, 24, 25, 26, 29, 31, 32, 40, 41, 42, 43, 53]
    W3: [ 4,  5,  6,  7, 12, 13, 15, 19, 20, 27, 28, 32, 33, 34, 45, 47, 48] = [ 1,  2,  3, 11, 14, 18, 24, 25, 26, 29, 38, 39, 40, 44, 49, 50, 53]
    W4: [ 4,  5, 12, 13, 16, 18, 23, 24, 27, 29, 30, 31, 35, 40, 43, 46, 50, 52] < [ 0,  1,  7,  8, 10, 15, 20, 21, 26, 34, 37, 39, 41, 44, 47, 49, 51, 54]
    Truth table row=[=, =, =, =, <] ix=120 result=0+ is correct

Test 1+:
    W0: [29, 31, 32, 40, 41, 42, 43, 46, 47, 48, 50, 51, 52, 54] = [27, 28, 30, 33, 34, 35, 36, 37, 38, 39, 44, 45, 49, 53]
    W1: [ 8,  9, 12, 14, 19, 21, 23, 27, 28, 30, 33, 34, 35, 36, 37, 38, 39, 54] = [ 5,  6,  7, 10, 11, 13, 15, 16, 17, 18, 20, 22, 24, 25, 26, 29, 31, 32]
    W2: [ 1,  2,  4,  5,  6,  7, 10, 11, 21, 23, 27, 28, 30, 44, 50, 51, 52] > [ 3,  8,  9, 12, 20, 22, 24, 25, 26, 29, 31, 32, 40, 41, 42, 43, 53]
    W3: [ 4,  5,  6,  7, 12, 13, 15, 19, 20, 27, 28, 32, 33, 34, 45, 47, 48] < [ 1,  2,  3, 11, 14, 18, 24, 25, 26, 29, 38, 39, 40, 44, 49, 50, 53]
    W4: [ 4,  5, 12, 13, 16, 18, 23, 24, 27, 29, 30, 31, 35, 40, 43, 46, 50, 52] < [ 0,  1,  7,  8, 10, 15, 20, 21, 26, 34, 37, 39, 41, 44, 47, 49, 51, 54]
    Truth table row=[=, =, >, <, <] ix=126 result=1+ is correct

Test 2+:
    W0: [29, 31, 32, 40, 41, 42, 43, 46, 47, 48, 50, 51, 52, 54] = [27, 28, 30, 33, 34, 35, 36, 37, 38, 39, 44, 45, 49, 53]
    W1: [ 8,  9, 12, 14, 19, 21, 23, 27, 28, 30, 33, 34, 35, 36, 37, 38, 39, 54] = [ 5,  6,  7, 10, 11, 13, 15, 16, 17, 18, 20, 22, 24, 25, 26, 29, 31, 32]
    W2: [ 1,  2,  4,  5,  6,  7, 10, 11, 21, 23, 27, 28, 30, 44, 50, 51, 52] > [ 3,  8,  9, 12, 20, 22, 24, 25, 26, 29, 31, 32, 40, 41, 42, 43, 53]
    W3: [ 4,  5,  6,  7, 12, 13, 15, 19, 20, 27, 28, 32, 33, 34, 45, 47, 48] < [ 1,  2,  3, 11, 14, 18, 24, 25, 26, 29, 38, 39, 40, 44, 49, 50, 53]
    W4: [ 4,  5, 12, 13, 16, 18, 23, 24, 27, 29, 30, 31, 35, 40, 43, 46, 50, 52] = [ 0,  1,  7,  8, 10, 15, 20, 21, 26, 34, 37, 39, 41, 44, 47, 49, 51, 54]
    Truth table row=[=, =, >, <, =] ix=127 result=2+ is correct

Test 3+:
    W0: [29, 31, 32, 40, 41, 42, 43, 46, 47, 48, 50, 51, 52, 54] = [27, 28, 30, 33, 34, 35, 36, 37, 38, 39, 44, 45, 49, 53]
    W1: [ 8,  9, 12, 14, 19, 21, 23, 27, 28, 30, 33, 34, 35, 36, 37, 38, 39, 54] = [ 5,  6,  7, 10, 11, 13, 15, 16, 17, 18, 20, 22, 24, 25, 26, 29, 31, 32]
    W2: [ 1,  2,  4,  5,  6,  7, 10, 11, 21, 23, 27, 28, 30, 44, 50, 51, 52] < [ 3,  8,  9, 12, 20, 22, 24, 25, 26, 29, 31, 32, 40, 41, 42, 43, 53]
    W3: [ 4,  5,  6,  7, 12, 13, 15, 19, 20, 27, 28, 32, 33, 34, 45, 47, 48] < [ 1,  2,  3, 11, 14, 18, 24, 25, 26, 29, 38, 39, 40, 44, 49, 50, 53]
    W4: [ 4,  5, 12, 13, 16, 18, 23, 24, 27, 29, 30, 31, 35, 40, 43, 46, 50, 52] = [ 0,  1,  7,  8, 10, 15, 20, 21, 26, 34, 37, 39, 41, 44, 47, 49, 51, 54]
    Truth table row=[=, =, <, <, =] ix=109 result=3+ is correct

Test 4+:
    W0: [29, 31, 32, 40, 41, 42, 43, 46, 47, 48, 50, 51, 52, 54] = [27, 28, 30, 33, 34, 35, 36, 37, 38, 39, 44, 45, 49, 53]
    W1: [ 8,  9, 12, 14, 19, 21, 23, 27, 28, 30, 33, 34, 35, 36, 37, 38, 39, 54] = [ 5,  6,  7, 10, 11, 13, 15, 16, 17, 18, 20, 22, 24, 25, 26, 29, 31, 32]
    W2: [ 1,  2,  4,  5,  6,  7, 10, 11, 21, 23, 27, 28, 30, 44, 50, 51, 52] > [ 3,  8,  9, 12, 20, 22, 24, 25, 26, 29, 31, 32, 40, 41, 42, 43, 53]
    W3: [ 4,  5,  6,  7, 12, 13, 15, 19, 20, 27, 28, 32, 33, 34, 45, 47, 48] > [ 1,  2,  3, 11, 14, 18, 24, 25, 26, 29, 38, 39, 40, 44, 49, 50, 53]
    W4: [ 4,  5, 12, 13, 16, 18, 23, 24, 27, 29, 30, 31, 35, 40, 43, 46, 50, 52] > [ 0,  1,  7,  8, 10, 15, 20, 21, 26, 34, 37, 39, 41, 44, 47, 49, 51, 54]
    Truth table row=[=, =, >, >, >] ix=134 result=4+ is correct

Test 5+:
    W0: [29, 31, 32, 40, 41, 42, 43, 46, 47, 48, 50, 51, 52, 54] = [27, 28, 30, 33, 34, 35, 36, 37, 38, 39, 44, 45, 49, 53]
    W1: [ 8,  9, 12, 14, 19, 21, 23, 27, 28, 30, 33, 34, 35, 36, 37, 38, 39, 54] < [ 5,  6,  7, 10, 11, 13, 15, 16, 17, 18, 20, 22, 24, 25, 26, 29, 31, 32]
    W2: [ 1,  2,  4,  5,  6,  7, 10, 11, 21, 23, 27, 28, 30, 44, 50, 51, 52] > [ 3,  8,  9, 12, 20, 22, 24, 25, 26, 29, 31, 32, 40, 41, 42, 43, 53]
    W3: [ 4,  5,  6,  7, 12, 13, 15, 19, 20, 27, 28, 32, 33, 34, 45, 47, 48] > [ 1,  2,  3, 11, 14, 18, 24, 25, 26, 29, 38, 39, 40, 44, 49, 50, 53]
    W4: [ 4,  5, 12, 13, 16, 18, 23, 24, 27, 29, 30, 31, 35, 40, 43, 46, 50, 52] > [ 0,  1,  7,  8, 10, 15, 20, 21, 26, 34, 37, 39, 41, 44, 47, 49, 51, 54]
    Truth table row=[=, <, >, >, >] ix=107 result=5+ is correct

Test 6+:
    W0: [29, 31, 32, 40, 41, 42, 43, 46, 47, 48, 50, 51, 52, 54] = [27, 28, 30, 33, 34, 35, 36, 37, 38, 39, 44, 45, 49, 53]
    W1: [ 8,  9, 12, 14, 19, 21, 23, 27, 28, 30, 33, 34, 35, 36, 37, 38, 39, 54] < [ 5,  6,  7, 10, 11, 13, 15, 16, 17, 18, 20, 22, 24, 25, 26, 29, 31, 32]
    W2: [ 1,  2,  4,  5,  6,  7, 10, 11, 21, 23, 27, 28, 30, 44, 50, 51, 52] > [ 3,  8,  9, 12, 20, 22, 24, 25, 26, 29, 31, 32, 40, 41, 42, 43, 53]
    W3: [ 4,  5,  6,  7, 12, 13, 15, 19, 20, 27, 28, 32, 33, 34, 45, 47, 48] > [ 1,  2,  3, 11, 14, 18, 24, 25, 26, 29, 38, 39, 40, 44, 49, 50, 53]
    W4: [ 4,  5, 12, 13, 16, 18, 23, 24, 27, 29, 30, 31, 35, 40, 43, 46, 50, 52] = [ 0,  1,  7,  8, 10, 15, 20, 21, 26, 34, 37, 39, 41, 44, 47, 49, 51, 54]
    Truth table row=[=, <, >, >, =] ix=106 result=6+ is correct

Test 7+:
    W0: [29, 31, 32, 40, 41, 42, 43, 46, 47, 48, 50, 51, 52, 54] = [27, 28, 30, 33, 34, 35, 36, 37, 38, 39, 44, 45, 49, 53]
    W1: [ 8,  9, 12, 14, 19, 21, 23, 27, 28, 30, 33, 34, 35, 36, 37, 38, 39, 54] < [ 5,  6,  7, 10, 11, 13, 15, 16, 17, 18, 20, 22, 24, 25, 26, 29, 31, 32]
    W2: [ 1,  2,  4,  5,  6,  7, 10, 11, 21, 23, 27, 28, 30, 44, 50, 51, 52] > [ 3,  8,  9, 12, 20, 22, 24, 25, 26, 29, 31, 32, 40, 41, 42, 43, 53]
    W3: [ 4,  5,  6,  7, 12, 13, 15, 19, 20, 27, 28, 32, 33, 34, 45, 47, 48] > [ 1,  2,  3, 11, 14, 18, 24, 25, 26, 29, 38, 39, 40, 44, 49, 50, 53]
    W4: [ 4,  5, 12, 13, 16, 18, 23, 24, 27, 29, 30, 31, 35, 40, 43, 46, 50, 52] < [ 0,  1,  7,  8, 10, 15, 20, 21, 26, 34, 37, 39, 41, 44, 47, 49, 51, 54]
    Truth table row=[=, <, >, >, <] ix=105 result=7+ is correct

Test 8+:
    W0: [29, 31, 32, 40, 41, 42, 43, 46, 47, 48, 50, 51, 52, 54] = [27, 28, 30, 33, 34, 35, 36, 37, 38, 39, 44, 45, 49, 53]
    W1: [ 8,  9, 12, 14, 19, 21, 23, 27, 28, 30, 33, 34, 35, 36, 37, 38, 39, 54] > [ 5,  6,  7, 10, 11, 13, 15, 16, 17, 18, 20, 22, 24, 25, 26, 29, 31, 32]
    W2: [ 1,  2,  4,  5,  6,  7, 10, 11, 21, 23, 27, 28, 30, 44, 50, 51, 52] < [ 3,  8,  9, 12, 20, 22, 24, 25, 26, 29, 31, 32, 40, 41, 42, 43, 53]
    W3: [ 4,  5,  6,  7, 12, 13, 15, 19, 20, 27, 28, 32, 33, 34, 45, 47, 48] = [ 1,  2,  3, 11, 14, 18, 24, 25, 26, 29, 38, 39, 40, 44, 49, 50, 53]
    W4: [ 4,  5, 12, 13, 16, 18, 23, 24, 27, 29, 30, 31, 35, 40, 43, 46, 50, 52] < [ 0,  1,  7,  8, 10, 15, 20, 21, 26, 34, 37, 39, 41, 44, 47, 49, 51, 54]
    Truth table row=[=, >, <, =, <] ix=138 result=8+ is correct

Test 9+:
    W0: [29, 31, 32, 40, 41, 42, 43, 46, 47, 48, 50, 51, 52, 54] = [27, 28, 30, 33, 34, 35, 36, 37, 38, 39, 44, 45, 49, 53]
    W1: [ 8,  9, 12, 14, 19, 21, 23, 27, 28, 30, 33, 34, 35, 36, 37, 38, 39, 54] > [ 5,  6,  7, 10, 11, 13, 15, 16, 17, 18, 20, 22, 24, 25, 26, 29, 31, 32]
    W2: [ 1,  2,  4,  5,  6,  7, 10, 11, 21, 23, 27, 28, 30, 44, 50, 51, 52] < [ 3,  8,  9, 12, 20, 22, 24, 25, 26, 29, 31, 32, 40, 41, 42, 43, 53]
    W3: [ 4,  5,  6,  7, 12, 13, 15, 19, 20, 27, 28, 32, 33, 34, 45, 47, 48] = [ 1,  2,  3, 11, 14, 18, 24, 25, 26, 29, 38, 39, 40, 44, 49, 50, 53]
    W4: [ 4,  5, 12, 13, 16, 18, 23, 24, 27, 29, 30, 31, 35, 40, 43, 46, 50, 52] = [ 0,  1,  7,  8, 10, 15, 20, 21, 26, 34, 37, 39, 41, 44, 47, 49, 51, 54]
    Truth table row=[=, >, <, =, =] ix=139 result=9+ is correct

Test 10+:
    W0: [29, 31, 32, 40, 41, 42, 43, 46, 47, 48, 50, 51, 52, 54] = [27, 28, 30, 33, 34, 35, 36, 37, 38, 39, 44, 45, 49, 53]
    W1: [ 8,  9, 12, 14, 19, 21, 23, 27, 28, 30, 33, 34, 35, 36, 37, 38, 39, 54] < [ 5,  6,  7, 10, 11, 13, 15, 16, 17, 18, 20, 22, 24, 25, 26, 29, 31, 32]
    W2: [ 1,  2,  4,  5,  6,  7, 10, 11, 21, 23, 27, 28, 30, 44, 50, 51, 52] > [ 3,  8,  9, 12, 20, 22, 24, 25, 26, 29, 31, 32, 40, 41, 42, 43, 53]
    W3: [ 4,  5,  6,  7, 12, 13, 15, 19, 20, 27, 28, 32, 33, 34, 45, 47, 48] = [ 1,  2,  3, 11, 14, 18, 24, 25, 26, 29, 38, 39, 40, 44, 49, 50, 53]
    W4: [ 4,  5, 12, 13, 16, 18, 23, 24, 27, 29, 30, 31, 35, 40, 43, 46, 50, 52] < [ 0,  1,  7,  8, 10, 15, 20, 21, 26, 34, 37, 39, 41, 44, 47, 49, 51, 54]
    Truth table row=[=, <, >, =, <] ix=102 result=10+ is correct

Test 11+:
    W0: [29, 31, 32, 40, 41, 42, 43, 46, 47, 48, 50, 51, 52, 54] = [27, 28, 30, 33, 34, 35, 36, 37, 38, 39, 44, 45, 49, 53]
    W1: [ 8,  9, 12, 14, 19, 21, 23, 27, 28, 30, 33, 34, 35, 36, 37, 38, 39, 54] < [ 5,  6,  7, 10, 11, 13, 15, 16, 17, 18, 20, 22, 24, 25, 26, 29, 31, 32]
    W2: [ 1,  2,  4,  5,  6,  7, 10, 11, 21, 23, 27, 28, 30, 44, 50, 51, 52] > [ 3,  8,  9, 12, 20, 22, 24, 25, 26, 29, 31, 32, 40, 41, 42, 43, 53]
    W3: [ 4,  5,  6,  7, 12, 13, 15, 19, 20, 27, 28, 32, 33, 34, 45, 47, 48] < [ 1,  2,  3, 11, 14, 18, 24, 25, 26, 29, 38, 39, 40, 44, 49, 50, 53]
    W4: [ 4,  5, 12, 13, 16, 18, 23, 24, 27, 29, 30, 31, 35, 40, 43, 46, 50, 52] = [ 0,  1,  7,  8, 10, 15, 20, 21, 26, 34, 37, 39, 41, 44, 47, 49, 51, 54]
    Truth table row=[=, <, >, <, =] ix=100 result=11+ is correct

Test 12+:
    W0: [29, 31, 32, 40, 41, 42, 43, 46, 47, 48, 50, 51, 52, 54] = [27, 28, 30, 33, 34, 35, 36, 37, 38, 39, 44, 45, 49, 53]
    W1: [ 8,  9, 12, 14, 19, 21, 23, 27, 28, 30, 33, 34, 35, 36, 37, 38, 39, 54] > [ 5,  6,  7, 10, 11, 13, 15, 16, 17, 18, 20, 22, 24, 25, 26, 29, 31, 32]
    W2: [ 1,  2,  4,  5,  6,  7, 10, 11, 21, 23, 27, 28, 30, 44, 50, 51, 52] < [ 3,  8,  9, 12, 20, 22, 24, 25, 26, 29, 31, 32, 40, 41, 42, 43, 53]
    W3: [ 4,  5,  6,  7, 12, 13, 15, 19, 20, 27, 28, 32, 33, 34, 45, 47, 48] > [ 1,  2,  3, 11, 14, 18, 24, 25, 26, 29, 38, 39, 40, 44, 49, 50, 53]
    W4: [ 4,  5, 12, 13, 16, 18, 23, 24, 27, 29, 30, 31, 35, 40, 43, 46, 50, 52] > [ 0,  1,  7,  8, 10, 15, 20, 21, 26, 34, 37, 39, 41, 44, 47, 49, 51, 54]
    Truth table row=[=, >, <, >, >] ix=143 result=12+ is correct

Test 13+:
    W0: [29, 31, 32, 40, 41, 42, 43, 46, 47, 48, 50, 51, 52, 54] = [27, 28, 30, 33, 34, 35, 36, 37, 38, 39, 44, 45, 49, 53]
    W1: [ 8,  9, 12, 14, 19, 21, 23, 27, 28, 30, 33, 34, 35, 36, 37, 38, 39, 54] < [ 5,  6,  7, 10, 11, 13, 15, 16, 17, 18, 20, 22, 24, 25, 26, 29, 31, 32]
    W2: [ 1,  2,  4,  5,  6,  7, 10, 11, 21, 23, 27, 28, 30, 44, 50, 51, 52] = [ 3,  8,  9, 12, 20, 22, 24, 25, 26, 29, 31, 32, 40, 41, 42, 43, 53]
    W3: [ 4,  5,  6,  7, 12, 13, 15, 19, 20, 27, 28, 32, 33, 34, 45, 47, 48] > [ 1,  2,  3, 11, 14, 18, 24, 25, 26, 29, 38, 39, 40, 44, 49, 50, 53]
    W4: [ 4,  5, 12, 13, 16, 18, 23, 24, 27, 29, 30, 31, 35, 40, 43, 46, 50, 52] > [ 0,  1,  7,  8, 10, 15, 20, 21, 26, 34, 37, 39, 41, 44, 47, 49, 51, 54]
    Truth table row=[=, <, =, >, >] ix=98 result=13+ is correct

Test 14+:
    W0: [29, 31, 32, 40, 41, 42, 43, 46, 47, 48, 50, 51, 52, 54] = [27, 28, 30, 33, 34, 35, 36, 37, 38, 39, 44, 45, 49, 53]
    W1: [ 8,  9, 12, 14, 19, 21, 23, 27, 28, 30, 33, 34, 35, 36, 37, 38, 39, 54] > [ 5,  6,  7, 10, 11, 13, 15, 16, 17, 18, 20, 22, 24, 25, 26, 29, 31, 32]
    W2: [ 1,  2,  4,  5,  6,  7, 10, 11, 21, 23, 27, 28, 30, 44, 50, 51, 52] = [ 3,  8,  9, 12, 20, 22, 24, 25, 26, 29, 31, 32, 40, 41, 42, 43, 53]
    W3: [ 4,  5,  6,  7, 12, 13, 15, 19, 20, 27, 28, 32, 33, 34, 45, 47, 48] < [ 1,  2,  3, 11, 14, 18, 24, 25, 26, 29, 38, 39, 40, 44, 49, 50, 53]
    W4: [ 4,  5, 12, 13, 16, 18, 23, 24, 27, 29, 30, 31, 35, 40, 43, 46, 50, 52] = [ 0,  1,  7,  8, 10, 15, 20, 21, 26, 34, 37, 39, 41, 44, 47, 49, 51, 54]
    Truth table row=[=, >, =, <, =] ix=145 result=14+ is correct

Test 15+:
    W0: [29, 31, 32, 40, 41, 42, 43, 46, 47, 48, 50, 51, 52, 54] = [27, 28, 30, 33, 34, 35, 36, 37, 38, 39, 44, 45, 49, 53]
    W1: [ 8,  9, 12, 14, 19, 21, 23, 27, 28, 30, 33, 34, 35, 36, 37, 38, 39, 54] < [ 5,  6,  7, 10, 11, 13, 15, 16, 17, 18, 20, 22, 24, 25, 26, 29, 31, 32]
    W2: [ 1,  2,  4,  5,  6,  7, 10, 11, 21, 23, 27, 28, 30, 44, 50, 51, 52] = [ 3,  8,  9, 12, 20, 22, 24, 25, 26, 29, 31, 32, 40, 41, 42, 43, 53]
    W3: [ 4,  5,  6,  7, 12, 13, 15, 19, 20, 27, 28, 32, 33, 34, 45, 47, 48] > [ 1,  2,  3, 11, 14, 18, 24, 25, 26, 29, 38, 39, 40, 44, 49, 50, 53]
    W4: [ 4,  5, 12, 13, 16, 18, 23, 24, 27, 29, 30, 31, 35, 40, 43, 46, 50, 52] < [ 0,  1,  7,  8, 10, 15, 20, 21, 26, 34, 37, 39, 41, 44, 47, 49, 51, 54]
    Truth table row=[=, <, =, >, <] ix=96 result=15+ is correct

Test 16+:
    W0: [29, 31, 32, 40, 41, 42, 43, 46, 47, 48, 50, 51, 52, 54] = [27, 28, 30, 33, 34, 35, 36, 37, 38, 39, 44, 45, 49, 53]
    W1: [ 8,  9, 12, 14, 19, 21, 23, 27, 28, 30, 33, 34, 35, 36, 37, 38, 39, 54] < [ 5,  6,  7, 10, 11, 13, 15, 16, 17, 18, 20, 22, 24, 25, 26, 29, 31, 32]
    W2: [ 1,  2,  4,  5,  6,  7, 10, 11, 21, 23, 27, 28, 30, 44, 50, 51, 52] = [ 3,  8,  9, 12, 20, 22, 24, 25, 26, 29, 31, 32, 40, 41, 42, 43, 53]
    W3: [ 4,  5,  6,  7, 12, 13, 15, 19, 20, 27, 28, 32, 33, 34, 45, 47, 48] = [ 1,  2,  3, 11, 14, 18, 24, 25, 26, 29, 38, 39, 40, 44, 49, 50, 53]
    W4: [ 4,  5, 12, 13, 16, 18, 23, 24, 27, 29, 30, 31, 35, 40, 43, 46, 50, 52] > [ 0,  1,  7,  8, 10, 15, 20, 21, 26, 34, 37, 39, 41, 44, 47, 49, 51, 54]
    Truth table row=[=, <, =, =, >] ix=95 result=16+ is correct

Test 17+:
    W0: [29, 31, 32, 40, 41, 42, 43, 46, 47, 48, 50, 51, 52, 54] = [27, 28, 30, 33, 34, 35, 36, 37, 38, 39, 44, 45, 49, 53]
    W1: [ 8,  9, 12, 14, 19, 21, 23, 27, 28, 30, 33, 34, 35, 36, 37, 38, 39, 54] < [ 5,  6,  7, 10, 11, 13, 15, 16, 17, 18, 20, 22, 24, 25, 26, 29, 31, 32]
    W2: [ 1,  2,  4,  5,  6,  7, 10, 11, 21, 23, 27, 28, 30, 44, 50, 51, 52] = [ 3,  8,  9, 12, 20, 22, 24, 25, 26, 29, 31, 32, 40, 41, 42, 43, 53]
    W3: [ 4,  5,  6,  7, 12, 13, 15, 19, 20, 27, 28, 32, 33, 34, 45, 47, 48] = [ 1,  2,  3, 11, 14, 18, 24, 25, 26, 29, 38, 39, 40, 44, 49, 50, 53]
    W4: [ 4,  5, 12, 13, 16, 18, 23, 24, 27, 29, 30, 31, 35, 40, 43, 46, 50, 52] = [ 0,  1,  7,  8, 10, 15, 20, 21, 26, 34, 37, 39, 41, 44, 47, 49, 51, 54]
    Truth table row=[=, <, =, =, =] ix=94 result=17+ is correct

Test 18+:
    W0: [29, 31, 32, 40, 41, 42, 43, 46, 47, 48, 50, 51, 52, 54] = [27, 28, 30, 33, 34, 35, 36, 37, 38, 39, 44, 45, 49, 53]
    W1: [ 8,  9, 12, 14, 19, 21, 23, 27, 28, 30, 33, 34, 35, 36, 37, 38, 39, 54] < [ 5,  6,  7, 10, 11, 13, 15, 16, 17, 18, 20, 22, 24, 25, 26, 29, 31, 32]
    W2: [ 1,  2,  4,  5,  6,  7, 10, 11, 21, 23, 27, 28, 30, 44, 50, 51, 52] = [ 3,  8,  9, 12, 20, 22, 24, 25, 26, 29, 31, 32, 40, 41, 42, 43, 53]
    W3: [ 4,  5,  6,  7, 12, 13, 15, 19, 20, 27, 28, 32, 33, 34, 45, 47, 48] < [ 1,  2,  3, 11, 14, 18, 24, 25, 26, 29, 38, 39, 40, 44, 49, 50, 53]
    W4: [ 4,  5, 12, 13, 16, 18, 23, 24, 27, 29, 30, 31, 35, 40, 43, 46, 50, 52] > [ 0,  1,  7,  8, 10, 15, 20, 21, 26, 34, 37, 39, 41, 44, 47, 49, 51, 54]
    Truth table row=[=, <, =, <, >] ix=92 result=18+ is correct

Test 19+:
    W0: [29, 31, 32, 40, 41, 42, 43, 46, 47, 48, 50, 51, 52, 54] = [27, 28, 30, 33, 34, 35, 36, 37, 38, 39, 44, 45, 49, 53]
    W1: [ 8,  9, 12, 14, 19, 21, 23, 27, 28, 30, 33, 34, 35, 36, 37, 38, 39, 54] > [ 5,  6,  7, 10, 11, 13, 15, 16, 17, 18, 20, 22, 24, 25, 26, 29, 31, 32]
    W2: [ 1,  2,  4,  5,  6,  7, 10, 11, 21, 23, 27, 28, 30, 44, 50, 51, 52] = [ 3,  8,  9, 12, 20, 22, 24, 25, 26, 29, 31, 32, 40, 41, 42, 43, 53]
    W3: [ 4,  5,  6,  7, 12, 13, 15, 19, 20, 27, 28, 32, 33, 34, 45, 47, 48] > [ 1,  2,  3, 11, 14, 18, 24, 25, 26, 29, 38, 39, 40, 44, 49, 50, 53]
    W4: [ 4,  5, 12, 13, 16, 18, 23, 24, 27, 29, 30, 31, 35, 40, 43, 46, 50, 52] = [ 0,  1,  7,  8, 10, 15, 20, 21, 26, 34, 37, 39, 41, 44, 47, 49, 51, 54]
    Truth table row=[=, >, =, >, =] ix=151 result=19+ is correct

Test 20+:
    W0: [29, 31, 32, 40, 41, 42, 43, 46, 47, 48, 50, 51, 52, 54] = [27, 28, 30, 33, 34, 35, 36, 37, 38, 39, 44, 45, 49, 53]
    W1: [ 8,  9, 12, 14, 19, 21, 23, 27, 28, 30, 33, 34, 35, 36, 37, 38, 39, 54] < [ 5,  6,  7, 10, 11, 13, 15, 16, 17, 18, 20, 22, 24, 25, 26, 29, 31, 32]
    W2: [ 1,  2,  4,  5,  6,  7, 10, 11, 21, 23, 27, 28, 30, 44, 50, 51, 52] < [ 3,  8,  9, 12, 20, 22, 24, 25, 26, 29, 31, 32, 40, 41, 42, 43, 53]
    W3: [ 4,  5,  6,  7, 12, 13, 15, 19, 20, 27, 28, 32, 33, 34, 45, 47, 48] > [ 1,  2,  3, 11, 14, 18, 24, 25, 26, 29, 38, 39, 40, 44, 49, 50, 53]
    W4: [ 4,  5, 12, 13, 16, 18, 23, 24, 27, 29, 30, 31, 35, 40, 43, 46, 50, 52] < [ 0,  1,  7,  8, 10, 15, 20, 21, 26, 34, 37, 39, 41, 44, 47, 49, 51, 54]
    Truth table row=[=, <, <, >, <] ix=87 result=20+ is correct

Test 21+:
    W0: [29, 31, 32, 40, 41, 42, 43, 46, 47, 48, 50, 51, 52, 54] = [27, 28, 30, 33, 34, 35, 36, 37, 38, 39, 44, 45, 49, 53]
    W1: [ 8,  9, 12, 14, 19, 21, 23, 27, 28, 30, 33, 34, 35, 36, 37, 38, 39, 54] > [ 5,  6,  7, 10, 11, 13, 15, 16, 17, 18, 20, 22, 24, 25, 26, 29, 31, 32]
    W2: [ 1,  2,  4,  5,  6,  7, 10, 11, 21, 23, 27, 28, 30, 44, 50, 51, 52] > [ 3,  8,  9, 12, 20, 22, 24, 25, 26, 29, 31, 32, 40, 41, 42, 43, 53]
    W3: [ 4,  5,  6,  7, 12, 13, 15, 19, 20, 27, 28, 32, 33, 34, 45, 47, 48] = [ 1,  2,  3, 11, 14, 18, 24, 25, 26, 29, 38, 39, 40, 44, 49, 50, 53]
    W4: [ 4,  5, 12, 13, 16, 18, 23, 24, 27, 29, 30, 31, 35, 40, 43, 46, 50, 52] < [ 0,  1,  7,  8, 10, 15, 20, 21, 26, 34, 37, 39, 41, 44, 47, 49, 51, 54]
    Truth table row=[=, >, >, =, <] ix=156 result=21+ is correct

Test 22+:
    W0: [29, 31, 32, 40, 41, 42, 43, 46, 47, 48, 50, 51, 52, 54] = [27, 28, 30, 33, 34, 35, 36, 37, 38, 39, 44, 45, 49, 53]
    W1: [ 8,  9, 12, 14, 19, 21, 23, 27, 28, 30, 33, 34, 35, 36, 37, 38, 39, 54] < [ 5,  6,  7, 10, 11, 13, 15, 16, 17, 18, 20, 22, 24, 25, 26, 29, 31, 32]
    W2: [ 1,  2,  4,  5,  6,  7, 10, 11, 21, 23, 27, 28, 30, 44, 50, 51, 52] < [ 3,  8,  9, 12, 20, 22, 24, 25, 26, 29, 31, 32, 40, 41, 42, 43, 53]
    W3: [ 4,  5,  6,  7, 12, 13, 15, 19, 20, 27, 28, 32, 33, 34, 45, 47, 48] = [ 1,  2,  3, 11, 14, 18, 24, 25, 26, 29, 38, 39, 40, 44, 49, 50, 53]
    W4: [ 4,  5, 12, 13, 16, 18, 23, 24, 27, 29, 30, 31, 35, 40, 43, 46, 50, 52] = [ 0,  1,  7,  8, 10, 15, 20, 21, 26, 34, 37, 39, 41, 44, 47, 49, 51, 54]
    Truth table row=[=, <, <, =, =] ix=85 result=22+ is correct

Test 23+:
    W0: [29, 31, 32, 40, 41, 42, 43, 46, 47, 48, 50, 51, 52, 54] = [27, 28, 30, 33, 34, 35, 36, 37, 38, 39, 44, 45, 49, 53]
    W1: [ 8,  9, 12, 14, 19, 21, 23, 27, 28, 30, 33, 34, 35, 36, 37, 38, 39, 54] > [ 5,  6,  7, 10, 11, 13, 15, 16, 17, 18, 20, 22, 24, 25, 26, 29, 31, 32]
    W2: [ 1,  2,  4,  5,  6,  7, 10, 11, 21, 23, 27, 28, 30, 44, 50, 51, 52] > [ 3,  8,  9, 12, 20, 22, 24, 25, 26, 29, 31, 32, 40, 41, 42, 43, 53]
    W3: [ 4,  5,  6,  7, 12, 13, 15, 19, 20, 27, 28, 32, 33, 34, 45, 47, 48] = [ 1,  2,  3, 11, 14, 18, 24, 25, 26, 29, 38, 39, 40, 44, 49, 50, 53]
    W4: [ 4,  5, 12, 13, 16, 18, 23, 24, 27, 29, 30, 31, 35, 40, 43, 46, 50, 52] > [ 0,  1,  7,  8, 10, 15, 20, 21, 26, 34, 37, 39, 41, 44, 47, 49, 51, 54]
    Truth table row=[=, >, >, =, >] ix=158 result=23+ is correct

Test 24+:
    W0: [29, 31, 32, 40, 41, 42, 43, 46, 47, 48, 50, 51, 52, 54] = [27, 28, 30, 33, 34, 35, 36, 37, 38, 39, 44, 45, 49, 53]
    W1: [ 8,  9, 12, 14, 19, 21, 23, 27, 28, 30, 33, 34, 35, 36, 37, 38, 39, 54] < [ 5,  6,  7, 10, 11, 13, 15, 16, 17, 18, 20, 22, 24, 25, 26, 29, 31, 32]
    W2: [ 1,  2,  4,  5,  6,  7, 10, 11, 21, 23, 27, 28, 30, 44, 50, 51, 52] < [ 3,  8,  9, 12, 20, 22, 24, 25, 26, 29, 31, 32, 40, 41, 42, 43, 53]
    W3: [ 4,  5,  6,  7, 12, 13, 15, 19, 20, 27, 28, 32, 33, 34, 45, 47, 48] < [ 1,  2,  3, 11, 14, 18, 24, 25, 26, 29, 38, 39, 40, 44, 49, 50, 53]
    W4: [ 4,  5, 12, 13, 16, 18, 23, 24, 27, 29, 30, 31, 35, 40, 43, 46, 50, 52] > [ 0,  1,  7,  8, 10, 15, 20, 21, 26, 34, 37, 39, 41, 44, 47, 49, 51, 54]
    Truth table row=[=, <, <, <, >] ix=83 result=24+ is correct

Test 25+:
    W0: [29, 31, 32, 40, 41, 42, 43, 46, 47, 48, 50, 51, 52, 54] = [27, 28, 30, 33, 34, 35, 36, 37, 38, 39, 44, 45, 49, 53]
    W1: [ 8,  9, 12, 14, 19, 21, 23, 27, 28, 30, 33, 34, 35, 36, 37, 38, 39, 54] < [ 5,  6,  7, 10, 11, 13, 15, 16, 17, 18, 20, 22, 24, 25, 26, 29, 31, 32]
    W2: [ 1,  2,  4,  5,  6,  7, 10, 11, 21, 23, 27, 28, 30, 44, 50, 51, 52] < [ 3,  8,  9, 12, 20, 22, 24, 25, 26, 29, 31, 32, 40, 41, 42, 43, 53]
    W3: [ 4,  5,  6,  7, 12, 13, 15, 19, 20, 27, 28, 32, 33, 34, 45, 47, 48] < [ 1,  2,  3, 11, 14, 18, 24, 25, 26, 29, 38, 39, 40, 44, 49, 50, 53]
    W4: [ 4,  5, 12, 13, 16, 18, 23, 24, 27, 29, 30, 31, 35, 40, 43, 46, 50, 52] = [ 0,  1,  7,  8, 10, 15, 20, 21, 26, 34, 37, 39, 41, 44, 47, 49, 51, 54]
    Truth table row=[=, <, <, <, =] ix=82 result=25+ is correct

Test 26+:
    W0: [29, 31, 32, 40, 41, 42, 43, 46, 47, 48, 50, 51, 52, 54] = [27, 28, 30, 33, 34, 35, 36, 37, 38, 39, 44, 45, 49, 53]
    W1: [ 8,  9, 12, 14, 19, 21, 23, 27, 28, 30, 33, 34, 35, 36, 37, 38, 39, 54] < [ 5,  6,  7, 10, 11, 13, 15, 16, 17, 18, 20, 22, 24, 25, 26, 29, 31, 32]
    W2: [ 1,  2,  4,  5,  6,  7, 10, 11, 21, 23, 27, 28, 30, 44, 50, 51, 52] < [ 3,  8,  9, 12, 20, 22, 24, 25, 26, 29, 31, 32, 40, 41, 42, 43, 53]
    W3: [ 4,  5,  6,  7, 12, 13, 15, 19, 20, 27, 28, 32, 33, 34, 45, 47, 48] < [ 1,  2,  3, 11, 14, 18, 24, 25, 26, 29, 38, 39, 40, 44, 49, 50, 53]
    W4: [ 4,  5, 12, 13, 16, 18, 23, 24, 27, 29, 30, 31, 35, 40, 43, 46, 50, 52] < [ 0,  1,  7,  8, 10, 15, 20, 21, 26, 34, 37, 39, 41, 44, 47, 49, 51, 54]
    Truth table row=[=, <, <, <, <] ix=81 result=26+ is correct

Test 27+:
    W0: [29, 31, 32, 40, 41, 42, 43, 46, 47, 48, 50, 51, 52, 54] < [27, 28, 30, 33, 34, 35, 36, 37, 38, 39, 44, 45, 49, 53]
    W1: [ 8,  9, 12, 14, 19, 21, 23, 27, 28, 30, 33, 34, 35, 36, 37, 38, 39, 54] > [ 5,  6,  7, 10, 11, 13, 15, 16, 17, 18, 20, 22, 24, 25, 26, 29, 31, 32]
    W2: [ 1,  2,  4,  5,  6,  7, 10, 11, 21, 23, 27, 28, 30, 44, 50, 51, 52] > [ 3,  8,  9, 12, 20, 22, 24, 25, 26, 29, 31, 32, 40, 41, 42, 43, 53]
    W3: [ 4,  5,  6,  7, 12, 13, 15, 19, 20, 27, 28, 32, 33, 34, 45, 47, 48] > [ 1,  2,  3, 11, 14, 18, 24, 25, 26, 29, 38, 39, 40, 44, 49, 50, 53]
    W4: [ 4,  5, 12, 13, 16, 18, 23, 24, 27, 29, 30, 31, 35, 40, 43, 46, 50, 52] > [ 0,  1,  7,  8, 10, 15, 20, 21, 26, 34, 37, 39, 41, 44, 47, 49, 51, 54]
    Truth table row=[<, >, >, >, >] ix=80 result=27+ is correct

Test 28+:
    W0: [29, 31, 32, 40, 41, 42, 43, 46, 47, 48, 50, 51, 52, 54] < [27, 28, 30, 33, 34, 35, 36, 37, 38, 39, 44, 45, 49, 53]
    W1: [ 8,  9, 12, 14, 19, 21, 23, 27, 28, 30, 33, 34, 35, 36, 37, 38, 39, 54] > [ 5,  6,  7, 10, 11, 13, 15, 16, 17, 18, 20, 22, 24, 25, 26, 29, 31, 32]
    W2: [ 1,  2,  4,  5,  6,  7, 10, 11, 21, 23, 27, 28, 30, 44, 50, 51, 52] > [ 3,  8,  9, 12, 20, 22, 24, 25, 26, 29, 31, 32, 40, 41, 42, 43, 53]
    W3: [ 4,  5,  6,  7, 12, 13, 15, 19, 20, 27, 28, 32, 33, 34, 45, 47, 48] > [ 1,  2,  3, 11, 14, 18, 24, 25, 26, 29, 38, 39, 40, 44, 49, 50, 53]
    W4: [ 4,  5, 12, 13, 16, 18, 23, 24, 27, 29, 30, 31, 35, 40, 43, 46, 50, 52] = [ 0,  1,  7,  8, 10, 15, 20, 21, 26, 34, 37, 39, 41, 44, 47, 49, 51, 54]
    Truth table row=[<, >, >, >, =] ix=79 result=28+ is correct

Test 29+:
    W0: [29, 31, 32, 40, 41, 42, 43, 46, 47, 48, 50, 51, 52, 54] > [27, 28, 30, 33, 34, 35, 36, 37, 38, 39, 44, 45, 49, 53]
    W1: [ 8,  9, 12, 14, 19, 21, 23, 27, 28, 30, 33, 34, 35, 36, 37, 38, 39, 54] < [ 5,  6,  7, 10, 11, 13, 15, 16, 17, 18, 20, 22, 24, 25, 26, 29, 31, 32]
    W2: [ 1,  2,  4,  5,  6,  7, 10, 11, 21, 23, 27, 28, 30, 44, 50, 51, 52] < [ 3,  8,  9, 12, 20, 22, 24, 25, 26, 29, 31, 32, 40, 41, 42, 43, 53]
    W3: [ 4,  5,  6,  7, 12, 13, 15, 19, 20, 27, 28, 32, 33, 34, 45, 47, 48] < [ 1,  2,  3, 11, 14, 18, 24, 25, 26, 29, 38, 39, 40, 44, 49, 50, 53]
    W4: [ 4,  5, 12, 13, 16, 18, 23, 24, 27, 29, 30, 31, 35, 40, 43, 46, 50, 52] > [ 0,  1,  7,  8, 10, 15, 20, 21, 26, 34, 37, 39, 41, 44, 47, 49, 51, 54]
    Truth table row=[>, <, <, <, >] ix=164 result=29+ is correct

Test 30+:
    W0: [29, 31, 32, 40, 41, 42, 43, 46, 47, 48, 50, 51, 52, 54] < [27, 28, 30, 33, 34, 35, 36, 37, 38, 39, 44, 45, 49, 53]
    W1: [ 8,  9, 12, 14, 19, 21, 23, 27, 28, 30, 33, 34, 35, 36, 37, 38, 39, 54] > [ 5,  6,  7, 10, 11, 13, 15, 16, 17, 18, 20, 22, 24, 25, 26, 29, 31, 32]
    W2: [ 1,  2,  4,  5,  6,  7, 10, 11, 21, 23, 27, 28, 30, 44, 50, 51, 52] > [ 3,  8,  9, 12, 20, 22, 24, 25, 26, 29, 31, 32, 40, 41, 42, 43, 53]
    W3: [ 4,  5,  6,  7, 12, 13, 15, 19, 20, 27, 28, 32, 33, 34, 45, 47, 48] = [ 1,  2,  3, 11, 14, 18, 24, 25, 26, 29, 38, 39, 40, 44, 49, 50, 53]
    W4: [ 4,  5, 12, 13, 16, 18, 23, 24, 27, 29, 30, 31, 35, 40, 43, 46, 50, 52] > [ 0,  1,  7,  8, 10, 15, 20, 21, 26, 34, 37, 39, 41, 44, 47, 49, 51, 54]
    Truth table row=[<, >, >, =, >] ix=77 result=30+ is correct

Test 31+:
    W0: [29, 31, 32, 40, 41, 42, 43, 46, 47, 48, 50, 51, 52, 54] > [27, 28, 30, 33, 34, 35, 36, 37, 38, 39, 44, 45, 49, 53]
    W1: [ 8,  9, 12, 14, 19, 21, 23, 27, 28, 30, 33, 34, 35, 36, 37, 38, 39, 54] < [ 5,  6,  7, 10, 11, 13, 15, 16, 17, 18, 20, 22, 24, 25, 26, 29, 31, 32]
    W2: [ 1,  2,  4,  5,  6,  7, 10, 11, 21, 23, 27, 28, 30, 44, 50, 51, 52] < [ 3,  8,  9, 12, 20, 22, 24, 25, 26, 29, 31, 32, 40, 41, 42, 43, 53]
    W3: [ 4,  5,  6,  7, 12, 13, 15, 19, 20, 27, 28, 32, 33, 34, 45, 47, 48] = [ 1,  2,  3, 11, 14, 18, 24, 25, 26, 29, 38, 39, 40, 44, 49, 50, 53]
    W4: [ 4,  5, 12, 13, 16, 18, 23, 24, 27, 29, 30, 31, 35, 40, 43, 46, 50, 52] > [ 0,  1,  7,  8, 10, 15, 20, 21, 26, 34, 37, 39, 41, 44, 47, 49, 51, 54]
    Truth table row=[>, <, <, =, >] ix=167 result=31+ is correct

Test 32+:
    W0: [29, 31, 32, 40, 41, 42, 43, 46, 47, 48, 50, 51, 52, 54] > [27, 28, 30, 33, 34, 35, 36, 37, 38, 39, 44, 45, 49, 53]
    W1: [ 8,  9, 12, 14, 19, 21, 23, 27, 28, 30, 33, 34, 35, 36, 37, 38, 39, 54] < [ 5,  6,  7, 10, 11, 13, 15, 16, 17, 18, 20, 22, 24, 25, 26, 29, 31, 32]
    W2: [ 1,  2,  4,  5,  6,  7, 10, 11, 21, 23, 27, 28, 30, 44, 50, 51, 52] < [ 3,  8,  9, 12, 20, 22, 24, 25, 26, 29, 31, 32, 40, 41, 42, 43, 53]
    W3: [ 4,  5,  6,  7, 12, 13, 15, 19, 20, 27, 28, 32, 33, 34, 45, 47, 48] > [ 1,  2,  3, 11, 14, 18, 24, 25, 26, 29, 38, 39, 40, 44, 49, 50, 53]
    W4: [ 4,  5, 12, 13, 16, 18, 23, 24, 27, 29, 30, 31, 35, 40, 43, 46, 50, 52] = [ 0,  1,  7,  8, 10, 15, 20, 21, 26, 34, 37, 39, 41, 44, 47, 49, 51, 54]
    Truth table row=[>, <, <, >, =] ix=169 result=32+ is correct

Test 33+:
    W0: [29, 31, 32, 40, 41, 42, 43, 46, 47, 48, 50, 51, 52, 54] < [27, 28, 30, 33, 34, 35, 36, 37, 38, 39, 44, 45, 49, 53]
    W1: [ 8,  9, 12, 14, 19, 21, 23, 27, 28, 30, 33, 34, 35, 36, 37, 38, 39, 54] > [ 5,  6,  7, 10, 11, 13, 15, 16, 17, 18, 20, 22, 24, 25, 26, 29, 31, 32]
    W2: [ 1,  2,  4,  5,  6,  7, 10, 11, 21, 23, 27, 28, 30, 44, 50, 51, 52] = [ 3,  8,  9, 12, 20, 22, 24, 25, 26, 29, 31, 32, 40, 41, 42, 43, 53]
    W3: [ 4,  5,  6,  7, 12, 13, 15, 19, 20, 27, 28, 32, 33, 34, 45, 47, 48] > [ 1,  2,  3, 11, 14, 18, 24, 25, 26, 29, 38, 39, 40, 44, 49, 50, 53]
    W4: [ 4,  5, 12, 13, 16, 18, 23, 24, 27, 29, 30, 31, 35, 40, 43, 46, 50, 52] = [ 0,  1,  7,  8, 10, 15, 20, 21, 26, 34, 37, 39, 41, 44, 47, 49, 51, 54]
    Truth table row=[<, >, =, >, =] ix=70 result=33+ is correct

Test 34+:
    W0: [29, 31, 32, 40, 41, 42, 43, 46, 47, 48, 50, 51, 52, 54] < [27, 28, 30, 33, 34, 35, 36, 37, 38, 39, 44, 45, 49, 53]
    W1: [ 8,  9, 12, 14, 19, 21, 23, 27, 28, 30, 33, 34, 35, 36, 37, 38, 39, 54] > [ 5,  6,  7, 10, 11, 13, 15, 16, 17, 18, 20, 22, 24, 25, 26, 29, 31, 32]
    W2: [ 1,  2,  4,  5,  6,  7, 10, 11, 21, 23, 27, 28, 30, 44, 50, 51, 52] = [ 3,  8,  9, 12, 20, 22, 24, 25, 26, 29, 31, 32, 40, 41, 42, 43, 53]
    W3: [ 4,  5,  6,  7, 12, 13, 15, 19, 20, 27, 28, 32, 33, 34, 45, 47, 48] > [ 1,  2,  3, 11, 14, 18, 24, 25, 26, 29, 38, 39, 40, 44, 49, 50, 53]
    W4: [ 4,  5, 12, 13, 16, 18, 23, 24, 27, 29, 30, 31, 35, 40, 43, 46, 50, 52] < [ 0,  1,  7,  8, 10, 15, 20, 21, 26, 34, 37, 39, 41, 44, 47, 49, 51, 54]
    Truth table row=[<, >, =, >, <] ix=69 result=34+ is correct

Test 35+:
    W0: [29, 31, 32, 40, 41, 42, 43, 46, 47, 48, 50, 51, 52, 54] < [27, 28, 30, 33, 34, 35, 36, 37, 38, 39, 44, 45, 49, 53]
    W1: [ 8,  9, 12, 14, 19, 21, 23, 27, 28, 30, 33, 34, 35, 36, 37, 38, 39, 54] > [ 5,  6,  7, 10, 11, 13, 15, 16, 17, 18, 20, 22, 24, 25, 26, 29, 31, 32]
    W2: [ 1,  2,  4,  5,  6,  7, 10, 11, 21, 23, 27, 28, 30, 44, 50, 51, 52] = [ 3,  8,  9, 12, 20, 22, 24, 25, 26, 29, 31, 32, 40, 41, 42, 43, 53]
    W3: [ 4,  5,  6,  7, 12, 13, 15, 19, 20, 27, 28, 32, 33, 34, 45, 47, 48] = [ 1,  2,  3, 11, 14, 18, 24, 25, 26, 29, 38, 39, 40, 44, 49, 50, 53]
    W4: [ 4,  5, 12, 13, 16, 18, 23, 24, 27, 29, 30, 31, 35, 40, 43, 46, 50, 52] > [ 0,  1,  7,  8, 10, 15, 20, 21, 26, 34, 37, 39, 41, 44, 47, 49, 51, 54]
    Truth table row=[<, >, =, =, >] ix=68 result=35+ is correct

Test 36+:
    W0: [29, 31, 32, 40, 41, 42, 43, 46, 47, 48, 50, 51, 52, 54] < [27, 28, 30, 33, 34, 35, 36, 37, 38, 39, 44, 45, 49, 53]
    W1: [ 8,  9, 12, 14, 19, 21, 23, 27, 28, 30, 33, 34, 35, 36, 37, 38, 39, 54] > [ 5,  6,  7, 10, 11, 13, 15, 16, 17, 18, 20, 22, 24, 25, 26, 29, 31, 32]
    W2: [ 1,  2,  4,  5,  6,  7, 10, 11, 21, 23, 27, 28, 30, 44, 50, 51, 52] = [ 3,  8,  9, 12, 20, 22, 24, 25, 26, 29, 31, 32, 40, 41, 42, 43, 53]
    W3: [ 4,  5,  6,  7, 12, 13, 15, 19, 20, 27, 28, 32, 33, 34, 45, 47, 48] = [ 1,  2,  3, 11, 14, 18, 24, 25, 26, 29, 38, 39, 40, 44, 49, 50, 53]
    W4: [ 4,  5, 12, 13, 16, 18, 23, 24, 27, 29, 30, 31, 35, 40, 43, 46, 50, 52] = [ 0,  1,  7,  8, 10, 15, 20, 21, 26, 34, 37, 39, 41, 44, 47, 49, 51, 54]
    Truth table row=[<, >, =, =, =] ix=67 result=36+ is correct

Test 37+:
    W0: [29, 31, 32, 40, 41, 42, 43, 46, 47, 48, 50, 51, 52, 54] < [27, 28, 30, 33, 34, 35, 36, 37, 38, 39, 44, 45, 49, 53]
    W1: [ 8,  9, 12, 14, 19, 21, 23, 27, 28, 30, 33, 34, 35, 36, 37, 38, 39, 54] > [ 5,  6,  7, 10, 11, 13, 15, 16, 17, 18, 20, 22, 24, 25, 26, 29, 31, 32]
    W2: [ 1,  2,  4,  5,  6,  7, 10, 11, 21, 23, 27, 28, 30, 44, 50, 51, 52] = [ 3,  8,  9, 12, 20, 22, 24, 25, 26, 29, 31, 32, 40, 41, 42, 43, 53]
    W3: [ 4,  5,  6,  7, 12, 13, 15, 19, 20, 27, 28, 32, 33, 34, 45, 47, 48] = [ 1,  2,  3, 11, 14, 18, 24, 25, 26, 29, 38, 39, 40, 44, 49, 50, 53]
    W4: [ 4,  5, 12, 13, 16, 18, 23, 24, 27, 29, 30, 31, 35, 40, 43, 46, 50, 52] < [ 0,  1,  7,  8, 10, 15, 20, 21, 26, 34, 37, 39, 41, 44, 47, 49, 51, 54]
    Truth table row=[<, >, =, =, <] ix=66 result=37+ is correct

Test 38+:
    W0: [29, 31, 32, 40, 41, 42, 43, 46, 47, 48, 50, 51, 52, 54] < [27, 28, 30, 33, 34, 35, 36, 37, 38, 39, 44, 45, 49, 53]
    W1: [ 8,  9, 12, 14, 19, 21, 23, 27, 28, 30, 33, 34, 35, 36, 37, 38, 39, 54] > [ 5,  6,  7, 10, 11, 13, 15, 16, 17, 18, 20, 22, 24, 25, 26, 29, 31, 32]
    W2: [ 1,  2,  4,  5,  6,  7, 10, 11, 21, 23, 27, 28, 30, 44, 50, 51, 52] = [ 3,  8,  9, 12, 20, 22, 24, 25, 26, 29, 31, 32, 40, 41, 42, 43, 53]
    W3: [ 4,  5,  6,  7, 12, 13, 15, 19, 20, 27, 28, 32, 33, 34, 45, 47, 48] < [ 1,  2,  3, 11, 14, 18, 24, 25, 26, 29, 38, 39, 40, 44, 49, 50, 53]
    W4: [ 4,  5, 12, 13, 16, 18, 23, 24, 27, 29, 30, 31, 35, 40, 43, 46, 50, 52] = [ 0,  1,  7,  8, 10, 15, 20, 21, 26, 34, 37, 39, 41, 44, 47, 49, 51, 54]
    Truth table row=[<, >, =, <, =] ix=64 result=38+ is correct

Test 39+:
    W0: [29, 31, 32, 40, 41, 42, 43, 46, 47, 48, 50, 51, 52, 54] < [27, 28, 30, 33, 34, 35, 36, 37, 38, 39, 44, 45, 49, 53]
    W1: [ 8,  9, 12, 14, 19, 21, 23, 27, 28, 30, 33, 34, 35, 36, 37, 38, 39, 54] > [ 5,  6,  7, 10, 11, 13, 15, 16, 17, 18, 20, 22, 24, 25, 26, 29, 31, 32]
    W2: [ 1,  2,  4,  5,  6,  7, 10, 11, 21, 23, 27, 28, 30, 44, 50, 51, 52] = [ 3,  8,  9, 12, 20, 22, 24, 25, 26, 29, 31, 32, 40, 41, 42, 43, 53]
    W3: [ 4,  5,  6,  7, 12, 13, 15, 19, 20, 27, 28, 32, 33, 34, 45, 47, 48] < [ 1,  2,  3, 11, 14, 18, 24, 25, 26, 29, 38, 39, 40, 44, 49, 50, 53]
    W4: [ 4,  5, 12, 13, 16, 18, 23, 24, 27, 29, 30, 31, 35, 40, 43, 46, 50, 52] < [ 0,  1,  7,  8, 10, 15, 20, 21, 26, 34, 37, 39, 41, 44, 47, 49, 51, 54]
    Truth table row=[<, >, =, <, <] ix=63 result=39+ is correct

Test 40+:
    W0: [29, 31, 32, 40, 41, 42, 43, 46, 47, 48, 50, 51, 52, 54] > [27, 28, 30, 33, 34, 35, 36, 37, 38, 39, 44, 45, 49, 53]
    W1: [ 8,  9, 12, 14, 19, 21, 23, 27, 28, 30, 33, 34, 35, 36, 37, 38, 39, 54] = [ 5,  6,  7, 10, 11, 13, 15, 16, 17, 18, 20, 22, 24, 25, 26, 29, 31, 32]
    W2: [ 1,  2,  4,  5,  6,  7, 10, 11, 21, 23, 27, 28, 30, 44, 50, 51, 52] < [ 3,  8,  9, 12, 20, 22, 24, 25, 26, 29, 31, 32, 40, 41, 42, 43, 53]
    W3: [ 4,  5,  6,  7, 12, 13, 15, 19, 20, 27, 28, 32, 33, 34, 45, 47, 48] < [ 1,  2,  3, 11, 14, 18, 24, 25, 26, 29, 38, 39, 40, 44, 49, 50, 53]
    W4: [ 4,  5, 12, 13, 16, 18, 23, 24, 27, 29, 30, 31, 35, 40, 43, 46, 50, 52] > [ 0,  1,  7,  8, 10, 15, 20, 21, 26, 34, 37, 39, 41, 44, 47, 49, 51, 54]
    Truth table row=[>, =, <, <, >] ix=191 result=40+ is correct

Test 41+:
    W0: [29, 31, 32, 40, 41, 42, 43, 46, 47, 48, 50, 51, 52, 54] > [27, 28, 30, 33, 34, 35, 36, 37, 38, 39, 44, 45, 49, 53]
    W1: [ 8,  9, 12, 14, 19, 21, 23, 27, 28, 30, 33, 34, 35, 36, 37, 38, 39, 54] = [ 5,  6,  7, 10, 11, 13, 15, 16, 17, 18, 20, 22, 24, 25, 26, 29, 31, 32]
    W2: [ 1,  2,  4,  5,  6,  7, 10, 11, 21, 23, 27, 28, 30, 44, 50, 51, 52] < [ 3,  8,  9, 12, 20, 22, 24, 25, 26, 29, 31, 32, 40, 41, 42, 43, 53]
    W3: [ 4,  5,  6,  7, 12, 13, 15, 19, 20, 27, 28, 32, 33, 34, 45, 47, 48] = [ 1,  2,  3, 11, 14, 18, 24, 25, 26, 29, 38, 39, 40, 44, 49, 50, 53]
    W4: [ 4,  5, 12, 13, 16, 18, 23, 24, 27, 29, 30, 31, 35, 40, 43, 46, 50, 52] < [ 0,  1,  7,  8, 10, 15, 20, 21, 26, 34, 37, 39, 41, 44, 47, 49, 51, 54]
    Truth table row=[>, =, <, =, <] ix=192 result=41+ is correct

Test 42+:
    W0: [29, 31, 32, 40, 41, 42, 43, 46, 47, 48, 50, 51, 52, 54] > [27, 28, 30, 33, 34, 35, 36, 37, 38, 39, 44, 45, 49, 53]
    W1: [ 8,  9, 12, 14, 19, 21, 23, 27, 28, 30, 33, 34, 35, 36, 37, 38, 39, 54] = [ 5,  6,  7, 10, 11, 13, 15, 16, 17, 18, 20, 22, 24, 25, 26, 29, 31, 32]
    W2: [ 1,  2,  4,  5,  6,  7, 10, 11, 21, 23, 27, 28, 30, 44, 50, 51, 52] < [ 3,  8,  9, 12, 20, 22, 24, 25, 26, 29, 31, 32, 40, 41, 42, 43, 53]
    W3: [ 4,  5,  6,  7, 12, 13, 15, 19, 20, 27, 28, 32, 33, 34, 45, 47, 48] = [ 1,  2,  3, 11, 14, 18, 24, 25, 26, 29, 38, 39, 40, 44, 49, 50, 53]
    W4: [ 4,  5, 12, 13, 16, 18, 23, 24, 27, 29, 30, 31, 35, 40, 43, 46, 50, 52] = [ 0,  1,  7,  8, 10, 15, 20, 21, 26, 34, 37, 39, 41, 44, 47, 49, 51, 54]
    Truth table row=[>, =, <, =, =] ix=193 result=42+ is correct

Test 43+:
    W0: [29, 31, 32, 40, 41, 42, 43, 46, 47, 48, 50, 51, 52, 54] > [27, 28, 30, 33, 34, 35, 36, 37, 38, 39, 44, 45, 49, 53]
    W1: [ 8,  9, 12, 14, 19, 21, 23, 27, 28, 30, 33, 34, 35, 36, 37, 38, 39, 54] = [ 5,  6,  7, 10, 11, 13, 15, 16, 17, 18, 20, 22, 24, 25, 26, 29, 31, 32]
    W2: [ 1,  2,  4,  5,  6,  7, 10, 11, 21, 23, 27, 28, 30, 44, 50, 51, 52] < [ 3,  8,  9, 12, 20, 22, 24, 25, 26, 29, 31, 32, 40, 41, 42, 43, 53]
    W3: [ 4,  5,  6,  7, 12, 13, 15, 19, 20, 27, 28, 32, 33, 34, 45, 47, 48] = [ 1,  2,  3, 11, 14, 18, 24, 25, 26, 29, 38, 39, 40, 44, 49, 50, 53]
    W4: [ 4,  5, 12, 13, 16, 18, 23, 24, 27, 29, 30, 31, 35, 40, 43, 46, 50, 52] > [ 0,  1,  7,  8, 10, 15, 20, 21, 26, 34, 37, 39, 41, 44, 47, 49, 51, 54]
    Truth table row=[>, =, <, =, >] ix=194 result=43+ is correct

Test 44+:
    W0: [29, 31, 32, 40, 41, 42, 43, 46, 47, 48, 50, 51, 52, 54] < [27, 28, 30, 33, 34, 35, 36, 37, 38, 39, 44, 45, 49, 53]
    W1: [ 8,  9, 12, 14, 19, 21, 23, 27, 28, 30, 33, 34, 35, 36, 37, 38, 39, 54] = [ 5,  6,  7, 10, 11, 13, 15, 16, 17, 18, 20, 22, 24, 25, 26, 29, 31, 32]
    W2: [ 1,  2,  4,  5,  6,  7, 10, 11, 21, 23, 27, 28, 30, 44, 50, 51, 52] > [ 3,  8,  9, 12, 20, 22, 24, 25, 26, 29, 31, 32, 40, 41, 42, 43, 53]
    W3: [ 4,  5,  6,  7, 12, 13, 15, 19, 20, 27, 28, 32, 33, 34, 45, 47, 48] < [ 1,  2,  3, 11, 14, 18, 24, 25, 26, 29, 38, 39, 40, 44, 49, 50, 53]
    W4: [ 4,  5, 12, 13, 16, 18, 23, 24, 27, 29, 30, 31, 35, 40, 43, 46, 50, 52] < [ 0,  1,  7,  8, 10, 15, 20, 21, 26, 34, 37, 39, 41, 44, 47, 49, 51, 54]
    Truth table row=[<, =, >, <, <] ix=45 result=44+ is correct

Test 45+:
    W0: [29, 31, 32, 40, 41, 42, 43, 46, 47, 48, 50, 51, 52, 54] < [27, 28, 30, 33, 34, 35, 36, 37, 38, 39, 44, 45, 49, 53]
    W1: [ 8,  9, 12, 14, 19, 21, 23, 27, 28, 30, 33, 34, 35, 36, 37, 38, 39, 54] = [ 5,  6,  7, 10, 11, 13, 15, 16, 17, 18, 20, 22, 24, 25, 26, 29, 31, 32]
    W2: [ 1,  2,  4,  5,  6,  7, 10, 11, 21, 23, 27, 28, 30, 44, 50, 51, 52] = [ 3,  8,  9, 12, 20, 22, 24, 25, 26, 29, 31, 32, 40, 41, 42, 43, 53]
    W3: [ 4,  5,  6,  7, 12, 13, 15, 19, 20, 27, 28, 32, 33, 34, 45, 47, 48] > [ 1,  2,  3, 11, 14, 18, 24, 25, 26, 29, 38, 39, 40, 44, 49, 50, 53]
    W4: [ 4,  5, 12, 13, 16, 18, 23, 24, 27, 29, 30, 31, 35, 40, 43, 46, 50, 52] = [ 0,  1,  7,  8, 10, 15, 20, 21, 26, 34, 37, 39, 41, 44, 47, 49, 51, 54]
    Truth table row=[<, =, =, >, =] ix=43 result=45+ is correct

Test 46+:
    W0: [29, 31, 32, 40, 41, 42, 43, 46, 47, 48, 50, 51, 52, 54] > [27, 28, 30, 33, 34, 35, 36, 37, 38, 39, 44, 45, 49, 53]
    W1: [ 8,  9, 12, 14, 19, 21, 23, 27, 28, 30, 33, 34, 35, 36, 37, 38, 39, 54] = [ 5,  6,  7, 10, 11, 13, 15, 16, 17, 18, 20, 22, 24, 25, 26, 29, 31, 32]
    W2: [ 1,  2,  4,  5,  6,  7, 10, 11, 21, 23, 27, 28, 30, 44, 50, 51, 52] = [ 3,  8,  9, 12, 20, 22, 24, 25, 26, 29, 31, 32, 40, 41, 42, 43, 53]
    W3: [ 4,  5,  6,  7, 12, 13, 15, 19, 20, 27, 28, 32, 33, 34, 45, 47, 48] = [ 1,  2,  3, 11, 14, 18, 24, 25, 26, 29, 38, 39, 40, 44, 49, 50, 53]
    W4: [ 4,  5, 12, 13, 16, 18, 23, 24, 27, 29, 30, 31, 35, 40, 43, 46, 50, 52] > [ 0,  1,  7,  8, 10, 15, 20, 21, 26, 34, 37, 39, 41, 44, 47, 49, 51, 54]
    Truth table row=[>, =, =, =, >] ix=203 result=46+ is correct

Test 47+:
    W0: [29, 31, 32, 40, 41, 42, 43, 46, 47, 48, 50, 51, 52, 54] > [27, 28, 30, 33, 34, 35, 36, 37, 38, 39, 44, 45, 49, 53]
    W1: [ 8,  9, 12, 14, 19, 21, 23, 27, 28, 30, 33, 34, 35, 36, 37, 38, 39, 54] = [ 5,  6,  7, 10, 11, 13, 15, 16, 17, 18, 20, 22, 24, 25, 26, 29, 31, 32]
    W2: [ 1,  2,  4,  5,  6,  7, 10, 11, 21, 23, 27, 28, 30, 44, 50, 51, 52] = [ 3,  8,  9, 12, 20, 22, 24, 25, 26, 29, 31, 32, 40, 41, 42, 43, 53]
    W3: [ 4,  5,  6,  7, 12, 13, 15, 19, 20, 27, 28, 32, 33, 34, 45, 47, 48] > [ 1,  2,  3, 11, 14, 18, 24, 25, 26, 29, 38, 39, 40, 44, 49, 50, 53]
    W4: [ 4,  5, 12, 13, 16, 18, 23, 24, 27, 29, 30, 31, 35, 40, 43, 46, 50, 52] < [ 0,  1,  7,  8, 10, 15, 20, 21, 26, 34, 37, 39, 41, 44, 47, 49, 51, 54]
    Truth table row=[>, =, =, >, <] ix=204 result=47+ is correct

Test 48+:
    W0: [29, 31, 32, 40, 41, 42, 43, 46, 47, 48, 50, 51, 52, 54] > [27, 28, 30, 33, 34, 35, 36, 37, 38, 39, 44, 45, 49, 53]
    W1: [ 8,  9, 12, 14, 19, 21, 23, 27, 28, 30, 33, 34, 35, 36, 37, 38, 39, 54] = [ 5,  6,  7, 10, 11, 13, 15, 16, 17, 18, 20, 22, 24, 25, 26, 29, 31, 32]
    W2: [ 1,  2,  4,  5,  6,  7, 10, 11, 21, 23, 27, 28, 30, 44, 50, 51, 52] = [ 3,  8,  9, 12, 20, 22, 24, 25, 26, 29, 31, 32, 40, 41, 42, 43, 53]
    W3: [ 4,  5,  6,  7, 12, 13, 15, 19, 20, 27, 28, 32, 33, 34, 45, 47, 48] > [ 1,  2,  3, 11, 14, 18, 24, 25, 26, 29, 38, 39, 40, 44, 49, 50, 53]
    W4: [ 4,  5, 12, 13, 16, 18, 23, 24, 27, 29, 30, 31, 35, 40, 43, 46, 50, 52] = [ 0,  1,  7,  8, 10, 15, 20, 21, 26, 34, 37, 39, 41, 44, 47, 49, 51, 54]
    Truth table row=[>, =, =, >, =] ix=205 result=48+ is correct

Test 49+:
    W0: [29, 31, 32, 40, 41, 42, 43, 46, 47, 48, 50, 51, 52, 54] < [27, 28, 30, 33, 34, 35, 36, 37, 38, 39, 44, 45, 49, 53]
    W1: [ 8,  9, 12, 14, 19, 21, 23, 27, 28, 30, 33, 34, 35, 36, 37, 38, 39, 54] = [ 5,  6,  7, 10, 11, 13, 15, 16, 17, 18, 20, 22, 24, 25, 26, 29, 31, 32]
    W2: [ 1,  2,  4,  5,  6,  7, 10, 11, 21, 23, 27, 28, 30, 44, 50, 51, 52] = [ 3,  8,  9, 12, 20, 22, 24, 25, 26, 29, 31, 32, 40, 41, 42, 43, 53]
    W3: [ 4,  5,  6,  7, 12, 13, 15, 19, 20, 27, 28, 32, 33, 34, 45, 47, 48] < [ 1,  2,  3, 11, 14, 18, 24, 25, 26, 29, 38, 39, 40, 44, 49, 50, 53]
    W4: [ 4,  5, 12, 13, 16, 18, 23, 24, 27, 29, 30, 31, 35, 40, 43, 46, 50, 52] < [ 0,  1,  7,  8, 10, 15, 20, 21, 26, 34, 37, 39, 41, 44, 47, 49, 51, 54]
    Truth table row=[<, =, =, <, <] ix=36 result=49+ is correct

Test 50+:
    W0: [29, 31, 32, 40, 41, 42, 43, 46, 47, 48, 50, 51, 52, 54] > [27, 28, 30, 33, 34, 35, 36, 37, 38, 39, 44, 45, 49, 53]
    W1: [ 8,  9, 12, 14, 19, 21, 23, 27, 28, 30, 33, 34, 35, 36, 37, 38, 39, 54] = [ 5,  6,  7, 10, 11, 13, 15, 16, 17, 18, 20, 22, 24, 25, 26, 29, 31, 32]
    W2: [ 1,  2,  4,  5,  6,  7, 10, 11, 21, 23, 27, 28, 30, 44, 50, 51, 52] > [ 3,  8,  9, 12, 20, 22, 24, 25, 26, 29, 31, 32, 40, 41, 42, 43, 53]
    W3: [ 4,  5,  6,  7, 12, 13, 15, 19, 20, 27, 28, 32, 33, 34, 45, 47, 48] < [ 1,  2,  3, 11, 14, 18, 24, 25, 26, 29, 38, 39, 40, 44, 49, 50, 53]
    W4: [ 4,  5, 12, 13, 16, 18, 23, 24, 27, 29, 30, 31, 35, 40, 43, 46, 50, 52] > [ 0,  1,  7,  8, 10, 15, 20, 21, 26, 34, 37, 39, 41, 44, 47, 49, 51, 54]
    Truth table row=[>, =, >, <, >] ix=209 result=50+ is correct

Test 51+:
    W0: [29, 31, 32, 40, 41, 42, 43, 46, 47, 48, 50, 51, 52, 54] > [27, 28, 30, 33, 34, 35, 36, 37, 38, 39, 44, 45, 49, 53]
    W1: [ 8,  9, 12, 14, 19, 21, 23, 27, 28, 30, 33, 34, 35, 36, 37, 38, 39, 54] = [ 5,  6,  7, 10, 11, 13, 15, 16, 17, 18, 20, 22, 24, 25, 26, 29, 31, 32]
    W2: [ 1,  2,  4,  5,  6,  7, 10, 11, 21, 23, 27, 28, 30, 44, 50, 51, 52] > [ 3,  8,  9, 12, 20, 22, 24, 25, 26, 29, 31, 32, 40, 41, 42, 43, 53]
    W3: [ 4,  5,  6,  7, 12, 13, 15, 19, 20, 27, 28, 32, 33, 34, 45, 47, 48] = [ 1,  2,  3, 11, 14, 18, 24, 25, 26, 29, 38, 39, 40, 44, 49, 50, 53]
    W4: [ 4,  5, 12, 13, 16, 18, 23, 24, 27, 29, 30, 31, 35, 40, 43, 46, 50, 52] < [ 0,  1,  7,  8, 10, 15, 20, 21, 26, 34, 37, 39, 41, 44, 47, 49, 51, 54]
    Truth table row=[>, =, >, =, <] ix=210 result=51+ is correct

Test 52+:
    W0: [29, 31, 32, 40, 41, 42, 43, 46, 47, 48, 50, 51, 52, 54] > [27, 28, 30, 33, 34, 35, 36, 37, 38, 39, 44, 45, 49, 53]
    W1: [ 8,  9, 12, 14, 19, 21, 23, 27, 28, 30, 33, 34, 35, 36, 37, 38, 39, 54] = [ 5,  6,  7, 10, 11, 13, 15, 16, 17, 18, 20, 22, 24, 25, 26, 29, 31, 32]
    W2: [ 1,  2,  4,  5,  6,  7, 10, 11, 21, 23, 27, 28, 30, 44, 50, 51, 52] > [ 3,  8,  9, 12, 20, 22, 24, 25, 26, 29, 31, 32, 40, 41, 42, 43, 53]
    W3: [ 4,  5,  6,  7, 12, 13, 15, 19, 20, 27, 28, 32, 33, 34, 45, 47, 48] = [ 1,  2,  3, 11, 14, 18, 24, 25, 26, 29, 38, 39, 40, 44, 49, 50, 53]
    W4: [ 4,  5, 12, 13, 16, 18, 23, 24, 27, 29, 30, 31, 35, 40, 43, 46, 50, 52] > [ 0,  1,  7,  8, 10, 15, 20, 21, 26, 34, 37, 39, 41, 44, 47, 49, 51, 54]
    Truth table row=[>, =, >, =, >] ix=212 result=52+ is correct

Test 53+:
    W0: [29, 31, 32, 40, 41, 42, 43, 46, 47, 48, 50, 51, 52, 54] < [27, 28, 30, 33, 34, 35, 36, 37, 38, 39, 44, 45, 49, 53]
    W1: [ 8,  9, 12, 14, 19, 21, 23, 27, 28, 30, 33, 34, 35, 36, 37, 38, 39, 54] = [ 5,  6,  7, 10, 11, 13, 15, 16, 17, 18, 20, 22, 24, 25, 26, 29, 31, 32]
    W2: [ 1,  2,  4,  5,  6,  7, 10, 11, 21, 23, 27, 28, 30, 44, 50, 51, 52] < [ 3,  8,  9, 12, 20, 22, 24, 25, 26, 29, 31, 32, 40, 41, 42, 43, 53]
    W3: [ 4,  5,  6,  7, 12, 13, 15, 19, 20, 27, 28, 32, 33, 34, 45, 47, 48] < [ 1,  2,  3, 11, 14, 18, 24, 25, 26, 29, 38, 39, 40, 44, 49, 50, 53]
    W4: [ 4,  5, 12, 13, 16, 18, 23, 24, 27, 29, 30, 31, 35, 40, 43, 46, 50, 52] = [ 0,  1,  7,  8, 10, 15, 20, 21, 26, 34, 37, 39, 41, 44, 47, 49, 51, 54]
    Truth table row=[<, =, <, <, =] ix=28 result=53+ is correct

Test 54+:
    W0: [29, 31, 32, 40, 41, 42, 43, 46, 47, 48, 50, 51, 52, 54] > [27, 28, 30, 33, 34, 35, 36, 37, 38, 39, 44, 45, 49, 53]
    W1: [ 8,  9, 12, 14, 19, 21, 23, 27, 28, 30, 33, 34, 35, 36, 37, 38, 39, 54] > [ 5,  6,  7, 10, 11, 13, 15, 16, 17, 18, 20, 22, 24, 25, 26, 29, 31, 32]
    W2: [ 1,  2,  4,  5,  6,  7, 10, 11, 21, 23, 27, 28, 30, 44, 50, 51, 52] = [ 3,  8,  9, 12, 20, 22, 24, 25, 26, 29, 31, 32, 40, 41, 42, 43, 53]
    W3: [ 4,  5,  6,  7, 12, 13, 15, 19, 20, 27, 28, 32, 33, 34, 45, 47, 48] = [ 1,  2,  3, 11, 14, 18, 24, 25, 26, 29, 38, 39, 40, 44, 49, 50, 53]
    W4: [ 4,  5, 12, 13, 16, 18, 23, 24, 27, 29, 30, 31, 35, 40, 43, 46, 50, 52] < [ 0,  1,  7,  8, 10, 15, 20, 21, 26, 34, 37, 39, 41, 44, 47, 49, 51, 54]
    Truth table row=[>, >, =, =, <] ix=228 result=54+ is correct

Total correct results: 110
Total incorrect results: 0
