Solving for 22 balls and 5 weighings.
Using symmetry breaking strategy TruthTableAscending.

Solution:
W0: [ 0,  4,  6,  8,  9, 10, 12, 15, 16] <=> [ 1,  2,  3,  5,  7, 11, 13, 14, 17]
W1: [ 0,  4,  6,  8, 13, 14, 17, 18, 20] <=> [ 1,  2,  3,  5,  7, 15, 16, 19, 21]
W2: [ 0,  7,  9, 10, 11, 15, 17, 18, 19, 21] <=> [ 1,  2,  3,  6,  8, 12, 13, 14, 16, 20]
W3: [ 0,  3,  5,  6,  9, 11, 17, 21] <=> [ 1, 12, 13, 14, 16, 18, 19, 20]
W4: [ 0, 10, 14, 15, 16, 17, 19, 21] <=> [ 2,  4,  6,  7,  9, 12, 13, 18]

Truth Table:
ix  W0  W1  W2  W3  W4   Result
 0   <   <   <   <   <   0-
 1   <   <   <   <   =   1+
 2   <   <   <   <   >
 3   <   <   <   =   <   2+
 4   <   <   <   =   =
 5   <   <   <   =   >
 6   <   <   <   >   <
 7   <   <   <   >   =   3+
 8   <   <   <   >   >
 9   <   <   =   <   <
10   <   <   =   <   =
11   <   <   =   <   >
12   <   <   =   =   <
13   <   <   =   =   =
14   <   <   =   =   >   4-
15   <   <   =   >   <
16   <   <   =   >   =   5+
17   <   <   =   >   >
18   <   <   >   <   <
19   <   <   >   <   =
20   <   <   >   <   >   6-
21   <   <   >   =   <   7+
22   <   <   >   =   =   8-
23   <   <   >   =   >
24   <   <   >   >   <
25   <   <   >   >   =
26   <   <   >   >   >
27   <   =   <   <   <
28   <   =   <   <   =
29   <   =   <   <   >   9-
30   <   =   <   =   <   10-
31   <   =   <   =   =
32   <   =   <   =   >
33   <   =   <   >   <
34   <   =   <   >   =
35   <   =   <   >   >
36   <   =   =   <   <
37   <   =   =   <   =
38   <   =   =   <   >
39   <   =   =   =   <
40   <   =   =   =   =
41   <   =   =   =   >
42   <   =   =   >   <
43   <   =   =   >   =
44   <   =   =   >   >
45   <   =   >   <   <
46   <   =   >   <   =
47   <   =   >   <   >
48   <   =   >   =   <
49   <   =   >   =   =
50   <   =   >   =   >
51   <   =   >   >   <
52   <   =   >   >   =   11+
53   <   =   >   >   >   12-
54   <   >   <   <   <   13+
55   <   >   <   <   =
56   <   >   <   <   >   14+
57   <   >   <   =   <   15-
58   <   >   <   =   =
59   <   >   <   =   >
60   <   >   <   >   <
61   <   >   <   >   =
62   <   >   <   >   >
63   <   >   =   <   <
64   <   >   =   <   =
65   <   >   =   <   >
66   <   >   =   =   <
67   <   >   =   =   =
68   <   >   =   =   >
69   <   >   =   >   <
70   <   >   =   >   =
71   <   >   =   >   >
72   <   >   >   <   <
73   <   >   >   <   =
74   <   >   >   <   >
75   <   >   >   =   <
76   <   >   >   =   =
77   <   >   >   =   >
78   <   >   >   >   <   16-
79   <   >   >   >   =
80   <   >   >   >   >   17+
81   =   <   <   <   <
82   =   <   <   <   =
83   =   <   <   <   >
84   =   <   <   =   <
85   =   <   <   =   =
86   =   <   <   =   >
87   =   <   <   >   <
88   =   <   <   >   =
89   =   <   <   >   >   18-
90   =   <   =   <   <
91   =   <   =   <   =
92   =   <   =   <   >
93   =   <   =   =   <
94   =   <   =   =   =
95   =   <   =   =   >
96   =   <   =   >   <
97   =   <   =   >   =
98   =   <   =   >   >
99   =   <   >   <   <
100   =   <   >   <   =
101   =   <   >   <   >   19+
102   =   <   >   =   <
103   =   <   >   =   =
104   =   <   >   =   >
105   =   <   >   >   <
106   =   <   >   >   =   20-
107   =   <   >   >   >   21+
108   =   =   <   <   <
109   =   =   <   <   =
110   =   =   <   <   >
111   =   =   <   =   <
112   =   =   <   =   =
113   =   =   <   =   >
114   =   =   <   >   <
115   =   =   <   >   =
116   =   =   <   >   >
117   =   =   =   <   <
118   =   =   =   <   =
119   =   =   =   <   >
120   =   =   =   =   <
121   =   =   =   =   =
122   =   =   =   =   >
123   =   =   =   >   <
124   =   =   =   >   =
125   =   =   =   >   >
126   =   =   >   <   <
127   =   =   >   <   =
128   =   =   >   <   >
129   =   =   >   =   <
130   =   =   >   =   =
131   =   =   >   =   >
132   =   =   >   >   <
133   =   =   >   >   =
134   =   =   >   >   >
135   =   >   <   <   <   21-
136   =   >   <   <   =   20+
137   =   >   <   <   >
138   =   >   <   =   <
139   =   >   <   =   =
140   =   >   <   =   >
141   =   >   <   >   <   19-
142   =   >   <   >   =
143   =   >   <   >   >
144   =   >   =   <   <
145   =   >   =   <   =
146   =   >   =   <   >
147   =   >   =   =   <
148   =   >   =   =   =
149   =   >   =   =   >
150   =   >   =   >   <
151   =   >   =   >   =
152   =   >   =   >   >
153   =   >   >   <   <   18+
154   =   >   >   <   =
155   =   >   >   <   >
156   =   >   >   =   <
157   =   >   >   =   =
158   =   >   >   =   >
159   =   >   >   >   <
160   =   >   >   >   =
161   =   >   >   >   >
162   >   <   <   <   <   17-
163   >   <   <   <   =
164   >   <   <   <   >   16+
165   >   <   <   =   <
166   >   <   <   =   =
167   >   <   <   =   >
168   >   <   <   >   <
169   >   <   <   >   =
170   >   <   <   >   >
171   >   <   =   <   <
172   >   <   =   <   =
173   >   <   =   <   >
174   >   <   =   =   <
175   >   <   =   =   =
176   >   <   =   =   >
177   >   <   =   >   <
178   >   <   =   >   =
179   >   <   =   >   >
180   >   <   >   <   <
181   >   <   >   <   =
182   >   <   >   <   >
183   >   <   >   =   <
184   >   <   >   =   =
185   >   <   >   =   >   15+
186   >   <   >   >   <   14-
187   >   <   >   >   =
188   >   <   >   >   >   13-
189   >   =   <   <   <   12+
190   >   =   <   <   =   11-
191   >   =   <   <   >
192   >   =   <   =   <
193   >   =   <   =   =
194   >   =   <   =   >
195   >   =   <   >   <
196   >   =   <   >   =
197   >   =   <   >   >
198   >   =   =   <   <
199   >   =   =   <   =
200   >   =   =   <   >
201   >   =   =   =   <
202   >   =   =   =   =
203   >   =   =   =   >
204   >   =   =   >   <
205   >   =   =   >   =
206   >   =   =   >   >
207   >   =   >   <   <
208   >   =   >   <   =
209   >   =   >   <   >
210   >   =   >   =   <
211   >   =   >   =   =
212   >   =   >   =   >   10+
213   >   =   >   >   <   9+
214   >   =   >   >   =
215   >   =   >   >   >
216   >   >   <   <   <
217   >   >   <   <   =
218   >   >   <   <   >
219   >   >   <   =   <
220   >   >   <   =   =   8+
221   >   >   <   =   >   7-
222   >   >   <   >   <   6+
223   >   >   <   >   =
224   >   >   <   >   >
225   >   >   =   <   <
226   >   >   =   <   =   5-
227   >   >   =   <   >
228   >   >   =   =   <   4+
229   >   >   =   =   =
230   >   >   =   =   >
231   >   >   =   >   <
232   >   >   =   >   =
233   >   >   =   >   >
234   >   >   >   <   <
235   >   >   >   <   =   3-
236   >   >   >   <   >
237   >   >   >   =   <
238   >   >   >   =   =
239   >   >   >   =   >   2-
240   >   >   >   >   <
241   >   >   >   >   =   1-
242   >   >   >   >   >   0+

Test 0-:
    W0: [ 0,  4,  6,  8,  9, 10, 12, 15, 16] < [ 1,  2,  3,  5,  7, 11, 13, 14, 17]
    W1: [ 0,  4,  6,  8, 13, 14, 17, 18, 20] < [ 1,  2,  3,  5,  7, 15, 16, 19, 21]
    W2: [ 0,  7,  9, 10, 11, 15, 17, 18, 19, 21] < [ 1,  2,  3,  6,  8, 12, 13, 14, 16, 20]
    W3: [ 0,  3,  5,  6,  9, 11, 17, 21] < [ 1, 12, 13, 14, 16, 18, 19, 20]
    W4: [ 0, 10, 14, 15, 16, 17, 19, 21] < [ 2,  4,  6,  7,  9, 12, 13, 18]
    Truth table row=[<, <, <, <, <] ix=0 result=[0-] is correct

Test 0+:
    W0: [ 0,  4,  6,  8,  9, 10, 12, 15, 16] > [ 1,  2,  3,  5,  7, 11, 13, 14, 17]
    W1: [ 0,  4,  6,  8, 13, 14, 17, 18, 20] > [ 1,  2,  3,  5,  7, 15, 16, 19, 21]
    W2: [ 0,  7,  9, 10, 11, 15, 17, 18, 19, 21] > [ 1,  2,  3,  6,  8, 12, 13, 14, 16, 20]
    W3: [ 0,  3,  5,  6,  9, 11, 17, 21] > [ 1, 12, 13, 14, 16, 18, 19, 20]
    W4: [ 0, 10, 14, 15, 16, 17, 19, 21] > [ 2,  4,  6,  7,  9, 12, 13, 18]
    Truth table row=[>, >, >, >, >] ix=242 result=[0+] is correct

Test 1-:
    W0: [ 0,  4,  6,  8,  9, 10, 12, 15, 16] > [ 1,  2,  3,  5,  7, 11, 13, 14, 17]
    W1: [ 0,  4,  6,  8, 13, 14, 17, 18, 20] > [ 1,  2,  3,  5,  7, 15, 16, 19, 21]
    W2: [ 0,  7,  9, 10, 11, 15, 17, 18, 19, 21] > [ 1,  2,  3,  6,  8, 12, 13, 14, 16, 20]
    W3: [ 0,  3,  5,  6,  9, 11, 17, 21] > [ 1, 12, 13, 14, 16, 18, 19, 20]
    W4: [ 0, 10, 14, 15, 16, 17, 19, 21] = [ 2,  4,  6,  7,  9, 12, 13, 18]
    Truth table row=[>, >, >, >, =] ix=241 result=[1-] is correct

Test 1+:
    W0: [ 0,  4,  6,  8,  9, 10, 12, 15, 16] < [ 1,  2,  3,  5,  7, 11, 13, 14, 17]
    W1: [ 0,  4,  6,  8, 13, 14, 17, 18, 20] < [ 1,  2,  3,  5,  7, 15, 16, 19, 21]
    W2: [ 0,  7,  9, 10, 11, 15, 17, 18, 19, 21] < [ 1,  2,  3,  6,  8, 12, 13, 14, 16, 20]
    W3: [ 0,  3,  5,  6,  9, 11, 17, 21] < [ 1, 12, 13, 14, 16, 18, 19, 20]
    W4: [ 0, 10, 14, 15, 16, 17, 19, 21] = [ 2,  4,  6,  7,  9, 12, 13, 18]
    Truth table row=[<, <, <, <, =] ix=1 result=[1+] is correct

Test 2-:
    W0: [ 0,  4,  6,  8,  9, 10, 12, 15, 16] > [ 1,  2,  3,  5,  7, 11, 13, 14, 17]
    W1: [ 0,  4,  6,  8, 13, 14, 17, 18, 20] > [ 1,  2,  3,  5,  7, 15, 16, 19, 21]
    W2: [ 0,  7,  9, 10, 11, 15, 17, 18, 19, 21] > [ 1,  2,  3,  6,  8, 12, 13, 14, 16, 20]
    W3: [ 0,  3,  5,  6,  9, 11, 17, 21] = [ 1, 12, 13, 14, 16, 18, 19, 20]
    W4: [ 0, 10, 14, 15, 16, 17, 19, 21] > [ 2,  4,  6,  7,  9, 12, 13, 18]
    Truth table row=[>, >, >, =, >] ix=239 result=[2-] is correct

Test 2+:
    W0: [ 0,  4,  6,  8,  9, 10, 12, 15, 16] < [ 1,  2,  3,  5,  7, 11, 13, 14, 17]
    W1: [ 0,  4,  6,  8, 13, 14, 17, 18, 20] < [ 1,  2,  3,  5,  7, 15, 16, 19, 21]
    W2: [ 0,  7,  9, 10, 11, 15, 17, 18, 19, 21] < [ 1,  2,  3,  6,  8, 12, 13, 14, 16, 20]
    W3: [ 0,  3,  5,  6,  9, 11, 17, 21] = [ 1, 12, 13, 14, 16, 18, 19, 20]
    W4: [ 0, 10, 14, 15, 16, 17, 19, 21] < [ 2,  4,  6,  7,  9, 12, 13, 18]
    Truth table row=[<, <, <, =, <] ix=3 result=[2+] is correct

Test 3-:
    W0: [ 0,  4,  6,  8,  9, 10, 12, 15, 16] > [ 1,  2,  3,  5,  7, 11, 13, 14, 17]
    W1: [ 0,  4,  6,  8, 13, 14, 17, 18, 20] > [ 1,  2,  3,  5,  7, 15, 16, 19, 21]
    W2: [ 0,  7,  9, 10, 11, 15, 17, 18, 19, 21] > [ 1,  2,  3,  6,  8, 12, 13, 14, 16, 20]
    W3: [ 0,  3,  5,  6,  9, 11, 17, 21] < [ 1, 12, 13, 14, 16, 18, 19, 20]
    W4: [ 0, 10, 14, 15, 16, 17, 19, 21] = [ 2,  4,  6,  7,  9, 12, 13, 18]
    Truth table row=[>, >, >, <, =] ix=235 result=[3-] is correct

Test 3+:
    W0: [ 0,  4,  6,  8,  9, 10, 12, 15, 16] < [ 1,  2,  3,  5,  7, 11, 13, 14, 17]
    W1: [ 0,  4,  6,  8, 13, 14, 17, 18, 20] < [ 1,  2,  3,  5,  7, 15, 16, 19, 21]
    W2: [ 0,  7,  9, 10, 11, 15, 17, 18, 19, 21] < [ 1,  2,  3,  6,  8, 12, 13, 14, 16, 20]
    W3: [ 0,  3,  5,  6,  9, 11, 17, 21] > [ 1, 12, 13, 14, 16, 18, 19, 20]
    W4: [ 0, 10, 14, 15, 16, 17, 19, 21] = [ 2,  4,  6,  7,  9, 12, 13, 18]
    Truth table row=[<, <, <, >, =] ix=7 result=[3+] is correct

Test 4-:
    W0: [ 0,  4,  6,  8,  9, 10, 12, 15, 16] < [ 1,  2,  3,  5,  7, 11, 13, 14, 17]
    W1: [ 0,  4,  6,  8, 13, 14, 17, 18, 20] < [ 1,  2,  3,  5,  7, 15, 16, 19, 21]
    W2: [ 0,  7,  9, 10, 11, 15, 17, 18, 19, 21] = [ 1,  2,  3,  6,  8, 12, 13, 14, 16, 20]
    W3: [ 0,  3,  5,  6,  9, 11, 17, 21] = [ 1, 12, 13, 14, 16, 18, 19, 20]
    W4: [ 0, 10, 14, 15, 16, 17, 19, 21] > [ 2,  4,  6,  7,  9, 12, 13, 18]
    Truth table row=[<, <, =, =, >] ix=14 result=[4-] is correct

Test 4+:
    W0: [ 0,  4,  6,  8,  9, 10, 12, 15, 16] > [ 1,  2,  3,  5,  7, 11, 13, 14, 17]
    W1: [ 0,  4,  6,  8, 13, 14, 17, 18, 20] > [ 1,  2,  3,  5,  7, 15, 16, 19, 21]
    W2: [ 0,  7,  9, 10, 11, 15, 17, 18, 19, 21] = [ 1,  2,  3,  6,  8, 12, 13, 14, 16, 20]
    W3: [ 0,  3,  5,  6,  9, 11, 17, 21] = [ 1, 12, 13, 14, 16, 18, 19, 20]
    W4: [ 0, 10, 14, 15, 16, 17, 19, 21] < [ 2,  4,  6,  7,  9, 12, 13, 18]
    Truth table row=[>, >, =, =, <] ix=228 result=[4+] is correct

Test 5-:
    W0: [ 0,  4,  6,  8,  9, 10, 12, 15, 16] > [ 1,  2,  3,  5,  7, 11, 13, 14, 17]
    W1: [ 0,  4,  6,  8, 13, 14, 17, 18, 20] > [ 1,  2,  3,  5,  7, 15, 16, 19, 21]
    W2: [ 0,  7,  9, 10, 11, 15, 17, 18, 19, 21] = [ 1,  2,  3,  6,  8, 12, 13, 14, 16, 20]
    W3: [ 0,  3,  5,  6,  9, 11, 17, 21] < [ 1, 12, 13, 14, 16, 18, 19, 20]
    W4: [ 0, 10, 14, 15, 16, 17, 19, 21] = [ 2,  4,  6,  7,  9, 12, 13, 18]
    Truth table row=[>, >, =, <, =] ix=226 result=[5-] is correct

Test 5+:
    W0: [ 0,  4,  6,  8,  9, 10, 12, 15, 16] < [ 1,  2,  3,  5,  7, 11, 13, 14, 17]
    W1: [ 0,  4,  6,  8, 13, 14, 17, 18, 20] < [ 1,  2,  3,  5,  7, 15, 16, 19, 21]
    W2: [ 0,  7,  9, 10, 11, 15, 17, 18, 19, 21] = [ 1,  2,  3,  6,  8, 12, 13, 14, 16, 20]
    W3: [ 0,  3,  5,  6,  9, 11, 17, 21] > [ 1, 12, 13, 14, 16, 18, 19, 20]
    W4: [ 0, 10, 14, 15, 16, 17, 19, 21] = [ 2,  4,  6,  7,  9, 12, 13, 18]
    Truth table row=[<, <, =, >, =] ix=16 result=[5+] is correct

Test 6-:
    W0: [ 0,  4,  6,  8,  9, 10, 12, 15, 16] < [ 1,  2,  3,  5,  7, 11, 13, 14, 17]
    W1: [ 0,  4,  6,  8, 13, 14, 17, 18, 20] < [ 1,  2,  3,  5,  7, 15, 16, 19, 21]
    W2: [ 0,  7,  9, 10, 11, 15, 17, 18, 19, 21] > [ 1,  2,  3,  6,  8, 12, 13, 14, 16, 20]
    W3: [ 0,  3,  5,  6,  9, 11, 17, 21] < [ 1, 12, 13, 14, 16, 18, 19, 20]
    W4: [ 0, 10, 14, 15, 16, 17, 19, 21] > [ 2,  4,  6,  7,  9, 12, 13, 18]
    Truth table row=[<, <, >, <, >] ix=20 result=[6-] is correct

Test 6+:
    W0: [ 0,  4,  6,  8,  9, 10, 12, 15, 16] > [ 1,  2,  3,  5,  7, 11, 13, 14, 17]
    W1: [ 0,  4,  6,  8, 13, 14, 17, 18, 20] > [ 1,  2,  3,  5,  7, 15, 16, 19, 21]
    W2: [ 0,  7,  9, 10, 11, 15, 17, 18, 19, 21] < [ 1,  2,  3,  6,  8, 12, 13, 14, 16, 20]
    W3: [ 0,  3,  5,  6,  9, 11, 17, 21] > [ 1, 12, 13, 14, 16, 18, 19, 20]
    W4: [ 0, 10, 14, 15, 16, 17, 19, 21] < [ 2,  4,  6,  7,  9, 12, 13, 18]
    Truth table row=[>, >, <, >, <] ix=222 result=[6+] is correct

Test 7-:
    W0: [ 0,  4,  6,  8,  9, 10, 12, 15, 16] > [ 1,  2,  3,  5,  7, 11, 13, 14, 17]
    W1: [ 0,  4,  6,  8, 13, 14, 17, 18, 20] > [ 1,  2,  3,  5,  7, 15, 16, 19, 21]
    W2: [ 0,  7,  9, 10, 11, 15, 17, 18, 19, 21] < [ 1,  2,  3,  6,  8, 12, 13, 14, 16, 20]
    W3: [ 0,  3,  5,  6,  9, 11, 17, 21] = [ 1, 12, 13, 14, 16, 18, 19, 20]
    W4: [ 0, 10, 14, 15, 16, 17, 19, 21] > [ 2,  4,  6,  7,  9, 12, 13, 18]
    Truth table row=[>, >, <, =, >] ix=221 result=[7-] is correct

Test 7+:
    W0: [ 0,  4,  6,  8,  9, 10, 12, 15, 16] < [ 1,  2,  3,  5,  7, 11, 13, 14, 17]
    W1: [ 0,  4,  6,  8, 13, 14, 17, 18, 20] < [ 1,  2,  3,  5,  7, 15, 16, 19, 21]
    W2: [ 0,  7,  9, 10, 11, 15, 17, 18, 19, 21] > [ 1,  2,  3,  6,  8, 12, 13, 14, 16, 20]
    W3: [ 0,  3,  5,  6,  9, 11, 17, 21] = [ 1, 12, 13, 14, 16, 18, 19, 20]
    W4: [ 0, 10, 14, 15, 16, 17, 19, 21] < [ 2,  4,  6,  7,  9, 12, 13, 18]
    Truth table row=[<, <, >, =, <] ix=21 result=[7+] is correct

Test 8-:
    W0: [ 0,  4,  6,  8,  9, 10, 12, 15, 16] < [ 1,  2,  3,  5,  7, 11, 13, 14, 17]
    W1: [ 0,  4,  6,  8, 13, 14, 17, 18, 20] < [ 1,  2,  3,  5,  7, 15, 16, 19, 21]
    W2: [ 0,  7,  9, 10, 11, 15, 17, 18, 19, 21] > [ 1,  2,  3,  6,  8, 12, 13, 14, 16, 20]
    W3: [ 0,  3,  5,  6,  9, 11, 17, 21] = [ 1, 12, 13, 14, 16, 18, 19, 20]
    W4: [ 0, 10, 14, 15, 16, 17, 19, 21] = [ 2,  4,  6,  7,  9, 12, 13, 18]
    Truth table row=[<, <, >, =, =] ix=22 result=[8-] is correct

Test 8+:
    W0: [ 0,  4,  6,  8,  9, 10, 12, 15, 16] > [ 1,  2,  3,  5,  7, 11, 13, 14, 17]
    W1: [ 0,  4,  6,  8, 13, 14, 17, 18, 20] > [ 1,  2,  3,  5,  7, 15, 16, 19, 21]
    W2: [ 0,  7,  9, 10, 11, 15, 17, 18, 19, 21] < [ 1,  2,  3,  6,  8, 12, 13, 14, 16, 20]
    W3: [ 0,  3,  5,  6,  9, 11, 17, 21] = [ 1, 12, 13, 14, 16, 18, 19, 20]
    W4: [ 0, 10, 14, 15, 16, 17, 19, 21] = [ 2,  4,  6,  7,  9, 12, 13, 18]
    Truth table row=[>, >, <, =, =] ix=220 result=[8+] is correct

Test 9-:
    W0: [ 0,  4,  6,  8,  9, 10, 12, 15, 16] < [ 1,  2,  3,  5,  7, 11, 13, 14, 17]
    W1: [ 0,  4,  6,  8, 13, 14, 17, 18, 20] = [ 1,  2,  3,  5,  7, 15, 16, 19, 21]
    W2: [ 0,  7,  9, 10, 11, 15, 17, 18, 19, 21] < [ 1,  2,  3,  6,  8, 12, 13, 14, 16, 20]
    W3: [ 0,  3,  5,  6,  9, 11, 17, 21] < [ 1, 12, 13, 14, 16, 18, 19, 20]
    W4: [ 0, 10, 14, 15, 16, 17, 19, 21] > [ 2,  4,  6,  7,  9, 12, 13, 18]
    Truth table row=[<, =, <, <, >] ix=29 result=[9-] is correct

Test 9+:
    W0: [ 0,  4,  6,  8,  9, 10, 12, 15, 16] > [ 1,  2,  3,  5,  7, 11, 13, 14, 17]
    W1: [ 0,  4,  6,  8, 13, 14, 17, 18, 20] = [ 1,  2,  3,  5,  7, 15, 16, 19, 21]
    W2: [ 0,  7,  9, 10, 11, 15, 17, 18, 19, 21] > [ 1,  2,  3,  6,  8, 12, 13, 14, 16, 20]
    W3: [ 0,  3,  5,  6,  9, 11, 17, 21] > [ 1, 12, 13, 14, 16, 18, 19, 20]
    W4: [ 0, 10, 14, 15, 16, 17, 19, 21] < [ 2,  4,  6,  7,  9, 12, 13, 18]
    Truth table row=[>, =, >, >, <] ix=213 result=[9+] is correct

Test 10-:
    W0: [ 0,  4,  6,  8,  9, 10, 12, 15, 16] < [ 1,  2,  3,  5,  7, 11, 13, 14, 17]
    W1: [ 0,  4,  6,  8, 13, 14, 17, 18, 20] = [ 1,  2,  3,  5,  7, 15, 16, 19, 21]
    W2: [ 0,  7,  9, 10, 11, 15, 17, 18, 19, 21] < [ 1,  2,  3,  6,  8, 12, 13, 14, 16, 20]
    W3: [ 0,  3,  5,  6,  9, 11, 17, 21] = [ 1, 12, 13, 14, 16, 18, 19, 20]
    W4: [ 0, 10, 14, 15, 16, 17, 19, 21] < [ 2,  4,  6,  7,  9, 12, 13, 18]
    Truth table row=[<, =, <, =, <] ix=30 result=[10-] is correct

Test 10+:
    W0: [ 0,  4,  6,  8,  9, 10, 12, 15, 16] > [ 1,  2,  3,  5,  7, 11, 13, 14, 17]
    W1: [ 0,  4,  6,  8, 13, 14, 17, 18, 20] = [ 1,  2,  3,  5,  7, 15, 16, 19, 21]
    W2: [ 0,  7,  9, 10, 11, 15, 17, 18, 19, 21] > [ 1,  2,  3,  6,  8, 12, 13, 14, 16, 20]
    W3: [ 0,  3,  5,  6,  9, 11, 17, 21] = [ 1, 12, 13, 14, 16, 18, 19, 20]
    W4: [ 0, 10, 14, 15, 16, 17, 19, 21] > [ 2,  4,  6,  7,  9, 12, 13, 18]
    Truth table row=[>, =, >, =, >] ix=212 result=[10+] is correct

Test 11-:
    W0: [ 0,  4,  6,  8,  9, 10, 12, 15, 16] > [ 1,  2,  3,  5,  7, 11, 13, 14, 17]
    W1: [ 0,  4,  6,  8, 13, 14, 17, 18, 20] = [ 1,  2,  3,  5,  7, 15, 16, 19, 21]
    W2: [ 0,  7,  9, 10, 11, 15, 17, 18, 19, 21] < [ 1,  2,  3,  6,  8, 12, 13, 14, 16, 20]
    W3: [ 0,  3,  5,  6,  9, 11, 17, 21] < [ 1, 12, 13, 14, 16, 18, 19, 20]
    W4: [ 0, 10, 14, 15, 16, 17, 19, 21] = [ 2,  4,  6,  7,  9, 12, 13, 18]
    Truth table row=[>, =, <, <, =] ix=190 result=[11-] is correct

Test 11+:
    W0: [ 0,  4,  6,  8,  9, 10, 12, 15, 16] < [ 1,  2,  3,  5,  7, 11, 13, 14, 17]
    W1: [ 0,  4,  6,  8, 13, 14, 17, 18, 20] = [ 1,  2,  3,  5,  7, 15, 16, 19, 21]
    W2: [ 0,  7,  9, 10, 11, 15, 17, 18, 19, 21] > [ 1,  2,  3,  6,  8, 12, 13, 14, 16, 20]
    W3: [ 0,  3,  5,  6,  9, 11, 17, 21] > [ 1, 12, 13, 14, 16, 18, 19, 20]
    W4: [ 0, 10, 14, 15, 16, 17, 19, 21] = [ 2,  4,  6,  7,  9, 12, 13, 18]
    Truth table row=[<, =, >, >, =] ix=52 result=[11+] is correct

Test 12-:
    W0: [ 0,  4,  6,  8,  9, 10, 12, 15, 16] < [ 1,  2,  3,  5,  7, 11, 13, 14, 17]
    W1: [ 0,  4,  6,  8, 13, 14, 17, 18, 20] = [ 1,  2,  3,  5,  7, 15, 16, 19, 21]
    W2: [ 0,  7,  9, 10, 11, 15, 17, 18, 19, 21] > [ 1,  2,  3,  6,  8, 12, 13, 14, 16, 20]
    W3: [ 0,  3,  5,  6,  9, 11, 17, 21] > [ 1, 12, 13, 14, 16, 18, 19, 20]
    W4: [ 0, 10, 14, 15, 16, 17, 19, 21] > [ 2,  4,  6,  7,  9, 12, 13, 18]
    Truth table row=[<, =, >, >, >] ix=53 result=[12-] is correct

Test 12+:
    W0: [ 0,  4,  6,  8,  9, 10, 12, 15, 16] > [ 1,  2,  3,  5,  7, 11, 13, 14, 17]
    W1: [ 0,  4,  6,  8, 13, 14, 17, 18, 20] = [ 1,  2,  3,  5,  7, 15, 16, 19, 21]
    W2: [ 0,  7,  9, 10, 11, 15, 17, 18, 19, 21] < [ 1,  2,  3,  6,  8, 12, 13, 14, 16, 20]
    W3: [ 0,  3,  5,  6,  9, 11, 17, 21] < [ 1, 12, 13, 14, 16, 18, 19, 20]
    W4: [ 0, 10, 14, 15, 16, 17, 19, 21] < [ 2,  4,  6,  7,  9, 12, 13, 18]
    Truth table row=[>, =, <, <, <] ix=189 result=[12+] is correct

Test 13-:
    W0: [ 0,  4,  6,  8,  9, 10, 12, 15, 16] > [ 1,  2,  3,  5,  7, 11, 13, 14, 17]
    W1: [ 0,  4,  6,  8, 13, 14, 17, 18, 20] < [ 1,  2,  3,  5,  7, 15, 16, 19, 21]
    W2: [ 0,  7,  9, 10, 11, 15, 17, 18, 19, 21] > [ 1,  2,  3,  6,  8, 12, 13, 14, 16, 20]
    W3: [ 0,  3,  5,  6,  9, 11, 17, 21] > [ 1, 12, 13, 14, 16, 18, 19, 20]
    W4: [ 0, 10, 14, 15, 16, 17, 19, 21] > [ 2,  4,  6,  7,  9, 12, 13, 18]
    Truth table row=[>, <, >, >, >] ix=188 result=[13-] is correct

Test 13+:
    W0: [ 0,  4,  6,  8,  9, 10, 12, 15, 16] < [ 1,  2,  3,  5,  7, 11, 13, 14, 17]
    W1: [ 0,  4,  6,  8, 13, 14, 17, 18, 20] > [ 1,  2,  3,  5,  7, 15, 16, 19, 21]
    W2: [ 0,  7,  9, 10, 11, 15, 17, 18, 19, 21] < [ 1,  2,  3,  6,  8, 12, 13, 14, 16, 20]
    W3: [ 0,  3,  5,  6,  9, 11, 17, 21] < [ 1, 12, 13, 14, 16, 18, 19, 20]
    W4: [ 0, 10, 14, 15, 16, 17, 19, 21] < [ 2,  4,  6,  7,  9, 12, 13, 18]
    Truth table row=[<, >, <, <, <] ix=54 result=[13+] is correct

Test 14-:
    W0: [ 0,  4,  6,  8,  9, 10, 12, 15, 16] > [ 1,  2,  3,  5,  7, 11, 13, 14, 17]
    W1: [ 0,  4,  6,  8, 13, 14, 17, 18, 20] < [ 1,  2,  3,  5,  7, 15, 16, 19, 21]
    W2: [ 0,  7,  9, 10, 11, 15, 17, 18, 19, 21] > [ 1,  2,  3,  6,  8, 12, 13, 14, 16, 20]
    W3: [ 0,  3,  5,  6,  9, 11, 17, 21] > [ 1, 12, 13, 14, 16, 18, 19, 20]
    W4: [ 0, 10, 14, 15, 16, 17, 19, 21] < [ 2,  4,  6,  7,  9, 12, 13, 18]
    Truth table row=[>, <, >, >, <] ix=186 result=[14-] is correct

Test 14+:
    W0: [ 0,  4,  6,  8,  9, 10, 12, 15, 16] < [ 1,  2,  3,  5,  7, 11, 13, 14, 17]
    W1: [ 0,  4,  6,  8, 13, 14, 17, 18, 20] > [ 1,  2,  3,  5,  7, 15, 16, 19, 21]
    W2: [ 0,  7,  9, 10, 11, 15, 17, 18, 19, 21] < [ 1,  2,  3,  6,  8, 12, 13, 14, 16, 20]
    W3: [ 0,  3,  5,  6,  9, 11, 17, 21] < [ 1, 12, 13, 14, 16, 18, 19, 20]
    W4: [ 0, 10, 14, 15, 16, 17, 19, 21] > [ 2,  4,  6,  7,  9, 12, 13, 18]
    Truth table row=[<, >, <, <, >] ix=56 result=[14+] is correct

Test 15-:
    W0: [ 0,  4,  6,  8,  9, 10, 12, 15, 16] < [ 1,  2,  3,  5,  7, 11, 13, 14, 17]
    W1: [ 0,  4,  6,  8, 13, 14, 17, 18, 20] > [ 1,  2,  3,  5,  7, 15, 16, 19, 21]
    W2: [ 0,  7,  9, 10, 11, 15, 17, 18, 19, 21] < [ 1,  2,  3,  6,  8, 12, 13, 14, 16, 20]
    W3: [ 0,  3,  5,  6,  9, 11, 17, 21] = [ 1, 12, 13, 14, 16, 18, 19, 20]
    W4: [ 0, 10, 14, 15, 16, 17, 19, 21] < [ 2,  4,  6,  7,  9, 12, 13, 18]
    Truth table row=[<, >, <, =, <] ix=57 result=[15-] is correct

Test 15+:
    W0: [ 0,  4,  6,  8,  9, 10, 12, 15, 16] > [ 1,  2,  3,  5,  7, 11, 13, 14, 17]
    W1: [ 0,  4,  6,  8, 13, 14, 17, 18, 20] < [ 1,  2,  3,  5,  7, 15, 16, 19, 21]
    W2: [ 0,  7,  9, 10, 11, 15, 17, 18, 19, 21] > [ 1,  2,  3,  6,  8, 12, 13, 14, 16, 20]
    W3: [ 0,  3,  5,  6,  9, 11, 17, 21] = [ 1, 12, 13, 14, 16, 18, 19, 20]
    W4: [ 0, 10, 14, 15, 16, 17, 19, 21] > [ 2,  4,  6,  7,  9, 12, 13, 18]
    Truth table row=[>, <, >, =, >] ix=185 result=[15+] is correct

Test 16-:
    W0: [ 0,  4,  6,  8,  9, 10, 12, 15, 16] < [ 1,  2,  3,  5,  7, 11, 13, 14, 17]
    W1: [ 0,  4,  6,  8, 13, 14, 17, 18, 20] > [ 1,  2,  3,  5,  7, 15, 16, 19, 21]
    W2: [ 0,  7,  9, 10, 11, 15, 17, 18, 19, 21] > [ 1,  2,  3,  6,  8, 12, 13, 14, 16, 20]
    W3: [ 0,  3,  5,  6,  9, 11, 17, 21] > [ 1, 12, 13, 14, 16, 18, 19, 20]
    W4: [ 0, 10, 14, 15, 16, 17, 19, 21] < [ 2,  4,  6,  7,  9, 12, 13, 18]
    Truth table row=[<, >, >, >, <] ix=78 result=[16-] is correct

Test 16+:
    W0: [ 0,  4,  6,  8,  9, 10, 12, 15, 16] > [ 1,  2,  3,  5,  7, 11, 13, 14, 17]
    W1: [ 0,  4,  6,  8, 13, 14, 17, 18, 20] < [ 1,  2,  3,  5,  7, 15, 16, 19, 21]
    W2: [ 0,  7,  9, 10, 11, 15, 17, 18, 19, 21] < [ 1,  2,  3,  6,  8, 12, 13, 14, 16, 20]
    W3: [ 0,  3,  5,  6,  9, 11, 17, 21] < [ 1, 12, 13, 14, 16, 18, 19, 20]
    W4: [ 0, 10, 14, 15, 16, 17, 19, 21] > [ 2,  4,  6,  7,  9, 12, 13, 18]
    Truth table row=[>, <, <, <, >] ix=164 result=[16+] is correct

Test 17-:
    W0: [ 0,  4,  6,  8,  9, 10, 12, 15, 16] > [ 1,  2,  3,  5,  7, 11, 13, 14, 17]
    W1: [ 0,  4,  6,  8, 13, 14, 17, 18, 20] < [ 1,  2,  3,  5,  7, 15, 16, 19, 21]
    W2: [ 0,  7,  9, 10, 11, 15, 17, 18, 19, 21] < [ 1,  2,  3,  6,  8, 12, 13, 14, 16, 20]
    W3: [ 0,  3,  5,  6,  9, 11, 17, 21] < [ 1, 12, 13, 14, 16, 18, 19, 20]
    W4: [ 0, 10, 14, 15, 16, 17, 19, 21] < [ 2,  4,  6,  7,  9, 12, 13, 18]
    Truth table row=[>, <, <, <, <] ix=162 result=[17-] is correct

Test 17+:
    W0: [ 0,  4,  6,  8,  9, 10, 12, 15, 16] < [ 1,  2,  3,  5,  7, 11, 13, 14, 17]
    W1: [ 0,  4,  6,  8, 13, 14, 17, 18, 20] > [ 1,  2,  3,  5,  7, 15, 16, 19, 21]
    W2: [ 0,  7,  9, 10, 11, 15, 17, 18, 19, 21] > [ 1,  2,  3,  6,  8, 12, 13, 14, 16, 20]
    W3: [ 0,  3,  5,  6,  9, 11, 17, 21] > [ 1, 12, 13, 14, 16, 18, 19, 20]
    W4: [ 0, 10, 14, 15, 16, 17, 19, 21] > [ 2,  4,  6,  7,  9, 12, 13, 18]
    Truth table row=[<, >, >, >, >] ix=80 result=[17+] is correct

Test 18-:
    W0: [ 0,  4,  6,  8,  9, 10, 12, 15, 16] = [ 1,  2,  3,  5,  7, 11, 13, 14, 17]
    W1: [ 0,  4,  6,  8, 13, 14, 17, 18, 20] < [ 1,  2,  3,  5,  7, 15, 16, 19, 21]
    W2: [ 0,  7,  9, 10, 11, 15, 17, 18, 19, 21] < [ 1,  2,  3,  6,  8, 12, 13, 14, 16, 20]
    W3: [ 0,  3,  5,  6,  9, 11, 17, 21] > [ 1, 12, 13, 14, 16, 18, 19, 20]
    W4: [ 0, 10, 14, 15, 16, 17, 19, 21] > [ 2,  4,  6,  7,  9, 12, 13, 18]
    Truth table row=[=, <, <, >, >] ix=89 result=[18-] is correct

Test 18+:
    W0: [ 0,  4,  6,  8,  9, 10, 12, 15, 16] = [ 1,  2,  3,  5,  7, 11, 13, 14, 17]
    W1: [ 0,  4,  6,  8, 13, 14, 17, 18, 20] > [ 1,  2,  3,  5,  7, 15, 16, 19, 21]
    W2: [ 0,  7,  9, 10, 11, 15, 17, 18, 19, 21] > [ 1,  2,  3,  6,  8, 12, 13, 14, 16, 20]
    W3: [ 0,  3,  5,  6,  9, 11, 17, 21] < [ 1, 12, 13, 14, 16, 18, 19, 20]
    W4: [ 0, 10, 14, 15, 16, 17, 19, 21] < [ 2,  4,  6,  7,  9, 12, 13, 18]
    Truth table row=[=, >, >, <, <] ix=153 result=[18+] is correct

Test 19-:
    W0: [ 0,  4,  6,  8,  9, 10, 12, 15, 16] = [ 1,  2,  3,  5,  7, 11, 13, 14, 17]
    W1: [ 0,  4,  6,  8, 13, 14, 17, 18, 20] > [ 1,  2,  3,  5,  7, 15, 16, 19, 21]
    W2: [ 0,  7,  9, 10, 11, 15, 17, 18, 19, 21] < [ 1,  2,  3,  6,  8, 12, 13, 14, 16, 20]
    W3: [ 0,  3,  5,  6,  9, 11, 17, 21] > [ 1, 12, 13, 14, 16, 18, 19, 20]
    W4: [ 0, 10, 14, 15, 16, 17, 19, 21] < [ 2,  4,  6,  7,  9, 12, 13, 18]
    Truth table row=[=, >, <, >, <] ix=141 result=[19-] is correct

Test 19+:
    W0: [ 0,  4,  6,  8,  9, 10, 12, 15, 16] = [ 1,  2,  3,  5,  7, 11, 13, 14, 17]
    W1: [ 0,  4,  6,  8, 13, 14, 17, 18, 20] < [ 1,  2,  3,  5,  7, 15, 16, 19, 21]
    W2: [ 0,  7,  9, 10, 11, 15, 17, 18, 19, 21] > [ 1,  2,  3,  6,  8, 12, 13, 14, 16, 20]
    W3: [ 0,  3,  5,  6,  9, 11, 17, 21] < [ 1, 12, 13, 14, 16, 18, 19, 20]
    W4: [ 0, 10, 14, 15, 16, 17, 19, 21] > [ 2,  4,  6,  7,  9, 12, 13, 18]
    Truth table row=[=, <, >, <, >] ix=101 result=[19+] is correct

Test 20-:
    W0: [ 0,  4,  6,  8,  9, 10, 12, 15, 16] = [ 1,  2,  3,  5,  7, 11, 13, 14, 17]
    W1: [ 0,  4,  6,  8, 13, 14, 17, 18, 20] < [ 1,  2,  3,  5,  7, 15, 16, 19, 21]
    W2: [ 0,  7,  9, 10, 11, 15, 17, 18, 19, 21] > [ 1,  2,  3,  6,  8, 12, 13, 14, 16, 20]
    W3: [ 0,  3,  5,  6,  9, 11, 17, 21] > [ 1, 12, 13, 14, 16, 18, 19, 20]
    W4: [ 0, 10, 14, 15, 16, 17, 19, 21] = [ 2,  4,  6,  7,  9, 12, 13, 18]
    Truth table row=[=, <, >, >, =] ix=106 result=[20-] is correct

Test 20+:
    W0: [ 0,  4,  6,  8,  9, 10, 12, 15, 16] = [ 1,  2,  3,  5,  7, 11, 13, 14, 17]
    W1: [ 0,  4,  6,  8, 13, 14, 17, 18, 20] > [ 1,  2,  3,  5,  7, 15, 16, 19, 21]
    W2: [ 0,  7,  9, 10, 11, 15, 17, 18, 19, 21] < [ 1,  2,  3,  6,  8, 12, 13, 14, 16, 20]
    W3: [ 0,  3,  5,  6,  9, 11, 17, 21] < [ 1, 12, 13, 14, 16, 18, 19, 20]
    W4: [ 0, 10, 14, 15, 16, 17, 19, 21] = [ 2,  4,  6,  7,  9, 12, 13, 18]
    Truth table row=[=, >, <, <, =] ix=136 result=[20+] is correct

Test 21-:
    W0: [ 0,  4,  6,  8,  9, 10, 12, 15, 16] = [ 1,  2,  3,  5,  7, 11, 13, 14, 17]
    W1: [ 0,  4,  6,  8, 13, 14, 17, 18, 20] > [ 1,  2,  3,  5,  7, 15, 16, 19, 21]
    W2: [ 0,  7,  9, 10, 11, 15, 17, 18, 19, 21] < [ 1,  2,  3,  6,  8, 12, 13, 14, 16, 20]
    W3: [ 0,  3,  5,  6,  9, 11, 17, 21] < [ 1, 12, 13, 14, 16, 18, 19, 20]
    W4: [ 0, 10, 14, 15, 16, 17, 19, 21] < [ 2,  4,  6,  7,  9, 12, 13, 18]
    Truth table row=[=, >, <, <, <] ix=135 result=[21-] is correct

Test 21+:
    W0: [ 0,  4,  6,  8,  9, 10, 12, 15, 16] = [ 1,  2,  3,  5,  7, 11, 13, 14, 17]
    W1: [ 0,  4,  6,  8, 13, 14, 17, 18, 20] < [ 1,  2,  3,  5,  7, 15, 16, 19, 21]
    W2: [ 0,  7,  9, 10, 11, 15, 17, 18, 19, 21] > [ 1,  2,  3,  6,  8, 12, 13, 14, 16, 20]
    W3: [ 0,  3,  5,  6,  9, 11, 17, 21] > [ 1, 12, 13, 14, 16, 18, 19, 20]
    W4: [ 0, 10, 14, 15, 16, 17, 19, 21] > [ 2,  4,  6,  7,  9, 12, 13, 18]
    Truth table row=[=, <, >, >, >] ix=107 result=[21+] is correct

Total correct results: 44
Total incorrect results: 0
