Solving for 50 balls and 5 weighings.
Using symmetry breaking strategy TruthTableAscending.

Solution:
W0: [ 0,  1,  2,  4,  5,  7,  8, 11, 12, 18, 21, 24, 26, 29, 30, 31, 33, 34] <=> [ 3,  6,  9, 10, 13, 14, 15, 16, 17, 19, 20, 22, 23, 25, 27, 28, 32, 35]
W1: [ 0,  1,  2,  4,  5,  7,  8, 11, 12, 22, 23, 25, 27, 28, 32, 35, 40, 42, 43, 45, 47] <=> [ 3,  6,  9, 10, 13, 21, 24, 26, 29, 30, 31, 33, 34, 36, 37, 38, 39, 41, 44, 46, 48]
W2: [ 0,  1,  2,  4,  9, 10, 13, 16, 17, 19, 20, 21, 24, 26, 32, 35, 44, 46, 48] <=> [ 3, 11, 12, 14, 15, 18, 22, 23, 25, 27, 33, 34, 36, 37, 38, 39, 45, 47, 49]
W3: [ 0,  1,  3,  5, 13, 15, 19, 20, 21, 27, 29, 35, 40, 46, 48, 49] <=> [ 4,  7,  8, 11, 12, 16, 22, 23, 28, 31, 32, 36, 37, 41, 43, 47]
W4: [ 0,  5,  6, 10, 11, 13, 14, 15, 21, 23, 24, 35, 40, 41, 43, 48] <=> [ 3,  4,  8,  9, 16, 18, 19, 26, 29, 32, 34, 36, 38, 45, 46, 49]

Truth Table:
ix  W0  W1  W2  W3  W4   Result
 0   <   <   <   <   <   0-
 1   <   <   <   <   =   1-
 2   <   <   <   <   >
 3   <   <   <   =   <
 4   <   <   <   =   =   2-
 5   <   <   <   =   >
 6   <   <   <   >   <   3+
 7   <   <   <   >   =
 8   <   <   <   >   >   4-
 9   <   <   =   <   <   5-
10   <   <   =   <   =
11   <   <   =   <   >
12   <   <   =   =   <
13   <   <   =   =   =
14   <   <   =   =   >   6+
15   <   <   =   >   <
16   <   <   =   >   =   7-
17   <   <   =   >   >   8-
18   <   <   >   <   <
19   <   <   >   <   =
20   <   <   >   <   >
21   <   <   >   =   <   9+
22   <   <   >   =   =
23   <   <   >   =   >   10+
24   <   <   >   >   <   11-
25   <   <   >   >   =   12-
26   <   <   >   >   >   13+
27   <   =   <   <   <
28   <   =   <   <   =
29   <   =   <   <   >
30   <   =   <   =   <
31   <   =   <   =   =
32   <   =   <   =   >   14+
33   <   =   <   >   <
34   <   =   <   >   =
35   <   =   <   >   >   15+
36   <   =   =   <   <
37   <   =   =   <   =
38   <   =   =   <   >
39   <   =   =   =   <
40   <   =   =   =   =
41   <   =   =   =   >
42   <   =   =   >   <
43   <   =   =   >   =
44   <   =   =   >   >
45   <   =   >   <   <   16+
46   <   =   >   <   =
47   <   =   >   <   >
48   <   =   >   =   <
49   <   =   >   =   =   17+
50   <   =   >   =   >   18-
51   <   =   >   >   <   19+
52   <   =   >   >   =   20+
53   <   =   >   >   >
54   <   >   <   <   <   21-
55   <   >   <   <   =   22+
56   <   >   <   <   >   23+
57   <   >   <   =   <   24-
58   <   >   <   =   =   25+
59   <   >   <   =   >   26-
60   <   >   <   >   <
61   <   >   <   >   =   27+
62   <   >   <   >   >
63   <   >   =   <   <
64   <   >   =   <   =   28+
65   <   >   =   <   >   29-
66   <   >   =   =   <
67   <   >   =   =   =   30-
68   <   >   =   =   >
69   <   >   =   >   <
70   <   >   =   >   =   31-
71   <   >   =   >   >
72   <   >   >   <   <   32+
73   <   >   >   <   =
74   <   >   >   <   >
75   <   >   >   =   <
76   <   >   >   =   =   33-
77   <   >   >   =   >   34-
78   <   >   >   >   <
79   <   >   >   >   =
80   <   >   >   >   >   35+
81   =   <   <   <   <   36+
82   =   <   <   <   =   37+
83   =   <   <   <   >
84   =   <   <   =   <   38+
85   =   <   <   =   =   39+
86   =   <   <   =   >
87   =   <   <   >   <
88   =   <   <   >   =
89   =   <   <   >   >
90   =   <   =   <   <   40-
91   =   <   =   <   =
92   =   <   =   <   >   41+
93   =   <   =   =   <
94   =   <   =   =   =   42-
95   =   <   =   =   >
96   =   <   =   >   <   43-
97   =   <   =   >   =
98   =   <   =   >   >
99   =   <   >   <   <
100   =   <   >   <   =
101   =   <   >   <   >
102   =   <   >   =   <
103   =   <   >   =   =   44+
104   =   <   >   =   >   45-
105   =   <   >   >   <   46+
106   =   <   >   >   =   47-
107   =   <   >   >   >   48+
108   =   =   <   <   <
109   =   =   <   <   =
110   =   =   <   <   >
111   =   =   <   =   <
112   =   =   <   =   =
113   =   =   <   =   >
114   =   =   <   >   <   49+
115   =   =   <   >   =
116   =   =   <   >   >
117   =   =   =   <   <
118   =   =   =   <   =
119   =   =   =   <   >
120   =   =   =   =   <
121   =   =   =   =   =
122   =   =   =   =   >
123   =   =   =   >   <
124   =   =   =   >   =
125   =   =   =   >   >
126   =   =   >   <   <
127   =   =   >   <   =
128   =   =   >   <   >   49-
129   =   =   >   =   <
130   =   =   >   =   =
131   =   =   >   =   >
132   =   =   >   >   <
133   =   =   >   >   =
134   =   =   >   >   >
135   =   >   <   <   <   48-
136   =   >   <   <   =   47+
137   =   >   <   <   >   46-
138   =   >   <   =   <   45+
139   =   >   <   =   =   44-
140   =   >   <   =   >
141   =   >   <   >   <
142   =   >   <   >   =
143   =   >   <   >   >
144   =   >   =   <   <
145   =   >   =   <   =
146   =   >   =   <   >   43+
147   =   >   =   =   <
148   =   >   =   =   =   42+
149   =   >   =   =   >
150   =   >   =   >   <   41-
151   =   >   =   >   =
152   =   >   =   >   >   40+
153   =   >   >   <   <
154   =   >   >   <   =
155   =   >   >   <   >
156   =   >   >   =   <
157   =   >   >   =   =   39-
158   =   >   >   =   >   38-
159   =   >   >   >   <
160   =   >   >   >   =   37-
161   =   >   >   >   >   36-
162   >   <   <   <   <   35-
163   >   <   <   <   =
164   >   <   <   <   >
165   >   <   <   =   <   34+
166   >   <   <   =   =   33+
167   >   <   <   =   >
168   >   <   <   >   <
169   >   <   <   >   =
170   >   <   <   >   >   32-
171   >   <   =   <   <
172   >   <   =   <   =   31+
173   >   <   =   <   >
174   >   <   =   =   <
175   >   <   =   =   =   30+
176   >   <   =   =   >
177   >   <   =   >   <   29+
178   >   <   =   >   =   28-
179   >   <   =   >   >
180   >   <   >   <   <
181   >   <   >   <   =   27-
182   >   <   >   <   >
183   >   <   >   =   <   26+
184   >   <   >   =   =   25-
185   >   <   >   =   >   24+
186   >   <   >   >   <   23-
187   >   <   >   >   =   22-
188   >   <   >   >   >   21+
189   >   =   <   <   <
190   >   =   <   <   =   20-
191   >   =   <   <   >   19-
192   >   =   <   =   <   18+
193   >   =   <   =   =   17-
194   >   =   <   =   >
195   >   =   <   >   <
196   >   =   <   >   =
197   >   =   <   >   >   16-
198   >   =   =   <   <
199   >   =   =   <   =
200   >   =   =   <   >
201   >   =   =   =   <
202   >   =   =   =   =
203   >   =   =   =   >
204   >   =   =   >   <
205   >   =   =   >   =
206   >   =   =   >   >
207   >   =   >   <   <   15-
208   >   =   >   <   =
209   >   =   >   <   >
210   >   =   >   =   <   14-
211   >   =   >   =   =
212   >   =   >   =   >
213   >   =   >   >   <
214   >   =   >   >   =
215   >   =   >   >   >
216   >   >   <   <   <   13-
217   >   >   <   <   =   12+
218   >   >   <   <   >   11+
219   >   >   <   =   <   10-
220   >   >   <   =   =
221   >   >   <   =   >   9-
222   >   >   <   >   <
223   >   >   <   >   =
224   >   >   <   >   >
225   >   >   =   <   <   8+
226   >   >   =   <   =   7+
227   >   >   =   <   >
228   >   >   =   =   <   6-
229   >   >   =   =   =
230   >   >   =   =   >
231   >   >   =   >   <
232   >   >   =   >   =
233   >   >   =   >   >   5+
234   >   >   >   <   <   4+
235   >   >   >   <   =
236   >   >   >   <   >   3-
237   >   >   >   =   <
238   >   >   >   =   =   2+
239   >   >   >   =   >
240   >   >   >   >   <
241   >   >   >   >   =   1+
242   >   >   >   >   >   0+

Test 0-:
    W0: [ 0,  1,  2,  4,  5,  7,  8, 11, 12, 18, 21, 24, 26, 29, 30, 31, 33, 34] < [ 3,  6,  9, 10, 13, 14, 15, 16, 17, 19, 20, 22, 23, 25, 27, 28, 32, 35]
    W1: [ 0,  1,  2,  4,  5,  7,  8, 11, 12, 22, 23, 25, 27, 28, 32, 35, 40, 42, 43, 45, 47] < [ 3,  6,  9, 10, 13, 21, 24, 26, 29, 30, 31, 33, 34, 36, 37, 38, 39, 41, 44, 46, 48]
    W2: [ 0,  1,  2,  4,  9, 10, 13, 16, 17, 19, 20, 21, 24, 26, 32, 35, 44, 46, 48] < [ 3, 11, 12, 14, 15, 18, 22, 23, 25, 27, 33, 34, 36, 37, 38, 39, 45, 47, 49]
    W3: [ 0,  1,  3,  5, 13, 15, 19, 20, 21, 27, 29, 35, 40, 46, 48, 49] < [ 4,  7,  8, 11, 12, 16, 22, 23, 28, 31, 32, 36, 37, 41, 43, 47]
    W4: [ 0,  5,  6, 10, 11, 13, 14, 15, 21, 23, 24, 35, 40, 41, 43, 48] < [ 3,  4,  8,  9, 16, 18, 19, 26, 29, 32, 34, 36, 38, 45, 46, 49]
    Truth table row=[<, <, <, <, <] ix=0 result=[0-] is correct

Test 0+:
    W0: [ 0,  1,  2,  4,  5,  7,  8, 11, 12, 18, 21, 24, 26, 29, 30, 31, 33, 34] > [ 3,  6,  9, 10, 13, 14, 15, 16, 17, 19, 20, 22, 23, 25, 27, 28, 32, 35]
    W1: [ 0,  1,  2,  4,  5,  7,  8, 11, 12, 22, 23, 25, 27, 28, 32, 35, 40, 42, 43, 45, 47] > [ 3,  6,  9, 10, 13, 21, 24, 26, 29, 30, 31, 33, 34, 36, 37, 38, 39, 41, 44, 46, 48]
    W2: [ 0,  1,  2,  4,  9, 10, 13, 16, 17, 19, 20, 21, 24, 26, 32, 35, 44, 46, 48] > [ 3, 11, 12, 14, 15, 18, 22, 23, 25, 27, 33, 34, 36, 37, 38, 39, 45, 47, 49]
    W3: [ 0,  1,  3,  5, 13, 15, 19, 20, 21, 27, 29, 35, 40, 46, 48, 49] > [ 4,  7,  8, 11, 12, 16, 22, 23, 28, 31, 32, 36, 37, 41, 43, 47]
    W4: [ 0,  5,  6, 10, 11, 13, 14, 15, 21, 23, 24, 35, 40, 41, 43, 48] > [ 3,  4,  8,  9, 16, 18, 19, 26, 29, 32, 34, 36, 38, 45, 46, 49]
    Truth table row=[>, >, >, >, >] ix=242 result=[0+] is correct

Test 1-:
    W0: [ 0,  1,  2,  4,  5,  7,  8, 11, 12, 18, 21, 24, 26, 29, 30, 31, 33, 34] < [ 3,  6,  9, 10, 13, 14, 15, 16, 17, 19, 20, 22, 23, 25, 27, 28, 32, 35]
    W1: [ 0,  1,  2,  4,  5,  7,  8, 11, 12, 22, 23, 25, 27, 28, 32, 35, 40, 42, 43, 45, 47] < [ 3,  6,  9, 10, 13, 21, 24, 26, 29, 30, 31, 33, 34, 36, 37, 38, 39, 41, 44, 46, 48]
    W2: [ 0,  1,  2,  4,  9, 10, 13, 16, 17, 19, 20, 21, 24, 26, 32, 35, 44, 46, 48] < [ 3, 11, 12, 14, 15, 18, 22, 23, 25, 27, 33, 34, 36, 37, 38, 39, 45, 47, 49]
    W3: [ 0,  1,  3,  5, 13, 15, 19, 20, 21, 27, 29, 35, 40, 46, 48, 49] < [ 4,  7,  8, 11, 12, 16, 22, 23, 28, 31, 32, 36, 37, 41, 43, 47]
    W4: [ 0,  5,  6, 10, 11, 13, 14, 15, 21, 23, 24, 35, 40, 41, 43, 48] = [ 3,  4,  8,  9, 16, 18, 19, 26, 29, 32, 34, 36, 38, 45, 46, 49]
    Truth table row=[<, <, <, <, =] ix=1 result=[1-] is correct

Test 1+:
    W0: [ 0,  1,  2,  4,  5,  7,  8, 11, 12, 18, 21, 24, 26, 29, 30, 31, 33, 34] > [ 3,  6,  9, 10, 13, 14, 15, 16, 17, 19, 20, 22, 23, 25, 27, 28, 32, 35]
    W1: [ 0,  1,  2,  4,  5,  7,  8, 11, 12, 22, 23, 25, 27, 28, 32, 35, 40, 42, 43, 45, 47] > [ 3,  6,  9, 10, 13, 21, 24, 26, 29, 30, 31, 33, 34, 36, 37, 38, 39, 41, 44, 46, 48]
    W2: [ 0,  1,  2,  4,  9, 10, 13, 16, 17, 19, 20, 21, 24, 26, 32, 35, 44, 46, 48] > [ 3, 11, 12, 14, 15, 18, 22, 23, 25, 27, 33, 34, 36, 37, 38, 39, 45, 47, 49]
    W3: [ 0,  1,  3,  5, 13, 15, 19, 20, 21, 27, 29, 35, 40, 46, 48, 49] > [ 4,  7,  8, 11, 12, 16, 22, 23, 28, 31, 32, 36, 37, 41, 43, 47]
    W4: [ 0,  5,  6, 10, 11, 13, 14, 15, 21, 23, 24, 35, 40, 41, 43, 48] = [ 3,  4,  8,  9, 16, 18, 19, 26, 29, 32, 34, 36, 38, 45, 46, 49]
    Truth table row=[>, >, >, >, =] ix=241 result=[1+] is correct

Test 2-:
    W0: [ 0,  1,  2,  4,  5,  7,  8, 11, 12, 18, 21, 24, 26, 29, 30, 31, 33, 34] < [ 3,  6,  9, 10, 13, 14, 15, 16, 17, 19, 20, 22, 23, 25, 27, 28, 32, 35]
    W1: [ 0,  1,  2,  4,  5,  7,  8, 11, 12, 22, 23, 25, 27, 28, 32, 35, 40, 42, 43, 45, 47] < [ 3,  6,  9, 10, 13, 21, 24, 26, 29, 30, 31, 33, 34, 36, 37, 38, 39, 41, 44, 46, 48]
    W2: [ 0,  1,  2,  4,  9, 10, 13, 16, 17, 19, 20, 21, 24, 26, 32, 35, 44, 46, 48] < [ 3, 11, 12, 14, 15, 18, 22, 23, 25, 27, 33, 34, 36, 37, 38, 39, 45, 47, 49]
    W3: [ 0,  1,  3,  5, 13, 15, 19, 20, 21, 27, 29, 35, 40, 46, 48, 49] = [ 4,  7,  8, 11, 12, 16, 22, 23, 28, 31, 32, 36, 37, 41, 43, 47]
    W4: [ 0,  5,  6, 10, 11, 13, 14, 15, 21, 23, 24, 35, 40, 41, 43, 48] = [ 3,  4,  8,  9, 16, 18, 19, 26, 29, 32, 34, 36, 38, 45, 46, 49]
    Truth table row=[<, <, <, =, =] ix=4 result=[2-] is correct

Test 2+:
    W0: [ 0,  1,  2,  4,  5,  7,  8, 11, 12, 18, 21, 24, 26, 29, 30, 31, 33, 34] > [ 3,  6,  9, 10, 13, 14, 15, 16, 17, 19, 20, 22, 23, 25, 27, 28, 32, 35]
    W1: [ 0,  1,  2,  4,  5,  7,  8, 11, 12, 22, 23, 25, 27, 28, 32, 35, 40, 42, 43, 45, 47] > [ 3,  6,  9, 10, 13, 21, 24, 26, 29, 30, 31, 33, 34, 36, 37, 38, 39, 41, 44, 46, 48]
    W2: [ 0,  1,  2,  4,  9, 10, 13, 16, 17, 19, 20, 21, 24, 26, 32, 35, 44, 46, 48] > [ 3, 11, 12, 14, 15, 18, 22, 23, 25, 27, 33, 34, 36, 37, 38, 39, 45, 47, 49]
    W3: [ 0,  1,  3,  5, 13, 15, 19, 20, 21, 27, 29, 35, 40, 46, 48, 49] = [ 4,  7,  8, 11, 12, 16, 22, 23, 28, 31, 32, 36, 37, 41, 43, 47]
    W4: [ 0,  5,  6, 10, 11, 13, 14, 15, 21, 23, 24, 35, 40, 41, 43, 48] = [ 3,  4,  8,  9, 16, 18, 19, 26, 29, 32, 34, 36, 38, 45, 46, 49]
    Truth table row=[>, >, >, =, =] ix=238 result=[2+] is correct

Test 3-:
    W0: [ 0,  1,  2,  4,  5,  7,  8, 11, 12, 18, 21, 24, 26, 29, 30, 31, 33, 34] > [ 3,  6,  9, 10, 13, 14, 15, 16, 17, 19, 20, 22, 23, 25, 27, 28, 32, 35]
    W1: [ 0,  1,  2,  4,  5,  7,  8, 11, 12, 22, 23, 25, 27, 28, 32, 35, 40, 42, 43, 45, 47] > [ 3,  6,  9, 10, 13, 21, 24, 26, 29, 30, 31, 33, 34, 36, 37, 38, 39, 41, 44, 46, 48]
    W2: [ 0,  1,  2,  4,  9, 10, 13, 16, 17, 19, 20, 21, 24, 26, 32, 35, 44, 46, 48] > [ 3, 11, 12, 14, 15, 18, 22, 23, 25, 27, 33, 34, 36, 37, 38, 39, 45, 47, 49]
    W3: [ 0,  1,  3,  5, 13, 15, 19, 20, 21, 27, 29, 35, 40, 46, 48, 49] < [ 4,  7,  8, 11, 12, 16, 22, 23, 28, 31, 32, 36, 37, 41, 43, 47]
    W4: [ 0,  5,  6, 10, 11, 13, 14, 15, 21, 23, 24, 35, 40, 41, 43, 48] > [ 3,  4,  8,  9, 16, 18, 19, 26, 29, 32, 34, 36, 38, 45, 46, 49]
    Truth table row=[>, >, >, <, >] ix=236 result=[3-] is correct

Test 3+:
    W0: [ 0,  1,  2,  4,  5,  7,  8, 11, 12, 18, 21, 24, 26, 29, 30, 31, 33, 34] < [ 3,  6,  9, 10, 13, 14, 15, 16, 17, 19, 20, 22, 23, 25, 27, 28, 32, 35]
    W1: [ 0,  1,  2,  4,  5,  7,  8, 11, 12, 22, 23, 25, 27, 28, 32, 35, 40, 42, 43, 45, 47] < [ 3,  6,  9, 10, 13, 21, 24, 26, 29, 30, 31, 33, 34, 36, 37, 38, 39, 41, 44, 46, 48]
    W2: [ 0,  1,  2,  4,  9, 10, 13, 16, 17, 19, 20, 21, 24, 26, 32, 35, 44, 46, 48] < [ 3, 11, 12, 14, 15, 18, 22, 23, 25, 27, 33, 34, 36, 37, 38, 39, 45, 47, 49]
    W3: [ 0,  1,  3,  5, 13, 15, 19, 20, 21, 27, 29, 35, 40, 46, 48, 49] > [ 4,  7,  8, 11, 12, 16, 22, 23, 28, 31, 32, 36, 37, 41, 43, 47]
    W4: [ 0,  5,  6, 10, 11, 13, 14, 15, 21, 23, 24, 35, 40, 41, 43, 48] < [ 3,  4,  8,  9, 16, 18, 19, 26, 29, 32, 34, 36, 38, 45, 46, 49]
    Truth table row=[<, <, <, >, <] ix=6 result=[3+] is correct

Test 4-:
    W0: [ 0,  1,  2,  4,  5,  7,  8, 11, 12, 18, 21, 24, 26, 29, 30, 31, 33, 34] < [ 3,  6,  9, 10, 13, 14, 15, 16, 17, 19, 20, 22, 23, 25, 27, 28, 32, 35]
    W1: [ 0,  1,  2,  4,  5,  7,  8, 11, 12, 22, 23, 25, 27, 28, 32, 35, 40, 42, 43, 45, 47] < [ 3,  6,  9, 10, 13, 21, 24, 26, 29, 30, 31, 33, 34, 36, 37, 38, 39, 41, 44, 46, 48]
    W2: [ 0,  1,  2,  4,  9, 10, 13, 16, 17, 19, 20, 21, 24, 26, 32, 35, 44, 46, 48] < [ 3, 11, 12, 14, 15, 18, 22, 23, 25, 27, 33, 34, 36, 37, 38, 39, 45, 47, 49]
    W3: [ 0,  1,  3,  5, 13, 15, 19, 20, 21, 27, 29, 35, 40, 46, 48, 49] > [ 4,  7,  8, 11, 12, 16, 22, 23, 28, 31, 32, 36, 37, 41, 43, 47]
    W4: [ 0,  5,  6, 10, 11, 13, 14, 15, 21, 23, 24, 35, 40, 41, 43, 48] > [ 3,  4,  8,  9, 16, 18, 19, 26, 29, 32, 34, 36, 38, 45, 46, 49]
    Truth table row=[<, <, <, >, >] ix=8 result=[4-] is correct

Test 4+:
    W0: [ 0,  1,  2,  4,  5,  7,  8, 11, 12, 18, 21, 24, 26, 29, 30, 31, 33, 34] > [ 3,  6,  9, 10, 13, 14, 15, 16, 17, 19, 20, 22, 23, 25, 27, 28, 32, 35]
    W1: [ 0,  1,  2,  4,  5,  7,  8, 11, 12, 22, 23, 25, 27, 28, 32, 35, 40, 42, 43, 45, 47] > [ 3,  6,  9, 10, 13, 21, 24, 26, 29, 30, 31, 33, 34, 36, 37, 38, 39, 41, 44, 46, 48]
    W2: [ 0,  1,  2,  4,  9, 10, 13, 16, 17, 19, 20, 21, 24, 26, 32, 35, 44, 46, 48] > [ 3, 11, 12, 14, 15, 18, 22, 23, 25, 27, 33, 34, 36, 37, 38, 39, 45, 47, 49]
    W3: [ 0,  1,  3,  5, 13, 15, 19, 20, 21, 27, 29, 35, 40, 46, 48, 49] < [ 4,  7,  8, 11, 12, 16, 22, 23, 28, 31, 32, 36, 37, 41, 43, 47]
    W4: [ 0,  5,  6, 10, 11, 13, 14, 15, 21, 23, 24, 35, 40, 41, 43, 48] < [ 3,  4,  8,  9, 16, 18, 19, 26, 29, 32, 34, 36, 38, 45, 46, 49]
    Truth table row=[>, >, >, <, <] ix=234 result=[4+] is correct

Test 5-:
    W0: [ 0,  1,  2,  4,  5,  7,  8, 11, 12, 18, 21, 24, 26, 29, 30, 31, 33, 34] < [ 3,  6,  9, 10, 13, 14, 15, 16, 17, 19, 20, 22, 23, 25, 27, 28, 32, 35]
    W1: [ 0,  1,  2,  4,  5,  7,  8, 11, 12, 22, 23, 25, 27, 28, 32, 35, 40, 42, 43, 45, 47] < [ 3,  6,  9, 10, 13, 21, 24, 26, 29, 30, 31, 33, 34, 36, 37, 38, 39, 41, 44, 46, 48]
    W2: [ 0,  1,  2,  4,  9, 10, 13, 16, 17, 19, 20, 21, 24, 26, 32, 35, 44, 46, 48] = [ 3, 11, 12, 14, 15, 18, 22, 23, 25, 27, 33, 34, 36, 37, 38, 39, 45, 47, 49]
    W3: [ 0,  1,  3,  5, 13, 15, 19, 20, 21, 27, 29, 35, 40, 46, 48, 49] < [ 4,  7,  8, 11, 12, 16, 22, 23, 28, 31, 32, 36, 37, 41, 43, 47]
    W4: [ 0,  5,  6, 10, 11, 13, 14, 15, 21, 23, 24, 35, 40, 41, 43, 48] < [ 3,  4,  8,  9, 16, 18, 19, 26, 29, 32, 34, 36, 38, 45, 46, 49]
    Truth table row=[<, <, =, <, <] ix=9 result=[5-] is correct

Test 5+:
    W0: [ 0,  1,  2,  4,  5,  7,  8, 11, 12, 18, 21, 24, 26, 29, 30, 31, 33, 34] > [ 3,  6,  9, 10, 13, 14, 15, 16, 17, 19, 20, 22, 23, 25, 27, 28, 32, 35]
    W1: [ 0,  1,  2,  4,  5,  7,  8, 11, 12, 22, 23, 25, 27, 28, 32, 35, 40, 42, 43, 45, 47] > [ 3,  6,  9, 10, 13, 21, 24, 26, 29, 30, 31, 33, 34, 36, 37, 38, 39, 41, 44, 46, 48]
    W2: [ 0,  1,  2,  4,  9, 10, 13, 16, 17, 19, 20, 21, 24, 26, 32, 35, 44, 46, 48] = [ 3, 11, 12, 14, 15, 18, 22, 23, 25, 27, 33, 34, 36, 37, 38, 39, 45, 47, 49]
    W3: [ 0,  1,  3,  5, 13, 15, 19, 20, 21, 27, 29, 35, 40, 46, 48, 49] > [ 4,  7,  8, 11, 12, 16, 22, 23, 28, 31, 32, 36, 37, 41, 43, 47]
    W4: [ 0,  5,  6, 10, 11, 13, 14, 15, 21, 23, 24, 35, 40, 41, 43, 48] > [ 3,  4,  8,  9, 16, 18, 19, 26, 29, 32, 34, 36, 38, 45, 46, 49]
    Truth table row=[>, >, =, >, >] ix=233 result=[5+] is correct

Test 6-:
    W0: [ 0,  1,  2,  4,  5,  7,  8, 11, 12, 18, 21, 24, 26, 29, 30, 31, 33, 34] > [ 3,  6,  9, 10, 13, 14, 15, 16, 17, 19, 20, 22, 23, 25, 27, 28, 32, 35]
    W1: [ 0,  1,  2,  4,  5,  7,  8, 11, 12, 22, 23, 25, 27, 28, 32, 35, 40, 42, 43, 45, 47] > [ 3,  6,  9, 10, 13, 21, 24, 26, 29, 30, 31, 33, 34, 36, 37, 38, 39, 41, 44, 46, 48]
    W2: [ 0,  1,  2,  4,  9, 10, 13, 16, 17, 19, 20, 21, 24, 26, 32, 35, 44, 46, 48] = [ 3, 11, 12, 14, 15, 18, 22, 23, 25, 27, 33, 34, 36, 37, 38, 39, 45, 47, 49]
    W3: [ 0,  1,  3,  5, 13, 15, 19, 20, 21, 27, 29, 35, 40, 46, 48, 49] = [ 4,  7,  8, 11, 12, 16, 22, 23, 28, 31, 32, 36, 37, 41, 43, 47]
    W4: [ 0,  5,  6, 10, 11, 13, 14, 15, 21, 23, 24, 35, 40, 41, 43, 48] < [ 3,  4,  8,  9, 16, 18, 19, 26, 29, 32, 34, 36, 38, 45, 46, 49]
    Truth table row=[>, >, =, =, <] ix=228 result=[6-] is correct

Test 6+:
    W0: [ 0,  1,  2,  4,  5,  7,  8, 11, 12, 18, 21, 24, 26, 29, 30, 31, 33, 34] < [ 3,  6,  9, 10, 13, 14, 15, 16, 17, 19, 20, 22, 23, 25, 27, 28, 32, 35]
    W1: [ 0,  1,  2,  4,  5,  7,  8, 11, 12, 22, 23, 25, 27, 28, 32, 35, 40, 42, 43, 45, 47] < [ 3,  6,  9, 10, 13, 21, 24, 26, 29, 30, 31, 33, 34, 36, 37, 38, 39, 41, 44, 46, 48]
    W2: [ 0,  1,  2,  4,  9, 10, 13, 16, 17, 19, 20, 21, 24, 26, 32, 35, 44, 46, 48] = [ 3, 11, 12, 14, 15, 18, 22, 23, 25, 27, 33, 34, 36, 37, 38, 39, 45, 47, 49]
    W3: [ 0,  1,  3,  5, 13, 15, 19, 20, 21, 27, 29, 35, 40, 46, 48, 49] = [ 4,  7,  8, 11, 12, 16, 22, 23, 28, 31, 32, 36, 37, 41, 43, 47]
    W4: [ 0,  5,  6, 10, 11, 13, 14, 15, 21, 23, 24, 35, 40, 41, 43, 48] > [ 3,  4,  8,  9, 16, 18, 19, 26, 29, 32, 34, 36, 38, 45, 46, 49]
    Truth table row=[<, <, =, =, >] ix=14 result=[6+] is correct

Test 7-:
    W0: [ 0,  1,  2,  4,  5,  7,  8, 11, 12, 18, 21, 24, 26, 29, 30, 31, 33, 34] < [ 3,  6,  9, 10, 13, 14, 15, 16, 17, 19, 20, 22, 23, 25, 27, 28, 32, 35]
    W1: [ 0,  1,  2,  4,  5,  7,  8, 11, 12, 22, 23, 25, 27, 28, 32, 35, 40, 42, 43, 45, 47] < [ 3,  6,  9, 10, 13, 21, 24, 26, 29, 30, 31, 33, 34, 36, 37, 38, 39, 41, 44, 46, 48]
    W2: [ 0,  1,  2,  4,  9, 10, 13, 16, 17, 19, 20, 21, 24, 26, 32, 35, 44, 46, 48] = [ 3, 11, 12, 14, 15, 18, 22, 23, 25, 27, 33, 34, 36, 37, 38, 39, 45, 47, 49]
    W3: [ 0,  1,  3,  5, 13, 15, 19, 20, 21, 27, 29, 35, 40, 46, 48, 49] > [ 4,  7,  8, 11, 12, 16, 22, 23, 28, 31, 32, 36, 37, 41, 43, 47]
    W4: [ 0,  5,  6, 10, 11, 13, 14, 15, 21, 23, 24, 35, 40, 41, 43, 48] = [ 3,  4,  8,  9, 16, 18, 19, 26, 29, 32, 34, 36, 38, 45, 46, 49]
    Truth table row=[<, <, =, >, =] ix=16 result=[7-] is correct

Test 7+:
    W0: [ 0,  1,  2,  4,  5,  7,  8, 11, 12, 18, 21, 24, 26, 29, 30, 31, 33, 34] > [ 3,  6,  9, 10, 13, 14, 15, 16, 17, 19, 20, 22, 23, 25, 27, 28, 32, 35]
    W1: [ 0,  1,  2,  4,  5,  7,  8, 11, 12, 22, 23, 25, 27, 28, 32, 35, 40, 42, 43, 45, 47] > [ 3,  6,  9, 10, 13, 21, 24, 26, 29, 30, 31, 33, 34, 36, 37, 38, 39, 41, 44, 46, 48]
    W2: [ 0,  1,  2,  4,  9, 10, 13, 16, 17, 19, 20, 21, 24, 26, 32, 35, 44, 46, 48] = [ 3, 11, 12, 14, 15, 18, 22, 23, 25, 27, 33, 34, 36, 37, 38, 39, 45, 47, 49]
    W3: [ 0,  1,  3,  5, 13, 15, 19, 20, 21, 27, 29, 35, 40, 46, 48, 49] < [ 4,  7,  8, 11, 12, 16, 22, 23, 28, 31, 32, 36, 37, 41, 43, 47]
    W4: [ 0,  5,  6, 10, 11, 13, 14, 15, 21, 23, 24, 35, 40, 41, 43, 48] = [ 3,  4,  8,  9, 16, 18, 19, 26, 29, 32, 34, 36, 38, 45, 46, 49]
    Truth table row=[>, >, =, <, =] ix=226 result=[7+] is correct

Test 8-:
    W0: [ 0,  1,  2,  4,  5,  7,  8, 11, 12, 18, 21, 24, 26, 29, 30, 31, 33, 34] < [ 3,  6,  9, 10, 13, 14, 15, 16, 17, 19, 20, 22, 23, 25, 27, 28, 32, 35]
    W1: [ 0,  1,  2,  4,  5,  7,  8, 11, 12, 22, 23, 25, 27, 28, 32, 35, 40, 42, 43, 45, 47] < [ 3,  6,  9, 10, 13, 21, 24, 26, 29, 30, 31, 33, 34, 36, 37, 38, 39, 41, 44, 46, 48]
    W2: [ 0,  1,  2,  4,  9, 10, 13, 16, 17, 19, 20, 21, 24, 26, 32, 35, 44, 46, 48] = [ 3, 11, 12, 14, 15, 18, 22, 23, 25, 27, 33, 34, 36, 37, 38, 39, 45, 47, 49]
    W3: [ 0,  1,  3,  5, 13, 15, 19, 20, 21, 27, 29, 35, 40, 46, 48, 49] > [ 4,  7,  8, 11, 12, 16, 22, 23, 28, 31, 32, 36, 37, 41, 43, 47]
    W4: [ 0,  5,  6, 10, 11, 13, 14, 15, 21, 23, 24, 35, 40, 41, 43, 48] > [ 3,  4,  8,  9, 16, 18, 19, 26, 29, 32, 34, 36, 38, 45, 46, 49]
    Truth table row=[<, <, =, >, >] ix=17 result=[8-] is correct

Test 8+:
    W0: [ 0,  1,  2,  4,  5,  7,  8, 11, 12, 18, 21, 24, 26, 29, 30, 31, 33, 34] > [ 3,  6,  9, 10, 13, 14, 15, 16, 17, 19, 20, 22, 23, 25, 27, 28, 32, 35]
    W1: [ 0,  1,  2,  4,  5,  7,  8, 11, 12, 22, 23, 25, 27, 28, 32, 35, 40, 42, 43, 45, 47] > [ 3,  6,  9, 10, 13, 21, 24, 26, 29, 30, 31, 33, 34, 36, 37, 38, 39, 41, 44, 46, 48]
    W2: [ 0,  1,  2,  4,  9, 10, 13, 16, 17, 19, 20, 21, 24, 26, 32, 35, 44, 46, 48] = [ 3, 11, 12, 14, 15, 18, 22, 23, 25, 27, 33, 34, 36, 37, 38, 39, 45, 47, 49]
    W3: [ 0,  1,  3,  5, 13, 15, 19, 20, 21, 27, 29, 35, 40, 46, 48, 49] < [ 4,  7,  8, 11, 12, 16, 22, 23, 28, 31, 32, 36, 37, 41, 43, 47]
    W4: [ 0,  5,  6, 10, 11, 13, 14, 15, 21, 23, 24, 35, 40, 41, 43, 48] < [ 3,  4,  8,  9, 16, 18, 19, 26, 29, 32, 34, 36, 38, 45, 46, 49]
    Truth table row=[>, >, =, <, <] ix=225 result=[8+] is correct

Test 9-:
    W0: [ 0,  1,  2,  4,  5,  7,  8, 11, 12, 18, 21, 24, 26, 29, 30, 31, 33, 34] > [ 3,  6,  9, 10, 13, 14, 15, 16, 17, 19, 20, 22, 23, 25, 27, 28, 32, 35]
    W1: [ 0,  1,  2,  4,  5,  7,  8, 11, 12, 22, 23, 25, 27, 28, 32, 35, 40, 42, 43, 45, 47] > [ 3,  6,  9, 10, 13, 21, 24, 26, 29, 30, 31, 33, 34, 36, 37, 38, 39, 41, 44, 46, 48]
    W2: [ 0,  1,  2,  4,  9, 10, 13, 16, 17, 19, 20, 21, 24, 26, 32, 35, 44, 46, 48] < [ 3, 11, 12, 14, 15, 18, 22, 23, 25, 27, 33, 34, 36, 37, 38, 39, 45, 47, 49]
    W3: [ 0,  1,  3,  5, 13, 15, 19, 20, 21, 27, 29, 35, 40, 46, 48, 49] = [ 4,  7,  8, 11, 12, 16, 22, 23, 28, 31, 32, 36, 37, 41, 43, 47]
    W4: [ 0,  5,  6, 10, 11, 13, 14, 15, 21, 23, 24, 35, 40, 41, 43, 48] > [ 3,  4,  8,  9, 16, 18, 19, 26, 29, 32, 34, 36, 38, 45, 46, 49]
    Truth table row=[>, >, <, =, >] ix=221 result=[9-] is correct

Test 9+:
    W0: [ 0,  1,  2,  4,  5,  7,  8, 11, 12, 18, 21, 24, 26, 29, 30, 31, 33, 34] < [ 3,  6,  9, 10, 13, 14, 15, 16, 17, 19, 20, 22, 23, 25, 27, 28, 32, 35]
    W1: [ 0,  1,  2,  4,  5,  7,  8, 11, 12, 22, 23, 25, 27, 28, 32, 35, 40, 42, 43, 45, 47] < [ 3,  6,  9, 10, 13, 21, 24, 26, 29, 30, 31, 33, 34, 36, 37, 38, 39, 41, 44, 46, 48]
    W2: [ 0,  1,  2,  4,  9, 10, 13, 16, 17, 19, 20, 21, 24, 26, 32, 35, 44, 46, 48] > [ 3, 11, 12, 14, 15, 18, 22, 23, 25, 27, 33, 34, 36, 37, 38, 39, 45, 47, 49]
    W3: [ 0,  1,  3,  5, 13, 15, 19, 20, 21, 27, 29, 35, 40, 46, 48, 49] = [ 4,  7,  8, 11, 12, 16, 22, 23, 28, 31, 32, 36, 37, 41, 43, 47]
    W4: [ 0,  5,  6, 10, 11, 13, 14, 15, 21, 23, 24, 35, 40, 41, 43, 48] < [ 3,  4,  8,  9, 16, 18, 19, 26, 29, 32, 34, 36, 38, 45, 46, 49]
    Truth table row=[<, <, >, =, <] ix=21 result=[9+] is correct

Test 10-:
    W0: [ 0,  1,  2,  4,  5,  7,  8, 11, 12, 18, 21, 24, 26, 29, 30, 31, 33, 34] > [ 3,  6,  9, 10, 13, 14, 15, 16, 17, 19, 20, 22, 23, 25, 27, 28, 32, 35]
    W1: [ 0,  1,  2,  4,  5,  7,  8, 11, 12, 22, 23, 25, 27, 28, 32, 35, 40, 42, 43, 45, 47] > [ 3,  6,  9, 10, 13, 21, 24, 26, 29, 30, 31, 33, 34, 36, 37, 38, 39, 41, 44, 46, 48]
    W2: [ 0,  1,  2,  4,  9, 10, 13, 16, 17, 19, 20, 21, 24, 26, 32, 35, 44, 46, 48] < [ 3, 11, 12, 14, 15, 18, 22, 23, 25, 27, 33, 34, 36, 37, 38, 39, 45, 47, 49]
    W3: [ 0,  1,  3,  5, 13, 15, 19, 20, 21, 27, 29, 35, 40, 46, 48, 49] = [ 4,  7,  8, 11, 12, 16, 22, 23, 28, 31, 32, 36, 37, 41, 43, 47]
    W4: [ 0,  5,  6, 10, 11, 13, 14, 15, 21, 23, 24, 35, 40, 41, 43, 48] < [ 3,  4,  8,  9, 16, 18, 19, 26, 29, 32, 34, 36, 38, 45, 46, 49]
    Truth table row=[>, >, <, =, <] ix=219 result=[10-] is correct

Test 10+:
    W0: [ 0,  1,  2,  4,  5,  7,  8, 11, 12, 18, 21, 24, 26, 29, 30, 31, 33, 34] < [ 3,  6,  9, 10, 13, 14, 15, 16, 17, 19, 20, 22, 23, 25, 27, 28, 32, 35]
    W1: [ 0,  1,  2,  4,  5,  7,  8, 11, 12, 22, 23, 25, 27, 28, 32, 35, 40, 42, 43, 45, 47] < [ 3,  6,  9, 10, 13, 21, 24, 26, 29, 30, 31, 33, 34, 36, 37, 38, 39, 41, 44, 46, 48]
    W2: [ 0,  1,  2,  4,  9, 10, 13, 16, 17, 19, 20, 21, 24, 26, 32, 35, 44, 46, 48] > [ 3, 11, 12, 14, 15, 18, 22, 23, 25, 27, 33, 34, 36, 37, 38, 39, 45, 47, 49]
    W3: [ 0,  1,  3,  5, 13, 15, 19, 20, 21, 27, 29, 35, 40, 46, 48, 49] = [ 4,  7,  8, 11, 12, 16, 22, 23, 28, 31, 32, 36, 37, 41, 43, 47]
    W4: [ 0,  5,  6, 10, 11, 13, 14, 15, 21, 23, 24, 35, 40, 41, 43, 48] > [ 3,  4,  8,  9, 16, 18, 19, 26, 29, 32, 34, 36, 38, 45, 46, 49]
    Truth table row=[<, <, >, =, >] ix=23 result=[10+] is correct

Test 11-:
    W0: [ 0,  1,  2,  4,  5,  7,  8, 11, 12, 18, 21, 24, 26, 29, 30, 31, 33, 34] < [ 3,  6,  9, 10, 13, 14, 15, 16, 17, 19, 20, 22, 23, 25, 27, 28, 32, 35]
    W1: [ 0,  1,  2,  4,  5,  7,  8, 11, 12, 22, 23, 25, 27, 28, 32, 35, 40, 42, 43, 45, 47] < [ 3,  6,  9, 10, 13, 21, 24, 26, 29, 30, 31, 33, 34, 36, 37, 38, 39, 41, 44, 46, 48]
    W2: [ 0,  1,  2,  4,  9, 10, 13, 16, 17, 19, 20, 21, 24, 26, 32, 35, 44, 46, 48] > [ 3, 11, 12, 14, 15, 18, 22, 23, 25, 27, 33, 34, 36, 37, 38, 39, 45, 47, 49]
    W3: [ 0,  1,  3,  5, 13, 15, 19, 20, 21, 27, 29, 35, 40, 46, 48, 49] > [ 4,  7,  8, 11, 12, 16, 22, 23, 28, 31, 32, 36, 37, 41, 43, 47]
    W4: [ 0,  5,  6, 10, 11, 13, 14, 15, 21, 23, 24, 35, 40, 41, 43, 48] < [ 3,  4,  8,  9, 16, 18, 19, 26, 29, 32, 34, 36, 38, 45, 46, 49]
    Truth table row=[<, <, >, >, <] ix=24 result=[11-] is correct

Test 11+:
    W0: [ 0,  1,  2,  4,  5,  7,  8, 11, 12, 18, 21, 24, 26, 29, 30, 31, 33, 34] > [ 3,  6,  9, 10, 13, 14, 15, 16, 17, 19, 20, 22, 23, 25, 27, 28, 32, 35]
    W1: [ 0,  1,  2,  4,  5,  7,  8, 11, 12, 22, 23, 25, 27, 28, 32, 35, 40, 42, 43, 45, 47] > [ 3,  6,  9, 10, 13, 21, 24, 26, 29, 30, 31, 33, 34, 36, 37, 38, 39, 41, 44, 46, 48]
    W2: [ 0,  1,  2,  4,  9, 10, 13, 16, 17, 19, 20, 21, 24, 26, 32, 35, 44, 46, 48] < [ 3, 11, 12, 14, 15, 18, 22, 23, 25, 27, 33, 34, 36, 37, 38, 39, 45, 47, 49]
    W3: [ 0,  1,  3,  5, 13, 15, 19, 20, 21, 27, 29, 35, 40, 46, 48, 49] < [ 4,  7,  8, 11, 12, 16, 22, 23, 28, 31, 32, 36, 37, 41, 43, 47]
    W4: [ 0,  5,  6, 10, 11, 13, 14, 15, 21, 23, 24, 35, 40, 41, 43, 48] > [ 3,  4,  8,  9, 16, 18, 19, 26, 29, 32, 34, 36, 38, 45, 46, 49]
    Truth table row=[>, >, <, <, >] ix=218 result=[11+] is correct

Test 12-:
    W0: [ 0,  1,  2,  4,  5,  7,  8, 11, 12, 18, 21, 24, 26, 29, 30, 31, 33, 34] < [ 3,  6,  9, 10, 13, 14, 15, 16, 17, 19, 20, 22, 23, 25, 27, 28, 32, 35]
    W1: [ 0,  1,  2,  4,  5,  7,  8, 11, 12, 22, 23, 25, 27, 28, 32, 35, 40, 42, 43, 45, 47] < [ 3,  6,  9, 10, 13, 21, 24, 26, 29, 30, 31, 33, 34, 36, 37, 38, 39, 41, 44, 46, 48]
    W2: [ 0,  1,  2,  4,  9, 10, 13, 16, 17, 19, 20, 21, 24, 26, 32, 35, 44, 46, 48] > [ 3, 11, 12, 14, 15, 18, 22, 23, 25, 27, 33, 34, 36, 37, 38, 39, 45, 47, 49]
    W3: [ 0,  1,  3,  5, 13, 15, 19, 20, 21, 27, 29, 35, 40, 46, 48, 49] > [ 4,  7,  8, 11, 12, 16, 22, 23, 28, 31, 32, 36, 37, 41, 43, 47]
    W4: [ 0,  5,  6, 10, 11, 13, 14, 15, 21, 23, 24, 35, 40, 41, 43, 48] = [ 3,  4,  8,  9, 16, 18, 19, 26, 29, 32, 34, 36, 38, 45, 46, 49]
    Truth table row=[<, <, >, >, =] ix=25 result=[12-] is correct

Test 12+:
    W0: [ 0,  1,  2,  4,  5,  7,  8, 11, 12, 18, 21, 24, 26, 29, 30, 31, 33, 34] > [ 3,  6,  9, 10, 13, 14, 15, 16, 17, 19, 20, 22, 23, 25, 27, 28, 32, 35]
    W1: [ 0,  1,  2,  4,  5,  7,  8, 11, 12, 22, 23, 25, 27, 28, 32, 35, 40, 42, 43, 45, 47] > [ 3,  6,  9, 10, 13, 21, 24, 26, 29, 30, 31, 33, 34, 36, 37, 38, 39, 41, 44, 46, 48]
    W2: [ 0,  1,  2,  4,  9, 10, 13, 16, 17, 19, 20, 21, 24, 26, 32, 35, 44, 46, 48] < [ 3, 11, 12, 14, 15, 18, 22, 23, 25, 27, 33, 34, 36, 37, 38, 39, 45, 47, 49]
    W3: [ 0,  1,  3,  5, 13, 15, 19, 20, 21, 27, 29, 35, 40, 46, 48, 49] < [ 4,  7,  8, 11, 12, 16, 22, 23, 28, 31, 32, 36, 37, 41, 43, 47]
    W4: [ 0,  5,  6, 10, 11, 13, 14, 15, 21, 23, 24, 35, 40, 41, 43, 48] = [ 3,  4,  8,  9, 16, 18, 19, 26, 29, 32, 34, 36, 38, 45, 46, 49]
    Truth table row=[>, >, <, <, =] ix=217 result=[12+] is correct

Test 13-:
    W0: [ 0,  1,  2,  4,  5,  7,  8, 11, 12, 18, 21, 24, 26, 29, 30, 31, 33, 34] > [ 3,  6,  9, 10, 13, 14, 15, 16, 17, 19, 20, 22, 23, 25, 27, 28, 32, 35]
    W1: [ 0,  1,  2,  4,  5,  7,  8, 11, 12, 22, 23, 25, 27, 28, 32, 35, 40, 42, 43, 45, 47] > [ 3,  6,  9, 10, 13, 21, 24, 26, 29, 30, 31, 33, 34, 36, 37, 38, 39, 41, 44, 46, 48]
    W2: [ 0,  1,  2,  4,  9, 10, 13, 16, 17, 19, 20, 21, 24, 26, 32, 35, 44, 46, 48] < [ 3, 11, 12, 14, 15, 18, 22, 23, 25, 27, 33, 34, 36, 37, 38, 39, 45, 47, 49]
    W3: [ 0,  1,  3,  5, 13, 15, 19, 20, 21, 27, 29, 35, 40, 46, 48, 49] < [ 4,  7,  8, 11, 12, 16, 22, 23, 28, 31, 32, 36, 37, 41, 43, 47]
    W4: [ 0,  5,  6, 10, 11, 13, 14, 15, 21, 23, 24, 35, 40, 41, 43, 48] < [ 3,  4,  8,  9, 16, 18, 19, 26, 29, 32, 34, 36, 38, 45, 46, 49]
    Truth table row=[>, >, <, <, <] ix=216 result=[13-] is correct

Test 13+:
    W0: [ 0,  1,  2,  4,  5,  7,  8, 11, 12, 18, 21, 24, 26, 29, 30, 31, 33, 34] < [ 3,  6,  9, 10, 13, 14, 15, 16, 17, 19, 20, 22, 23, 25, 27, 28, 32, 35]
    W1: [ 0,  1,  2,  4,  5,  7,  8, 11, 12, 22, 23, 25, 27, 28, 32, 35, 40, 42, 43, 45, 47] < [ 3,  6,  9, 10, 13, 21, 24, 26, 29, 30, 31, 33, 34, 36, 37, 38, 39, 41, 44, 46, 48]
    W2: [ 0,  1,  2,  4,  9, 10, 13, 16, 17, 19, 20, 21, 24, 26, 32, 35, 44, 46, 48] > [ 3, 11, 12, 14, 15, 18, 22, 23, 25, 27, 33, 34, 36, 37, 38, 39, 45, 47, 49]
    W3: [ 0,  1,  3,  5, 13, 15, 19, 20, 21, 27, 29, 35, 40, 46, 48, 49] > [ 4,  7,  8, 11, 12, 16, 22, 23, 28, 31, 32, 36, 37, 41, 43, 47]
    W4: [ 0,  5,  6, 10, 11, 13, 14, 15, 21, 23, 24, 35, 40, 41, 43, 48] > [ 3,  4,  8,  9, 16, 18, 19, 26, 29, 32, 34, 36, 38, 45, 46, 49]
    Truth table row=[<, <, >, >, >] ix=26 result=[13+] is correct

Test 14-:
    W0: [ 0,  1,  2,  4,  5,  7,  8, 11, 12, 18, 21, 24, 26, 29, 30, 31, 33, 34] > [ 3,  6,  9, 10, 13, 14, 15, 16, 17, 19, 20, 22, 23, 25, 27, 28, 32, 35]
    W1: [ 0,  1,  2,  4,  5,  7,  8, 11, 12, 22, 23, 25, 27, 28, 32, 35, 40, 42, 43, 45, 47] = [ 3,  6,  9, 10, 13, 21, 24, 26, 29, 30, 31, 33, 34, 36, 37, 38, 39, 41, 44, 46, 48]
    W2: [ 0,  1,  2,  4,  9, 10, 13, 16, 17, 19, 20, 21, 24, 26, 32, 35, 44, 46, 48] > [ 3, 11, 12, 14, 15, 18, 22, 23, 25, 27, 33, 34, 36, 37, 38, 39, 45, 47, 49]
    W3: [ 0,  1,  3,  5, 13, 15, 19, 20, 21, 27, 29, 35, 40, 46, 48, 49] = [ 4,  7,  8, 11, 12, 16, 22, 23, 28, 31, 32, 36, 37, 41, 43, 47]
    W4: [ 0,  5,  6, 10, 11, 13, 14, 15, 21, 23, 24, 35, 40, 41, 43, 48] < [ 3,  4,  8,  9, 16, 18, 19, 26, 29, 32, 34, 36, 38, 45, 46, 49]
    Truth table row=[>, =, >, =, <] ix=210 result=[14-] is correct

Test 14+:
    W0: [ 0,  1,  2,  4,  5,  7,  8, 11, 12, 18, 21, 24, 26, 29, 30, 31, 33, 34] < [ 3,  6,  9, 10, 13, 14, 15, 16, 17, 19, 20, 22, 23, 25, 27, 28, 32, 35]
    W1: [ 0,  1,  2,  4,  5,  7,  8, 11, 12, 22, 23, 25, 27, 28, 32, 35, 40, 42, 43, 45, 47] = [ 3,  6,  9, 10, 13, 21, 24, 26, 29, 30, 31, 33, 34, 36, 37, 38, 39, 41, 44, 46, 48]
    W2: [ 0,  1,  2,  4,  9, 10, 13, 16, 17, 19, 20, 21, 24, 26, 32, 35, 44, 46, 48] < [ 3, 11, 12, 14, 15, 18, 22, 23, 25, 27, 33, 34, 36, 37, 38, 39, 45, 47, 49]
    W3: [ 0,  1,  3,  5, 13, 15, 19, 20, 21, 27, 29, 35, 40, 46, 48, 49] = [ 4,  7,  8, 11, 12, 16, 22, 23, 28, 31, 32, 36, 37, 41, 43, 47]
    W4: [ 0,  5,  6, 10, 11, 13, 14, 15, 21, 23, 24, 35, 40, 41, 43, 48] > [ 3,  4,  8,  9, 16, 18, 19, 26, 29, 32, 34, 36, 38, 45, 46, 49]
    Truth table row=[<, =, <, =, >] ix=32 result=[14+] is correct

Test 15-:
    W0: [ 0,  1,  2,  4,  5,  7,  8, 11, 12, 18, 21, 24, 26, 29, 30, 31, 33, 34] > [ 3,  6,  9, 10, 13, 14, 15, 16, 17, 19, 20, 22, 23, 25, 27, 28, 32, 35]
    W1: [ 0,  1,  2,  4,  5,  7,  8, 11, 12, 22, 23, 25, 27, 28, 32, 35, 40, 42, 43, 45, 47] = [ 3,  6,  9, 10, 13, 21, 24, 26, 29, 30, 31, 33, 34, 36, 37, 38, 39, 41, 44, 46, 48]
    W2: [ 0,  1,  2,  4,  9, 10, 13, 16, 17, 19, 20, 21, 24, 26, 32, 35, 44, 46, 48] > [ 3, 11, 12, 14, 15, 18, 22, 23, 25, 27, 33, 34, 36, 37, 38, 39, 45, 47, 49]
    W3: [ 0,  1,  3,  5, 13, 15, 19, 20, 21, 27, 29, 35, 40, 46, 48, 49] < [ 4,  7,  8, 11, 12, 16, 22, 23, 28, 31, 32, 36, 37, 41, 43, 47]
    W4: [ 0,  5,  6, 10, 11, 13, 14, 15, 21, 23, 24, 35, 40, 41, 43, 48] < [ 3,  4,  8,  9, 16, 18, 19, 26, 29, 32, 34, 36, 38, 45, 46, 49]
    Truth table row=[>, =, >, <, <] ix=207 result=[15-] is correct

Test 15+:
    W0: [ 0,  1,  2,  4,  5,  7,  8, 11, 12, 18, 21, 24, 26, 29, 30, 31, 33, 34] < [ 3,  6,  9, 10, 13, 14, 15, 16, 17, 19, 20, 22, 23, 25, 27, 28, 32, 35]
    W1: [ 0,  1,  2,  4,  5,  7,  8, 11, 12, 22, 23, 25, 27, 28, 32, 35, 40, 42, 43, 45, 47] = [ 3,  6,  9, 10, 13, 21, 24, 26, 29, 30, 31, 33, 34, 36, 37, 38, 39, 41, 44, 46, 48]
    W2: [ 0,  1,  2,  4,  9, 10, 13, 16, 17, 19, 20, 21, 24, 26, 32, 35, 44, 46, 48] < [ 3, 11, 12, 14, 15, 18, 22, 23, 25, 27, 33, 34, 36, 37, 38, 39, 45, 47, 49]
    W3: [ 0,  1,  3,  5, 13, 15, 19, 20, 21, 27, 29, 35, 40, 46, 48, 49] > [ 4,  7,  8, 11, 12, 16, 22, 23, 28, 31, 32, 36, 37, 41, 43, 47]
    W4: [ 0,  5,  6, 10, 11, 13, 14, 15, 21, 23, 24, 35, 40, 41, 43, 48] > [ 3,  4,  8,  9, 16, 18, 19, 26, 29, 32, 34, 36, 38, 45, 46, 49]
    Truth table row=[<, =, <, >, >] ix=35 result=[15+] is correct

Test 16-:
    W0: [ 0,  1,  2,  4,  5,  7,  8, 11, 12, 18, 21, 24, 26, 29, 30, 31, 33, 34] > [ 3,  6,  9, 10, 13, 14, 15, 16, 17, 19, 20, 22, 23, 25, 27, 28, 32, 35]
    W1: [ 0,  1,  2,  4,  5,  7,  8, 11, 12, 22, 23, 25, 27, 28, 32, 35, 40, 42, 43, 45, 47] = [ 3,  6,  9, 10, 13, 21, 24, 26, 29, 30, 31, 33, 34, 36, 37, 38, 39, 41, 44, 46, 48]
    W2: [ 0,  1,  2,  4,  9, 10, 13, 16, 17, 19, 20, 21, 24, 26, 32, 35, 44, 46, 48] < [ 3, 11, 12, 14, 15, 18, 22, 23, 25, 27, 33, 34, 36, 37, 38, 39, 45, 47, 49]
    W3: [ 0,  1,  3,  5, 13, 15, 19, 20, 21, 27, 29, 35, 40, 46, 48, 49] > [ 4,  7,  8, 11, 12, 16, 22, 23, 28, 31, 32, 36, 37, 41, 43, 47]
    W4: [ 0,  5,  6, 10, 11, 13, 14, 15, 21, 23, 24, 35, 40, 41, 43, 48] > [ 3,  4,  8,  9, 16, 18, 19, 26, 29, 32, 34, 36, 38, 45, 46, 49]
    Truth table row=[>, =, <, >, >] ix=197 result=[16-] is correct

Test 16+:
    W0: [ 0,  1,  2,  4,  5,  7,  8, 11, 12, 18, 21, 24, 26, 29, 30, 31, 33, 34] < [ 3,  6,  9, 10, 13, 14, 15, 16, 17, 19, 20, 22, 23, 25, 27, 28, 32, 35]
    W1: [ 0,  1,  2,  4,  5,  7,  8, 11, 12, 22, 23, 25, 27, 28, 32, 35, 40, 42, 43, 45, 47] = [ 3,  6,  9, 10, 13, 21, 24, 26, 29, 30, 31, 33, 34, 36, 37, 38, 39, 41, 44, 46, 48]
    W2: [ 0,  1,  2,  4,  9, 10, 13, 16, 17, 19, 20, 21, 24, 26, 32, 35, 44, 46, 48] > [ 3, 11, 12, 14, 15, 18, 22, 23, 25, 27, 33, 34, 36, 37, 38, 39, 45, 47, 49]
    W3: [ 0,  1,  3,  5, 13, 15, 19, 20, 21, 27, 29, 35, 40, 46, 48, 49] < [ 4,  7,  8, 11, 12, 16, 22, 23, 28, 31, 32, 36, 37, 41, 43, 47]
    W4: [ 0,  5,  6, 10, 11, 13, 14, 15, 21, 23, 24, 35, 40, 41, 43, 48] < [ 3,  4,  8,  9, 16, 18, 19, 26, 29, 32, 34, 36, 38, 45, 46, 49]
    Truth table row=[<, =, >, <, <] ix=45 result=[16+] is correct

Test 17-:
    W0: [ 0,  1,  2,  4,  5,  7,  8, 11, 12, 18, 21, 24, 26, 29, 30, 31, 33, 34] > [ 3,  6,  9, 10, 13, 14, 15, 16, 17, 19, 20, 22, 23, 25, 27, 28, 32, 35]
    W1: [ 0,  1,  2,  4,  5,  7,  8, 11, 12, 22, 23, 25, 27, 28, 32, 35, 40, 42, 43, 45, 47] = [ 3,  6,  9, 10, 13, 21, 24, 26, 29, 30, 31, 33, 34, 36, 37, 38, 39, 41, 44, 46, 48]
    W2: [ 0,  1,  2,  4,  9, 10, 13, 16, 17, 19, 20, 21, 24, 26, 32, 35, 44, 46, 48] < [ 3, 11, 12, 14, 15, 18, 22, 23, 25, 27, 33, 34, 36, 37, 38, 39, 45, 47, 49]
    W3: [ 0,  1,  3,  5, 13, 15, 19, 20, 21, 27, 29, 35, 40, 46, 48, 49] = [ 4,  7,  8, 11, 12, 16, 22, 23, 28, 31, 32, 36, 37, 41, 43, 47]
    W4: [ 0,  5,  6, 10, 11, 13, 14, 15, 21, 23, 24, 35, 40, 41, 43, 48] = [ 3,  4,  8,  9, 16, 18, 19, 26, 29, 32, 34, 36, 38, 45, 46, 49]
    Truth table row=[>, =, <, =, =] ix=193 result=[17-] is correct

Test 17+:
    W0: [ 0,  1,  2,  4,  5,  7,  8, 11, 12, 18, 21, 24, 26, 29, 30, 31, 33, 34] < [ 3,  6,  9, 10, 13, 14, 15, 16, 17, 19, 20, 22, 23, 25, 27, 28, 32, 35]
    W1: [ 0,  1,  2,  4,  5,  7,  8, 11, 12, 22, 23, 25, 27, 28, 32, 35, 40, 42, 43, 45, 47] = [ 3,  6,  9, 10, 13, 21, 24, 26, 29, 30, 31, 33, 34, 36, 37, 38, 39, 41, 44, 46, 48]
    W2: [ 0,  1,  2,  4,  9, 10, 13, 16, 17, 19, 20, 21, 24, 26, 32, 35, 44, 46, 48] > [ 3, 11, 12, 14, 15, 18, 22, 23, 25, 27, 33, 34, 36, 37, 38, 39, 45, 47, 49]
    W3: [ 0,  1,  3,  5, 13, 15, 19, 20, 21, 27, 29, 35, 40, 46, 48, 49] = [ 4,  7,  8, 11, 12, 16, 22, 23, 28, 31, 32, 36, 37, 41, 43, 47]
    W4: [ 0,  5,  6, 10, 11, 13, 14, 15, 21, 23, 24, 35, 40, 41, 43, 48] = [ 3,  4,  8,  9, 16, 18, 19, 26, 29, 32, 34, 36, 38, 45, 46, 49]
    Truth table row=[<, =, >, =, =] ix=49 result=[17+] is correct

Test 18-:
    W0: [ 0,  1,  2,  4,  5,  7,  8, 11, 12, 18, 21, 24, 26, 29, 30, 31, 33, 34] < [ 3,  6,  9, 10, 13, 14, 15, 16, 17, 19, 20, 22, 23, 25, 27, 28, 32, 35]
    W1: [ 0,  1,  2,  4,  5,  7,  8, 11, 12, 22, 23, 25, 27, 28, 32, 35, 40, 42, 43, 45, 47] = [ 3,  6,  9, 10, 13, 21, 24, 26, 29, 30, 31, 33, 34, 36, 37, 38, 39, 41, 44, 46, 48]
    W2: [ 0,  1,  2,  4,  9, 10, 13, 16, 17, 19, 20, 21, 24, 26, 32, 35, 44, 46, 48] > [ 3, 11, 12, 14, 15, 18, 22, 23, 25, 27, 33, 34, 36, 37, 38, 39, 45, 47, 49]
    W3: [ 0,  1,  3,  5, 13, 15, 19, 20, 21, 27, 29, 35, 40, 46, 48, 49] = [ 4,  7,  8, 11, 12, 16, 22, 23, 28, 31, 32, 36, 37, 41, 43, 47]
    W4: [ 0,  5,  6, 10, 11, 13, 14, 15, 21, 23, 24, 35, 40, 41, 43, 48] > [ 3,  4,  8,  9, 16, 18, 19, 26, 29, 32, 34, 36, 38, 45, 46, 49]
    Truth table row=[<, =, >, =, >] ix=50 result=[18-] is correct

Test 18+:
    W0: [ 0,  1,  2,  4,  5,  7,  8, 11, 12, 18, 21, 24, 26, 29, 30, 31, 33, 34] > [ 3,  6,  9, 10, 13, 14, 15, 16, 17, 19, 20, 22, 23, 25, 27, 28, 32, 35]
    W1: [ 0,  1,  2,  4,  5,  7,  8, 11, 12, 22, 23, 25, 27, 28, 32, 35, 40, 42, 43, 45, 47] = [ 3,  6,  9, 10, 13, 21, 24, 26, 29, 30, 31, 33, 34, 36, 37, 38, 39, 41, 44, 46, 48]
    W2: [ 0,  1,  2,  4,  9, 10, 13, 16, 17, 19, 20, 21, 24, 26, 32, 35, 44, 46, 48] < [ 3, 11, 12, 14, 15, 18, 22, 23, 25, 27, 33, 34, 36, 37, 38, 39, 45, 47, 49]
    W3: [ 0,  1,  3,  5, 13, 15, 19, 20, 21, 27, 29, 35, 40, 46, 48, 49] = [ 4,  7,  8, 11, 12, 16, 22, 23, 28, 31, 32, 36, 37, 41, 43, 47]
    W4: [ 0,  5,  6, 10, 11, 13, 14, 15, 21, 23, 24, 35, 40, 41, 43, 48] < [ 3,  4,  8,  9, 16, 18, 19, 26, 29, 32, 34, 36, 38, 45, 46, 49]
    Truth table row=[>, =, <, =, <] ix=192 result=[18+] is correct

Test 19-:
    W0: [ 0,  1,  2,  4,  5,  7,  8, 11, 12, 18, 21, 24, 26, 29, 30, 31, 33, 34] > [ 3,  6,  9, 10, 13, 14, 15, 16, 17, 19, 20, 22, 23, 25, 27, 28, 32, 35]
    W1: [ 0,  1,  2,  4,  5,  7,  8, 11, 12, 22, 23, 25, 27, 28, 32, 35, 40, 42, 43, 45, 47] = [ 3,  6,  9, 10, 13, 21, 24, 26, 29, 30, 31, 33, 34, 36, 37, 38, 39, 41, 44, 46, 48]
    W2: [ 0,  1,  2,  4,  9, 10, 13, 16, 17, 19, 20, 21, 24, 26, 32, 35, 44, 46, 48] < [ 3, 11, 12, 14, 15, 18, 22, 23, 25, 27, 33, 34, 36, 37, 38, 39, 45, 47, 49]
    W3: [ 0,  1,  3,  5, 13, 15, 19, 20, 21, 27, 29, 35, 40, 46, 48, 49] < [ 4,  7,  8, 11, 12, 16, 22, 23, 28, 31, 32, 36, 37, 41, 43, 47]
    W4: [ 0,  5,  6, 10, 11, 13, 14, 15, 21, 23, 24, 35, 40, 41, 43, 48] > [ 3,  4,  8,  9, 16, 18, 19, 26, 29, 32, 34, 36, 38, 45, 46, 49]
    Truth table row=[>, =, <, <, >] ix=191 result=[19-] is correct

Test 19+:
    W0: [ 0,  1,  2,  4,  5,  7,  8, 11, 12, 18, 21, 24, 26, 29, 30, 31, 33, 34] < [ 3,  6,  9, 10, 13, 14, 15, 16, 17, 19, 20, 22, 23, 25, 27, 28, 32, 35]
    W1: [ 0,  1,  2,  4,  5,  7,  8, 11, 12, 22, 23, 25, 27, 28, 32, 35, 40, 42, 43, 45, 47] = [ 3,  6,  9, 10, 13, 21, 24, 26, 29, 30, 31, 33, 34, 36, 37, 38, 39, 41, 44, 46, 48]
    W2: [ 0,  1,  2,  4,  9, 10, 13, 16, 17, 19, 20, 21, 24, 26, 32, 35, 44, 46, 48] > [ 3, 11, 12, 14, 15, 18, 22, 23, 25, 27, 33, 34, 36, 37, 38, 39, 45, 47, 49]
    W3: [ 0,  1,  3,  5, 13, 15, 19, 20, 21, 27, 29, 35, 40, 46, 48, 49] > [ 4,  7,  8, 11, 12, 16, 22, 23, 28, 31, 32, 36, 37, 41, 43, 47]
    W4: [ 0,  5,  6, 10, 11, 13, 14, 15, 21, 23, 24, 35, 40, 41, 43, 48] < [ 3,  4,  8,  9, 16, 18, 19, 26, 29, 32, 34, 36, 38, 45, 46, 49]
    Truth table row=[<, =, >, >, <] ix=51 result=[19+] is correct

Test 20-:
    W0: [ 0,  1,  2,  4,  5,  7,  8, 11, 12, 18, 21, 24, 26, 29, 30, 31, 33, 34] > [ 3,  6,  9, 10, 13, 14, 15, 16, 17, 19, 20, 22, 23, 25, 27, 28, 32, 35]
    W1: [ 0,  1,  2,  4,  5,  7,  8, 11, 12, 22, 23, 25, 27, 28, 32, 35, 40, 42, 43, 45, 47] = [ 3,  6,  9, 10, 13, 21, 24, 26, 29, 30, 31, 33, 34, 36, 37, 38, 39, 41, 44, 46, 48]
    W2: [ 0,  1,  2,  4,  9, 10, 13, 16, 17, 19, 20, 21, 24, 26, 32, 35, 44, 46, 48] < [ 3, 11, 12, 14, 15, 18, 22, 23, 25, 27, 33, 34, 36, 37, 38, 39, 45, 47, 49]
    W3: [ 0,  1,  3,  5, 13, 15, 19, 20, 21, 27, 29, 35, 40, 46, 48, 49] < [ 4,  7,  8, 11, 12, 16, 22, 23, 28, 31, 32, 36, 37, 41, 43, 47]
    W4: [ 0,  5,  6, 10, 11, 13, 14, 15, 21, 23, 24, 35, 40, 41, 43, 48] = [ 3,  4,  8,  9, 16, 18, 19, 26, 29, 32, 34, 36, 38, 45, 46, 49]
    Truth table row=[>, =, <, <, =] ix=190 result=[20-] is correct

Test 20+:
    W0: [ 0,  1,  2,  4,  5,  7,  8, 11, 12, 18, 21, 24, 26, 29, 30, 31, 33, 34] < [ 3,  6,  9, 10, 13, 14, 15, 16, 17, 19, 20, 22, 23, 25, 27, 28, 32, 35]
    W1: [ 0,  1,  2,  4,  5,  7,  8, 11, 12, 22, 23, 25, 27, 28, 32, 35, 40, 42, 43, 45, 47] = [ 3,  6,  9, 10, 13, 21, 24, 26, 29, 30, 31, 33, 34, 36, 37, 38, 39, 41, 44, 46, 48]
    W2: [ 0,  1,  2,  4,  9, 10, 13, 16, 17, 19, 20, 21, 24, 26, 32, 35, 44, 46, 48] > [ 3, 11, 12, 14, 15, 18, 22, 23, 25, 27, 33, 34, 36, 37, 38, 39, 45, 47, 49]
    W3: [ 0,  1,  3,  5, 13, 15, 19, 20, 21, 27, 29, 35, 40, 46, 48, 49] > [ 4,  7,  8, 11, 12, 16, 22, 23, 28, 31, 32, 36, 37, 41, 43, 47]
    W4: [ 0,  5,  6, 10, 11, 13, 14, 15, 21, 23, 24, 35, 40, 41, 43, 48] = [ 3,  4,  8,  9, 16, 18, 19, 26, 29, 32, 34, 36, 38, 45, 46, 49]
    Truth table row=[<, =, >, >, =] ix=52 result=[20+] is correct

Test 21-:
    W0: [ 0,  1,  2,  4,  5,  7,  8, 11, 12, 18, 21, 24, 26, 29, 30, 31, 33, 34] < [ 3,  6,  9, 10, 13, 14, 15, 16, 17, 19, 20, 22, 23, 25, 27, 28, 32, 35]
    W1: [ 0,  1,  2,  4,  5,  7,  8, 11, 12, 22, 23, 25, 27, 28, 32, 35, 40, 42, 43, 45, 47] > [ 3,  6,  9, 10, 13, 21, 24, 26, 29, 30, 31, 33, 34, 36, 37, 38, 39, 41, 44, 46, 48]
    W2: [ 0,  1,  2,  4,  9, 10, 13, 16, 17, 19, 20, 21, 24, 26, 32, 35, 44, 46, 48] < [ 3, 11, 12, 14, 15, 18, 22, 23, 25, 27, 33, 34, 36, 37, 38, 39, 45, 47, 49]
    W3: [ 0,  1,  3,  5, 13, 15, 19, 20, 21, 27, 29, 35, 40, 46, 48, 49] < [ 4,  7,  8, 11, 12, 16, 22, 23, 28, 31, 32, 36, 37, 41, 43, 47]
    W4: [ 0,  5,  6, 10, 11, 13, 14, 15, 21, 23, 24, 35, 40, 41, 43, 48] < [ 3,  4,  8,  9, 16, 18, 19, 26, 29, 32, 34, 36, 38, 45, 46, 49]
    Truth table row=[<, >, <, <, <] ix=54 result=[21-] is correct

Test 21+:
    W0: [ 0,  1,  2,  4,  5,  7,  8, 11, 12, 18, 21, 24, 26, 29, 30, 31, 33, 34] > [ 3,  6,  9, 10, 13, 14, 15, 16, 17, 19, 20, 22, 23, 25, 27, 28, 32, 35]
    W1: [ 0,  1,  2,  4,  5,  7,  8, 11, 12, 22, 23, 25, 27, 28, 32, 35, 40, 42, 43, 45, 47] < [ 3,  6,  9, 10, 13, 21, 24, 26, 29, 30, 31, 33, 34, 36, 37, 38, 39, 41, 44, 46, 48]
    W2: [ 0,  1,  2,  4,  9, 10, 13, 16, 17, 19, 20, 21, 24, 26, 32, 35, 44, 46, 48] > [ 3, 11, 12, 14, 15, 18, 22, 23, 25, 27, 33, 34, 36, 37, 38, 39, 45, 47, 49]
    W3: [ 0,  1,  3,  5, 13, 15, 19, 20, 21, 27, 29, 35, 40, 46, 48, 49] > [ 4,  7,  8, 11, 12, 16, 22, 23, 28, 31, 32, 36, 37, 41, 43, 47]
    W4: [ 0,  5,  6, 10, 11, 13, 14, 15, 21, 23, 24, 35, 40, 41, 43, 48] > [ 3,  4,  8,  9, 16, 18, 19, 26, 29, 32, 34, 36, 38, 45, 46, 49]
    Truth table row=[>, <, >, >, >] ix=188 result=[21+] is correct

Test 22-:
    W0: [ 0,  1,  2,  4,  5,  7,  8, 11, 12, 18, 21, 24, 26, 29, 30, 31, 33, 34] > [ 3,  6,  9, 10, 13, 14, 15, 16, 17, 19, 20, 22, 23, 25, 27, 28, 32, 35]
    W1: [ 0,  1,  2,  4,  5,  7,  8, 11, 12, 22, 23, 25, 27, 28, 32, 35, 40, 42, 43, 45, 47] < [ 3,  6,  9, 10, 13, 21, 24, 26, 29, 30, 31, 33, 34, 36, 37, 38, 39, 41, 44, 46, 48]
    W2: [ 0,  1,  2,  4,  9, 10, 13, 16, 17, 19, 20, 21, 24, 26, 32, 35, 44, 46, 48] > [ 3, 11, 12, 14, 15, 18, 22, 23, 25, 27, 33, 34, 36, 37, 38, 39, 45, 47, 49]
    W3: [ 0,  1,  3,  5, 13, 15, 19, 20, 21, 27, 29, 35, 40, 46, 48, 49] > [ 4,  7,  8, 11, 12, 16, 22, 23, 28, 31, 32, 36, 37, 41, 43, 47]
    W4: [ 0,  5,  6, 10, 11, 13, 14, 15, 21, 23, 24, 35, 40, 41, 43, 48] = [ 3,  4,  8,  9, 16, 18, 19, 26, 29, 32, 34, 36, 38, 45, 46, 49]
    Truth table row=[>, <, >, >, =] ix=187 result=[22-] is correct

Test 22+:
    W0: [ 0,  1,  2,  4,  5,  7,  8, 11, 12, 18, 21, 24, 26, 29, 30, 31, 33, 34] < [ 3,  6,  9, 10, 13, 14, 15, 16, 17, 19, 20, 22, 23, 25, 27, 28, 32, 35]
    W1: [ 0,  1,  2,  4,  5,  7,  8, 11, 12, 22, 23, 25, 27, 28, 32, 35, 40, 42, 43, 45, 47] > [ 3,  6,  9, 10, 13, 21, 24, 26, 29, 30, 31, 33, 34, 36, 37, 38, 39, 41, 44, 46, 48]
    W2: [ 0,  1,  2,  4,  9, 10, 13, 16, 17, 19, 20, 21, 24, 26, 32, 35, 44, 46, 48] < [ 3, 11, 12, 14, 15, 18, 22, 23, 25, 27, 33, 34, 36, 37, 38, 39, 45, 47, 49]
    W3: [ 0,  1,  3,  5, 13, 15, 19, 20, 21, 27, 29, 35, 40, 46, 48, 49] < [ 4,  7,  8, 11, 12, 16, 22, 23, 28, 31, 32, 36, 37, 41, 43, 47]
    W4: [ 0,  5,  6, 10, 11, 13, 14, 15, 21, 23, 24, 35, 40, 41, 43, 48] = [ 3,  4,  8,  9, 16, 18, 19, 26, 29, 32, 34, 36, 38, 45, 46, 49]
    Truth table row=[<, >, <, <, =] ix=55 result=[22+] is correct

Test 23-:
    W0: [ 0,  1,  2,  4,  5,  7,  8, 11, 12, 18, 21, 24, 26, 29, 30, 31, 33, 34] > [ 3,  6,  9, 10, 13, 14, 15, 16, 17, 19, 20, 22, 23, 25, 27, 28, 32, 35]
    W1: [ 0,  1,  2,  4,  5,  7,  8, 11, 12, 22, 23, 25, 27, 28, 32, 35, 40, 42, 43, 45, 47] < [ 3,  6,  9, 10, 13, 21, 24, 26, 29, 30, 31, 33, 34, 36, 37, 38, 39, 41, 44, 46, 48]
    W2: [ 0,  1,  2,  4,  9, 10, 13, 16, 17, 19, 20, 21, 24, 26, 32, 35, 44, 46, 48] > [ 3, 11, 12, 14, 15, 18, 22, 23, 25, 27, 33, 34, 36, 37, 38, 39, 45, 47, 49]
    W3: [ 0,  1,  3,  5, 13, 15, 19, 20, 21, 27, 29, 35, 40, 46, 48, 49] > [ 4,  7,  8, 11, 12, 16, 22, 23, 28, 31, 32, 36, 37, 41, 43, 47]
    W4: [ 0,  5,  6, 10, 11, 13, 14, 15, 21, 23, 24, 35, 40, 41, 43, 48] < [ 3,  4,  8,  9, 16, 18, 19, 26, 29, 32, 34, 36, 38, 45, 46, 49]
    Truth table row=[>, <, >, >, <] ix=186 result=[23-] is correct

Test 23+:
    W0: [ 0,  1,  2,  4,  5,  7,  8, 11, 12, 18, 21, 24, 26, 29, 30, 31, 33, 34] < [ 3,  6,  9, 10, 13, 14, 15, 16, 17, 19, 20, 22, 23, 25, 27, 28, 32, 35]
    W1: [ 0,  1,  2,  4,  5,  7,  8, 11, 12, 22, 23, 25, 27, 28, 32, 35, 40, 42, 43, 45, 47] > [ 3,  6,  9, 10, 13, 21, 24, 26, 29, 30, 31, 33, 34, 36, 37, 38, 39, 41, 44, 46, 48]
    W2: [ 0,  1,  2,  4,  9, 10, 13, 16, 17, 19, 20, 21, 24, 26, 32, 35, 44, 46, 48] < [ 3, 11, 12, 14, 15, 18, 22, 23, 25, 27, 33, 34, 36, 37, 38, 39, 45, 47, 49]
    W3: [ 0,  1,  3,  5, 13, 15, 19, 20, 21, 27, 29, 35, 40, 46, 48, 49] < [ 4,  7,  8, 11, 12, 16, 22, 23, 28, 31, 32, 36, 37, 41, 43, 47]
    W4: [ 0,  5,  6, 10, 11, 13, 14, 15, 21, 23, 24, 35, 40, 41, 43, 48] > [ 3,  4,  8,  9, 16, 18, 19, 26, 29, 32, 34, 36, 38, 45, 46, 49]
    Truth table row=[<, >, <, <, >] ix=56 result=[23+] is correct

Test 24-:
    W0: [ 0,  1,  2,  4,  5,  7,  8, 11, 12, 18, 21, 24, 26, 29, 30, 31, 33, 34] < [ 3,  6,  9, 10, 13, 14, 15, 16, 17, 19, 20, 22, 23, 25, 27, 28, 32, 35]
    W1: [ 0,  1,  2,  4,  5,  7,  8, 11, 12, 22, 23, 25, 27, 28, 32, 35, 40, 42, 43, 45, 47] > [ 3,  6,  9, 10, 13, 21, 24, 26, 29, 30, 31, 33, 34, 36, 37, 38, 39, 41, 44, 46, 48]
    W2: [ 0,  1,  2,  4,  9, 10, 13, 16, 17, 19, 20, 21, 24, 26, 32, 35, 44, 46, 48] < [ 3, 11, 12, 14, 15, 18, 22, 23, 25, 27, 33, 34, 36, 37, 38, 39, 45, 47, 49]
    W3: [ 0,  1,  3,  5, 13, 15, 19, 20, 21, 27, 29, 35, 40, 46, 48, 49] = [ 4,  7,  8, 11, 12, 16, 22, 23, 28, 31, 32, 36, 37, 41, 43, 47]
    W4: [ 0,  5,  6, 10, 11, 13, 14, 15, 21, 23, 24, 35, 40, 41, 43, 48] < [ 3,  4,  8,  9, 16, 18, 19, 26, 29, 32, 34, 36, 38, 45, 46, 49]
    Truth table row=[<, >, <, =, <] ix=57 result=[24-] is correct

Test 24+:
    W0: [ 0,  1,  2,  4,  5,  7,  8, 11, 12, 18, 21, 24, 26, 29, 30, 31, 33, 34] > [ 3,  6,  9, 10, 13, 14, 15, 16, 17, 19, 20, 22, 23, 25, 27, 28, 32, 35]
    W1: [ 0,  1,  2,  4,  5,  7,  8, 11, 12, 22, 23, 25, 27, 28, 32, 35, 40, 42, 43, 45, 47] < [ 3,  6,  9, 10, 13, 21, 24, 26, 29, 30, 31, 33, 34, 36, 37, 38, 39, 41, 44, 46, 48]
    W2: [ 0,  1,  2,  4,  9, 10, 13, 16, 17, 19, 20, 21, 24, 26, 32, 35, 44, 46, 48] > [ 3, 11, 12, 14, 15, 18, 22, 23, 25, 27, 33, 34, 36, 37, 38, 39, 45, 47, 49]
    W3: [ 0,  1,  3,  5, 13, 15, 19, 20, 21, 27, 29, 35, 40, 46, 48, 49] = [ 4,  7,  8, 11, 12, 16, 22, 23, 28, 31, 32, 36, 37, 41, 43, 47]
    W4: [ 0,  5,  6, 10, 11, 13, 14, 15, 21, 23, 24, 35, 40, 41, 43, 48] > [ 3,  4,  8,  9, 16, 18, 19, 26, 29, 32, 34, 36, 38, 45, 46, 49]
    Truth table row=[>, <, >, =, >] ix=185 result=[24+] is correct

Test 25-:
    W0: [ 0,  1,  2,  4,  5,  7,  8, 11, 12, 18, 21, 24, 26, 29, 30, 31, 33, 34] > [ 3,  6,  9, 10, 13, 14, 15, 16, 17, 19, 20, 22, 23, 25, 27, 28, 32, 35]
    W1: [ 0,  1,  2,  4,  5,  7,  8, 11, 12, 22, 23, 25, 27, 28, 32, 35, 40, 42, 43, 45, 47] < [ 3,  6,  9, 10, 13, 21, 24, 26, 29, 30, 31, 33, 34, 36, 37, 38, 39, 41, 44, 46, 48]
    W2: [ 0,  1,  2,  4,  9, 10, 13, 16, 17, 19, 20, 21, 24, 26, 32, 35, 44, 46, 48] > [ 3, 11, 12, 14, 15, 18, 22, 23, 25, 27, 33, 34, 36, 37, 38, 39, 45, 47, 49]
    W3: [ 0,  1,  3,  5, 13, 15, 19, 20, 21, 27, 29, 35, 40, 46, 48, 49] = [ 4,  7,  8, 11, 12, 16, 22, 23, 28, 31, 32, 36, 37, 41, 43, 47]
    W4: [ 0,  5,  6, 10, 11, 13, 14, 15, 21, 23, 24, 35, 40, 41, 43, 48] = [ 3,  4,  8,  9, 16, 18, 19, 26, 29, 32, 34, 36, 38, 45, 46, 49]
    Truth table row=[>, <, >, =, =] ix=184 result=[25-] is correct

Test 25+:
    W0: [ 0,  1,  2,  4,  5,  7,  8, 11, 12, 18, 21, 24, 26, 29, 30, 31, 33, 34] < [ 3,  6,  9, 10, 13, 14, 15, 16, 17, 19, 20, 22, 23, 25, 27, 28, 32, 35]
    W1: [ 0,  1,  2,  4,  5,  7,  8, 11, 12, 22, 23, 25, 27, 28, 32, 35, 40, 42, 43, 45, 47] > [ 3,  6,  9, 10, 13, 21, 24, 26, 29, 30, 31, 33, 34, 36, 37, 38, 39, 41, 44, 46, 48]
    W2: [ 0,  1,  2,  4,  9, 10, 13, 16, 17, 19, 20, 21, 24, 26, 32, 35, 44, 46, 48] < [ 3, 11, 12, 14, 15, 18, 22, 23, 25, 27, 33, 34, 36, 37, 38, 39, 45, 47, 49]
    W3: [ 0,  1,  3,  5, 13, 15, 19, 20, 21, 27, 29, 35, 40, 46, 48, 49] = [ 4,  7,  8, 11, 12, 16, 22, 23, 28, 31, 32, 36, 37, 41, 43, 47]
    W4: [ 0,  5,  6, 10, 11, 13, 14, 15, 21, 23, 24, 35, 40, 41, 43, 48] = [ 3,  4,  8,  9, 16, 18, 19, 26, 29, 32, 34, 36, 38, 45, 46, 49]
    Truth table row=[<, >, <, =, =] ix=58 result=[25+] is correct

Test 26-:
    W0: [ 0,  1,  2,  4,  5,  7,  8, 11, 12, 18, 21, 24, 26, 29, 30, 31, 33, 34] < [ 3,  6,  9, 10, 13, 14, 15, 16, 17, 19, 20, 22, 23, 25, 27, 28, 32, 35]
    W1: [ 0,  1,  2,  4,  5,  7,  8, 11, 12, 22, 23, 25, 27, 28, 32, 35, 40, 42, 43, 45, 47] > [ 3,  6,  9, 10, 13, 21, 24, 26, 29, 30, 31, 33, 34, 36, 37, 38, 39, 41, 44, 46, 48]
    W2: [ 0,  1,  2,  4,  9, 10, 13, 16, 17, 19, 20, 21, 24, 26, 32, 35, 44, 46, 48] < [ 3, 11, 12, 14, 15, 18, 22, 23, 25, 27, 33, 34, 36, 37, 38, 39, 45, 47, 49]
    W3: [ 0,  1,  3,  5, 13, 15, 19, 20, 21, 27, 29, 35, 40, 46, 48, 49] = [ 4,  7,  8, 11, 12, 16, 22, 23, 28, 31, 32, 36, 37, 41, 43, 47]
    W4: [ 0,  5,  6, 10, 11, 13, 14, 15, 21, 23, 24, 35, 40, 41, 43, 48] > [ 3,  4,  8,  9, 16, 18, 19, 26, 29, 32, 34, 36, 38, 45, 46, 49]
    Truth table row=[<, >, <, =, >] ix=59 result=[26-] is correct

Test 26+:
    W0: [ 0,  1,  2,  4,  5,  7,  8, 11, 12, 18, 21, 24, 26, 29, 30, 31, 33, 34] > [ 3,  6,  9, 10, 13, 14, 15, 16, 17, 19, 20, 22, 23, 25, 27, 28, 32, 35]
    W1: [ 0,  1,  2,  4,  5,  7,  8, 11, 12, 22, 23, 25, 27, 28, 32, 35, 40, 42, 43, 45, 47] < [ 3,  6,  9, 10, 13, 21, 24, 26, 29, 30, 31, 33, 34, 36, 37, 38, 39, 41, 44, 46, 48]
    W2: [ 0,  1,  2,  4,  9, 10, 13, 16, 17, 19, 20, 21, 24, 26, 32, 35, 44, 46, 48] > [ 3, 11, 12, 14, 15, 18, 22, 23, 25, 27, 33, 34, 36, 37, 38, 39, 45, 47, 49]
    W3: [ 0,  1,  3,  5, 13, 15, 19, 20, 21, 27, 29, 35, 40, 46, 48, 49] = [ 4,  7,  8, 11, 12, 16, 22, 23, 28, 31, 32, 36, 37, 41, 43, 47]
    W4: [ 0,  5,  6, 10, 11, 13, 14, 15, 21, 23, 24, 35, 40, 41, 43, 48] < [ 3,  4,  8,  9, 16, 18, 19, 26, 29, 32, 34, 36, 38, 45, 46, 49]
    Truth table row=[>, <, >, =, <] ix=183 result=[26+] is correct

Test 27-:
    W0: [ 0,  1,  2,  4,  5,  7,  8, 11, 12, 18, 21, 24, 26, 29, 30, 31, 33, 34] > [ 3,  6,  9, 10, 13, 14, 15, 16, 17, 19, 20, 22, 23, 25, 27, 28, 32, 35]
    W1: [ 0,  1,  2,  4,  5,  7,  8, 11, 12, 22, 23, 25, 27, 28, 32, 35, 40, 42, 43, 45, 47] < [ 3,  6,  9, 10, 13, 21, 24, 26, 29, 30, 31, 33, 34, 36, 37, 38, 39, 41, 44, 46, 48]
    W2: [ 0,  1,  2,  4,  9, 10, 13, 16, 17, 19, 20, 21, 24, 26, 32, 35, 44, 46, 48] > [ 3, 11, 12, 14, 15, 18, 22, 23, 25, 27, 33, 34, 36, 37, 38, 39, 45, 47, 49]
    W3: [ 0,  1,  3,  5, 13, 15, 19, 20, 21, 27, 29, 35, 40, 46, 48, 49] < [ 4,  7,  8, 11, 12, 16, 22, 23, 28, 31, 32, 36, 37, 41, 43, 47]
    W4: [ 0,  5,  6, 10, 11, 13, 14, 15, 21, 23, 24, 35, 40, 41, 43, 48] = [ 3,  4,  8,  9, 16, 18, 19, 26, 29, 32, 34, 36, 38, 45, 46, 49]
    Truth table row=[>, <, >, <, =] ix=181 result=[27-] is correct

Test 27+:
    W0: [ 0,  1,  2,  4,  5,  7,  8, 11, 12, 18, 21, 24, 26, 29, 30, 31, 33, 34] < [ 3,  6,  9, 10, 13, 14, 15, 16, 17, 19, 20, 22, 23, 25, 27, 28, 32, 35]
    W1: [ 0,  1,  2,  4,  5,  7,  8, 11, 12, 22, 23, 25, 27, 28, 32, 35, 40, 42, 43, 45, 47] > [ 3,  6,  9, 10, 13, 21, 24, 26, 29, 30, 31, 33, 34, 36, 37, 38, 39, 41, 44, 46, 48]
    W2: [ 0,  1,  2,  4,  9, 10, 13, 16, 17, 19, 20, 21, 24, 26, 32, 35, 44, 46, 48] < [ 3, 11, 12, 14, 15, 18, 22, 23, 25, 27, 33, 34, 36, 37, 38, 39, 45, 47, 49]
    W3: [ 0,  1,  3,  5, 13, 15, 19, 20, 21, 27, 29, 35, 40, 46, 48, 49] > [ 4,  7,  8, 11, 12, 16, 22, 23, 28, 31, 32, 36, 37, 41, 43, 47]
    W4: [ 0,  5,  6, 10, 11, 13, 14, 15, 21, 23, 24, 35, 40, 41, 43, 48] = [ 3,  4,  8,  9, 16, 18, 19, 26, 29, 32, 34, 36, 38, 45, 46, 49]
    Truth table row=[<, >, <, >, =] ix=61 result=[27+] is correct

Test 28-:
    W0: [ 0,  1,  2,  4,  5,  7,  8, 11, 12, 18, 21, 24, 26, 29, 30, 31, 33, 34] > [ 3,  6,  9, 10, 13, 14, 15, 16, 17, 19, 20, 22, 23, 25, 27, 28, 32, 35]
    W1: [ 0,  1,  2,  4,  5,  7,  8, 11, 12, 22, 23, 25, 27, 28, 32, 35, 40, 42, 43, 45, 47] < [ 3,  6,  9, 10, 13, 21, 24, 26, 29, 30, 31, 33, 34, 36, 37, 38, 39, 41, 44, 46, 48]
    W2: [ 0,  1,  2,  4,  9, 10, 13, 16, 17, 19, 20, 21, 24, 26, 32, 35, 44, 46, 48] = [ 3, 11, 12, 14, 15, 18, 22, 23, 25, 27, 33, 34, 36, 37, 38, 39, 45, 47, 49]
    W3: [ 0,  1,  3,  5, 13, 15, 19, 20, 21, 27, 29, 35, 40, 46, 48, 49] > [ 4,  7,  8, 11, 12, 16, 22, 23, 28, 31, 32, 36, 37, 41, 43, 47]
    W4: [ 0,  5,  6, 10, 11, 13, 14, 15, 21, 23, 24, 35, 40, 41, 43, 48] = [ 3,  4,  8,  9, 16, 18, 19, 26, 29, 32, 34, 36, 38, 45, 46, 49]
    Truth table row=[>, <, =, >, =] ix=178 result=[28-] is correct

Test 28+:
    W0: [ 0,  1,  2,  4,  5,  7,  8, 11, 12, 18, 21, 24, 26, 29, 30, 31, 33, 34] < [ 3,  6,  9, 10, 13, 14, 15, 16, 17, 19, 20, 22, 23, 25, 27, 28, 32, 35]
    W1: [ 0,  1,  2,  4,  5,  7,  8, 11, 12, 22, 23, 25, 27, 28, 32, 35, 40, 42, 43, 45, 47] > [ 3,  6,  9, 10, 13, 21, 24, 26, 29, 30, 31, 33, 34, 36, 37, 38, 39, 41, 44, 46, 48]
    W2: [ 0,  1,  2,  4,  9, 10, 13, 16, 17, 19, 20, 21, 24, 26, 32, 35, 44, 46, 48] = [ 3, 11, 12, 14, 15, 18, 22, 23, 25, 27, 33, 34, 36, 37, 38, 39, 45, 47, 49]
    W3: [ 0,  1,  3,  5, 13, 15, 19, 20, 21, 27, 29, 35, 40, 46, 48, 49] < [ 4,  7,  8, 11, 12, 16, 22, 23, 28, 31, 32, 36, 37, 41, 43, 47]
    W4: [ 0,  5,  6, 10, 11, 13, 14, 15, 21, 23, 24, 35, 40, 41, 43, 48] = [ 3,  4,  8,  9, 16, 18, 19, 26, 29, 32, 34, 36, 38, 45, 46, 49]
    Truth table row=[<, >, =, <, =] ix=64 result=[28+] is correct

Test 29-:
    W0: [ 0,  1,  2,  4,  5,  7,  8, 11, 12, 18, 21, 24, 26, 29, 30, 31, 33, 34] < [ 3,  6,  9, 10, 13, 14, 15, 16, 17, 19, 20, 22, 23, 25, 27, 28, 32, 35]
    W1: [ 0,  1,  2,  4,  5,  7,  8, 11, 12, 22, 23, 25, 27, 28, 32, 35, 40, 42, 43, 45, 47] > [ 3,  6,  9, 10, 13, 21, 24, 26, 29, 30, 31, 33, 34, 36, 37, 38, 39, 41, 44, 46, 48]
    W2: [ 0,  1,  2,  4,  9, 10, 13, 16, 17, 19, 20, 21, 24, 26, 32, 35, 44, 46, 48] = [ 3, 11, 12, 14, 15, 18, 22, 23, 25, 27, 33, 34, 36, 37, 38, 39, 45, 47, 49]
    W3: [ 0,  1,  3,  5, 13, 15, 19, 20, 21, 27, 29, 35, 40, 46, 48, 49] < [ 4,  7,  8, 11, 12, 16, 22, 23, 28, 31, 32, 36, 37, 41, 43, 47]
    W4: [ 0,  5,  6, 10, 11, 13, 14, 15, 21, 23, 24, 35, 40, 41, 43, 48] > [ 3,  4,  8,  9, 16, 18, 19, 26, 29, 32, 34, 36, 38, 45, 46, 49]
    Truth table row=[<, >, =, <, >] ix=65 result=[29-] is correct

Test 29+:
    W0: [ 0,  1,  2,  4,  5,  7,  8, 11, 12, 18, 21, 24, 26, 29, 30, 31, 33, 34] > [ 3,  6,  9, 10, 13, 14, 15, 16, 17, 19, 20, 22, 23, 25, 27, 28, 32, 35]
    W1: [ 0,  1,  2,  4,  5,  7,  8, 11, 12, 22, 23, 25, 27, 28, 32, 35, 40, 42, 43, 45, 47] < [ 3,  6,  9, 10, 13, 21, 24, 26, 29, 30, 31, 33, 34, 36, 37, 38, 39, 41, 44, 46, 48]
    W2: [ 0,  1,  2,  4,  9, 10, 13, 16, 17, 19, 20, 21, 24, 26, 32, 35, 44, 46, 48] = [ 3, 11, 12, 14, 15, 18, 22, 23, 25, 27, 33, 34, 36, 37, 38, 39, 45, 47, 49]
    W3: [ 0,  1,  3,  5, 13, 15, 19, 20, 21, 27, 29, 35, 40, 46, 48, 49] > [ 4,  7,  8, 11, 12, 16, 22, 23, 28, 31, 32, 36, 37, 41, 43, 47]
    W4: [ 0,  5,  6, 10, 11, 13, 14, 15, 21, 23, 24, 35, 40, 41, 43, 48] < [ 3,  4,  8,  9, 16, 18, 19, 26, 29, 32, 34, 36, 38, 45, 46, 49]
    Truth table row=[>, <, =, >, <] ix=177 result=[29+] is correct

Test 30-:
    W0: [ 0,  1,  2,  4,  5,  7,  8, 11, 12, 18, 21, 24, 26, 29, 30, 31, 33, 34] < [ 3,  6,  9, 10, 13, 14, 15, 16, 17, 19, 20, 22, 23, 25, 27, 28, 32, 35]
    W1: [ 0,  1,  2,  4,  5,  7,  8, 11, 12, 22, 23, 25, 27, 28, 32, 35, 40, 42, 43, 45, 47] > [ 3,  6,  9, 10, 13, 21, 24, 26, 29, 30, 31, 33, 34, 36, 37, 38, 39, 41, 44, 46, 48]
    W2: [ 0,  1,  2,  4,  9, 10, 13, 16, 17, 19, 20, 21, 24, 26, 32, 35, 44, 46, 48] = [ 3, 11, 12, 14, 15, 18, 22, 23, 25, 27, 33, 34, 36, 37, 38, 39, 45, 47, 49]
    W3: [ 0,  1,  3,  5, 13, 15, 19, 20, 21, 27, 29, 35, 40, 46, 48, 49] = [ 4,  7,  8, 11, 12, 16, 22, 23, 28, 31, 32, 36, 37, 41, 43, 47]
    W4: [ 0,  5,  6, 10, 11, 13, 14, 15, 21, 23, 24, 35, 40, 41, 43, 48] = [ 3,  4,  8,  9, 16, 18, 19, 26, 29, 32, 34, 36, 38, 45, 46, 49]
    Truth table row=[<, >, =, =, =] ix=67 result=[30-] is correct

Test 30+:
    W0: [ 0,  1,  2,  4,  5,  7,  8, 11, 12, 18, 21, 24, 26, 29, 30, 31, 33, 34] > [ 3,  6,  9, 10, 13, 14, 15, 16, 17, 19, 20, 22, 23, 25, 27, 28, 32, 35]
    W1: [ 0,  1,  2,  4,  5,  7,  8, 11, 12, 22, 23, 25, 27, 28, 32, 35, 40, 42, 43, 45, 47] < [ 3,  6,  9, 10, 13, 21, 24, 26, 29, 30, 31, 33, 34, 36, 37, 38, 39, 41, 44, 46, 48]
    W2: [ 0,  1,  2,  4,  9, 10, 13, 16, 17, 19, 20, 21, 24, 26, 32, 35, 44, 46, 48] = [ 3, 11, 12, 14, 15, 18, 22, 23, 25, 27, 33, 34, 36, 37, 38, 39, 45, 47, 49]
    W3: [ 0,  1,  3,  5, 13, 15, 19, 20, 21, 27, 29, 35, 40, 46, 48, 49] = [ 4,  7,  8, 11, 12, 16, 22, 23, 28, 31, 32, 36, 37, 41, 43, 47]
    W4: [ 0,  5,  6, 10, 11, 13, 14, 15, 21, 23, 24, 35, 40, 41, 43, 48] = [ 3,  4,  8,  9, 16, 18, 19, 26, 29, 32, 34, 36, 38, 45, 46, 49]
    Truth table row=[>, <, =, =, =] ix=175 result=[30+] is correct

Test 31-:
    W0: [ 0,  1,  2,  4,  5,  7,  8, 11, 12, 18, 21, 24, 26, 29, 30, 31, 33, 34] < [ 3,  6,  9, 10, 13, 14, 15, 16, 17, 19, 20, 22, 23, 25, 27, 28, 32, 35]
    W1: [ 0,  1,  2,  4,  5,  7,  8, 11, 12, 22, 23, 25, 27, 28, 32, 35, 40, 42, 43, 45, 47] > [ 3,  6,  9, 10, 13, 21, 24, 26, 29, 30, 31, 33, 34, 36, 37, 38, 39, 41, 44, 46, 48]
    W2: [ 0,  1,  2,  4,  9, 10, 13, 16, 17, 19, 20, 21, 24, 26, 32, 35, 44, 46, 48] = [ 3, 11, 12, 14, 15, 18, 22, 23, 25, 27, 33, 34, 36, 37, 38, 39, 45, 47, 49]
    W3: [ 0,  1,  3,  5, 13, 15, 19, 20, 21, 27, 29, 35, 40, 46, 48, 49] > [ 4,  7,  8, 11, 12, 16, 22, 23, 28, 31, 32, 36, 37, 41, 43, 47]
    W4: [ 0,  5,  6, 10, 11, 13, 14, 15, 21, 23, 24, 35, 40, 41, 43, 48] = [ 3,  4,  8,  9, 16, 18, 19, 26, 29, 32, 34, 36, 38, 45, 46, 49]
    Truth table row=[<, >, =, >, =] ix=70 result=[31-] is correct

Test 31+:
    W0: [ 0,  1,  2,  4,  5,  7,  8, 11, 12, 18, 21, 24, 26, 29, 30, 31, 33, 34] > [ 3,  6,  9, 10, 13, 14, 15, 16, 17, 19, 20, 22, 23, 25, 27, 28, 32, 35]
    W1: [ 0,  1,  2,  4,  5,  7,  8, 11, 12, 22, 23, 25, 27, 28, 32, 35, 40, 42, 43, 45, 47] < [ 3,  6,  9, 10, 13, 21, 24, 26, 29, 30, 31, 33, 34, 36, 37, 38, 39, 41, 44, 46, 48]
    W2: [ 0,  1,  2,  4,  9, 10, 13, 16, 17, 19, 20, 21, 24, 26, 32, 35, 44, 46, 48] = [ 3, 11, 12, 14, 15, 18, 22, 23, 25, 27, 33, 34, 36, 37, 38, 39, 45, 47, 49]
    W3: [ 0,  1,  3,  5, 13, 15, 19, 20, 21, 27, 29, 35, 40, 46, 48, 49] < [ 4,  7,  8, 11, 12, 16, 22, 23, 28, 31, 32, 36, 37, 41, 43, 47]
    W4: [ 0,  5,  6, 10, 11, 13, 14, 15, 21, 23, 24, 35, 40, 41, 43, 48] = [ 3,  4,  8,  9, 16, 18, 19, 26, 29, 32, 34, 36, 38, 45, 46, 49]
    Truth table row=[>, <, =, <, =] ix=172 result=[31+] is correct

Test 32-:
    W0: [ 0,  1,  2,  4,  5,  7,  8, 11, 12, 18, 21, 24, 26, 29, 30, 31, 33, 34] > [ 3,  6,  9, 10, 13, 14, 15, 16, 17, 19, 20, 22, 23, 25, 27, 28, 32, 35]
    W1: [ 0,  1,  2,  4,  5,  7,  8, 11, 12, 22, 23, 25, 27, 28, 32, 35, 40, 42, 43, 45, 47] < [ 3,  6,  9, 10, 13, 21, 24, 26, 29, 30, 31, 33, 34, 36, 37, 38, 39, 41, 44, 46, 48]
    W2: [ 0,  1,  2,  4,  9, 10, 13, 16, 17, 19, 20, 21, 24, 26, 32, 35, 44, 46, 48] < [ 3, 11, 12, 14, 15, 18, 22, 23, 25, 27, 33, 34, 36, 37, 38, 39, 45, 47, 49]
    W3: [ 0,  1,  3,  5, 13, 15, 19, 20, 21, 27, 29, 35, 40, 46, 48, 49] > [ 4,  7,  8, 11, 12, 16, 22, 23, 28, 31, 32, 36, 37, 41, 43, 47]
    W4: [ 0,  5,  6, 10, 11, 13, 14, 15, 21, 23, 24, 35, 40, 41, 43, 48] > [ 3,  4,  8,  9, 16, 18, 19, 26, 29, 32, 34, 36, 38, 45, 46, 49]
    Truth table row=[>, <, <, >, >] ix=170 result=[32-] is correct

Test 32+:
    W0: [ 0,  1,  2,  4,  5,  7,  8, 11, 12, 18, 21, 24, 26, 29, 30, 31, 33, 34] < [ 3,  6,  9, 10, 13, 14, 15, 16, 17, 19, 20, 22, 23, 25, 27, 28, 32, 35]
    W1: [ 0,  1,  2,  4,  5,  7,  8, 11, 12, 22, 23, 25, 27, 28, 32, 35, 40, 42, 43, 45, 47] > [ 3,  6,  9, 10, 13, 21, 24, 26, 29, 30, 31, 33, 34, 36, 37, 38, 39, 41, 44, 46, 48]
    W2: [ 0,  1,  2,  4,  9, 10, 13, 16, 17, 19, 20, 21, 24, 26, 32, 35, 44, 46, 48] > [ 3, 11, 12, 14, 15, 18, 22, 23, 25, 27, 33, 34, 36, 37, 38, 39, 45, 47, 49]
    W3: [ 0,  1,  3,  5, 13, 15, 19, 20, 21, 27, 29, 35, 40, 46, 48, 49] < [ 4,  7,  8, 11, 12, 16, 22, 23, 28, 31, 32, 36, 37, 41, 43, 47]
    W4: [ 0,  5,  6, 10, 11, 13, 14, 15, 21, 23, 24, 35, 40, 41, 43, 48] < [ 3,  4,  8,  9, 16, 18, 19, 26, 29, 32, 34, 36, 38, 45, 46, 49]
    Truth table row=[<, >, >, <, <] ix=72 result=[32+] is correct

Test 33-:
    W0: [ 0,  1,  2,  4,  5,  7,  8, 11, 12, 18, 21, 24, 26, 29, 30, 31, 33, 34] < [ 3,  6,  9, 10, 13, 14, 15, 16, 17, 19, 20, 22, 23, 25, 27, 28, 32, 35]
    W1: [ 0,  1,  2,  4,  5,  7,  8, 11, 12, 22, 23, 25, 27, 28, 32, 35, 40, 42, 43, 45, 47] > [ 3,  6,  9, 10, 13, 21, 24, 26, 29, 30, 31, 33, 34, 36, 37, 38, 39, 41, 44, 46, 48]
    W2: [ 0,  1,  2,  4,  9, 10, 13, 16, 17, 19, 20, 21, 24, 26, 32, 35, 44, 46, 48] > [ 3, 11, 12, 14, 15, 18, 22, 23, 25, 27, 33, 34, 36, 37, 38, 39, 45, 47, 49]
    W3: [ 0,  1,  3,  5, 13, 15, 19, 20, 21, 27, 29, 35, 40, 46, 48, 49] = [ 4,  7,  8, 11, 12, 16, 22, 23, 28, 31, 32, 36, 37, 41, 43, 47]
    W4: [ 0,  5,  6, 10, 11, 13, 14, 15, 21, 23, 24, 35, 40, 41, 43, 48] = [ 3,  4,  8,  9, 16, 18, 19, 26, 29, 32, 34, 36, 38, 45, 46, 49]
    Truth table row=[<, >, >, =, =] ix=76 result=[33-] is correct

Test 33+:
    W0: [ 0,  1,  2,  4,  5,  7,  8, 11, 12, 18, 21, 24, 26, 29, 30, 31, 33, 34] > [ 3,  6,  9, 10, 13, 14, 15, 16, 17, 19, 20, 22, 23, 25, 27, 28, 32, 35]
    W1: [ 0,  1,  2,  4,  5,  7,  8, 11, 12, 22, 23, 25, 27, 28, 32, 35, 40, 42, 43, 45, 47] < [ 3,  6,  9, 10, 13, 21, 24, 26, 29, 30, 31, 33, 34, 36, 37, 38, 39, 41, 44, 46, 48]
    W2: [ 0,  1,  2,  4,  9, 10, 13, 16, 17, 19, 20, 21, 24, 26, 32, 35, 44, 46, 48] < [ 3, 11, 12, 14, 15, 18, 22, 23, 25, 27, 33, 34, 36, 37, 38, 39, 45, 47, 49]
    W3: [ 0,  1,  3,  5, 13, 15, 19, 20, 21, 27, 29, 35, 40, 46, 48, 49] = [ 4,  7,  8, 11, 12, 16, 22, 23, 28, 31, 32, 36, 37, 41, 43, 47]
    W4: [ 0,  5,  6, 10, 11, 13, 14, 15, 21, 23, 24, 35, 40, 41, 43, 48] = [ 3,  4,  8,  9, 16, 18, 19, 26, 29, 32, 34, 36, 38, 45, 46, 49]
    Truth table row=[>, <, <, =, =] ix=166 result=[33+] is correct

Test 34-:
    W0: [ 0,  1,  2,  4,  5,  7,  8, 11, 12, 18, 21, 24, 26, 29, 30, 31, 33, 34] < [ 3,  6,  9, 10, 13, 14, 15, 16, 17, 19, 20, 22, 23, 25, 27, 28, 32, 35]
    W1: [ 0,  1,  2,  4,  5,  7,  8, 11, 12, 22, 23, 25, 27, 28, 32, 35, 40, 42, 43, 45, 47] > [ 3,  6,  9, 10, 13, 21, 24, 26, 29, 30, 31, 33, 34, 36, 37, 38, 39, 41, 44, 46, 48]
    W2: [ 0,  1,  2,  4,  9, 10, 13, 16, 17, 19, 20, 21, 24, 26, 32, 35, 44, 46, 48] > [ 3, 11, 12, 14, 15, 18, 22, 23, 25, 27, 33, 34, 36, 37, 38, 39, 45, 47, 49]
    W3: [ 0,  1,  3,  5, 13, 15, 19, 20, 21, 27, 29, 35, 40, 46, 48, 49] = [ 4,  7,  8, 11, 12, 16, 22, 23, 28, 31, 32, 36, 37, 41, 43, 47]
    W4: [ 0,  5,  6, 10, 11, 13, 14, 15, 21, 23, 24, 35, 40, 41, 43, 48] > [ 3,  4,  8,  9, 16, 18, 19, 26, 29, 32, 34, 36, 38, 45, 46, 49]
    Truth table row=[<, >, >, =, >] ix=77 result=[34-] is correct

Test 34+:
    W0: [ 0,  1,  2,  4,  5,  7,  8, 11, 12, 18, 21, 24, 26, 29, 30, 31, 33, 34] > [ 3,  6,  9, 10, 13, 14, 15, 16, 17, 19, 20, 22, 23, 25, 27, 28, 32, 35]
    W1: [ 0,  1,  2,  4,  5,  7,  8, 11, 12, 22, 23, 25, 27, 28, 32, 35, 40, 42, 43, 45, 47] < [ 3,  6,  9, 10, 13, 21, 24, 26, 29, 30, 31, 33, 34, 36, 37, 38, 39, 41, 44, 46, 48]
    W2: [ 0,  1,  2,  4,  9, 10, 13, 16, 17, 19, 20, 21, 24, 26, 32, 35, 44, 46, 48] < [ 3, 11, 12, 14, 15, 18, 22, 23, 25, 27, 33, 34, 36, 37, 38, 39, 45, 47, 49]
    W3: [ 0,  1,  3,  5, 13, 15, 19, 20, 21, 27, 29, 35, 40, 46, 48, 49] = [ 4,  7,  8, 11, 12, 16, 22, 23, 28, 31, 32, 36, 37, 41, 43, 47]
    W4: [ 0,  5,  6, 10, 11, 13, 14, 15, 21, 23, 24, 35, 40, 41, 43, 48] < [ 3,  4,  8,  9, 16, 18, 19, 26, 29, 32, 34, 36, 38, 45, 46, 49]
    Truth table row=[>, <, <, =, <] ix=165 result=[34+] is correct

Test 35-:
    W0: [ 0,  1,  2,  4,  5,  7,  8, 11, 12, 18, 21, 24, 26, 29, 30, 31, 33, 34] > [ 3,  6,  9, 10, 13, 14, 15, 16, 17, 19, 20, 22, 23, 25, 27, 28, 32, 35]
    W1: [ 0,  1,  2,  4,  5,  7,  8, 11, 12, 22, 23, 25, 27, 28, 32, 35, 40, 42, 43, 45, 47] < [ 3,  6,  9, 10, 13, 21, 24, 26, 29, 30, 31, 33, 34, 36, 37, 38, 39, 41, 44, 46, 48]
    W2: [ 0,  1,  2,  4,  9, 10, 13, 16, 17, 19, 20, 21, 24, 26, 32, 35, 44, 46, 48] < [ 3, 11, 12, 14, 15, 18, 22, 23, 25, 27, 33, 34, 36, 37, 38, 39, 45, 47, 49]
    W3: [ 0,  1,  3,  5, 13, 15, 19, 20, 21, 27, 29, 35, 40, 46, 48, 49] < [ 4,  7,  8, 11, 12, 16, 22, 23, 28, 31, 32, 36, 37, 41, 43, 47]
    W4: [ 0,  5,  6, 10, 11, 13, 14, 15, 21, 23, 24, 35, 40, 41, 43, 48] < [ 3,  4,  8,  9, 16, 18, 19, 26, 29, 32, 34, 36, 38, 45, 46, 49]
    Truth table row=[>, <, <, <, <] ix=162 result=[35-] is correct

Test 35+:
    W0: [ 0,  1,  2,  4,  5,  7,  8, 11, 12, 18, 21, 24, 26, 29, 30, 31, 33, 34] < [ 3,  6,  9, 10, 13, 14, 15, 16, 17, 19, 20, 22, 23, 25, 27, 28, 32, 35]
    W1: [ 0,  1,  2,  4,  5,  7,  8, 11, 12, 22, 23, 25, 27, 28, 32, 35, 40, 42, 43, 45, 47] > [ 3,  6,  9, 10, 13, 21, 24, 26, 29, 30, 31, 33, 34, 36, 37, 38, 39, 41, 44, 46, 48]
    W2: [ 0,  1,  2,  4,  9, 10, 13, 16, 17, 19, 20, 21, 24, 26, 32, 35, 44, 46, 48] > [ 3, 11, 12, 14, 15, 18, 22, 23, 25, 27, 33, 34, 36, 37, 38, 39, 45, 47, 49]
    W3: [ 0,  1,  3,  5, 13, 15, 19, 20, 21, 27, 29, 35, 40, 46, 48, 49] > [ 4,  7,  8, 11, 12, 16, 22, 23, 28, 31, 32, 36, 37, 41, 43, 47]
    W4: [ 0,  5,  6, 10, 11, 13, 14, 15, 21, 23, 24, 35, 40, 41, 43, 48] > [ 3,  4,  8,  9, 16, 18, 19, 26, 29, 32, 34, 36, 38, 45, 46, 49]
    Truth table row=[<, >, >, >, >] ix=80 result=[35+] is correct

Test 36-:
    W0: [ 0,  1,  2,  4,  5,  7,  8, 11, 12, 18, 21, 24, 26, 29, 30, 31, 33, 34] = [ 3,  6,  9, 10, 13, 14, 15, 16, 17, 19, 20, 22, 23, 25, 27, 28, 32, 35]
    W1: [ 0,  1,  2,  4,  5,  7,  8, 11, 12, 22, 23, 25, 27, 28, 32, 35, 40, 42, 43, 45, 47] > [ 3,  6,  9, 10, 13, 21, 24, 26, 29, 30, 31, 33, 34, 36, 37, 38, 39, 41, 44, 46, 48]
    W2: [ 0,  1,  2,  4,  9, 10, 13, 16, 17, 19, 20, 21, 24, 26, 32, 35, 44, 46, 48] > [ 3, 11, 12, 14, 15, 18, 22, 23, 25, 27, 33, 34, 36, 37, 38, 39, 45, 47, 49]
    W3: [ 0,  1,  3,  5, 13, 15, 19, 20, 21, 27, 29, 35, 40, 46, 48, 49] > [ 4,  7,  8, 11, 12, 16, 22, 23, 28, 31, 32, 36, 37, 41, 43, 47]
    W4: [ 0,  5,  6, 10, 11, 13, 14, 15, 21, 23, 24, 35, 40, 41, 43, 48] > [ 3,  4,  8,  9, 16, 18, 19, 26, 29, 32, 34, 36, 38, 45, 46, 49]
    Truth table row=[=, >, >, >, >] ix=161 result=[36-] is correct

Test 36+:
    W0: [ 0,  1,  2,  4,  5,  7,  8, 11, 12, 18, 21, 24, 26, 29, 30, 31, 33, 34] = [ 3,  6,  9, 10, 13, 14, 15, 16, 17, 19, 20, 22, 23, 25, 27, 28, 32, 35]
    W1: [ 0,  1,  2,  4,  5,  7,  8, 11, 12, 22, 23, 25, 27, 28, 32, 35, 40, 42, 43, 45, 47] < [ 3,  6,  9, 10, 13, 21, 24, 26, 29, 30, 31, 33, 34, 36, 37, 38, 39, 41, 44, 46, 48]
    W2: [ 0,  1,  2,  4,  9, 10, 13, 16, 17, 19, 20, 21, 24, 26, 32, 35, 44, 46, 48] < [ 3, 11, 12, 14, 15, 18, 22, 23, 25, 27, 33, 34, 36, 37, 38, 39, 45, 47, 49]
    W3: [ 0,  1,  3,  5, 13, 15, 19, 20, 21, 27, 29, 35, 40, 46, 48, 49] < [ 4,  7,  8, 11, 12, 16, 22, 23, 28, 31, 32, 36, 37, 41, 43, 47]
    W4: [ 0,  5,  6, 10, 11, 13, 14, 15, 21, 23, 24, 35, 40, 41, 43, 48] < [ 3,  4,  8,  9, 16, 18, 19, 26, 29, 32, 34, 36, 38, 45, 46, 49]
    Truth table row=[=, <, <, <, <] ix=81 result=[36+] is correct

Test 37-:
    W0: [ 0,  1,  2,  4,  5,  7,  8, 11, 12, 18, 21, 24, 26, 29, 30, 31, 33, 34] = [ 3,  6,  9, 10, 13, 14, 15, 16, 17, 19, 20, 22, 23, 25, 27, 28, 32, 35]
    W1: [ 0,  1,  2,  4,  5,  7,  8, 11, 12, 22, 23, 25, 27, 28, 32, 35, 40, 42, 43, 45, 47] > [ 3,  6,  9, 10, 13, 21, 24, 26, 29, 30, 31, 33, 34, 36, 37, 38, 39, 41, 44, 46, 48]
    W2: [ 0,  1,  2,  4,  9, 10, 13, 16, 17, 19, 20, 21, 24, 26, 32, 35, 44, 46, 48] > [ 3, 11, 12, 14, 15, 18, 22, 23, 25, 27, 33, 34, 36, 37, 38, 39, 45, 47, 49]
    W3: [ 0,  1,  3,  5, 13, 15, 19, 20, 21, 27, 29, 35, 40, 46, 48, 49] > [ 4,  7,  8, 11, 12, 16, 22, 23, 28, 31, 32, 36, 37, 41, 43, 47]
    W4: [ 0,  5,  6, 10, 11, 13, 14, 15, 21, 23, 24, 35, 40, 41, 43, 48] = [ 3,  4,  8,  9, 16, 18, 19, 26, 29, 32, 34, 36, 38, 45, 46, 49]
    Truth table row=[=, >, >, >, =] ix=160 result=[37-] is correct

Test 37+:
    W0: [ 0,  1,  2,  4,  5,  7,  8, 11, 12, 18, 21, 24, 26, 29, 30, 31, 33, 34] = [ 3,  6,  9, 10, 13, 14, 15, 16, 17, 19, 20, 22, 23, 25, 27, 28, 32, 35]
    W1: [ 0,  1,  2,  4,  5,  7,  8, 11, 12, 22, 23, 25, 27, 28, 32, 35, 40, 42, 43, 45, 47] < [ 3,  6,  9, 10, 13, 21, 24, 26, 29, 30, 31, 33, 34, 36, 37, 38, 39, 41, 44, 46, 48]
    W2: [ 0,  1,  2,  4,  9, 10, 13, 16, 17, 19, 20, 21, 24, 26, 32, 35, 44, 46, 48] < [ 3, 11, 12, 14, 15, 18, 22, 23, 25, 27, 33, 34, 36, 37, 38, 39, 45, 47, 49]
    W3: [ 0,  1,  3,  5, 13, 15, 19, 20, 21, 27, 29, 35, 40, 46, 48, 49] < [ 4,  7,  8, 11, 12, 16, 22, 23, 28, 31, 32, 36, 37, 41, 43, 47]
    W4: [ 0,  5,  6, 10, 11, 13, 14, 15, 21, 23, 24, 35, 40, 41, 43, 48] = [ 3,  4,  8,  9, 16, 18, 19, 26, 29, 32, 34, 36, 38, 45, 46, 49]
    Truth table row=[=, <, <, <, =] ix=82 result=[37+] is correct

Test 38-:
    W0: [ 0,  1,  2,  4,  5,  7,  8, 11, 12, 18, 21, 24, 26, 29, 30, 31, 33, 34] = [ 3,  6,  9, 10, 13, 14, 15, 16, 17, 19, 20, 22, 23, 25, 27, 28, 32, 35]
    W1: [ 0,  1,  2,  4,  5,  7,  8, 11, 12, 22, 23, 25, 27, 28, 32, 35, 40, 42, 43, 45, 47] > [ 3,  6,  9, 10, 13, 21, 24, 26, 29, 30, 31, 33, 34, 36, 37, 38, 39, 41, 44, 46, 48]
    W2: [ 0,  1,  2,  4,  9, 10, 13, 16, 17, 19, 20, 21, 24, 26, 32, 35, 44, 46, 48] > [ 3, 11, 12, 14, 15, 18, 22, 23, 25, 27, 33, 34, 36, 37, 38, 39, 45, 47, 49]
    W3: [ 0,  1,  3,  5, 13, 15, 19, 20, 21, 27, 29, 35, 40, 46, 48, 49] = [ 4,  7,  8, 11, 12, 16, 22, 23, 28, 31, 32, 36, 37, 41, 43, 47]
    W4: [ 0,  5,  6, 10, 11, 13, 14, 15, 21, 23, 24, 35, 40, 41, 43, 48] > [ 3,  4,  8,  9, 16, 18, 19, 26, 29, 32, 34, 36, 38, 45, 46, 49]
    Truth table row=[=, >, >, =, >] ix=158 result=[38-] is correct

Test 38+:
    W0: [ 0,  1,  2,  4,  5,  7,  8, 11, 12, 18, 21, 24, 26, 29, 30, 31, 33, 34] = [ 3,  6,  9, 10, 13, 14, 15, 16, 17, 19, 20, 22, 23, 25, 27, 28, 32, 35]
    W1: [ 0,  1,  2,  4,  5,  7,  8, 11, 12, 22, 23, 25, 27, 28, 32, 35, 40, 42, 43, 45, 47] < [ 3,  6,  9, 10, 13, 21, 24, 26, 29, 30, 31, 33, 34, 36, 37, 38, 39, 41, 44, 46, 48]
    W2: [ 0,  1,  2,  4,  9, 10, 13, 16, 17, 19, 20, 21, 24, 26, 32, 35, 44, 46, 48] < [ 3, 11, 12, 14, 15, 18, 22, 23, 25, 27, 33, 34, 36, 37, 38, 39, 45, 47, 49]
    W3: [ 0,  1,  3,  5, 13, 15, 19, 20, 21, 27, 29, 35, 40, 46, 48, 49] = [ 4,  7,  8, 11, 12, 16, 22, 23, 28, 31, 32, 36, 37, 41, 43, 47]
    W4: [ 0,  5,  6, 10, 11, 13, 14, 15, 21, 23, 24, 35, 40, 41, 43, 48] < [ 3,  4,  8,  9, 16, 18, 19, 26, 29, 32, 34, 36, 38, 45, 46, 49]
    Truth table row=[=, <, <, =, <] ix=84 result=[38+] is correct

Test 39-:
    W0: [ 0,  1,  2,  4,  5,  7,  8, 11, 12, 18, 21, 24, 26, 29, 30, 31, 33, 34] = [ 3,  6,  9, 10, 13, 14, 15, 16, 17, 19, 20, 22, 23, 25, 27, 28, 32, 35]
    W1: [ 0,  1,  2,  4,  5,  7,  8, 11, 12, 22, 23, 25, 27, 28, 32, 35, 40, 42, 43, 45, 47] > [ 3,  6,  9, 10, 13, 21, 24, 26, 29, 30, 31, 33, 34, 36, 37, 38, 39, 41, 44, 46, 48]
    W2: [ 0,  1,  2,  4,  9, 10, 13, 16, 17, 19, 20, 21, 24, 26, 32, 35, 44, 46, 48] > [ 3, 11, 12, 14, 15, 18, 22, 23, 25, 27, 33, 34, 36, 37, 38, 39, 45, 47, 49]
    W3: [ 0,  1,  3,  5, 13, 15, 19, 20, 21, 27, 29, 35, 40, 46, 48, 49] = [ 4,  7,  8, 11, 12, 16, 22, 23, 28, 31, 32, 36, 37, 41, 43, 47]
    W4: [ 0,  5,  6, 10, 11, 13, 14, 15, 21, 23, 24, 35, 40, 41, 43, 48] = [ 3,  4,  8,  9, 16, 18, 19, 26, 29, 32, 34, 36, 38, 45, 46, 49]
    Truth table row=[=, >, >, =, =] ix=157 result=[39-] is correct

Test 39+:
    W0: [ 0,  1,  2,  4,  5,  7,  8, 11, 12, 18, 21, 24, 26, 29, 30, 31, 33, 34] = [ 3,  6,  9, 10, 13, 14, 15, 16, 17, 19, 20, 22, 23, 25, 27, 28, 32, 35]
    W1: [ 0,  1,  2,  4,  5,  7,  8, 11, 12, 22, 23, 25, 27, 28, 32, 35, 40, 42, 43, 45, 47] < [ 3,  6,  9, 10, 13, 21, 24, 26, 29, 30, 31, 33, 34, 36, 37, 38, 39, 41, 44, 46, 48]
    W2: [ 0,  1,  2,  4,  9, 10, 13, 16, 17, 19, 20, 21, 24, 26, 32, 35, 44, 46, 48] < [ 3, 11, 12, 14, 15, 18, 22, 23, 25, 27, 33, 34, 36, 37, 38, 39, 45, 47, 49]
    W3: [ 0,  1,  3,  5, 13, 15, 19, 20, 21, 27, 29, 35, 40, 46, 48, 49] = [ 4,  7,  8, 11, 12, 16, 22, 23, 28, 31, 32, 36, 37, 41, 43, 47]
    W4: [ 0,  5,  6, 10, 11, 13, 14, 15, 21, 23, 24, 35, 40, 41, 43, 48] = [ 3,  4,  8,  9, 16, 18, 19, 26, 29, 32, 34, 36, 38, 45, 46, 49]
    Truth table row=[=, <, <, =, =] ix=85 result=[39+] is correct

Test 40-:
    W0: [ 0,  1,  2,  4,  5,  7,  8, 11, 12, 18, 21, 24, 26, 29, 30, 31, 33, 34] = [ 3,  6,  9, 10, 13, 14, 15, 16, 17, 19, 20, 22, 23, 25, 27, 28, 32, 35]
    W1: [ 0,  1,  2,  4,  5,  7,  8, 11, 12, 22, 23, 25, 27, 28, 32, 35, 40, 42, 43, 45, 47] < [ 3,  6,  9, 10, 13, 21, 24, 26, 29, 30, 31, 33, 34, 36, 37, 38, 39, 41, 44, 46, 48]
    W2: [ 0,  1,  2,  4,  9, 10, 13, 16, 17, 19, 20, 21, 24, 26, 32, 35, 44, 46, 48] = [ 3, 11, 12, 14, 15, 18, 22, 23, 25, 27, 33, 34, 36, 37, 38, 39, 45, 47, 49]
    W3: [ 0,  1,  3,  5, 13, 15, 19, 20, 21, 27, 29, 35, 40, 46, 48, 49] < [ 4,  7,  8, 11, 12, 16, 22, 23, 28, 31, 32, 36, 37, 41, 43, 47]
    W4: [ 0,  5,  6, 10, 11, 13, 14, 15, 21, 23, 24, 35, 40, 41, 43, 48] < [ 3,  4,  8,  9, 16, 18, 19, 26, 29, 32, 34, 36, 38, 45, 46, 49]
    Truth table row=[=, <, =, <, <] ix=90 result=[40-] is correct

Test 40+:
    W0: [ 0,  1,  2,  4,  5,  7,  8, 11, 12, 18, 21, 24, 26, 29, 30, 31, 33, 34] = [ 3,  6,  9, 10, 13, 14, 15, 16, 17, 19, 20, 22, 23, 25, 27, 28, 32, 35]
    W1: [ 0,  1,  2,  4,  5,  7,  8, 11, 12, 22, 23, 25, 27, 28, 32, 35, 40, 42, 43, 45, 47] > [ 3,  6,  9, 10, 13, 21, 24, 26, 29, 30, 31, 33, 34, 36, 37, 38, 39, 41, 44, 46, 48]
    W2: [ 0,  1,  2,  4,  9, 10, 13, 16, 17, 19, 20, 21, 24, 26, 32, 35, 44, 46, 48] = [ 3, 11, 12, 14, 15, 18, 22, 23, 25, 27, 33, 34, 36, 37, 38, 39, 45, 47, 49]
    W3: [ 0,  1,  3,  5, 13, 15, 19, 20, 21, 27, 29, 35, 40, 46, 48, 49] > [ 4,  7,  8, 11, 12, 16, 22, 23, 28, 31, 32, 36, 37, 41, 43, 47]
    W4: [ 0,  5,  6, 10, 11, 13, 14, 15, 21, 23, 24, 35, 40, 41, 43, 48] > [ 3,  4,  8,  9, 16, 18, 19, 26, 29, 32, 34, 36, 38, 45, 46, 49]
    Truth table row=[=, >, =, >, >] ix=152 result=[40+] is correct

Test 41-:
    W0: [ 0,  1,  2,  4,  5,  7,  8, 11, 12, 18, 21, 24, 26, 29, 30, 31, 33, 34] = [ 3,  6,  9, 10, 13, 14, 15, 16, 17, 19, 20, 22, 23, 25, 27, 28, 32, 35]
    W1: [ 0,  1,  2,  4,  5,  7,  8, 11, 12, 22, 23, 25, 27, 28, 32, 35, 40, 42, 43, 45, 47] > [ 3,  6,  9, 10, 13, 21, 24, 26, 29, 30, 31, 33, 34, 36, 37, 38, 39, 41, 44, 46, 48]
    W2: [ 0,  1,  2,  4,  9, 10, 13, 16, 17, 19, 20, 21, 24, 26, 32, 35, 44, 46, 48] = [ 3, 11, 12, 14, 15, 18, 22, 23, 25, 27, 33, 34, 36, 37, 38, 39, 45, 47, 49]
    W3: [ 0,  1,  3,  5, 13, 15, 19, 20, 21, 27, 29, 35, 40, 46, 48, 49] > [ 4,  7,  8, 11, 12, 16, 22, 23, 28, 31, 32, 36, 37, 41, 43, 47]
    W4: [ 0,  5,  6, 10, 11, 13, 14, 15, 21, 23, 24, 35, 40, 41, 43, 48] < [ 3,  4,  8,  9, 16, 18, 19, 26, 29, 32, 34, 36, 38, 45, 46, 49]
    Truth table row=[=, >, =, >, <] ix=150 result=[41-] is correct

Test 41+:
    W0: [ 0,  1,  2,  4,  5,  7,  8, 11, 12, 18, 21, 24, 26, 29, 30, 31, 33, 34] = [ 3,  6,  9, 10, 13, 14, 15, 16, 17, 19, 20, 22, 23, 25, 27, 28, 32, 35]
    W1: [ 0,  1,  2,  4,  5,  7,  8, 11, 12, 22, 23, 25, 27, 28, 32, 35, 40, 42, 43, 45, 47] < [ 3,  6,  9, 10, 13, 21, 24, 26, 29, 30, 31, 33, 34, 36, 37, 38, 39, 41, 44, 46, 48]
    W2: [ 0,  1,  2,  4,  9, 10, 13, 16, 17, 19, 20, 21, 24, 26, 32, 35, 44, 46, 48] = [ 3, 11, 12, 14, 15, 18, 22, 23, 25, 27, 33, 34, 36, 37, 38, 39, 45, 47, 49]
    W3: [ 0,  1,  3,  5, 13, 15, 19, 20, 21, 27, 29, 35, 40, 46, 48, 49] < [ 4,  7,  8, 11, 12, 16, 22, 23, 28, 31, 32, 36, 37, 41, 43, 47]
    W4: [ 0,  5,  6, 10, 11, 13, 14, 15, 21, 23, 24, 35, 40, 41, 43, 48] > [ 3,  4,  8,  9, 16, 18, 19, 26, 29, 32, 34, 36, 38, 45, 46, 49]
    Truth table row=[=, <, =, <, >] ix=92 result=[41+] is correct

Test 42-:
    W0: [ 0,  1,  2,  4,  5,  7,  8, 11, 12, 18, 21, 24, 26, 29, 30, 31, 33, 34] = [ 3,  6,  9, 10, 13, 14, 15, 16, 17, 19, 20, 22, 23, 25, 27, 28, 32, 35]
    W1: [ 0,  1,  2,  4,  5,  7,  8, 11, 12, 22, 23, 25, 27, 28, 32, 35, 40, 42, 43, 45, 47] < [ 3,  6,  9, 10, 13, 21, 24, 26, 29, 30, 31, 33, 34, 36, 37, 38, 39, 41, 44, 46, 48]
    W2: [ 0,  1,  2,  4,  9, 10, 13, 16, 17, 19, 20, 21, 24, 26, 32, 35, 44, 46, 48] = [ 3, 11, 12, 14, 15, 18, 22, 23, 25, 27, 33, 34, 36, 37, 38, 39, 45, 47, 49]
    W3: [ 0,  1,  3,  5, 13, 15, 19, 20, 21, 27, 29, 35, 40, 46, 48, 49] = [ 4,  7,  8, 11, 12, 16, 22, 23, 28, 31, 32, 36, 37, 41, 43, 47]
    W4: [ 0,  5,  6, 10, 11, 13, 14, 15, 21, 23, 24, 35, 40, 41, 43, 48] = [ 3,  4,  8,  9, 16, 18, 19, 26, 29, 32, 34, 36, 38, 45, 46, 49]
    Truth table row=[=, <, =, =, =] ix=94 result=[42-] is correct

Test 42+:
    W0: [ 0,  1,  2,  4,  5,  7,  8, 11, 12, 18, 21, 24, 26, 29, 30, 31, 33, 34] = [ 3,  6,  9, 10, 13, 14, 15, 16, 17, 19, 20, 22, 23, 25, 27, 28, 32, 35]
    W1: [ 0,  1,  2,  4,  5,  7,  8, 11, 12, 22, 23, 25, 27, 28, 32, 35, 40, 42, 43, 45, 47] > [ 3,  6,  9, 10, 13, 21, 24, 26, 29, 30, 31, 33, 34, 36, 37, 38, 39, 41, 44, 46, 48]
    W2: [ 0,  1,  2,  4,  9, 10, 13, 16, 17, 19, 20, 21, 24, 26, 32, 35, 44, 46, 48] = [ 3, 11, 12, 14, 15, 18, 22, 23, 25, 27, 33, 34, 36, 37, 38, 39, 45, 47, 49]
    W3: [ 0,  1,  3,  5, 13, 15, 19, 20, 21, 27, 29, 35, 40, 46, 48, 49] = [ 4,  7,  8, 11, 12, 16, 22, 23, 28, 31, 32, 36, 37, 41, 43, 47]
    W4: [ 0,  5,  6, 10, 11, 13, 14, 15, 21, 23, 24, 35, 40, 41, 43, 48] = [ 3,  4,  8,  9, 16, 18, 19, 26, 29, 32, 34, 36, 38, 45, 46, 49]
    Truth table row=[=, >, =, =, =] ix=148 result=[42+] is correct

Test 43-:
    W0: [ 0,  1,  2,  4,  5,  7,  8, 11, 12, 18, 21, 24, 26, 29, 30, 31, 33, 34] = [ 3,  6,  9, 10, 13, 14, 15, 16, 17, 19, 20, 22, 23, 25, 27, 28, 32, 35]
    W1: [ 0,  1,  2,  4,  5,  7,  8, 11, 12, 22, 23, 25, 27, 28, 32, 35, 40, 42, 43, 45, 47] < [ 3,  6,  9, 10, 13, 21, 24, 26, 29, 30, 31, 33, 34, 36, 37, 38, 39, 41, 44, 46, 48]
    W2: [ 0,  1,  2,  4,  9, 10, 13, 16, 17, 19, 20, 21, 24, 26, 32, 35, 44, 46, 48] = [ 3, 11, 12, 14, 15, 18, 22, 23, 25, 27, 33, 34, 36, 37, 38, 39, 45, 47, 49]
    W3: [ 0,  1,  3,  5, 13, 15, 19, 20, 21, 27, 29, 35, 40, 46, 48, 49] > [ 4,  7,  8, 11, 12, 16, 22, 23, 28, 31, 32, 36, 37, 41, 43, 47]
    W4: [ 0,  5,  6, 10, 11, 13, 14, 15, 21, 23, 24, 35, 40, 41, 43, 48] < [ 3,  4,  8,  9, 16, 18, 19, 26, 29, 32, 34, 36, 38, 45, 46, 49]
    Truth table row=[=, <, =, >, <] ix=96 result=[43-] is correct

Test 43+:
    W0: [ 0,  1,  2,  4,  5,  7,  8, 11, 12, 18, 21, 24, 26, 29, 30, 31, 33, 34] = [ 3,  6,  9, 10, 13, 14, 15, 16, 17, 19, 20, 22, 23, 25, 27, 28, 32, 35]
    W1: [ 0,  1,  2,  4,  5,  7,  8, 11, 12, 22, 23, 25, 27, 28, 32, 35, 40, 42, 43, 45, 47] > [ 3,  6,  9, 10, 13, 21, 24, 26, 29, 30, 31, 33, 34, 36, 37, 38, 39, 41, 44, 46, 48]
    W2: [ 0,  1,  2,  4,  9, 10, 13, 16, 17, 19, 20, 21, 24, 26, 32, 35, 44, 46, 48] = [ 3, 11, 12, 14, 15, 18, 22, 23, 25, 27, 33, 34, 36, 37, 38, 39, 45, 47, 49]
    W3: [ 0,  1,  3,  5, 13, 15, 19, 20, 21, 27, 29, 35, 40, 46, 48, 49] < [ 4,  7,  8, 11, 12, 16, 22, 23, 28, 31, 32, 36, 37, 41, 43, 47]
    W4: [ 0,  5,  6, 10, 11, 13, 14, 15, 21, 23, 24, 35, 40, 41, 43, 48] > [ 3,  4,  8,  9, 16, 18, 19, 26, 29, 32, 34, 36, 38, 45, 46, 49]
    Truth table row=[=, >, =, <, >] ix=146 result=[43+] is correct

Test 44-:
    W0: [ 0,  1,  2,  4,  5,  7,  8, 11, 12, 18, 21, 24, 26, 29, 30, 31, 33, 34] = [ 3,  6,  9, 10, 13, 14, 15, 16, 17, 19, 20, 22, 23, 25, 27, 28, 32, 35]
    W1: [ 0,  1,  2,  4,  5,  7,  8, 11, 12, 22, 23, 25, 27, 28, 32, 35, 40, 42, 43, 45, 47] > [ 3,  6,  9, 10, 13, 21, 24, 26, 29, 30, 31, 33, 34, 36, 37, 38, 39, 41, 44, 46, 48]
    W2: [ 0,  1,  2,  4,  9, 10, 13, 16, 17, 19, 20, 21, 24, 26, 32, 35, 44, 46, 48] < [ 3, 11, 12, 14, 15, 18, 22, 23, 25, 27, 33, 34, 36, 37, 38, 39, 45, 47, 49]
    W3: [ 0,  1,  3,  5, 13, 15, 19, 20, 21, 27, 29, 35, 40, 46, 48, 49] = [ 4,  7,  8, 11, 12, 16, 22, 23, 28, 31, 32, 36, 37, 41, 43, 47]
    W4: [ 0,  5,  6, 10, 11, 13, 14, 15, 21, 23, 24, 35, 40, 41, 43, 48] = [ 3,  4,  8,  9, 16, 18, 19, 26, 29, 32, 34, 36, 38, 45, 46, 49]
    Truth table row=[=, >, <, =, =] ix=139 result=[44-] is correct

Test 44+:
    W0: [ 0,  1,  2,  4,  5,  7,  8, 11, 12, 18, 21, 24, 26, 29, 30, 31, 33, 34] = [ 3,  6,  9, 10, 13, 14, 15, 16, 17, 19, 20, 22, 23, 25, 27, 28, 32, 35]
    W1: [ 0,  1,  2,  4,  5,  7,  8, 11, 12, 22, 23, 25, 27, 28, 32, 35, 40, 42, 43, 45, 47] < [ 3,  6,  9, 10, 13, 21, 24, 26, 29, 30, 31, 33, 34, 36, 37, 38, 39, 41, 44, 46, 48]
    W2: [ 0,  1,  2,  4,  9, 10, 13, 16, 17, 19, 20, 21, 24, 26, 32, 35, 44, 46, 48] > [ 3, 11, 12, 14, 15, 18, 22, 23, 25, 27, 33, 34, 36, 37, 38, 39, 45, 47, 49]
    W3: [ 0,  1,  3,  5, 13, 15, 19, 20, 21, 27, 29, 35, 40, 46, 48, 49] = [ 4,  7,  8, 11, 12, 16, 22, 23, 28, 31, 32, 36, 37, 41, 43, 47]
    W4: [ 0,  5,  6, 10, 11, 13, 14, 15, 21, 23, 24, 35, 40, 41, 43, 48] = [ 3,  4,  8,  9, 16, 18, 19, 26, 29, 32, 34, 36, 38, 45, 46, 49]
    Truth table row=[=, <, >, =, =] ix=103 result=[44+] is correct

Test 45-:
    W0: [ 0,  1,  2,  4,  5,  7,  8, 11, 12, 18, 21, 24, 26, 29, 30, 31, 33, 34] = [ 3,  6,  9, 10, 13, 14, 15, 16, 17, 19, 20, 22, 23, 25, 27, 28, 32, 35]
    W1: [ 0,  1,  2,  4,  5,  7,  8, 11, 12, 22, 23, 25, 27, 28, 32, 35, 40, 42, 43, 45, 47] < [ 3,  6,  9, 10, 13, 21, 24, 26, 29, 30, 31, 33, 34, 36, 37, 38, 39, 41, 44, 46, 48]
    W2: [ 0,  1,  2,  4,  9, 10, 13, 16, 17, 19, 20, 21, 24, 26, 32, 35, 44, 46, 48] > [ 3, 11, 12, 14, 15, 18, 22, 23, 25, 27, 33, 34, 36, 37, 38, 39, 45, 47, 49]
    W3: [ 0,  1,  3,  5, 13, 15, 19, 20, 21, 27, 29, 35, 40, 46, 48, 49] = [ 4,  7,  8, 11, 12, 16, 22, 23, 28, 31, 32, 36, 37, 41, 43, 47]
    W4: [ 0,  5,  6, 10, 11, 13, 14, 15, 21, 23, 24, 35, 40, 41, 43, 48] > [ 3,  4,  8,  9, 16, 18, 19, 26, 29, 32, 34, 36, 38, 45, 46, 49]
    Truth table row=[=, <, >, =, >] ix=104 result=[45-] is correct

Test 45+:
    W0: [ 0,  1,  2,  4,  5,  7,  8, 11, 12, 18, 21, 24, 26, 29, 30, 31, 33, 34] = [ 3,  6,  9, 10, 13, 14, 15, 16, 17, 19, 20, 22, 23, 25, 27, 28, 32, 35]
    W1: [ 0,  1,  2,  4,  5,  7,  8, 11, 12, 22, 23, 25, 27, 28, 32, 35, 40, 42, 43, 45, 47] > [ 3,  6,  9, 10, 13, 21, 24, 26, 29, 30, 31, 33, 34, 36, 37, 38, 39, 41, 44, 46, 48]
    W2: [ 0,  1,  2,  4,  9, 10, 13, 16, 17, 19, 20, 21, 24, 26, 32, 35, 44, 46, 48] < [ 3, 11, 12, 14, 15, 18, 22, 23, 25, 27, 33, 34, 36, 37, 38, 39, 45, 47, 49]
    W3: [ 0,  1,  3,  5, 13, 15, 19, 20, 21, 27, 29, 35, 40, 46, 48, 49] = [ 4,  7,  8, 11, 12, 16, 22, 23, 28, 31, 32, 36, 37, 41, 43, 47]
    W4: [ 0,  5,  6, 10, 11, 13, 14, 15, 21, 23, 24, 35, 40, 41, 43, 48] < [ 3,  4,  8,  9, 16, 18, 19, 26, 29, 32, 34, 36, 38, 45, 46, 49]
    Truth table row=[=, >, <, =, <] ix=138 result=[45+] is correct

Test 46-:
    W0: [ 0,  1,  2,  4,  5,  7,  8, 11, 12, 18, 21, 24, 26, 29, 30, 31, 33, 34] = [ 3,  6,  9, 10, 13, 14, 15, 16, 17, 19, 20, 22, 23, 25, 27, 28, 32, 35]
    W1: [ 0,  1,  2,  4,  5,  7,  8, 11, 12, 22, 23, 25, 27, 28, 32, 35, 40, 42, 43, 45, 47] > [ 3,  6,  9, 10, 13, 21, 24, 26, 29, 30, 31, 33, 34, 36, 37, 38, 39, 41, 44, 46, 48]
    W2: [ 0,  1,  2,  4,  9, 10, 13, 16, 17, 19, 20, 21, 24, 26, 32, 35, 44, 46, 48] < [ 3, 11, 12, 14, 15, 18, 22, 23, 25, 27, 33, 34, 36, 37, 38, 39, 45, 47, 49]
    W3: [ 0,  1,  3,  5, 13, 15, 19, 20, 21, 27, 29, 35, 40, 46, 48, 49] < [ 4,  7,  8, 11, 12, 16, 22, 23, 28, 31, 32, 36, 37, 41, 43, 47]
    W4: [ 0,  5,  6, 10, 11, 13, 14, 15, 21, 23, 24, 35, 40, 41, 43, 48] > [ 3,  4,  8,  9, 16, 18, 19, 26, 29, 32, 34, 36, 38, 45, 46, 49]
    Truth table row=[=, >, <, <, >] ix=137 result=[46-] is correct

Test 46+:
    W0: [ 0,  1,  2,  4,  5,  7,  8, 11, 12, 18, 21, 24, 26, 29, 30, 31, 33, 34] = [ 3,  6,  9, 10, 13, 14, 15, 16, 17, 19, 20, 22, 23, 25, 27, 28, 32, 35]
    W1: [ 0,  1,  2,  4,  5,  7,  8, 11, 12, 22, 23, 25, 27, 28, 32, 35, 40, 42, 43, 45, 47] < [ 3,  6,  9, 10, 13, 21, 24, 26, 29, 30, 31, 33, 34, 36, 37, 38, 39, 41, 44, 46, 48]
    W2: [ 0,  1,  2,  4,  9, 10, 13, 16, 17, 19, 20, 21, 24, 26, 32, 35, 44, 46, 48] > [ 3, 11, 12, 14, 15, 18, 22, 23, 25, 27, 33, 34, 36, 37, 38, 39, 45, 47, 49]
    W3: [ 0,  1,  3,  5, 13, 15, 19, 20, 21, 27, 29, 35, 40, 46, 48, 49] > [ 4,  7,  8, 11, 12, 16, 22, 23, 28, 31, 32, 36, 37, 41, 43, 47]
    W4: [ 0,  5,  6, 10, 11, 13, 14, 15, 21, 23, 24, 35, 40, 41, 43, 48] < [ 3,  4,  8,  9, 16, 18, 19, 26, 29, 32, 34, 36, 38, 45, 46, 49]
    Truth table row=[=, <, >, >, <] ix=105 result=[46+] is correct

Test 47-:
    W0: [ 0,  1,  2,  4,  5,  7,  8, 11, 12, 18, 21, 24, 26, 29, 30, 31, 33, 34] = [ 3,  6,  9, 10, 13, 14, 15, 16, 17, 19, 20, 22, 23, 25, 27, 28, 32, 35]
    W1: [ 0,  1,  2,  4,  5,  7,  8, 11, 12, 22, 23, 25, 27, 28, 32, 35, 40, 42, 43, 45, 47] < [ 3,  6,  9, 10, 13, 21, 24, 26, 29, 30, 31, 33, 34, 36, 37, 38, 39, 41, 44, 46, 48]
    W2: [ 0,  1,  2,  4,  9, 10, 13, 16, 17, 19, 20, 21, 24, 26, 32, 35, 44, 46, 48] > [ 3, 11, 12, 14, 15, 18, 22, 23, 25, 27, 33, 34, 36, 37, 38, 39, 45, 47, 49]
    W3: [ 0,  1,  3,  5, 13, 15, 19, 20, 21, 27, 29, 35, 40, 46, 48, 49] > [ 4,  7,  8, 11, 12, 16, 22, 23, 28, 31, 32, 36, 37, 41, 43, 47]
    W4: [ 0,  5,  6, 10, 11, 13, 14, 15, 21, 23, 24, 35, 40, 41, 43, 48] = [ 3,  4,  8,  9, 16, 18, 19, 26, 29, 32, 34, 36, 38, 45, 46, 49]
    Truth table row=[=, <, >, >, =] ix=106 result=[47-] is correct

Test 47+:
    W0: [ 0,  1,  2,  4,  5,  7,  8, 11, 12, 18, 21, 24, 26, 29, 30, 31, 33, 34] = [ 3,  6,  9, 10, 13, 14, 15, 16, 17, 19, 20, 22, 23, 25, 27, 28, 32, 35]
    W1: [ 0,  1,  2,  4,  5,  7,  8, 11, 12, 22, 23, 25, 27, 28, 32, 35, 40, 42, 43, 45, 47] > [ 3,  6,  9, 10, 13, 21, 24, 26, 29, 30, 31, 33, 34, 36, 37, 38, 39, 41, 44, 46, 48]
    W2: [ 0,  1,  2,  4,  9, 10, 13, 16, 17, 19, 20, 21, 24, 26, 32, 35, 44, 46, 48] < [ 3, 11, 12, 14, 15, 18, 22, 23, 25, 27, 33, 34, 36, 37, 38, 39, 45, 47, 49]
    W3: [ 0,  1,  3,  5, 13, 15, 19, 20, 21, 27, 29, 35, 40, 46, 48, 49] < [ 4,  7,  8, 11, 12, 16, 22, 23, 28, 31, 32, 36, 37, 41, 43, 47]
    W4: [ 0,  5,  6, 10, 11, 13, 14, 15, 21, 23, 24, 35, 40, 41, 43, 48] = [ 3,  4,  8,  9, 16, 18, 19, 26, 29, 32, 34, 36, 38, 45, 46, 49]
    Truth table row=[=, >, <, <, =] ix=136 result=[47+] is correct

Test 48-:
    W0: [ 0,  1,  2,  4,  5,  7,  8, 11, 12, 18, 21, 24, 26, 29, 30, 31, 33, 34] = [ 3,  6,  9, 10, 13, 14, 15, 16, 17, 19, 20, 22, 23, 25, 27, 28, 32, 35]
    W1: [ 0,  1,  2,  4,  5,  7,  8, 11, 12, 22, 23, 25, 27, 28, 32, 35, 40, 42, 43, 45, 47] > [ 3,  6,  9, 10, 13, 21, 24, 26, 29, 30, 31, 33, 34, 36, 37, 38, 39, 41, 44, 46, 48]
    W2: [ 0,  1,  2,  4,  9, 10, 13, 16, 17, 19, 20, 21, 24, 26, 32, 35, 44, 46, 48] < [ 3, 11, 12, 14, 15, 18, 22, 23, 25, 27, 33, 34, 36, 37, 38, 39, 45, 47, 49]
    W3: [ 0,  1,  3,  5, 13, 15, 19, 20, 21, 27, 29, 35, 40, 46, 48, 49] < [ 4,  7,  8, 11, 12, 16, 22, 23, 28, 31, 32, 36, 37, 41, 43, 47]
    W4: [ 0,  5,  6, 10, 11, 13, 14, 15, 21, 23, 24, 35, 40, 41, 43, 48] < [ 3,  4,  8,  9, 16, 18, 19, 26, 29, 32, 34, 36, 38, 45, 46, 49]
    Truth table row=[=, >, <, <, <] ix=135 result=[48-] is correct

Test 48+:
    W0: [ 0,  1,  2,  4,  5,  7,  8, 11, 12, 18, 21, 24, 26, 29, 30, 31, 33, 34] = [ 3,  6,  9, 10, 13, 14, 15, 16, 17, 19, 20, 22, 23, 25, 27, 28, 32, 35]
    W1: [ 0,  1,  2,  4,  5,  7,  8, 11, 12, 22, 23, 25, 27, 28, 32, 35, 40, 42, 43, 45, 47] < [ 3,  6,  9, 10, 13, 21, 24, 26, 29, 30, 31, 33, 34, 36, 37, 38, 39, 41, 44, 46, 48]
    W2: [ 0,  1,  2,  4,  9, 10, 13, 16, 17, 19, 20, 21, 24, 26, 32, 35, 44, 46, 48] > [ 3, 11, 12, 14, 15, 18, 22, 23, 25, 27, 33, 34, 36, 37, 38, 39, 45, 47, 49]
    W3: [ 0,  1,  3,  5, 13, 15, 19, 20, 21, 27, 29, 35, 40, 46, 48, 49] > [ 4,  7,  8, 11, 12, 16, 22, 23, 28, 31, 32, 36, 37, 41, 43, 47]
    W4: [ 0,  5,  6, 10, 11, 13, 14, 15, 21, 23, 24, 35, 40, 41, 43, 48] > [ 3,  4,  8,  9, 16, 18, 19, 26, 29, 32, 34, 36, 38, 45, 46, 49]
    Truth table row=[=, <, >, >, >] ix=107 result=[48+] is correct

Test 49-:
    W0: [ 0,  1,  2,  4,  5,  7,  8, 11, 12, 18, 21, 24, 26, 29, 30, 31, 33, 34] = [ 3,  6,  9, 10, 13, 14, 15, 16, 17, 19, 20, 22, 23, 25, 27, 28, 32, 35]
    W1: [ 0,  1,  2,  4,  5,  7,  8, 11, 12, 22, 23, 25, 27, 28, 32, 35, 40, 42, 43, 45, 47] = [ 3,  6,  9, 10, 13, 21, 24, 26, 29, 30, 31, 33, 34, 36, 37, 38, 39, 41, 44, 46, 48]
    W2: [ 0,  1,  2,  4,  9, 10, 13, 16, 17, 19, 20, 21, 24, 26, 32, 35, 44, 46, 48] > [ 3, 11, 12, 14, 15, 18, 22, 23, 25, 27, 33, 34, 36, 37, 38, 39, 45, 47, 49]
    W3: [ 0,  1,  3,  5, 13, 15, 19, 20, 21, 27, 29, 35, 40, 46, 48, 49] < [ 4,  7,  8, 11, 12, 16, 22, 23, 28, 31, 32, 36, 37, 41, 43, 47]
    W4: [ 0,  5,  6, 10, 11, 13, 14, 15, 21, 23, 24, 35, 40, 41, 43, 48] > [ 3,  4,  8,  9, 16, 18, 19, 26, 29, 32, 34, 36, 38, 45, 46, 49]
    Truth table row=[=, =, >, <, >] ix=128 result=[49-] is correct

Test 49+:
    W0: [ 0,  1,  2,  4,  5,  7,  8, 11, 12, 18, 21, 24, 26, 29, 30, 31, 33, 34] = [ 3,  6,  9, 10, 13, 14, 15, 16, 17, 19, 20, 22, 23, 25, 27, 28, 32, 35]
    W1: [ 0,  1,  2,  4,  5,  7,  8, 11, 12, 22, 23, 25, 27, 28, 32, 35, 40, 42, 43, 45, 47] = [ 3,  6,  9, 10, 13, 21, 24, 26, 29, 30, 31, 33, 34, 36, 37, 38, 39, 41, 44, 46, 48]
    W2: [ 0,  1,  2,  4,  9, 10, 13, 16, 17, 19, 20, 21, 24, 26, 32, 35, 44, 46, 48] < [ 3, 11, 12, 14, 15, 18, 22, 23, 25, 27, 33, 34, 36, 37, 38, 39, 45, 47, 49]
    W3: [ 0,  1,  3,  5, 13, 15, 19, 20, 21, 27, 29, 35, 40, 46, 48, 49] > [ 4,  7,  8, 11, 12, 16, 22, 23, 28, 31, 32, 36, 37, 41, 43, 47]
    W4: [ 0,  5,  6, 10, 11, 13, 14, 15, 21, 23, 24, 35, 40, 41, 43, 48] < [ 3,  4,  8,  9, 16, 18, 19, 26, 29, 32, 34, 36, 38, 45, 46, 49]
    Truth table row=[=, =, <, >, <] ix=114 result=[49+] is correct

Total correct results: 100
Total incorrect results: 0
