Solving for 11 balls and 3 weighings.
Using symmetry breaking strategy TruthTableAscending.

Solution:
W0: [ 0,  1,  6,  7] <=> [ 2,  3,  4,  5]
W1: [ 0,  1,  5,  8] <=> [ 6,  7,  9, 10]
W2: [ 0,  4,  8, 10] <=> [ 1,  2,  5,  7]

Truth Table:
ix  W0  W1  W2   Result
 0   <   <   <   0-
 1   <   <   =
 2   <   <   >   1-
 3   <   =   <   2+
 4   <   =   =   3+
 5   <   =   >   4+
 6   <   >   <   5+
 7   <   >   =   6-
 8   <   >   >   7-
 9   =   <   <   8-
10   =   <   =   9+
11   =   <   >   10+
12   =   =   <
13   =   =   =
14   =   =   >
15   =   >   <   10-
16   =   >   =   9-
17   =   >   >   8+
18   >   <   <   7+
19   >   <   =   6+
20   >   <   >   5-
21   >   =   <   4-
22   >   =   =   3-
23   >   =   >   2-
24   >   >   <   1+
25   >   >   =
26   >   >   >   0+

Test 0-:
    W0: [ 0,  1,  6,  7] < [ 2,  3,  4,  5]
    W1: [ 0,  1,  5,  8] < [ 6,  7,  9, 10]
    W2: [ 0,  4,  8, 10] < [ 1,  2,  5,  7]
    Truth table row=[<, <, <] ix=0 result=[0-] is correct

Test 0+:
    W0: [ 0,  1,  6,  7] > [ 2,  3,  4,  5]
    W1: [ 0,  1,  5,  8] > [ 6,  7,  9, 10]
    W2: [ 0,  4,  8, 10] > [ 1,  2,  5,  7]
    Truth table row=[>, >, >] ix=26 result=[0+] is correct

Test 1-:
    W0: [ 0,  1,  6,  7] < [ 2,  3,  4,  5]
    W1: [ 0,  1,  5,  8] < [ 6,  7,  9, 10]
    W2: [ 0,  4,  8, 10] > [ 1,  2,  5,  7]
    Truth table row=[<, <, >] ix=2 result=[1-] is correct

Test 1+:
    W0: [ 0,  1,  6,  7] > [ 2,  3,  4,  5]
    W1: [ 0,  1,  5,  8] > [ 6,  7,  9, 10]
    W2: [ 0,  4,  8, 10] < [ 1,  2,  5,  7]
    Truth table row=[>, >, <] ix=24 result=[1+] is correct

Test 2-:
    W0: [ 0,  1,  6,  7] > [ 2,  3,  4,  5]
    W1: [ 0,  1,  5,  8] = [ 6,  7,  9, 10]
    W2: [ 0,  4,  8, 10] > [ 1,  2,  5,  7]
    Truth table row=[>, =, >] ix=23 result=[2-] is correct

Test 2+:
    W0: [ 0,  1,  6,  7] < [ 2,  3,  4,  5]
    W1: [ 0,  1,  5,  8] = [ 6,  7,  9, 10]
    W2: [ 0,  4,  8, 10] < [ 1,  2,  5,  7]
    Truth table row=[<, =, <] ix=3 result=[2+] is correct

Test 3-:
    W0: [ 0,  1,  6,  7] > [ 2,  3,  4,  5]
    W1: [ 0,  1,  5,  8] = [ 6,  7,  9, 10]
    W2: [ 0,  4,  8, 10] = [ 1,  2,  5,  7]
    Truth table row=[>, =, =] ix=22 result=[3-] is correct

Test 3+:
    W0: [ 0,  1,  6,  7] < [ 2,  3,  4,  5]
    W1: [ 0,  1,  5,  8] = [ 6,  7,  9, 10]
    W2: [ 0,  4,  8, 10] = [ 1,  2,  5,  7]
    Truth table row=[<, =, =] ix=4 result=[3+] is correct

Test 4-:
    W0: [ 0,  1,  6,  7] > [ 2,  3,  4,  5]
    W1: [ 0,  1,  5,  8] = [ 6,  7,  9, 10]
    W2: [ 0,  4,  8, 10] < [ 1,  2,  5,  7]
    Truth table row=[>, =, <] ix=21 result=[4-] is correct

Test 4+:
    W0: [ 0,  1,  6,  7] < [ 2,  3,  4,  5]
    W1: [ 0,  1,  5,  8] = [ 6,  7,  9, 10]
    W2: [ 0,  4,  8, 10] > [ 1,  2,  5,  7]
    Truth table row=[<, =, >] ix=5 result=[4+] is correct

Test 5-:
    W0: [ 0,  1,  6,  7] > [ 2,  3,  4,  5]
    W1: [ 0,  1,  5,  8] < [ 6,  7,  9, 10]
    W2: [ 0,  4,  8, 10] > [ 1,  2,  5,  7]
    Truth table row=[>, <, >] ix=20 result=[5-] is correct

Test 5+:
    W0: [ 0,  1,  6,  7] < [ 2,  3,  4,  5]
    W1: [ 0,  1,  5,  8] > [ 6,  7,  9, 10]
    W2: [ 0,  4,  8, 10] < [ 1,  2,  5,  7]
    Truth table row=[<, >, <] ix=6 result=[5+] is correct

Test 6-:
    W0: [ 0,  1,  6,  7] < [ 2,  3,  4,  5]
    W1: [ 0,  1,  5,  8] > [ 6,  7,  9, 10]
    W2: [ 0,  4,  8, 10] = [ 1,  2,  5,  7]
    Truth table row=[<, >, =] ix=7 result=[6-] is correct

Test 6+:
    W0: [ 0,  1,  6,  7] > [ 2,  3,  4,  5]
    W1: [ 0,  1,  5,  8] < [ 6,  7,  9, 10]
    W2: [ 0,  4,  8, 10] = [ 1,  2,  5,  7]
    Truth table row=[>, <, =] ix=19 result=[6+] is correct

Test 7-:
    W0: [ 0,  1,  6,  7] < [ 2,  3,  4,  5]
    W1: [ 0,  1,  5,  8] > [ 6,  7,  9, 10]
    W2: [ 0,  4,  8, 10] > [ 1,  2,  5,  7]
    Truth table row=[<, >, >] ix=8 result=[7-] is correct

Test 7+:
    W0: [ 0,  1,  6,  7] > [ 2,  3,  4,  5]
    W1: [ 0,  1,  5,  8] < [ 6,  7,  9, 10]
    W2: [ 0,  4,  8, 10] < [ 1,  2,  5,  7]
    Truth table row=[>, <, <] ix=18 result=[7+] is correct

Test 8-:
    W0: [ 0,  1,  6,  7] = [ 2,  3,  4,  5]
    W1: [ 0,  1,  5,  8] < [ 6,  7,  9, 10]
    W2: [ 0,  4,  8, 10] < [ 1,  2,  5,  7]
    Truth table row=[=, <, <] ix=9 result=[8-] is correct

Test 8+:
    W0: [ 0,  1,  6,  7] = [ 2,  3,  4,  5]
    W1: [ 0,  1,  5,  8] > [ 6,  7,  9, 10]
    W2: [ 0,  4,  8, 10] > [ 1,  2,  5,  7]
    Truth table row=[=, >, >] ix=17 result=[8+] is correct

Test 9-:
    W0: [ 0,  1,  6,  7] = [ 2,  3,  4,  5]
    W1: [ 0,  1,  5,  8] > [ 6,  7,  9, 10]
    W2: [ 0,  4,  8, 10] = [ 1,  2,  5,  7]
    Truth table row=[=, >, =] ix=16 result=[9-] is correct

Test 9+:
    W0: [ 0,  1,  6,  7] = [ 2,  3,  4,  5]
    W1: [ 0,  1,  5,  8] < [ 6,  7,  9, 10]
    W2: [ 0,  4,  8, 10] = [ 1,  2,  5,  7]
    Truth table row=[=, <, =] ix=10 result=[9+] is correct

Test 10-:
    W0: [ 0,  1,  6,  7] = [ 2,  3,  4,  5]
    W1: [ 0,  1,  5,  8] > [ 6,  7,  9, 10]
    W2: [ 0,  4,  8, 10] < [ 1,  2,  5,  7]
    Truth table row=[=, >, <] ix=15 result=[10-] is correct

Test 10+:
    W0: [ 0,  1,  6,  7] = [ 2,  3,  4,  5]
    W1: [ 0,  1,  5,  8] < [ 6,  7,  9, 10]
    W2: [ 0,  4,  8, 10] > [ 1,  2,  5,  7]
    Truth table row=[=, <, >] ix=11 result=[10+] is correct

Total correct results: 22
Total incorrect results: 0
