Solving for 27 balls and 4 weighings.
Using symmetry breaking strategy TruthTableAscending.

Solution:
W0: [ 0,  2,  7,  8, 10, 11, 12, 14, 15, 18, 21] <=> [ 1,  3,  4,  5,  6,  9, 13, 16, 17, 19, 20]
W1: [ 0,  2,  7, 16, 17, 19, 20, 23, 24] <=> [ 1,  3,  4,  5,  6, 15, 18, 21, 22]
W2: [ 0,  5,  6,  8, 10, 13, 15, 19, 20, 25] <=> [ 1,  7,  9, 14, 16, 21, 22, 23, 24, 26]
W3: [ 1,  2,  4,  8, 11, 16, 22, 25, 26] <=> [ 5,  7, 10, 12, 13, 18, 19, 21, 24]

Truth Table:
ix  W0  W1  W2  W3   Result
 0   <   <   <   <
 1   <   <   <   =   0-
 2   <   <   <   >   1+
 3   <   <   =   <   2-
 4   <   <   =   =   3+
 5   <   <   =   >   4+
 6   <   <   >   <   5+
 7   <   <   >   =   6+
 8   <   <   >   >   7-
 9   <   =   <   <   8-
10   <   =   <   =   9+
11   <   =   <   >   10-
12   <   =   =   <   11-
13   <   =   =   =
14   <   =   =   >   12-
15   <   =   >   <   13+
16   <   =   >   =   14-
17   <   =   >   >
18   <   >   <   <
19   <   >   <   =   15-
20   <   >   <   >   16+
21   <   >   =   <
22   <   >   =   =   17+
23   <   >   =   >   18-
24   <   >   >   <   19+
25   <   >   >   =   20+
26   <   >   >   >   21-
27   =   <   <   <
28   =   <   <   =
29   =   <   <   >   22+
30   =   <   =   <
31   =   <   =   =
32   =   <   =   >
33   =   <   >   <
34   =   <   >   =   23-
35   =   <   >   >   24-
36   =   =   <   <   25-
37   =   =   <   =
38   =   =   <   >   26+
39   =   =   =   <
40   =   =   =   =
41   =   =   =   >
42   =   =   >   <   26-
43   =   =   >   =
44   =   =   >   >   25+
45   =   >   <   <   24+
46   =   >   <   =   23+
47   =   >   <   >
48   =   >   =   <
49   =   >   =   =
50   =   >   =   >
51   =   >   >   <   22-
52   =   >   >   =
53   =   >   >   >
54   >   <   <   <   21+
55   >   <   <   =   20-
56   >   <   <   >   19-
57   >   <   =   <   18+
58   >   <   =   =   17-
59   >   <   =   >
60   >   <   >   <   16-
61   >   <   >   =   15+
62   >   <   >   >
63   >   =   <   <
64   >   =   <   =   14+
65   >   =   <   >   13-
66   >   =   =   <   12+
67   >   =   =   =
68   >   =   =   >   11+
69   >   =   >   <   10+
70   >   =   >   =   9-
71   >   =   >   >   8+
72   >   >   <   <   7+
73   >   >   <   =   6-
74   >   >   <   >   5-
75   >   >   =   <   4-
76   >   >   =   =   3-
77   >   >   =   >   2+
78   >   >   >   <   1-
79   >   >   >   =   0+
80   >   >   >   >

Test 0-:
    W0: [ 0,  2,  7,  8, 10, 11, 12, 14, 15, 18, 21] < [ 1,  3,  4,  5,  6,  9, 13, 16, 17, 19, 20]
    W1: [ 0,  2,  7, 16, 17, 19, 20, 23, 24] < [ 1,  3,  4,  5,  6, 15, 18, 21, 22]
    W2: [ 0,  5,  6,  8, 10, 13, 15, 19, 20, 25] < [ 1,  7,  9, 14, 16, 21, 22, 23, 24, 26]
    W3: [ 1,  2,  4,  8, 11, 16, 22, 25, 26] = [ 5,  7, 10, 12, 13, 18, 19, 21, 24]
    Truth table row=[<, <, <, =] ix=1 result=[0-] is correct

Test 0+:
    W0: [ 0,  2,  7,  8, 10, 11, 12, 14, 15, 18, 21] > [ 1,  3,  4,  5,  6,  9, 13, 16, 17, 19, 20]
    W1: [ 0,  2,  7, 16, 17, 19, 20, 23, 24] > [ 1,  3,  4,  5,  6, 15, 18, 21, 22]
    W2: [ 0,  5,  6,  8, 10, 13, 15, 19, 20, 25] > [ 1,  7,  9, 14, 16, 21, 22, 23, 24, 26]
    W3: [ 1,  2,  4,  8, 11, 16, 22, 25, 26] = [ 5,  7, 10, 12, 13, 18, 19, 21, 24]
    Truth table row=[>, >, >, =] ix=79 result=[0+] is correct

Test 1-:
    W0: [ 0,  2,  7,  8, 10, 11, 12, 14, 15, 18, 21] > [ 1,  3,  4,  5,  6,  9, 13, 16, 17, 19, 20]
    W1: [ 0,  2,  7, 16, 17, 19, 20, 23, 24] > [ 1,  3,  4,  5,  6, 15, 18, 21, 22]
    W2: [ 0,  5,  6,  8, 10, 13, 15, 19, 20, 25] > [ 1,  7,  9, 14, 16, 21, 22, 23, 24, 26]
    W3: [ 1,  2,  4,  8, 11, 16, 22, 25, 26] < [ 5,  7, 10, 12, 13, 18, 19, 21, 24]
    Truth table row=[>, >, >, <] ix=78 result=[1-] is correct

Test 1+:
    W0: [ 0,  2,  7,  8, 10, 11, 12, 14, 15, 18, 21] < [ 1,  3,  4,  5,  6,  9, 13, 16, 17, 19, 20]
    W1: [ 0,  2,  7, 16, 17, 19, 20, 23, 24] < [ 1,  3,  4,  5,  6, 15, 18, 21, 22]
    W2: [ 0,  5,  6,  8, 10, 13, 15, 19, 20, 25] < [ 1,  7,  9, 14, 16, 21, 22, 23, 24, 26]
    W3: [ 1,  2,  4,  8, 11, 16, 22, 25, 26] > [ 5,  7, 10, 12, 13, 18, 19, 21, 24]
    Truth table row=[<, <, <, >] ix=2 result=[1+] is correct

Test 2-:
    W0: [ 0,  2,  7,  8, 10, 11, 12, 14, 15, 18, 21] < [ 1,  3,  4,  5,  6,  9, 13, 16, 17, 19, 20]
    W1: [ 0,  2,  7, 16, 17, 19, 20, 23, 24] < [ 1,  3,  4,  5,  6, 15, 18, 21, 22]
    W2: [ 0,  5,  6,  8, 10, 13, 15, 19, 20, 25] = [ 1,  7,  9, 14, 16, 21, 22, 23, 24, 26]
    W3: [ 1,  2,  4,  8, 11, 16, 22, 25, 26] < [ 5,  7, 10, 12, 13, 18, 19, 21, 24]
    Truth table row=[<, <, =, <] ix=3 result=[2-] is correct

Test 2+:
    W0: [ 0,  2,  7,  8, 10, 11, 12, 14, 15, 18, 21] > [ 1,  3,  4,  5,  6,  9, 13, 16, 17, 19, 20]
    W1: [ 0,  2,  7, 16, 17, 19, 20, 23, 24] > [ 1,  3,  4,  5,  6, 15, 18, 21, 22]
    W2: [ 0,  5,  6,  8, 10, 13, 15, 19, 20, 25] = [ 1,  7,  9, 14, 16, 21, 22, 23, 24, 26]
    W3: [ 1,  2,  4,  8, 11, 16, 22, 25, 26] > [ 5,  7, 10, 12, 13, 18, 19, 21, 24]
    Truth table row=[>, >, =, >] ix=77 result=[2+] is correct

Test 3-:
    W0: [ 0,  2,  7,  8, 10, 11, 12, 14, 15, 18, 21] > [ 1,  3,  4,  5,  6,  9, 13, 16, 17, 19, 20]
    W1: [ 0,  2,  7, 16, 17, 19, 20, 23, 24] > [ 1,  3,  4,  5,  6, 15, 18, 21, 22]
    W2: [ 0,  5,  6,  8, 10, 13, 15, 19, 20, 25] = [ 1,  7,  9, 14, 16, 21, 22, 23, 24, 26]
    W3: [ 1,  2,  4,  8, 11, 16, 22, 25, 26] = [ 5,  7, 10, 12, 13, 18, 19, 21, 24]
    Truth table row=[>, >, =, =] ix=76 result=[3-] is correct

Test 3+:
    W0: [ 0,  2,  7,  8, 10, 11, 12, 14, 15, 18, 21] < [ 1,  3,  4,  5,  6,  9, 13, 16, 17, 19, 20]
    W1: [ 0,  2,  7, 16, 17, 19, 20, 23, 24] < [ 1,  3,  4,  5,  6, 15, 18, 21, 22]
    W2: [ 0,  5,  6,  8, 10, 13, 15, 19, 20, 25] = [ 1,  7,  9, 14, 16, 21, 22, 23, 24, 26]
    W3: [ 1,  2,  4,  8, 11, 16, 22, 25, 26] = [ 5,  7, 10, 12, 13, 18, 19, 21, 24]
    Truth table row=[<, <, =, =] ix=4 result=[3+] is correct

Test 4-:
    W0: [ 0,  2,  7,  8, 10, 11, 12, 14, 15, 18, 21] > [ 1,  3,  4,  5,  6,  9, 13, 16, 17, 19, 20]
    W1: [ 0,  2,  7, 16, 17, 19, 20, 23, 24] > [ 1,  3,  4,  5,  6, 15, 18, 21, 22]
    W2: [ 0,  5,  6,  8, 10, 13, 15, 19, 20, 25] = [ 1,  7,  9, 14, 16, 21, 22, 23, 24, 26]
    W3: [ 1,  2,  4,  8, 11, 16, 22, 25, 26] < [ 5,  7, 10, 12, 13, 18, 19, 21, 24]
    Truth table row=[>, >, =, <] ix=75 result=[4-] is correct

Test 4+:
    W0: [ 0,  2,  7,  8, 10, 11, 12, 14, 15, 18, 21] < [ 1,  3,  4,  5,  6,  9, 13, 16, 17, 19, 20]
    W1: [ 0,  2,  7, 16, 17, 19, 20, 23, 24] < [ 1,  3,  4,  5,  6, 15, 18, 21, 22]
    W2: [ 0,  5,  6,  8, 10, 13, 15, 19, 20, 25] = [ 1,  7,  9, 14, 16, 21, 22, 23, 24, 26]
    W3: [ 1,  2,  4,  8, 11, 16, 22, 25, 26] > [ 5,  7, 10, 12, 13, 18, 19, 21, 24]
    Truth table row=[<, <, =, >] ix=5 result=[4+] is correct

Test 5-:
    W0: [ 0,  2,  7,  8, 10, 11, 12, 14, 15, 18, 21] > [ 1,  3,  4,  5,  6,  9, 13, 16, 17, 19, 20]
    W1: [ 0,  2,  7, 16, 17, 19, 20, 23, 24] > [ 1,  3,  4,  5,  6, 15, 18, 21, 22]
    W2: [ 0,  5,  6,  8, 10, 13, 15, 19, 20, 25] < [ 1,  7,  9, 14, 16, 21, 22, 23, 24, 26]
    W3: [ 1,  2,  4,  8, 11, 16, 22, 25, 26] > [ 5,  7, 10, 12, 13, 18, 19, 21, 24]
    Truth table row=[>, >, <, >] ix=74 result=[5-] is correct

Test 5+:
    W0: [ 0,  2,  7,  8, 10, 11, 12, 14, 15, 18, 21] < [ 1,  3,  4,  5,  6,  9, 13, 16, 17, 19, 20]
    W1: [ 0,  2,  7, 16, 17, 19, 20, 23, 24] < [ 1,  3,  4,  5,  6, 15, 18, 21, 22]
    W2: [ 0,  5,  6,  8, 10, 13, 15, 19, 20, 25] > [ 1,  7,  9, 14, 16, 21, 22, 23, 24, 26]
    W3: [ 1,  2,  4,  8, 11, 16, 22, 25, 26] < [ 5,  7, 10, 12, 13, 18, 19, 21, 24]
    Truth table row=[<, <, >, <] ix=6 result=[5+] is correct

Test 6-:
    W0: [ 0,  2,  7,  8, 10, 11, 12, 14, 15, 18, 21] > [ 1,  3,  4,  5,  6,  9, 13, 16, 17, 19, 20]
    W1: [ 0,  2,  7, 16, 17, 19, 20, 23, 24] > [ 1,  3,  4,  5,  6, 15, 18, 21, 22]
    W2: [ 0,  5,  6,  8, 10, 13, 15, 19, 20, 25] < [ 1,  7,  9, 14, 16, 21, 22, 23, 24, 26]
    W3: [ 1,  2,  4,  8, 11, 16, 22, 25, 26] = [ 5,  7, 10, 12, 13, 18, 19, 21, 24]
    Truth table row=[>, >, <, =] ix=73 result=[6-] is correct

Test 6+:
    W0: [ 0,  2,  7,  8, 10, 11, 12, 14, 15, 18, 21] < [ 1,  3,  4,  5,  6,  9, 13, 16, 17, 19, 20]
    W1: [ 0,  2,  7, 16, 17, 19, 20, 23, 24] < [ 1,  3,  4,  5,  6, 15, 18, 21, 22]
    W2: [ 0,  5,  6,  8, 10, 13, 15, 19, 20, 25] > [ 1,  7,  9, 14, 16, 21, 22, 23, 24, 26]
    W3: [ 1,  2,  4,  8, 11, 16, 22, 25, 26] = [ 5,  7, 10, 12, 13, 18, 19, 21, 24]
    Truth table row=[<, <, >, =] ix=7 result=[6+] is correct

Test 7-:
    W0: [ 0,  2,  7,  8, 10, 11, 12, 14, 15, 18, 21] < [ 1,  3,  4,  5,  6,  9, 13, 16, 17, 19, 20]
    W1: [ 0,  2,  7, 16, 17, 19, 20, 23, 24] < [ 1,  3,  4,  5,  6, 15, 18, 21, 22]
    W2: [ 0,  5,  6,  8, 10, 13, 15, 19, 20, 25] > [ 1,  7,  9, 14, 16, 21, 22, 23, 24, 26]
    W3: [ 1,  2,  4,  8, 11, 16, 22, 25, 26] > [ 5,  7, 10, 12, 13, 18, 19, 21, 24]
    Truth table row=[<, <, >, >] ix=8 result=[7-] is correct

Test 7+:
    W0: [ 0,  2,  7,  8, 10, 11, 12, 14, 15, 18, 21] > [ 1,  3,  4,  5,  6,  9, 13, 16, 17, 19, 20]
    W1: [ 0,  2,  7, 16, 17, 19, 20, 23, 24] > [ 1,  3,  4,  5,  6, 15, 18, 21, 22]
    W2: [ 0,  5,  6,  8, 10, 13, 15, 19, 20, 25] < [ 1,  7,  9, 14, 16, 21, 22, 23, 24, 26]
    W3: [ 1,  2,  4,  8, 11, 16, 22, 25, 26] < [ 5,  7, 10, 12, 13, 18, 19, 21, 24]
    Truth table row=[>, >, <, <] ix=72 result=[7+] is correct

Test 8-:
    W0: [ 0,  2,  7,  8, 10, 11, 12, 14, 15, 18, 21] < [ 1,  3,  4,  5,  6,  9, 13, 16, 17, 19, 20]
    W1: [ 0,  2,  7, 16, 17, 19, 20, 23, 24] = [ 1,  3,  4,  5,  6, 15, 18, 21, 22]
    W2: [ 0,  5,  6,  8, 10, 13, 15, 19, 20, 25] < [ 1,  7,  9, 14, 16, 21, 22, 23, 24, 26]
    W3: [ 1,  2,  4,  8, 11, 16, 22, 25, 26] < [ 5,  7, 10, 12, 13, 18, 19, 21, 24]
    Truth table row=[<, =, <, <] ix=9 result=[8-] is correct

Test 8+:
    W0: [ 0,  2,  7,  8, 10, 11, 12, 14, 15, 18, 21] > [ 1,  3,  4,  5,  6,  9, 13, 16, 17, 19, 20]
    W1: [ 0,  2,  7, 16, 17, 19, 20, 23, 24] = [ 1,  3,  4,  5,  6, 15, 18, 21, 22]
    W2: [ 0,  5,  6,  8, 10, 13, 15, 19, 20, 25] > [ 1,  7,  9, 14, 16, 21, 22, 23, 24, 26]
    W3: [ 1,  2,  4,  8, 11, 16, 22, 25, 26] > [ 5,  7, 10, 12, 13, 18, 19, 21, 24]
    Truth table row=[>, =, >, >] ix=71 result=[8+] is correct

Test 9-:
    W0: [ 0,  2,  7,  8, 10, 11, 12, 14, 15, 18, 21] > [ 1,  3,  4,  5,  6,  9, 13, 16, 17, 19, 20]
    W1: [ 0,  2,  7, 16, 17, 19, 20, 23, 24] = [ 1,  3,  4,  5,  6, 15, 18, 21, 22]
    W2: [ 0,  5,  6,  8, 10, 13, 15, 19, 20, 25] > [ 1,  7,  9, 14, 16, 21, 22, 23, 24, 26]
    W3: [ 1,  2,  4,  8, 11, 16, 22, 25, 26] = [ 5,  7, 10, 12, 13, 18, 19, 21, 24]
    Truth table row=[>, =, >, =] ix=70 result=[9-] is correct

Test 9+:
    W0: [ 0,  2,  7,  8, 10, 11, 12, 14, 15, 18, 21] < [ 1,  3,  4,  5,  6,  9, 13, 16, 17, 19, 20]
    W1: [ 0,  2,  7, 16, 17, 19, 20, 23, 24] = [ 1,  3,  4,  5,  6, 15, 18, 21, 22]
    W2: [ 0,  5,  6,  8, 10, 13, 15, 19, 20, 25] < [ 1,  7,  9, 14, 16, 21, 22, 23, 24, 26]
    W3: [ 1,  2,  4,  8, 11, 16, 22, 25, 26] = [ 5,  7, 10, 12, 13, 18, 19, 21, 24]
    Truth table row=[<, =, <, =] ix=10 result=[9+] is correct

Test 10-:
    W0: [ 0,  2,  7,  8, 10, 11, 12, 14, 15, 18, 21] < [ 1,  3,  4,  5,  6,  9, 13, 16, 17, 19, 20]
    W1: [ 0,  2,  7, 16, 17, 19, 20, 23, 24] = [ 1,  3,  4,  5,  6, 15, 18, 21, 22]
    W2: [ 0,  5,  6,  8, 10, 13, 15, 19, 20, 25] < [ 1,  7,  9, 14, 16, 21, 22, 23, 24, 26]
    W3: [ 1,  2,  4,  8, 11, 16, 22, 25, 26] > [ 5,  7, 10, 12, 13, 18, 19, 21, 24]
    Truth table row=[<, =, <, >] ix=11 result=[10-] is correct

Test 10+:
    W0: [ 0,  2,  7,  8, 10, 11, 12, 14, 15, 18, 21] > [ 1,  3,  4,  5,  6,  9, 13, 16, 17, 19, 20]
    W1: [ 0,  2,  7, 16, 17, 19, 20, 23, 24] = [ 1,  3,  4,  5,  6, 15, 18, 21, 22]
    W2: [ 0,  5,  6,  8, 10, 13, 15, 19, 20, 25] > [ 1,  7,  9, 14, 16, 21, 22, 23, 24, 26]
    W3: [ 1,  2,  4,  8, 11, 16, 22, 25, 26] < [ 5,  7, 10, 12, 13, 18, 19, 21, 24]
    Truth table row=[>, =, >, <] ix=69 result=[10+] is correct

Test 11-:
    W0: [ 0,  2,  7,  8, 10, 11, 12, 14, 15, 18, 21] < [ 1,  3,  4,  5,  6,  9, 13, 16, 17, 19, 20]
    W1: [ 0,  2,  7, 16, 17, 19, 20, 23, 24] = [ 1,  3,  4,  5,  6, 15, 18, 21, 22]
    W2: [ 0,  5,  6,  8, 10, 13, 15, 19, 20, 25] = [ 1,  7,  9, 14, 16, 21, 22, 23, 24, 26]
    W3: [ 1,  2,  4,  8, 11, 16, 22, 25, 26] < [ 5,  7, 10, 12, 13, 18, 19, 21, 24]
    Truth table row=[<, =, =, <] ix=12 result=[11-] is correct

Test 11+:
    W0: [ 0,  2,  7,  8, 10, 11, 12, 14, 15, 18, 21] > [ 1,  3,  4,  5,  6,  9, 13, 16, 17, 19, 20]
    W1: [ 0,  2,  7, 16, 17, 19, 20, 23, 24] = [ 1,  3,  4,  5,  6, 15, 18, 21, 22]
    W2: [ 0,  5,  6,  8, 10, 13, 15, 19, 20, 25] = [ 1,  7,  9, 14, 16, 21, 22, 23, 24, 26]
    W3: [ 1,  2,  4,  8, 11, 16, 22, 25, 26] > [ 5,  7, 10, 12, 13, 18, 19, 21, 24]
    Truth table row=[>, =, =, >] ix=68 result=[11+] is correct

Test 12-:
    W0: [ 0,  2,  7,  8, 10, 11, 12, 14, 15, 18, 21] < [ 1,  3,  4,  5,  6,  9, 13, 16, 17, 19, 20]
    W1: [ 0,  2,  7, 16, 17, 19, 20, 23, 24] = [ 1,  3,  4,  5,  6, 15, 18, 21, 22]
    W2: [ 0,  5,  6,  8, 10, 13, 15, 19, 20, 25] = [ 1,  7,  9, 14, 16, 21, 22, 23, 24, 26]
    W3: [ 1,  2,  4,  8, 11, 16, 22, 25, 26] > [ 5,  7, 10, 12, 13, 18, 19, 21, 24]
    Truth table row=[<, =, =, >] ix=14 result=[12-] is correct

Test 12+:
    W0: [ 0,  2,  7,  8, 10, 11, 12, 14, 15, 18, 21] > [ 1,  3,  4,  5,  6,  9, 13, 16, 17, 19, 20]
    W1: [ 0,  2,  7, 16, 17, 19, 20, 23, 24] = [ 1,  3,  4,  5,  6, 15, 18, 21, 22]
    W2: [ 0,  5,  6,  8, 10, 13, 15, 19, 20, 25] = [ 1,  7,  9, 14, 16, 21, 22, 23, 24, 26]
    W3: [ 1,  2,  4,  8, 11, 16, 22, 25, 26] < [ 5,  7, 10, 12, 13, 18, 19, 21, 24]
    Truth table row=[>, =, =, <] ix=66 result=[12+] is correct

Test 13-:
    W0: [ 0,  2,  7,  8, 10, 11, 12, 14, 15, 18, 21] > [ 1,  3,  4,  5,  6,  9, 13, 16, 17, 19, 20]
    W1: [ 0,  2,  7, 16, 17, 19, 20, 23, 24] = [ 1,  3,  4,  5,  6, 15, 18, 21, 22]
    W2: [ 0,  5,  6,  8, 10, 13, 15, 19, 20, 25] < [ 1,  7,  9, 14, 16, 21, 22, 23, 24, 26]
    W3: [ 1,  2,  4,  8, 11, 16, 22, 25, 26] > [ 5,  7, 10, 12, 13, 18, 19, 21, 24]
    Truth table row=[>, =, <, >] ix=65 result=[13-] is correct

Test 13+:
    W0: [ 0,  2,  7,  8, 10, 11, 12, 14, 15, 18, 21] < [ 1,  3,  4,  5,  6,  9, 13, 16, 17, 19, 20]
    W1: [ 0,  2,  7, 16, 17, 19, 20, 23, 24] = [ 1,  3,  4,  5,  6, 15, 18, 21, 22]
    W2: [ 0,  5,  6,  8, 10, 13, 15, 19, 20, 25] > [ 1,  7,  9, 14, 16, 21, 22, 23, 24, 26]
    W3: [ 1,  2,  4,  8, 11, 16, 22, 25, 26] < [ 5,  7, 10, 12, 13, 18, 19, 21, 24]
    Truth table row=[<, =, >, <] ix=15 result=[13+] is correct

Test 14-:
    W0: [ 0,  2,  7,  8, 10, 11, 12, 14, 15, 18, 21] < [ 1,  3,  4,  5,  6,  9, 13, 16, 17, 19, 20]
    W1: [ 0,  2,  7, 16, 17, 19, 20, 23, 24] = [ 1,  3,  4,  5,  6, 15, 18, 21, 22]
    W2: [ 0,  5,  6,  8, 10, 13, 15, 19, 20, 25] > [ 1,  7,  9, 14, 16, 21, 22, 23, 24, 26]
    W3: [ 1,  2,  4,  8, 11, 16, 22, 25, 26] = [ 5,  7, 10, 12, 13, 18, 19, 21, 24]
    Truth table row=[<, =, >, =] ix=16 result=[14-] is correct

Test 14+:
    W0: [ 0,  2,  7,  8, 10, 11, 12, 14, 15, 18, 21] > [ 1,  3,  4,  5,  6,  9, 13, 16, 17, 19, 20]
    W1: [ 0,  2,  7, 16, 17, 19, 20, 23, 24] = [ 1,  3,  4,  5,  6, 15, 18, 21, 22]
    W2: [ 0,  5,  6,  8, 10, 13, 15, 19, 20, 25] < [ 1,  7,  9, 14, 16, 21, 22, 23, 24, 26]
    W3: [ 1,  2,  4,  8, 11, 16, 22, 25, 26] = [ 5,  7, 10, 12, 13, 18, 19, 21, 24]
    Truth table row=[>, =, <, =] ix=64 result=[14+] is correct

Test 15-:
    W0: [ 0,  2,  7,  8, 10, 11, 12, 14, 15, 18, 21] < [ 1,  3,  4,  5,  6,  9, 13, 16, 17, 19, 20]
    W1: [ 0,  2,  7, 16, 17, 19, 20, 23, 24] > [ 1,  3,  4,  5,  6, 15, 18, 21, 22]
    W2: [ 0,  5,  6,  8, 10, 13, 15, 19, 20, 25] < [ 1,  7,  9, 14, 16, 21, 22, 23, 24, 26]
    W3: [ 1,  2,  4,  8, 11, 16, 22, 25, 26] = [ 5,  7, 10, 12, 13, 18, 19, 21, 24]
    Truth table row=[<, >, <, =] ix=19 result=[15-] is correct

Test 15+:
    W0: [ 0,  2,  7,  8, 10, 11, 12, 14, 15, 18, 21] > [ 1,  3,  4,  5,  6,  9, 13, 16, 17, 19, 20]
    W1: [ 0,  2,  7, 16, 17, 19, 20, 23, 24] < [ 1,  3,  4,  5,  6, 15, 18, 21, 22]
    W2: [ 0,  5,  6,  8, 10, 13, 15, 19, 20, 25] > [ 1,  7,  9, 14, 16, 21, 22, 23, 24, 26]
    W3: [ 1,  2,  4,  8, 11, 16, 22, 25, 26] = [ 5,  7, 10, 12, 13, 18, 19, 21, 24]
    Truth table row=[>, <, >, =] ix=61 result=[15+] is correct

Test 16-:
    W0: [ 0,  2,  7,  8, 10, 11, 12, 14, 15, 18, 21] > [ 1,  3,  4,  5,  6,  9, 13, 16, 17, 19, 20]
    W1: [ 0,  2,  7, 16, 17, 19, 20, 23, 24] < [ 1,  3,  4,  5,  6, 15, 18, 21, 22]
    W2: [ 0,  5,  6,  8, 10, 13, 15, 19, 20, 25] > [ 1,  7,  9, 14, 16, 21, 22, 23, 24, 26]
    W3: [ 1,  2,  4,  8, 11, 16, 22, 25, 26] < [ 5,  7, 10, 12, 13, 18, 19, 21, 24]
    Truth table row=[>, <, >, <] ix=60 result=[16-] is correct

Test 16+:
    W0: [ 0,  2,  7,  8, 10, 11, 12, 14, 15, 18, 21] < [ 1,  3,  4,  5,  6,  9, 13, 16, 17, 19, 20]
    W1: [ 0,  2,  7, 16, 17, 19, 20, 23, 24] > [ 1,  3,  4,  5,  6, 15, 18, 21, 22]
    W2: [ 0,  5,  6,  8, 10, 13, 15, 19, 20, 25] < [ 1,  7,  9, 14, 16, 21, 22, 23, 24, 26]
    W3: [ 1,  2,  4,  8, 11, 16, 22, 25, 26] > [ 5,  7, 10, 12, 13, 18, 19, 21, 24]
    Truth table row=[<, >, <, >] ix=20 result=[16+] is correct

Test 17-:
    W0: [ 0,  2,  7,  8, 10, 11, 12, 14, 15, 18, 21] > [ 1,  3,  4,  5,  6,  9, 13, 16, 17, 19, 20]
    W1: [ 0,  2,  7, 16, 17, 19, 20, 23, 24] < [ 1,  3,  4,  5,  6, 15, 18, 21, 22]
    W2: [ 0,  5,  6,  8, 10, 13, 15, 19, 20, 25] = [ 1,  7,  9, 14, 16, 21, 22, 23, 24, 26]
    W3: [ 1,  2,  4,  8, 11, 16, 22, 25, 26] = [ 5,  7, 10, 12, 13, 18, 19, 21, 24]
    Truth table row=[>, <, =, =] ix=58 result=[17-] is correct

Test 17+:
    W0: [ 0,  2,  7,  8, 10, 11, 12, 14, 15, 18, 21] < [ 1,  3,  4,  5,  6,  9, 13, 16, 17, 19, 20]
    W1: [ 0,  2,  7, 16, 17, 19, 20, 23, 24] > [ 1,  3,  4,  5,  6, 15, 18, 21, 22]
    W2: [ 0,  5,  6,  8, 10, 13, 15, 19, 20, 25] = [ 1,  7,  9, 14, 16, 21, 22, 23, 24, 26]
    W3: [ 1,  2,  4,  8, 11, 16, 22, 25, 26] = [ 5,  7, 10, 12, 13, 18, 19, 21, 24]
    Truth table row=[<, >, =, =] ix=22 result=[17+] is correct

Test 18-:
    W0: [ 0,  2,  7,  8, 10, 11, 12, 14, 15, 18, 21] < [ 1,  3,  4,  5,  6,  9, 13, 16, 17, 19, 20]
    W1: [ 0,  2,  7, 16, 17, 19, 20, 23, 24] > [ 1,  3,  4,  5,  6, 15, 18, 21, 22]
    W2: [ 0,  5,  6,  8, 10, 13, 15, 19, 20, 25] = [ 1,  7,  9, 14, 16, 21, 22, 23, 24, 26]
    W3: [ 1,  2,  4,  8, 11, 16, 22, 25, 26] > [ 5,  7, 10, 12, 13, 18, 19, 21, 24]
    Truth table row=[<, >, =, >] ix=23 result=[18-] is correct

Test 18+:
    W0: [ 0,  2,  7,  8, 10, 11, 12, 14, 15, 18, 21] > [ 1,  3,  4,  5,  6,  9, 13, 16, 17, 19, 20]
    W1: [ 0,  2,  7, 16, 17, 19, 20, 23, 24] < [ 1,  3,  4,  5,  6, 15, 18, 21, 22]
    W2: [ 0,  5,  6,  8, 10, 13, 15, 19, 20, 25] = [ 1,  7,  9, 14, 16, 21, 22, 23, 24, 26]
    W3: [ 1,  2,  4,  8, 11, 16, 22, 25, 26] < [ 5,  7, 10, 12, 13, 18, 19, 21, 24]
    Truth table row=[>, <, =, <] ix=57 result=[18+] is correct

Test 19-:
    W0: [ 0,  2,  7,  8, 10, 11, 12, 14, 15, 18, 21] > [ 1,  3,  4,  5,  6,  9, 13, 16, 17, 19, 20]
    W1: [ 0,  2,  7, 16, 17, 19, 20, 23, 24] < [ 1,  3,  4,  5,  6, 15, 18, 21, 22]
    W2: [ 0,  5,  6,  8, 10, 13, 15, 19, 20, 25] < [ 1,  7,  9, 14, 16, 21, 22, 23, 24, 26]
    W3: [ 1,  2,  4,  8, 11, 16, 22, 25, 26] > [ 5,  7, 10, 12, 13, 18, 19, 21, 24]
    Truth table row=[>, <, <, >] ix=56 result=[19-] is correct

Test 19+:
    W0: [ 0,  2,  7,  8, 10, 11, 12, 14, 15, 18, 21] < [ 1,  3,  4,  5,  6,  9, 13, 16, 17, 19, 20]
    W1: [ 0,  2,  7, 16, 17, 19, 20, 23, 24] > [ 1,  3,  4,  5,  6, 15, 18, 21, 22]
    W2: [ 0,  5,  6,  8, 10, 13, 15, 19, 20, 25] > [ 1,  7,  9, 14, 16, 21, 22, 23, 24, 26]
    W3: [ 1,  2,  4,  8, 11, 16, 22, 25, 26] < [ 5,  7, 10, 12, 13, 18, 19, 21, 24]
    Truth table row=[<, >, >, <] ix=24 result=[19+] is correct

Test 20-:
    W0: [ 0,  2,  7,  8, 10, 11, 12, 14, 15, 18, 21] > [ 1,  3,  4,  5,  6,  9, 13, 16, 17, 19, 20]
    W1: [ 0,  2,  7, 16, 17, 19, 20, 23, 24] < [ 1,  3,  4,  5,  6, 15, 18, 21, 22]
    W2: [ 0,  5,  6,  8, 10, 13, 15, 19, 20, 25] < [ 1,  7,  9, 14, 16, 21, 22, 23, 24, 26]
    W3: [ 1,  2,  4,  8, 11, 16, 22, 25, 26] = [ 5,  7, 10, 12, 13, 18, 19, 21, 24]
    Truth table row=[>, <, <, =] ix=55 result=[20-] is correct

Test 20+:
    W0: [ 0,  2,  7,  8, 10, 11, 12, 14, 15, 18, 21] < [ 1,  3,  4,  5,  6,  9, 13, 16, 17, 19, 20]
    W1: [ 0,  2,  7, 16, 17, 19, 20, 23, 24] > [ 1,  3,  4,  5,  6, 15, 18, 21, 22]
    W2: [ 0,  5,  6,  8, 10, 13, 15, 19, 20, 25] > [ 1,  7,  9, 14, 16, 21, 22, 23, 24, 26]
    W3: [ 1,  2,  4,  8, 11, 16, 22, 25, 26] = [ 5,  7, 10, 12, 13, 18, 19, 21, 24]
    Truth table row=[<, >, >, =] ix=25 result=[20+] is correct

Test 21-:
    W0: [ 0,  2,  7,  8, 10, 11, 12, 14, 15, 18, 21] < [ 1,  3,  4,  5,  6,  9, 13, 16, 17, 19, 20]
    W1: [ 0,  2,  7, 16, 17, 19, 20, 23, 24] > [ 1,  3,  4,  5,  6, 15, 18, 21, 22]
    W2: [ 0,  5,  6,  8, 10, 13, 15, 19, 20, 25] > [ 1,  7,  9, 14, 16, 21, 22, 23, 24, 26]
    W3: [ 1,  2,  4,  8, 11, 16, 22, 25, 26] > [ 5,  7, 10, 12, 13, 18, 19, 21, 24]
    Truth table row=[<, >, >, >] ix=26 result=[21-] is correct

Test 21+:
    W0: [ 0,  2,  7,  8, 10, 11, 12, 14, 15, 18, 21] > [ 1,  3,  4,  5,  6,  9, 13, 16, 17, 19, 20]
    W1: [ 0,  2,  7, 16, 17, 19, 20, 23, 24] < [ 1,  3,  4,  5,  6, 15, 18, 21, 22]
    W2: [ 0,  5,  6,  8, 10, 13, 15, 19, 20, 25] < [ 1,  7,  9, 14, 16, 21, 22, 23, 24, 26]
    W3: [ 1,  2,  4,  8, 11, 16, 22, 25, 26] < [ 5,  7, 10, 12, 13, 18, 19, 21, 24]
    Truth table row=[>, <, <, <] ix=54 result=[21+] is correct

Test 22-:
    W0: [ 0,  2,  7,  8, 10, 11, 12, 14, 15, 18, 21] = [ 1,  3,  4,  5,  6,  9, 13, 16, 17, 19, 20]
    W1: [ 0,  2,  7, 16, 17, 19, 20, 23, 24] > [ 1,  3,  4,  5,  6, 15, 18, 21, 22]
    W2: [ 0,  5,  6,  8, 10, 13, 15, 19, 20, 25] > [ 1,  7,  9, 14, 16, 21, 22, 23, 24, 26]
    W3: [ 1,  2,  4,  8, 11, 16, 22, 25, 26] < [ 5,  7, 10, 12, 13, 18, 19, 21, 24]
    Truth table row=[=, >, >, <] ix=51 result=[22-] is correct

Test 22+:
    W0: [ 0,  2,  7,  8, 10, 11, 12, 14, 15, 18, 21] = [ 1,  3,  4,  5,  6,  9, 13, 16, 17, 19, 20]
    W1: [ 0,  2,  7, 16, 17, 19, 20, 23, 24] < [ 1,  3,  4,  5,  6, 15, 18, 21, 22]
    W2: [ 0,  5,  6,  8, 10, 13, 15, 19, 20, 25] < [ 1,  7,  9, 14, 16, 21, 22, 23, 24, 26]
    W3: [ 1,  2,  4,  8, 11, 16, 22, 25, 26] > [ 5,  7, 10, 12, 13, 18, 19, 21, 24]
    Truth table row=[=, <, <, >] ix=29 result=[22+] is correct

Test 23-:
    W0: [ 0,  2,  7,  8, 10, 11, 12, 14, 15, 18, 21] = [ 1,  3,  4,  5,  6,  9, 13, 16, 17, 19, 20]
    W1: [ 0,  2,  7, 16, 17, 19, 20, 23, 24] < [ 1,  3,  4,  5,  6, 15, 18, 21, 22]
    W2: [ 0,  5,  6,  8, 10, 13, 15, 19, 20, 25] > [ 1,  7,  9, 14, 16, 21, 22, 23, 24, 26]
    W3: [ 1,  2,  4,  8, 11, 16, 22, 25, 26] = [ 5,  7, 10, 12, 13, 18, 19, 21, 24]
    Truth table row=[=, <, >, =] ix=34 result=[23-] is correct

Test 23+:
    W0: [ 0,  2,  7,  8, 10, 11, 12, 14, 15, 18, 21] = [ 1,  3,  4,  5,  6,  9, 13, 16, 17, 19, 20]
    W1: [ 0,  2,  7, 16, 17, 19, 20, 23, 24] > [ 1,  3,  4,  5,  6, 15, 18, 21, 22]
    W2: [ 0,  5,  6,  8, 10, 13, 15, 19, 20, 25] < [ 1,  7,  9, 14, 16, 21, 22, 23, 24, 26]
    W3: [ 1,  2,  4,  8, 11, 16, 22, 25, 26] = [ 5,  7, 10, 12, 13, 18, 19, 21, 24]
    Truth table row=[=, >, <, =] ix=46 result=[23+] is correct

Test 24-:
    W0: [ 0,  2,  7,  8, 10, 11, 12, 14, 15, 18, 21] = [ 1,  3,  4,  5,  6,  9, 13, 16, 17, 19, 20]
    W1: [ 0,  2,  7, 16, 17, 19, 20, 23, 24] < [ 1,  3,  4,  5,  6, 15, 18, 21, 22]
    W2: [ 0,  5,  6,  8, 10, 13, 15, 19, 20, 25] > [ 1,  7,  9, 14, 16, 21, 22, 23, 24, 26]
    W3: [ 1,  2,  4,  8, 11, 16, 22, 25, 26] > [ 5,  7, 10, 12, 13, 18, 19, 21, 24]
    Truth table row=[=, <, >, >] ix=35 result=[24-] is correct

Test 24+:
    W0: [ 0,  2,  7,  8, 10, 11, 12, 14, 15, 18, 21] = [ 1,  3,  4,  5,  6,  9, 13, 16, 17, 19, 20]
    W1: [ 0,  2,  7, 16, 17, 19, 20, 23, 24] > [ 1,  3,  4,  5,  6, 15, 18, 21, 22]
    W2: [ 0,  5,  6,  8, 10, 13, 15, 19, 20, 25] < [ 1,  7,  9, 14, 16, 21, 22, 23, 24, 26]
    W3: [ 1,  2,  4,  8, 11, 16, 22, 25, 26] < [ 5,  7, 10, 12, 13, 18, 19, 21, 24]
    Truth table row=[=, >, <, <] ix=45 result=[24+] is correct

Test 25-:
    W0: [ 0,  2,  7,  8, 10, 11, 12, 14, 15, 18, 21] = [ 1,  3,  4,  5,  6,  9, 13, 16, 17, 19, 20]
    W1: [ 0,  2,  7, 16, 17, 19, 20, 23, 24] = [ 1,  3,  4,  5,  6, 15, 18, 21, 22]
    W2: [ 0,  5,  6,  8, 10, 13, 15, 19, 20, 25] < [ 1,  7,  9, 14, 16, 21, 22, 23, 24, 26]
    W3: [ 1,  2,  4,  8, 11, 16, 22, 25, 26] < [ 5,  7, 10, 12, 13, 18, 19, 21, 24]
    Truth table row=[=, =, <, <] ix=36 result=[25-] is correct

Test 25+:
    W0: [ 0,  2,  7,  8, 10, 11, 12, 14, 15, 18, 21] = [ 1,  3,  4,  5,  6,  9, 13, 16, 17, 19, 20]
    W1: [ 0,  2,  7, 16, 17, 19, 20, 23, 24] = [ 1,  3,  4,  5,  6, 15, 18, 21, 22]
    W2: [ 0,  5,  6,  8, 10, 13, 15, 19, 20, 25] > [ 1,  7,  9, 14, 16, 21, 22, 23, 24, 26]
    W3: [ 1,  2,  4,  8, 11, 16, 22, 25, 26] > [ 5,  7, 10, 12, 13, 18, 19, 21, 24]
    Truth table row=[=, =, >, >] ix=44 result=[25+] is correct

Test 26-:
    W0: [ 0,  2,  7,  8, 10, 11, 12, 14, 15, 18, 21] = [ 1,  3,  4,  5,  6,  9, 13, 16, 17, 19, 20]
    W1: [ 0,  2,  7, 16, 17, 19, 20, 23, 24] = [ 1,  3,  4,  5,  6, 15, 18, 21, 22]
    W2: [ 0,  5,  6,  8, 10, 13, 15, 19, 20, 25] > [ 1,  7,  9, 14, 16, 21, 22, 23, 24, 26]
    W3: [ 1,  2,  4,  8, 11, 16, 22, 25, 26] < [ 5,  7, 10, 12, 13, 18, 19, 21, 24]
    Truth table row=[=, =, >, <] ix=42 result=[26-] is correct

Test 26+:
    W0: [ 0,  2,  7,  8, 10, 11, 12, 14, 15, 18, 21] = [ 1,  3,  4,  5,  6,  9, 13, 16, 17, 19, 20]
    W1: [ 0,  2,  7, 16, 17, 19, 20, 23, 24] = [ 1,  3,  4,  5,  6, 15, 18, 21, 22]
    W2: [ 0,  5,  6,  8, 10, 13, 15, 19, 20, 25] < [ 1,  7,  9, 14, 16, 21, 22, 23, 24, 26]
    W3: [ 1,  2,  4,  8, 11, 16, 22, 25, 26] > [ 5,  7, 10, 12, 13, 18, 19, 21, 24]
    Truth table row=[=, =, <, >] ix=38 result=[26+] is correct

Total correct results: 54
Total incorrect results: 0
