Solving for 45 balls and 5 weighings.
Using symmetry breaking strategy TruthTableAscending.

Solution:
W0: [ 0,  1,  5,  8,  9, 12, 13] <=> [ 2,  3,  4,  6,  7, 10, 11]
W1: [ 0,  1,  4,  6,  7, 10, 11, 15, 17, 19, 20, 23, 24, 26, 33, 34, 35] <=> [ 5,  8,  9, 12, 13, 14, 16, 18, 21, 22, 25, 27, 28, 29, 30, 31, 32]
W2: [ 0,  1, 10, 11, 15, 17, 19, 20, 28, 29, 30, 31, 32, 37, 38] <=> [ 9, 12, 13, 14, 16, 18, 21, 22, 33, 34, 35, 36, 39, 40, 41]
W3: [ 0,  1,  3,  5,  9, 15, 21, 22, 23, 24, 27, 37, 40, 41, 42, 43] <=> [ 2,  4,  8, 12, 13, 14, 16, 20, 26, 28, 29, 30, 33, 34, 35, 36]
W4: [ 0,  3,  7,  8, 11, 12, 16, 17, 20, 22, 23, 26, 27, 30, 33, 39, 42] <=> [ 2,  4,  5,  6,  9, 10, 13, 14, 19, 25, 28, 31, 35, 36, 37, 40, 44]

Truth Table:
ix  W0  W1  W2  W3  W4   Result
 0   <   <   <   <   <   0-
 1   <   <   <   <   =   1-
 2   <   <   <   <   >
 3   <   <   <   =   <
 4   <   <   <   =   =
 5   <   <   <   =   >
 6   <   <   <   >   <
 7   <   <   <   >   =
 8   <   <   <   >   >
 9   <   <   =   <   <
10   <   <   =   <   =
11   <   <   =   <   >
12   <   <   =   =   <
13   <   <   =   =   =
14   <   <   =   =   >
15   <   <   =   >   <
16   <   <   =   >   =
17   <   <   =   >   >
18   <   <   >   <   <
19   <   <   >   <   =
20   <   <   >   <   >
21   <   <   >   =   <
22   <   <   >   =   =
23   <   <   >   =   >
24   <   <   >   >   <
25   <   <   >   >   =
26   <   <   >   >   >
27   <   =   <   <   <
28   <   =   <   <   =
29   <   =   <   <   >
30   <   =   <   =   <
31   <   =   <   =   =
32   <   =   <   =   >
33   <   =   <   >   <
34   <   =   <   >   =
35   <   =   <   >   >
36   <   =   =   <   <   2+
37   <   =   =   <   =
38   <   =   =   <   >
39   <   =   =   =   <
40   <   =   =   =   =
41   <   =   =   =   >
42   <   =   =   >   <
43   <   =   =   >   =
44   <   =   =   >   >   3+
45   <   =   >   <   <
46   <   =   >   <   =
47   <   =   >   <   >
48   <   =   >   =   <
49   <   =   >   =   =
50   <   =   >   =   >
51   <   =   >   >   <
52   <   =   >   >   =
53   <   =   >   >   >
54   <   >   <   <   <
55   <   >   <   <   =
56   <   >   <   <   >
57   <   >   <   =   <
58   <   >   <   =   =
59   <   >   <   =   >
60   <   >   <   >   <
61   <   >   <   >   =
62   <   >   <   >   >
63   <   >   =   <   <   4+
64   <   >   =   <   =
65   <   >   =   <   >   5-
66   <   >   =   =   <   6+
67   <   >   =   =   =
68   <   >   =   =   >   7+
69   <   >   =   >   <   8-
70   <   >   =   >   =
71   <   >   =   >   >
72   <   >   >   <   <
73   <   >   >   <   =
74   <   >   >   <   >   9-
75   <   >   >   =   <   10+
76   <   >   >   =   =
77   <   >   >   =   >   11+
78   <   >   >   >   <   12-
79   <   >   >   >   =
80   <   >   >   >   >   13-
81   =   <   <   <   <   14+
82   =   <   <   <   =   15-
83   =   <   <   <   >   16+
84   =   <   <   =   <   17-
85   =   <   <   =   =   18+
86   =   <   <   =   >   19-
87   =   <   <   >   <   20-
88   =   <   <   >   =   21+
89   =   <   <   >   >   22+
90   =   <   =   <   <   23-
91   =   <   =   <   =   24-
92   =   <   =   <   >
93   =   <   =   =   <   25+
94   =   <   =   =   =
95   =   <   =   =   >
96   =   <   =   >   <   26-
97   =   <   =   >   =
98   =   <   =   >   >   27+
99   =   <   >   <   <   28+
100   =   <   >   <   =   29+
101   =   <   >   <   >   30+
102   =   <   >   =   <   31+
103   =   <   >   =   =   32+
104   =   <   >   =   >
105   =   <   >   >   <   33-
106   =   <   >   >   =   34-
107   =   <   >   >   >   35-
108   =   =   <   <   <   36+
109   =   =   <   <   =
110   =   =   <   <   >   37-
111   =   =   <   =   <
112   =   =   <   =   =   38-
113   =   =   <   =   >   39+
114   =   =   <   >   <   40+
115   =   =   <   >   =   41+
116   =   =   <   >   >
117   =   =   =   <   <   42-
118   =   =   =   <   =   43-
119   =   =   =   <   >
120   =   =   =   =   <   44+
121   =   =   =   =   =
122   =   =   =   =   >   44-
123   =   =   =   >   <
124   =   =   =   >   =   43+
125   =   =   =   >   >   42+
126   =   =   >   <   <
127   =   =   >   <   =   41-
128   =   =   >   <   >   40-
129   =   =   >   =   <   39-
130   =   =   >   =   =   38+
131   =   =   >   =   >
132   =   =   >   >   <   37+
133   =   =   >   >   =
134   =   =   >   >   >   36-
135   =   >   <   <   <   35+
136   =   >   <   <   =   34+
137   =   >   <   <   >   33+
138   =   >   <   =   <
139   =   >   <   =   =   32-
140   =   >   <   =   >   31-
141   =   >   <   >   <   30-
142   =   >   <   >   =   29-
143   =   >   <   >   >   28-
144   =   >   =   <   <   27-
145   =   >   =   <   =
146   =   >   =   <   >   26+
147   =   >   =   =   <
148   =   >   =   =   =
149   =   >   =   =   >   25-
150   =   >   =   >   <
151   =   >   =   >   =   24+
152   =   >   =   >   >   23+
153   =   >   >   <   <   22-
154   =   >   >   <   =   21-
155   =   >   >   <   >   20+
156   =   >   >   =   <   19+
157   =   >   >   =   =   18-
158   =   >   >   =   >   17+
159   =   >   >   >   <   16-
160   =   >   >   >   =   15+
161   =   >   >   >   >   14-
162   >   <   <   <   <   13+
163   >   <   <   <   =
164   >   <   <   <   >   12+
165   >   <   <   =   <   11-
166   >   <   <   =   =
167   >   <   <   =   >   10-
168   >   <   <   >   <   9+
169   >   <   <   >   =
170   >   <   <   >   >
171   >   <   =   <   <
172   >   <   =   <   =
173   >   <   =   <   >   8+
174   >   <   =   =   <   7-
175   >   <   =   =   =
176   >   <   =   =   >   6-
177   >   <   =   >   <   5+
178   >   <   =   >   =
179   >   <   =   >   >   4-
180   >   <   >   <   <
181   >   <   >   <   =
182   >   <   >   <   >
183   >   <   >   =   <
184   >   <   >   =   =
185   >   <   >   =   >
186   >   <   >   >   <
187   >   <   >   >   =
188   >   <   >   >   >
189   >   =   <   <   <
190   >   =   <   <   =
191   >   =   <   <   >
192   >   =   <   =   <
193   >   =   <   =   =
194   >   =   <   =   >
195   >   =   <   >   <
196   >   =   <   >   =
197   >   =   <   >   >
198   >   =   =   <   <   3-
199   >   =   =   <   =
200   >   =   =   <   >
201   >   =   =   =   <
202   >   =   =   =   =
203   >   =   =   =   >
204   >   =   =   >   <
205   >   =   =   >   =
206   >   =   =   >   >   2-
207   >   =   >   <   <
208   >   =   >   <   =
209   >   =   >   <   >
210   >   =   >   =   <
211   >   =   >   =   =
212   >   =   >   =   >
213   >   =   >   >   <
214   >   =   >   >   =
215   >   =   >   >   >
216   >   >   <   <   <
217   >   >   <   <   =
218   >   >   <   <   >
219   >   >   <   =   <
220   >   >   <   =   =
221   >   >   <   =   >
222   >   >   <   >   <
223   >   >   <   >   =
224   >   >   <   >   >
225   >   >   =   <   <
226   >   >   =   <   =
227   >   >   =   <   >
228   >   >   =   =   <
229   >   >   =   =   =
230   >   >   =   =   >
231   >   >   =   >   <
232   >   >   =   >   =
233   >   >   =   >   >
234   >   >   >   <   <
235   >   >   >   <   =
236   >   >   >   <   >
237   >   >   >   =   <
238   >   >   >   =   =
239   >   >   >   =   >
240   >   >   >   >   <
241   >   >   >   >   =   1+
242   >   >   >   >   >   0+

Test 0-:
    W0: [ 0,  1,  5,  8,  9, 12, 13] < [ 2,  3,  4,  6,  7, 10, 11]
    W1: [ 0,  1,  4,  6,  7, 10, 11, 15, 17, 19, 20, 23, 24, 26, 33, 34, 35] < [ 5,  8,  9, 12, 13, 14, 16, 18, 21, 22, 25, 27, 28, 29, 30, 31, 32]
    W2: [ 0,  1, 10, 11, 15, 17, 19, 20, 28, 29, 30, 31, 32, 37, 38] < [ 9, 12, 13, 14, 16, 18, 21, 22, 33, 34, 35, 36, 39, 40, 41]
    W3: [ 0,  1,  3,  5,  9, 15, 21, 22, 23, 24, 27, 37, 40, 41, 42, 43] < [ 2,  4,  8, 12, 13, 14, 16, 20, 26, 28, 29, 30, 33, 34, 35, 36]
    W4: [ 0,  3,  7,  8, 11, 12, 16, 17, 20, 22, 23, 26, 27, 30, 33, 39, 42] < [ 2,  4,  5,  6,  9, 10, 13, 14, 19, 25, 28, 31, 35, 36, 37, 40, 44]
    Truth table row=[<, <, <, <, <] ix=0 result=[0-] is correct

Test 0+:
    W0: [ 0,  1,  5,  8,  9, 12, 13] > [ 2,  3,  4,  6,  7, 10, 11]
    W1: [ 0,  1,  4,  6,  7, 10, 11, 15, 17, 19, 20, 23, 24, 26, 33, 34, 35] > [ 5,  8,  9, 12, 13, 14, 16, 18, 21, 22, 25, 27, 28, 29, 30, 31, 32]
    W2: [ 0,  1, 10, 11, 15, 17, 19, 20, 28, 29, 30, 31, 32, 37, 38] > [ 9, 12, 13, 14, 16, 18, 21, 22, 33, 34, 35, 36, 39, 40, 41]
    W3: [ 0,  1,  3,  5,  9, 15, 21, 22, 23, 24, 27, 37, 40, 41, 42, 43] > [ 2,  4,  8, 12, 13, 14, 16, 20, 26, 28, 29, 30, 33, 34, 35, 36]
    W4: [ 0,  3,  7,  8, 11, 12, 16, 17, 20, 22, 23, 26, 27, 30, 33, 39, 42] > [ 2,  4,  5,  6,  9, 10, 13, 14, 19, 25, 28, 31, 35, 36, 37, 40, 44]
    Truth table row=[>, >, >, >, >] ix=242 result=[0+] is correct

Test 1-:
    W0: [ 0,  1,  5,  8,  9, 12, 13] < [ 2,  3,  4,  6,  7, 10, 11]
    W1: [ 0,  1,  4,  6,  7, 10, 11, 15, 17, 19, 20, 23, 24, 26, 33, 34, 35] < [ 5,  8,  9, 12, 13, 14, 16, 18, 21, 22, 25, 27, 28, 29, 30, 31, 32]
    W2: [ 0,  1, 10, 11, 15, 17, 19, 20, 28, 29, 30, 31, 32, 37, 38] < [ 9, 12, 13, 14, 16, 18, 21, 22, 33, 34, 35, 36, 39, 40, 41]
    W3: [ 0,  1,  3,  5,  9, 15, 21, 22, 23, 24, 27, 37, 40, 41, 42, 43] < [ 2,  4,  8, 12, 13, 14, 16, 20, 26, 28, 29, 30, 33, 34, 35, 36]
    W4: [ 0,  3,  7,  8, 11, 12, 16, 17, 20, 22, 23, 26, 27, 30, 33, 39, 42] = [ 2,  4,  5,  6,  9, 10, 13, 14, 19, 25, 28, 31, 35, 36, 37, 40, 44]
    Truth table row=[<, <, <, <, =] ix=1 result=[1-] is correct

Test 1+:
    W0: [ 0,  1,  5,  8,  9, 12, 13] > [ 2,  3,  4,  6,  7, 10, 11]
    W1: [ 0,  1,  4,  6,  7, 10, 11, 15, 17, 19, 20, 23, 24, 26, 33, 34, 35] > [ 5,  8,  9, 12, 13, 14, 16, 18, 21, 22, 25, 27, 28, 29, 30, 31, 32]
    W2: [ 0,  1, 10, 11, 15, 17, 19, 20, 28, 29, 30, 31, 32, 37, 38] > [ 9, 12, 13, 14, 16, 18, 21, 22, 33, 34, 35, 36, 39, 40, 41]
    W3: [ 0,  1,  3,  5,  9, 15, 21, 22, 23, 24, 27, 37, 40, 41, 42, 43] > [ 2,  4,  8, 12, 13, 14, 16, 20, 26, 28, 29, 30, 33, 34, 35, 36]
    W4: [ 0,  3,  7,  8, 11, 12, 16, 17, 20, 22, 23, 26, 27, 30, 33, 39, 42] = [ 2,  4,  5,  6,  9, 10, 13, 14, 19, 25, 28, 31, 35, 36, 37, 40, 44]
    Truth table row=[>, >, >, >, =] ix=241 result=[1+] is correct

Test 2-:
    W0: [ 0,  1,  5,  8,  9, 12, 13] > [ 2,  3,  4,  6,  7, 10, 11]
    W1: [ 0,  1,  4,  6,  7, 10, 11, 15, 17, 19, 20, 23, 24, 26, 33, 34, 35] = [ 5,  8,  9, 12, 13, 14, 16, 18, 21, 22, 25, 27, 28, 29, 30, 31, 32]
    W2: [ 0,  1, 10, 11, 15, 17, 19, 20, 28, 29, 30, 31, 32, 37, 38] = [ 9, 12, 13, 14, 16, 18, 21, 22, 33, 34, 35, 36, 39, 40, 41]
    W3: [ 0,  1,  3,  5,  9, 15, 21, 22, 23, 24, 27, 37, 40, 41, 42, 43] > [ 2,  4,  8, 12, 13, 14, 16, 20, 26, 28, 29, 30, 33, 34, 35, 36]
    W4: [ 0,  3,  7,  8, 11, 12, 16, 17, 20, 22, 23, 26, 27, 30, 33, 39, 42] > [ 2,  4,  5,  6,  9, 10, 13, 14, 19, 25, 28, 31, 35, 36, 37, 40, 44]
    Truth table row=[>, =, =, >, >] ix=206 result=[2-] is correct

Test 2+:
    W0: [ 0,  1,  5,  8,  9, 12, 13] < [ 2,  3,  4,  6,  7, 10, 11]
    W1: [ 0,  1,  4,  6,  7, 10, 11, 15, 17, 19, 20, 23, 24, 26, 33, 34, 35] = [ 5,  8,  9, 12, 13, 14, 16, 18, 21, 22, 25, 27, 28, 29, 30, 31, 32]
    W2: [ 0,  1, 10, 11, 15, 17, 19, 20, 28, 29, 30, 31, 32, 37, 38] = [ 9, 12, 13, 14, 16, 18, 21, 22, 33, 34, 35, 36, 39, 40, 41]
    W3: [ 0,  1,  3,  5,  9, 15, 21, 22, 23, 24, 27, 37, 40, 41, 42, 43] < [ 2,  4,  8, 12, 13, 14, 16, 20, 26, 28, 29, 30, 33, 34, 35, 36]
    W4: [ 0,  3,  7,  8, 11, 12, 16, 17, 20, 22, 23, 26, 27, 30, 33, 39, 42] < [ 2,  4,  5,  6,  9, 10, 13, 14, 19, 25, 28, 31, 35, 36, 37, 40, 44]
    Truth table row=[<, =, =, <, <] ix=36 result=[2+] is correct

Test 3-:
    W0: [ 0,  1,  5,  8,  9, 12, 13] > [ 2,  3,  4,  6,  7, 10, 11]
    W1: [ 0,  1,  4,  6,  7, 10, 11, 15, 17, 19, 20, 23, 24, 26, 33, 34, 35] = [ 5,  8,  9, 12, 13, 14, 16, 18, 21, 22, 25, 27, 28, 29, 30, 31, 32]
    W2: [ 0,  1, 10, 11, 15, 17, 19, 20, 28, 29, 30, 31, 32, 37, 38] = [ 9, 12, 13, 14, 16, 18, 21, 22, 33, 34, 35, 36, 39, 40, 41]
    W3: [ 0,  1,  3,  5,  9, 15, 21, 22, 23, 24, 27, 37, 40, 41, 42, 43] < [ 2,  4,  8, 12, 13, 14, 16, 20, 26, 28, 29, 30, 33, 34, 35, 36]
    W4: [ 0,  3,  7,  8, 11, 12, 16, 17, 20, 22, 23, 26, 27, 30, 33, 39, 42] < [ 2,  4,  5,  6,  9, 10, 13, 14, 19, 25, 28, 31, 35, 36, 37, 40, 44]
    Truth table row=[>, =, =, <, <] ix=198 result=[3-] is correct

Test 3+:
    W0: [ 0,  1,  5,  8,  9, 12, 13] < [ 2,  3,  4,  6,  7, 10, 11]
    W1: [ 0,  1,  4,  6,  7, 10, 11, 15, 17, 19, 20, 23, 24, 26, 33, 34, 35] = [ 5,  8,  9, 12, 13, 14, 16, 18, 21, 22, 25, 27, 28, 29, 30, 31, 32]
    W2: [ 0,  1, 10, 11, 15, 17, 19, 20, 28, 29, 30, 31, 32, 37, 38] = [ 9, 12, 13, 14, 16, 18, 21, 22, 33, 34, 35, 36, 39, 40, 41]
    W3: [ 0,  1,  3,  5,  9, 15, 21, 22, 23, 24, 27, 37, 40, 41, 42, 43] > [ 2,  4,  8, 12, 13, 14, 16, 20, 26, 28, 29, 30, 33, 34, 35, 36]
    W4: [ 0,  3,  7,  8, 11, 12, 16, 17, 20, 22, 23, 26, 27, 30, 33, 39, 42] > [ 2,  4,  5,  6,  9, 10, 13, 14, 19, 25, 28, 31, 35, 36, 37, 40, 44]
    Truth table row=[<, =, =, >, >] ix=44 result=[3+] is correct

Test 4-:
    W0: [ 0,  1,  5,  8,  9, 12, 13] > [ 2,  3,  4,  6,  7, 10, 11]
    W1: [ 0,  1,  4,  6,  7, 10, 11, 15, 17, 19, 20, 23, 24, 26, 33, 34, 35] < [ 5,  8,  9, 12, 13, 14, 16, 18, 21, 22, 25, 27, 28, 29, 30, 31, 32]
    W2: [ 0,  1, 10, 11, 15, 17, 19, 20, 28, 29, 30, 31, 32, 37, 38] = [ 9, 12, 13, 14, 16, 18, 21, 22, 33, 34, 35, 36, 39, 40, 41]
    W3: [ 0,  1,  3,  5,  9, 15, 21, 22, 23, 24, 27, 37, 40, 41, 42, 43] > [ 2,  4,  8, 12, 13, 14, 16, 20, 26, 28, 29, 30, 33, 34, 35, 36]
    W4: [ 0,  3,  7,  8, 11, 12, 16, 17, 20, 22, 23, 26, 27, 30, 33, 39, 42] > [ 2,  4,  5,  6,  9, 10, 13, 14, 19, 25, 28, 31, 35, 36, 37, 40, 44]
    Truth table row=[>, <, =, >, >] ix=179 result=[4-] is correct

Test 4+:
    W0: [ 0,  1,  5,  8,  9, 12, 13] < [ 2,  3,  4,  6,  7, 10, 11]
    W1: [ 0,  1,  4,  6,  7, 10, 11, 15, 17, 19, 20, 23, 24, 26, 33, 34, 35] > [ 5,  8,  9, 12, 13, 14, 16, 18, 21, 22, 25, 27, 28, 29, 30, 31, 32]
    W2: [ 0,  1, 10, 11, 15, 17, 19, 20, 28, 29, 30, 31, 32, 37, 38] = [ 9, 12, 13, 14, 16, 18, 21, 22, 33, 34, 35, 36, 39, 40, 41]
    W3: [ 0,  1,  3,  5,  9, 15, 21, 22, 23, 24, 27, 37, 40, 41, 42, 43] < [ 2,  4,  8, 12, 13, 14, 16, 20, 26, 28, 29, 30, 33, 34, 35, 36]
    W4: [ 0,  3,  7,  8, 11, 12, 16, 17, 20, 22, 23, 26, 27, 30, 33, 39, 42] < [ 2,  4,  5,  6,  9, 10, 13, 14, 19, 25, 28, 31, 35, 36, 37, 40, 44]
    Truth table row=[<, >, =, <, <] ix=63 result=[4+] is correct

Test 5-:
    W0: [ 0,  1,  5,  8,  9, 12, 13] < [ 2,  3,  4,  6,  7, 10, 11]
    W1: [ 0,  1,  4,  6,  7, 10, 11, 15, 17, 19, 20, 23, 24, 26, 33, 34, 35] > [ 5,  8,  9, 12, 13, 14, 16, 18, 21, 22, 25, 27, 28, 29, 30, 31, 32]
    W2: [ 0,  1, 10, 11, 15, 17, 19, 20, 28, 29, 30, 31, 32, 37, 38] = [ 9, 12, 13, 14, 16, 18, 21, 22, 33, 34, 35, 36, 39, 40, 41]
    W3: [ 0,  1,  3,  5,  9, 15, 21, 22, 23, 24, 27, 37, 40, 41, 42, 43] < [ 2,  4,  8, 12, 13, 14, 16, 20, 26, 28, 29, 30, 33, 34, 35, 36]
    W4: [ 0,  3,  7,  8, 11, 12, 16, 17, 20, 22, 23, 26, 27, 30, 33, 39, 42] > [ 2,  4,  5,  6,  9, 10, 13, 14, 19, 25, 28, 31, 35, 36, 37, 40, 44]
    Truth table row=[<, >, =, <, >] ix=65 result=[5-] is correct

Test 5+:
    W0: [ 0,  1,  5,  8,  9, 12, 13] > [ 2,  3,  4,  6,  7, 10, 11]
    W1: [ 0,  1,  4,  6,  7, 10, 11, 15, 17, 19, 20, 23, 24, 26, 33, 34, 35] < [ 5,  8,  9, 12, 13, 14, 16, 18, 21, 22, 25, 27, 28, 29, 30, 31, 32]
    W2: [ 0,  1, 10, 11, 15, 17, 19, 20, 28, 29, 30, 31, 32, 37, 38] = [ 9, 12, 13, 14, 16, 18, 21, 22, 33, 34, 35, 36, 39, 40, 41]
    W3: [ 0,  1,  3,  5,  9, 15, 21, 22, 23, 24, 27, 37, 40, 41, 42, 43] > [ 2,  4,  8, 12, 13, 14, 16, 20, 26, 28, 29, 30, 33, 34, 35, 36]
    W4: [ 0,  3,  7,  8, 11, 12, 16, 17, 20, 22, 23, 26, 27, 30, 33, 39, 42] < [ 2,  4,  5,  6,  9, 10, 13, 14, 19, 25, 28, 31, 35, 36, 37, 40, 44]
    Truth table row=[>, <, =, >, <] ix=177 result=[5+] is correct

Test 6-:
    W0: [ 0,  1,  5,  8,  9, 12, 13] > [ 2,  3,  4,  6,  7, 10, 11]
    W1: [ 0,  1,  4,  6,  7, 10, 11, 15, 17, 19, 20, 23, 24, 26, 33, 34, 35] < [ 5,  8,  9, 12, 13, 14, 16, 18, 21, 22, 25, 27, 28, 29, 30, 31, 32]
    W2: [ 0,  1, 10, 11, 15, 17, 19, 20, 28, 29, 30, 31, 32, 37, 38] = [ 9, 12, 13, 14, 16, 18, 21, 22, 33, 34, 35, 36, 39, 40, 41]
    W3: [ 0,  1,  3,  5,  9, 15, 21, 22, 23, 24, 27, 37, 40, 41, 42, 43] = [ 2,  4,  8, 12, 13, 14, 16, 20, 26, 28, 29, 30, 33, 34, 35, 36]
    W4: [ 0,  3,  7,  8, 11, 12, 16, 17, 20, 22, 23, 26, 27, 30, 33, 39, 42] > [ 2,  4,  5,  6,  9, 10, 13, 14, 19, 25, 28, 31, 35, 36, 37, 40, 44]
    Truth table row=[>, <, =, =, >] ix=176 result=[6-] is correct

Test 6+:
    W0: [ 0,  1,  5,  8,  9, 12, 13] < [ 2,  3,  4,  6,  7, 10, 11]
    W1: [ 0,  1,  4,  6,  7, 10, 11, 15, 17, 19, 20, 23, 24, 26, 33, 34, 35] > [ 5,  8,  9, 12, 13, 14, 16, 18, 21, 22, 25, 27, 28, 29, 30, 31, 32]
    W2: [ 0,  1, 10, 11, 15, 17, 19, 20, 28, 29, 30, 31, 32, 37, 38] = [ 9, 12, 13, 14, 16, 18, 21, 22, 33, 34, 35, 36, 39, 40, 41]
    W3: [ 0,  1,  3,  5,  9, 15, 21, 22, 23, 24, 27, 37, 40, 41, 42, 43] = [ 2,  4,  8, 12, 13, 14, 16, 20, 26, 28, 29, 30, 33, 34, 35, 36]
    W4: [ 0,  3,  7,  8, 11, 12, 16, 17, 20, 22, 23, 26, 27, 30, 33, 39, 42] < [ 2,  4,  5,  6,  9, 10, 13, 14, 19, 25, 28, 31, 35, 36, 37, 40, 44]
    Truth table row=[<, >, =, =, <] ix=66 result=[6+] is correct

Test 7-:
    W0: [ 0,  1,  5,  8,  9, 12, 13] > [ 2,  3,  4,  6,  7, 10, 11]
    W1: [ 0,  1,  4,  6,  7, 10, 11, 15, 17, 19, 20, 23, 24, 26, 33, 34, 35] < [ 5,  8,  9, 12, 13, 14, 16, 18, 21, 22, 25, 27, 28, 29, 30, 31, 32]
    W2: [ 0,  1, 10, 11, 15, 17, 19, 20, 28, 29, 30, 31, 32, 37, 38] = [ 9, 12, 13, 14, 16, 18, 21, 22, 33, 34, 35, 36, 39, 40, 41]
    W3: [ 0,  1,  3,  5,  9, 15, 21, 22, 23, 24, 27, 37, 40, 41, 42, 43] = [ 2,  4,  8, 12, 13, 14, 16, 20, 26, 28, 29, 30, 33, 34, 35, 36]
    W4: [ 0,  3,  7,  8, 11, 12, 16, 17, 20, 22, 23, 26, 27, 30, 33, 39, 42] < [ 2,  4,  5,  6,  9, 10, 13, 14, 19, 25, 28, 31, 35, 36, 37, 40, 44]
    Truth table row=[>, <, =, =, <] ix=174 result=[7-] is correct

Test 7+:
    W0: [ 0,  1,  5,  8,  9, 12, 13] < [ 2,  3,  4,  6,  7, 10, 11]
    W1: [ 0,  1,  4,  6,  7, 10, 11, 15, 17, 19, 20, 23, 24, 26, 33, 34, 35] > [ 5,  8,  9, 12, 13, 14, 16, 18, 21, 22, 25, 27, 28, 29, 30, 31, 32]
    W2: [ 0,  1, 10, 11, 15, 17, 19, 20, 28, 29, 30, 31, 32, 37, 38] = [ 9, 12, 13, 14, 16, 18, 21, 22, 33, 34, 35, 36, 39, 40, 41]
    W3: [ 0,  1,  3,  5,  9, 15, 21, 22, 23, 24, 27, 37, 40, 41, 42, 43] = [ 2,  4,  8, 12, 13, 14, 16, 20, 26, 28, 29, 30, 33, 34, 35, 36]
    W4: [ 0,  3,  7,  8, 11, 12, 16, 17, 20, 22, 23, 26, 27, 30, 33, 39, 42] > [ 2,  4,  5,  6,  9, 10, 13, 14, 19, 25, 28, 31, 35, 36, 37, 40, 44]
    Truth table row=[<, >, =, =, >] ix=68 result=[7+] is correct

Test 8-:
    W0: [ 0,  1,  5,  8,  9, 12, 13] < [ 2,  3,  4,  6,  7, 10, 11]
    W1: [ 0,  1,  4,  6,  7, 10, 11, 15, 17, 19, 20, 23, 24, 26, 33, 34, 35] > [ 5,  8,  9, 12, 13, 14, 16, 18, 21, 22, 25, 27, 28, 29, 30, 31, 32]
    W2: [ 0,  1, 10, 11, 15, 17, 19, 20, 28, 29, 30, 31, 32, 37, 38] = [ 9, 12, 13, 14, 16, 18, 21, 22, 33, 34, 35, 36, 39, 40, 41]
    W3: [ 0,  1,  3,  5,  9, 15, 21, 22, 23, 24, 27, 37, 40, 41, 42, 43] > [ 2,  4,  8, 12, 13, 14, 16, 20, 26, 28, 29, 30, 33, 34, 35, 36]
    W4: [ 0,  3,  7,  8, 11, 12, 16, 17, 20, 22, 23, 26, 27, 30, 33, 39, 42] < [ 2,  4,  5,  6,  9, 10, 13, 14, 19, 25, 28, 31, 35, 36, 37, 40, 44]
    Truth table row=[<, >, =, >, <] ix=69 result=[8-] is correct

Test 8+:
    W0: [ 0,  1,  5,  8,  9, 12, 13] > [ 2,  3,  4,  6,  7, 10, 11]
    W1: [ 0,  1,  4,  6,  7, 10, 11, 15, 17, 19, 20, 23, 24, 26, 33, 34, 35] < [ 5,  8,  9, 12, 13, 14, 16, 18, 21, 22, 25, 27, 28, 29, 30, 31, 32]
    W2: [ 0,  1, 10, 11, 15, 17, 19, 20, 28, 29, 30, 31, 32, 37, 38] = [ 9, 12, 13, 14, 16, 18, 21, 22, 33, 34, 35, 36, 39, 40, 41]
    W3: [ 0,  1,  3,  5,  9, 15, 21, 22, 23, 24, 27, 37, 40, 41, 42, 43] < [ 2,  4,  8, 12, 13, 14, 16, 20, 26, 28, 29, 30, 33, 34, 35, 36]
    W4: [ 0,  3,  7,  8, 11, 12, 16, 17, 20, 22, 23, 26, 27, 30, 33, 39, 42] > [ 2,  4,  5,  6,  9, 10, 13, 14, 19, 25, 28, 31, 35, 36, 37, 40, 44]
    Truth table row=[>, <, =, <, >] ix=173 result=[8+] is correct

Test 9-:
    W0: [ 0,  1,  5,  8,  9, 12, 13] < [ 2,  3,  4,  6,  7, 10, 11]
    W1: [ 0,  1,  4,  6,  7, 10, 11, 15, 17, 19, 20, 23, 24, 26, 33, 34, 35] > [ 5,  8,  9, 12, 13, 14, 16, 18, 21, 22, 25, 27, 28, 29, 30, 31, 32]
    W2: [ 0,  1, 10, 11, 15, 17, 19, 20, 28, 29, 30, 31, 32, 37, 38] > [ 9, 12, 13, 14, 16, 18, 21, 22, 33, 34, 35, 36, 39, 40, 41]
    W3: [ 0,  1,  3,  5,  9, 15, 21, 22, 23, 24, 27, 37, 40, 41, 42, 43] < [ 2,  4,  8, 12, 13, 14, 16, 20, 26, 28, 29, 30, 33, 34, 35, 36]
    W4: [ 0,  3,  7,  8, 11, 12, 16, 17, 20, 22, 23, 26, 27, 30, 33, 39, 42] > [ 2,  4,  5,  6,  9, 10, 13, 14, 19, 25, 28, 31, 35, 36, 37, 40, 44]
    Truth table row=[<, >, >, <, >] ix=74 result=[9-] is correct

Test 9+:
    W0: [ 0,  1,  5,  8,  9, 12, 13] > [ 2,  3,  4,  6,  7, 10, 11]
    W1: [ 0,  1,  4,  6,  7, 10, 11, 15, 17, 19, 20, 23, 24, 26, 33, 34, 35] < [ 5,  8,  9, 12, 13, 14, 16, 18, 21, 22, 25, 27, 28, 29, 30, 31, 32]
    W2: [ 0,  1, 10, 11, 15, 17, 19, 20, 28, 29, 30, 31, 32, 37, 38] < [ 9, 12, 13, 14, 16, 18, 21, 22, 33, 34, 35, 36, 39, 40, 41]
    W3: [ 0,  1,  3,  5,  9, 15, 21, 22, 23, 24, 27, 37, 40, 41, 42, 43] > [ 2,  4,  8, 12, 13, 14, 16, 20, 26, 28, 29, 30, 33, 34, 35, 36]
    W4: [ 0,  3,  7,  8, 11, 12, 16, 17, 20, 22, 23, 26, 27, 30, 33, 39, 42] < [ 2,  4,  5,  6,  9, 10, 13, 14, 19, 25, 28, 31, 35, 36, 37, 40, 44]
    Truth table row=[>, <, <, >, <] ix=168 result=[9+] is correct

Test 10-:
    W0: [ 0,  1,  5,  8,  9, 12, 13] > [ 2,  3,  4,  6,  7, 10, 11]
    W1: [ 0,  1,  4,  6,  7, 10, 11, 15, 17, 19, 20, 23, 24, 26, 33, 34, 35] < [ 5,  8,  9, 12, 13, 14, 16, 18, 21, 22, 25, 27, 28, 29, 30, 31, 32]
    W2: [ 0,  1, 10, 11, 15, 17, 19, 20, 28, 29, 30, 31, 32, 37, 38] < [ 9, 12, 13, 14, 16, 18, 21, 22, 33, 34, 35, 36, 39, 40, 41]
    W3: [ 0,  1,  3,  5,  9, 15, 21, 22, 23, 24, 27, 37, 40, 41, 42, 43] = [ 2,  4,  8, 12, 13, 14, 16, 20, 26, 28, 29, 30, 33, 34, 35, 36]
    W4: [ 0,  3,  7,  8, 11, 12, 16, 17, 20, 22, 23, 26, 27, 30, 33, 39, 42] > [ 2,  4,  5,  6,  9, 10, 13, 14, 19, 25, 28, 31, 35, 36, 37, 40, 44]
    Truth table row=[>, <, <, =, >] ix=167 result=[10-] is correct

Test 10+:
    W0: [ 0,  1,  5,  8,  9, 12, 13] < [ 2,  3,  4,  6,  7, 10, 11]
    W1: [ 0,  1,  4,  6,  7, 10, 11, 15, 17, 19, 20, 23, 24, 26, 33, 34, 35] > [ 5,  8,  9, 12, 13, 14, 16, 18, 21, 22, 25, 27, 28, 29, 30, 31, 32]
    W2: [ 0,  1, 10, 11, 15, 17, 19, 20, 28, 29, 30, 31, 32, 37, 38] > [ 9, 12, 13, 14, 16, 18, 21, 22, 33, 34, 35, 36, 39, 40, 41]
    W3: [ 0,  1,  3,  5,  9, 15, 21, 22, 23, 24, 27, 37, 40, 41, 42, 43] = [ 2,  4,  8, 12, 13, 14, 16, 20, 26, 28, 29, 30, 33, 34, 35, 36]
    W4: [ 0,  3,  7,  8, 11, 12, 16, 17, 20, 22, 23, 26, 27, 30, 33, 39, 42] < [ 2,  4,  5,  6,  9, 10, 13, 14, 19, 25, 28, 31, 35, 36, 37, 40, 44]
    Truth table row=[<, >, >, =, <] ix=75 result=[10+] is correct

Test 11-:
    W0: [ 0,  1,  5,  8,  9, 12, 13] > [ 2,  3,  4,  6,  7, 10, 11]
    W1: [ 0,  1,  4,  6,  7, 10, 11, 15, 17, 19, 20, 23, 24, 26, 33, 34, 35] < [ 5,  8,  9, 12, 13, 14, 16, 18, 21, 22, 25, 27, 28, 29, 30, 31, 32]
    W2: [ 0,  1, 10, 11, 15, 17, 19, 20, 28, 29, 30, 31, 32, 37, 38] < [ 9, 12, 13, 14, 16, 18, 21, 22, 33, 34, 35, 36, 39, 40, 41]
    W3: [ 0,  1,  3,  5,  9, 15, 21, 22, 23, 24, 27, 37, 40, 41, 42, 43] = [ 2,  4,  8, 12, 13, 14, 16, 20, 26, 28, 29, 30, 33, 34, 35, 36]
    W4: [ 0,  3,  7,  8, 11, 12, 16, 17, 20, 22, 23, 26, 27, 30, 33, 39, 42] < [ 2,  4,  5,  6,  9, 10, 13, 14, 19, 25, 28, 31, 35, 36, 37, 40, 44]
    Truth table row=[>, <, <, =, <] ix=165 result=[11-] is correct

Test 11+:
    W0: [ 0,  1,  5,  8,  9, 12, 13] < [ 2,  3,  4,  6,  7, 10, 11]
    W1: [ 0,  1,  4,  6,  7, 10, 11, 15, 17, 19, 20, 23, 24, 26, 33, 34, 35] > [ 5,  8,  9, 12, 13, 14, 16, 18, 21, 22, 25, 27, 28, 29, 30, 31, 32]
    W2: [ 0,  1, 10, 11, 15, 17, 19, 20, 28, 29, 30, 31, 32, 37, 38] > [ 9, 12, 13, 14, 16, 18, 21, 22, 33, 34, 35, 36, 39, 40, 41]
    W3: [ 0,  1,  3,  5,  9, 15, 21, 22, 23, 24, 27, 37, 40, 41, 42, 43] = [ 2,  4,  8, 12, 13, 14, 16, 20, 26, 28, 29, 30, 33, 34, 35, 36]
    W4: [ 0,  3,  7,  8, 11, 12, 16, 17, 20, 22, 23, 26, 27, 30, 33, 39, 42] > [ 2,  4,  5,  6,  9, 10, 13, 14, 19, 25, 28, 31, 35, 36, 37, 40, 44]
    Truth table row=[<, >, >, =, >] ix=77 result=[11+] is correct

Test 12-:
    W0: [ 0,  1,  5,  8,  9, 12, 13] < [ 2,  3,  4,  6,  7, 10, 11]
    W1: [ 0,  1,  4,  6,  7, 10, 11, 15, 17, 19, 20, 23, 24, 26, 33, 34, 35] > [ 5,  8,  9, 12, 13, 14, 16, 18, 21, 22, 25, 27, 28, 29, 30, 31, 32]
    W2: [ 0,  1, 10, 11, 15, 17, 19, 20, 28, 29, 30, 31, 32, 37, 38] > [ 9, 12, 13, 14, 16, 18, 21, 22, 33, 34, 35, 36, 39, 40, 41]
    W3: [ 0,  1,  3,  5,  9, 15, 21, 22, 23, 24, 27, 37, 40, 41, 42, 43] > [ 2,  4,  8, 12, 13, 14, 16, 20, 26, 28, 29, 30, 33, 34, 35, 36]
    W4: [ 0,  3,  7,  8, 11, 12, 16, 17, 20, 22, 23, 26, 27, 30, 33, 39, 42] < [ 2,  4,  5,  6,  9, 10, 13, 14, 19, 25, 28, 31, 35, 36, 37, 40, 44]
    Truth table row=[<, >, >, >, <] ix=78 result=[12-] is correct

Test 12+:
    W0: [ 0,  1,  5,  8,  9, 12, 13] > [ 2,  3,  4,  6,  7, 10, 11]
    W1: [ 0,  1,  4,  6,  7, 10, 11, 15, 17, 19, 20, 23, 24, 26, 33, 34, 35] < [ 5,  8,  9, 12, 13, 14, 16, 18, 21, 22, 25, 27, 28, 29, 30, 31, 32]
    W2: [ 0,  1, 10, 11, 15, 17, 19, 20, 28, 29, 30, 31, 32, 37, 38] < [ 9, 12, 13, 14, 16, 18, 21, 22, 33, 34, 35, 36, 39, 40, 41]
    W3: [ 0,  1,  3,  5,  9, 15, 21, 22, 23, 24, 27, 37, 40, 41, 42, 43] < [ 2,  4,  8, 12, 13, 14, 16, 20, 26, 28, 29, 30, 33, 34, 35, 36]
    W4: [ 0,  3,  7,  8, 11, 12, 16, 17, 20, 22, 23, 26, 27, 30, 33, 39, 42] > [ 2,  4,  5,  6,  9, 10, 13, 14, 19, 25, 28, 31, 35, 36, 37, 40, 44]
    Truth table row=[>, <, <, <, >] ix=164 result=[12+] is correct

Test 13-:
    W0: [ 0,  1,  5,  8,  9, 12, 13] < [ 2,  3,  4,  6,  7, 10, 11]
    W1: [ 0,  1,  4,  6,  7, 10, 11, 15, 17, 19, 20, 23, 24, 26, 33, 34, 35] > [ 5,  8,  9, 12, 13, 14, 16, 18, 21, 22, 25, 27, 28, 29, 30, 31, 32]
    W2: [ 0,  1, 10, 11, 15, 17, 19, 20, 28, 29, 30, 31, 32, 37, 38] > [ 9, 12, 13, 14, 16, 18, 21, 22, 33, 34, 35, 36, 39, 40, 41]
    W3: [ 0,  1,  3,  5,  9, 15, 21, 22, 23, 24, 27, 37, 40, 41, 42, 43] > [ 2,  4,  8, 12, 13, 14, 16, 20, 26, 28, 29, 30, 33, 34, 35, 36]
    W4: [ 0,  3,  7,  8, 11, 12, 16, 17, 20, 22, 23, 26, 27, 30, 33, 39, 42] > [ 2,  4,  5,  6,  9, 10, 13, 14, 19, 25, 28, 31, 35, 36, 37, 40, 44]
    Truth table row=[<, >, >, >, >] ix=80 result=[13-] is correct

Test 13+:
    W0: [ 0,  1,  5,  8,  9, 12, 13] > [ 2,  3,  4,  6,  7, 10, 11]
    W1: [ 0,  1,  4,  6,  7, 10, 11, 15, 17, 19, 20, 23, 24, 26, 33, 34, 35] < [ 5,  8,  9, 12, 13, 14, 16, 18, 21, 22, 25, 27, 28, 29, 30, 31, 32]
    W2: [ 0,  1, 10, 11, 15, 17, 19, 20, 28, 29, 30, 31, 32, 37, 38] < [ 9, 12, 13, 14, 16, 18, 21, 22, 33, 34, 35, 36, 39, 40, 41]
    W3: [ 0,  1,  3,  5,  9, 15, 21, 22, 23, 24, 27, 37, 40, 41, 42, 43] < [ 2,  4,  8, 12, 13, 14, 16, 20, 26, 28, 29, 30, 33, 34, 35, 36]
    W4: [ 0,  3,  7,  8, 11, 12, 16, 17, 20, 22, 23, 26, 27, 30, 33, 39, 42] < [ 2,  4,  5,  6,  9, 10, 13, 14, 19, 25, 28, 31, 35, 36, 37, 40, 44]
    Truth table row=[>, <, <, <, <] ix=162 result=[13+] is correct

Test 14-:
    W0: [ 0,  1,  5,  8,  9, 12, 13] = [ 2,  3,  4,  6,  7, 10, 11]
    W1: [ 0,  1,  4,  6,  7, 10, 11, 15, 17, 19, 20, 23, 24, 26, 33, 34, 35] > [ 5,  8,  9, 12, 13, 14, 16, 18, 21, 22, 25, 27, 28, 29, 30, 31, 32]
    W2: [ 0,  1, 10, 11, 15, 17, 19, 20, 28, 29, 30, 31, 32, 37, 38] > [ 9, 12, 13, 14, 16, 18, 21, 22, 33, 34, 35, 36, 39, 40, 41]
    W3: [ 0,  1,  3,  5,  9, 15, 21, 22, 23, 24, 27, 37, 40, 41, 42, 43] > [ 2,  4,  8, 12, 13, 14, 16, 20, 26, 28, 29, 30, 33, 34, 35, 36]
    W4: [ 0,  3,  7,  8, 11, 12, 16, 17, 20, 22, 23, 26, 27, 30, 33, 39, 42] > [ 2,  4,  5,  6,  9, 10, 13, 14, 19, 25, 28, 31, 35, 36, 37, 40, 44]
    Truth table row=[=, >, >, >, >] ix=161 result=[14-] is correct

Test 14+:
    W0: [ 0,  1,  5,  8,  9, 12, 13] = [ 2,  3,  4,  6,  7, 10, 11]
    W1: [ 0,  1,  4,  6,  7, 10, 11, 15, 17, 19, 20, 23, 24, 26, 33, 34, 35] < [ 5,  8,  9, 12, 13, 14, 16, 18, 21, 22, 25, 27, 28, 29, 30, 31, 32]
    W2: [ 0,  1, 10, 11, 15, 17, 19, 20, 28, 29, 30, 31, 32, 37, 38] < [ 9, 12, 13, 14, 16, 18, 21, 22, 33, 34, 35, 36, 39, 40, 41]
    W3: [ 0,  1,  3,  5,  9, 15, 21, 22, 23, 24, 27, 37, 40, 41, 42, 43] < [ 2,  4,  8, 12, 13, 14, 16, 20, 26, 28, 29, 30, 33, 34, 35, 36]
    W4: [ 0,  3,  7,  8, 11, 12, 16, 17, 20, 22, 23, 26, 27, 30, 33, 39, 42] < [ 2,  4,  5,  6,  9, 10, 13, 14, 19, 25, 28, 31, 35, 36, 37, 40, 44]
    Truth table row=[=, <, <, <, <] ix=81 result=[14+] is correct

Test 15-:
    W0: [ 0,  1,  5,  8,  9, 12, 13] = [ 2,  3,  4,  6,  7, 10, 11]
    W1: [ 0,  1,  4,  6,  7, 10, 11, 15, 17, 19, 20, 23, 24, 26, 33, 34, 35] < [ 5,  8,  9, 12, 13, 14, 16, 18, 21, 22, 25, 27, 28, 29, 30, 31, 32]
    W2: [ 0,  1, 10, 11, 15, 17, 19, 20, 28, 29, 30, 31, 32, 37, 38] < [ 9, 12, 13, 14, 16, 18, 21, 22, 33, 34, 35, 36, 39, 40, 41]
    W3: [ 0,  1,  3,  5,  9, 15, 21, 22, 23, 24, 27, 37, 40, 41, 42, 43] < [ 2,  4,  8, 12, 13, 14, 16, 20, 26, 28, 29, 30, 33, 34, 35, 36]
    W4: [ 0,  3,  7,  8, 11, 12, 16, 17, 20, 22, 23, 26, 27, 30, 33, 39, 42] = [ 2,  4,  5,  6,  9, 10, 13, 14, 19, 25, 28, 31, 35, 36, 37, 40, 44]
    Truth table row=[=, <, <, <, =] ix=82 result=[15-] is correct

Test 15+:
    W0: [ 0,  1,  5,  8,  9, 12, 13] = [ 2,  3,  4,  6,  7, 10, 11]
    W1: [ 0,  1,  4,  6,  7, 10, 11, 15, 17, 19, 20, 23, 24, 26, 33, 34, 35] > [ 5,  8,  9, 12, 13, 14, 16, 18, 21, 22, 25, 27, 28, 29, 30, 31, 32]
    W2: [ 0,  1, 10, 11, 15, 17, 19, 20, 28, 29, 30, 31, 32, 37, 38] > [ 9, 12, 13, 14, 16, 18, 21, 22, 33, 34, 35, 36, 39, 40, 41]
    W3: [ 0,  1,  3,  5,  9, 15, 21, 22, 23, 24, 27, 37, 40, 41, 42, 43] > [ 2,  4,  8, 12, 13, 14, 16, 20, 26, 28, 29, 30, 33, 34, 35, 36]
    W4: [ 0,  3,  7,  8, 11, 12, 16, 17, 20, 22, 23, 26, 27, 30, 33, 39, 42] = [ 2,  4,  5,  6,  9, 10, 13, 14, 19, 25, 28, 31, 35, 36, 37, 40, 44]
    Truth table row=[=, >, >, >, =] ix=160 result=[15+] is correct

Test 16-:
    W0: [ 0,  1,  5,  8,  9, 12, 13] = [ 2,  3,  4,  6,  7, 10, 11]
    W1: [ 0,  1,  4,  6,  7, 10, 11, 15, 17, 19, 20, 23, 24, 26, 33, 34, 35] > [ 5,  8,  9, 12, 13, 14, 16, 18, 21, 22, 25, 27, 28, 29, 30, 31, 32]
    W2: [ 0,  1, 10, 11, 15, 17, 19, 20, 28, 29, 30, 31, 32, 37, 38] > [ 9, 12, 13, 14, 16, 18, 21, 22, 33, 34, 35, 36, 39, 40, 41]
    W3: [ 0,  1,  3,  5,  9, 15, 21, 22, 23, 24, 27, 37, 40, 41, 42, 43] > [ 2,  4,  8, 12, 13, 14, 16, 20, 26, 28, 29, 30, 33, 34, 35, 36]
    W4: [ 0,  3,  7,  8, 11, 12, 16, 17, 20, 22, 23, 26, 27, 30, 33, 39, 42] < [ 2,  4,  5,  6,  9, 10, 13, 14, 19, 25, 28, 31, 35, 36, 37, 40, 44]
    Truth table row=[=, >, >, >, <] ix=159 result=[16-] is correct

Test 16+:
    W0: [ 0,  1,  5,  8,  9, 12, 13] = [ 2,  3,  4,  6,  7, 10, 11]
    W1: [ 0,  1,  4,  6,  7, 10, 11, 15, 17, 19, 20, 23, 24, 26, 33, 34, 35] < [ 5,  8,  9, 12, 13, 14, 16, 18, 21, 22, 25, 27, 28, 29, 30, 31, 32]
    W2: [ 0,  1, 10, 11, 15, 17, 19, 20, 28, 29, 30, 31, 32, 37, 38] < [ 9, 12, 13, 14, 16, 18, 21, 22, 33, 34, 35, 36, 39, 40, 41]
    W3: [ 0,  1,  3,  5,  9, 15, 21, 22, 23, 24, 27, 37, 40, 41, 42, 43] < [ 2,  4,  8, 12, 13, 14, 16, 20, 26, 28, 29, 30, 33, 34, 35, 36]
    W4: [ 0,  3,  7,  8, 11, 12, 16, 17, 20, 22, 23, 26, 27, 30, 33, 39, 42] > [ 2,  4,  5,  6,  9, 10, 13, 14, 19, 25, 28, 31, 35, 36, 37, 40, 44]
    Truth table row=[=, <, <, <, >] ix=83 result=[16+] is correct

Test 17-:
    W0: [ 0,  1,  5,  8,  9, 12, 13] = [ 2,  3,  4,  6,  7, 10, 11]
    W1: [ 0,  1,  4,  6,  7, 10, 11, 15, 17, 19, 20, 23, 24, 26, 33, 34, 35] < [ 5,  8,  9, 12, 13, 14, 16, 18, 21, 22, 25, 27, 28, 29, 30, 31, 32]
    W2: [ 0,  1, 10, 11, 15, 17, 19, 20, 28, 29, 30, 31, 32, 37, 38] < [ 9, 12, 13, 14, 16, 18, 21, 22, 33, 34, 35, 36, 39, 40, 41]
    W3: [ 0,  1,  3,  5,  9, 15, 21, 22, 23, 24, 27, 37, 40, 41, 42, 43] = [ 2,  4,  8, 12, 13, 14, 16, 20, 26, 28, 29, 30, 33, 34, 35, 36]
    W4: [ 0,  3,  7,  8, 11, 12, 16, 17, 20, 22, 23, 26, 27, 30, 33, 39, 42] < [ 2,  4,  5,  6,  9, 10, 13, 14, 19, 25, 28, 31, 35, 36, 37, 40, 44]
    Truth table row=[=, <, <, =, <] ix=84 result=[17-] is correct

Test 17+:
    W0: [ 0,  1,  5,  8,  9, 12, 13] = [ 2,  3,  4,  6,  7, 10, 11]
    W1: [ 0,  1,  4,  6,  7, 10, 11, 15, 17, 19, 20, 23, 24, 26, 33, 34, 35] > [ 5,  8,  9, 12, 13, 14, 16, 18, 21, 22, 25, 27, 28, 29, 30, 31, 32]
    W2: [ 0,  1, 10, 11, 15, 17, 19, 20, 28, 29, 30, 31, 32, 37, 38] > [ 9, 12, 13, 14, 16, 18, 21, 22, 33, 34, 35, 36, 39, 40, 41]
    W3: [ 0,  1,  3,  5,  9, 15, 21, 22, 23, 24, 27, 37, 40, 41, 42, 43] = [ 2,  4,  8, 12, 13, 14, 16, 20, 26, 28, 29, 30, 33, 34, 35, 36]
    W4: [ 0,  3,  7,  8, 11, 12, 16, 17, 20, 22, 23, 26, 27, 30, 33, 39, 42] > [ 2,  4,  5,  6,  9, 10, 13, 14, 19, 25, 28, 31, 35, 36, 37, 40, 44]
    Truth table row=[=, >, >, =, >] ix=158 result=[17+] is correct

Test 18-:
    W0: [ 0,  1,  5,  8,  9, 12, 13] = [ 2,  3,  4,  6,  7, 10, 11]
    W1: [ 0,  1,  4,  6,  7, 10, 11, 15, 17, 19, 20, 23, 24, 26, 33, 34, 35] > [ 5,  8,  9, 12, 13, 14, 16, 18, 21, 22, 25, 27, 28, 29, 30, 31, 32]
    W2: [ 0,  1, 10, 11, 15, 17, 19, 20, 28, 29, 30, 31, 32, 37, 38] > [ 9, 12, 13, 14, 16, 18, 21, 22, 33, 34, 35, 36, 39, 40, 41]
    W3: [ 0,  1,  3,  5,  9, 15, 21, 22, 23, 24, 27, 37, 40, 41, 42, 43] = [ 2,  4,  8, 12, 13, 14, 16, 20, 26, 28, 29, 30, 33, 34, 35, 36]
    W4: [ 0,  3,  7,  8, 11, 12, 16, 17, 20, 22, 23, 26, 27, 30, 33, 39, 42] = [ 2,  4,  5,  6,  9, 10, 13, 14, 19, 25, 28, 31, 35, 36, 37, 40, 44]
    Truth table row=[=, >, >, =, =] ix=157 result=[18-] is correct

Test 18+:
    W0: [ 0,  1,  5,  8,  9, 12, 13] = [ 2,  3,  4,  6,  7, 10, 11]
    W1: [ 0,  1,  4,  6,  7, 10, 11, 15, 17, 19, 20, 23, 24, 26, 33, 34, 35] < [ 5,  8,  9, 12, 13, 14, 16, 18, 21, 22, 25, 27, 28, 29, 30, 31, 32]
    W2: [ 0,  1, 10, 11, 15, 17, 19, 20, 28, 29, 30, 31, 32, 37, 38] < [ 9, 12, 13, 14, 16, 18, 21, 22, 33, 34, 35, 36, 39, 40, 41]
    W3: [ 0,  1,  3,  5,  9, 15, 21, 22, 23, 24, 27, 37, 40, 41, 42, 43] = [ 2,  4,  8, 12, 13, 14, 16, 20, 26, 28, 29, 30, 33, 34, 35, 36]
    W4: [ 0,  3,  7,  8, 11, 12, 16, 17, 20, 22, 23, 26, 27, 30, 33, 39, 42] = [ 2,  4,  5,  6,  9, 10, 13, 14, 19, 25, 28, 31, 35, 36, 37, 40, 44]
    Truth table row=[=, <, <, =, =] ix=85 result=[18+] is correct

Test 19-:
    W0: [ 0,  1,  5,  8,  9, 12, 13] = [ 2,  3,  4,  6,  7, 10, 11]
    W1: [ 0,  1,  4,  6,  7, 10, 11, 15, 17, 19, 20, 23, 24, 26, 33, 34, 35] < [ 5,  8,  9, 12, 13, 14, 16, 18, 21, 22, 25, 27, 28, 29, 30, 31, 32]
    W2: [ 0,  1, 10, 11, 15, 17, 19, 20, 28, 29, 30, 31, 32, 37, 38] < [ 9, 12, 13, 14, 16, 18, 21, 22, 33, 34, 35, 36, 39, 40, 41]
    W3: [ 0,  1,  3,  5,  9, 15, 21, 22, 23, 24, 27, 37, 40, 41, 42, 43] = [ 2,  4,  8, 12, 13, 14, 16, 20, 26, 28, 29, 30, 33, 34, 35, 36]
    W4: [ 0,  3,  7,  8, 11, 12, 16, 17, 20, 22, 23, 26, 27, 30, 33, 39, 42] > [ 2,  4,  5,  6,  9, 10, 13, 14, 19, 25, 28, 31, 35, 36, 37, 40, 44]
    Truth table row=[=, <, <, =, >] ix=86 result=[19-] is correct

Test 19+:
    W0: [ 0,  1,  5,  8,  9, 12, 13] = [ 2,  3,  4,  6,  7, 10, 11]
    W1: [ 0,  1,  4,  6,  7, 10, 11, 15, 17, 19, 20, 23, 24, 26, 33, 34, 35] > [ 5,  8,  9, 12, 13, 14, 16, 18, 21, 22, 25, 27, 28, 29, 30, 31, 32]
    W2: [ 0,  1, 10, 11, 15, 17, 19, 20, 28, 29, 30, 31, 32, 37, 38] > [ 9, 12, 13, 14, 16, 18, 21, 22, 33, 34, 35, 36, 39, 40, 41]
    W3: [ 0,  1,  3,  5,  9, 15, 21, 22, 23, 24, 27, 37, 40, 41, 42, 43] = [ 2,  4,  8, 12, 13, 14, 16, 20, 26, 28, 29, 30, 33, 34, 35, 36]
    W4: [ 0,  3,  7,  8, 11, 12, 16, 17, 20, 22, 23, 26, 27, 30, 33, 39, 42] < [ 2,  4,  5,  6,  9, 10, 13, 14, 19, 25, 28, 31, 35, 36, 37, 40, 44]
    Truth table row=[=, >, >, =, <] ix=156 result=[19+] is correct

Test 20-:
    W0: [ 0,  1,  5,  8,  9, 12, 13] = [ 2,  3,  4,  6,  7, 10, 11]
    W1: [ 0,  1,  4,  6,  7, 10, 11, 15, 17, 19, 20, 23, 24, 26, 33, 34, 35] < [ 5,  8,  9, 12, 13, 14, 16, 18, 21, 22, 25, 27, 28, 29, 30, 31, 32]
    W2: [ 0,  1, 10, 11, 15, 17, 19, 20, 28, 29, 30, 31, 32, 37, 38] < [ 9, 12, 13, 14, 16, 18, 21, 22, 33, 34, 35, 36, 39, 40, 41]
    W3: [ 0,  1,  3,  5,  9, 15, 21, 22, 23, 24, 27, 37, 40, 41, 42, 43] > [ 2,  4,  8, 12, 13, 14, 16, 20, 26, 28, 29, 30, 33, 34, 35, 36]
    W4: [ 0,  3,  7,  8, 11, 12, 16, 17, 20, 22, 23, 26, 27, 30, 33, 39, 42] < [ 2,  4,  5,  6,  9, 10, 13, 14, 19, 25, 28, 31, 35, 36, 37, 40, 44]
    Truth table row=[=, <, <, >, <] ix=87 result=[20-] is correct

Test 20+:
    W0: [ 0,  1,  5,  8,  9, 12, 13] = [ 2,  3,  4,  6,  7, 10, 11]
    W1: [ 0,  1,  4,  6,  7, 10, 11, 15, 17, 19, 20, 23, 24, 26, 33, 34, 35] > [ 5,  8,  9, 12, 13, 14, 16, 18, 21, 22, 25, 27, 28, 29, 30, 31, 32]
    W2: [ 0,  1, 10, 11, 15, 17, 19, 20, 28, 29, 30, 31, 32, 37, 38] > [ 9, 12, 13, 14, 16, 18, 21, 22, 33, 34, 35, 36, 39, 40, 41]
    W3: [ 0,  1,  3,  5,  9, 15, 21, 22, 23, 24, 27, 37, 40, 41, 42, 43] < [ 2,  4,  8, 12, 13, 14, 16, 20, 26, 28, 29, 30, 33, 34, 35, 36]
    W4: [ 0,  3,  7,  8, 11, 12, 16, 17, 20, 22, 23, 26, 27, 30, 33, 39, 42] > [ 2,  4,  5,  6,  9, 10, 13, 14, 19, 25, 28, 31, 35, 36, 37, 40, 44]
    Truth table row=[=, >, >, <, >] ix=155 result=[20+] is correct

Test 21-:
    W0: [ 0,  1,  5,  8,  9, 12, 13] = [ 2,  3,  4,  6,  7, 10, 11]
    W1: [ 0,  1,  4,  6,  7, 10, 11, 15, 17, 19, 20, 23, 24, 26, 33, 34, 35] > [ 5,  8,  9, 12, 13, 14, 16, 18, 21, 22, 25, 27, 28, 29, 30, 31, 32]
    W2: [ 0,  1, 10, 11, 15, 17, 19, 20, 28, 29, 30, 31, 32, 37, 38] > [ 9, 12, 13, 14, 16, 18, 21, 22, 33, 34, 35, 36, 39, 40, 41]
    W3: [ 0,  1,  3,  5,  9, 15, 21, 22, 23, 24, 27, 37, 40, 41, 42, 43] < [ 2,  4,  8, 12, 13, 14, 16, 20, 26, 28, 29, 30, 33, 34, 35, 36]
    W4: [ 0,  3,  7,  8, 11, 12, 16, 17, 20, 22, 23, 26, 27, 30, 33, 39, 42] = [ 2,  4,  5,  6,  9, 10, 13, 14, 19, 25, 28, 31, 35, 36, 37, 40, 44]
    Truth table row=[=, >, >, <, =] ix=154 result=[21-] is correct

Test 21+:
    W0: [ 0,  1,  5,  8,  9, 12, 13] = [ 2,  3,  4,  6,  7, 10, 11]
    W1: [ 0,  1,  4,  6,  7, 10, 11, 15, 17, 19, 20, 23, 24, 26, 33, 34, 35] < [ 5,  8,  9, 12, 13, 14, 16, 18, 21, 22, 25, 27, 28, 29, 30, 31, 32]
    W2: [ 0,  1, 10, 11, 15, 17, 19, 20, 28, 29, 30, 31, 32, 37, 38] < [ 9, 12, 13, 14, 16, 18, 21, 22, 33, 34, 35, 36, 39, 40, 41]
    W3: [ 0,  1,  3,  5,  9, 15, 21, 22, 23, 24, 27, 37, 40, 41, 42, 43] > [ 2,  4,  8, 12, 13, 14, 16, 20, 26, 28, 29, 30, 33, 34, 35, 36]
    W4: [ 0,  3,  7,  8, 11, 12, 16, 17, 20, 22, 23, 26, 27, 30, 33, 39, 42] = [ 2,  4,  5,  6,  9, 10, 13, 14, 19, 25, 28, 31, 35, 36, 37, 40, 44]
    Truth table row=[=, <, <, >, =] ix=88 result=[21+] is correct

Test 22-:
    W0: [ 0,  1,  5,  8,  9, 12, 13] = [ 2,  3,  4,  6,  7, 10, 11]
    W1: [ 0,  1,  4,  6,  7, 10, 11, 15, 17, 19, 20, 23, 24, 26, 33, 34, 35] > [ 5,  8,  9, 12, 13, 14, 16, 18, 21, 22, 25, 27, 28, 29, 30, 31, 32]
    W2: [ 0,  1, 10, 11, 15, 17, 19, 20, 28, 29, 30, 31, 32, 37, 38] > [ 9, 12, 13, 14, 16, 18, 21, 22, 33, 34, 35, 36, 39, 40, 41]
    W3: [ 0,  1,  3,  5,  9, 15, 21, 22, 23, 24, 27, 37, 40, 41, 42, 43] < [ 2,  4,  8, 12, 13, 14, 16, 20, 26, 28, 29, 30, 33, 34, 35, 36]
    W4: [ 0,  3,  7,  8, 11, 12, 16, 17, 20, 22, 23, 26, 27, 30, 33, 39, 42] < [ 2,  4,  5,  6,  9, 10, 13, 14, 19, 25, 28, 31, 35, 36, 37, 40, 44]
    Truth table row=[=, >, >, <, <] ix=153 result=[22-] is correct

Test 22+:
    W0: [ 0,  1,  5,  8,  9, 12, 13] = [ 2,  3,  4,  6,  7, 10, 11]
    W1: [ 0,  1,  4,  6,  7, 10, 11, 15, 17, 19, 20, 23, 24, 26, 33, 34, 35] < [ 5,  8,  9, 12, 13, 14, 16, 18, 21, 22, 25, 27, 28, 29, 30, 31, 32]
    W2: [ 0,  1, 10, 11, 15, 17, 19, 20, 28, 29, 30, 31, 32, 37, 38] < [ 9, 12, 13, 14, 16, 18, 21, 22, 33, 34, 35, 36, 39, 40, 41]
    W3: [ 0,  1,  3,  5,  9, 15, 21, 22, 23, 24, 27, 37, 40, 41, 42, 43] > [ 2,  4,  8, 12, 13, 14, 16, 20, 26, 28, 29, 30, 33, 34, 35, 36]
    W4: [ 0,  3,  7,  8, 11, 12, 16, 17, 20, 22, 23, 26, 27, 30, 33, 39, 42] > [ 2,  4,  5,  6,  9, 10, 13, 14, 19, 25, 28, 31, 35, 36, 37, 40, 44]
    Truth table row=[=, <, <, >, >] ix=89 result=[22+] is correct

Test 23-:
    W0: [ 0,  1,  5,  8,  9, 12, 13] = [ 2,  3,  4,  6,  7, 10, 11]
    W1: [ 0,  1,  4,  6,  7, 10, 11, 15, 17, 19, 20, 23, 24, 26, 33, 34, 35] < [ 5,  8,  9, 12, 13, 14, 16, 18, 21, 22, 25, 27, 28, 29, 30, 31, 32]
    W2: [ 0,  1, 10, 11, 15, 17, 19, 20, 28, 29, 30, 31, 32, 37, 38] = [ 9, 12, 13, 14, 16, 18, 21, 22, 33, 34, 35, 36, 39, 40, 41]
    W3: [ 0,  1,  3,  5,  9, 15, 21, 22, 23, 24, 27, 37, 40, 41, 42, 43] < [ 2,  4,  8, 12, 13, 14, 16, 20, 26, 28, 29, 30, 33, 34, 35, 36]
    W4: [ 0,  3,  7,  8, 11, 12, 16, 17, 20, 22, 23, 26, 27, 30, 33, 39, 42] < [ 2,  4,  5,  6,  9, 10, 13, 14, 19, 25, 28, 31, 35, 36, 37, 40, 44]
    Truth table row=[=, <, =, <, <] ix=90 result=[23-] is correct

Test 23+:
    W0: [ 0,  1,  5,  8,  9, 12, 13] = [ 2,  3,  4,  6,  7, 10, 11]
    W1: [ 0,  1,  4,  6,  7, 10, 11, 15, 17, 19, 20, 23, 24, 26, 33, 34, 35] > [ 5,  8,  9, 12, 13, 14, 16, 18, 21, 22, 25, 27, 28, 29, 30, 31, 32]
    W2: [ 0,  1, 10, 11, 15, 17, 19, 20, 28, 29, 30, 31, 32, 37, 38] = [ 9, 12, 13, 14, 16, 18, 21, 22, 33, 34, 35, 36, 39, 40, 41]
    W3: [ 0,  1,  3,  5,  9, 15, 21, 22, 23, 24, 27, 37, 40, 41, 42, 43] > [ 2,  4,  8, 12, 13, 14, 16, 20, 26, 28, 29, 30, 33, 34, 35, 36]
    W4: [ 0,  3,  7,  8, 11, 12, 16, 17, 20, 22, 23, 26, 27, 30, 33, 39, 42] > [ 2,  4,  5,  6,  9, 10, 13, 14, 19, 25, 28, 31, 35, 36, 37, 40, 44]
    Truth table row=[=, >, =, >, >] ix=152 result=[23+] is correct

Test 24-:
    W0: [ 0,  1,  5,  8,  9, 12, 13] = [ 2,  3,  4,  6,  7, 10, 11]
    W1: [ 0,  1,  4,  6,  7, 10, 11, 15, 17, 19, 20, 23, 24, 26, 33, 34, 35] < [ 5,  8,  9, 12, 13, 14, 16, 18, 21, 22, 25, 27, 28, 29, 30, 31, 32]
    W2: [ 0,  1, 10, 11, 15, 17, 19, 20, 28, 29, 30, 31, 32, 37, 38] = [ 9, 12, 13, 14, 16, 18, 21, 22, 33, 34, 35, 36, 39, 40, 41]
    W3: [ 0,  1,  3,  5,  9, 15, 21, 22, 23, 24, 27, 37, 40, 41, 42, 43] < [ 2,  4,  8, 12, 13, 14, 16, 20, 26, 28, 29, 30, 33, 34, 35, 36]
    W4: [ 0,  3,  7,  8, 11, 12, 16, 17, 20, 22, 23, 26, 27, 30, 33, 39, 42] = [ 2,  4,  5,  6,  9, 10, 13, 14, 19, 25, 28, 31, 35, 36, 37, 40, 44]
    Truth table row=[=, <, =, <, =] ix=91 result=[24-] is correct

Test 24+:
    W0: [ 0,  1,  5,  8,  9, 12, 13] = [ 2,  3,  4,  6,  7, 10, 11]
    W1: [ 0,  1,  4,  6,  7, 10, 11, 15, 17, 19, 20, 23, 24, 26, 33, 34, 35] > [ 5,  8,  9, 12, 13, 14, 16, 18, 21, 22, 25, 27, 28, 29, 30, 31, 32]
    W2: [ 0,  1, 10, 11, 15, 17, 19, 20, 28, 29, 30, 31, 32, 37, 38] = [ 9, 12, 13, 14, 16, 18, 21, 22, 33, 34, 35, 36, 39, 40, 41]
    W3: [ 0,  1,  3,  5,  9, 15, 21, 22, 23, 24, 27, 37, 40, 41, 42, 43] > [ 2,  4,  8, 12, 13, 14, 16, 20, 26, 28, 29, 30, 33, 34, 35, 36]
    W4: [ 0,  3,  7,  8, 11, 12, 16, 17, 20, 22, 23, 26, 27, 30, 33, 39, 42] = [ 2,  4,  5,  6,  9, 10, 13, 14, 19, 25, 28, 31, 35, 36, 37, 40, 44]
    Truth table row=[=, >, =, >, =] ix=151 result=[24+] is correct

Test 25-:
    W0: [ 0,  1,  5,  8,  9, 12, 13] = [ 2,  3,  4,  6,  7, 10, 11]
    W1: [ 0,  1,  4,  6,  7, 10, 11, 15, 17, 19, 20, 23, 24, 26, 33, 34, 35] > [ 5,  8,  9, 12, 13, 14, 16, 18, 21, 22, 25, 27, 28, 29, 30, 31, 32]
    W2: [ 0,  1, 10, 11, 15, 17, 19, 20, 28, 29, 30, 31, 32, 37, 38] = [ 9, 12, 13, 14, 16, 18, 21, 22, 33, 34, 35, 36, 39, 40, 41]
    W3: [ 0,  1,  3,  5,  9, 15, 21, 22, 23, 24, 27, 37, 40, 41, 42, 43] = [ 2,  4,  8, 12, 13, 14, 16, 20, 26, 28, 29, 30, 33, 34, 35, 36]
    W4: [ 0,  3,  7,  8, 11, 12, 16, 17, 20, 22, 23, 26, 27, 30, 33, 39, 42] > [ 2,  4,  5,  6,  9, 10, 13, 14, 19, 25, 28, 31, 35, 36, 37, 40, 44]
    Truth table row=[=, >, =, =, >] ix=149 result=[25-] is correct

Test 25+:
    W0: [ 0,  1,  5,  8,  9, 12, 13] = [ 2,  3,  4,  6,  7, 10, 11]
    W1: [ 0,  1,  4,  6,  7, 10, 11, 15, 17, 19, 20, 23, 24, 26, 33, 34, 35] < [ 5,  8,  9, 12, 13, 14, 16, 18, 21, 22, 25, 27, 28, 29, 30, 31, 32]
    W2: [ 0,  1, 10, 11, 15, 17, 19, 20, 28, 29, 30, 31, 32, 37, 38] = [ 9, 12, 13, 14, 16, 18, 21, 22, 33, 34, 35, 36, 39, 40, 41]
    W3: [ 0,  1,  3,  5,  9, 15, 21, 22, 23, 24, 27, 37, 40, 41, 42, 43] = [ 2,  4,  8, 12, 13, 14, 16, 20, 26, 28, 29, 30, 33, 34, 35, 36]
    W4: [ 0,  3,  7,  8, 11, 12, 16, 17, 20, 22, 23, 26, 27, 30, 33, 39, 42] < [ 2,  4,  5,  6,  9, 10, 13, 14, 19, 25, 28, 31, 35, 36, 37, 40, 44]
    Truth table row=[=, <, =, =, <] ix=93 result=[25+] is correct

Test 26-:
    W0: [ 0,  1,  5,  8,  9, 12, 13] = [ 2,  3,  4,  6,  7, 10, 11]
    W1: [ 0,  1,  4,  6,  7, 10, 11, 15, 17, 19, 20, 23, 24, 26, 33, 34, 35] < [ 5,  8,  9, 12, 13, 14, 16, 18, 21, 22, 25, 27, 28, 29, 30, 31, 32]
    W2: [ 0,  1, 10, 11, 15, 17, 19, 20, 28, 29, 30, 31, 32, 37, 38] = [ 9, 12, 13, 14, 16, 18, 21, 22, 33, 34, 35, 36, 39, 40, 41]
    W3: [ 0,  1,  3,  5,  9, 15, 21, 22, 23, 24, 27, 37, 40, 41, 42, 43] > [ 2,  4,  8, 12, 13, 14, 16, 20, 26, 28, 29, 30, 33, 34, 35, 36]
    W4: [ 0,  3,  7,  8, 11, 12, 16, 17, 20, 22, 23, 26, 27, 30, 33, 39, 42] < [ 2,  4,  5,  6,  9, 10, 13, 14, 19, 25, 28, 31, 35, 36, 37, 40, 44]
    Truth table row=[=, <, =, >, <] ix=96 result=[26-] is correct

Test 26+:
    W0: [ 0,  1,  5,  8,  9, 12, 13] = [ 2,  3,  4,  6,  7, 10, 11]
    W1: [ 0,  1,  4,  6,  7, 10, 11, 15, 17, 19, 20, 23, 24, 26, 33, 34, 35] > [ 5,  8,  9, 12, 13, 14, 16, 18, 21, 22, 25, 27, 28, 29, 30, 31, 32]
    W2: [ 0,  1, 10, 11, 15, 17, 19, 20, 28, 29, 30, 31, 32, 37, 38] = [ 9, 12, 13, 14, 16, 18, 21, 22, 33, 34, 35, 36, 39, 40, 41]
    W3: [ 0,  1,  3,  5,  9, 15, 21, 22, 23, 24, 27, 37, 40, 41, 42, 43] < [ 2,  4,  8, 12, 13, 14, 16, 20, 26, 28, 29, 30, 33, 34, 35, 36]
    W4: [ 0,  3,  7,  8, 11, 12, 16, 17, 20, 22, 23, 26, 27, 30, 33, 39, 42] > [ 2,  4,  5,  6,  9, 10, 13, 14, 19, 25, 28, 31, 35, 36, 37, 40, 44]
    Truth table row=[=, >, =, <, >] ix=146 result=[26+] is correct

Test 27-:
    W0: [ 0,  1,  5,  8,  9, 12, 13] = [ 2,  3,  4,  6,  7, 10, 11]
    W1: [ 0,  1,  4,  6,  7, 10, 11, 15, 17, 19, 20, 23, 24, 26, 33, 34, 35] > [ 5,  8,  9, 12, 13, 14, 16, 18, 21, 22, 25, 27, 28, 29, 30, 31, 32]
    W2: [ 0,  1, 10, 11, 15, 17, 19, 20, 28, 29, 30, 31, 32, 37, 38] = [ 9, 12, 13, 14, 16, 18, 21, 22, 33, 34, 35, 36, 39, 40, 41]
    W3: [ 0,  1,  3,  5,  9, 15, 21, 22, 23, 24, 27, 37, 40, 41, 42, 43] < [ 2,  4,  8, 12, 13, 14, 16, 20, 26, 28, 29, 30, 33, 34, 35, 36]
    W4: [ 0,  3,  7,  8, 11, 12, 16, 17, 20, 22, 23, 26, 27, 30, 33, 39, 42] < [ 2,  4,  5,  6,  9, 10, 13, 14, 19, 25, 28, 31, 35, 36, 37, 40, 44]
    Truth table row=[=, >, =, <, <] ix=144 result=[27-] is correct

Test 27+:
    W0: [ 0,  1,  5,  8,  9, 12, 13] = [ 2,  3,  4,  6,  7, 10, 11]
    W1: [ 0,  1,  4,  6,  7, 10, 11, 15, 17, 19, 20, 23, 24, 26, 33, 34, 35] < [ 5,  8,  9, 12, 13, 14, 16, 18, 21, 22, 25, 27, 28, 29, 30, 31, 32]
    W2: [ 0,  1, 10, 11, 15, 17, 19, 20, 28, 29, 30, 31, 32, 37, 38] = [ 9, 12, 13, 14, 16, 18, 21, 22, 33, 34, 35, 36, 39, 40, 41]
    W3: [ 0,  1,  3,  5,  9, 15, 21, 22, 23, 24, 27, 37, 40, 41, 42, 43] > [ 2,  4,  8, 12, 13, 14, 16, 20, 26, 28, 29, 30, 33, 34, 35, 36]
    W4: [ 0,  3,  7,  8, 11, 12, 16, 17, 20, 22, 23, 26, 27, 30, 33, 39, 42] > [ 2,  4,  5,  6,  9, 10, 13, 14, 19, 25, 28, 31, 35, 36, 37, 40, 44]
    Truth table row=[=, <, =, >, >] ix=98 result=[27+] is correct

Test 28-:
    W0: [ 0,  1,  5,  8,  9, 12, 13] = [ 2,  3,  4,  6,  7, 10, 11]
    W1: [ 0,  1,  4,  6,  7, 10, 11, 15, 17, 19, 20, 23, 24, 26, 33, 34, 35] > [ 5,  8,  9, 12, 13, 14, 16, 18, 21, 22, 25, 27, 28, 29, 30, 31, 32]
    W2: [ 0,  1, 10, 11, 15, 17, 19, 20, 28, 29, 30, 31, 32, 37, 38] < [ 9, 12, 13, 14, 16, 18, 21, 22, 33, 34, 35, 36, 39, 40, 41]
    W3: [ 0,  1,  3,  5,  9, 15, 21, 22, 23, 24, 27, 37, 40, 41, 42, 43] > [ 2,  4,  8, 12, 13, 14, 16, 20, 26, 28, 29, 30, 33, 34, 35, 36]
    W4: [ 0,  3,  7,  8, 11, 12, 16, 17, 20, 22, 23, 26, 27, 30, 33, 39, 42] > [ 2,  4,  5,  6,  9, 10, 13, 14, 19, 25, 28, 31, 35, 36, 37, 40, 44]
    Truth table row=[=, >, <, >, >] ix=143 result=[28-] is correct

Test 28+:
    W0: [ 0,  1,  5,  8,  9, 12, 13] = [ 2,  3,  4,  6,  7, 10, 11]
    W1: [ 0,  1,  4,  6,  7, 10, 11, 15, 17, 19, 20, 23, 24, 26, 33, 34, 35] < [ 5,  8,  9, 12, 13, 14, 16, 18, 21, 22, 25, 27, 28, 29, 30, 31, 32]
    W2: [ 0,  1, 10, 11, 15, 17, 19, 20, 28, 29, 30, 31, 32, 37, 38] > [ 9, 12, 13, 14, 16, 18, 21, 22, 33, 34, 35, 36, 39, 40, 41]
    W3: [ 0,  1,  3,  5,  9, 15, 21, 22, 23, 24, 27, 37, 40, 41, 42, 43] < [ 2,  4,  8, 12, 13, 14, 16, 20, 26, 28, 29, 30, 33, 34, 35, 36]
    W4: [ 0,  3,  7,  8, 11, 12, 16, 17, 20, 22, 23, 26, 27, 30, 33, 39, 42] < [ 2,  4,  5,  6,  9, 10, 13, 14, 19, 25, 28, 31, 35, 36, 37, 40, 44]
    Truth table row=[=, <, >, <, <] ix=99 result=[28+] is correct

Test 29-:
    W0: [ 0,  1,  5,  8,  9, 12, 13] = [ 2,  3,  4,  6,  7, 10, 11]
    W1: [ 0,  1,  4,  6,  7, 10, 11, 15, 17, 19, 20, 23, 24, 26, 33, 34, 35] > [ 5,  8,  9, 12, 13, 14, 16, 18, 21, 22, 25, 27, 28, 29, 30, 31, 32]
    W2: [ 0,  1, 10, 11, 15, 17, 19, 20, 28, 29, 30, 31, 32, 37, 38] < [ 9, 12, 13, 14, 16, 18, 21, 22, 33, 34, 35, 36, 39, 40, 41]
    W3: [ 0,  1,  3,  5,  9, 15, 21, 22, 23, 24, 27, 37, 40, 41, 42, 43] > [ 2,  4,  8, 12, 13, 14, 16, 20, 26, 28, 29, 30, 33, 34, 35, 36]
    W4: [ 0,  3,  7,  8, 11, 12, 16, 17, 20, 22, 23, 26, 27, 30, 33, 39, 42] = [ 2,  4,  5,  6,  9, 10, 13, 14, 19, 25, 28, 31, 35, 36, 37, 40, 44]
    Truth table row=[=, >, <, >, =] ix=142 result=[29-] is correct

Test 29+:
    W0: [ 0,  1,  5,  8,  9, 12, 13] = [ 2,  3,  4,  6,  7, 10, 11]
    W1: [ 0,  1,  4,  6,  7, 10, 11, 15, 17, 19, 20, 23, 24, 26, 33, 34, 35] < [ 5,  8,  9, 12, 13, 14, 16, 18, 21, 22, 25, 27, 28, 29, 30, 31, 32]
    W2: [ 0,  1, 10, 11, 15, 17, 19, 20, 28, 29, 30, 31, 32, 37, 38] > [ 9, 12, 13, 14, 16, 18, 21, 22, 33, 34, 35, 36, 39, 40, 41]
    W3: [ 0,  1,  3,  5,  9, 15, 21, 22, 23, 24, 27, 37, 40, 41, 42, 43] < [ 2,  4,  8, 12, 13, 14, 16, 20, 26, 28, 29, 30, 33, 34, 35, 36]
    W4: [ 0,  3,  7,  8, 11, 12, 16, 17, 20, 22, 23, 26, 27, 30, 33, 39, 42] = [ 2,  4,  5,  6,  9, 10, 13, 14, 19, 25, 28, 31, 35, 36, 37, 40, 44]
    Truth table row=[=, <, >, <, =] ix=100 result=[29+] is correct

Test 30-:
    W0: [ 0,  1,  5,  8,  9, 12, 13] = [ 2,  3,  4,  6,  7, 10, 11]
    W1: [ 0,  1,  4,  6,  7, 10, 11, 15, 17, 19, 20, 23, 24, 26, 33, 34, 35] > [ 5,  8,  9, 12, 13, 14, 16, 18, 21, 22, 25, 27, 28, 29, 30, 31, 32]
    W2: [ 0,  1, 10, 11, 15, 17, 19, 20, 28, 29, 30, 31, 32, 37, 38] < [ 9, 12, 13, 14, 16, 18, 21, 22, 33, 34, 35, 36, 39, 40, 41]
    W3: [ 0,  1,  3,  5,  9, 15, 21, 22, 23, 24, 27, 37, 40, 41, 42, 43] > [ 2,  4,  8, 12, 13, 14, 16, 20, 26, 28, 29, 30, 33, 34, 35, 36]
    W4: [ 0,  3,  7,  8, 11, 12, 16, 17, 20, 22, 23, 26, 27, 30, 33, 39, 42] < [ 2,  4,  5,  6,  9, 10, 13, 14, 19, 25, 28, 31, 35, 36, 37, 40, 44]
    Truth table row=[=, >, <, >, <] ix=141 result=[30-] is correct

Test 30+:
    W0: [ 0,  1,  5,  8,  9, 12, 13] = [ 2,  3,  4,  6,  7, 10, 11]
    W1: [ 0,  1,  4,  6,  7, 10, 11, 15, 17, 19, 20, 23, 24, 26, 33, 34, 35] < [ 5,  8,  9, 12, 13, 14, 16, 18, 21, 22, 25, 27, 28, 29, 30, 31, 32]
    W2: [ 0,  1, 10, 11, 15, 17, 19, 20, 28, 29, 30, 31, 32, 37, 38] > [ 9, 12, 13, 14, 16, 18, 21, 22, 33, 34, 35, 36, 39, 40, 41]
    W3: [ 0,  1,  3,  5,  9, 15, 21, 22, 23, 24, 27, 37, 40, 41, 42, 43] < [ 2,  4,  8, 12, 13, 14, 16, 20, 26, 28, 29, 30, 33, 34, 35, 36]
    W4: [ 0,  3,  7,  8, 11, 12, 16, 17, 20, 22, 23, 26, 27, 30, 33, 39, 42] > [ 2,  4,  5,  6,  9, 10, 13, 14, 19, 25, 28, 31, 35, 36, 37, 40, 44]
    Truth table row=[=, <, >, <, >] ix=101 result=[30+] is correct

Test 31-:
    W0: [ 0,  1,  5,  8,  9, 12, 13] = [ 2,  3,  4,  6,  7, 10, 11]
    W1: [ 0,  1,  4,  6,  7, 10, 11, 15, 17, 19, 20, 23, 24, 26, 33, 34, 35] > [ 5,  8,  9, 12, 13, 14, 16, 18, 21, 22, 25, 27, 28, 29, 30, 31, 32]
    W2: [ 0,  1, 10, 11, 15, 17, 19, 20, 28, 29, 30, 31, 32, 37, 38] < [ 9, 12, 13, 14, 16, 18, 21, 22, 33, 34, 35, 36, 39, 40, 41]
    W3: [ 0,  1,  3,  5,  9, 15, 21, 22, 23, 24, 27, 37, 40, 41, 42, 43] = [ 2,  4,  8, 12, 13, 14, 16, 20, 26, 28, 29, 30, 33, 34, 35, 36]
    W4: [ 0,  3,  7,  8, 11, 12, 16, 17, 20, 22, 23, 26, 27, 30, 33, 39, 42] > [ 2,  4,  5,  6,  9, 10, 13, 14, 19, 25, 28, 31, 35, 36, 37, 40, 44]
    Truth table row=[=, >, <, =, >] ix=140 result=[31-] is correct

Test 31+:
    W0: [ 0,  1,  5,  8,  9, 12, 13] = [ 2,  3,  4,  6,  7, 10, 11]
    W1: [ 0,  1,  4,  6,  7, 10, 11, 15, 17, 19, 20, 23, 24, 26, 33, 34, 35] < [ 5,  8,  9, 12, 13, 14, 16, 18, 21, 22, 25, 27, 28, 29, 30, 31, 32]
    W2: [ 0,  1, 10, 11, 15, 17, 19, 20, 28, 29, 30, 31, 32, 37, 38] > [ 9, 12, 13, 14, 16, 18, 21, 22, 33, 34, 35, 36, 39, 40, 41]
    W3: [ 0,  1,  3,  5,  9, 15, 21, 22, 23, 24, 27, 37, 40, 41, 42, 43] = [ 2,  4,  8, 12, 13, 14, 16, 20, 26, 28, 29, 30, 33, 34, 35, 36]
    W4: [ 0,  3,  7,  8, 11, 12, 16, 17, 20, 22, 23, 26, 27, 30, 33, 39, 42] < [ 2,  4,  5,  6,  9, 10, 13, 14, 19, 25, 28, 31, 35, 36, 37, 40, 44]
    Truth table row=[=, <, >, =, <] ix=102 result=[31+] is correct

Test 32-:
    W0: [ 0,  1,  5,  8,  9, 12, 13] = [ 2,  3,  4,  6,  7, 10, 11]
    W1: [ 0,  1,  4,  6,  7, 10, 11, 15, 17, 19, 20, 23, 24, 26, 33, 34, 35] > [ 5,  8,  9, 12, 13, 14, 16, 18, 21, 22, 25, 27, 28, 29, 30, 31, 32]
    W2: [ 0,  1, 10, 11, 15, 17, 19, 20, 28, 29, 30, 31, 32, 37, 38] < [ 9, 12, 13, 14, 16, 18, 21, 22, 33, 34, 35, 36, 39, 40, 41]
    W3: [ 0,  1,  3,  5,  9, 15, 21, 22, 23, 24, 27, 37, 40, 41, 42, 43] = [ 2,  4,  8, 12, 13, 14, 16, 20, 26, 28, 29, 30, 33, 34, 35, 36]
    W4: [ 0,  3,  7,  8, 11, 12, 16, 17, 20, 22, 23, 26, 27, 30, 33, 39, 42] = [ 2,  4,  5,  6,  9, 10, 13, 14, 19, 25, 28, 31, 35, 36, 37, 40, 44]
    Truth table row=[=, >, <, =, =] ix=139 result=[32-] is correct

Test 32+:
    W0: [ 0,  1,  5,  8,  9, 12, 13] = [ 2,  3,  4,  6,  7, 10, 11]
    W1: [ 0,  1,  4,  6,  7, 10, 11, 15, 17, 19, 20, 23, 24, 26, 33, 34, 35] < [ 5,  8,  9, 12, 13, 14, 16, 18, 21, 22, 25, 27, 28, 29, 30, 31, 32]
    W2: [ 0,  1, 10, 11, 15, 17, 19, 20, 28, 29, 30, 31, 32, 37, 38] > [ 9, 12, 13, 14, 16, 18, 21, 22, 33, 34, 35, 36, 39, 40, 41]
    W3: [ 0,  1,  3,  5,  9, 15, 21, 22, 23, 24, 27, 37, 40, 41, 42, 43] = [ 2,  4,  8, 12, 13, 14, 16, 20, 26, 28, 29, 30, 33, 34, 35, 36]
    W4: [ 0,  3,  7,  8, 11, 12, 16, 17, 20, 22, 23, 26, 27, 30, 33, 39, 42] = [ 2,  4,  5,  6,  9, 10, 13, 14, 19, 25, 28, 31, 35, 36, 37, 40, 44]
    Truth table row=[=, <, >, =, =] ix=103 result=[32+] is correct

Test 33-:
    W0: [ 0,  1,  5,  8,  9, 12, 13] = [ 2,  3,  4,  6,  7, 10, 11]
    W1: [ 0,  1,  4,  6,  7, 10, 11, 15, 17, 19, 20, 23, 24, 26, 33, 34, 35] < [ 5,  8,  9, 12, 13, 14, 16, 18, 21, 22, 25, 27, 28, 29, 30, 31, 32]
    W2: [ 0,  1, 10, 11, 15, 17, 19, 20, 28, 29, 30, 31, 32, 37, 38] > [ 9, 12, 13, 14, 16, 18, 21, 22, 33, 34, 35, 36, 39, 40, 41]
    W3: [ 0,  1,  3,  5,  9, 15, 21, 22, 23, 24, 27, 37, 40, 41, 42, 43] > [ 2,  4,  8, 12, 13, 14, 16, 20, 26, 28, 29, 30, 33, 34, 35, 36]
    W4: [ 0,  3,  7,  8, 11, 12, 16, 17, 20, 22, 23, 26, 27, 30, 33, 39, 42] < [ 2,  4,  5,  6,  9, 10, 13, 14, 19, 25, 28, 31, 35, 36, 37, 40, 44]
    Truth table row=[=, <, >, >, <] ix=105 result=[33-] is correct

Test 33+:
    W0: [ 0,  1,  5,  8,  9, 12, 13] = [ 2,  3,  4,  6,  7, 10, 11]
    W1: [ 0,  1,  4,  6,  7, 10, 11, 15, 17, 19, 20, 23, 24, 26, 33, 34, 35] > [ 5,  8,  9, 12, 13, 14, 16, 18, 21, 22, 25, 27, 28, 29, 30, 31, 32]
    W2: [ 0,  1, 10, 11, 15, 17, 19, 20, 28, 29, 30, 31, 32, 37, 38] < [ 9, 12, 13, 14, 16, 18, 21, 22, 33, 34, 35, 36, 39, 40, 41]
    W3: [ 0,  1,  3,  5,  9, 15, 21, 22, 23, 24, 27, 37, 40, 41, 42, 43] < [ 2,  4,  8, 12, 13, 14, 16, 20, 26, 28, 29, 30, 33, 34, 35, 36]
    W4: [ 0,  3,  7,  8, 11, 12, 16, 17, 20, 22, 23, 26, 27, 30, 33, 39, 42] > [ 2,  4,  5,  6,  9, 10, 13, 14, 19, 25, 28, 31, 35, 36, 37, 40, 44]
    Truth table row=[=, >, <, <, >] ix=137 result=[33+] is correct

Test 34-:
    W0: [ 0,  1,  5,  8,  9, 12, 13] = [ 2,  3,  4,  6,  7, 10, 11]
    W1: [ 0,  1,  4,  6,  7, 10, 11, 15, 17, 19, 20, 23, 24, 26, 33, 34, 35] < [ 5,  8,  9, 12, 13, 14, 16, 18, 21, 22, 25, 27, 28, 29, 30, 31, 32]
    W2: [ 0,  1, 10, 11, 15, 17, 19, 20, 28, 29, 30, 31, 32, 37, 38] > [ 9, 12, 13, 14, 16, 18, 21, 22, 33, 34, 35, 36, 39, 40, 41]
    W3: [ 0,  1,  3,  5,  9, 15, 21, 22, 23, 24, 27, 37, 40, 41, 42, 43] > [ 2,  4,  8, 12, 13, 14, 16, 20, 26, 28, 29, 30, 33, 34, 35, 36]
    W4: [ 0,  3,  7,  8, 11, 12, 16, 17, 20, 22, 23, 26, 27, 30, 33, 39, 42] = [ 2,  4,  5,  6,  9, 10, 13, 14, 19, 25, 28, 31, 35, 36, 37, 40, 44]
    Truth table row=[=, <, >, >, =] ix=106 result=[34-] is correct

Test 34+:
    W0: [ 0,  1,  5,  8,  9, 12, 13] = [ 2,  3,  4,  6,  7, 10, 11]
    W1: [ 0,  1,  4,  6,  7, 10, 11, 15, 17, 19, 20, 23, 24, 26, 33, 34, 35] > [ 5,  8,  9, 12, 13, 14, 16, 18, 21, 22, 25, 27, 28, 29, 30, 31, 32]
    W2: [ 0,  1, 10, 11, 15, 17, 19, 20, 28, 29, 30, 31, 32, 37, 38] < [ 9, 12, 13, 14, 16, 18, 21, 22, 33, 34, 35, 36, 39, 40, 41]
    W3: [ 0,  1,  3,  5,  9, 15, 21, 22, 23, 24, 27, 37, 40, 41, 42, 43] < [ 2,  4,  8, 12, 13, 14, 16, 20, 26, 28, 29, 30, 33, 34, 35, 36]
    W4: [ 0,  3,  7,  8, 11, 12, 16, 17, 20, 22, 23, 26, 27, 30, 33, 39, 42] = [ 2,  4,  5,  6,  9, 10, 13, 14, 19, 25, 28, 31, 35, 36, 37, 40, 44]
    Truth table row=[=, >, <, <, =] ix=136 result=[34+] is correct

Test 35-:
    W0: [ 0,  1,  5,  8,  9, 12, 13] = [ 2,  3,  4,  6,  7, 10, 11]
    W1: [ 0,  1,  4,  6,  7, 10, 11, 15, 17, 19, 20, 23, 24, 26, 33, 34, 35] < [ 5,  8,  9, 12, 13, 14, 16, 18, 21, 22, 25, 27, 28, 29, 30, 31, 32]
    W2: [ 0,  1, 10, 11, 15, 17, 19, 20, 28, 29, 30, 31, 32, 37, 38] > [ 9, 12, 13, 14, 16, 18, 21, 22, 33, 34, 35, 36, 39, 40, 41]
    W3: [ 0,  1,  3,  5,  9, 15, 21, 22, 23, 24, 27, 37, 40, 41, 42, 43] > [ 2,  4,  8, 12, 13, 14, 16, 20, 26, 28, 29, 30, 33, 34, 35, 36]
    W4: [ 0,  3,  7,  8, 11, 12, 16, 17, 20, 22, 23, 26, 27, 30, 33, 39, 42] > [ 2,  4,  5,  6,  9, 10, 13, 14, 19, 25, 28, 31, 35, 36, 37, 40, 44]
    Truth table row=[=, <, >, >, >] ix=107 result=[35-] is correct

Test 35+:
    W0: [ 0,  1,  5,  8,  9, 12, 13] = [ 2,  3,  4,  6,  7, 10, 11]
    W1: [ 0,  1,  4,  6,  7, 10, 11, 15, 17, 19, 20, 23, 24, 26, 33, 34, 35] > [ 5,  8,  9, 12, 13, 14, 16, 18, 21, 22, 25, 27, 28, 29, 30, 31, 32]
    W2: [ 0,  1, 10, 11, 15, 17, 19, 20, 28, 29, 30, 31, 32, 37, 38] < [ 9, 12, 13, 14, 16, 18, 21, 22, 33, 34, 35, 36, 39, 40, 41]
    W3: [ 0,  1,  3,  5,  9, 15, 21, 22, 23, 24, 27, 37, 40, 41, 42, 43] < [ 2,  4,  8, 12, 13, 14, 16, 20, 26, 28, 29, 30, 33, 34, 35, 36]
    W4: [ 0,  3,  7,  8, 11, 12, 16, 17, 20, 22, 23, 26, 27, 30, 33, 39, 42] < [ 2,  4,  5,  6,  9, 10, 13, 14, 19, 25, 28, 31, 35, 36, 37, 40, 44]
    Truth table row=[=, >, <, <, <] ix=135 result=[35+] is correct

Test 36-:
    W0: [ 0,  1,  5,  8,  9, 12, 13] = [ 2,  3,  4,  6,  7, 10, 11]
    W1: [ 0,  1,  4,  6,  7, 10, 11, 15, 17, 19, 20, 23, 24, 26, 33, 34, 35] = [ 5,  8,  9, 12, 13, 14, 16, 18, 21, 22, 25, 27, 28, 29, 30, 31, 32]
    W2: [ 0,  1, 10, 11, 15, 17, 19, 20, 28, 29, 30, 31, 32, 37, 38] > [ 9, 12, 13, 14, 16, 18, 21, 22, 33, 34, 35, 36, 39, 40, 41]
    W3: [ 0,  1,  3,  5,  9, 15, 21, 22, 23, 24, 27, 37, 40, 41, 42, 43] > [ 2,  4,  8, 12, 13, 14, 16, 20, 26, 28, 29, 30, 33, 34, 35, 36]
    W4: [ 0,  3,  7,  8, 11, 12, 16, 17, 20, 22, 23, 26, 27, 30, 33, 39, 42] > [ 2,  4,  5,  6,  9, 10, 13, 14, 19, 25, 28, 31, 35, 36, 37, 40, 44]
    Truth table row=[=, =, >, >, >] ix=134 result=[36-] is correct

Test 36+:
    W0: [ 0,  1,  5,  8,  9, 12, 13] = [ 2,  3,  4,  6,  7, 10, 11]
    W1: [ 0,  1,  4,  6,  7, 10, 11, 15, 17, 19, 20, 23, 24, 26, 33, 34, 35] = [ 5,  8,  9, 12, 13, 14, 16, 18, 21, 22, 25, 27, 28, 29, 30, 31, 32]
    W2: [ 0,  1, 10, 11, 15, 17, 19, 20, 28, 29, 30, 31, 32, 37, 38] < [ 9, 12, 13, 14, 16, 18, 21, 22, 33, 34, 35, 36, 39, 40, 41]
    W3: [ 0,  1,  3,  5,  9, 15, 21, 22, 23, 24, 27, 37, 40, 41, 42, 43] < [ 2,  4,  8, 12, 13, 14, 16, 20, 26, 28, 29, 30, 33, 34, 35, 36]
    W4: [ 0,  3,  7,  8, 11, 12, 16, 17, 20, 22, 23, 26, 27, 30, 33, 39, 42] < [ 2,  4,  5,  6,  9, 10, 13, 14, 19, 25, 28, 31, 35, 36, 37, 40, 44]
    Truth table row=[=, =, <, <, <] ix=108 result=[36+] is correct

Test 37-:
    W0: [ 0,  1,  5,  8,  9, 12, 13] = [ 2,  3,  4,  6,  7, 10, 11]
    W1: [ 0,  1,  4,  6,  7, 10, 11, 15, 17, 19, 20, 23, 24, 26, 33, 34, 35] = [ 5,  8,  9, 12, 13, 14, 16, 18, 21, 22, 25, 27, 28, 29, 30, 31, 32]
    W2: [ 0,  1, 10, 11, 15, 17, 19, 20, 28, 29, 30, 31, 32, 37, 38] < [ 9, 12, 13, 14, 16, 18, 21, 22, 33, 34, 35, 36, 39, 40, 41]
    W3: [ 0,  1,  3,  5,  9, 15, 21, 22, 23, 24, 27, 37, 40, 41, 42, 43] < [ 2,  4,  8, 12, 13, 14, 16, 20, 26, 28, 29, 30, 33, 34, 35, 36]
    W4: [ 0,  3,  7,  8, 11, 12, 16, 17, 20, 22, 23, 26, 27, 30, 33, 39, 42] > [ 2,  4,  5,  6,  9, 10, 13, 14, 19, 25, 28, 31, 35, 36, 37, 40, 44]
    Truth table row=[=, =, <, <, >] ix=110 result=[37-] is correct

Test 37+:
    W0: [ 0,  1,  5,  8,  9, 12, 13] = [ 2,  3,  4,  6,  7, 10, 11]
    W1: [ 0,  1,  4,  6,  7, 10, 11, 15, 17, 19, 20, 23, 24, 26, 33, 34, 35] = [ 5,  8,  9, 12, 13, 14, 16, 18, 21, 22, 25, 27, 28, 29, 30, 31, 32]
    W2: [ 0,  1, 10, 11, 15, 17, 19, 20, 28, 29, 30, 31, 32, 37, 38] > [ 9, 12, 13, 14, 16, 18, 21, 22, 33, 34, 35, 36, 39, 40, 41]
    W3: [ 0,  1,  3,  5,  9, 15, 21, 22, 23, 24, 27, 37, 40, 41, 42, 43] > [ 2,  4,  8, 12, 13, 14, 16, 20, 26, 28, 29, 30, 33, 34, 35, 36]
    W4: [ 0,  3,  7,  8, 11, 12, 16, 17, 20, 22, 23, 26, 27, 30, 33, 39, 42] < [ 2,  4,  5,  6,  9, 10, 13, 14, 19, 25, 28, 31, 35, 36, 37, 40, 44]
    Truth table row=[=, =, >, >, <] ix=132 result=[37+] is correct

Test 38-:
    W0: [ 0,  1,  5,  8,  9, 12, 13] = [ 2,  3,  4,  6,  7, 10, 11]
    W1: [ 0,  1,  4,  6,  7, 10, 11, 15, 17, 19, 20, 23, 24, 26, 33, 34, 35] = [ 5,  8,  9, 12, 13, 14, 16, 18, 21, 22, 25, 27, 28, 29, 30, 31, 32]
    W2: [ 0,  1, 10, 11, 15, 17, 19, 20, 28, 29, 30, 31, 32, 37, 38] < [ 9, 12, 13, 14, 16, 18, 21, 22, 33, 34, 35, 36, 39, 40, 41]
    W3: [ 0,  1,  3,  5,  9, 15, 21, 22, 23, 24, 27, 37, 40, 41, 42, 43] = [ 2,  4,  8, 12, 13, 14, 16, 20, 26, 28, 29, 30, 33, 34, 35, 36]
    W4: [ 0,  3,  7,  8, 11, 12, 16, 17, 20, 22, 23, 26, 27, 30, 33, 39, 42] = [ 2,  4,  5,  6,  9, 10, 13, 14, 19, 25, 28, 31, 35, 36, 37, 40, 44]
    Truth table row=[=, =, <, =, =] ix=112 result=[38-] is correct

Test 38+:
    W0: [ 0,  1,  5,  8,  9, 12, 13] = [ 2,  3,  4,  6,  7, 10, 11]
    W1: [ 0,  1,  4,  6,  7, 10, 11, 15, 17, 19, 20, 23, 24, 26, 33, 34, 35] = [ 5,  8,  9, 12, 13, 14, 16, 18, 21, 22, 25, 27, 28, 29, 30, 31, 32]
    W2: [ 0,  1, 10, 11, 15, 17, 19, 20, 28, 29, 30, 31, 32, 37, 38] > [ 9, 12, 13, 14, 16, 18, 21, 22, 33, 34, 35, 36, 39, 40, 41]
    W3: [ 0,  1,  3,  5,  9, 15, 21, 22, 23, 24, 27, 37, 40, 41, 42, 43] = [ 2,  4,  8, 12, 13, 14, 16, 20, 26, 28, 29, 30, 33, 34, 35, 36]
    W4: [ 0,  3,  7,  8, 11, 12, 16, 17, 20, 22, 23, 26, 27, 30, 33, 39, 42] = [ 2,  4,  5,  6,  9, 10, 13, 14, 19, 25, 28, 31, 35, 36, 37, 40, 44]
    Truth table row=[=, =, >, =, =] ix=130 result=[38+] is correct

Test 39-:
    W0: [ 0,  1,  5,  8,  9, 12, 13] = [ 2,  3,  4,  6,  7, 10, 11]
    W1: [ 0,  1,  4,  6,  7, 10, 11, 15, 17, 19, 20, 23, 24, 26, 33, 34, 35] = [ 5,  8,  9, 12, 13, 14, 16, 18, 21, 22, 25, 27, 28, 29, 30, 31, 32]
    W2: [ 0,  1, 10, 11, 15, 17, 19, 20, 28, 29, 30, 31, 32, 37, 38] > [ 9, 12, 13, 14, 16, 18, 21, 22, 33, 34, 35, 36, 39, 40, 41]
    W3: [ 0,  1,  3,  5,  9, 15, 21, 22, 23, 24, 27, 37, 40, 41, 42, 43] = [ 2,  4,  8, 12, 13, 14, 16, 20, 26, 28, 29, 30, 33, 34, 35, 36]
    W4: [ 0,  3,  7,  8, 11, 12, 16, 17, 20, 22, 23, 26, 27, 30, 33, 39, 42] < [ 2,  4,  5,  6,  9, 10, 13, 14, 19, 25, 28, 31, 35, 36, 37, 40, 44]
    Truth table row=[=, =, >, =, <] ix=129 result=[39-] is correct

Test 39+:
    W0: [ 0,  1,  5,  8,  9, 12, 13] = [ 2,  3,  4,  6,  7, 10, 11]
    W1: [ 0,  1,  4,  6,  7, 10, 11, 15, 17, 19, 20, 23, 24, 26, 33, 34, 35] = [ 5,  8,  9, 12, 13, 14, 16, 18, 21, 22, 25, 27, 28, 29, 30, 31, 32]
    W2: [ 0,  1, 10, 11, 15, 17, 19, 20, 28, 29, 30, 31, 32, 37, 38] < [ 9, 12, 13, 14, 16, 18, 21, 22, 33, 34, 35, 36, 39, 40, 41]
    W3: [ 0,  1,  3,  5,  9, 15, 21, 22, 23, 24, 27, 37, 40, 41, 42, 43] = [ 2,  4,  8, 12, 13, 14, 16, 20, 26, 28, 29, 30, 33, 34, 35, 36]
    W4: [ 0,  3,  7,  8, 11, 12, 16, 17, 20, 22, 23, 26, 27, 30, 33, 39, 42] > [ 2,  4,  5,  6,  9, 10, 13, 14, 19, 25, 28, 31, 35, 36, 37, 40, 44]
    Truth table row=[=, =, <, =, >] ix=113 result=[39+] is correct

Test 40-:
    W0: [ 0,  1,  5,  8,  9, 12, 13] = [ 2,  3,  4,  6,  7, 10, 11]
    W1: [ 0,  1,  4,  6,  7, 10, 11, 15, 17, 19, 20, 23, 24, 26, 33, 34, 35] = [ 5,  8,  9, 12, 13, 14, 16, 18, 21, 22, 25, 27, 28, 29, 30, 31, 32]
    W2: [ 0,  1, 10, 11, 15, 17, 19, 20, 28, 29, 30, 31, 32, 37, 38] > [ 9, 12, 13, 14, 16, 18, 21, 22, 33, 34, 35, 36, 39, 40, 41]
    W3: [ 0,  1,  3,  5,  9, 15, 21, 22, 23, 24, 27, 37, 40, 41, 42, 43] < [ 2,  4,  8, 12, 13, 14, 16, 20, 26, 28, 29, 30, 33, 34, 35, 36]
    W4: [ 0,  3,  7,  8, 11, 12, 16, 17, 20, 22, 23, 26, 27, 30, 33, 39, 42] > [ 2,  4,  5,  6,  9, 10, 13, 14, 19, 25, 28, 31, 35, 36, 37, 40, 44]
    Truth table row=[=, =, >, <, >] ix=128 result=[40-] is correct

Test 40+:
    W0: [ 0,  1,  5,  8,  9, 12, 13] = [ 2,  3,  4,  6,  7, 10, 11]
    W1: [ 0,  1,  4,  6,  7, 10, 11, 15, 17, 19, 20, 23, 24, 26, 33, 34, 35] = [ 5,  8,  9, 12, 13, 14, 16, 18, 21, 22, 25, 27, 28, 29, 30, 31, 32]
    W2: [ 0,  1, 10, 11, 15, 17, 19, 20, 28, 29, 30, 31, 32, 37, 38] < [ 9, 12, 13, 14, 16, 18, 21, 22, 33, 34, 35, 36, 39, 40, 41]
    W3: [ 0,  1,  3,  5,  9, 15, 21, 22, 23, 24, 27, 37, 40, 41, 42, 43] > [ 2,  4,  8, 12, 13, 14, 16, 20, 26, 28, 29, 30, 33, 34, 35, 36]
    W4: [ 0,  3,  7,  8, 11, 12, 16, 17, 20, 22, 23, 26, 27, 30, 33, 39, 42] < [ 2,  4,  5,  6,  9, 10, 13, 14, 19, 25, 28, 31, 35, 36, 37, 40, 44]
    Truth table row=[=, =, <, >, <] ix=114 result=[40+] is correct

Test 41-:
    W0: [ 0,  1,  5,  8,  9, 12, 13] = [ 2,  3,  4,  6,  7, 10, 11]
    W1: [ 0,  1,  4,  6,  7, 10, 11, 15, 17, 19, 20, 23, 24, 26, 33, 34, 35] = [ 5,  8,  9, 12, 13, 14, 16, 18, 21, 22, 25, 27, 28, 29, 30, 31, 32]
    W2: [ 0,  1, 10, 11, 15, 17, 19, 20, 28, 29, 30, 31, 32, 37, 38] > [ 9, 12, 13, 14, 16, 18, 21, 22, 33, 34, 35, 36, 39, 40, 41]
    W3: [ 0,  1,  3,  5,  9, 15, 21, 22, 23, 24, 27, 37, 40, 41, 42, 43] < [ 2,  4,  8, 12, 13, 14, 16, 20, 26, 28, 29, 30, 33, 34, 35, 36]
    W4: [ 0,  3,  7,  8, 11, 12, 16, 17, 20, 22, 23, 26, 27, 30, 33, 39, 42] = [ 2,  4,  5,  6,  9, 10, 13, 14, 19, 25, 28, 31, 35, 36, 37, 40, 44]
    Truth table row=[=, =, >, <, =] ix=127 result=[41-] is correct

Test 41+:
    W0: [ 0,  1,  5,  8,  9, 12, 13] = [ 2,  3,  4,  6,  7, 10, 11]
    W1: [ 0,  1,  4,  6,  7, 10, 11, 15, 17, 19, 20, 23, 24, 26, 33, 34, 35] = [ 5,  8,  9, 12, 13, 14, 16, 18, 21, 22, 25, 27, 28, 29, 30, 31, 32]
    W2: [ 0,  1, 10, 11, 15, 17, 19, 20, 28, 29, 30, 31, 32, 37, 38] < [ 9, 12, 13, 14, 16, 18, 21, 22, 33, 34, 35, 36, 39, 40, 41]
    W3: [ 0,  1,  3,  5,  9, 15, 21, 22, 23, 24, 27, 37, 40, 41, 42, 43] > [ 2,  4,  8, 12, 13, 14, 16, 20, 26, 28, 29, 30, 33, 34, 35, 36]
    W4: [ 0,  3,  7,  8, 11, 12, 16, 17, 20, 22, 23, 26, 27, 30, 33, 39, 42] = [ 2,  4,  5,  6,  9, 10, 13, 14, 19, 25, 28, 31, 35, 36, 37, 40, 44]
    Truth table row=[=, =, <, >, =] ix=115 result=[41+] is correct

Test 42-:
    W0: [ 0,  1,  5,  8,  9, 12, 13] = [ 2,  3,  4,  6,  7, 10, 11]
    W1: [ 0,  1,  4,  6,  7, 10, 11, 15, 17, 19, 20, 23, 24, 26, 33, 34, 35] = [ 5,  8,  9, 12, 13, 14, 16, 18, 21, 22, 25, 27, 28, 29, 30, 31, 32]
    W2: [ 0,  1, 10, 11, 15, 17, 19, 20, 28, 29, 30, 31, 32, 37, 38] = [ 9, 12, 13, 14, 16, 18, 21, 22, 33, 34, 35, 36, 39, 40, 41]
    W3: [ 0,  1,  3,  5,  9, 15, 21, 22, 23, 24, 27, 37, 40, 41, 42, 43] < [ 2,  4,  8, 12, 13, 14, 16, 20, 26, 28, 29, 30, 33, 34, 35, 36]
    W4: [ 0,  3,  7,  8, 11, 12, 16, 17, 20, 22, 23, 26, 27, 30, 33, 39, 42] < [ 2,  4,  5,  6,  9, 10, 13, 14, 19, 25, 28, 31, 35, 36, 37, 40, 44]
    Truth table row=[=, =, =, <, <] ix=117 result=[42-] is correct

Test 42+:
    W0: [ 0,  1,  5,  8,  9, 12, 13] = [ 2,  3,  4,  6,  7, 10, 11]
    W1: [ 0,  1,  4,  6,  7, 10, 11, 15, 17, 19, 20, 23, 24, 26, 33, 34, 35] = [ 5,  8,  9, 12, 13, 14, 16, 18, 21, 22, 25, 27, 28, 29, 30, 31, 32]
    W2: [ 0,  1, 10, 11, 15, 17, 19, 20, 28, 29, 30, 31, 32, 37, 38] = [ 9, 12, 13, 14, 16, 18, 21, 22, 33, 34, 35, 36, 39, 40, 41]
    W3: [ 0,  1,  3,  5,  9, 15, 21, 22, 23, 24, 27, 37, 40, 41, 42, 43] > [ 2,  4,  8, 12, 13, 14, 16, 20, 26, 28, 29, 30, 33, 34, 35, 36]
    W4: [ 0,  3,  7,  8, 11, 12, 16, 17, 20, 22, 23, 26, 27, 30, 33, 39, 42] > [ 2,  4,  5,  6,  9, 10, 13, 14, 19, 25, 28, 31, 35, 36, 37, 40, 44]
    Truth table row=[=, =, =, >, >] ix=125 result=[42+] is correct

Test 43-:
    W0: [ 0,  1,  5,  8,  9, 12, 13] = [ 2,  3,  4,  6,  7, 10, 11]
    W1: [ 0,  1,  4,  6,  7, 10, 11, 15, 17, 19, 20, 23, 24, 26, 33, 34, 35] = [ 5,  8,  9, 12, 13, 14, 16, 18, 21, 22, 25, 27, 28, 29, 30, 31, 32]
    W2: [ 0,  1, 10, 11, 15, 17, 19, 20, 28, 29, 30, 31, 32, 37, 38] = [ 9, 12, 13, 14, 16, 18, 21, 22, 33, 34, 35, 36, 39, 40, 41]
    W3: [ 0,  1,  3,  5,  9, 15, 21, 22, 23, 24, 27, 37, 40, 41, 42, 43] < [ 2,  4,  8, 12, 13, 14, 16, 20, 26, 28, 29, 30, 33, 34, 35, 36]
    W4: [ 0,  3,  7,  8, 11, 12, 16, 17, 20, 22, 23, 26, 27, 30, 33, 39, 42] = [ 2,  4,  5,  6,  9, 10, 13, 14, 19, 25, 28, 31, 35, 36, 37, 40, 44]
    Truth table row=[=, =, =, <, =] ix=118 result=[43-] is correct

Test 43+:
    W0: [ 0,  1,  5,  8,  9, 12, 13] = [ 2,  3,  4,  6,  7, 10, 11]
    W1: [ 0,  1,  4,  6,  7, 10, 11, 15, 17, 19, 20, 23, 24, 26, 33, 34, 35] = [ 5,  8,  9, 12, 13, 14, 16, 18, 21, 22, 25, 27, 28, 29, 30, 31, 32]
    W2: [ 0,  1, 10, 11, 15, 17, 19, 20, 28, 29, 30, 31, 32, 37, 38] = [ 9, 12, 13, 14, 16, 18, 21, 22, 33, 34, 35, 36, 39, 40, 41]
    W3: [ 0,  1,  3,  5,  9, 15, 21, 22, 23, 24, 27, 37, 40, 41, 42, 43] > [ 2,  4,  8, 12, 13, 14, 16, 20, 26, 28, 29, 30, 33, 34, 35, 36]
    W4: [ 0,  3,  7,  8, 11, 12, 16, 17, 20, 22, 23, 26, 27, 30, 33, 39, 42] = [ 2,  4,  5,  6,  9, 10, 13, 14, 19, 25, 28, 31, 35, 36, 37, 40, 44]
    Truth table row=[=, =, =, >, =] ix=124 result=[43+] is correct

Test 44-:
    W0: [ 0,  1,  5,  8,  9, 12, 13] = [ 2,  3,  4,  6,  7, 10, 11]
    W1: [ 0,  1,  4,  6,  7, 10, 11, 15, 17, 19, 20, 23, 24, 26, 33, 34, 35] = [ 5,  8,  9, 12, 13, 14, 16, 18, 21, 22, 25, 27, 28, 29, 30, 31, 32]
    W2: [ 0,  1, 10, 11, 15, 17, 19, 20, 28, 29, 30, 31, 32, 37, 38] = [ 9, 12, 13, 14, 16, 18, 21, 22, 33, 34, 35, 36, 39, 40, 41]
    W3: [ 0,  1,  3,  5,  9, 15, 21, 22, 23, 24, 27, 37, 40, 41, 42, 43] = [ 2,  4,  8, 12, 13, 14, 16, 20, 26, 28, 29, 30, 33, 34, 35, 36]
    W4: [ 0,  3,  7,  8, 11, 12, 16, 17, 20, 22, 23, 26, 27, 30, 33, 39, 42] > [ 2,  4,  5,  6,  9, 10, 13, 14, 19, 25, 28, 31, 35, 36, 37, 40, 44]
    Truth table row=[=, =, =, =, >] ix=122 result=[44-] is correct

Test 44+:
    W0: [ 0,  1,  5,  8,  9, 12, 13] = [ 2,  3,  4,  6,  7, 10, 11]
    W1: [ 0,  1,  4,  6,  7, 10, 11, 15, 17, 19, 20, 23, 24, 26, 33, 34, 35] = [ 5,  8,  9, 12, 13, 14, 16, 18, 21, 22, 25, 27, 28, 29, 30, 31, 32]
    W2: [ 0,  1, 10, 11, 15, 17, 19, 20, 28, 29, 30, 31, 32, 37, 38] = [ 9, 12, 13, 14, 16, 18, 21, 22, 33, 34, 35, 36, 39, 40, 41]
    W3: [ 0,  1,  3,  5,  9, 15, 21, 22, 23, 24, 27, 37, 40, 41, 42, 43] = [ 2,  4,  8, 12, 13, 14, 16, 20, 26, 28, 29, 30, 33, 34, 35, 36]
    W4: [ 0,  3,  7,  8, 11, 12, 16, 17, 20, 22, 23, 26, 27, 30, 33, 39, 42] < [ 2,  4,  5,  6,  9, 10, 13, 14, 19, 25, 28, 31, 35, 36, 37, 40, 44]
    Truth table row=[=, =, =, =, <] ix=120 result=[44+] is correct

Total correct results: 90
Total incorrect results: 0
