Solving for 7 balls and 3 weighings.
Using symmetry breaking strategy TruthTableAscending.

Solution:
W0: [ 0,  2,  4] <=> [ 1,  3,  5]
W1: [ 0,  5] <=> [ 1,  6]
W2: [ 1,  2] <=> [ 4,  5]

Truth Table:
ix  W0  W1  W2   Result
 0   <   <   <
 1   <   <   =   0-
 2   <   <   >   1+
 3   <   =   <   2-
 4   <   =   =   3+
 5   <   =   >   4-
 6   <   >   <   5+
 7   <   >   =
 8   <   >   >
 9   =   <   <
10   =   <   =   6+
11   =   <   >
12   =   =   <
13   =   =   =
14   =   =   >
15   =   >   <
16   =   >   =   6-
17   =   >   >
18   >   <   <
19   >   <   =
20   >   <   >   5-
21   >   =   <   4+
22   >   =   =   3-
23   >   =   >   2+
24   >   >   <   1-
25   >   >   =   0+
26   >   >   >

Test 0-:
    W0: [ 0,  2,  4] < [ 1,  3,  5]
    W1: [ 0,  5] < [ 1,  6]
    W2: [ 1,  2] = [ 4,  5]
    Truth table row=[<, <, =] ix=1 result=[0-] is correct

Test 0+:
    W0: [ 0,  2,  4] > [ 1,  3,  5]
    W1: [ 0,  5] > [ 1,  6]
    W2: [ 1,  2] = [ 4,  5]
    Truth table row=[>, >, =] ix=25 result=[0+] is correct

Test 1-:
    W0: [ 0,  2,  4] > [ 1,  3,  5]
    W1: [ 0,  5] > [ 1,  6]
    W2: [ 1,  2] < [ 4,  5]
    Truth table row=[>, >, <] ix=24 result=[1-] is correct

Test 1+:
    W0: [ 0,  2,  4] < [ 1,  3,  5]
    W1: [ 0,  5] < [ 1,  6]
    W2: [ 1,  2] > [ 4,  5]
    Truth table row=[<, <, >] ix=2 result=[1+] is correct

Test 2-:
    W0: [ 0,  2,  4] < [ 1,  3,  5]
    W1: [ 0,  5] = [ 1,  6]
    W2: [ 1,  2] < [ 4,  5]
    Truth table row=[<, =, <] ix=3 result=[2-] is correct

Test 2+:
    W0: [ 0,  2,  4] > [ 1,  3,  5]
    W1: [ 0,  5] = [ 1,  6]
    W2: [ 1,  2] > [ 4,  5]
    Truth table row=[>, =, >] ix=23 result=[2+] is correct

Test 3-:
    W0: [ 0,  2,  4] > [ 1,  3,  5]
    W1: [ 0,  5] = [ 1,  6]
    W2: [ 1,  2] = [ 4,  5]
    Truth table row=[>, =, =] ix=22 result=[3-] is correct

Test 3+:
    W0: [ 0,  2,  4] < [ 1,  3,  5]
    W1: [ 0,  5] = [ 1,  6]
    W2: [ 1,  2] = [ 4,  5]
    Truth table row=[<, =, =] ix=4 result=[3+] is correct

Test 4-:
    W0: [ 0,  2,  4] < [ 1,  3,  5]
    W1: [ 0,  5] = [ 1,  6]
    W2: [ 1,  2] > [ 4,  5]
    Truth table row=[<, =, >] ix=5 result=[4-] is correct

Test 4+:
    W0: [ 0,  2,  4] > [ 1,  3,  5]
    W1: [ 0,  5] = [ 1,  6]
    W2: [ 1,  2] < [ 4,  5]
    Truth table row=[>, =, <] ix=21 result=[4+] is correct

Test 5-:
    W0: [ 0,  2,  4] > [ 1,  3,  5]
    W1: [ 0,  5] < [ 1,  6]
    W2: [ 1,  2] > [ 4,  5]
    Truth table row=[>, <, >] ix=20 result=[5-] is correct

Test 5+:
    W0: [ 0,  2,  4] < [ 1,  3,  5]
    W1: [ 0,  5] > [ 1,  6]
    W2: [ 1,  2] < [ 4,  5]
    Truth table row=[<, >, <] ix=6 result=[5+] is correct

Test 6-:
    W0: [ 0,  2,  4] = [ 1,  3,  5]
    W1: [ 0,  5] > [ 1,  6]
    W2: [ 1,  2] = [ 4,  5]
    Truth table row=[=, >, =] ix=16 result=[6-] is correct

Test 6+:
    W0: [ 0,  2,  4] = [ 1,  3,  5]
    W1: [ 0,  5] < [ 1,  6]
    W2: [ 1,  2] = [ 4,  5]
    Truth table row=[=, <, =] ix=10 result=[6+] is correct

Total correct results: 14
Total incorrect results: 0
