Solving for 24 balls and 5 weighings.
Using symmetry breaking strategy TruthTableAscending.

Solution:
W0: [ 0,  2,  3,  4,  6, 11, 13] <=> [ 1,  5,  7,  8,  9, 10, 12]
W1: [ 0,  2,  3,  4,  6, 10, 12, 14, 17, 19] <=> [ 1,  5,  7,  8,  9, 11, 13, 15, 16, 18]
W2: [ 0,  2,  3,  4,  7,  8,  9, 11, 14, 18, 22] <=> [ 1,  6, 10, 12, 13, 15, 16, 17, 19, 20, 21]
W3: [ 0,  2,  5,  6, 12, 13, 14, 17, 18, 21] <=> [ 1,  4,  7,  8, 10, 11, 15, 16, 19, 22]
W4: [ 0,  3,  4,  6,  8, 11, 12, 14, 16] <=> [ 2,  9, 10, 13, 17, 19, 20, 21, 23]

Truth Table:
ix  W0  W1  W2  W3  W4   Result
 0   <   <   <   <   <   0-
 1   <   <   <   <   =   1+
 2   <   <   <   <   >   2-
 3   <   <   <   =   <   3-
 4   <   <   <   =   =
 5   <   <   <   =   >
 6   <   <   <   >   <   4-
 7   <   <   <   >   =
 8   <   <   <   >   >
 9   <   <   =   <   <
10   <   <   =   <   =
11   <   <   =   <   >
12   <   <   =   =   <
13   <   <   =   =   =
14   <   <   =   =   >
15   <   <   =   >   <
16   <   <   =   >   =   5+
17   <   <   =   >   >
18   <   <   >   <   <   6-
19   <   <   >   <   =   7+
20   <   <   >   <   >   8+
21   <   <   >   =   <   9+
22   <   <   >   =   =
23   <   <   >   =   >
24   <   <   >   >   <
25   <   <   >   >   =
26   <   <   >   >   >
27   <   =   <   <   <
28   <   =   <   <   =
29   <   =   <   <   >
30   <   =   <   =   <
31   <   =   <   =   =
32   <   =   <   =   >
33   <   =   <   >   <
34   <   =   <   >   =
35   <   =   <   >   >
36   <   =   =   <   <
37   <   =   =   <   =
38   <   =   =   <   >
39   <   =   =   =   <
40   <   =   =   =   =
41   <   =   =   =   >
42   <   =   =   >   <
43   <   =   =   >   =
44   <   =   =   >   >
45   <   =   >   <   <
46   <   =   >   <   =
47   <   =   >   <   >
48   <   =   >   =   <
49   <   =   >   =   =
50   <   =   >   =   >
51   <   =   >   >   <
52   <   =   >   >   =
53   <   =   >   >   >
54   <   >   <   <   <   10+
55   <   >   <   <   =
56   <   >   <   <   >
57   <   >   <   =   <
58   <   >   <   =   =
59   <   >   <   =   >
60   <   >   <   >   <   11-
61   <   >   <   >   =
62   <   >   <   >   >   12+
63   <   >   =   <   <
64   <   >   =   <   =
65   <   >   =   <   >
66   <   >   =   =   <
67   <   >   =   =   =
68   <   >   =   =   >
69   <   >   =   >   <
70   <   >   =   >   =
71   <   >   =   >   >
72   <   >   >   <   <
73   <   >   >   <   =
74   <   >   >   <   >   13-
75   <   >   >   =   <
76   <   >   >   =   =
77   <   >   >   =   >
78   <   >   >   >   <
79   <   >   >   >   =
80   <   >   >   >   >
81   =   <   <   <   <   14-
82   =   <   <   <   =   15+
83   =   <   <   <   >   16+
84   =   <   <   =   <
85   =   <   <   =   =
86   =   <   <   =   >
87   =   <   <   >   <
88   =   <   <   >   =
89   =   <   <   >   >
90   =   <   =   <   <
91   =   <   =   <   =
92   =   <   =   <   >
93   =   <   =   =   <
94   =   <   =   =   =
95   =   <   =   =   >
96   =   <   =   >   <
97   =   <   =   >   =
98   =   <   =   >   >
99   =   <   >   <   <
100   =   <   >   <   =
101   =   <   >   <   >   17-
102   =   <   >   =   <
103   =   <   >   =   =
104   =   <   >   =   >
105   =   <   >   >   <
106   =   <   >   >   =   18+
107   =   <   >   >   >   19-
108   =   =   <   <   <
109   =   =   <   <   =
110   =   =   <   <   >
111   =   =   <   =   <   20+
112   =   =   <   =   =
113   =   =   <   =   >
114   =   =   <   >   <   21+
115   =   =   <   >   =   22-
116   =   =   <   >   >
117   =   =   =   <   <
118   =   =   =   <   =
119   =   =   =   <   >
120   =   =   =   =   <   23+
121   =   =   =   =   =
122   =   =   =   =   >   23-
123   =   =   =   >   <
124   =   =   =   >   =
125   =   =   =   >   >
126   =   =   >   <   <
127   =   =   >   <   =   22+
128   =   =   >   <   >   21-
129   =   =   >   =   <
130   =   =   >   =   =
131   =   =   >   =   >   20-
132   =   =   >   >   <
133   =   =   >   >   =
134   =   =   >   >   >
135   =   >   <   <   <   19+
136   =   >   <   <   =   18-
137   =   >   <   <   >
138   =   >   <   =   <
139   =   >   <   =   =
140   =   >   <   =   >
141   =   >   <   >   <   17+
142   =   >   <   >   =
143   =   >   <   >   >
144   =   >   =   <   <
145   =   >   =   <   =
146   =   >   =   <   >
147   =   >   =   =   <
148   =   >   =   =   =
149   =   >   =   =   >
150   =   >   =   >   <
151   =   >   =   >   =
152   =   >   =   >   >
153   =   >   >   <   <
154   =   >   >   <   =
155   =   >   >   <   >
156   =   >   >   =   <
157   =   >   >   =   =
158   =   >   >   =   >
159   =   >   >   >   <   16-
160   =   >   >   >   =   15-
161   =   >   >   >   >   14+
162   >   <   <   <   <
163   >   <   <   <   =
164   >   <   <   <   >
165   >   <   <   =   <
166   >   <   <   =   =
167   >   <   <   =   >
168   >   <   <   >   <   13+
169   >   <   <   >   =
170   >   <   <   >   >
171   >   <   =   <   <
172   >   <   =   <   =
173   >   <   =   <   >
174   >   <   =   =   <
175   >   <   =   =   =
176   >   <   =   =   >
177   >   <   =   >   <
178   >   <   =   >   =
179   >   <   =   >   >
180   >   <   >   <   <   12-
181   >   <   >   <   =
182   >   <   >   <   >   11+
183   >   <   >   =   <
184   >   <   >   =   =
185   >   <   >   =   >
186   >   <   >   >   <
187   >   <   >   >   =
188   >   <   >   >   >   10-
189   >   =   <   <   <
190   >   =   <   <   =
191   >   =   <   <   >
192   >   =   <   =   <
193   >   =   <   =   =
194   >   =   <   =   >
195   >   =   <   >   <
196   >   =   <   >   =
197   >   =   <   >   >
198   >   =   =   <   <
199   >   =   =   <   =
200   >   =   =   <   >
201   >   =   =   =   <
202   >   =   =   =   =
203   >   =   =   =   >
204   >   =   =   >   <
205   >   =   =   >   =
206   >   =   =   >   >
207   >   =   >   <   <
208   >   =   >   <   =
209   >   =   >   <   >
210   >   =   >   =   <
211   >   =   >   =   =
212   >   =   >   =   >
213   >   =   >   >   <
214   >   =   >   >   =
215   >   =   >   >   >
216   >   >   <   <   <
217   >   >   <   <   =
218   >   >   <   <   >
219   >   >   <   =   <
220   >   >   <   =   =
221   >   >   <   =   >   9-
222   >   >   <   >   <   8-
223   >   >   <   >   =   7-
224   >   >   <   >   >   6+
225   >   >   =   <   <
226   >   >   =   <   =   5-
227   >   >   =   <   >
228   >   >   =   =   <
229   >   >   =   =   =
230   >   >   =   =   >
231   >   >   =   >   <
232   >   >   =   >   =
233   >   >   =   >   >
234   >   >   >   <   <
235   >   >   >   <   =
236   >   >   >   <   >   4+
237   >   >   >   =   <
238   >   >   >   =   =
239   >   >   >   =   >   3+
240   >   >   >   >   <   2+
241   >   >   >   >   =   1-
242   >   >   >   >   >   0+

Test 0-:
    W0: [ 0,  2,  3,  4,  6, 11, 13] < [ 1,  5,  7,  8,  9, 10, 12]
    W1: [ 0,  2,  3,  4,  6, 10, 12, 14, 17, 19] < [ 1,  5,  7,  8,  9, 11, 13, 15, 16, 18]
    W2: [ 0,  2,  3,  4,  7,  8,  9, 11, 14, 18, 22] < [ 1,  6, 10, 12, 13, 15, 16, 17, 19, 20, 21]
    W3: [ 0,  2,  5,  6, 12, 13, 14, 17, 18, 21] < [ 1,  4,  7,  8, 10, 11, 15, 16, 19, 22]
    W4: [ 0,  3,  4,  6,  8, 11, 12, 14, 16] < [ 2,  9, 10, 13, 17, 19, 20, 21, 23]
    Truth table row=[<, <, <, <, <] ix=0 result=[0-] is correct

Test 0+:
    W0: [ 0,  2,  3,  4,  6, 11, 13] > [ 1,  5,  7,  8,  9, 10, 12]
    W1: [ 0,  2,  3,  4,  6, 10, 12, 14, 17, 19] > [ 1,  5,  7,  8,  9, 11, 13, 15, 16, 18]
    W2: [ 0,  2,  3,  4,  7,  8,  9, 11, 14, 18, 22] > [ 1,  6, 10, 12, 13, 15, 16, 17, 19, 20, 21]
    W3: [ 0,  2,  5,  6, 12, 13, 14, 17, 18, 21] > [ 1,  4,  7,  8, 10, 11, 15, 16, 19, 22]
    W4: [ 0,  3,  4,  6,  8, 11, 12, 14, 16] > [ 2,  9, 10, 13, 17, 19, 20, 21, 23]
    Truth table row=[>, >, >, >, >] ix=242 result=[0+] is correct

Test 1-:
    W0: [ 0,  2,  3,  4,  6, 11, 13] > [ 1,  5,  7,  8,  9, 10, 12]
    W1: [ 0,  2,  3,  4,  6, 10, 12, 14, 17, 19] > [ 1,  5,  7,  8,  9, 11, 13, 15, 16, 18]
    W2: [ 0,  2,  3,  4,  7,  8,  9, 11, 14, 18, 22] > [ 1,  6, 10, 12, 13, 15, 16, 17, 19, 20, 21]
    W3: [ 0,  2,  5,  6, 12, 13, 14, 17, 18, 21] > [ 1,  4,  7,  8, 10, 11, 15, 16, 19, 22]
    W4: [ 0,  3,  4,  6,  8, 11, 12, 14, 16] = [ 2,  9, 10, 13, 17, 19, 20, 21, 23]
    Truth table row=[>, >, >, >, =] ix=241 result=[1-] is correct

Test 1+:
    W0: [ 0,  2,  3,  4,  6, 11, 13] < [ 1,  5,  7,  8,  9, 10, 12]
    W1: [ 0,  2,  3,  4,  6, 10, 12, 14, 17, 19] < [ 1,  5,  7,  8,  9, 11, 13, 15, 16, 18]
    W2: [ 0,  2,  3,  4,  7,  8,  9, 11, 14, 18, 22] < [ 1,  6, 10, 12, 13, 15, 16, 17, 19, 20, 21]
    W3: [ 0,  2,  5,  6, 12, 13, 14, 17, 18, 21] < [ 1,  4,  7,  8, 10, 11, 15, 16, 19, 22]
    W4: [ 0,  3,  4,  6,  8, 11, 12, 14, 16] = [ 2,  9, 10, 13, 17, 19, 20, 21, 23]
    Truth table row=[<, <, <, <, =] ix=1 result=[1+] is correct

Test 2-:
    W0: [ 0,  2,  3,  4,  6, 11, 13] < [ 1,  5,  7,  8,  9, 10, 12]
    W1: [ 0,  2,  3,  4,  6, 10, 12, 14, 17, 19] < [ 1,  5,  7,  8,  9, 11, 13, 15, 16, 18]
    W2: [ 0,  2,  3,  4,  7,  8,  9, 11, 14, 18, 22] < [ 1,  6, 10, 12, 13, 15, 16, 17, 19, 20, 21]
    W3: [ 0,  2,  5,  6, 12, 13, 14, 17, 18, 21] < [ 1,  4,  7,  8, 10, 11, 15, 16, 19, 22]
    W4: [ 0,  3,  4,  6,  8, 11, 12, 14, 16] > [ 2,  9, 10, 13, 17, 19, 20, 21, 23]
    Truth table row=[<, <, <, <, >] ix=2 result=[2-] is correct

Test 2+:
    W0: [ 0,  2,  3,  4,  6, 11, 13] > [ 1,  5,  7,  8,  9, 10, 12]
    W1: [ 0,  2,  3,  4,  6, 10, 12, 14, 17, 19] > [ 1,  5,  7,  8,  9, 11, 13, 15, 16, 18]
    W2: [ 0,  2,  3,  4,  7,  8,  9, 11, 14, 18, 22] > [ 1,  6, 10, 12, 13, 15, 16, 17, 19, 20, 21]
    W3: [ 0,  2,  5,  6, 12, 13, 14, 17, 18, 21] > [ 1,  4,  7,  8, 10, 11, 15, 16, 19, 22]
    W4: [ 0,  3,  4,  6,  8, 11, 12, 14, 16] < [ 2,  9, 10, 13, 17, 19, 20, 21, 23]
    Truth table row=[>, >, >, >, <] ix=240 result=[2+] is correct

Test 3-:
    W0: [ 0,  2,  3,  4,  6, 11, 13] < [ 1,  5,  7,  8,  9, 10, 12]
    W1: [ 0,  2,  3,  4,  6, 10, 12, 14, 17, 19] < [ 1,  5,  7,  8,  9, 11, 13, 15, 16, 18]
    W2: [ 0,  2,  3,  4,  7,  8,  9, 11, 14, 18, 22] < [ 1,  6, 10, 12, 13, 15, 16, 17, 19, 20, 21]
    W3: [ 0,  2,  5,  6, 12, 13, 14, 17, 18, 21] = [ 1,  4,  7,  8, 10, 11, 15, 16, 19, 22]
    W4: [ 0,  3,  4,  6,  8, 11, 12, 14, 16] < [ 2,  9, 10, 13, 17, 19, 20, 21, 23]
    Truth table row=[<, <, <, =, <] ix=3 result=[3-] is correct

Test 3+:
    W0: [ 0,  2,  3,  4,  6, 11, 13] > [ 1,  5,  7,  8,  9, 10, 12]
    W1: [ 0,  2,  3,  4,  6, 10, 12, 14, 17, 19] > [ 1,  5,  7,  8,  9, 11, 13, 15, 16, 18]
    W2: [ 0,  2,  3,  4,  7,  8,  9, 11, 14, 18, 22] > [ 1,  6, 10, 12, 13, 15, 16, 17, 19, 20, 21]
    W3: [ 0,  2,  5,  6, 12, 13, 14, 17, 18, 21] = [ 1,  4,  7,  8, 10, 11, 15, 16, 19, 22]
    W4: [ 0,  3,  4,  6,  8, 11, 12, 14, 16] > [ 2,  9, 10, 13, 17, 19, 20, 21, 23]
    Truth table row=[>, >, >, =, >] ix=239 result=[3+] is correct

Test 4-:
    W0: [ 0,  2,  3,  4,  6, 11, 13] < [ 1,  5,  7,  8,  9, 10, 12]
    W1: [ 0,  2,  3,  4,  6, 10, 12, 14, 17, 19] < [ 1,  5,  7,  8,  9, 11, 13, 15, 16, 18]
    W2: [ 0,  2,  3,  4,  7,  8,  9, 11, 14, 18, 22] < [ 1,  6, 10, 12, 13, 15, 16, 17, 19, 20, 21]
    W3: [ 0,  2,  5,  6, 12, 13, 14, 17, 18, 21] > [ 1,  4,  7,  8, 10, 11, 15, 16, 19, 22]
    W4: [ 0,  3,  4,  6,  8, 11, 12, 14, 16] < [ 2,  9, 10, 13, 17, 19, 20, 21, 23]
    Truth table row=[<, <, <, >, <] ix=6 result=[4-] is correct

Test 4+:
    W0: [ 0,  2,  3,  4,  6, 11, 13] > [ 1,  5,  7,  8,  9, 10, 12]
    W1: [ 0,  2,  3,  4,  6, 10, 12, 14, 17, 19] > [ 1,  5,  7,  8,  9, 11, 13, 15, 16, 18]
    W2: [ 0,  2,  3,  4,  7,  8,  9, 11, 14, 18, 22] > [ 1,  6, 10, 12, 13, 15, 16, 17, 19, 20, 21]
    W3: [ 0,  2,  5,  6, 12, 13, 14, 17, 18, 21] < [ 1,  4,  7,  8, 10, 11, 15, 16, 19, 22]
    W4: [ 0,  3,  4,  6,  8, 11, 12, 14, 16] > [ 2,  9, 10, 13, 17, 19, 20, 21, 23]
    Truth table row=[>, >, >, <, >] ix=236 result=[4+] is correct

Test 5-:
    W0: [ 0,  2,  3,  4,  6, 11, 13] > [ 1,  5,  7,  8,  9, 10, 12]
    W1: [ 0,  2,  3,  4,  6, 10, 12, 14, 17, 19] > [ 1,  5,  7,  8,  9, 11, 13, 15, 16, 18]
    W2: [ 0,  2,  3,  4,  7,  8,  9, 11, 14, 18, 22] = [ 1,  6, 10, 12, 13, 15, 16, 17, 19, 20, 21]
    W3: [ 0,  2,  5,  6, 12, 13, 14, 17, 18, 21] < [ 1,  4,  7,  8, 10, 11, 15, 16, 19, 22]
    W4: [ 0,  3,  4,  6,  8, 11, 12, 14, 16] = [ 2,  9, 10, 13, 17, 19, 20, 21, 23]
    Truth table row=[>, >, =, <, =] ix=226 result=[5-] is correct

Test 5+:
    W0: [ 0,  2,  3,  4,  6, 11, 13] < [ 1,  5,  7,  8,  9, 10, 12]
    W1: [ 0,  2,  3,  4,  6, 10, 12, 14, 17, 19] < [ 1,  5,  7,  8,  9, 11, 13, 15, 16, 18]
    W2: [ 0,  2,  3,  4,  7,  8,  9, 11, 14, 18, 22] = [ 1,  6, 10, 12, 13, 15, 16, 17, 19, 20, 21]
    W3: [ 0,  2,  5,  6, 12, 13, 14, 17, 18, 21] > [ 1,  4,  7,  8, 10, 11, 15, 16, 19, 22]
    W4: [ 0,  3,  4,  6,  8, 11, 12, 14, 16] = [ 2,  9, 10, 13, 17, 19, 20, 21, 23]
    Truth table row=[<, <, =, >, =] ix=16 result=[5+] is correct

Test 6-:
    W0: [ 0,  2,  3,  4,  6, 11, 13] < [ 1,  5,  7,  8,  9, 10, 12]
    W1: [ 0,  2,  3,  4,  6, 10, 12, 14, 17, 19] < [ 1,  5,  7,  8,  9, 11, 13, 15, 16, 18]
    W2: [ 0,  2,  3,  4,  7,  8,  9, 11, 14, 18, 22] > [ 1,  6, 10, 12, 13, 15, 16, 17, 19, 20, 21]
    W3: [ 0,  2,  5,  6, 12, 13, 14, 17, 18, 21] < [ 1,  4,  7,  8, 10, 11, 15, 16, 19, 22]
    W4: [ 0,  3,  4,  6,  8, 11, 12, 14, 16] < [ 2,  9, 10, 13, 17, 19, 20, 21, 23]
    Truth table row=[<, <, >, <, <] ix=18 result=[6-] is correct

Test 6+:
    W0: [ 0,  2,  3,  4,  6, 11, 13] > [ 1,  5,  7,  8,  9, 10, 12]
    W1: [ 0,  2,  3,  4,  6, 10, 12, 14, 17, 19] > [ 1,  5,  7,  8,  9, 11, 13, 15, 16, 18]
    W2: [ 0,  2,  3,  4,  7,  8,  9, 11, 14, 18, 22] < [ 1,  6, 10, 12, 13, 15, 16, 17, 19, 20, 21]
    W3: [ 0,  2,  5,  6, 12, 13, 14, 17, 18, 21] > [ 1,  4,  7,  8, 10, 11, 15, 16, 19, 22]
    W4: [ 0,  3,  4,  6,  8, 11, 12, 14, 16] > [ 2,  9, 10, 13, 17, 19, 20, 21, 23]
    Truth table row=[>, >, <, >, >] ix=224 result=[6+] is correct

Test 7-:
    W0: [ 0,  2,  3,  4,  6, 11, 13] > [ 1,  5,  7,  8,  9, 10, 12]
    W1: [ 0,  2,  3,  4,  6, 10, 12, 14, 17, 19] > [ 1,  5,  7,  8,  9, 11, 13, 15, 16, 18]
    W2: [ 0,  2,  3,  4,  7,  8,  9, 11, 14, 18, 22] < [ 1,  6, 10, 12, 13, 15, 16, 17, 19, 20, 21]
    W3: [ 0,  2,  5,  6, 12, 13, 14, 17, 18, 21] > [ 1,  4,  7,  8, 10, 11, 15, 16, 19, 22]
    W4: [ 0,  3,  4,  6,  8, 11, 12, 14, 16] = [ 2,  9, 10, 13, 17, 19, 20, 21, 23]
    Truth table row=[>, >, <, >, =] ix=223 result=[7-] is correct

Test 7+:
    W0: [ 0,  2,  3,  4,  6, 11, 13] < [ 1,  5,  7,  8,  9, 10, 12]
    W1: [ 0,  2,  3,  4,  6, 10, 12, 14, 17, 19] < [ 1,  5,  7,  8,  9, 11, 13, 15, 16, 18]
    W2: [ 0,  2,  3,  4,  7,  8,  9, 11, 14, 18, 22] > [ 1,  6, 10, 12, 13, 15, 16, 17, 19, 20, 21]
    W3: [ 0,  2,  5,  6, 12, 13, 14, 17, 18, 21] < [ 1,  4,  7,  8, 10, 11, 15, 16, 19, 22]
    W4: [ 0,  3,  4,  6,  8, 11, 12, 14, 16] = [ 2,  9, 10, 13, 17, 19, 20, 21, 23]
    Truth table row=[<, <, >, <, =] ix=19 result=[7+] is correct

Test 8-:
    W0: [ 0,  2,  3,  4,  6, 11, 13] > [ 1,  5,  7,  8,  9, 10, 12]
    W1: [ 0,  2,  3,  4,  6, 10, 12, 14, 17, 19] > [ 1,  5,  7,  8,  9, 11, 13, 15, 16, 18]
    W2: [ 0,  2,  3,  4,  7,  8,  9, 11, 14, 18, 22] < [ 1,  6, 10, 12, 13, 15, 16, 17, 19, 20, 21]
    W3: [ 0,  2,  5,  6, 12, 13, 14, 17, 18, 21] > [ 1,  4,  7,  8, 10, 11, 15, 16, 19, 22]
    W4: [ 0,  3,  4,  6,  8, 11, 12, 14, 16] < [ 2,  9, 10, 13, 17, 19, 20, 21, 23]
    Truth table row=[>, >, <, >, <] ix=222 result=[8-] is correct

Test 8+:
    W0: [ 0,  2,  3,  4,  6, 11, 13] < [ 1,  5,  7,  8,  9, 10, 12]
    W1: [ 0,  2,  3,  4,  6, 10, 12, 14, 17, 19] < [ 1,  5,  7,  8,  9, 11, 13, 15, 16, 18]
    W2: [ 0,  2,  3,  4,  7,  8,  9, 11, 14, 18, 22] > [ 1,  6, 10, 12, 13, 15, 16, 17, 19, 20, 21]
    W3: [ 0,  2,  5,  6, 12, 13, 14, 17, 18, 21] < [ 1,  4,  7,  8, 10, 11, 15, 16, 19, 22]
    W4: [ 0,  3,  4,  6,  8, 11, 12, 14, 16] > [ 2,  9, 10, 13, 17, 19, 20, 21, 23]
    Truth table row=[<, <, >, <, >] ix=20 result=[8+] is correct

Test 9-:
    W0: [ 0,  2,  3,  4,  6, 11, 13] > [ 1,  5,  7,  8,  9, 10, 12]
    W1: [ 0,  2,  3,  4,  6, 10, 12, 14, 17, 19] > [ 1,  5,  7,  8,  9, 11, 13, 15, 16, 18]
    W2: [ 0,  2,  3,  4,  7,  8,  9, 11, 14, 18, 22] < [ 1,  6, 10, 12, 13, 15, 16, 17, 19, 20, 21]
    W3: [ 0,  2,  5,  6, 12, 13, 14, 17, 18, 21] = [ 1,  4,  7,  8, 10, 11, 15, 16, 19, 22]
    W4: [ 0,  3,  4,  6,  8, 11, 12, 14, 16] > [ 2,  9, 10, 13, 17, 19, 20, 21, 23]
    Truth table row=[>, >, <, =, >] ix=221 result=[9-] is correct

Test 9+:
    W0: [ 0,  2,  3,  4,  6, 11, 13] < [ 1,  5,  7,  8,  9, 10, 12]
    W1: [ 0,  2,  3,  4,  6, 10, 12, 14, 17, 19] < [ 1,  5,  7,  8,  9, 11, 13, 15, 16, 18]
    W2: [ 0,  2,  3,  4,  7,  8,  9, 11, 14, 18, 22] > [ 1,  6, 10, 12, 13, 15, 16, 17, 19, 20, 21]
    W3: [ 0,  2,  5,  6, 12, 13, 14, 17, 18, 21] = [ 1,  4,  7,  8, 10, 11, 15, 16, 19, 22]
    W4: [ 0,  3,  4,  6,  8, 11, 12, 14, 16] < [ 2,  9, 10, 13, 17, 19, 20, 21, 23]
    Truth table row=[<, <, >, =, <] ix=21 result=[9+] is correct

Test 10-:
    W0: [ 0,  2,  3,  4,  6, 11, 13] > [ 1,  5,  7,  8,  9, 10, 12]
    W1: [ 0,  2,  3,  4,  6, 10, 12, 14, 17, 19] < [ 1,  5,  7,  8,  9, 11, 13, 15, 16, 18]
    W2: [ 0,  2,  3,  4,  7,  8,  9, 11, 14, 18, 22] > [ 1,  6, 10, 12, 13, 15, 16, 17, 19, 20, 21]
    W3: [ 0,  2,  5,  6, 12, 13, 14, 17, 18, 21] > [ 1,  4,  7,  8, 10, 11, 15, 16, 19, 22]
    W4: [ 0,  3,  4,  6,  8, 11, 12, 14, 16] > [ 2,  9, 10, 13, 17, 19, 20, 21, 23]
    Truth table row=[>, <, >, >, >] ix=188 result=[10-] is correct

Test 10+:
    W0: [ 0,  2,  3,  4,  6, 11, 13] < [ 1,  5,  7,  8,  9, 10, 12]
    W1: [ 0,  2,  3,  4,  6, 10, 12, 14, 17, 19] > [ 1,  5,  7,  8,  9, 11, 13, 15, 16, 18]
    W2: [ 0,  2,  3,  4,  7,  8,  9, 11, 14, 18, 22] < [ 1,  6, 10, 12, 13, 15, 16, 17, 19, 20, 21]
    W3: [ 0,  2,  5,  6, 12, 13, 14, 17, 18, 21] < [ 1,  4,  7,  8, 10, 11, 15, 16, 19, 22]
    W4: [ 0,  3,  4,  6,  8, 11, 12, 14, 16] < [ 2,  9, 10, 13, 17, 19, 20, 21, 23]
    Truth table row=[<, >, <, <, <] ix=54 result=[10+] is correct

Test 11-:
    W0: [ 0,  2,  3,  4,  6, 11, 13] < [ 1,  5,  7,  8,  9, 10, 12]
    W1: [ 0,  2,  3,  4,  6, 10, 12, 14, 17, 19] > [ 1,  5,  7,  8,  9, 11, 13, 15, 16, 18]
    W2: [ 0,  2,  3,  4,  7,  8,  9, 11, 14, 18, 22] < [ 1,  6, 10, 12, 13, 15, 16, 17, 19, 20, 21]
    W3: [ 0,  2,  5,  6, 12, 13, 14, 17, 18, 21] > [ 1,  4,  7,  8, 10, 11, 15, 16, 19, 22]
    W4: [ 0,  3,  4,  6,  8, 11, 12, 14, 16] < [ 2,  9, 10, 13, 17, 19, 20, 21, 23]
    Truth table row=[<, >, <, >, <] ix=60 result=[11-] is correct

Test 11+:
    W0: [ 0,  2,  3,  4,  6, 11, 13] > [ 1,  5,  7,  8,  9, 10, 12]
    W1: [ 0,  2,  3,  4,  6, 10, 12, 14, 17, 19] < [ 1,  5,  7,  8,  9, 11, 13, 15, 16, 18]
    W2: [ 0,  2,  3,  4,  7,  8,  9, 11, 14, 18, 22] > [ 1,  6, 10, 12, 13, 15, 16, 17, 19, 20, 21]
    W3: [ 0,  2,  5,  6, 12, 13, 14, 17, 18, 21] < [ 1,  4,  7,  8, 10, 11, 15, 16, 19, 22]
    W4: [ 0,  3,  4,  6,  8, 11, 12, 14, 16] > [ 2,  9, 10, 13, 17, 19, 20, 21, 23]
    Truth table row=[>, <, >, <, >] ix=182 result=[11+] is correct

Test 12-:
    W0: [ 0,  2,  3,  4,  6, 11, 13] > [ 1,  5,  7,  8,  9, 10, 12]
    W1: [ 0,  2,  3,  4,  6, 10, 12, 14, 17, 19] < [ 1,  5,  7,  8,  9, 11, 13, 15, 16, 18]
    W2: [ 0,  2,  3,  4,  7,  8,  9, 11, 14, 18, 22] > [ 1,  6, 10, 12, 13, 15, 16, 17, 19, 20, 21]
    W3: [ 0,  2,  5,  6, 12, 13, 14, 17, 18, 21] < [ 1,  4,  7,  8, 10, 11, 15, 16, 19, 22]
    W4: [ 0,  3,  4,  6,  8, 11, 12, 14, 16] < [ 2,  9, 10, 13, 17, 19, 20, 21, 23]
    Truth table row=[>, <, >, <, <] ix=180 result=[12-] is correct

Test 12+:
    W0: [ 0,  2,  3,  4,  6, 11, 13] < [ 1,  5,  7,  8,  9, 10, 12]
    W1: [ 0,  2,  3,  4,  6, 10, 12, 14, 17, 19] > [ 1,  5,  7,  8,  9, 11, 13, 15, 16, 18]
    W2: [ 0,  2,  3,  4,  7,  8,  9, 11, 14, 18, 22] < [ 1,  6, 10, 12, 13, 15, 16, 17, 19, 20, 21]
    W3: [ 0,  2,  5,  6, 12, 13, 14, 17, 18, 21] > [ 1,  4,  7,  8, 10, 11, 15, 16, 19, 22]
    W4: [ 0,  3,  4,  6,  8, 11, 12, 14, 16] > [ 2,  9, 10, 13, 17, 19, 20, 21, 23]
    Truth table row=[<, >, <, >, >] ix=62 result=[12+] is correct

Test 13-:
    W0: [ 0,  2,  3,  4,  6, 11, 13] < [ 1,  5,  7,  8,  9, 10, 12]
    W1: [ 0,  2,  3,  4,  6, 10, 12, 14, 17, 19] > [ 1,  5,  7,  8,  9, 11, 13, 15, 16, 18]
    W2: [ 0,  2,  3,  4,  7,  8,  9, 11, 14, 18, 22] > [ 1,  6, 10, 12, 13, 15, 16, 17, 19, 20, 21]
    W3: [ 0,  2,  5,  6, 12, 13, 14, 17, 18, 21] < [ 1,  4,  7,  8, 10, 11, 15, 16, 19, 22]
    W4: [ 0,  3,  4,  6,  8, 11, 12, 14, 16] > [ 2,  9, 10, 13, 17, 19, 20, 21, 23]
    Truth table row=[<, >, >, <, >] ix=74 result=[13-] is correct

Test 13+:
    W0: [ 0,  2,  3,  4,  6, 11, 13] > [ 1,  5,  7,  8,  9, 10, 12]
    W1: [ 0,  2,  3,  4,  6, 10, 12, 14, 17, 19] < [ 1,  5,  7,  8,  9, 11, 13, 15, 16, 18]
    W2: [ 0,  2,  3,  4,  7,  8,  9, 11, 14, 18, 22] < [ 1,  6, 10, 12, 13, 15, 16, 17, 19, 20, 21]
    W3: [ 0,  2,  5,  6, 12, 13, 14, 17, 18, 21] > [ 1,  4,  7,  8, 10, 11, 15, 16, 19, 22]
    W4: [ 0,  3,  4,  6,  8, 11, 12, 14, 16] < [ 2,  9, 10, 13, 17, 19, 20, 21, 23]
    Truth table row=[>, <, <, >, <] ix=168 result=[13+] is correct

Test 14-:
    W0: [ 0,  2,  3,  4,  6, 11, 13] = [ 1,  5,  7,  8,  9, 10, 12]
    W1: [ 0,  2,  3,  4,  6, 10, 12, 14, 17, 19] < [ 1,  5,  7,  8,  9, 11, 13, 15, 16, 18]
    W2: [ 0,  2,  3,  4,  7,  8,  9, 11, 14, 18, 22] < [ 1,  6, 10, 12, 13, 15, 16, 17, 19, 20, 21]
    W3: [ 0,  2,  5,  6, 12, 13, 14, 17, 18, 21] < [ 1,  4,  7,  8, 10, 11, 15, 16, 19, 22]
    W4: [ 0,  3,  4,  6,  8, 11, 12, 14, 16] < [ 2,  9, 10, 13, 17, 19, 20, 21, 23]
    Truth table row=[=, <, <, <, <] ix=81 result=[14-] is correct

Test 14+:
    W0: [ 0,  2,  3,  4,  6, 11, 13] = [ 1,  5,  7,  8,  9, 10, 12]
    W1: [ 0,  2,  3,  4,  6, 10, 12, 14, 17, 19] > [ 1,  5,  7,  8,  9, 11, 13, 15, 16, 18]
    W2: [ 0,  2,  3,  4,  7,  8,  9, 11, 14, 18, 22] > [ 1,  6, 10, 12, 13, 15, 16, 17, 19, 20, 21]
    W3: [ 0,  2,  5,  6, 12, 13, 14, 17, 18, 21] > [ 1,  4,  7,  8, 10, 11, 15, 16, 19, 22]
    W4: [ 0,  3,  4,  6,  8, 11, 12, 14, 16] > [ 2,  9, 10, 13, 17, 19, 20, 21, 23]
    Truth table row=[=, >, >, >, >] ix=161 result=[14+] is correct

Test 15-:
    W0: [ 0,  2,  3,  4,  6, 11, 13] = [ 1,  5,  7,  8,  9, 10, 12]
    W1: [ 0,  2,  3,  4,  6, 10, 12, 14, 17, 19] > [ 1,  5,  7,  8,  9, 11, 13, 15, 16, 18]
    W2: [ 0,  2,  3,  4,  7,  8,  9, 11, 14, 18, 22] > [ 1,  6, 10, 12, 13, 15, 16, 17, 19, 20, 21]
    W3: [ 0,  2,  5,  6, 12, 13, 14, 17, 18, 21] > [ 1,  4,  7,  8, 10, 11, 15, 16, 19, 22]
    W4: [ 0,  3,  4,  6,  8, 11, 12, 14, 16] = [ 2,  9, 10, 13, 17, 19, 20, 21, 23]
    Truth table row=[=, >, >, >, =] ix=160 result=[15-] is correct

Test 15+:
    W0: [ 0,  2,  3,  4,  6, 11, 13] = [ 1,  5,  7,  8,  9, 10, 12]
    W1: [ 0,  2,  3,  4,  6, 10, 12, 14, 17, 19] < [ 1,  5,  7,  8,  9, 11, 13, 15, 16, 18]
    W2: [ 0,  2,  3,  4,  7,  8,  9, 11, 14, 18, 22] < [ 1,  6, 10, 12, 13, 15, 16, 17, 19, 20, 21]
    W3: [ 0,  2,  5,  6, 12, 13, 14, 17, 18, 21] < [ 1,  4,  7,  8, 10, 11, 15, 16, 19, 22]
    W4: [ 0,  3,  4,  6,  8, 11, 12, 14, 16] = [ 2,  9, 10, 13, 17, 19, 20, 21, 23]
    Truth table row=[=, <, <, <, =] ix=82 result=[15+] is correct

Test 16-:
    W0: [ 0,  2,  3,  4,  6, 11, 13] = [ 1,  5,  7,  8,  9, 10, 12]
    W1: [ 0,  2,  3,  4,  6, 10, 12, 14, 17, 19] > [ 1,  5,  7,  8,  9, 11, 13, 15, 16, 18]
    W2: [ 0,  2,  3,  4,  7,  8,  9, 11, 14, 18, 22] > [ 1,  6, 10, 12, 13, 15, 16, 17, 19, 20, 21]
    W3: [ 0,  2,  5,  6, 12, 13, 14, 17, 18, 21] > [ 1,  4,  7,  8, 10, 11, 15, 16, 19, 22]
    W4: [ 0,  3,  4,  6,  8, 11, 12, 14, 16] < [ 2,  9, 10, 13, 17, 19, 20, 21, 23]
    Truth table row=[=, >, >, >, <] ix=159 result=[16-] is correct

Test 16+:
    W0: [ 0,  2,  3,  4,  6, 11, 13] = [ 1,  5,  7,  8,  9, 10, 12]
    W1: [ 0,  2,  3,  4,  6, 10, 12, 14, 17, 19] < [ 1,  5,  7,  8,  9, 11, 13, 15, 16, 18]
    W2: [ 0,  2,  3,  4,  7,  8,  9, 11, 14, 18, 22] < [ 1,  6, 10, 12, 13, 15, 16, 17, 19, 20, 21]
    W3: [ 0,  2,  5,  6, 12, 13, 14, 17, 18, 21] < [ 1,  4,  7,  8, 10, 11, 15, 16, 19, 22]
    W4: [ 0,  3,  4,  6,  8, 11, 12, 14, 16] > [ 2,  9, 10, 13, 17, 19, 20, 21, 23]
    Truth table row=[=, <, <, <, >] ix=83 result=[16+] is correct

Test 17-:
    W0: [ 0,  2,  3,  4,  6, 11, 13] = [ 1,  5,  7,  8,  9, 10, 12]
    W1: [ 0,  2,  3,  4,  6, 10, 12, 14, 17, 19] < [ 1,  5,  7,  8,  9, 11, 13, 15, 16, 18]
    W2: [ 0,  2,  3,  4,  7,  8,  9, 11, 14, 18, 22] > [ 1,  6, 10, 12, 13, 15, 16, 17, 19, 20, 21]
    W3: [ 0,  2,  5,  6, 12, 13, 14, 17, 18, 21] < [ 1,  4,  7,  8, 10, 11, 15, 16, 19, 22]
    W4: [ 0,  3,  4,  6,  8, 11, 12, 14, 16] > [ 2,  9, 10, 13, 17, 19, 20, 21, 23]
    Truth table row=[=, <, >, <, >] ix=101 result=[17-] is correct

Test 17+:
    W0: [ 0,  2,  3,  4,  6, 11, 13] = [ 1,  5,  7,  8,  9, 10, 12]
    W1: [ 0,  2,  3,  4,  6, 10, 12, 14, 17, 19] > [ 1,  5,  7,  8,  9, 11, 13, 15, 16, 18]
    W2: [ 0,  2,  3,  4,  7,  8,  9, 11, 14, 18, 22] < [ 1,  6, 10, 12, 13, 15, 16, 17, 19, 20, 21]
    W3: [ 0,  2,  5,  6, 12, 13, 14, 17, 18, 21] > [ 1,  4,  7,  8, 10, 11, 15, 16, 19, 22]
    W4: [ 0,  3,  4,  6,  8, 11, 12, 14, 16] < [ 2,  9, 10, 13, 17, 19, 20, 21, 23]
    Truth table row=[=, >, <, >, <] ix=141 result=[17+] is correct

Test 18-:
    W0: [ 0,  2,  3,  4,  6, 11, 13] = [ 1,  5,  7,  8,  9, 10, 12]
    W1: [ 0,  2,  3,  4,  6, 10, 12, 14, 17, 19] > [ 1,  5,  7,  8,  9, 11, 13, 15, 16, 18]
    W2: [ 0,  2,  3,  4,  7,  8,  9, 11, 14, 18, 22] < [ 1,  6, 10, 12, 13, 15, 16, 17, 19, 20, 21]
    W3: [ 0,  2,  5,  6, 12, 13, 14, 17, 18, 21] < [ 1,  4,  7,  8, 10, 11, 15, 16, 19, 22]
    W4: [ 0,  3,  4,  6,  8, 11, 12, 14, 16] = [ 2,  9, 10, 13, 17, 19, 20, 21, 23]
    Truth table row=[=, >, <, <, =] ix=136 result=[18-] is correct

Test 18+:
    W0: [ 0,  2,  3,  4,  6, 11, 13] = [ 1,  5,  7,  8,  9, 10, 12]
    W1: [ 0,  2,  3,  4,  6, 10, 12, 14, 17, 19] < [ 1,  5,  7,  8,  9, 11, 13, 15, 16, 18]
    W2: [ 0,  2,  3,  4,  7,  8,  9, 11, 14, 18, 22] > [ 1,  6, 10, 12, 13, 15, 16, 17, 19, 20, 21]
    W3: [ 0,  2,  5,  6, 12, 13, 14, 17, 18, 21] > [ 1,  4,  7,  8, 10, 11, 15, 16, 19, 22]
    W4: [ 0,  3,  4,  6,  8, 11, 12, 14, 16] = [ 2,  9, 10, 13, 17, 19, 20, 21, 23]
    Truth table row=[=, <, >, >, =] ix=106 result=[18+] is correct

Test 19-:
    W0: [ 0,  2,  3,  4,  6, 11, 13] = [ 1,  5,  7,  8,  9, 10, 12]
    W1: [ 0,  2,  3,  4,  6, 10, 12, 14, 17, 19] < [ 1,  5,  7,  8,  9, 11, 13, 15, 16, 18]
    W2: [ 0,  2,  3,  4,  7,  8,  9, 11, 14, 18, 22] > [ 1,  6, 10, 12, 13, 15, 16, 17, 19, 20, 21]
    W3: [ 0,  2,  5,  6, 12, 13, 14, 17, 18, 21] > [ 1,  4,  7,  8, 10, 11, 15, 16, 19, 22]
    W4: [ 0,  3,  4,  6,  8, 11, 12, 14, 16] > [ 2,  9, 10, 13, 17, 19, 20, 21, 23]
    Truth table row=[=, <, >, >, >] ix=107 result=[19-] is correct

Test 19+:
    W0: [ 0,  2,  3,  4,  6, 11, 13] = [ 1,  5,  7,  8,  9, 10, 12]
    W1: [ 0,  2,  3,  4,  6, 10, 12, 14, 17, 19] > [ 1,  5,  7,  8,  9, 11, 13, 15, 16, 18]
    W2: [ 0,  2,  3,  4,  7,  8,  9, 11, 14, 18, 22] < [ 1,  6, 10, 12, 13, 15, 16, 17, 19, 20, 21]
    W3: [ 0,  2,  5,  6, 12, 13, 14, 17, 18, 21] < [ 1,  4,  7,  8, 10, 11, 15, 16, 19, 22]
    W4: [ 0,  3,  4,  6,  8, 11, 12, 14, 16] < [ 2,  9, 10, 13, 17, 19, 20, 21, 23]
    Truth table row=[=, >, <, <, <] ix=135 result=[19+] is correct

Test 20-:
    W0: [ 0,  2,  3,  4,  6, 11, 13] = [ 1,  5,  7,  8,  9, 10, 12]
    W1: [ 0,  2,  3,  4,  6, 10, 12, 14, 17, 19] = [ 1,  5,  7,  8,  9, 11, 13, 15, 16, 18]
    W2: [ 0,  2,  3,  4,  7,  8,  9, 11, 14, 18, 22] > [ 1,  6, 10, 12, 13, 15, 16, 17, 19, 20, 21]
    W3: [ 0,  2,  5,  6, 12, 13, 14, 17, 18, 21] = [ 1,  4,  7,  8, 10, 11, 15, 16, 19, 22]
    W4: [ 0,  3,  4,  6,  8, 11, 12, 14, 16] > [ 2,  9, 10, 13, 17, 19, 20, 21, 23]
    Truth table row=[=, =, >, =, >] ix=131 result=[20-] is correct

Test 20+:
    W0: [ 0,  2,  3,  4,  6, 11, 13] = [ 1,  5,  7,  8,  9, 10, 12]
    W1: [ 0,  2,  3,  4,  6, 10, 12, 14, 17, 19] = [ 1,  5,  7,  8,  9, 11, 13, 15, 16, 18]
    W2: [ 0,  2,  3,  4,  7,  8,  9, 11, 14, 18, 22] < [ 1,  6, 10, 12, 13, 15, 16, 17, 19, 20, 21]
    W3: [ 0,  2,  5,  6, 12, 13, 14, 17, 18, 21] = [ 1,  4,  7,  8, 10, 11, 15, 16, 19, 22]
    W4: [ 0,  3,  4,  6,  8, 11, 12, 14, 16] < [ 2,  9, 10, 13, 17, 19, 20, 21, 23]
    Truth table row=[=, =, <, =, <] ix=111 result=[20+] is correct

Test 21-:
    W0: [ 0,  2,  3,  4,  6, 11, 13] = [ 1,  5,  7,  8,  9, 10, 12]
    W1: [ 0,  2,  3,  4,  6, 10, 12, 14, 17, 19] = [ 1,  5,  7,  8,  9, 11, 13, 15, 16, 18]
    W2: [ 0,  2,  3,  4,  7,  8,  9, 11, 14, 18, 22] > [ 1,  6, 10, 12, 13, 15, 16, 17, 19, 20, 21]
    W3: [ 0,  2,  5,  6, 12, 13, 14, 17, 18, 21] < [ 1,  4,  7,  8, 10, 11, 15, 16, 19, 22]
    W4: [ 0,  3,  4,  6,  8, 11, 12, 14, 16] > [ 2,  9, 10, 13, 17, 19, 20, 21, 23]
    Truth table row=[=, =, >, <, >] ix=128 result=[21-] is correct

Test 21+:
    W0: [ 0,  2,  3,  4,  6, 11, 13] = [ 1,  5,  7,  8,  9, 10, 12]
    W1: [ 0,  2,  3,  4,  6, 10, 12, 14, 17, 19] = [ 1,  5,  7,  8,  9, 11, 13, 15, 16, 18]
    W2: [ 0,  2,  3,  4,  7,  8,  9, 11, 14, 18, 22] < [ 1,  6, 10, 12, 13, 15, 16, 17, 19, 20, 21]
    W3: [ 0,  2,  5,  6, 12, 13, 14, 17, 18, 21] > [ 1,  4,  7,  8, 10, 11, 15, 16, 19, 22]
    W4: [ 0,  3,  4,  6,  8, 11, 12, 14, 16] < [ 2,  9, 10, 13, 17, 19, 20, 21, 23]
    Truth table row=[=, =, <, >, <] ix=114 result=[21+] is correct

Test 22-:
    W0: [ 0,  2,  3,  4,  6, 11, 13] = [ 1,  5,  7,  8,  9, 10, 12]
    W1: [ 0,  2,  3,  4,  6, 10, 12, 14, 17, 19] = [ 1,  5,  7,  8,  9, 11, 13, 15, 16, 18]
    W2: [ 0,  2,  3,  4,  7,  8,  9, 11, 14, 18, 22] < [ 1,  6, 10, 12, 13, 15, 16, 17, 19, 20, 21]
    W3: [ 0,  2,  5,  6, 12, 13, 14, 17, 18, 21] > [ 1,  4,  7,  8, 10, 11, 15, 16, 19, 22]
    W4: [ 0,  3,  4,  6,  8, 11, 12, 14, 16] = [ 2,  9, 10, 13, 17, 19, 20, 21, 23]
    Truth table row=[=, =, <, >, =] ix=115 result=[22-] is correct

Test 22+:
    W0: [ 0,  2,  3,  4,  6, 11, 13] = [ 1,  5,  7,  8,  9, 10, 12]
    W1: [ 0,  2,  3,  4,  6, 10, 12, 14, 17, 19] = [ 1,  5,  7,  8,  9, 11, 13, 15, 16, 18]
    W2: [ 0,  2,  3,  4,  7,  8,  9, 11, 14, 18, 22] > [ 1,  6, 10, 12, 13, 15, 16, 17, 19, 20, 21]
    W3: [ 0,  2,  5,  6, 12, 13, 14, 17, 18, 21] < [ 1,  4,  7,  8, 10, 11, 15, 16, 19, 22]
    W4: [ 0,  3,  4,  6,  8, 11, 12, 14, 16] = [ 2,  9, 10, 13, 17, 19, 20, 21, 23]
    Truth table row=[=, =, >, <, =] ix=127 result=[22+] is correct

Test 23-:
    W0: [ 0,  2,  3,  4,  6, 11, 13] = [ 1,  5,  7,  8,  9, 10, 12]
    W1: [ 0,  2,  3,  4,  6, 10, 12, 14, 17, 19] = [ 1,  5,  7,  8,  9, 11, 13, 15, 16, 18]
    W2: [ 0,  2,  3,  4,  7,  8,  9, 11, 14, 18, 22] = [ 1,  6, 10, 12, 13, 15, 16, 17, 19, 20, 21]
    W3: [ 0,  2,  5,  6, 12, 13, 14, 17, 18, 21] = [ 1,  4,  7,  8, 10, 11, 15, 16, 19, 22]
    W4: [ 0,  3,  4,  6,  8, 11, 12, 14, 16] > [ 2,  9, 10, 13, 17, 19, 20, 21, 23]
    Truth table row=[=, =, =, =, >] ix=122 result=[23-] is correct

Test 23+:
    W0: [ 0,  2,  3,  4,  6, 11, 13] = [ 1,  5,  7,  8,  9, 10, 12]
    W1: [ 0,  2,  3,  4,  6, 10, 12, 14, 17, 19] = [ 1,  5,  7,  8,  9, 11, 13, 15, 16, 18]
    W2: [ 0,  2,  3,  4,  7,  8,  9, 11, 14, 18, 22] = [ 1,  6, 10, 12, 13, 15, 16, 17, 19, 20, 21]
    W3: [ 0,  2,  5,  6, 12, 13, 14, 17, 18, 21] = [ 1,  4,  7,  8, 10, 11, 15, 16, 19, 22]
    W4: [ 0,  3,  4,  6,  8, 11, 12, 14, 16] < [ 2,  9, 10, 13, 17, 19, 20, 21, 23]
    Truth table row=[=, =, =, =, <] ix=120 result=[23+] is correct

Total correct results: 48
Total incorrect results: 0
