Solving for 23 balls and 5 weighings.
Using symmetry breaking strategy TruthTableAscending.

Solution:
W0: [ 0,  2,  4,  5,  8, 11, 13, 16, 17] <=> [ 1,  3,  6,  7,  9, 10, 12, 14, 15]
W1: [ 0,  2, 10, 12, 14, 15] <=> [ 1, 11, 13, 16, 17, 18]
W2: [ 0,  2,  6,  7,  9, 11, 14, 15, 18, 20, 21] <=> [ 1,  4,  5,  8, 10, 12, 13, 16, 17, 19, 22]
W3: [ 0,  4,  9, 12, 13, 22] <=> [ 3,  8, 16, 17, 18, 21]
W4: [ 5,  7,  8, 13, 15, 22] <=> [ 0,  1, 10, 12, 17, 20]

Truth Table:
ix  W0  W1  W2  W3  W4   Result
 0   <   <   <   <   <
 1   <   <   <   <   =
 2   <   <   <   <   >   0-
 3   <   <   <   =   <   1+
 4   <   <   <   =   =   2-
 5   <   <   <   =   >
 6   <   <   <   >   <
 7   <   <   <   >   =
 8   <   <   <   >   >
 9   <   <   =   <   <
10   <   <   =   <   =
11   <   <   =   <   >
12   <   <   =   =   <
13   <   <   =   =   =
14   <   <   =   =   >
15   <   <   =   >   <
16   <   <   =   >   =
17   <   <   =   >   >
18   <   <   >   <   <
19   <   <   >   <   =
20   <   <   >   <   >
21   <   <   >   =   <
22   <   <   >   =   =
23   <   <   >   =   >
24   <   <   >   >   <
25   <   <   >   >   =
26   <   <   >   >   >
27   <   =   <   <   <
28   <   =   <   <   =
29   <   =   <   <   >
30   <   =   <   =   <
31   <   =   <   =   =
32   <   =   <   =   >
33   <   =   <   >   <
34   <   =   <   >   =
35   <   =   <   >   >
36   <   =   =   <   <
37   <   =   =   <   =   3+
38   <   =   =   <   >
39   <   =   =   =   <
40   <   =   =   =   =
41   <   =   =   =   >
42   <   =   =   >   <
43   <   =   =   >   =
44   <   =   =   >   >
45   <   =   >   <   <
46   <   =   >   <   =   4-
47   <   =   >   <   >
48   <   =   >   =   <   5-
49   <   =   >   =   =   6+
50   <   =   >   =   >   7+
51   <   =   >   >   <   8-
52   <   =   >   >   =   9+
53   <   =   >   >   >
54   <   >   <   <   <
55   <   >   <   <   =
56   <   >   <   <   >
57   <   >   <   =   <   10+
58   <   >   <   =   =   11-
59   <   >   <   =   >
60   <   >   <   >   <   12+
61   <   >   <   >   =
62   <   >   <   >   >
63   <   >   =   <   <
64   <   >   =   <   =
65   <   >   =   <   >
66   <   >   =   =   <
67   <   >   =   =   =
68   <   >   =   =   >
69   <   >   =   >   <
70   <   >   =   >   =
71   <   >   =   >   >
72   <   >   >   <   <   13-
73   <   >   >   <   =
74   <   >   >   <   >
75   <   >   >   =   <
76   <   >   >   =   =   14+
77   <   >   >   =   >   15+
78   <   >   >   >   <
79   <   >   >   >   =   16-
80   <   >   >   >   >   17-
81   =   <   <   <   <
82   =   <   <   <   =
83   =   <   <   <   >
84   =   <   <   =   <
85   =   <   <   =   =
86   =   <   <   =   >
87   =   <   <   >   <
88   =   <   <   >   =
89   =   <   <   >   >
90   =   <   =   <   <
91   =   <   =   <   =
92   =   <   =   <   >
93   =   <   =   =   <
94   =   <   =   =   =
95   =   <   =   =   >
96   =   <   =   >   <
97   =   <   =   >   =
98   =   <   =   >   >
99   =   <   >   <   <
100   =   <   >   <   =   18+
101   =   <   >   <   >
102   =   <   >   =   <
103   =   <   >   =   =
104   =   <   >   =   >
105   =   <   >   >   <
106   =   <   >   >   =
107   =   <   >   >   >
108   =   =   <   <   <
109   =   =   <   <   =
110   =   =   <   <   >
111   =   =   <   =   <
112   =   =   <   =   =   19+
113   =   =   <   =   >   20-
114   =   =   <   >   <
115   =   =   <   >   =   21-
116   =   =   <   >   >   22+
117   =   =   =   <   <
118   =   =   =   <   =
119   =   =   =   <   >
120   =   =   =   =   <
121   =   =   =   =   =
122   =   =   =   =   >
123   =   =   =   >   <
124   =   =   =   >   =
125   =   =   =   >   >
126   =   =   >   <   <   22-
127   =   =   >   <   =   21+
128   =   =   >   <   >
129   =   =   >   =   <   20+
130   =   =   >   =   =   19-
131   =   =   >   =   >
132   =   =   >   >   <
133   =   =   >   >   =
134   =   =   >   >   >
135   =   >   <   <   <
136   =   >   <   <   =
137   =   >   <   <   >
138   =   >   <   =   <
139   =   >   <   =   =
140   =   >   <   =   >
141   =   >   <   >   <
142   =   >   <   >   =   18-
143   =   >   <   >   >
144   =   >   =   <   <
145   =   >   =   <   =
146   =   >   =   <   >
147   =   >   =   =   <
148   =   >   =   =   =
149   =   >   =   =   >
150   =   >   =   >   <
151   =   >   =   >   =
152   =   >   =   >   >
153   =   >   >   <   <
154   =   >   >   <   =
155   =   >   >   <   >
156   =   >   >   =   <
157   =   >   >   =   =
158   =   >   >   =   >
159   =   >   >   >   <
160   =   >   >   >   =
161   =   >   >   >   >
162   >   <   <   <   <   17+
163   >   <   <   <   =   16+
164   >   <   <   <   >
165   >   <   <   =   <   15-
166   >   <   <   =   =   14-
167   >   <   <   =   >
168   >   <   <   >   <
169   >   <   <   >   =
170   >   <   <   >   >   13+
171   >   <   =   <   <
172   >   <   =   <   =
173   >   <   =   <   >
174   >   <   =   =   <
175   >   <   =   =   =
176   >   <   =   =   >
177   >   <   =   >   <
178   >   <   =   >   =
179   >   <   =   >   >
180   >   <   >   <   <
181   >   <   >   <   =
182   >   <   >   <   >   12-
183   >   <   >   =   <
184   >   <   >   =   =   11+
185   >   <   >   =   >   10-
186   >   <   >   >   <
187   >   <   >   >   =
188   >   <   >   >   >
189   >   =   <   <   <
190   >   =   <   <   =   9-
191   >   =   <   <   >   8+
192   >   =   <   =   <   7-
193   >   =   <   =   =   6-
194   >   =   <   =   >   5+
195   >   =   <   >   <
196   >   =   <   >   =   4+
197   >   =   <   >   >
198   >   =   =   <   <
199   >   =   =   <   =
200   >   =   =   <   >
201   >   =   =   =   <
202   >   =   =   =   =
203   >   =   =   =   >
204   >   =   =   >   <
205   >   =   =   >   =   3-
206   >   =   =   >   >
207   >   =   >   <   <
208   >   =   >   <   =
209   >   =   >   <   >
210   >   =   >   =   <
211   >   =   >   =   =
212   >   =   >   =   >
213   >   =   >   >   <
214   >   =   >   >   =
215   >   =   >   >   >
216   >   >   <   <   <
217   >   >   <   <   =
218   >   >   <   <   >
219   >   >   <   =   <
220   >   >   <   =   =
221   >   >   <   =   >
222   >   >   <   >   <
223   >   >   <   >   =
224   >   >   <   >   >
225   >   >   =   <   <
226   >   >   =   <   =
227   >   >   =   <   >
228   >   >   =   =   <
229   >   >   =   =   =
230   >   >   =   =   >
231   >   >   =   >   <
232   >   >   =   >   =
233   >   >   =   >   >
234   >   >   >   <   <
235   >   >   >   <   =
236   >   >   >   <   >
237   >   >   >   =   <
238   >   >   >   =   =   2+
239   >   >   >   =   >   1-
240   >   >   >   >   <   0+
241   >   >   >   >   =
242   >   >   >   >   >

Test 0-:
    W0: [ 0,  2,  4,  5,  8, 11, 13, 16, 17] < [ 1,  3,  6,  7,  9, 10, 12, 14, 15]
    W1: [ 0,  2, 10, 12, 14, 15] < [ 1, 11, 13, 16, 17, 18]
    W2: [ 0,  2,  6,  7,  9, 11, 14, 15, 18, 20, 21] < [ 1,  4,  5,  8, 10, 12, 13, 16, 17, 19, 22]
    W3: [ 0,  4,  9, 12, 13, 22] < [ 3,  8, 16, 17, 18, 21]
    W4: [ 5,  7,  8, 13, 15, 22] > [ 0,  1, 10, 12, 17, 20]
    Truth table row=[<, <, <, <, >] ix=2 result=[0-] is correct

Test 0+:
    W0: [ 0,  2,  4,  5,  8, 11, 13, 16, 17] > [ 1,  3,  6,  7,  9, 10, 12, 14, 15]
    W1: [ 0,  2, 10, 12, 14, 15] > [ 1, 11, 13, 16, 17, 18]
    W2: [ 0,  2,  6,  7,  9, 11, 14, 15, 18, 20, 21] > [ 1,  4,  5,  8, 10, 12, 13, 16, 17, 19, 22]
    W3: [ 0,  4,  9, 12, 13, 22] > [ 3,  8, 16, 17, 18, 21]
    W4: [ 5,  7,  8, 13, 15, 22] < [ 0,  1, 10, 12, 17, 20]
    Truth table row=[>, >, >, >, <] ix=240 result=[0+] is correct

Test 1-:
    W0: [ 0,  2,  4,  5,  8, 11, 13, 16, 17] > [ 1,  3,  6,  7,  9, 10, 12, 14, 15]
    W1: [ 0,  2, 10, 12, 14, 15] > [ 1, 11, 13, 16, 17, 18]
    W2: [ 0,  2,  6,  7,  9, 11, 14, 15, 18, 20, 21] > [ 1,  4,  5,  8, 10, 12, 13, 16, 17, 19, 22]
    W3: [ 0,  4,  9, 12, 13, 22] = [ 3,  8, 16, 17, 18, 21]
    W4: [ 5,  7,  8, 13, 15, 22] > [ 0,  1, 10, 12, 17, 20]
    Truth table row=[>, >, >, =, >] ix=239 result=[1-] is correct

Test 1+:
    W0: [ 0,  2,  4,  5,  8, 11, 13, 16, 17] < [ 1,  3,  6,  7,  9, 10, 12, 14, 15]
    W1: [ 0,  2, 10, 12, 14, 15] < [ 1, 11, 13, 16, 17, 18]
    W2: [ 0,  2,  6,  7,  9, 11, 14, 15, 18, 20, 21] < [ 1,  4,  5,  8, 10, 12, 13, 16, 17, 19, 22]
    W3: [ 0,  4,  9, 12, 13, 22] = [ 3,  8, 16, 17, 18, 21]
    W4: [ 5,  7,  8, 13, 15, 22] < [ 0,  1, 10, 12, 17, 20]
    Truth table row=[<, <, <, =, <] ix=3 result=[1+] is correct

Test 2-:
    W0: [ 0,  2,  4,  5,  8, 11, 13, 16, 17] < [ 1,  3,  6,  7,  9, 10, 12, 14, 15]
    W1: [ 0,  2, 10, 12, 14, 15] < [ 1, 11, 13, 16, 17, 18]
    W2: [ 0,  2,  6,  7,  9, 11, 14, 15, 18, 20, 21] < [ 1,  4,  5,  8, 10, 12, 13, 16, 17, 19, 22]
    W3: [ 0,  4,  9, 12, 13, 22] = [ 3,  8, 16, 17, 18, 21]
    W4: [ 5,  7,  8, 13, 15, 22] = [ 0,  1, 10, 12, 17, 20]
    Truth table row=[<, <, <, =, =] ix=4 result=[2-] is correct

Test 2+:
    W0: [ 0,  2,  4,  5,  8, 11, 13, 16, 17] > [ 1,  3,  6,  7,  9, 10, 12, 14, 15]
    W1: [ 0,  2, 10, 12, 14, 15] > [ 1, 11, 13, 16, 17, 18]
    W2: [ 0,  2,  6,  7,  9, 11, 14, 15, 18, 20, 21] > [ 1,  4,  5,  8, 10, 12, 13, 16, 17, 19, 22]
    W3: [ 0,  4,  9, 12, 13, 22] = [ 3,  8, 16, 17, 18, 21]
    W4: [ 5,  7,  8, 13, 15, 22] = [ 0,  1, 10, 12, 17, 20]
    Truth table row=[>, >, >, =, =] ix=238 result=[2+] is correct

Test 3-:
    W0: [ 0,  2,  4,  5,  8, 11, 13, 16, 17] > [ 1,  3,  6,  7,  9, 10, 12, 14, 15]
    W1: [ 0,  2, 10, 12, 14, 15] = [ 1, 11, 13, 16, 17, 18]
    W2: [ 0,  2,  6,  7,  9, 11, 14, 15, 18, 20, 21] = [ 1,  4,  5,  8, 10, 12, 13, 16, 17, 19, 22]
    W3: [ 0,  4,  9, 12, 13, 22] > [ 3,  8, 16, 17, 18, 21]
    W4: [ 5,  7,  8, 13, 15, 22] = [ 0,  1, 10, 12, 17, 20]
    Truth table row=[>, =, =, >, =] ix=205 result=[3-] is correct

Test 3+:
    W0: [ 0,  2,  4,  5,  8, 11, 13, 16, 17] < [ 1,  3,  6,  7,  9, 10, 12, 14, 15]
    W1: [ 0,  2, 10, 12, 14, 15] = [ 1, 11, 13, 16, 17, 18]
    W2: [ 0,  2,  6,  7,  9, 11, 14, 15, 18, 20, 21] = [ 1,  4,  5,  8, 10, 12, 13, 16, 17, 19, 22]
    W3: [ 0,  4,  9, 12, 13, 22] < [ 3,  8, 16, 17, 18, 21]
    W4: [ 5,  7,  8, 13, 15, 22] = [ 0,  1, 10, 12, 17, 20]
    Truth table row=[<, =, =, <, =] ix=37 result=[3+] is correct

Test 4-:
    W0: [ 0,  2,  4,  5,  8, 11, 13, 16, 17] < [ 1,  3,  6,  7,  9, 10, 12, 14, 15]
    W1: [ 0,  2, 10, 12, 14, 15] = [ 1, 11, 13, 16, 17, 18]
    W2: [ 0,  2,  6,  7,  9, 11, 14, 15, 18, 20, 21] > [ 1,  4,  5,  8, 10, 12, 13, 16, 17, 19, 22]
    W3: [ 0,  4,  9, 12, 13, 22] < [ 3,  8, 16, 17, 18, 21]
    W4: [ 5,  7,  8, 13, 15, 22] = [ 0,  1, 10, 12, 17, 20]
    Truth table row=[<, =, >, <, =] ix=46 result=[4-] is correct

Test 4+:
    W0: [ 0,  2,  4,  5,  8, 11, 13, 16, 17] > [ 1,  3,  6,  7,  9, 10, 12, 14, 15]
    W1: [ 0,  2, 10, 12, 14, 15] = [ 1, 11, 13, 16, 17, 18]
    W2: [ 0,  2,  6,  7,  9, 11, 14, 15, 18, 20, 21] < [ 1,  4,  5,  8, 10, 12, 13, 16, 17, 19, 22]
    W3: [ 0,  4,  9, 12, 13, 22] > [ 3,  8, 16, 17, 18, 21]
    W4: [ 5,  7,  8, 13, 15, 22] = [ 0,  1, 10, 12, 17, 20]
    Truth table row=[>, =, <, >, =] ix=196 result=[4+] is correct

Test 5-:
    W0: [ 0,  2,  4,  5,  8, 11, 13, 16, 17] < [ 1,  3,  6,  7,  9, 10, 12, 14, 15]
    W1: [ 0,  2, 10, 12, 14, 15] = [ 1, 11, 13, 16, 17, 18]
    W2: [ 0,  2,  6,  7,  9, 11, 14, 15, 18, 20, 21] > [ 1,  4,  5,  8, 10, 12, 13, 16, 17, 19, 22]
    W3: [ 0,  4,  9, 12, 13, 22] = [ 3,  8, 16, 17, 18, 21]
    W4: [ 5,  7,  8, 13, 15, 22] < [ 0,  1, 10, 12, 17, 20]
    Truth table row=[<, =, >, =, <] ix=48 result=[5-] is correct

Test 5+:
    W0: [ 0,  2,  4,  5,  8, 11, 13, 16, 17] > [ 1,  3,  6,  7,  9, 10, 12, 14, 15]
    W1: [ 0,  2, 10, 12, 14, 15] = [ 1, 11, 13, 16, 17, 18]
    W2: [ 0,  2,  6,  7,  9, 11, 14, 15, 18, 20, 21] < [ 1,  4,  5,  8, 10, 12, 13, 16, 17, 19, 22]
    W3: [ 0,  4,  9, 12, 13, 22] = [ 3,  8, 16, 17, 18, 21]
    W4: [ 5,  7,  8, 13, 15, 22] > [ 0,  1, 10, 12, 17, 20]
    Truth table row=[>, =, <, =, >] ix=194 result=[5+] is correct

Test 6-:
    W0: [ 0,  2,  4,  5,  8, 11, 13, 16, 17] > [ 1,  3,  6,  7,  9, 10, 12, 14, 15]
    W1: [ 0,  2, 10, 12, 14, 15] = [ 1, 11, 13, 16, 17, 18]
    W2: [ 0,  2,  6,  7,  9, 11, 14, 15, 18, 20, 21] < [ 1,  4,  5,  8, 10, 12, 13, 16, 17, 19, 22]
    W3: [ 0,  4,  9, 12, 13, 22] = [ 3,  8, 16, 17, 18, 21]
    W4: [ 5,  7,  8, 13, 15, 22] = [ 0,  1, 10, 12, 17, 20]
    Truth table row=[>, =, <, =, =] ix=193 result=[6-] is correct

Test 6+:
    W0: [ 0,  2,  4,  5,  8, 11, 13, 16, 17] < [ 1,  3,  6,  7,  9, 10, 12, 14, 15]
    W1: [ 0,  2, 10, 12, 14, 15] = [ 1, 11, 13, 16, 17, 18]
    W2: [ 0,  2,  6,  7,  9, 11, 14, 15, 18, 20, 21] > [ 1,  4,  5,  8, 10, 12, 13, 16, 17, 19, 22]
    W3: [ 0,  4,  9, 12, 13, 22] = [ 3,  8, 16, 17, 18, 21]
    W4: [ 5,  7,  8, 13, 15, 22] = [ 0,  1, 10, 12, 17, 20]
    Truth table row=[<, =, >, =, =] ix=49 result=[6+] is correct

Test 7-:
    W0: [ 0,  2,  4,  5,  8, 11, 13, 16, 17] > [ 1,  3,  6,  7,  9, 10, 12, 14, 15]
    W1: [ 0,  2, 10, 12, 14, 15] = [ 1, 11, 13, 16, 17, 18]
    W2: [ 0,  2,  6,  7,  9, 11, 14, 15, 18, 20, 21] < [ 1,  4,  5,  8, 10, 12, 13, 16, 17, 19, 22]
    W3: [ 0,  4,  9, 12, 13, 22] = [ 3,  8, 16, 17, 18, 21]
    W4: [ 5,  7,  8, 13, 15, 22] < [ 0,  1, 10, 12, 17, 20]
    Truth table row=[>, =, <, =, <] ix=192 result=[7-] is correct

Test 7+:
    W0: [ 0,  2,  4,  5,  8, 11, 13, 16, 17] < [ 1,  3,  6,  7,  9, 10, 12, 14, 15]
    W1: [ 0,  2, 10, 12, 14, 15] = [ 1, 11, 13, 16, 17, 18]
    W2: [ 0,  2,  6,  7,  9, 11, 14, 15, 18, 20, 21] > [ 1,  4,  5,  8, 10, 12, 13, 16, 17, 19, 22]
    W3: [ 0,  4,  9, 12, 13, 22] = [ 3,  8, 16, 17, 18, 21]
    W4: [ 5,  7,  8, 13, 15, 22] > [ 0,  1, 10, 12, 17, 20]
    Truth table row=[<, =, >, =, >] ix=50 result=[7+] is correct

Test 8-:
    W0: [ 0,  2,  4,  5,  8, 11, 13, 16, 17] < [ 1,  3,  6,  7,  9, 10, 12, 14, 15]
    W1: [ 0,  2, 10, 12, 14, 15] = [ 1, 11, 13, 16, 17, 18]
    W2: [ 0,  2,  6,  7,  9, 11, 14, 15, 18, 20, 21] > [ 1,  4,  5,  8, 10, 12, 13, 16, 17, 19, 22]
    W3: [ 0,  4,  9, 12, 13, 22] > [ 3,  8, 16, 17, 18, 21]
    W4: [ 5,  7,  8, 13, 15, 22] < [ 0,  1, 10, 12, 17, 20]
    Truth table row=[<, =, >, >, <] ix=51 result=[8-] is correct

Test 8+:
    W0: [ 0,  2,  4,  5,  8, 11, 13, 16, 17] > [ 1,  3,  6,  7,  9, 10, 12, 14, 15]
    W1: [ 0,  2, 10, 12, 14, 15] = [ 1, 11, 13, 16, 17, 18]
    W2: [ 0,  2,  6,  7,  9, 11, 14, 15, 18, 20, 21] < [ 1,  4,  5,  8, 10, 12, 13, 16, 17, 19, 22]
    W3: [ 0,  4,  9, 12, 13, 22] < [ 3,  8, 16, 17, 18, 21]
    W4: [ 5,  7,  8, 13, 15, 22] > [ 0,  1, 10, 12, 17, 20]
    Truth table row=[>, =, <, <, >] ix=191 result=[8+] is correct

Test 9-:
    W0: [ 0,  2,  4,  5,  8, 11, 13, 16, 17] > [ 1,  3,  6,  7,  9, 10, 12, 14, 15]
    W1: [ 0,  2, 10, 12, 14, 15] = [ 1, 11, 13, 16, 17, 18]
    W2: [ 0,  2,  6,  7,  9, 11, 14, 15, 18, 20, 21] < [ 1,  4,  5,  8, 10, 12, 13, 16, 17, 19, 22]
    W3: [ 0,  4,  9, 12, 13, 22] < [ 3,  8, 16, 17, 18, 21]
    W4: [ 5,  7,  8, 13, 15, 22] = [ 0,  1, 10, 12, 17, 20]
    Truth table row=[>, =, <, <, =] ix=190 result=[9-] is correct

Test 9+:
    W0: [ 0,  2,  4,  5,  8, 11, 13, 16, 17] < [ 1,  3,  6,  7,  9, 10, 12, 14, 15]
    W1: [ 0,  2, 10, 12, 14, 15] = [ 1, 11, 13, 16, 17, 18]
    W2: [ 0,  2,  6,  7,  9, 11, 14, 15, 18, 20, 21] > [ 1,  4,  5,  8, 10, 12, 13, 16, 17, 19, 22]
    W3: [ 0,  4,  9, 12, 13, 22] > [ 3,  8, 16, 17, 18, 21]
    W4: [ 5,  7,  8, 13, 15, 22] = [ 0,  1, 10, 12, 17, 20]
    Truth table row=[<, =, >, >, =] ix=52 result=[9+] is correct

Test 10-:
    W0: [ 0,  2,  4,  5,  8, 11, 13, 16, 17] > [ 1,  3,  6,  7,  9, 10, 12, 14, 15]
    W1: [ 0,  2, 10, 12, 14, 15] < [ 1, 11, 13, 16, 17, 18]
    W2: [ 0,  2,  6,  7,  9, 11, 14, 15, 18, 20, 21] > [ 1,  4,  5,  8, 10, 12, 13, 16, 17, 19, 22]
    W3: [ 0,  4,  9, 12, 13, 22] = [ 3,  8, 16, 17, 18, 21]
    W4: [ 5,  7,  8, 13, 15, 22] > [ 0,  1, 10, 12, 17, 20]
    Truth table row=[>, <, >, =, >] ix=185 result=[10-] is correct

Test 10+:
    W0: [ 0,  2,  4,  5,  8, 11, 13, 16, 17] < [ 1,  3,  6,  7,  9, 10, 12, 14, 15]
    W1: [ 0,  2, 10, 12, 14, 15] > [ 1, 11, 13, 16, 17, 18]
    W2: [ 0,  2,  6,  7,  9, 11, 14, 15, 18, 20, 21] < [ 1,  4,  5,  8, 10, 12, 13, 16, 17, 19, 22]
    W3: [ 0,  4,  9, 12, 13, 22] = [ 3,  8, 16, 17, 18, 21]
    W4: [ 5,  7,  8, 13, 15, 22] < [ 0,  1, 10, 12, 17, 20]
    Truth table row=[<, >, <, =, <] ix=57 result=[10+] is correct

Test 11-:
    W0: [ 0,  2,  4,  5,  8, 11, 13, 16, 17] < [ 1,  3,  6,  7,  9, 10, 12, 14, 15]
    W1: [ 0,  2, 10, 12, 14, 15] > [ 1, 11, 13, 16, 17, 18]
    W2: [ 0,  2,  6,  7,  9, 11, 14, 15, 18, 20, 21] < [ 1,  4,  5,  8, 10, 12, 13, 16, 17, 19, 22]
    W3: [ 0,  4,  9, 12, 13, 22] = [ 3,  8, 16, 17, 18, 21]
    W4: [ 5,  7,  8, 13, 15, 22] = [ 0,  1, 10, 12, 17, 20]
    Truth table row=[<, >, <, =, =] ix=58 result=[11-] is correct

Test 11+:
    W0: [ 0,  2,  4,  5,  8, 11, 13, 16, 17] > [ 1,  3,  6,  7,  9, 10, 12, 14, 15]
    W1: [ 0,  2, 10, 12, 14, 15] < [ 1, 11, 13, 16, 17, 18]
    W2: [ 0,  2,  6,  7,  9, 11, 14, 15, 18, 20, 21] > [ 1,  4,  5,  8, 10, 12, 13, 16, 17, 19, 22]
    W3: [ 0,  4,  9, 12, 13, 22] = [ 3,  8, 16, 17, 18, 21]
    W4: [ 5,  7,  8, 13, 15, 22] = [ 0,  1, 10, 12, 17, 20]
    Truth table row=[>, <, >, =, =] ix=184 result=[11+] is correct

Test 12-:
    W0: [ 0,  2,  4,  5,  8, 11, 13, 16, 17] > [ 1,  3,  6,  7,  9, 10, 12, 14, 15]
    W1: [ 0,  2, 10, 12, 14, 15] < [ 1, 11, 13, 16, 17, 18]
    W2: [ 0,  2,  6,  7,  9, 11, 14, 15, 18, 20, 21] > [ 1,  4,  5,  8, 10, 12, 13, 16, 17, 19, 22]
    W3: [ 0,  4,  9, 12, 13, 22] < [ 3,  8, 16, 17, 18, 21]
    W4: [ 5,  7,  8, 13, 15, 22] > [ 0,  1, 10, 12, 17, 20]
    Truth table row=[>, <, >, <, >] ix=182 result=[12-] is correct

Test 12+:
    W0: [ 0,  2,  4,  5,  8, 11, 13, 16, 17] < [ 1,  3,  6,  7,  9, 10, 12, 14, 15]
    W1: [ 0,  2, 10, 12, 14, 15] > [ 1, 11, 13, 16, 17, 18]
    W2: [ 0,  2,  6,  7,  9, 11, 14, 15, 18, 20, 21] < [ 1,  4,  5,  8, 10, 12, 13, 16, 17, 19, 22]
    W3: [ 0,  4,  9, 12, 13, 22] > [ 3,  8, 16, 17, 18, 21]
    W4: [ 5,  7,  8, 13, 15, 22] < [ 0,  1, 10, 12, 17, 20]
    Truth table row=[<, >, <, >, <] ix=60 result=[12+] is correct

Test 13-:
    W0: [ 0,  2,  4,  5,  8, 11, 13, 16, 17] < [ 1,  3,  6,  7,  9, 10, 12, 14, 15]
    W1: [ 0,  2, 10, 12, 14, 15] > [ 1, 11, 13, 16, 17, 18]
    W2: [ 0,  2,  6,  7,  9, 11, 14, 15, 18, 20, 21] > [ 1,  4,  5,  8, 10, 12, 13, 16, 17, 19, 22]
    W3: [ 0,  4,  9, 12, 13, 22] < [ 3,  8, 16, 17, 18, 21]
    W4: [ 5,  7,  8, 13, 15, 22] < [ 0,  1, 10, 12, 17, 20]
    Truth table row=[<, >, >, <, <] ix=72 result=[13-] is correct

Test 13+:
    W0: [ 0,  2,  4,  5,  8, 11, 13, 16, 17] > [ 1,  3,  6,  7,  9, 10, 12, 14, 15]
    W1: [ 0,  2, 10, 12, 14, 15] < [ 1, 11, 13, 16, 17, 18]
    W2: [ 0,  2,  6,  7,  9, 11, 14, 15, 18, 20, 21] < [ 1,  4,  5,  8, 10, 12, 13, 16, 17, 19, 22]
    W3: [ 0,  4,  9, 12, 13, 22] > [ 3,  8, 16, 17, 18, 21]
    W4: [ 5,  7,  8, 13, 15, 22] > [ 0,  1, 10, 12, 17, 20]
    Truth table row=[>, <, <, >, >] ix=170 result=[13+] is correct

Test 14-:
    W0: [ 0,  2,  4,  5,  8, 11, 13, 16, 17] > [ 1,  3,  6,  7,  9, 10, 12, 14, 15]
    W1: [ 0,  2, 10, 12, 14, 15] < [ 1, 11, 13, 16, 17, 18]
    W2: [ 0,  2,  6,  7,  9, 11, 14, 15, 18, 20, 21] < [ 1,  4,  5,  8, 10, 12, 13, 16, 17, 19, 22]
    W3: [ 0,  4,  9, 12, 13, 22] = [ 3,  8, 16, 17, 18, 21]
    W4: [ 5,  7,  8, 13, 15, 22] = [ 0,  1, 10, 12, 17, 20]
    Truth table row=[>, <, <, =, =] ix=166 result=[14-] is correct

Test 14+:
    W0: [ 0,  2,  4,  5,  8, 11, 13, 16, 17] < [ 1,  3,  6,  7,  9, 10, 12, 14, 15]
    W1: [ 0,  2, 10, 12, 14, 15] > [ 1, 11, 13, 16, 17, 18]
    W2: [ 0,  2,  6,  7,  9, 11, 14, 15, 18, 20, 21] > [ 1,  4,  5,  8, 10, 12, 13, 16, 17, 19, 22]
    W3: [ 0,  4,  9, 12, 13, 22] = [ 3,  8, 16, 17, 18, 21]
    W4: [ 5,  7,  8, 13, 15, 22] = [ 0,  1, 10, 12, 17, 20]
    Truth table row=[<, >, >, =, =] ix=76 result=[14+] is correct

Test 15-:
    W0: [ 0,  2,  4,  5,  8, 11, 13, 16, 17] > [ 1,  3,  6,  7,  9, 10, 12, 14, 15]
    W1: [ 0,  2, 10, 12, 14, 15] < [ 1, 11, 13, 16, 17, 18]
    W2: [ 0,  2,  6,  7,  9, 11, 14, 15, 18, 20, 21] < [ 1,  4,  5,  8, 10, 12, 13, 16, 17, 19, 22]
    W3: [ 0,  4,  9, 12, 13, 22] = [ 3,  8, 16, 17, 18, 21]
    W4: [ 5,  7,  8, 13, 15, 22] < [ 0,  1, 10, 12, 17, 20]
    Truth table row=[>, <, <, =, <] ix=165 result=[15-] is correct

Test 15+:
    W0: [ 0,  2,  4,  5,  8, 11, 13, 16, 17] < [ 1,  3,  6,  7,  9, 10, 12, 14, 15]
    W1: [ 0,  2, 10, 12, 14, 15] > [ 1, 11, 13, 16, 17, 18]
    W2: [ 0,  2,  6,  7,  9, 11, 14, 15, 18, 20, 21] > [ 1,  4,  5,  8, 10, 12, 13, 16, 17, 19, 22]
    W3: [ 0,  4,  9, 12, 13, 22] = [ 3,  8, 16, 17, 18, 21]
    W4: [ 5,  7,  8, 13, 15, 22] > [ 0,  1, 10, 12, 17, 20]
    Truth table row=[<, >, >, =, >] ix=77 result=[15+] is correct

Test 16-:
    W0: [ 0,  2,  4,  5,  8, 11, 13, 16, 17] < [ 1,  3,  6,  7,  9, 10, 12, 14, 15]
    W1: [ 0,  2, 10, 12, 14, 15] > [ 1, 11, 13, 16, 17, 18]
    W2: [ 0,  2,  6,  7,  9, 11, 14, 15, 18, 20, 21] > [ 1,  4,  5,  8, 10, 12, 13, 16, 17, 19, 22]
    W3: [ 0,  4,  9, 12, 13, 22] > [ 3,  8, 16, 17, 18, 21]
    W4: [ 5,  7,  8, 13, 15, 22] = [ 0,  1, 10, 12, 17, 20]
    Truth table row=[<, >, >, >, =] ix=79 result=[16-] is correct

Test 16+:
    W0: [ 0,  2,  4,  5,  8, 11, 13, 16, 17] > [ 1,  3,  6,  7,  9, 10, 12, 14, 15]
    W1: [ 0,  2, 10, 12, 14, 15] < [ 1, 11, 13, 16, 17, 18]
    W2: [ 0,  2,  6,  7,  9, 11, 14, 15, 18, 20, 21] < [ 1,  4,  5,  8, 10, 12, 13, 16, 17, 19, 22]
    W3: [ 0,  4,  9, 12, 13, 22] < [ 3,  8, 16, 17, 18, 21]
    W4: [ 5,  7,  8, 13, 15, 22] = [ 0,  1, 10, 12, 17, 20]
    Truth table row=[>, <, <, <, =] ix=163 result=[16+] is correct

Test 17-:
    W0: [ 0,  2,  4,  5,  8, 11, 13, 16, 17] < [ 1,  3,  6,  7,  9, 10, 12, 14, 15]
    W1: [ 0,  2, 10, 12, 14, 15] > [ 1, 11, 13, 16, 17, 18]
    W2: [ 0,  2,  6,  7,  9, 11, 14, 15, 18, 20, 21] > [ 1,  4,  5,  8, 10, 12, 13, 16, 17, 19, 22]
    W3: [ 0,  4,  9, 12, 13, 22] > [ 3,  8, 16, 17, 18, 21]
    W4: [ 5,  7,  8, 13, 15, 22] > [ 0,  1, 10, 12, 17, 20]
    Truth table row=[<, >, >, >, >] ix=80 result=[17-] is correct

Test 17+:
    W0: [ 0,  2,  4,  5,  8, 11, 13, 16, 17] > [ 1,  3,  6,  7,  9, 10, 12, 14, 15]
    W1: [ 0,  2, 10, 12, 14, 15] < [ 1, 11, 13, 16, 17, 18]
    W2: [ 0,  2,  6,  7,  9, 11, 14, 15, 18, 20, 21] < [ 1,  4,  5,  8, 10, 12, 13, 16, 17, 19, 22]
    W3: [ 0,  4,  9, 12, 13, 22] < [ 3,  8, 16, 17, 18, 21]
    W4: [ 5,  7,  8, 13, 15, 22] < [ 0,  1, 10, 12, 17, 20]
    Truth table row=[>, <, <, <, <] ix=162 result=[17+] is correct

Test 18-:
    W0: [ 0,  2,  4,  5,  8, 11, 13, 16, 17] = [ 1,  3,  6,  7,  9, 10, 12, 14, 15]
    W1: [ 0,  2, 10, 12, 14, 15] > [ 1, 11, 13, 16, 17, 18]
    W2: [ 0,  2,  6,  7,  9, 11, 14, 15, 18, 20, 21] < [ 1,  4,  5,  8, 10, 12, 13, 16, 17, 19, 22]
    W3: [ 0,  4,  9, 12, 13, 22] > [ 3,  8, 16, 17, 18, 21]
    W4: [ 5,  7,  8, 13, 15, 22] = [ 0,  1, 10, 12, 17, 20]
    Truth table row=[=, >, <, >, =] ix=142 result=[18-] is correct

Test 18+:
    W0: [ 0,  2,  4,  5,  8, 11, 13, 16, 17] = [ 1,  3,  6,  7,  9, 10, 12, 14, 15]
    W1: [ 0,  2, 10, 12, 14, 15] < [ 1, 11, 13, 16, 17, 18]
    W2: [ 0,  2,  6,  7,  9, 11, 14, 15, 18, 20, 21] > [ 1,  4,  5,  8, 10, 12, 13, 16, 17, 19, 22]
    W3: [ 0,  4,  9, 12, 13, 22] < [ 3,  8, 16, 17, 18, 21]
    W4: [ 5,  7,  8, 13, 15, 22] = [ 0,  1, 10, 12, 17, 20]
    Truth table row=[=, <, >, <, =] ix=100 result=[18+] is correct

Test 19-:
    W0: [ 0,  2,  4,  5,  8, 11, 13, 16, 17] = [ 1,  3,  6,  7,  9, 10, 12, 14, 15]
    W1: [ 0,  2, 10, 12, 14, 15] = [ 1, 11, 13, 16, 17, 18]
    W2: [ 0,  2,  6,  7,  9, 11, 14, 15, 18, 20, 21] > [ 1,  4,  5,  8, 10, 12, 13, 16, 17, 19, 22]
    W3: [ 0,  4,  9, 12, 13, 22] = [ 3,  8, 16, 17, 18, 21]
    W4: [ 5,  7,  8, 13, 15, 22] = [ 0,  1, 10, 12, 17, 20]
    Truth table row=[=, =, >, =, =] ix=130 result=[19-] is correct

Test 19+:
    W0: [ 0,  2,  4,  5,  8, 11, 13, 16, 17] = [ 1,  3,  6,  7,  9, 10, 12, 14, 15]
    W1: [ 0,  2, 10, 12, 14, 15] = [ 1, 11, 13, 16, 17, 18]
    W2: [ 0,  2,  6,  7,  9, 11, 14, 15, 18, 20, 21] < [ 1,  4,  5,  8, 10, 12, 13, 16, 17, 19, 22]
    W3: [ 0,  4,  9, 12, 13, 22] = [ 3,  8, 16, 17, 18, 21]
    W4: [ 5,  7,  8, 13, 15, 22] = [ 0,  1, 10, 12, 17, 20]
    Truth table row=[=, =, <, =, =] ix=112 result=[19+] is correct

Test 20-:
    W0: [ 0,  2,  4,  5,  8, 11, 13, 16, 17] = [ 1,  3,  6,  7,  9, 10, 12, 14, 15]
    W1: [ 0,  2, 10, 12, 14, 15] = [ 1, 11, 13, 16, 17, 18]
    W2: [ 0,  2,  6,  7,  9, 11, 14, 15, 18, 20, 21] < [ 1,  4,  5,  8, 10, 12, 13, 16, 17, 19, 22]
    W3: [ 0,  4,  9, 12, 13, 22] = [ 3,  8, 16, 17, 18, 21]
    W4: [ 5,  7,  8, 13, 15, 22] > [ 0,  1, 10, 12, 17, 20]
    Truth table row=[=, =, <, =, >] ix=113 result=[20-] is correct

Test 20+:
    W0: [ 0,  2,  4,  5,  8, 11, 13, 16, 17] = [ 1,  3,  6,  7,  9, 10, 12, 14, 15]
    W1: [ 0,  2, 10, 12, 14, 15] = [ 1, 11, 13, 16, 17, 18]
    W2: [ 0,  2,  6,  7,  9, 11, 14, 15, 18, 20, 21] > [ 1,  4,  5,  8, 10, 12, 13, 16, 17, 19, 22]
    W3: [ 0,  4,  9, 12, 13, 22] = [ 3,  8, 16, 17, 18, 21]
    W4: [ 5,  7,  8, 13, 15, 22] < [ 0,  1, 10, 12, 17, 20]
    Truth table row=[=, =, >, =, <] ix=129 result=[20+] is correct

Test 21-:
    W0: [ 0,  2,  4,  5,  8, 11, 13, 16, 17] = [ 1,  3,  6,  7,  9, 10, 12, 14, 15]
    W1: [ 0,  2, 10, 12, 14, 15] = [ 1, 11, 13, 16, 17, 18]
    W2: [ 0,  2,  6,  7,  9, 11, 14, 15, 18, 20, 21] < [ 1,  4,  5,  8, 10, 12, 13, 16, 17, 19, 22]
    W3: [ 0,  4,  9, 12, 13, 22] > [ 3,  8, 16, 17, 18, 21]
    W4: [ 5,  7,  8, 13, 15, 22] = [ 0,  1, 10, 12, 17, 20]
    Truth table row=[=, =, <, >, =] ix=115 result=[21-] is correct

Test 21+:
    W0: [ 0,  2,  4,  5,  8, 11, 13, 16, 17] = [ 1,  3,  6,  7,  9, 10, 12, 14, 15]
    W1: [ 0,  2, 10, 12, 14, 15] = [ 1, 11, 13, 16, 17, 18]
    W2: [ 0,  2,  6,  7,  9, 11, 14, 15, 18, 20, 21] > [ 1,  4,  5,  8, 10, 12, 13, 16, 17, 19, 22]
    W3: [ 0,  4,  9, 12, 13, 22] < [ 3,  8, 16, 17, 18, 21]
    W4: [ 5,  7,  8, 13, 15, 22] = [ 0,  1, 10, 12, 17, 20]
    Truth table row=[=, =, >, <, =] ix=127 result=[21+] is correct

Test 22-:
    W0: [ 0,  2,  4,  5,  8, 11, 13, 16, 17] = [ 1,  3,  6,  7,  9, 10, 12, 14, 15]
    W1: [ 0,  2, 10, 12, 14, 15] = [ 1, 11, 13, 16, 17, 18]
    W2: [ 0,  2,  6,  7,  9, 11, 14, 15, 18, 20, 21] > [ 1,  4,  5,  8, 10, 12, 13, 16, 17, 19, 22]
    W3: [ 0,  4,  9, 12, 13, 22] < [ 3,  8, 16, 17, 18, 21]
    W4: [ 5,  7,  8, 13, 15, 22] < [ 0,  1, 10, 12, 17, 20]
    Truth table row=[=, =, >, <, <] ix=126 result=[22-] is correct

Test 22+:
    W0: [ 0,  2,  4,  5,  8, 11, 13, 16, 17] = [ 1,  3,  6,  7,  9, 10, 12, 14, 15]
    W1: [ 0,  2, 10, 12, 14, 15] = [ 1, 11, 13, 16, 17, 18]
    W2: [ 0,  2,  6,  7,  9, 11, 14, 15, 18, 20, 21] < [ 1,  4,  5,  8, 10, 12, 13, 16, 17, 19, 22]
    W3: [ 0,  4,  9, 12, 13, 22] > [ 3,  8, 16, 17, 18, 21]
    W4: [ 5,  7,  8, 13, 15, 22] > [ 0,  1, 10, 12, 17, 20]
    Truth table row=[=, =, <, >, >] ix=116 result=[22+] is correct

Total correct results: 46
Total incorrect results: 0
