Solving for 8 balls and 4 weighings

Solution:
W0: [ 0] <=> [ 1]
W1: [ 5] <=> [ 7]
W2: [ 1,  2,  4] <=> [ 0,  3,  7]
W3: [ 5,  6,  7] <=> [ 0,  3,  4]

Truth Table:
ix  W0  W1  W2  W3   Result
 0   <   <   <   <
 1   <   <   <   =
 2   <   <   <   >
 3   <   <   =   <
 4   <   <   =   =
 5   <   <   =   >
 6   <   <   >   <
 7   <   <   >   =
 8   <   <   >   >
 9   <   =   <   <
10   <   =   <   =
11   <   =   <   >
12   <   =   =   <
13   <   =   =   =
14   <   =   =   >
15   <   =   >   <
16   <   =   >   =   1+
17   <   =   >   >   0-
18   <   >   <   <
19   <   >   <   =
20   <   >   <   >
21   <   >   =   <
22   <   >   =   =
23   <   >   =   >
24   <   >   >   <
25   <   >   >   =
26   <   >   >   >
27   =   <   <   <
28   =   <   <   =
29   =   <   <   >   7+
30   =   <   =   <   5-
31   =   <   =   =
32   =   <   =   >
33   =   <   >   <
34   =   <   >   =
35   =   <   >   >
36   =   =   <   <   3+
37   =   =   <   =   2-
38   =   =   <   >   4-
39   =   =   =   <   6-
40   =   =   =   =
41   =   =   =   >   6+
42   =   =   >   <   4+
43   =   =   >   =   2+
44   =   =   >   >   3-
45   =   >   <   <
46   =   >   <   =
47   =   >   <   >
48   =   >   =   <
49   =   >   =   =
50   =   >   =   >   5+
51   =   >   >   <   7-
52   =   >   >   =
53   =   >   >   >
54   >   <   <   <
55   >   <   <   =
56   >   <   <   >
57   >   <   =   <
58   >   <   =   =
59   >   <   =   >
60   >   <   >   <
61   >   <   >   =
62   >   <   >   >
63   >   =   <   <   0+
64   >   =   <   =   1-
65   >   =   <   >
66   >   =   =   <
67   >   =   =   =
68   >   =   =   >
69   >   =   >   <
70   >   =   >   =
71   >   =   >   >
72   >   >   <   <
73   >   >   <   =
74   >   >   <   >
75   >   >   =   <
76   >   >   =   =
77   >   >   =   >
78   >   >   >   <
79   >   >   >   =
80   >   >   >   >

Test 0-:
    W0: [ 0] < [ 1]
    W1: [ 5] = [ 7]
    W2: [ 1,  2,  4] > [ 0,  3,  7]
    W3: [ 5,  6,  7] > [ 0,  3,  4]
    Truth table result: ['0-'] is correct

Test 0+:
    W0: [ 0] > [ 1]
    W1: [ 5] = [ 7]
    W2: [ 1,  2,  4] < [ 0,  3,  7]
    W3: [ 5,  6,  7] < [ 0,  3,  4]
    Truth table result: ['0+'] is correct

Test 1-:
    W0: [ 0] > [ 1]
    W1: [ 5] = [ 7]
    W2: [ 1,  2,  4] < [ 0,  3,  7]
    W3: [ 5,  6,  7] = [ 0,  3,  4]
    Truth table result: ['1-'] is correct

Test 1+:
    W0: [ 0] < [ 1]
    W1: [ 5] = [ 7]
    W2: [ 1,  2,  4] > [ 0,  3,  7]
    W3: [ 5,  6,  7] = [ 0,  3,  4]
    Truth table result: ['1+'] is correct

Test 2-:
    W0: [ 0] = [ 1]
    W1: [ 5] = [ 7]
    W2: [ 1,  2,  4] < [ 0,  3,  7]
    W3: [ 5,  6,  7] = [ 0,  3,  4]
    Truth table result: ['2-'] is correct

Test 2+:
    W0: [ 0] = [ 1]
    W1: [ 5] = [ 7]
    W2: [ 1,  2,  4] > [ 0,  3,  7]
    W3: [ 5,  6,  7] = [ 0,  3,  4]
    Truth table result: ['2+'] is correct

Test 3-:
    W0: [ 0] = [ 1]
    W1: [ 5] = [ 7]
    W2: [ 1,  2,  4] > [ 0,  3,  7]
    W3: [ 5,  6,  7] > [ 0,  3,  4]
    Truth table result: ['3-'] is correct

Test 3+:
    W0: [ 0] = [ 1]
    W1: [ 5] = [ 7]
    W2: [ 1,  2,  4] < [ 0,  3,  7]
    W3: [ 5,  6,  7] < [ 0,  3,  4]
    Truth table result: ['3+'] is correct

Test 4-:
    W0: [ 0] = [ 1]
    W1: [ 5] = [ 7]
    W2: [ 1,  2,  4] < [ 0,  3,  7]
    W3: [ 5,  6,  7] > [ 0,  3,  4]
    Truth table result: ['4-'] is correct

Test 4+:
    W0: [ 0] = [ 1]
    W1: [ 5] = [ 7]
    W2: [ 1,  2,  4] > [ 0,  3,  7]
    W3: [ 5,  6,  7] < [ 0,  3,  4]
    Truth table result: ['4+'] is correct

Test 5-:
    W0: [ 0] = [ 1]
    W1: [ 5] < [ 7]
    W2: [ 1,  2,  4] = [ 0,  3,  7]
    W3: [ 5,  6,  7] < [ 0,  3,  4]
    Truth table result: ['5-'] is correct

Test 5+:
    W0: [ 0] = [ 1]
    W1: [ 5] > [ 7]
    W2: [ 1,  2,  4] = [ 0,  3,  7]
    W3: [ 5,  6,  7] > [ 0,  3,  4]
    Truth table result: ['5+'] is correct

Test 6-:
    W0: [ 0] = [ 1]
    W1: [ 5] = [ 7]
    W2: [ 1,  2,  4] = [ 0,  3,  7]
    W3: [ 5,  6,  7] < [ 0,  3,  4]
    Truth table result: ['6-'] is correct

Test 6+:
    W0: [ 0] = [ 1]
    W1: [ 5] = [ 7]
    W2: [ 1,  2,  4] = [ 0,  3,  7]
    W3: [ 5,  6,  7] > [ 0,  3,  4]
    Truth table result: ['6+'] is correct

Test 7-:
    W0: [ 0] = [ 1]
    W1: [ 5] > [ 7]
    W2: [ 1,  2,  4] > [ 0,  3,  7]
    W3: [ 5,  6,  7] < [ 0,  3,  4]
    Truth table result: ['7-'] is correct

Test 7+:
    W0: [ 0] = [ 1]
    W1: [ 5] < [ 7]
    W2: [ 1,  2,  4] < [ 0,  3,  7]
    W3: [ 5,  6,  7] > [ 0,  3,  4]
    Truth table result: ['7+'] is correct

Total correct results: 16
Total incorrect results: 0
