Solving for 21 balls and 5 weighings.
Using symmetry breaking strategy TruthTableAscending.

Solution:
W0: [ 0,  1,  4,  7, 10, 11, 13, 15, 17, 18] <=> [ 2,  3,  5,  6,  8,  9, 12, 14, 16, 19]
W1: [ 0,  1,  4,  7, 16, 19] <=> [ 2,  3,  5,  6, 17, 18]
W2: [ 0,  2,  3,  5,  6, 12, 14, 17, 18] <=> [ 4,  7,  8,  9, 11, 13, 15, 16, 19]
W3: [ 1,  6,  9, 11, 14, 19] <=> [ 2,  7, 10, 12, 15, 16]
W4: [ 0,  1,  2,  5,  8, 11, 12, 13, 19] <=> [ 3,  6,  9, 10, 14, 15, 16, 18, 20]

Truth Table:
ix  W0  W1  W2  W3  W4   Result
 0   <   <   <   <   <
 1   <   <   <   <   =
 2   <   <   <   <   >
 3   <   <   <   =   <   0-
 4   <   <   <   =   =
 5   <   <   <   =   >
 6   <   <   <   >   <
 7   <   <   <   >   =
 8   <   <   <   >   >
 9   <   <   =   <   <   1-
10   <   <   =   <   =
11   <   <   =   <   >
12   <   <   =   =   <
13   <   <   =   =   =
14   <   <   =   =   >
15   <   <   =   >   <
16   <   <   =   >   =
17   <   <   =   >   >
18   <   <   >   <   <
19   <   <   >   <   =
20   <   <   >   <   >   2+
21   <   <   >   =   <   3+
22   <   <   >   =   =   4-
23   <   <   >   =   >   5+
24   <   <   >   >   <   6+
25   <   <   >   >   =   7-
26   <   <   >   >   >
27   <   =   <   <   <
28   <   =   <   <   =
29   <   =   <   <   >
30   <   =   <   =   <
31   <   =   <   =   =
32   <   =   <   =   >   8+
33   <   =   <   >   <   9+
34   <   =   <   >   =
35   <   =   <   >   >
36   <   =   =   <   <
37   <   =   =   <   =
38   <   =   =   <   >
39   <   =   =   =   <
40   <   =   =   =   =
41   <   =   =   =   >
42   <   =   =   >   <
43   <   =   =   >   =
44   <   =   =   >   >   10-
45   <   =   >   <   <   11-
46   <   =   >   <   =
47   <   =   >   <   >   12+
48   <   =   >   =   <   13-
49   <   =   >   =   =
50   <   =   >   =   >
51   <   =   >   >   <   14+
52   <   =   >   >   =
53   <   =   >   >   >   15-
54   <   >   <   <   <   16+
55   <   >   <   <   =
56   <   >   <   <   >
57   <   >   <   =   <
58   <   >   <   =   =   17-
59   <   >   <   =   >   18-
60   <   >   <   >   <
61   <   >   <   >   =
62   <   >   <   >   >   19+
63   <   >   =   <   <
64   <   >   =   <   =
65   <   >   =   <   >
66   <   >   =   =   <
67   <   >   =   =   =
68   <   >   =   =   >
69   <   >   =   >   <
70   <   >   =   >   =
71   <   >   =   >   >
72   <   >   >   <   <
73   <   >   >   <   =
74   <   >   >   <   >
75   <   >   >   =   <
76   <   >   >   =   =
77   <   >   >   =   >
78   <   >   >   >   <
79   <   >   >   >   =
80   <   >   >   >   >
81   =   <   <   <   <
82   =   <   <   <   =
83   =   <   <   <   >
84   =   <   <   =   <
85   =   <   <   =   =
86   =   <   <   =   >
87   =   <   <   >   <
88   =   <   <   >   =
89   =   <   <   >   >
90   =   <   =   <   <
91   =   <   =   <   =
92   =   <   =   <   >
93   =   <   =   =   <
94   =   <   =   =   =
95   =   <   =   =   >
96   =   <   =   >   <
97   =   <   =   >   =
98   =   <   =   >   >
99   =   <   >   <   <
100   =   <   >   <   =
101   =   <   >   <   >
102   =   <   >   =   <
103   =   <   >   =   =
104   =   <   >   =   >
105   =   <   >   >   <
106   =   <   >   >   =
107   =   <   >   >   >
108   =   =   <   <   <
109   =   =   <   <   =
110   =   =   <   <   >
111   =   =   <   =   <
112   =   =   <   =   =
113   =   =   <   =   >
114   =   =   <   >   <
115   =   =   <   >   =
116   =   =   <   >   >
117   =   =   =   <   <
118   =   =   =   <   =
119   =   =   =   <   >
120   =   =   =   =   <   20+
121   =   =   =   =   =
122   =   =   =   =   >   20-
123   =   =   =   >   <
124   =   =   =   >   =
125   =   =   =   >   >
126   =   =   >   <   <
127   =   =   >   <   =
128   =   =   >   <   >
129   =   =   >   =   <
130   =   =   >   =   =
131   =   =   >   =   >
132   =   =   >   >   <
133   =   =   >   >   =
134   =   =   >   >   >
135   =   >   <   <   <
136   =   >   <   <   =
137   =   >   <   <   >
138   =   >   <   =   <
139   =   >   <   =   =
140   =   >   <   =   >
141   =   >   <   >   <
142   =   >   <   >   =
143   =   >   <   >   >
144   =   >   =   <   <
145   =   >   =   <   =
146   =   >   =   <   >
147   =   >   =   =   <
148   =   >   =   =   =
149   =   >   =   =   >
150   =   >   =   >   <
151   =   >   =   >   =
152   =   >   =   >   >
153   =   >   >   <   <
154   =   >   >   <   =
155   =   >   >   <   >
156   =   >   >   =   <
157   =   >   >   =   =
158   =   >   >   =   >
159   =   >   >   >   <
160   =   >   >   >   =
161   =   >   >   >   >
162   >   <   <   <   <
163   >   <   <   <   =
164   >   <   <   <   >
165   >   <   <   =   <
166   >   <   <   =   =
167   >   <   <   =   >
168   >   <   <   >   <
169   >   <   <   >   =
170   >   <   <   >   >
171   >   <   =   <   <
172   >   <   =   <   =
173   >   <   =   <   >
174   >   <   =   =   <
175   >   <   =   =   =
176   >   <   =   =   >
177   >   <   =   >   <
178   >   <   =   >   =
179   >   <   =   >   >
180   >   <   >   <   <   19-
181   >   <   >   <   =
182   >   <   >   <   >
183   >   <   >   =   <   18+
184   >   <   >   =   =   17+
185   >   <   >   =   >
186   >   <   >   >   <
187   >   <   >   >   =
188   >   <   >   >   >   16-
189   >   =   <   <   <   15+
190   >   =   <   <   =
191   >   =   <   <   >   14-
192   >   =   <   =   <
193   >   =   <   =   =
194   >   =   <   =   >   13+
195   >   =   <   >   <   12-
196   >   =   <   >   =
197   >   =   <   >   >   11+
198   >   =   =   <   <   10+
199   >   =   =   <   =
200   >   =   =   <   >
201   >   =   =   =   <
202   >   =   =   =   =
203   >   =   =   =   >
204   >   =   =   >   <
205   >   =   =   >   =
206   >   =   =   >   >
207   >   =   >   <   <
208   >   =   >   <   =
209   >   =   >   <   >   9-
210   >   =   >   =   <   8-
211   >   =   >   =   =
212   >   =   >   =   >
213   >   =   >   >   <
214   >   =   >   >   =
215   >   =   >   >   >
216   >   >   <   <   <
217   >   >   <   <   =   7+
218   >   >   <   <   >   6-
219   >   >   <   =   <   5-
220   >   >   <   =   =   4+
221   >   >   <   =   >   3-
222   >   >   <   >   <   2-
223   >   >   <   >   =
224   >   >   <   >   >
225   >   >   =   <   <
226   >   >   =   <   =
227   >   >   =   <   >
228   >   >   =   =   <
229   >   >   =   =   =
230   >   >   =   =   >
231   >   >   =   >   <
232   >   >   =   >   =
233   >   >   =   >   >   1+
234   >   >   >   <   <
235   >   >   >   <   =
236   >   >   >   <   >
237   >   >   >   =   <
238   >   >   >   =   =
239   >   >   >   =   >   0+
240   >   >   >   >   <
241   >   >   >   >   =
242   >   >   >   >   >

Test 0-:
    W0: [ 0,  1,  4,  7, 10, 11, 13, 15, 17, 18] < [ 2,  3,  5,  6,  8,  9, 12, 14, 16, 19]
    W1: [ 0,  1,  4,  7, 16, 19] < [ 2,  3,  5,  6, 17, 18]
    W2: [ 0,  2,  3,  5,  6, 12, 14, 17, 18] < [ 4,  7,  8,  9, 11, 13, 15, 16, 19]
    W3: [ 1,  6,  9, 11, 14, 19] = [ 2,  7, 10, 12, 15, 16]
    W4: [ 0,  1,  2,  5,  8, 11, 12, 13, 19] < [ 3,  6,  9, 10, 14, 15, 16, 18, 20]
    Truth table row=[<, <, <, =, <] ix=3 result=[0-] is correct

Test 0+:
    W0: [ 0,  1,  4,  7, 10, 11, 13, 15, 17, 18] > [ 2,  3,  5,  6,  8,  9, 12, 14, 16, 19]
    W1: [ 0,  1,  4,  7, 16, 19] > [ 2,  3,  5,  6, 17, 18]
    W2: [ 0,  2,  3,  5,  6, 12, 14, 17, 18] > [ 4,  7,  8,  9, 11, 13, 15, 16, 19]
    W3: [ 1,  6,  9, 11, 14, 19] = [ 2,  7, 10, 12, 15, 16]
    W4: [ 0,  1,  2,  5,  8, 11, 12, 13, 19] > [ 3,  6,  9, 10, 14, 15, 16, 18, 20]
    Truth table row=[>, >, >, =, >] ix=239 result=[0+] is correct

Test 1-:
    W0: [ 0,  1,  4,  7, 10, 11, 13, 15, 17, 18] < [ 2,  3,  5,  6,  8,  9, 12, 14, 16, 19]
    W1: [ 0,  1,  4,  7, 16, 19] < [ 2,  3,  5,  6, 17, 18]
    W2: [ 0,  2,  3,  5,  6, 12, 14, 17, 18] = [ 4,  7,  8,  9, 11, 13, 15, 16, 19]
    W3: [ 1,  6,  9, 11, 14, 19] < [ 2,  7, 10, 12, 15, 16]
    W4: [ 0,  1,  2,  5,  8, 11, 12, 13, 19] < [ 3,  6,  9, 10, 14, 15, 16, 18, 20]
    Truth table row=[<, <, =, <, <] ix=9 result=[1-] is correct

Test 1+:
    W0: [ 0,  1,  4,  7, 10, 11, 13, 15, 17, 18] > [ 2,  3,  5,  6,  8,  9, 12, 14, 16, 19]
    W1: [ 0,  1,  4,  7, 16, 19] > [ 2,  3,  5,  6, 17, 18]
    W2: [ 0,  2,  3,  5,  6, 12, 14, 17, 18] = [ 4,  7,  8,  9, 11, 13, 15, 16, 19]
    W3: [ 1,  6,  9, 11, 14, 19] > [ 2,  7, 10, 12, 15, 16]
    W4: [ 0,  1,  2,  5,  8, 11, 12, 13, 19] > [ 3,  6,  9, 10, 14, 15, 16, 18, 20]
    Truth table row=[>, >, =, >, >] ix=233 result=[1+] is correct

Test 2-:
    W0: [ 0,  1,  4,  7, 10, 11, 13, 15, 17, 18] > [ 2,  3,  5,  6,  8,  9, 12, 14, 16, 19]
    W1: [ 0,  1,  4,  7, 16, 19] > [ 2,  3,  5,  6, 17, 18]
    W2: [ 0,  2,  3,  5,  6, 12, 14, 17, 18] < [ 4,  7,  8,  9, 11, 13, 15, 16, 19]
    W3: [ 1,  6,  9, 11, 14, 19] > [ 2,  7, 10, 12, 15, 16]
    W4: [ 0,  1,  2,  5,  8, 11, 12, 13, 19] < [ 3,  6,  9, 10, 14, 15, 16, 18, 20]
    Truth table row=[>, >, <, >, <] ix=222 result=[2-] is correct

Test 2+:
    W0: [ 0,  1,  4,  7, 10, 11, 13, 15, 17, 18] < [ 2,  3,  5,  6,  8,  9, 12, 14, 16, 19]
    W1: [ 0,  1,  4,  7, 16, 19] < [ 2,  3,  5,  6, 17, 18]
    W2: [ 0,  2,  3,  5,  6, 12, 14, 17, 18] > [ 4,  7,  8,  9, 11, 13, 15, 16, 19]
    W3: [ 1,  6,  9, 11, 14, 19] < [ 2,  7, 10, 12, 15, 16]
    W4: [ 0,  1,  2,  5,  8, 11, 12, 13, 19] > [ 3,  6,  9, 10, 14, 15, 16, 18, 20]
    Truth table row=[<, <, >, <, >] ix=20 result=[2+] is correct

Test 3-:
    W0: [ 0,  1,  4,  7, 10, 11, 13, 15, 17, 18] > [ 2,  3,  5,  6,  8,  9, 12, 14, 16, 19]
    W1: [ 0,  1,  4,  7, 16, 19] > [ 2,  3,  5,  6, 17, 18]
    W2: [ 0,  2,  3,  5,  6, 12, 14, 17, 18] < [ 4,  7,  8,  9, 11, 13, 15, 16, 19]
    W3: [ 1,  6,  9, 11, 14, 19] = [ 2,  7, 10, 12, 15, 16]
    W4: [ 0,  1,  2,  5,  8, 11, 12, 13, 19] > [ 3,  6,  9, 10, 14, 15, 16, 18, 20]
    Truth table row=[>, >, <, =, >] ix=221 result=[3-] is correct

Test 3+:
    W0: [ 0,  1,  4,  7, 10, 11, 13, 15, 17, 18] < [ 2,  3,  5,  6,  8,  9, 12, 14, 16, 19]
    W1: [ 0,  1,  4,  7, 16, 19] < [ 2,  3,  5,  6, 17, 18]
    W2: [ 0,  2,  3,  5,  6, 12, 14, 17, 18] > [ 4,  7,  8,  9, 11, 13, 15, 16, 19]
    W3: [ 1,  6,  9, 11, 14, 19] = [ 2,  7, 10, 12, 15, 16]
    W4: [ 0,  1,  2,  5,  8, 11, 12, 13, 19] < [ 3,  6,  9, 10, 14, 15, 16, 18, 20]
    Truth table row=[<, <, >, =, <] ix=21 result=[3+] is correct

Test 4-:
    W0: [ 0,  1,  4,  7, 10, 11, 13, 15, 17, 18] < [ 2,  3,  5,  6,  8,  9, 12, 14, 16, 19]
    W1: [ 0,  1,  4,  7, 16, 19] < [ 2,  3,  5,  6, 17, 18]
    W2: [ 0,  2,  3,  5,  6, 12, 14, 17, 18] > [ 4,  7,  8,  9, 11, 13, 15, 16, 19]
    W3: [ 1,  6,  9, 11, 14, 19] = [ 2,  7, 10, 12, 15, 16]
    W4: [ 0,  1,  2,  5,  8, 11, 12, 13, 19] = [ 3,  6,  9, 10, 14, 15, 16, 18, 20]
    Truth table row=[<, <, >, =, =] ix=22 result=[4-] is correct

Test 4+:
    W0: [ 0,  1,  4,  7, 10, 11, 13, 15, 17, 18] > [ 2,  3,  5,  6,  8,  9, 12, 14, 16, 19]
    W1: [ 0,  1,  4,  7, 16, 19] > [ 2,  3,  5,  6, 17, 18]
    W2: [ 0,  2,  3,  5,  6, 12, 14, 17, 18] < [ 4,  7,  8,  9, 11, 13, 15, 16, 19]
    W3: [ 1,  6,  9, 11, 14, 19] = [ 2,  7, 10, 12, 15, 16]
    W4: [ 0,  1,  2,  5,  8, 11, 12, 13, 19] = [ 3,  6,  9, 10, 14, 15, 16, 18, 20]
    Truth table row=[>, >, <, =, =] ix=220 result=[4+] is correct

Test 5-:
    W0: [ 0,  1,  4,  7, 10, 11, 13, 15, 17, 18] > [ 2,  3,  5,  6,  8,  9, 12, 14, 16, 19]
    W1: [ 0,  1,  4,  7, 16, 19] > [ 2,  3,  5,  6, 17, 18]
    W2: [ 0,  2,  3,  5,  6, 12, 14, 17, 18] < [ 4,  7,  8,  9, 11, 13, 15, 16, 19]
    W3: [ 1,  6,  9, 11, 14, 19] = [ 2,  7, 10, 12, 15, 16]
    W4: [ 0,  1,  2,  5,  8, 11, 12, 13, 19] < [ 3,  6,  9, 10, 14, 15, 16, 18, 20]
    Truth table row=[>, >, <, =, <] ix=219 result=[5-] is correct

Test 5+:
    W0: [ 0,  1,  4,  7, 10, 11, 13, 15, 17, 18] < [ 2,  3,  5,  6,  8,  9, 12, 14, 16, 19]
    W1: [ 0,  1,  4,  7, 16, 19] < [ 2,  3,  5,  6, 17, 18]
    W2: [ 0,  2,  3,  5,  6, 12, 14, 17, 18] > [ 4,  7,  8,  9, 11, 13, 15, 16, 19]
    W3: [ 1,  6,  9, 11, 14, 19] = [ 2,  7, 10, 12, 15, 16]
    W4: [ 0,  1,  2,  5,  8, 11, 12, 13, 19] > [ 3,  6,  9, 10, 14, 15, 16, 18, 20]
    Truth table row=[<, <, >, =, >] ix=23 result=[5+] is correct

Test 6-:
    W0: [ 0,  1,  4,  7, 10, 11, 13, 15, 17, 18] > [ 2,  3,  5,  6,  8,  9, 12, 14, 16, 19]
    W1: [ 0,  1,  4,  7, 16, 19] > [ 2,  3,  5,  6, 17, 18]
    W2: [ 0,  2,  3,  5,  6, 12, 14, 17, 18] < [ 4,  7,  8,  9, 11, 13, 15, 16, 19]
    W3: [ 1,  6,  9, 11, 14, 19] < [ 2,  7, 10, 12, 15, 16]
    W4: [ 0,  1,  2,  5,  8, 11, 12, 13, 19] > [ 3,  6,  9, 10, 14, 15, 16, 18, 20]
    Truth table row=[>, >, <, <, >] ix=218 result=[6-] is correct

Test 6+:
    W0: [ 0,  1,  4,  7, 10, 11, 13, 15, 17, 18] < [ 2,  3,  5,  6,  8,  9, 12, 14, 16, 19]
    W1: [ 0,  1,  4,  7, 16, 19] < [ 2,  3,  5,  6, 17, 18]
    W2: [ 0,  2,  3,  5,  6, 12, 14, 17, 18] > [ 4,  7,  8,  9, 11, 13, 15, 16, 19]
    W3: [ 1,  6,  9, 11, 14, 19] > [ 2,  7, 10, 12, 15, 16]
    W4: [ 0,  1,  2,  5,  8, 11, 12, 13, 19] < [ 3,  6,  9, 10, 14, 15, 16, 18, 20]
    Truth table row=[<, <, >, >, <] ix=24 result=[6+] is correct

Test 7-:
    W0: [ 0,  1,  4,  7, 10, 11, 13, 15, 17, 18] < [ 2,  3,  5,  6,  8,  9, 12, 14, 16, 19]
    W1: [ 0,  1,  4,  7, 16, 19] < [ 2,  3,  5,  6, 17, 18]
    W2: [ 0,  2,  3,  5,  6, 12, 14, 17, 18] > [ 4,  7,  8,  9, 11, 13, 15, 16, 19]
    W3: [ 1,  6,  9, 11, 14, 19] > [ 2,  7, 10, 12, 15, 16]
    W4: [ 0,  1,  2,  5,  8, 11, 12, 13, 19] = [ 3,  6,  9, 10, 14, 15, 16, 18, 20]
    Truth table row=[<, <, >, >, =] ix=25 result=[7-] is correct

Test 7+:
    W0: [ 0,  1,  4,  7, 10, 11, 13, 15, 17, 18] > [ 2,  3,  5,  6,  8,  9, 12, 14, 16, 19]
    W1: [ 0,  1,  4,  7, 16, 19] > [ 2,  3,  5,  6, 17, 18]
    W2: [ 0,  2,  3,  5,  6, 12, 14, 17, 18] < [ 4,  7,  8,  9, 11, 13, 15, 16, 19]
    W3: [ 1,  6,  9, 11, 14, 19] < [ 2,  7, 10, 12, 15, 16]
    W4: [ 0,  1,  2,  5,  8, 11, 12, 13, 19] = [ 3,  6,  9, 10, 14, 15, 16, 18, 20]
    Truth table row=[>, >, <, <, =] ix=217 result=[7+] is correct

Test 8-:
    W0: [ 0,  1,  4,  7, 10, 11, 13, 15, 17, 18] > [ 2,  3,  5,  6,  8,  9, 12, 14, 16, 19]
    W1: [ 0,  1,  4,  7, 16, 19] = [ 2,  3,  5,  6, 17, 18]
    W2: [ 0,  2,  3,  5,  6, 12, 14, 17, 18] > [ 4,  7,  8,  9, 11, 13, 15, 16, 19]
    W3: [ 1,  6,  9, 11, 14, 19] = [ 2,  7, 10, 12, 15, 16]
    W4: [ 0,  1,  2,  5,  8, 11, 12, 13, 19] < [ 3,  6,  9, 10, 14, 15, 16, 18, 20]
    Truth table row=[>, =, >, =, <] ix=210 result=[8-] is correct

Test 8+:
    W0: [ 0,  1,  4,  7, 10, 11, 13, 15, 17, 18] < [ 2,  3,  5,  6,  8,  9, 12, 14, 16, 19]
    W1: [ 0,  1,  4,  7, 16, 19] = [ 2,  3,  5,  6, 17, 18]
    W2: [ 0,  2,  3,  5,  6, 12, 14, 17, 18] < [ 4,  7,  8,  9, 11, 13, 15, 16, 19]
    W3: [ 1,  6,  9, 11, 14, 19] = [ 2,  7, 10, 12, 15, 16]
    W4: [ 0,  1,  2,  5,  8, 11, 12, 13, 19] > [ 3,  6,  9, 10, 14, 15, 16, 18, 20]
    Truth table row=[<, =, <, =, >] ix=32 result=[8+] is correct

Test 9-:
    W0: [ 0,  1,  4,  7, 10, 11, 13, 15, 17, 18] > [ 2,  3,  5,  6,  8,  9, 12, 14, 16, 19]
    W1: [ 0,  1,  4,  7, 16, 19] = [ 2,  3,  5,  6, 17, 18]
    W2: [ 0,  2,  3,  5,  6, 12, 14, 17, 18] > [ 4,  7,  8,  9, 11, 13, 15, 16, 19]
    W3: [ 1,  6,  9, 11, 14, 19] < [ 2,  7, 10, 12, 15, 16]
    W4: [ 0,  1,  2,  5,  8, 11, 12, 13, 19] > [ 3,  6,  9, 10, 14, 15, 16, 18, 20]
    Truth table row=[>, =, >, <, >] ix=209 result=[9-] is correct

Test 9+:
    W0: [ 0,  1,  4,  7, 10, 11, 13, 15, 17, 18] < [ 2,  3,  5,  6,  8,  9, 12, 14, 16, 19]
    W1: [ 0,  1,  4,  7, 16, 19] = [ 2,  3,  5,  6, 17, 18]
    W2: [ 0,  2,  3,  5,  6, 12, 14, 17, 18] < [ 4,  7,  8,  9, 11, 13, 15, 16, 19]
    W3: [ 1,  6,  9, 11, 14, 19] > [ 2,  7, 10, 12, 15, 16]
    W4: [ 0,  1,  2,  5,  8, 11, 12, 13, 19] < [ 3,  6,  9, 10, 14, 15, 16, 18, 20]
    Truth table row=[<, =, <, >, <] ix=33 result=[9+] is correct

Test 10-:
    W0: [ 0,  1,  4,  7, 10, 11, 13, 15, 17, 18] < [ 2,  3,  5,  6,  8,  9, 12, 14, 16, 19]
    W1: [ 0,  1,  4,  7, 16, 19] = [ 2,  3,  5,  6, 17, 18]
    W2: [ 0,  2,  3,  5,  6, 12, 14, 17, 18] = [ 4,  7,  8,  9, 11, 13, 15, 16, 19]
    W3: [ 1,  6,  9, 11, 14, 19] > [ 2,  7, 10, 12, 15, 16]
    W4: [ 0,  1,  2,  5,  8, 11, 12, 13, 19] > [ 3,  6,  9, 10, 14, 15, 16, 18, 20]
    Truth table row=[<, =, =, >, >] ix=44 result=[10-] is correct

Test 10+:
    W0: [ 0,  1,  4,  7, 10, 11, 13, 15, 17, 18] > [ 2,  3,  5,  6,  8,  9, 12, 14, 16, 19]
    W1: [ 0,  1,  4,  7, 16, 19] = [ 2,  3,  5,  6, 17, 18]
    W2: [ 0,  2,  3,  5,  6, 12, 14, 17, 18] = [ 4,  7,  8,  9, 11, 13, 15, 16, 19]
    W3: [ 1,  6,  9, 11, 14, 19] < [ 2,  7, 10, 12, 15, 16]
    W4: [ 0,  1,  2,  5,  8, 11, 12, 13, 19] < [ 3,  6,  9, 10, 14, 15, 16, 18, 20]
    Truth table row=[>, =, =, <, <] ix=198 result=[10+] is correct

Test 11-:
    W0: [ 0,  1,  4,  7, 10, 11, 13, 15, 17, 18] < [ 2,  3,  5,  6,  8,  9, 12, 14, 16, 19]
    W1: [ 0,  1,  4,  7, 16, 19] = [ 2,  3,  5,  6, 17, 18]
    W2: [ 0,  2,  3,  5,  6, 12, 14, 17, 18] > [ 4,  7,  8,  9, 11, 13, 15, 16, 19]
    W3: [ 1,  6,  9, 11, 14, 19] < [ 2,  7, 10, 12, 15, 16]
    W4: [ 0,  1,  2,  5,  8, 11, 12, 13, 19] < [ 3,  6,  9, 10, 14, 15, 16, 18, 20]
    Truth table row=[<, =, >, <, <] ix=45 result=[11-] is correct

Test 11+:
    W0: [ 0,  1,  4,  7, 10, 11, 13, 15, 17, 18] > [ 2,  3,  5,  6,  8,  9, 12, 14, 16, 19]
    W1: [ 0,  1,  4,  7, 16, 19] = [ 2,  3,  5,  6, 17, 18]
    W2: [ 0,  2,  3,  5,  6, 12, 14, 17, 18] < [ 4,  7,  8,  9, 11, 13, 15, 16, 19]
    W3: [ 1,  6,  9, 11, 14, 19] > [ 2,  7, 10, 12, 15, 16]
    W4: [ 0,  1,  2,  5,  8, 11, 12, 13, 19] > [ 3,  6,  9, 10, 14, 15, 16, 18, 20]
    Truth table row=[>, =, <, >, >] ix=197 result=[11+] is correct

Test 12-:
    W0: [ 0,  1,  4,  7, 10, 11, 13, 15, 17, 18] > [ 2,  3,  5,  6,  8,  9, 12, 14, 16, 19]
    W1: [ 0,  1,  4,  7, 16, 19] = [ 2,  3,  5,  6, 17, 18]
    W2: [ 0,  2,  3,  5,  6, 12, 14, 17, 18] < [ 4,  7,  8,  9, 11, 13, 15, 16, 19]
    W3: [ 1,  6,  9, 11, 14, 19] > [ 2,  7, 10, 12, 15, 16]
    W4: [ 0,  1,  2,  5,  8, 11, 12, 13, 19] < [ 3,  6,  9, 10, 14, 15, 16, 18, 20]
    Truth table row=[>, =, <, >, <] ix=195 result=[12-] is correct

Test 12+:
    W0: [ 0,  1,  4,  7, 10, 11, 13, 15, 17, 18] < [ 2,  3,  5,  6,  8,  9, 12, 14, 16, 19]
    W1: [ 0,  1,  4,  7, 16, 19] = [ 2,  3,  5,  6, 17, 18]
    W2: [ 0,  2,  3,  5,  6, 12, 14, 17, 18] > [ 4,  7,  8,  9, 11, 13, 15, 16, 19]
    W3: [ 1,  6,  9, 11, 14, 19] < [ 2,  7, 10, 12, 15, 16]
    W4: [ 0,  1,  2,  5,  8, 11, 12, 13, 19] > [ 3,  6,  9, 10, 14, 15, 16, 18, 20]
    Truth table row=[<, =, >, <, >] ix=47 result=[12+] is correct

Test 13-:
    W0: [ 0,  1,  4,  7, 10, 11, 13, 15, 17, 18] < [ 2,  3,  5,  6,  8,  9, 12, 14, 16, 19]
    W1: [ 0,  1,  4,  7, 16, 19] = [ 2,  3,  5,  6, 17, 18]
    W2: [ 0,  2,  3,  5,  6, 12, 14, 17, 18] > [ 4,  7,  8,  9, 11, 13, 15, 16, 19]
    W3: [ 1,  6,  9, 11, 14, 19] = [ 2,  7, 10, 12, 15, 16]
    W4: [ 0,  1,  2,  5,  8, 11, 12, 13, 19] < [ 3,  6,  9, 10, 14, 15, 16, 18, 20]
    Truth table row=[<, =, >, =, <] ix=48 result=[13-] is correct

Test 13+:
    W0: [ 0,  1,  4,  7, 10, 11, 13, 15, 17, 18] > [ 2,  3,  5,  6,  8,  9, 12, 14, 16, 19]
    W1: [ 0,  1,  4,  7, 16, 19] = [ 2,  3,  5,  6, 17, 18]
    W2: [ 0,  2,  3,  5,  6, 12, 14, 17, 18] < [ 4,  7,  8,  9, 11, 13, 15, 16, 19]
    W3: [ 1,  6,  9, 11, 14, 19] = [ 2,  7, 10, 12, 15, 16]
    W4: [ 0,  1,  2,  5,  8, 11, 12, 13, 19] > [ 3,  6,  9, 10, 14, 15, 16, 18, 20]
    Truth table row=[>, =, <, =, >] ix=194 result=[13+] is correct

Test 14-:
    W0: [ 0,  1,  4,  7, 10, 11, 13, 15, 17, 18] > [ 2,  3,  5,  6,  8,  9, 12, 14, 16, 19]
    W1: [ 0,  1,  4,  7, 16, 19] = [ 2,  3,  5,  6, 17, 18]
    W2: [ 0,  2,  3,  5,  6, 12, 14, 17, 18] < [ 4,  7,  8,  9, 11, 13, 15, 16, 19]
    W3: [ 1,  6,  9, 11, 14, 19] < [ 2,  7, 10, 12, 15, 16]
    W4: [ 0,  1,  2,  5,  8, 11, 12, 13, 19] > [ 3,  6,  9, 10, 14, 15, 16, 18, 20]
    Truth table row=[>, =, <, <, >] ix=191 result=[14-] is correct

Test 14+:
    W0: [ 0,  1,  4,  7, 10, 11, 13, 15, 17, 18] < [ 2,  3,  5,  6,  8,  9, 12, 14, 16, 19]
    W1: [ 0,  1,  4,  7, 16, 19] = [ 2,  3,  5,  6, 17, 18]
    W2: [ 0,  2,  3,  5,  6, 12, 14, 17, 18] > [ 4,  7,  8,  9, 11, 13, 15, 16, 19]
    W3: [ 1,  6,  9, 11, 14, 19] > [ 2,  7, 10, 12, 15, 16]
    W4: [ 0,  1,  2,  5,  8, 11, 12, 13, 19] < [ 3,  6,  9, 10, 14, 15, 16, 18, 20]
    Truth table row=[<, =, >, >, <] ix=51 result=[14+] is correct

Test 15-:
    W0: [ 0,  1,  4,  7, 10, 11, 13, 15, 17, 18] < [ 2,  3,  5,  6,  8,  9, 12, 14, 16, 19]
    W1: [ 0,  1,  4,  7, 16, 19] = [ 2,  3,  5,  6, 17, 18]
    W2: [ 0,  2,  3,  5,  6, 12, 14, 17, 18] > [ 4,  7,  8,  9, 11, 13, 15, 16, 19]
    W3: [ 1,  6,  9, 11, 14, 19] > [ 2,  7, 10, 12, 15, 16]
    W4: [ 0,  1,  2,  5,  8, 11, 12, 13, 19] > [ 3,  6,  9, 10, 14, 15, 16, 18, 20]
    Truth table row=[<, =, >, >, >] ix=53 result=[15-] is correct

Test 15+:
    W0: [ 0,  1,  4,  7, 10, 11, 13, 15, 17, 18] > [ 2,  3,  5,  6,  8,  9, 12, 14, 16, 19]
    W1: [ 0,  1,  4,  7, 16, 19] = [ 2,  3,  5,  6, 17, 18]
    W2: [ 0,  2,  3,  5,  6, 12, 14, 17, 18] < [ 4,  7,  8,  9, 11, 13, 15, 16, 19]
    W3: [ 1,  6,  9, 11, 14, 19] < [ 2,  7, 10, 12, 15, 16]
    W4: [ 0,  1,  2,  5,  8, 11, 12, 13, 19] < [ 3,  6,  9, 10, 14, 15, 16, 18, 20]
    Truth table row=[>, =, <, <, <] ix=189 result=[15+] is correct

Test 16-:
    W0: [ 0,  1,  4,  7, 10, 11, 13, 15, 17, 18] > [ 2,  3,  5,  6,  8,  9, 12, 14, 16, 19]
    W1: [ 0,  1,  4,  7, 16, 19] < [ 2,  3,  5,  6, 17, 18]
    W2: [ 0,  2,  3,  5,  6, 12, 14, 17, 18] > [ 4,  7,  8,  9, 11, 13, 15, 16, 19]
    W3: [ 1,  6,  9, 11, 14, 19] > [ 2,  7, 10, 12, 15, 16]
    W4: [ 0,  1,  2,  5,  8, 11, 12, 13, 19] > [ 3,  6,  9, 10, 14, 15, 16, 18, 20]
    Truth table row=[>, <, >, >, >] ix=188 result=[16-] is correct

Test 16+:
    W0: [ 0,  1,  4,  7, 10, 11, 13, 15, 17, 18] < [ 2,  3,  5,  6,  8,  9, 12, 14, 16, 19]
    W1: [ 0,  1,  4,  7, 16, 19] > [ 2,  3,  5,  6, 17, 18]
    W2: [ 0,  2,  3,  5,  6, 12, 14, 17, 18] < [ 4,  7,  8,  9, 11, 13, 15, 16, 19]
    W3: [ 1,  6,  9, 11, 14, 19] < [ 2,  7, 10, 12, 15, 16]
    W4: [ 0,  1,  2,  5,  8, 11, 12, 13, 19] < [ 3,  6,  9, 10, 14, 15, 16, 18, 20]
    Truth table row=[<, >, <, <, <] ix=54 result=[16+] is correct

Test 17-:
    W0: [ 0,  1,  4,  7, 10, 11, 13, 15, 17, 18] < [ 2,  3,  5,  6,  8,  9, 12, 14, 16, 19]
    W1: [ 0,  1,  4,  7, 16, 19] > [ 2,  3,  5,  6, 17, 18]
    W2: [ 0,  2,  3,  5,  6, 12, 14, 17, 18] < [ 4,  7,  8,  9, 11, 13, 15, 16, 19]
    W3: [ 1,  6,  9, 11, 14, 19] = [ 2,  7, 10, 12, 15, 16]
    W4: [ 0,  1,  2,  5,  8, 11, 12, 13, 19] = [ 3,  6,  9, 10, 14, 15, 16, 18, 20]
    Truth table row=[<, >, <, =, =] ix=58 result=[17-] is correct

Test 17+:
    W0: [ 0,  1,  4,  7, 10, 11, 13, 15, 17, 18] > [ 2,  3,  5,  6,  8,  9, 12, 14, 16, 19]
    W1: [ 0,  1,  4,  7, 16, 19] < [ 2,  3,  5,  6, 17, 18]
    W2: [ 0,  2,  3,  5,  6, 12, 14, 17, 18] > [ 4,  7,  8,  9, 11, 13, 15, 16, 19]
    W3: [ 1,  6,  9, 11, 14, 19] = [ 2,  7, 10, 12, 15, 16]
    W4: [ 0,  1,  2,  5,  8, 11, 12, 13, 19] = [ 3,  6,  9, 10, 14, 15, 16, 18, 20]
    Truth table row=[>, <, >, =, =] ix=184 result=[17+] is correct

Test 18-:
    W0: [ 0,  1,  4,  7, 10, 11, 13, 15, 17, 18] < [ 2,  3,  5,  6,  8,  9, 12, 14, 16, 19]
    W1: [ 0,  1,  4,  7, 16, 19] > [ 2,  3,  5,  6, 17, 18]
    W2: [ 0,  2,  3,  5,  6, 12, 14, 17, 18] < [ 4,  7,  8,  9, 11, 13, 15, 16, 19]
    W3: [ 1,  6,  9, 11, 14, 19] = [ 2,  7, 10, 12, 15, 16]
    W4: [ 0,  1,  2,  5,  8, 11, 12, 13, 19] > [ 3,  6,  9, 10, 14, 15, 16, 18, 20]
    Truth table row=[<, >, <, =, >] ix=59 result=[18-] is correct

Test 18+:
    W0: [ 0,  1,  4,  7, 10, 11, 13, 15, 17, 18] > [ 2,  3,  5,  6,  8,  9, 12, 14, 16, 19]
    W1: [ 0,  1,  4,  7, 16, 19] < [ 2,  3,  5,  6, 17, 18]
    W2: [ 0,  2,  3,  5,  6, 12, 14, 17, 18] > [ 4,  7,  8,  9, 11, 13, 15, 16, 19]
    W3: [ 1,  6,  9, 11, 14, 19] = [ 2,  7, 10, 12, 15, 16]
    W4: [ 0,  1,  2,  5,  8, 11, 12, 13, 19] < [ 3,  6,  9, 10, 14, 15, 16, 18, 20]
    Truth table row=[>, <, >, =, <] ix=183 result=[18+] is correct

Test 19-:
    W0: [ 0,  1,  4,  7, 10, 11, 13, 15, 17, 18] > [ 2,  3,  5,  6,  8,  9, 12, 14, 16, 19]
    W1: [ 0,  1,  4,  7, 16, 19] < [ 2,  3,  5,  6, 17, 18]
    W2: [ 0,  2,  3,  5,  6, 12, 14, 17, 18] > [ 4,  7,  8,  9, 11, 13, 15, 16, 19]
    W3: [ 1,  6,  9, 11, 14, 19] < [ 2,  7, 10, 12, 15, 16]
    W4: [ 0,  1,  2,  5,  8, 11, 12, 13, 19] < [ 3,  6,  9, 10, 14, 15, 16, 18, 20]
    Truth table row=[>, <, >, <, <] ix=180 result=[19-] is correct

Test 19+:
    W0: [ 0,  1,  4,  7, 10, 11, 13, 15, 17, 18] < [ 2,  3,  5,  6,  8,  9, 12, 14, 16, 19]
    W1: [ 0,  1,  4,  7, 16, 19] > [ 2,  3,  5,  6, 17, 18]
    W2: [ 0,  2,  3,  5,  6, 12, 14, 17, 18] < [ 4,  7,  8,  9, 11, 13, 15, 16, 19]
    W3: [ 1,  6,  9, 11, 14, 19] > [ 2,  7, 10, 12, 15, 16]
    W4: [ 0,  1,  2,  5,  8, 11, 12, 13, 19] > [ 3,  6,  9, 10, 14, 15, 16, 18, 20]
    Truth table row=[<, >, <, >, >] ix=62 result=[19+] is correct

Test 20-:
    W0: [ 0,  1,  4,  7, 10, 11, 13, 15, 17, 18] = [ 2,  3,  5,  6,  8,  9, 12, 14, 16, 19]
    W1: [ 0,  1,  4,  7, 16, 19] = [ 2,  3,  5,  6, 17, 18]
    W2: [ 0,  2,  3,  5,  6, 12, 14, 17, 18] = [ 4,  7,  8,  9, 11, 13, 15, 16, 19]
    W3: [ 1,  6,  9, 11, 14, 19] = [ 2,  7, 10, 12, 15, 16]
    W4: [ 0,  1,  2,  5,  8, 11, 12, 13, 19] > [ 3,  6,  9, 10, 14, 15, 16, 18, 20]
    Truth table row=[=, =, =, =, >] ix=122 result=[20-] is correct

Test 20+:
    W0: [ 0,  1,  4,  7, 10, 11, 13, 15, 17, 18] = [ 2,  3,  5,  6,  8,  9, 12, 14, 16, 19]
    W1: [ 0,  1,  4,  7, 16, 19] = [ 2,  3,  5,  6, 17, 18]
    W2: [ 0,  2,  3,  5,  6, 12, 14, 17, 18] = [ 4,  7,  8,  9, 11, 13, 15, 16, 19]
    W3: [ 1,  6,  9, 11, 14, 19] = [ 2,  7, 10, 12, 15, 16]
    W4: [ 0,  1,  2,  5,  8, 11, 12, 13, 19] < [ 3,  6,  9, 10, 14, 15, 16, 18, 20]
    Truth table row=[=, =, =, =, <] ix=120 result=[20+] is correct

Total correct results: 42
Total incorrect results: 0
