Solving for 33 balls and 4 weighings

Solution:
W0: [ 0,  2,  4,  6,  8, 10, 12, 14, 16, 18, 20, 22, 24] <=> [ 1,  3,  5,  7,  9, 11, 13, 15, 17, 19, 21, 23, 25]
W1: [ 1,  4,  9, 15, 17, 20, 22, 26, 27, 28, 29, 31] <=> [ 0,  3,  5, 10, 12, 13, 14, 16, 23, 25, 30, 32]
W2: [ 0,  2,  3,  7,  8,  9, 16, 18, 19, 23, 28, 31] <=> [ 5, 12, 13, 14, 17, 20, 24, 25, 26, 27, 29, 32]
W3: [ 0,  1,  4,  8,  9, 13, 14, 19, 21, 27, 31] <=> [ 7, 11, 15, 16, 18, 20, 23, 25, 26, 28, 30]

Truth Table:
ix  W0  W1  W2  W3   Result
 0   <   <   <   <   25+
 1   <   <   <   =   5+
 2   <   <   <   >   13+
 3   <   <   =   <   4-
 4   <   <   =   =   22-
 5   <   <   =   >
 6   <   <   >   <   23+
 7   <   <   >   =   3+
 8   <   <   >   >   20-
 9   <   =   <   <   8-
10   <   =   <   =   2-
11   <   =   <   >   18-
12   <   =   =   <   11+
13   <   =   =   =   6-
14   <   =   =   >   21+
15   <   =   >   <   7+
16   <   =   >   =   24-
17   <   =   >   >   19+
18   <   >   <   <   0-
19   <   >   <   =   17+
20   <   >   <   >   16-
21   <   >   =   <   15+
22   <   >   =   =   10-
23   <   >   =   >   1+
24   <   >   >   <   14-
25   <   >   >   =   12-
26   <   >   >   >   9+
27   =   <   <   <   31-
28   =   <   <   =   32+
29   =   <   <   >   28-
30   =   <   =   <   30+
31   =   <   =   =
32   =   <   =   >
33   =   <   >   <   27-
34   =   <   >   =   29-
35   =   <   >   >   26-
36   =   =   <   <
37   =   =   <   =
38   =   =   <   >
39   =   =   =   <
40   =   =   =   =
41   =   =   =   >
42   =   =   >   <
43   =   =   >   =
44   =   =   >   >
45   =   >   <   <   26+
46   =   >   <   =   29+
47   =   >   <   >   27+
48   =   >   =   <
49   =   >   =   =
50   =   >   =   >   30-
51   =   >   >   <   28+
52   =   >   >   =   32-
53   =   >   >   >   31+
54   >   <   <   <   9-
55   >   <   <   =   12+
56   >   <   <   >   14+
57   >   <   =   <   1-
58   >   <   =   =   10+
59   >   <   =   >   15-
60   >   <   >   <   16+
61   >   <   >   =   17-
62   >   <   >   >   0+
63   >   =   <   <   19-
64   >   =   <   =   24+
65   >   =   <   >   7-
66   >   =   =   <   21-
67   >   =   =   =   6+
68   >   =   =   >   11-
69   >   =   >   <   18+
70   >   =   >   =   2+
71   >   =   >   >   8+
72   >   >   <   <   20+
73   >   >   <   =   3-
74   >   >   <   >   23-
75   >   >   =   <
76   >   >   =   =   22+
77   >   >   =   >   4+
78   >   >   >   <   13-
79   >   >   >   =   5-
80   >   >   >   >   25-

Test 0-:
    W0: [ 0,  2,  4,  6,  8, 10, 12, 14, 16, 18, 20, 22, 24] < [ 1,  3,  5,  7,  9, 11, 13, 15, 17, 19, 21, 23, 25]
    W1: [ 1,  4,  9, 15, 17, 20, 22, 26, 27, 28, 29, 31] > [ 0,  3,  5, 10, 12, 13, 14, 16, 23, 25, 30, 32]
    W2: [ 0,  2,  3,  7,  8,  9, 16, 18, 19, 23, 28, 31] < [ 5, 12, 13, 14, 17, 20, 24, 25, 26, 27, 29, 32]
    W3: [ 0,  1,  4,  8,  9, 13, 14, 19, 21, 27, 31] < [ 7, 11, 15, 16, 18, 20, 23, 25, 26, 28, 30]
    Truth table result: ['0-'] is correct

Test 0+:
    W0: [ 0,  2,  4,  6,  8, 10, 12, 14, 16, 18, 20, 22, 24] > [ 1,  3,  5,  7,  9, 11, 13, 15, 17, 19, 21, 23, 25]
    W1: [ 1,  4,  9, 15, 17, 20, 22, 26, 27, 28, 29, 31] < [ 0,  3,  5, 10, 12, 13, 14, 16, 23, 25, 30, 32]
    W2: [ 0,  2,  3,  7,  8,  9, 16, 18, 19, 23, 28, 31] > [ 5, 12, 13, 14, 17, 20, 24, 25, 26, 27, 29, 32]
    W3: [ 0,  1,  4,  8,  9, 13, 14, 19, 21, 27, 31] > [ 7, 11, 15, 16, 18, 20, 23, 25, 26, 28, 30]
    Truth table result: ['0+'] is correct

Test 1-:
    W0: [ 0,  2,  4,  6,  8, 10, 12, 14, 16, 18, 20, 22, 24] > [ 1,  3,  5,  7,  9, 11, 13, 15, 17, 19, 21, 23, 25]
    W1: [ 1,  4,  9, 15, 17, 20, 22, 26, 27, 28, 29, 31] < [ 0,  3,  5, 10, 12, 13, 14, 16, 23, 25, 30, 32]
    W2: [ 0,  2,  3,  7,  8,  9, 16, 18, 19, 23, 28, 31] = [ 5, 12, 13, 14, 17, 20, 24, 25, 26, 27, 29, 32]
    W3: [ 0,  1,  4,  8,  9, 13, 14, 19, 21, 27, 31] < [ 7, 11, 15, 16, 18, 20, 23, 25, 26, 28, 30]
    Truth table result: ['1-'] is correct

Test 1+:
    W0: [ 0,  2,  4,  6,  8, 10, 12, 14, 16, 18, 20, 22, 24] < [ 1,  3,  5,  7,  9, 11, 13, 15, 17, 19, 21, 23, 25]
    W1: [ 1,  4,  9, 15, 17, 20, 22, 26, 27, 28, 29, 31] > [ 0,  3,  5, 10, 12, 13, 14, 16, 23, 25, 30, 32]
    W2: [ 0,  2,  3,  7,  8,  9, 16, 18, 19, 23, 28, 31] = [ 5, 12, 13, 14, 17, 20, 24, 25, 26, 27, 29, 32]
    W3: [ 0,  1,  4,  8,  9, 13, 14, 19, 21, 27, 31] > [ 7, 11, 15, 16, 18, 20, 23, 25, 26, 28, 30]
    Truth table result: ['1+'] is correct

Test 2-:
    W0: [ 0,  2,  4,  6,  8, 10, 12, 14, 16, 18, 20, 22, 24] < [ 1,  3,  5,  7,  9, 11, 13, 15, 17, 19, 21, 23, 25]
    W1: [ 1,  4,  9, 15, 17, 20, 22, 26, 27, 28, 29, 31] = [ 0,  3,  5, 10, 12, 13, 14, 16, 23, 25, 30, 32]
    W2: [ 0,  2,  3,  7,  8,  9, 16, 18, 19, 23, 28, 31] < [ 5, 12, 13, 14, 17, 20, 24, 25, 26, 27, 29, 32]
    W3: [ 0,  1,  4,  8,  9, 13, 14, 19, 21, 27, 31] = [ 7, 11, 15, 16, 18, 20, 23, 25, 26, 28, 30]
    Truth table result: ['2-'] is correct

Test 2+:
    W0: [ 0,  2,  4,  6,  8, 10, 12, 14, 16, 18, 20, 22, 24] > [ 1,  3,  5,  7,  9, 11, 13, 15, 17, 19, 21, 23, 25]
    W1: [ 1,  4,  9, 15, 17, 20, 22, 26, 27, 28, 29, 31] = [ 0,  3,  5, 10, 12, 13, 14, 16, 23, 25, 30, 32]
    W2: [ 0,  2,  3,  7,  8,  9, 16, 18, 19, 23, 28, 31] > [ 5, 12, 13, 14, 17, 20, 24, 25, 26, 27, 29, 32]
    W3: [ 0,  1,  4,  8,  9, 13, 14, 19, 21, 27, 31] = [ 7, 11, 15, 16, 18, 20, 23, 25, 26, 28, 30]
    Truth table result: ['2+'] is correct

Test 3-:
    W0: [ 0,  2,  4,  6,  8, 10, 12, 14, 16, 18, 20, 22, 24] > [ 1,  3,  5,  7,  9, 11, 13, 15, 17, 19, 21, 23, 25]
    W1: [ 1,  4,  9, 15, 17, 20, 22, 26, 27, 28, 29, 31] > [ 0,  3,  5, 10, 12, 13, 14, 16, 23, 25, 30, 32]
    W2: [ 0,  2,  3,  7,  8,  9, 16, 18, 19, 23, 28, 31] < [ 5, 12, 13, 14, 17, 20, 24, 25, 26, 27, 29, 32]
    W3: [ 0,  1,  4,  8,  9, 13, 14, 19, 21, 27, 31] = [ 7, 11, 15, 16, 18, 20, 23, 25, 26, 28, 30]
    Truth table result: ['3-'] is correct

Test 3+:
    W0: [ 0,  2,  4,  6,  8, 10, 12, 14, 16, 18, 20, 22, 24] < [ 1,  3,  5,  7,  9, 11, 13, 15, 17, 19, 21, 23, 25]
    W1: [ 1,  4,  9, 15, 17, 20, 22, 26, 27, 28, 29, 31] < [ 0,  3,  5, 10, 12, 13, 14, 16, 23, 25, 30, 32]
    W2: [ 0,  2,  3,  7,  8,  9, 16, 18, 19, 23, 28, 31] > [ 5, 12, 13, 14, 17, 20, 24, 25, 26, 27, 29, 32]
    W3: [ 0,  1,  4,  8,  9, 13, 14, 19, 21, 27, 31] = [ 7, 11, 15, 16, 18, 20, 23, 25, 26, 28, 30]
    Truth table result: ['3+'] is correct

Test 4-:
    W0: [ 0,  2,  4,  6,  8, 10, 12, 14, 16, 18, 20, 22, 24] < [ 1,  3,  5,  7,  9, 11, 13, 15, 17, 19, 21, 23, 25]
    W1: [ 1,  4,  9, 15, 17, 20, 22, 26, 27, 28, 29, 31] < [ 0,  3,  5, 10, 12, 13, 14, 16, 23, 25, 30, 32]
    W2: [ 0,  2,  3,  7,  8,  9, 16, 18, 19, 23, 28, 31] = [ 5, 12, 13, 14, 17, 20, 24, 25, 26, 27, 29, 32]
    W3: [ 0,  1,  4,  8,  9, 13, 14, 19, 21, 27, 31] < [ 7, 11, 15, 16, 18, 20, 23, 25, 26, 28, 30]
    Truth table result: ['4-'] is correct

Test 4+:
    W0: [ 0,  2,  4,  6,  8, 10, 12, 14, 16, 18, 20, 22, 24] > [ 1,  3,  5,  7,  9, 11, 13, 15, 17, 19, 21, 23, 25]
    W1: [ 1,  4,  9, 15, 17, 20, 22, 26, 27, 28, 29, 31] > [ 0,  3,  5, 10, 12, 13, 14, 16, 23, 25, 30, 32]
    W2: [ 0,  2,  3,  7,  8,  9, 16, 18, 19, 23, 28, 31] = [ 5, 12, 13, 14, 17, 20, 24, 25, 26, 27, 29, 32]
    W3: [ 0,  1,  4,  8,  9, 13, 14, 19, 21, 27, 31] > [ 7, 11, 15, 16, 18, 20, 23, 25, 26, 28, 30]
    Truth table result: ['4+'] is correct

Test 5-:
    W0: [ 0,  2,  4,  6,  8, 10, 12, 14, 16, 18, 20, 22, 24] > [ 1,  3,  5,  7,  9, 11, 13, 15, 17, 19, 21, 23, 25]
    W1: [ 1,  4,  9, 15, 17, 20, 22, 26, 27, 28, 29, 31] > [ 0,  3,  5, 10, 12, 13, 14, 16, 23, 25, 30, 32]
    W2: [ 0,  2,  3,  7,  8,  9, 16, 18, 19, 23, 28, 31] > [ 5, 12, 13, 14, 17, 20, 24, 25, 26, 27, 29, 32]
    W3: [ 0,  1,  4,  8,  9, 13, 14, 19, 21, 27, 31] = [ 7, 11, 15, 16, 18, 20, 23, 25, 26, 28, 30]
    Truth table result: ['5-'] is correct

Test 5+:
    W0: [ 0,  2,  4,  6,  8, 10, 12, 14, 16, 18, 20, 22, 24] < [ 1,  3,  5,  7,  9, 11, 13, 15, 17, 19, 21, 23, 25]
    W1: [ 1,  4,  9, 15, 17, 20, 22, 26, 27, 28, 29, 31] < [ 0,  3,  5, 10, 12, 13, 14, 16, 23, 25, 30, 32]
    W2: [ 0,  2,  3,  7,  8,  9, 16, 18, 19, 23, 28, 31] < [ 5, 12, 13, 14, 17, 20, 24, 25, 26, 27, 29, 32]
    W3: [ 0,  1,  4,  8,  9, 13, 14, 19, 21, 27, 31] = [ 7, 11, 15, 16, 18, 20, 23, 25, 26, 28, 30]
    Truth table result: ['5+'] is correct

Test 6-:
    W0: [ 0,  2,  4,  6,  8, 10, 12, 14, 16, 18, 20, 22, 24] < [ 1,  3,  5,  7,  9, 11, 13, 15, 17, 19, 21, 23, 25]
    W1: [ 1,  4,  9, 15, 17, 20, 22, 26, 27, 28, 29, 31] = [ 0,  3,  5, 10, 12, 13, 14, 16, 23, 25, 30, 32]
    W2: [ 0,  2,  3,  7,  8,  9, 16, 18, 19, 23, 28, 31] = [ 5, 12, 13, 14, 17, 20, 24, 25, 26, 27, 29, 32]
    W3: [ 0,  1,  4,  8,  9, 13, 14, 19, 21, 27, 31] = [ 7, 11, 15, 16, 18, 20, 23, 25, 26, 28, 30]
    Truth table result: ['6-'] is correct

Test 6+:
    W0: [ 0,  2,  4,  6,  8, 10, 12, 14, 16, 18, 20, 22, 24] > [ 1,  3,  5,  7,  9, 11, 13, 15, 17, 19, 21, 23, 25]
    W1: [ 1,  4,  9, 15, 17, 20, 22, 26, 27, 28, 29, 31] = [ 0,  3,  5, 10, 12, 13, 14, 16, 23, 25, 30, 32]
    W2: [ 0,  2,  3,  7,  8,  9, 16, 18, 19, 23, 28, 31] = [ 5, 12, 13, 14, 17, 20, 24, 25, 26, 27, 29, 32]
    W3: [ 0,  1,  4,  8,  9, 13, 14, 19, 21, 27, 31] = [ 7, 11, 15, 16, 18, 20, 23, 25, 26, 28, 30]
    Truth table result: ['6+'] is correct

Test 7-:
    W0: [ 0,  2,  4,  6,  8, 10, 12, 14, 16, 18, 20, 22, 24] > [ 1,  3,  5,  7,  9, 11, 13, 15, 17, 19, 21, 23, 25]
    W1: [ 1,  4,  9, 15, 17, 20, 22, 26, 27, 28, 29, 31] = [ 0,  3,  5, 10, 12, 13, 14, 16, 23, 25, 30, 32]
    W2: [ 0,  2,  3,  7,  8,  9, 16, 18, 19, 23, 28, 31] < [ 5, 12, 13, 14, 17, 20, 24, 25, 26, 27, 29, 32]
    W3: [ 0,  1,  4,  8,  9, 13, 14, 19, 21, 27, 31] > [ 7, 11, 15, 16, 18, 20, 23, 25, 26, 28, 30]
    Truth table result: ['7-'] is correct

Test 7+:
    W0: [ 0,  2,  4,  6,  8, 10, 12, 14, 16, 18, 20, 22, 24] < [ 1,  3,  5,  7,  9, 11, 13, 15, 17, 19, 21, 23, 25]
    W1: [ 1,  4,  9, 15, 17, 20, 22, 26, 27, 28, 29, 31] = [ 0,  3,  5, 10, 12, 13, 14, 16, 23, 25, 30, 32]
    W2: [ 0,  2,  3,  7,  8,  9, 16, 18, 19, 23, 28, 31] > [ 5, 12, 13, 14, 17, 20, 24, 25, 26, 27, 29, 32]
    W3: [ 0,  1,  4,  8,  9, 13, 14, 19, 21, 27, 31] < [ 7, 11, 15, 16, 18, 20, 23, 25, 26, 28, 30]
    Truth table result: ['7+'] is correct

Test 8-:
    W0: [ 0,  2,  4,  6,  8, 10, 12, 14, 16, 18, 20, 22, 24] < [ 1,  3,  5,  7,  9, 11, 13, 15, 17, 19, 21, 23, 25]
    W1: [ 1,  4,  9, 15, 17, 20, 22, 26, 27, 28, 29, 31] = [ 0,  3,  5, 10, 12, 13, 14, 16, 23, 25, 30, 32]
    W2: [ 0,  2,  3,  7,  8,  9, 16, 18, 19, 23, 28, 31] < [ 5, 12, 13, 14, 17, 20, 24, 25, 26, 27, 29, 32]
    W3: [ 0,  1,  4,  8,  9, 13, 14, 19, 21, 27, 31] < [ 7, 11, 15, 16, 18, 20, 23, 25, 26, 28, 30]
    Truth table result: ['8-'] is correct

Test 8+:
    W0: [ 0,  2,  4,  6,  8, 10, 12, 14, 16, 18, 20, 22, 24] > [ 1,  3,  5,  7,  9, 11, 13, 15, 17, 19, 21, 23, 25]
    W1: [ 1,  4,  9, 15, 17, 20, 22, 26, 27, 28, 29, 31] = [ 0,  3,  5, 10, 12, 13, 14, 16, 23, 25, 30, 32]
    W2: [ 0,  2,  3,  7,  8,  9, 16, 18, 19, 23, 28, 31] > [ 5, 12, 13, 14, 17, 20, 24, 25, 26, 27, 29, 32]
    W3: [ 0,  1,  4,  8,  9, 13, 14, 19, 21, 27, 31] > [ 7, 11, 15, 16, 18, 20, 23, 25, 26, 28, 30]
    Truth table result: ['8+'] is correct

Test 9-:
    W0: [ 0,  2,  4,  6,  8, 10, 12, 14, 16, 18, 20, 22, 24] > [ 1,  3,  5,  7,  9, 11, 13, 15, 17, 19, 21, 23, 25]
    W1: [ 1,  4,  9, 15, 17, 20, 22, 26, 27, 28, 29, 31] < [ 0,  3,  5, 10, 12, 13, 14, 16, 23, 25, 30, 32]
    W2: [ 0,  2,  3,  7,  8,  9, 16, 18, 19, 23, 28, 31] < [ 5, 12, 13, 14, 17, 20, 24, 25, 26, 27, 29, 32]
    W3: [ 0,  1,  4,  8,  9, 13, 14, 19, 21, 27, 31] < [ 7, 11, 15, 16, 18, 20, 23, 25, 26, 28, 30]
    Truth table result: ['9-'] is correct

Test 9+:
    W0: [ 0,  2,  4,  6,  8, 10, 12, 14, 16, 18, 20, 22, 24] < [ 1,  3,  5,  7,  9, 11, 13, 15, 17, 19, 21, 23, 25]
    W1: [ 1,  4,  9, 15, 17, 20, 22, 26, 27, 28, 29, 31] > [ 0,  3,  5, 10, 12, 13, 14, 16, 23, 25, 30, 32]
    W2: [ 0,  2,  3,  7,  8,  9, 16, 18, 19, 23, 28, 31] > [ 5, 12, 13, 14, 17, 20, 24, 25, 26, 27, 29, 32]
    W3: [ 0,  1,  4,  8,  9, 13, 14, 19, 21, 27, 31] > [ 7, 11, 15, 16, 18, 20, 23, 25, 26, 28, 30]
    Truth table result: ['9+'] is correct

Test 10-:
    W0: [ 0,  2,  4,  6,  8, 10, 12, 14, 16, 18, 20, 22, 24] < [ 1,  3,  5,  7,  9, 11, 13, 15, 17, 19, 21, 23, 25]
    W1: [ 1,  4,  9, 15, 17, 20, 22, 26, 27, 28, 29, 31] > [ 0,  3,  5, 10, 12, 13, 14, 16, 23, 25, 30, 32]
    W2: [ 0,  2,  3,  7,  8,  9, 16, 18, 19, 23, 28, 31] = [ 5, 12, 13, 14, 17, 20, 24, 25, 26, 27, 29, 32]
    W3: [ 0,  1,  4,  8,  9, 13, 14, 19, 21, 27, 31] = [ 7, 11, 15, 16, 18, 20, 23, 25, 26, 28, 30]
    Truth table result: ['10-'] is correct

Test 10+:
    W0: [ 0,  2,  4,  6,  8, 10, 12, 14, 16, 18, 20, 22, 24] > [ 1,  3,  5,  7,  9, 11, 13, 15, 17, 19, 21, 23, 25]
    W1: [ 1,  4,  9, 15, 17, 20, 22, 26, 27, 28, 29, 31] < [ 0,  3,  5, 10, 12, 13, 14, 16, 23, 25, 30, 32]
    W2: [ 0,  2,  3,  7,  8,  9, 16, 18, 19, 23, 28, 31] = [ 5, 12, 13, 14, 17, 20, 24, 25, 26, 27, 29, 32]
    W3: [ 0,  1,  4,  8,  9, 13, 14, 19, 21, 27, 31] = [ 7, 11, 15, 16, 18, 20, 23, 25, 26, 28, 30]
    Truth table result: ['10+'] is correct

Test 11-:
    W0: [ 0,  2,  4,  6,  8, 10, 12, 14, 16, 18, 20, 22, 24] > [ 1,  3,  5,  7,  9, 11, 13, 15, 17, 19, 21, 23, 25]
    W1: [ 1,  4,  9, 15, 17, 20, 22, 26, 27, 28, 29, 31] = [ 0,  3,  5, 10, 12, 13, 14, 16, 23, 25, 30, 32]
    W2: [ 0,  2,  3,  7,  8,  9, 16, 18, 19, 23, 28, 31] = [ 5, 12, 13, 14, 17, 20, 24, 25, 26, 27, 29, 32]
    W3: [ 0,  1,  4,  8,  9, 13, 14, 19, 21, 27, 31] > [ 7, 11, 15, 16, 18, 20, 23, 25, 26, 28, 30]
    Truth table result: ['11-'] is correct

Test 11+:
    W0: [ 0,  2,  4,  6,  8, 10, 12, 14, 16, 18, 20, 22, 24] < [ 1,  3,  5,  7,  9, 11, 13, 15, 17, 19, 21, 23, 25]
    W1: [ 1,  4,  9, 15, 17, 20, 22, 26, 27, 28, 29, 31] = [ 0,  3,  5, 10, 12, 13, 14, 16, 23, 25, 30, 32]
    W2: [ 0,  2,  3,  7,  8,  9, 16, 18, 19, 23, 28, 31] = [ 5, 12, 13, 14, 17, 20, 24, 25, 26, 27, 29, 32]
    W3: [ 0,  1,  4,  8,  9, 13, 14, 19, 21, 27, 31] < [ 7, 11, 15, 16, 18, 20, 23, 25, 26, 28, 30]
    Truth table result: ['11+'] is correct

Test 12-:
    W0: [ 0,  2,  4,  6,  8, 10, 12, 14, 16, 18, 20, 22, 24] < [ 1,  3,  5,  7,  9, 11, 13, 15, 17, 19, 21, 23, 25]
    W1: [ 1,  4,  9, 15, 17, 20, 22, 26, 27, 28, 29, 31] > [ 0,  3,  5, 10, 12, 13, 14, 16, 23, 25, 30, 32]
    W2: [ 0,  2,  3,  7,  8,  9, 16, 18, 19, 23, 28, 31] > [ 5, 12, 13, 14, 17, 20, 24, 25, 26, 27, 29, 32]
    W3: [ 0,  1,  4,  8,  9, 13, 14, 19, 21, 27, 31] = [ 7, 11, 15, 16, 18, 20, 23, 25, 26, 28, 30]
    Truth table result: ['12-'] is correct

Test 12+:
    W0: [ 0,  2,  4,  6,  8, 10, 12, 14, 16, 18, 20, 22, 24] > [ 1,  3,  5,  7,  9, 11, 13, 15, 17, 19, 21, 23, 25]
    W1: [ 1,  4,  9, 15, 17, 20, 22, 26, 27, 28, 29, 31] < [ 0,  3,  5, 10, 12, 13, 14, 16, 23, 25, 30, 32]
    W2: [ 0,  2,  3,  7,  8,  9, 16, 18, 19, 23, 28, 31] < [ 5, 12, 13, 14, 17, 20, 24, 25, 26, 27, 29, 32]
    W3: [ 0,  1,  4,  8,  9, 13, 14, 19, 21, 27, 31] = [ 7, 11, 15, 16, 18, 20, 23, 25, 26, 28, 30]
    Truth table result: ['12+'] is correct

Test 13-:
    W0: [ 0,  2,  4,  6,  8, 10, 12, 14, 16, 18, 20, 22, 24] > [ 1,  3,  5,  7,  9, 11, 13, 15, 17, 19, 21, 23, 25]
    W1: [ 1,  4,  9, 15, 17, 20, 22, 26, 27, 28, 29, 31] > [ 0,  3,  5, 10, 12, 13, 14, 16, 23, 25, 30, 32]
    W2: [ 0,  2,  3,  7,  8,  9, 16, 18, 19, 23, 28, 31] > [ 5, 12, 13, 14, 17, 20, 24, 25, 26, 27, 29, 32]
    W3: [ 0,  1,  4,  8,  9, 13, 14, 19, 21, 27, 31] < [ 7, 11, 15, 16, 18, 20, 23, 25, 26, 28, 30]
    Truth table result: ['13-'] is correct

Test 13+:
    W0: [ 0,  2,  4,  6,  8, 10, 12, 14, 16, 18, 20, 22, 24] < [ 1,  3,  5,  7,  9, 11, 13, 15, 17, 19, 21, 23, 25]
    W1: [ 1,  4,  9, 15, 17, 20, 22, 26, 27, 28, 29, 31] < [ 0,  3,  5, 10, 12, 13, 14, 16, 23, 25, 30, 32]
    W2: [ 0,  2,  3,  7,  8,  9, 16, 18, 19, 23, 28, 31] < [ 5, 12, 13, 14, 17, 20, 24, 25, 26, 27, 29, 32]
    W3: [ 0,  1,  4,  8,  9, 13, 14, 19, 21, 27, 31] > [ 7, 11, 15, 16, 18, 20, 23, 25, 26, 28, 30]
    Truth table result: ['13+'] is correct

Test 14-:
    W0: [ 0,  2,  4,  6,  8, 10, 12, 14, 16, 18, 20, 22, 24] < [ 1,  3,  5,  7,  9, 11, 13, 15, 17, 19, 21, 23, 25]
    W1: [ 1,  4,  9, 15, 17, 20, 22, 26, 27, 28, 29, 31] > [ 0,  3,  5, 10, 12, 13, 14, 16, 23, 25, 30, 32]
    W2: [ 0,  2,  3,  7,  8,  9, 16, 18, 19, 23, 28, 31] > [ 5, 12, 13, 14, 17, 20, 24, 25, 26, 27, 29, 32]
    W3: [ 0,  1,  4,  8,  9, 13, 14, 19, 21, 27, 31] < [ 7, 11, 15, 16, 18, 20, 23, 25, 26, 28, 30]
    Truth table result: ['14-'] is correct

Test 14+:
    W0: [ 0,  2,  4,  6,  8, 10, 12, 14, 16, 18, 20, 22, 24] > [ 1,  3,  5,  7,  9, 11, 13, 15, 17, 19, 21, 23, 25]
    W1: [ 1,  4,  9, 15, 17, 20, 22, 26, 27, 28, 29, 31] < [ 0,  3,  5, 10, 12, 13, 14, 16, 23, 25, 30, 32]
    W2: [ 0,  2,  3,  7,  8,  9, 16, 18, 19, 23, 28, 31] < [ 5, 12, 13, 14, 17, 20, 24, 25, 26, 27, 29, 32]
    W3: [ 0,  1,  4,  8,  9, 13, 14, 19, 21, 27, 31] > [ 7, 11, 15, 16, 18, 20, 23, 25, 26, 28, 30]
    Truth table result: ['14+'] is correct

Test 15-:
    W0: [ 0,  2,  4,  6,  8, 10, 12, 14, 16, 18, 20, 22, 24] > [ 1,  3,  5,  7,  9, 11, 13, 15, 17, 19, 21, 23, 25]
    W1: [ 1,  4,  9, 15, 17, 20, 22, 26, 27, 28, 29, 31] < [ 0,  3,  5, 10, 12, 13, 14, 16, 23, 25, 30, 32]
    W2: [ 0,  2,  3,  7,  8,  9, 16, 18, 19, 23, 28, 31] = [ 5, 12, 13, 14, 17, 20, 24, 25, 26, 27, 29, 32]
    W3: [ 0,  1,  4,  8,  9, 13, 14, 19, 21, 27, 31] > [ 7, 11, 15, 16, 18, 20, 23, 25, 26, 28, 30]
    Truth table result: ['15-'] is correct

Test 15+:
    W0: [ 0,  2,  4,  6,  8, 10, 12, 14, 16, 18, 20, 22, 24] < [ 1,  3,  5,  7,  9, 11, 13, 15, 17, 19, 21, 23, 25]
    W1: [ 1,  4,  9, 15, 17, 20, 22, 26, 27, 28, 29, 31] > [ 0,  3,  5, 10, 12, 13, 14, 16, 23, 25, 30, 32]
    W2: [ 0,  2,  3,  7,  8,  9, 16, 18, 19, 23, 28, 31] = [ 5, 12, 13, 14, 17, 20, 24, 25, 26, 27, 29, 32]
    W3: [ 0,  1,  4,  8,  9, 13, 14, 19, 21, 27, 31] < [ 7, 11, 15, 16, 18, 20, 23, 25, 26, 28, 30]
    Truth table result: ['15+'] is correct

Test 16-:
    W0: [ 0,  2,  4,  6,  8, 10, 12, 14, 16, 18, 20, 22, 24] < [ 1,  3,  5,  7,  9, 11, 13, 15, 17, 19, 21, 23, 25]
    W1: [ 1,  4,  9, 15, 17, 20, 22, 26, 27, 28, 29, 31] > [ 0,  3,  5, 10, 12, 13, 14, 16, 23, 25, 30, 32]
    W2: [ 0,  2,  3,  7,  8,  9, 16, 18, 19, 23, 28, 31] < [ 5, 12, 13, 14, 17, 20, 24, 25, 26, 27, 29, 32]
    W3: [ 0,  1,  4,  8,  9, 13, 14, 19, 21, 27, 31] > [ 7, 11, 15, 16, 18, 20, 23, 25, 26, 28, 30]
    Truth table result: ['16-'] is correct

Test 16+:
    W0: [ 0,  2,  4,  6,  8, 10, 12, 14, 16, 18, 20, 22, 24] > [ 1,  3,  5,  7,  9, 11, 13, 15, 17, 19, 21, 23, 25]
    W1: [ 1,  4,  9, 15, 17, 20, 22, 26, 27, 28, 29, 31] < [ 0,  3,  5, 10, 12, 13, 14, 16, 23, 25, 30, 32]
    W2: [ 0,  2,  3,  7,  8,  9, 16, 18, 19, 23, 28, 31] > [ 5, 12, 13, 14, 17, 20, 24, 25, 26, 27, 29, 32]
    W3: [ 0,  1,  4,  8,  9, 13, 14, 19, 21, 27, 31] < [ 7, 11, 15, 16, 18, 20, 23, 25, 26, 28, 30]
    Truth table result: ['16+'] is correct

Test 17-:
    W0: [ 0,  2,  4,  6,  8, 10, 12, 14, 16, 18, 20, 22, 24] > [ 1,  3,  5,  7,  9, 11, 13, 15, 17, 19, 21, 23, 25]
    W1: [ 1,  4,  9, 15, 17, 20, 22, 26, 27, 28, 29, 31] < [ 0,  3,  5, 10, 12, 13, 14, 16, 23, 25, 30, 32]
    W2: [ 0,  2,  3,  7,  8,  9, 16, 18, 19, 23, 28, 31] > [ 5, 12, 13, 14, 17, 20, 24, 25, 26, 27, 29, 32]
    W3: [ 0,  1,  4,  8,  9, 13, 14, 19, 21, 27, 31] = [ 7, 11, 15, 16, 18, 20, 23, 25, 26, 28, 30]
    Truth table result: ['17-'] is correct

Test 17+:
    W0: [ 0,  2,  4,  6,  8, 10, 12, 14, 16, 18, 20, 22, 24] < [ 1,  3,  5,  7,  9, 11, 13, 15, 17, 19, 21, 23, 25]
    W1: [ 1,  4,  9, 15, 17, 20, 22, 26, 27, 28, 29, 31] > [ 0,  3,  5, 10, 12, 13, 14, 16, 23, 25, 30, 32]
    W2: [ 0,  2,  3,  7,  8,  9, 16, 18, 19, 23, 28, 31] < [ 5, 12, 13, 14, 17, 20, 24, 25, 26, 27, 29, 32]
    W3: [ 0,  1,  4,  8,  9, 13, 14, 19, 21, 27, 31] = [ 7, 11, 15, 16, 18, 20, 23, 25, 26, 28, 30]
    Truth table result: ['17+'] is correct

Test 18-:
    W0: [ 0,  2,  4,  6,  8, 10, 12, 14, 16, 18, 20, 22, 24] < [ 1,  3,  5,  7,  9, 11, 13, 15, 17, 19, 21, 23, 25]
    W1: [ 1,  4,  9, 15, 17, 20, 22, 26, 27, 28, 29, 31] = [ 0,  3,  5, 10, 12, 13, 14, 16, 23, 25, 30, 32]
    W2: [ 0,  2,  3,  7,  8,  9, 16, 18, 19, 23, 28, 31] < [ 5, 12, 13, 14, 17, 20, 24, 25, 26, 27, 29, 32]
    W3: [ 0,  1,  4,  8,  9, 13, 14, 19, 21, 27, 31] > [ 7, 11, 15, 16, 18, 20, 23, 25, 26, 28, 30]
    Truth table result: ['18-'] is correct

Test 18+:
    W0: [ 0,  2,  4,  6,  8, 10, 12, 14, 16, 18, 20, 22, 24] > [ 1,  3,  5,  7,  9, 11, 13, 15, 17, 19, 21, 23, 25]
    W1: [ 1,  4,  9, 15, 17, 20, 22, 26, 27, 28, 29, 31] = [ 0,  3,  5, 10, 12, 13, 14, 16, 23, 25, 30, 32]
    W2: [ 0,  2,  3,  7,  8,  9, 16, 18, 19, 23, 28, 31] > [ 5, 12, 13, 14, 17, 20, 24, 25, 26, 27, 29, 32]
    W3: [ 0,  1,  4,  8,  9, 13, 14, 19, 21, 27, 31] < [ 7, 11, 15, 16, 18, 20, 23, 25, 26, 28, 30]
    Truth table result: ['18+'] is correct

Test 19-:
    W0: [ 0,  2,  4,  6,  8, 10, 12, 14, 16, 18, 20, 22, 24] > [ 1,  3,  5,  7,  9, 11, 13, 15, 17, 19, 21, 23, 25]
    W1: [ 1,  4,  9, 15, 17, 20, 22, 26, 27, 28, 29, 31] = [ 0,  3,  5, 10, 12, 13, 14, 16, 23, 25, 30, 32]
    W2: [ 0,  2,  3,  7,  8,  9, 16, 18, 19, 23, 28, 31] < [ 5, 12, 13, 14, 17, 20, 24, 25, 26, 27, 29, 32]
    W3: [ 0,  1,  4,  8,  9, 13, 14, 19, 21, 27, 31] < [ 7, 11, 15, 16, 18, 20, 23, 25, 26, 28, 30]
    Truth table result: ['19-'] is correct

Test 19+:
    W0: [ 0,  2,  4,  6,  8, 10, 12, 14, 16, 18, 20, 22, 24] < [ 1,  3,  5,  7,  9, 11, 13, 15, 17, 19, 21, 23, 25]
    W1: [ 1,  4,  9, 15, 17, 20, 22, 26, 27, 28, 29, 31] = [ 0,  3,  5, 10, 12, 13, 14, 16, 23, 25, 30, 32]
    W2: [ 0,  2,  3,  7,  8,  9, 16, 18, 19, 23, 28, 31] > [ 5, 12, 13, 14, 17, 20, 24, 25, 26, 27, 29, 32]
    W3: [ 0,  1,  4,  8,  9, 13, 14, 19, 21, 27, 31] > [ 7, 11, 15, 16, 18, 20, 23, 25, 26, 28, 30]
    Truth table result: ['19+'] is correct

Test 20-:
    W0: [ 0,  2,  4,  6,  8, 10, 12, 14, 16, 18, 20, 22, 24] < [ 1,  3,  5,  7,  9, 11, 13, 15, 17, 19, 21, 23, 25]
    W1: [ 1,  4,  9, 15, 17, 20, 22, 26, 27, 28, 29, 31] < [ 0,  3,  5, 10, 12, 13, 14, 16, 23, 25, 30, 32]
    W2: [ 0,  2,  3,  7,  8,  9, 16, 18, 19, 23, 28, 31] > [ 5, 12, 13, 14, 17, 20, 24, 25, 26, 27, 29, 32]
    W3: [ 0,  1,  4,  8,  9, 13, 14, 19, 21, 27, 31] > [ 7, 11, 15, 16, 18, 20, 23, 25, 26, 28, 30]
    Truth table result: ['20-'] is correct

Test 20+:
    W0: [ 0,  2,  4,  6,  8, 10, 12, 14, 16, 18, 20, 22, 24] > [ 1,  3,  5,  7,  9, 11, 13, 15, 17, 19, 21, 23, 25]
    W1: [ 1,  4,  9, 15, 17, 20, 22, 26, 27, 28, 29, 31] > [ 0,  3,  5, 10, 12, 13, 14, 16, 23, 25, 30, 32]
    W2: [ 0,  2,  3,  7,  8,  9, 16, 18, 19, 23, 28, 31] < [ 5, 12, 13, 14, 17, 20, 24, 25, 26, 27, 29, 32]
    W3: [ 0,  1,  4,  8,  9, 13, 14, 19, 21, 27, 31] < [ 7, 11, 15, 16, 18, 20, 23, 25, 26, 28, 30]
    Truth table result: ['20+'] is correct

Test 21-:
    W0: [ 0,  2,  4,  6,  8, 10, 12, 14, 16, 18, 20, 22, 24] > [ 1,  3,  5,  7,  9, 11, 13, 15, 17, 19, 21, 23, 25]
    W1: [ 1,  4,  9, 15, 17, 20, 22, 26, 27, 28, 29, 31] = [ 0,  3,  5, 10, 12, 13, 14, 16, 23, 25, 30, 32]
    W2: [ 0,  2,  3,  7,  8,  9, 16, 18, 19, 23, 28, 31] = [ 5, 12, 13, 14, 17, 20, 24, 25, 26, 27, 29, 32]
    W3: [ 0,  1,  4,  8,  9, 13, 14, 19, 21, 27, 31] < [ 7, 11, 15, 16, 18, 20, 23, 25, 26, 28, 30]
    Truth table result: ['21-'] is correct

Test 21+:
    W0: [ 0,  2,  4,  6,  8, 10, 12, 14, 16, 18, 20, 22, 24] < [ 1,  3,  5,  7,  9, 11, 13, 15, 17, 19, 21, 23, 25]
    W1: [ 1,  4,  9, 15, 17, 20, 22, 26, 27, 28, 29, 31] = [ 0,  3,  5, 10, 12, 13, 14, 16, 23, 25, 30, 32]
    W2: [ 0,  2,  3,  7,  8,  9, 16, 18, 19, 23, 28, 31] = [ 5, 12, 13, 14, 17, 20, 24, 25, 26, 27, 29, 32]
    W3: [ 0,  1,  4,  8,  9, 13, 14, 19, 21, 27, 31] > [ 7, 11, 15, 16, 18, 20, 23, 25, 26, 28, 30]
    Truth table result: ['21+'] is correct

Test 22-:
    W0: [ 0,  2,  4,  6,  8, 10, 12, 14, 16, 18, 20, 22, 24] < [ 1,  3,  5,  7,  9, 11, 13, 15, 17, 19, 21, 23, 25]
    W1: [ 1,  4,  9, 15, 17, 20, 22, 26, 27, 28, 29, 31] < [ 0,  3,  5, 10, 12, 13, 14, 16, 23, 25, 30, 32]
    W2: [ 0,  2,  3,  7,  8,  9, 16, 18, 19, 23, 28, 31] = [ 5, 12, 13, 14, 17, 20, 24, 25, 26, 27, 29, 32]
    W3: [ 0,  1,  4,  8,  9, 13, 14, 19, 21, 27, 31] = [ 7, 11, 15, 16, 18, 20, 23, 25, 26, 28, 30]
    Truth table result: ['22-'] is correct

Test 22+:
    W0: [ 0,  2,  4,  6,  8, 10, 12, 14, 16, 18, 20, 22, 24] > [ 1,  3,  5,  7,  9, 11, 13, 15, 17, 19, 21, 23, 25]
    W1: [ 1,  4,  9, 15, 17, 20, 22, 26, 27, 28, 29, 31] > [ 0,  3,  5, 10, 12, 13, 14, 16, 23, 25, 30, 32]
    W2: [ 0,  2,  3,  7,  8,  9, 16, 18, 19, 23, 28, 31] = [ 5, 12, 13, 14, 17, 20, 24, 25, 26, 27, 29, 32]
    W3: [ 0,  1,  4,  8,  9, 13, 14, 19, 21, 27, 31] = [ 7, 11, 15, 16, 18, 20, 23, 25, 26, 28, 30]
    Truth table result: ['22+'] is correct

Test 23-:
    W0: [ 0,  2,  4,  6,  8, 10, 12, 14, 16, 18, 20, 22, 24] > [ 1,  3,  5,  7,  9, 11, 13, 15, 17, 19, 21, 23, 25]
    W1: [ 1,  4,  9, 15, 17, 20, 22, 26, 27, 28, 29, 31] > [ 0,  3,  5, 10, 12, 13, 14, 16, 23, 25, 30, 32]
    W2: [ 0,  2,  3,  7,  8,  9, 16, 18, 19, 23, 28, 31] < [ 5, 12, 13, 14, 17, 20, 24, 25, 26, 27, 29, 32]
    W3: [ 0,  1,  4,  8,  9, 13, 14, 19, 21, 27, 31] > [ 7, 11, 15, 16, 18, 20, 23, 25, 26, 28, 30]
    Truth table result: ['23-'] is correct

Test 23+:
    W0: [ 0,  2,  4,  6,  8, 10, 12, 14, 16, 18, 20, 22, 24] < [ 1,  3,  5,  7,  9, 11, 13, 15, 17, 19, 21, 23, 25]
    W1: [ 1,  4,  9, 15, 17, 20, 22, 26, 27, 28, 29, 31] < [ 0,  3,  5, 10, 12, 13, 14, 16, 23, 25, 30, 32]
    W2: [ 0,  2,  3,  7,  8,  9, 16, 18, 19, 23, 28, 31] > [ 5, 12, 13, 14, 17, 20, 24, 25, 26, 27, 29, 32]
    W3: [ 0,  1,  4,  8,  9, 13, 14, 19, 21, 27, 31] < [ 7, 11, 15, 16, 18, 20, 23, 25, 26, 28, 30]
    Truth table result: ['23+'] is correct

Test 24-:
    W0: [ 0,  2,  4,  6,  8, 10, 12, 14, 16, 18, 20, 22, 24] < [ 1,  3,  5,  7,  9, 11, 13, 15, 17, 19, 21, 23, 25]
    W1: [ 1,  4,  9, 15, 17, 20, 22, 26, 27, 28, 29, 31] = [ 0,  3,  5, 10, 12, 13, 14, 16, 23, 25, 30, 32]
    W2: [ 0,  2,  3,  7,  8,  9, 16, 18, 19, 23, 28, 31] > [ 5, 12, 13, 14, 17, 20, 24, 25, 26, 27, 29, 32]
    W3: [ 0,  1,  4,  8,  9, 13, 14, 19, 21, 27, 31] = [ 7, 11, 15, 16, 18, 20, 23, 25, 26, 28, 30]
    Truth table result: ['24-'] is correct

Test 24+:
    W0: [ 0,  2,  4,  6,  8, 10, 12, 14, 16, 18, 20, 22, 24] > [ 1,  3,  5,  7,  9, 11, 13, 15, 17, 19, 21, 23, 25]
    W1: [ 1,  4,  9, 15, 17, 20, 22, 26, 27, 28, 29, 31] = [ 0,  3,  5, 10, 12, 13, 14, 16, 23, 25, 30, 32]
    W2: [ 0,  2,  3,  7,  8,  9, 16, 18, 19, 23, 28, 31] < [ 5, 12, 13, 14, 17, 20, 24, 25, 26, 27, 29, 32]
    W3: [ 0,  1,  4,  8,  9, 13, 14, 19, 21, 27, 31] = [ 7, 11, 15, 16, 18, 20, 23, 25, 26, 28, 30]
    Truth table result: ['24+'] is correct

Test 25-:
    W0: [ 0,  2,  4,  6,  8, 10, 12, 14, 16, 18, 20, 22, 24] > [ 1,  3,  5,  7,  9, 11, 13, 15, 17, 19, 21, 23, 25]
    W1: [ 1,  4,  9, 15, 17, 20, 22, 26, 27, 28, 29, 31] > [ 0,  3,  5, 10, 12, 13, 14, 16, 23, 25, 30, 32]
    W2: [ 0,  2,  3,  7,  8,  9, 16, 18, 19, 23, 28, 31] > [ 5, 12, 13, 14, 17, 20, 24, 25, 26, 27, 29, 32]
    W3: [ 0,  1,  4,  8,  9, 13, 14, 19, 21, 27, 31] > [ 7, 11, 15, 16, 18, 20, 23, 25, 26, 28, 30]
    Truth table result: ['25-'] is correct

Test 25+:
    W0: [ 0,  2,  4,  6,  8, 10, 12, 14, 16, 18, 20, 22, 24] < [ 1,  3,  5,  7,  9, 11, 13, 15, 17, 19, 21, 23, 25]
    W1: [ 1,  4,  9, 15, 17, 20, 22, 26, 27, 28, 29, 31] < [ 0,  3,  5, 10, 12, 13, 14, 16, 23, 25, 30, 32]
    W2: [ 0,  2,  3,  7,  8,  9, 16, 18, 19, 23, 28, 31] < [ 5, 12, 13, 14, 17, 20, 24, 25, 26, 27, 29, 32]
    W3: [ 0,  1,  4,  8,  9, 13, 14, 19, 21, 27, 31] < [ 7, 11, 15, 16, 18, 20, 23, 25, 26, 28, 30]
    Truth table result: ['25+'] is correct

Test 26-:
    W0: [ 0,  2,  4,  6,  8, 10, 12, 14, 16, 18, 20, 22, 24] = [ 1,  3,  5,  7,  9, 11, 13, 15, 17, 19, 21, 23, 25]
    W1: [ 1,  4,  9, 15, 17, 20, 22, 26, 27, 28, 29, 31] < [ 0,  3,  5, 10, 12, 13, 14, 16, 23, 25, 30, 32]
    W2: [ 0,  2,  3,  7,  8,  9, 16, 18, 19, 23, 28, 31] > [ 5, 12, 13, 14, 17, 20, 24, 25, 26, 27, 29, 32]
    W3: [ 0,  1,  4,  8,  9, 13, 14, 19, 21, 27, 31] > [ 7, 11, 15, 16, 18, 20, 23, 25, 26, 28, 30]
    Truth table result: ['26-'] is correct

Test 26+:
    W0: [ 0,  2,  4,  6,  8, 10, 12, 14, 16, 18, 20, 22, 24] = [ 1,  3,  5,  7,  9, 11, 13, 15, 17, 19, 21, 23, 25]
    W1: [ 1,  4,  9, 15, 17, 20, 22, 26, 27, 28, 29, 31] > [ 0,  3,  5, 10, 12, 13, 14, 16, 23, 25, 30, 32]
    W2: [ 0,  2,  3,  7,  8,  9, 16, 18, 19, 23, 28, 31] < [ 5, 12, 13, 14, 17, 20, 24, 25, 26, 27, 29, 32]
    W3: [ 0,  1,  4,  8,  9, 13, 14, 19, 21, 27, 31] < [ 7, 11, 15, 16, 18, 20, 23, 25, 26, 28, 30]
    Truth table result: ['26+'] is correct

Test 27-:
    W0: [ 0,  2,  4,  6,  8, 10, 12, 14, 16, 18, 20, 22, 24] = [ 1,  3,  5,  7,  9, 11, 13, 15, 17, 19, 21, 23, 25]
    W1: [ 1,  4,  9, 15, 17, 20, 22, 26, 27, 28, 29, 31] < [ 0,  3,  5, 10, 12, 13, 14, 16, 23, 25, 30, 32]
    W2: [ 0,  2,  3,  7,  8,  9, 16, 18, 19, 23, 28, 31] > [ 5, 12, 13, 14, 17, 20, 24, 25, 26, 27, 29, 32]
    W3: [ 0,  1,  4,  8,  9, 13, 14, 19, 21, 27, 31] < [ 7, 11, 15, 16, 18, 20, 23, 25, 26, 28, 30]
    Truth table result: ['27-'] is correct

Test 27+:
    W0: [ 0,  2,  4,  6,  8, 10, 12, 14, 16, 18, 20, 22, 24] = [ 1,  3,  5,  7,  9, 11, 13, 15, 17, 19, 21, 23, 25]
    W1: [ 1,  4,  9, 15, 17, 20, 22, 26, 27, 28, 29, 31] > [ 0,  3,  5, 10, 12, 13, 14, 16, 23, 25, 30, 32]
    W2: [ 0,  2,  3,  7,  8,  9, 16, 18, 19, 23, 28, 31] < [ 5, 12, 13, 14, 17, 20, 24, 25, 26, 27, 29, 32]
    W3: [ 0,  1,  4,  8,  9, 13, 14, 19, 21, 27, 31] > [ 7, 11, 15, 16, 18, 20, 23, 25, 26, 28, 30]
    Truth table result: ['27+'] is correct

Test 28-:
    W0: [ 0,  2,  4,  6,  8, 10, 12, 14, 16, 18, 20, 22, 24] = [ 1,  3,  5,  7,  9, 11, 13, 15, 17, 19, 21, 23, 25]
    W1: [ 1,  4,  9, 15, 17, 20, 22, 26, 27, 28, 29, 31] < [ 0,  3,  5, 10, 12, 13, 14, 16, 23, 25, 30, 32]
    W2: [ 0,  2,  3,  7,  8,  9, 16, 18, 19, 23, 28, 31] < [ 5, 12, 13, 14, 17, 20, 24, 25, 26, 27, 29, 32]
    W3: [ 0,  1,  4,  8,  9, 13, 14, 19, 21, 27, 31] > [ 7, 11, 15, 16, 18, 20, 23, 25, 26, 28, 30]
    Truth table result: ['28-'] is correct

Test 28+:
    W0: [ 0,  2,  4,  6,  8, 10, 12, 14, 16, 18, 20, 22, 24] = [ 1,  3,  5,  7,  9, 11, 13, 15, 17, 19, 21, 23, 25]
    W1: [ 1,  4,  9, 15, 17, 20, 22, 26, 27, 28, 29, 31] > [ 0,  3,  5, 10, 12, 13, 14, 16, 23, 25, 30, 32]
    W2: [ 0,  2,  3,  7,  8,  9, 16, 18, 19, 23, 28, 31] > [ 5, 12, 13, 14, 17, 20, 24, 25, 26, 27, 29, 32]
    W3: [ 0,  1,  4,  8,  9, 13, 14, 19, 21, 27, 31] < [ 7, 11, 15, 16, 18, 20, 23, 25, 26, 28, 30]
    Truth table result: ['28+'] is correct

Test 29-:
    W0: [ 0,  2,  4,  6,  8, 10, 12, 14, 16, 18, 20, 22, 24] = [ 1,  3,  5,  7,  9, 11, 13, 15, 17, 19, 21, 23, 25]
    W1: [ 1,  4,  9, 15, 17, 20, 22, 26, 27, 28, 29, 31] < [ 0,  3,  5, 10, 12, 13, 14, 16, 23, 25, 30, 32]
    W2: [ 0,  2,  3,  7,  8,  9, 16, 18, 19, 23, 28, 31] > [ 5, 12, 13, 14, 17, 20, 24, 25, 26, 27, 29, 32]
    W3: [ 0,  1,  4,  8,  9, 13, 14, 19, 21, 27, 31] = [ 7, 11, 15, 16, 18, 20, 23, 25, 26, 28, 30]
    Truth table result: ['29-'] is correct

Test 29+:
    W0: [ 0,  2,  4,  6,  8, 10, 12, 14, 16, 18, 20, 22, 24] = [ 1,  3,  5,  7,  9, 11, 13, 15, 17, 19, 21, 23, 25]
    W1: [ 1,  4,  9, 15, 17, 20, 22, 26, 27, 28, 29, 31] > [ 0,  3,  5, 10, 12, 13, 14, 16, 23, 25, 30, 32]
    W2: [ 0,  2,  3,  7,  8,  9, 16, 18, 19, 23, 28, 31] < [ 5, 12, 13, 14, 17, 20, 24, 25, 26, 27, 29, 32]
    W3: [ 0,  1,  4,  8,  9, 13, 14, 19, 21, 27, 31] = [ 7, 11, 15, 16, 18, 20, 23, 25, 26, 28, 30]
    Truth table result: ['29+'] is correct

Test 30-:
    W0: [ 0,  2,  4,  6,  8, 10, 12, 14, 16, 18, 20, 22, 24] = [ 1,  3,  5,  7,  9, 11, 13, 15, 17, 19, 21, 23, 25]
    W1: [ 1,  4,  9, 15, 17, 20, 22, 26, 27, 28, 29, 31] > [ 0,  3,  5, 10, 12, 13, 14, 16, 23, 25, 30, 32]
    W2: [ 0,  2,  3,  7,  8,  9, 16, 18, 19, 23, 28, 31] = [ 5, 12, 13, 14, 17, 20, 24, 25, 26, 27, 29, 32]
    W3: [ 0,  1,  4,  8,  9, 13, 14, 19, 21, 27, 31] > [ 7, 11, 15, 16, 18, 20, 23, 25, 26, 28, 30]
    Truth table result: ['30-'] is correct

Test 30+:
    W0: [ 0,  2,  4,  6,  8, 10, 12, 14, 16, 18, 20, 22, 24] = [ 1,  3,  5,  7,  9, 11, 13, 15, 17, 19, 21, 23, 25]
    W1: [ 1,  4,  9, 15, 17, 20, 22, 26, 27, 28, 29, 31] < [ 0,  3,  5, 10, 12, 13, 14, 16, 23, 25, 30, 32]
    W2: [ 0,  2,  3,  7,  8,  9, 16, 18, 19, 23, 28, 31] = [ 5, 12, 13, 14, 17, 20, 24, 25, 26, 27, 29, 32]
    W3: [ 0,  1,  4,  8,  9, 13, 14, 19, 21, 27, 31] < [ 7, 11, 15, 16, 18, 20, 23, 25, 26, 28, 30]
    Truth table result: ['30+'] is correct

Test 31-:
    W0: [ 0,  2,  4,  6,  8, 10, 12, 14, 16, 18, 20, 22, 24] = [ 1,  3,  5,  7,  9, 11, 13, 15, 17, 19, 21, 23, 25]
    W1: [ 1,  4,  9, 15, 17, 20, 22, 26, 27, 28, 29, 31] < [ 0,  3,  5, 10, 12, 13, 14, 16, 23, 25, 30, 32]
    W2: [ 0,  2,  3,  7,  8,  9, 16, 18, 19, 23, 28, 31] < [ 5, 12, 13, 14, 17, 20, 24, 25, 26, 27, 29, 32]
    W3: [ 0,  1,  4,  8,  9, 13, 14, 19, 21, 27, 31] < [ 7, 11, 15, 16, 18, 20, 23, 25, 26, 28, 30]
    Truth table result: ['31-'] is correct

Test 31+:
    W0: [ 0,  2,  4,  6,  8, 10, 12, 14, 16, 18, 20, 22, 24] = [ 1,  3,  5,  7,  9, 11, 13, 15, 17, 19, 21, 23, 25]
    W1: [ 1,  4,  9, 15, 17, 20, 22, 26, 27, 28, 29, 31] > [ 0,  3,  5, 10, 12, 13, 14, 16, 23, 25, 30, 32]
    W2: [ 0,  2,  3,  7,  8,  9, 16, 18, 19, 23, 28, 31] > [ 5, 12, 13, 14, 17, 20, 24, 25, 26, 27, 29, 32]
    W3: [ 0,  1,  4,  8,  9, 13, 14, 19, 21, 27, 31] > [ 7, 11, 15, 16, 18, 20, 23, 25, 26, 28, 30]
    Truth table result: ['31+'] is correct

Test 32-:
    W0: [ 0,  2,  4,  6,  8, 10, 12, 14, 16, 18, 20, 22, 24] = [ 1,  3,  5,  7,  9, 11, 13, 15, 17, 19, 21, 23, 25]
    W1: [ 1,  4,  9, 15, 17, 20, 22, 26, 27, 28, 29, 31] > [ 0,  3,  5, 10, 12, 13, 14, 16, 23, 25, 30, 32]
    W2: [ 0,  2,  3,  7,  8,  9, 16, 18, 19, 23, 28, 31] > [ 5, 12, 13, 14, 17, 20, 24, 25, 26, 27, 29, 32]
    W3: [ 0,  1,  4,  8,  9, 13, 14, 19, 21, 27, 31] = [ 7, 11, 15, 16, 18, 20, 23, 25, 26, 28, 30]
    Truth table result: ['32-'] is correct

Test 32+:
    W0: [ 0,  2,  4,  6,  8, 10, 12, 14, 16, 18, 20, 22, 24] = [ 1,  3,  5,  7,  9, 11, 13, 15, 17, 19, 21, 23, 25]
    W1: [ 1,  4,  9, 15, 17, 20, 22, 26, 27, 28, 29, 31] < [ 0,  3,  5, 10, 12, 13, 14, 16, 23, 25, 30, 32]
    W2: [ 0,  2,  3,  7,  8,  9, 16, 18, 19, 23, 28, 31] < [ 5, 12, 13, 14, 17, 20, 24, 25, 26, 27, 29, 32]
    W3: [ 0,  1,  4,  8,  9, 13, 14, 19, 21, 27, 31] = [ 7, 11, 15, 16, 18, 20, 23, 25, 26, 28, 30]
    Truth table result: ['32+'] is correct

Total correct results: 66
Total incorrect results: 0
