Solving for 28 balls and 4 weighings.
Using symmetry breaking strategy TruthTableAscending.

Solution:
W0: [ 0,  1,  5,  6,  7, 14, 15, 16, 18, 19, 21] <=> [ 2,  3,  4,  8,  9, 10, 11, 12, 13, 17, 20]
W1: [ 0,  1,  5,  6,  7, 17, 20, 22, 23, 24] <=> [ 2,  3,  4,  8, 15, 16, 18, 19, 21, 25]
W2: [ 0,  1,  8, 15, 16, 20, 22, 25, 26, 27] <=> [ 2,  6,  7,  9, 10, 11, 14, 17, 21, 24]
W3: [ 0,  2,  6,  8, 11, 15, 17, 18, 25] <=> [ 3,  5,  9, 12, 14, 21, 22, 23, 27]

Truth Table:
ix  W0  W1  W2  W3   Result
 0   <   <   <   <   0-
 1   <   <   <   =   1-
 2   <   <   <   >   2+
 3   <   <   =   <   3+
 4   <   <   =   =   4+
 5   <   <   =   >   5-
 6   <   <   >   <   6-
 7   <   <   >   =   7-
 8   <   <   >   >   8+
 9   <   =   <   <   9+
10   <   =   <   =   10+
11   <   =   <   >   11+
12   <   =   =   <   12+
13   <   =   =   =   13+
14   <   =   =   >
15   <   =   >   <
16   <   =   >   =
17   <   =   >   >   14-
18   <   >   <   <   15-
19   <   >   <   =   16-
20   <   >   <   >   17+
21   <   >   =   <   18-
22   <   >   =   =   19-
23   <   >   =   >
24   <   >   >   <
25   <   >   >   =   20+
26   <   >   >   >   21-
27   =   <   <   <
28   =   <   <   =
29   =   <   <   >   22-
30   =   <   =   <
31   =   <   =   =
32   =   <   =   >   23-
33   =   <   >   <
34   =   <   >   =   24-
35   =   <   >   >   25+
36   =   =   <   <
37   =   =   <   =   26-
38   =   =   <   >   27-
39   =   =   =   <
40   =   =   =   =
41   =   =   =   >
42   =   =   >   <   27+
43   =   =   >   =   26+
44   =   =   >   >
45   =   >   <   <   25-
46   =   >   <   =   24+
47   =   >   <   >
48   =   >   =   <   23+
49   =   >   =   =
50   =   >   =   >
51   =   >   >   <   22+
52   =   >   >   =
53   =   >   >   >
54   >   <   <   <   21+
55   >   <   <   =   20-
56   >   <   <   >
57   >   <   =   <
58   >   <   =   =   19+
59   >   <   =   >   18+
60   >   <   >   <   17-
61   >   <   >   =   16+
62   >   <   >   >   15+
63   >   =   <   <   14+
64   >   =   <   =
65   >   =   <   >
66   >   =   =   <
67   >   =   =   =   13-
68   >   =   =   >   12-
69   >   =   >   <   11-
70   >   =   >   =   10-
71   >   =   >   >   9-
72   >   >   <   <   8-
73   >   >   <   =   7+
74   >   >   <   >   6+
75   >   >   =   <   5+
76   >   >   =   =   4-
77   >   >   =   >   3-
78   >   >   >   <   2-
79   >   >   >   =   1+
80   >   >   >   >   0+

Test 0-:
    W0: [ 0,  1,  5,  6,  7, 14, 15, 16, 18, 19, 21] < [ 2,  3,  4,  8,  9, 10, 11, 12, 13, 17, 20]
    W1: [ 0,  1,  5,  6,  7, 17, 20, 22, 23, 24] < [ 2,  3,  4,  8, 15, 16, 18, 19, 21, 25]
    W2: [ 0,  1,  8, 15, 16, 20, 22, 25, 26, 27] < [ 2,  6,  7,  9, 10, 11, 14, 17, 21, 24]
    W3: [ 0,  2,  6,  8, 11, 15, 17, 18, 25] < [ 3,  5,  9, 12, 14, 21, 22, 23, 27]
    Truth table row=[<, <, <, <] ix=0 result=[0-] is correct

Test 0+:
    W0: [ 0,  1,  5,  6,  7, 14, 15, 16, 18, 19, 21] > [ 2,  3,  4,  8,  9, 10, 11, 12, 13, 17, 20]
    W1: [ 0,  1,  5,  6,  7, 17, 20, 22, 23, 24] > [ 2,  3,  4,  8, 15, 16, 18, 19, 21, 25]
    W2: [ 0,  1,  8, 15, 16, 20, 22, 25, 26, 27] > [ 2,  6,  7,  9, 10, 11, 14, 17, 21, 24]
    W3: [ 0,  2,  6,  8, 11, 15, 17, 18, 25] > [ 3,  5,  9, 12, 14, 21, 22, 23, 27]
    Truth table row=[>, >, >, >] ix=80 result=[0+] is correct

Test 1-:
    W0: [ 0,  1,  5,  6,  7, 14, 15, 16, 18, 19, 21] < [ 2,  3,  4,  8,  9, 10, 11, 12, 13, 17, 20]
    W1: [ 0,  1,  5,  6,  7, 17, 20, 22, 23, 24] < [ 2,  3,  4,  8, 15, 16, 18, 19, 21, 25]
    W2: [ 0,  1,  8, 15, 16, 20, 22, 25, 26, 27] < [ 2,  6,  7,  9, 10, 11, 14, 17, 21, 24]
    W3: [ 0,  2,  6,  8, 11, 15, 17, 18, 25] = [ 3,  5,  9, 12, 14, 21, 22, 23, 27]
    Truth table row=[<, <, <, =] ix=1 result=[1-] is correct

Test 1+:
    W0: [ 0,  1,  5,  6,  7, 14, 15, 16, 18, 19, 21] > [ 2,  3,  4,  8,  9, 10, 11, 12, 13, 17, 20]
    W1: [ 0,  1,  5,  6,  7, 17, 20, 22, 23, 24] > [ 2,  3,  4,  8, 15, 16, 18, 19, 21, 25]
    W2: [ 0,  1,  8, 15, 16, 20, 22, 25, 26, 27] > [ 2,  6,  7,  9, 10, 11, 14, 17, 21, 24]
    W3: [ 0,  2,  6,  8, 11, 15, 17, 18, 25] = [ 3,  5,  9, 12, 14, 21, 22, 23, 27]
    Truth table row=[>, >, >, =] ix=79 result=[1+] is correct

Test 2-:
    W0: [ 0,  1,  5,  6,  7, 14, 15, 16, 18, 19, 21] > [ 2,  3,  4,  8,  9, 10, 11, 12, 13, 17, 20]
    W1: [ 0,  1,  5,  6,  7, 17, 20, 22, 23, 24] > [ 2,  3,  4,  8, 15, 16, 18, 19, 21, 25]
    W2: [ 0,  1,  8, 15, 16, 20, 22, 25, 26, 27] > [ 2,  6,  7,  9, 10, 11, 14, 17, 21, 24]
    W3: [ 0,  2,  6,  8, 11, 15, 17, 18, 25] < [ 3,  5,  9, 12, 14, 21, 22, 23, 27]
    Truth table row=[>, >, >, <] ix=78 result=[2-] is correct

Test 2+:
    W0: [ 0,  1,  5,  6,  7, 14, 15, 16, 18, 19, 21] < [ 2,  3,  4,  8,  9, 10, 11, 12, 13, 17, 20]
    W1: [ 0,  1,  5,  6,  7, 17, 20, 22, 23, 24] < [ 2,  3,  4,  8, 15, 16, 18, 19, 21, 25]
    W2: [ 0,  1,  8, 15, 16, 20, 22, 25, 26, 27] < [ 2,  6,  7,  9, 10, 11, 14, 17, 21, 24]
    W3: [ 0,  2,  6,  8, 11, 15, 17, 18, 25] > [ 3,  5,  9, 12, 14, 21, 22, 23, 27]
    Truth table row=[<, <, <, >] ix=2 result=[2+] is correct

Test 3-:
    W0: [ 0,  1,  5,  6,  7, 14, 15, 16, 18, 19, 21] > [ 2,  3,  4,  8,  9, 10, 11, 12, 13, 17, 20]
    W1: [ 0,  1,  5,  6,  7, 17, 20, 22, 23, 24] > [ 2,  3,  4,  8, 15, 16, 18, 19, 21, 25]
    W2: [ 0,  1,  8, 15, 16, 20, 22, 25, 26, 27] = [ 2,  6,  7,  9, 10, 11, 14, 17, 21, 24]
    W3: [ 0,  2,  6,  8, 11, 15, 17, 18, 25] > [ 3,  5,  9, 12, 14, 21, 22, 23, 27]
    Truth table row=[>, >, =, >] ix=77 result=[3-] is correct

Test 3+:
    W0: [ 0,  1,  5,  6,  7, 14, 15, 16, 18, 19, 21] < [ 2,  3,  4,  8,  9, 10, 11, 12, 13, 17, 20]
    W1: [ 0,  1,  5,  6,  7, 17, 20, 22, 23, 24] < [ 2,  3,  4,  8, 15, 16, 18, 19, 21, 25]
    W2: [ 0,  1,  8, 15, 16, 20, 22, 25, 26, 27] = [ 2,  6,  7,  9, 10, 11, 14, 17, 21, 24]
    W3: [ 0,  2,  6,  8, 11, 15, 17, 18, 25] < [ 3,  5,  9, 12, 14, 21, 22, 23, 27]
    Truth table row=[<, <, =, <] ix=3 result=[3+] is correct

Test 4-:
    W0: [ 0,  1,  5,  6,  7, 14, 15, 16, 18, 19, 21] > [ 2,  3,  4,  8,  9, 10, 11, 12, 13, 17, 20]
    W1: [ 0,  1,  5,  6,  7, 17, 20, 22, 23, 24] > [ 2,  3,  4,  8, 15, 16, 18, 19, 21, 25]
    W2: [ 0,  1,  8, 15, 16, 20, 22, 25, 26, 27] = [ 2,  6,  7,  9, 10, 11, 14, 17, 21, 24]
    W3: [ 0,  2,  6,  8, 11, 15, 17, 18, 25] = [ 3,  5,  9, 12, 14, 21, 22, 23, 27]
    Truth table row=[>, >, =, =] ix=76 result=[4-] is correct

Test 4+:
    W0: [ 0,  1,  5,  6,  7, 14, 15, 16, 18, 19, 21] < [ 2,  3,  4,  8,  9, 10, 11, 12, 13, 17, 20]
    W1: [ 0,  1,  5,  6,  7, 17, 20, 22, 23, 24] < [ 2,  3,  4,  8, 15, 16, 18, 19, 21, 25]
    W2: [ 0,  1,  8, 15, 16, 20, 22, 25, 26, 27] = [ 2,  6,  7,  9, 10, 11, 14, 17, 21, 24]
    W3: [ 0,  2,  6,  8, 11, 15, 17, 18, 25] = [ 3,  5,  9, 12, 14, 21, 22, 23, 27]
    Truth table row=[<, <, =, =] ix=4 result=[4+] is correct

Test 5-:
    W0: [ 0,  1,  5,  6,  7, 14, 15, 16, 18, 19, 21] < [ 2,  3,  4,  8,  9, 10, 11, 12, 13, 17, 20]
    W1: [ 0,  1,  5,  6,  7, 17, 20, 22, 23, 24] < [ 2,  3,  4,  8, 15, 16, 18, 19, 21, 25]
    W2: [ 0,  1,  8, 15, 16, 20, 22, 25, 26, 27] = [ 2,  6,  7,  9, 10, 11, 14, 17, 21, 24]
    W3: [ 0,  2,  6,  8, 11, 15, 17, 18, 25] > [ 3,  5,  9, 12, 14, 21, 22, 23, 27]
    Truth table row=[<, <, =, >] ix=5 result=[5-] is correct

Test 5+:
    W0: [ 0,  1,  5,  6,  7, 14, 15, 16, 18, 19, 21] > [ 2,  3,  4,  8,  9, 10, 11, 12, 13, 17, 20]
    W1: [ 0,  1,  5,  6,  7, 17, 20, 22, 23, 24] > [ 2,  3,  4,  8, 15, 16, 18, 19, 21, 25]
    W2: [ 0,  1,  8, 15, 16, 20, 22, 25, 26, 27] = [ 2,  6,  7,  9, 10, 11, 14, 17, 21, 24]
    W3: [ 0,  2,  6,  8, 11, 15, 17, 18, 25] < [ 3,  5,  9, 12, 14, 21, 22, 23, 27]
    Truth table row=[>, >, =, <] ix=75 result=[5+] is correct

Test 6-:
    W0: [ 0,  1,  5,  6,  7, 14, 15, 16, 18, 19, 21] < [ 2,  3,  4,  8,  9, 10, 11, 12, 13, 17, 20]
    W1: [ 0,  1,  5,  6,  7, 17, 20, 22, 23, 24] < [ 2,  3,  4,  8, 15, 16, 18, 19, 21, 25]
    W2: [ 0,  1,  8, 15, 16, 20, 22, 25, 26, 27] > [ 2,  6,  7,  9, 10, 11, 14, 17, 21, 24]
    W3: [ 0,  2,  6,  8, 11, 15, 17, 18, 25] < [ 3,  5,  9, 12, 14, 21, 22, 23, 27]
    Truth table row=[<, <, >, <] ix=6 result=[6-] is correct

Test 6+:
    W0: [ 0,  1,  5,  6,  7, 14, 15, 16, 18, 19, 21] > [ 2,  3,  4,  8,  9, 10, 11, 12, 13, 17, 20]
    W1: [ 0,  1,  5,  6,  7, 17, 20, 22, 23, 24] > [ 2,  3,  4,  8, 15, 16, 18, 19, 21, 25]
    W2: [ 0,  1,  8, 15, 16, 20, 22, 25, 26, 27] < [ 2,  6,  7,  9, 10, 11, 14, 17, 21, 24]
    W3: [ 0,  2,  6,  8, 11, 15, 17, 18, 25] > [ 3,  5,  9, 12, 14, 21, 22, 23, 27]
    Truth table row=[>, >, <, >] ix=74 result=[6+] is correct

Test 7-:
    W0: [ 0,  1,  5,  6,  7, 14, 15, 16, 18, 19, 21] < [ 2,  3,  4,  8,  9, 10, 11, 12, 13, 17, 20]
    W1: [ 0,  1,  5,  6,  7, 17, 20, 22, 23, 24] < [ 2,  3,  4,  8, 15, 16, 18, 19, 21, 25]
    W2: [ 0,  1,  8, 15, 16, 20, 22, 25, 26, 27] > [ 2,  6,  7,  9, 10, 11, 14, 17, 21, 24]
    W3: [ 0,  2,  6,  8, 11, 15, 17, 18, 25] = [ 3,  5,  9, 12, 14, 21, 22, 23, 27]
    Truth table row=[<, <, >, =] ix=7 result=[7-] is correct

Test 7+:
    W0: [ 0,  1,  5,  6,  7, 14, 15, 16, 18, 19, 21] > [ 2,  3,  4,  8,  9, 10, 11, 12, 13, 17, 20]
    W1: [ 0,  1,  5,  6,  7, 17, 20, 22, 23, 24] > [ 2,  3,  4,  8, 15, 16, 18, 19, 21, 25]
    W2: [ 0,  1,  8, 15, 16, 20, 22, 25, 26, 27] < [ 2,  6,  7,  9, 10, 11, 14, 17, 21, 24]
    W3: [ 0,  2,  6,  8, 11, 15, 17, 18, 25] = [ 3,  5,  9, 12, 14, 21, 22, 23, 27]
    Truth table row=[>, >, <, =] ix=73 result=[7+] is correct

Test 8-:
    W0: [ 0,  1,  5,  6,  7, 14, 15, 16, 18, 19, 21] > [ 2,  3,  4,  8,  9, 10, 11, 12, 13, 17, 20]
    W1: [ 0,  1,  5,  6,  7, 17, 20, 22, 23, 24] > [ 2,  3,  4,  8, 15, 16, 18, 19, 21, 25]
    W2: [ 0,  1,  8, 15, 16, 20, 22, 25, 26, 27] < [ 2,  6,  7,  9, 10, 11, 14, 17, 21, 24]
    W3: [ 0,  2,  6,  8, 11, 15, 17, 18, 25] < [ 3,  5,  9, 12, 14, 21, 22, 23, 27]
    Truth table row=[>, >, <, <] ix=72 result=[8-] is correct

Test 8+:
    W0: [ 0,  1,  5,  6,  7, 14, 15, 16, 18, 19, 21] < [ 2,  3,  4,  8,  9, 10, 11, 12, 13, 17, 20]
    W1: [ 0,  1,  5,  6,  7, 17, 20, 22, 23, 24] < [ 2,  3,  4,  8, 15, 16, 18, 19, 21, 25]
    W2: [ 0,  1,  8, 15, 16, 20, 22, 25, 26, 27] > [ 2,  6,  7,  9, 10, 11, 14, 17, 21, 24]
    W3: [ 0,  2,  6,  8, 11, 15, 17, 18, 25] > [ 3,  5,  9, 12, 14, 21, 22, 23, 27]
    Truth table row=[<, <, >, >] ix=8 result=[8+] is correct

Test 9-:
    W0: [ 0,  1,  5,  6,  7, 14, 15, 16, 18, 19, 21] > [ 2,  3,  4,  8,  9, 10, 11, 12, 13, 17, 20]
    W1: [ 0,  1,  5,  6,  7, 17, 20, 22, 23, 24] = [ 2,  3,  4,  8, 15, 16, 18, 19, 21, 25]
    W2: [ 0,  1,  8, 15, 16, 20, 22, 25, 26, 27] > [ 2,  6,  7,  9, 10, 11, 14, 17, 21, 24]
    W3: [ 0,  2,  6,  8, 11, 15, 17, 18, 25] > [ 3,  5,  9, 12, 14, 21, 22, 23, 27]
    Truth table row=[>, =, >, >] ix=71 result=[9-] is correct

Test 9+:
    W0: [ 0,  1,  5,  6,  7, 14, 15, 16, 18, 19, 21] < [ 2,  3,  4,  8,  9, 10, 11, 12, 13, 17, 20]
    W1: [ 0,  1,  5,  6,  7, 17, 20, 22, 23, 24] = [ 2,  3,  4,  8, 15, 16, 18, 19, 21, 25]
    W2: [ 0,  1,  8, 15, 16, 20, 22, 25, 26, 27] < [ 2,  6,  7,  9, 10, 11, 14, 17, 21, 24]
    W3: [ 0,  2,  6,  8, 11, 15, 17, 18, 25] < [ 3,  5,  9, 12, 14, 21, 22, 23, 27]
    Truth table row=[<, =, <, <] ix=9 result=[9+] is correct

Test 10-:
    W0: [ 0,  1,  5,  6,  7, 14, 15, 16, 18, 19, 21] > [ 2,  3,  4,  8,  9, 10, 11, 12, 13, 17, 20]
    W1: [ 0,  1,  5,  6,  7, 17, 20, 22, 23, 24] = [ 2,  3,  4,  8, 15, 16, 18, 19, 21, 25]
    W2: [ 0,  1,  8, 15, 16, 20, 22, 25, 26, 27] > [ 2,  6,  7,  9, 10, 11, 14, 17, 21, 24]
    W3: [ 0,  2,  6,  8, 11, 15, 17, 18, 25] = [ 3,  5,  9, 12, 14, 21, 22, 23, 27]
    Truth table row=[>, =, >, =] ix=70 result=[10-] is correct

Test 10+:
    W0: [ 0,  1,  5,  6,  7, 14, 15, 16, 18, 19, 21] < [ 2,  3,  4,  8,  9, 10, 11, 12, 13, 17, 20]
    W1: [ 0,  1,  5,  6,  7, 17, 20, 22, 23, 24] = [ 2,  3,  4,  8, 15, 16, 18, 19, 21, 25]
    W2: [ 0,  1,  8, 15, 16, 20, 22, 25, 26, 27] < [ 2,  6,  7,  9, 10, 11, 14, 17, 21, 24]
    W3: [ 0,  2,  6,  8, 11, 15, 17, 18, 25] = [ 3,  5,  9, 12, 14, 21, 22, 23, 27]
    Truth table row=[<, =, <, =] ix=10 result=[10+] is correct

Test 11-:
    W0: [ 0,  1,  5,  6,  7, 14, 15, 16, 18, 19, 21] > [ 2,  3,  4,  8,  9, 10, 11, 12, 13, 17, 20]
    W1: [ 0,  1,  5,  6,  7, 17, 20, 22, 23, 24] = [ 2,  3,  4,  8, 15, 16, 18, 19, 21, 25]
    W2: [ 0,  1,  8, 15, 16, 20, 22, 25, 26, 27] > [ 2,  6,  7,  9, 10, 11, 14, 17, 21, 24]
    W3: [ 0,  2,  6,  8, 11, 15, 17, 18, 25] < [ 3,  5,  9, 12, 14, 21, 22, 23, 27]
    Truth table row=[>, =, >, <] ix=69 result=[11-] is correct

Test 11+:
    W0: [ 0,  1,  5,  6,  7, 14, 15, 16, 18, 19, 21] < [ 2,  3,  4,  8,  9, 10, 11, 12, 13, 17, 20]
    W1: [ 0,  1,  5,  6,  7, 17, 20, 22, 23, 24] = [ 2,  3,  4,  8, 15, 16, 18, 19, 21, 25]
    W2: [ 0,  1,  8, 15, 16, 20, 22, 25, 26, 27] < [ 2,  6,  7,  9, 10, 11, 14, 17, 21, 24]
    W3: [ 0,  2,  6,  8, 11, 15, 17, 18, 25] > [ 3,  5,  9, 12, 14, 21, 22, 23, 27]
    Truth table row=[<, =, <, >] ix=11 result=[11+] is correct

Test 12-:
    W0: [ 0,  1,  5,  6,  7, 14, 15, 16, 18, 19, 21] > [ 2,  3,  4,  8,  9, 10, 11, 12, 13, 17, 20]
    W1: [ 0,  1,  5,  6,  7, 17, 20, 22, 23, 24] = [ 2,  3,  4,  8, 15, 16, 18, 19, 21, 25]
    W2: [ 0,  1,  8, 15, 16, 20, 22, 25, 26, 27] = [ 2,  6,  7,  9, 10, 11, 14, 17, 21, 24]
    W3: [ 0,  2,  6,  8, 11, 15, 17, 18, 25] > [ 3,  5,  9, 12, 14, 21, 22, 23, 27]
    Truth table row=[>, =, =, >] ix=68 result=[12-] is correct

Test 12+:
    W0: [ 0,  1,  5,  6,  7, 14, 15, 16, 18, 19, 21] < [ 2,  3,  4,  8,  9, 10, 11, 12, 13, 17, 20]
    W1: [ 0,  1,  5,  6,  7, 17, 20, 22, 23, 24] = [ 2,  3,  4,  8, 15, 16, 18, 19, 21, 25]
    W2: [ 0,  1,  8, 15, 16, 20, 22, 25, 26, 27] = [ 2,  6,  7,  9, 10, 11, 14, 17, 21, 24]
    W3: [ 0,  2,  6,  8, 11, 15, 17, 18, 25] < [ 3,  5,  9, 12, 14, 21, 22, 23, 27]
    Truth table row=[<, =, =, <] ix=12 result=[12+] is correct

Test 13-:
    W0: [ 0,  1,  5,  6,  7, 14, 15, 16, 18, 19, 21] > [ 2,  3,  4,  8,  9, 10, 11, 12, 13, 17, 20]
    W1: [ 0,  1,  5,  6,  7, 17, 20, 22, 23, 24] = [ 2,  3,  4,  8, 15, 16, 18, 19, 21, 25]
    W2: [ 0,  1,  8, 15, 16, 20, 22, 25, 26, 27] = [ 2,  6,  7,  9, 10, 11, 14, 17, 21, 24]
    W3: [ 0,  2,  6,  8, 11, 15, 17, 18, 25] = [ 3,  5,  9, 12, 14, 21, 22, 23, 27]
    Truth table row=[>, =, =, =] ix=67 result=[13-] is correct

Test 13+:
    W0: [ 0,  1,  5,  6,  7, 14, 15, 16, 18, 19, 21] < [ 2,  3,  4,  8,  9, 10, 11, 12, 13, 17, 20]
    W1: [ 0,  1,  5,  6,  7, 17, 20, 22, 23, 24] = [ 2,  3,  4,  8, 15, 16, 18, 19, 21, 25]
    W2: [ 0,  1,  8, 15, 16, 20, 22, 25, 26, 27] = [ 2,  6,  7,  9, 10, 11, 14, 17, 21, 24]
    W3: [ 0,  2,  6,  8, 11, 15, 17, 18, 25] = [ 3,  5,  9, 12, 14, 21, 22, 23, 27]
    Truth table row=[<, =, =, =] ix=13 result=[13+] is correct

Test 14-:
    W0: [ 0,  1,  5,  6,  7, 14, 15, 16, 18, 19, 21] < [ 2,  3,  4,  8,  9, 10, 11, 12, 13, 17, 20]
    W1: [ 0,  1,  5,  6,  7, 17, 20, 22, 23, 24] = [ 2,  3,  4,  8, 15, 16, 18, 19, 21, 25]
    W2: [ 0,  1,  8, 15, 16, 20, 22, 25, 26, 27] > [ 2,  6,  7,  9, 10, 11, 14, 17, 21, 24]
    W3: [ 0,  2,  6,  8, 11, 15, 17, 18, 25] > [ 3,  5,  9, 12, 14, 21, 22, 23, 27]
    Truth table row=[<, =, >, >] ix=17 result=[14-] is correct

Test 14+:
    W0: [ 0,  1,  5,  6,  7, 14, 15, 16, 18, 19, 21] > [ 2,  3,  4,  8,  9, 10, 11, 12, 13, 17, 20]
    W1: [ 0,  1,  5,  6,  7, 17, 20, 22, 23, 24] = [ 2,  3,  4,  8, 15, 16, 18, 19, 21, 25]
    W2: [ 0,  1,  8, 15, 16, 20, 22, 25, 26, 27] < [ 2,  6,  7,  9, 10, 11, 14, 17, 21, 24]
    W3: [ 0,  2,  6,  8, 11, 15, 17, 18, 25] < [ 3,  5,  9, 12, 14, 21, 22, 23, 27]
    Truth table row=[>, =, <, <] ix=63 result=[14+] is correct

Test 15-:
    W0: [ 0,  1,  5,  6,  7, 14, 15, 16, 18, 19, 21] < [ 2,  3,  4,  8,  9, 10, 11, 12, 13, 17, 20]
    W1: [ 0,  1,  5,  6,  7, 17, 20, 22, 23, 24] > [ 2,  3,  4,  8, 15, 16, 18, 19, 21, 25]
    W2: [ 0,  1,  8, 15, 16, 20, 22, 25, 26, 27] < [ 2,  6,  7,  9, 10, 11, 14, 17, 21, 24]
    W3: [ 0,  2,  6,  8, 11, 15, 17, 18, 25] < [ 3,  5,  9, 12, 14, 21, 22, 23, 27]
    Truth table row=[<, >, <, <] ix=18 result=[15-] is correct

Test 15+:
    W0: [ 0,  1,  5,  6,  7, 14, 15, 16, 18, 19, 21] > [ 2,  3,  4,  8,  9, 10, 11, 12, 13, 17, 20]
    W1: [ 0,  1,  5,  6,  7, 17, 20, 22, 23, 24] < [ 2,  3,  4,  8, 15, 16, 18, 19, 21, 25]
    W2: [ 0,  1,  8, 15, 16, 20, 22, 25, 26, 27] > [ 2,  6,  7,  9, 10, 11, 14, 17, 21, 24]
    W3: [ 0,  2,  6,  8, 11, 15, 17, 18, 25] > [ 3,  5,  9, 12, 14, 21, 22, 23, 27]
    Truth table row=[>, <, >, >] ix=62 result=[15+] is correct

Test 16-:
    W0: [ 0,  1,  5,  6,  7, 14, 15, 16, 18, 19, 21] < [ 2,  3,  4,  8,  9, 10, 11, 12, 13, 17, 20]
    W1: [ 0,  1,  5,  6,  7, 17, 20, 22, 23, 24] > [ 2,  3,  4,  8, 15, 16, 18, 19, 21, 25]
    W2: [ 0,  1,  8, 15, 16, 20, 22, 25, 26, 27] < [ 2,  6,  7,  9, 10, 11, 14, 17, 21, 24]
    W3: [ 0,  2,  6,  8, 11, 15, 17, 18, 25] = [ 3,  5,  9, 12, 14, 21, 22, 23, 27]
    Truth table row=[<, >, <, =] ix=19 result=[16-] is correct

Test 16+:
    W0: [ 0,  1,  5,  6,  7, 14, 15, 16, 18, 19, 21] > [ 2,  3,  4,  8,  9, 10, 11, 12, 13, 17, 20]
    W1: [ 0,  1,  5,  6,  7, 17, 20, 22, 23, 24] < [ 2,  3,  4,  8, 15, 16, 18, 19, 21, 25]
    W2: [ 0,  1,  8, 15, 16, 20, 22, 25, 26, 27] > [ 2,  6,  7,  9, 10, 11, 14, 17, 21, 24]
    W3: [ 0,  2,  6,  8, 11, 15, 17, 18, 25] = [ 3,  5,  9, 12, 14, 21, 22, 23, 27]
    Truth table row=[>, <, >, =] ix=61 result=[16+] is correct

Test 17-:
    W0: [ 0,  1,  5,  6,  7, 14, 15, 16, 18, 19, 21] > [ 2,  3,  4,  8,  9, 10, 11, 12, 13, 17, 20]
    W1: [ 0,  1,  5,  6,  7, 17, 20, 22, 23, 24] < [ 2,  3,  4,  8, 15, 16, 18, 19, 21, 25]
    W2: [ 0,  1,  8, 15, 16, 20, 22, 25, 26, 27] > [ 2,  6,  7,  9, 10, 11, 14, 17, 21, 24]
    W3: [ 0,  2,  6,  8, 11, 15, 17, 18, 25] < [ 3,  5,  9, 12, 14, 21, 22, 23, 27]
    Truth table row=[>, <, >, <] ix=60 result=[17-] is correct

Test 17+:
    W0: [ 0,  1,  5,  6,  7, 14, 15, 16, 18, 19, 21] < [ 2,  3,  4,  8,  9, 10, 11, 12, 13, 17, 20]
    W1: [ 0,  1,  5,  6,  7, 17, 20, 22, 23, 24] > [ 2,  3,  4,  8, 15, 16, 18, 19, 21, 25]
    W2: [ 0,  1,  8, 15, 16, 20, 22, 25, 26, 27] < [ 2,  6,  7,  9, 10, 11, 14, 17, 21, 24]
    W3: [ 0,  2,  6,  8, 11, 15, 17, 18, 25] > [ 3,  5,  9, 12, 14, 21, 22, 23, 27]
    Truth table row=[<, >, <, >] ix=20 result=[17+] is correct

Test 18-:
    W0: [ 0,  1,  5,  6,  7, 14, 15, 16, 18, 19, 21] < [ 2,  3,  4,  8,  9, 10, 11, 12, 13, 17, 20]
    W1: [ 0,  1,  5,  6,  7, 17, 20, 22, 23, 24] > [ 2,  3,  4,  8, 15, 16, 18, 19, 21, 25]
    W2: [ 0,  1,  8, 15, 16, 20, 22, 25, 26, 27] = [ 2,  6,  7,  9, 10, 11, 14, 17, 21, 24]
    W3: [ 0,  2,  6,  8, 11, 15, 17, 18, 25] < [ 3,  5,  9, 12, 14, 21, 22, 23, 27]
    Truth table row=[<, >, =, <] ix=21 result=[18-] is correct

Test 18+:
    W0: [ 0,  1,  5,  6,  7, 14, 15, 16, 18, 19, 21] > [ 2,  3,  4,  8,  9, 10, 11, 12, 13, 17, 20]
    W1: [ 0,  1,  5,  6,  7, 17, 20, 22, 23, 24] < [ 2,  3,  4,  8, 15, 16, 18, 19, 21, 25]
    W2: [ 0,  1,  8, 15, 16, 20, 22, 25, 26, 27] = [ 2,  6,  7,  9, 10, 11, 14, 17, 21, 24]
    W3: [ 0,  2,  6,  8, 11, 15, 17, 18, 25] > [ 3,  5,  9, 12, 14, 21, 22, 23, 27]
    Truth table row=[>, <, =, >] ix=59 result=[18+] is correct

Test 19-:
    W0: [ 0,  1,  5,  6,  7, 14, 15, 16, 18, 19, 21] < [ 2,  3,  4,  8,  9, 10, 11, 12, 13, 17, 20]
    W1: [ 0,  1,  5,  6,  7, 17, 20, 22, 23, 24] > [ 2,  3,  4,  8, 15, 16, 18, 19, 21, 25]
    W2: [ 0,  1,  8, 15, 16, 20, 22, 25, 26, 27] = [ 2,  6,  7,  9, 10, 11, 14, 17, 21, 24]
    W3: [ 0,  2,  6,  8, 11, 15, 17, 18, 25] = [ 3,  5,  9, 12, 14, 21, 22, 23, 27]
    Truth table row=[<, >, =, =] ix=22 result=[19-] is correct

Test 19+:
    W0: [ 0,  1,  5,  6,  7, 14, 15, 16, 18, 19, 21] > [ 2,  3,  4,  8,  9, 10, 11, 12, 13, 17, 20]
    W1: [ 0,  1,  5,  6,  7, 17, 20, 22, 23, 24] < [ 2,  3,  4,  8, 15, 16, 18, 19, 21, 25]
    W2: [ 0,  1,  8, 15, 16, 20, 22, 25, 26, 27] = [ 2,  6,  7,  9, 10, 11, 14, 17, 21, 24]
    W3: [ 0,  2,  6,  8, 11, 15, 17, 18, 25] = [ 3,  5,  9, 12, 14, 21, 22, 23, 27]
    Truth table row=[>, <, =, =] ix=58 result=[19+] is correct

Test 20-:
    W0: [ 0,  1,  5,  6,  7, 14, 15, 16, 18, 19, 21] > [ 2,  3,  4,  8,  9, 10, 11, 12, 13, 17, 20]
    W1: [ 0,  1,  5,  6,  7, 17, 20, 22, 23, 24] < [ 2,  3,  4,  8, 15, 16, 18, 19, 21, 25]
    W2: [ 0,  1,  8, 15, 16, 20, 22, 25, 26, 27] < [ 2,  6,  7,  9, 10, 11, 14, 17, 21, 24]
    W3: [ 0,  2,  6,  8, 11, 15, 17, 18, 25] = [ 3,  5,  9, 12, 14, 21, 22, 23, 27]
    Truth table row=[>, <, <, =] ix=55 result=[20-] is correct

Test 20+:
    W0: [ 0,  1,  5,  6,  7, 14, 15, 16, 18, 19, 21] < [ 2,  3,  4,  8,  9, 10, 11, 12, 13, 17, 20]
    W1: [ 0,  1,  5,  6,  7, 17, 20, 22, 23, 24] > [ 2,  3,  4,  8, 15, 16, 18, 19, 21, 25]
    W2: [ 0,  1,  8, 15, 16, 20, 22, 25, 26, 27] > [ 2,  6,  7,  9, 10, 11, 14, 17, 21, 24]
    W3: [ 0,  2,  6,  8, 11, 15, 17, 18, 25] = [ 3,  5,  9, 12, 14, 21, 22, 23, 27]
    Truth table row=[<, >, >, =] ix=25 result=[20+] is correct

Test 21-:
    W0: [ 0,  1,  5,  6,  7, 14, 15, 16, 18, 19, 21] < [ 2,  3,  4,  8,  9, 10, 11, 12, 13, 17, 20]
    W1: [ 0,  1,  5,  6,  7, 17, 20, 22, 23, 24] > [ 2,  3,  4,  8, 15, 16, 18, 19, 21, 25]
    W2: [ 0,  1,  8, 15, 16, 20, 22, 25, 26, 27] > [ 2,  6,  7,  9, 10, 11, 14, 17, 21, 24]
    W3: [ 0,  2,  6,  8, 11, 15, 17, 18, 25] > [ 3,  5,  9, 12, 14, 21, 22, 23, 27]
    Truth table row=[<, >, >, >] ix=26 result=[21-] is correct

Test 21+:
    W0: [ 0,  1,  5,  6,  7, 14, 15, 16, 18, 19, 21] > [ 2,  3,  4,  8,  9, 10, 11, 12, 13, 17, 20]
    W1: [ 0,  1,  5,  6,  7, 17, 20, 22, 23, 24] < [ 2,  3,  4,  8, 15, 16, 18, 19, 21, 25]
    W2: [ 0,  1,  8, 15, 16, 20, 22, 25, 26, 27] < [ 2,  6,  7,  9, 10, 11, 14, 17, 21, 24]
    W3: [ 0,  2,  6,  8, 11, 15, 17, 18, 25] < [ 3,  5,  9, 12, 14, 21, 22, 23, 27]
    Truth table row=[>, <, <, <] ix=54 result=[21+] is correct

Test 22-:
    W0: [ 0,  1,  5,  6,  7, 14, 15, 16, 18, 19, 21] = [ 2,  3,  4,  8,  9, 10, 11, 12, 13, 17, 20]
    W1: [ 0,  1,  5,  6,  7, 17, 20, 22, 23, 24] < [ 2,  3,  4,  8, 15, 16, 18, 19, 21, 25]
    W2: [ 0,  1,  8, 15, 16, 20, 22, 25, 26, 27] < [ 2,  6,  7,  9, 10, 11, 14, 17, 21, 24]
    W3: [ 0,  2,  6,  8, 11, 15, 17, 18, 25] > [ 3,  5,  9, 12, 14, 21, 22, 23, 27]
    Truth table row=[=, <, <, >] ix=29 result=[22-] is correct

Test 22+:
    W0: [ 0,  1,  5,  6,  7, 14, 15, 16, 18, 19, 21] = [ 2,  3,  4,  8,  9, 10, 11, 12, 13, 17, 20]
    W1: [ 0,  1,  5,  6,  7, 17, 20, 22, 23, 24] > [ 2,  3,  4,  8, 15, 16, 18, 19, 21, 25]
    W2: [ 0,  1,  8, 15, 16, 20, 22, 25, 26, 27] > [ 2,  6,  7,  9, 10, 11, 14, 17, 21, 24]
    W3: [ 0,  2,  6,  8, 11, 15, 17, 18, 25] < [ 3,  5,  9, 12, 14, 21, 22, 23, 27]
    Truth table row=[=, >, >, <] ix=51 result=[22+] is correct

Test 23-:
    W0: [ 0,  1,  5,  6,  7, 14, 15, 16, 18, 19, 21] = [ 2,  3,  4,  8,  9, 10, 11, 12, 13, 17, 20]
    W1: [ 0,  1,  5,  6,  7, 17, 20, 22, 23, 24] < [ 2,  3,  4,  8, 15, 16, 18, 19, 21, 25]
    W2: [ 0,  1,  8, 15, 16, 20, 22, 25, 26, 27] = [ 2,  6,  7,  9, 10, 11, 14, 17, 21, 24]
    W3: [ 0,  2,  6,  8, 11, 15, 17, 18, 25] > [ 3,  5,  9, 12, 14, 21, 22, 23, 27]
    Truth table row=[=, <, =, >] ix=32 result=[23-] is correct

Test 23+:
    W0: [ 0,  1,  5,  6,  7, 14, 15, 16, 18, 19, 21] = [ 2,  3,  4,  8,  9, 10, 11, 12, 13, 17, 20]
    W1: [ 0,  1,  5,  6,  7, 17, 20, 22, 23, 24] > [ 2,  3,  4,  8, 15, 16, 18, 19, 21, 25]
    W2: [ 0,  1,  8, 15, 16, 20, 22, 25, 26, 27] = [ 2,  6,  7,  9, 10, 11, 14, 17, 21, 24]
    W3: [ 0,  2,  6,  8, 11, 15, 17, 18, 25] < [ 3,  5,  9, 12, 14, 21, 22, 23, 27]
    Truth table row=[=, >, =, <] ix=48 result=[23+] is correct

Test 24-:
    W0: [ 0,  1,  5,  6,  7, 14, 15, 16, 18, 19, 21] = [ 2,  3,  4,  8,  9, 10, 11, 12, 13, 17, 20]
    W1: [ 0,  1,  5,  6,  7, 17, 20, 22, 23, 24] < [ 2,  3,  4,  8, 15, 16, 18, 19, 21, 25]
    W2: [ 0,  1,  8, 15, 16, 20, 22, 25, 26, 27] > [ 2,  6,  7,  9, 10, 11, 14, 17, 21, 24]
    W3: [ 0,  2,  6,  8, 11, 15, 17, 18, 25] = [ 3,  5,  9, 12, 14, 21, 22, 23, 27]
    Truth table row=[=, <, >, =] ix=34 result=[24-] is correct

Test 24+:
    W0: [ 0,  1,  5,  6,  7, 14, 15, 16, 18, 19, 21] = [ 2,  3,  4,  8,  9, 10, 11, 12, 13, 17, 20]
    W1: [ 0,  1,  5,  6,  7, 17, 20, 22, 23, 24] > [ 2,  3,  4,  8, 15, 16, 18, 19, 21, 25]
    W2: [ 0,  1,  8, 15, 16, 20, 22, 25, 26, 27] < [ 2,  6,  7,  9, 10, 11, 14, 17, 21, 24]
    W3: [ 0,  2,  6,  8, 11, 15, 17, 18, 25] = [ 3,  5,  9, 12, 14, 21, 22, 23, 27]
    Truth table row=[=, >, <, =] ix=46 result=[24+] is correct

Test 25-:
    W0: [ 0,  1,  5,  6,  7, 14, 15, 16, 18, 19, 21] = [ 2,  3,  4,  8,  9, 10, 11, 12, 13, 17, 20]
    W1: [ 0,  1,  5,  6,  7, 17, 20, 22, 23, 24] > [ 2,  3,  4,  8, 15, 16, 18, 19, 21, 25]
    W2: [ 0,  1,  8, 15, 16, 20, 22, 25, 26, 27] < [ 2,  6,  7,  9, 10, 11, 14, 17, 21, 24]
    W3: [ 0,  2,  6,  8, 11, 15, 17, 18, 25] < [ 3,  5,  9, 12, 14, 21, 22, 23, 27]
    Truth table row=[=, >, <, <] ix=45 result=[25-] is correct

Test 25+:
    W0: [ 0,  1,  5,  6,  7, 14, 15, 16, 18, 19, 21] = [ 2,  3,  4,  8,  9, 10, 11, 12, 13, 17, 20]
    W1: [ 0,  1,  5,  6,  7, 17, 20, 22, 23, 24] < [ 2,  3,  4,  8, 15, 16, 18, 19, 21, 25]
    W2: [ 0,  1,  8, 15, 16, 20, 22, 25, 26, 27] > [ 2,  6,  7,  9, 10, 11, 14, 17, 21, 24]
    W3: [ 0,  2,  6,  8, 11, 15, 17, 18, 25] > [ 3,  5,  9, 12, 14, 21, 22, 23, 27]
    Truth table row=[=, <, >, >] ix=35 result=[25+] is correct

Test 26-:
    W0: [ 0,  1,  5,  6,  7, 14, 15, 16, 18, 19, 21] = [ 2,  3,  4,  8,  9, 10, 11, 12, 13, 17, 20]
    W1: [ 0,  1,  5,  6,  7, 17, 20, 22, 23, 24] = [ 2,  3,  4,  8, 15, 16, 18, 19, 21, 25]
    W2: [ 0,  1,  8, 15, 16, 20, 22, 25, 26, 27] < [ 2,  6,  7,  9, 10, 11, 14, 17, 21, 24]
    W3: [ 0,  2,  6,  8, 11, 15, 17, 18, 25] = [ 3,  5,  9, 12, 14, 21, 22, 23, 27]
    Truth table row=[=, =, <, =] ix=37 result=[26-] is correct

Test 26+:
    W0: [ 0,  1,  5,  6,  7, 14, 15, 16, 18, 19, 21] = [ 2,  3,  4,  8,  9, 10, 11, 12, 13, 17, 20]
    W1: [ 0,  1,  5,  6,  7, 17, 20, 22, 23, 24] = [ 2,  3,  4,  8, 15, 16, 18, 19, 21, 25]
    W2: [ 0,  1,  8, 15, 16, 20, 22, 25, 26, 27] > [ 2,  6,  7,  9, 10, 11, 14, 17, 21, 24]
    W3: [ 0,  2,  6,  8, 11, 15, 17, 18, 25] = [ 3,  5,  9, 12, 14, 21, 22, 23, 27]
    Truth table row=[=, =, >, =] ix=43 result=[26+] is correct

Test 27-:
    W0: [ 0,  1,  5,  6,  7, 14, 15, 16, 18, 19, 21] = [ 2,  3,  4,  8,  9, 10, 11, 12, 13, 17, 20]
    W1: [ 0,  1,  5,  6,  7, 17, 20, 22, 23, 24] = [ 2,  3,  4,  8, 15, 16, 18, 19, 21, 25]
    W2: [ 0,  1,  8, 15, 16, 20, 22, 25, 26, 27] < [ 2,  6,  7,  9, 10, 11, 14, 17, 21, 24]
    W3: [ 0,  2,  6,  8, 11, 15, 17, 18, 25] > [ 3,  5,  9, 12, 14, 21, 22, 23, 27]
    Truth table row=[=, =, <, >] ix=38 result=[27-] is correct

Test 27+:
    W0: [ 0,  1,  5,  6,  7, 14, 15, 16, 18, 19, 21] = [ 2,  3,  4,  8,  9, 10, 11, 12, 13, 17, 20]
    W1: [ 0,  1,  5,  6,  7, 17, 20, 22, 23, 24] = [ 2,  3,  4,  8, 15, 16, 18, 19, 21, 25]
    W2: [ 0,  1,  8, 15, 16, 20, 22, 25, 26, 27] > [ 2,  6,  7,  9, 10, 11, 14, 17, 21, 24]
    W3: [ 0,  2,  6,  8, 11, 15, 17, 18, 25] < [ 3,  5,  9, 12, 14, 21, 22, 23, 27]
    Truth table row=[=, =, >, <] ix=42 result=[27+] is correct

Total correct results: 56
Total incorrect results: 0
