Solving for 24 balls and 4 weighings

Solution:
W0: [ 0,  2,  4,  6,  8, 10, 12] <=> [ 1,  3,  5,  7,  9, 11, 13]
W1: [ 0,  8,  9, 10, 11, 14, 17, 18] <=> [ 3,  4,  6,  7, 12, 16, 19, 23]
W2: [ 0,  1,  2,  4,  8, 11, 12, 14, 21] <=> [ 3,  5, 10, 15, 16, 17, 18, 22, 23]
W3: [ 1,  4,  6, 10, 14, 20, 22, 23] <=> [ 0,  2,  3,  7, 12, 13, 15, 18]

Truth Table:
ix  W0  W1  W2  W3   Result
 0   <   <   <   <   3+
 1   <   <   <   =   8-
 2   <   <   <   >   0-
 3   <   <   =   <   7+
 4   <   <   =   =
 5   <   <   =   >
 6   <   <   >   <   10-
 7   <   <   >   =
 8   <   <   >   >
 9   <   =   <   <
10   <   =   <   =   5+
11   <   =   <   >   2-
12   <   =   =   <   13+
13   <   =   =   =
14   <   =   =   >
15   <   =   >   <
16   <   =   >   =
17   <   =   >   >   1+
18   <   >   <   <   4-
19   <   >   <   =
20   <   >   <   >   12-
21   <   >   =   <   6-
22   <   >   =   =   9+
23   <   >   =   >
24   <   >   >   <
25   <   >   >   =   11+
26   <   >   >   >
27   =   <   <   <   14-
28   =   <   <   =   16+
29   =   <   <   >   23+
30   =   <   =   <
31   =   <   =   =   19+
32   =   <   =   >
33   =   <   >   <
34   =   <   >   =   17-
35   =   <   >   >   18-
36   =   =   <   <   15+
37   =   =   <   =   21-
38   =   =   <   >   22+
39   =   =   =   <   20-
40   =   =   =   =
41   =   =   =   >   20+
42   =   =   >   <   22-
43   =   =   >   =   21+
44   =   =   >   >   15-
45   =   >   <   <   18+
46   =   >   <   =   17+
47   =   >   <   >
48   =   >   =   <
49   =   >   =   =   19-
50   =   >   =   >
51   =   >   >   <   23-
52   =   >   >   =   16-
53   =   >   >   >   14+
54   >   <   <   <
55   >   <   <   =   11-
56   >   <   <   >
57   >   <   =   <
58   >   <   =   =   9-
59   >   <   =   >   6+
60   >   <   >   <   12+
61   >   <   >   =
62   >   <   >   >   4+
63   >   =   <   <   1-
64   >   =   <   =
65   >   =   <   >
66   >   =   =   <
67   >   =   =   =
68   >   =   =   >   13-
69   >   =   >   <   2+
70   >   =   >   =   5-
71   >   =   >   >
72   >   >   <   <
73   >   >   <   =
74   >   >   <   >   10+
75   >   >   =   <
76   >   >   =   =
77   >   >   =   >   7-
78   >   >   >   <   0+
79   >   >   >   =   8+
80   >   >   >   >   3-

Test 0-:
    W0: [ 0,  2,  4,  6,  8, 10, 12] < [ 1,  3,  5,  7,  9, 11, 13]
    W1: [ 0,  8,  9, 10, 11, 14, 17, 18] < [ 3,  4,  6,  7, 12, 16, 19, 23]
    W2: [ 0,  1,  2,  4,  8, 11, 12, 14, 21] < [ 3,  5, 10, 15, 16, 17, 18, 22, 23]
    W3: [ 1,  4,  6, 10, 14, 20, 22, 23] > [ 0,  2,  3,  7, 12, 13, 15, 18]
    Truth table result: ['0-'] is correct

Test 0+:
    W0: [ 0,  2,  4,  6,  8, 10, 12] > [ 1,  3,  5,  7,  9, 11, 13]
    W1: [ 0,  8,  9, 10, 11, 14, 17, 18] > [ 3,  4,  6,  7, 12, 16, 19, 23]
    W2: [ 0,  1,  2,  4,  8, 11, 12, 14, 21] > [ 3,  5, 10, 15, 16, 17, 18, 22, 23]
    W3: [ 1,  4,  6, 10, 14, 20, 22, 23] < [ 0,  2,  3,  7, 12, 13, 15, 18]
    Truth table result: ['0+'] is correct

Test 1-:
    W0: [ 0,  2,  4,  6,  8, 10, 12] > [ 1,  3,  5,  7,  9, 11, 13]
    W1: [ 0,  8,  9, 10, 11, 14, 17, 18] = [ 3,  4,  6,  7, 12, 16, 19, 23]
    W2: [ 0,  1,  2,  4,  8, 11, 12, 14, 21] < [ 3,  5, 10, 15, 16, 17, 18, 22, 23]
    W3: [ 1,  4,  6, 10, 14, 20, 22, 23] < [ 0,  2,  3,  7, 12, 13, 15, 18]
    Truth table result: ['1-'] is correct

Test 1+:
    W0: [ 0,  2,  4,  6,  8, 10, 12] < [ 1,  3,  5,  7,  9, 11, 13]
    W1: [ 0,  8,  9, 10, 11, 14, 17, 18] = [ 3,  4,  6,  7, 12, 16, 19, 23]
    W2: [ 0,  1,  2,  4,  8, 11, 12, 14, 21] > [ 3,  5, 10, 15, 16, 17, 18, 22, 23]
    W3: [ 1,  4,  6, 10, 14, 20, 22, 23] > [ 0,  2,  3,  7, 12, 13, 15, 18]
    Truth table result: ['1+'] is correct

Test 2-:
    W0: [ 0,  2,  4,  6,  8, 10, 12] < [ 1,  3,  5,  7,  9, 11, 13]
    W1: [ 0,  8,  9, 10, 11, 14, 17, 18] = [ 3,  4,  6,  7, 12, 16, 19, 23]
    W2: [ 0,  1,  2,  4,  8, 11, 12, 14, 21] < [ 3,  5, 10, 15, 16, 17, 18, 22, 23]
    W3: [ 1,  4,  6, 10, 14, 20, 22, 23] > [ 0,  2,  3,  7, 12, 13, 15, 18]
    Truth table result: ['2-'] is correct

Test 2+:
    W0: [ 0,  2,  4,  6,  8, 10, 12] > [ 1,  3,  5,  7,  9, 11, 13]
    W1: [ 0,  8,  9, 10, 11, 14, 17, 18] = [ 3,  4,  6,  7, 12, 16, 19, 23]
    W2: [ 0,  1,  2,  4,  8, 11, 12, 14, 21] > [ 3,  5, 10, 15, 16, 17, 18, 22, 23]
    W3: [ 1,  4,  6, 10, 14, 20, 22, 23] < [ 0,  2,  3,  7, 12, 13, 15, 18]
    Truth table result: ['2+'] is correct

Test 3-:
    W0: [ 0,  2,  4,  6,  8, 10, 12] > [ 1,  3,  5,  7,  9, 11, 13]
    W1: [ 0,  8,  9, 10, 11, 14, 17, 18] > [ 3,  4,  6,  7, 12, 16, 19, 23]
    W2: [ 0,  1,  2,  4,  8, 11, 12, 14, 21] > [ 3,  5, 10, 15, 16, 17, 18, 22, 23]
    W3: [ 1,  4,  6, 10, 14, 20, 22, 23] > [ 0,  2,  3,  7, 12, 13, 15, 18]
    Truth table result: ['3-'] is correct

Test 3+:
    W0: [ 0,  2,  4,  6,  8, 10, 12] < [ 1,  3,  5,  7,  9, 11, 13]
    W1: [ 0,  8,  9, 10, 11, 14, 17, 18] < [ 3,  4,  6,  7, 12, 16, 19, 23]
    W2: [ 0,  1,  2,  4,  8, 11, 12, 14, 21] < [ 3,  5, 10, 15, 16, 17, 18, 22, 23]
    W3: [ 1,  4,  6, 10, 14, 20, 22, 23] < [ 0,  2,  3,  7, 12, 13, 15, 18]
    Truth table result: ['3+'] is correct

Test 4-:
    W0: [ 0,  2,  4,  6,  8, 10, 12] < [ 1,  3,  5,  7,  9, 11, 13]
    W1: [ 0,  8,  9, 10, 11, 14, 17, 18] > [ 3,  4,  6,  7, 12, 16, 19, 23]
    W2: [ 0,  1,  2,  4,  8, 11, 12, 14, 21] < [ 3,  5, 10, 15, 16, 17, 18, 22, 23]
    W3: [ 1,  4,  6, 10, 14, 20, 22, 23] < [ 0,  2,  3,  7, 12, 13, 15, 18]
    Truth table result: ['4-'] is correct

Test 4+:
    W0: [ 0,  2,  4,  6,  8, 10, 12] > [ 1,  3,  5,  7,  9, 11, 13]
    W1: [ 0,  8,  9, 10, 11, 14, 17, 18] < [ 3,  4,  6,  7, 12, 16, 19, 23]
    W2: [ 0,  1,  2,  4,  8, 11, 12, 14, 21] > [ 3,  5, 10, 15, 16, 17, 18, 22, 23]
    W3: [ 1,  4,  6, 10, 14, 20, 22, 23] > [ 0,  2,  3,  7, 12, 13, 15, 18]
    Truth table result: ['4+'] is correct

Test 5-:
    W0: [ 0,  2,  4,  6,  8, 10, 12] > [ 1,  3,  5,  7,  9, 11, 13]
    W1: [ 0,  8,  9, 10, 11, 14, 17, 18] = [ 3,  4,  6,  7, 12, 16, 19, 23]
    W2: [ 0,  1,  2,  4,  8, 11, 12, 14, 21] > [ 3,  5, 10, 15, 16, 17, 18, 22, 23]
    W3: [ 1,  4,  6, 10, 14, 20, 22, 23] = [ 0,  2,  3,  7, 12, 13, 15, 18]
    Truth table result: ['5-'] is correct

Test 5+:
    W0: [ 0,  2,  4,  6,  8, 10, 12] < [ 1,  3,  5,  7,  9, 11, 13]
    W1: [ 0,  8,  9, 10, 11, 14, 17, 18] = [ 3,  4,  6,  7, 12, 16, 19, 23]
    W2: [ 0,  1,  2,  4,  8, 11, 12, 14, 21] < [ 3,  5, 10, 15, 16, 17, 18, 22, 23]
    W3: [ 1,  4,  6, 10, 14, 20, 22, 23] = [ 0,  2,  3,  7, 12, 13, 15, 18]
    Truth table result: ['5+'] is correct

Test 6-:
    W0: [ 0,  2,  4,  6,  8, 10, 12] < [ 1,  3,  5,  7,  9, 11, 13]
    W1: [ 0,  8,  9, 10, 11, 14, 17, 18] > [ 3,  4,  6,  7, 12, 16, 19, 23]
    W2: [ 0,  1,  2,  4,  8, 11, 12, 14, 21] = [ 3,  5, 10, 15, 16, 17, 18, 22, 23]
    W3: [ 1,  4,  6, 10, 14, 20, 22, 23] < [ 0,  2,  3,  7, 12, 13, 15, 18]
    Truth table result: ['6-'] is correct

Test 6+:
    W0: [ 0,  2,  4,  6,  8, 10, 12] > [ 1,  3,  5,  7,  9, 11, 13]
    W1: [ 0,  8,  9, 10, 11, 14, 17, 18] < [ 3,  4,  6,  7, 12, 16, 19, 23]
    W2: [ 0,  1,  2,  4,  8, 11, 12, 14, 21] = [ 3,  5, 10, 15, 16, 17, 18, 22, 23]
    W3: [ 1,  4,  6, 10, 14, 20, 22, 23] > [ 0,  2,  3,  7, 12, 13, 15, 18]
    Truth table result: ['6+'] is correct

Test 7-:
    W0: [ 0,  2,  4,  6,  8, 10, 12] > [ 1,  3,  5,  7,  9, 11, 13]
    W1: [ 0,  8,  9, 10, 11, 14, 17, 18] > [ 3,  4,  6,  7, 12, 16, 19, 23]
    W2: [ 0,  1,  2,  4,  8, 11, 12, 14, 21] = [ 3,  5, 10, 15, 16, 17, 18, 22, 23]
    W3: [ 1,  4,  6, 10, 14, 20, 22, 23] > [ 0,  2,  3,  7, 12, 13, 15, 18]
    Truth table result: ['7-'] is correct

Test 7+:
    W0: [ 0,  2,  4,  6,  8, 10, 12] < [ 1,  3,  5,  7,  9, 11, 13]
    W1: [ 0,  8,  9, 10, 11, 14, 17, 18] < [ 3,  4,  6,  7, 12, 16, 19, 23]
    W2: [ 0,  1,  2,  4,  8, 11, 12, 14, 21] = [ 3,  5, 10, 15, 16, 17, 18, 22, 23]
    W3: [ 1,  4,  6, 10, 14, 20, 22, 23] < [ 0,  2,  3,  7, 12, 13, 15, 18]
    Truth table result: ['7+'] is correct

Test 8-:
    W0: [ 0,  2,  4,  6,  8, 10, 12] < [ 1,  3,  5,  7,  9, 11, 13]
    W1: [ 0,  8,  9, 10, 11, 14, 17, 18] < [ 3,  4,  6,  7, 12, 16, 19, 23]
    W2: [ 0,  1,  2,  4,  8, 11, 12, 14, 21] < [ 3,  5, 10, 15, 16, 17, 18, 22, 23]
    W3: [ 1,  4,  6, 10, 14, 20, 22, 23] = [ 0,  2,  3,  7, 12, 13, 15, 18]
    Truth table result: ['8-'] is correct

Test 8+:
    W0: [ 0,  2,  4,  6,  8, 10, 12] > [ 1,  3,  5,  7,  9, 11, 13]
    W1: [ 0,  8,  9, 10, 11, 14, 17, 18] > [ 3,  4,  6,  7, 12, 16, 19, 23]
    W2: [ 0,  1,  2,  4,  8, 11, 12, 14, 21] > [ 3,  5, 10, 15, 16, 17, 18, 22, 23]
    W3: [ 1,  4,  6, 10, 14, 20, 22, 23] = [ 0,  2,  3,  7, 12, 13, 15, 18]
    Truth table result: ['8+'] is correct

Test 9-:
    W0: [ 0,  2,  4,  6,  8, 10, 12] > [ 1,  3,  5,  7,  9, 11, 13]
    W1: [ 0,  8,  9, 10, 11, 14, 17, 18] < [ 3,  4,  6,  7, 12, 16, 19, 23]
    W2: [ 0,  1,  2,  4,  8, 11, 12, 14, 21] = [ 3,  5, 10, 15, 16, 17, 18, 22, 23]
    W3: [ 1,  4,  6, 10, 14, 20, 22, 23] = [ 0,  2,  3,  7, 12, 13, 15, 18]
    Truth table result: ['9-'] is correct

Test 9+:
    W0: [ 0,  2,  4,  6,  8, 10, 12] < [ 1,  3,  5,  7,  9, 11, 13]
    W1: [ 0,  8,  9, 10, 11, 14, 17, 18] > [ 3,  4,  6,  7, 12, 16, 19, 23]
    W2: [ 0,  1,  2,  4,  8, 11, 12, 14, 21] = [ 3,  5, 10, 15, 16, 17, 18, 22, 23]
    W3: [ 1,  4,  6, 10, 14, 20, 22, 23] = [ 0,  2,  3,  7, 12, 13, 15, 18]
    Truth table result: ['9+'] is correct

Test 10-:
    W0: [ 0,  2,  4,  6,  8, 10, 12] < [ 1,  3,  5,  7,  9, 11, 13]
    W1: [ 0,  8,  9, 10, 11, 14, 17, 18] < [ 3,  4,  6,  7, 12, 16, 19, 23]
    W2: [ 0,  1,  2,  4,  8, 11, 12, 14, 21] > [ 3,  5, 10, 15, 16, 17, 18, 22, 23]
    W3: [ 1,  4,  6, 10, 14, 20, 22, 23] < [ 0,  2,  3,  7, 12, 13, 15, 18]
    Truth table result: ['10-'] is correct

Test 10+:
    W0: [ 0,  2,  4,  6,  8, 10, 12] > [ 1,  3,  5,  7,  9, 11, 13]
    W1: [ 0,  8,  9, 10, 11, 14, 17, 18] > [ 3,  4,  6,  7, 12, 16, 19, 23]
    W2: [ 0,  1,  2,  4,  8, 11, 12, 14, 21] < [ 3,  5, 10, 15, 16, 17, 18, 22, 23]
    W3: [ 1,  4,  6, 10, 14, 20, 22, 23] > [ 0,  2,  3,  7, 12, 13, 15, 18]
    Truth table result: ['10+'] is correct

Test 11-:
    W0: [ 0,  2,  4,  6,  8, 10, 12] > [ 1,  3,  5,  7,  9, 11, 13]
    W1: [ 0,  8,  9, 10, 11, 14, 17, 18] < [ 3,  4,  6,  7, 12, 16, 19, 23]
    W2: [ 0,  1,  2,  4,  8, 11, 12, 14, 21] < [ 3,  5, 10, 15, 16, 17, 18, 22, 23]
    W3: [ 1,  4,  6, 10, 14, 20, 22, 23] = [ 0,  2,  3,  7, 12, 13, 15, 18]
    Truth table result: ['11-'] is correct

Test 11+:
    W0: [ 0,  2,  4,  6,  8, 10, 12] < [ 1,  3,  5,  7,  9, 11, 13]
    W1: [ 0,  8,  9, 10, 11, 14, 17, 18] > [ 3,  4,  6,  7, 12, 16, 19, 23]
    W2: [ 0,  1,  2,  4,  8, 11, 12, 14, 21] > [ 3,  5, 10, 15, 16, 17, 18, 22, 23]
    W3: [ 1,  4,  6, 10, 14, 20, 22, 23] = [ 0,  2,  3,  7, 12, 13, 15, 18]
    Truth table result: ['11+'] is correct

Test 12-:
    W0: [ 0,  2,  4,  6,  8, 10, 12] < [ 1,  3,  5,  7,  9, 11, 13]
    W1: [ 0,  8,  9, 10, 11, 14, 17, 18] > [ 3,  4,  6,  7, 12, 16, 19, 23]
    W2: [ 0,  1,  2,  4,  8, 11, 12, 14, 21] < [ 3,  5, 10, 15, 16, 17, 18, 22, 23]
    W3: [ 1,  4,  6, 10, 14, 20, 22, 23] > [ 0,  2,  3,  7, 12, 13, 15, 18]
    Truth table result: ['12-'] is correct

Test 12+:
    W0: [ 0,  2,  4,  6,  8, 10, 12] > [ 1,  3,  5,  7,  9, 11, 13]
    W1: [ 0,  8,  9, 10, 11, 14, 17, 18] < [ 3,  4,  6,  7, 12, 16, 19, 23]
    W2: [ 0,  1,  2,  4,  8, 11, 12, 14, 21] > [ 3,  5, 10, 15, 16, 17, 18, 22, 23]
    W3: [ 1,  4,  6, 10, 14, 20, 22, 23] < [ 0,  2,  3,  7, 12, 13, 15, 18]
    Truth table result: ['12+'] is correct

Test 13-:
    W0: [ 0,  2,  4,  6,  8, 10, 12] > [ 1,  3,  5,  7,  9, 11, 13]
    W1: [ 0,  8,  9, 10, 11, 14, 17, 18] = [ 3,  4,  6,  7, 12, 16, 19, 23]
    W2: [ 0,  1,  2,  4,  8, 11, 12, 14, 21] = [ 3,  5, 10, 15, 16, 17, 18, 22, 23]
    W3: [ 1,  4,  6, 10, 14, 20, 22, 23] > [ 0,  2,  3,  7, 12, 13, 15, 18]
    Truth table result: ['13-'] is correct

Test 13+:
    W0: [ 0,  2,  4,  6,  8, 10, 12] < [ 1,  3,  5,  7,  9, 11, 13]
    W1: [ 0,  8,  9, 10, 11, 14, 17, 18] = [ 3,  4,  6,  7, 12, 16, 19, 23]
    W2: [ 0,  1,  2,  4,  8, 11, 12, 14, 21] = [ 3,  5, 10, 15, 16, 17, 18, 22, 23]
    W3: [ 1,  4,  6, 10, 14, 20, 22, 23] < [ 0,  2,  3,  7, 12, 13, 15, 18]
    Truth table result: ['13+'] is correct

Test 14-:
    W0: [ 0,  2,  4,  6,  8, 10, 12] = [ 1,  3,  5,  7,  9, 11, 13]
    W1: [ 0,  8,  9, 10, 11, 14, 17, 18] < [ 3,  4,  6,  7, 12, 16, 19, 23]
    W2: [ 0,  1,  2,  4,  8, 11, 12, 14, 21] < [ 3,  5, 10, 15, 16, 17, 18, 22, 23]
    W3: [ 1,  4,  6, 10, 14, 20, 22, 23] < [ 0,  2,  3,  7, 12, 13, 15, 18]
    Truth table result: ['14-'] is correct

Test 14+:
    W0: [ 0,  2,  4,  6,  8, 10, 12] = [ 1,  3,  5,  7,  9, 11, 13]
    W1: [ 0,  8,  9, 10, 11, 14, 17, 18] > [ 3,  4,  6,  7, 12, 16, 19, 23]
    W2: [ 0,  1,  2,  4,  8, 11, 12, 14, 21] > [ 3,  5, 10, 15, 16, 17, 18, 22, 23]
    W3: [ 1,  4,  6, 10, 14, 20, 22, 23] > [ 0,  2,  3,  7, 12, 13, 15, 18]
    Truth table result: ['14+'] is correct

Test 15-:
    W0: [ 0,  2,  4,  6,  8, 10, 12] = [ 1,  3,  5,  7,  9, 11, 13]
    W1: [ 0,  8,  9, 10, 11, 14, 17, 18] = [ 3,  4,  6,  7, 12, 16, 19, 23]
    W2: [ 0,  1,  2,  4,  8, 11, 12, 14, 21] > [ 3,  5, 10, 15, 16, 17, 18, 22, 23]
    W3: [ 1,  4,  6, 10, 14, 20, 22, 23] > [ 0,  2,  3,  7, 12, 13, 15, 18]
    Truth table result: ['15-'] is correct

Test 15+:
    W0: [ 0,  2,  4,  6,  8, 10, 12] = [ 1,  3,  5,  7,  9, 11, 13]
    W1: [ 0,  8,  9, 10, 11, 14, 17, 18] = [ 3,  4,  6,  7, 12, 16, 19, 23]
    W2: [ 0,  1,  2,  4,  8, 11, 12, 14, 21] < [ 3,  5, 10, 15, 16, 17, 18, 22, 23]
    W3: [ 1,  4,  6, 10, 14, 20, 22, 23] < [ 0,  2,  3,  7, 12, 13, 15, 18]
    Truth table result: ['15+'] is correct

Test 16-:
    W0: [ 0,  2,  4,  6,  8, 10, 12] = [ 1,  3,  5,  7,  9, 11, 13]
    W1: [ 0,  8,  9, 10, 11, 14, 17, 18] > [ 3,  4,  6,  7, 12, 16, 19, 23]
    W2: [ 0,  1,  2,  4,  8, 11, 12, 14, 21] > [ 3,  5, 10, 15, 16, 17, 18, 22, 23]
    W3: [ 1,  4,  6, 10, 14, 20, 22, 23] = [ 0,  2,  3,  7, 12, 13, 15, 18]
    Truth table result: ['16-'] is correct

Test 16+:
    W0: [ 0,  2,  4,  6,  8, 10, 12] = [ 1,  3,  5,  7,  9, 11, 13]
    W1: [ 0,  8,  9, 10, 11, 14, 17, 18] < [ 3,  4,  6,  7, 12, 16, 19, 23]
    W2: [ 0,  1,  2,  4,  8, 11, 12, 14, 21] < [ 3,  5, 10, 15, 16, 17, 18, 22, 23]
    W3: [ 1,  4,  6, 10, 14, 20, 22, 23] = [ 0,  2,  3,  7, 12, 13, 15, 18]
    Truth table result: ['16+'] is correct

Test 17-:
    W0: [ 0,  2,  4,  6,  8, 10, 12] = [ 1,  3,  5,  7,  9, 11, 13]
    W1: [ 0,  8,  9, 10, 11, 14, 17, 18] < [ 3,  4,  6,  7, 12, 16, 19, 23]
    W2: [ 0,  1,  2,  4,  8, 11, 12, 14, 21] > [ 3,  5, 10, 15, 16, 17, 18, 22, 23]
    W3: [ 1,  4,  6, 10, 14, 20, 22, 23] = [ 0,  2,  3,  7, 12, 13, 15, 18]
    Truth table result: ['17-'] is correct

Test 17+:
    W0: [ 0,  2,  4,  6,  8, 10, 12] = [ 1,  3,  5,  7,  9, 11, 13]
    W1: [ 0,  8,  9, 10, 11, 14, 17, 18] > [ 3,  4,  6,  7, 12, 16, 19, 23]
    W2: [ 0,  1,  2,  4,  8, 11, 12, 14, 21] < [ 3,  5, 10, 15, 16, 17, 18, 22, 23]
    W3: [ 1,  4,  6, 10, 14, 20, 22, 23] = [ 0,  2,  3,  7, 12, 13, 15, 18]
    Truth table result: ['17+'] is correct

Test 18-:
    W0: [ 0,  2,  4,  6,  8, 10, 12] = [ 1,  3,  5,  7,  9, 11, 13]
    W1: [ 0,  8,  9, 10, 11, 14, 17, 18] < [ 3,  4,  6,  7, 12, 16, 19, 23]
    W2: [ 0,  1,  2,  4,  8, 11, 12, 14, 21] > [ 3,  5, 10, 15, 16, 17, 18, 22, 23]
    W3: [ 1,  4,  6, 10, 14, 20, 22, 23] > [ 0,  2,  3,  7, 12, 13, 15, 18]
    Truth table result: ['18-'] is correct

Test 18+:
    W0: [ 0,  2,  4,  6,  8, 10, 12] = [ 1,  3,  5,  7,  9, 11, 13]
    W1: [ 0,  8,  9, 10, 11, 14, 17, 18] > [ 3,  4,  6,  7, 12, 16, 19, 23]
    W2: [ 0,  1,  2,  4,  8, 11, 12, 14, 21] < [ 3,  5, 10, 15, 16, 17, 18, 22, 23]
    W3: [ 1,  4,  6, 10, 14, 20, 22, 23] < [ 0,  2,  3,  7, 12, 13, 15, 18]
    Truth table result: ['18+'] is correct

Test 19-:
    W0: [ 0,  2,  4,  6,  8, 10, 12] = [ 1,  3,  5,  7,  9, 11, 13]
    W1: [ 0,  8,  9, 10, 11, 14, 17, 18] > [ 3,  4,  6,  7, 12, 16, 19, 23]
    W2: [ 0,  1,  2,  4,  8, 11, 12, 14, 21] = [ 3,  5, 10, 15, 16, 17, 18, 22, 23]
    W3: [ 1,  4,  6, 10, 14, 20, 22, 23] = [ 0,  2,  3,  7, 12, 13, 15, 18]
    Truth table result: ['19-'] is correct

Test 19+:
    W0: [ 0,  2,  4,  6,  8, 10, 12] = [ 1,  3,  5,  7,  9, 11, 13]
    W1: [ 0,  8,  9, 10, 11, 14, 17, 18] < [ 3,  4,  6,  7, 12, 16, 19, 23]
    W2: [ 0,  1,  2,  4,  8, 11, 12, 14, 21] = [ 3,  5, 10, 15, 16, 17, 18, 22, 23]
    W3: [ 1,  4,  6, 10, 14, 20, 22, 23] = [ 0,  2,  3,  7, 12, 13, 15, 18]
    Truth table result: ['19+'] is correct

Test 20-:
    W0: [ 0,  2,  4,  6,  8, 10, 12] = [ 1,  3,  5,  7,  9, 11, 13]
    W1: [ 0,  8,  9, 10, 11, 14, 17, 18] = [ 3,  4,  6,  7, 12, 16, 19, 23]
    W2: [ 0,  1,  2,  4,  8, 11, 12, 14, 21] = [ 3,  5, 10, 15, 16, 17, 18, 22, 23]
    W3: [ 1,  4,  6, 10, 14, 20, 22, 23] < [ 0,  2,  3,  7, 12, 13, 15, 18]
    Truth table result: ['20-'] is correct

Test 20+:
    W0: [ 0,  2,  4,  6,  8, 10, 12] = [ 1,  3,  5,  7,  9, 11, 13]
    W1: [ 0,  8,  9, 10, 11, 14, 17, 18] = [ 3,  4,  6,  7, 12, 16, 19, 23]
    W2: [ 0,  1,  2,  4,  8, 11, 12, 14, 21] = [ 3,  5, 10, 15, 16, 17, 18, 22, 23]
    W3: [ 1,  4,  6, 10, 14, 20, 22, 23] > [ 0,  2,  3,  7, 12, 13, 15, 18]
    Truth table result: ['20+'] is correct

Test 21-:
    W0: [ 0,  2,  4,  6,  8, 10, 12] = [ 1,  3,  5,  7,  9, 11, 13]
    W1: [ 0,  8,  9, 10, 11, 14, 17, 18] = [ 3,  4,  6,  7, 12, 16, 19, 23]
    W2: [ 0,  1,  2,  4,  8, 11, 12, 14, 21] < [ 3,  5, 10, 15, 16, 17, 18, 22, 23]
    W3: [ 1,  4,  6, 10, 14, 20, 22, 23] = [ 0,  2,  3,  7, 12, 13, 15, 18]
    Truth table result: ['21-'] is correct

Test 21+:
    W0: [ 0,  2,  4,  6,  8, 10, 12] = [ 1,  3,  5,  7,  9, 11, 13]
    W1: [ 0,  8,  9, 10, 11, 14, 17, 18] = [ 3,  4,  6,  7, 12, 16, 19, 23]
    W2: [ 0,  1,  2,  4,  8, 11, 12, 14, 21] > [ 3,  5, 10, 15, 16, 17, 18, 22, 23]
    W3: [ 1,  4,  6, 10, 14, 20, 22, 23] = [ 0,  2,  3,  7, 12, 13, 15, 18]
    Truth table result: ['21+'] is correct

Test 22-:
    W0: [ 0,  2,  4,  6,  8, 10, 12] = [ 1,  3,  5,  7,  9, 11, 13]
    W1: [ 0,  8,  9, 10, 11, 14, 17, 18] = [ 3,  4,  6,  7, 12, 16, 19, 23]
    W2: [ 0,  1,  2,  4,  8, 11, 12, 14, 21] > [ 3,  5, 10, 15, 16, 17, 18, 22, 23]
    W3: [ 1,  4,  6, 10, 14, 20, 22, 23] < [ 0,  2,  3,  7, 12, 13, 15, 18]
    Truth table result: ['22-'] is correct

Test 22+:
    W0: [ 0,  2,  4,  6,  8, 10, 12] = [ 1,  3,  5,  7,  9, 11, 13]
    W1: [ 0,  8,  9, 10, 11, 14, 17, 18] = [ 3,  4,  6,  7, 12, 16, 19, 23]
    W2: [ 0,  1,  2,  4,  8, 11, 12, 14, 21] < [ 3,  5, 10, 15, 16, 17, 18, 22, 23]
    W3: [ 1,  4,  6, 10, 14, 20, 22, 23] > [ 0,  2,  3,  7, 12, 13, 15, 18]
    Truth table result: ['22+'] is correct

Test 23-:
    W0: [ 0,  2,  4,  6,  8, 10, 12] = [ 1,  3,  5,  7,  9, 11, 13]
    W1: [ 0,  8,  9, 10, 11, 14, 17, 18] > [ 3,  4,  6,  7, 12, 16, 19, 23]
    W2: [ 0,  1,  2,  4,  8, 11, 12, 14, 21] > [ 3,  5, 10, 15, 16, 17, 18, 22, 23]
    W3: [ 1,  4,  6, 10, 14, 20, 22, 23] < [ 0,  2,  3,  7, 12, 13, 15, 18]
    Truth table result: ['23-'] is correct

Test 23+:
    W0: [ 0,  2,  4,  6,  8, 10, 12] = [ 1,  3,  5,  7,  9, 11, 13]
    W1: [ 0,  8,  9, 10, 11, 14, 17, 18] < [ 3,  4,  6,  7, 12, 16, 19, 23]
    W2: [ 0,  1,  2,  4,  8, 11, 12, 14, 21] < [ 3,  5, 10, 15, 16, 17, 18, 22, 23]
    W3: [ 1,  4,  6, 10, 14, 20, 22, 23] > [ 0,  2,  3,  7, 12, 13, 15, 18]
    Truth table result: ['23+'] is correct

Total correct results: 48
Total incorrect results: 0
