Solving for 46 balls and 5 weighings.
Using symmetry breaking strategy TruthTableAscending.

Solution:
W0: [ 0,  2,  3, 10, 11, 12, 13, 14, 19, 20, 21, 22, 25, 27, 28, 32, 33] <=> [ 1,  4,  5,  6,  7,  8,  9, 15, 16, 17, 18, 23, 24, 26, 29, 30, 31]
W1: [ 0,  2,  3, 10, 11, 12, 13, 14, 19, 23, 24, 26, 29, 30, 31, 35, 37, 38] <=> [ 1,  4,  5,  6,  7,  8,  9, 15, 16, 17, 18, 25, 27, 28, 32, 33, 34, 36]
W2: [ 0,  2,  3, 15, 16, 17, 18, 20, 21, 22, 29, 30, 31, 36, 39, 42] <=> [ 1,  4,  5, 13, 14, 19, 23, 24, 32, 33, 34, 37, 38, 40, 41, 43]
W3: [ 0,  4,  5, 13, 17, 18, 20, 23, 24, 25, 34, 35, 39, 41, 43] <=> [ 3,  6,  7,  8, 12, 19, 22, 26, 28, 32, 33, 38, 42, 44, 45]
W4: [ 0,  3,  5,  8, 13, 14, 16, 22, 24, 25, 26, 27, 28, 31, 32, 38, 43, 45] <=> [ 1,  6,  9, 11, 12, 17, 19, 20, 21, 23, 29, 34, 35, 36, 37, 39, 40, 41]

Truth Table:
ix  W0  W1  W2  W3  W4   Result
 0   <   <   <   <   <   0-
 1   <   <   <   <   =
 2   <   <   <   <   >
 3   <   <   <   =   <   1+
 4   <   <   <   =   =   2-
 5   <   <   <   =   >
 6   <   <   <   >   <   3-
 7   <   <   <   >   =   4+
 8   <   <   <   >   >   5+
 9   <   <   =   <   <   6+
10   <   <   =   <   =   7+
11   <   <   =   <   >   8+
12   <   <   =   =   <   9+
13   <   <   =   =   =   10-
14   <   <   =   =   >   11-
15   <   <   =   >   <
16   <   <   =   >   =
17   <   <   =   >   >   12-
18   <   <   >   <   <   13-
19   <   <   >   <   =
20   <   <   >   <   >
21   <   <   >   =   <   14-
22   <   <   >   =   =   15+
23   <   <   >   =   >   16+
24   <   <   >   >   <   17+
25   <   <   >   >   =   18+
26   <   <   >   >   >   19-
27   <   =   <   <   <
28   <   =   <   <   =
29   <   =   <   <   >   20-
30   <   =   <   =   <
31   <   =   <   =   =
32   <   =   <   =   >   21-
33   <   =   <   >   <   22-
34   <   =   <   >   =
35   <   =   <   >   >
36   <   =   =   <   <
37   <   =   =   <   =
38   <   =   =   <   >
39   <   =   =   =   <
40   <   =   =   =   =
41   <   =   =   =   >
42   <   =   =   >   <
43   <   =   =   >   =
44   <   =   =   >   >
45   <   =   >   <   <
46   <   =   >   <   =
47   <   =   >   <   >
48   <   =   >   =   <
49   <   =   >   =   =
50   <   =   >   =   >
51   <   =   >   >   <
52   <   =   >   >   =
53   <   =   >   >   >
54   <   >   <   <   <
55   <   >   <   <   =
56   <   >   <   <   >
57   <   >   <   =   <
58   <   >   <   =   =
59   <   >   <   =   >
60   <   >   <   >   <   23+
61   <   >   <   >   =
62   <   >   <   >   >   24+
63   <   >   =   <   <   25-
64   <   >   =   <   =
65   <   >   =   <   >   26+
66   <   >   =   =   <   27-
67   <   >   =   =   =
68   <   >   =   =   >
69   <   >   =   >   <   28-
70   <   >   =   >   =
71   <   >   =   >   >
72   <   >   >   <   <
73   <   >   >   <   =
74   <   >   >   <   >
75   <   >   >   =   <   29+
76   <   >   >   =   =   30+
77   <   >   >   =   >   31+
78   <   >   >   >   <   32-
79   <   >   >   >   =   33-
80   <   >   >   >   >
81   =   <   <   <   <
82   =   <   <   <   =
83   =   <   <   <   >
84   =   <   <   =   <
85   =   <   <   =   =
86   =   <   <   =   >
87   =   <   <   >   <   34+
88   =   <   <   >   =
89   =   <   <   >   >
90   =   <   =   <   <
91   =   <   =   <   =
92   =   <   =   <   >   35-
93   =   <   =   =   <
94   =   <   =   =   =
95   =   <   =   =   >
96   =   <   =   >   <
97   =   <   =   >   =
98   =   <   =   >   >
99   =   <   >   <   <
100   =   <   >   <   =
101   =   <   >   <   >
102   =   <   >   =   <   36+
103   =   <   >   =   =
104   =   <   >   =   >   37-
105   =   <   >   >   <   38-
106   =   <   >   >   =
107   =   <   >   >   >
108   =   =   <   <   <
109   =   =   <   <   =
110   =   =   <   <   >   39-
111   =   =   <   =   <   40+
112   =   =   <   =   =
113   =   =   <   =   >
114   =   =   <   >   <   41+
115   =   =   <   >   =   42-
116   =   =   <   >   >   43+
117   =   =   =   <   <
118   =   =   =   <   =   44+
119   =   =   =   <   >   45+
120   =   =   =   =   <
121   =   =   =   =   =
122   =   =   =   =   >
123   =   =   =   >   <   45-
124   =   =   =   >   =   44-
125   =   =   =   >   >
126   =   =   >   <   <   43-
127   =   =   >   <   =   42+
128   =   =   >   <   >   41-
129   =   =   >   =   <
130   =   =   >   =   =
131   =   =   >   =   >   40-
132   =   =   >   >   <   39+
133   =   =   >   >   =
134   =   =   >   >   >
135   =   >   <   <   <
136   =   >   <   <   =
137   =   >   <   <   >   38+
138   =   >   <   =   <   37+
139   =   >   <   =   =
140   =   >   <   =   >   36-
141   =   >   <   >   <
142   =   >   <   >   =
143   =   >   <   >   >
144   =   >   =   <   <
145   =   >   =   <   =
146   =   >   =   <   >
147   =   >   =   =   <
148   =   >   =   =   =
149   =   >   =   =   >
150   =   >   =   >   <   35+
151   =   >   =   >   =
152   =   >   =   >   >
153   =   >   >   <   <
154   =   >   >   <   =
155   =   >   >   <   >   34-
156   =   >   >   =   <
157   =   >   >   =   =
158   =   >   >   =   >
159   =   >   >   >   <
160   =   >   >   >   =
161   =   >   >   >   >
162   >   <   <   <   <
163   >   <   <   <   =   33+
164   >   <   <   <   >   32+
165   >   <   <   =   <   31-
166   >   <   <   =   =   30-
167   >   <   <   =   >   29-
168   >   <   <   >   <
169   >   <   <   >   =
170   >   <   <   >   >
171   >   <   =   <   <
172   >   <   =   <   =
173   >   <   =   <   >   28+
174   >   <   =   =   <
175   >   <   =   =   =
176   >   <   =   =   >   27+
177   >   <   =   >   <   26-
178   >   <   =   >   =
179   >   <   =   >   >   25+
180   >   <   >   <   <   24-
181   >   <   >   <   =
182   >   <   >   <   >   23-
183   >   <   >   =   <
184   >   <   >   =   =
185   >   <   >   =   >
186   >   <   >   >   <
187   >   <   >   >   =
188   >   <   >   >   >
189   >   =   <   <   <
190   >   =   <   <   =
191   >   =   <   <   >
192   >   =   <   =   <
193   >   =   <   =   =
194   >   =   <   =   >
195   >   =   <   >   <
196   >   =   <   >   =
197   >   =   <   >   >
198   >   =   =   <   <
199   >   =   =   <   =
200   >   =   =   <   >
201   >   =   =   =   <
202   >   =   =   =   =
203   >   =   =   =   >
204   >   =   =   >   <
205   >   =   =   >   =
206   >   =   =   >   >
207   >   =   >   <   <
208   >   =   >   <   =
209   >   =   >   <   >   22+
210   >   =   >   =   <   21+
211   >   =   >   =   =
212   >   =   >   =   >
213   >   =   >   >   <   20+
214   >   =   >   >   =
215   >   =   >   >   >
216   >   >   <   <   <   19+
217   >   >   <   <   =   18-
218   >   >   <   <   >   17-
219   >   >   <   =   <   16-
220   >   >   <   =   =   15-
221   >   >   <   =   >   14+
222   >   >   <   >   <
223   >   >   <   >   =
224   >   >   <   >   >   13+
225   >   >   =   <   <   12+
226   >   >   =   <   =
227   >   >   =   <   >
228   >   >   =   =   <   11+
229   >   >   =   =   =   10+
230   >   >   =   =   >   9-
231   >   >   =   >   <   8-
232   >   >   =   >   =   7-
233   >   >   =   >   >   6-
234   >   >   >   <   <   5-
235   >   >   >   <   =   4-
236   >   >   >   <   >   3+
237   >   >   >   =   <
238   >   >   >   =   =   2+
239   >   >   >   =   >   1-
240   >   >   >   >   <
241   >   >   >   >   =
242   >   >   >   >   >   0+

Test 0-:
    W0: [ 0,  2,  3, 10, 11, 12, 13, 14, 19, 20, 21, 22, 25, 27, 28, 32, 33] < [ 1,  4,  5,  6,  7,  8,  9, 15, 16, 17, 18, 23, 24, 26, 29, 30, 31]
    W1: [ 0,  2,  3, 10, 11, 12, 13, 14, 19, 23, 24, 26, 29, 30, 31, 35, 37, 38] < [ 1,  4,  5,  6,  7,  8,  9, 15, 16, 17, 18, 25, 27, 28, 32, 33, 34, 36]
    W2: [ 0,  2,  3, 15, 16, 17, 18, 20, 21, 22, 29, 30, 31, 36, 39, 42] < [ 1,  4,  5, 13, 14, 19, 23, 24, 32, 33, 34, 37, 38, 40, 41, 43]
    W3: [ 0,  4,  5, 13, 17, 18, 20, 23, 24, 25, 34, 35, 39, 41, 43] < [ 3,  6,  7,  8, 12, 19, 22, 26, 28, 32, 33, 38, 42, 44, 45]
    W4: [ 0,  3,  5,  8, 13, 14, 16, 22, 24, 25, 26, 27, 28, 31, 32, 38, 43, 45] < [ 1,  6,  9, 11, 12, 17, 19, 20, 21, 23, 29, 34, 35, 36, 37, 39, 40, 41]
    Truth table row=[<, <, <, <, <] ix=0 result=[0-] is correct

Test 0+:
    W0: [ 0,  2,  3, 10, 11, 12, 13, 14, 19, 20, 21, 22, 25, 27, 28, 32, 33] > [ 1,  4,  5,  6,  7,  8,  9, 15, 16, 17, 18, 23, 24, 26, 29, 30, 31]
    W1: [ 0,  2,  3, 10, 11, 12, 13, 14, 19, 23, 24, 26, 29, 30, 31, 35, 37, 38] > [ 1,  4,  5,  6,  7,  8,  9, 15, 16, 17, 18, 25, 27, 28, 32, 33, 34, 36]
    W2: [ 0,  2,  3, 15, 16, 17, 18, 20, 21, 22, 29, 30, 31, 36, 39, 42] > [ 1,  4,  5, 13, 14, 19, 23, 24, 32, 33, 34, 37, 38, 40, 41, 43]
    W3: [ 0,  4,  5, 13, 17, 18, 20, 23, 24, 25, 34, 35, 39, 41, 43] > [ 3,  6,  7,  8, 12, 19, 22, 26, 28, 32, 33, 38, 42, 44, 45]
    W4: [ 0,  3,  5,  8, 13, 14, 16, 22, 24, 25, 26, 27, 28, 31, 32, 38, 43, 45] > [ 1,  6,  9, 11, 12, 17, 19, 20, 21, 23, 29, 34, 35, 36, 37, 39, 40, 41]
    Truth table row=[>, >, >, >, >] ix=242 result=[0+] is correct

Test 1-:
    W0: [ 0,  2,  3, 10, 11, 12, 13, 14, 19, 20, 21, 22, 25, 27, 28, 32, 33] > [ 1,  4,  5,  6,  7,  8,  9, 15, 16, 17, 18, 23, 24, 26, 29, 30, 31]
    W1: [ 0,  2,  3, 10, 11, 12, 13, 14, 19, 23, 24, 26, 29, 30, 31, 35, 37, 38] > [ 1,  4,  5,  6,  7,  8,  9, 15, 16, 17, 18, 25, 27, 28, 32, 33, 34, 36]
    W2: [ 0,  2,  3, 15, 16, 17, 18, 20, 21, 22, 29, 30, 31, 36, 39, 42] > [ 1,  4,  5, 13, 14, 19, 23, 24, 32, 33, 34, 37, 38, 40, 41, 43]
    W3: [ 0,  4,  5, 13, 17, 18, 20, 23, 24, 25, 34, 35, 39, 41, 43] = [ 3,  6,  7,  8, 12, 19, 22, 26, 28, 32, 33, 38, 42, 44, 45]
    W4: [ 0,  3,  5,  8, 13, 14, 16, 22, 24, 25, 26, 27, 28, 31, 32, 38, 43, 45] > [ 1,  6,  9, 11, 12, 17, 19, 20, 21, 23, 29, 34, 35, 36, 37, 39, 40, 41]
    Truth table row=[>, >, >, =, >] ix=239 result=[1-] is correct

Test 1+:
    W0: [ 0,  2,  3, 10, 11, 12, 13, 14, 19, 20, 21, 22, 25, 27, 28, 32, 33] < [ 1,  4,  5,  6,  7,  8,  9, 15, 16, 17, 18, 23, 24, 26, 29, 30, 31]
    W1: [ 0,  2,  3, 10, 11, 12, 13, 14, 19, 23, 24, 26, 29, 30, 31, 35, 37, 38] < [ 1,  4,  5,  6,  7,  8,  9, 15, 16, 17, 18, 25, 27, 28, 32, 33, 34, 36]
    W2: [ 0,  2,  3, 15, 16, 17, 18, 20, 21, 22, 29, 30, 31, 36, 39, 42] < [ 1,  4,  5, 13, 14, 19, 23, 24, 32, 33, 34, 37, 38, 40, 41, 43]
    W3: [ 0,  4,  5, 13, 17, 18, 20, 23, 24, 25, 34, 35, 39, 41, 43] = [ 3,  6,  7,  8, 12, 19, 22, 26, 28, 32, 33, 38, 42, 44, 45]
    W4: [ 0,  3,  5,  8, 13, 14, 16, 22, 24, 25, 26, 27, 28, 31, 32, 38, 43, 45] < [ 1,  6,  9, 11, 12, 17, 19, 20, 21, 23, 29, 34, 35, 36, 37, 39, 40, 41]
    Truth table row=[<, <, <, =, <] ix=3 result=[1+] is correct

Test 2-:
    W0: [ 0,  2,  3, 10, 11, 12, 13, 14, 19, 20, 21, 22, 25, 27, 28, 32, 33] < [ 1,  4,  5,  6,  7,  8,  9, 15, 16, 17, 18, 23, 24, 26, 29, 30, 31]
    W1: [ 0,  2,  3, 10, 11, 12, 13, 14, 19, 23, 24, 26, 29, 30, 31, 35, 37, 38] < [ 1,  4,  5,  6,  7,  8,  9, 15, 16, 17, 18, 25, 27, 28, 32, 33, 34, 36]
    W2: [ 0,  2,  3, 15, 16, 17, 18, 20, 21, 22, 29, 30, 31, 36, 39, 42] < [ 1,  4,  5, 13, 14, 19, 23, 24, 32, 33, 34, 37, 38, 40, 41, 43]
    W3: [ 0,  4,  5, 13, 17, 18, 20, 23, 24, 25, 34, 35, 39, 41, 43] = [ 3,  6,  7,  8, 12, 19, 22, 26, 28, 32, 33, 38, 42, 44, 45]
    W4: [ 0,  3,  5,  8, 13, 14, 16, 22, 24, 25, 26, 27, 28, 31, 32, 38, 43, 45] = [ 1,  6,  9, 11, 12, 17, 19, 20, 21, 23, 29, 34, 35, 36, 37, 39, 40, 41]
    Truth table row=[<, <, <, =, =] ix=4 result=[2-] is correct

Test 2+:
    W0: [ 0,  2,  3, 10, 11, 12, 13, 14, 19, 20, 21, 22, 25, 27, 28, 32, 33] > [ 1,  4,  5,  6,  7,  8,  9, 15, 16, 17, 18, 23, 24, 26, 29, 30, 31]
    W1: [ 0,  2,  3, 10, 11, 12, 13, 14, 19, 23, 24, 26, 29, 30, 31, 35, 37, 38] > [ 1,  4,  5,  6,  7,  8,  9, 15, 16, 17, 18, 25, 27, 28, 32, 33, 34, 36]
    W2: [ 0,  2,  3, 15, 16, 17, 18, 20, 21, 22, 29, 30, 31, 36, 39, 42] > [ 1,  4,  5, 13, 14, 19, 23, 24, 32, 33, 34, 37, 38, 40, 41, 43]
    W3: [ 0,  4,  5, 13, 17, 18, 20, 23, 24, 25, 34, 35, 39, 41, 43] = [ 3,  6,  7,  8, 12, 19, 22, 26, 28, 32, 33, 38, 42, 44, 45]
    W4: [ 0,  3,  5,  8, 13, 14, 16, 22, 24, 25, 26, 27, 28, 31, 32, 38, 43, 45] = [ 1,  6,  9, 11, 12, 17, 19, 20, 21, 23, 29, 34, 35, 36, 37, 39, 40, 41]
    Truth table row=[>, >, >, =, =] ix=238 result=[2+] is correct

Test 3-:
    W0: [ 0,  2,  3, 10, 11, 12, 13, 14, 19, 20, 21, 22, 25, 27, 28, 32, 33] < [ 1,  4,  5,  6,  7,  8,  9, 15, 16, 17, 18, 23, 24, 26, 29, 30, 31]
    W1: [ 0,  2,  3, 10, 11, 12, 13, 14, 19, 23, 24, 26, 29, 30, 31, 35, 37, 38] < [ 1,  4,  5,  6,  7,  8,  9, 15, 16, 17, 18, 25, 27, 28, 32, 33, 34, 36]
    W2: [ 0,  2,  3, 15, 16, 17, 18, 20, 21, 22, 29, 30, 31, 36, 39, 42] < [ 1,  4,  5, 13, 14, 19, 23, 24, 32, 33, 34, 37, 38, 40, 41, 43]
    W3: [ 0,  4,  5, 13, 17, 18, 20, 23, 24, 25, 34, 35, 39, 41, 43] > [ 3,  6,  7,  8, 12, 19, 22, 26, 28, 32, 33, 38, 42, 44, 45]
    W4: [ 0,  3,  5,  8, 13, 14, 16, 22, 24, 25, 26, 27, 28, 31, 32, 38, 43, 45] < [ 1,  6,  9, 11, 12, 17, 19, 20, 21, 23, 29, 34, 35, 36, 37, 39, 40, 41]
    Truth table row=[<, <, <, >, <] ix=6 result=[3-] is correct

Test 3+:
    W0: [ 0,  2,  3, 10, 11, 12, 13, 14, 19, 20, 21, 22, 25, 27, 28, 32, 33] > [ 1,  4,  5,  6,  7,  8,  9, 15, 16, 17, 18, 23, 24, 26, 29, 30, 31]
    W1: [ 0,  2,  3, 10, 11, 12, 13, 14, 19, 23, 24, 26, 29, 30, 31, 35, 37, 38] > [ 1,  4,  5,  6,  7,  8,  9, 15, 16, 17, 18, 25, 27, 28, 32, 33, 34, 36]
    W2: [ 0,  2,  3, 15, 16, 17, 18, 20, 21, 22, 29, 30, 31, 36, 39, 42] > [ 1,  4,  5, 13, 14, 19, 23, 24, 32, 33, 34, 37, 38, 40, 41, 43]
    W3: [ 0,  4,  5, 13, 17, 18, 20, 23, 24, 25, 34, 35, 39, 41, 43] < [ 3,  6,  7,  8, 12, 19, 22, 26, 28, 32, 33, 38, 42, 44, 45]
    W4: [ 0,  3,  5,  8, 13, 14, 16, 22, 24, 25, 26, 27, 28, 31, 32, 38, 43, 45] > [ 1,  6,  9, 11, 12, 17, 19, 20, 21, 23, 29, 34, 35, 36, 37, 39, 40, 41]
    Truth table row=[>, >, >, <, >] ix=236 result=[3+] is correct

Test 4-:
    W0: [ 0,  2,  3, 10, 11, 12, 13, 14, 19, 20, 21, 22, 25, 27, 28, 32, 33] > [ 1,  4,  5,  6,  7,  8,  9, 15, 16, 17, 18, 23, 24, 26, 29, 30, 31]
    W1: [ 0,  2,  3, 10, 11, 12, 13, 14, 19, 23, 24, 26, 29, 30, 31, 35, 37, 38] > [ 1,  4,  5,  6,  7,  8,  9, 15, 16, 17, 18, 25, 27, 28, 32, 33, 34, 36]
    W2: [ 0,  2,  3, 15, 16, 17, 18, 20, 21, 22, 29, 30, 31, 36, 39, 42] > [ 1,  4,  5, 13, 14, 19, 23, 24, 32, 33, 34, 37, 38, 40, 41, 43]
    W3: [ 0,  4,  5, 13, 17, 18, 20, 23, 24, 25, 34, 35, 39, 41, 43] < [ 3,  6,  7,  8, 12, 19, 22, 26, 28, 32, 33, 38, 42, 44, 45]
    W4: [ 0,  3,  5,  8, 13, 14, 16, 22, 24, 25, 26, 27, 28, 31, 32, 38, 43, 45] = [ 1,  6,  9, 11, 12, 17, 19, 20, 21, 23, 29, 34, 35, 36, 37, 39, 40, 41]
    Truth table row=[>, >, >, <, =] ix=235 result=[4-] is correct

Test 4+:
    W0: [ 0,  2,  3, 10, 11, 12, 13, 14, 19, 20, 21, 22, 25, 27, 28, 32, 33] < [ 1,  4,  5,  6,  7,  8,  9, 15, 16, 17, 18, 23, 24, 26, 29, 30, 31]
    W1: [ 0,  2,  3, 10, 11, 12, 13, 14, 19, 23, 24, 26, 29, 30, 31, 35, 37, 38] < [ 1,  4,  5,  6,  7,  8,  9, 15, 16, 17, 18, 25, 27, 28, 32, 33, 34, 36]
    W2: [ 0,  2,  3, 15, 16, 17, 18, 20, 21, 22, 29, 30, 31, 36, 39, 42] < [ 1,  4,  5, 13, 14, 19, 23, 24, 32, 33, 34, 37, 38, 40, 41, 43]
    W3: [ 0,  4,  5, 13, 17, 18, 20, 23, 24, 25, 34, 35, 39, 41, 43] > [ 3,  6,  7,  8, 12, 19, 22, 26, 28, 32, 33, 38, 42, 44, 45]
    W4: [ 0,  3,  5,  8, 13, 14, 16, 22, 24, 25, 26, 27, 28, 31, 32, 38, 43, 45] = [ 1,  6,  9, 11, 12, 17, 19, 20, 21, 23, 29, 34, 35, 36, 37, 39, 40, 41]
    Truth table row=[<, <, <, >, =] ix=7 result=[4+] is correct

Test 5-:
    W0: [ 0,  2,  3, 10, 11, 12, 13, 14, 19, 20, 21, 22, 25, 27, 28, 32, 33] > [ 1,  4,  5,  6,  7,  8,  9, 15, 16, 17, 18, 23, 24, 26, 29, 30, 31]
    W1: [ 0,  2,  3, 10, 11, 12, 13, 14, 19, 23, 24, 26, 29, 30, 31, 35, 37, 38] > [ 1,  4,  5,  6,  7,  8,  9, 15, 16, 17, 18, 25, 27, 28, 32, 33, 34, 36]
    W2: [ 0,  2,  3, 15, 16, 17, 18, 20, 21, 22, 29, 30, 31, 36, 39, 42] > [ 1,  4,  5, 13, 14, 19, 23, 24, 32, 33, 34, 37, 38, 40, 41, 43]
    W3: [ 0,  4,  5, 13, 17, 18, 20, 23, 24, 25, 34, 35, 39, 41, 43] < [ 3,  6,  7,  8, 12, 19, 22, 26, 28, 32, 33, 38, 42, 44, 45]
    W4: [ 0,  3,  5,  8, 13, 14, 16, 22, 24, 25, 26, 27, 28, 31, 32, 38, 43, 45] < [ 1,  6,  9, 11, 12, 17, 19, 20, 21, 23, 29, 34, 35, 36, 37, 39, 40, 41]
    Truth table row=[>, >, >, <, <] ix=234 result=[5-] is correct

Test 5+:
    W0: [ 0,  2,  3, 10, 11, 12, 13, 14, 19, 20, 21, 22, 25, 27, 28, 32, 33] < [ 1,  4,  5,  6,  7,  8,  9, 15, 16, 17, 18, 23, 24, 26, 29, 30, 31]
    W1: [ 0,  2,  3, 10, 11, 12, 13, 14, 19, 23, 24, 26, 29, 30, 31, 35, 37, 38] < [ 1,  4,  5,  6,  7,  8,  9, 15, 16, 17, 18, 25, 27, 28, 32, 33, 34, 36]
    W2: [ 0,  2,  3, 15, 16, 17, 18, 20, 21, 22, 29, 30, 31, 36, 39, 42] < [ 1,  4,  5, 13, 14, 19, 23, 24, 32, 33, 34, 37, 38, 40, 41, 43]
    W3: [ 0,  4,  5, 13, 17, 18, 20, 23, 24, 25, 34, 35, 39, 41, 43] > [ 3,  6,  7,  8, 12, 19, 22, 26, 28, 32, 33, 38, 42, 44, 45]
    W4: [ 0,  3,  5,  8, 13, 14, 16, 22, 24, 25, 26, 27, 28, 31, 32, 38, 43, 45] > [ 1,  6,  9, 11, 12, 17, 19, 20, 21, 23, 29, 34, 35, 36, 37, 39, 40, 41]
    Truth table row=[<, <, <, >, >] ix=8 result=[5+] is correct

Test 6-:
    W0: [ 0,  2,  3, 10, 11, 12, 13, 14, 19, 20, 21, 22, 25, 27, 28, 32, 33] > [ 1,  4,  5,  6,  7,  8,  9, 15, 16, 17, 18, 23, 24, 26, 29, 30, 31]
    W1: [ 0,  2,  3, 10, 11, 12, 13, 14, 19, 23, 24, 26, 29, 30, 31, 35, 37, 38] > [ 1,  4,  5,  6,  7,  8,  9, 15, 16, 17, 18, 25, 27, 28, 32, 33, 34, 36]
    W2: [ 0,  2,  3, 15, 16, 17, 18, 20, 21, 22, 29, 30, 31, 36, 39, 42] = [ 1,  4,  5, 13, 14, 19, 23, 24, 32, 33, 34, 37, 38, 40, 41, 43]
    W3: [ 0,  4,  5, 13, 17, 18, 20, 23, 24, 25, 34, 35, 39, 41, 43] > [ 3,  6,  7,  8, 12, 19, 22, 26, 28, 32, 33, 38, 42, 44, 45]
    W4: [ 0,  3,  5,  8, 13, 14, 16, 22, 24, 25, 26, 27, 28, 31, 32, 38, 43, 45] > [ 1,  6,  9, 11, 12, 17, 19, 20, 21, 23, 29, 34, 35, 36, 37, 39, 40, 41]
    Truth table row=[>, >, =, >, >] ix=233 result=[6-] is correct

Test 6+:
    W0: [ 0,  2,  3, 10, 11, 12, 13, 14, 19, 20, 21, 22, 25, 27, 28, 32, 33] < [ 1,  4,  5,  6,  7,  8,  9, 15, 16, 17, 18, 23, 24, 26, 29, 30, 31]
    W1: [ 0,  2,  3, 10, 11, 12, 13, 14, 19, 23, 24, 26, 29, 30, 31, 35, 37, 38] < [ 1,  4,  5,  6,  7,  8,  9, 15, 16, 17, 18, 25, 27, 28, 32, 33, 34, 36]
    W2: [ 0,  2,  3, 15, 16, 17, 18, 20, 21, 22, 29, 30, 31, 36, 39, 42] = [ 1,  4,  5, 13, 14, 19, 23, 24, 32, 33, 34, 37, 38, 40, 41, 43]
    W3: [ 0,  4,  5, 13, 17, 18, 20, 23, 24, 25, 34, 35, 39, 41, 43] < [ 3,  6,  7,  8, 12, 19, 22, 26, 28, 32, 33, 38, 42, 44, 45]
    W4: [ 0,  3,  5,  8, 13, 14, 16, 22, 24, 25, 26, 27, 28, 31, 32, 38, 43, 45] < [ 1,  6,  9, 11, 12, 17, 19, 20, 21, 23, 29, 34, 35, 36, 37, 39, 40, 41]
    Truth table row=[<, <, =, <, <] ix=9 result=[6+] is correct

Test 7-:
    W0: [ 0,  2,  3, 10, 11, 12, 13, 14, 19, 20, 21, 22, 25, 27, 28, 32, 33] > [ 1,  4,  5,  6,  7,  8,  9, 15, 16, 17, 18, 23, 24, 26, 29, 30, 31]
    W1: [ 0,  2,  3, 10, 11, 12, 13, 14, 19, 23, 24, 26, 29, 30, 31, 35, 37, 38] > [ 1,  4,  5,  6,  7,  8,  9, 15, 16, 17, 18, 25, 27, 28, 32, 33, 34, 36]
    W2: [ 0,  2,  3, 15, 16, 17, 18, 20, 21, 22, 29, 30, 31, 36, 39, 42] = [ 1,  4,  5, 13, 14, 19, 23, 24, 32, 33, 34, 37, 38, 40, 41, 43]
    W3: [ 0,  4,  5, 13, 17, 18, 20, 23, 24, 25, 34, 35, 39, 41, 43] > [ 3,  6,  7,  8, 12, 19, 22, 26, 28, 32, 33, 38, 42, 44, 45]
    W4: [ 0,  3,  5,  8, 13, 14, 16, 22, 24, 25, 26, 27, 28, 31, 32, 38, 43, 45] = [ 1,  6,  9, 11, 12, 17, 19, 20, 21, 23, 29, 34, 35, 36, 37, 39, 40, 41]
    Truth table row=[>, >, =, >, =] ix=232 result=[7-] is correct

Test 7+:
    W0: [ 0,  2,  3, 10, 11, 12, 13, 14, 19, 20, 21, 22, 25, 27, 28, 32, 33] < [ 1,  4,  5,  6,  7,  8,  9, 15, 16, 17, 18, 23, 24, 26, 29, 30, 31]
    W1: [ 0,  2,  3, 10, 11, 12, 13, 14, 19, 23, 24, 26, 29, 30, 31, 35, 37, 38] < [ 1,  4,  5,  6,  7,  8,  9, 15, 16, 17, 18, 25, 27, 28, 32, 33, 34, 36]
    W2: [ 0,  2,  3, 15, 16, 17, 18, 20, 21, 22, 29, 30, 31, 36, 39, 42] = [ 1,  4,  5, 13, 14, 19, 23, 24, 32, 33, 34, 37, 38, 40, 41, 43]
    W3: [ 0,  4,  5, 13, 17, 18, 20, 23, 24, 25, 34, 35, 39, 41, 43] < [ 3,  6,  7,  8, 12, 19, 22, 26, 28, 32, 33, 38, 42, 44, 45]
    W4: [ 0,  3,  5,  8, 13, 14, 16, 22, 24, 25, 26, 27, 28, 31, 32, 38, 43, 45] = [ 1,  6,  9, 11, 12, 17, 19, 20, 21, 23, 29, 34, 35, 36, 37, 39, 40, 41]
    Truth table row=[<, <, =, <, =] ix=10 result=[7+] is correct

Test 8-:
    W0: [ 0,  2,  3, 10, 11, 12, 13, 14, 19, 20, 21, 22, 25, 27, 28, 32, 33] > [ 1,  4,  5,  6,  7,  8,  9, 15, 16, 17, 18, 23, 24, 26, 29, 30, 31]
    W1: [ 0,  2,  3, 10, 11, 12, 13, 14, 19, 23, 24, 26, 29, 30, 31, 35, 37, 38] > [ 1,  4,  5,  6,  7,  8,  9, 15, 16, 17, 18, 25, 27, 28, 32, 33, 34, 36]
    W2: [ 0,  2,  3, 15, 16, 17, 18, 20, 21, 22, 29, 30, 31, 36, 39, 42] = [ 1,  4,  5, 13, 14, 19, 23, 24, 32, 33, 34, 37, 38, 40, 41, 43]
    W3: [ 0,  4,  5, 13, 17, 18, 20, 23, 24, 25, 34, 35, 39, 41, 43] > [ 3,  6,  7,  8, 12, 19, 22, 26, 28, 32, 33, 38, 42, 44, 45]
    W4: [ 0,  3,  5,  8, 13, 14, 16, 22, 24, 25, 26, 27, 28, 31, 32, 38, 43, 45] < [ 1,  6,  9, 11, 12, 17, 19, 20, 21, 23, 29, 34, 35, 36, 37, 39, 40, 41]
    Truth table row=[>, >, =, >, <] ix=231 result=[8-] is correct

Test 8+:
    W0: [ 0,  2,  3, 10, 11, 12, 13, 14, 19, 20, 21, 22, 25, 27, 28, 32, 33] < [ 1,  4,  5,  6,  7,  8,  9, 15, 16, 17, 18, 23, 24, 26, 29, 30, 31]
    W1: [ 0,  2,  3, 10, 11, 12, 13, 14, 19, 23, 24, 26, 29, 30, 31, 35, 37, 38] < [ 1,  4,  5,  6,  7,  8,  9, 15, 16, 17, 18, 25, 27, 28, 32, 33, 34, 36]
    W2: [ 0,  2,  3, 15, 16, 17, 18, 20, 21, 22, 29, 30, 31, 36, 39, 42] = [ 1,  4,  5, 13, 14, 19, 23, 24, 32, 33, 34, 37, 38, 40, 41, 43]
    W3: [ 0,  4,  5, 13, 17, 18, 20, 23, 24, 25, 34, 35, 39, 41, 43] < [ 3,  6,  7,  8, 12, 19, 22, 26, 28, 32, 33, 38, 42, 44, 45]
    W4: [ 0,  3,  5,  8, 13, 14, 16, 22, 24, 25, 26, 27, 28, 31, 32, 38, 43, 45] > [ 1,  6,  9, 11, 12, 17, 19, 20, 21, 23, 29, 34, 35, 36, 37, 39, 40, 41]
    Truth table row=[<, <, =, <, >] ix=11 result=[8+] is correct

Test 9-:
    W0: [ 0,  2,  3, 10, 11, 12, 13, 14, 19, 20, 21, 22, 25, 27, 28, 32, 33] > [ 1,  4,  5,  6,  7,  8,  9, 15, 16, 17, 18, 23, 24, 26, 29, 30, 31]
    W1: [ 0,  2,  3, 10, 11, 12, 13, 14, 19, 23, 24, 26, 29, 30, 31, 35, 37, 38] > [ 1,  4,  5,  6,  7,  8,  9, 15, 16, 17, 18, 25, 27, 28, 32, 33, 34, 36]
    W2: [ 0,  2,  3, 15, 16, 17, 18, 20, 21, 22, 29, 30, 31, 36, 39, 42] = [ 1,  4,  5, 13, 14, 19, 23, 24, 32, 33, 34, 37, 38, 40, 41, 43]
    W3: [ 0,  4,  5, 13, 17, 18, 20, 23, 24, 25, 34, 35, 39, 41, 43] = [ 3,  6,  7,  8, 12, 19, 22, 26, 28, 32, 33, 38, 42, 44, 45]
    W4: [ 0,  3,  5,  8, 13, 14, 16, 22, 24, 25, 26, 27, 28, 31, 32, 38, 43, 45] > [ 1,  6,  9, 11, 12, 17, 19, 20, 21, 23, 29, 34, 35, 36, 37, 39, 40, 41]
    Truth table row=[>, >, =, =, >] ix=230 result=[9-] is correct

Test 9+:
    W0: [ 0,  2,  3, 10, 11, 12, 13, 14, 19, 20, 21, 22, 25, 27, 28, 32, 33] < [ 1,  4,  5,  6,  7,  8,  9, 15, 16, 17, 18, 23, 24, 26, 29, 30, 31]
    W1: [ 0,  2,  3, 10, 11, 12, 13, 14, 19, 23, 24, 26, 29, 30, 31, 35, 37, 38] < [ 1,  4,  5,  6,  7,  8,  9, 15, 16, 17, 18, 25, 27, 28, 32, 33, 34, 36]
    W2: [ 0,  2,  3, 15, 16, 17, 18, 20, 21, 22, 29, 30, 31, 36, 39, 42] = [ 1,  4,  5, 13, 14, 19, 23, 24, 32, 33, 34, 37, 38, 40, 41, 43]
    W3: [ 0,  4,  5, 13, 17, 18, 20, 23, 24, 25, 34, 35, 39, 41, 43] = [ 3,  6,  7,  8, 12, 19, 22, 26, 28, 32, 33, 38, 42, 44, 45]
    W4: [ 0,  3,  5,  8, 13, 14, 16, 22, 24, 25, 26, 27, 28, 31, 32, 38, 43, 45] < [ 1,  6,  9, 11, 12, 17, 19, 20, 21, 23, 29, 34, 35, 36, 37, 39, 40, 41]
    Truth table row=[<, <, =, =, <] ix=12 result=[9+] is correct

Test 10-:
    W0: [ 0,  2,  3, 10, 11, 12, 13, 14, 19, 20, 21, 22, 25, 27, 28, 32, 33] < [ 1,  4,  5,  6,  7,  8,  9, 15, 16, 17, 18, 23, 24, 26, 29, 30, 31]
    W1: [ 0,  2,  3, 10, 11, 12, 13, 14, 19, 23, 24, 26, 29, 30, 31, 35, 37, 38] < [ 1,  4,  5,  6,  7,  8,  9, 15, 16, 17, 18, 25, 27, 28, 32, 33, 34, 36]
    W2: [ 0,  2,  3, 15, 16, 17, 18, 20, 21, 22, 29, 30, 31, 36, 39, 42] = [ 1,  4,  5, 13, 14, 19, 23, 24, 32, 33, 34, 37, 38, 40, 41, 43]
    W3: [ 0,  4,  5, 13, 17, 18, 20, 23, 24, 25, 34, 35, 39, 41, 43] = [ 3,  6,  7,  8, 12, 19, 22, 26, 28, 32, 33, 38, 42, 44, 45]
    W4: [ 0,  3,  5,  8, 13, 14, 16, 22, 24, 25, 26, 27, 28, 31, 32, 38, 43, 45] = [ 1,  6,  9, 11, 12, 17, 19, 20, 21, 23, 29, 34, 35, 36, 37, 39, 40, 41]
    Truth table row=[<, <, =, =, =] ix=13 result=[10-] is correct

Test 10+:
    W0: [ 0,  2,  3, 10, 11, 12, 13, 14, 19, 20, 21, 22, 25, 27, 28, 32, 33] > [ 1,  4,  5,  6,  7,  8,  9, 15, 16, 17, 18, 23, 24, 26, 29, 30, 31]
    W1: [ 0,  2,  3, 10, 11, 12, 13, 14, 19, 23, 24, 26, 29, 30, 31, 35, 37, 38] > [ 1,  4,  5,  6,  7,  8,  9, 15, 16, 17, 18, 25, 27, 28, 32, 33, 34, 36]
    W2: [ 0,  2,  3, 15, 16, 17, 18, 20, 21, 22, 29, 30, 31, 36, 39, 42] = [ 1,  4,  5, 13, 14, 19, 23, 24, 32, 33, 34, 37, 38, 40, 41, 43]
    W3: [ 0,  4,  5, 13, 17, 18, 20, 23, 24, 25, 34, 35, 39, 41, 43] = [ 3,  6,  7,  8, 12, 19, 22, 26, 28, 32, 33, 38, 42, 44, 45]
    W4: [ 0,  3,  5,  8, 13, 14, 16, 22, 24, 25, 26, 27, 28, 31, 32, 38, 43, 45] = [ 1,  6,  9, 11, 12, 17, 19, 20, 21, 23, 29, 34, 35, 36, 37, 39, 40, 41]
    Truth table row=[>, >, =, =, =] ix=229 result=[10+] is correct

Test 11-:
    W0: [ 0,  2,  3, 10, 11, 12, 13, 14, 19, 20, 21, 22, 25, 27, 28, 32, 33] < [ 1,  4,  5,  6,  7,  8,  9, 15, 16, 17, 18, 23, 24, 26, 29, 30, 31]
    W1: [ 0,  2,  3, 10, 11, 12, 13, 14, 19, 23, 24, 26, 29, 30, 31, 35, 37, 38] < [ 1,  4,  5,  6,  7,  8,  9, 15, 16, 17, 18, 25, 27, 28, 32, 33, 34, 36]
    W2: [ 0,  2,  3, 15, 16, 17, 18, 20, 21, 22, 29, 30, 31, 36, 39, 42] = [ 1,  4,  5, 13, 14, 19, 23, 24, 32, 33, 34, 37, 38, 40, 41, 43]
    W3: [ 0,  4,  5, 13, 17, 18, 20, 23, 24, 25, 34, 35, 39, 41, 43] = [ 3,  6,  7,  8, 12, 19, 22, 26, 28, 32, 33, 38, 42, 44, 45]
    W4: [ 0,  3,  5,  8, 13, 14, 16, 22, 24, 25, 26, 27, 28, 31, 32, 38, 43, 45] > [ 1,  6,  9, 11, 12, 17, 19, 20, 21, 23, 29, 34, 35, 36, 37, 39, 40, 41]
    Truth table row=[<, <, =, =, >] ix=14 result=[11-] is correct

Test 11+:
    W0: [ 0,  2,  3, 10, 11, 12, 13, 14, 19, 20, 21, 22, 25, 27, 28, 32, 33] > [ 1,  4,  5,  6,  7,  8,  9, 15, 16, 17, 18, 23, 24, 26, 29, 30, 31]
    W1: [ 0,  2,  3, 10, 11, 12, 13, 14, 19, 23, 24, 26, 29, 30, 31, 35, 37, 38] > [ 1,  4,  5,  6,  7,  8,  9, 15, 16, 17, 18, 25, 27, 28, 32, 33, 34, 36]
    W2: [ 0,  2,  3, 15, 16, 17, 18, 20, 21, 22, 29, 30, 31, 36, 39, 42] = [ 1,  4,  5, 13, 14, 19, 23, 24, 32, 33, 34, 37, 38, 40, 41, 43]
    W3: [ 0,  4,  5, 13, 17, 18, 20, 23, 24, 25, 34, 35, 39, 41, 43] = [ 3,  6,  7,  8, 12, 19, 22, 26, 28, 32, 33, 38, 42, 44, 45]
    W4: [ 0,  3,  5,  8, 13, 14, 16, 22, 24, 25, 26, 27, 28, 31, 32, 38, 43, 45] < [ 1,  6,  9, 11, 12, 17, 19, 20, 21, 23, 29, 34, 35, 36, 37, 39, 40, 41]
    Truth table row=[>, >, =, =, <] ix=228 result=[11+] is correct

Test 12-:
    W0: [ 0,  2,  3, 10, 11, 12, 13, 14, 19, 20, 21, 22, 25, 27, 28, 32, 33] < [ 1,  4,  5,  6,  7,  8,  9, 15, 16, 17, 18, 23, 24, 26, 29, 30, 31]
    W1: [ 0,  2,  3, 10, 11, 12, 13, 14, 19, 23, 24, 26, 29, 30, 31, 35, 37, 38] < [ 1,  4,  5,  6,  7,  8,  9, 15, 16, 17, 18, 25, 27, 28, 32, 33, 34, 36]
    W2: [ 0,  2,  3, 15, 16, 17, 18, 20, 21, 22, 29, 30, 31, 36, 39, 42] = [ 1,  4,  5, 13, 14, 19, 23, 24, 32, 33, 34, 37, 38, 40, 41, 43]
    W3: [ 0,  4,  5, 13, 17, 18, 20, 23, 24, 25, 34, 35, 39, 41, 43] > [ 3,  6,  7,  8, 12, 19, 22, 26, 28, 32, 33, 38, 42, 44, 45]
    W4: [ 0,  3,  5,  8, 13, 14, 16, 22, 24, 25, 26, 27, 28, 31, 32, 38, 43, 45] > [ 1,  6,  9, 11, 12, 17, 19, 20, 21, 23, 29, 34, 35, 36, 37, 39, 40, 41]
    Truth table row=[<, <, =, >, >] ix=17 result=[12-] is correct

Test 12+:
    W0: [ 0,  2,  3, 10, 11, 12, 13, 14, 19, 20, 21, 22, 25, 27, 28, 32, 33] > [ 1,  4,  5,  6,  7,  8,  9, 15, 16, 17, 18, 23, 24, 26, 29, 30, 31]
    W1: [ 0,  2,  3, 10, 11, 12, 13, 14, 19, 23, 24, 26, 29, 30, 31, 35, 37, 38] > [ 1,  4,  5,  6,  7,  8,  9, 15, 16, 17, 18, 25, 27, 28, 32, 33, 34, 36]
    W2: [ 0,  2,  3, 15, 16, 17, 18, 20, 21, 22, 29, 30, 31, 36, 39, 42] = [ 1,  4,  5, 13, 14, 19, 23, 24, 32, 33, 34, 37, 38, 40, 41, 43]
    W3: [ 0,  4,  5, 13, 17, 18, 20, 23, 24, 25, 34, 35, 39, 41, 43] < [ 3,  6,  7,  8, 12, 19, 22, 26, 28, 32, 33, 38, 42, 44, 45]
    W4: [ 0,  3,  5,  8, 13, 14, 16, 22, 24, 25, 26, 27, 28, 31, 32, 38, 43, 45] < [ 1,  6,  9, 11, 12, 17, 19, 20, 21, 23, 29, 34, 35, 36, 37, 39, 40, 41]
    Truth table row=[>, >, =, <, <] ix=225 result=[12+] is correct

Test 13-:
    W0: [ 0,  2,  3, 10, 11, 12, 13, 14, 19, 20, 21, 22, 25, 27, 28, 32, 33] < [ 1,  4,  5,  6,  7,  8,  9, 15, 16, 17, 18, 23, 24, 26, 29, 30, 31]
    W1: [ 0,  2,  3, 10, 11, 12, 13, 14, 19, 23, 24, 26, 29, 30, 31, 35, 37, 38] < [ 1,  4,  5,  6,  7,  8,  9, 15, 16, 17, 18, 25, 27, 28, 32, 33, 34, 36]
    W2: [ 0,  2,  3, 15, 16, 17, 18, 20, 21, 22, 29, 30, 31, 36, 39, 42] > [ 1,  4,  5, 13, 14, 19, 23, 24, 32, 33, 34, 37, 38, 40, 41, 43]
    W3: [ 0,  4,  5, 13, 17, 18, 20, 23, 24, 25, 34, 35, 39, 41, 43] < [ 3,  6,  7,  8, 12, 19, 22, 26, 28, 32, 33, 38, 42, 44, 45]
    W4: [ 0,  3,  5,  8, 13, 14, 16, 22, 24, 25, 26, 27, 28, 31, 32, 38, 43, 45] < [ 1,  6,  9, 11, 12, 17, 19, 20, 21, 23, 29, 34, 35, 36, 37, 39, 40, 41]
    Truth table row=[<, <, >, <, <] ix=18 result=[13-] is correct

Test 13+:
    W0: [ 0,  2,  3, 10, 11, 12, 13, 14, 19, 20, 21, 22, 25, 27, 28, 32, 33] > [ 1,  4,  5,  6,  7,  8,  9, 15, 16, 17, 18, 23, 24, 26, 29, 30, 31]
    W1: [ 0,  2,  3, 10, 11, 12, 13, 14, 19, 23, 24, 26, 29, 30, 31, 35, 37, 38] > [ 1,  4,  5,  6,  7,  8,  9, 15, 16, 17, 18, 25, 27, 28, 32, 33, 34, 36]
    W2: [ 0,  2,  3, 15, 16, 17, 18, 20, 21, 22, 29, 30, 31, 36, 39, 42] < [ 1,  4,  5, 13, 14, 19, 23, 24, 32, 33, 34, 37, 38, 40, 41, 43]
    W3: [ 0,  4,  5, 13, 17, 18, 20, 23, 24, 25, 34, 35, 39, 41, 43] > [ 3,  6,  7,  8, 12, 19, 22, 26, 28, 32, 33, 38, 42, 44, 45]
    W4: [ 0,  3,  5,  8, 13, 14, 16, 22, 24, 25, 26, 27, 28, 31, 32, 38, 43, 45] > [ 1,  6,  9, 11, 12, 17, 19, 20, 21, 23, 29, 34, 35, 36, 37, 39, 40, 41]
    Truth table row=[>, >, <, >, >] ix=224 result=[13+] is correct

Test 14-:
    W0: [ 0,  2,  3, 10, 11, 12, 13, 14, 19, 20, 21, 22, 25, 27, 28, 32, 33] < [ 1,  4,  5,  6,  7,  8,  9, 15, 16, 17, 18, 23, 24, 26, 29, 30, 31]
    W1: [ 0,  2,  3, 10, 11, 12, 13, 14, 19, 23, 24, 26, 29, 30, 31, 35, 37, 38] < [ 1,  4,  5,  6,  7,  8,  9, 15, 16, 17, 18, 25, 27, 28, 32, 33, 34, 36]
    W2: [ 0,  2,  3, 15, 16, 17, 18, 20, 21, 22, 29, 30, 31, 36, 39, 42] > [ 1,  4,  5, 13, 14, 19, 23, 24, 32, 33, 34, 37, 38, 40, 41, 43]
    W3: [ 0,  4,  5, 13, 17, 18, 20, 23, 24, 25, 34, 35, 39, 41, 43] = [ 3,  6,  7,  8, 12, 19, 22, 26, 28, 32, 33, 38, 42, 44, 45]
    W4: [ 0,  3,  5,  8, 13, 14, 16, 22, 24, 25, 26, 27, 28, 31, 32, 38, 43, 45] < [ 1,  6,  9, 11, 12, 17, 19, 20, 21, 23, 29, 34, 35, 36, 37, 39, 40, 41]
    Truth table row=[<, <, >, =, <] ix=21 result=[14-] is correct

Test 14+:
    W0: [ 0,  2,  3, 10, 11, 12, 13, 14, 19, 20, 21, 22, 25, 27, 28, 32, 33] > [ 1,  4,  5,  6,  7,  8,  9, 15, 16, 17, 18, 23, 24, 26, 29, 30, 31]
    W1: [ 0,  2,  3, 10, 11, 12, 13, 14, 19, 23, 24, 26, 29, 30, 31, 35, 37, 38] > [ 1,  4,  5,  6,  7,  8,  9, 15, 16, 17, 18, 25, 27, 28, 32, 33, 34, 36]
    W2: [ 0,  2,  3, 15, 16, 17, 18, 20, 21, 22, 29, 30, 31, 36, 39, 42] < [ 1,  4,  5, 13, 14, 19, 23, 24, 32, 33, 34, 37, 38, 40, 41, 43]
    W3: [ 0,  4,  5, 13, 17, 18, 20, 23, 24, 25, 34, 35, 39, 41, 43] = [ 3,  6,  7,  8, 12, 19, 22, 26, 28, 32, 33, 38, 42, 44, 45]
    W4: [ 0,  3,  5,  8, 13, 14, 16, 22, 24, 25, 26, 27, 28, 31, 32, 38, 43, 45] > [ 1,  6,  9, 11, 12, 17, 19, 20, 21, 23, 29, 34, 35, 36, 37, 39, 40, 41]
    Truth table row=[>, >, <, =, >] ix=221 result=[14+] is correct

Test 15-:
    W0: [ 0,  2,  3, 10, 11, 12, 13, 14, 19, 20, 21, 22, 25, 27, 28, 32, 33] > [ 1,  4,  5,  6,  7,  8,  9, 15, 16, 17, 18, 23, 24, 26, 29, 30, 31]
    W1: [ 0,  2,  3, 10, 11, 12, 13, 14, 19, 23, 24, 26, 29, 30, 31, 35, 37, 38] > [ 1,  4,  5,  6,  7,  8,  9, 15, 16, 17, 18, 25, 27, 28, 32, 33, 34, 36]
    W2: [ 0,  2,  3, 15, 16, 17, 18, 20, 21, 22, 29, 30, 31, 36, 39, 42] < [ 1,  4,  5, 13, 14, 19, 23, 24, 32, 33, 34, 37, 38, 40, 41, 43]
    W3: [ 0,  4,  5, 13, 17, 18, 20, 23, 24, 25, 34, 35, 39, 41, 43] = [ 3,  6,  7,  8, 12, 19, 22, 26, 28, 32, 33, 38, 42, 44, 45]
    W4: [ 0,  3,  5,  8, 13, 14, 16, 22, 24, 25, 26, 27, 28, 31, 32, 38, 43, 45] = [ 1,  6,  9, 11, 12, 17, 19, 20, 21, 23, 29, 34, 35, 36, 37, 39, 40, 41]
    Truth table row=[>, >, <, =, =] ix=220 result=[15-] is correct

Test 15+:
    W0: [ 0,  2,  3, 10, 11, 12, 13, 14, 19, 20, 21, 22, 25, 27, 28, 32, 33] < [ 1,  4,  5,  6,  7,  8,  9, 15, 16, 17, 18, 23, 24, 26, 29, 30, 31]
    W1: [ 0,  2,  3, 10, 11, 12, 13, 14, 19, 23, 24, 26, 29, 30, 31, 35, 37, 38] < [ 1,  4,  5,  6,  7,  8,  9, 15, 16, 17, 18, 25, 27, 28, 32, 33, 34, 36]
    W2: [ 0,  2,  3, 15, 16, 17, 18, 20, 21, 22, 29, 30, 31, 36, 39, 42] > [ 1,  4,  5, 13, 14, 19, 23, 24, 32, 33, 34, 37, 38, 40, 41, 43]
    W3: [ 0,  4,  5, 13, 17, 18, 20, 23, 24, 25, 34, 35, 39, 41, 43] = [ 3,  6,  7,  8, 12, 19, 22, 26, 28, 32, 33, 38, 42, 44, 45]
    W4: [ 0,  3,  5,  8, 13, 14, 16, 22, 24, 25, 26, 27, 28, 31, 32, 38, 43, 45] = [ 1,  6,  9, 11, 12, 17, 19, 20, 21, 23, 29, 34, 35, 36, 37, 39, 40, 41]
    Truth table row=[<, <, >, =, =] ix=22 result=[15+] is correct

Test 16-:
    W0: [ 0,  2,  3, 10, 11, 12, 13, 14, 19, 20, 21, 22, 25, 27, 28, 32, 33] > [ 1,  4,  5,  6,  7,  8,  9, 15, 16, 17, 18, 23, 24, 26, 29, 30, 31]
    W1: [ 0,  2,  3, 10, 11, 12, 13, 14, 19, 23, 24, 26, 29, 30, 31, 35, 37, 38] > [ 1,  4,  5,  6,  7,  8,  9, 15, 16, 17, 18, 25, 27, 28, 32, 33, 34, 36]
    W2: [ 0,  2,  3, 15, 16, 17, 18, 20, 21, 22, 29, 30, 31, 36, 39, 42] < [ 1,  4,  5, 13, 14, 19, 23, 24, 32, 33, 34, 37, 38, 40, 41, 43]
    W3: [ 0,  4,  5, 13, 17, 18, 20, 23, 24, 25, 34, 35, 39, 41, 43] = [ 3,  6,  7,  8, 12, 19, 22, 26, 28, 32, 33, 38, 42, 44, 45]
    W4: [ 0,  3,  5,  8, 13, 14, 16, 22, 24, 25, 26, 27, 28, 31, 32, 38, 43, 45] < [ 1,  6,  9, 11, 12, 17, 19, 20, 21, 23, 29, 34, 35, 36, 37, 39, 40, 41]
    Truth table row=[>, >, <, =, <] ix=219 result=[16-] is correct

Test 16+:
    W0: [ 0,  2,  3, 10, 11, 12, 13, 14, 19, 20, 21, 22, 25, 27, 28, 32, 33] < [ 1,  4,  5,  6,  7,  8,  9, 15, 16, 17, 18, 23, 24, 26, 29, 30, 31]
    W1: [ 0,  2,  3, 10, 11, 12, 13, 14, 19, 23, 24, 26, 29, 30, 31, 35, 37, 38] < [ 1,  4,  5,  6,  7,  8,  9, 15, 16, 17, 18, 25, 27, 28, 32, 33, 34, 36]
    W2: [ 0,  2,  3, 15, 16, 17, 18, 20, 21, 22, 29, 30, 31, 36, 39, 42] > [ 1,  4,  5, 13, 14, 19, 23, 24, 32, 33, 34, 37, 38, 40, 41, 43]
    W3: [ 0,  4,  5, 13, 17, 18, 20, 23, 24, 25, 34, 35, 39, 41, 43] = [ 3,  6,  7,  8, 12, 19, 22, 26, 28, 32, 33, 38, 42, 44, 45]
    W4: [ 0,  3,  5,  8, 13, 14, 16, 22, 24, 25, 26, 27, 28, 31, 32, 38, 43, 45] > [ 1,  6,  9, 11, 12, 17, 19, 20, 21, 23, 29, 34, 35, 36, 37, 39, 40, 41]
    Truth table row=[<, <, >, =, >] ix=23 result=[16+] is correct

Test 17-:
    W0: [ 0,  2,  3, 10, 11, 12, 13, 14, 19, 20, 21, 22, 25, 27, 28, 32, 33] > [ 1,  4,  5,  6,  7,  8,  9, 15, 16, 17, 18, 23, 24, 26, 29, 30, 31]
    W1: [ 0,  2,  3, 10, 11, 12, 13, 14, 19, 23, 24, 26, 29, 30, 31, 35, 37, 38] > [ 1,  4,  5,  6,  7,  8,  9, 15, 16, 17, 18, 25, 27, 28, 32, 33, 34, 36]
    W2: [ 0,  2,  3, 15, 16, 17, 18, 20, 21, 22, 29, 30, 31, 36, 39, 42] < [ 1,  4,  5, 13, 14, 19, 23, 24, 32, 33, 34, 37, 38, 40, 41, 43]
    W3: [ 0,  4,  5, 13, 17, 18, 20, 23, 24, 25, 34, 35, 39, 41, 43] < [ 3,  6,  7,  8, 12, 19, 22, 26, 28, 32, 33, 38, 42, 44, 45]
    W4: [ 0,  3,  5,  8, 13, 14, 16, 22, 24, 25, 26, 27, 28, 31, 32, 38, 43, 45] > [ 1,  6,  9, 11, 12, 17, 19, 20, 21, 23, 29, 34, 35, 36, 37, 39, 40, 41]
    Truth table row=[>, >, <, <, >] ix=218 result=[17-] is correct

Test 17+:
    W0: [ 0,  2,  3, 10, 11, 12, 13, 14, 19, 20, 21, 22, 25, 27, 28, 32, 33] < [ 1,  4,  5,  6,  7,  8,  9, 15, 16, 17, 18, 23, 24, 26, 29, 30, 31]
    W1: [ 0,  2,  3, 10, 11, 12, 13, 14, 19, 23, 24, 26, 29, 30, 31, 35, 37, 38] < [ 1,  4,  5,  6,  7,  8,  9, 15, 16, 17, 18, 25, 27, 28, 32, 33, 34, 36]
    W2: [ 0,  2,  3, 15, 16, 17, 18, 20, 21, 22, 29, 30, 31, 36, 39, 42] > [ 1,  4,  5, 13, 14, 19, 23, 24, 32, 33, 34, 37, 38, 40, 41, 43]
    W3: [ 0,  4,  5, 13, 17, 18, 20, 23, 24, 25, 34, 35, 39, 41, 43] > [ 3,  6,  7,  8, 12, 19, 22, 26, 28, 32, 33, 38, 42, 44, 45]
    W4: [ 0,  3,  5,  8, 13, 14, 16, 22, 24, 25, 26, 27, 28, 31, 32, 38, 43, 45] < [ 1,  6,  9, 11, 12, 17, 19, 20, 21, 23, 29, 34, 35, 36, 37, 39, 40, 41]
    Truth table row=[<, <, >, >, <] ix=24 result=[17+] is correct

Test 18-:
    W0: [ 0,  2,  3, 10, 11, 12, 13, 14, 19, 20, 21, 22, 25, 27, 28, 32, 33] > [ 1,  4,  5,  6,  7,  8,  9, 15, 16, 17, 18, 23, 24, 26, 29, 30, 31]
    W1: [ 0,  2,  3, 10, 11, 12, 13, 14, 19, 23, 24, 26, 29, 30, 31, 35, 37, 38] > [ 1,  4,  5,  6,  7,  8,  9, 15, 16, 17, 18, 25, 27, 28, 32, 33, 34, 36]
    W2: [ 0,  2,  3, 15, 16, 17, 18, 20, 21, 22, 29, 30, 31, 36, 39, 42] < [ 1,  4,  5, 13, 14, 19, 23, 24, 32, 33, 34, 37, 38, 40, 41, 43]
    W3: [ 0,  4,  5, 13, 17, 18, 20, 23, 24, 25, 34, 35, 39, 41, 43] < [ 3,  6,  7,  8, 12, 19, 22, 26, 28, 32, 33, 38, 42, 44, 45]
    W4: [ 0,  3,  5,  8, 13, 14, 16, 22, 24, 25, 26, 27, 28, 31, 32, 38, 43, 45] = [ 1,  6,  9, 11, 12, 17, 19, 20, 21, 23, 29, 34, 35, 36, 37, 39, 40, 41]
    Truth table row=[>, >, <, <, =] ix=217 result=[18-] is correct

Test 18+:
    W0: [ 0,  2,  3, 10, 11, 12, 13, 14, 19, 20, 21, 22, 25, 27, 28, 32, 33] < [ 1,  4,  5,  6,  7,  8,  9, 15, 16, 17, 18, 23, 24, 26, 29, 30, 31]
    W1: [ 0,  2,  3, 10, 11, 12, 13, 14, 19, 23, 24, 26, 29, 30, 31, 35, 37, 38] < [ 1,  4,  5,  6,  7,  8,  9, 15, 16, 17, 18, 25, 27, 28, 32, 33, 34, 36]
    W2: [ 0,  2,  3, 15, 16, 17, 18, 20, 21, 22, 29, 30, 31, 36, 39, 42] > [ 1,  4,  5, 13, 14, 19, 23, 24, 32, 33, 34, 37, 38, 40, 41, 43]
    W3: [ 0,  4,  5, 13, 17, 18, 20, 23, 24, 25, 34, 35, 39, 41, 43] > [ 3,  6,  7,  8, 12, 19, 22, 26, 28, 32, 33, 38, 42, 44, 45]
    W4: [ 0,  3,  5,  8, 13, 14, 16, 22, 24, 25, 26, 27, 28, 31, 32, 38, 43, 45] = [ 1,  6,  9, 11, 12, 17, 19, 20, 21, 23, 29, 34, 35, 36, 37, 39, 40, 41]
    Truth table row=[<, <, >, >, =] ix=25 result=[18+] is correct

Test 19-:
    W0: [ 0,  2,  3, 10, 11, 12, 13, 14, 19, 20, 21, 22, 25, 27, 28, 32, 33] < [ 1,  4,  5,  6,  7,  8,  9, 15, 16, 17, 18, 23, 24, 26, 29, 30, 31]
    W1: [ 0,  2,  3, 10, 11, 12, 13, 14, 19, 23, 24, 26, 29, 30, 31, 35, 37, 38] < [ 1,  4,  5,  6,  7,  8,  9, 15, 16, 17, 18, 25, 27, 28, 32, 33, 34, 36]
    W2: [ 0,  2,  3, 15, 16, 17, 18, 20, 21, 22, 29, 30, 31, 36, 39, 42] > [ 1,  4,  5, 13, 14, 19, 23, 24, 32, 33, 34, 37, 38, 40, 41, 43]
    W3: [ 0,  4,  5, 13, 17, 18, 20, 23, 24, 25, 34, 35, 39, 41, 43] > [ 3,  6,  7,  8, 12, 19, 22, 26, 28, 32, 33, 38, 42, 44, 45]
    W4: [ 0,  3,  5,  8, 13, 14, 16, 22, 24, 25, 26, 27, 28, 31, 32, 38, 43, 45] > [ 1,  6,  9, 11, 12, 17, 19, 20, 21, 23, 29, 34, 35, 36, 37, 39, 40, 41]
    Truth table row=[<, <, >, >, >] ix=26 result=[19-] is correct

Test 19+:
    W0: [ 0,  2,  3, 10, 11, 12, 13, 14, 19, 20, 21, 22, 25, 27, 28, 32, 33] > [ 1,  4,  5,  6,  7,  8,  9, 15, 16, 17, 18, 23, 24, 26, 29, 30, 31]
    W1: [ 0,  2,  3, 10, 11, 12, 13, 14, 19, 23, 24, 26, 29, 30, 31, 35, 37, 38] > [ 1,  4,  5,  6,  7,  8,  9, 15, 16, 17, 18, 25, 27, 28, 32, 33, 34, 36]
    W2: [ 0,  2,  3, 15, 16, 17, 18, 20, 21, 22, 29, 30, 31, 36, 39, 42] < [ 1,  4,  5, 13, 14, 19, 23, 24, 32, 33, 34, 37, 38, 40, 41, 43]
    W3: [ 0,  4,  5, 13, 17, 18, 20, 23, 24, 25, 34, 35, 39, 41, 43] < [ 3,  6,  7,  8, 12, 19, 22, 26, 28, 32, 33, 38, 42, 44, 45]
    W4: [ 0,  3,  5,  8, 13, 14, 16, 22, 24, 25, 26, 27, 28, 31, 32, 38, 43, 45] < [ 1,  6,  9, 11, 12, 17, 19, 20, 21, 23, 29, 34, 35, 36, 37, 39, 40, 41]
    Truth table row=[>, >, <, <, <] ix=216 result=[19+] is correct

Test 20-:
    W0: [ 0,  2,  3, 10, 11, 12, 13, 14, 19, 20, 21, 22, 25, 27, 28, 32, 33] < [ 1,  4,  5,  6,  7,  8,  9, 15, 16, 17, 18, 23, 24, 26, 29, 30, 31]
    W1: [ 0,  2,  3, 10, 11, 12, 13, 14, 19, 23, 24, 26, 29, 30, 31, 35, 37, 38] = [ 1,  4,  5,  6,  7,  8,  9, 15, 16, 17, 18, 25, 27, 28, 32, 33, 34, 36]
    W2: [ 0,  2,  3, 15, 16, 17, 18, 20, 21, 22, 29, 30, 31, 36, 39, 42] < [ 1,  4,  5, 13, 14, 19, 23, 24, 32, 33, 34, 37, 38, 40, 41, 43]
    W3: [ 0,  4,  5, 13, 17, 18, 20, 23, 24, 25, 34, 35, 39, 41, 43] < [ 3,  6,  7,  8, 12, 19, 22, 26, 28, 32, 33, 38, 42, 44, 45]
    W4: [ 0,  3,  5,  8, 13, 14, 16, 22, 24, 25, 26, 27, 28, 31, 32, 38, 43, 45] > [ 1,  6,  9, 11, 12, 17, 19, 20, 21, 23, 29, 34, 35, 36, 37, 39, 40, 41]
    Truth table row=[<, =, <, <, >] ix=29 result=[20-] is correct

Test 20+:
    W0: [ 0,  2,  3, 10, 11, 12, 13, 14, 19, 20, 21, 22, 25, 27, 28, 32, 33] > [ 1,  4,  5,  6,  7,  8,  9, 15, 16, 17, 18, 23, 24, 26, 29, 30, 31]
    W1: [ 0,  2,  3, 10, 11, 12, 13, 14, 19, 23, 24, 26, 29, 30, 31, 35, 37, 38] = [ 1,  4,  5,  6,  7,  8,  9, 15, 16, 17, 18, 25, 27, 28, 32, 33, 34, 36]
    W2: [ 0,  2,  3, 15, 16, 17, 18, 20, 21, 22, 29, 30, 31, 36, 39, 42] > [ 1,  4,  5, 13, 14, 19, 23, 24, 32, 33, 34, 37, 38, 40, 41, 43]
    W3: [ 0,  4,  5, 13, 17, 18, 20, 23, 24, 25, 34, 35, 39, 41, 43] > [ 3,  6,  7,  8, 12, 19, 22, 26, 28, 32, 33, 38, 42, 44, 45]
    W4: [ 0,  3,  5,  8, 13, 14, 16, 22, 24, 25, 26, 27, 28, 31, 32, 38, 43, 45] < [ 1,  6,  9, 11, 12, 17, 19, 20, 21, 23, 29, 34, 35, 36, 37, 39, 40, 41]
    Truth table row=[>, =, >, >, <] ix=213 result=[20+] is correct

Test 21-:
    W0: [ 0,  2,  3, 10, 11, 12, 13, 14, 19, 20, 21, 22, 25, 27, 28, 32, 33] < [ 1,  4,  5,  6,  7,  8,  9, 15, 16, 17, 18, 23, 24, 26, 29, 30, 31]
    W1: [ 0,  2,  3, 10, 11, 12, 13, 14, 19, 23, 24, 26, 29, 30, 31, 35, 37, 38] = [ 1,  4,  5,  6,  7,  8,  9, 15, 16, 17, 18, 25, 27, 28, 32, 33, 34, 36]
    W2: [ 0,  2,  3, 15, 16, 17, 18, 20, 21, 22, 29, 30, 31, 36, 39, 42] < [ 1,  4,  5, 13, 14, 19, 23, 24, 32, 33, 34, 37, 38, 40, 41, 43]
    W3: [ 0,  4,  5, 13, 17, 18, 20, 23, 24, 25, 34, 35, 39, 41, 43] = [ 3,  6,  7,  8, 12, 19, 22, 26, 28, 32, 33, 38, 42, 44, 45]
    W4: [ 0,  3,  5,  8, 13, 14, 16, 22, 24, 25, 26, 27, 28, 31, 32, 38, 43, 45] > [ 1,  6,  9, 11, 12, 17, 19, 20, 21, 23, 29, 34, 35, 36, 37, 39, 40, 41]
    Truth table row=[<, =, <, =, >] ix=32 result=[21-] is correct

Test 21+:
    W0: [ 0,  2,  3, 10, 11, 12, 13, 14, 19, 20, 21, 22, 25, 27, 28, 32, 33] > [ 1,  4,  5,  6,  7,  8,  9, 15, 16, 17, 18, 23, 24, 26, 29, 30, 31]
    W1: [ 0,  2,  3, 10, 11, 12, 13, 14, 19, 23, 24, 26, 29, 30, 31, 35, 37, 38] = [ 1,  4,  5,  6,  7,  8,  9, 15, 16, 17, 18, 25, 27, 28, 32, 33, 34, 36]
    W2: [ 0,  2,  3, 15, 16, 17, 18, 20, 21, 22, 29, 30, 31, 36, 39, 42] > [ 1,  4,  5, 13, 14, 19, 23, 24, 32, 33, 34, 37, 38, 40, 41, 43]
    W3: [ 0,  4,  5, 13, 17, 18, 20, 23, 24, 25, 34, 35, 39, 41, 43] = [ 3,  6,  7,  8, 12, 19, 22, 26, 28, 32, 33, 38, 42, 44, 45]
    W4: [ 0,  3,  5,  8, 13, 14, 16, 22, 24, 25, 26, 27, 28, 31, 32, 38, 43, 45] < [ 1,  6,  9, 11, 12, 17, 19, 20, 21, 23, 29, 34, 35, 36, 37, 39, 40, 41]
    Truth table row=[>, =, >, =, <] ix=210 result=[21+] is correct

Test 22-:
    W0: [ 0,  2,  3, 10, 11, 12, 13, 14, 19, 20, 21, 22, 25, 27, 28, 32, 33] < [ 1,  4,  5,  6,  7,  8,  9, 15, 16, 17, 18, 23, 24, 26, 29, 30, 31]
    W1: [ 0,  2,  3, 10, 11, 12, 13, 14, 19, 23, 24, 26, 29, 30, 31, 35, 37, 38] = [ 1,  4,  5,  6,  7,  8,  9, 15, 16, 17, 18, 25, 27, 28, 32, 33, 34, 36]
    W2: [ 0,  2,  3, 15, 16, 17, 18, 20, 21, 22, 29, 30, 31, 36, 39, 42] < [ 1,  4,  5, 13, 14, 19, 23, 24, 32, 33, 34, 37, 38, 40, 41, 43]
    W3: [ 0,  4,  5, 13, 17, 18, 20, 23, 24, 25, 34, 35, 39, 41, 43] > [ 3,  6,  7,  8, 12, 19, 22, 26, 28, 32, 33, 38, 42, 44, 45]
    W4: [ 0,  3,  5,  8, 13, 14, 16, 22, 24, 25, 26, 27, 28, 31, 32, 38, 43, 45] < [ 1,  6,  9, 11, 12, 17, 19, 20, 21, 23, 29, 34, 35, 36, 37, 39, 40, 41]
    Truth table row=[<, =, <, >, <] ix=33 result=[22-] is correct

Test 22+:
    W0: [ 0,  2,  3, 10, 11, 12, 13, 14, 19, 20, 21, 22, 25, 27, 28, 32, 33] > [ 1,  4,  5,  6,  7,  8,  9, 15, 16, 17, 18, 23, 24, 26, 29, 30, 31]
    W1: [ 0,  2,  3, 10, 11, 12, 13, 14, 19, 23, 24, 26, 29, 30, 31, 35, 37, 38] = [ 1,  4,  5,  6,  7,  8,  9, 15, 16, 17, 18, 25, 27, 28, 32, 33, 34, 36]
    W2: [ 0,  2,  3, 15, 16, 17, 18, 20, 21, 22, 29, 30, 31, 36, 39, 42] > [ 1,  4,  5, 13, 14, 19, 23, 24, 32, 33, 34, 37, 38, 40, 41, 43]
    W3: [ 0,  4,  5, 13, 17, 18, 20, 23, 24, 25, 34, 35, 39, 41, 43] < [ 3,  6,  7,  8, 12, 19, 22, 26, 28, 32, 33, 38, 42, 44, 45]
    W4: [ 0,  3,  5,  8, 13, 14, 16, 22, 24, 25, 26, 27, 28, 31, 32, 38, 43, 45] > [ 1,  6,  9, 11, 12, 17, 19, 20, 21, 23, 29, 34, 35, 36, 37, 39, 40, 41]
    Truth table row=[>, =, >, <, >] ix=209 result=[22+] is correct

Test 23-:
    W0: [ 0,  2,  3, 10, 11, 12, 13, 14, 19, 20, 21, 22, 25, 27, 28, 32, 33] > [ 1,  4,  5,  6,  7,  8,  9, 15, 16, 17, 18, 23, 24, 26, 29, 30, 31]
    W1: [ 0,  2,  3, 10, 11, 12, 13, 14, 19, 23, 24, 26, 29, 30, 31, 35, 37, 38] < [ 1,  4,  5,  6,  7,  8,  9, 15, 16, 17, 18, 25, 27, 28, 32, 33, 34, 36]
    W2: [ 0,  2,  3, 15, 16, 17, 18, 20, 21, 22, 29, 30, 31, 36, 39, 42] > [ 1,  4,  5, 13, 14, 19, 23, 24, 32, 33, 34, 37, 38, 40, 41, 43]
    W3: [ 0,  4,  5, 13, 17, 18, 20, 23, 24, 25, 34, 35, 39, 41, 43] < [ 3,  6,  7,  8, 12, 19, 22, 26, 28, 32, 33, 38, 42, 44, 45]
    W4: [ 0,  3,  5,  8, 13, 14, 16, 22, 24, 25, 26, 27, 28, 31, 32, 38, 43, 45] > [ 1,  6,  9, 11, 12, 17, 19, 20, 21, 23, 29, 34, 35, 36, 37, 39, 40, 41]
    Truth table row=[>, <, >, <, >] ix=182 result=[23-] is correct

Test 23+:
    W0: [ 0,  2,  3, 10, 11, 12, 13, 14, 19, 20, 21, 22, 25, 27, 28, 32, 33] < [ 1,  4,  5,  6,  7,  8,  9, 15, 16, 17, 18, 23, 24, 26, 29, 30, 31]
    W1: [ 0,  2,  3, 10, 11, 12, 13, 14, 19, 23, 24, 26, 29, 30, 31, 35, 37, 38] > [ 1,  4,  5,  6,  7,  8,  9, 15, 16, 17, 18, 25, 27, 28, 32, 33, 34, 36]
    W2: [ 0,  2,  3, 15, 16, 17, 18, 20, 21, 22, 29, 30, 31, 36, 39, 42] < [ 1,  4,  5, 13, 14, 19, 23, 24, 32, 33, 34, 37, 38, 40, 41, 43]
    W3: [ 0,  4,  5, 13, 17, 18, 20, 23, 24, 25, 34, 35, 39, 41, 43] > [ 3,  6,  7,  8, 12, 19, 22, 26, 28, 32, 33, 38, 42, 44, 45]
    W4: [ 0,  3,  5,  8, 13, 14, 16, 22, 24, 25, 26, 27, 28, 31, 32, 38, 43, 45] < [ 1,  6,  9, 11, 12, 17, 19, 20, 21, 23, 29, 34, 35, 36, 37, 39, 40, 41]
    Truth table row=[<, >, <, >, <] ix=60 result=[23+] is correct

Test 24-:
    W0: [ 0,  2,  3, 10, 11, 12, 13, 14, 19, 20, 21, 22, 25, 27, 28, 32, 33] > [ 1,  4,  5,  6,  7,  8,  9, 15, 16, 17, 18, 23, 24, 26, 29, 30, 31]
    W1: [ 0,  2,  3, 10, 11, 12, 13, 14, 19, 23, 24, 26, 29, 30, 31, 35, 37, 38] < [ 1,  4,  5,  6,  7,  8,  9, 15, 16, 17, 18, 25, 27, 28, 32, 33, 34, 36]
    W2: [ 0,  2,  3, 15, 16, 17, 18, 20, 21, 22, 29, 30, 31, 36, 39, 42] > [ 1,  4,  5, 13, 14, 19, 23, 24, 32, 33, 34, 37, 38, 40, 41, 43]
    W3: [ 0,  4,  5, 13, 17, 18, 20, 23, 24, 25, 34, 35, 39, 41, 43] < [ 3,  6,  7,  8, 12, 19, 22, 26, 28, 32, 33, 38, 42, 44, 45]
    W4: [ 0,  3,  5,  8, 13, 14, 16, 22, 24, 25, 26, 27, 28, 31, 32, 38, 43, 45] < [ 1,  6,  9, 11, 12, 17, 19, 20, 21, 23, 29, 34, 35, 36, 37, 39, 40, 41]
    Truth table row=[>, <, >, <, <] ix=180 result=[24-] is correct

Test 24+:
    W0: [ 0,  2,  3, 10, 11, 12, 13, 14, 19, 20, 21, 22, 25, 27, 28, 32, 33] < [ 1,  4,  5,  6,  7,  8,  9, 15, 16, 17, 18, 23, 24, 26, 29, 30, 31]
    W1: [ 0,  2,  3, 10, 11, 12, 13, 14, 19, 23, 24, 26, 29, 30, 31, 35, 37, 38] > [ 1,  4,  5,  6,  7,  8,  9, 15, 16, 17, 18, 25, 27, 28, 32, 33, 34, 36]
    W2: [ 0,  2,  3, 15, 16, 17, 18, 20, 21, 22, 29, 30, 31, 36, 39, 42] < [ 1,  4,  5, 13, 14, 19, 23, 24, 32, 33, 34, 37, 38, 40, 41, 43]
    W3: [ 0,  4,  5, 13, 17, 18, 20, 23, 24, 25, 34, 35, 39, 41, 43] > [ 3,  6,  7,  8, 12, 19, 22, 26, 28, 32, 33, 38, 42, 44, 45]
    W4: [ 0,  3,  5,  8, 13, 14, 16, 22, 24, 25, 26, 27, 28, 31, 32, 38, 43, 45] > [ 1,  6,  9, 11, 12, 17, 19, 20, 21, 23, 29, 34, 35, 36, 37, 39, 40, 41]
    Truth table row=[<, >, <, >, >] ix=62 result=[24+] is correct

Test 25-:
    W0: [ 0,  2,  3, 10, 11, 12, 13, 14, 19, 20, 21, 22, 25, 27, 28, 32, 33] < [ 1,  4,  5,  6,  7,  8,  9, 15, 16, 17, 18, 23, 24, 26, 29, 30, 31]
    W1: [ 0,  2,  3, 10, 11, 12, 13, 14, 19, 23, 24, 26, 29, 30, 31, 35, 37, 38] > [ 1,  4,  5,  6,  7,  8,  9, 15, 16, 17, 18, 25, 27, 28, 32, 33, 34, 36]
    W2: [ 0,  2,  3, 15, 16, 17, 18, 20, 21, 22, 29, 30, 31, 36, 39, 42] = [ 1,  4,  5, 13, 14, 19, 23, 24, 32, 33, 34, 37, 38, 40, 41, 43]
    W3: [ 0,  4,  5, 13, 17, 18, 20, 23, 24, 25, 34, 35, 39, 41, 43] < [ 3,  6,  7,  8, 12, 19, 22, 26, 28, 32, 33, 38, 42, 44, 45]
    W4: [ 0,  3,  5,  8, 13, 14, 16, 22, 24, 25, 26, 27, 28, 31, 32, 38, 43, 45] < [ 1,  6,  9, 11, 12, 17, 19, 20, 21, 23, 29, 34, 35, 36, 37, 39, 40, 41]
    Truth table row=[<, >, =, <, <] ix=63 result=[25-] is correct

Test 25+:
    W0: [ 0,  2,  3, 10, 11, 12, 13, 14, 19, 20, 21, 22, 25, 27, 28, 32, 33] > [ 1,  4,  5,  6,  7,  8,  9, 15, 16, 17, 18, 23, 24, 26, 29, 30, 31]
    W1: [ 0,  2,  3, 10, 11, 12, 13, 14, 19, 23, 24, 26, 29, 30, 31, 35, 37, 38] < [ 1,  4,  5,  6,  7,  8,  9, 15, 16, 17, 18, 25, 27, 28, 32, 33, 34, 36]
    W2: [ 0,  2,  3, 15, 16, 17, 18, 20, 21, 22, 29, 30, 31, 36, 39, 42] = [ 1,  4,  5, 13, 14, 19, 23, 24, 32, 33, 34, 37, 38, 40, 41, 43]
    W3: [ 0,  4,  5, 13, 17, 18, 20, 23, 24, 25, 34, 35, 39, 41, 43] > [ 3,  6,  7,  8, 12, 19, 22, 26, 28, 32, 33, 38, 42, 44, 45]
    W4: [ 0,  3,  5,  8, 13, 14, 16, 22, 24, 25, 26, 27, 28, 31, 32, 38, 43, 45] > [ 1,  6,  9, 11, 12, 17, 19, 20, 21, 23, 29, 34, 35, 36, 37, 39, 40, 41]
    Truth table row=[>, <, =, >, >] ix=179 result=[25+] is correct

Test 26-:
    W0: [ 0,  2,  3, 10, 11, 12, 13, 14, 19, 20, 21, 22, 25, 27, 28, 32, 33] > [ 1,  4,  5,  6,  7,  8,  9, 15, 16, 17, 18, 23, 24, 26, 29, 30, 31]
    W1: [ 0,  2,  3, 10, 11, 12, 13, 14, 19, 23, 24, 26, 29, 30, 31, 35, 37, 38] < [ 1,  4,  5,  6,  7,  8,  9, 15, 16, 17, 18, 25, 27, 28, 32, 33, 34, 36]
    W2: [ 0,  2,  3, 15, 16, 17, 18, 20, 21, 22, 29, 30, 31, 36, 39, 42] = [ 1,  4,  5, 13, 14, 19, 23, 24, 32, 33, 34, 37, 38, 40, 41, 43]
    W3: [ 0,  4,  5, 13, 17, 18, 20, 23, 24, 25, 34, 35, 39, 41, 43] > [ 3,  6,  7,  8, 12, 19, 22, 26, 28, 32, 33, 38, 42, 44, 45]
    W4: [ 0,  3,  5,  8, 13, 14, 16, 22, 24, 25, 26, 27, 28, 31, 32, 38, 43, 45] < [ 1,  6,  9, 11, 12, 17, 19, 20, 21, 23, 29, 34, 35, 36, 37, 39, 40, 41]
    Truth table row=[>, <, =, >, <] ix=177 result=[26-] is correct

Test 26+:
    W0: [ 0,  2,  3, 10, 11, 12, 13, 14, 19, 20, 21, 22, 25, 27, 28, 32, 33] < [ 1,  4,  5,  6,  7,  8,  9, 15, 16, 17, 18, 23, 24, 26, 29, 30, 31]
    W1: [ 0,  2,  3, 10, 11, 12, 13, 14, 19, 23, 24, 26, 29, 30, 31, 35, 37, 38] > [ 1,  4,  5,  6,  7,  8,  9, 15, 16, 17, 18, 25, 27, 28, 32, 33, 34, 36]
    W2: [ 0,  2,  3, 15, 16, 17, 18, 20, 21, 22, 29, 30, 31, 36, 39, 42] = [ 1,  4,  5, 13, 14, 19, 23, 24, 32, 33, 34, 37, 38, 40, 41, 43]
    W3: [ 0,  4,  5, 13, 17, 18, 20, 23, 24, 25, 34, 35, 39, 41, 43] < [ 3,  6,  7,  8, 12, 19, 22, 26, 28, 32, 33, 38, 42, 44, 45]
    W4: [ 0,  3,  5,  8, 13, 14, 16, 22, 24, 25, 26, 27, 28, 31, 32, 38, 43, 45] > [ 1,  6,  9, 11, 12, 17, 19, 20, 21, 23, 29, 34, 35, 36, 37, 39, 40, 41]
    Truth table row=[<, >, =, <, >] ix=65 result=[26+] is correct

Test 27-:
    W0: [ 0,  2,  3, 10, 11, 12, 13, 14, 19, 20, 21, 22, 25, 27, 28, 32, 33] < [ 1,  4,  5,  6,  7,  8,  9, 15, 16, 17, 18, 23, 24, 26, 29, 30, 31]
    W1: [ 0,  2,  3, 10, 11, 12, 13, 14, 19, 23, 24, 26, 29, 30, 31, 35, 37, 38] > [ 1,  4,  5,  6,  7,  8,  9, 15, 16, 17, 18, 25, 27, 28, 32, 33, 34, 36]
    W2: [ 0,  2,  3, 15, 16, 17, 18, 20, 21, 22, 29, 30, 31, 36, 39, 42] = [ 1,  4,  5, 13, 14, 19, 23, 24, 32, 33, 34, 37, 38, 40, 41, 43]
    W3: [ 0,  4,  5, 13, 17, 18, 20, 23, 24, 25, 34, 35, 39, 41, 43] = [ 3,  6,  7,  8, 12, 19, 22, 26, 28, 32, 33, 38, 42, 44, 45]
    W4: [ 0,  3,  5,  8, 13, 14, 16, 22, 24, 25, 26, 27, 28, 31, 32, 38, 43, 45] < [ 1,  6,  9, 11, 12, 17, 19, 20, 21, 23, 29, 34, 35, 36, 37, 39, 40, 41]
    Truth table row=[<, >, =, =, <] ix=66 result=[27-] is correct

Test 27+:
    W0: [ 0,  2,  3, 10, 11, 12, 13, 14, 19, 20, 21, 22, 25, 27, 28, 32, 33] > [ 1,  4,  5,  6,  7,  8,  9, 15, 16, 17, 18, 23, 24, 26, 29, 30, 31]
    W1: [ 0,  2,  3, 10, 11, 12, 13, 14, 19, 23, 24, 26, 29, 30, 31, 35, 37, 38] < [ 1,  4,  5,  6,  7,  8,  9, 15, 16, 17, 18, 25, 27, 28, 32, 33, 34, 36]
    W2: [ 0,  2,  3, 15, 16, 17, 18, 20, 21, 22, 29, 30, 31, 36, 39, 42] = [ 1,  4,  5, 13, 14, 19, 23, 24, 32, 33, 34, 37, 38, 40, 41, 43]
    W3: [ 0,  4,  5, 13, 17, 18, 20, 23, 24, 25, 34, 35, 39, 41, 43] = [ 3,  6,  7,  8, 12, 19, 22, 26, 28, 32, 33, 38, 42, 44, 45]
    W4: [ 0,  3,  5,  8, 13, 14, 16, 22, 24, 25, 26, 27, 28, 31, 32, 38, 43, 45] > [ 1,  6,  9, 11, 12, 17, 19, 20, 21, 23, 29, 34, 35, 36, 37, 39, 40, 41]
    Truth table row=[>, <, =, =, >] ix=176 result=[27+] is correct

Test 28-:
    W0: [ 0,  2,  3, 10, 11, 12, 13, 14, 19, 20, 21, 22, 25, 27, 28, 32, 33] < [ 1,  4,  5,  6,  7,  8,  9, 15, 16, 17, 18, 23, 24, 26, 29, 30, 31]
    W1: [ 0,  2,  3, 10, 11, 12, 13, 14, 19, 23, 24, 26, 29, 30, 31, 35, 37, 38] > [ 1,  4,  5,  6,  7,  8,  9, 15, 16, 17, 18, 25, 27, 28, 32, 33, 34, 36]
    W2: [ 0,  2,  3, 15, 16, 17, 18, 20, 21, 22, 29, 30, 31, 36, 39, 42] = [ 1,  4,  5, 13, 14, 19, 23, 24, 32, 33, 34, 37, 38, 40, 41, 43]
    W3: [ 0,  4,  5, 13, 17, 18, 20, 23, 24, 25, 34, 35, 39, 41, 43] > [ 3,  6,  7,  8, 12, 19, 22, 26, 28, 32, 33, 38, 42, 44, 45]
    W4: [ 0,  3,  5,  8, 13, 14, 16, 22, 24, 25, 26, 27, 28, 31, 32, 38, 43, 45] < [ 1,  6,  9, 11, 12, 17, 19, 20, 21, 23, 29, 34, 35, 36, 37, 39, 40, 41]
    Truth table row=[<, >, =, >, <] ix=69 result=[28-] is correct

Test 28+:
    W0: [ 0,  2,  3, 10, 11, 12, 13, 14, 19, 20, 21, 22, 25, 27, 28, 32, 33] > [ 1,  4,  5,  6,  7,  8,  9, 15, 16, 17, 18, 23, 24, 26, 29, 30, 31]
    W1: [ 0,  2,  3, 10, 11, 12, 13, 14, 19, 23, 24, 26, 29, 30, 31, 35, 37, 38] < [ 1,  4,  5,  6,  7,  8,  9, 15, 16, 17, 18, 25, 27, 28, 32, 33, 34, 36]
    W2: [ 0,  2,  3, 15, 16, 17, 18, 20, 21, 22, 29, 30, 31, 36, 39, 42] = [ 1,  4,  5, 13, 14, 19, 23, 24, 32, 33, 34, 37, 38, 40, 41, 43]
    W3: [ 0,  4,  5, 13, 17, 18, 20, 23, 24, 25, 34, 35, 39, 41, 43] < [ 3,  6,  7,  8, 12, 19, 22, 26, 28, 32, 33, 38, 42, 44, 45]
    W4: [ 0,  3,  5,  8, 13, 14, 16, 22, 24, 25, 26, 27, 28, 31, 32, 38, 43, 45] > [ 1,  6,  9, 11, 12, 17, 19, 20, 21, 23, 29, 34, 35, 36, 37, 39, 40, 41]
    Truth table row=[>, <, =, <, >] ix=173 result=[28+] is correct

Test 29-:
    W0: [ 0,  2,  3, 10, 11, 12, 13, 14, 19, 20, 21, 22, 25, 27, 28, 32, 33] > [ 1,  4,  5,  6,  7,  8,  9, 15, 16, 17, 18, 23, 24, 26, 29, 30, 31]
    W1: [ 0,  2,  3, 10, 11, 12, 13, 14, 19, 23, 24, 26, 29, 30, 31, 35, 37, 38] < [ 1,  4,  5,  6,  7,  8,  9, 15, 16, 17, 18, 25, 27, 28, 32, 33, 34, 36]
    W2: [ 0,  2,  3, 15, 16, 17, 18, 20, 21, 22, 29, 30, 31, 36, 39, 42] < [ 1,  4,  5, 13, 14, 19, 23, 24, 32, 33, 34, 37, 38, 40, 41, 43]
    W3: [ 0,  4,  5, 13, 17, 18, 20, 23, 24, 25, 34, 35, 39, 41, 43] = [ 3,  6,  7,  8, 12, 19, 22, 26, 28, 32, 33, 38, 42, 44, 45]
    W4: [ 0,  3,  5,  8, 13, 14, 16, 22, 24, 25, 26, 27, 28, 31, 32, 38, 43, 45] > [ 1,  6,  9, 11, 12, 17, 19, 20, 21, 23, 29, 34, 35, 36, 37, 39, 40, 41]
    Truth table row=[>, <, <, =, >] ix=167 result=[29-] is correct

Test 29+:
    W0: [ 0,  2,  3, 10, 11, 12, 13, 14, 19, 20, 21, 22, 25, 27, 28, 32, 33] < [ 1,  4,  5,  6,  7,  8,  9, 15, 16, 17, 18, 23, 24, 26, 29, 30, 31]
    W1: [ 0,  2,  3, 10, 11, 12, 13, 14, 19, 23, 24, 26, 29, 30, 31, 35, 37, 38] > [ 1,  4,  5,  6,  7,  8,  9, 15, 16, 17, 18, 25, 27, 28, 32, 33, 34, 36]
    W2: [ 0,  2,  3, 15, 16, 17, 18, 20, 21, 22, 29, 30, 31, 36, 39, 42] > [ 1,  4,  5, 13, 14, 19, 23, 24, 32, 33, 34, 37, 38, 40, 41, 43]
    W3: [ 0,  4,  5, 13, 17, 18, 20, 23, 24, 25, 34, 35, 39, 41, 43] = [ 3,  6,  7,  8, 12, 19, 22, 26, 28, 32, 33, 38, 42, 44, 45]
    W4: [ 0,  3,  5,  8, 13, 14, 16, 22, 24, 25, 26, 27, 28, 31, 32, 38, 43, 45] < [ 1,  6,  9, 11, 12, 17, 19, 20, 21, 23, 29, 34, 35, 36, 37, 39, 40, 41]
    Truth table row=[<, >, >, =, <] ix=75 result=[29+] is correct

Test 30-:
    W0: [ 0,  2,  3, 10, 11, 12, 13, 14, 19, 20, 21, 22, 25, 27, 28, 32, 33] > [ 1,  4,  5,  6,  7,  8,  9, 15, 16, 17, 18, 23, 24, 26, 29, 30, 31]
    W1: [ 0,  2,  3, 10, 11, 12, 13, 14, 19, 23, 24, 26, 29, 30, 31, 35, 37, 38] < [ 1,  4,  5,  6,  7,  8,  9, 15, 16, 17, 18, 25, 27, 28, 32, 33, 34, 36]
    W2: [ 0,  2,  3, 15, 16, 17, 18, 20, 21, 22, 29, 30, 31, 36, 39, 42] < [ 1,  4,  5, 13, 14, 19, 23, 24, 32, 33, 34, 37, 38, 40, 41, 43]
    W3: [ 0,  4,  5, 13, 17, 18, 20, 23, 24, 25, 34, 35, 39, 41, 43] = [ 3,  6,  7,  8, 12, 19, 22, 26, 28, 32, 33, 38, 42, 44, 45]
    W4: [ 0,  3,  5,  8, 13, 14, 16, 22, 24, 25, 26, 27, 28, 31, 32, 38, 43, 45] = [ 1,  6,  9, 11, 12, 17, 19, 20, 21, 23, 29, 34, 35, 36, 37, 39, 40, 41]
    Truth table row=[>, <, <, =, =] ix=166 result=[30-] is correct

Test 30+:
    W0: [ 0,  2,  3, 10, 11, 12, 13, 14, 19, 20, 21, 22, 25, 27, 28, 32, 33] < [ 1,  4,  5,  6,  7,  8,  9, 15, 16, 17, 18, 23, 24, 26, 29, 30, 31]
    W1: [ 0,  2,  3, 10, 11, 12, 13, 14, 19, 23, 24, 26, 29, 30, 31, 35, 37, 38] > [ 1,  4,  5,  6,  7,  8,  9, 15, 16, 17, 18, 25, 27, 28, 32, 33, 34, 36]
    W2: [ 0,  2,  3, 15, 16, 17, 18, 20, 21, 22, 29, 30, 31, 36, 39, 42] > [ 1,  4,  5, 13, 14, 19, 23, 24, 32, 33, 34, 37, 38, 40, 41, 43]
    W3: [ 0,  4,  5, 13, 17, 18, 20, 23, 24, 25, 34, 35, 39, 41, 43] = [ 3,  6,  7,  8, 12, 19, 22, 26, 28, 32, 33, 38, 42, 44, 45]
    W4: [ 0,  3,  5,  8, 13, 14, 16, 22, 24, 25, 26, 27, 28, 31, 32, 38, 43, 45] = [ 1,  6,  9, 11, 12, 17, 19, 20, 21, 23, 29, 34, 35, 36, 37, 39, 40, 41]
    Truth table row=[<, >, >, =, =] ix=76 result=[30+] is correct

Test 31-:
    W0: [ 0,  2,  3, 10, 11, 12, 13, 14, 19, 20, 21, 22, 25, 27, 28, 32, 33] > [ 1,  4,  5,  6,  7,  8,  9, 15, 16, 17, 18, 23, 24, 26, 29, 30, 31]
    W1: [ 0,  2,  3, 10, 11, 12, 13, 14, 19, 23, 24, 26, 29, 30, 31, 35, 37, 38] < [ 1,  4,  5,  6,  7,  8,  9, 15, 16, 17, 18, 25, 27, 28, 32, 33, 34, 36]
    W2: [ 0,  2,  3, 15, 16, 17, 18, 20, 21, 22, 29, 30, 31, 36, 39, 42] < [ 1,  4,  5, 13, 14, 19, 23, 24, 32, 33, 34, 37, 38, 40, 41, 43]
    W3: [ 0,  4,  5, 13, 17, 18, 20, 23, 24, 25, 34, 35, 39, 41, 43] = [ 3,  6,  7,  8, 12, 19, 22, 26, 28, 32, 33, 38, 42, 44, 45]
    W4: [ 0,  3,  5,  8, 13, 14, 16, 22, 24, 25, 26, 27, 28, 31, 32, 38, 43, 45] < [ 1,  6,  9, 11, 12, 17, 19, 20, 21, 23, 29, 34, 35, 36, 37, 39, 40, 41]
    Truth table row=[>, <, <, =, <] ix=165 result=[31-] is correct

Test 31+:
    W0: [ 0,  2,  3, 10, 11, 12, 13, 14, 19, 20, 21, 22, 25, 27, 28, 32, 33] < [ 1,  4,  5,  6,  7,  8,  9, 15, 16, 17, 18, 23, 24, 26, 29, 30, 31]
    W1: [ 0,  2,  3, 10, 11, 12, 13, 14, 19, 23, 24, 26, 29, 30, 31, 35, 37, 38] > [ 1,  4,  5,  6,  7,  8,  9, 15, 16, 17, 18, 25, 27, 28, 32, 33, 34, 36]
    W2: [ 0,  2,  3, 15, 16, 17, 18, 20, 21, 22, 29, 30, 31, 36, 39, 42] > [ 1,  4,  5, 13, 14, 19, 23, 24, 32, 33, 34, 37, 38, 40, 41, 43]
    W3: [ 0,  4,  5, 13, 17, 18, 20, 23, 24, 25, 34, 35, 39, 41, 43] = [ 3,  6,  7,  8, 12, 19, 22, 26, 28, 32, 33, 38, 42, 44, 45]
    W4: [ 0,  3,  5,  8, 13, 14, 16, 22, 24, 25, 26, 27, 28, 31, 32, 38, 43, 45] > [ 1,  6,  9, 11, 12, 17, 19, 20, 21, 23, 29, 34, 35, 36, 37, 39, 40, 41]
    Truth table row=[<, >, >, =, >] ix=77 result=[31+] is correct

Test 32-:
    W0: [ 0,  2,  3, 10, 11, 12, 13, 14, 19, 20, 21, 22, 25, 27, 28, 32, 33] < [ 1,  4,  5,  6,  7,  8,  9, 15, 16, 17, 18, 23, 24, 26, 29, 30, 31]
    W1: [ 0,  2,  3, 10, 11, 12, 13, 14, 19, 23, 24, 26, 29, 30, 31, 35, 37, 38] > [ 1,  4,  5,  6,  7,  8,  9, 15, 16, 17, 18, 25, 27, 28, 32, 33, 34, 36]
    W2: [ 0,  2,  3, 15, 16, 17, 18, 20, 21, 22, 29, 30, 31, 36, 39, 42] > [ 1,  4,  5, 13, 14, 19, 23, 24, 32, 33, 34, 37, 38, 40, 41, 43]
    W3: [ 0,  4,  5, 13, 17, 18, 20, 23, 24, 25, 34, 35, 39, 41, 43] > [ 3,  6,  7,  8, 12, 19, 22, 26, 28, 32, 33, 38, 42, 44, 45]
    W4: [ 0,  3,  5,  8, 13, 14, 16, 22, 24, 25, 26, 27, 28, 31, 32, 38, 43, 45] < [ 1,  6,  9, 11, 12, 17, 19, 20, 21, 23, 29, 34, 35, 36, 37, 39, 40, 41]
    Truth table row=[<, >, >, >, <] ix=78 result=[32-] is correct

Test 32+:
    W0: [ 0,  2,  3, 10, 11, 12, 13, 14, 19, 20, 21, 22, 25, 27, 28, 32, 33] > [ 1,  4,  5,  6,  7,  8,  9, 15, 16, 17, 18, 23, 24, 26, 29, 30, 31]
    W1: [ 0,  2,  3, 10, 11, 12, 13, 14, 19, 23, 24, 26, 29, 30, 31, 35, 37, 38] < [ 1,  4,  5,  6,  7,  8,  9, 15, 16, 17, 18, 25, 27, 28, 32, 33, 34, 36]
    W2: [ 0,  2,  3, 15, 16, 17, 18, 20, 21, 22, 29, 30, 31, 36, 39, 42] < [ 1,  4,  5, 13, 14, 19, 23, 24, 32, 33, 34, 37, 38, 40, 41, 43]
    W3: [ 0,  4,  5, 13, 17, 18, 20, 23, 24, 25, 34, 35, 39, 41, 43] < [ 3,  6,  7,  8, 12, 19, 22, 26, 28, 32, 33, 38, 42, 44, 45]
    W4: [ 0,  3,  5,  8, 13, 14, 16, 22, 24, 25, 26, 27, 28, 31, 32, 38, 43, 45] > [ 1,  6,  9, 11, 12, 17, 19, 20, 21, 23, 29, 34, 35, 36, 37, 39, 40, 41]
    Truth table row=[>, <, <, <, >] ix=164 result=[32+] is correct

Test 33-:
    W0: [ 0,  2,  3, 10, 11, 12, 13, 14, 19, 20, 21, 22, 25, 27, 28, 32, 33] < [ 1,  4,  5,  6,  7,  8,  9, 15, 16, 17, 18, 23, 24, 26, 29, 30, 31]
    W1: [ 0,  2,  3, 10, 11, 12, 13, 14, 19, 23, 24, 26, 29, 30, 31, 35, 37, 38] > [ 1,  4,  5,  6,  7,  8,  9, 15, 16, 17, 18, 25, 27, 28, 32, 33, 34, 36]
    W2: [ 0,  2,  3, 15, 16, 17, 18, 20, 21, 22, 29, 30, 31, 36, 39, 42] > [ 1,  4,  5, 13, 14, 19, 23, 24, 32, 33, 34, 37, 38, 40, 41, 43]
    W3: [ 0,  4,  5, 13, 17, 18, 20, 23, 24, 25, 34, 35, 39, 41, 43] > [ 3,  6,  7,  8, 12, 19, 22, 26, 28, 32, 33, 38, 42, 44, 45]
    W4: [ 0,  3,  5,  8, 13, 14, 16, 22, 24, 25, 26, 27, 28, 31, 32, 38, 43, 45] = [ 1,  6,  9, 11, 12, 17, 19, 20, 21, 23, 29, 34, 35, 36, 37, 39, 40, 41]
    Truth table row=[<, >, >, >, =] ix=79 result=[33-] is correct

Test 33+:
    W0: [ 0,  2,  3, 10, 11, 12, 13, 14, 19, 20, 21, 22, 25, 27, 28, 32, 33] > [ 1,  4,  5,  6,  7,  8,  9, 15, 16, 17, 18, 23, 24, 26, 29, 30, 31]
    W1: [ 0,  2,  3, 10, 11, 12, 13, 14, 19, 23, 24, 26, 29, 30, 31, 35, 37, 38] < [ 1,  4,  5,  6,  7,  8,  9, 15, 16, 17, 18, 25, 27, 28, 32, 33, 34, 36]
    W2: [ 0,  2,  3, 15, 16, 17, 18, 20, 21, 22, 29, 30, 31, 36, 39, 42] < [ 1,  4,  5, 13, 14, 19, 23, 24, 32, 33, 34, 37, 38, 40, 41, 43]
    W3: [ 0,  4,  5, 13, 17, 18, 20, 23, 24, 25, 34, 35, 39, 41, 43] < [ 3,  6,  7,  8, 12, 19, 22, 26, 28, 32, 33, 38, 42, 44, 45]
    W4: [ 0,  3,  5,  8, 13, 14, 16, 22, 24, 25, 26, 27, 28, 31, 32, 38, 43, 45] = [ 1,  6,  9, 11, 12, 17, 19, 20, 21, 23, 29, 34, 35, 36, 37, 39, 40, 41]
    Truth table row=[>, <, <, <, =] ix=163 result=[33+] is correct

Test 34-:
    W0: [ 0,  2,  3, 10, 11, 12, 13, 14, 19, 20, 21, 22, 25, 27, 28, 32, 33] = [ 1,  4,  5,  6,  7,  8,  9, 15, 16, 17, 18, 23, 24, 26, 29, 30, 31]
    W1: [ 0,  2,  3, 10, 11, 12, 13, 14, 19, 23, 24, 26, 29, 30, 31, 35, 37, 38] > [ 1,  4,  5,  6,  7,  8,  9, 15, 16, 17, 18, 25, 27, 28, 32, 33, 34, 36]
    W2: [ 0,  2,  3, 15, 16, 17, 18, 20, 21, 22, 29, 30, 31, 36, 39, 42] > [ 1,  4,  5, 13, 14, 19, 23, 24, 32, 33, 34, 37, 38, 40, 41, 43]
    W3: [ 0,  4,  5, 13, 17, 18, 20, 23, 24, 25, 34, 35, 39, 41, 43] < [ 3,  6,  7,  8, 12, 19, 22, 26, 28, 32, 33, 38, 42, 44, 45]
    W4: [ 0,  3,  5,  8, 13, 14, 16, 22, 24, 25, 26, 27, 28, 31, 32, 38, 43, 45] > [ 1,  6,  9, 11, 12, 17, 19, 20, 21, 23, 29, 34, 35, 36, 37, 39, 40, 41]
    Truth table row=[=, >, >, <, >] ix=155 result=[34-] is correct

Test 34+:
    W0: [ 0,  2,  3, 10, 11, 12, 13, 14, 19, 20, 21, 22, 25, 27, 28, 32, 33] = [ 1,  4,  5,  6,  7,  8,  9, 15, 16, 17, 18, 23, 24, 26, 29, 30, 31]
    W1: [ 0,  2,  3, 10, 11, 12, 13, 14, 19, 23, 24, 26, 29, 30, 31, 35, 37, 38] < [ 1,  4,  5,  6,  7,  8,  9, 15, 16, 17, 18, 25, 27, 28, 32, 33, 34, 36]
    W2: [ 0,  2,  3, 15, 16, 17, 18, 20, 21, 22, 29, 30, 31, 36, 39, 42] < [ 1,  4,  5, 13, 14, 19, 23, 24, 32, 33, 34, 37, 38, 40, 41, 43]
    W3: [ 0,  4,  5, 13, 17, 18, 20, 23, 24, 25, 34, 35, 39, 41, 43] > [ 3,  6,  7,  8, 12, 19, 22, 26, 28, 32, 33, 38, 42, 44, 45]
    W4: [ 0,  3,  5,  8, 13, 14, 16, 22, 24, 25, 26, 27, 28, 31, 32, 38, 43, 45] < [ 1,  6,  9, 11, 12, 17, 19, 20, 21, 23, 29, 34, 35, 36, 37, 39, 40, 41]
    Truth table row=[=, <, <, >, <] ix=87 result=[34+] is correct

Test 35-:
    W0: [ 0,  2,  3, 10, 11, 12, 13, 14, 19, 20, 21, 22, 25, 27, 28, 32, 33] = [ 1,  4,  5,  6,  7,  8,  9, 15, 16, 17, 18, 23, 24, 26, 29, 30, 31]
    W1: [ 0,  2,  3, 10, 11, 12, 13, 14, 19, 23, 24, 26, 29, 30, 31, 35, 37, 38] < [ 1,  4,  5,  6,  7,  8,  9, 15, 16, 17, 18, 25, 27, 28, 32, 33, 34, 36]
    W2: [ 0,  2,  3, 15, 16, 17, 18, 20, 21, 22, 29, 30, 31, 36, 39, 42] = [ 1,  4,  5, 13, 14, 19, 23, 24, 32, 33, 34, 37, 38, 40, 41, 43]
    W3: [ 0,  4,  5, 13, 17, 18, 20, 23, 24, 25, 34, 35, 39, 41, 43] < [ 3,  6,  7,  8, 12, 19, 22, 26, 28, 32, 33, 38, 42, 44, 45]
    W4: [ 0,  3,  5,  8, 13, 14, 16, 22, 24, 25, 26, 27, 28, 31, 32, 38, 43, 45] > [ 1,  6,  9, 11, 12, 17, 19, 20, 21, 23, 29, 34, 35, 36, 37, 39, 40, 41]
    Truth table row=[=, <, =, <, >] ix=92 result=[35-] is correct

Test 35+:
    W0: [ 0,  2,  3, 10, 11, 12, 13, 14, 19, 20, 21, 22, 25, 27, 28, 32, 33] = [ 1,  4,  5,  6,  7,  8,  9, 15, 16, 17, 18, 23, 24, 26, 29, 30, 31]
    W1: [ 0,  2,  3, 10, 11, 12, 13, 14, 19, 23, 24, 26, 29, 30, 31, 35, 37, 38] > [ 1,  4,  5,  6,  7,  8,  9, 15, 16, 17, 18, 25, 27, 28, 32, 33, 34, 36]
    W2: [ 0,  2,  3, 15, 16, 17, 18, 20, 21, 22, 29, 30, 31, 36, 39, 42] = [ 1,  4,  5, 13, 14, 19, 23, 24, 32, 33, 34, 37, 38, 40, 41, 43]
    W3: [ 0,  4,  5, 13, 17, 18, 20, 23, 24, 25, 34, 35, 39, 41, 43] > [ 3,  6,  7,  8, 12, 19, 22, 26, 28, 32, 33, 38, 42, 44, 45]
    W4: [ 0,  3,  5,  8, 13, 14, 16, 22, 24, 25, 26, 27, 28, 31, 32, 38, 43, 45] < [ 1,  6,  9, 11, 12, 17, 19, 20, 21, 23, 29, 34, 35, 36, 37, 39, 40, 41]
    Truth table row=[=, >, =, >, <] ix=150 result=[35+] is correct

Test 36-:
    W0: [ 0,  2,  3, 10, 11, 12, 13, 14, 19, 20, 21, 22, 25, 27, 28, 32, 33] = [ 1,  4,  5,  6,  7,  8,  9, 15, 16, 17, 18, 23, 24, 26, 29, 30, 31]
    W1: [ 0,  2,  3, 10, 11, 12, 13, 14, 19, 23, 24, 26, 29, 30, 31, 35, 37, 38] > [ 1,  4,  5,  6,  7,  8,  9, 15, 16, 17, 18, 25, 27, 28, 32, 33, 34, 36]
    W2: [ 0,  2,  3, 15, 16, 17, 18, 20, 21, 22, 29, 30, 31, 36, 39, 42] < [ 1,  4,  5, 13, 14, 19, 23, 24, 32, 33, 34, 37, 38, 40, 41, 43]
    W3: [ 0,  4,  5, 13, 17, 18, 20, 23, 24, 25, 34, 35, 39, 41, 43] = [ 3,  6,  7,  8, 12, 19, 22, 26, 28, 32, 33, 38, 42, 44, 45]
    W4: [ 0,  3,  5,  8, 13, 14, 16, 22, 24, 25, 26, 27, 28, 31, 32, 38, 43, 45] > [ 1,  6,  9, 11, 12, 17, 19, 20, 21, 23, 29, 34, 35, 36, 37, 39, 40, 41]
    Truth table row=[=, >, <, =, >] ix=140 result=[36-] is correct

Test 36+:
    W0: [ 0,  2,  3, 10, 11, 12, 13, 14, 19, 20, 21, 22, 25, 27, 28, 32, 33] = [ 1,  4,  5,  6,  7,  8,  9, 15, 16, 17, 18, 23, 24, 26, 29, 30, 31]
    W1: [ 0,  2,  3, 10, 11, 12, 13, 14, 19, 23, 24, 26, 29, 30, 31, 35, 37, 38] < [ 1,  4,  5,  6,  7,  8,  9, 15, 16, 17, 18, 25, 27, 28, 32, 33, 34, 36]
    W2: [ 0,  2,  3, 15, 16, 17, 18, 20, 21, 22, 29, 30, 31, 36, 39, 42] > [ 1,  4,  5, 13, 14, 19, 23, 24, 32, 33, 34, 37, 38, 40, 41, 43]
    W3: [ 0,  4,  5, 13, 17, 18, 20, 23, 24, 25, 34, 35, 39, 41, 43] = [ 3,  6,  7,  8, 12, 19, 22, 26, 28, 32, 33, 38, 42, 44, 45]
    W4: [ 0,  3,  5,  8, 13, 14, 16, 22, 24, 25, 26, 27, 28, 31, 32, 38, 43, 45] < [ 1,  6,  9, 11, 12, 17, 19, 20, 21, 23, 29, 34, 35, 36, 37, 39, 40, 41]
    Truth table row=[=, <, >, =, <] ix=102 result=[36+] is correct

Test 37-:
    W0: [ 0,  2,  3, 10, 11, 12, 13, 14, 19, 20, 21, 22, 25, 27, 28, 32, 33] = [ 1,  4,  5,  6,  7,  8,  9, 15, 16, 17, 18, 23, 24, 26, 29, 30, 31]
    W1: [ 0,  2,  3, 10, 11, 12, 13, 14, 19, 23, 24, 26, 29, 30, 31, 35, 37, 38] < [ 1,  4,  5,  6,  7,  8,  9, 15, 16, 17, 18, 25, 27, 28, 32, 33, 34, 36]
    W2: [ 0,  2,  3, 15, 16, 17, 18, 20, 21, 22, 29, 30, 31, 36, 39, 42] > [ 1,  4,  5, 13, 14, 19, 23, 24, 32, 33, 34, 37, 38, 40, 41, 43]
    W3: [ 0,  4,  5, 13, 17, 18, 20, 23, 24, 25, 34, 35, 39, 41, 43] = [ 3,  6,  7,  8, 12, 19, 22, 26, 28, 32, 33, 38, 42, 44, 45]
    W4: [ 0,  3,  5,  8, 13, 14, 16, 22, 24, 25, 26, 27, 28, 31, 32, 38, 43, 45] > [ 1,  6,  9, 11, 12, 17, 19, 20, 21, 23, 29, 34, 35, 36, 37, 39, 40, 41]
    Truth table row=[=, <, >, =, >] ix=104 result=[37-] is correct

Test 37+:
    W0: [ 0,  2,  3, 10, 11, 12, 13, 14, 19, 20, 21, 22, 25, 27, 28, 32, 33] = [ 1,  4,  5,  6,  7,  8,  9, 15, 16, 17, 18, 23, 24, 26, 29, 30, 31]
    W1: [ 0,  2,  3, 10, 11, 12, 13, 14, 19, 23, 24, 26, 29, 30, 31, 35, 37, 38] > [ 1,  4,  5,  6,  7,  8,  9, 15, 16, 17, 18, 25, 27, 28, 32, 33, 34, 36]
    W2: [ 0,  2,  3, 15, 16, 17, 18, 20, 21, 22, 29, 30, 31, 36, 39, 42] < [ 1,  4,  5, 13, 14, 19, 23, 24, 32, 33, 34, 37, 38, 40, 41, 43]
    W3: [ 0,  4,  5, 13, 17, 18, 20, 23, 24, 25, 34, 35, 39, 41, 43] = [ 3,  6,  7,  8, 12, 19, 22, 26, 28, 32, 33, 38, 42, 44, 45]
    W4: [ 0,  3,  5,  8, 13, 14, 16, 22, 24, 25, 26, 27, 28, 31, 32, 38, 43, 45] < [ 1,  6,  9, 11, 12, 17, 19, 20, 21, 23, 29, 34, 35, 36, 37, 39, 40, 41]
    Truth table row=[=, >, <, =, <] ix=138 result=[37+] is correct

Test 38-:
    W0: [ 0,  2,  3, 10, 11, 12, 13, 14, 19, 20, 21, 22, 25, 27, 28, 32, 33] = [ 1,  4,  5,  6,  7,  8,  9, 15, 16, 17, 18, 23, 24, 26, 29, 30, 31]
    W1: [ 0,  2,  3, 10, 11, 12, 13, 14, 19, 23, 24, 26, 29, 30, 31, 35, 37, 38] < [ 1,  4,  5,  6,  7,  8,  9, 15, 16, 17, 18, 25, 27, 28, 32, 33, 34, 36]
    W2: [ 0,  2,  3, 15, 16, 17, 18, 20, 21, 22, 29, 30, 31, 36, 39, 42] > [ 1,  4,  5, 13, 14, 19, 23, 24, 32, 33, 34, 37, 38, 40, 41, 43]
    W3: [ 0,  4,  5, 13, 17, 18, 20, 23, 24, 25, 34, 35, 39, 41, 43] > [ 3,  6,  7,  8, 12, 19, 22, 26, 28, 32, 33, 38, 42, 44, 45]
    W4: [ 0,  3,  5,  8, 13, 14, 16, 22, 24, 25, 26, 27, 28, 31, 32, 38, 43, 45] < [ 1,  6,  9, 11, 12, 17, 19, 20, 21, 23, 29, 34, 35, 36, 37, 39, 40, 41]
    Truth table row=[=, <, >, >, <] ix=105 result=[38-] is correct

Test 38+:
    W0: [ 0,  2,  3, 10, 11, 12, 13, 14, 19, 20, 21, 22, 25, 27, 28, 32, 33] = [ 1,  4,  5,  6,  7,  8,  9, 15, 16, 17, 18, 23, 24, 26, 29, 30, 31]
    W1: [ 0,  2,  3, 10, 11, 12, 13, 14, 19, 23, 24, 26, 29, 30, 31, 35, 37, 38] > [ 1,  4,  5,  6,  7,  8,  9, 15, 16, 17, 18, 25, 27, 28, 32, 33, 34, 36]
    W2: [ 0,  2,  3, 15, 16, 17, 18, 20, 21, 22, 29, 30, 31, 36, 39, 42] < [ 1,  4,  5, 13, 14, 19, 23, 24, 32, 33, 34, 37, 38, 40, 41, 43]
    W3: [ 0,  4,  5, 13, 17, 18, 20, 23, 24, 25, 34, 35, 39, 41, 43] < [ 3,  6,  7,  8, 12, 19, 22, 26, 28, 32, 33, 38, 42, 44, 45]
    W4: [ 0,  3,  5,  8, 13, 14, 16, 22, 24, 25, 26, 27, 28, 31, 32, 38, 43, 45] > [ 1,  6,  9, 11, 12, 17, 19, 20, 21, 23, 29, 34, 35, 36, 37, 39, 40, 41]
    Truth table row=[=, >, <, <, >] ix=137 result=[38+] is correct

Test 39-:
    W0: [ 0,  2,  3, 10, 11, 12, 13, 14, 19, 20, 21, 22, 25, 27, 28, 32, 33] = [ 1,  4,  5,  6,  7,  8,  9, 15, 16, 17, 18, 23, 24, 26, 29, 30, 31]
    W1: [ 0,  2,  3, 10, 11, 12, 13, 14, 19, 23, 24, 26, 29, 30, 31, 35, 37, 38] = [ 1,  4,  5,  6,  7,  8,  9, 15, 16, 17, 18, 25, 27, 28, 32, 33, 34, 36]
    W2: [ 0,  2,  3, 15, 16, 17, 18, 20, 21, 22, 29, 30, 31, 36, 39, 42] < [ 1,  4,  5, 13, 14, 19, 23, 24, 32, 33, 34, 37, 38, 40, 41, 43]
    W3: [ 0,  4,  5, 13, 17, 18, 20, 23, 24, 25, 34, 35, 39, 41, 43] < [ 3,  6,  7,  8, 12, 19, 22, 26, 28, 32, 33, 38, 42, 44, 45]
    W4: [ 0,  3,  5,  8, 13, 14, 16, 22, 24, 25, 26, 27, 28, 31, 32, 38, 43, 45] > [ 1,  6,  9, 11, 12, 17, 19, 20, 21, 23, 29, 34, 35, 36, 37, 39, 40, 41]
    Truth table row=[=, =, <, <, >] ix=110 result=[39-] is correct

Test 39+:
    W0: [ 0,  2,  3, 10, 11, 12, 13, 14, 19, 20, 21, 22, 25, 27, 28, 32, 33] = [ 1,  4,  5,  6,  7,  8,  9, 15, 16, 17, 18, 23, 24, 26, 29, 30, 31]
    W1: [ 0,  2,  3, 10, 11, 12, 13, 14, 19, 23, 24, 26, 29, 30, 31, 35, 37, 38] = [ 1,  4,  5,  6,  7,  8,  9, 15, 16, 17, 18, 25, 27, 28, 32, 33, 34, 36]
    W2: [ 0,  2,  3, 15, 16, 17, 18, 20, 21, 22, 29, 30, 31, 36, 39, 42] > [ 1,  4,  5, 13, 14, 19, 23, 24, 32, 33, 34, 37, 38, 40, 41, 43]
    W3: [ 0,  4,  5, 13, 17, 18, 20, 23, 24, 25, 34, 35, 39, 41, 43] > [ 3,  6,  7,  8, 12, 19, 22, 26, 28, 32, 33, 38, 42, 44, 45]
    W4: [ 0,  3,  5,  8, 13, 14, 16, 22, 24, 25, 26, 27, 28, 31, 32, 38, 43, 45] < [ 1,  6,  9, 11, 12, 17, 19, 20, 21, 23, 29, 34, 35, 36, 37, 39, 40, 41]
    Truth table row=[=, =, >, >, <] ix=132 result=[39+] is correct

Test 40-:
    W0: [ 0,  2,  3, 10, 11, 12, 13, 14, 19, 20, 21, 22, 25, 27, 28, 32, 33] = [ 1,  4,  5,  6,  7,  8,  9, 15, 16, 17, 18, 23, 24, 26, 29, 30, 31]
    W1: [ 0,  2,  3, 10, 11, 12, 13, 14, 19, 23, 24, 26, 29, 30, 31, 35, 37, 38] = [ 1,  4,  5,  6,  7,  8,  9, 15, 16, 17, 18, 25, 27, 28, 32, 33, 34, 36]
    W2: [ 0,  2,  3, 15, 16, 17, 18, 20, 21, 22, 29, 30, 31, 36, 39, 42] > [ 1,  4,  5, 13, 14, 19, 23, 24, 32, 33, 34, 37, 38, 40, 41, 43]
    W3: [ 0,  4,  5, 13, 17, 18, 20, 23, 24, 25, 34, 35, 39, 41, 43] = [ 3,  6,  7,  8, 12, 19, 22, 26, 28, 32, 33, 38, 42, 44, 45]
    W4: [ 0,  3,  5,  8, 13, 14, 16, 22, 24, 25, 26, 27, 28, 31, 32, 38, 43, 45] > [ 1,  6,  9, 11, 12, 17, 19, 20, 21, 23, 29, 34, 35, 36, 37, 39, 40, 41]
    Truth table row=[=, =, >, =, >] ix=131 result=[40-] is correct

Test 40+:
    W0: [ 0,  2,  3, 10, 11, 12, 13, 14, 19, 20, 21, 22, 25, 27, 28, 32, 33] = [ 1,  4,  5,  6,  7,  8,  9, 15, 16, 17, 18, 23, 24, 26, 29, 30, 31]
    W1: [ 0,  2,  3, 10, 11, 12, 13, 14, 19, 23, 24, 26, 29, 30, 31, 35, 37, 38] = [ 1,  4,  5,  6,  7,  8,  9, 15, 16, 17, 18, 25, 27, 28, 32, 33, 34, 36]
    W2: [ 0,  2,  3, 15, 16, 17, 18, 20, 21, 22, 29, 30, 31, 36, 39, 42] < [ 1,  4,  5, 13, 14, 19, 23, 24, 32, 33, 34, 37, 38, 40, 41, 43]
    W3: [ 0,  4,  5, 13, 17, 18, 20, 23, 24, 25, 34, 35, 39, 41, 43] = [ 3,  6,  7,  8, 12, 19, 22, 26, 28, 32, 33, 38, 42, 44, 45]
    W4: [ 0,  3,  5,  8, 13, 14, 16, 22, 24, 25, 26, 27, 28, 31, 32, 38, 43, 45] < [ 1,  6,  9, 11, 12, 17, 19, 20, 21, 23, 29, 34, 35, 36, 37, 39, 40, 41]
    Truth table row=[=, =, <, =, <] ix=111 result=[40+] is correct

Test 41-:
    W0: [ 0,  2,  3, 10, 11, 12, 13, 14, 19, 20, 21, 22, 25, 27, 28, 32, 33] = [ 1,  4,  5,  6,  7,  8,  9, 15, 16, 17, 18, 23, 24, 26, 29, 30, 31]
    W1: [ 0,  2,  3, 10, 11, 12, 13, 14, 19, 23, 24, 26, 29, 30, 31, 35, 37, 38] = [ 1,  4,  5,  6,  7,  8,  9, 15, 16, 17, 18, 25, 27, 28, 32, 33, 34, 36]
    W2: [ 0,  2,  3, 15, 16, 17, 18, 20, 21, 22, 29, 30, 31, 36, 39, 42] > [ 1,  4,  5, 13, 14, 19, 23, 24, 32, 33, 34, 37, 38, 40, 41, 43]
    W3: [ 0,  4,  5, 13, 17, 18, 20, 23, 24, 25, 34, 35, 39, 41, 43] < [ 3,  6,  7,  8, 12, 19, 22, 26, 28, 32, 33, 38, 42, 44, 45]
    W4: [ 0,  3,  5,  8, 13, 14, 16, 22, 24, 25, 26, 27, 28, 31, 32, 38, 43, 45] > [ 1,  6,  9, 11, 12, 17, 19, 20, 21, 23, 29, 34, 35, 36, 37, 39, 40, 41]
    Truth table row=[=, =, >, <, >] ix=128 result=[41-] is correct

Test 41+:
    W0: [ 0,  2,  3, 10, 11, 12, 13, 14, 19, 20, 21, 22, 25, 27, 28, 32, 33] = [ 1,  4,  5,  6,  7,  8,  9, 15, 16, 17, 18, 23, 24, 26, 29, 30, 31]
    W1: [ 0,  2,  3, 10, 11, 12, 13, 14, 19, 23, 24, 26, 29, 30, 31, 35, 37, 38] = [ 1,  4,  5,  6,  7,  8,  9, 15, 16, 17, 18, 25, 27, 28, 32, 33, 34, 36]
    W2: [ 0,  2,  3, 15, 16, 17, 18, 20, 21, 22, 29, 30, 31, 36, 39, 42] < [ 1,  4,  5, 13, 14, 19, 23, 24, 32, 33, 34, 37, 38, 40, 41, 43]
    W3: [ 0,  4,  5, 13, 17, 18, 20, 23, 24, 25, 34, 35, 39, 41, 43] > [ 3,  6,  7,  8, 12, 19, 22, 26, 28, 32, 33, 38, 42, 44, 45]
    W4: [ 0,  3,  5,  8, 13, 14, 16, 22, 24, 25, 26, 27, 28, 31, 32, 38, 43, 45] < [ 1,  6,  9, 11, 12, 17, 19, 20, 21, 23, 29, 34, 35, 36, 37, 39, 40, 41]
    Truth table row=[=, =, <, >, <] ix=114 result=[41+] is correct

Test 42-:
    W0: [ 0,  2,  3, 10, 11, 12, 13, 14, 19, 20, 21, 22, 25, 27, 28, 32, 33] = [ 1,  4,  5,  6,  7,  8,  9, 15, 16, 17, 18, 23, 24, 26, 29, 30, 31]
    W1: [ 0,  2,  3, 10, 11, 12, 13, 14, 19, 23, 24, 26, 29, 30, 31, 35, 37, 38] = [ 1,  4,  5,  6,  7,  8,  9, 15, 16, 17, 18, 25, 27, 28, 32, 33, 34, 36]
    W2: [ 0,  2,  3, 15, 16, 17, 18, 20, 21, 22, 29, 30, 31, 36, 39, 42] < [ 1,  4,  5, 13, 14, 19, 23, 24, 32, 33, 34, 37, 38, 40, 41, 43]
    W3: [ 0,  4,  5, 13, 17, 18, 20, 23, 24, 25, 34, 35, 39, 41, 43] > [ 3,  6,  7,  8, 12, 19, 22, 26, 28, 32, 33, 38, 42, 44, 45]
    W4: [ 0,  3,  5,  8, 13, 14, 16, 22, 24, 25, 26, 27, 28, 31, 32, 38, 43, 45] = [ 1,  6,  9, 11, 12, 17, 19, 20, 21, 23, 29, 34, 35, 36, 37, 39, 40, 41]
    Truth table row=[=, =, <, >, =] ix=115 result=[42-] is correct

Test 42+:
    W0: [ 0,  2,  3, 10, 11, 12, 13, 14, 19, 20, 21, 22, 25, 27, 28, 32, 33] = [ 1,  4,  5,  6,  7,  8,  9, 15, 16, 17, 18, 23, 24, 26, 29, 30, 31]
    W1: [ 0,  2,  3, 10, 11, 12, 13, 14, 19, 23, 24, 26, 29, 30, 31, 35, 37, 38] = [ 1,  4,  5,  6,  7,  8,  9, 15, 16, 17, 18, 25, 27, 28, 32, 33, 34, 36]
    W2: [ 0,  2,  3, 15, 16, 17, 18, 20, 21, 22, 29, 30, 31, 36, 39, 42] > [ 1,  4,  5, 13, 14, 19, 23, 24, 32, 33, 34, 37, 38, 40, 41, 43]
    W3: [ 0,  4,  5, 13, 17, 18, 20, 23, 24, 25, 34, 35, 39, 41, 43] < [ 3,  6,  7,  8, 12, 19, 22, 26, 28, 32, 33, 38, 42, 44, 45]
    W4: [ 0,  3,  5,  8, 13, 14, 16, 22, 24, 25, 26, 27, 28, 31, 32, 38, 43, 45] = [ 1,  6,  9, 11, 12, 17, 19, 20, 21, 23, 29, 34, 35, 36, 37, 39, 40, 41]
    Truth table row=[=, =, >, <, =] ix=127 result=[42+] is correct

Test 43-:
    W0: [ 0,  2,  3, 10, 11, 12, 13, 14, 19, 20, 21, 22, 25, 27, 28, 32, 33] = [ 1,  4,  5,  6,  7,  8,  9, 15, 16, 17, 18, 23, 24, 26, 29, 30, 31]
    W1: [ 0,  2,  3, 10, 11, 12, 13, 14, 19, 23, 24, 26, 29, 30, 31, 35, 37, 38] = [ 1,  4,  5,  6,  7,  8,  9, 15, 16, 17, 18, 25, 27, 28, 32, 33, 34, 36]
    W2: [ 0,  2,  3, 15, 16, 17, 18, 20, 21, 22, 29, 30, 31, 36, 39, 42] > [ 1,  4,  5, 13, 14, 19, 23, 24, 32, 33, 34, 37, 38, 40, 41, 43]
    W3: [ 0,  4,  5, 13, 17, 18, 20, 23, 24, 25, 34, 35, 39, 41, 43] < [ 3,  6,  7,  8, 12, 19, 22, 26, 28, 32, 33, 38, 42, 44, 45]
    W4: [ 0,  3,  5,  8, 13, 14, 16, 22, 24, 25, 26, 27, 28, 31, 32, 38, 43, 45] < [ 1,  6,  9, 11, 12, 17, 19, 20, 21, 23, 29, 34, 35, 36, 37, 39, 40, 41]
    Truth table row=[=, =, >, <, <] ix=126 result=[43-] is correct

Test 43+:
    W0: [ 0,  2,  3, 10, 11, 12, 13, 14, 19, 20, 21, 22, 25, 27, 28, 32, 33] = [ 1,  4,  5,  6,  7,  8,  9, 15, 16, 17, 18, 23, 24, 26, 29, 30, 31]
    W1: [ 0,  2,  3, 10, 11, 12, 13, 14, 19, 23, 24, 26, 29, 30, 31, 35, 37, 38] = [ 1,  4,  5,  6,  7,  8,  9, 15, 16, 17, 18, 25, 27, 28, 32, 33, 34, 36]
    W2: [ 0,  2,  3, 15, 16, 17, 18, 20, 21, 22, 29, 30, 31, 36, 39, 42] < [ 1,  4,  5, 13, 14, 19, 23, 24, 32, 33, 34, 37, 38, 40, 41, 43]
    W3: [ 0,  4,  5, 13, 17, 18, 20, 23, 24, 25, 34, 35, 39, 41, 43] > [ 3,  6,  7,  8, 12, 19, 22, 26, 28, 32, 33, 38, 42, 44, 45]
    W4: [ 0,  3,  5,  8, 13, 14, 16, 22, 24, 25, 26, 27, 28, 31, 32, 38, 43, 45] > [ 1,  6,  9, 11, 12, 17, 19, 20, 21, 23, 29, 34, 35, 36, 37, 39, 40, 41]
    Truth table row=[=, =, <, >, >] ix=116 result=[43+] is correct

Test 44-:
    W0: [ 0,  2,  3, 10, 11, 12, 13, 14, 19, 20, 21, 22, 25, 27, 28, 32, 33] = [ 1,  4,  5,  6,  7,  8,  9, 15, 16, 17, 18, 23, 24, 26, 29, 30, 31]
    W1: [ 0,  2,  3, 10, 11, 12, 13, 14, 19, 23, 24, 26, 29, 30, 31, 35, 37, 38] = [ 1,  4,  5,  6,  7,  8,  9, 15, 16, 17, 18, 25, 27, 28, 32, 33, 34, 36]
    W2: [ 0,  2,  3, 15, 16, 17, 18, 20, 21, 22, 29, 30, 31, 36, 39, 42] = [ 1,  4,  5, 13, 14, 19, 23, 24, 32, 33, 34, 37, 38, 40, 41, 43]
    W3: [ 0,  4,  5, 13, 17, 18, 20, 23, 24, 25, 34, 35, 39, 41, 43] > [ 3,  6,  7,  8, 12, 19, 22, 26, 28, 32, 33, 38, 42, 44, 45]
    W4: [ 0,  3,  5,  8, 13, 14, 16, 22, 24, 25, 26, 27, 28, 31, 32, 38, 43, 45] = [ 1,  6,  9, 11, 12, 17, 19, 20, 21, 23, 29, 34, 35, 36, 37, 39, 40, 41]
    Truth table row=[=, =, =, >, =] ix=124 result=[44-] is correct

Test 44+:
    W0: [ 0,  2,  3, 10, 11, 12, 13, 14, 19, 20, 21, 22, 25, 27, 28, 32, 33] = [ 1,  4,  5,  6,  7,  8,  9, 15, 16, 17, 18, 23, 24, 26, 29, 30, 31]
    W1: [ 0,  2,  3, 10, 11, 12, 13, 14, 19, 23, 24, 26, 29, 30, 31, 35, 37, 38] = [ 1,  4,  5,  6,  7,  8,  9, 15, 16, 17, 18, 25, 27, 28, 32, 33, 34, 36]
    W2: [ 0,  2,  3, 15, 16, 17, 18, 20, 21, 22, 29, 30, 31, 36, 39, 42] = [ 1,  4,  5, 13, 14, 19, 23, 24, 32, 33, 34, 37, 38, 40, 41, 43]
    W3: [ 0,  4,  5, 13, 17, 18, 20, 23, 24, 25, 34, 35, 39, 41, 43] < [ 3,  6,  7,  8, 12, 19, 22, 26, 28, 32, 33, 38, 42, 44, 45]
    W4: [ 0,  3,  5,  8, 13, 14, 16, 22, 24, 25, 26, 27, 28, 31, 32, 38, 43, 45] = [ 1,  6,  9, 11, 12, 17, 19, 20, 21, 23, 29, 34, 35, 36, 37, 39, 40, 41]
    Truth table row=[=, =, =, <, =] ix=118 result=[44+] is correct

Test 45-:
    W0: [ 0,  2,  3, 10, 11, 12, 13, 14, 19, 20, 21, 22, 25, 27, 28, 32, 33] = [ 1,  4,  5,  6,  7,  8,  9, 15, 16, 17, 18, 23, 24, 26, 29, 30, 31]
    W1: [ 0,  2,  3, 10, 11, 12, 13, 14, 19, 23, 24, 26, 29, 30, 31, 35, 37, 38] = [ 1,  4,  5,  6,  7,  8,  9, 15, 16, 17, 18, 25, 27, 28, 32, 33, 34, 36]
    W2: [ 0,  2,  3, 15, 16, 17, 18, 20, 21, 22, 29, 30, 31, 36, 39, 42] = [ 1,  4,  5, 13, 14, 19, 23, 24, 32, 33, 34, 37, 38, 40, 41, 43]
    W3: [ 0,  4,  5, 13, 17, 18, 20, 23, 24, 25, 34, 35, 39, 41, 43] > [ 3,  6,  7,  8, 12, 19, 22, 26, 28, 32, 33, 38, 42, 44, 45]
    W4: [ 0,  3,  5,  8, 13, 14, 16, 22, 24, 25, 26, 27, 28, 31, 32, 38, 43, 45] < [ 1,  6,  9, 11, 12, 17, 19, 20, 21, 23, 29, 34, 35, 36, 37, 39, 40, 41]
    Truth table row=[=, =, =, >, <] ix=123 result=[45-] is correct

Test 45+:
    W0: [ 0,  2,  3, 10, 11, 12, 13, 14, 19, 20, 21, 22, 25, 27, 28, 32, 33] = [ 1,  4,  5,  6,  7,  8,  9, 15, 16, 17, 18, 23, 24, 26, 29, 30, 31]
    W1: [ 0,  2,  3, 10, 11, 12, 13, 14, 19, 23, 24, 26, 29, 30, 31, 35, 37, 38] = [ 1,  4,  5,  6,  7,  8,  9, 15, 16, 17, 18, 25, 27, 28, 32, 33, 34, 36]
    W2: [ 0,  2,  3, 15, 16, 17, 18, 20, 21, 22, 29, 30, 31, 36, 39, 42] = [ 1,  4,  5, 13, 14, 19, 23, 24, 32, 33, 34, 37, 38, 40, 41, 43]
    W3: [ 0,  4,  5, 13, 17, 18, 20, 23, 24, 25, 34, 35, 39, 41, 43] < [ 3,  6,  7,  8, 12, 19, 22, 26, 28, 32, 33, 38, 42, 44, 45]
    W4: [ 0,  3,  5,  8, 13, 14, 16, 22, 24, 25, 26, 27, 28, 31, 32, 38, 43, 45] > [ 1,  6,  9, 11, 12, 17, 19, 20, 21, 23, 29, 34, 35, 36, 37, 39, 40, 41]
    Truth table row=[=, =, =, <, >] ix=119 result=[45+] is correct

Total correct results: 92
Total incorrect results: 0
