Solving for 37 balls and 5 weighings.
Using symmetry breaking strategy TruthTableAscending.

Solution:
W0: [ 0,  1,  4,  6,  8, 10] <=> [ 2,  3,  5,  7,  9, 11]
W1: [ 0,  1,  4,  7,  9, 11, 14, 15, 17, 19, 21] <=> [ 2,  3,  8, 10, 12, 13, 16, 18, 20, 22, 23]
W2: [ 0,  1,  5,  8, 11, 18, 20, 22, 23, 24, 26, 29, 30, 32] <=> [ 2,  3,  4,  6,  7, 12, 13, 17, 19, 21, 25, 27, 28, 31]
W3: [ 0,  2,  3, 11, 14, 16, 17, 19, 22, 23, 24, 26, 31, 35] <=> [ 4,  6,  7,  8,  9, 12, 13, 18, 21, 25, 30, 32, 33, 34]
W4: [ 4,  6,  7,  9, 11, 13, 16, 17, 20, 21, 23, 24, 30] <=> [ 1,  2,  8, 10, 14, 19, 26, 27, 29, 32, 33, 35, 36]

Truth Table:
ix  W0  W1  W2  W3  W4   Result
 0   <   <   <   <   <
 1   <   <   <   <   =   0-
 2   <   <   <   <   >
 3   <   <   <   =   <
 4   <   <   <   =   =
 5   <   <   <   =   >   1-
 6   <   <   <   >   <   2+
 7   <   <   <   >   =   3+
 8   <   <   <   >   >
 9   <   <   =   <   <
10   <   <   =   <   =
11   <   <   =   <   >
12   <   <   =   =   <
13   <   <   =   =   =
14   <   <   =   =   >
15   <   <   =   >   <
16   <   <   =   >   =
17   <   <   =   >   >
18   <   <   >   <   <
19   <   <   >   <   =
20   <   <   >   <   >
21   <   <   >   =   <
22   <   <   >   =   =
23   <   <   >   =   >
24   <   <   >   >   <   4-
25   <   <   >   >   =
26   <   <   >   >   >
27   <   =   <   <   <
28   <   =   <   <   =
29   <   =   <   <   >
30   <   =   <   =   <
31   <   =   <   =   =
32   <   =   <   =   >
33   <   =   <   >   <
34   <   =   <   >   =
35   <   =   <   >   >
36   <   =   =   <   <
37   <   =   =   <   =
38   <   =   =   <   >
39   <   =   =   =   <
40   <   =   =   =   =
41   <   =   =   =   >
42   <   =   =   >   <
43   <   =   =   >   =
44   <   =   =   >   >
45   <   =   >   <   <
46   <   =   >   <   =
47   <   =   >   <   >
48   <   =   >   =   <
49   <   =   >   =   =   5+
50   <   =   >   =   >
51   <   =   >   >   <   6-
52   <   =   >   >   =
53   <   =   >   >   >
54   <   >   <   <   <
55   <   >   <   <   =
56   <   >   <   <   >   7+
57   <   >   <   =   <
58   <   >   <   =   =
59   <   >   <   =   >
60   <   >   <   >   <
61   <   >   <   >   =
62   <   >   <   >   >   8-
63   <   >   =   <   <
64   <   >   =   <   =
65   <   >   =   <   >   9+
66   <   >   =   =   <
67   <   >   =   =   =
68   <   >   =   =   >   10-
69   <   >   =   >   <
70   <   >   =   >   =
71   <   >   =   >   >
72   <   >   >   <   <
73   <   >   >   <   =
74   <   >   >   <   >
75   <   >   >   =   <
76   <   >   >   =   =
77   <   >   >   =   >
78   <   >   >   >   <
79   <   >   >   >   =
80   <   >   >   >   >   11+
81   =   <   <   <   <
82   =   <   <   <   =   12+
83   =   <   <   <   >   13+
84   =   <   <   =   <
85   =   <   <   =   =
86   =   <   <   =   >
87   =   <   <   >   <
88   =   <   <   >   =
89   =   <   <   >   >
90   =   <   =   <   <
91   =   <   =   <   =
92   =   <   =   <   >   14-
93   =   <   =   =   <
94   =   <   =   =   =   15-
95   =   <   =   =   >
96   =   <   =   >   <
97   =   <   =   >   =
98   =   <   =   >   >   16+
99   =   <   >   <   <   17-
100   =   <   >   <   =   18+
101   =   <   >   <   >   19-
102   =   <   >   =   <
103   =   <   >   =   =
104   =   <   >   =   >   20+
105   =   <   >   >   <   21-
106   =   <   >   >   =   22+
107   =   <   >   >   >   23+
108   =   =   <   <   <   24-
109   =   =   <   <   =   25+
110   =   =   <   <   >   26-
111   =   =   <   =   <   27+
112   =   =   <   =   =   28+
113   =   =   <   =   >   29-
114   =   =   <   >   <   30-
115   =   =   <   >   =   31+
116   =   =   <   >   >   32-
117   =   =   =   <   <   33+
118   =   =   =   <   =   34+
119   =   =   =   <   >   35-
120   =   =   =   =   <   36+
121   =   =   =   =   =
122   =   =   =   =   >   36-
123   =   =   =   >   <   35+
124   =   =   =   >   =   34-
125   =   =   =   >   >   33-
126   =   =   >   <   <   32+
127   =   =   >   <   =   31-
128   =   =   >   <   >   30+
129   =   =   >   =   <   29+
130   =   =   >   =   =   28-
131   =   =   >   =   >   27-
132   =   =   >   >   <   26+
133   =   =   >   >   =   25-
134   =   =   >   >   >   24+
135   =   >   <   <   <   23-
136   =   >   <   <   =   22-
137   =   >   <   <   >   21+
138   =   >   <   =   <   20-
139   =   >   <   =   =
140   =   >   <   =   >
141   =   >   <   >   <   19+
142   =   >   <   >   =   18-
143   =   >   <   >   >   17+
144   =   >   =   <   <   16-
145   =   >   =   <   =
146   =   >   =   <   >
147   =   >   =   =   <
148   =   >   =   =   =   15+
149   =   >   =   =   >
150   =   >   =   >   <   14+
151   =   >   =   >   =
152   =   >   =   >   >
153   =   >   >   <   <
154   =   >   >   <   =
155   =   >   >   <   >
156   =   >   >   =   <
157   =   >   >   =   =
158   =   >   >   =   >
159   =   >   >   >   <   13-
160   =   >   >   >   =   12-
161   =   >   >   >   >
162   >   <   <   <   <   11-
163   >   <   <   <   =
164   >   <   <   <   >
165   >   <   <   =   <
166   >   <   <   =   =
167   >   <   <   =   >
168   >   <   <   >   <
169   >   <   <   >   =
170   >   <   <   >   >
171   >   <   =   <   <
172   >   <   =   <   =
173   >   <   =   <   >
174   >   <   =   =   <   10+
175   >   <   =   =   =
176   >   <   =   =   >
177   >   <   =   >   <   9-
178   >   <   =   >   =
179   >   <   =   >   >
180   >   <   >   <   <   8+
181   >   <   >   <   =
182   >   <   >   <   >
183   >   <   >   =   <
184   >   <   >   =   =
185   >   <   >   =   >
186   >   <   >   >   <   7-
187   >   <   >   >   =
188   >   <   >   >   >
189   >   =   <   <   <
190   >   =   <   <   =
191   >   =   <   <   >   6+
192   >   =   <   =   <
193   >   =   <   =   =   5-
194   >   =   <   =   >
195   >   =   <   >   <
196   >   =   <   >   =
197   >   =   <   >   >
198   >   =   =   <   <
199   >   =   =   <   =
200   >   =   =   <   >
201   >   =   =   =   <
202   >   =   =   =   =
203   >   =   =   =   >
204   >   =   =   >   <
205   >   =   =   >   =
206   >   =   =   >   >
207   >   =   >   <   <
208   >   =   >   <   =
209   >   =   >   <   >
210   >   =   >   =   <
211   >   =   >   =   =
212   >   =   >   =   >
213   >   =   >   >   <
214   >   =   >   >   =
215   >   =   >   >   >
216   >   >   <   <   <
217   >   >   <   <   =
218   >   >   <   <   >   4+
219   >   >   <   =   <
220   >   >   <   =   =
221   >   >   <   =   >
222   >   >   <   >   <
223   >   >   <   >   =
224   >   >   <   >   >
225   >   >   =   <   <
226   >   >   =   <   =
227   >   >   =   <   >
228   >   >   =   =   <
229   >   >   =   =   =
230   >   >   =   =   >
231   >   >   =   >   <
232   >   >   =   >   =
233   >   >   =   >   >
234   >   >   >   <   <
235   >   >   >   <   =   3-
236   >   >   >   <   >   2-
237   >   >   >   =   <   1+
238   >   >   >   =   =
239   >   >   >   =   >
240   >   >   >   >   <
241   >   >   >   >   =   0+
242   >   >   >   >   >

Test 0-:
    W0: [ 0,  1,  4,  6,  8, 10] < [ 2,  3,  5,  7,  9, 11]
    W1: [ 0,  1,  4,  7,  9, 11, 14, 15, 17, 19, 21] < [ 2,  3,  8, 10, 12, 13, 16, 18, 20, 22, 23]
    W2: [ 0,  1,  5,  8, 11, 18, 20, 22, 23, 24, 26, 29, 30, 32] < [ 2,  3,  4,  6,  7, 12, 13, 17, 19, 21, 25, 27, 28, 31]
    W3: [ 0,  2,  3, 11, 14, 16, 17, 19, 22, 23, 24, 26, 31, 35] < [ 4,  6,  7,  8,  9, 12, 13, 18, 21, 25, 30, 32, 33, 34]
    W4: [ 4,  6,  7,  9, 11, 13, 16, 17, 20, 21, 23, 24, 30] = [ 1,  2,  8, 10, 14, 19, 26, 27, 29, 32, 33, 35, 36]
    Truth table row=[<, <, <, <, =] ix=1 result=[0-] is correct

Test 0+:
    W0: [ 0,  1,  4,  6,  8, 10] > [ 2,  3,  5,  7,  9, 11]
    W1: [ 0,  1,  4,  7,  9, 11, 14, 15, 17, 19, 21] > [ 2,  3,  8, 10, 12, 13, 16, 18, 20, 22, 23]
    W2: [ 0,  1,  5,  8, 11, 18, 20, 22, 23, 24, 26, 29, 30, 32] > [ 2,  3,  4,  6,  7, 12, 13, 17, 19, 21, 25, 27, 28, 31]
    W3: [ 0,  2,  3, 11, 14, 16, 17, 19, 22, 23, 24, 26, 31, 35] > [ 4,  6,  7,  8,  9, 12, 13, 18, 21, 25, 30, 32, 33, 34]
    W4: [ 4,  6,  7,  9, 11, 13, 16, 17, 20, 21, 23, 24, 30] = [ 1,  2,  8, 10, 14, 19, 26, 27, 29, 32, 33, 35, 36]
    Truth table row=[>, >, >, >, =] ix=241 result=[0+] is correct

Test 1-:
    W0: [ 0,  1,  4,  6,  8, 10] < [ 2,  3,  5,  7,  9, 11]
    W1: [ 0,  1,  4,  7,  9, 11, 14, 15, 17, 19, 21] < [ 2,  3,  8, 10, 12, 13, 16, 18, 20, 22, 23]
    W2: [ 0,  1,  5,  8, 11, 18, 20, 22, 23, 24, 26, 29, 30, 32] < [ 2,  3,  4,  6,  7, 12, 13, 17, 19, 21, 25, 27, 28, 31]
    W3: [ 0,  2,  3, 11, 14, 16, 17, 19, 22, 23, 24, 26, 31, 35] = [ 4,  6,  7,  8,  9, 12, 13, 18, 21, 25, 30, 32, 33, 34]
    W4: [ 4,  6,  7,  9, 11, 13, 16, 17, 20, 21, 23, 24, 30] > [ 1,  2,  8, 10, 14, 19, 26, 27, 29, 32, 33, 35, 36]
    Truth table row=[<, <, <, =, >] ix=5 result=[1-] is correct

Test 1+:
    W0: [ 0,  1,  4,  6,  8, 10] > [ 2,  3,  5,  7,  9, 11]
    W1: [ 0,  1,  4,  7,  9, 11, 14, 15, 17, 19, 21] > [ 2,  3,  8, 10, 12, 13, 16, 18, 20, 22, 23]
    W2: [ 0,  1,  5,  8, 11, 18, 20, 22, 23, 24, 26, 29, 30, 32] > [ 2,  3,  4,  6,  7, 12, 13, 17, 19, 21, 25, 27, 28, 31]
    W3: [ 0,  2,  3, 11, 14, 16, 17, 19, 22, 23, 24, 26, 31, 35] = [ 4,  6,  7,  8,  9, 12, 13, 18, 21, 25, 30, 32, 33, 34]
    W4: [ 4,  6,  7,  9, 11, 13, 16, 17, 20, 21, 23, 24, 30] < [ 1,  2,  8, 10, 14, 19, 26, 27, 29, 32, 33, 35, 36]
    Truth table row=[>, >, >, =, <] ix=237 result=[1+] is correct

Test 2-:
    W0: [ 0,  1,  4,  6,  8, 10] > [ 2,  3,  5,  7,  9, 11]
    W1: [ 0,  1,  4,  7,  9, 11, 14, 15, 17, 19, 21] > [ 2,  3,  8, 10, 12, 13, 16, 18, 20, 22, 23]
    W2: [ 0,  1,  5,  8, 11, 18, 20, 22, 23, 24, 26, 29, 30, 32] > [ 2,  3,  4,  6,  7, 12, 13, 17, 19, 21, 25, 27, 28, 31]
    W3: [ 0,  2,  3, 11, 14, 16, 17, 19, 22, 23, 24, 26, 31, 35] < [ 4,  6,  7,  8,  9, 12, 13, 18, 21, 25, 30, 32, 33, 34]
    W4: [ 4,  6,  7,  9, 11, 13, 16, 17, 20, 21, 23, 24, 30] > [ 1,  2,  8, 10, 14, 19, 26, 27, 29, 32, 33, 35, 36]
    Truth table row=[>, >, >, <, >] ix=236 result=[2-] is correct

Test 2+:
    W0: [ 0,  1,  4,  6,  8, 10] < [ 2,  3,  5,  7,  9, 11]
    W1: [ 0,  1,  4,  7,  9, 11, 14, 15, 17, 19, 21] < [ 2,  3,  8, 10, 12, 13, 16, 18, 20, 22, 23]
    W2: [ 0,  1,  5,  8, 11, 18, 20, 22, 23, 24, 26, 29, 30, 32] < [ 2,  3,  4,  6,  7, 12, 13, 17, 19, 21, 25, 27, 28, 31]
    W3: [ 0,  2,  3, 11, 14, 16, 17, 19, 22, 23, 24, 26, 31, 35] > [ 4,  6,  7,  8,  9, 12, 13, 18, 21, 25, 30, 32, 33, 34]
    W4: [ 4,  6,  7,  9, 11, 13, 16, 17, 20, 21, 23, 24, 30] < [ 1,  2,  8, 10, 14, 19, 26, 27, 29, 32, 33, 35, 36]
    Truth table row=[<, <, <, >, <] ix=6 result=[2+] is correct

Test 3-:
    W0: [ 0,  1,  4,  6,  8, 10] > [ 2,  3,  5,  7,  9, 11]
    W1: [ 0,  1,  4,  7,  9, 11, 14, 15, 17, 19, 21] > [ 2,  3,  8, 10, 12, 13, 16, 18, 20, 22, 23]
    W2: [ 0,  1,  5,  8, 11, 18, 20, 22, 23, 24, 26, 29, 30, 32] > [ 2,  3,  4,  6,  7, 12, 13, 17, 19, 21, 25, 27, 28, 31]
    W3: [ 0,  2,  3, 11, 14, 16, 17, 19, 22, 23, 24, 26, 31, 35] < [ 4,  6,  7,  8,  9, 12, 13, 18, 21, 25, 30, 32, 33, 34]
    W4: [ 4,  6,  7,  9, 11, 13, 16, 17, 20, 21, 23, 24, 30] = [ 1,  2,  8, 10, 14, 19, 26, 27, 29, 32, 33, 35, 36]
    Truth table row=[>, >, >, <, =] ix=235 result=[3-] is correct

Test 3+:
    W0: [ 0,  1,  4,  6,  8, 10] < [ 2,  3,  5,  7,  9, 11]
    W1: [ 0,  1,  4,  7,  9, 11, 14, 15, 17, 19, 21] < [ 2,  3,  8, 10, 12, 13, 16, 18, 20, 22, 23]
    W2: [ 0,  1,  5,  8, 11, 18, 20, 22, 23, 24, 26, 29, 30, 32] < [ 2,  3,  4,  6,  7, 12, 13, 17, 19, 21, 25, 27, 28, 31]
    W3: [ 0,  2,  3, 11, 14, 16, 17, 19, 22, 23, 24, 26, 31, 35] > [ 4,  6,  7,  8,  9, 12, 13, 18, 21, 25, 30, 32, 33, 34]
    W4: [ 4,  6,  7,  9, 11, 13, 16, 17, 20, 21, 23, 24, 30] = [ 1,  2,  8, 10, 14, 19, 26, 27, 29, 32, 33, 35, 36]
    Truth table row=[<, <, <, >, =] ix=7 result=[3+] is correct

Test 4-:
    W0: [ 0,  1,  4,  6,  8, 10] < [ 2,  3,  5,  7,  9, 11]
    W1: [ 0,  1,  4,  7,  9, 11, 14, 15, 17, 19, 21] < [ 2,  3,  8, 10, 12, 13, 16, 18, 20, 22, 23]
    W2: [ 0,  1,  5,  8, 11, 18, 20, 22, 23, 24, 26, 29, 30, 32] > [ 2,  3,  4,  6,  7, 12, 13, 17, 19, 21, 25, 27, 28, 31]
    W3: [ 0,  2,  3, 11, 14, 16, 17, 19, 22, 23, 24, 26, 31, 35] > [ 4,  6,  7,  8,  9, 12, 13, 18, 21, 25, 30, 32, 33, 34]
    W4: [ 4,  6,  7,  9, 11, 13, 16, 17, 20, 21, 23, 24, 30] < [ 1,  2,  8, 10, 14, 19, 26, 27, 29, 32, 33, 35, 36]
    Truth table row=[<, <, >, >, <] ix=24 result=[4-] is correct

Test 4+:
    W0: [ 0,  1,  4,  6,  8, 10] > [ 2,  3,  5,  7,  9, 11]
    W1: [ 0,  1,  4,  7,  9, 11, 14, 15, 17, 19, 21] > [ 2,  3,  8, 10, 12, 13, 16, 18, 20, 22, 23]
    W2: [ 0,  1,  5,  8, 11, 18, 20, 22, 23, 24, 26, 29, 30, 32] < [ 2,  3,  4,  6,  7, 12, 13, 17, 19, 21, 25, 27, 28, 31]
    W3: [ 0,  2,  3, 11, 14, 16, 17, 19, 22, 23, 24, 26, 31, 35] < [ 4,  6,  7,  8,  9, 12, 13, 18, 21, 25, 30, 32, 33, 34]
    W4: [ 4,  6,  7,  9, 11, 13, 16, 17, 20, 21, 23, 24, 30] > [ 1,  2,  8, 10, 14, 19, 26, 27, 29, 32, 33, 35, 36]
    Truth table row=[>, >, <, <, >] ix=218 result=[4+] is correct

Test 5-:
    W0: [ 0,  1,  4,  6,  8, 10] > [ 2,  3,  5,  7,  9, 11]
    W1: [ 0,  1,  4,  7,  9, 11, 14, 15, 17, 19, 21] = [ 2,  3,  8, 10, 12, 13, 16, 18, 20, 22, 23]
    W2: [ 0,  1,  5,  8, 11, 18, 20, 22, 23, 24, 26, 29, 30, 32] < [ 2,  3,  4,  6,  7, 12, 13, 17, 19, 21, 25, 27, 28, 31]
    W3: [ 0,  2,  3, 11, 14, 16, 17, 19, 22, 23, 24, 26, 31, 35] = [ 4,  6,  7,  8,  9, 12, 13, 18, 21, 25, 30, 32, 33, 34]
    W4: [ 4,  6,  7,  9, 11, 13, 16, 17, 20, 21, 23, 24, 30] = [ 1,  2,  8, 10, 14, 19, 26, 27, 29, 32, 33, 35, 36]
    Truth table row=[>, =, <, =, =] ix=193 result=[5-] is correct

Test 5+:
    W0: [ 0,  1,  4,  6,  8, 10] < [ 2,  3,  5,  7,  9, 11]
    W1: [ 0,  1,  4,  7,  9, 11, 14, 15, 17, 19, 21] = [ 2,  3,  8, 10, 12, 13, 16, 18, 20, 22, 23]
    W2: [ 0,  1,  5,  8, 11, 18, 20, 22, 23, 24, 26, 29, 30, 32] > [ 2,  3,  4,  6,  7, 12, 13, 17, 19, 21, 25, 27, 28, 31]
    W3: [ 0,  2,  3, 11, 14, 16, 17, 19, 22, 23, 24, 26, 31, 35] = [ 4,  6,  7,  8,  9, 12, 13, 18, 21, 25, 30, 32, 33, 34]
    W4: [ 4,  6,  7,  9, 11, 13, 16, 17, 20, 21, 23, 24, 30] = [ 1,  2,  8, 10, 14, 19, 26, 27, 29, 32, 33, 35, 36]
    Truth table row=[<, =, >, =, =] ix=49 result=[5+] is correct

Test 6-:
    W0: [ 0,  1,  4,  6,  8, 10] < [ 2,  3,  5,  7,  9, 11]
    W1: [ 0,  1,  4,  7,  9, 11, 14, 15, 17, 19, 21] = [ 2,  3,  8, 10, 12, 13, 16, 18, 20, 22, 23]
    W2: [ 0,  1,  5,  8, 11, 18, 20, 22, 23, 24, 26, 29, 30, 32] > [ 2,  3,  4,  6,  7, 12, 13, 17, 19, 21, 25, 27, 28, 31]
    W3: [ 0,  2,  3, 11, 14, 16, 17, 19, 22, 23, 24, 26, 31, 35] > [ 4,  6,  7,  8,  9, 12, 13, 18, 21, 25, 30, 32, 33, 34]
    W4: [ 4,  6,  7,  9, 11, 13, 16, 17, 20, 21, 23, 24, 30] < [ 1,  2,  8, 10, 14, 19, 26, 27, 29, 32, 33, 35, 36]
    Truth table row=[<, =, >, >, <] ix=51 result=[6-] is correct

Test 6+:
    W0: [ 0,  1,  4,  6,  8, 10] > [ 2,  3,  5,  7,  9, 11]
    W1: [ 0,  1,  4,  7,  9, 11, 14, 15, 17, 19, 21] = [ 2,  3,  8, 10, 12, 13, 16, 18, 20, 22, 23]
    W2: [ 0,  1,  5,  8, 11, 18, 20, 22, 23, 24, 26, 29, 30, 32] < [ 2,  3,  4,  6,  7, 12, 13, 17, 19, 21, 25, 27, 28, 31]
    W3: [ 0,  2,  3, 11, 14, 16, 17, 19, 22, 23, 24, 26, 31, 35] < [ 4,  6,  7,  8,  9, 12, 13, 18, 21, 25, 30, 32, 33, 34]
    W4: [ 4,  6,  7,  9, 11, 13, 16, 17, 20, 21, 23, 24, 30] > [ 1,  2,  8, 10, 14, 19, 26, 27, 29, 32, 33, 35, 36]
    Truth table row=[>, =, <, <, >] ix=191 result=[6+] is correct

Test 7-:
    W0: [ 0,  1,  4,  6,  8, 10] > [ 2,  3,  5,  7,  9, 11]
    W1: [ 0,  1,  4,  7,  9, 11, 14, 15, 17, 19, 21] < [ 2,  3,  8, 10, 12, 13, 16, 18, 20, 22, 23]
    W2: [ 0,  1,  5,  8, 11, 18, 20, 22, 23, 24, 26, 29, 30, 32] > [ 2,  3,  4,  6,  7, 12, 13, 17, 19, 21, 25, 27, 28, 31]
    W3: [ 0,  2,  3, 11, 14, 16, 17, 19, 22, 23, 24, 26, 31, 35] > [ 4,  6,  7,  8,  9, 12, 13, 18, 21, 25, 30, 32, 33, 34]
    W4: [ 4,  6,  7,  9, 11, 13, 16, 17, 20, 21, 23, 24, 30] < [ 1,  2,  8, 10, 14, 19, 26, 27, 29, 32, 33, 35, 36]
    Truth table row=[>, <, >, >, <] ix=186 result=[7-] is correct

Test 7+:
    W0: [ 0,  1,  4,  6,  8, 10] < [ 2,  3,  5,  7,  9, 11]
    W1: [ 0,  1,  4,  7,  9, 11, 14, 15, 17, 19, 21] > [ 2,  3,  8, 10, 12, 13, 16, 18, 20, 22, 23]
    W2: [ 0,  1,  5,  8, 11, 18, 20, 22, 23, 24, 26, 29, 30, 32] < [ 2,  3,  4,  6,  7, 12, 13, 17, 19, 21, 25, 27, 28, 31]
    W3: [ 0,  2,  3, 11, 14, 16, 17, 19, 22, 23, 24, 26, 31, 35] < [ 4,  6,  7,  8,  9, 12, 13, 18, 21, 25, 30, 32, 33, 34]
    W4: [ 4,  6,  7,  9, 11, 13, 16, 17, 20, 21, 23, 24, 30] > [ 1,  2,  8, 10, 14, 19, 26, 27, 29, 32, 33, 35, 36]
    Truth table row=[<, >, <, <, >] ix=56 result=[7+] is correct

Test 8-:
    W0: [ 0,  1,  4,  6,  8, 10] < [ 2,  3,  5,  7,  9, 11]
    W1: [ 0,  1,  4,  7,  9, 11, 14, 15, 17, 19, 21] > [ 2,  3,  8, 10, 12, 13, 16, 18, 20, 22, 23]
    W2: [ 0,  1,  5,  8, 11, 18, 20, 22, 23, 24, 26, 29, 30, 32] < [ 2,  3,  4,  6,  7, 12, 13, 17, 19, 21, 25, 27, 28, 31]
    W3: [ 0,  2,  3, 11, 14, 16, 17, 19, 22, 23, 24, 26, 31, 35] > [ 4,  6,  7,  8,  9, 12, 13, 18, 21, 25, 30, 32, 33, 34]
    W4: [ 4,  6,  7,  9, 11, 13, 16, 17, 20, 21, 23, 24, 30] > [ 1,  2,  8, 10, 14, 19, 26, 27, 29, 32, 33, 35, 36]
    Truth table row=[<, >, <, >, >] ix=62 result=[8-] is correct

Test 8+:
    W0: [ 0,  1,  4,  6,  8, 10] > [ 2,  3,  5,  7,  9, 11]
    W1: [ 0,  1,  4,  7,  9, 11, 14, 15, 17, 19, 21] < [ 2,  3,  8, 10, 12, 13, 16, 18, 20, 22, 23]
    W2: [ 0,  1,  5,  8, 11, 18, 20, 22, 23, 24, 26, 29, 30, 32] > [ 2,  3,  4,  6,  7, 12, 13, 17, 19, 21, 25, 27, 28, 31]
    W3: [ 0,  2,  3, 11, 14, 16, 17, 19, 22, 23, 24, 26, 31, 35] < [ 4,  6,  7,  8,  9, 12, 13, 18, 21, 25, 30, 32, 33, 34]
    W4: [ 4,  6,  7,  9, 11, 13, 16, 17, 20, 21, 23, 24, 30] < [ 1,  2,  8, 10, 14, 19, 26, 27, 29, 32, 33, 35, 36]
    Truth table row=[>, <, >, <, <] ix=180 result=[8+] is correct

Test 9-:
    W0: [ 0,  1,  4,  6,  8, 10] > [ 2,  3,  5,  7,  9, 11]
    W1: [ 0,  1,  4,  7,  9, 11, 14, 15, 17, 19, 21] < [ 2,  3,  8, 10, 12, 13, 16, 18, 20, 22, 23]
    W2: [ 0,  1,  5,  8, 11, 18, 20, 22, 23, 24, 26, 29, 30, 32] = [ 2,  3,  4,  6,  7, 12, 13, 17, 19, 21, 25, 27, 28, 31]
    W3: [ 0,  2,  3, 11, 14, 16, 17, 19, 22, 23, 24, 26, 31, 35] > [ 4,  6,  7,  8,  9, 12, 13, 18, 21, 25, 30, 32, 33, 34]
    W4: [ 4,  6,  7,  9, 11, 13, 16, 17, 20, 21, 23, 24, 30] < [ 1,  2,  8, 10, 14, 19, 26, 27, 29, 32, 33, 35, 36]
    Truth table row=[>, <, =, >, <] ix=177 result=[9-] is correct

Test 9+:
    W0: [ 0,  1,  4,  6,  8, 10] < [ 2,  3,  5,  7,  9, 11]
    W1: [ 0,  1,  4,  7,  9, 11, 14, 15, 17, 19, 21] > [ 2,  3,  8, 10, 12, 13, 16, 18, 20, 22, 23]
    W2: [ 0,  1,  5,  8, 11, 18, 20, 22, 23, 24, 26, 29, 30, 32] = [ 2,  3,  4,  6,  7, 12, 13, 17, 19, 21, 25, 27, 28, 31]
    W3: [ 0,  2,  3, 11, 14, 16, 17, 19, 22, 23, 24, 26, 31, 35] < [ 4,  6,  7,  8,  9, 12, 13, 18, 21, 25, 30, 32, 33, 34]
    W4: [ 4,  6,  7,  9, 11, 13, 16, 17, 20, 21, 23, 24, 30] > [ 1,  2,  8, 10, 14, 19, 26, 27, 29, 32, 33, 35, 36]
    Truth table row=[<, >, =, <, >] ix=65 result=[9+] is correct

Test 10-:
    W0: [ 0,  1,  4,  6,  8, 10] < [ 2,  3,  5,  7,  9, 11]
    W1: [ 0,  1,  4,  7,  9, 11, 14, 15, 17, 19, 21] > [ 2,  3,  8, 10, 12, 13, 16, 18, 20, 22, 23]
    W2: [ 0,  1,  5,  8, 11, 18, 20, 22, 23, 24, 26, 29, 30, 32] = [ 2,  3,  4,  6,  7, 12, 13, 17, 19, 21, 25, 27, 28, 31]
    W3: [ 0,  2,  3, 11, 14, 16, 17, 19, 22, 23, 24, 26, 31, 35] = [ 4,  6,  7,  8,  9, 12, 13, 18, 21, 25, 30, 32, 33, 34]
    W4: [ 4,  6,  7,  9, 11, 13, 16, 17, 20, 21, 23, 24, 30] > [ 1,  2,  8, 10, 14, 19, 26, 27, 29, 32, 33, 35, 36]
    Truth table row=[<, >, =, =, >] ix=68 result=[10-] is correct

Test 10+:
    W0: [ 0,  1,  4,  6,  8, 10] > [ 2,  3,  5,  7,  9, 11]
    W1: [ 0,  1,  4,  7,  9, 11, 14, 15, 17, 19, 21] < [ 2,  3,  8, 10, 12, 13, 16, 18, 20, 22, 23]
    W2: [ 0,  1,  5,  8, 11, 18, 20, 22, 23, 24, 26, 29, 30, 32] = [ 2,  3,  4,  6,  7, 12, 13, 17, 19, 21, 25, 27, 28, 31]
    W3: [ 0,  2,  3, 11, 14, 16, 17, 19, 22, 23, 24, 26, 31, 35] = [ 4,  6,  7,  8,  9, 12, 13, 18, 21, 25, 30, 32, 33, 34]
    W4: [ 4,  6,  7,  9, 11, 13, 16, 17, 20, 21, 23, 24, 30] < [ 1,  2,  8, 10, 14, 19, 26, 27, 29, 32, 33, 35, 36]
    Truth table row=[>, <, =, =, <] ix=174 result=[10+] is correct

Test 11-:
    W0: [ 0,  1,  4,  6,  8, 10] > [ 2,  3,  5,  7,  9, 11]
    W1: [ 0,  1,  4,  7,  9, 11, 14, 15, 17, 19, 21] < [ 2,  3,  8, 10, 12, 13, 16, 18, 20, 22, 23]
    W2: [ 0,  1,  5,  8, 11, 18, 20, 22, 23, 24, 26, 29, 30, 32] < [ 2,  3,  4,  6,  7, 12, 13, 17, 19, 21, 25, 27, 28, 31]
    W3: [ 0,  2,  3, 11, 14, 16, 17, 19, 22, 23, 24, 26, 31, 35] < [ 4,  6,  7,  8,  9, 12, 13, 18, 21, 25, 30, 32, 33, 34]
    W4: [ 4,  6,  7,  9, 11, 13, 16, 17, 20, 21, 23, 24, 30] < [ 1,  2,  8, 10, 14, 19, 26, 27, 29, 32, 33, 35, 36]
    Truth table row=[>, <, <, <, <] ix=162 result=[11-] is correct

Test 11+:
    W0: [ 0,  1,  4,  6,  8, 10] < [ 2,  3,  5,  7,  9, 11]
    W1: [ 0,  1,  4,  7,  9, 11, 14, 15, 17, 19, 21] > [ 2,  3,  8, 10, 12, 13, 16, 18, 20, 22, 23]
    W2: [ 0,  1,  5,  8, 11, 18, 20, 22, 23, 24, 26, 29, 30, 32] > [ 2,  3,  4,  6,  7, 12, 13, 17, 19, 21, 25, 27, 28, 31]
    W3: [ 0,  2,  3, 11, 14, 16, 17, 19, 22, 23, 24, 26, 31, 35] > [ 4,  6,  7,  8,  9, 12, 13, 18, 21, 25, 30, 32, 33, 34]
    W4: [ 4,  6,  7,  9, 11, 13, 16, 17, 20, 21, 23, 24, 30] > [ 1,  2,  8, 10, 14, 19, 26, 27, 29, 32, 33, 35, 36]
    Truth table row=[<, >, >, >, >] ix=80 result=[11+] is correct

Test 12-:
    W0: [ 0,  1,  4,  6,  8, 10] = [ 2,  3,  5,  7,  9, 11]
    W1: [ 0,  1,  4,  7,  9, 11, 14, 15, 17, 19, 21] > [ 2,  3,  8, 10, 12, 13, 16, 18, 20, 22, 23]
    W2: [ 0,  1,  5,  8, 11, 18, 20, 22, 23, 24, 26, 29, 30, 32] > [ 2,  3,  4,  6,  7, 12, 13, 17, 19, 21, 25, 27, 28, 31]
    W3: [ 0,  2,  3, 11, 14, 16, 17, 19, 22, 23, 24, 26, 31, 35] > [ 4,  6,  7,  8,  9, 12, 13, 18, 21, 25, 30, 32, 33, 34]
    W4: [ 4,  6,  7,  9, 11, 13, 16, 17, 20, 21, 23, 24, 30] = [ 1,  2,  8, 10, 14, 19, 26, 27, 29, 32, 33, 35, 36]
    Truth table row=[=, >, >, >, =] ix=160 result=[12-] is correct

Test 12+:
    W0: [ 0,  1,  4,  6,  8, 10] = [ 2,  3,  5,  7,  9, 11]
    W1: [ 0,  1,  4,  7,  9, 11, 14, 15, 17, 19, 21] < [ 2,  3,  8, 10, 12, 13, 16, 18, 20, 22, 23]
    W2: [ 0,  1,  5,  8, 11, 18, 20, 22, 23, 24, 26, 29, 30, 32] < [ 2,  3,  4,  6,  7, 12, 13, 17, 19, 21, 25, 27, 28, 31]
    W3: [ 0,  2,  3, 11, 14, 16, 17, 19, 22, 23, 24, 26, 31, 35] < [ 4,  6,  7,  8,  9, 12, 13, 18, 21, 25, 30, 32, 33, 34]
    W4: [ 4,  6,  7,  9, 11, 13, 16, 17, 20, 21, 23, 24, 30] = [ 1,  2,  8, 10, 14, 19, 26, 27, 29, 32, 33, 35, 36]
    Truth table row=[=, <, <, <, =] ix=82 result=[12+] is correct

Test 13-:
    W0: [ 0,  1,  4,  6,  8, 10] = [ 2,  3,  5,  7,  9, 11]
    W1: [ 0,  1,  4,  7,  9, 11, 14, 15, 17, 19, 21] > [ 2,  3,  8, 10, 12, 13, 16, 18, 20, 22, 23]
    W2: [ 0,  1,  5,  8, 11, 18, 20, 22, 23, 24, 26, 29, 30, 32] > [ 2,  3,  4,  6,  7, 12, 13, 17, 19, 21, 25, 27, 28, 31]
    W3: [ 0,  2,  3, 11, 14, 16, 17, 19, 22, 23, 24, 26, 31, 35] > [ 4,  6,  7,  8,  9, 12, 13, 18, 21, 25, 30, 32, 33, 34]
    W4: [ 4,  6,  7,  9, 11, 13, 16, 17, 20, 21, 23, 24, 30] < [ 1,  2,  8, 10, 14, 19, 26, 27, 29, 32, 33, 35, 36]
    Truth table row=[=, >, >, >, <] ix=159 result=[13-] is correct

Test 13+:
    W0: [ 0,  1,  4,  6,  8, 10] = [ 2,  3,  5,  7,  9, 11]
    W1: [ 0,  1,  4,  7,  9, 11, 14, 15, 17, 19, 21] < [ 2,  3,  8, 10, 12, 13, 16, 18, 20, 22, 23]
    W2: [ 0,  1,  5,  8, 11, 18, 20, 22, 23, 24, 26, 29, 30, 32] < [ 2,  3,  4,  6,  7, 12, 13, 17, 19, 21, 25, 27, 28, 31]
    W3: [ 0,  2,  3, 11, 14, 16, 17, 19, 22, 23, 24, 26, 31, 35] < [ 4,  6,  7,  8,  9, 12, 13, 18, 21, 25, 30, 32, 33, 34]
    W4: [ 4,  6,  7,  9, 11, 13, 16, 17, 20, 21, 23, 24, 30] > [ 1,  2,  8, 10, 14, 19, 26, 27, 29, 32, 33, 35, 36]
    Truth table row=[=, <, <, <, >] ix=83 result=[13+] is correct

Test 14-:
    W0: [ 0,  1,  4,  6,  8, 10] = [ 2,  3,  5,  7,  9, 11]
    W1: [ 0,  1,  4,  7,  9, 11, 14, 15, 17, 19, 21] < [ 2,  3,  8, 10, 12, 13, 16, 18, 20, 22, 23]
    W2: [ 0,  1,  5,  8, 11, 18, 20, 22, 23, 24, 26, 29, 30, 32] = [ 2,  3,  4,  6,  7, 12, 13, 17, 19, 21, 25, 27, 28, 31]
    W3: [ 0,  2,  3, 11, 14, 16, 17, 19, 22, 23, 24, 26, 31, 35] < [ 4,  6,  7,  8,  9, 12, 13, 18, 21, 25, 30, 32, 33, 34]
    W4: [ 4,  6,  7,  9, 11, 13, 16, 17, 20, 21, 23, 24, 30] > [ 1,  2,  8, 10, 14, 19, 26, 27, 29, 32, 33, 35, 36]
    Truth table row=[=, <, =, <, >] ix=92 result=[14-] is correct

Test 14+:
    W0: [ 0,  1,  4,  6,  8, 10] = [ 2,  3,  5,  7,  9, 11]
    W1: [ 0,  1,  4,  7,  9, 11, 14, 15, 17, 19, 21] > [ 2,  3,  8, 10, 12, 13, 16, 18, 20, 22, 23]
    W2: [ 0,  1,  5,  8, 11, 18, 20, 22, 23, 24, 26, 29, 30, 32] = [ 2,  3,  4,  6,  7, 12, 13, 17, 19, 21, 25, 27, 28, 31]
    W3: [ 0,  2,  3, 11, 14, 16, 17, 19, 22, 23, 24, 26, 31, 35] > [ 4,  6,  7,  8,  9, 12, 13, 18, 21, 25, 30, 32, 33, 34]
    W4: [ 4,  6,  7,  9, 11, 13, 16, 17, 20, 21, 23, 24, 30] < [ 1,  2,  8, 10, 14, 19, 26, 27, 29, 32, 33, 35, 36]
    Truth table row=[=, >, =, >, <] ix=150 result=[14+] is correct

Test 15-:
    W0: [ 0,  1,  4,  6,  8, 10] = [ 2,  3,  5,  7,  9, 11]
    W1: [ 0,  1,  4,  7,  9, 11, 14, 15, 17, 19, 21] < [ 2,  3,  8, 10, 12, 13, 16, 18, 20, 22, 23]
    W2: [ 0,  1,  5,  8, 11, 18, 20, 22, 23, 24, 26, 29, 30, 32] = [ 2,  3,  4,  6,  7, 12, 13, 17, 19, 21, 25, 27, 28, 31]
    W3: [ 0,  2,  3, 11, 14, 16, 17, 19, 22, 23, 24, 26, 31, 35] = [ 4,  6,  7,  8,  9, 12, 13, 18, 21, 25, 30, 32, 33, 34]
    W4: [ 4,  6,  7,  9, 11, 13, 16, 17, 20, 21, 23, 24, 30] = [ 1,  2,  8, 10, 14, 19, 26, 27, 29, 32, 33, 35, 36]
    Truth table row=[=, <, =, =, =] ix=94 result=[15-] is correct

Test 15+:
    W0: [ 0,  1,  4,  6,  8, 10] = [ 2,  3,  5,  7,  9, 11]
    W1: [ 0,  1,  4,  7,  9, 11, 14, 15, 17, 19, 21] > [ 2,  3,  8, 10, 12, 13, 16, 18, 20, 22, 23]
    W2: [ 0,  1,  5,  8, 11, 18, 20, 22, 23, 24, 26, 29, 30, 32] = [ 2,  3,  4,  6,  7, 12, 13, 17, 19, 21, 25, 27, 28, 31]
    W3: [ 0,  2,  3, 11, 14, 16, 17, 19, 22, 23, 24, 26, 31, 35] = [ 4,  6,  7,  8,  9, 12, 13, 18, 21, 25, 30, 32, 33, 34]
    W4: [ 4,  6,  7,  9, 11, 13, 16, 17, 20, 21, 23, 24, 30] = [ 1,  2,  8, 10, 14, 19, 26, 27, 29, 32, 33, 35, 36]
    Truth table row=[=, >, =, =, =] ix=148 result=[15+] is correct

Test 16-:
    W0: [ 0,  1,  4,  6,  8, 10] = [ 2,  3,  5,  7,  9, 11]
    W1: [ 0,  1,  4,  7,  9, 11, 14, 15, 17, 19, 21] > [ 2,  3,  8, 10, 12, 13, 16, 18, 20, 22, 23]
    W2: [ 0,  1,  5,  8, 11, 18, 20, 22, 23, 24, 26, 29, 30, 32] = [ 2,  3,  4,  6,  7, 12, 13, 17, 19, 21, 25, 27, 28, 31]
    W3: [ 0,  2,  3, 11, 14, 16, 17, 19, 22, 23, 24, 26, 31, 35] < [ 4,  6,  7,  8,  9, 12, 13, 18, 21, 25, 30, 32, 33, 34]
    W4: [ 4,  6,  7,  9, 11, 13, 16, 17, 20, 21, 23, 24, 30] < [ 1,  2,  8, 10, 14, 19, 26, 27, 29, 32, 33, 35, 36]
    Truth table row=[=, >, =, <, <] ix=144 result=[16-] is correct

Test 16+:
    W0: [ 0,  1,  4,  6,  8, 10] = [ 2,  3,  5,  7,  9, 11]
    W1: [ 0,  1,  4,  7,  9, 11, 14, 15, 17, 19, 21] < [ 2,  3,  8, 10, 12, 13, 16, 18, 20, 22, 23]
    W2: [ 0,  1,  5,  8, 11, 18, 20, 22, 23, 24, 26, 29, 30, 32] = [ 2,  3,  4,  6,  7, 12, 13, 17, 19, 21, 25, 27, 28, 31]
    W3: [ 0,  2,  3, 11, 14, 16, 17, 19, 22, 23, 24, 26, 31, 35] > [ 4,  6,  7,  8,  9, 12, 13, 18, 21, 25, 30, 32, 33, 34]
    W4: [ 4,  6,  7,  9, 11, 13, 16, 17, 20, 21, 23, 24, 30] > [ 1,  2,  8, 10, 14, 19, 26, 27, 29, 32, 33, 35, 36]
    Truth table row=[=, <, =, >, >] ix=98 result=[16+] is correct

Test 17-:
    W0: [ 0,  1,  4,  6,  8, 10] = [ 2,  3,  5,  7,  9, 11]
    W1: [ 0,  1,  4,  7,  9, 11, 14, 15, 17, 19, 21] < [ 2,  3,  8, 10, 12, 13, 16, 18, 20, 22, 23]
    W2: [ 0,  1,  5,  8, 11, 18, 20, 22, 23, 24, 26, 29, 30, 32] > [ 2,  3,  4,  6,  7, 12, 13, 17, 19, 21, 25, 27, 28, 31]
    W3: [ 0,  2,  3, 11, 14, 16, 17, 19, 22, 23, 24, 26, 31, 35] < [ 4,  6,  7,  8,  9, 12, 13, 18, 21, 25, 30, 32, 33, 34]
    W4: [ 4,  6,  7,  9, 11, 13, 16, 17, 20, 21, 23, 24, 30] < [ 1,  2,  8, 10, 14, 19, 26, 27, 29, 32, 33, 35, 36]
    Truth table row=[=, <, >, <, <] ix=99 result=[17-] is correct

Test 17+:
    W0: [ 0,  1,  4,  6,  8, 10] = [ 2,  3,  5,  7,  9, 11]
    W1: [ 0,  1,  4,  7,  9, 11, 14, 15, 17, 19, 21] > [ 2,  3,  8, 10, 12, 13, 16, 18, 20, 22, 23]
    W2: [ 0,  1,  5,  8, 11, 18, 20, 22, 23, 24, 26, 29, 30, 32] < [ 2,  3,  4,  6,  7, 12, 13, 17, 19, 21, 25, 27, 28, 31]
    W3: [ 0,  2,  3, 11, 14, 16, 17, 19, 22, 23, 24, 26, 31, 35] > [ 4,  6,  7,  8,  9, 12, 13, 18, 21, 25, 30, 32, 33, 34]
    W4: [ 4,  6,  7,  9, 11, 13, 16, 17, 20, 21, 23, 24, 30] > [ 1,  2,  8, 10, 14, 19, 26, 27, 29, 32, 33, 35, 36]
    Truth table row=[=, >, <, >, >] ix=143 result=[17+] is correct

Test 18-:
    W0: [ 0,  1,  4,  6,  8, 10] = [ 2,  3,  5,  7,  9, 11]
    W1: [ 0,  1,  4,  7,  9, 11, 14, 15, 17, 19, 21] > [ 2,  3,  8, 10, 12, 13, 16, 18, 20, 22, 23]
    W2: [ 0,  1,  5,  8, 11, 18, 20, 22, 23, 24, 26, 29, 30, 32] < [ 2,  3,  4,  6,  7, 12, 13, 17, 19, 21, 25, 27, 28, 31]
    W3: [ 0,  2,  3, 11, 14, 16, 17, 19, 22, 23, 24, 26, 31, 35] > [ 4,  6,  7,  8,  9, 12, 13, 18, 21, 25, 30, 32, 33, 34]
    W4: [ 4,  6,  7,  9, 11, 13, 16, 17, 20, 21, 23, 24, 30] = [ 1,  2,  8, 10, 14, 19, 26, 27, 29, 32, 33, 35, 36]
    Truth table row=[=, >, <, >, =] ix=142 result=[18-] is correct

Test 18+:
    W0: [ 0,  1,  4,  6,  8, 10] = [ 2,  3,  5,  7,  9, 11]
    W1: [ 0,  1,  4,  7,  9, 11, 14, 15, 17, 19, 21] < [ 2,  3,  8, 10, 12, 13, 16, 18, 20, 22, 23]
    W2: [ 0,  1,  5,  8, 11, 18, 20, 22, 23, 24, 26, 29, 30, 32] > [ 2,  3,  4,  6,  7, 12, 13, 17, 19, 21, 25, 27, 28, 31]
    W3: [ 0,  2,  3, 11, 14, 16, 17, 19, 22, 23, 24, 26, 31, 35] < [ 4,  6,  7,  8,  9, 12, 13, 18, 21, 25, 30, 32, 33, 34]
    W4: [ 4,  6,  7,  9, 11, 13, 16, 17, 20, 21, 23, 24, 30] = [ 1,  2,  8, 10, 14, 19, 26, 27, 29, 32, 33, 35, 36]
    Truth table row=[=, <, >, <, =] ix=100 result=[18+] is correct

Test 19-:
    W0: [ 0,  1,  4,  6,  8, 10] = [ 2,  3,  5,  7,  9, 11]
    W1: [ 0,  1,  4,  7,  9, 11, 14, 15, 17, 19, 21] < [ 2,  3,  8, 10, 12, 13, 16, 18, 20, 22, 23]
    W2: [ 0,  1,  5,  8, 11, 18, 20, 22, 23, 24, 26, 29, 30, 32] > [ 2,  3,  4,  6,  7, 12, 13, 17, 19, 21, 25, 27, 28, 31]
    W3: [ 0,  2,  3, 11, 14, 16, 17, 19, 22, 23, 24, 26, 31, 35] < [ 4,  6,  7,  8,  9, 12, 13, 18, 21, 25, 30, 32, 33, 34]
    W4: [ 4,  6,  7,  9, 11, 13, 16, 17, 20, 21, 23, 24, 30] > [ 1,  2,  8, 10, 14, 19, 26, 27, 29, 32, 33, 35, 36]
    Truth table row=[=, <, >, <, >] ix=101 result=[19-] is correct

Test 19+:
    W0: [ 0,  1,  4,  6,  8, 10] = [ 2,  3,  5,  7,  9, 11]
    W1: [ 0,  1,  4,  7,  9, 11, 14, 15, 17, 19, 21] > [ 2,  3,  8, 10, 12, 13, 16, 18, 20, 22, 23]
    W2: [ 0,  1,  5,  8, 11, 18, 20, 22, 23, 24, 26, 29, 30, 32] < [ 2,  3,  4,  6,  7, 12, 13, 17, 19, 21, 25, 27, 28, 31]
    W3: [ 0,  2,  3, 11, 14, 16, 17, 19, 22, 23, 24, 26, 31, 35] > [ 4,  6,  7,  8,  9, 12, 13, 18, 21, 25, 30, 32, 33, 34]
    W4: [ 4,  6,  7,  9, 11, 13, 16, 17, 20, 21, 23, 24, 30] < [ 1,  2,  8, 10, 14, 19, 26, 27, 29, 32, 33, 35, 36]
    Truth table row=[=, >, <, >, <] ix=141 result=[19+] is correct

Test 20-:
    W0: [ 0,  1,  4,  6,  8, 10] = [ 2,  3,  5,  7,  9, 11]
    W1: [ 0,  1,  4,  7,  9, 11, 14, 15, 17, 19, 21] > [ 2,  3,  8, 10, 12, 13, 16, 18, 20, 22, 23]
    W2: [ 0,  1,  5,  8, 11, 18, 20, 22, 23, 24, 26, 29, 30, 32] < [ 2,  3,  4,  6,  7, 12, 13, 17, 19, 21, 25, 27, 28, 31]
    W3: [ 0,  2,  3, 11, 14, 16, 17, 19, 22, 23, 24, 26, 31, 35] = [ 4,  6,  7,  8,  9, 12, 13, 18, 21, 25, 30, 32, 33, 34]
    W4: [ 4,  6,  7,  9, 11, 13, 16, 17, 20, 21, 23, 24, 30] < [ 1,  2,  8, 10, 14, 19, 26, 27, 29, 32, 33, 35, 36]
    Truth table row=[=, >, <, =, <] ix=138 result=[20-] is correct

Test 20+:
    W0: [ 0,  1,  4,  6,  8, 10] = [ 2,  3,  5,  7,  9, 11]
    W1: [ 0,  1,  4,  7,  9, 11, 14, 15, 17, 19, 21] < [ 2,  3,  8, 10, 12, 13, 16, 18, 20, 22, 23]
    W2: [ 0,  1,  5,  8, 11, 18, 20, 22, 23, 24, 26, 29, 30, 32] > [ 2,  3,  4,  6,  7, 12, 13, 17, 19, 21, 25, 27, 28, 31]
    W3: [ 0,  2,  3, 11, 14, 16, 17, 19, 22, 23, 24, 26, 31, 35] = [ 4,  6,  7,  8,  9, 12, 13, 18, 21, 25, 30, 32, 33, 34]
    W4: [ 4,  6,  7,  9, 11, 13, 16, 17, 20, 21, 23, 24, 30] > [ 1,  2,  8, 10, 14, 19, 26, 27, 29, 32, 33, 35, 36]
    Truth table row=[=, <, >, =, >] ix=104 result=[20+] is correct

Test 21-:
    W0: [ 0,  1,  4,  6,  8, 10] = [ 2,  3,  5,  7,  9, 11]
    W1: [ 0,  1,  4,  7,  9, 11, 14, 15, 17, 19, 21] < [ 2,  3,  8, 10, 12, 13, 16, 18, 20, 22, 23]
    W2: [ 0,  1,  5,  8, 11, 18, 20, 22, 23, 24, 26, 29, 30, 32] > [ 2,  3,  4,  6,  7, 12, 13, 17, 19, 21, 25, 27, 28, 31]
    W3: [ 0,  2,  3, 11, 14, 16, 17, 19, 22, 23, 24, 26, 31, 35] > [ 4,  6,  7,  8,  9, 12, 13, 18, 21, 25, 30, 32, 33, 34]
    W4: [ 4,  6,  7,  9, 11, 13, 16, 17, 20, 21, 23, 24, 30] < [ 1,  2,  8, 10, 14, 19, 26, 27, 29, 32, 33, 35, 36]
    Truth table row=[=, <, >, >, <] ix=105 result=[21-] is correct

Test 21+:
    W0: [ 0,  1,  4,  6,  8, 10] = [ 2,  3,  5,  7,  9, 11]
    W1: [ 0,  1,  4,  7,  9, 11, 14, 15, 17, 19, 21] > [ 2,  3,  8, 10, 12, 13, 16, 18, 20, 22, 23]
    W2: [ 0,  1,  5,  8, 11, 18, 20, 22, 23, 24, 26, 29, 30, 32] < [ 2,  3,  4,  6,  7, 12, 13, 17, 19, 21, 25, 27, 28, 31]
    W3: [ 0,  2,  3, 11, 14, 16, 17, 19, 22, 23, 24, 26, 31, 35] < [ 4,  6,  7,  8,  9, 12, 13, 18, 21, 25, 30, 32, 33, 34]
    W4: [ 4,  6,  7,  9, 11, 13, 16, 17, 20, 21, 23, 24, 30] > [ 1,  2,  8, 10, 14, 19, 26, 27, 29, 32, 33, 35, 36]
    Truth table row=[=, >, <, <, >] ix=137 result=[21+] is correct

Test 22-:
    W0: [ 0,  1,  4,  6,  8, 10] = [ 2,  3,  5,  7,  9, 11]
    W1: [ 0,  1,  4,  7,  9, 11, 14, 15, 17, 19, 21] > [ 2,  3,  8, 10, 12, 13, 16, 18, 20, 22, 23]
    W2: [ 0,  1,  5,  8, 11, 18, 20, 22, 23, 24, 26, 29, 30, 32] < [ 2,  3,  4,  6,  7, 12, 13, 17, 19, 21, 25, 27, 28, 31]
    W3: [ 0,  2,  3, 11, 14, 16, 17, 19, 22, 23, 24, 26, 31, 35] < [ 4,  6,  7,  8,  9, 12, 13, 18, 21, 25, 30, 32, 33, 34]
    W4: [ 4,  6,  7,  9, 11, 13, 16, 17, 20, 21, 23, 24, 30] = [ 1,  2,  8, 10, 14, 19, 26, 27, 29, 32, 33, 35, 36]
    Truth table row=[=, >, <, <, =] ix=136 result=[22-] is correct

Test 22+:
    W0: [ 0,  1,  4,  6,  8, 10] = [ 2,  3,  5,  7,  9, 11]
    W1: [ 0,  1,  4,  7,  9, 11, 14, 15, 17, 19, 21] < [ 2,  3,  8, 10, 12, 13, 16, 18, 20, 22, 23]
    W2: [ 0,  1,  5,  8, 11, 18, 20, 22, 23, 24, 26, 29, 30, 32] > [ 2,  3,  4,  6,  7, 12, 13, 17, 19, 21, 25, 27, 28, 31]
    W3: [ 0,  2,  3, 11, 14, 16, 17, 19, 22, 23, 24, 26, 31, 35] > [ 4,  6,  7,  8,  9, 12, 13, 18, 21, 25, 30, 32, 33, 34]
    W4: [ 4,  6,  7,  9, 11, 13, 16, 17, 20, 21, 23, 24, 30] = [ 1,  2,  8, 10, 14, 19, 26, 27, 29, 32, 33, 35, 36]
    Truth table row=[=, <, >, >, =] ix=106 result=[22+] is correct

Test 23-:
    W0: [ 0,  1,  4,  6,  8, 10] = [ 2,  3,  5,  7,  9, 11]
    W1: [ 0,  1,  4,  7,  9, 11, 14, 15, 17, 19, 21] > [ 2,  3,  8, 10, 12, 13, 16, 18, 20, 22, 23]
    W2: [ 0,  1,  5,  8, 11, 18, 20, 22, 23, 24, 26, 29, 30, 32] < [ 2,  3,  4,  6,  7, 12, 13, 17, 19, 21, 25, 27, 28, 31]
    W3: [ 0,  2,  3, 11, 14, 16, 17, 19, 22, 23, 24, 26, 31, 35] < [ 4,  6,  7,  8,  9, 12, 13, 18, 21, 25, 30, 32, 33, 34]
    W4: [ 4,  6,  7,  9, 11, 13, 16, 17, 20, 21, 23, 24, 30] < [ 1,  2,  8, 10, 14, 19, 26, 27, 29, 32, 33, 35, 36]
    Truth table row=[=, >, <, <, <] ix=135 result=[23-] is correct

Test 23+:
    W0: [ 0,  1,  4,  6,  8, 10] = [ 2,  3,  5,  7,  9, 11]
    W1: [ 0,  1,  4,  7,  9, 11, 14, 15, 17, 19, 21] < [ 2,  3,  8, 10, 12, 13, 16, 18, 20, 22, 23]
    W2: [ 0,  1,  5,  8, 11, 18, 20, 22, 23, 24, 26, 29, 30, 32] > [ 2,  3,  4,  6,  7, 12, 13, 17, 19, 21, 25, 27, 28, 31]
    W3: [ 0,  2,  3, 11, 14, 16, 17, 19, 22, 23, 24, 26, 31, 35] > [ 4,  6,  7,  8,  9, 12, 13, 18, 21, 25, 30, 32, 33, 34]
    W4: [ 4,  6,  7,  9, 11, 13, 16, 17, 20, 21, 23, 24, 30] > [ 1,  2,  8, 10, 14, 19, 26, 27, 29, 32, 33, 35, 36]
    Truth table row=[=, <, >, >, >] ix=107 result=[23+] is correct

Test 24-:
    W0: [ 0,  1,  4,  6,  8, 10] = [ 2,  3,  5,  7,  9, 11]
    W1: [ 0,  1,  4,  7,  9, 11, 14, 15, 17, 19, 21] = [ 2,  3,  8, 10, 12, 13, 16, 18, 20, 22, 23]
    W2: [ 0,  1,  5,  8, 11, 18, 20, 22, 23, 24, 26, 29, 30, 32] < [ 2,  3,  4,  6,  7, 12, 13, 17, 19, 21, 25, 27, 28, 31]
    W3: [ 0,  2,  3, 11, 14, 16, 17, 19, 22, 23, 24, 26, 31, 35] < [ 4,  6,  7,  8,  9, 12, 13, 18, 21, 25, 30, 32, 33, 34]
    W4: [ 4,  6,  7,  9, 11, 13, 16, 17, 20, 21, 23, 24, 30] < [ 1,  2,  8, 10, 14, 19, 26, 27, 29, 32, 33, 35, 36]
    Truth table row=[=, =, <, <, <] ix=108 result=[24-] is correct

Test 24+:
    W0: [ 0,  1,  4,  6,  8, 10] = [ 2,  3,  5,  7,  9, 11]
    W1: [ 0,  1,  4,  7,  9, 11, 14, 15, 17, 19, 21] = [ 2,  3,  8, 10, 12, 13, 16, 18, 20, 22, 23]
    W2: [ 0,  1,  5,  8, 11, 18, 20, 22, 23, 24, 26, 29, 30, 32] > [ 2,  3,  4,  6,  7, 12, 13, 17, 19, 21, 25, 27, 28, 31]
    W3: [ 0,  2,  3, 11, 14, 16, 17, 19, 22, 23, 24, 26, 31, 35] > [ 4,  6,  7,  8,  9, 12, 13, 18, 21, 25, 30, 32, 33, 34]
    W4: [ 4,  6,  7,  9, 11, 13, 16, 17, 20, 21, 23, 24, 30] > [ 1,  2,  8, 10, 14, 19, 26, 27, 29, 32, 33, 35, 36]
    Truth table row=[=, =, >, >, >] ix=134 result=[24+] is correct

Test 25-:
    W0: [ 0,  1,  4,  6,  8, 10] = [ 2,  3,  5,  7,  9, 11]
    W1: [ 0,  1,  4,  7,  9, 11, 14, 15, 17, 19, 21] = [ 2,  3,  8, 10, 12, 13, 16, 18, 20, 22, 23]
    W2: [ 0,  1,  5,  8, 11, 18, 20, 22, 23, 24, 26, 29, 30, 32] > [ 2,  3,  4,  6,  7, 12, 13, 17, 19, 21, 25, 27, 28, 31]
    W3: [ 0,  2,  3, 11, 14, 16, 17, 19, 22, 23, 24, 26, 31, 35] > [ 4,  6,  7,  8,  9, 12, 13, 18, 21, 25, 30, 32, 33, 34]
    W4: [ 4,  6,  7,  9, 11, 13, 16, 17, 20, 21, 23, 24, 30] = [ 1,  2,  8, 10, 14, 19, 26, 27, 29, 32, 33, 35, 36]
    Truth table row=[=, =, >, >, =] ix=133 result=[25-] is correct

Test 25+:
    W0: [ 0,  1,  4,  6,  8, 10] = [ 2,  3,  5,  7,  9, 11]
    W1: [ 0,  1,  4,  7,  9, 11, 14, 15, 17, 19, 21] = [ 2,  3,  8, 10, 12, 13, 16, 18, 20, 22, 23]
    W2: [ 0,  1,  5,  8, 11, 18, 20, 22, 23, 24, 26, 29, 30, 32] < [ 2,  3,  4,  6,  7, 12, 13, 17, 19, 21, 25, 27, 28, 31]
    W3: [ 0,  2,  3, 11, 14, 16, 17, 19, 22, 23, 24, 26, 31, 35] < [ 4,  6,  7,  8,  9, 12, 13, 18, 21, 25, 30, 32, 33, 34]
    W4: [ 4,  6,  7,  9, 11, 13, 16, 17, 20, 21, 23, 24, 30] = [ 1,  2,  8, 10, 14, 19, 26, 27, 29, 32, 33, 35, 36]
    Truth table row=[=, =, <, <, =] ix=109 result=[25+] is correct

Test 26-:
    W0: [ 0,  1,  4,  6,  8, 10] = [ 2,  3,  5,  7,  9, 11]
    W1: [ 0,  1,  4,  7,  9, 11, 14, 15, 17, 19, 21] = [ 2,  3,  8, 10, 12, 13, 16, 18, 20, 22, 23]
    W2: [ 0,  1,  5,  8, 11, 18, 20, 22, 23, 24, 26, 29, 30, 32] < [ 2,  3,  4,  6,  7, 12, 13, 17, 19, 21, 25, 27, 28, 31]
    W3: [ 0,  2,  3, 11, 14, 16, 17, 19, 22, 23, 24, 26, 31, 35] < [ 4,  6,  7,  8,  9, 12, 13, 18, 21, 25, 30, 32, 33, 34]
    W4: [ 4,  6,  7,  9, 11, 13, 16, 17, 20, 21, 23, 24, 30] > [ 1,  2,  8, 10, 14, 19, 26, 27, 29, 32, 33, 35, 36]
    Truth table row=[=, =, <, <, >] ix=110 result=[26-] is correct

Test 26+:
    W0: [ 0,  1,  4,  6,  8, 10] = [ 2,  3,  5,  7,  9, 11]
    W1: [ 0,  1,  4,  7,  9, 11, 14, 15, 17, 19, 21] = [ 2,  3,  8, 10, 12, 13, 16, 18, 20, 22, 23]
    W2: [ 0,  1,  5,  8, 11, 18, 20, 22, 23, 24, 26, 29, 30, 32] > [ 2,  3,  4,  6,  7, 12, 13, 17, 19, 21, 25, 27, 28, 31]
    W3: [ 0,  2,  3, 11, 14, 16, 17, 19, 22, 23, 24, 26, 31, 35] > [ 4,  6,  7,  8,  9, 12, 13, 18, 21, 25, 30, 32, 33, 34]
    W4: [ 4,  6,  7,  9, 11, 13, 16, 17, 20, 21, 23, 24, 30] < [ 1,  2,  8, 10, 14, 19, 26, 27, 29, 32, 33, 35, 36]
    Truth table row=[=, =, >, >, <] ix=132 result=[26+] is correct

Test 27-:
    W0: [ 0,  1,  4,  6,  8, 10] = [ 2,  3,  5,  7,  9, 11]
    W1: [ 0,  1,  4,  7,  9, 11, 14, 15, 17, 19, 21] = [ 2,  3,  8, 10, 12, 13, 16, 18, 20, 22, 23]
    W2: [ 0,  1,  5,  8, 11, 18, 20, 22, 23, 24, 26, 29, 30, 32] > [ 2,  3,  4,  6,  7, 12, 13, 17, 19, 21, 25, 27, 28, 31]
    W3: [ 0,  2,  3, 11, 14, 16, 17, 19, 22, 23, 24, 26, 31, 35] = [ 4,  6,  7,  8,  9, 12, 13, 18, 21, 25, 30, 32, 33, 34]
    W4: [ 4,  6,  7,  9, 11, 13, 16, 17, 20, 21, 23, 24, 30] > [ 1,  2,  8, 10, 14, 19, 26, 27, 29, 32, 33, 35, 36]
    Truth table row=[=, =, >, =, >] ix=131 result=[27-] is correct

Test 27+:
    W0: [ 0,  1,  4,  6,  8, 10] = [ 2,  3,  5,  7,  9, 11]
    W1: [ 0,  1,  4,  7,  9, 11, 14, 15, 17, 19, 21] = [ 2,  3,  8, 10, 12, 13, 16, 18, 20, 22, 23]
    W2: [ 0,  1,  5,  8, 11, 18, 20, 22, 23, 24, 26, 29, 30, 32] < [ 2,  3,  4,  6,  7, 12, 13, 17, 19, 21, 25, 27, 28, 31]
    W3: [ 0,  2,  3, 11, 14, 16, 17, 19, 22, 23, 24, 26, 31, 35] = [ 4,  6,  7,  8,  9, 12, 13, 18, 21, 25, 30, 32, 33, 34]
    W4: [ 4,  6,  7,  9, 11, 13, 16, 17, 20, 21, 23, 24, 30] < [ 1,  2,  8, 10, 14, 19, 26, 27, 29, 32, 33, 35, 36]
    Truth table row=[=, =, <, =, <] ix=111 result=[27+] is correct

Test 28-:
    W0: [ 0,  1,  4,  6,  8, 10] = [ 2,  3,  5,  7,  9, 11]
    W1: [ 0,  1,  4,  7,  9, 11, 14, 15, 17, 19, 21] = [ 2,  3,  8, 10, 12, 13, 16, 18, 20, 22, 23]
    W2: [ 0,  1,  5,  8, 11, 18, 20, 22, 23, 24, 26, 29, 30, 32] > [ 2,  3,  4,  6,  7, 12, 13, 17, 19, 21, 25, 27, 28, 31]
    W3: [ 0,  2,  3, 11, 14, 16, 17, 19, 22, 23, 24, 26, 31, 35] = [ 4,  6,  7,  8,  9, 12, 13, 18, 21, 25, 30, 32, 33, 34]
    W4: [ 4,  6,  7,  9, 11, 13, 16, 17, 20, 21, 23, 24, 30] = [ 1,  2,  8, 10, 14, 19, 26, 27, 29, 32, 33, 35, 36]
    Truth table row=[=, =, >, =, =] ix=130 result=[28-] is correct

Test 28+:
    W0: [ 0,  1,  4,  6,  8, 10] = [ 2,  3,  5,  7,  9, 11]
    W1: [ 0,  1,  4,  7,  9, 11, 14, 15, 17, 19, 21] = [ 2,  3,  8, 10, 12, 13, 16, 18, 20, 22, 23]
    W2: [ 0,  1,  5,  8, 11, 18, 20, 22, 23, 24, 26, 29, 30, 32] < [ 2,  3,  4,  6,  7, 12, 13, 17, 19, 21, 25, 27, 28, 31]
    W3: [ 0,  2,  3, 11, 14, 16, 17, 19, 22, 23, 24, 26, 31, 35] = [ 4,  6,  7,  8,  9, 12, 13, 18, 21, 25, 30, 32, 33, 34]
    W4: [ 4,  6,  7,  9, 11, 13, 16, 17, 20, 21, 23, 24, 30] = [ 1,  2,  8, 10, 14, 19, 26, 27, 29, 32, 33, 35, 36]
    Truth table row=[=, =, <, =, =] ix=112 result=[28+] is correct

Test 29-:
    W0: [ 0,  1,  4,  6,  8, 10] = [ 2,  3,  5,  7,  9, 11]
    W1: [ 0,  1,  4,  7,  9, 11, 14, 15, 17, 19, 21] = [ 2,  3,  8, 10, 12, 13, 16, 18, 20, 22, 23]
    W2: [ 0,  1,  5,  8, 11, 18, 20, 22, 23, 24, 26, 29, 30, 32] < [ 2,  3,  4,  6,  7, 12, 13, 17, 19, 21, 25, 27, 28, 31]
    W3: [ 0,  2,  3, 11, 14, 16, 17, 19, 22, 23, 24, 26, 31, 35] = [ 4,  6,  7,  8,  9, 12, 13, 18, 21, 25, 30, 32, 33, 34]
    W4: [ 4,  6,  7,  9, 11, 13, 16, 17, 20, 21, 23, 24, 30] > [ 1,  2,  8, 10, 14, 19, 26, 27, 29, 32, 33, 35, 36]
    Truth table row=[=, =, <, =, >] ix=113 result=[29-] is correct

Test 29+:
    W0: [ 0,  1,  4,  6,  8, 10] = [ 2,  3,  5,  7,  9, 11]
    W1: [ 0,  1,  4,  7,  9, 11, 14, 15, 17, 19, 21] = [ 2,  3,  8, 10, 12, 13, 16, 18, 20, 22, 23]
    W2: [ 0,  1,  5,  8, 11, 18, 20, 22, 23, 24, 26, 29, 30, 32] > [ 2,  3,  4,  6,  7, 12, 13, 17, 19, 21, 25, 27, 28, 31]
    W3: [ 0,  2,  3, 11, 14, 16, 17, 19, 22, 23, 24, 26, 31, 35] = [ 4,  6,  7,  8,  9, 12, 13, 18, 21, 25, 30, 32, 33, 34]
    W4: [ 4,  6,  7,  9, 11, 13, 16, 17, 20, 21, 23, 24, 30] < [ 1,  2,  8, 10, 14, 19, 26, 27, 29, 32, 33, 35, 36]
    Truth table row=[=, =, >, =, <] ix=129 result=[29+] is correct

Test 30-:
    W0: [ 0,  1,  4,  6,  8, 10] = [ 2,  3,  5,  7,  9, 11]
    W1: [ 0,  1,  4,  7,  9, 11, 14, 15, 17, 19, 21] = [ 2,  3,  8, 10, 12, 13, 16, 18, 20, 22, 23]
    W2: [ 0,  1,  5,  8, 11, 18, 20, 22, 23, 24, 26, 29, 30, 32] < [ 2,  3,  4,  6,  7, 12, 13, 17, 19, 21, 25, 27, 28, 31]
    W3: [ 0,  2,  3, 11, 14, 16, 17, 19, 22, 23, 24, 26, 31, 35] > [ 4,  6,  7,  8,  9, 12, 13, 18, 21, 25, 30, 32, 33, 34]
    W4: [ 4,  6,  7,  9, 11, 13, 16, 17, 20, 21, 23, 24, 30] < [ 1,  2,  8, 10, 14, 19, 26, 27, 29, 32, 33, 35, 36]
    Truth table row=[=, =, <, >, <] ix=114 result=[30-] is correct

Test 30+:
    W0: [ 0,  1,  4,  6,  8, 10] = [ 2,  3,  5,  7,  9, 11]
    W1: [ 0,  1,  4,  7,  9, 11, 14, 15, 17, 19, 21] = [ 2,  3,  8, 10, 12, 13, 16, 18, 20, 22, 23]
    W2: [ 0,  1,  5,  8, 11, 18, 20, 22, 23, 24, 26, 29, 30, 32] > [ 2,  3,  4,  6,  7, 12, 13, 17, 19, 21, 25, 27, 28, 31]
    W3: [ 0,  2,  3, 11, 14, 16, 17, 19, 22, 23, 24, 26, 31, 35] < [ 4,  6,  7,  8,  9, 12, 13, 18, 21, 25, 30, 32, 33, 34]
    W4: [ 4,  6,  7,  9, 11, 13, 16, 17, 20, 21, 23, 24, 30] > [ 1,  2,  8, 10, 14, 19, 26, 27, 29, 32, 33, 35, 36]
    Truth table row=[=, =, >, <, >] ix=128 result=[30+] is correct

Test 31-:
    W0: [ 0,  1,  4,  6,  8, 10] = [ 2,  3,  5,  7,  9, 11]
    W1: [ 0,  1,  4,  7,  9, 11, 14, 15, 17, 19, 21] = [ 2,  3,  8, 10, 12, 13, 16, 18, 20, 22, 23]
    W2: [ 0,  1,  5,  8, 11, 18, 20, 22, 23, 24, 26, 29, 30, 32] > [ 2,  3,  4,  6,  7, 12, 13, 17, 19, 21, 25, 27, 28, 31]
    W3: [ 0,  2,  3, 11, 14, 16, 17, 19, 22, 23, 24, 26, 31, 35] < [ 4,  6,  7,  8,  9, 12, 13, 18, 21, 25, 30, 32, 33, 34]
    W4: [ 4,  6,  7,  9, 11, 13, 16, 17, 20, 21, 23, 24, 30] = [ 1,  2,  8, 10, 14, 19, 26, 27, 29, 32, 33, 35, 36]
    Truth table row=[=, =, >, <, =] ix=127 result=[31-] is correct

Test 31+:
    W0: [ 0,  1,  4,  6,  8, 10] = [ 2,  3,  5,  7,  9, 11]
    W1: [ 0,  1,  4,  7,  9, 11, 14, 15, 17, 19, 21] = [ 2,  3,  8, 10, 12, 13, 16, 18, 20, 22, 23]
    W2: [ 0,  1,  5,  8, 11, 18, 20, 22, 23, 24, 26, 29, 30, 32] < [ 2,  3,  4,  6,  7, 12, 13, 17, 19, 21, 25, 27, 28, 31]
    W3: [ 0,  2,  3, 11, 14, 16, 17, 19, 22, 23, 24, 26, 31, 35] > [ 4,  6,  7,  8,  9, 12, 13, 18, 21, 25, 30, 32, 33, 34]
    W4: [ 4,  6,  7,  9, 11, 13, 16, 17, 20, 21, 23, 24, 30] = [ 1,  2,  8, 10, 14, 19, 26, 27, 29, 32, 33, 35, 36]
    Truth table row=[=, =, <, >, =] ix=115 result=[31+] is correct

Test 32-:
    W0: [ 0,  1,  4,  6,  8, 10] = [ 2,  3,  5,  7,  9, 11]
    W1: [ 0,  1,  4,  7,  9, 11, 14, 15, 17, 19, 21] = [ 2,  3,  8, 10, 12, 13, 16, 18, 20, 22, 23]
    W2: [ 0,  1,  5,  8, 11, 18, 20, 22, 23, 24, 26, 29, 30, 32] < [ 2,  3,  4,  6,  7, 12, 13, 17, 19, 21, 25, 27, 28, 31]
    W3: [ 0,  2,  3, 11, 14, 16, 17, 19, 22, 23, 24, 26, 31, 35] > [ 4,  6,  7,  8,  9, 12, 13, 18, 21, 25, 30, 32, 33, 34]
    W4: [ 4,  6,  7,  9, 11, 13, 16, 17, 20, 21, 23, 24, 30] > [ 1,  2,  8, 10, 14, 19, 26, 27, 29, 32, 33, 35, 36]
    Truth table row=[=, =, <, >, >] ix=116 result=[32-] is correct

Test 32+:
    W0: [ 0,  1,  4,  6,  8, 10] = [ 2,  3,  5,  7,  9, 11]
    W1: [ 0,  1,  4,  7,  9, 11, 14, 15, 17, 19, 21] = [ 2,  3,  8, 10, 12, 13, 16, 18, 20, 22, 23]
    W2: [ 0,  1,  5,  8, 11, 18, 20, 22, 23, 24, 26, 29, 30, 32] > [ 2,  3,  4,  6,  7, 12, 13, 17, 19, 21, 25, 27, 28, 31]
    W3: [ 0,  2,  3, 11, 14, 16, 17, 19, 22, 23, 24, 26, 31, 35] < [ 4,  6,  7,  8,  9, 12, 13, 18, 21, 25, 30, 32, 33, 34]
    W4: [ 4,  6,  7,  9, 11, 13, 16, 17, 20, 21, 23, 24, 30] < [ 1,  2,  8, 10, 14, 19, 26, 27, 29, 32, 33, 35, 36]
    Truth table row=[=, =, >, <, <] ix=126 result=[32+] is correct

Test 33-:
    W0: [ 0,  1,  4,  6,  8, 10] = [ 2,  3,  5,  7,  9, 11]
    W1: [ 0,  1,  4,  7,  9, 11, 14, 15, 17, 19, 21] = [ 2,  3,  8, 10, 12, 13, 16, 18, 20, 22, 23]
    W2: [ 0,  1,  5,  8, 11, 18, 20, 22, 23, 24, 26, 29, 30, 32] = [ 2,  3,  4,  6,  7, 12, 13, 17, 19, 21, 25, 27, 28, 31]
    W3: [ 0,  2,  3, 11, 14, 16, 17, 19, 22, 23, 24, 26, 31, 35] > [ 4,  6,  7,  8,  9, 12, 13, 18, 21, 25, 30, 32, 33, 34]
    W4: [ 4,  6,  7,  9, 11, 13, 16, 17, 20, 21, 23, 24, 30] > [ 1,  2,  8, 10, 14, 19, 26, 27, 29, 32, 33, 35, 36]
    Truth table row=[=, =, =, >, >] ix=125 result=[33-] is correct

Test 33+:
    W0: [ 0,  1,  4,  6,  8, 10] = [ 2,  3,  5,  7,  9, 11]
    W1: [ 0,  1,  4,  7,  9, 11, 14, 15, 17, 19, 21] = [ 2,  3,  8, 10, 12, 13, 16, 18, 20, 22, 23]
    W2: [ 0,  1,  5,  8, 11, 18, 20, 22, 23, 24, 26, 29, 30, 32] = [ 2,  3,  4,  6,  7, 12, 13, 17, 19, 21, 25, 27, 28, 31]
    W3: [ 0,  2,  3, 11, 14, 16, 17, 19, 22, 23, 24, 26, 31, 35] < [ 4,  6,  7,  8,  9, 12, 13, 18, 21, 25, 30, 32, 33, 34]
    W4: [ 4,  6,  7,  9, 11, 13, 16, 17, 20, 21, 23, 24, 30] < [ 1,  2,  8, 10, 14, 19, 26, 27, 29, 32, 33, 35, 36]
    Truth table row=[=, =, =, <, <] ix=117 result=[33+] is correct

Test 34-:
    W0: [ 0,  1,  4,  6,  8, 10] = [ 2,  3,  5,  7,  9, 11]
    W1: [ 0,  1,  4,  7,  9, 11, 14, 15, 17, 19, 21] = [ 2,  3,  8, 10, 12, 13, 16, 18, 20, 22, 23]
    W2: [ 0,  1,  5,  8, 11, 18, 20, 22, 23, 24, 26, 29, 30, 32] = [ 2,  3,  4,  6,  7, 12, 13, 17, 19, 21, 25, 27, 28, 31]
    W3: [ 0,  2,  3, 11, 14, 16, 17, 19, 22, 23, 24, 26, 31, 35] > [ 4,  6,  7,  8,  9, 12, 13, 18, 21, 25, 30, 32, 33, 34]
    W4: [ 4,  6,  7,  9, 11, 13, 16, 17, 20, 21, 23, 24, 30] = [ 1,  2,  8, 10, 14, 19, 26, 27, 29, 32, 33, 35, 36]
    Truth table row=[=, =, =, >, =] ix=124 result=[34-] is correct

Test 34+:
    W0: [ 0,  1,  4,  6,  8, 10] = [ 2,  3,  5,  7,  9, 11]
    W1: [ 0,  1,  4,  7,  9, 11, 14, 15, 17, 19, 21] = [ 2,  3,  8, 10, 12, 13, 16, 18, 20, 22, 23]
    W2: [ 0,  1,  5,  8, 11, 18, 20, 22, 23, 24, 26, 29, 30, 32] = [ 2,  3,  4,  6,  7, 12, 13, 17, 19, 21, 25, 27, 28, 31]
    W3: [ 0,  2,  3, 11, 14, 16, 17, 19, 22, 23, 24, 26, 31, 35] < [ 4,  6,  7,  8,  9, 12, 13, 18, 21, 25, 30, 32, 33, 34]
    W4: [ 4,  6,  7,  9, 11, 13, 16, 17, 20, 21, 23, 24, 30] = [ 1,  2,  8, 10, 14, 19, 26, 27, 29, 32, 33, 35, 36]
    Truth table row=[=, =, =, <, =] ix=118 result=[34+] is correct

Test 35-:
    W0: [ 0,  1,  4,  6,  8, 10] = [ 2,  3,  5,  7,  9, 11]
    W1: [ 0,  1,  4,  7,  9, 11, 14, 15, 17, 19, 21] = [ 2,  3,  8, 10, 12, 13, 16, 18, 20, 22, 23]
    W2: [ 0,  1,  5,  8, 11, 18, 20, 22, 23, 24, 26, 29, 30, 32] = [ 2,  3,  4,  6,  7, 12, 13, 17, 19, 21, 25, 27, 28, 31]
    W3: [ 0,  2,  3, 11, 14, 16, 17, 19, 22, 23, 24, 26, 31, 35] < [ 4,  6,  7,  8,  9, 12, 13, 18, 21, 25, 30, 32, 33, 34]
    W4: [ 4,  6,  7,  9, 11, 13, 16, 17, 20, 21, 23, 24, 30] > [ 1,  2,  8, 10, 14, 19, 26, 27, 29, 32, 33, 35, 36]
    Truth table row=[=, =, =, <, >] ix=119 result=[35-] is correct

Test 35+:
    W0: [ 0,  1,  4,  6,  8, 10] = [ 2,  3,  5,  7,  9, 11]
    W1: [ 0,  1,  4,  7,  9, 11, 14, 15, 17, 19, 21] = [ 2,  3,  8, 10, 12, 13, 16, 18, 20, 22, 23]
    W2: [ 0,  1,  5,  8, 11, 18, 20, 22, 23, 24, 26, 29, 30, 32] = [ 2,  3,  4,  6,  7, 12, 13, 17, 19, 21, 25, 27, 28, 31]
    W3: [ 0,  2,  3, 11, 14, 16, 17, 19, 22, 23, 24, 26, 31, 35] > [ 4,  6,  7,  8,  9, 12, 13, 18, 21, 25, 30, 32, 33, 34]
    W4: [ 4,  6,  7,  9, 11, 13, 16, 17, 20, 21, 23, 24, 30] < [ 1,  2,  8, 10, 14, 19, 26, 27, 29, 32, 33, 35, 36]
    Truth table row=[=, =, =, >, <] ix=123 result=[35+] is correct

Test 36-:
    W0: [ 0,  1,  4,  6,  8, 10] = [ 2,  3,  5,  7,  9, 11]
    W1: [ 0,  1,  4,  7,  9, 11, 14, 15, 17, 19, 21] = [ 2,  3,  8, 10, 12, 13, 16, 18, 20, 22, 23]
    W2: [ 0,  1,  5,  8, 11, 18, 20, 22, 23, 24, 26, 29, 30, 32] = [ 2,  3,  4,  6,  7, 12, 13, 17, 19, 21, 25, 27, 28, 31]
    W3: [ 0,  2,  3, 11, 14, 16, 17, 19, 22, 23, 24, 26, 31, 35] = [ 4,  6,  7,  8,  9, 12, 13, 18, 21, 25, 30, 32, 33, 34]
    W4: [ 4,  6,  7,  9, 11, 13, 16, 17, 20, 21, 23, 24, 30] > [ 1,  2,  8, 10, 14, 19, 26, 27, 29, 32, 33, 35, 36]
    Truth table row=[=, =, =, =, >] ix=122 result=[36-] is correct

Test 36+:
    W0: [ 0,  1,  4,  6,  8, 10] = [ 2,  3,  5,  7,  9, 11]
    W1: [ 0,  1,  4,  7,  9, 11, 14, 15, 17, 19, 21] = [ 2,  3,  8, 10, 12, 13, 16, 18, 20, 22, 23]
    W2: [ 0,  1,  5,  8, 11, 18, 20, 22, 23, 24, 26, 29, 30, 32] = [ 2,  3,  4,  6,  7, 12, 13, 17, 19, 21, 25, 27, 28, 31]
    W3: [ 0,  2,  3, 11, 14, 16, 17, 19, 22, 23, 24, 26, 31, 35] = [ 4,  6,  7,  8,  9, 12, 13, 18, 21, 25, 30, 32, 33, 34]
    W4: [ 4,  6,  7,  9, 11, 13, 16, 17, 20, 21, 23, 24, 30] < [ 1,  2,  8, 10, 14, 19, 26, 27, 29, 32, 33, 35, 36]
    Truth table row=[=, =, =, =, <] ix=120 result=[36+] is correct

Total correct results: 74
Total incorrect results: 0
