Solving for 9 balls and 3 weighings.
Using symmetry breaking strategy TruthTableAscending.

Solution:
W0: [ 0,  1,  5,  6] <=> [ 2,  3,  4,  7]
W1: [ 0,  1,  7] <=> [ 2,  6,  8]
W2: [ 0,  2,  6] <=> [ 3,  5,  8]

Truth Table:
ix  W0  W1  W2   Result
 0   <   <   <   0-
 1   <   <   =   1-
 2   <   <   >   2+
 3   <   =   <   3+
 4   <   =   =   4+
 5   <   =   >   5-
 6   <   >   <   6-
 7   <   >   =   7+
 8   <   >   >
 9   =   <   <   8+
10   =   <   =
11   =   <   >
12   =   =   <
13   =   =   =
14   =   =   >
15   =   >   <
16   =   >   =
17   =   >   >   8-
18   >   <   <
19   >   <   =   7-
20   >   <   >   6+
21   >   =   <   5+
22   >   =   =   4-
23   >   =   >   3-
24   >   >   <   2-
25   >   >   =   1+
26   >   >   >   0+

Test 0-:
    W0: [ 0,  1,  5,  6] < [ 2,  3,  4,  7]
    W1: [ 0,  1,  7] < [ 2,  6,  8]
    W2: [ 0,  2,  6] < [ 3,  5,  8]
    Truth table row=[<, <, <] ix=0 result=[0-] is correct

Test 0+:
    W0: [ 0,  1,  5,  6] > [ 2,  3,  4,  7]
    W1: [ 0,  1,  7] > [ 2,  6,  8]
    W2: [ 0,  2,  6] > [ 3,  5,  8]
    Truth table row=[>, >, >] ix=26 result=[0+] is correct

Test 1-:
    W0: [ 0,  1,  5,  6] < [ 2,  3,  4,  7]
    W1: [ 0,  1,  7] < [ 2,  6,  8]
    W2: [ 0,  2,  6] = [ 3,  5,  8]
    Truth table row=[<, <, =] ix=1 result=[1-] is correct

Test 1+:
    W0: [ 0,  1,  5,  6] > [ 2,  3,  4,  7]
    W1: [ 0,  1,  7] > [ 2,  6,  8]
    W2: [ 0,  2,  6] = [ 3,  5,  8]
    Truth table row=[>, >, =] ix=25 result=[1+] is correct

Test 2-:
    W0: [ 0,  1,  5,  6] > [ 2,  3,  4,  7]
    W1: [ 0,  1,  7] > [ 2,  6,  8]
    W2: [ 0,  2,  6] < [ 3,  5,  8]
    Truth table row=[>, >, <] ix=24 result=[2-] is correct

Test 2+:
    W0: [ 0,  1,  5,  6] < [ 2,  3,  4,  7]
    W1: [ 0,  1,  7] < [ 2,  6,  8]
    W2: [ 0,  2,  6] > [ 3,  5,  8]
    Truth table row=[<, <, >] ix=2 result=[2+] is correct

Test 3-:
    W0: [ 0,  1,  5,  6] > [ 2,  3,  4,  7]
    W1: [ 0,  1,  7] = [ 2,  6,  8]
    W2: [ 0,  2,  6] > [ 3,  5,  8]
    Truth table row=[>, =, >] ix=23 result=[3-] is correct

Test 3+:
    W0: [ 0,  1,  5,  6] < [ 2,  3,  4,  7]
    W1: [ 0,  1,  7] = [ 2,  6,  8]
    W2: [ 0,  2,  6] < [ 3,  5,  8]
    Truth table row=[<, =, <] ix=3 result=[3+] is correct

Test 4-:
    W0: [ 0,  1,  5,  6] > [ 2,  3,  4,  7]
    W1: [ 0,  1,  7] = [ 2,  6,  8]
    W2: [ 0,  2,  6] = [ 3,  5,  8]
    Truth table row=[>, =, =] ix=22 result=[4-] is correct

Test 4+:
    W0: [ 0,  1,  5,  6] < [ 2,  3,  4,  7]
    W1: [ 0,  1,  7] = [ 2,  6,  8]
    W2: [ 0,  2,  6] = [ 3,  5,  8]
    Truth table row=[<, =, =] ix=4 result=[4+] is correct

Test 5-:
    W0: [ 0,  1,  5,  6] < [ 2,  3,  4,  7]
    W1: [ 0,  1,  7] = [ 2,  6,  8]
    W2: [ 0,  2,  6] > [ 3,  5,  8]
    Truth table row=[<, =, >] ix=5 result=[5-] is correct

Test 5+:
    W0: [ 0,  1,  5,  6] > [ 2,  3,  4,  7]
    W1: [ 0,  1,  7] = [ 2,  6,  8]
    W2: [ 0,  2,  6] < [ 3,  5,  8]
    Truth table row=[>, =, <] ix=21 result=[5+] is correct

Test 6-:
    W0: [ 0,  1,  5,  6] < [ 2,  3,  4,  7]
    W1: [ 0,  1,  7] > [ 2,  6,  8]
    W2: [ 0,  2,  6] < [ 3,  5,  8]
    Truth table row=[<, >, <] ix=6 result=[6-] is correct

Test 6+:
    W0: [ 0,  1,  5,  6] > [ 2,  3,  4,  7]
    W1: [ 0,  1,  7] < [ 2,  6,  8]
    W2: [ 0,  2,  6] > [ 3,  5,  8]
    Truth table row=[>, <, >] ix=20 result=[6+] is correct

Test 7-:
    W0: [ 0,  1,  5,  6] > [ 2,  3,  4,  7]
    W1: [ 0,  1,  7] < [ 2,  6,  8]
    W2: [ 0,  2,  6] = [ 3,  5,  8]
    Truth table row=[>, <, =] ix=19 result=[7-] is correct

Test 7+:
    W0: [ 0,  1,  5,  6] < [ 2,  3,  4,  7]
    W1: [ 0,  1,  7] > [ 2,  6,  8]
    W2: [ 0,  2,  6] = [ 3,  5,  8]
    Truth table row=[<, >, =] ix=7 result=[7+] is correct

Test 8-:
    W0: [ 0,  1,  5,  6] = [ 2,  3,  4,  7]
    W1: [ 0,  1,  7] > [ 2,  6,  8]
    W2: [ 0,  2,  6] > [ 3,  5,  8]
    Truth table row=[=, >, >] ix=17 result=[8-] is correct

Test 8+:
    W0: [ 0,  1,  5,  6] = [ 2,  3,  4,  7]
    W1: [ 0,  1,  7] < [ 2,  6,  8]
    W2: [ 0,  2,  6] < [ 3,  5,  8]
    Truth table row=[=, <, <] ix=9 result=[8+] is correct

Total correct results: 18
Total incorrect results: 0
