Solving for 32 balls and 5 weighings.
Using symmetry breaking strategy TruthTableAscending.

Solution:
W0: [ 0,  1,  2,  3,  5, 10, 14, 17, 19, 20, 21, 23] <=> [ 4,  6,  7,  8,  9, 11, 12, 13, 15, 16, 18, 22]
W1: [ 0,  1,  2,  3,  5, 16, 18, 22, 24, 26, 29] <=> [ 4,  6,  7, 17, 19, 20, 21, 23, 25, 27, 28]
W2: [ 0,  6,  7, 10, 13, 15, 22, 24, 26, 27, 28] <=> [ 8,  9, 11, 12, 14, 16, 21, 23, 25, 29, 30]
W3: [ 1,  2,  3,  7, 11, 12, 16, 17, 21, 24, 28] <=> [ 0,  6,  8,  9, 13, 19, 20, 25, 26, 29, 31]
W4: [ 1,  6,  9, 10, 12, 14, 15, 18, 19, 24, 27, 30, 31] <=> [ 0,  3,  4,  5,  7, 11, 16, 17, 20, 22, 23, 28, 29]

Truth Table:
ix  W0  W1  W2  W3  W4   Result
 0   <   <   <   <   <
 1   <   <   <   <   =
 2   <   <   <   <   >
 3   <   <   <   =   <
 4   <   <   <   =   =
 5   <   <   <   =   >
 6   <   <   <   >   <
 7   <   <   <   >   =
 8   <   <   <   >   >   0-
 9   <   <   =   <   <   1-
10   <   <   =   <   =   2-
11   <   <   =   <   >   3-
12   <   <   =   =   <   4+
13   <   <   =   =   =
14   <   <   =   =   >   5-
15   <   <   =   >   <
16   <   <   =   >   =
17   <   <   =   >   >
18   <   <   >   <   <
19   <   <   >   <   =
20   <   <   >   <   >   6+
21   <   <   >   =   <
22   <   <   >   =   =
23   <   <   >   =   >
24   <   <   >   >   <   7+
25   <   <   >   >   =
26   <   <   >   >   >
27   <   =   <   <   <
28   <   =   <   <   =   8+
29   <   =   <   <   >   9+
30   <   =   <   =   <   10-
31   <   =   <   =   =
32   <   =   <   =   >
33   <   =   <   >   <   11+
34   <   =   <   >   =
35   <   =   <   >   >   12+
36   <   =   =   <   <
37   <   =   =   <   =
38   <   =   =   <   >
39   <   =   =   =   <
40   <   =   =   =   =
41   <   =   =   =   >
42   <   =   =   >   <
43   <   =   =   >   =
44   <   =   =   >   >
45   <   =   >   <   <
46   <   =   >   <   =   13+
47   <   =   >   <   >
48   <   =   >   =   <   14-
49   <   =   >   =   =
50   <   =   >   =   >   15+
51   <   =   >   >   <
52   <   =   >   >   =
53   <   =   >   >   >
54   <   >   <   <   <
55   <   >   <   <   =
56   <   >   <   <   >
57   <   >   <   =   <
58   <   >   <   =   =
59   <   >   <   =   >
60   <   >   <   >   <   16+
61   <   >   <   >   =
62   <   >   <   >   >
63   <   >   =   <   <
64   <   >   =   <   =
65   <   >   =   <   >   17-
66   <   >   =   =   <
67   <   >   =   =   =
68   <   >   =   =   >   18+
69   <   >   =   >   <   19-
70   <   >   =   >   =
71   <   >   =   >   >   20-
72   <   >   >   <   <
73   <   >   >   <   =   21-
74   <   >   >   <   >
75   <   >   >   =   <   22+
76   <   >   >   =   =
77   <   >   >   =   >   23-
78   <   >   >   >   <
79   <   >   >   >   =
80   <   >   >   >   >
81   =   <   <   <   <   24-
82   =   <   <   <   =   25+
83   =   <   <   <   >
84   =   <   <   =   <
85   =   <   <   =   =
86   =   <   <   =   >
87   =   <   <   >   <
88   =   <   <   >   =   26-
89   =   <   <   >   >
90   =   <   =   <   <
91   =   <   =   <   =
92   =   <   =   <   >
93   =   <   =   =   <
94   =   <   =   =   =
95   =   <   =   =   >
96   =   <   =   >   <
97   =   <   =   >   =
98   =   <   =   >   >
99   =   <   >   <   <
100   =   <   >   <   =
101   =   <   >   <   >
102   =   <   >   =   <
103   =   <   >   =   =
104   =   <   >   =   >   27+
105   =   <   >   >   <   28+
106   =   <   >   >   =
107   =   <   >   >   >   29-
108   =   =   <   <   <
109   =   =   <   <   =
110   =   =   <   <   >
111   =   =   <   =   <
112   =   =   <   =   =
113   =   =   <   =   >   30+
114   =   =   <   >   <
115   =   =   <   >   =
116   =   =   <   >   >
117   =   =   =   <   <
118   =   =   =   <   =
119   =   =   =   <   >   31+
120   =   =   =   =   <
121   =   =   =   =   =
122   =   =   =   =   >
123   =   =   =   >   <   31-
124   =   =   =   >   =
125   =   =   =   >   >
126   =   =   >   <   <
127   =   =   >   <   =
128   =   =   >   <   >
129   =   =   >   =   <   30-
130   =   =   >   =   =
131   =   =   >   =   >
132   =   =   >   >   <
133   =   =   >   >   =
134   =   =   >   >   >
135   =   >   <   <   <   29+
136   =   >   <   <   =
137   =   >   <   <   >   28-
138   =   >   <   =   <   27-
139   =   >   <   =   =
140   =   >   <   =   >
141   =   >   <   >   <
142   =   >   <   >   =
143   =   >   <   >   >
144   =   >   =   <   <
145   =   >   =   <   =
146   =   >   =   <   >
147   =   >   =   =   <
148   =   >   =   =   =
149   =   >   =   =   >
150   =   >   =   >   <
151   =   >   =   >   =
152   =   >   =   >   >
153   =   >   >   <   <
154   =   >   >   <   =   26+
155   =   >   >   <   >
156   =   >   >   =   <
157   =   >   >   =   =
158   =   >   >   =   >
159   =   >   >   >   <
160   =   >   >   >   =   25-
161   =   >   >   >   >   24+
162   >   <   <   <   <
163   >   <   <   <   =
164   >   <   <   <   >
165   >   <   <   =   <   23+
166   >   <   <   =   =
167   >   <   <   =   >   22-
168   >   <   <   >   <
169   >   <   <   >   =   21+
170   >   <   <   >   >
171   >   <   =   <   <   20+
172   >   <   =   <   =
173   >   <   =   <   >   19+
174   >   <   =   =   <   18-
175   >   <   =   =   =
176   >   <   =   =   >
177   >   <   =   >   <   17+
178   >   <   =   >   =
179   >   <   =   >   >
180   >   <   >   <   <
181   >   <   >   <   =
182   >   <   >   <   >   16-
183   >   <   >   =   <
184   >   <   >   =   =
185   >   <   >   =   >
186   >   <   >   >   <
187   >   <   >   >   =
188   >   <   >   >   >
189   >   =   <   <   <
190   >   =   <   <   =
191   >   =   <   <   >
192   >   =   <   =   <   15-
193   >   =   <   =   =
194   >   =   <   =   >   14+
195   >   =   <   >   <
196   >   =   <   >   =   13-
197   >   =   <   >   >
198   >   =   =   <   <
199   >   =   =   <   =
200   >   =   =   <   >
201   >   =   =   =   <
202   >   =   =   =   =
203   >   =   =   =   >
204   >   =   =   >   <
205   >   =   =   >   =
206   >   =   =   >   >
207   >   =   >   <   <   12-
208   >   =   >   <   =
209   >   =   >   <   >   11-
210   >   =   >   =   <
211   >   =   >   =   =
212   >   =   >   =   >   10+
213   >   =   >   >   <   9-
214   >   =   >   >   =   8-
215   >   =   >   >   >
216   >   >   <   <   <
217   >   >   <   <   =
218   >   >   <   <   >   7-
219   >   >   <   =   <
220   >   >   <   =   =
221   >   >   <   =   >
222   >   >   <   >   <   6-
223   >   >   <   >   =
224   >   >   <   >   >
225   >   >   =   <   <
226   >   >   =   <   =
227   >   >   =   <   >
228   >   >   =   =   <   5+
229   >   >   =   =   =
230   >   >   =   =   >   4-
231   >   >   =   >   <   3+
232   >   >   =   >   =   2+
233   >   >   =   >   >   1+
234   >   >   >   <   <   0+
235   >   >   >   <   =
236   >   >   >   <   >
237   >   >   >   =   <
238   >   >   >   =   =
239   >   >   >   =   >
240   >   >   >   >   <
241   >   >   >   >   =
242   >   >   >   >   >

Test 0-:
    W0: [ 0,  1,  2,  3,  5, 10, 14, 17, 19, 20, 21, 23] < [ 4,  6,  7,  8,  9, 11, 12, 13, 15, 16, 18, 22]
    W1: [ 0,  1,  2,  3,  5, 16, 18, 22, 24, 26, 29] < [ 4,  6,  7, 17, 19, 20, 21, 23, 25, 27, 28]
    W2: [ 0,  6,  7, 10, 13, 15, 22, 24, 26, 27, 28] < [ 8,  9, 11, 12, 14, 16, 21, 23, 25, 29, 30]
    W3: [ 1,  2,  3,  7, 11, 12, 16, 17, 21, 24, 28] > [ 0,  6,  8,  9, 13, 19, 20, 25, 26, 29, 31]
    W4: [ 1,  6,  9, 10, 12, 14, 15, 18, 19, 24, 27, 30, 31] > [ 0,  3,  4,  5,  7, 11, 16, 17, 20, 22, 23, 28, 29]
    Truth table row=[<, <, <, >, >] ix=8 result=[0-] is correct

Test 0+:
    W0: [ 0,  1,  2,  3,  5, 10, 14, 17, 19, 20, 21, 23] > [ 4,  6,  7,  8,  9, 11, 12, 13, 15, 16, 18, 22]
    W1: [ 0,  1,  2,  3,  5, 16, 18, 22, 24, 26, 29] > [ 4,  6,  7, 17, 19, 20, 21, 23, 25, 27, 28]
    W2: [ 0,  6,  7, 10, 13, 15, 22, 24, 26, 27, 28] > [ 8,  9, 11, 12, 14, 16, 21, 23, 25, 29, 30]
    W3: [ 1,  2,  3,  7, 11, 12, 16, 17, 21, 24, 28] < [ 0,  6,  8,  9, 13, 19, 20, 25, 26, 29, 31]
    W4: [ 1,  6,  9, 10, 12, 14, 15, 18, 19, 24, 27, 30, 31] < [ 0,  3,  4,  5,  7, 11, 16, 17, 20, 22, 23, 28, 29]
    Truth table row=[>, >, >, <, <] ix=234 result=[0+] is correct

Test 1-:
    W0: [ 0,  1,  2,  3,  5, 10, 14, 17, 19, 20, 21, 23] < [ 4,  6,  7,  8,  9, 11, 12, 13, 15, 16, 18, 22]
    W1: [ 0,  1,  2,  3,  5, 16, 18, 22, 24, 26, 29] < [ 4,  6,  7, 17, 19, 20, 21, 23, 25, 27, 28]
    W2: [ 0,  6,  7, 10, 13, 15, 22, 24, 26, 27, 28] = [ 8,  9, 11, 12, 14, 16, 21, 23, 25, 29, 30]
    W3: [ 1,  2,  3,  7, 11, 12, 16, 17, 21, 24, 28] < [ 0,  6,  8,  9, 13, 19, 20, 25, 26, 29, 31]
    W4: [ 1,  6,  9, 10, 12, 14, 15, 18, 19, 24, 27, 30, 31] < [ 0,  3,  4,  5,  7, 11, 16, 17, 20, 22, 23, 28, 29]
    Truth table row=[<, <, =, <, <] ix=9 result=[1-] is correct

Test 1+:
    W0: [ 0,  1,  2,  3,  5, 10, 14, 17, 19, 20, 21, 23] > [ 4,  6,  7,  8,  9, 11, 12, 13, 15, 16, 18, 22]
    W1: [ 0,  1,  2,  3,  5, 16, 18, 22, 24, 26, 29] > [ 4,  6,  7, 17, 19, 20, 21, 23, 25, 27, 28]
    W2: [ 0,  6,  7, 10, 13, 15, 22, 24, 26, 27, 28] = [ 8,  9, 11, 12, 14, 16, 21, 23, 25, 29, 30]
    W3: [ 1,  2,  3,  7, 11, 12, 16, 17, 21, 24, 28] > [ 0,  6,  8,  9, 13, 19, 20, 25, 26, 29, 31]
    W4: [ 1,  6,  9, 10, 12, 14, 15, 18, 19, 24, 27, 30, 31] > [ 0,  3,  4,  5,  7, 11, 16, 17, 20, 22, 23, 28, 29]
    Truth table row=[>, >, =, >, >] ix=233 result=[1+] is correct

Test 2-:
    W0: [ 0,  1,  2,  3,  5, 10, 14, 17, 19, 20, 21, 23] < [ 4,  6,  7,  8,  9, 11, 12, 13, 15, 16, 18, 22]
    W1: [ 0,  1,  2,  3,  5, 16, 18, 22, 24, 26, 29] < [ 4,  6,  7, 17, 19, 20, 21, 23, 25, 27, 28]
    W2: [ 0,  6,  7, 10, 13, 15, 22, 24, 26, 27, 28] = [ 8,  9, 11, 12, 14, 16, 21, 23, 25, 29, 30]
    W3: [ 1,  2,  3,  7, 11, 12, 16, 17, 21, 24, 28] < [ 0,  6,  8,  9, 13, 19, 20, 25, 26, 29, 31]
    W4: [ 1,  6,  9, 10, 12, 14, 15, 18, 19, 24, 27, 30, 31] = [ 0,  3,  4,  5,  7, 11, 16, 17, 20, 22, 23, 28, 29]
    Truth table row=[<, <, =, <, =] ix=10 result=[2-] is correct

Test 2+:
    W0: [ 0,  1,  2,  3,  5, 10, 14, 17, 19, 20, 21, 23] > [ 4,  6,  7,  8,  9, 11, 12, 13, 15, 16, 18, 22]
    W1: [ 0,  1,  2,  3,  5, 16, 18, 22, 24, 26, 29] > [ 4,  6,  7, 17, 19, 20, 21, 23, 25, 27, 28]
    W2: [ 0,  6,  7, 10, 13, 15, 22, 24, 26, 27, 28] = [ 8,  9, 11, 12, 14, 16, 21, 23, 25, 29, 30]
    W3: [ 1,  2,  3,  7, 11, 12, 16, 17, 21, 24, 28] > [ 0,  6,  8,  9, 13, 19, 20, 25, 26, 29, 31]
    W4: [ 1,  6,  9, 10, 12, 14, 15, 18, 19, 24, 27, 30, 31] = [ 0,  3,  4,  5,  7, 11, 16, 17, 20, 22, 23, 28, 29]
    Truth table row=[>, >, =, >, =] ix=232 result=[2+] is correct

Test 3-:
    W0: [ 0,  1,  2,  3,  5, 10, 14, 17, 19, 20, 21, 23] < [ 4,  6,  7,  8,  9, 11, 12, 13, 15, 16, 18, 22]
    W1: [ 0,  1,  2,  3,  5, 16, 18, 22, 24, 26, 29] < [ 4,  6,  7, 17, 19, 20, 21, 23, 25, 27, 28]
    W2: [ 0,  6,  7, 10, 13, 15, 22, 24, 26, 27, 28] = [ 8,  9, 11, 12, 14, 16, 21, 23, 25, 29, 30]
    W3: [ 1,  2,  3,  7, 11, 12, 16, 17, 21, 24, 28] < [ 0,  6,  8,  9, 13, 19, 20, 25, 26, 29, 31]
    W4: [ 1,  6,  9, 10, 12, 14, 15, 18, 19, 24, 27, 30, 31] > [ 0,  3,  4,  5,  7, 11, 16, 17, 20, 22, 23, 28, 29]
    Truth table row=[<, <, =, <, >] ix=11 result=[3-] is correct

Test 3+:
    W0: [ 0,  1,  2,  3,  5, 10, 14, 17, 19, 20, 21, 23] > [ 4,  6,  7,  8,  9, 11, 12, 13, 15, 16, 18, 22]
    W1: [ 0,  1,  2,  3,  5, 16, 18, 22, 24, 26, 29] > [ 4,  6,  7, 17, 19, 20, 21, 23, 25, 27, 28]
    W2: [ 0,  6,  7, 10, 13, 15, 22, 24, 26, 27, 28] = [ 8,  9, 11, 12, 14, 16, 21, 23, 25, 29, 30]
    W3: [ 1,  2,  3,  7, 11, 12, 16, 17, 21, 24, 28] > [ 0,  6,  8,  9, 13, 19, 20, 25, 26, 29, 31]
    W4: [ 1,  6,  9, 10, 12, 14, 15, 18, 19, 24, 27, 30, 31] < [ 0,  3,  4,  5,  7, 11, 16, 17, 20, 22, 23, 28, 29]
    Truth table row=[>, >, =, >, <] ix=231 result=[3+] is correct

Test 4-:
    W0: [ 0,  1,  2,  3,  5, 10, 14, 17, 19, 20, 21, 23] > [ 4,  6,  7,  8,  9, 11, 12, 13, 15, 16, 18, 22]
    W1: [ 0,  1,  2,  3,  5, 16, 18, 22, 24, 26, 29] > [ 4,  6,  7, 17, 19, 20, 21, 23, 25, 27, 28]
    W2: [ 0,  6,  7, 10, 13, 15, 22, 24, 26, 27, 28] = [ 8,  9, 11, 12, 14, 16, 21, 23, 25, 29, 30]
    W3: [ 1,  2,  3,  7, 11, 12, 16, 17, 21, 24, 28] = [ 0,  6,  8,  9, 13, 19, 20, 25, 26, 29, 31]
    W4: [ 1,  6,  9, 10, 12, 14, 15, 18, 19, 24, 27, 30, 31] > [ 0,  3,  4,  5,  7, 11, 16, 17, 20, 22, 23, 28, 29]
    Truth table row=[>, >, =, =, >] ix=230 result=[4-] is correct

Test 4+:
    W0: [ 0,  1,  2,  3,  5, 10, 14, 17, 19, 20, 21, 23] < [ 4,  6,  7,  8,  9, 11, 12, 13, 15, 16, 18, 22]
    W1: [ 0,  1,  2,  3,  5, 16, 18, 22, 24, 26, 29] < [ 4,  6,  7, 17, 19, 20, 21, 23, 25, 27, 28]
    W2: [ 0,  6,  7, 10, 13, 15, 22, 24, 26, 27, 28] = [ 8,  9, 11, 12, 14, 16, 21, 23, 25, 29, 30]
    W3: [ 1,  2,  3,  7, 11, 12, 16, 17, 21, 24, 28] = [ 0,  6,  8,  9, 13, 19, 20, 25, 26, 29, 31]
    W4: [ 1,  6,  9, 10, 12, 14, 15, 18, 19, 24, 27, 30, 31] < [ 0,  3,  4,  5,  7, 11, 16, 17, 20, 22, 23, 28, 29]
    Truth table row=[<, <, =, =, <] ix=12 result=[4+] is correct

Test 5-:
    W0: [ 0,  1,  2,  3,  5, 10, 14, 17, 19, 20, 21, 23] < [ 4,  6,  7,  8,  9, 11, 12, 13, 15, 16, 18, 22]
    W1: [ 0,  1,  2,  3,  5, 16, 18, 22, 24, 26, 29] < [ 4,  6,  7, 17, 19, 20, 21, 23, 25, 27, 28]
    W2: [ 0,  6,  7, 10, 13, 15, 22, 24, 26, 27, 28] = [ 8,  9, 11, 12, 14, 16, 21, 23, 25, 29, 30]
    W3: [ 1,  2,  3,  7, 11, 12, 16, 17, 21, 24, 28] = [ 0,  6,  8,  9, 13, 19, 20, 25, 26, 29, 31]
    W4: [ 1,  6,  9, 10, 12, 14, 15, 18, 19, 24, 27, 30, 31] > [ 0,  3,  4,  5,  7, 11, 16, 17, 20, 22, 23, 28, 29]
    Truth table row=[<, <, =, =, >] ix=14 result=[5-] is correct

Test 5+:
    W0: [ 0,  1,  2,  3,  5, 10, 14, 17, 19, 20, 21, 23] > [ 4,  6,  7,  8,  9, 11, 12, 13, 15, 16, 18, 22]
    W1: [ 0,  1,  2,  3,  5, 16, 18, 22, 24, 26, 29] > [ 4,  6,  7, 17, 19, 20, 21, 23, 25, 27, 28]
    W2: [ 0,  6,  7, 10, 13, 15, 22, 24, 26, 27, 28] = [ 8,  9, 11, 12, 14, 16, 21, 23, 25, 29, 30]
    W3: [ 1,  2,  3,  7, 11, 12, 16, 17, 21, 24, 28] = [ 0,  6,  8,  9, 13, 19, 20, 25, 26, 29, 31]
    W4: [ 1,  6,  9, 10, 12, 14, 15, 18, 19, 24, 27, 30, 31] < [ 0,  3,  4,  5,  7, 11, 16, 17, 20, 22, 23, 28, 29]
    Truth table row=[>, >, =, =, <] ix=228 result=[5+] is correct

Test 6-:
    W0: [ 0,  1,  2,  3,  5, 10, 14, 17, 19, 20, 21, 23] > [ 4,  6,  7,  8,  9, 11, 12, 13, 15, 16, 18, 22]
    W1: [ 0,  1,  2,  3,  5, 16, 18, 22, 24, 26, 29] > [ 4,  6,  7, 17, 19, 20, 21, 23, 25, 27, 28]
    W2: [ 0,  6,  7, 10, 13, 15, 22, 24, 26, 27, 28] < [ 8,  9, 11, 12, 14, 16, 21, 23, 25, 29, 30]
    W3: [ 1,  2,  3,  7, 11, 12, 16, 17, 21, 24, 28] > [ 0,  6,  8,  9, 13, 19, 20, 25, 26, 29, 31]
    W4: [ 1,  6,  9, 10, 12, 14, 15, 18, 19, 24, 27, 30, 31] < [ 0,  3,  4,  5,  7, 11, 16, 17, 20, 22, 23, 28, 29]
    Truth table row=[>, >, <, >, <] ix=222 result=[6-] is correct

Test 6+:
    W0: [ 0,  1,  2,  3,  5, 10, 14, 17, 19, 20, 21, 23] < [ 4,  6,  7,  8,  9, 11, 12, 13, 15, 16, 18, 22]
    W1: [ 0,  1,  2,  3,  5, 16, 18, 22, 24, 26, 29] < [ 4,  6,  7, 17, 19, 20, 21, 23, 25, 27, 28]
    W2: [ 0,  6,  7, 10, 13, 15, 22, 24, 26, 27, 28] > [ 8,  9, 11, 12, 14, 16, 21, 23, 25, 29, 30]
    W3: [ 1,  2,  3,  7, 11, 12, 16, 17, 21, 24, 28] < [ 0,  6,  8,  9, 13, 19, 20, 25, 26, 29, 31]
    W4: [ 1,  6,  9, 10, 12, 14, 15, 18, 19, 24, 27, 30, 31] > [ 0,  3,  4,  5,  7, 11, 16, 17, 20, 22, 23, 28, 29]
    Truth table row=[<, <, >, <, >] ix=20 result=[6+] is correct

Test 7-:
    W0: [ 0,  1,  2,  3,  5, 10, 14, 17, 19, 20, 21, 23] > [ 4,  6,  7,  8,  9, 11, 12, 13, 15, 16, 18, 22]
    W1: [ 0,  1,  2,  3,  5, 16, 18, 22, 24, 26, 29] > [ 4,  6,  7, 17, 19, 20, 21, 23, 25, 27, 28]
    W2: [ 0,  6,  7, 10, 13, 15, 22, 24, 26, 27, 28] < [ 8,  9, 11, 12, 14, 16, 21, 23, 25, 29, 30]
    W3: [ 1,  2,  3,  7, 11, 12, 16, 17, 21, 24, 28] < [ 0,  6,  8,  9, 13, 19, 20, 25, 26, 29, 31]
    W4: [ 1,  6,  9, 10, 12, 14, 15, 18, 19, 24, 27, 30, 31] > [ 0,  3,  4,  5,  7, 11, 16, 17, 20, 22, 23, 28, 29]
    Truth table row=[>, >, <, <, >] ix=218 result=[7-] is correct

Test 7+:
    W0: [ 0,  1,  2,  3,  5, 10, 14, 17, 19, 20, 21, 23] < [ 4,  6,  7,  8,  9, 11, 12, 13, 15, 16, 18, 22]
    W1: [ 0,  1,  2,  3,  5, 16, 18, 22, 24, 26, 29] < [ 4,  6,  7, 17, 19, 20, 21, 23, 25, 27, 28]
    W2: [ 0,  6,  7, 10, 13, 15, 22, 24, 26, 27, 28] > [ 8,  9, 11, 12, 14, 16, 21, 23, 25, 29, 30]
    W3: [ 1,  2,  3,  7, 11, 12, 16, 17, 21, 24, 28] > [ 0,  6,  8,  9, 13, 19, 20, 25, 26, 29, 31]
    W4: [ 1,  6,  9, 10, 12, 14, 15, 18, 19, 24, 27, 30, 31] < [ 0,  3,  4,  5,  7, 11, 16, 17, 20, 22, 23, 28, 29]
    Truth table row=[<, <, >, >, <] ix=24 result=[7+] is correct

Test 8-:
    W0: [ 0,  1,  2,  3,  5, 10, 14, 17, 19, 20, 21, 23] > [ 4,  6,  7,  8,  9, 11, 12, 13, 15, 16, 18, 22]
    W1: [ 0,  1,  2,  3,  5, 16, 18, 22, 24, 26, 29] = [ 4,  6,  7, 17, 19, 20, 21, 23, 25, 27, 28]
    W2: [ 0,  6,  7, 10, 13, 15, 22, 24, 26, 27, 28] > [ 8,  9, 11, 12, 14, 16, 21, 23, 25, 29, 30]
    W3: [ 1,  2,  3,  7, 11, 12, 16, 17, 21, 24, 28] > [ 0,  6,  8,  9, 13, 19, 20, 25, 26, 29, 31]
    W4: [ 1,  6,  9, 10, 12, 14, 15, 18, 19, 24, 27, 30, 31] = [ 0,  3,  4,  5,  7, 11, 16, 17, 20, 22, 23, 28, 29]
    Truth table row=[>, =, >, >, =] ix=214 result=[8-] is correct

Test 8+:
    W0: [ 0,  1,  2,  3,  5, 10, 14, 17, 19, 20, 21, 23] < [ 4,  6,  7,  8,  9, 11, 12, 13, 15, 16, 18, 22]
    W1: [ 0,  1,  2,  3,  5, 16, 18, 22, 24, 26, 29] = [ 4,  6,  7, 17, 19, 20, 21, 23, 25, 27, 28]
    W2: [ 0,  6,  7, 10, 13, 15, 22, 24, 26, 27, 28] < [ 8,  9, 11, 12, 14, 16, 21, 23, 25, 29, 30]
    W3: [ 1,  2,  3,  7, 11, 12, 16, 17, 21, 24, 28] < [ 0,  6,  8,  9, 13, 19, 20, 25, 26, 29, 31]
    W4: [ 1,  6,  9, 10, 12, 14, 15, 18, 19, 24, 27, 30, 31] = [ 0,  3,  4,  5,  7, 11, 16, 17, 20, 22, 23, 28, 29]
    Truth table row=[<, =, <, <, =] ix=28 result=[8+] is correct

Test 9-:
    W0: [ 0,  1,  2,  3,  5, 10, 14, 17, 19, 20, 21, 23] > [ 4,  6,  7,  8,  9, 11, 12, 13, 15, 16, 18, 22]
    W1: [ 0,  1,  2,  3,  5, 16, 18, 22, 24, 26, 29] = [ 4,  6,  7, 17, 19, 20, 21, 23, 25, 27, 28]
    W2: [ 0,  6,  7, 10, 13, 15, 22, 24, 26, 27, 28] > [ 8,  9, 11, 12, 14, 16, 21, 23, 25, 29, 30]
    W3: [ 1,  2,  3,  7, 11, 12, 16, 17, 21, 24, 28] > [ 0,  6,  8,  9, 13, 19, 20, 25, 26, 29, 31]
    W4: [ 1,  6,  9, 10, 12, 14, 15, 18, 19, 24, 27, 30, 31] < [ 0,  3,  4,  5,  7, 11, 16, 17, 20, 22, 23, 28, 29]
    Truth table row=[>, =, >, >, <] ix=213 result=[9-] is correct

Test 9+:
    W0: [ 0,  1,  2,  3,  5, 10, 14, 17, 19, 20, 21, 23] < [ 4,  6,  7,  8,  9, 11, 12, 13, 15, 16, 18, 22]
    W1: [ 0,  1,  2,  3,  5, 16, 18, 22, 24, 26, 29] = [ 4,  6,  7, 17, 19, 20, 21, 23, 25, 27, 28]
    W2: [ 0,  6,  7, 10, 13, 15, 22, 24, 26, 27, 28] < [ 8,  9, 11, 12, 14, 16, 21, 23, 25, 29, 30]
    W3: [ 1,  2,  3,  7, 11, 12, 16, 17, 21, 24, 28] < [ 0,  6,  8,  9, 13, 19, 20, 25, 26, 29, 31]
    W4: [ 1,  6,  9, 10, 12, 14, 15, 18, 19, 24, 27, 30, 31] > [ 0,  3,  4,  5,  7, 11, 16, 17, 20, 22, 23, 28, 29]
    Truth table row=[<, =, <, <, >] ix=29 result=[9+] is correct

Test 10-:
    W0: [ 0,  1,  2,  3,  5, 10, 14, 17, 19, 20, 21, 23] < [ 4,  6,  7,  8,  9, 11, 12, 13, 15, 16, 18, 22]
    W1: [ 0,  1,  2,  3,  5, 16, 18, 22, 24, 26, 29] = [ 4,  6,  7, 17, 19, 20, 21, 23, 25, 27, 28]
    W2: [ 0,  6,  7, 10, 13, 15, 22, 24, 26, 27, 28] < [ 8,  9, 11, 12, 14, 16, 21, 23, 25, 29, 30]
    W3: [ 1,  2,  3,  7, 11, 12, 16, 17, 21, 24, 28] = [ 0,  6,  8,  9, 13, 19, 20, 25, 26, 29, 31]
    W4: [ 1,  6,  9, 10, 12, 14, 15, 18, 19, 24, 27, 30, 31] < [ 0,  3,  4,  5,  7, 11, 16, 17, 20, 22, 23, 28, 29]
    Truth table row=[<, =, <, =, <] ix=30 result=[10-] is correct

Test 10+:
    W0: [ 0,  1,  2,  3,  5, 10, 14, 17, 19, 20, 21, 23] > [ 4,  6,  7,  8,  9, 11, 12, 13, 15, 16, 18, 22]
    W1: [ 0,  1,  2,  3,  5, 16, 18, 22, 24, 26, 29] = [ 4,  6,  7, 17, 19, 20, 21, 23, 25, 27, 28]
    W2: [ 0,  6,  7, 10, 13, 15, 22, 24, 26, 27, 28] > [ 8,  9, 11, 12, 14, 16, 21, 23, 25, 29, 30]
    W3: [ 1,  2,  3,  7, 11, 12, 16, 17, 21, 24, 28] = [ 0,  6,  8,  9, 13, 19, 20, 25, 26, 29, 31]
    W4: [ 1,  6,  9, 10, 12, 14, 15, 18, 19, 24, 27, 30, 31] > [ 0,  3,  4,  5,  7, 11, 16, 17, 20, 22, 23, 28, 29]
    Truth table row=[>, =, >, =, >] ix=212 result=[10+] is correct

Test 11-:
    W0: [ 0,  1,  2,  3,  5, 10, 14, 17, 19, 20, 21, 23] > [ 4,  6,  7,  8,  9, 11, 12, 13, 15, 16, 18, 22]
    W1: [ 0,  1,  2,  3,  5, 16, 18, 22, 24, 26, 29] = [ 4,  6,  7, 17, 19, 20, 21, 23, 25, 27, 28]
    W2: [ 0,  6,  7, 10, 13, 15, 22, 24, 26, 27, 28] > [ 8,  9, 11, 12, 14, 16, 21, 23, 25, 29, 30]
    W3: [ 1,  2,  3,  7, 11, 12, 16, 17, 21, 24, 28] < [ 0,  6,  8,  9, 13, 19, 20, 25, 26, 29, 31]
    W4: [ 1,  6,  9, 10, 12, 14, 15, 18, 19, 24, 27, 30, 31] > [ 0,  3,  4,  5,  7, 11, 16, 17, 20, 22, 23, 28, 29]
    Truth table row=[>, =, >, <, >] ix=209 result=[11-] is correct

Test 11+:
    W0: [ 0,  1,  2,  3,  5, 10, 14, 17, 19, 20, 21, 23] < [ 4,  6,  7,  8,  9, 11, 12, 13, 15, 16, 18, 22]
    W1: [ 0,  1,  2,  3,  5, 16, 18, 22, 24, 26, 29] = [ 4,  6,  7, 17, 19, 20, 21, 23, 25, 27, 28]
    W2: [ 0,  6,  7, 10, 13, 15, 22, 24, 26, 27, 28] < [ 8,  9, 11, 12, 14, 16, 21, 23, 25, 29, 30]
    W3: [ 1,  2,  3,  7, 11, 12, 16, 17, 21, 24, 28] > [ 0,  6,  8,  9, 13, 19, 20, 25, 26, 29, 31]
    W4: [ 1,  6,  9, 10, 12, 14, 15, 18, 19, 24, 27, 30, 31] < [ 0,  3,  4,  5,  7, 11, 16, 17, 20, 22, 23, 28, 29]
    Truth table row=[<, =, <, >, <] ix=33 result=[11+] is correct

Test 12-:
    W0: [ 0,  1,  2,  3,  5, 10, 14, 17, 19, 20, 21, 23] > [ 4,  6,  7,  8,  9, 11, 12, 13, 15, 16, 18, 22]
    W1: [ 0,  1,  2,  3,  5, 16, 18, 22, 24, 26, 29] = [ 4,  6,  7, 17, 19, 20, 21, 23, 25, 27, 28]
    W2: [ 0,  6,  7, 10, 13, 15, 22, 24, 26, 27, 28] > [ 8,  9, 11, 12, 14, 16, 21, 23, 25, 29, 30]
    W3: [ 1,  2,  3,  7, 11, 12, 16, 17, 21, 24, 28] < [ 0,  6,  8,  9, 13, 19, 20, 25, 26, 29, 31]
    W4: [ 1,  6,  9, 10, 12, 14, 15, 18, 19, 24, 27, 30, 31] < [ 0,  3,  4,  5,  7, 11, 16, 17, 20, 22, 23, 28, 29]
    Truth table row=[>, =, >, <, <] ix=207 result=[12-] is correct

Test 12+:
    W0: [ 0,  1,  2,  3,  5, 10, 14, 17, 19, 20, 21, 23] < [ 4,  6,  7,  8,  9, 11, 12, 13, 15, 16, 18, 22]
    W1: [ 0,  1,  2,  3,  5, 16, 18, 22, 24, 26, 29] = [ 4,  6,  7, 17, 19, 20, 21, 23, 25, 27, 28]
    W2: [ 0,  6,  7, 10, 13, 15, 22, 24, 26, 27, 28] < [ 8,  9, 11, 12, 14, 16, 21, 23, 25, 29, 30]
    W3: [ 1,  2,  3,  7, 11, 12, 16, 17, 21, 24, 28] > [ 0,  6,  8,  9, 13, 19, 20, 25, 26, 29, 31]
    W4: [ 1,  6,  9, 10, 12, 14, 15, 18, 19, 24, 27, 30, 31] > [ 0,  3,  4,  5,  7, 11, 16, 17, 20, 22, 23, 28, 29]
    Truth table row=[<, =, <, >, >] ix=35 result=[12+] is correct

Test 13-:
    W0: [ 0,  1,  2,  3,  5, 10, 14, 17, 19, 20, 21, 23] > [ 4,  6,  7,  8,  9, 11, 12, 13, 15, 16, 18, 22]
    W1: [ 0,  1,  2,  3,  5, 16, 18, 22, 24, 26, 29] = [ 4,  6,  7, 17, 19, 20, 21, 23, 25, 27, 28]
    W2: [ 0,  6,  7, 10, 13, 15, 22, 24, 26, 27, 28] < [ 8,  9, 11, 12, 14, 16, 21, 23, 25, 29, 30]
    W3: [ 1,  2,  3,  7, 11, 12, 16, 17, 21, 24, 28] > [ 0,  6,  8,  9, 13, 19, 20, 25, 26, 29, 31]
    W4: [ 1,  6,  9, 10, 12, 14, 15, 18, 19, 24, 27, 30, 31] = [ 0,  3,  4,  5,  7, 11, 16, 17, 20, 22, 23, 28, 29]
    Truth table row=[>, =, <, >, =] ix=196 result=[13-] is correct

Test 13+:
    W0: [ 0,  1,  2,  3,  5, 10, 14, 17, 19, 20, 21, 23] < [ 4,  6,  7,  8,  9, 11, 12, 13, 15, 16, 18, 22]
    W1: [ 0,  1,  2,  3,  5, 16, 18, 22, 24, 26, 29] = [ 4,  6,  7, 17, 19, 20, 21, 23, 25, 27, 28]
    W2: [ 0,  6,  7, 10, 13, 15, 22, 24, 26, 27, 28] > [ 8,  9, 11, 12, 14, 16, 21, 23, 25, 29, 30]
    W3: [ 1,  2,  3,  7, 11, 12, 16, 17, 21, 24, 28] < [ 0,  6,  8,  9, 13, 19, 20, 25, 26, 29, 31]
    W4: [ 1,  6,  9, 10, 12, 14, 15, 18, 19, 24, 27, 30, 31] = [ 0,  3,  4,  5,  7, 11, 16, 17, 20, 22, 23, 28, 29]
    Truth table row=[<, =, >, <, =] ix=46 result=[13+] is correct

Test 14-:
    W0: [ 0,  1,  2,  3,  5, 10, 14, 17, 19, 20, 21, 23] < [ 4,  6,  7,  8,  9, 11, 12, 13, 15, 16, 18, 22]
    W1: [ 0,  1,  2,  3,  5, 16, 18, 22, 24, 26, 29] = [ 4,  6,  7, 17, 19, 20, 21, 23, 25, 27, 28]
    W2: [ 0,  6,  7, 10, 13, 15, 22, 24, 26, 27, 28] > [ 8,  9, 11, 12, 14, 16, 21, 23, 25, 29, 30]
    W3: [ 1,  2,  3,  7, 11, 12, 16, 17, 21, 24, 28] = [ 0,  6,  8,  9, 13, 19, 20, 25, 26, 29, 31]
    W4: [ 1,  6,  9, 10, 12, 14, 15, 18, 19, 24, 27, 30, 31] < [ 0,  3,  4,  5,  7, 11, 16, 17, 20, 22, 23, 28, 29]
    Truth table row=[<, =, >, =, <] ix=48 result=[14-] is correct

Test 14+:
    W0: [ 0,  1,  2,  3,  5, 10, 14, 17, 19, 20, 21, 23] > [ 4,  6,  7,  8,  9, 11, 12, 13, 15, 16, 18, 22]
    W1: [ 0,  1,  2,  3,  5, 16, 18, 22, 24, 26, 29] = [ 4,  6,  7, 17, 19, 20, 21, 23, 25, 27, 28]
    W2: [ 0,  6,  7, 10, 13, 15, 22, 24, 26, 27, 28] < [ 8,  9, 11, 12, 14, 16, 21, 23, 25, 29, 30]
    W3: [ 1,  2,  3,  7, 11, 12, 16, 17, 21, 24, 28] = [ 0,  6,  8,  9, 13, 19, 20, 25, 26, 29, 31]
    W4: [ 1,  6,  9, 10, 12, 14, 15, 18, 19, 24, 27, 30, 31] > [ 0,  3,  4,  5,  7, 11, 16, 17, 20, 22, 23, 28, 29]
    Truth table row=[>, =, <, =, >] ix=194 result=[14+] is correct

Test 15-:
    W0: [ 0,  1,  2,  3,  5, 10, 14, 17, 19, 20, 21, 23] > [ 4,  6,  7,  8,  9, 11, 12, 13, 15, 16, 18, 22]
    W1: [ 0,  1,  2,  3,  5, 16, 18, 22, 24, 26, 29] = [ 4,  6,  7, 17, 19, 20, 21, 23, 25, 27, 28]
    W2: [ 0,  6,  7, 10, 13, 15, 22, 24, 26, 27, 28] < [ 8,  9, 11, 12, 14, 16, 21, 23, 25, 29, 30]
    W3: [ 1,  2,  3,  7, 11, 12, 16, 17, 21, 24, 28] = [ 0,  6,  8,  9, 13, 19, 20, 25, 26, 29, 31]
    W4: [ 1,  6,  9, 10, 12, 14, 15, 18, 19, 24, 27, 30, 31] < [ 0,  3,  4,  5,  7, 11, 16, 17, 20, 22, 23, 28, 29]
    Truth table row=[>, =, <, =, <] ix=192 result=[15-] is correct

Test 15+:
    W0: [ 0,  1,  2,  3,  5, 10, 14, 17, 19, 20, 21, 23] < [ 4,  6,  7,  8,  9, 11, 12, 13, 15, 16, 18, 22]
    W1: [ 0,  1,  2,  3,  5, 16, 18, 22, 24, 26, 29] = [ 4,  6,  7, 17, 19, 20, 21, 23, 25, 27, 28]
    W2: [ 0,  6,  7, 10, 13, 15, 22, 24, 26, 27, 28] > [ 8,  9, 11, 12, 14, 16, 21, 23, 25, 29, 30]
    W3: [ 1,  2,  3,  7, 11, 12, 16, 17, 21, 24, 28] = [ 0,  6,  8,  9, 13, 19, 20, 25, 26, 29, 31]
    W4: [ 1,  6,  9, 10, 12, 14, 15, 18, 19, 24, 27, 30, 31] > [ 0,  3,  4,  5,  7, 11, 16, 17, 20, 22, 23, 28, 29]
    Truth table row=[<, =, >, =, >] ix=50 result=[15+] is correct

Test 16-:
    W0: [ 0,  1,  2,  3,  5, 10, 14, 17, 19, 20, 21, 23] > [ 4,  6,  7,  8,  9, 11, 12, 13, 15, 16, 18, 22]
    W1: [ 0,  1,  2,  3,  5, 16, 18, 22, 24, 26, 29] < [ 4,  6,  7, 17, 19, 20, 21, 23, 25, 27, 28]
    W2: [ 0,  6,  7, 10, 13, 15, 22, 24, 26, 27, 28] > [ 8,  9, 11, 12, 14, 16, 21, 23, 25, 29, 30]
    W3: [ 1,  2,  3,  7, 11, 12, 16, 17, 21, 24, 28] < [ 0,  6,  8,  9, 13, 19, 20, 25, 26, 29, 31]
    W4: [ 1,  6,  9, 10, 12, 14, 15, 18, 19, 24, 27, 30, 31] > [ 0,  3,  4,  5,  7, 11, 16, 17, 20, 22, 23, 28, 29]
    Truth table row=[>, <, >, <, >] ix=182 result=[16-] is correct

Test 16+:
    W0: [ 0,  1,  2,  3,  5, 10, 14, 17, 19, 20, 21, 23] < [ 4,  6,  7,  8,  9, 11, 12, 13, 15, 16, 18, 22]
    W1: [ 0,  1,  2,  3,  5, 16, 18, 22, 24, 26, 29] > [ 4,  6,  7, 17, 19, 20, 21, 23, 25, 27, 28]
    W2: [ 0,  6,  7, 10, 13, 15, 22, 24, 26, 27, 28] < [ 8,  9, 11, 12, 14, 16, 21, 23, 25, 29, 30]
    W3: [ 1,  2,  3,  7, 11, 12, 16, 17, 21, 24, 28] > [ 0,  6,  8,  9, 13, 19, 20, 25, 26, 29, 31]
    W4: [ 1,  6,  9, 10, 12, 14, 15, 18, 19, 24, 27, 30, 31] < [ 0,  3,  4,  5,  7, 11, 16, 17, 20, 22, 23, 28, 29]
    Truth table row=[<, >, <, >, <] ix=60 result=[16+] is correct

Test 17-:
    W0: [ 0,  1,  2,  3,  5, 10, 14, 17, 19, 20, 21, 23] < [ 4,  6,  7,  8,  9, 11, 12, 13, 15, 16, 18, 22]
    W1: [ 0,  1,  2,  3,  5, 16, 18, 22, 24, 26, 29] > [ 4,  6,  7, 17, 19, 20, 21, 23, 25, 27, 28]
    W2: [ 0,  6,  7, 10, 13, 15, 22, 24, 26, 27, 28] = [ 8,  9, 11, 12, 14, 16, 21, 23, 25, 29, 30]
    W3: [ 1,  2,  3,  7, 11, 12, 16, 17, 21, 24, 28] < [ 0,  6,  8,  9, 13, 19, 20, 25, 26, 29, 31]
    W4: [ 1,  6,  9, 10, 12, 14, 15, 18, 19, 24, 27, 30, 31] > [ 0,  3,  4,  5,  7, 11, 16, 17, 20, 22, 23, 28, 29]
    Truth table row=[<, >, =, <, >] ix=65 result=[17-] is correct

Test 17+:
    W0: [ 0,  1,  2,  3,  5, 10, 14, 17, 19, 20, 21, 23] > [ 4,  6,  7,  8,  9, 11, 12, 13, 15, 16, 18, 22]
    W1: [ 0,  1,  2,  3,  5, 16, 18, 22, 24, 26, 29] < [ 4,  6,  7, 17, 19, 20, 21, 23, 25, 27, 28]
    W2: [ 0,  6,  7, 10, 13, 15, 22, 24, 26, 27, 28] = [ 8,  9, 11, 12, 14, 16, 21, 23, 25, 29, 30]
    W3: [ 1,  2,  3,  7, 11, 12, 16, 17, 21, 24, 28] > [ 0,  6,  8,  9, 13, 19, 20, 25, 26, 29, 31]
    W4: [ 1,  6,  9, 10, 12, 14, 15, 18, 19, 24, 27, 30, 31] < [ 0,  3,  4,  5,  7, 11, 16, 17, 20, 22, 23, 28, 29]
    Truth table row=[>, <, =, >, <] ix=177 result=[17+] is correct

Test 18-:
    W0: [ 0,  1,  2,  3,  5, 10, 14, 17, 19, 20, 21, 23] > [ 4,  6,  7,  8,  9, 11, 12, 13, 15, 16, 18, 22]
    W1: [ 0,  1,  2,  3,  5, 16, 18, 22, 24, 26, 29] < [ 4,  6,  7, 17, 19, 20, 21, 23, 25, 27, 28]
    W2: [ 0,  6,  7, 10, 13, 15, 22, 24, 26, 27, 28] = [ 8,  9, 11, 12, 14, 16, 21, 23, 25, 29, 30]
    W3: [ 1,  2,  3,  7, 11, 12, 16, 17, 21, 24, 28] = [ 0,  6,  8,  9, 13, 19, 20, 25, 26, 29, 31]
    W4: [ 1,  6,  9, 10, 12, 14, 15, 18, 19, 24, 27, 30, 31] < [ 0,  3,  4,  5,  7, 11, 16, 17, 20, 22, 23, 28, 29]
    Truth table row=[>, <, =, =, <] ix=174 result=[18-] is correct

Test 18+:
    W0: [ 0,  1,  2,  3,  5, 10, 14, 17, 19, 20, 21, 23] < [ 4,  6,  7,  8,  9, 11, 12, 13, 15, 16, 18, 22]
    W1: [ 0,  1,  2,  3,  5, 16, 18, 22, 24, 26, 29] > [ 4,  6,  7, 17, 19, 20, 21, 23, 25, 27, 28]
    W2: [ 0,  6,  7, 10, 13, 15, 22, 24, 26, 27, 28] = [ 8,  9, 11, 12, 14, 16, 21, 23, 25, 29, 30]
    W3: [ 1,  2,  3,  7, 11, 12, 16, 17, 21, 24, 28] = [ 0,  6,  8,  9, 13, 19, 20, 25, 26, 29, 31]
    W4: [ 1,  6,  9, 10, 12, 14, 15, 18, 19, 24, 27, 30, 31] > [ 0,  3,  4,  5,  7, 11, 16, 17, 20, 22, 23, 28, 29]
    Truth table row=[<, >, =, =, >] ix=68 result=[18+] is correct

Test 19-:
    W0: [ 0,  1,  2,  3,  5, 10, 14, 17, 19, 20, 21, 23] < [ 4,  6,  7,  8,  9, 11, 12, 13, 15, 16, 18, 22]
    W1: [ 0,  1,  2,  3,  5, 16, 18, 22, 24, 26, 29] > [ 4,  6,  7, 17, 19, 20, 21, 23, 25, 27, 28]
    W2: [ 0,  6,  7, 10, 13, 15, 22, 24, 26, 27, 28] = [ 8,  9, 11, 12, 14, 16, 21, 23, 25, 29, 30]
    W3: [ 1,  2,  3,  7, 11, 12, 16, 17, 21, 24, 28] > [ 0,  6,  8,  9, 13, 19, 20, 25, 26, 29, 31]
    W4: [ 1,  6,  9, 10, 12, 14, 15, 18, 19, 24, 27, 30, 31] < [ 0,  3,  4,  5,  7, 11, 16, 17, 20, 22, 23, 28, 29]
    Truth table row=[<, >, =, >, <] ix=69 result=[19-] is correct

Test 19+:
    W0: [ 0,  1,  2,  3,  5, 10, 14, 17, 19, 20, 21, 23] > [ 4,  6,  7,  8,  9, 11, 12, 13, 15, 16, 18, 22]
    W1: [ 0,  1,  2,  3,  5, 16, 18, 22, 24, 26, 29] < [ 4,  6,  7, 17, 19, 20, 21, 23, 25, 27, 28]
    W2: [ 0,  6,  7, 10, 13, 15, 22, 24, 26, 27, 28] = [ 8,  9, 11, 12, 14, 16, 21, 23, 25, 29, 30]
    W3: [ 1,  2,  3,  7, 11, 12, 16, 17, 21, 24, 28] < [ 0,  6,  8,  9, 13, 19, 20, 25, 26, 29, 31]
    W4: [ 1,  6,  9, 10, 12, 14, 15, 18, 19, 24, 27, 30, 31] > [ 0,  3,  4,  5,  7, 11, 16, 17, 20, 22, 23, 28, 29]
    Truth table row=[>, <, =, <, >] ix=173 result=[19+] is correct

Test 20-:
    W0: [ 0,  1,  2,  3,  5, 10, 14, 17, 19, 20, 21, 23] < [ 4,  6,  7,  8,  9, 11, 12, 13, 15, 16, 18, 22]
    W1: [ 0,  1,  2,  3,  5, 16, 18, 22, 24, 26, 29] > [ 4,  6,  7, 17, 19, 20, 21, 23, 25, 27, 28]
    W2: [ 0,  6,  7, 10, 13, 15, 22, 24, 26, 27, 28] = [ 8,  9, 11, 12, 14, 16, 21, 23, 25, 29, 30]
    W3: [ 1,  2,  3,  7, 11, 12, 16, 17, 21, 24, 28] > [ 0,  6,  8,  9, 13, 19, 20, 25, 26, 29, 31]
    W4: [ 1,  6,  9, 10, 12, 14, 15, 18, 19, 24, 27, 30, 31] > [ 0,  3,  4,  5,  7, 11, 16, 17, 20, 22, 23, 28, 29]
    Truth table row=[<, >, =, >, >] ix=71 result=[20-] is correct

Test 20+:
    W0: [ 0,  1,  2,  3,  5, 10, 14, 17, 19, 20, 21, 23] > [ 4,  6,  7,  8,  9, 11, 12, 13, 15, 16, 18, 22]
    W1: [ 0,  1,  2,  3,  5, 16, 18, 22, 24, 26, 29] < [ 4,  6,  7, 17, 19, 20, 21, 23, 25, 27, 28]
    W2: [ 0,  6,  7, 10, 13, 15, 22, 24, 26, 27, 28] = [ 8,  9, 11, 12, 14, 16, 21, 23, 25, 29, 30]
    W3: [ 1,  2,  3,  7, 11, 12, 16, 17, 21, 24, 28] < [ 0,  6,  8,  9, 13, 19, 20, 25, 26, 29, 31]
    W4: [ 1,  6,  9, 10, 12, 14, 15, 18, 19, 24, 27, 30, 31] < [ 0,  3,  4,  5,  7, 11, 16, 17, 20, 22, 23, 28, 29]
    Truth table row=[>, <, =, <, <] ix=171 result=[20+] is correct

Test 21-:
    W0: [ 0,  1,  2,  3,  5, 10, 14, 17, 19, 20, 21, 23] < [ 4,  6,  7,  8,  9, 11, 12, 13, 15, 16, 18, 22]
    W1: [ 0,  1,  2,  3,  5, 16, 18, 22, 24, 26, 29] > [ 4,  6,  7, 17, 19, 20, 21, 23, 25, 27, 28]
    W2: [ 0,  6,  7, 10, 13, 15, 22, 24, 26, 27, 28] > [ 8,  9, 11, 12, 14, 16, 21, 23, 25, 29, 30]
    W3: [ 1,  2,  3,  7, 11, 12, 16, 17, 21, 24, 28] < [ 0,  6,  8,  9, 13, 19, 20, 25, 26, 29, 31]
    W4: [ 1,  6,  9, 10, 12, 14, 15, 18, 19, 24, 27, 30, 31] = [ 0,  3,  4,  5,  7, 11, 16, 17, 20, 22, 23, 28, 29]
    Truth table row=[<, >, >, <, =] ix=73 result=[21-] is correct

Test 21+:
    W0: [ 0,  1,  2,  3,  5, 10, 14, 17, 19, 20, 21, 23] > [ 4,  6,  7,  8,  9, 11, 12, 13, 15, 16, 18, 22]
    W1: [ 0,  1,  2,  3,  5, 16, 18, 22, 24, 26, 29] < [ 4,  6,  7, 17, 19, 20, 21, 23, 25, 27, 28]
    W2: [ 0,  6,  7, 10, 13, 15, 22, 24, 26, 27, 28] < [ 8,  9, 11, 12, 14, 16, 21, 23, 25, 29, 30]
    W3: [ 1,  2,  3,  7, 11, 12, 16, 17, 21, 24, 28] > [ 0,  6,  8,  9, 13, 19, 20, 25, 26, 29, 31]
    W4: [ 1,  6,  9, 10, 12, 14, 15, 18, 19, 24, 27, 30, 31] = [ 0,  3,  4,  5,  7, 11, 16, 17, 20, 22, 23, 28, 29]
    Truth table row=[>, <, <, >, =] ix=169 result=[21+] is correct

Test 22-:
    W0: [ 0,  1,  2,  3,  5, 10, 14, 17, 19, 20, 21, 23] > [ 4,  6,  7,  8,  9, 11, 12, 13, 15, 16, 18, 22]
    W1: [ 0,  1,  2,  3,  5, 16, 18, 22, 24, 26, 29] < [ 4,  6,  7, 17, 19, 20, 21, 23, 25, 27, 28]
    W2: [ 0,  6,  7, 10, 13, 15, 22, 24, 26, 27, 28] < [ 8,  9, 11, 12, 14, 16, 21, 23, 25, 29, 30]
    W3: [ 1,  2,  3,  7, 11, 12, 16, 17, 21, 24, 28] = [ 0,  6,  8,  9, 13, 19, 20, 25, 26, 29, 31]
    W4: [ 1,  6,  9, 10, 12, 14, 15, 18, 19, 24, 27, 30, 31] > [ 0,  3,  4,  5,  7, 11, 16, 17, 20, 22, 23, 28, 29]
    Truth table row=[>, <, <, =, >] ix=167 result=[22-] is correct

Test 22+:
    W0: [ 0,  1,  2,  3,  5, 10, 14, 17, 19, 20, 21, 23] < [ 4,  6,  7,  8,  9, 11, 12, 13, 15, 16, 18, 22]
    W1: [ 0,  1,  2,  3,  5, 16, 18, 22, 24, 26, 29] > [ 4,  6,  7, 17, 19, 20, 21, 23, 25, 27, 28]
    W2: [ 0,  6,  7, 10, 13, 15, 22, 24, 26, 27, 28] > [ 8,  9, 11, 12, 14, 16, 21, 23, 25, 29, 30]
    W3: [ 1,  2,  3,  7, 11, 12, 16, 17, 21, 24, 28] = [ 0,  6,  8,  9, 13, 19, 20, 25, 26, 29, 31]
    W4: [ 1,  6,  9, 10, 12, 14, 15, 18, 19, 24, 27, 30, 31] < [ 0,  3,  4,  5,  7, 11, 16, 17, 20, 22, 23, 28, 29]
    Truth table row=[<, >, >, =, <] ix=75 result=[22+] is correct

Test 23-:
    W0: [ 0,  1,  2,  3,  5, 10, 14, 17, 19, 20, 21, 23] < [ 4,  6,  7,  8,  9, 11, 12, 13, 15, 16, 18, 22]
    W1: [ 0,  1,  2,  3,  5, 16, 18, 22, 24, 26, 29] > [ 4,  6,  7, 17, 19, 20, 21, 23, 25, 27, 28]
    W2: [ 0,  6,  7, 10, 13, 15, 22, 24, 26, 27, 28] > [ 8,  9, 11, 12, 14, 16, 21, 23, 25, 29, 30]
    W3: [ 1,  2,  3,  7, 11, 12, 16, 17, 21, 24, 28] = [ 0,  6,  8,  9, 13, 19, 20, 25, 26, 29, 31]
    W4: [ 1,  6,  9, 10, 12, 14, 15, 18, 19, 24, 27, 30, 31] > [ 0,  3,  4,  5,  7, 11, 16, 17, 20, 22, 23, 28, 29]
    Truth table row=[<, >, >, =, >] ix=77 result=[23-] is correct

Test 23+:
    W0: [ 0,  1,  2,  3,  5, 10, 14, 17, 19, 20, 21, 23] > [ 4,  6,  7,  8,  9, 11, 12, 13, 15, 16, 18, 22]
    W1: [ 0,  1,  2,  3,  5, 16, 18, 22, 24, 26, 29] < [ 4,  6,  7, 17, 19, 20, 21, 23, 25, 27, 28]
    W2: [ 0,  6,  7, 10, 13, 15, 22, 24, 26, 27, 28] < [ 8,  9, 11, 12, 14, 16, 21, 23, 25, 29, 30]
    W3: [ 1,  2,  3,  7, 11, 12, 16, 17, 21, 24, 28] = [ 0,  6,  8,  9, 13, 19, 20, 25, 26, 29, 31]
    W4: [ 1,  6,  9, 10, 12, 14, 15, 18, 19, 24, 27, 30, 31] < [ 0,  3,  4,  5,  7, 11, 16, 17, 20, 22, 23, 28, 29]
    Truth table row=[>, <, <, =, <] ix=165 result=[23+] is correct

Test 24-:
    W0: [ 0,  1,  2,  3,  5, 10, 14, 17, 19, 20, 21, 23] = [ 4,  6,  7,  8,  9, 11, 12, 13, 15, 16, 18, 22]
    W1: [ 0,  1,  2,  3,  5, 16, 18, 22, 24, 26, 29] < [ 4,  6,  7, 17, 19, 20, 21, 23, 25, 27, 28]
    W2: [ 0,  6,  7, 10, 13, 15, 22, 24, 26, 27, 28] < [ 8,  9, 11, 12, 14, 16, 21, 23, 25, 29, 30]
    W3: [ 1,  2,  3,  7, 11, 12, 16, 17, 21, 24, 28] < [ 0,  6,  8,  9, 13, 19, 20, 25, 26, 29, 31]
    W4: [ 1,  6,  9, 10, 12, 14, 15, 18, 19, 24, 27, 30, 31] < [ 0,  3,  4,  5,  7, 11, 16, 17, 20, 22, 23, 28, 29]
    Truth table row=[=, <, <, <, <] ix=81 result=[24-] is correct

Test 24+:
    W0: [ 0,  1,  2,  3,  5, 10, 14, 17, 19, 20, 21, 23] = [ 4,  6,  7,  8,  9, 11, 12, 13, 15, 16, 18, 22]
    W1: [ 0,  1,  2,  3,  5, 16, 18, 22, 24, 26, 29] > [ 4,  6,  7, 17, 19, 20, 21, 23, 25, 27, 28]
    W2: [ 0,  6,  7, 10, 13, 15, 22, 24, 26, 27, 28] > [ 8,  9, 11, 12, 14, 16, 21, 23, 25, 29, 30]
    W3: [ 1,  2,  3,  7, 11, 12, 16, 17, 21, 24, 28] > [ 0,  6,  8,  9, 13, 19, 20, 25, 26, 29, 31]
    W4: [ 1,  6,  9, 10, 12, 14, 15, 18, 19, 24, 27, 30, 31] > [ 0,  3,  4,  5,  7, 11, 16, 17, 20, 22, 23, 28, 29]
    Truth table row=[=, >, >, >, >] ix=161 result=[24+] is correct

Test 25-:
    W0: [ 0,  1,  2,  3,  5, 10, 14, 17, 19, 20, 21, 23] = [ 4,  6,  7,  8,  9, 11, 12, 13, 15, 16, 18, 22]
    W1: [ 0,  1,  2,  3,  5, 16, 18, 22, 24, 26, 29] > [ 4,  6,  7, 17, 19, 20, 21, 23, 25, 27, 28]
    W2: [ 0,  6,  7, 10, 13, 15, 22, 24, 26, 27, 28] > [ 8,  9, 11, 12, 14, 16, 21, 23, 25, 29, 30]
    W3: [ 1,  2,  3,  7, 11, 12, 16, 17, 21, 24, 28] > [ 0,  6,  8,  9, 13, 19, 20, 25, 26, 29, 31]
    W4: [ 1,  6,  9, 10, 12, 14, 15, 18, 19, 24, 27, 30, 31] = [ 0,  3,  4,  5,  7, 11, 16, 17, 20, 22, 23, 28, 29]
    Truth table row=[=, >, >, >, =] ix=160 result=[25-] is correct

Test 25+:
    W0: [ 0,  1,  2,  3,  5, 10, 14, 17, 19, 20, 21, 23] = [ 4,  6,  7,  8,  9, 11, 12, 13, 15, 16, 18, 22]
    W1: [ 0,  1,  2,  3,  5, 16, 18, 22, 24, 26, 29] < [ 4,  6,  7, 17, 19, 20, 21, 23, 25, 27, 28]
    W2: [ 0,  6,  7, 10, 13, 15, 22, 24, 26, 27, 28] < [ 8,  9, 11, 12, 14, 16, 21, 23, 25, 29, 30]
    W3: [ 1,  2,  3,  7, 11, 12, 16, 17, 21, 24, 28] < [ 0,  6,  8,  9, 13, 19, 20, 25, 26, 29, 31]
    W4: [ 1,  6,  9, 10, 12, 14, 15, 18, 19, 24, 27, 30, 31] = [ 0,  3,  4,  5,  7, 11, 16, 17, 20, 22, 23, 28, 29]
    Truth table row=[=, <, <, <, =] ix=82 result=[25+] is correct

Test 26-:
    W0: [ 0,  1,  2,  3,  5, 10, 14, 17, 19, 20, 21, 23] = [ 4,  6,  7,  8,  9, 11, 12, 13, 15, 16, 18, 22]
    W1: [ 0,  1,  2,  3,  5, 16, 18, 22, 24, 26, 29] < [ 4,  6,  7, 17, 19, 20, 21, 23, 25, 27, 28]
    W2: [ 0,  6,  7, 10, 13, 15, 22, 24, 26, 27, 28] < [ 8,  9, 11, 12, 14, 16, 21, 23, 25, 29, 30]
    W3: [ 1,  2,  3,  7, 11, 12, 16, 17, 21, 24, 28] > [ 0,  6,  8,  9, 13, 19, 20, 25, 26, 29, 31]
    W4: [ 1,  6,  9, 10, 12, 14, 15, 18, 19, 24, 27, 30, 31] = [ 0,  3,  4,  5,  7, 11, 16, 17, 20, 22, 23, 28, 29]
    Truth table row=[=, <, <, >, =] ix=88 result=[26-] is correct

Test 26+:
    W0: [ 0,  1,  2,  3,  5, 10, 14, 17, 19, 20, 21, 23] = [ 4,  6,  7,  8,  9, 11, 12, 13, 15, 16, 18, 22]
    W1: [ 0,  1,  2,  3,  5, 16, 18, 22, 24, 26, 29] > [ 4,  6,  7, 17, 19, 20, 21, 23, 25, 27, 28]
    W2: [ 0,  6,  7, 10, 13, 15, 22, 24, 26, 27, 28] > [ 8,  9, 11, 12, 14, 16, 21, 23, 25, 29, 30]
    W3: [ 1,  2,  3,  7, 11, 12, 16, 17, 21, 24, 28] < [ 0,  6,  8,  9, 13, 19, 20, 25, 26, 29, 31]
    W4: [ 1,  6,  9, 10, 12, 14, 15, 18, 19, 24, 27, 30, 31] = [ 0,  3,  4,  5,  7, 11, 16, 17, 20, 22, 23, 28, 29]
    Truth table row=[=, >, >, <, =] ix=154 result=[26+] is correct

Test 27-:
    W0: [ 0,  1,  2,  3,  5, 10, 14, 17, 19, 20, 21, 23] = [ 4,  6,  7,  8,  9, 11, 12, 13, 15, 16, 18, 22]
    W1: [ 0,  1,  2,  3,  5, 16, 18, 22, 24, 26, 29] > [ 4,  6,  7, 17, 19, 20, 21, 23, 25, 27, 28]
    W2: [ 0,  6,  7, 10, 13, 15, 22, 24, 26, 27, 28] < [ 8,  9, 11, 12, 14, 16, 21, 23, 25, 29, 30]
    W3: [ 1,  2,  3,  7, 11, 12, 16, 17, 21, 24, 28] = [ 0,  6,  8,  9, 13, 19, 20, 25, 26, 29, 31]
    W4: [ 1,  6,  9, 10, 12, 14, 15, 18, 19, 24, 27, 30, 31] < [ 0,  3,  4,  5,  7, 11, 16, 17, 20, 22, 23, 28, 29]
    Truth table row=[=, >, <, =, <] ix=138 result=[27-] is correct

Test 27+:
    W0: [ 0,  1,  2,  3,  5, 10, 14, 17, 19, 20, 21, 23] = [ 4,  6,  7,  8,  9, 11, 12, 13, 15, 16, 18, 22]
    W1: [ 0,  1,  2,  3,  5, 16, 18, 22, 24, 26, 29] < [ 4,  6,  7, 17, 19, 20, 21, 23, 25, 27, 28]
    W2: [ 0,  6,  7, 10, 13, 15, 22, 24, 26, 27, 28] > [ 8,  9, 11, 12, 14, 16, 21, 23, 25, 29, 30]
    W3: [ 1,  2,  3,  7, 11, 12, 16, 17, 21, 24, 28] = [ 0,  6,  8,  9, 13, 19, 20, 25, 26, 29, 31]
    W4: [ 1,  6,  9, 10, 12, 14, 15, 18, 19, 24, 27, 30, 31] > [ 0,  3,  4,  5,  7, 11, 16, 17, 20, 22, 23, 28, 29]
    Truth table row=[=, <, >, =, >] ix=104 result=[27+] is correct

Test 28-:
    W0: [ 0,  1,  2,  3,  5, 10, 14, 17, 19, 20, 21, 23] = [ 4,  6,  7,  8,  9, 11, 12, 13, 15, 16, 18, 22]
    W1: [ 0,  1,  2,  3,  5, 16, 18, 22, 24, 26, 29] > [ 4,  6,  7, 17, 19, 20, 21, 23, 25, 27, 28]
    W2: [ 0,  6,  7, 10, 13, 15, 22, 24, 26, 27, 28] < [ 8,  9, 11, 12, 14, 16, 21, 23, 25, 29, 30]
    W3: [ 1,  2,  3,  7, 11, 12, 16, 17, 21, 24, 28] < [ 0,  6,  8,  9, 13, 19, 20, 25, 26, 29, 31]
    W4: [ 1,  6,  9, 10, 12, 14, 15, 18, 19, 24, 27, 30, 31] > [ 0,  3,  4,  5,  7, 11, 16, 17, 20, 22, 23, 28, 29]
    Truth table row=[=, >, <, <, >] ix=137 result=[28-] is correct

Test 28+:
    W0: [ 0,  1,  2,  3,  5, 10, 14, 17, 19, 20, 21, 23] = [ 4,  6,  7,  8,  9, 11, 12, 13, 15, 16, 18, 22]
    W1: [ 0,  1,  2,  3,  5, 16, 18, 22, 24, 26, 29] < [ 4,  6,  7, 17, 19, 20, 21, 23, 25, 27, 28]
    W2: [ 0,  6,  7, 10, 13, 15, 22, 24, 26, 27, 28] > [ 8,  9, 11, 12, 14, 16, 21, 23, 25, 29, 30]
    W3: [ 1,  2,  3,  7, 11, 12, 16, 17, 21, 24, 28] > [ 0,  6,  8,  9, 13, 19, 20, 25, 26, 29, 31]
    W4: [ 1,  6,  9, 10, 12, 14, 15, 18, 19, 24, 27, 30, 31] < [ 0,  3,  4,  5,  7, 11, 16, 17, 20, 22, 23, 28, 29]
    Truth table row=[=, <, >, >, <] ix=105 result=[28+] is correct

Test 29-:
    W0: [ 0,  1,  2,  3,  5, 10, 14, 17, 19, 20, 21, 23] = [ 4,  6,  7,  8,  9, 11, 12, 13, 15, 16, 18, 22]
    W1: [ 0,  1,  2,  3,  5, 16, 18, 22, 24, 26, 29] < [ 4,  6,  7, 17, 19, 20, 21, 23, 25, 27, 28]
    W2: [ 0,  6,  7, 10, 13, 15, 22, 24, 26, 27, 28] > [ 8,  9, 11, 12, 14, 16, 21, 23, 25, 29, 30]
    W3: [ 1,  2,  3,  7, 11, 12, 16, 17, 21, 24, 28] > [ 0,  6,  8,  9, 13, 19, 20, 25, 26, 29, 31]
    W4: [ 1,  6,  9, 10, 12, 14, 15, 18, 19, 24, 27, 30, 31] > [ 0,  3,  4,  5,  7, 11, 16, 17, 20, 22, 23, 28, 29]
    Truth table row=[=, <, >, >, >] ix=107 result=[29-] is correct

Test 29+:
    W0: [ 0,  1,  2,  3,  5, 10, 14, 17, 19, 20, 21, 23] = [ 4,  6,  7,  8,  9, 11, 12, 13, 15, 16, 18, 22]
    W1: [ 0,  1,  2,  3,  5, 16, 18, 22, 24, 26, 29] > [ 4,  6,  7, 17, 19, 20, 21, 23, 25, 27, 28]
    W2: [ 0,  6,  7, 10, 13, 15, 22, 24, 26, 27, 28] < [ 8,  9, 11, 12, 14, 16, 21, 23, 25, 29, 30]
    W3: [ 1,  2,  3,  7, 11, 12, 16, 17, 21, 24, 28] < [ 0,  6,  8,  9, 13, 19, 20, 25, 26, 29, 31]
    W4: [ 1,  6,  9, 10, 12, 14, 15, 18, 19, 24, 27, 30, 31] < [ 0,  3,  4,  5,  7, 11, 16, 17, 20, 22, 23, 28, 29]
    Truth table row=[=, >, <, <, <] ix=135 result=[29+] is correct

Test 30-:
    W0: [ 0,  1,  2,  3,  5, 10, 14, 17, 19, 20, 21, 23] = [ 4,  6,  7,  8,  9, 11, 12, 13, 15, 16, 18, 22]
    W1: [ 0,  1,  2,  3,  5, 16, 18, 22, 24, 26, 29] = [ 4,  6,  7, 17, 19, 20, 21, 23, 25, 27, 28]
    W2: [ 0,  6,  7, 10, 13, 15, 22, 24, 26, 27, 28] > [ 8,  9, 11, 12, 14, 16, 21, 23, 25, 29, 30]
    W3: [ 1,  2,  3,  7, 11, 12, 16, 17, 21, 24, 28] = [ 0,  6,  8,  9, 13, 19, 20, 25, 26, 29, 31]
    W4: [ 1,  6,  9, 10, 12, 14, 15, 18, 19, 24, 27, 30, 31] < [ 0,  3,  4,  5,  7, 11, 16, 17, 20, 22, 23, 28, 29]
    Truth table row=[=, =, >, =, <] ix=129 result=[30-] is correct

Test 30+:
    W0: [ 0,  1,  2,  3,  5, 10, 14, 17, 19, 20, 21, 23] = [ 4,  6,  7,  8,  9, 11, 12, 13, 15, 16, 18, 22]
    W1: [ 0,  1,  2,  3,  5, 16, 18, 22, 24, 26, 29] = [ 4,  6,  7, 17, 19, 20, 21, 23, 25, 27, 28]
    W2: [ 0,  6,  7, 10, 13, 15, 22, 24, 26, 27, 28] < [ 8,  9, 11, 12, 14, 16, 21, 23, 25, 29, 30]
    W3: [ 1,  2,  3,  7, 11, 12, 16, 17, 21, 24, 28] = [ 0,  6,  8,  9, 13, 19, 20, 25, 26, 29, 31]
    W4: [ 1,  6,  9, 10, 12, 14, 15, 18, 19, 24, 27, 30, 31] > [ 0,  3,  4,  5,  7, 11, 16, 17, 20, 22, 23, 28, 29]
    Truth table row=[=, =, <, =, >] ix=113 result=[30+] is correct

Test 31-:
    W0: [ 0,  1,  2,  3,  5, 10, 14, 17, 19, 20, 21, 23] = [ 4,  6,  7,  8,  9, 11, 12, 13, 15, 16, 18, 22]
    W1: [ 0,  1,  2,  3,  5, 16, 18, 22, 24, 26, 29] = [ 4,  6,  7, 17, 19, 20, 21, 23, 25, 27, 28]
    W2: [ 0,  6,  7, 10, 13, 15, 22, 24, 26, 27, 28] = [ 8,  9, 11, 12, 14, 16, 21, 23, 25, 29, 30]
    W3: [ 1,  2,  3,  7, 11, 12, 16, 17, 21, 24, 28] > [ 0,  6,  8,  9, 13, 19, 20, 25, 26, 29, 31]
    W4: [ 1,  6,  9, 10, 12, 14, 15, 18, 19, 24, 27, 30, 31] < [ 0,  3,  4,  5,  7, 11, 16, 17, 20, 22, 23, 28, 29]
    Truth table row=[=, =, =, >, <] ix=123 result=[31-] is correct

Test 31+:
    W0: [ 0,  1,  2,  3,  5, 10, 14, 17, 19, 20, 21, 23] = [ 4,  6,  7,  8,  9, 11, 12, 13, 15, 16, 18, 22]
    W1: [ 0,  1,  2,  3,  5, 16, 18, 22, 24, 26, 29] = [ 4,  6,  7, 17, 19, 20, 21, 23, 25, 27, 28]
    W2: [ 0,  6,  7, 10, 13, 15, 22, 24, 26, 27, 28] = [ 8,  9, 11, 12, 14, 16, 21, 23, 25, 29, 30]
    W3: [ 1,  2,  3,  7, 11, 12, 16, 17, 21, 24, 28] < [ 0,  6,  8,  9, 13, 19, 20, 25, 26, 29, 31]
    W4: [ 1,  6,  9, 10, 12, 14, 15, 18, 19, 24, 27, 30, 31] > [ 0,  3,  4,  5,  7, 11, 16, 17, 20, 22, 23, 28, 29]
    Truth table row=[=, =, =, <, >] ix=119 result=[31+] is correct

Total correct results: 64
Total incorrect results: 0
