Solving for 25 balls and 5 weighings.
Using symmetry breaking strategy TruthTableAscending.

Solution:
W0: [ 0,  4,  5,  7, 10, 11, 13, 15] <=> [ 1,  2,  3,  6,  8,  9, 12, 14]
W1: [ 0,  4,  5,  7, 10, 11, 14, 16, 17, 19, 21, 24] <=> [ 1,  2,  3,  6,  8,  9, 13, 15, 18, 20, 22, 23]
W2: [ 0,  4,  5, 13, 14, 16, 17, 20, 22, 23] <=> [ 1,  2,  3, 10, 11, 12, 15, 18, 21, 24]
W3: [ 0,  3,  8,  9, 12, 13, 18, 21, 22, 23] <=> [ 1,  4,  5,  6, 11, 15, 17, 19, 20, 24]
W4: [ 0,  2,  7,  9, 11, 12, 14, 16, 17] <=> [ 3,  5,  6,  8, 13, 19, 20, 22, 24]

Truth Table:
ix  W0  W1  W2  W3  W4   Result
 0   <   <   <   <   <   0-
 1   <   <   <   <   =   1+
 2   <   <   <   <   >
 3   <   <   <   =   <
 4   <   <   <   =   =
 5   <   <   <   =   >   2+
 6   <   <   <   >   <   3+
 7   <   <   <   >   =   4-
 8   <   <   <   >   >   5-
 9   <   <   =   <   <   6+
10   <   <   =   <   =
11   <   <   =   <   >
12   <   <   =   =   <   7-
13   <   <   =   =   =
14   <   <   =   =   >
15   <   <   =   >   <   8+
16   <   <   =   >   =
17   <   <   =   >   >   9+
18   <   <   >   <   <
19   <   <   >   <   =
20   <   <   >   <   >
21   <   <   >   =   <
22   <   <   >   =   =   10-
23   <   <   >   =   >
24   <   <   >   >   <   11-
25   <   <   >   >   =
26   <   <   >   >   >
27   <   =   <   <   <
28   <   =   <   <   =
29   <   =   <   <   >
30   <   =   <   =   <
31   <   =   <   =   =
32   <   =   <   =   >
33   <   =   <   >   <
34   <   =   <   >   =
35   <   =   <   >   >   12+
36   <   =   =   <   <
37   <   =   =   <   =
38   <   =   =   <   >
39   <   =   =   =   <
40   <   =   =   =   =
41   <   =   =   =   >
42   <   =   =   >   <
43   <   =   =   >   =
44   <   =   =   >   >
45   <   =   >   <   <
46   <   =   >   <   =
47   <   =   >   <   >
48   <   =   >   =   <
49   <   =   >   =   =
50   <   =   >   =   >
51   <   =   >   >   <
52   <   =   >   >   =
53   <   =   >   >   >
54   <   >   <   <   <
55   <   >   <   <   =
56   <   >   <   <   >   13-
57   <   >   <   =   <
58   <   >   <   =   =
59   <   >   <   =   >
60   <   >   <   >   <
61   <   >   <   >   =
62   <   >   <   >   >
63   <   >   =   <   <
64   <   >   =   <   =
65   <   >   =   <   >
66   <   >   =   =   <
67   <   >   =   =   =
68   <   >   =   =   >
69   <   >   =   >   <
70   <   >   =   >   =
71   <   >   =   >   >
72   <   >   >   <   <
73   <   >   >   <   =
74   <   >   >   <   >
75   <   >   >   =   <
76   <   >   >   =   =
77   <   >   >   =   >   14+
78   <   >   >   >   <
79   <   >   >   >   =   15-
80   <   >   >   >   >
81   =   <   <   <   <
82   =   <   <   <   =
83   =   <   <   <   >
84   =   <   <   =   <   16-
85   =   <   <   =   =
86   =   <   <   =   >
87   =   <   <   >   <   17-
88   =   <   <   >   =   18+
89   =   <   <   >   >
90   =   <   =   <   <
91   =   <   =   <   =
92   =   <   =   <   >
93   =   <   =   =   <
94   =   <   =   =   =
95   =   <   =   =   >
96   =   <   =   >   <
97   =   <   =   >   =
98   =   <   =   >   >   19-
99   =   <   >   <   <   20+
100   =   <   >   <   =   21-
101   =   <   >   <   >
102   =   <   >   =   <
103   =   <   >   =   =
104   =   <   >   =   >
105   =   <   >   >   <   22+
106   =   <   >   >   =   23+
107   =   <   >   >   >   24-
108   =   =   <   <   <
109   =   =   <   <   =
110   =   =   <   <   >
111   =   =   <   =   <
112   =   =   <   =   =
113   =   =   <   =   >
114   =   =   <   >   <
115   =   =   <   >   =
116   =   =   <   >   >
117   =   =   =   <   <
118   =   =   =   <   =
119   =   =   =   <   >
120   =   =   =   =   <
121   =   =   =   =   =
122   =   =   =   =   >
123   =   =   =   >   <
124   =   =   =   >   =
125   =   =   =   >   >
126   =   =   >   <   <
127   =   =   >   <   =
128   =   =   >   <   >
129   =   =   >   =   <
130   =   =   >   =   =
131   =   =   >   =   >
132   =   =   >   >   <
133   =   =   >   >   =
134   =   =   >   >   >
135   =   >   <   <   <   24+
136   =   >   <   <   =   23-
137   =   >   <   <   >   22-
138   =   >   <   =   <
139   =   >   <   =   =
140   =   >   <   =   >
141   =   >   <   >   <
142   =   >   <   >   =   21+
143   =   >   <   >   >   20-
144   =   >   =   <   <   19+
145   =   >   =   <   =
146   =   >   =   <   >
147   =   >   =   =   <
148   =   >   =   =   =
149   =   >   =   =   >
150   =   >   =   >   <
151   =   >   =   >   =
152   =   >   =   >   >
153   =   >   >   <   <
154   =   >   >   <   =   18-
155   =   >   >   <   >   17+
156   =   >   >   =   <
157   =   >   >   =   =
158   =   >   >   =   >   16+
159   =   >   >   >   <
160   =   >   >   >   =
161   =   >   >   >   >
162   >   <   <   <   <
163   >   <   <   <   =   15+
164   >   <   <   <   >
165   >   <   <   =   <   14-
166   >   <   <   =   =
167   >   <   <   =   >
168   >   <   <   >   <
169   >   <   <   >   =
170   >   <   <   >   >
171   >   <   =   <   <
172   >   <   =   <   =
173   >   <   =   <   >
174   >   <   =   =   <
175   >   <   =   =   =
176   >   <   =   =   >
177   >   <   =   >   <
178   >   <   =   >   =
179   >   <   =   >   >
180   >   <   >   <   <
181   >   <   >   <   =
182   >   <   >   <   >
183   >   <   >   =   <
184   >   <   >   =   =
185   >   <   >   =   >
186   >   <   >   >   <   13+
187   >   <   >   >   =
188   >   <   >   >   >
189   >   =   <   <   <
190   >   =   <   <   =
191   >   =   <   <   >
192   >   =   <   =   <
193   >   =   <   =   =
194   >   =   <   =   >
195   >   =   <   >   <
196   >   =   <   >   =
197   >   =   <   >   >
198   >   =   =   <   <
199   >   =   =   <   =
200   >   =   =   <   >
201   >   =   =   =   <
202   >   =   =   =   =
203   >   =   =   =   >
204   >   =   =   >   <
205   >   =   =   >   =
206   >   =   =   >   >
207   >   =   >   <   <   12-
208   >   =   >   <   =
209   >   =   >   <   >
210   >   =   >   =   <
211   >   =   >   =   =
212   >   =   >   =   >
213   >   =   >   >   <
214   >   =   >   >   =
215   >   =   >   >   >
216   >   >   <   <   <
217   >   >   <   <   =
218   >   >   <   <   >   11+
219   >   >   <   =   <
220   >   >   <   =   =   10+
221   >   >   <   =   >
222   >   >   <   >   <
223   >   >   <   >   =
224   >   >   <   >   >
225   >   >   =   <   <   9-
226   >   >   =   <   =
227   >   >   =   <   >   8-
228   >   >   =   =   <
229   >   >   =   =   =
230   >   >   =   =   >   7+
231   >   >   =   >   <
232   >   >   =   >   =
233   >   >   =   >   >   6-
234   >   >   >   <   <   5+
235   >   >   >   <   =   4+
236   >   >   >   <   >   3-
237   >   >   >   =   <   2-
238   >   >   >   =   =
239   >   >   >   =   >
240   >   >   >   >   <
241   >   >   >   >   =   1-
242   >   >   >   >   >   0+

Test 0-:
    W0: [ 0,  4,  5,  7, 10, 11, 13, 15] < [ 1,  2,  3,  6,  8,  9, 12, 14]
    W1: [ 0,  4,  5,  7, 10, 11, 14, 16, 17, 19, 21, 24] < [ 1,  2,  3,  6,  8,  9, 13, 15, 18, 20, 22, 23]
    W2: [ 0,  4,  5, 13, 14, 16, 17, 20, 22, 23] < [ 1,  2,  3, 10, 11, 12, 15, 18, 21, 24]
    W3: [ 0,  3,  8,  9, 12, 13, 18, 21, 22, 23] < [ 1,  4,  5,  6, 11, 15, 17, 19, 20, 24]
    W4: [ 0,  2,  7,  9, 11, 12, 14, 16, 17] < [ 3,  5,  6,  8, 13, 19, 20, 22, 24]
    Truth table row=[<, <, <, <, <] ix=0 result=[0-] is correct

Test 0+:
    W0: [ 0,  4,  5,  7, 10, 11, 13, 15] > [ 1,  2,  3,  6,  8,  9, 12, 14]
    W1: [ 0,  4,  5,  7, 10, 11, 14, 16, 17, 19, 21, 24] > [ 1,  2,  3,  6,  8,  9, 13, 15, 18, 20, 22, 23]
    W2: [ 0,  4,  5, 13, 14, 16, 17, 20, 22, 23] > [ 1,  2,  3, 10, 11, 12, 15, 18, 21, 24]
    W3: [ 0,  3,  8,  9, 12, 13, 18, 21, 22, 23] > [ 1,  4,  5,  6, 11, 15, 17, 19, 20, 24]
    W4: [ 0,  2,  7,  9, 11, 12, 14, 16, 17] > [ 3,  5,  6,  8, 13, 19, 20, 22, 24]
    Truth table row=[>, >, >, >, >] ix=242 result=[0+] is correct

Test 1-:
    W0: [ 0,  4,  5,  7, 10, 11, 13, 15] > [ 1,  2,  3,  6,  8,  9, 12, 14]
    W1: [ 0,  4,  5,  7, 10, 11, 14, 16, 17, 19, 21, 24] > [ 1,  2,  3,  6,  8,  9, 13, 15, 18, 20, 22, 23]
    W2: [ 0,  4,  5, 13, 14, 16, 17, 20, 22, 23] > [ 1,  2,  3, 10, 11, 12, 15, 18, 21, 24]
    W3: [ 0,  3,  8,  9, 12, 13, 18, 21, 22, 23] > [ 1,  4,  5,  6, 11, 15, 17, 19, 20, 24]
    W4: [ 0,  2,  7,  9, 11, 12, 14, 16, 17] = [ 3,  5,  6,  8, 13, 19, 20, 22, 24]
    Truth table row=[>, >, >, >, =] ix=241 result=[1-] is correct

Test 1+:
    W0: [ 0,  4,  5,  7, 10, 11, 13, 15] < [ 1,  2,  3,  6,  8,  9, 12, 14]
    W1: [ 0,  4,  5,  7, 10, 11, 14, 16, 17, 19, 21, 24] < [ 1,  2,  3,  6,  8,  9, 13, 15, 18, 20, 22, 23]
    W2: [ 0,  4,  5, 13, 14, 16, 17, 20, 22, 23] < [ 1,  2,  3, 10, 11, 12, 15, 18, 21, 24]
    W3: [ 0,  3,  8,  9, 12, 13, 18, 21, 22, 23] < [ 1,  4,  5,  6, 11, 15, 17, 19, 20, 24]
    W4: [ 0,  2,  7,  9, 11, 12, 14, 16, 17] = [ 3,  5,  6,  8, 13, 19, 20, 22, 24]
    Truth table row=[<, <, <, <, =] ix=1 result=[1+] is correct

Test 2-:
    W0: [ 0,  4,  5,  7, 10, 11, 13, 15] > [ 1,  2,  3,  6,  8,  9, 12, 14]
    W1: [ 0,  4,  5,  7, 10, 11, 14, 16, 17, 19, 21, 24] > [ 1,  2,  3,  6,  8,  9, 13, 15, 18, 20, 22, 23]
    W2: [ 0,  4,  5, 13, 14, 16, 17, 20, 22, 23] > [ 1,  2,  3, 10, 11, 12, 15, 18, 21, 24]
    W3: [ 0,  3,  8,  9, 12, 13, 18, 21, 22, 23] = [ 1,  4,  5,  6, 11, 15, 17, 19, 20, 24]
    W4: [ 0,  2,  7,  9, 11, 12, 14, 16, 17] < [ 3,  5,  6,  8, 13, 19, 20, 22, 24]
    Truth table row=[>, >, >, =, <] ix=237 result=[2-] is correct

Test 2+:
    W0: [ 0,  4,  5,  7, 10, 11, 13, 15] < [ 1,  2,  3,  6,  8,  9, 12, 14]
    W1: [ 0,  4,  5,  7, 10, 11, 14, 16, 17, 19, 21, 24] < [ 1,  2,  3,  6,  8,  9, 13, 15, 18, 20, 22, 23]
    W2: [ 0,  4,  5, 13, 14, 16, 17, 20, 22, 23] < [ 1,  2,  3, 10, 11, 12, 15, 18, 21, 24]
    W3: [ 0,  3,  8,  9, 12, 13, 18, 21, 22, 23] = [ 1,  4,  5,  6, 11, 15, 17, 19, 20, 24]
    W4: [ 0,  2,  7,  9, 11, 12, 14, 16, 17] > [ 3,  5,  6,  8, 13, 19, 20, 22, 24]
    Truth table row=[<, <, <, =, >] ix=5 result=[2+] is correct

Test 3-:
    W0: [ 0,  4,  5,  7, 10, 11, 13, 15] > [ 1,  2,  3,  6,  8,  9, 12, 14]
    W1: [ 0,  4,  5,  7, 10, 11, 14, 16, 17, 19, 21, 24] > [ 1,  2,  3,  6,  8,  9, 13, 15, 18, 20, 22, 23]
    W2: [ 0,  4,  5, 13, 14, 16, 17, 20, 22, 23] > [ 1,  2,  3, 10, 11, 12, 15, 18, 21, 24]
    W3: [ 0,  3,  8,  9, 12, 13, 18, 21, 22, 23] < [ 1,  4,  5,  6, 11, 15, 17, 19, 20, 24]
    W4: [ 0,  2,  7,  9, 11, 12, 14, 16, 17] > [ 3,  5,  6,  8, 13, 19, 20, 22, 24]
    Truth table row=[>, >, >, <, >] ix=236 result=[3-] is correct

Test 3+:
    W0: [ 0,  4,  5,  7, 10, 11, 13, 15] < [ 1,  2,  3,  6,  8,  9, 12, 14]
    W1: [ 0,  4,  5,  7, 10, 11, 14, 16, 17, 19, 21, 24] < [ 1,  2,  3,  6,  8,  9, 13, 15, 18, 20, 22, 23]
    W2: [ 0,  4,  5, 13, 14, 16, 17, 20, 22, 23] < [ 1,  2,  3, 10, 11, 12, 15, 18, 21, 24]
    W3: [ 0,  3,  8,  9, 12, 13, 18, 21, 22, 23] > [ 1,  4,  5,  6, 11, 15, 17, 19, 20, 24]
    W4: [ 0,  2,  7,  9, 11, 12, 14, 16, 17] < [ 3,  5,  6,  8, 13, 19, 20, 22, 24]
    Truth table row=[<, <, <, >, <] ix=6 result=[3+] is correct

Test 4-:
    W0: [ 0,  4,  5,  7, 10, 11, 13, 15] < [ 1,  2,  3,  6,  8,  9, 12, 14]
    W1: [ 0,  4,  5,  7, 10, 11, 14, 16, 17, 19, 21, 24] < [ 1,  2,  3,  6,  8,  9, 13, 15, 18, 20, 22, 23]
    W2: [ 0,  4,  5, 13, 14, 16, 17, 20, 22, 23] < [ 1,  2,  3, 10, 11, 12, 15, 18, 21, 24]
    W3: [ 0,  3,  8,  9, 12, 13, 18, 21, 22, 23] > [ 1,  4,  5,  6, 11, 15, 17, 19, 20, 24]
    W4: [ 0,  2,  7,  9, 11, 12, 14, 16, 17] = [ 3,  5,  6,  8, 13, 19, 20, 22, 24]
    Truth table row=[<, <, <, >, =] ix=7 result=[4-] is correct

Test 4+:
    W0: [ 0,  4,  5,  7, 10, 11, 13, 15] > [ 1,  2,  3,  6,  8,  9, 12, 14]
    W1: [ 0,  4,  5,  7, 10, 11, 14, 16, 17, 19, 21, 24] > [ 1,  2,  3,  6,  8,  9, 13, 15, 18, 20, 22, 23]
    W2: [ 0,  4,  5, 13, 14, 16, 17, 20, 22, 23] > [ 1,  2,  3, 10, 11, 12, 15, 18, 21, 24]
    W3: [ 0,  3,  8,  9, 12, 13, 18, 21, 22, 23] < [ 1,  4,  5,  6, 11, 15, 17, 19, 20, 24]
    W4: [ 0,  2,  7,  9, 11, 12, 14, 16, 17] = [ 3,  5,  6,  8, 13, 19, 20, 22, 24]
    Truth table row=[>, >, >, <, =] ix=235 result=[4+] is correct

Test 5-:
    W0: [ 0,  4,  5,  7, 10, 11, 13, 15] < [ 1,  2,  3,  6,  8,  9, 12, 14]
    W1: [ 0,  4,  5,  7, 10, 11, 14, 16, 17, 19, 21, 24] < [ 1,  2,  3,  6,  8,  9, 13, 15, 18, 20, 22, 23]
    W2: [ 0,  4,  5, 13, 14, 16, 17, 20, 22, 23] < [ 1,  2,  3, 10, 11, 12, 15, 18, 21, 24]
    W3: [ 0,  3,  8,  9, 12, 13, 18, 21, 22, 23] > [ 1,  4,  5,  6, 11, 15, 17, 19, 20, 24]
    W4: [ 0,  2,  7,  9, 11, 12, 14, 16, 17] > [ 3,  5,  6,  8, 13, 19, 20, 22, 24]
    Truth table row=[<, <, <, >, >] ix=8 result=[5-] is correct

Test 5+:
    W0: [ 0,  4,  5,  7, 10, 11, 13, 15] > [ 1,  2,  3,  6,  8,  9, 12, 14]
    W1: [ 0,  4,  5,  7, 10, 11, 14, 16, 17, 19, 21, 24] > [ 1,  2,  3,  6,  8,  9, 13, 15, 18, 20, 22, 23]
    W2: [ 0,  4,  5, 13, 14, 16, 17, 20, 22, 23] > [ 1,  2,  3, 10, 11, 12, 15, 18, 21, 24]
    W3: [ 0,  3,  8,  9, 12, 13, 18, 21, 22, 23] < [ 1,  4,  5,  6, 11, 15, 17, 19, 20, 24]
    W4: [ 0,  2,  7,  9, 11, 12, 14, 16, 17] < [ 3,  5,  6,  8, 13, 19, 20, 22, 24]
    Truth table row=[>, >, >, <, <] ix=234 result=[5+] is correct

Test 6-:
    W0: [ 0,  4,  5,  7, 10, 11, 13, 15] > [ 1,  2,  3,  6,  8,  9, 12, 14]
    W1: [ 0,  4,  5,  7, 10, 11, 14, 16, 17, 19, 21, 24] > [ 1,  2,  3,  6,  8,  9, 13, 15, 18, 20, 22, 23]
    W2: [ 0,  4,  5, 13, 14, 16, 17, 20, 22, 23] = [ 1,  2,  3, 10, 11, 12, 15, 18, 21, 24]
    W3: [ 0,  3,  8,  9, 12, 13, 18, 21, 22, 23] > [ 1,  4,  5,  6, 11, 15, 17, 19, 20, 24]
    W4: [ 0,  2,  7,  9, 11, 12, 14, 16, 17] > [ 3,  5,  6,  8, 13, 19, 20, 22, 24]
    Truth table row=[>, >, =, >, >] ix=233 result=[6-] is correct

Test 6+:
    W0: [ 0,  4,  5,  7, 10, 11, 13, 15] < [ 1,  2,  3,  6,  8,  9, 12, 14]
    W1: [ 0,  4,  5,  7, 10, 11, 14, 16, 17, 19, 21, 24] < [ 1,  2,  3,  6,  8,  9, 13, 15, 18, 20, 22, 23]
    W2: [ 0,  4,  5, 13, 14, 16, 17, 20, 22, 23] = [ 1,  2,  3, 10, 11, 12, 15, 18, 21, 24]
    W3: [ 0,  3,  8,  9, 12, 13, 18, 21, 22, 23] < [ 1,  4,  5,  6, 11, 15, 17, 19, 20, 24]
    W4: [ 0,  2,  7,  9, 11, 12, 14, 16, 17] < [ 3,  5,  6,  8, 13, 19, 20, 22, 24]
    Truth table row=[<, <, =, <, <] ix=9 result=[6+] is correct

Test 7-:
    W0: [ 0,  4,  5,  7, 10, 11, 13, 15] < [ 1,  2,  3,  6,  8,  9, 12, 14]
    W1: [ 0,  4,  5,  7, 10, 11, 14, 16, 17, 19, 21, 24] < [ 1,  2,  3,  6,  8,  9, 13, 15, 18, 20, 22, 23]
    W2: [ 0,  4,  5, 13, 14, 16, 17, 20, 22, 23] = [ 1,  2,  3, 10, 11, 12, 15, 18, 21, 24]
    W3: [ 0,  3,  8,  9, 12, 13, 18, 21, 22, 23] = [ 1,  4,  5,  6, 11, 15, 17, 19, 20, 24]
    W4: [ 0,  2,  7,  9, 11, 12, 14, 16, 17] < [ 3,  5,  6,  8, 13, 19, 20, 22, 24]
    Truth table row=[<, <, =, =, <] ix=12 result=[7-] is correct

Test 7+:
    W0: [ 0,  4,  5,  7, 10, 11, 13, 15] > [ 1,  2,  3,  6,  8,  9, 12, 14]
    W1: [ 0,  4,  5,  7, 10, 11, 14, 16, 17, 19, 21, 24] > [ 1,  2,  3,  6,  8,  9, 13, 15, 18, 20, 22, 23]
    W2: [ 0,  4,  5, 13, 14, 16, 17, 20, 22, 23] = [ 1,  2,  3, 10, 11, 12, 15, 18, 21, 24]
    W3: [ 0,  3,  8,  9, 12, 13, 18, 21, 22, 23] = [ 1,  4,  5,  6, 11, 15, 17, 19, 20, 24]
    W4: [ 0,  2,  7,  9, 11, 12, 14, 16, 17] > [ 3,  5,  6,  8, 13, 19, 20, 22, 24]
    Truth table row=[>, >, =, =, >] ix=230 result=[7+] is correct

Test 8-:
    W0: [ 0,  4,  5,  7, 10, 11, 13, 15] > [ 1,  2,  3,  6,  8,  9, 12, 14]
    W1: [ 0,  4,  5,  7, 10, 11, 14, 16, 17, 19, 21, 24] > [ 1,  2,  3,  6,  8,  9, 13, 15, 18, 20, 22, 23]
    W2: [ 0,  4,  5, 13, 14, 16, 17, 20, 22, 23] = [ 1,  2,  3, 10, 11, 12, 15, 18, 21, 24]
    W3: [ 0,  3,  8,  9, 12, 13, 18, 21, 22, 23] < [ 1,  4,  5,  6, 11, 15, 17, 19, 20, 24]
    W4: [ 0,  2,  7,  9, 11, 12, 14, 16, 17] > [ 3,  5,  6,  8, 13, 19, 20, 22, 24]
    Truth table row=[>, >, =, <, >] ix=227 result=[8-] is correct

Test 8+:
    W0: [ 0,  4,  5,  7, 10, 11, 13, 15] < [ 1,  2,  3,  6,  8,  9, 12, 14]
    W1: [ 0,  4,  5,  7, 10, 11, 14, 16, 17, 19, 21, 24] < [ 1,  2,  3,  6,  8,  9, 13, 15, 18, 20, 22, 23]
    W2: [ 0,  4,  5, 13, 14, 16, 17, 20, 22, 23] = [ 1,  2,  3, 10, 11, 12, 15, 18, 21, 24]
    W3: [ 0,  3,  8,  9, 12, 13, 18, 21, 22, 23] > [ 1,  4,  5,  6, 11, 15, 17, 19, 20, 24]
    W4: [ 0,  2,  7,  9, 11, 12, 14, 16, 17] < [ 3,  5,  6,  8, 13, 19, 20, 22, 24]
    Truth table row=[<, <, =, >, <] ix=15 result=[8+] is correct

Test 9-:
    W0: [ 0,  4,  5,  7, 10, 11, 13, 15] > [ 1,  2,  3,  6,  8,  9, 12, 14]
    W1: [ 0,  4,  5,  7, 10, 11, 14, 16, 17, 19, 21, 24] > [ 1,  2,  3,  6,  8,  9, 13, 15, 18, 20, 22, 23]
    W2: [ 0,  4,  5, 13, 14, 16, 17, 20, 22, 23] = [ 1,  2,  3, 10, 11, 12, 15, 18, 21, 24]
    W3: [ 0,  3,  8,  9, 12, 13, 18, 21, 22, 23] < [ 1,  4,  5,  6, 11, 15, 17, 19, 20, 24]
    W4: [ 0,  2,  7,  9, 11, 12, 14, 16, 17] < [ 3,  5,  6,  8, 13, 19, 20, 22, 24]
    Truth table row=[>, >, =, <, <] ix=225 result=[9-] is correct

Test 9+:
    W0: [ 0,  4,  5,  7, 10, 11, 13, 15] < [ 1,  2,  3,  6,  8,  9, 12, 14]
    W1: [ 0,  4,  5,  7, 10, 11, 14, 16, 17, 19, 21, 24] < [ 1,  2,  3,  6,  8,  9, 13, 15, 18, 20, 22, 23]
    W2: [ 0,  4,  5, 13, 14, 16, 17, 20, 22, 23] = [ 1,  2,  3, 10, 11, 12, 15, 18, 21, 24]
    W3: [ 0,  3,  8,  9, 12, 13, 18, 21, 22, 23] > [ 1,  4,  5,  6, 11, 15, 17, 19, 20, 24]
    W4: [ 0,  2,  7,  9, 11, 12, 14, 16, 17] > [ 3,  5,  6,  8, 13, 19, 20, 22, 24]
    Truth table row=[<, <, =, >, >] ix=17 result=[9+] is correct

Test 10-:
    W0: [ 0,  4,  5,  7, 10, 11, 13, 15] < [ 1,  2,  3,  6,  8,  9, 12, 14]
    W1: [ 0,  4,  5,  7, 10, 11, 14, 16, 17, 19, 21, 24] < [ 1,  2,  3,  6,  8,  9, 13, 15, 18, 20, 22, 23]
    W2: [ 0,  4,  5, 13, 14, 16, 17, 20, 22, 23] > [ 1,  2,  3, 10, 11, 12, 15, 18, 21, 24]
    W3: [ 0,  3,  8,  9, 12, 13, 18, 21, 22, 23] = [ 1,  4,  5,  6, 11, 15, 17, 19, 20, 24]
    W4: [ 0,  2,  7,  9, 11, 12, 14, 16, 17] = [ 3,  5,  6,  8, 13, 19, 20, 22, 24]
    Truth table row=[<, <, >, =, =] ix=22 result=[10-] is correct

Test 10+:
    W0: [ 0,  4,  5,  7, 10, 11, 13, 15] > [ 1,  2,  3,  6,  8,  9, 12, 14]
    W1: [ 0,  4,  5,  7, 10, 11, 14, 16, 17, 19, 21, 24] > [ 1,  2,  3,  6,  8,  9, 13, 15, 18, 20, 22, 23]
    W2: [ 0,  4,  5, 13, 14, 16, 17, 20, 22, 23] < [ 1,  2,  3, 10, 11, 12, 15, 18, 21, 24]
    W3: [ 0,  3,  8,  9, 12, 13, 18, 21, 22, 23] = [ 1,  4,  5,  6, 11, 15, 17, 19, 20, 24]
    W4: [ 0,  2,  7,  9, 11, 12, 14, 16, 17] = [ 3,  5,  6,  8, 13, 19, 20, 22, 24]
    Truth table row=[>, >, <, =, =] ix=220 result=[10+] is correct

Test 11-:
    W0: [ 0,  4,  5,  7, 10, 11, 13, 15] < [ 1,  2,  3,  6,  8,  9, 12, 14]
    W1: [ 0,  4,  5,  7, 10, 11, 14, 16, 17, 19, 21, 24] < [ 1,  2,  3,  6,  8,  9, 13, 15, 18, 20, 22, 23]
    W2: [ 0,  4,  5, 13, 14, 16, 17, 20, 22, 23] > [ 1,  2,  3, 10, 11, 12, 15, 18, 21, 24]
    W3: [ 0,  3,  8,  9, 12, 13, 18, 21, 22, 23] > [ 1,  4,  5,  6, 11, 15, 17, 19, 20, 24]
    W4: [ 0,  2,  7,  9, 11, 12, 14, 16, 17] < [ 3,  5,  6,  8, 13, 19, 20, 22, 24]
    Truth table row=[<, <, >, >, <] ix=24 result=[11-] is correct

Test 11+:
    W0: [ 0,  4,  5,  7, 10, 11, 13, 15] > [ 1,  2,  3,  6,  8,  9, 12, 14]
    W1: [ 0,  4,  5,  7, 10, 11, 14, 16, 17, 19, 21, 24] > [ 1,  2,  3,  6,  8,  9, 13, 15, 18, 20, 22, 23]
    W2: [ 0,  4,  5, 13, 14, 16, 17, 20, 22, 23] < [ 1,  2,  3, 10, 11, 12, 15, 18, 21, 24]
    W3: [ 0,  3,  8,  9, 12, 13, 18, 21, 22, 23] < [ 1,  4,  5,  6, 11, 15, 17, 19, 20, 24]
    W4: [ 0,  2,  7,  9, 11, 12, 14, 16, 17] > [ 3,  5,  6,  8, 13, 19, 20, 22, 24]
    Truth table row=[>, >, <, <, >] ix=218 result=[11+] is correct

Test 12-:
    W0: [ 0,  4,  5,  7, 10, 11, 13, 15] > [ 1,  2,  3,  6,  8,  9, 12, 14]
    W1: [ 0,  4,  5,  7, 10, 11, 14, 16, 17, 19, 21, 24] = [ 1,  2,  3,  6,  8,  9, 13, 15, 18, 20, 22, 23]
    W2: [ 0,  4,  5, 13, 14, 16, 17, 20, 22, 23] > [ 1,  2,  3, 10, 11, 12, 15, 18, 21, 24]
    W3: [ 0,  3,  8,  9, 12, 13, 18, 21, 22, 23] < [ 1,  4,  5,  6, 11, 15, 17, 19, 20, 24]
    W4: [ 0,  2,  7,  9, 11, 12, 14, 16, 17] < [ 3,  5,  6,  8, 13, 19, 20, 22, 24]
    Truth table row=[>, =, >, <, <] ix=207 result=[12-] is correct

Test 12+:
    W0: [ 0,  4,  5,  7, 10, 11, 13, 15] < [ 1,  2,  3,  6,  8,  9, 12, 14]
    W1: [ 0,  4,  5,  7, 10, 11, 14, 16, 17, 19, 21, 24] = [ 1,  2,  3,  6,  8,  9, 13, 15, 18, 20, 22, 23]
    W2: [ 0,  4,  5, 13, 14, 16, 17, 20, 22, 23] < [ 1,  2,  3, 10, 11, 12, 15, 18, 21, 24]
    W3: [ 0,  3,  8,  9, 12, 13, 18, 21, 22, 23] > [ 1,  4,  5,  6, 11, 15, 17, 19, 20, 24]
    W4: [ 0,  2,  7,  9, 11, 12, 14, 16, 17] > [ 3,  5,  6,  8, 13, 19, 20, 22, 24]
    Truth table row=[<, =, <, >, >] ix=35 result=[12+] is correct

Test 13-:
    W0: [ 0,  4,  5,  7, 10, 11, 13, 15] < [ 1,  2,  3,  6,  8,  9, 12, 14]
    W1: [ 0,  4,  5,  7, 10, 11, 14, 16, 17, 19, 21, 24] > [ 1,  2,  3,  6,  8,  9, 13, 15, 18, 20, 22, 23]
    W2: [ 0,  4,  5, 13, 14, 16, 17, 20, 22, 23] < [ 1,  2,  3, 10, 11, 12, 15, 18, 21, 24]
    W3: [ 0,  3,  8,  9, 12, 13, 18, 21, 22, 23] < [ 1,  4,  5,  6, 11, 15, 17, 19, 20, 24]
    W4: [ 0,  2,  7,  9, 11, 12, 14, 16, 17] > [ 3,  5,  6,  8, 13, 19, 20, 22, 24]
    Truth table row=[<, >, <, <, >] ix=56 result=[13-] is correct

Test 13+:
    W0: [ 0,  4,  5,  7, 10, 11, 13, 15] > [ 1,  2,  3,  6,  8,  9, 12, 14]
    W1: [ 0,  4,  5,  7, 10, 11, 14, 16, 17, 19, 21, 24] < [ 1,  2,  3,  6,  8,  9, 13, 15, 18, 20, 22, 23]
    W2: [ 0,  4,  5, 13, 14, 16, 17, 20, 22, 23] > [ 1,  2,  3, 10, 11, 12, 15, 18, 21, 24]
    W3: [ 0,  3,  8,  9, 12, 13, 18, 21, 22, 23] > [ 1,  4,  5,  6, 11, 15, 17, 19, 20, 24]
    W4: [ 0,  2,  7,  9, 11, 12, 14, 16, 17] < [ 3,  5,  6,  8, 13, 19, 20, 22, 24]
    Truth table row=[>, <, >, >, <] ix=186 result=[13+] is correct

Test 14-:
    W0: [ 0,  4,  5,  7, 10, 11, 13, 15] > [ 1,  2,  3,  6,  8,  9, 12, 14]
    W1: [ 0,  4,  5,  7, 10, 11, 14, 16, 17, 19, 21, 24] < [ 1,  2,  3,  6,  8,  9, 13, 15, 18, 20, 22, 23]
    W2: [ 0,  4,  5, 13, 14, 16, 17, 20, 22, 23] < [ 1,  2,  3, 10, 11, 12, 15, 18, 21, 24]
    W3: [ 0,  3,  8,  9, 12, 13, 18, 21, 22, 23] = [ 1,  4,  5,  6, 11, 15, 17, 19, 20, 24]
    W4: [ 0,  2,  7,  9, 11, 12, 14, 16, 17] < [ 3,  5,  6,  8, 13, 19, 20, 22, 24]
    Truth table row=[>, <, <, =, <] ix=165 result=[14-] is correct

Test 14+:
    W0: [ 0,  4,  5,  7, 10, 11, 13, 15] < [ 1,  2,  3,  6,  8,  9, 12, 14]
    W1: [ 0,  4,  5,  7, 10, 11, 14, 16, 17, 19, 21, 24] > [ 1,  2,  3,  6,  8,  9, 13, 15, 18, 20, 22, 23]
    W2: [ 0,  4,  5, 13, 14, 16, 17, 20, 22, 23] > [ 1,  2,  3, 10, 11, 12, 15, 18, 21, 24]
    W3: [ 0,  3,  8,  9, 12, 13, 18, 21, 22, 23] = [ 1,  4,  5,  6, 11, 15, 17, 19, 20, 24]
    W4: [ 0,  2,  7,  9, 11, 12, 14, 16, 17] > [ 3,  5,  6,  8, 13, 19, 20, 22, 24]
    Truth table row=[<, >, >, =, >] ix=77 result=[14+] is correct

Test 15-:
    W0: [ 0,  4,  5,  7, 10, 11, 13, 15] < [ 1,  2,  3,  6,  8,  9, 12, 14]
    W1: [ 0,  4,  5,  7, 10, 11, 14, 16, 17, 19, 21, 24] > [ 1,  2,  3,  6,  8,  9, 13, 15, 18, 20, 22, 23]
    W2: [ 0,  4,  5, 13, 14, 16, 17, 20, 22, 23] > [ 1,  2,  3, 10, 11, 12, 15, 18, 21, 24]
    W3: [ 0,  3,  8,  9, 12, 13, 18, 21, 22, 23] > [ 1,  4,  5,  6, 11, 15, 17, 19, 20, 24]
    W4: [ 0,  2,  7,  9, 11, 12, 14, 16, 17] = [ 3,  5,  6,  8, 13, 19, 20, 22, 24]
    Truth table row=[<, >, >, >, =] ix=79 result=[15-] is correct

Test 15+:
    W0: [ 0,  4,  5,  7, 10, 11, 13, 15] > [ 1,  2,  3,  6,  8,  9, 12, 14]
    W1: [ 0,  4,  5,  7, 10, 11, 14, 16, 17, 19, 21, 24] < [ 1,  2,  3,  6,  8,  9, 13, 15, 18, 20, 22, 23]
    W2: [ 0,  4,  5, 13, 14, 16, 17, 20, 22, 23] < [ 1,  2,  3, 10, 11, 12, 15, 18, 21, 24]
    W3: [ 0,  3,  8,  9, 12, 13, 18, 21, 22, 23] < [ 1,  4,  5,  6, 11, 15, 17, 19, 20, 24]
    W4: [ 0,  2,  7,  9, 11, 12, 14, 16, 17] = [ 3,  5,  6,  8, 13, 19, 20, 22, 24]
    Truth table row=[>, <, <, <, =] ix=163 result=[15+] is correct

Test 16-:
    W0: [ 0,  4,  5,  7, 10, 11, 13, 15] = [ 1,  2,  3,  6,  8,  9, 12, 14]
    W1: [ 0,  4,  5,  7, 10, 11, 14, 16, 17, 19, 21, 24] < [ 1,  2,  3,  6,  8,  9, 13, 15, 18, 20, 22, 23]
    W2: [ 0,  4,  5, 13, 14, 16, 17, 20, 22, 23] < [ 1,  2,  3, 10, 11, 12, 15, 18, 21, 24]
    W3: [ 0,  3,  8,  9, 12, 13, 18, 21, 22, 23] = [ 1,  4,  5,  6, 11, 15, 17, 19, 20, 24]
    W4: [ 0,  2,  7,  9, 11, 12, 14, 16, 17] < [ 3,  5,  6,  8, 13, 19, 20, 22, 24]
    Truth table row=[=, <, <, =, <] ix=84 result=[16-] is correct

Test 16+:
    W0: [ 0,  4,  5,  7, 10, 11, 13, 15] = [ 1,  2,  3,  6,  8,  9, 12, 14]
    W1: [ 0,  4,  5,  7, 10, 11, 14, 16, 17, 19, 21, 24] > [ 1,  2,  3,  6,  8,  9, 13, 15, 18, 20, 22, 23]
    W2: [ 0,  4,  5, 13, 14, 16, 17, 20, 22, 23] > [ 1,  2,  3, 10, 11, 12, 15, 18, 21, 24]
    W3: [ 0,  3,  8,  9, 12, 13, 18, 21, 22, 23] = [ 1,  4,  5,  6, 11, 15, 17, 19, 20, 24]
    W4: [ 0,  2,  7,  9, 11, 12, 14, 16, 17] > [ 3,  5,  6,  8, 13, 19, 20, 22, 24]
    Truth table row=[=, >, >, =, >] ix=158 result=[16+] is correct

Test 17-:
    W0: [ 0,  4,  5,  7, 10, 11, 13, 15] = [ 1,  2,  3,  6,  8,  9, 12, 14]
    W1: [ 0,  4,  5,  7, 10, 11, 14, 16, 17, 19, 21, 24] < [ 1,  2,  3,  6,  8,  9, 13, 15, 18, 20, 22, 23]
    W2: [ 0,  4,  5, 13, 14, 16, 17, 20, 22, 23] < [ 1,  2,  3, 10, 11, 12, 15, 18, 21, 24]
    W3: [ 0,  3,  8,  9, 12, 13, 18, 21, 22, 23] > [ 1,  4,  5,  6, 11, 15, 17, 19, 20, 24]
    W4: [ 0,  2,  7,  9, 11, 12, 14, 16, 17] < [ 3,  5,  6,  8, 13, 19, 20, 22, 24]
    Truth table row=[=, <, <, >, <] ix=87 result=[17-] is correct

Test 17+:
    W0: [ 0,  4,  5,  7, 10, 11, 13, 15] = [ 1,  2,  3,  6,  8,  9, 12, 14]
    W1: [ 0,  4,  5,  7, 10, 11, 14, 16, 17, 19, 21, 24] > [ 1,  2,  3,  6,  8,  9, 13, 15, 18, 20, 22, 23]
    W2: [ 0,  4,  5, 13, 14, 16, 17, 20, 22, 23] > [ 1,  2,  3, 10, 11, 12, 15, 18, 21, 24]
    W3: [ 0,  3,  8,  9, 12, 13, 18, 21, 22, 23] < [ 1,  4,  5,  6, 11, 15, 17, 19, 20, 24]
    W4: [ 0,  2,  7,  9, 11, 12, 14, 16, 17] > [ 3,  5,  6,  8, 13, 19, 20, 22, 24]
    Truth table row=[=, >, >, <, >] ix=155 result=[17+] is correct

Test 18-:
    W0: [ 0,  4,  5,  7, 10, 11, 13, 15] = [ 1,  2,  3,  6,  8,  9, 12, 14]
    W1: [ 0,  4,  5,  7, 10, 11, 14, 16, 17, 19, 21, 24] > [ 1,  2,  3,  6,  8,  9, 13, 15, 18, 20, 22, 23]
    W2: [ 0,  4,  5, 13, 14, 16, 17, 20, 22, 23] > [ 1,  2,  3, 10, 11, 12, 15, 18, 21, 24]
    W3: [ 0,  3,  8,  9, 12, 13, 18, 21, 22, 23] < [ 1,  4,  5,  6, 11, 15, 17, 19, 20, 24]
    W4: [ 0,  2,  7,  9, 11, 12, 14, 16, 17] = [ 3,  5,  6,  8, 13, 19, 20, 22, 24]
    Truth table row=[=, >, >, <, =] ix=154 result=[18-] is correct

Test 18+:
    W0: [ 0,  4,  5,  7, 10, 11, 13, 15] = [ 1,  2,  3,  6,  8,  9, 12, 14]
    W1: [ 0,  4,  5,  7, 10, 11, 14, 16, 17, 19, 21, 24] < [ 1,  2,  3,  6,  8,  9, 13, 15, 18, 20, 22, 23]
    W2: [ 0,  4,  5, 13, 14, 16, 17, 20, 22, 23] < [ 1,  2,  3, 10, 11, 12, 15, 18, 21, 24]
    W3: [ 0,  3,  8,  9, 12, 13, 18, 21, 22, 23] > [ 1,  4,  5,  6, 11, 15, 17, 19, 20, 24]
    W4: [ 0,  2,  7,  9, 11, 12, 14, 16, 17] = [ 3,  5,  6,  8, 13, 19, 20, 22, 24]
    Truth table row=[=, <, <, >, =] ix=88 result=[18+] is correct

Test 19-:
    W0: [ 0,  4,  5,  7, 10, 11, 13, 15] = [ 1,  2,  3,  6,  8,  9, 12, 14]
    W1: [ 0,  4,  5,  7, 10, 11, 14, 16, 17, 19, 21, 24] < [ 1,  2,  3,  6,  8,  9, 13, 15, 18, 20, 22, 23]
    W2: [ 0,  4,  5, 13, 14, 16, 17, 20, 22, 23] = [ 1,  2,  3, 10, 11, 12, 15, 18, 21, 24]
    W3: [ 0,  3,  8,  9, 12, 13, 18, 21, 22, 23] > [ 1,  4,  5,  6, 11, 15, 17, 19, 20, 24]
    W4: [ 0,  2,  7,  9, 11, 12, 14, 16, 17] > [ 3,  5,  6,  8, 13, 19, 20, 22, 24]
    Truth table row=[=, <, =, >, >] ix=98 result=[19-] is correct

Test 19+:
    W0: [ 0,  4,  5,  7, 10, 11, 13, 15] = [ 1,  2,  3,  6,  8,  9, 12, 14]
    W1: [ 0,  4,  5,  7, 10, 11, 14, 16, 17, 19, 21, 24] > [ 1,  2,  3,  6,  8,  9, 13, 15, 18, 20, 22, 23]
    W2: [ 0,  4,  5, 13, 14, 16, 17, 20, 22, 23] = [ 1,  2,  3, 10, 11, 12, 15, 18, 21, 24]
    W3: [ 0,  3,  8,  9, 12, 13, 18, 21, 22, 23] < [ 1,  4,  5,  6, 11, 15, 17, 19, 20, 24]
    W4: [ 0,  2,  7,  9, 11, 12, 14, 16, 17] < [ 3,  5,  6,  8, 13, 19, 20, 22, 24]
    Truth table row=[=, >, =, <, <] ix=144 result=[19+] is correct

Test 20-:
    W0: [ 0,  4,  5,  7, 10, 11, 13, 15] = [ 1,  2,  3,  6,  8,  9, 12, 14]
    W1: [ 0,  4,  5,  7, 10, 11, 14, 16, 17, 19, 21, 24] > [ 1,  2,  3,  6,  8,  9, 13, 15, 18, 20, 22, 23]
    W2: [ 0,  4,  5, 13, 14, 16, 17, 20, 22, 23] < [ 1,  2,  3, 10, 11, 12, 15, 18, 21, 24]
    W3: [ 0,  3,  8,  9, 12, 13, 18, 21, 22, 23] > [ 1,  4,  5,  6, 11, 15, 17, 19, 20, 24]
    W4: [ 0,  2,  7,  9, 11, 12, 14, 16, 17] > [ 3,  5,  6,  8, 13, 19, 20, 22, 24]
    Truth table row=[=, >, <, >, >] ix=143 result=[20-] is correct

Test 20+:
    W0: [ 0,  4,  5,  7, 10, 11, 13, 15] = [ 1,  2,  3,  6,  8,  9, 12, 14]
    W1: [ 0,  4,  5,  7, 10, 11, 14, 16, 17, 19, 21, 24] < [ 1,  2,  3,  6,  8,  9, 13, 15, 18, 20, 22, 23]
    W2: [ 0,  4,  5, 13, 14, 16, 17, 20, 22, 23] > [ 1,  2,  3, 10, 11, 12, 15, 18, 21, 24]
    W3: [ 0,  3,  8,  9, 12, 13, 18, 21, 22, 23] < [ 1,  4,  5,  6, 11, 15, 17, 19, 20, 24]
    W4: [ 0,  2,  7,  9, 11, 12, 14, 16, 17] < [ 3,  5,  6,  8, 13, 19, 20, 22, 24]
    Truth table row=[=, <, >, <, <] ix=99 result=[20+] is correct

Test 21-:
    W0: [ 0,  4,  5,  7, 10, 11, 13, 15] = [ 1,  2,  3,  6,  8,  9, 12, 14]
    W1: [ 0,  4,  5,  7, 10, 11, 14, 16, 17, 19, 21, 24] < [ 1,  2,  3,  6,  8,  9, 13, 15, 18, 20, 22, 23]
    W2: [ 0,  4,  5, 13, 14, 16, 17, 20, 22, 23] > [ 1,  2,  3, 10, 11, 12, 15, 18, 21, 24]
    W3: [ 0,  3,  8,  9, 12, 13, 18, 21, 22, 23] < [ 1,  4,  5,  6, 11, 15, 17, 19, 20, 24]
    W4: [ 0,  2,  7,  9, 11, 12, 14, 16, 17] = [ 3,  5,  6,  8, 13, 19, 20, 22, 24]
    Truth table row=[=, <, >, <, =] ix=100 result=[21-] is correct

Test 21+:
    W0: [ 0,  4,  5,  7, 10, 11, 13, 15] = [ 1,  2,  3,  6,  8,  9, 12, 14]
    W1: [ 0,  4,  5,  7, 10, 11, 14, 16, 17, 19, 21, 24] > [ 1,  2,  3,  6,  8,  9, 13, 15, 18, 20, 22, 23]
    W2: [ 0,  4,  5, 13, 14, 16, 17, 20, 22, 23] < [ 1,  2,  3, 10, 11, 12, 15, 18, 21, 24]
    W3: [ 0,  3,  8,  9, 12, 13, 18, 21, 22, 23] > [ 1,  4,  5,  6, 11, 15, 17, 19, 20, 24]
    W4: [ 0,  2,  7,  9, 11, 12, 14, 16, 17] = [ 3,  5,  6,  8, 13, 19, 20, 22, 24]
    Truth table row=[=, >, <, >, =] ix=142 result=[21+] is correct

Test 22-:
    W0: [ 0,  4,  5,  7, 10, 11, 13, 15] = [ 1,  2,  3,  6,  8,  9, 12, 14]
    W1: [ 0,  4,  5,  7, 10, 11, 14, 16, 17, 19, 21, 24] > [ 1,  2,  3,  6,  8,  9, 13, 15, 18, 20, 22, 23]
    W2: [ 0,  4,  5, 13, 14, 16, 17, 20, 22, 23] < [ 1,  2,  3, 10, 11, 12, 15, 18, 21, 24]
    W3: [ 0,  3,  8,  9, 12, 13, 18, 21, 22, 23] < [ 1,  4,  5,  6, 11, 15, 17, 19, 20, 24]
    W4: [ 0,  2,  7,  9, 11, 12, 14, 16, 17] > [ 3,  5,  6,  8, 13, 19, 20, 22, 24]
    Truth table row=[=, >, <, <, >] ix=137 result=[22-] is correct

Test 22+:
    W0: [ 0,  4,  5,  7, 10, 11, 13, 15] = [ 1,  2,  3,  6,  8,  9, 12, 14]
    W1: [ 0,  4,  5,  7, 10, 11, 14, 16, 17, 19, 21, 24] < [ 1,  2,  3,  6,  8,  9, 13, 15, 18, 20, 22, 23]
    W2: [ 0,  4,  5, 13, 14, 16, 17, 20, 22, 23] > [ 1,  2,  3, 10, 11, 12, 15, 18, 21, 24]
    W3: [ 0,  3,  8,  9, 12, 13, 18, 21, 22, 23] > [ 1,  4,  5,  6, 11, 15, 17, 19, 20, 24]
    W4: [ 0,  2,  7,  9, 11, 12, 14, 16, 17] < [ 3,  5,  6,  8, 13, 19, 20, 22, 24]
    Truth table row=[=, <, >, >, <] ix=105 result=[22+] is correct

Test 23-:
    W0: [ 0,  4,  5,  7, 10, 11, 13, 15] = [ 1,  2,  3,  6,  8,  9, 12, 14]
    W1: [ 0,  4,  5,  7, 10, 11, 14, 16, 17, 19, 21, 24] > [ 1,  2,  3,  6,  8,  9, 13, 15, 18, 20, 22, 23]
    W2: [ 0,  4,  5, 13, 14, 16, 17, 20, 22, 23] < [ 1,  2,  3, 10, 11, 12, 15, 18, 21, 24]
    W3: [ 0,  3,  8,  9, 12, 13, 18, 21, 22, 23] < [ 1,  4,  5,  6, 11, 15, 17, 19, 20, 24]
    W4: [ 0,  2,  7,  9, 11, 12, 14, 16, 17] = [ 3,  5,  6,  8, 13, 19, 20, 22, 24]
    Truth table row=[=, >, <, <, =] ix=136 result=[23-] is correct

Test 23+:
    W0: [ 0,  4,  5,  7, 10, 11, 13, 15] = [ 1,  2,  3,  6,  8,  9, 12, 14]
    W1: [ 0,  4,  5,  7, 10, 11, 14, 16, 17, 19, 21, 24] < [ 1,  2,  3,  6,  8,  9, 13, 15, 18, 20, 22, 23]
    W2: [ 0,  4,  5, 13, 14, 16, 17, 20, 22, 23] > [ 1,  2,  3, 10, 11, 12, 15, 18, 21, 24]
    W3: [ 0,  3,  8,  9, 12, 13, 18, 21, 22, 23] > [ 1,  4,  5,  6, 11, 15, 17, 19, 20, 24]
    W4: [ 0,  2,  7,  9, 11, 12, 14, 16, 17] = [ 3,  5,  6,  8, 13, 19, 20, 22, 24]
    Truth table row=[=, <, >, >, =] ix=106 result=[23+] is correct

Test 24-:
    W0: [ 0,  4,  5,  7, 10, 11, 13, 15] = [ 1,  2,  3,  6,  8,  9, 12, 14]
    W1: [ 0,  4,  5,  7, 10, 11, 14, 16, 17, 19, 21, 24] < [ 1,  2,  3,  6,  8,  9, 13, 15, 18, 20, 22, 23]
    W2: [ 0,  4,  5, 13, 14, 16, 17, 20, 22, 23] > [ 1,  2,  3, 10, 11, 12, 15, 18, 21, 24]
    W3: [ 0,  3,  8,  9, 12, 13, 18, 21, 22, 23] > [ 1,  4,  5,  6, 11, 15, 17, 19, 20, 24]
    W4: [ 0,  2,  7,  9, 11, 12, 14, 16, 17] > [ 3,  5,  6,  8, 13, 19, 20, 22, 24]
    Truth table row=[=, <, >, >, >] ix=107 result=[24-] is correct

Test 24+:
    W0: [ 0,  4,  5,  7, 10, 11, 13, 15] = [ 1,  2,  3,  6,  8,  9, 12, 14]
    W1: [ 0,  4,  5,  7, 10, 11, 14, 16, 17, 19, 21, 24] > [ 1,  2,  3,  6,  8,  9, 13, 15, 18, 20, 22, 23]
    W2: [ 0,  4,  5, 13, 14, 16, 17, 20, 22, 23] < [ 1,  2,  3, 10, 11, 12, 15, 18, 21, 24]
    W3: [ 0,  3,  8,  9, 12, 13, 18, 21, 22, 23] < [ 1,  4,  5,  6, 11, 15, 17, 19, 20, 24]
    W4: [ 0,  2,  7,  9, 11, 12, 14, 16, 17] < [ 3,  5,  6,  8, 13, 19, 20, 22, 24]
    Truth table row=[=, >, <, <, <] ix=135 result=[24+] is correct

Total correct results: 50
Total incorrect results: 0
