Solving for 7 balls and 4 weighings.
Using symmetry breaking strategy TruthTableAscending.

Solution:
W0: [ 0,  2,  4] <=> [ 1,  3,  5]
W1: [ 0,  2,  4] <=> [ 1,  3,  5]
W2: [ 0,  2] <=> [ 1,  6]
W3: [ 0,  5] <=> [ 2,  3]

Truth Table:
ix  W0  W1  W2  W3   Result
 0   <   <   <   <   0-
 1   <   <   <   =   1+
 2   <   <   <   >   2-
 3   <   <   =   <   3+
 4   <   <   =   =   4-
 5   <   <   =   >   5+
 6   <   <   >   <
 7   <   <   >   =
 8   <   <   >   >
 9   <   =   <   <
10   <   =   <   =
11   <   =   <   >
12   <   =   =   <
13   <   =   =   =
14   <   =   =   >
15   <   =   >   <
16   <   =   >   =
17   <   =   >   >
18   <   >   <   <
19   <   >   <   =
20   <   >   <   >
21   <   >   =   <
22   <   >   =   =
23   <   >   =   >
24   <   >   >   <
25   <   >   >   =
26   <   >   >   >
27   =   <   <   <
28   =   <   <   =
29   =   <   <   >
30   =   <   =   <
31   =   <   =   =
32   =   <   =   >
33   =   <   >   <
34   =   <   >   =
35   =   <   >   >
36   =   =   <   <
37   =   =   <   =   6+
38   =   =   <   >
39   =   =   =   <
40   =   =   =   =
41   =   =   =   >
42   =   =   >   <
43   =   =   >   =   6-
44   =   =   >   >
45   =   >   <   <
46   =   >   <   =
47   =   >   <   >
48   =   >   =   <
49   =   >   =   =
50   =   >   =   >
51   =   >   >   <
52   =   >   >   =
53   =   >   >   >
54   >   <   <   <
55   >   <   <   =
56   >   <   <   >
57   >   <   =   <
58   >   <   =   =
59   >   <   =   >
60   >   <   >   <
61   >   <   >   =
62   >   <   >   >
63   >   =   <   <
64   >   =   <   =
65   >   =   <   >
66   >   =   =   <
67   >   =   =   =
68   >   =   =   >
69   >   =   >   <
70   >   =   >   =
71   >   =   >   >
72   >   >   <   <
73   >   >   <   =
74   >   >   <   >
75   >   >   =   <   5-
76   >   >   =   =   4+
77   >   >   =   >   3-
78   >   >   >   <   2+
79   >   >   >   =   1-
80   >   >   >   >   0+

Test 0-:
    W0: [ 0,  2,  4] < [ 1,  3,  5]
    W1: [ 0,  2,  4] < [ 1,  3,  5]
    W2: [ 0,  2] < [ 1,  6]
    W3: [ 0,  5] < [ 2,  3]
    Truth table row=[<, <, <, <] ix=0 result=[0-] is correct

Test 0+:
    W0: [ 0,  2,  4] > [ 1,  3,  5]
    W1: [ 0,  2,  4] > [ 1,  3,  5]
    W2: [ 0,  2] > [ 1,  6]
    W3: [ 0,  5] > [ 2,  3]
    Truth table row=[>, >, >, >] ix=80 result=[0+] is correct

Test 1-:
    W0: [ 0,  2,  4] > [ 1,  3,  5]
    W1: [ 0,  2,  4] > [ 1,  3,  5]
    W2: [ 0,  2] > [ 1,  6]
    W3: [ 0,  5] = [ 2,  3]
    Truth table row=[>, >, >, =] ix=79 result=[1-] is correct

Test 1+:
    W0: [ 0,  2,  4] < [ 1,  3,  5]
    W1: [ 0,  2,  4] < [ 1,  3,  5]
    W2: [ 0,  2] < [ 1,  6]
    W3: [ 0,  5] = [ 2,  3]
    Truth table row=[<, <, <, =] ix=1 result=[1+] is correct

Test 2-:
    W0: [ 0,  2,  4] < [ 1,  3,  5]
    W1: [ 0,  2,  4] < [ 1,  3,  5]
    W2: [ 0,  2] < [ 1,  6]
    W3: [ 0,  5] > [ 2,  3]
    Truth table row=[<, <, <, >] ix=2 result=[2-] is correct

Test 2+:
    W0: [ 0,  2,  4] > [ 1,  3,  5]
    W1: [ 0,  2,  4] > [ 1,  3,  5]
    W2: [ 0,  2] > [ 1,  6]
    W3: [ 0,  5] < [ 2,  3]
    Truth table row=[>, >, >, <] ix=78 result=[2+] is correct

Test 3-:
    W0: [ 0,  2,  4] > [ 1,  3,  5]
    W1: [ 0,  2,  4] > [ 1,  3,  5]
    W2: [ 0,  2] = [ 1,  6]
    W3: [ 0,  5] > [ 2,  3]
    Truth table row=[>, >, =, >] ix=77 result=[3-] is correct

Test 3+:
    W0: [ 0,  2,  4] < [ 1,  3,  5]
    W1: [ 0,  2,  4] < [ 1,  3,  5]
    W2: [ 0,  2] = [ 1,  6]
    W3: [ 0,  5] < [ 2,  3]
    Truth table row=[<, <, =, <] ix=3 result=[3+] is correct

Test 4-:
    W0: [ 0,  2,  4] < [ 1,  3,  5]
    W1: [ 0,  2,  4] < [ 1,  3,  5]
    W2: [ 0,  2] = [ 1,  6]
    W3: [ 0,  5] = [ 2,  3]
    Truth table row=[<, <, =, =] ix=4 result=[4-] is correct

Test 4+:
    W0: [ 0,  2,  4] > [ 1,  3,  5]
    W1: [ 0,  2,  4] > [ 1,  3,  5]
    W2: [ 0,  2] = [ 1,  6]
    W3: [ 0,  5] = [ 2,  3]
    Truth table row=[>, >, =, =] ix=76 result=[4+] is correct

Test 5-:
    W0: [ 0,  2,  4] > [ 1,  3,  5]
    W1: [ 0,  2,  4] > [ 1,  3,  5]
    W2: [ 0,  2] = [ 1,  6]
    W3: [ 0,  5] < [ 2,  3]
    Truth table row=[>, >, =, <] ix=75 result=[5-] is correct

Test 5+:
    W0: [ 0,  2,  4] < [ 1,  3,  5]
    W1: [ 0,  2,  4] < [ 1,  3,  5]
    W2: [ 0,  2] = [ 1,  6]
    W3: [ 0,  5] > [ 2,  3]
    Truth table row=[<, <, =, >] ix=5 result=[5+] is correct

Test 6-:
    W0: [ 0,  2,  4] = [ 1,  3,  5]
    W1: [ 0,  2,  4] = [ 1,  3,  5]
    W2: [ 0,  2] > [ 1,  6]
    W3: [ 0,  5] = [ 2,  3]
    Truth table row=[=, =, >, =] ix=43 result=[6-] is correct

Test 6+:
    W0: [ 0,  2,  4] = [ 1,  3,  5]
    W1: [ 0,  2,  4] = [ 1,  3,  5]
    W2: [ 0,  2] < [ 1,  6]
    W3: [ 0,  5] = [ 2,  3]
    Truth table row=[=, =, <, =] ix=37 result=[6+] is correct

Total correct results: 14
Total incorrect results: 0
