Solving for 14 balls and 4 weighings.
Using symmetry breaking strategy TruthTableAscending.

Solution:
W0: [ 0,  1,  3,  5,  7, 12, 13] <=> [ 2,  4,  6,  8,  9, 10, 11]
W1: [ 0,  1,  3,  5,  7] <=> [ 2,  4,  6,  8, 13]
W2: [ 0,  1,  6,  8, 13] <=> [ 2,  7,  9, 10, 11]
W3: [ 0,  2,  3,  8, 11] <=> [ 5,  6,  9, 12, 13]

Truth Table:
ix  W0  W1  W2  W3   Result
 0   <   <   <   <   0-
 1   <   <   <   =   1-
 2   <   <   <   >   2+
 3   <   <   =   <   3-
 4   <   <   =   =   4+
 5   <   <   =   >   5-
 6   <   <   >   <   6+
 7   <   <   >   =   7-
 8   <   <   >   >   8+
 9   <   =   <   <   9+
10   <   =   <   =   10+
11   <   =   <   >   11+
12   <   =   =   <
13   <   =   =   =
14   <   =   =   >   12-
15   <   =   >   <
16   <   =   >   =
17   <   =   >   >
18   <   >   <   <
19   <   >   <   =
20   <   >   <   >   13-
21   <   >   =   <
22   <   >   =   =
23   <   >   =   >
24   <   >   >   <
25   <   >   >   =
26   <   >   >   >
27   =   <   <   <
28   =   <   <   =
29   =   <   <   >
30   =   <   =   <
31   =   <   =   =
32   =   <   =   >
33   =   <   >   <
34   =   <   >   =
35   =   <   >   >
36   =   =   <   <
37   =   =   <   =
38   =   =   <   >
39   =   =   =   <
40   =   =   =   =
41   =   =   =   >
42   =   =   >   <
43   =   =   >   =
44   =   =   >   >
45   =   >   <   <
46   =   >   <   =
47   =   >   <   >
48   =   >   =   <
49   =   >   =   =
50   =   >   =   >
51   =   >   >   <
52   =   >   >   =
53   =   >   >   >
54   >   <   <   <
55   >   <   <   =
56   >   <   <   >
57   >   <   =   <
58   >   <   =   =
59   >   <   =   >
60   >   <   >   <   13+
61   >   <   >   =
62   >   <   >   >
63   >   =   <   <
64   >   =   <   =
65   >   =   <   >
66   >   =   =   <   12+
67   >   =   =   =
68   >   =   =   >
69   >   =   >   <   11-
70   >   =   >   =   10-
71   >   =   >   >   9-
72   >   >   <   <   8-
73   >   >   <   =   7+
74   >   >   <   >   6-
75   >   >   =   <   5+
76   >   >   =   =   4-
77   >   >   =   >   3+
78   >   >   >   <   2-
79   >   >   >   =   1+
80   >   >   >   >   0+

Test 0-:
    W0: [ 0,  1,  3,  5,  7, 12, 13] < [ 2,  4,  6,  8,  9, 10, 11]
    W1: [ 0,  1,  3,  5,  7] < [ 2,  4,  6,  8, 13]
    W2: [ 0,  1,  6,  8, 13] < [ 2,  7,  9, 10, 11]
    W3: [ 0,  2,  3,  8, 11] < [ 5,  6,  9, 12, 13]
    Truth table row=[<, <, <, <] ix=0 result=[0-] is correct

Test 0+:
    W0: [ 0,  1,  3,  5,  7, 12, 13] > [ 2,  4,  6,  8,  9, 10, 11]
    W1: [ 0,  1,  3,  5,  7] > [ 2,  4,  6,  8, 13]
    W2: [ 0,  1,  6,  8, 13] > [ 2,  7,  9, 10, 11]
    W3: [ 0,  2,  3,  8, 11] > [ 5,  6,  9, 12, 13]
    Truth table row=[>, >, >, >] ix=80 result=[0+] is correct

Test 1-:
    W0: [ 0,  1,  3,  5,  7, 12, 13] < [ 2,  4,  6,  8,  9, 10, 11]
    W1: [ 0,  1,  3,  5,  7] < [ 2,  4,  6,  8, 13]
    W2: [ 0,  1,  6,  8, 13] < [ 2,  7,  9, 10, 11]
    W3: [ 0,  2,  3,  8, 11] = [ 5,  6,  9, 12, 13]
    Truth table row=[<, <, <, =] ix=1 result=[1-] is correct

Test 1+:
    W0: [ 0,  1,  3,  5,  7, 12, 13] > [ 2,  4,  6,  8,  9, 10, 11]
    W1: [ 0,  1,  3,  5,  7] > [ 2,  4,  6,  8, 13]
    W2: [ 0,  1,  6,  8, 13] > [ 2,  7,  9, 10, 11]
    W3: [ 0,  2,  3,  8, 11] = [ 5,  6,  9, 12, 13]
    Truth table row=[>, >, >, =] ix=79 result=[1+] is correct

Test 2-:
    W0: [ 0,  1,  3,  5,  7, 12, 13] > [ 2,  4,  6,  8,  9, 10, 11]
    W1: [ 0,  1,  3,  5,  7] > [ 2,  4,  6,  8, 13]
    W2: [ 0,  1,  6,  8, 13] > [ 2,  7,  9, 10, 11]
    W3: [ 0,  2,  3,  8, 11] < [ 5,  6,  9, 12, 13]
    Truth table row=[>, >, >, <] ix=78 result=[2-] is correct

Test 2+:
    W0: [ 0,  1,  3,  5,  7, 12, 13] < [ 2,  4,  6,  8,  9, 10, 11]
    W1: [ 0,  1,  3,  5,  7] < [ 2,  4,  6,  8, 13]
    W2: [ 0,  1,  6,  8, 13] < [ 2,  7,  9, 10, 11]
    W3: [ 0,  2,  3,  8, 11] > [ 5,  6,  9, 12, 13]
    Truth table row=[<, <, <, >] ix=2 result=[2+] is correct

Test 3-:
    W0: [ 0,  1,  3,  5,  7, 12, 13] < [ 2,  4,  6,  8,  9, 10, 11]
    W1: [ 0,  1,  3,  5,  7] < [ 2,  4,  6,  8, 13]
    W2: [ 0,  1,  6,  8, 13] = [ 2,  7,  9, 10, 11]
    W3: [ 0,  2,  3,  8, 11] < [ 5,  6,  9, 12, 13]
    Truth table row=[<, <, =, <] ix=3 result=[3-] is correct

Test 3+:
    W0: [ 0,  1,  3,  5,  7, 12, 13] > [ 2,  4,  6,  8,  9, 10, 11]
    W1: [ 0,  1,  3,  5,  7] > [ 2,  4,  6,  8, 13]
    W2: [ 0,  1,  6,  8, 13] = [ 2,  7,  9, 10, 11]
    W3: [ 0,  2,  3,  8, 11] > [ 5,  6,  9, 12, 13]
    Truth table row=[>, >, =, >] ix=77 result=[3+] is correct

Test 4-:
    W0: [ 0,  1,  3,  5,  7, 12, 13] > [ 2,  4,  6,  8,  9, 10, 11]
    W1: [ 0,  1,  3,  5,  7] > [ 2,  4,  6,  8, 13]
    W2: [ 0,  1,  6,  8, 13] = [ 2,  7,  9, 10, 11]
    W3: [ 0,  2,  3,  8, 11] = [ 5,  6,  9, 12, 13]
    Truth table row=[>, >, =, =] ix=76 result=[4-] is correct

Test 4+:
    W0: [ 0,  1,  3,  5,  7, 12, 13] < [ 2,  4,  6,  8,  9, 10, 11]
    W1: [ 0,  1,  3,  5,  7] < [ 2,  4,  6,  8, 13]
    W2: [ 0,  1,  6,  8, 13] = [ 2,  7,  9, 10, 11]
    W3: [ 0,  2,  3,  8, 11] = [ 5,  6,  9, 12, 13]
    Truth table row=[<, <, =, =] ix=4 result=[4+] is correct

Test 5-:
    W0: [ 0,  1,  3,  5,  7, 12, 13] < [ 2,  4,  6,  8,  9, 10, 11]
    W1: [ 0,  1,  3,  5,  7] < [ 2,  4,  6,  8, 13]
    W2: [ 0,  1,  6,  8, 13] = [ 2,  7,  9, 10, 11]
    W3: [ 0,  2,  3,  8, 11] > [ 5,  6,  9, 12, 13]
    Truth table row=[<, <, =, >] ix=5 result=[5-] is correct

Test 5+:
    W0: [ 0,  1,  3,  5,  7, 12, 13] > [ 2,  4,  6,  8,  9, 10, 11]
    W1: [ 0,  1,  3,  5,  7] > [ 2,  4,  6,  8, 13]
    W2: [ 0,  1,  6,  8, 13] = [ 2,  7,  9, 10, 11]
    W3: [ 0,  2,  3,  8, 11] < [ 5,  6,  9, 12, 13]
    Truth table row=[>, >, =, <] ix=75 result=[5+] is correct

Test 6-:
    W0: [ 0,  1,  3,  5,  7, 12, 13] > [ 2,  4,  6,  8,  9, 10, 11]
    W1: [ 0,  1,  3,  5,  7] > [ 2,  4,  6,  8, 13]
    W2: [ 0,  1,  6,  8, 13] < [ 2,  7,  9, 10, 11]
    W3: [ 0,  2,  3,  8, 11] > [ 5,  6,  9, 12, 13]
    Truth table row=[>, >, <, >] ix=74 result=[6-] is correct

Test 6+:
    W0: [ 0,  1,  3,  5,  7, 12, 13] < [ 2,  4,  6,  8,  9, 10, 11]
    W1: [ 0,  1,  3,  5,  7] < [ 2,  4,  6,  8, 13]
    W2: [ 0,  1,  6,  8, 13] > [ 2,  7,  9, 10, 11]
    W3: [ 0,  2,  3,  8, 11] < [ 5,  6,  9, 12, 13]
    Truth table row=[<, <, >, <] ix=6 result=[6+] is correct

Test 7-:
    W0: [ 0,  1,  3,  5,  7, 12, 13] < [ 2,  4,  6,  8,  9, 10, 11]
    W1: [ 0,  1,  3,  5,  7] < [ 2,  4,  6,  8, 13]
    W2: [ 0,  1,  6,  8, 13] > [ 2,  7,  9, 10, 11]
    W3: [ 0,  2,  3,  8, 11] = [ 5,  6,  9, 12, 13]
    Truth table row=[<, <, >, =] ix=7 result=[7-] is correct

Test 7+:
    W0: [ 0,  1,  3,  5,  7, 12, 13] > [ 2,  4,  6,  8,  9, 10, 11]
    W1: [ 0,  1,  3,  5,  7] > [ 2,  4,  6,  8, 13]
    W2: [ 0,  1,  6,  8, 13] < [ 2,  7,  9, 10, 11]
    W3: [ 0,  2,  3,  8, 11] = [ 5,  6,  9, 12, 13]
    Truth table row=[>, >, <, =] ix=73 result=[7+] is correct

Test 8-:
    W0: [ 0,  1,  3,  5,  7, 12, 13] > [ 2,  4,  6,  8,  9, 10, 11]
    W1: [ 0,  1,  3,  5,  7] > [ 2,  4,  6,  8, 13]
    W2: [ 0,  1,  6,  8, 13] < [ 2,  7,  9, 10, 11]
    W3: [ 0,  2,  3,  8, 11] < [ 5,  6,  9, 12, 13]
    Truth table row=[>, >, <, <] ix=72 result=[8-] is correct

Test 8+:
    W0: [ 0,  1,  3,  5,  7, 12, 13] < [ 2,  4,  6,  8,  9, 10, 11]
    W1: [ 0,  1,  3,  5,  7] < [ 2,  4,  6,  8, 13]
    W2: [ 0,  1,  6,  8, 13] > [ 2,  7,  9, 10, 11]
    W3: [ 0,  2,  3,  8, 11] > [ 5,  6,  9, 12, 13]
    Truth table row=[<, <, >, >] ix=8 result=[8+] is correct

Test 9-:
    W0: [ 0,  1,  3,  5,  7, 12, 13] > [ 2,  4,  6,  8,  9, 10, 11]
    W1: [ 0,  1,  3,  5,  7] = [ 2,  4,  6,  8, 13]
    W2: [ 0,  1,  6,  8, 13] > [ 2,  7,  9, 10, 11]
    W3: [ 0,  2,  3,  8, 11] > [ 5,  6,  9, 12, 13]
    Truth table row=[>, =, >, >] ix=71 result=[9-] is correct

Test 9+:
    W0: [ 0,  1,  3,  5,  7, 12, 13] < [ 2,  4,  6,  8,  9, 10, 11]
    W1: [ 0,  1,  3,  5,  7] = [ 2,  4,  6,  8, 13]
    W2: [ 0,  1,  6,  8, 13] < [ 2,  7,  9, 10, 11]
    W3: [ 0,  2,  3,  8, 11] < [ 5,  6,  9, 12, 13]
    Truth table row=[<, =, <, <] ix=9 result=[9+] is correct

Test 10-:
    W0: [ 0,  1,  3,  5,  7, 12, 13] > [ 2,  4,  6,  8,  9, 10, 11]
    W1: [ 0,  1,  3,  5,  7] = [ 2,  4,  6,  8, 13]
    W2: [ 0,  1,  6,  8, 13] > [ 2,  7,  9, 10, 11]
    W3: [ 0,  2,  3,  8, 11] = [ 5,  6,  9, 12, 13]
    Truth table row=[>, =, >, =] ix=70 result=[10-] is correct

Test 10+:
    W0: [ 0,  1,  3,  5,  7, 12, 13] < [ 2,  4,  6,  8,  9, 10, 11]
    W1: [ 0,  1,  3,  5,  7] = [ 2,  4,  6,  8, 13]
    W2: [ 0,  1,  6,  8, 13] < [ 2,  7,  9, 10, 11]
    W3: [ 0,  2,  3,  8, 11] = [ 5,  6,  9, 12, 13]
    Truth table row=[<, =, <, =] ix=10 result=[10+] is correct

Test 11-:
    W0: [ 0,  1,  3,  5,  7, 12, 13] > [ 2,  4,  6,  8,  9, 10, 11]
    W1: [ 0,  1,  3,  5,  7] = [ 2,  4,  6,  8, 13]
    W2: [ 0,  1,  6,  8, 13] > [ 2,  7,  9, 10, 11]
    W3: [ 0,  2,  3,  8, 11] < [ 5,  6,  9, 12, 13]
    Truth table row=[>, =, >, <] ix=69 result=[11-] is correct

Test 11+:
    W0: [ 0,  1,  3,  5,  7, 12, 13] < [ 2,  4,  6,  8,  9, 10, 11]
    W1: [ 0,  1,  3,  5,  7] = [ 2,  4,  6,  8, 13]
    W2: [ 0,  1,  6,  8, 13] < [ 2,  7,  9, 10, 11]
    W3: [ 0,  2,  3,  8, 11] > [ 5,  6,  9, 12, 13]
    Truth table row=[<, =, <, >] ix=11 result=[11+] is correct

Test 12-:
    W0: [ 0,  1,  3,  5,  7, 12, 13] < [ 2,  4,  6,  8,  9, 10, 11]
    W1: [ 0,  1,  3,  5,  7] = [ 2,  4,  6,  8, 13]
    W2: [ 0,  1,  6,  8, 13] = [ 2,  7,  9, 10, 11]
    W3: [ 0,  2,  3,  8, 11] > [ 5,  6,  9, 12, 13]
    Truth table row=[<, =, =, >] ix=14 result=[12-] is correct

Test 12+:
    W0: [ 0,  1,  3,  5,  7, 12, 13] > [ 2,  4,  6,  8,  9, 10, 11]
    W1: [ 0,  1,  3,  5,  7] = [ 2,  4,  6,  8, 13]
    W2: [ 0,  1,  6,  8, 13] = [ 2,  7,  9, 10, 11]
    W3: [ 0,  2,  3,  8, 11] < [ 5,  6,  9, 12, 13]
    Truth table row=[>, =, =, <] ix=66 result=[12+] is correct

Test 13-:
    W0: [ 0,  1,  3,  5,  7, 12, 13] < [ 2,  4,  6,  8,  9, 10, 11]
    W1: [ 0,  1,  3,  5,  7] > [ 2,  4,  6,  8, 13]
    W2: [ 0,  1,  6,  8, 13] < [ 2,  7,  9, 10, 11]
    W3: [ 0,  2,  3,  8, 11] > [ 5,  6,  9, 12, 13]
    Truth table row=[<, >, <, >] ix=20 result=[13-] is correct

Test 13+:
    W0: [ 0,  1,  3,  5,  7, 12, 13] > [ 2,  4,  6,  8,  9, 10, 11]
    W1: [ 0,  1,  3,  5,  7] < [ 2,  4,  6,  8, 13]
    W2: [ 0,  1,  6,  8, 13] > [ 2,  7,  9, 10, 11]
    W3: [ 0,  2,  3,  8, 11] < [ 5,  6,  9, 12, 13]
    Truth table row=[>, <, >, <] ix=60 result=[13+] is correct

Total correct results: 28
Total incorrect results: 0
