Solving for 12 balls and 5 weighings.
Using symmetry breaking strategy TruthTableAscending.

Solution:
W0: [] <=> []
W1: [ 0,  3] <=> [ 1,  2]
W2: [ 0,  1,  2,  6] <=> [ 3,  4,  5,  7]
W3: [ 7,  8,  9, 10] <=> [ 0,  1,  2,  4]
W4: [ 2,  7,  8, 11] <=> [ 0,  4,  6, 10]

Truth Table:
ix  W0  W1  W2  W3  W4   Result
 0   <   <   <   <   <
 1   <   <   <   <   =
 2   <   <   <   <   >
 3   <   <   <   =   <
 4   <   <   <   =   =
 5   <   <   <   =   >
 6   <   <   <   >   <
 7   <   <   <   >   =
 8   <   <   <   >   >
 9   <   <   =   <   <
10   <   <   =   <   =
11   <   <   =   <   >
12   <   <   =   =   <
13   <   <   =   =   =
14   <   <   =   =   >
15   <   <   =   >   <
16   <   <   =   >   =
17   <   <   =   >   >
18   <   <   >   <   <
19   <   <   >   <   =
20   <   <   >   <   >
21   <   <   >   =   <
22   <   <   >   =   =
23   <   <   >   =   >
24   <   <   >   >   <
25   <   <   >   >   =
26   <   <   >   >   >
27   <   =   <   <   <
28   <   =   <   <   =
29   <   =   <   <   >
30   <   =   <   =   <
31   <   =   <   =   =
32   <   =   <   =   >
33   <   =   <   >   <
34   <   =   <   >   =
35   <   =   <   >   >
36   <   =   =   <   <
37   <   =   =   <   =
38   <   =   =   <   >
39   <   =   =   =   <
40   <   =   =   =   =
41   <   =   =   =   >
42   <   =   =   >   <
43   <   =   =   >   =
44   <   =   =   >   >
45   <   =   >   <   <
46   <   =   >   <   =
47   <   =   >   <   >
48   <   =   >   =   <
49   <   =   >   =   =
50   <   =   >   =   >
51   <   =   >   >   <
52   <   =   >   >   =
53   <   =   >   >   >
54   <   >   <   <   <
55   <   >   <   <   =
56   <   >   <   <   >
57   <   >   <   =   <
58   <   >   <   =   =
59   <   >   <   =   >
60   <   >   <   >   <
61   <   >   <   >   =
62   <   >   <   >   >
63   <   >   =   <   <
64   <   >   =   <   =
65   <   >   =   <   >
66   <   >   =   =   <
67   <   >   =   =   =
68   <   >   =   =   >
69   <   >   =   >   <
70   <   >   =   >   =
71   <   >   =   >   >
72   <   >   >   <   <
73   <   >   >   <   =
74   <   >   >   <   >
75   <   >   >   =   <
76   <   >   >   =   =
77   <   >   >   =   >
78   <   >   >   >   <
79   <   >   >   >   =
80   <   >   >   >   >
81   =   <   <   <   <
82   =   <   <   <   =
83   =   <   <   <   >
84   =   <   <   =   <
85   =   <   <   =   =
86   =   <   <   =   >
87   =   <   <   >   <
88   =   <   <   >   =
89   =   <   <   >   >   0-
90   =   <   =   <   <
91   =   <   =   <   =
92   =   <   =   <   >
93   =   <   =   =   <
94   =   <   =   =   =
95   =   <   =   =   >
96   =   <   =   >   <
97   =   <   =   >   =
98   =   <   =   >   >
99   =   <   >   <   <
100   =   <   >   <   =   1+
101   =   <   >   <   >   2+
102   =   <   >   =   <
103   =   <   >   =   =   3-
104   =   <   >   =   >
105   =   <   >   >   <
106   =   <   >   >   =
107   =   <   >   >   >
108   =   =   <   <   <   4+
109   =   =   <   <   =
110   =   =   <   <   >
111   =   =   <   =   <
112   =   =   <   =   =   5+
113   =   =   <   =   >   6-
114   =   =   <   >   <
115   =   =   <   >   =
116   =   =   <   >   >   7+
117   =   =   =   <   <   8-
118   =   =   =   <   =   9-
119   =   =   =   <   >   10-
120   =   =   =   =   <   11-
121   =   =   =   =   =
122   =   =   =   =   >   11+
123   =   =   =   >   <   10+
124   =   =   =   >   =   9+
125   =   =   =   >   >   8+
126   =   =   >   <   <   7-
127   =   =   >   <   =
128   =   =   >   <   >
129   =   =   >   =   <   6+
130   =   =   >   =   =   5-
131   =   =   >   =   >
132   =   =   >   >   <
133   =   =   >   >   =
134   =   =   >   >   >   4-
135   =   >   <   <   <
136   =   >   <   <   =
137   =   >   <   <   >
138   =   >   <   =   <
139   =   >   <   =   =   3+
140   =   >   <   =   >
141   =   >   <   >   <   2-
142   =   >   <   >   =   1-
143   =   >   <   >   >
144   =   >   =   <   <
145   =   >   =   <   =
146   =   >   =   <   >
147   =   >   =   =   <
148   =   >   =   =   =
149   =   >   =   =   >
150   =   >   =   >   <
151   =   >   =   >   =
152   =   >   =   >   >
153   =   >   >   <   <   0+
154   =   >   >   <   =
155   =   >   >   <   >
156   =   >   >   =   <
157   =   >   >   =   =
158   =   >   >   =   >
159   =   >   >   >   <
160   =   >   >   >   =
161   =   >   >   >   >
162   >   <   <   <   <
163   >   <   <   <   =
164   >   <   <   <   >
165   >   <   <   =   <
166   >   <   <   =   =
167   >   <   <   =   >
168   >   <   <   >   <
169   >   <   <   >   =
170   >   <   <   >   >
171   >   <   =   <   <
172   >   <   =   <   =
173   >   <   =   <   >
174   >   <   =   =   <
175   >   <   =   =   =
176   >   <   =   =   >
177   >   <   =   >   <
178   >   <   =   >   =
179   >   <   =   >   >
180   >   <   >   <   <
181   >   <   >   <   =
182   >   <   >   <   >
183   >   <   >   =   <
184   >   <   >   =   =
185   >   <   >   =   >
186   >   <   >   >   <
187   >   <   >   >   =
188   >   <   >   >   >
189   >   =   <   <   <
190   >   =   <   <   =
191   >   =   <   <   >
192   >   =   <   =   <
193   >   =   <   =   =
194   >   =   <   =   >
195   >   =   <   >   <
196   >   =   <   >   =
197   >   =   <   >   >
198   >   =   =   <   <
199   >   =   =   <   =
200   >   =   =   <   >
201   >   =   =   =   <
202   >   =   =   =   =
203   >   =   =   =   >
204   >   =   =   >   <
205   >   =   =   >   =
206   >   =   =   >   >
207   >   =   >   <   <
208   >   =   >   <   =
209   >   =   >   <   >
210   >   =   >   =   <
211   >   =   >   =   =
212   >   =   >   =   >
213   >   =   >   >   <
214   >   =   >   >   =
215   >   =   >   >   >
216   >   >   <   <   <
217   >   >   <   <   =
218   >   >   <   <   >
219   >   >   <   =   <
220   >   >   <   =   =
221   >   >   <   =   >
222   >   >   <   >   <
223   >   >   <   >   =
224   >   >   <   >   >
225   >   >   =   <   <
226   >   >   =   <   =
227   >   >   =   <   >
228   >   >   =   =   <
229   >   >   =   =   =
230   >   >   =   =   >
231   >   >   =   >   <
232   >   >   =   >   =
233   >   >   =   >   >
234   >   >   >   <   <
235   >   >   >   <   =
236   >   >   >   <   >
237   >   >   >   =   <
238   >   >   >   =   =
239   >   >   >   =   >
240   >   >   >   >   <
241   >   >   >   >   =
242   >   >   >   >   >

Test 0-:
    W0: [] = []
    W1: [ 0,  3] < [ 1,  2]
    W2: [ 0,  1,  2,  6] < [ 3,  4,  5,  7]
    W3: [ 7,  8,  9, 10] > [ 0,  1,  2,  4]
    W4: [ 2,  7,  8, 11] > [ 0,  4,  6, 10]
    Truth table row=[=, <, <, >, >] ix=89 result=[0-] is correct

Test 0+:
    W0: [] = []
    W1: [ 0,  3] > [ 1,  2]
    W2: [ 0,  1,  2,  6] > [ 3,  4,  5,  7]
    W3: [ 7,  8,  9, 10] < [ 0,  1,  2,  4]
    W4: [ 2,  7,  8, 11] < [ 0,  4,  6, 10]
    Truth table row=[=, >, >, <, <] ix=153 result=[0+] is correct

Test 1-:
    W0: [] = []
    W1: [ 0,  3] > [ 1,  2]
    W2: [ 0,  1,  2,  6] < [ 3,  4,  5,  7]
    W3: [ 7,  8,  9, 10] > [ 0,  1,  2,  4]
    W4: [ 2,  7,  8, 11] = [ 0,  4,  6, 10]
    Truth table row=[=, >, <, >, =] ix=142 result=[1-] is correct

Test 1+:
    W0: [] = []
    W1: [ 0,  3] < [ 1,  2]
    W2: [ 0,  1,  2,  6] > [ 3,  4,  5,  7]
    W3: [ 7,  8,  9, 10] < [ 0,  1,  2,  4]
    W4: [ 2,  7,  8, 11] = [ 0,  4,  6, 10]
    Truth table row=[=, <, >, <, =] ix=100 result=[1+] is correct

Test 2-:
    W0: [] = []
    W1: [ 0,  3] > [ 1,  2]
    W2: [ 0,  1,  2,  6] < [ 3,  4,  5,  7]
    W3: [ 7,  8,  9, 10] > [ 0,  1,  2,  4]
    W4: [ 2,  7,  8, 11] < [ 0,  4,  6, 10]
    Truth table row=[=, >, <, >, <] ix=141 result=[2-] is correct

Test 2+:
    W0: [] = []
    W1: [ 0,  3] < [ 1,  2]
    W2: [ 0,  1,  2,  6] > [ 3,  4,  5,  7]
    W3: [ 7,  8,  9, 10] < [ 0,  1,  2,  4]
    W4: [ 2,  7,  8, 11] > [ 0,  4,  6, 10]
    Truth table row=[=, <, >, <, >] ix=101 result=[2+] is correct

Test 3-:
    W0: [] = []
    W1: [ 0,  3] < [ 1,  2]
    W2: [ 0,  1,  2,  6] > [ 3,  4,  5,  7]
    W3: [ 7,  8,  9, 10] = [ 0,  1,  2,  4]
    W4: [ 2,  7,  8, 11] = [ 0,  4,  6, 10]
    Truth table row=[=, <, >, =, =] ix=103 result=[3-] is correct

Test 3+:
    W0: [] = []
    W1: [ 0,  3] > [ 1,  2]
    W2: [ 0,  1,  2,  6] < [ 3,  4,  5,  7]
    W3: [ 7,  8,  9, 10] = [ 0,  1,  2,  4]
    W4: [ 2,  7,  8, 11] = [ 0,  4,  6, 10]
    Truth table row=[=, >, <, =, =] ix=139 result=[3+] is correct

Test 4-:
    W0: [] = []
    W1: [ 0,  3] = [ 1,  2]
    W2: [ 0,  1,  2,  6] > [ 3,  4,  5,  7]
    W3: [ 7,  8,  9, 10] > [ 0,  1,  2,  4]
    W4: [ 2,  7,  8, 11] > [ 0,  4,  6, 10]
    Truth table row=[=, =, >, >, >] ix=134 result=[4-] is correct

Test 4+:
    W0: [] = []
    W1: [ 0,  3] = [ 1,  2]
    W2: [ 0,  1,  2,  6] < [ 3,  4,  5,  7]
    W3: [ 7,  8,  9, 10] < [ 0,  1,  2,  4]
    W4: [ 2,  7,  8, 11] < [ 0,  4,  6, 10]
    Truth table row=[=, =, <, <, <] ix=108 result=[4+] is correct

Test 5-:
    W0: [] = []
    W1: [ 0,  3] = [ 1,  2]
    W2: [ 0,  1,  2,  6] > [ 3,  4,  5,  7]
    W3: [ 7,  8,  9, 10] = [ 0,  1,  2,  4]
    W4: [ 2,  7,  8, 11] = [ 0,  4,  6, 10]
    Truth table row=[=, =, >, =, =] ix=130 result=[5-] is correct

Test 5+:
    W0: [] = []
    W1: [ 0,  3] = [ 1,  2]
    W2: [ 0,  1,  2,  6] < [ 3,  4,  5,  7]
    W3: [ 7,  8,  9, 10] = [ 0,  1,  2,  4]
    W4: [ 2,  7,  8, 11] = [ 0,  4,  6, 10]
    Truth table row=[=, =, <, =, =] ix=112 result=[5+] is correct

Test 6-:
    W0: [] = []
    W1: [ 0,  3] = [ 1,  2]
    W2: [ 0,  1,  2,  6] < [ 3,  4,  5,  7]
    W3: [ 7,  8,  9, 10] = [ 0,  1,  2,  4]
    W4: [ 2,  7,  8, 11] > [ 0,  4,  6, 10]
    Truth table row=[=, =, <, =, >] ix=113 result=[6-] is correct

Test 6+:
    W0: [] = []
    W1: [ 0,  3] = [ 1,  2]
    W2: [ 0,  1,  2,  6] > [ 3,  4,  5,  7]
    W3: [ 7,  8,  9, 10] = [ 0,  1,  2,  4]
    W4: [ 2,  7,  8, 11] < [ 0,  4,  6, 10]
    Truth table row=[=, =, >, =, <] ix=129 result=[6+] is correct

Test 7-:
    W0: [] = []
    W1: [ 0,  3] = [ 1,  2]
    W2: [ 0,  1,  2,  6] > [ 3,  4,  5,  7]
    W3: [ 7,  8,  9, 10] < [ 0,  1,  2,  4]
    W4: [ 2,  7,  8, 11] < [ 0,  4,  6, 10]
    Truth table row=[=, =, >, <, <] ix=126 result=[7-] is correct

Test 7+:
    W0: [] = []
    W1: [ 0,  3] = [ 1,  2]
    W2: [ 0,  1,  2,  6] < [ 3,  4,  5,  7]
    W3: [ 7,  8,  9, 10] > [ 0,  1,  2,  4]
    W4: [ 2,  7,  8, 11] > [ 0,  4,  6, 10]
    Truth table row=[=, =, <, >, >] ix=116 result=[7+] is correct

Test 8-:
    W0: [] = []
    W1: [ 0,  3] = [ 1,  2]
    W2: [ 0,  1,  2,  6] = [ 3,  4,  5,  7]
    W3: [ 7,  8,  9, 10] < [ 0,  1,  2,  4]
    W4: [ 2,  7,  8, 11] < [ 0,  4,  6, 10]
    Truth table row=[=, =, =, <, <] ix=117 result=[8-] is correct

Test 8+:
    W0: [] = []
    W1: [ 0,  3] = [ 1,  2]
    W2: [ 0,  1,  2,  6] = [ 3,  4,  5,  7]
    W3: [ 7,  8,  9, 10] > [ 0,  1,  2,  4]
    W4: [ 2,  7,  8, 11] > [ 0,  4,  6, 10]
    Truth table row=[=, =, =, >, >] ix=125 result=[8+] is correct

Test 9-:
    W0: [] = []
    W1: [ 0,  3] = [ 1,  2]
    W2: [ 0,  1,  2,  6] = [ 3,  4,  5,  7]
    W3: [ 7,  8,  9, 10] < [ 0,  1,  2,  4]
    W4: [ 2,  7,  8, 11] = [ 0,  4,  6, 10]
    Truth table row=[=, =, =, <, =] ix=118 result=[9-] is correct

Test 9+:
    W0: [] = []
    W1: [ 0,  3] = [ 1,  2]
    W2: [ 0,  1,  2,  6] = [ 3,  4,  5,  7]
    W3: [ 7,  8,  9, 10] > [ 0,  1,  2,  4]
    W4: [ 2,  7,  8, 11] = [ 0,  4,  6, 10]
    Truth table row=[=, =, =, >, =] ix=124 result=[9+] is correct

Test 10-:
    W0: [] = []
    W1: [ 0,  3] = [ 1,  2]
    W2: [ 0,  1,  2,  6] = [ 3,  4,  5,  7]
    W3: [ 7,  8,  9, 10] < [ 0,  1,  2,  4]
    W4: [ 2,  7,  8, 11] > [ 0,  4,  6, 10]
    Truth table row=[=, =, =, <, >] ix=119 result=[10-] is correct

Test 10+:
    W0: [] = []
    W1: [ 0,  3] = [ 1,  2]
    W2: [ 0,  1,  2,  6] = [ 3,  4,  5,  7]
    W3: [ 7,  8,  9, 10] > [ 0,  1,  2,  4]
    W4: [ 2,  7,  8, 11] < [ 0,  4,  6, 10]
    Truth table row=[=, =, =, >, <] ix=123 result=[10+] is correct

Test 11-:
    W0: [] = []
    W1: [ 0,  3] = [ 1,  2]
    W2: [ 0,  1,  2,  6] = [ 3,  4,  5,  7]
    W3: [ 7,  8,  9, 10] = [ 0,  1,  2,  4]
    W4: [ 2,  7,  8, 11] < [ 0,  4,  6, 10]
    Truth table row=[=, =, =, =, <] ix=120 result=[11-] is correct

Test 11+:
    W0: [] = []
    W1: [ 0,  3] = [ 1,  2]
    W2: [ 0,  1,  2,  6] = [ 3,  4,  5,  7]
    W3: [ 7,  8,  9, 10] = [ 0,  1,  2,  4]
    W4: [ 2,  7,  8, 11] > [ 0,  4,  6, 10]
    Truth table row=[=, =, =, =, >] ix=122 result=[11+] is correct

Total correct results: 24
Total incorrect results: 0
