Solving for 10 balls and 3 weighings

Solution:
W0: [ 0,  2,  4] <=> [ 1,  3,  5]
W1: [ 1,  4,  6] <=> [ 3,  7,  8]
W2: [ 0,  3,  4,  8] <=> [ 1,  2,  7,  9]

Truth Table:
ix  W0  W1  W2   Result
 0   <   <   <   4-
 1   <   <   =
 2   <   <   >   3+
 3   <   =   <   0-
 4   <   =   =   5+
 5   <   =   >   2-
 6   <   >   <   1+
 7   <   >   =
 8   <   >   >
 9   =   <   <   7+
10   =   <   =   6-
11   =   <   >   8+
12   =   =   <   9+
13   =   =   =
14   =   =   >   9-
15   =   >   <   8-
16   =   >   =   6+
17   =   >   >   7-
18   >   <   <
19   >   <   =
20   >   <   >   1-
21   >   =   <   2+
22   >   =   =   5-
23   >   =   >   0+
24   >   >   <   3-
25   >   >   =
26   >   >   >   4+

Test 0-:
    W0: [ 0,  2,  4] < [ 1,  3,  5]
    W1: [ 1,  4,  6] = [ 3,  7,  8]
    W2: [ 0,  3,  4,  8] < [ 1,  2,  7,  9]
    Truth table result: ['0-'] is correct

Test 0+:
    W0: [ 0,  2,  4] > [ 1,  3,  5]
    W1: [ 1,  4,  6] = [ 3,  7,  8]
    W2: [ 0,  3,  4,  8] > [ 1,  2,  7,  9]
    Truth table result: ['0+'] is correct

Test 1-:
    W0: [ 0,  2,  4] > [ 1,  3,  5]
    W1: [ 1,  4,  6] < [ 3,  7,  8]
    W2: [ 0,  3,  4,  8] > [ 1,  2,  7,  9]
    Truth table result: ['1-'] is correct

Test 1+:
    W0: [ 0,  2,  4] < [ 1,  3,  5]
    W1: [ 1,  4,  6] > [ 3,  7,  8]
    W2: [ 0,  3,  4,  8] < [ 1,  2,  7,  9]
    Truth table result: ['1+'] is correct

Test 2-:
    W0: [ 0,  2,  4] < [ 1,  3,  5]
    W1: [ 1,  4,  6] = [ 3,  7,  8]
    W2: [ 0,  3,  4,  8] > [ 1,  2,  7,  9]
    Truth table result: ['2-'] is correct

Test 2+:
    W0: [ 0,  2,  4] > [ 1,  3,  5]
    W1: [ 1,  4,  6] = [ 3,  7,  8]
    W2: [ 0,  3,  4,  8] < [ 1,  2,  7,  9]
    Truth table result: ['2+'] is correct

Test 3-:
    W0: [ 0,  2,  4] > [ 1,  3,  5]
    W1: [ 1,  4,  6] > [ 3,  7,  8]
    W2: [ 0,  3,  4,  8] < [ 1,  2,  7,  9]
    Truth table result: ['3-'] is correct

Test 3+:
    W0: [ 0,  2,  4] < [ 1,  3,  5]
    W1: [ 1,  4,  6] < [ 3,  7,  8]
    W2: [ 0,  3,  4,  8] > [ 1,  2,  7,  9]
    Truth table result: ['3+'] is correct

Test 4-:
    W0: [ 0,  2,  4] < [ 1,  3,  5]
    W1: [ 1,  4,  6] < [ 3,  7,  8]
    W2: [ 0,  3,  4,  8] < [ 1,  2,  7,  9]
    Truth table result: ['4-'] is correct

Test 4+:
    W0: [ 0,  2,  4] > [ 1,  3,  5]
    W1: [ 1,  4,  6] > [ 3,  7,  8]
    W2: [ 0,  3,  4,  8] > [ 1,  2,  7,  9]
    Truth table result: ['4+'] is correct

Test 5-:
    W0: [ 0,  2,  4] > [ 1,  3,  5]
    W1: [ 1,  4,  6] = [ 3,  7,  8]
    W2: [ 0,  3,  4,  8] = [ 1,  2,  7,  9]
    Truth table result: ['5-'] is correct

Test 5+:
    W0: [ 0,  2,  4] < [ 1,  3,  5]
    W1: [ 1,  4,  6] = [ 3,  7,  8]
    W2: [ 0,  3,  4,  8] = [ 1,  2,  7,  9]
    Truth table result: ['5+'] is correct

Test 6-:
    W0: [ 0,  2,  4] = [ 1,  3,  5]
    W1: [ 1,  4,  6] < [ 3,  7,  8]
    W2: [ 0,  3,  4,  8] = [ 1,  2,  7,  9]
    Truth table result: ['6-'] is correct

Test 6+:
    W0: [ 0,  2,  4] = [ 1,  3,  5]
    W1: [ 1,  4,  6] > [ 3,  7,  8]
    W2: [ 0,  3,  4,  8] = [ 1,  2,  7,  9]
    Truth table result: ['6+'] is correct

Test 7-:
    W0: [ 0,  2,  4] = [ 1,  3,  5]
    W1: [ 1,  4,  6] > [ 3,  7,  8]
    W2: [ 0,  3,  4,  8] > [ 1,  2,  7,  9]
    Truth table result: ['7-'] is correct

Test 7+:
    W0: [ 0,  2,  4] = [ 1,  3,  5]
    W1: [ 1,  4,  6] < [ 3,  7,  8]
    W2: [ 0,  3,  4,  8] < [ 1,  2,  7,  9]
    Truth table result: ['7+'] is correct

Test 8-:
    W0: [ 0,  2,  4] = [ 1,  3,  5]
    W1: [ 1,  4,  6] > [ 3,  7,  8]
    W2: [ 0,  3,  4,  8] < [ 1,  2,  7,  9]
    Truth table result: ['8-'] is correct

Test 8+:
    W0: [ 0,  2,  4] = [ 1,  3,  5]
    W1: [ 1,  4,  6] < [ 3,  7,  8]
    W2: [ 0,  3,  4,  8] > [ 1,  2,  7,  9]
    Truth table result: ['8+'] is correct

Test 9-:
    W0: [ 0,  2,  4] = [ 1,  3,  5]
    W1: [ 1,  4,  6] = [ 3,  7,  8]
    W2: [ 0,  3,  4,  8] > [ 1,  2,  7,  9]
    Truth table result: ['9-'] is correct

Test 9+:
    W0: [ 0,  2,  4] = [ 1,  3,  5]
    W1: [ 1,  4,  6] = [ 3,  7,  8]
    W2: [ 0,  3,  4,  8] < [ 1,  2,  7,  9]
    Truth table result: ['9+'] is correct

Total correct results: 20
Total incorrect results: 0
