Solving for 18 balls and 5 weighings.
Using symmetry breaking strategy TruthTableAscending.

Solution:
W0: [ 0,  1,  3,  8,  9, 10, 14, 15] <=> [ 2,  4,  5,  6,  7, 11, 12, 13]
W1: [ 0,  1,  3, 11, 12, 13, 16] <=> [ 2,  4,  9, 10, 14, 15, 17]
W2: [ 0,  1,  4,  9, 12, 13, 17] <=> [ 2,  3,  5,  8, 14, 15, 16]
W3: [ 0,  2,  3,  7, 10, 11, 16, 17] <=> [ 1,  4,  5,  8,  9, 12, 14, 15]
W4: [ 0,  1,  3,  4, 14, 16] <=> [ 5,  8, 10, 11, 13, 15]

Truth Table:
ix  W0  W1  W2  W3  W4   Result
 0   <   <   <   <   <   0-
 1   <   <   <   <   =
 2   <   <   <   <   >
 3   <   <   <   =   <
 4   <   <   <   =   =
 5   <   <   <   =   >
 6   <   <   <   >   <   1-
 7   <   <   <   >   =   2+
 8   <   <   <   >   >
 9   <   <   =   <   <
10   <   <   =   <   =
11   <   <   =   <   >
12   <   <   =   =   <
13   <   <   =   =   =
14   <   <   =   =   >
15   <   <   =   >   <
16   <   <   =   >   =
17   <   <   =   >   >
18   <   <   >   <   <   3-
19   <   <   >   <   =
20   <   <   >   <   >   4+
21   <   <   >   =   <
22   <   <   >   =   =
23   <   <   >   =   >
24   <   <   >   >   <
25   <   <   >   >   =
26   <   <   >   >   >
27   <   =   <   <   <   5+
28   <   =   <   <   =
29   <   =   <   <   >
30   <   =   <   =   <
31   <   =   <   =   =
32   <   =   <   =   >
33   <   =   <   >   <
34   <   =   <   >   =
35   <   =   <   >   >
36   <   =   =   <   <
37   <   =   =   <   =
38   <   =   =   <   >
39   <   =   =   =   <
40   <   =   =   =   =   6+
41   <   =   =   =   >
42   <   =   =   >   <
43   <   =   =   >   =   7+
44   <   =   =   >   >
45   <   =   >   <   <
46   <   =   >   <   =
47   <   =   >   <   >
48   <   =   >   =   <
49   <   =   >   =   =
50   <   =   >   =   >
51   <   =   >   >   <
52   <   =   >   >   =
53   <   =   >   >   >   8-
54   <   >   <   <   <
55   <   >   <   <   =
56   <   >   <   <   >
57   <   >   <   =   <
58   <   >   <   =   =
59   <   >   <   =   >
60   <   >   <   >   <
61   <   >   <   >   =   9-
62   <   >   <   >   >
63   <   >   =   <   <
64   <   >   =   <   =
65   <   >   =   <   >   10-
66   <   >   =   =   <
67   <   >   =   =   =
68   <   >   =   =   >
69   <   >   =   >   <   11+
70   <   >   =   >   =
71   <   >   =   >   >
72   <   >   >   <   <
73   <   >   >   <   =   12+
74   <   >   >   <   >
75   <   >   >   =   <   13+
76   <   >   >   =   =
77   <   >   >   =   >
78   <   >   >   >   <   14-
79   <   >   >   >   =
80   <   >   >   >   >   15-
81   =   <   <   <   <
82   =   <   <   <   =
83   =   <   <   <   >
84   =   <   <   =   <
85   =   <   <   =   =
86   =   <   <   =   >
87   =   <   <   >   <
88   =   <   <   >   =
89   =   <   <   >   >
90   =   <   =   <   <
91   =   <   =   <   =
92   =   <   =   <   >
93   =   <   =   =   <
94   =   <   =   =   =
95   =   <   =   =   >
96   =   <   =   >   <
97   =   <   =   >   =
98   =   <   =   >   >
99   =   <   >   <   <   16-
100   =   <   >   <   =
101   =   <   >   <   >
102   =   <   >   =   <
103   =   <   >   =   =
104   =   <   >   =   >
105   =   <   >   >   <
106   =   <   >   >   =   17+
107   =   <   >   >   >
108   =   =   <   <   <
109   =   =   <   <   =
110   =   =   <   <   >
111   =   =   <   =   <
112   =   =   <   =   =
113   =   =   <   =   >
114   =   =   <   >   <
115   =   =   <   >   =
116   =   =   <   >   >
117   =   =   =   <   <
118   =   =   =   <   =
119   =   =   =   <   >
120   =   =   =   =   <
121   =   =   =   =   =
122   =   =   =   =   >
123   =   =   =   >   <
124   =   =   =   >   =
125   =   =   =   >   >
126   =   =   >   <   <
127   =   =   >   <   =
128   =   =   >   <   >
129   =   =   >   =   <
130   =   =   >   =   =
131   =   =   >   =   >
132   =   =   >   >   <
133   =   =   >   >   =
134   =   =   >   >   >
135   =   >   <   <   <
136   =   >   <   <   =   17-
137   =   >   <   <   >
138   =   >   <   =   <
139   =   >   <   =   =
140   =   >   <   =   >
141   =   >   <   >   <
142   =   >   <   >   =
143   =   >   <   >   >   16+
144   =   >   =   <   <
145   =   >   =   <   =
146   =   >   =   <   >
147   =   >   =   =   <
148   =   >   =   =   =
149   =   >   =   =   >
150   =   >   =   >   <
151   =   >   =   >   =
152   =   >   =   >   >
153   =   >   >   <   <
154   =   >   >   <   =
155   =   >   >   <   >
156   =   >   >   =   <
157   =   >   >   =   =
158   =   >   >   =   >
159   =   >   >   >   <
160   =   >   >   >   =
161   =   >   >   >   >
162   >   <   <   <   <   15+
163   >   <   <   <   =
164   >   <   <   <   >   14+
165   >   <   <   =   <
166   >   <   <   =   =
167   >   <   <   =   >   13-
168   >   <   <   >   <
169   >   <   <   >   =   12-
170   >   <   <   >   >
171   >   <   =   <   <
172   >   <   =   <   =
173   >   <   =   <   >   11-
174   >   <   =   =   <
175   >   <   =   =   =
176   >   <   =   =   >
177   >   <   =   >   <   10+
178   >   <   =   >   =
179   >   <   =   >   >
180   >   <   >   <   <
181   >   <   >   <   =   9+
182   >   <   >   <   >
183   >   <   >   =   <
184   >   <   >   =   =
185   >   <   >   =   >
186   >   <   >   >   <
187   >   <   >   >   =
188   >   <   >   >   >
189   >   =   <   <   <   8+
190   >   =   <   <   =
191   >   =   <   <   >
192   >   =   <   =   <
193   >   =   <   =   =
194   >   =   <   =   >
195   >   =   <   >   <
196   >   =   <   >   =
197   >   =   <   >   >
198   >   =   =   <   <
199   >   =   =   <   =   7-
200   >   =   =   <   >
201   >   =   =   =   <
202   >   =   =   =   =   6-
203   >   =   =   =   >
204   >   =   =   >   <
205   >   =   =   >   =
206   >   =   =   >   >
207   >   =   >   <   <
208   >   =   >   <   =
209   >   =   >   <   >
210   >   =   >   =   <
211   >   =   >   =   =
212   >   =   >   =   >
213   >   =   >   >   <
214   >   =   >   >   =
215   >   =   >   >   >   5-
216   >   >   <   <   <
217   >   >   <   <   =
218   >   >   <   <   >
219   >   >   <   =   <
220   >   >   <   =   =
221   >   >   <   =   >
222   >   >   <   >   <   4-
223   >   >   <   >   =
224   >   >   <   >   >   3+
225   >   >   =   <   <
226   >   >   =   <   =
227   >   >   =   <   >
228   >   >   =   =   <
229   >   >   =   =   =
230   >   >   =   =   >
231   >   >   =   >   <
232   >   >   =   >   =
233   >   >   =   >   >
234   >   >   >   <   <
235   >   >   >   <   =   2-
236   >   >   >   <   >   1+
237   >   >   >   =   <
238   >   >   >   =   =
239   >   >   >   =   >
240   >   >   >   >   <
241   >   >   >   >   =
242   >   >   >   >   >   0+

Test 0-:
    W0: [ 0,  1,  3,  8,  9, 10, 14, 15] < [ 2,  4,  5,  6,  7, 11, 12, 13]
    W1: [ 0,  1,  3, 11, 12, 13, 16] < [ 2,  4,  9, 10, 14, 15, 17]
    W2: [ 0,  1,  4,  9, 12, 13, 17] < [ 2,  3,  5,  8, 14, 15, 16]
    W3: [ 0,  2,  3,  7, 10, 11, 16, 17] < [ 1,  4,  5,  8,  9, 12, 14, 15]
    W4: [ 0,  1,  3,  4, 14, 16] < [ 5,  8, 10, 11, 13, 15]
    Truth table row=[<, <, <, <, <] ix=0 result=[0-] is correct

Test 0+:
    W0: [ 0,  1,  3,  8,  9, 10, 14, 15] > [ 2,  4,  5,  6,  7, 11, 12, 13]
    W1: [ 0,  1,  3, 11, 12, 13, 16] > [ 2,  4,  9, 10, 14, 15, 17]
    W2: [ 0,  1,  4,  9, 12, 13, 17] > [ 2,  3,  5,  8, 14, 15, 16]
    W3: [ 0,  2,  3,  7, 10, 11, 16, 17] > [ 1,  4,  5,  8,  9, 12, 14, 15]
    W4: [ 0,  1,  3,  4, 14, 16] > [ 5,  8, 10, 11, 13, 15]
    Truth table row=[>, >, >, >, >] ix=242 result=[0+] is correct

Test 1-:
    W0: [ 0,  1,  3,  8,  9, 10, 14, 15] < [ 2,  4,  5,  6,  7, 11, 12, 13]
    W1: [ 0,  1,  3, 11, 12, 13, 16] < [ 2,  4,  9, 10, 14, 15, 17]
    W2: [ 0,  1,  4,  9, 12, 13, 17] < [ 2,  3,  5,  8, 14, 15, 16]
    W3: [ 0,  2,  3,  7, 10, 11, 16, 17] > [ 1,  4,  5,  8,  9, 12, 14, 15]
    W4: [ 0,  1,  3,  4, 14, 16] < [ 5,  8, 10, 11, 13, 15]
    Truth table row=[<, <, <, >, <] ix=6 result=[1-] is correct

Test 1+:
    W0: [ 0,  1,  3,  8,  9, 10, 14, 15] > [ 2,  4,  5,  6,  7, 11, 12, 13]
    W1: [ 0,  1,  3, 11, 12, 13, 16] > [ 2,  4,  9, 10, 14, 15, 17]
    W2: [ 0,  1,  4,  9, 12, 13, 17] > [ 2,  3,  5,  8, 14, 15, 16]
    W3: [ 0,  2,  3,  7, 10, 11, 16, 17] < [ 1,  4,  5,  8,  9, 12, 14, 15]
    W4: [ 0,  1,  3,  4, 14, 16] > [ 5,  8, 10, 11, 13, 15]
    Truth table row=[>, >, >, <, >] ix=236 result=[1+] is correct

Test 2-:
    W0: [ 0,  1,  3,  8,  9, 10, 14, 15] > [ 2,  4,  5,  6,  7, 11, 12, 13]
    W1: [ 0,  1,  3, 11, 12, 13, 16] > [ 2,  4,  9, 10, 14, 15, 17]
    W2: [ 0,  1,  4,  9, 12, 13, 17] > [ 2,  3,  5,  8, 14, 15, 16]
    W3: [ 0,  2,  3,  7, 10, 11, 16, 17] < [ 1,  4,  5,  8,  9, 12, 14, 15]
    W4: [ 0,  1,  3,  4, 14, 16] = [ 5,  8, 10, 11, 13, 15]
    Truth table row=[>, >, >, <, =] ix=235 result=[2-] is correct

Test 2+:
    W0: [ 0,  1,  3,  8,  9, 10, 14, 15] < [ 2,  4,  5,  6,  7, 11, 12, 13]
    W1: [ 0,  1,  3, 11, 12, 13, 16] < [ 2,  4,  9, 10, 14, 15, 17]
    W2: [ 0,  1,  4,  9, 12, 13, 17] < [ 2,  3,  5,  8, 14, 15, 16]
    W3: [ 0,  2,  3,  7, 10, 11, 16, 17] > [ 1,  4,  5,  8,  9, 12, 14, 15]
    W4: [ 0,  1,  3,  4, 14, 16] = [ 5,  8, 10, 11, 13, 15]
    Truth table row=[<, <, <, >, =] ix=7 result=[2+] is correct

Test 3-:
    W0: [ 0,  1,  3,  8,  9, 10, 14, 15] < [ 2,  4,  5,  6,  7, 11, 12, 13]
    W1: [ 0,  1,  3, 11, 12, 13, 16] < [ 2,  4,  9, 10, 14, 15, 17]
    W2: [ 0,  1,  4,  9, 12, 13, 17] > [ 2,  3,  5,  8, 14, 15, 16]
    W3: [ 0,  2,  3,  7, 10, 11, 16, 17] < [ 1,  4,  5,  8,  9, 12, 14, 15]
    W4: [ 0,  1,  3,  4, 14, 16] < [ 5,  8, 10, 11, 13, 15]
    Truth table row=[<, <, >, <, <] ix=18 result=[3-] is correct

Test 3+:
    W0: [ 0,  1,  3,  8,  9, 10, 14, 15] > [ 2,  4,  5,  6,  7, 11, 12, 13]
    W1: [ 0,  1,  3, 11, 12, 13, 16] > [ 2,  4,  9, 10, 14, 15, 17]
    W2: [ 0,  1,  4,  9, 12, 13, 17] < [ 2,  3,  5,  8, 14, 15, 16]
    W3: [ 0,  2,  3,  7, 10, 11, 16, 17] > [ 1,  4,  5,  8,  9, 12, 14, 15]
    W4: [ 0,  1,  3,  4, 14, 16] > [ 5,  8, 10, 11, 13, 15]
    Truth table row=[>, >, <, >, >] ix=224 result=[3+] is correct

Test 4-:
    W0: [ 0,  1,  3,  8,  9, 10, 14, 15] > [ 2,  4,  5,  6,  7, 11, 12, 13]
    W1: [ 0,  1,  3, 11, 12, 13, 16] > [ 2,  4,  9, 10, 14, 15, 17]
    W2: [ 0,  1,  4,  9, 12, 13, 17] < [ 2,  3,  5,  8, 14, 15, 16]
    W3: [ 0,  2,  3,  7, 10, 11, 16, 17] > [ 1,  4,  5,  8,  9, 12, 14, 15]
    W4: [ 0,  1,  3,  4, 14, 16] < [ 5,  8, 10, 11, 13, 15]
    Truth table row=[>, >, <, >, <] ix=222 result=[4-] is correct

Test 4+:
    W0: [ 0,  1,  3,  8,  9, 10, 14, 15] < [ 2,  4,  5,  6,  7, 11, 12, 13]
    W1: [ 0,  1,  3, 11, 12, 13, 16] < [ 2,  4,  9, 10, 14, 15, 17]
    W2: [ 0,  1,  4,  9, 12, 13, 17] > [ 2,  3,  5,  8, 14, 15, 16]
    W3: [ 0,  2,  3,  7, 10, 11, 16, 17] < [ 1,  4,  5,  8,  9, 12, 14, 15]
    W4: [ 0,  1,  3,  4, 14, 16] > [ 5,  8, 10, 11, 13, 15]
    Truth table row=[<, <, >, <, >] ix=20 result=[4+] is correct

Test 5-:
    W0: [ 0,  1,  3,  8,  9, 10, 14, 15] > [ 2,  4,  5,  6,  7, 11, 12, 13]
    W1: [ 0,  1,  3, 11, 12, 13, 16] = [ 2,  4,  9, 10, 14, 15, 17]
    W2: [ 0,  1,  4,  9, 12, 13, 17] > [ 2,  3,  5,  8, 14, 15, 16]
    W3: [ 0,  2,  3,  7, 10, 11, 16, 17] > [ 1,  4,  5,  8,  9, 12, 14, 15]
    W4: [ 0,  1,  3,  4, 14, 16] > [ 5,  8, 10, 11, 13, 15]
    Truth table row=[>, =, >, >, >] ix=215 result=[5-] is correct

Test 5+:
    W0: [ 0,  1,  3,  8,  9, 10, 14, 15] < [ 2,  4,  5,  6,  7, 11, 12, 13]
    W1: [ 0,  1,  3, 11, 12, 13, 16] = [ 2,  4,  9, 10, 14, 15, 17]
    W2: [ 0,  1,  4,  9, 12, 13, 17] < [ 2,  3,  5,  8, 14, 15, 16]
    W3: [ 0,  2,  3,  7, 10, 11, 16, 17] < [ 1,  4,  5,  8,  9, 12, 14, 15]
    W4: [ 0,  1,  3,  4, 14, 16] < [ 5,  8, 10, 11, 13, 15]
    Truth table row=[<, =, <, <, <] ix=27 result=[5+] is correct

Test 6-:
    W0: [ 0,  1,  3,  8,  9, 10, 14, 15] > [ 2,  4,  5,  6,  7, 11, 12, 13]
    W1: [ 0,  1,  3, 11, 12, 13, 16] = [ 2,  4,  9, 10, 14, 15, 17]
    W2: [ 0,  1,  4,  9, 12, 13, 17] = [ 2,  3,  5,  8, 14, 15, 16]
    W3: [ 0,  2,  3,  7, 10, 11, 16, 17] = [ 1,  4,  5,  8,  9, 12, 14, 15]
    W4: [ 0,  1,  3,  4, 14, 16] = [ 5,  8, 10, 11, 13, 15]
    Truth table row=[>, =, =, =, =] ix=202 result=[6-] is correct

Test 6+:
    W0: [ 0,  1,  3,  8,  9, 10, 14, 15] < [ 2,  4,  5,  6,  7, 11, 12, 13]
    W1: [ 0,  1,  3, 11, 12, 13, 16] = [ 2,  4,  9, 10, 14, 15, 17]
    W2: [ 0,  1,  4,  9, 12, 13, 17] = [ 2,  3,  5,  8, 14, 15, 16]
    W3: [ 0,  2,  3,  7, 10, 11, 16, 17] = [ 1,  4,  5,  8,  9, 12, 14, 15]
    W4: [ 0,  1,  3,  4, 14, 16] = [ 5,  8, 10, 11, 13, 15]
    Truth table row=[<, =, =, =, =] ix=40 result=[6+] is correct

Test 7-:
    W0: [ 0,  1,  3,  8,  9, 10, 14, 15] > [ 2,  4,  5,  6,  7, 11, 12, 13]
    W1: [ 0,  1,  3, 11, 12, 13, 16] = [ 2,  4,  9, 10, 14, 15, 17]
    W2: [ 0,  1,  4,  9, 12, 13, 17] = [ 2,  3,  5,  8, 14, 15, 16]
    W3: [ 0,  2,  3,  7, 10, 11, 16, 17] < [ 1,  4,  5,  8,  9, 12, 14, 15]
    W4: [ 0,  1,  3,  4, 14, 16] = [ 5,  8, 10, 11, 13, 15]
    Truth table row=[>, =, =, <, =] ix=199 result=[7-] is correct

Test 7+:
    W0: [ 0,  1,  3,  8,  9, 10, 14, 15] < [ 2,  4,  5,  6,  7, 11, 12, 13]
    W1: [ 0,  1,  3, 11, 12, 13, 16] = [ 2,  4,  9, 10, 14, 15, 17]
    W2: [ 0,  1,  4,  9, 12, 13, 17] = [ 2,  3,  5,  8, 14, 15, 16]
    W3: [ 0,  2,  3,  7, 10, 11, 16, 17] > [ 1,  4,  5,  8,  9, 12, 14, 15]
    W4: [ 0,  1,  3,  4, 14, 16] = [ 5,  8, 10, 11, 13, 15]
    Truth table row=[<, =, =, >, =] ix=43 result=[7+] is correct

Test 8-:
    W0: [ 0,  1,  3,  8,  9, 10, 14, 15] < [ 2,  4,  5,  6,  7, 11, 12, 13]
    W1: [ 0,  1,  3, 11, 12, 13, 16] = [ 2,  4,  9, 10, 14, 15, 17]
    W2: [ 0,  1,  4,  9, 12, 13, 17] > [ 2,  3,  5,  8, 14, 15, 16]
    W3: [ 0,  2,  3,  7, 10, 11, 16, 17] > [ 1,  4,  5,  8,  9, 12, 14, 15]
    W4: [ 0,  1,  3,  4, 14, 16] > [ 5,  8, 10, 11, 13, 15]
    Truth table row=[<, =, >, >, >] ix=53 result=[8-] is correct

Test 8+:
    W0: [ 0,  1,  3,  8,  9, 10, 14, 15] > [ 2,  4,  5,  6,  7, 11, 12, 13]
    W1: [ 0,  1,  3, 11, 12, 13, 16] = [ 2,  4,  9, 10, 14, 15, 17]
    W2: [ 0,  1,  4,  9, 12, 13, 17] < [ 2,  3,  5,  8, 14, 15, 16]
    W3: [ 0,  2,  3,  7, 10, 11, 16, 17] < [ 1,  4,  5,  8,  9, 12, 14, 15]
    W4: [ 0,  1,  3,  4, 14, 16] < [ 5,  8, 10, 11, 13, 15]
    Truth table row=[>, =, <, <, <] ix=189 result=[8+] is correct

Test 9-:
    W0: [ 0,  1,  3,  8,  9, 10, 14, 15] < [ 2,  4,  5,  6,  7, 11, 12, 13]
    W1: [ 0,  1,  3, 11, 12, 13, 16] > [ 2,  4,  9, 10, 14, 15, 17]
    W2: [ 0,  1,  4,  9, 12, 13, 17] < [ 2,  3,  5,  8, 14, 15, 16]
    W3: [ 0,  2,  3,  7, 10, 11, 16, 17] > [ 1,  4,  5,  8,  9, 12, 14, 15]
    W4: [ 0,  1,  3,  4, 14, 16] = [ 5,  8, 10, 11, 13, 15]
    Truth table row=[<, >, <, >, =] ix=61 result=[9-] is correct

Test 9+:
    W0: [ 0,  1,  3,  8,  9, 10, 14, 15] > [ 2,  4,  5,  6,  7, 11, 12, 13]
    W1: [ 0,  1,  3, 11, 12, 13, 16] < [ 2,  4,  9, 10, 14, 15, 17]
    W2: [ 0,  1,  4,  9, 12, 13, 17] > [ 2,  3,  5,  8, 14, 15, 16]
    W3: [ 0,  2,  3,  7, 10, 11, 16, 17] < [ 1,  4,  5,  8,  9, 12, 14, 15]
    W4: [ 0,  1,  3,  4, 14, 16] = [ 5,  8, 10, 11, 13, 15]
    Truth table row=[>, <, >, <, =] ix=181 result=[9+] is correct

Test 10-:
    W0: [ 0,  1,  3,  8,  9, 10, 14, 15] < [ 2,  4,  5,  6,  7, 11, 12, 13]
    W1: [ 0,  1,  3, 11, 12, 13, 16] > [ 2,  4,  9, 10, 14, 15, 17]
    W2: [ 0,  1,  4,  9, 12, 13, 17] = [ 2,  3,  5,  8, 14, 15, 16]
    W3: [ 0,  2,  3,  7, 10, 11, 16, 17] < [ 1,  4,  5,  8,  9, 12, 14, 15]
    W4: [ 0,  1,  3,  4, 14, 16] > [ 5,  8, 10, 11, 13, 15]
    Truth table row=[<, >, =, <, >] ix=65 result=[10-] is correct

Test 10+:
    W0: [ 0,  1,  3,  8,  9, 10, 14, 15] > [ 2,  4,  5,  6,  7, 11, 12, 13]
    W1: [ 0,  1,  3, 11, 12, 13, 16] < [ 2,  4,  9, 10, 14, 15, 17]
    W2: [ 0,  1,  4,  9, 12, 13, 17] = [ 2,  3,  5,  8, 14, 15, 16]
    W3: [ 0,  2,  3,  7, 10, 11, 16, 17] > [ 1,  4,  5,  8,  9, 12, 14, 15]
    W4: [ 0,  1,  3,  4, 14, 16] < [ 5,  8, 10, 11, 13, 15]
    Truth table row=[>, <, =, >, <] ix=177 result=[10+] is correct

Test 11-:
    W0: [ 0,  1,  3,  8,  9, 10, 14, 15] > [ 2,  4,  5,  6,  7, 11, 12, 13]
    W1: [ 0,  1,  3, 11, 12, 13, 16] < [ 2,  4,  9, 10, 14, 15, 17]
    W2: [ 0,  1,  4,  9, 12, 13, 17] = [ 2,  3,  5,  8, 14, 15, 16]
    W3: [ 0,  2,  3,  7, 10, 11, 16, 17] < [ 1,  4,  5,  8,  9, 12, 14, 15]
    W4: [ 0,  1,  3,  4, 14, 16] > [ 5,  8, 10, 11, 13, 15]
    Truth table row=[>, <, =, <, >] ix=173 result=[11-] is correct

Test 11+:
    W0: [ 0,  1,  3,  8,  9, 10, 14, 15] < [ 2,  4,  5,  6,  7, 11, 12, 13]
    W1: [ 0,  1,  3, 11, 12, 13, 16] > [ 2,  4,  9, 10, 14, 15, 17]
    W2: [ 0,  1,  4,  9, 12, 13, 17] = [ 2,  3,  5,  8, 14, 15, 16]
    W3: [ 0,  2,  3,  7, 10, 11, 16, 17] > [ 1,  4,  5,  8,  9, 12, 14, 15]
    W4: [ 0,  1,  3,  4, 14, 16] < [ 5,  8, 10, 11, 13, 15]
    Truth table row=[<, >, =, >, <] ix=69 result=[11+] is correct

Test 12-:
    W0: [ 0,  1,  3,  8,  9, 10, 14, 15] > [ 2,  4,  5,  6,  7, 11, 12, 13]
    W1: [ 0,  1,  3, 11, 12, 13, 16] < [ 2,  4,  9, 10, 14, 15, 17]
    W2: [ 0,  1,  4,  9, 12, 13, 17] < [ 2,  3,  5,  8, 14, 15, 16]
    W3: [ 0,  2,  3,  7, 10, 11, 16, 17] > [ 1,  4,  5,  8,  9, 12, 14, 15]
    W4: [ 0,  1,  3,  4, 14, 16] = [ 5,  8, 10, 11, 13, 15]
    Truth table row=[>, <, <, >, =] ix=169 result=[12-] is correct

Test 12+:
    W0: [ 0,  1,  3,  8,  9, 10, 14, 15] < [ 2,  4,  5,  6,  7, 11, 12, 13]
    W1: [ 0,  1,  3, 11, 12, 13, 16] > [ 2,  4,  9, 10, 14, 15, 17]
    W2: [ 0,  1,  4,  9, 12, 13, 17] > [ 2,  3,  5,  8, 14, 15, 16]
    W3: [ 0,  2,  3,  7, 10, 11, 16, 17] < [ 1,  4,  5,  8,  9, 12, 14, 15]
    W4: [ 0,  1,  3,  4, 14, 16] = [ 5,  8, 10, 11, 13, 15]
    Truth table row=[<, >, >, <, =] ix=73 result=[12+] is correct

Test 13-:
    W0: [ 0,  1,  3,  8,  9, 10, 14, 15] > [ 2,  4,  5,  6,  7, 11, 12, 13]
    W1: [ 0,  1,  3, 11, 12, 13, 16] < [ 2,  4,  9, 10, 14, 15, 17]
    W2: [ 0,  1,  4,  9, 12, 13, 17] < [ 2,  3,  5,  8, 14, 15, 16]
    W3: [ 0,  2,  3,  7, 10, 11, 16, 17] = [ 1,  4,  5,  8,  9, 12, 14, 15]
    W4: [ 0,  1,  3,  4, 14, 16] > [ 5,  8, 10, 11, 13, 15]
    Truth table row=[>, <, <, =, >] ix=167 result=[13-] is correct

Test 13+:
    W0: [ 0,  1,  3,  8,  9, 10, 14, 15] < [ 2,  4,  5,  6,  7, 11, 12, 13]
    W1: [ 0,  1,  3, 11, 12, 13, 16] > [ 2,  4,  9, 10, 14, 15, 17]
    W2: [ 0,  1,  4,  9, 12, 13, 17] > [ 2,  3,  5,  8, 14, 15, 16]
    W3: [ 0,  2,  3,  7, 10, 11, 16, 17] = [ 1,  4,  5,  8,  9, 12, 14, 15]
    W4: [ 0,  1,  3,  4, 14, 16] < [ 5,  8, 10, 11, 13, 15]
    Truth table row=[<, >, >, =, <] ix=75 result=[13+] is correct

Test 14-:
    W0: [ 0,  1,  3,  8,  9, 10, 14, 15] < [ 2,  4,  5,  6,  7, 11, 12, 13]
    W1: [ 0,  1,  3, 11, 12, 13, 16] > [ 2,  4,  9, 10, 14, 15, 17]
    W2: [ 0,  1,  4,  9, 12, 13, 17] > [ 2,  3,  5,  8, 14, 15, 16]
    W3: [ 0,  2,  3,  7, 10, 11, 16, 17] > [ 1,  4,  5,  8,  9, 12, 14, 15]
    W4: [ 0,  1,  3,  4, 14, 16] < [ 5,  8, 10, 11, 13, 15]
    Truth table row=[<, >, >, >, <] ix=78 result=[14-] is correct

Test 14+:
    W0: [ 0,  1,  3,  8,  9, 10, 14, 15] > [ 2,  4,  5,  6,  7, 11, 12, 13]
    W1: [ 0,  1,  3, 11, 12, 13, 16] < [ 2,  4,  9, 10, 14, 15, 17]
    W2: [ 0,  1,  4,  9, 12, 13, 17] < [ 2,  3,  5,  8, 14, 15, 16]
    W3: [ 0,  2,  3,  7, 10, 11, 16, 17] < [ 1,  4,  5,  8,  9, 12, 14, 15]
    W4: [ 0,  1,  3,  4, 14, 16] > [ 5,  8, 10, 11, 13, 15]
    Truth table row=[>, <, <, <, >] ix=164 result=[14+] is correct

Test 15-:
    W0: [ 0,  1,  3,  8,  9, 10, 14, 15] < [ 2,  4,  5,  6,  7, 11, 12, 13]
    W1: [ 0,  1,  3, 11, 12, 13, 16] > [ 2,  4,  9, 10, 14, 15, 17]
    W2: [ 0,  1,  4,  9, 12, 13, 17] > [ 2,  3,  5,  8, 14, 15, 16]
    W3: [ 0,  2,  3,  7, 10, 11, 16, 17] > [ 1,  4,  5,  8,  9, 12, 14, 15]
    W4: [ 0,  1,  3,  4, 14, 16] > [ 5,  8, 10, 11, 13, 15]
    Truth table row=[<, >, >, >, >] ix=80 result=[15-] is correct

Test 15+:
    W0: [ 0,  1,  3,  8,  9, 10, 14, 15] > [ 2,  4,  5,  6,  7, 11, 12, 13]
    W1: [ 0,  1,  3, 11, 12, 13, 16] < [ 2,  4,  9, 10, 14, 15, 17]
    W2: [ 0,  1,  4,  9, 12, 13, 17] < [ 2,  3,  5,  8, 14, 15, 16]
    W3: [ 0,  2,  3,  7, 10, 11, 16, 17] < [ 1,  4,  5,  8,  9, 12, 14, 15]
    W4: [ 0,  1,  3,  4, 14, 16] < [ 5,  8, 10, 11, 13, 15]
    Truth table row=[>, <, <, <, <] ix=162 result=[15+] is correct

Test 16-:
    W0: [ 0,  1,  3,  8,  9, 10, 14, 15] = [ 2,  4,  5,  6,  7, 11, 12, 13]
    W1: [ 0,  1,  3, 11, 12, 13, 16] < [ 2,  4,  9, 10, 14, 15, 17]
    W2: [ 0,  1,  4,  9, 12, 13, 17] > [ 2,  3,  5,  8, 14, 15, 16]
    W3: [ 0,  2,  3,  7, 10, 11, 16, 17] < [ 1,  4,  5,  8,  9, 12, 14, 15]
    W4: [ 0,  1,  3,  4, 14, 16] < [ 5,  8, 10, 11, 13, 15]
    Truth table row=[=, <, >, <, <] ix=99 result=[16-] is correct

Test 16+:
    W0: [ 0,  1,  3,  8,  9, 10, 14, 15] = [ 2,  4,  5,  6,  7, 11, 12, 13]
    W1: [ 0,  1,  3, 11, 12, 13, 16] > [ 2,  4,  9, 10, 14, 15, 17]
    W2: [ 0,  1,  4,  9, 12, 13, 17] < [ 2,  3,  5,  8, 14, 15, 16]
    W3: [ 0,  2,  3,  7, 10, 11, 16, 17] > [ 1,  4,  5,  8,  9, 12, 14, 15]
    W4: [ 0,  1,  3,  4, 14, 16] > [ 5,  8, 10, 11, 13, 15]
    Truth table row=[=, >, <, >, >] ix=143 result=[16+] is correct

Test 17-:
    W0: [ 0,  1,  3,  8,  9, 10, 14, 15] = [ 2,  4,  5,  6,  7, 11, 12, 13]
    W1: [ 0,  1,  3, 11, 12, 13, 16] > [ 2,  4,  9, 10, 14, 15, 17]
    W2: [ 0,  1,  4,  9, 12, 13, 17] < [ 2,  3,  5,  8, 14, 15, 16]
    W3: [ 0,  2,  3,  7, 10, 11, 16, 17] < [ 1,  4,  5,  8,  9, 12, 14, 15]
    W4: [ 0,  1,  3,  4, 14, 16] = [ 5,  8, 10, 11, 13, 15]
    Truth table row=[=, >, <, <, =] ix=136 result=[17-] is correct

Test 17+:
    W0: [ 0,  1,  3,  8,  9, 10, 14, 15] = [ 2,  4,  5,  6,  7, 11, 12, 13]
    W1: [ 0,  1,  3, 11, 12, 13, 16] < [ 2,  4,  9, 10, 14, 15, 17]
    W2: [ 0,  1,  4,  9, 12, 13, 17] > [ 2,  3,  5,  8, 14, 15, 16]
    W3: [ 0,  2,  3,  7, 10, 11, 16, 17] > [ 1,  4,  5,  8,  9, 12, 14, 15]
    W4: [ 0,  1,  3,  4, 14, 16] = [ 5,  8, 10, 11, 13, 15]
    Truth table row=[=, <, >, >, =] ix=106 result=[17+] is correct

Total correct results: 36
Total incorrect results: 0
