Solving for 16 balls and 4 weighings.
Using symmetry breaking strategy TruthTableAscending.

Solution:
W0: [ 0,  2,  3,  8,  9, 10, 13] <=> [ 1,  4,  5,  6,  7, 11, 12]
W1: [ 0,  2,  3, 11, 12, 14] <=> [ 1,  4,  5,  6, 13, 15]
W2: [ 0,  2,  5,  6, 15] <=> [ 1,  9, 10, 11, 14]
W3: [ 0,  3,  4,  6,  9, 11, 14] <=> [ 2,  5,  7,  8, 10, 12, 13]

Truth Table:
ix  W0  W1  W2  W3   Result
 0   <   <   <   <   0-
 1   <   <   <   =   1+
 2   <   <   <   >   2-
 3   <   <   =   <   3-
 4   <   <   =   =
 5   <   <   =   >   4+
 6   <   <   >   <   5+
 7   <   <   >   =
 8   <   <   >   >   6+
 9   <   =   <   <
10   <   =   <   =
11   <   =   <   >
12   <   =   =   <   7+
13   <   =   =   =
14   <   =   =   >   8-
15   <   =   >   <   9-
16   <   =   >   =
17   <   =   >   >   10-
18   <   >   <   <
19   <   >   <   =
20   <   >   <   >   11+
21   <   >   =   <   12+
22   <   >   =   =
23   <   >   =   >   13-
24   <   >   >   <
25   <   >   >   =
26   <   >   >   >
27   =   <   <   <
28   =   <   <   =
29   =   <   <   >
30   =   <   =   <
31   =   <   =   =
32   =   <   =   >
33   =   <   >   <   14-
34   =   <   >   =   15+
35   =   <   >   >
36   =   =   <   <
37   =   =   <   =
38   =   =   <   >
39   =   =   =   <
40   =   =   =   =
41   =   =   =   >
42   =   =   >   <
43   =   =   >   =
44   =   =   >   >
45   =   >   <   <
46   =   >   <   =   15-
47   =   >   <   >   14+
48   =   >   =   <
49   =   >   =   =
50   =   >   =   >
51   =   >   >   <
52   =   >   >   =
53   =   >   >   >
54   >   <   <   <
55   >   <   <   =
56   >   <   <   >
57   >   <   =   <   13+
58   >   <   =   =
59   >   <   =   >   12-
60   >   <   >   <   11-
61   >   <   >   =
62   >   <   >   >
63   >   =   <   <   10+
64   >   =   <   =
65   >   =   <   >   9+
66   >   =   =   <   8+
67   >   =   =   =
68   >   =   =   >   7-
69   >   =   >   <
70   >   =   >   =
71   >   =   >   >
72   >   >   <   <   6-
73   >   >   <   =
74   >   >   <   >   5-
75   >   >   =   <   4-
76   >   >   =   =
77   >   >   =   >   3+
78   >   >   >   <   2+
79   >   >   >   =   1-
80   >   >   >   >   0+

Test 0-:
    W0: [ 0,  2,  3,  8,  9, 10, 13] < [ 1,  4,  5,  6,  7, 11, 12]
    W1: [ 0,  2,  3, 11, 12, 14] < [ 1,  4,  5,  6, 13, 15]
    W2: [ 0,  2,  5,  6, 15] < [ 1,  9, 10, 11, 14]
    W3: [ 0,  3,  4,  6,  9, 11, 14] < [ 2,  5,  7,  8, 10, 12, 13]
    Truth table row=[<, <, <, <] ix=0 result=[0-] is correct

Test 0+:
    W0: [ 0,  2,  3,  8,  9, 10, 13] > [ 1,  4,  5,  6,  7, 11, 12]
    W1: [ 0,  2,  3, 11, 12, 14] > [ 1,  4,  5,  6, 13, 15]
    W2: [ 0,  2,  5,  6, 15] > [ 1,  9, 10, 11, 14]
    W3: [ 0,  3,  4,  6,  9, 11, 14] > [ 2,  5,  7,  8, 10, 12, 13]
    Truth table row=[>, >, >, >] ix=80 result=[0+] is correct

Test 1-:
    W0: [ 0,  2,  3,  8,  9, 10, 13] > [ 1,  4,  5,  6,  7, 11, 12]
    W1: [ 0,  2,  3, 11, 12, 14] > [ 1,  4,  5,  6, 13, 15]
    W2: [ 0,  2,  5,  6, 15] > [ 1,  9, 10, 11, 14]
    W3: [ 0,  3,  4,  6,  9, 11, 14] = [ 2,  5,  7,  8, 10, 12, 13]
    Truth table row=[>, >, >, =] ix=79 result=[1-] is correct

Test 1+:
    W0: [ 0,  2,  3,  8,  9, 10, 13] < [ 1,  4,  5,  6,  7, 11, 12]
    W1: [ 0,  2,  3, 11, 12, 14] < [ 1,  4,  5,  6, 13, 15]
    W2: [ 0,  2,  5,  6, 15] < [ 1,  9, 10, 11, 14]
    W3: [ 0,  3,  4,  6,  9, 11, 14] = [ 2,  5,  7,  8, 10, 12, 13]
    Truth table row=[<, <, <, =] ix=1 result=[1+] is correct

Test 2-:
    W0: [ 0,  2,  3,  8,  9, 10, 13] < [ 1,  4,  5,  6,  7, 11, 12]
    W1: [ 0,  2,  3, 11, 12, 14] < [ 1,  4,  5,  6, 13, 15]
    W2: [ 0,  2,  5,  6, 15] < [ 1,  9, 10, 11, 14]
    W3: [ 0,  3,  4,  6,  9, 11, 14] > [ 2,  5,  7,  8, 10, 12, 13]
    Truth table row=[<, <, <, >] ix=2 result=[2-] is correct

Test 2+:
    W0: [ 0,  2,  3,  8,  9, 10, 13] > [ 1,  4,  5,  6,  7, 11, 12]
    W1: [ 0,  2,  3, 11, 12, 14] > [ 1,  4,  5,  6, 13, 15]
    W2: [ 0,  2,  5,  6, 15] > [ 1,  9, 10, 11, 14]
    W3: [ 0,  3,  4,  6,  9, 11, 14] < [ 2,  5,  7,  8, 10, 12, 13]
    Truth table row=[>, >, >, <] ix=78 result=[2+] is correct

Test 3-:
    W0: [ 0,  2,  3,  8,  9, 10, 13] < [ 1,  4,  5,  6,  7, 11, 12]
    W1: [ 0,  2,  3, 11, 12, 14] < [ 1,  4,  5,  6, 13, 15]
    W2: [ 0,  2,  5,  6, 15] = [ 1,  9, 10, 11, 14]
    W3: [ 0,  3,  4,  6,  9, 11, 14] < [ 2,  5,  7,  8, 10, 12, 13]
    Truth table row=[<, <, =, <] ix=3 result=[3-] is correct

Test 3+:
    W0: [ 0,  2,  3,  8,  9, 10, 13] > [ 1,  4,  5,  6,  7, 11, 12]
    W1: [ 0,  2,  3, 11, 12, 14] > [ 1,  4,  5,  6, 13, 15]
    W2: [ 0,  2,  5,  6, 15] = [ 1,  9, 10, 11, 14]
    W3: [ 0,  3,  4,  6,  9, 11, 14] > [ 2,  5,  7,  8, 10, 12, 13]
    Truth table row=[>, >, =, >] ix=77 result=[3+] is correct

Test 4-:
    W0: [ 0,  2,  3,  8,  9, 10, 13] > [ 1,  4,  5,  6,  7, 11, 12]
    W1: [ 0,  2,  3, 11, 12, 14] > [ 1,  4,  5,  6, 13, 15]
    W2: [ 0,  2,  5,  6, 15] = [ 1,  9, 10, 11, 14]
    W3: [ 0,  3,  4,  6,  9, 11, 14] < [ 2,  5,  7,  8, 10, 12, 13]
    Truth table row=[>, >, =, <] ix=75 result=[4-] is correct

Test 4+:
    W0: [ 0,  2,  3,  8,  9, 10, 13] < [ 1,  4,  5,  6,  7, 11, 12]
    W1: [ 0,  2,  3, 11, 12, 14] < [ 1,  4,  5,  6, 13, 15]
    W2: [ 0,  2,  5,  6, 15] = [ 1,  9, 10, 11, 14]
    W3: [ 0,  3,  4,  6,  9, 11, 14] > [ 2,  5,  7,  8, 10, 12, 13]
    Truth table row=[<, <, =, >] ix=5 result=[4+] is correct

Test 5-:
    W0: [ 0,  2,  3,  8,  9, 10, 13] > [ 1,  4,  5,  6,  7, 11, 12]
    W1: [ 0,  2,  3, 11, 12, 14] > [ 1,  4,  5,  6, 13, 15]
    W2: [ 0,  2,  5,  6, 15] < [ 1,  9, 10, 11, 14]
    W3: [ 0,  3,  4,  6,  9, 11, 14] > [ 2,  5,  7,  8, 10, 12, 13]
    Truth table row=[>, >, <, >] ix=74 result=[5-] is correct

Test 5+:
    W0: [ 0,  2,  3,  8,  9, 10, 13] < [ 1,  4,  5,  6,  7, 11, 12]
    W1: [ 0,  2,  3, 11, 12, 14] < [ 1,  4,  5,  6, 13, 15]
    W2: [ 0,  2,  5,  6, 15] > [ 1,  9, 10, 11, 14]
    W3: [ 0,  3,  4,  6,  9, 11, 14] < [ 2,  5,  7,  8, 10, 12, 13]
    Truth table row=[<, <, >, <] ix=6 result=[5+] is correct

Test 6-:
    W0: [ 0,  2,  3,  8,  9, 10, 13] > [ 1,  4,  5,  6,  7, 11, 12]
    W1: [ 0,  2,  3, 11, 12, 14] > [ 1,  4,  5,  6, 13, 15]
    W2: [ 0,  2,  5,  6, 15] < [ 1,  9, 10, 11, 14]
    W3: [ 0,  3,  4,  6,  9, 11, 14] < [ 2,  5,  7,  8, 10, 12, 13]
    Truth table row=[>, >, <, <] ix=72 result=[6-] is correct

Test 6+:
    W0: [ 0,  2,  3,  8,  9, 10, 13] < [ 1,  4,  5,  6,  7, 11, 12]
    W1: [ 0,  2,  3, 11, 12, 14] < [ 1,  4,  5,  6, 13, 15]
    W2: [ 0,  2,  5,  6, 15] > [ 1,  9, 10, 11, 14]
    W3: [ 0,  3,  4,  6,  9, 11, 14] > [ 2,  5,  7,  8, 10, 12, 13]
    Truth table row=[<, <, >, >] ix=8 result=[6+] is correct

Test 7-:
    W0: [ 0,  2,  3,  8,  9, 10, 13] > [ 1,  4,  5,  6,  7, 11, 12]
    W1: [ 0,  2,  3, 11, 12, 14] = [ 1,  4,  5,  6, 13, 15]
    W2: [ 0,  2,  5,  6, 15] = [ 1,  9, 10, 11, 14]
    W3: [ 0,  3,  4,  6,  9, 11, 14] > [ 2,  5,  7,  8, 10, 12, 13]
    Truth table row=[>, =, =, >] ix=68 result=[7-] is correct

Test 7+:
    W0: [ 0,  2,  3,  8,  9, 10, 13] < [ 1,  4,  5,  6,  7, 11, 12]
    W1: [ 0,  2,  3, 11, 12, 14] = [ 1,  4,  5,  6, 13, 15]
    W2: [ 0,  2,  5,  6, 15] = [ 1,  9, 10, 11, 14]
    W3: [ 0,  3,  4,  6,  9, 11, 14] < [ 2,  5,  7,  8, 10, 12, 13]
    Truth table row=[<, =, =, <] ix=12 result=[7+] is correct

Test 8-:
    W0: [ 0,  2,  3,  8,  9, 10, 13] < [ 1,  4,  5,  6,  7, 11, 12]
    W1: [ 0,  2,  3, 11, 12, 14] = [ 1,  4,  5,  6, 13, 15]
    W2: [ 0,  2,  5,  6, 15] = [ 1,  9, 10, 11, 14]
    W3: [ 0,  3,  4,  6,  9, 11, 14] > [ 2,  5,  7,  8, 10, 12, 13]
    Truth table row=[<, =, =, >] ix=14 result=[8-] is correct

Test 8+:
    W0: [ 0,  2,  3,  8,  9, 10, 13] > [ 1,  4,  5,  6,  7, 11, 12]
    W1: [ 0,  2,  3, 11, 12, 14] = [ 1,  4,  5,  6, 13, 15]
    W2: [ 0,  2,  5,  6, 15] = [ 1,  9, 10, 11, 14]
    W3: [ 0,  3,  4,  6,  9, 11, 14] < [ 2,  5,  7,  8, 10, 12, 13]
    Truth table row=[>, =, =, <] ix=66 result=[8+] is correct

Test 9-:
    W0: [ 0,  2,  3,  8,  9, 10, 13] < [ 1,  4,  5,  6,  7, 11, 12]
    W1: [ 0,  2,  3, 11, 12, 14] = [ 1,  4,  5,  6, 13, 15]
    W2: [ 0,  2,  5,  6, 15] > [ 1,  9, 10, 11, 14]
    W3: [ 0,  3,  4,  6,  9, 11, 14] < [ 2,  5,  7,  8, 10, 12, 13]
    Truth table row=[<, =, >, <] ix=15 result=[9-] is correct

Test 9+:
    W0: [ 0,  2,  3,  8,  9, 10, 13] > [ 1,  4,  5,  6,  7, 11, 12]
    W1: [ 0,  2,  3, 11, 12, 14] = [ 1,  4,  5,  6, 13, 15]
    W2: [ 0,  2,  5,  6, 15] < [ 1,  9, 10, 11, 14]
    W3: [ 0,  3,  4,  6,  9, 11, 14] > [ 2,  5,  7,  8, 10, 12, 13]
    Truth table row=[>, =, <, >] ix=65 result=[9+] is correct

Test 10-:
    W0: [ 0,  2,  3,  8,  9, 10, 13] < [ 1,  4,  5,  6,  7, 11, 12]
    W1: [ 0,  2,  3, 11, 12, 14] = [ 1,  4,  5,  6, 13, 15]
    W2: [ 0,  2,  5,  6, 15] > [ 1,  9, 10, 11, 14]
    W3: [ 0,  3,  4,  6,  9, 11, 14] > [ 2,  5,  7,  8, 10, 12, 13]
    Truth table row=[<, =, >, >] ix=17 result=[10-] is correct

Test 10+:
    W0: [ 0,  2,  3,  8,  9, 10, 13] > [ 1,  4,  5,  6,  7, 11, 12]
    W1: [ 0,  2,  3, 11, 12, 14] = [ 1,  4,  5,  6, 13, 15]
    W2: [ 0,  2,  5,  6, 15] < [ 1,  9, 10, 11, 14]
    W3: [ 0,  3,  4,  6,  9, 11, 14] < [ 2,  5,  7,  8, 10, 12, 13]
    Truth table row=[>, =, <, <] ix=63 result=[10+] is correct

Test 11-:
    W0: [ 0,  2,  3,  8,  9, 10, 13] > [ 1,  4,  5,  6,  7, 11, 12]
    W1: [ 0,  2,  3, 11, 12, 14] < [ 1,  4,  5,  6, 13, 15]
    W2: [ 0,  2,  5,  6, 15] > [ 1,  9, 10, 11, 14]
    W3: [ 0,  3,  4,  6,  9, 11, 14] < [ 2,  5,  7,  8, 10, 12, 13]
    Truth table row=[>, <, >, <] ix=60 result=[11-] is correct

Test 11+:
    W0: [ 0,  2,  3,  8,  9, 10, 13] < [ 1,  4,  5,  6,  7, 11, 12]
    W1: [ 0,  2,  3, 11, 12, 14] > [ 1,  4,  5,  6, 13, 15]
    W2: [ 0,  2,  5,  6, 15] < [ 1,  9, 10, 11, 14]
    W3: [ 0,  3,  4,  6,  9, 11, 14] > [ 2,  5,  7,  8, 10, 12, 13]
    Truth table row=[<, >, <, >] ix=20 result=[11+] is correct

Test 12-:
    W0: [ 0,  2,  3,  8,  9, 10, 13] > [ 1,  4,  5,  6,  7, 11, 12]
    W1: [ 0,  2,  3, 11, 12, 14] < [ 1,  4,  5,  6, 13, 15]
    W2: [ 0,  2,  5,  6, 15] = [ 1,  9, 10, 11, 14]
    W3: [ 0,  3,  4,  6,  9, 11, 14] > [ 2,  5,  7,  8, 10, 12, 13]
    Truth table row=[>, <, =, >] ix=59 result=[12-] is correct

Test 12+:
    W0: [ 0,  2,  3,  8,  9, 10, 13] < [ 1,  4,  5,  6,  7, 11, 12]
    W1: [ 0,  2,  3, 11, 12, 14] > [ 1,  4,  5,  6, 13, 15]
    W2: [ 0,  2,  5,  6, 15] = [ 1,  9, 10, 11, 14]
    W3: [ 0,  3,  4,  6,  9, 11, 14] < [ 2,  5,  7,  8, 10, 12, 13]
    Truth table row=[<, >, =, <] ix=21 result=[12+] is correct

Test 13-:
    W0: [ 0,  2,  3,  8,  9, 10, 13] < [ 1,  4,  5,  6,  7, 11, 12]
    W1: [ 0,  2,  3, 11, 12, 14] > [ 1,  4,  5,  6, 13, 15]
    W2: [ 0,  2,  5,  6, 15] = [ 1,  9, 10, 11, 14]
    W3: [ 0,  3,  4,  6,  9, 11, 14] > [ 2,  5,  7,  8, 10, 12, 13]
    Truth table row=[<, >, =, >] ix=23 result=[13-] is correct

Test 13+:
    W0: [ 0,  2,  3,  8,  9, 10, 13] > [ 1,  4,  5,  6,  7, 11, 12]
    W1: [ 0,  2,  3, 11, 12, 14] < [ 1,  4,  5,  6, 13, 15]
    W2: [ 0,  2,  5,  6, 15] = [ 1,  9, 10, 11, 14]
    W3: [ 0,  3,  4,  6,  9, 11, 14] < [ 2,  5,  7,  8, 10, 12, 13]
    Truth table row=[>, <, =, <] ix=57 result=[13+] is correct

Test 14-:
    W0: [ 0,  2,  3,  8,  9, 10, 13] = [ 1,  4,  5,  6,  7, 11, 12]
    W1: [ 0,  2,  3, 11, 12, 14] < [ 1,  4,  5,  6, 13, 15]
    W2: [ 0,  2,  5,  6, 15] > [ 1,  9, 10, 11, 14]
    W3: [ 0,  3,  4,  6,  9, 11, 14] < [ 2,  5,  7,  8, 10, 12, 13]
    Truth table row=[=, <, >, <] ix=33 result=[14-] is correct

Test 14+:
    W0: [ 0,  2,  3,  8,  9, 10, 13] = [ 1,  4,  5,  6,  7, 11, 12]
    W1: [ 0,  2,  3, 11, 12, 14] > [ 1,  4,  5,  6, 13, 15]
    W2: [ 0,  2,  5,  6, 15] < [ 1,  9, 10, 11, 14]
    W3: [ 0,  3,  4,  6,  9, 11, 14] > [ 2,  5,  7,  8, 10, 12, 13]
    Truth table row=[=, >, <, >] ix=47 result=[14+] is correct

Test 15-:
    W0: [ 0,  2,  3,  8,  9, 10, 13] = [ 1,  4,  5,  6,  7, 11, 12]
    W1: [ 0,  2,  3, 11, 12, 14] > [ 1,  4,  5,  6, 13, 15]
    W2: [ 0,  2,  5,  6, 15] < [ 1,  9, 10, 11, 14]
    W3: [ 0,  3,  4,  6,  9, 11, 14] = [ 2,  5,  7,  8, 10, 12, 13]
    Truth table row=[=, >, <, =] ix=46 result=[15-] is correct

Test 15+:
    W0: [ 0,  2,  3,  8,  9, 10, 13] = [ 1,  4,  5,  6,  7, 11, 12]
    W1: [ 0,  2,  3, 11, 12, 14] < [ 1,  4,  5,  6, 13, 15]
    W2: [ 0,  2,  5,  6, 15] > [ 1,  9, 10, 11, 14]
    W3: [ 0,  3,  4,  6,  9, 11, 14] = [ 2,  5,  7,  8, 10, 12, 13]
    Truth table row=[=, <, >, =] ix=34 result=[15+] is correct

Total correct results: 32
Total incorrect results: 0
