Solving for 17 balls and 4 weighings.
Using symmetry breaking strategy TruthTableAscending.

Solution:
W0: [ 0,  1,  4,  6,  8] <=> [ 2,  3,  5,  7,  9]
W1: [ 0,  1,  4,  7,  9, 11] <=> [ 2,  3,  8, 10, 12, 13]
W2: [ 0,  1,  3,  8,  9, 12, 13, 14] <=> [ 2,  4,  5,  6,  7, 10, 11, 15]
W3: [ 0,  2, 11, 13, 14] <=> [ 3,  6,  8,  9, 16]

Truth Table:
ix  W0  W1  W2  W3   Result
 0   <   <   <   <   0-
 1   <   <   <   =   1-
 2   <   <   <   >   2+
 3   <   <   =   <
 4   <   <   =   =
 5   <   <   =   >
 6   <   <   >   <   3+
 7   <   <   >   =   4-
 8   <   <   >   >
 9   <   =   <   <
10   <   =   <   =   5+
11   <   =   <   >
12   <   =   =   <
13   <   =   =   =
14   <   =   =   >
15   <   =   >   <
16   <   =   >   =
17   <   =   >   >   6-
18   <   >   <   <
19   <   >   <   =   7+
20   <   >   <   >   8-
21   <   >   =   <
22   <   >   =   =
23   <   >   =   >
24   <   >   >   <   9+
25   <   >   >   =
26   <   >   >   >
27   =   <   <   <
28   =   <   <   =   10+
29   =   <   <   >
30   =   <   =   <
31   =   <   =   =
32   =   <   =   >
33   =   <   >   <   11-
34   =   <   >   =   12+
35   =   <   >   >   13+
36   =   =   <   <   14-
37   =   =   <   =   15+
38   =   =   <   >
39   =   =   =   <   16+
40   =   =   =   =
41   =   =   =   >   16-
42   =   =   >   <
43   =   =   >   =   15-
44   =   =   >   >   14+
45   =   >   <   <   13-
46   =   >   <   =   12-
47   =   >   <   >   11+
48   =   >   =   <
49   =   >   =   =
50   =   >   =   >
51   =   >   >   <
52   =   >   >   =   10-
53   =   >   >   >
54   >   <   <   <
55   >   <   <   =
56   >   <   <   >   9-
57   >   <   =   <
58   >   <   =   =
59   >   <   =   >
60   >   <   >   <   8+
61   >   <   >   =   7-
62   >   <   >   >
63   >   =   <   <   6+
64   >   =   <   =
65   >   =   <   >
66   >   =   =   <
67   >   =   =   =
68   >   =   =   >
69   >   =   >   <
70   >   =   >   =   5-
71   >   =   >   >
72   >   >   <   <
73   >   >   <   =   4+
74   >   >   <   >   3-
75   >   >   =   <
76   >   >   =   =
77   >   >   =   >
78   >   >   >   <   2-
79   >   >   >   =   1+
80   >   >   >   >   0+

Test 0-:
    W0: [ 0,  1,  4,  6,  8] < [ 2,  3,  5,  7,  9]
    W1: [ 0,  1,  4,  7,  9, 11] < [ 2,  3,  8, 10, 12, 13]
    W2: [ 0,  1,  3,  8,  9, 12, 13, 14] < [ 2,  4,  5,  6,  7, 10, 11, 15]
    W3: [ 0,  2, 11, 13, 14] < [ 3,  6,  8,  9, 16]
    Truth table row=[<, <, <, <] ix=0 result=[0-] is correct

Test 0+:
    W0: [ 0,  1,  4,  6,  8] > [ 2,  3,  5,  7,  9]
    W1: [ 0,  1,  4,  7,  9, 11] > [ 2,  3,  8, 10, 12, 13]
    W2: [ 0,  1,  3,  8,  9, 12, 13, 14] > [ 2,  4,  5,  6,  7, 10, 11, 15]
    W3: [ 0,  2, 11, 13, 14] > [ 3,  6,  8,  9, 16]
    Truth table row=[>, >, >, >] ix=80 result=[0+] is correct

Test 1-:
    W0: [ 0,  1,  4,  6,  8] < [ 2,  3,  5,  7,  9]
    W1: [ 0,  1,  4,  7,  9, 11] < [ 2,  3,  8, 10, 12, 13]
    W2: [ 0,  1,  3,  8,  9, 12, 13, 14] < [ 2,  4,  5,  6,  7, 10, 11, 15]
    W3: [ 0,  2, 11, 13, 14] = [ 3,  6,  8,  9, 16]
    Truth table row=[<, <, <, =] ix=1 result=[1-] is correct

Test 1+:
    W0: [ 0,  1,  4,  6,  8] > [ 2,  3,  5,  7,  9]
    W1: [ 0,  1,  4,  7,  9, 11] > [ 2,  3,  8, 10, 12, 13]
    W2: [ 0,  1,  3,  8,  9, 12, 13, 14] > [ 2,  4,  5,  6,  7, 10, 11, 15]
    W3: [ 0,  2, 11, 13, 14] = [ 3,  6,  8,  9, 16]
    Truth table row=[>, >, >, =] ix=79 result=[1+] is correct

Test 2-:
    W0: [ 0,  1,  4,  6,  8] > [ 2,  3,  5,  7,  9]
    W1: [ 0,  1,  4,  7,  9, 11] > [ 2,  3,  8, 10, 12, 13]
    W2: [ 0,  1,  3,  8,  9, 12, 13, 14] > [ 2,  4,  5,  6,  7, 10, 11, 15]
    W3: [ 0,  2, 11, 13, 14] < [ 3,  6,  8,  9, 16]
    Truth table row=[>, >, >, <] ix=78 result=[2-] is correct

Test 2+:
    W0: [ 0,  1,  4,  6,  8] < [ 2,  3,  5,  7,  9]
    W1: [ 0,  1,  4,  7,  9, 11] < [ 2,  3,  8, 10, 12, 13]
    W2: [ 0,  1,  3,  8,  9, 12, 13, 14] < [ 2,  4,  5,  6,  7, 10, 11, 15]
    W3: [ 0,  2, 11, 13, 14] > [ 3,  6,  8,  9, 16]
    Truth table row=[<, <, <, >] ix=2 result=[2+] is correct

Test 3-:
    W0: [ 0,  1,  4,  6,  8] > [ 2,  3,  5,  7,  9]
    W1: [ 0,  1,  4,  7,  9, 11] > [ 2,  3,  8, 10, 12, 13]
    W2: [ 0,  1,  3,  8,  9, 12, 13, 14] < [ 2,  4,  5,  6,  7, 10, 11, 15]
    W3: [ 0,  2, 11, 13, 14] > [ 3,  6,  8,  9, 16]
    Truth table row=[>, >, <, >] ix=74 result=[3-] is correct

Test 3+:
    W0: [ 0,  1,  4,  6,  8] < [ 2,  3,  5,  7,  9]
    W1: [ 0,  1,  4,  7,  9, 11] < [ 2,  3,  8, 10, 12, 13]
    W2: [ 0,  1,  3,  8,  9, 12, 13, 14] > [ 2,  4,  5,  6,  7, 10, 11, 15]
    W3: [ 0,  2, 11, 13, 14] < [ 3,  6,  8,  9, 16]
    Truth table row=[<, <, >, <] ix=6 result=[3+] is correct

Test 4-:
    W0: [ 0,  1,  4,  6,  8] < [ 2,  3,  5,  7,  9]
    W1: [ 0,  1,  4,  7,  9, 11] < [ 2,  3,  8, 10, 12, 13]
    W2: [ 0,  1,  3,  8,  9, 12, 13, 14] > [ 2,  4,  5,  6,  7, 10, 11, 15]
    W3: [ 0,  2, 11, 13, 14] = [ 3,  6,  8,  9, 16]
    Truth table row=[<, <, >, =] ix=7 result=[4-] is correct

Test 4+:
    W0: [ 0,  1,  4,  6,  8] > [ 2,  3,  5,  7,  9]
    W1: [ 0,  1,  4,  7,  9, 11] > [ 2,  3,  8, 10, 12, 13]
    W2: [ 0,  1,  3,  8,  9, 12, 13, 14] < [ 2,  4,  5,  6,  7, 10, 11, 15]
    W3: [ 0,  2, 11, 13, 14] = [ 3,  6,  8,  9, 16]
    Truth table row=[>, >, <, =] ix=73 result=[4+] is correct

Test 5-:
    W0: [ 0,  1,  4,  6,  8] > [ 2,  3,  5,  7,  9]
    W1: [ 0,  1,  4,  7,  9, 11] = [ 2,  3,  8, 10, 12, 13]
    W2: [ 0,  1,  3,  8,  9, 12, 13, 14] > [ 2,  4,  5,  6,  7, 10, 11, 15]
    W3: [ 0,  2, 11, 13, 14] = [ 3,  6,  8,  9, 16]
    Truth table row=[>, =, >, =] ix=70 result=[5-] is correct

Test 5+:
    W0: [ 0,  1,  4,  6,  8] < [ 2,  3,  5,  7,  9]
    W1: [ 0,  1,  4,  7,  9, 11] = [ 2,  3,  8, 10, 12, 13]
    W2: [ 0,  1,  3,  8,  9, 12, 13, 14] < [ 2,  4,  5,  6,  7, 10, 11, 15]
    W3: [ 0,  2, 11, 13, 14] = [ 3,  6,  8,  9, 16]
    Truth table row=[<, =, <, =] ix=10 result=[5+] is correct

Test 6-:
    W0: [ 0,  1,  4,  6,  8] < [ 2,  3,  5,  7,  9]
    W1: [ 0,  1,  4,  7,  9, 11] = [ 2,  3,  8, 10, 12, 13]
    W2: [ 0,  1,  3,  8,  9, 12, 13, 14] > [ 2,  4,  5,  6,  7, 10, 11, 15]
    W3: [ 0,  2, 11, 13, 14] > [ 3,  6,  8,  9, 16]
    Truth table row=[<, =, >, >] ix=17 result=[6-] is correct

Test 6+:
    W0: [ 0,  1,  4,  6,  8] > [ 2,  3,  5,  7,  9]
    W1: [ 0,  1,  4,  7,  9, 11] = [ 2,  3,  8, 10, 12, 13]
    W2: [ 0,  1,  3,  8,  9, 12, 13, 14] < [ 2,  4,  5,  6,  7, 10, 11, 15]
    W3: [ 0,  2, 11, 13, 14] < [ 3,  6,  8,  9, 16]
    Truth table row=[>, =, <, <] ix=63 result=[6+] is correct

Test 7-:
    W0: [ 0,  1,  4,  6,  8] > [ 2,  3,  5,  7,  9]
    W1: [ 0,  1,  4,  7,  9, 11] < [ 2,  3,  8, 10, 12, 13]
    W2: [ 0,  1,  3,  8,  9, 12, 13, 14] > [ 2,  4,  5,  6,  7, 10, 11, 15]
    W3: [ 0,  2, 11, 13, 14] = [ 3,  6,  8,  9, 16]
    Truth table row=[>, <, >, =] ix=61 result=[7-] is correct

Test 7+:
    W0: [ 0,  1,  4,  6,  8] < [ 2,  3,  5,  7,  9]
    W1: [ 0,  1,  4,  7,  9, 11] > [ 2,  3,  8, 10, 12, 13]
    W2: [ 0,  1,  3,  8,  9, 12, 13, 14] < [ 2,  4,  5,  6,  7, 10, 11, 15]
    W3: [ 0,  2, 11, 13, 14] = [ 3,  6,  8,  9, 16]
    Truth table row=[<, >, <, =] ix=19 result=[7+] is correct

Test 8-:
    W0: [ 0,  1,  4,  6,  8] < [ 2,  3,  5,  7,  9]
    W1: [ 0,  1,  4,  7,  9, 11] > [ 2,  3,  8, 10, 12, 13]
    W2: [ 0,  1,  3,  8,  9, 12, 13, 14] < [ 2,  4,  5,  6,  7, 10, 11, 15]
    W3: [ 0,  2, 11, 13, 14] > [ 3,  6,  8,  9, 16]
    Truth table row=[<, >, <, >] ix=20 result=[8-] is correct

Test 8+:
    W0: [ 0,  1,  4,  6,  8] > [ 2,  3,  5,  7,  9]
    W1: [ 0,  1,  4,  7,  9, 11] < [ 2,  3,  8, 10, 12, 13]
    W2: [ 0,  1,  3,  8,  9, 12, 13, 14] > [ 2,  4,  5,  6,  7, 10, 11, 15]
    W3: [ 0,  2, 11, 13, 14] < [ 3,  6,  8,  9, 16]
    Truth table row=[>, <, >, <] ix=60 result=[8+] is correct

Test 9-:
    W0: [ 0,  1,  4,  6,  8] > [ 2,  3,  5,  7,  9]
    W1: [ 0,  1,  4,  7,  9, 11] < [ 2,  3,  8, 10, 12, 13]
    W2: [ 0,  1,  3,  8,  9, 12, 13, 14] < [ 2,  4,  5,  6,  7, 10, 11, 15]
    W3: [ 0,  2, 11, 13, 14] > [ 3,  6,  8,  9, 16]
    Truth table row=[>, <, <, >] ix=56 result=[9-] is correct

Test 9+:
    W0: [ 0,  1,  4,  6,  8] < [ 2,  3,  5,  7,  9]
    W1: [ 0,  1,  4,  7,  9, 11] > [ 2,  3,  8, 10, 12, 13]
    W2: [ 0,  1,  3,  8,  9, 12, 13, 14] > [ 2,  4,  5,  6,  7, 10, 11, 15]
    W3: [ 0,  2, 11, 13, 14] < [ 3,  6,  8,  9, 16]
    Truth table row=[<, >, >, <] ix=24 result=[9+] is correct

Test 10-:
    W0: [ 0,  1,  4,  6,  8] = [ 2,  3,  5,  7,  9]
    W1: [ 0,  1,  4,  7,  9, 11] > [ 2,  3,  8, 10, 12, 13]
    W2: [ 0,  1,  3,  8,  9, 12, 13, 14] > [ 2,  4,  5,  6,  7, 10, 11, 15]
    W3: [ 0,  2, 11, 13, 14] = [ 3,  6,  8,  9, 16]
    Truth table row=[=, >, >, =] ix=52 result=[10-] is correct

Test 10+:
    W0: [ 0,  1,  4,  6,  8] = [ 2,  3,  5,  7,  9]
    W1: [ 0,  1,  4,  7,  9, 11] < [ 2,  3,  8, 10, 12, 13]
    W2: [ 0,  1,  3,  8,  9, 12, 13, 14] < [ 2,  4,  5,  6,  7, 10, 11, 15]
    W3: [ 0,  2, 11, 13, 14] = [ 3,  6,  8,  9, 16]
    Truth table row=[=, <, <, =] ix=28 result=[10+] is correct

Test 11-:
    W0: [ 0,  1,  4,  6,  8] = [ 2,  3,  5,  7,  9]
    W1: [ 0,  1,  4,  7,  9, 11] < [ 2,  3,  8, 10, 12, 13]
    W2: [ 0,  1,  3,  8,  9, 12, 13, 14] > [ 2,  4,  5,  6,  7, 10, 11, 15]
    W3: [ 0,  2, 11, 13, 14] < [ 3,  6,  8,  9, 16]
    Truth table row=[=, <, >, <] ix=33 result=[11-] is correct

Test 11+:
    W0: [ 0,  1,  4,  6,  8] = [ 2,  3,  5,  7,  9]
    W1: [ 0,  1,  4,  7,  9, 11] > [ 2,  3,  8, 10, 12, 13]
    W2: [ 0,  1,  3,  8,  9, 12, 13, 14] < [ 2,  4,  5,  6,  7, 10, 11, 15]
    W3: [ 0,  2, 11, 13, 14] > [ 3,  6,  8,  9, 16]
    Truth table row=[=, >, <, >] ix=47 result=[11+] is correct

Test 12-:
    W0: [ 0,  1,  4,  6,  8] = [ 2,  3,  5,  7,  9]
    W1: [ 0,  1,  4,  7,  9, 11] > [ 2,  3,  8, 10, 12, 13]
    W2: [ 0,  1,  3,  8,  9, 12, 13, 14] < [ 2,  4,  5,  6,  7, 10, 11, 15]
    W3: [ 0,  2, 11, 13, 14] = [ 3,  6,  8,  9, 16]
    Truth table row=[=, >, <, =] ix=46 result=[12-] is correct

Test 12+:
    W0: [ 0,  1,  4,  6,  8] = [ 2,  3,  5,  7,  9]
    W1: [ 0,  1,  4,  7,  9, 11] < [ 2,  3,  8, 10, 12, 13]
    W2: [ 0,  1,  3,  8,  9, 12, 13, 14] > [ 2,  4,  5,  6,  7, 10, 11, 15]
    W3: [ 0,  2, 11, 13, 14] = [ 3,  6,  8,  9, 16]
    Truth table row=[=, <, >, =] ix=34 result=[12+] is correct

Test 13-:
    W0: [ 0,  1,  4,  6,  8] = [ 2,  3,  5,  7,  9]
    W1: [ 0,  1,  4,  7,  9, 11] > [ 2,  3,  8, 10, 12, 13]
    W2: [ 0,  1,  3,  8,  9, 12, 13, 14] < [ 2,  4,  5,  6,  7, 10, 11, 15]
    W3: [ 0,  2, 11, 13, 14] < [ 3,  6,  8,  9, 16]
    Truth table row=[=, >, <, <] ix=45 result=[13-] is correct

Test 13+:
    W0: [ 0,  1,  4,  6,  8] = [ 2,  3,  5,  7,  9]
    W1: [ 0,  1,  4,  7,  9, 11] < [ 2,  3,  8, 10, 12, 13]
    W2: [ 0,  1,  3,  8,  9, 12, 13, 14] > [ 2,  4,  5,  6,  7, 10, 11, 15]
    W3: [ 0,  2, 11, 13, 14] > [ 3,  6,  8,  9, 16]
    Truth table row=[=, <, >, >] ix=35 result=[13+] is correct

Test 14-:
    W0: [ 0,  1,  4,  6,  8] = [ 2,  3,  5,  7,  9]
    W1: [ 0,  1,  4,  7,  9, 11] = [ 2,  3,  8, 10, 12, 13]
    W2: [ 0,  1,  3,  8,  9, 12, 13, 14] < [ 2,  4,  5,  6,  7, 10, 11, 15]
    W3: [ 0,  2, 11, 13, 14] < [ 3,  6,  8,  9, 16]
    Truth table row=[=, =, <, <] ix=36 result=[14-] is correct

Test 14+:
    W0: [ 0,  1,  4,  6,  8] = [ 2,  3,  5,  7,  9]
    W1: [ 0,  1,  4,  7,  9, 11] = [ 2,  3,  8, 10, 12, 13]
    W2: [ 0,  1,  3,  8,  9, 12, 13, 14] > [ 2,  4,  5,  6,  7, 10, 11, 15]
    W3: [ 0,  2, 11, 13, 14] > [ 3,  6,  8,  9, 16]
    Truth table row=[=, =, >, >] ix=44 result=[14+] is correct

Test 15-:
    W0: [ 0,  1,  4,  6,  8] = [ 2,  3,  5,  7,  9]
    W1: [ 0,  1,  4,  7,  9, 11] = [ 2,  3,  8, 10, 12, 13]
    W2: [ 0,  1,  3,  8,  9, 12, 13, 14] > [ 2,  4,  5,  6,  7, 10, 11, 15]
    W3: [ 0,  2, 11, 13, 14] = [ 3,  6,  8,  9, 16]
    Truth table row=[=, =, >, =] ix=43 result=[15-] is correct

Test 15+:
    W0: [ 0,  1,  4,  6,  8] = [ 2,  3,  5,  7,  9]
    W1: [ 0,  1,  4,  7,  9, 11] = [ 2,  3,  8, 10, 12, 13]
    W2: [ 0,  1,  3,  8,  9, 12, 13, 14] < [ 2,  4,  5,  6,  7, 10, 11, 15]
    W3: [ 0,  2, 11, 13, 14] = [ 3,  6,  8,  9, 16]
    Truth table row=[=, =, <, =] ix=37 result=[15+] is correct

Test 16-:
    W0: [ 0,  1,  4,  6,  8] = [ 2,  3,  5,  7,  9]
    W1: [ 0,  1,  4,  7,  9, 11] = [ 2,  3,  8, 10, 12, 13]
    W2: [ 0,  1,  3,  8,  9, 12, 13, 14] = [ 2,  4,  5,  6,  7, 10, 11, 15]
    W3: [ 0,  2, 11, 13, 14] > [ 3,  6,  8,  9, 16]
    Truth table row=[=, =, =, >] ix=41 result=[16-] is correct

Test 16+:
    W0: [ 0,  1,  4,  6,  8] = [ 2,  3,  5,  7,  9]
    W1: [ 0,  1,  4,  7,  9, 11] = [ 2,  3,  8, 10, 12, 13]
    W2: [ 0,  1,  3,  8,  9, 12, 13, 14] = [ 2,  4,  5,  6,  7, 10, 11, 15]
    W3: [ 0,  2, 11, 13, 14] < [ 3,  6,  8,  9, 16]
    Truth table row=[=, =, =, <] ix=39 result=[16+] is correct

Total correct results: 34
Total incorrect results: 0
