Solving for 30 balls and 5 weighings.
Using symmetry breaking strategy TruthTableAscending.

Solution:
W0: [ 0,  3,  5,  7,  8] <=> [ 1,  2,  4,  6,  9]
W1: [ 0,  3,  5,  9, 10, 11, 13, 18, 20, 21, 23] <=> [ 1,  2,  4,  8, 12, 14, 15, 16, 17, 19, 22]
W2: [ 0,  4,  7, 10, 11, 16, 17, 19, 22, 25, 26] <=> [ 1,  2,  5,  6, 18, 20, 21, 23, 24, 27, 28]
W3: [ 0,  2,  6,  8, 14, 15, 22, 28, 29] <=> [ 5,  7, 11, 12, 16, 17, 21, 23, 24]
W4: [ 2,  3, 10, 12, 15, 17, 18, 21, 25, 27] <=> [ 4,  6,  7,  8, 11, 14, 16, 20, 23, 24]

Truth Table:
ix  W0  W1  W2  W3  W4   Result
 0   <   <   <   <   <
 1   <   <   <   <   =   0-
 2   <   <   <   <   >
 3   <   <   <   =   <
 4   <   <   <   =   =   1+
 5   <   <   <   =   >
 6   <   <   <   >   <
 7   <   <   <   >   =
 8   <   <   <   >   >   2+
 9   <   <   =   <   <
10   <   <   =   <   =
11   <   <   =   <   >
12   <   <   =   =   <   3-
13   <   <   =   =   =
14   <   <   =   =   >
15   <   <   =   >   <
16   <   <   =   >   =
17   <   <   =   >   >
18   <   <   >   <   <
19   <   <   >   <   =
20   <   <   >   <   >
21   <   <   >   =   <   4+
22   <   <   >   =   =
23   <   <   >   =   >
24   <   <   >   >   <
25   <   <   >   >   =   5-
26   <   <   >   >   >
27   <   =   <   <   <
28   <   =   <   <   =
29   <   =   <   <   >
30   <   =   <   =   <
31   <   =   <   =   =
32   <   =   <   =   >
33   <   =   <   >   <   6+
34   <   =   <   >   =
35   <   =   <   >   >   7-
36   <   =   =   <   <
37   <   =   =   <   =
38   <   =   =   <   >
39   <   =   =   =   <
40   <   =   =   =   =
41   <   =   =   =   >
42   <   =   =   >   <
43   <   =   =   >   =
44   <   =   =   >   >
45   <   =   >   <   <
46   <   =   >   <   =
47   <   =   >   <   >
48   <   =   >   =   <
49   <   =   >   =   =
50   <   =   >   =   >
51   <   =   >   >   <
52   <   =   >   >   =
53   <   =   >   >   >
54   <   >   <   <   <
55   <   >   <   <   =
56   <   >   <   <   >
57   <   >   <   =   <
58   <   >   <   =   =
59   <   >   <   =   >
60   <   >   <   >   <
61   <   >   <   >   =
62   <   >   <   >   >
63   <   >   =   <   <
64   <   >   =   <   =
65   <   >   =   <   >   8-
66   <   >   =   =   <
67   <   >   =   =   =   9+
68   <   >   =   =   >
69   <   >   =   >   <
70   <   >   =   >   =
71   <   >   =   >   >
72   <   >   >   <   <
73   <   >   >   <   =
74   <   >   >   <   >
75   <   >   >   =   <
76   <   >   >   =   =
77   <   >   >   =   >
78   <   >   >   >   <
79   <   >   >   >   =
80   <   >   >   >   >
81   =   <   <   <   <
82   =   <   <   <   =
83   =   <   <   <   >
84   =   <   <   =   <   10-
85   =   <   <   =   =
86   =   <   <   =   >
87   =   <   <   >   <
88   =   <   <   >   =
89   =   <   <   >   >   11-
90   =   <   =   <   <
91   =   <   =   <   =
92   =   <   =   <   >   12+
93   =   <   =   =   <
94   =   <   =   =   =   13-
95   =   <   =   =   >
96   =   <   =   >   <   14+
97   =   <   =   >   =
98   =   <   =   >   >   15+
99   =   <   >   <   <   16+
100   =   <   >   <   =
101   =   <   >   <   >   17+
102   =   <   >   =   <   18-
103   =   <   >   =   =   19+
104   =   <   >   =   >   20-
105   =   <   >   >   <   21-
106   =   <   >   >   =   22+
107   =   <   >   >   >   23-
108   =   =   <   <   <   24+
109   =   =   <   <   =
110   =   =   <   <   >
111   =   =   <   =   <   25-
112   =   =   <   =   =   26-
113   =   =   <   =   >   27+
114   =   =   <   >   <
115   =   =   <   >   =   28+
116   =   =   <   >   >
117   =   =   =   <   <
118   =   =   =   <   =   29-
119   =   =   =   <   >
120   =   =   =   =   <
121   =   =   =   =   =
122   =   =   =   =   >
123   =   =   =   >   <
124   =   =   =   >   =   29+
125   =   =   =   >   >
126   =   =   >   <   <
127   =   =   >   <   =   28-
128   =   =   >   <   >
129   =   =   >   =   <   27-
130   =   =   >   =   =   26+
131   =   =   >   =   >   25+
132   =   =   >   >   <
133   =   =   >   >   =
134   =   =   >   >   >   24-
135   =   >   <   <   <   23+
136   =   >   <   <   =   22-
137   =   >   <   <   >   21+
138   =   >   <   =   <   20+
139   =   >   <   =   =   19-
140   =   >   <   =   >   18+
141   =   >   <   >   <   17-
142   =   >   <   >   =
143   =   >   <   >   >   16-
144   =   >   =   <   <   15-
145   =   >   =   <   =
146   =   >   =   <   >   14-
147   =   >   =   =   <
148   =   >   =   =   =   13+
149   =   >   =   =   >
150   =   >   =   >   <   12-
151   =   >   =   >   =
152   =   >   =   >   >
153   =   >   >   <   <   11+
154   =   >   >   <   =
155   =   >   >   <   >
156   =   >   >   =   <
157   =   >   >   =   =
158   =   >   >   =   >   10+
159   =   >   >   >   <
160   =   >   >   >   =
161   =   >   >   >   >
162   >   <   <   <   <
163   >   <   <   <   =
164   >   <   <   <   >
165   >   <   <   =   <
166   >   <   <   =   =
167   >   <   <   =   >
168   >   <   <   >   <
169   >   <   <   >   =
170   >   <   <   >   >
171   >   <   =   <   <
172   >   <   =   <   =
173   >   <   =   <   >
174   >   <   =   =   <
175   >   <   =   =   =   9-
176   >   <   =   =   >
177   >   <   =   >   <   8+
178   >   <   =   >   =
179   >   <   =   >   >
180   >   <   >   <   <
181   >   <   >   <   =
182   >   <   >   <   >
183   >   <   >   =   <
184   >   <   >   =   =
185   >   <   >   =   >
186   >   <   >   >   <
187   >   <   >   >   =
188   >   <   >   >   >
189   >   =   <   <   <
190   >   =   <   <   =
191   >   =   <   <   >
192   >   =   <   =   <
193   >   =   <   =   =
194   >   =   <   =   >
195   >   =   <   >   <
196   >   =   <   >   =
197   >   =   <   >   >
198   >   =   =   <   <
199   >   =   =   <   =
200   >   =   =   <   >
201   >   =   =   =   <
202   >   =   =   =   =
203   >   =   =   =   >
204   >   =   =   >   <
205   >   =   =   >   =
206   >   =   =   >   >
207   >   =   >   <   <   7+
208   >   =   >   <   =
209   >   =   >   <   >   6-
210   >   =   >   =   <
211   >   =   >   =   =
212   >   =   >   =   >
213   >   =   >   >   <
214   >   =   >   >   =
215   >   =   >   >   >
216   >   >   <   <   <
217   >   >   <   <   =   5+
218   >   >   <   <   >
219   >   >   <   =   <
220   >   >   <   =   =
221   >   >   <   =   >   4-
222   >   >   <   >   <
223   >   >   <   >   =
224   >   >   <   >   >
225   >   >   =   <   <
226   >   >   =   <   =
227   >   >   =   <   >
228   >   >   =   =   <
229   >   >   =   =   =
230   >   >   =   =   >   3+
231   >   >   =   >   <
232   >   >   =   >   =
233   >   >   =   >   >
234   >   >   >   <   <   2-
235   >   >   >   <   =
236   >   >   >   <   >
237   >   >   >   =   <
238   >   >   >   =   =   1-
239   >   >   >   =   >
240   >   >   >   >   <
241   >   >   >   >   =   0+
242   >   >   >   >   >

Test 0-:
    W0: [ 0,  3,  5,  7,  8] < [ 1,  2,  4,  6,  9]
    W1: [ 0,  3,  5,  9, 10, 11, 13, 18, 20, 21, 23] < [ 1,  2,  4,  8, 12, 14, 15, 16, 17, 19, 22]
    W2: [ 0,  4,  7, 10, 11, 16, 17, 19, 22, 25, 26] < [ 1,  2,  5,  6, 18, 20, 21, 23, 24, 27, 28]
    W3: [ 0,  2,  6,  8, 14, 15, 22, 28, 29] < [ 5,  7, 11, 12, 16, 17, 21, 23, 24]
    W4: [ 2,  3, 10, 12, 15, 17, 18, 21, 25, 27] = [ 4,  6,  7,  8, 11, 14, 16, 20, 23, 24]
    Truth table row=[<, <, <, <, =] ix=1 result=[0-] is correct

Test 0+:
    W0: [ 0,  3,  5,  7,  8] > [ 1,  2,  4,  6,  9]
    W1: [ 0,  3,  5,  9, 10, 11, 13, 18, 20, 21, 23] > [ 1,  2,  4,  8, 12, 14, 15, 16, 17, 19, 22]
    W2: [ 0,  4,  7, 10, 11, 16, 17, 19, 22, 25, 26] > [ 1,  2,  5,  6, 18, 20, 21, 23, 24, 27, 28]
    W3: [ 0,  2,  6,  8, 14, 15, 22, 28, 29] > [ 5,  7, 11, 12, 16, 17, 21, 23, 24]
    W4: [ 2,  3, 10, 12, 15, 17, 18, 21, 25, 27] = [ 4,  6,  7,  8, 11, 14, 16, 20, 23, 24]
    Truth table row=[>, >, >, >, =] ix=241 result=[0+] is correct

Test 1-:
    W0: [ 0,  3,  5,  7,  8] > [ 1,  2,  4,  6,  9]
    W1: [ 0,  3,  5,  9, 10, 11, 13, 18, 20, 21, 23] > [ 1,  2,  4,  8, 12, 14, 15, 16, 17, 19, 22]
    W2: [ 0,  4,  7, 10, 11, 16, 17, 19, 22, 25, 26] > [ 1,  2,  5,  6, 18, 20, 21, 23, 24, 27, 28]
    W3: [ 0,  2,  6,  8, 14, 15, 22, 28, 29] = [ 5,  7, 11, 12, 16, 17, 21, 23, 24]
    W4: [ 2,  3, 10, 12, 15, 17, 18, 21, 25, 27] = [ 4,  6,  7,  8, 11, 14, 16, 20, 23, 24]
    Truth table row=[>, >, >, =, =] ix=238 result=[1-] is correct

Test 1+:
    W0: [ 0,  3,  5,  7,  8] < [ 1,  2,  4,  6,  9]
    W1: [ 0,  3,  5,  9, 10, 11, 13, 18, 20, 21, 23] < [ 1,  2,  4,  8, 12, 14, 15, 16, 17, 19, 22]
    W2: [ 0,  4,  7, 10, 11, 16, 17, 19, 22, 25, 26] < [ 1,  2,  5,  6, 18, 20, 21, 23, 24, 27, 28]
    W3: [ 0,  2,  6,  8, 14, 15, 22, 28, 29] = [ 5,  7, 11, 12, 16, 17, 21, 23, 24]
    W4: [ 2,  3, 10, 12, 15, 17, 18, 21, 25, 27] = [ 4,  6,  7,  8, 11, 14, 16, 20, 23, 24]
    Truth table row=[<, <, <, =, =] ix=4 result=[1+] is correct

Test 2-:
    W0: [ 0,  3,  5,  7,  8] > [ 1,  2,  4,  6,  9]
    W1: [ 0,  3,  5,  9, 10, 11, 13, 18, 20, 21, 23] > [ 1,  2,  4,  8, 12, 14, 15, 16, 17, 19, 22]
    W2: [ 0,  4,  7, 10, 11, 16, 17, 19, 22, 25, 26] > [ 1,  2,  5,  6, 18, 20, 21, 23, 24, 27, 28]
    W3: [ 0,  2,  6,  8, 14, 15, 22, 28, 29] < [ 5,  7, 11, 12, 16, 17, 21, 23, 24]
    W4: [ 2,  3, 10, 12, 15, 17, 18, 21, 25, 27] < [ 4,  6,  7,  8, 11, 14, 16, 20, 23, 24]
    Truth table row=[>, >, >, <, <] ix=234 result=[2-] is correct

Test 2+:
    W0: [ 0,  3,  5,  7,  8] < [ 1,  2,  4,  6,  9]
    W1: [ 0,  3,  5,  9, 10, 11, 13, 18, 20, 21, 23] < [ 1,  2,  4,  8, 12, 14, 15, 16, 17, 19, 22]
    W2: [ 0,  4,  7, 10, 11, 16, 17, 19, 22, 25, 26] < [ 1,  2,  5,  6, 18, 20, 21, 23, 24, 27, 28]
    W3: [ 0,  2,  6,  8, 14, 15, 22, 28, 29] > [ 5,  7, 11, 12, 16, 17, 21, 23, 24]
    W4: [ 2,  3, 10, 12, 15, 17, 18, 21, 25, 27] > [ 4,  6,  7,  8, 11, 14, 16, 20, 23, 24]
    Truth table row=[<, <, <, >, >] ix=8 result=[2+] is correct

Test 3-:
    W0: [ 0,  3,  5,  7,  8] < [ 1,  2,  4,  6,  9]
    W1: [ 0,  3,  5,  9, 10, 11, 13, 18, 20, 21, 23] < [ 1,  2,  4,  8, 12, 14, 15, 16, 17, 19, 22]
    W2: [ 0,  4,  7, 10, 11, 16, 17, 19, 22, 25, 26] = [ 1,  2,  5,  6, 18, 20, 21, 23, 24, 27, 28]
    W3: [ 0,  2,  6,  8, 14, 15, 22, 28, 29] = [ 5,  7, 11, 12, 16, 17, 21, 23, 24]
    W4: [ 2,  3, 10, 12, 15, 17, 18, 21, 25, 27] < [ 4,  6,  7,  8, 11, 14, 16, 20, 23, 24]
    Truth table row=[<, <, =, =, <] ix=12 result=[3-] is correct

Test 3+:
    W0: [ 0,  3,  5,  7,  8] > [ 1,  2,  4,  6,  9]
    W1: [ 0,  3,  5,  9, 10, 11, 13, 18, 20, 21, 23] > [ 1,  2,  4,  8, 12, 14, 15, 16, 17, 19, 22]
    W2: [ 0,  4,  7, 10, 11, 16, 17, 19, 22, 25, 26] = [ 1,  2,  5,  6, 18, 20, 21, 23, 24, 27, 28]
    W3: [ 0,  2,  6,  8, 14, 15, 22, 28, 29] = [ 5,  7, 11, 12, 16, 17, 21, 23, 24]
    W4: [ 2,  3, 10, 12, 15, 17, 18, 21, 25, 27] > [ 4,  6,  7,  8, 11, 14, 16, 20, 23, 24]
    Truth table row=[>, >, =, =, >] ix=230 result=[3+] is correct

Test 4-:
    W0: [ 0,  3,  5,  7,  8] > [ 1,  2,  4,  6,  9]
    W1: [ 0,  3,  5,  9, 10, 11, 13, 18, 20, 21, 23] > [ 1,  2,  4,  8, 12, 14, 15, 16, 17, 19, 22]
    W2: [ 0,  4,  7, 10, 11, 16, 17, 19, 22, 25, 26] < [ 1,  2,  5,  6, 18, 20, 21, 23, 24, 27, 28]
    W3: [ 0,  2,  6,  8, 14, 15, 22, 28, 29] = [ 5,  7, 11, 12, 16, 17, 21, 23, 24]
    W4: [ 2,  3, 10, 12, 15, 17, 18, 21, 25, 27] > [ 4,  6,  7,  8, 11, 14, 16, 20, 23, 24]
    Truth table row=[>, >, <, =, >] ix=221 result=[4-] is correct

Test 4+:
    W0: [ 0,  3,  5,  7,  8] < [ 1,  2,  4,  6,  9]
    W1: [ 0,  3,  5,  9, 10, 11, 13, 18, 20, 21, 23] < [ 1,  2,  4,  8, 12, 14, 15, 16, 17, 19, 22]
    W2: [ 0,  4,  7, 10, 11, 16, 17, 19, 22, 25, 26] > [ 1,  2,  5,  6, 18, 20, 21, 23, 24, 27, 28]
    W3: [ 0,  2,  6,  8, 14, 15, 22, 28, 29] = [ 5,  7, 11, 12, 16, 17, 21, 23, 24]
    W4: [ 2,  3, 10, 12, 15, 17, 18, 21, 25, 27] < [ 4,  6,  7,  8, 11, 14, 16, 20, 23, 24]
    Truth table row=[<, <, >, =, <] ix=21 result=[4+] is correct

Test 5-:
    W0: [ 0,  3,  5,  7,  8] < [ 1,  2,  4,  6,  9]
    W1: [ 0,  3,  5,  9, 10, 11, 13, 18, 20, 21, 23] < [ 1,  2,  4,  8, 12, 14, 15, 16, 17, 19, 22]
    W2: [ 0,  4,  7, 10, 11, 16, 17, 19, 22, 25, 26] > [ 1,  2,  5,  6, 18, 20, 21, 23, 24, 27, 28]
    W3: [ 0,  2,  6,  8, 14, 15, 22, 28, 29] > [ 5,  7, 11, 12, 16, 17, 21, 23, 24]
    W4: [ 2,  3, 10, 12, 15, 17, 18, 21, 25, 27] = [ 4,  6,  7,  8, 11, 14, 16, 20, 23, 24]
    Truth table row=[<, <, >, >, =] ix=25 result=[5-] is correct

Test 5+:
    W0: [ 0,  3,  5,  7,  8] > [ 1,  2,  4,  6,  9]
    W1: [ 0,  3,  5,  9, 10, 11, 13, 18, 20, 21, 23] > [ 1,  2,  4,  8, 12, 14, 15, 16, 17, 19, 22]
    W2: [ 0,  4,  7, 10, 11, 16, 17, 19, 22, 25, 26] < [ 1,  2,  5,  6, 18, 20, 21, 23, 24, 27, 28]
    W3: [ 0,  2,  6,  8, 14, 15, 22, 28, 29] < [ 5,  7, 11, 12, 16, 17, 21, 23, 24]
    W4: [ 2,  3, 10, 12, 15, 17, 18, 21, 25, 27] = [ 4,  6,  7,  8, 11, 14, 16, 20, 23, 24]
    Truth table row=[>, >, <, <, =] ix=217 result=[5+] is correct

Test 6-:
    W0: [ 0,  3,  5,  7,  8] > [ 1,  2,  4,  6,  9]
    W1: [ 0,  3,  5,  9, 10, 11, 13, 18, 20, 21, 23] = [ 1,  2,  4,  8, 12, 14, 15, 16, 17, 19, 22]
    W2: [ 0,  4,  7, 10, 11, 16, 17, 19, 22, 25, 26] > [ 1,  2,  5,  6, 18, 20, 21, 23, 24, 27, 28]
    W3: [ 0,  2,  6,  8, 14, 15, 22, 28, 29] < [ 5,  7, 11, 12, 16, 17, 21, 23, 24]
    W4: [ 2,  3, 10, 12, 15, 17, 18, 21, 25, 27] > [ 4,  6,  7,  8, 11, 14, 16, 20, 23, 24]
    Truth table row=[>, =, >, <, >] ix=209 result=[6-] is correct

Test 6+:
    W0: [ 0,  3,  5,  7,  8] < [ 1,  2,  4,  6,  9]
    W1: [ 0,  3,  5,  9, 10, 11, 13, 18, 20, 21, 23] = [ 1,  2,  4,  8, 12, 14, 15, 16, 17, 19, 22]
    W2: [ 0,  4,  7, 10, 11, 16, 17, 19, 22, 25, 26] < [ 1,  2,  5,  6, 18, 20, 21, 23, 24, 27, 28]
    W3: [ 0,  2,  6,  8, 14, 15, 22, 28, 29] > [ 5,  7, 11, 12, 16, 17, 21, 23, 24]
    W4: [ 2,  3, 10, 12, 15, 17, 18, 21, 25, 27] < [ 4,  6,  7,  8, 11, 14, 16, 20, 23, 24]
    Truth table row=[<, =, <, >, <] ix=33 result=[6+] is correct

Test 7-:
    W0: [ 0,  3,  5,  7,  8] < [ 1,  2,  4,  6,  9]
    W1: [ 0,  3,  5,  9, 10, 11, 13, 18, 20, 21, 23] = [ 1,  2,  4,  8, 12, 14, 15, 16, 17, 19, 22]
    W2: [ 0,  4,  7, 10, 11, 16, 17, 19, 22, 25, 26] < [ 1,  2,  5,  6, 18, 20, 21, 23, 24, 27, 28]
    W3: [ 0,  2,  6,  8, 14, 15, 22, 28, 29] > [ 5,  7, 11, 12, 16, 17, 21, 23, 24]
    W4: [ 2,  3, 10, 12, 15, 17, 18, 21, 25, 27] > [ 4,  6,  7,  8, 11, 14, 16, 20, 23, 24]
    Truth table row=[<, =, <, >, >] ix=35 result=[7-] is correct

Test 7+:
    W0: [ 0,  3,  5,  7,  8] > [ 1,  2,  4,  6,  9]
    W1: [ 0,  3,  5,  9, 10, 11, 13, 18, 20, 21, 23] = [ 1,  2,  4,  8, 12, 14, 15, 16, 17, 19, 22]
    W2: [ 0,  4,  7, 10, 11, 16, 17, 19, 22, 25, 26] > [ 1,  2,  5,  6, 18, 20, 21, 23, 24, 27, 28]
    W3: [ 0,  2,  6,  8, 14, 15, 22, 28, 29] < [ 5,  7, 11, 12, 16, 17, 21, 23, 24]
    W4: [ 2,  3, 10, 12, 15, 17, 18, 21, 25, 27] < [ 4,  6,  7,  8, 11, 14, 16, 20, 23, 24]
    Truth table row=[>, =, >, <, <] ix=207 result=[7+] is correct

Test 8-:
    W0: [ 0,  3,  5,  7,  8] < [ 1,  2,  4,  6,  9]
    W1: [ 0,  3,  5,  9, 10, 11, 13, 18, 20, 21, 23] > [ 1,  2,  4,  8, 12, 14, 15, 16, 17, 19, 22]
    W2: [ 0,  4,  7, 10, 11, 16, 17, 19, 22, 25, 26] = [ 1,  2,  5,  6, 18, 20, 21, 23, 24, 27, 28]
    W3: [ 0,  2,  6,  8, 14, 15, 22, 28, 29] < [ 5,  7, 11, 12, 16, 17, 21, 23, 24]
    W4: [ 2,  3, 10, 12, 15, 17, 18, 21, 25, 27] > [ 4,  6,  7,  8, 11, 14, 16, 20, 23, 24]
    Truth table row=[<, >, =, <, >] ix=65 result=[8-] is correct

Test 8+:
    W0: [ 0,  3,  5,  7,  8] > [ 1,  2,  4,  6,  9]
    W1: [ 0,  3,  5,  9, 10, 11, 13, 18, 20, 21, 23] < [ 1,  2,  4,  8, 12, 14, 15, 16, 17, 19, 22]
    W2: [ 0,  4,  7, 10, 11, 16, 17, 19, 22, 25, 26] = [ 1,  2,  5,  6, 18, 20, 21, 23, 24, 27, 28]
    W3: [ 0,  2,  6,  8, 14, 15, 22, 28, 29] > [ 5,  7, 11, 12, 16, 17, 21, 23, 24]
    W4: [ 2,  3, 10, 12, 15, 17, 18, 21, 25, 27] < [ 4,  6,  7,  8, 11, 14, 16, 20, 23, 24]
    Truth table row=[>, <, =, >, <] ix=177 result=[8+] is correct

Test 9-:
    W0: [ 0,  3,  5,  7,  8] > [ 1,  2,  4,  6,  9]
    W1: [ 0,  3,  5,  9, 10, 11, 13, 18, 20, 21, 23] < [ 1,  2,  4,  8, 12, 14, 15, 16, 17, 19, 22]
    W2: [ 0,  4,  7, 10, 11, 16, 17, 19, 22, 25, 26] = [ 1,  2,  5,  6, 18, 20, 21, 23, 24, 27, 28]
    W3: [ 0,  2,  6,  8, 14, 15, 22, 28, 29] = [ 5,  7, 11, 12, 16, 17, 21, 23, 24]
    W4: [ 2,  3, 10, 12, 15, 17, 18, 21, 25, 27] = [ 4,  6,  7,  8, 11, 14, 16, 20, 23, 24]
    Truth table row=[>, <, =, =, =] ix=175 result=[9-] is correct

Test 9+:
    W0: [ 0,  3,  5,  7,  8] < [ 1,  2,  4,  6,  9]
    W1: [ 0,  3,  5,  9, 10, 11, 13, 18, 20, 21, 23] > [ 1,  2,  4,  8, 12, 14, 15, 16, 17, 19, 22]
    W2: [ 0,  4,  7, 10, 11, 16, 17, 19, 22, 25, 26] = [ 1,  2,  5,  6, 18, 20, 21, 23, 24, 27, 28]
    W3: [ 0,  2,  6,  8, 14, 15, 22, 28, 29] = [ 5,  7, 11, 12, 16, 17, 21, 23, 24]
    W4: [ 2,  3, 10, 12, 15, 17, 18, 21, 25, 27] = [ 4,  6,  7,  8, 11, 14, 16, 20, 23, 24]
    Truth table row=[<, >, =, =, =] ix=67 result=[9+] is correct

Test 10-:
    W0: [ 0,  3,  5,  7,  8] = [ 1,  2,  4,  6,  9]
    W1: [ 0,  3,  5,  9, 10, 11, 13, 18, 20, 21, 23] < [ 1,  2,  4,  8, 12, 14, 15, 16, 17, 19, 22]
    W2: [ 0,  4,  7, 10, 11, 16, 17, 19, 22, 25, 26] < [ 1,  2,  5,  6, 18, 20, 21, 23, 24, 27, 28]
    W3: [ 0,  2,  6,  8, 14, 15, 22, 28, 29] = [ 5,  7, 11, 12, 16, 17, 21, 23, 24]
    W4: [ 2,  3, 10, 12, 15, 17, 18, 21, 25, 27] < [ 4,  6,  7,  8, 11, 14, 16, 20, 23, 24]
    Truth table row=[=, <, <, =, <] ix=84 result=[10-] is correct

Test 10+:
    W0: [ 0,  3,  5,  7,  8] = [ 1,  2,  4,  6,  9]
    W1: [ 0,  3,  5,  9, 10, 11, 13, 18, 20, 21, 23] > [ 1,  2,  4,  8, 12, 14, 15, 16, 17, 19, 22]
    W2: [ 0,  4,  7, 10, 11, 16, 17, 19, 22, 25, 26] > [ 1,  2,  5,  6, 18, 20, 21, 23, 24, 27, 28]
    W3: [ 0,  2,  6,  8, 14, 15, 22, 28, 29] = [ 5,  7, 11, 12, 16, 17, 21, 23, 24]
    W4: [ 2,  3, 10, 12, 15, 17, 18, 21, 25, 27] > [ 4,  6,  7,  8, 11, 14, 16, 20, 23, 24]
    Truth table row=[=, >, >, =, >] ix=158 result=[10+] is correct

Test 11-:
    W0: [ 0,  3,  5,  7,  8] = [ 1,  2,  4,  6,  9]
    W1: [ 0,  3,  5,  9, 10, 11, 13, 18, 20, 21, 23] < [ 1,  2,  4,  8, 12, 14, 15, 16, 17, 19, 22]
    W2: [ 0,  4,  7, 10, 11, 16, 17, 19, 22, 25, 26] < [ 1,  2,  5,  6, 18, 20, 21, 23, 24, 27, 28]
    W3: [ 0,  2,  6,  8, 14, 15, 22, 28, 29] > [ 5,  7, 11, 12, 16, 17, 21, 23, 24]
    W4: [ 2,  3, 10, 12, 15, 17, 18, 21, 25, 27] > [ 4,  6,  7,  8, 11, 14, 16, 20, 23, 24]
    Truth table row=[=, <, <, >, >] ix=89 result=[11-] is correct

Test 11+:
    W0: [ 0,  3,  5,  7,  8] = [ 1,  2,  4,  6,  9]
    W1: [ 0,  3,  5,  9, 10, 11, 13, 18, 20, 21, 23] > [ 1,  2,  4,  8, 12, 14, 15, 16, 17, 19, 22]
    W2: [ 0,  4,  7, 10, 11, 16, 17, 19, 22, 25, 26] > [ 1,  2,  5,  6, 18, 20, 21, 23, 24, 27, 28]
    W3: [ 0,  2,  6,  8, 14, 15, 22, 28, 29] < [ 5,  7, 11, 12, 16, 17, 21, 23, 24]
    W4: [ 2,  3, 10, 12, 15, 17, 18, 21, 25, 27] < [ 4,  6,  7,  8, 11, 14, 16, 20, 23, 24]
    Truth table row=[=, >, >, <, <] ix=153 result=[11+] is correct

Test 12-:
    W0: [ 0,  3,  5,  7,  8] = [ 1,  2,  4,  6,  9]
    W1: [ 0,  3,  5,  9, 10, 11, 13, 18, 20, 21, 23] > [ 1,  2,  4,  8, 12, 14, 15, 16, 17, 19, 22]
    W2: [ 0,  4,  7, 10, 11, 16, 17, 19, 22, 25, 26] = [ 1,  2,  5,  6, 18, 20, 21, 23, 24, 27, 28]
    W3: [ 0,  2,  6,  8, 14, 15, 22, 28, 29] > [ 5,  7, 11, 12, 16, 17, 21, 23, 24]
    W4: [ 2,  3, 10, 12, 15, 17, 18, 21, 25, 27] < [ 4,  6,  7,  8, 11, 14, 16, 20, 23, 24]
    Truth table row=[=, >, =, >, <] ix=150 result=[12-] is correct

Test 12+:
    W0: [ 0,  3,  5,  7,  8] = [ 1,  2,  4,  6,  9]
    W1: [ 0,  3,  5,  9, 10, 11, 13, 18, 20, 21, 23] < [ 1,  2,  4,  8, 12, 14, 15, 16, 17, 19, 22]
    W2: [ 0,  4,  7, 10, 11, 16, 17, 19, 22, 25, 26] = [ 1,  2,  5,  6, 18, 20, 21, 23, 24, 27, 28]
    W3: [ 0,  2,  6,  8, 14, 15, 22, 28, 29] < [ 5,  7, 11, 12, 16, 17, 21, 23, 24]
    W4: [ 2,  3, 10, 12, 15, 17, 18, 21, 25, 27] > [ 4,  6,  7,  8, 11, 14, 16, 20, 23, 24]
    Truth table row=[=, <, =, <, >] ix=92 result=[12+] is correct

Test 13-:
    W0: [ 0,  3,  5,  7,  8] = [ 1,  2,  4,  6,  9]
    W1: [ 0,  3,  5,  9, 10, 11, 13, 18, 20, 21, 23] < [ 1,  2,  4,  8, 12, 14, 15, 16, 17, 19, 22]
    W2: [ 0,  4,  7, 10, 11, 16, 17, 19, 22, 25, 26] = [ 1,  2,  5,  6, 18, 20, 21, 23, 24, 27, 28]
    W3: [ 0,  2,  6,  8, 14, 15, 22, 28, 29] = [ 5,  7, 11, 12, 16, 17, 21, 23, 24]
    W4: [ 2,  3, 10, 12, 15, 17, 18, 21, 25, 27] = [ 4,  6,  7,  8, 11, 14, 16, 20, 23, 24]
    Truth table row=[=, <, =, =, =] ix=94 result=[13-] is correct

Test 13+:
    W0: [ 0,  3,  5,  7,  8] = [ 1,  2,  4,  6,  9]
    W1: [ 0,  3,  5,  9, 10, 11, 13, 18, 20, 21, 23] > [ 1,  2,  4,  8, 12, 14, 15, 16, 17, 19, 22]
    W2: [ 0,  4,  7, 10, 11, 16, 17, 19, 22, 25, 26] = [ 1,  2,  5,  6, 18, 20, 21, 23, 24, 27, 28]
    W3: [ 0,  2,  6,  8, 14, 15, 22, 28, 29] = [ 5,  7, 11, 12, 16, 17, 21, 23, 24]
    W4: [ 2,  3, 10, 12, 15, 17, 18, 21, 25, 27] = [ 4,  6,  7,  8, 11, 14, 16, 20, 23, 24]
    Truth table row=[=, >, =, =, =] ix=148 result=[13+] is correct

Test 14-:
    W0: [ 0,  3,  5,  7,  8] = [ 1,  2,  4,  6,  9]
    W1: [ 0,  3,  5,  9, 10, 11, 13, 18, 20, 21, 23] > [ 1,  2,  4,  8, 12, 14, 15, 16, 17, 19, 22]
    W2: [ 0,  4,  7, 10, 11, 16, 17, 19, 22, 25, 26] = [ 1,  2,  5,  6, 18, 20, 21, 23, 24, 27, 28]
    W3: [ 0,  2,  6,  8, 14, 15, 22, 28, 29] < [ 5,  7, 11, 12, 16, 17, 21, 23, 24]
    W4: [ 2,  3, 10, 12, 15, 17, 18, 21, 25, 27] > [ 4,  6,  7,  8, 11, 14, 16, 20, 23, 24]
    Truth table row=[=, >, =, <, >] ix=146 result=[14-] is correct

Test 14+:
    W0: [ 0,  3,  5,  7,  8] = [ 1,  2,  4,  6,  9]
    W1: [ 0,  3,  5,  9, 10, 11, 13, 18, 20, 21, 23] < [ 1,  2,  4,  8, 12, 14, 15, 16, 17, 19, 22]
    W2: [ 0,  4,  7, 10, 11, 16, 17, 19, 22, 25, 26] = [ 1,  2,  5,  6, 18, 20, 21, 23, 24, 27, 28]
    W3: [ 0,  2,  6,  8, 14, 15, 22, 28, 29] > [ 5,  7, 11, 12, 16, 17, 21, 23, 24]
    W4: [ 2,  3, 10, 12, 15, 17, 18, 21, 25, 27] < [ 4,  6,  7,  8, 11, 14, 16, 20, 23, 24]
    Truth table row=[=, <, =, >, <] ix=96 result=[14+] is correct

Test 15-:
    W0: [ 0,  3,  5,  7,  8] = [ 1,  2,  4,  6,  9]
    W1: [ 0,  3,  5,  9, 10, 11, 13, 18, 20, 21, 23] > [ 1,  2,  4,  8, 12, 14, 15, 16, 17, 19, 22]
    W2: [ 0,  4,  7, 10, 11, 16, 17, 19, 22, 25, 26] = [ 1,  2,  5,  6, 18, 20, 21, 23, 24, 27, 28]
    W3: [ 0,  2,  6,  8, 14, 15, 22, 28, 29] < [ 5,  7, 11, 12, 16, 17, 21, 23, 24]
    W4: [ 2,  3, 10, 12, 15, 17, 18, 21, 25, 27] < [ 4,  6,  7,  8, 11, 14, 16, 20, 23, 24]
    Truth table row=[=, >, =, <, <] ix=144 result=[15-] is correct

Test 15+:
    W0: [ 0,  3,  5,  7,  8] = [ 1,  2,  4,  6,  9]
    W1: [ 0,  3,  5,  9, 10, 11, 13, 18, 20, 21, 23] < [ 1,  2,  4,  8, 12, 14, 15, 16, 17, 19, 22]
    W2: [ 0,  4,  7, 10, 11, 16, 17, 19, 22, 25, 26] = [ 1,  2,  5,  6, 18, 20, 21, 23, 24, 27, 28]
    W3: [ 0,  2,  6,  8, 14, 15, 22, 28, 29] > [ 5,  7, 11, 12, 16, 17, 21, 23, 24]
    W4: [ 2,  3, 10, 12, 15, 17, 18, 21, 25, 27] > [ 4,  6,  7,  8, 11, 14, 16, 20, 23, 24]
    Truth table row=[=, <, =, >, >] ix=98 result=[15+] is correct

Test 16-:
    W0: [ 0,  3,  5,  7,  8] = [ 1,  2,  4,  6,  9]
    W1: [ 0,  3,  5,  9, 10, 11, 13, 18, 20, 21, 23] > [ 1,  2,  4,  8, 12, 14, 15, 16, 17, 19, 22]
    W2: [ 0,  4,  7, 10, 11, 16, 17, 19, 22, 25, 26] < [ 1,  2,  5,  6, 18, 20, 21, 23, 24, 27, 28]
    W3: [ 0,  2,  6,  8, 14, 15, 22, 28, 29] > [ 5,  7, 11, 12, 16, 17, 21, 23, 24]
    W4: [ 2,  3, 10, 12, 15, 17, 18, 21, 25, 27] > [ 4,  6,  7,  8, 11, 14, 16, 20, 23, 24]
    Truth table row=[=, >, <, >, >] ix=143 result=[16-] is correct

Test 16+:
    W0: [ 0,  3,  5,  7,  8] = [ 1,  2,  4,  6,  9]
    W1: [ 0,  3,  5,  9, 10, 11, 13, 18, 20, 21, 23] < [ 1,  2,  4,  8, 12, 14, 15, 16, 17, 19, 22]
    W2: [ 0,  4,  7, 10, 11, 16, 17, 19, 22, 25, 26] > [ 1,  2,  5,  6, 18, 20, 21, 23, 24, 27, 28]
    W3: [ 0,  2,  6,  8, 14, 15, 22, 28, 29] < [ 5,  7, 11, 12, 16, 17, 21, 23, 24]
    W4: [ 2,  3, 10, 12, 15, 17, 18, 21, 25, 27] < [ 4,  6,  7,  8, 11, 14, 16, 20, 23, 24]
    Truth table row=[=, <, >, <, <] ix=99 result=[16+] is correct

Test 17-:
    W0: [ 0,  3,  5,  7,  8] = [ 1,  2,  4,  6,  9]
    W1: [ 0,  3,  5,  9, 10, 11, 13, 18, 20, 21, 23] > [ 1,  2,  4,  8, 12, 14, 15, 16, 17, 19, 22]
    W2: [ 0,  4,  7, 10, 11, 16, 17, 19, 22, 25, 26] < [ 1,  2,  5,  6, 18, 20, 21, 23, 24, 27, 28]
    W3: [ 0,  2,  6,  8, 14, 15, 22, 28, 29] > [ 5,  7, 11, 12, 16, 17, 21, 23, 24]
    W4: [ 2,  3, 10, 12, 15, 17, 18, 21, 25, 27] < [ 4,  6,  7,  8, 11, 14, 16, 20, 23, 24]
    Truth table row=[=, >, <, >, <] ix=141 result=[17-] is correct

Test 17+:
    W0: [ 0,  3,  5,  7,  8] = [ 1,  2,  4,  6,  9]
    W1: [ 0,  3,  5,  9, 10, 11, 13, 18, 20, 21, 23] < [ 1,  2,  4,  8, 12, 14, 15, 16, 17, 19, 22]
    W2: [ 0,  4,  7, 10, 11, 16, 17, 19, 22, 25, 26] > [ 1,  2,  5,  6, 18, 20, 21, 23, 24, 27, 28]
    W3: [ 0,  2,  6,  8, 14, 15, 22, 28, 29] < [ 5,  7, 11, 12, 16, 17, 21, 23, 24]
    W4: [ 2,  3, 10, 12, 15, 17, 18, 21, 25, 27] > [ 4,  6,  7,  8, 11, 14, 16, 20, 23, 24]
    Truth table row=[=, <, >, <, >] ix=101 result=[17+] is correct

Test 18-:
    W0: [ 0,  3,  5,  7,  8] = [ 1,  2,  4,  6,  9]
    W1: [ 0,  3,  5,  9, 10, 11, 13, 18, 20, 21, 23] < [ 1,  2,  4,  8, 12, 14, 15, 16, 17, 19, 22]
    W2: [ 0,  4,  7, 10, 11, 16, 17, 19, 22, 25, 26] > [ 1,  2,  5,  6, 18, 20, 21, 23, 24, 27, 28]
    W3: [ 0,  2,  6,  8, 14, 15, 22, 28, 29] = [ 5,  7, 11, 12, 16, 17, 21, 23, 24]
    W4: [ 2,  3, 10, 12, 15, 17, 18, 21, 25, 27] < [ 4,  6,  7,  8, 11, 14, 16, 20, 23, 24]
    Truth table row=[=, <, >, =, <] ix=102 result=[18-] is correct

Test 18+:
    W0: [ 0,  3,  5,  7,  8] = [ 1,  2,  4,  6,  9]
    W1: [ 0,  3,  5,  9, 10, 11, 13, 18, 20, 21, 23] > [ 1,  2,  4,  8, 12, 14, 15, 16, 17, 19, 22]
    W2: [ 0,  4,  7, 10, 11, 16, 17, 19, 22, 25, 26] < [ 1,  2,  5,  6, 18, 20, 21, 23, 24, 27, 28]
    W3: [ 0,  2,  6,  8, 14, 15, 22, 28, 29] = [ 5,  7, 11, 12, 16, 17, 21, 23, 24]
    W4: [ 2,  3, 10, 12, 15, 17, 18, 21, 25, 27] > [ 4,  6,  7,  8, 11, 14, 16, 20, 23, 24]
    Truth table row=[=, >, <, =, >] ix=140 result=[18+] is correct

Test 19-:
    W0: [ 0,  3,  5,  7,  8] = [ 1,  2,  4,  6,  9]
    W1: [ 0,  3,  5,  9, 10, 11, 13, 18, 20, 21, 23] > [ 1,  2,  4,  8, 12, 14, 15, 16, 17, 19, 22]
    W2: [ 0,  4,  7, 10, 11, 16, 17, 19, 22, 25, 26] < [ 1,  2,  5,  6, 18, 20, 21, 23, 24, 27, 28]
    W3: [ 0,  2,  6,  8, 14, 15, 22, 28, 29] = [ 5,  7, 11, 12, 16, 17, 21, 23, 24]
    W4: [ 2,  3, 10, 12, 15, 17, 18, 21, 25, 27] = [ 4,  6,  7,  8, 11, 14, 16, 20, 23, 24]
    Truth table row=[=, >, <, =, =] ix=139 result=[19-] is correct

Test 19+:
    W0: [ 0,  3,  5,  7,  8] = [ 1,  2,  4,  6,  9]
    W1: [ 0,  3,  5,  9, 10, 11, 13, 18, 20, 21, 23] < [ 1,  2,  4,  8, 12, 14, 15, 16, 17, 19, 22]
    W2: [ 0,  4,  7, 10, 11, 16, 17, 19, 22, 25, 26] > [ 1,  2,  5,  6, 18, 20, 21, 23, 24, 27, 28]
    W3: [ 0,  2,  6,  8, 14, 15, 22, 28, 29] = [ 5,  7, 11, 12, 16, 17, 21, 23, 24]
    W4: [ 2,  3, 10, 12, 15, 17, 18, 21, 25, 27] = [ 4,  6,  7,  8, 11, 14, 16, 20, 23, 24]
    Truth table row=[=, <, >, =, =] ix=103 result=[19+] is correct

Test 20-:
    W0: [ 0,  3,  5,  7,  8] = [ 1,  2,  4,  6,  9]
    W1: [ 0,  3,  5,  9, 10, 11, 13, 18, 20, 21, 23] < [ 1,  2,  4,  8, 12, 14, 15, 16, 17, 19, 22]
    W2: [ 0,  4,  7, 10, 11, 16, 17, 19, 22, 25, 26] > [ 1,  2,  5,  6, 18, 20, 21, 23, 24, 27, 28]
    W3: [ 0,  2,  6,  8, 14, 15, 22, 28, 29] = [ 5,  7, 11, 12, 16, 17, 21, 23, 24]
    W4: [ 2,  3, 10, 12, 15, 17, 18, 21, 25, 27] > [ 4,  6,  7,  8, 11, 14, 16, 20, 23, 24]
    Truth table row=[=, <, >, =, >] ix=104 result=[20-] is correct

Test 20+:
    W0: [ 0,  3,  5,  7,  8] = [ 1,  2,  4,  6,  9]
    W1: [ 0,  3,  5,  9, 10, 11, 13, 18, 20, 21, 23] > [ 1,  2,  4,  8, 12, 14, 15, 16, 17, 19, 22]
    W2: [ 0,  4,  7, 10, 11, 16, 17, 19, 22, 25, 26] < [ 1,  2,  5,  6, 18, 20, 21, 23, 24, 27, 28]
    W3: [ 0,  2,  6,  8, 14, 15, 22, 28, 29] = [ 5,  7, 11, 12, 16, 17, 21, 23, 24]
    W4: [ 2,  3, 10, 12, 15, 17, 18, 21, 25, 27] < [ 4,  6,  7,  8, 11, 14, 16, 20, 23, 24]
    Truth table row=[=, >, <, =, <] ix=138 result=[20+] is correct

Test 21-:
    W0: [ 0,  3,  5,  7,  8] = [ 1,  2,  4,  6,  9]
    W1: [ 0,  3,  5,  9, 10, 11, 13, 18, 20, 21, 23] < [ 1,  2,  4,  8, 12, 14, 15, 16, 17, 19, 22]
    W2: [ 0,  4,  7, 10, 11, 16, 17, 19, 22, 25, 26] > [ 1,  2,  5,  6, 18, 20, 21, 23, 24, 27, 28]
    W3: [ 0,  2,  6,  8, 14, 15, 22, 28, 29] > [ 5,  7, 11, 12, 16, 17, 21, 23, 24]
    W4: [ 2,  3, 10, 12, 15, 17, 18, 21, 25, 27] < [ 4,  6,  7,  8, 11, 14, 16, 20, 23, 24]
    Truth table row=[=, <, >, >, <] ix=105 result=[21-] is correct

Test 21+:
    W0: [ 0,  3,  5,  7,  8] = [ 1,  2,  4,  6,  9]
    W1: [ 0,  3,  5,  9, 10, 11, 13, 18, 20, 21, 23] > [ 1,  2,  4,  8, 12, 14, 15, 16, 17, 19, 22]
    W2: [ 0,  4,  7, 10, 11, 16, 17, 19, 22, 25, 26] < [ 1,  2,  5,  6, 18, 20, 21, 23, 24, 27, 28]
    W3: [ 0,  2,  6,  8, 14, 15, 22, 28, 29] < [ 5,  7, 11, 12, 16, 17, 21, 23, 24]
    W4: [ 2,  3, 10, 12, 15, 17, 18, 21, 25, 27] > [ 4,  6,  7,  8, 11, 14, 16, 20, 23, 24]
    Truth table row=[=, >, <, <, >] ix=137 result=[21+] is correct

Test 22-:
    W0: [ 0,  3,  5,  7,  8] = [ 1,  2,  4,  6,  9]
    W1: [ 0,  3,  5,  9, 10, 11, 13, 18, 20, 21, 23] > [ 1,  2,  4,  8, 12, 14, 15, 16, 17, 19, 22]
    W2: [ 0,  4,  7, 10, 11, 16, 17, 19, 22, 25, 26] < [ 1,  2,  5,  6, 18, 20, 21, 23, 24, 27, 28]
    W3: [ 0,  2,  6,  8, 14, 15, 22, 28, 29] < [ 5,  7, 11, 12, 16, 17, 21, 23, 24]
    W4: [ 2,  3, 10, 12, 15, 17, 18, 21, 25, 27] = [ 4,  6,  7,  8, 11, 14, 16, 20, 23, 24]
    Truth table row=[=, >, <, <, =] ix=136 result=[22-] is correct

Test 22+:
    W0: [ 0,  3,  5,  7,  8] = [ 1,  2,  4,  6,  9]
    W1: [ 0,  3,  5,  9, 10, 11, 13, 18, 20, 21, 23] < [ 1,  2,  4,  8, 12, 14, 15, 16, 17, 19, 22]
    W2: [ 0,  4,  7, 10, 11, 16, 17, 19, 22, 25, 26] > [ 1,  2,  5,  6, 18, 20, 21, 23, 24, 27, 28]
    W3: [ 0,  2,  6,  8, 14, 15, 22, 28, 29] > [ 5,  7, 11, 12, 16, 17, 21, 23, 24]
    W4: [ 2,  3, 10, 12, 15, 17, 18, 21, 25, 27] = [ 4,  6,  7,  8, 11, 14, 16, 20, 23, 24]
    Truth table row=[=, <, >, >, =] ix=106 result=[22+] is correct

Test 23-:
    W0: [ 0,  3,  5,  7,  8] = [ 1,  2,  4,  6,  9]
    W1: [ 0,  3,  5,  9, 10, 11, 13, 18, 20, 21, 23] < [ 1,  2,  4,  8, 12, 14, 15, 16, 17, 19, 22]
    W2: [ 0,  4,  7, 10, 11, 16, 17, 19, 22, 25, 26] > [ 1,  2,  5,  6, 18, 20, 21, 23, 24, 27, 28]
    W3: [ 0,  2,  6,  8, 14, 15, 22, 28, 29] > [ 5,  7, 11, 12, 16, 17, 21, 23, 24]
    W4: [ 2,  3, 10, 12, 15, 17, 18, 21, 25, 27] > [ 4,  6,  7,  8, 11, 14, 16, 20, 23, 24]
    Truth table row=[=, <, >, >, >] ix=107 result=[23-] is correct

Test 23+:
    W0: [ 0,  3,  5,  7,  8] = [ 1,  2,  4,  6,  9]
    W1: [ 0,  3,  5,  9, 10, 11, 13, 18, 20, 21, 23] > [ 1,  2,  4,  8, 12, 14, 15, 16, 17, 19, 22]
    W2: [ 0,  4,  7, 10, 11, 16, 17, 19, 22, 25, 26] < [ 1,  2,  5,  6, 18, 20, 21, 23, 24, 27, 28]
    W3: [ 0,  2,  6,  8, 14, 15, 22, 28, 29] < [ 5,  7, 11, 12, 16, 17, 21, 23, 24]
    W4: [ 2,  3, 10, 12, 15, 17, 18, 21, 25, 27] < [ 4,  6,  7,  8, 11, 14, 16, 20, 23, 24]
    Truth table row=[=, >, <, <, <] ix=135 result=[23+] is correct

Test 24-:
    W0: [ 0,  3,  5,  7,  8] = [ 1,  2,  4,  6,  9]
    W1: [ 0,  3,  5,  9, 10, 11, 13, 18, 20, 21, 23] = [ 1,  2,  4,  8, 12, 14, 15, 16, 17, 19, 22]
    W2: [ 0,  4,  7, 10, 11, 16, 17, 19, 22, 25, 26] > [ 1,  2,  5,  6, 18, 20, 21, 23, 24, 27, 28]
    W3: [ 0,  2,  6,  8, 14, 15, 22, 28, 29] > [ 5,  7, 11, 12, 16, 17, 21, 23, 24]
    W4: [ 2,  3, 10, 12, 15, 17, 18, 21, 25, 27] > [ 4,  6,  7,  8, 11, 14, 16, 20, 23, 24]
    Truth table row=[=, =, >, >, >] ix=134 result=[24-] is correct

Test 24+:
    W0: [ 0,  3,  5,  7,  8] = [ 1,  2,  4,  6,  9]
    W1: [ 0,  3,  5,  9, 10, 11, 13, 18, 20, 21, 23] = [ 1,  2,  4,  8, 12, 14, 15, 16, 17, 19, 22]
    W2: [ 0,  4,  7, 10, 11, 16, 17, 19, 22, 25, 26] < [ 1,  2,  5,  6, 18, 20, 21, 23, 24, 27, 28]
    W3: [ 0,  2,  6,  8, 14, 15, 22, 28, 29] < [ 5,  7, 11, 12, 16, 17, 21, 23, 24]
    W4: [ 2,  3, 10, 12, 15, 17, 18, 21, 25, 27] < [ 4,  6,  7,  8, 11, 14, 16, 20, 23, 24]
    Truth table row=[=, =, <, <, <] ix=108 result=[24+] is correct

Test 25-:
    W0: [ 0,  3,  5,  7,  8] = [ 1,  2,  4,  6,  9]
    W1: [ 0,  3,  5,  9, 10, 11, 13, 18, 20, 21, 23] = [ 1,  2,  4,  8, 12, 14, 15, 16, 17, 19, 22]
    W2: [ 0,  4,  7, 10, 11, 16, 17, 19, 22, 25, 26] < [ 1,  2,  5,  6, 18, 20, 21, 23, 24, 27, 28]
    W3: [ 0,  2,  6,  8, 14, 15, 22, 28, 29] = [ 5,  7, 11, 12, 16, 17, 21, 23, 24]
    W4: [ 2,  3, 10, 12, 15, 17, 18, 21, 25, 27] < [ 4,  6,  7,  8, 11, 14, 16, 20, 23, 24]
    Truth table row=[=, =, <, =, <] ix=111 result=[25-] is correct

Test 25+:
    W0: [ 0,  3,  5,  7,  8] = [ 1,  2,  4,  6,  9]
    W1: [ 0,  3,  5,  9, 10, 11, 13, 18, 20, 21, 23] = [ 1,  2,  4,  8, 12, 14, 15, 16, 17, 19, 22]
    W2: [ 0,  4,  7, 10, 11, 16, 17, 19, 22, 25, 26] > [ 1,  2,  5,  6, 18, 20, 21, 23, 24, 27, 28]
    W3: [ 0,  2,  6,  8, 14, 15, 22, 28, 29] = [ 5,  7, 11, 12, 16, 17, 21, 23, 24]
    W4: [ 2,  3, 10, 12, 15, 17, 18, 21, 25, 27] > [ 4,  6,  7,  8, 11, 14, 16, 20, 23, 24]
    Truth table row=[=, =, >, =, >] ix=131 result=[25+] is correct

Test 26-:
    W0: [ 0,  3,  5,  7,  8] = [ 1,  2,  4,  6,  9]
    W1: [ 0,  3,  5,  9, 10, 11, 13, 18, 20, 21, 23] = [ 1,  2,  4,  8, 12, 14, 15, 16, 17, 19, 22]
    W2: [ 0,  4,  7, 10, 11, 16, 17, 19, 22, 25, 26] < [ 1,  2,  5,  6, 18, 20, 21, 23, 24, 27, 28]
    W3: [ 0,  2,  6,  8, 14, 15, 22, 28, 29] = [ 5,  7, 11, 12, 16, 17, 21, 23, 24]
    W4: [ 2,  3, 10, 12, 15, 17, 18, 21, 25, 27] = [ 4,  6,  7,  8, 11, 14, 16, 20, 23, 24]
    Truth table row=[=, =, <, =, =] ix=112 result=[26-] is correct

Test 26+:
    W0: [ 0,  3,  5,  7,  8] = [ 1,  2,  4,  6,  9]
    W1: [ 0,  3,  5,  9, 10, 11, 13, 18, 20, 21, 23] = [ 1,  2,  4,  8, 12, 14, 15, 16, 17, 19, 22]
    W2: [ 0,  4,  7, 10, 11, 16, 17, 19, 22, 25, 26] > [ 1,  2,  5,  6, 18, 20, 21, 23, 24, 27, 28]
    W3: [ 0,  2,  6,  8, 14, 15, 22, 28, 29] = [ 5,  7, 11, 12, 16, 17, 21, 23, 24]
    W4: [ 2,  3, 10, 12, 15, 17, 18, 21, 25, 27] = [ 4,  6,  7,  8, 11, 14, 16, 20, 23, 24]
    Truth table row=[=, =, >, =, =] ix=130 result=[26+] is correct

Test 27-:
    W0: [ 0,  3,  5,  7,  8] = [ 1,  2,  4,  6,  9]
    W1: [ 0,  3,  5,  9, 10, 11, 13, 18, 20, 21, 23] = [ 1,  2,  4,  8, 12, 14, 15, 16, 17, 19, 22]
    W2: [ 0,  4,  7, 10, 11, 16, 17, 19, 22, 25, 26] > [ 1,  2,  5,  6, 18, 20, 21, 23, 24, 27, 28]
    W3: [ 0,  2,  6,  8, 14, 15, 22, 28, 29] = [ 5,  7, 11, 12, 16, 17, 21, 23, 24]
    W4: [ 2,  3, 10, 12, 15, 17, 18, 21, 25, 27] < [ 4,  6,  7,  8, 11, 14, 16, 20, 23, 24]
    Truth table row=[=, =, >, =, <] ix=129 result=[27-] is correct

Test 27+:
    W0: [ 0,  3,  5,  7,  8] = [ 1,  2,  4,  6,  9]
    W1: [ 0,  3,  5,  9, 10, 11, 13, 18, 20, 21, 23] = [ 1,  2,  4,  8, 12, 14, 15, 16, 17, 19, 22]
    W2: [ 0,  4,  7, 10, 11, 16, 17, 19, 22, 25, 26] < [ 1,  2,  5,  6, 18, 20, 21, 23, 24, 27, 28]
    W3: [ 0,  2,  6,  8, 14, 15, 22, 28, 29] = [ 5,  7, 11, 12, 16, 17, 21, 23, 24]
    W4: [ 2,  3, 10, 12, 15, 17, 18, 21, 25, 27] > [ 4,  6,  7,  8, 11, 14, 16, 20, 23, 24]
    Truth table row=[=, =, <, =, >] ix=113 result=[27+] is correct

Test 28-:
    W0: [ 0,  3,  5,  7,  8] = [ 1,  2,  4,  6,  9]
    W1: [ 0,  3,  5,  9, 10, 11, 13, 18, 20, 21, 23] = [ 1,  2,  4,  8, 12, 14, 15, 16, 17, 19, 22]
    W2: [ 0,  4,  7, 10, 11, 16, 17, 19, 22, 25, 26] > [ 1,  2,  5,  6, 18, 20, 21, 23, 24, 27, 28]
    W3: [ 0,  2,  6,  8, 14, 15, 22, 28, 29] < [ 5,  7, 11, 12, 16, 17, 21, 23, 24]
    W4: [ 2,  3, 10, 12, 15, 17, 18, 21, 25, 27] = [ 4,  6,  7,  8, 11, 14, 16, 20, 23, 24]
    Truth table row=[=, =, >, <, =] ix=127 result=[28-] is correct

Test 28+:
    W0: [ 0,  3,  5,  7,  8] = [ 1,  2,  4,  6,  9]
    W1: [ 0,  3,  5,  9, 10, 11, 13, 18, 20, 21, 23] = [ 1,  2,  4,  8, 12, 14, 15, 16, 17, 19, 22]
    W2: [ 0,  4,  7, 10, 11, 16, 17, 19, 22, 25, 26] < [ 1,  2,  5,  6, 18, 20, 21, 23, 24, 27, 28]
    W3: [ 0,  2,  6,  8, 14, 15, 22, 28, 29] > [ 5,  7, 11, 12, 16, 17, 21, 23, 24]
    W4: [ 2,  3, 10, 12, 15, 17, 18, 21, 25, 27] = [ 4,  6,  7,  8, 11, 14, 16, 20, 23, 24]
    Truth table row=[=, =, <, >, =] ix=115 result=[28+] is correct

Test 29-:
    W0: [ 0,  3,  5,  7,  8] = [ 1,  2,  4,  6,  9]
    W1: [ 0,  3,  5,  9, 10, 11, 13, 18, 20, 21, 23] = [ 1,  2,  4,  8, 12, 14, 15, 16, 17, 19, 22]
    W2: [ 0,  4,  7, 10, 11, 16, 17, 19, 22, 25, 26] = [ 1,  2,  5,  6, 18, 20, 21, 23, 24, 27, 28]
    W3: [ 0,  2,  6,  8, 14, 15, 22, 28, 29] < [ 5,  7, 11, 12, 16, 17, 21, 23, 24]
    W4: [ 2,  3, 10, 12, 15, 17, 18, 21, 25, 27] = [ 4,  6,  7,  8, 11, 14, 16, 20, 23, 24]
    Truth table row=[=, =, =, <, =] ix=118 result=[29-] is correct

Test 29+:
    W0: [ 0,  3,  5,  7,  8] = [ 1,  2,  4,  6,  9]
    W1: [ 0,  3,  5,  9, 10, 11, 13, 18, 20, 21, 23] = [ 1,  2,  4,  8, 12, 14, 15, 16, 17, 19, 22]
    W2: [ 0,  4,  7, 10, 11, 16, 17, 19, 22, 25, 26] = [ 1,  2,  5,  6, 18, 20, 21, 23, 24, 27, 28]
    W3: [ 0,  2,  6,  8, 14, 15, 22, 28, 29] > [ 5,  7, 11, 12, 16, 17, 21, 23, 24]
    W4: [ 2,  3, 10, 12, 15, 17, 18, 21, 25, 27] = [ 4,  6,  7,  8, 11, 14, 16, 20, 23, 24]
    Truth table row=[=, =, =, >, =] ix=124 result=[29+] is correct

Total correct results: 60
Total incorrect results: 0
