Solving for 18 balls and 4 weighings.
Using symmetry breaking strategy TruthTableAscending.

Solution:
W0: [ 0,  1,  3,  6, 10, 11, 14, 15] <=> [ 2,  4,  5,  7,  8,  9, 12, 13]
W1: [ 0,  1,  3,  6, 12, 13, 16, 17] <=> [ 2,  4,  5,  7, 10, 11, 14, 15]
W2: [ 0,  1,  5,  7, 10, 11] <=> [ 6,  8, 14, 15, 16, 17]
W3: [ 0,  4,  7, 10, 13, 14, 16] <=> [ 2,  5,  8,  9, 12, 15, 17]

Truth Table:
ix  W0  W1  W2  W3   Result
 0   <   <   <   <   0-
 1   <   <   <   =   1-
 2   <   <   <   >
 3   <   <   =   <   2+
 4   <   <   =   =   3-
 5   <   <   =   >   4+
 6   <   <   >   <   5+
 7   <   <   >   =   6-
 8   <   <   >   >   7+
 9   <   =   <   <   8+
10   <   =   <   =
11   <   =   <   >
12   <   =   =   <   9+
13   <   =   =   =
14   <   =   =   >
15   <   =   >   <
16   <   =   >   =
17   <   =   >   >
18   <   >   <   <   10-
19   <   >   <   =   11-
20   <   >   <   >
21   <   >   =   <   12+
22   <   >   =   =
23   <   >   =   >   13+
24   <   >   >   <   14-
25   <   >   >   =
26   <   >   >   >   15-
27   =   <   <   <
28   =   <   <   =
29   =   <   <   >
30   =   <   =   <
31   =   <   =   =
32   =   <   =   >
33   =   <   >   <   16-
34   =   <   >   =
35   =   <   >   >   17-
36   =   =   <   <
37   =   =   <   =
38   =   =   <   >
39   =   =   =   <
40   =   =   =   =
41   =   =   =   >
42   =   =   >   <
43   =   =   >   =
44   =   =   >   >
45   =   >   <   <   17+
46   =   >   <   =
47   =   >   <   >   16+
48   =   >   =   <
49   =   >   =   =
50   =   >   =   >
51   =   >   >   <
52   =   >   >   =
53   =   >   >   >
54   >   <   <   <   15+
55   >   <   <   =
56   >   <   <   >   14+
57   >   <   =   <   13-
58   >   <   =   =
59   >   <   =   >   12-
60   >   <   >   <
61   >   <   >   =   11+
62   >   <   >   >   10+
63   >   =   <   <
64   >   =   <   =
65   >   =   <   >
66   >   =   =   <
67   >   =   =   =
68   >   =   =   >   9-
69   >   =   >   <
70   >   =   >   =
71   >   =   >   >   8-
72   >   >   <   <   7-
73   >   >   <   =   6+
74   >   >   <   >   5-
75   >   >   =   <   4-
76   >   >   =   =   3+
77   >   >   =   >   2-
78   >   >   >   <
79   >   >   >   =   1+
80   >   >   >   >   0+

Test 0-:
    W0: [ 0,  1,  3,  6, 10, 11, 14, 15] < [ 2,  4,  5,  7,  8,  9, 12, 13]
    W1: [ 0,  1,  3,  6, 12, 13, 16, 17] < [ 2,  4,  5,  7, 10, 11, 14, 15]
    W2: [ 0,  1,  5,  7, 10, 11] < [ 6,  8, 14, 15, 16, 17]
    W3: [ 0,  4,  7, 10, 13, 14, 16] < [ 2,  5,  8,  9, 12, 15, 17]
    Truth table row=[<, <, <, <] ix=0 result=[0-] is correct

Test 0+:
    W0: [ 0,  1,  3,  6, 10, 11, 14, 15] > [ 2,  4,  5,  7,  8,  9, 12, 13]
    W1: [ 0,  1,  3,  6, 12, 13, 16, 17] > [ 2,  4,  5,  7, 10, 11, 14, 15]
    W2: [ 0,  1,  5,  7, 10, 11] > [ 6,  8, 14, 15, 16, 17]
    W3: [ 0,  4,  7, 10, 13, 14, 16] > [ 2,  5,  8,  9, 12, 15, 17]
    Truth table row=[>, >, >, >] ix=80 result=[0+] is correct

Test 1-:
    W0: [ 0,  1,  3,  6, 10, 11, 14, 15] < [ 2,  4,  5,  7,  8,  9, 12, 13]
    W1: [ 0,  1,  3,  6, 12, 13, 16, 17] < [ 2,  4,  5,  7, 10, 11, 14, 15]
    W2: [ 0,  1,  5,  7, 10, 11] < [ 6,  8, 14, 15, 16, 17]
    W3: [ 0,  4,  7, 10, 13, 14, 16] = [ 2,  5,  8,  9, 12, 15, 17]
    Truth table row=[<, <, <, =] ix=1 result=[1-] is correct

Test 1+:
    W0: [ 0,  1,  3,  6, 10, 11, 14, 15] > [ 2,  4,  5,  7,  8,  9, 12, 13]
    W1: [ 0,  1,  3,  6, 12, 13, 16, 17] > [ 2,  4,  5,  7, 10, 11, 14, 15]
    W2: [ 0,  1,  5,  7, 10, 11] > [ 6,  8, 14, 15, 16, 17]
    W3: [ 0,  4,  7, 10, 13, 14, 16] = [ 2,  5,  8,  9, 12, 15, 17]
    Truth table row=[>, >, >, =] ix=79 result=[1+] is correct

Test 2-:
    W0: [ 0,  1,  3,  6, 10, 11, 14, 15] > [ 2,  4,  5,  7,  8,  9, 12, 13]
    W1: [ 0,  1,  3,  6, 12, 13, 16, 17] > [ 2,  4,  5,  7, 10, 11, 14, 15]
    W2: [ 0,  1,  5,  7, 10, 11] = [ 6,  8, 14, 15, 16, 17]
    W3: [ 0,  4,  7, 10, 13, 14, 16] > [ 2,  5,  8,  9, 12, 15, 17]
    Truth table row=[>, >, =, >] ix=77 result=[2-] is correct

Test 2+:
    W0: [ 0,  1,  3,  6, 10, 11, 14, 15] < [ 2,  4,  5,  7,  8,  9, 12, 13]
    W1: [ 0,  1,  3,  6, 12, 13, 16, 17] < [ 2,  4,  5,  7, 10, 11, 14, 15]
    W2: [ 0,  1,  5,  7, 10, 11] = [ 6,  8, 14, 15, 16, 17]
    W3: [ 0,  4,  7, 10, 13, 14, 16] < [ 2,  5,  8,  9, 12, 15, 17]
    Truth table row=[<, <, =, <] ix=3 result=[2+] is correct

Test 3-:
    W0: [ 0,  1,  3,  6, 10, 11, 14, 15] < [ 2,  4,  5,  7,  8,  9, 12, 13]
    W1: [ 0,  1,  3,  6, 12, 13, 16, 17] < [ 2,  4,  5,  7, 10, 11, 14, 15]
    W2: [ 0,  1,  5,  7, 10, 11] = [ 6,  8, 14, 15, 16, 17]
    W3: [ 0,  4,  7, 10, 13, 14, 16] = [ 2,  5,  8,  9, 12, 15, 17]
    Truth table row=[<, <, =, =] ix=4 result=[3-] is correct

Test 3+:
    W0: [ 0,  1,  3,  6, 10, 11, 14, 15] > [ 2,  4,  5,  7,  8,  9, 12, 13]
    W1: [ 0,  1,  3,  6, 12, 13, 16, 17] > [ 2,  4,  5,  7, 10, 11, 14, 15]
    W2: [ 0,  1,  5,  7, 10, 11] = [ 6,  8, 14, 15, 16, 17]
    W3: [ 0,  4,  7, 10, 13, 14, 16] = [ 2,  5,  8,  9, 12, 15, 17]
    Truth table row=[>, >, =, =] ix=76 result=[3+] is correct

Test 4-:
    W0: [ 0,  1,  3,  6, 10, 11, 14, 15] > [ 2,  4,  5,  7,  8,  9, 12, 13]
    W1: [ 0,  1,  3,  6, 12, 13, 16, 17] > [ 2,  4,  5,  7, 10, 11, 14, 15]
    W2: [ 0,  1,  5,  7, 10, 11] = [ 6,  8, 14, 15, 16, 17]
    W3: [ 0,  4,  7, 10, 13, 14, 16] < [ 2,  5,  8,  9, 12, 15, 17]
    Truth table row=[>, >, =, <] ix=75 result=[4-] is correct

Test 4+:
    W0: [ 0,  1,  3,  6, 10, 11, 14, 15] < [ 2,  4,  5,  7,  8,  9, 12, 13]
    W1: [ 0,  1,  3,  6, 12, 13, 16, 17] < [ 2,  4,  5,  7, 10, 11, 14, 15]
    W2: [ 0,  1,  5,  7, 10, 11] = [ 6,  8, 14, 15, 16, 17]
    W3: [ 0,  4,  7, 10, 13, 14, 16] > [ 2,  5,  8,  9, 12, 15, 17]
    Truth table row=[<, <, =, >] ix=5 result=[4+] is correct

Test 5-:
    W0: [ 0,  1,  3,  6, 10, 11, 14, 15] > [ 2,  4,  5,  7,  8,  9, 12, 13]
    W1: [ 0,  1,  3,  6, 12, 13, 16, 17] > [ 2,  4,  5,  7, 10, 11, 14, 15]
    W2: [ 0,  1,  5,  7, 10, 11] < [ 6,  8, 14, 15, 16, 17]
    W3: [ 0,  4,  7, 10, 13, 14, 16] > [ 2,  5,  8,  9, 12, 15, 17]
    Truth table row=[>, >, <, >] ix=74 result=[5-] is correct

Test 5+:
    W0: [ 0,  1,  3,  6, 10, 11, 14, 15] < [ 2,  4,  5,  7,  8,  9, 12, 13]
    W1: [ 0,  1,  3,  6, 12, 13, 16, 17] < [ 2,  4,  5,  7, 10, 11, 14, 15]
    W2: [ 0,  1,  5,  7, 10, 11] > [ 6,  8, 14, 15, 16, 17]
    W3: [ 0,  4,  7, 10, 13, 14, 16] < [ 2,  5,  8,  9, 12, 15, 17]
    Truth table row=[<, <, >, <] ix=6 result=[5+] is correct

Test 6-:
    W0: [ 0,  1,  3,  6, 10, 11, 14, 15] < [ 2,  4,  5,  7,  8,  9, 12, 13]
    W1: [ 0,  1,  3,  6, 12, 13, 16, 17] < [ 2,  4,  5,  7, 10, 11, 14, 15]
    W2: [ 0,  1,  5,  7, 10, 11] > [ 6,  8, 14, 15, 16, 17]
    W3: [ 0,  4,  7, 10, 13, 14, 16] = [ 2,  5,  8,  9, 12, 15, 17]
    Truth table row=[<, <, >, =] ix=7 result=[6-] is correct

Test 6+:
    W0: [ 0,  1,  3,  6, 10, 11, 14, 15] > [ 2,  4,  5,  7,  8,  9, 12, 13]
    W1: [ 0,  1,  3,  6, 12, 13, 16, 17] > [ 2,  4,  5,  7, 10, 11, 14, 15]
    W2: [ 0,  1,  5,  7, 10, 11] < [ 6,  8, 14, 15, 16, 17]
    W3: [ 0,  4,  7, 10, 13, 14, 16] = [ 2,  5,  8,  9, 12, 15, 17]
    Truth table row=[>, >, <, =] ix=73 result=[6+] is correct

Test 7-:
    W0: [ 0,  1,  3,  6, 10, 11, 14, 15] > [ 2,  4,  5,  7,  8,  9, 12, 13]
    W1: [ 0,  1,  3,  6, 12, 13, 16, 17] > [ 2,  4,  5,  7, 10, 11, 14, 15]
    W2: [ 0,  1,  5,  7, 10, 11] < [ 6,  8, 14, 15, 16, 17]
    W3: [ 0,  4,  7, 10, 13, 14, 16] < [ 2,  5,  8,  9, 12, 15, 17]
    Truth table row=[>, >, <, <] ix=72 result=[7-] is correct

Test 7+:
    W0: [ 0,  1,  3,  6, 10, 11, 14, 15] < [ 2,  4,  5,  7,  8,  9, 12, 13]
    W1: [ 0,  1,  3,  6, 12, 13, 16, 17] < [ 2,  4,  5,  7, 10, 11, 14, 15]
    W2: [ 0,  1,  5,  7, 10, 11] > [ 6,  8, 14, 15, 16, 17]
    W3: [ 0,  4,  7, 10, 13, 14, 16] > [ 2,  5,  8,  9, 12, 15, 17]
    Truth table row=[<, <, >, >] ix=8 result=[7+] is correct

Test 8-:
    W0: [ 0,  1,  3,  6, 10, 11, 14, 15] > [ 2,  4,  5,  7,  8,  9, 12, 13]
    W1: [ 0,  1,  3,  6, 12, 13, 16, 17] = [ 2,  4,  5,  7, 10, 11, 14, 15]
    W2: [ 0,  1,  5,  7, 10, 11] > [ 6,  8, 14, 15, 16, 17]
    W3: [ 0,  4,  7, 10, 13, 14, 16] > [ 2,  5,  8,  9, 12, 15, 17]
    Truth table row=[>, =, >, >] ix=71 result=[8-] is correct

Test 8+:
    W0: [ 0,  1,  3,  6, 10, 11, 14, 15] < [ 2,  4,  5,  7,  8,  9, 12, 13]
    W1: [ 0,  1,  3,  6, 12, 13, 16, 17] = [ 2,  4,  5,  7, 10, 11, 14, 15]
    W2: [ 0,  1,  5,  7, 10, 11] < [ 6,  8, 14, 15, 16, 17]
    W3: [ 0,  4,  7, 10, 13, 14, 16] < [ 2,  5,  8,  9, 12, 15, 17]
    Truth table row=[<, =, <, <] ix=9 result=[8+] is correct

Test 9-:
    W0: [ 0,  1,  3,  6, 10, 11, 14, 15] > [ 2,  4,  5,  7,  8,  9, 12, 13]
    W1: [ 0,  1,  3,  6, 12, 13, 16, 17] = [ 2,  4,  5,  7, 10, 11, 14, 15]
    W2: [ 0,  1,  5,  7, 10, 11] = [ 6,  8, 14, 15, 16, 17]
    W3: [ 0,  4,  7, 10, 13, 14, 16] > [ 2,  5,  8,  9, 12, 15, 17]
    Truth table row=[>, =, =, >] ix=68 result=[9-] is correct

Test 9+:
    W0: [ 0,  1,  3,  6, 10, 11, 14, 15] < [ 2,  4,  5,  7,  8,  9, 12, 13]
    W1: [ 0,  1,  3,  6, 12, 13, 16, 17] = [ 2,  4,  5,  7, 10, 11, 14, 15]
    W2: [ 0,  1,  5,  7, 10, 11] = [ 6,  8, 14, 15, 16, 17]
    W3: [ 0,  4,  7, 10, 13, 14, 16] < [ 2,  5,  8,  9, 12, 15, 17]
    Truth table row=[<, =, =, <] ix=12 result=[9+] is correct

Test 10-:
    W0: [ 0,  1,  3,  6, 10, 11, 14, 15] < [ 2,  4,  5,  7,  8,  9, 12, 13]
    W1: [ 0,  1,  3,  6, 12, 13, 16, 17] > [ 2,  4,  5,  7, 10, 11, 14, 15]
    W2: [ 0,  1,  5,  7, 10, 11] < [ 6,  8, 14, 15, 16, 17]
    W3: [ 0,  4,  7, 10, 13, 14, 16] < [ 2,  5,  8,  9, 12, 15, 17]
    Truth table row=[<, >, <, <] ix=18 result=[10-] is correct

Test 10+:
    W0: [ 0,  1,  3,  6, 10, 11, 14, 15] > [ 2,  4,  5,  7,  8,  9, 12, 13]
    W1: [ 0,  1,  3,  6, 12, 13, 16, 17] < [ 2,  4,  5,  7, 10, 11, 14, 15]
    W2: [ 0,  1,  5,  7, 10, 11] > [ 6,  8, 14, 15, 16, 17]
    W3: [ 0,  4,  7, 10, 13, 14, 16] > [ 2,  5,  8,  9, 12, 15, 17]
    Truth table row=[>, <, >, >] ix=62 result=[10+] is correct

Test 11-:
    W0: [ 0,  1,  3,  6, 10, 11, 14, 15] < [ 2,  4,  5,  7,  8,  9, 12, 13]
    W1: [ 0,  1,  3,  6, 12, 13, 16, 17] > [ 2,  4,  5,  7, 10, 11, 14, 15]
    W2: [ 0,  1,  5,  7, 10, 11] < [ 6,  8, 14, 15, 16, 17]
    W3: [ 0,  4,  7, 10, 13, 14, 16] = [ 2,  5,  8,  9, 12, 15, 17]
    Truth table row=[<, >, <, =] ix=19 result=[11-] is correct

Test 11+:
    W0: [ 0,  1,  3,  6, 10, 11, 14, 15] > [ 2,  4,  5,  7,  8,  9, 12, 13]
    W1: [ 0,  1,  3,  6, 12, 13, 16, 17] < [ 2,  4,  5,  7, 10, 11, 14, 15]
    W2: [ 0,  1,  5,  7, 10, 11] > [ 6,  8, 14, 15, 16, 17]
    W3: [ 0,  4,  7, 10, 13, 14, 16] = [ 2,  5,  8,  9, 12, 15, 17]
    Truth table row=[>, <, >, =] ix=61 result=[11+] is correct

Test 12-:
    W0: [ 0,  1,  3,  6, 10, 11, 14, 15] > [ 2,  4,  5,  7,  8,  9, 12, 13]
    W1: [ 0,  1,  3,  6, 12, 13, 16, 17] < [ 2,  4,  5,  7, 10, 11, 14, 15]
    W2: [ 0,  1,  5,  7, 10, 11] = [ 6,  8, 14, 15, 16, 17]
    W3: [ 0,  4,  7, 10, 13, 14, 16] > [ 2,  5,  8,  9, 12, 15, 17]
    Truth table row=[>, <, =, >] ix=59 result=[12-] is correct

Test 12+:
    W0: [ 0,  1,  3,  6, 10, 11, 14, 15] < [ 2,  4,  5,  7,  8,  9, 12, 13]
    W1: [ 0,  1,  3,  6, 12, 13, 16, 17] > [ 2,  4,  5,  7, 10, 11, 14, 15]
    W2: [ 0,  1,  5,  7, 10, 11] = [ 6,  8, 14, 15, 16, 17]
    W3: [ 0,  4,  7, 10, 13, 14, 16] < [ 2,  5,  8,  9, 12, 15, 17]
    Truth table row=[<, >, =, <] ix=21 result=[12+] is correct

Test 13-:
    W0: [ 0,  1,  3,  6, 10, 11, 14, 15] > [ 2,  4,  5,  7,  8,  9, 12, 13]
    W1: [ 0,  1,  3,  6, 12, 13, 16, 17] < [ 2,  4,  5,  7, 10, 11, 14, 15]
    W2: [ 0,  1,  5,  7, 10, 11] = [ 6,  8, 14, 15, 16, 17]
    W3: [ 0,  4,  7, 10, 13, 14, 16] < [ 2,  5,  8,  9, 12, 15, 17]
    Truth table row=[>, <, =, <] ix=57 result=[13-] is correct

Test 13+:
    W0: [ 0,  1,  3,  6, 10, 11, 14, 15] < [ 2,  4,  5,  7,  8,  9, 12, 13]
    W1: [ 0,  1,  3,  6, 12, 13, 16, 17] > [ 2,  4,  5,  7, 10, 11, 14, 15]
    W2: [ 0,  1,  5,  7, 10, 11] = [ 6,  8, 14, 15, 16, 17]
    W3: [ 0,  4,  7, 10, 13, 14, 16] > [ 2,  5,  8,  9, 12, 15, 17]
    Truth table row=[<, >, =, >] ix=23 result=[13+] is correct

Test 14-:
    W0: [ 0,  1,  3,  6, 10, 11, 14, 15] < [ 2,  4,  5,  7,  8,  9, 12, 13]
    W1: [ 0,  1,  3,  6, 12, 13, 16, 17] > [ 2,  4,  5,  7, 10, 11, 14, 15]
    W2: [ 0,  1,  5,  7, 10, 11] > [ 6,  8, 14, 15, 16, 17]
    W3: [ 0,  4,  7, 10, 13, 14, 16] < [ 2,  5,  8,  9, 12, 15, 17]
    Truth table row=[<, >, >, <] ix=24 result=[14-] is correct

Test 14+:
    W0: [ 0,  1,  3,  6, 10, 11, 14, 15] > [ 2,  4,  5,  7,  8,  9, 12, 13]
    W1: [ 0,  1,  3,  6, 12, 13, 16, 17] < [ 2,  4,  5,  7, 10, 11, 14, 15]
    W2: [ 0,  1,  5,  7, 10, 11] < [ 6,  8, 14, 15, 16, 17]
    W3: [ 0,  4,  7, 10, 13, 14, 16] > [ 2,  5,  8,  9, 12, 15, 17]
    Truth table row=[>, <, <, >] ix=56 result=[14+] is correct

Test 15-:
    W0: [ 0,  1,  3,  6, 10, 11, 14, 15] < [ 2,  4,  5,  7,  8,  9, 12, 13]
    W1: [ 0,  1,  3,  6, 12, 13, 16, 17] > [ 2,  4,  5,  7, 10, 11, 14, 15]
    W2: [ 0,  1,  5,  7, 10, 11] > [ 6,  8, 14, 15, 16, 17]
    W3: [ 0,  4,  7, 10, 13, 14, 16] > [ 2,  5,  8,  9, 12, 15, 17]
    Truth table row=[<, >, >, >] ix=26 result=[15-] is correct

Test 15+:
    W0: [ 0,  1,  3,  6, 10, 11, 14, 15] > [ 2,  4,  5,  7,  8,  9, 12, 13]
    W1: [ 0,  1,  3,  6, 12, 13, 16, 17] < [ 2,  4,  5,  7, 10, 11, 14, 15]
    W2: [ 0,  1,  5,  7, 10, 11] < [ 6,  8, 14, 15, 16, 17]
    W3: [ 0,  4,  7, 10, 13, 14, 16] < [ 2,  5,  8,  9, 12, 15, 17]
    Truth table row=[>, <, <, <] ix=54 result=[15+] is correct

Test 16-:
    W0: [ 0,  1,  3,  6, 10, 11, 14, 15] = [ 2,  4,  5,  7,  8,  9, 12, 13]
    W1: [ 0,  1,  3,  6, 12, 13, 16, 17] < [ 2,  4,  5,  7, 10, 11, 14, 15]
    W2: [ 0,  1,  5,  7, 10, 11] > [ 6,  8, 14, 15, 16, 17]
    W3: [ 0,  4,  7, 10, 13, 14, 16] < [ 2,  5,  8,  9, 12, 15, 17]
    Truth table row=[=, <, >, <] ix=33 result=[16-] is correct

Test 16+:
    W0: [ 0,  1,  3,  6, 10, 11, 14, 15] = [ 2,  4,  5,  7,  8,  9, 12, 13]
    W1: [ 0,  1,  3,  6, 12, 13, 16, 17] > [ 2,  4,  5,  7, 10, 11, 14, 15]
    W2: [ 0,  1,  5,  7, 10, 11] < [ 6,  8, 14, 15, 16, 17]
    W3: [ 0,  4,  7, 10, 13, 14, 16] > [ 2,  5,  8,  9, 12, 15, 17]
    Truth table row=[=, >, <, >] ix=47 result=[16+] is correct

Test 17-:
    W0: [ 0,  1,  3,  6, 10, 11, 14, 15] = [ 2,  4,  5,  7,  8,  9, 12, 13]
    W1: [ 0,  1,  3,  6, 12, 13, 16, 17] < [ 2,  4,  5,  7, 10, 11, 14, 15]
    W2: [ 0,  1,  5,  7, 10, 11] > [ 6,  8, 14, 15, 16, 17]
    W3: [ 0,  4,  7, 10, 13, 14, 16] > [ 2,  5,  8,  9, 12, 15, 17]
    Truth table row=[=, <, >, >] ix=35 result=[17-] is correct

Test 17+:
    W0: [ 0,  1,  3,  6, 10, 11, 14, 15] = [ 2,  4,  5,  7,  8,  9, 12, 13]
    W1: [ 0,  1,  3,  6, 12, 13, 16, 17] > [ 2,  4,  5,  7, 10, 11, 14, 15]
    W2: [ 0,  1,  5,  7, 10, 11] < [ 6,  8, 14, 15, 16, 17]
    W3: [ 0,  4,  7, 10, 13, 14, 16] < [ 2,  5,  8,  9, 12, 15, 17]
    Truth table row=[=, >, <, <] ix=45 result=[17+] is correct

Total correct results: 36
Total incorrect results: 0
