Solving for 15 balls and 5 weighings.
Using symmetry breaking strategy TruthTableAscending.

Solution:
W0: [ 0] <=> [ 1]
W1: [ 2] <=> [ 3]
W2: [ 0,  3,  5,  7,  9, 10] <=> [ 2,  4,  6,  8, 11, 12]
W3: [ 0,  3,  5, 11, 12] <=> [ 1,  4,  6, 10, 13]
W4: [ 0,  2,  6,  7, 10, 12] <=> [ 1,  3,  4,  9, 13, 14]

Truth Table:
ix  W0  W1  W2  W3  W4   Result
 0   <   <   <   <   <
 1   <   <   <   <   =
 2   <   <   <   <   >
 3   <   <   <   =   <
 4   <   <   <   =   =
 5   <   <   <   =   >
 6   <   <   <   >   <
 7   <   <   <   >   =
 8   <   <   <   >   >
 9   <   <   =   <   <
10   <   <   =   <   =
11   <   <   =   <   >
12   <   <   =   =   <
13   <   <   =   =   =
14   <   <   =   =   >
15   <   <   =   >   <
16   <   <   =   >   =
17   <   <   =   >   >
18   <   <   >   <   <
19   <   <   >   <   =
20   <   <   >   <   >
21   <   <   >   =   <
22   <   <   >   =   =
23   <   <   >   =   >
24   <   <   >   >   <
25   <   <   >   >   =
26   <   <   >   >   >
27   <   =   <   <   <   0-
28   <   =   <   <   =
29   <   =   <   <   >
30   <   =   <   =   <
31   <   =   <   =   =
32   <   =   <   =   >
33   <   =   <   >   <
34   <   =   <   >   =
35   <   =   <   >   >
36   <   =   =   <   <   1+
37   <   =   =   <   =
38   <   =   =   <   >
39   <   =   =   =   <
40   <   =   =   =   =
41   <   =   =   =   >
42   <   =   =   >   <
43   <   =   =   >   =
44   <   =   =   >   >
45   <   =   >   <   <
46   <   =   >   <   =
47   <   =   >   <   >
48   <   =   >   =   <
49   <   =   >   =   =
50   <   =   >   =   >
51   <   =   >   >   <
52   <   =   >   >   =
53   <   =   >   >   >
54   <   >   <   <   <
55   <   >   <   <   =
56   <   >   <   <   >
57   <   >   <   =   <
58   <   >   <   =   =
59   <   >   <   =   >
60   <   >   <   >   <
61   <   >   <   >   =
62   <   >   <   >   >
63   <   >   =   <   <
64   <   >   =   <   =
65   <   >   =   <   >
66   <   >   =   =   <
67   <   >   =   =   =
68   <   >   =   =   >
69   <   >   =   >   <
70   <   >   =   >   =
71   <   >   =   >   >
72   <   >   >   <   <
73   <   >   >   <   =
74   <   >   >   <   >
75   <   >   >   =   <
76   <   >   >   =   =
77   <   >   >   =   >
78   <   >   >   >   <
79   <   >   >   >   =
80   <   >   >   >   >
81   =   <   <   <   <
82   =   <   <   <   =
83   =   <   <   <   >
84   =   <   <   =   <
85   =   <   <   =   =
86   =   <   <   =   >
87   =   <   <   >   <
88   =   <   <   >   =
89   =   <   <   >   >
90   =   <   =   <   <
91   =   <   =   <   =
92   =   <   =   <   >
93   =   <   =   =   <
94   =   <   =   =   =
95   =   <   =   =   >
96   =   <   =   >   <
97   =   <   =   >   =
98   =   <   =   >   >
99   =   <   >   <   <
100   =   <   >   <   =
101   =   <   >   <   >
102   =   <   >   =   <   2-
103   =   <   >   =   =
104   =   <   >   =   >
105   =   <   >   >   <   3+
106   =   <   >   >   =
107   =   <   >   >   >
108   =   =   <   <   <   4+
109   =   =   <   <   =   5-
110   =   =   <   <   >   6+
111   =   =   <   =   <   7-
112   =   =   <   =   =   8+
113   =   =   <   =   >   9-
114   =   =   <   >   <   10-
115   =   =   <   >   =   11+
116   =   =   <   >   >   12+
117   =   =   =   <   <   13+
118   =   =   =   <   =
119   =   =   =   <   >
120   =   =   =   =   <   14+
121   =   =   =   =   =
122   =   =   =   =   >   14-
123   =   =   =   >   <
124   =   =   =   >   =
125   =   =   =   >   >   13-
126   =   =   >   <   <   12-
127   =   =   >   <   =   11-
128   =   =   >   <   >   10+
129   =   =   >   =   <   9+
130   =   =   >   =   =   8-
131   =   =   >   =   >   7+
132   =   =   >   >   <   6-
133   =   =   >   >   =   5+
134   =   =   >   >   >   4-
135   =   >   <   <   <
136   =   >   <   <   =
137   =   >   <   <   >   3-
138   =   >   <   =   <
139   =   >   <   =   =
140   =   >   <   =   >   2+
141   =   >   <   >   <
142   =   >   <   >   =
143   =   >   <   >   >
144   =   >   =   <   <
145   =   >   =   <   =
146   =   >   =   <   >
147   =   >   =   =   <
148   =   >   =   =   =
149   =   >   =   =   >
150   =   >   =   >   <
151   =   >   =   >   =
152   =   >   =   >   >
153   =   >   >   <   <
154   =   >   >   <   =
155   =   >   >   <   >
156   =   >   >   =   <
157   =   >   >   =   =
158   =   >   >   =   >
159   =   >   >   >   <
160   =   >   >   >   =
161   =   >   >   >   >
162   >   <   <   <   <
163   >   <   <   <   =
164   >   <   <   <   >
165   >   <   <   =   <
166   >   <   <   =   =
167   >   <   <   =   >
168   >   <   <   >   <
169   >   <   <   >   =
170   >   <   <   >   >
171   >   <   =   <   <
172   >   <   =   <   =
173   >   <   =   <   >
174   >   <   =   =   <
175   >   <   =   =   =
176   >   <   =   =   >
177   >   <   =   >   <
178   >   <   =   >   =
179   >   <   =   >   >
180   >   <   >   <   <
181   >   <   >   <   =
182   >   <   >   <   >
183   >   <   >   =   <
184   >   <   >   =   =
185   >   <   >   =   >
186   >   <   >   >   <
187   >   <   >   >   =
188   >   <   >   >   >
189   >   =   <   <   <
190   >   =   <   <   =
191   >   =   <   <   >
192   >   =   <   =   <
193   >   =   <   =   =
194   >   =   <   =   >
195   >   =   <   >   <
196   >   =   <   >   =
197   >   =   <   >   >
198   >   =   =   <   <
199   >   =   =   <   =
200   >   =   =   <   >
201   >   =   =   =   <
202   >   =   =   =   =
203   >   =   =   =   >
204   >   =   =   >   <
205   >   =   =   >   =
206   >   =   =   >   >   1-
207   >   =   >   <   <
208   >   =   >   <   =
209   >   =   >   <   >
210   >   =   >   =   <
211   >   =   >   =   =
212   >   =   >   =   >
213   >   =   >   >   <
214   >   =   >   >   =
215   >   =   >   >   >   0+
216   >   >   <   <   <
217   >   >   <   <   =
218   >   >   <   <   >
219   >   >   <   =   <
220   >   >   <   =   =
221   >   >   <   =   >
222   >   >   <   >   <
223   >   >   <   >   =
224   >   >   <   >   >
225   >   >   =   <   <
226   >   >   =   <   =
227   >   >   =   <   >
228   >   >   =   =   <
229   >   >   =   =   =
230   >   >   =   =   >
231   >   >   =   >   <
232   >   >   =   >   =
233   >   >   =   >   >
234   >   >   >   <   <
235   >   >   >   <   =
236   >   >   >   <   >
237   >   >   >   =   <
238   >   >   >   =   =
239   >   >   >   =   >
240   >   >   >   >   <
241   >   >   >   >   =
242   >   >   >   >   >

Test 0-:
    W0: [ 0] < [ 1]
    W1: [ 2] = [ 3]
    W2: [ 0,  3,  5,  7,  9, 10] < [ 2,  4,  6,  8, 11, 12]
    W3: [ 0,  3,  5, 11, 12] < [ 1,  4,  6, 10, 13]
    W4: [ 0,  2,  6,  7, 10, 12] < [ 1,  3,  4,  9, 13, 14]
    Truth table row=[<, =, <, <, <] ix=27 result=[0-] is correct

Test 0+:
    W0: [ 0] > [ 1]
    W1: [ 2] = [ 3]
    W2: [ 0,  3,  5,  7,  9, 10] > [ 2,  4,  6,  8, 11, 12]
    W3: [ 0,  3,  5, 11, 12] > [ 1,  4,  6, 10, 13]
    W4: [ 0,  2,  6,  7, 10, 12] > [ 1,  3,  4,  9, 13, 14]
    Truth table row=[>, =, >, >, >] ix=215 result=[0+] is correct

Test 1-:
    W0: [ 0] > [ 1]
    W1: [ 2] = [ 3]
    W2: [ 0,  3,  5,  7,  9, 10] = [ 2,  4,  6,  8, 11, 12]
    W3: [ 0,  3,  5, 11, 12] > [ 1,  4,  6, 10, 13]
    W4: [ 0,  2,  6,  7, 10, 12] > [ 1,  3,  4,  9, 13, 14]
    Truth table row=[>, =, =, >, >] ix=206 result=[1-] is correct

Test 1+:
    W0: [ 0] < [ 1]
    W1: [ 2] = [ 3]
    W2: [ 0,  3,  5,  7,  9, 10] = [ 2,  4,  6,  8, 11, 12]
    W3: [ 0,  3,  5, 11, 12] < [ 1,  4,  6, 10, 13]
    W4: [ 0,  2,  6,  7, 10, 12] < [ 1,  3,  4,  9, 13, 14]
    Truth table row=[<, =, =, <, <] ix=36 result=[1+] is correct

Test 2-:
    W0: [ 0] = [ 1]
    W1: [ 2] < [ 3]
    W2: [ 0,  3,  5,  7,  9, 10] > [ 2,  4,  6,  8, 11, 12]
    W3: [ 0,  3,  5, 11, 12] = [ 1,  4,  6, 10, 13]
    W4: [ 0,  2,  6,  7, 10, 12] < [ 1,  3,  4,  9, 13, 14]
    Truth table row=[=, <, >, =, <] ix=102 result=[2-] is correct

Test 2+:
    W0: [ 0] = [ 1]
    W1: [ 2] > [ 3]
    W2: [ 0,  3,  5,  7,  9, 10] < [ 2,  4,  6,  8, 11, 12]
    W3: [ 0,  3,  5, 11, 12] = [ 1,  4,  6, 10, 13]
    W4: [ 0,  2,  6,  7, 10, 12] > [ 1,  3,  4,  9, 13, 14]
    Truth table row=[=, >, <, =, >] ix=140 result=[2+] is correct

Test 3-:
    W0: [ 0] = [ 1]
    W1: [ 2] > [ 3]
    W2: [ 0,  3,  5,  7,  9, 10] < [ 2,  4,  6,  8, 11, 12]
    W3: [ 0,  3,  5, 11, 12] < [ 1,  4,  6, 10, 13]
    W4: [ 0,  2,  6,  7, 10, 12] > [ 1,  3,  4,  9, 13, 14]
    Truth table row=[=, >, <, <, >] ix=137 result=[3-] is correct

Test 3+:
    W0: [ 0] = [ 1]
    W1: [ 2] < [ 3]
    W2: [ 0,  3,  5,  7,  9, 10] > [ 2,  4,  6,  8, 11, 12]
    W3: [ 0,  3,  5, 11, 12] > [ 1,  4,  6, 10, 13]
    W4: [ 0,  2,  6,  7, 10, 12] < [ 1,  3,  4,  9, 13, 14]
    Truth table row=[=, <, >, >, <] ix=105 result=[3+] is correct

Test 4-:
    W0: [ 0] = [ 1]
    W1: [ 2] = [ 3]
    W2: [ 0,  3,  5,  7,  9, 10] > [ 2,  4,  6,  8, 11, 12]
    W3: [ 0,  3,  5, 11, 12] > [ 1,  4,  6, 10, 13]
    W4: [ 0,  2,  6,  7, 10, 12] > [ 1,  3,  4,  9, 13, 14]
    Truth table row=[=, =, >, >, >] ix=134 result=[4-] is correct

Test 4+:
    W0: [ 0] = [ 1]
    W1: [ 2] = [ 3]
    W2: [ 0,  3,  5,  7,  9, 10] < [ 2,  4,  6,  8, 11, 12]
    W3: [ 0,  3,  5, 11, 12] < [ 1,  4,  6, 10, 13]
    W4: [ 0,  2,  6,  7, 10, 12] < [ 1,  3,  4,  9, 13, 14]
    Truth table row=[=, =, <, <, <] ix=108 result=[4+] is correct

Test 5-:
    W0: [ 0] = [ 1]
    W1: [ 2] = [ 3]
    W2: [ 0,  3,  5,  7,  9, 10] < [ 2,  4,  6,  8, 11, 12]
    W3: [ 0,  3,  5, 11, 12] < [ 1,  4,  6, 10, 13]
    W4: [ 0,  2,  6,  7, 10, 12] = [ 1,  3,  4,  9, 13, 14]
    Truth table row=[=, =, <, <, =] ix=109 result=[5-] is correct

Test 5+:
    W0: [ 0] = [ 1]
    W1: [ 2] = [ 3]
    W2: [ 0,  3,  5,  7,  9, 10] > [ 2,  4,  6,  8, 11, 12]
    W3: [ 0,  3,  5, 11, 12] > [ 1,  4,  6, 10, 13]
    W4: [ 0,  2,  6,  7, 10, 12] = [ 1,  3,  4,  9, 13, 14]
    Truth table row=[=, =, >, >, =] ix=133 result=[5+] is correct

Test 6-:
    W0: [ 0] = [ 1]
    W1: [ 2] = [ 3]
    W2: [ 0,  3,  5,  7,  9, 10] > [ 2,  4,  6,  8, 11, 12]
    W3: [ 0,  3,  5, 11, 12] > [ 1,  4,  6, 10, 13]
    W4: [ 0,  2,  6,  7, 10, 12] < [ 1,  3,  4,  9, 13, 14]
    Truth table row=[=, =, >, >, <] ix=132 result=[6-] is correct

Test 6+:
    W0: [ 0] = [ 1]
    W1: [ 2] = [ 3]
    W2: [ 0,  3,  5,  7,  9, 10] < [ 2,  4,  6,  8, 11, 12]
    W3: [ 0,  3,  5, 11, 12] < [ 1,  4,  6, 10, 13]
    W4: [ 0,  2,  6,  7, 10, 12] > [ 1,  3,  4,  9, 13, 14]
    Truth table row=[=, =, <, <, >] ix=110 result=[6+] is correct

Test 7-:
    W0: [ 0] = [ 1]
    W1: [ 2] = [ 3]
    W2: [ 0,  3,  5,  7,  9, 10] < [ 2,  4,  6,  8, 11, 12]
    W3: [ 0,  3,  5, 11, 12] = [ 1,  4,  6, 10, 13]
    W4: [ 0,  2,  6,  7, 10, 12] < [ 1,  3,  4,  9, 13, 14]
    Truth table row=[=, =, <, =, <] ix=111 result=[7-] is correct

Test 7+:
    W0: [ 0] = [ 1]
    W1: [ 2] = [ 3]
    W2: [ 0,  3,  5,  7,  9, 10] > [ 2,  4,  6,  8, 11, 12]
    W3: [ 0,  3,  5, 11, 12] = [ 1,  4,  6, 10, 13]
    W4: [ 0,  2,  6,  7, 10, 12] > [ 1,  3,  4,  9, 13, 14]
    Truth table row=[=, =, >, =, >] ix=131 result=[7+] is correct

Test 8-:
    W0: [ 0] = [ 1]
    W1: [ 2] = [ 3]
    W2: [ 0,  3,  5,  7,  9, 10] > [ 2,  4,  6,  8, 11, 12]
    W3: [ 0,  3,  5, 11, 12] = [ 1,  4,  6, 10, 13]
    W4: [ 0,  2,  6,  7, 10, 12] = [ 1,  3,  4,  9, 13, 14]
    Truth table row=[=, =, >, =, =] ix=130 result=[8-] is correct

Test 8+:
    W0: [ 0] = [ 1]
    W1: [ 2] = [ 3]
    W2: [ 0,  3,  5,  7,  9, 10] < [ 2,  4,  6,  8, 11, 12]
    W3: [ 0,  3,  5, 11, 12] = [ 1,  4,  6, 10, 13]
    W4: [ 0,  2,  6,  7, 10, 12] = [ 1,  3,  4,  9, 13, 14]
    Truth table row=[=, =, <, =, =] ix=112 result=[8+] is correct

Test 9-:
    W0: [ 0] = [ 1]
    W1: [ 2] = [ 3]
    W2: [ 0,  3,  5,  7,  9, 10] < [ 2,  4,  6,  8, 11, 12]
    W3: [ 0,  3,  5, 11, 12] = [ 1,  4,  6, 10, 13]
    W4: [ 0,  2,  6,  7, 10, 12] > [ 1,  3,  4,  9, 13, 14]
    Truth table row=[=, =, <, =, >] ix=113 result=[9-] is correct

Test 9+:
    W0: [ 0] = [ 1]
    W1: [ 2] = [ 3]
    W2: [ 0,  3,  5,  7,  9, 10] > [ 2,  4,  6,  8, 11, 12]
    W3: [ 0,  3,  5, 11, 12] = [ 1,  4,  6, 10, 13]
    W4: [ 0,  2,  6,  7, 10, 12] < [ 1,  3,  4,  9, 13, 14]
    Truth table row=[=, =, >, =, <] ix=129 result=[9+] is correct

Test 10-:
    W0: [ 0] = [ 1]
    W1: [ 2] = [ 3]
    W2: [ 0,  3,  5,  7,  9, 10] < [ 2,  4,  6,  8, 11, 12]
    W3: [ 0,  3,  5, 11, 12] > [ 1,  4,  6, 10, 13]
    W4: [ 0,  2,  6,  7, 10, 12] < [ 1,  3,  4,  9, 13, 14]
    Truth table row=[=, =, <, >, <] ix=114 result=[10-] is correct

Test 10+:
    W0: [ 0] = [ 1]
    W1: [ 2] = [ 3]
    W2: [ 0,  3,  5,  7,  9, 10] > [ 2,  4,  6,  8, 11, 12]
    W3: [ 0,  3,  5, 11, 12] < [ 1,  4,  6, 10, 13]
    W4: [ 0,  2,  6,  7, 10, 12] > [ 1,  3,  4,  9, 13, 14]
    Truth table row=[=, =, >, <, >] ix=128 result=[10+] is correct

Test 11-:
    W0: [ 0] = [ 1]
    W1: [ 2] = [ 3]
    W2: [ 0,  3,  5,  7,  9, 10] > [ 2,  4,  6,  8, 11, 12]
    W3: [ 0,  3,  5, 11, 12] < [ 1,  4,  6, 10, 13]
    W4: [ 0,  2,  6,  7, 10, 12] = [ 1,  3,  4,  9, 13, 14]
    Truth table row=[=, =, >, <, =] ix=127 result=[11-] is correct

Test 11+:
    W0: [ 0] = [ 1]
    W1: [ 2] = [ 3]
    W2: [ 0,  3,  5,  7,  9, 10] < [ 2,  4,  6,  8, 11, 12]
    W3: [ 0,  3,  5, 11, 12] > [ 1,  4,  6, 10, 13]
    W4: [ 0,  2,  6,  7, 10, 12] = [ 1,  3,  4,  9, 13, 14]
    Truth table row=[=, =, <, >, =] ix=115 result=[11+] is correct

Test 12-:
    W0: [ 0] = [ 1]
    W1: [ 2] = [ 3]
    W2: [ 0,  3,  5,  7,  9, 10] > [ 2,  4,  6,  8, 11, 12]
    W3: [ 0,  3,  5, 11, 12] < [ 1,  4,  6, 10, 13]
    W4: [ 0,  2,  6,  7, 10, 12] < [ 1,  3,  4,  9, 13, 14]
    Truth table row=[=, =, >, <, <] ix=126 result=[12-] is correct

Test 12+:
    W0: [ 0] = [ 1]
    W1: [ 2] = [ 3]
    W2: [ 0,  3,  5,  7,  9, 10] < [ 2,  4,  6,  8, 11, 12]
    W3: [ 0,  3,  5, 11, 12] > [ 1,  4,  6, 10, 13]
    W4: [ 0,  2,  6,  7, 10, 12] > [ 1,  3,  4,  9, 13, 14]
    Truth table row=[=, =, <, >, >] ix=116 result=[12+] is correct

Test 13-:
    W0: [ 0] = [ 1]
    W1: [ 2] = [ 3]
    W2: [ 0,  3,  5,  7,  9, 10] = [ 2,  4,  6,  8, 11, 12]
    W3: [ 0,  3,  5, 11, 12] > [ 1,  4,  6, 10, 13]
    W4: [ 0,  2,  6,  7, 10, 12] > [ 1,  3,  4,  9, 13, 14]
    Truth table row=[=, =, =, >, >] ix=125 result=[13-] is correct

Test 13+:
    W0: [ 0] = [ 1]
    W1: [ 2] = [ 3]
    W2: [ 0,  3,  5,  7,  9, 10] = [ 2,  4,  6,  8, 11, 12]
    W3: [ 0,  3,  5, 11, 12] < [ 1,  4,  6, 10, 13]
    W4: [ 0,  2,  6,  7, 10, 12] < [ 1,  3,  4,  9, 13, 14]
    Truth table row=[=, =, =, <, <] ix=117 result=[13+] is correct

Test 14-:
    W0: [ 0] = [ 1]
    W1: [ 2] = [ 3]
    W2: [ 0,  3,  5,  7,  9, 10] = [ 2,  4,  6,  8, 11, 12]
    W3: [ 0,  3,  5, 11, 12] = [ 1,  4,  6, 10, 13]
    W4: [ 0,  2,  6,  7, 10, 12] > [ 1,  3,  4,  9, 13, 14]
    Truth table row=[=, =, =, =, >] ix=122 result=[14-] is correct

Test 14+:
    W0: [ 0] = [ 1]
    W1: [ 2] = [ 3]
    W2: [ 0,  3,  5,  7,  9, 10] = [ 2,  4,  6,  8, 11, 12]
    W3: [ 0,  3,  5, 11, 12] = [ 1,  4,  6, 10, 13]
    W4: [ 0,  2,  6,  7, 10, 12] < [ 1,  3,  4,  9, 13, 14]
    Truth table row=[=, =, =, =, <] ix=120 result=[14+] is correct

Total correct results: 30
Total incorrect results: 0
