Solving for 28 balls and 5 weighings.
Using symmetry breaking strategy TruthTableAscending.

Solution:
W0: [ 0,  3,  4,  5,  8, 12, 13, 14, 16, 18, 20] <=> [ 1,  2,  6,  7,  9, 10, 11, 15, 17, 19, 21]
W1: [ 0, 17, 19, 21, 24, 26, 27] <=> [ 1, 16, 18, 20, 22, 23, 25]
W2: [ 0,  3,  4,  5,  9, 10, 11, 15, 16, 17, 19, 21, 24] <=> [ 1,  2,  6,  8, 12, 13, 14, 18, 20, 22, 23, 25, 27]
W3: [ 0,  3,  4,  6,  8, 15, 18, 21, 25, 27] <=> [ 2,  7,  9, 13, 14, 16, 17, 20, 22, 23]
W4: [ 5,  6,  8,  9, 13, 15, 19, 20, 23, 27] <=> [ 0,  1,  2,  4,  7, 10, 12, 18, 22, 25]

Truth Table:
ix  W0  W1  W2  W3  W4   Result
 0   <   <   <   <   <
 1   <   <   <   <   =
 2   <   <   <   <   >   0-
 3   <   <   <   =   <   1+
 4   <   <   <   =   =
 5   <   <   <   =   >
 6   <   <   <   >   <
 7   <   <   <   >   =
 8   <   <   <   >   >
 9   <   <   =   <   <
10   <   <   =   <   =
11   <   <   =   <   >
12   <   <   =   =   <
13   <   <   =   =   =
14   <   <   =   =   >
15   <   <   =   >   <
16   <   <   =   >   =
17   <   <   =   >   >
18   <   <   >   <   <
19   <   <   >   <   =
20   <   <   >   <   >
21   <   <   >   =   <
22   <   <   >   =   =
23   <   <   >   =   >
24   <   <   >   >   <
25   <   <   >   >   =
26   <   <   >   >   >
27   <   =   <   <   <   2+
28   <   =   <   <   =   3-
29   <   =   <   <   >   4-
30   <   =   <   =   <   5-
31   <   =   <   =   =
32   <   =   <   =   >
33   <   =   <   >   <
34   <   =   <   >   =
35   <   =   <   >   >   6+
36   <   =   =   <   <   7+
37   <   =   =   <   =
38   <   =   =   <   >
39   <   =   =   =   <
40   <   =   =   =   =
41   <   =   =   =   >
42   <   =   =   >   <
43   <   =   =   >   =
44   <   =   =   >   >
45   <   =   >   <   <   8-
46   <   =   >   <   =
47   <   =   >   <   >   9+
48   <   =   >   =   <   10+
49   <   =   >   =   =   11+
50   <   =   >   =   >   12-
51   <   =   >   >   <   13-
52   <   =   >   >   =   14-
53   <   =   >   >   >   15+
54   <   >   <   <   <
55   <   >   <   <   =
56   <   >   <   <   >
57   <   >   <   =   <
58   <   >   <   =   =
59   <   >   <   =   >
60   <   >   <   >   <
61   <   >   <   >   =   16-
62   <   >   <   >   >
63   <   >   =   <   <
64   <   >   =   <   =
65   <   >   =   <   >
66   <   >   =   =   <
67   <   >   =   =   =
68   <   >   =   =   >
69   <   >   =   >   <
70   <   >   =   >   =
71   <   >   =   >   >
72   <   >   >   <   <
73   <   >   >   <   =   17+
74   <   >   >   <   >   18-
75   <   >   >   =   <
76   <   >   >   =   =
77   <   >   >   =   >   19+
78   <   >   >   >   <   20-
79   <   >   >   >   =   21+
80   <   >   >   >   >
81   =   <   <   <   <   22+
82   =   <   <   <   =
83   =   <   <   <   >   23+
84   =   <   <   =   <
85   =   <   <   =   =   24-
86   =   <   <   =   >
87   =   <   <   >   <   25+
88   =   <   <   >   =
89   =   <   <   >   >
90   =   <   =   <   <
91   =   <   =   <   =
92   =   <   =   <   >
93   =   <   =   =   <
94   =   <   =   =   =   26-
95   =   <   =   =   >
96   =   <   =   >   <
97   =   <   =   >   =
98   =   <   =   >   >
99   =   <   >   <   <   27-
100   =   <   >   <   =
101   =   <   >   <   >
102   =   <   >   =   <
103   =   <   >   =   =
104   =   <   >   =   >
105   =   <   >   >   <
106   =   <   >   >   =
107   =   <   >   >   >
108   =   =   <   <   <
109   =   =   <   <   =
110   =   =   <   <   >
111   =   =   <   =   <
112   =   =   <   =   =
113   =   =   <   =   >
114   =   =   <   >   <
115   =   =   <   >   =
116   =   =   <   >   >
117   =   =   =   <   <
118   =   =   =   <   =
119   =   =   =   <   >
120   =   =   =   =   <
121   =   =   =   =   =
122   =   =   =   =   >
123   =   =   =   >   <
124   =   =   =   >   =
125   =   =   =   >   >
126   =   =   >   <   <
127   =   =   >   <   =
128   =   =   >   <   >
129   =   =   >   =   <
130   =   =   >   =   =
131   =   =   >   =   >
132   =   =   >   >   <
133   =   =   >   >   =
134   =   =   >   >   >
135   =   >   <   <   <
136   =   >   <   <   =
137   =   >   <   <   >
138   =   >   <   =   <
139   =   >   <   =   =
140   =   >   <   =   >
141   =   >   <   >   <
142   =   >   <   >   =
143   =   >   <   >   >   27+
144   =   >   =   <   <
145   =   >   =   <   =
146   =   >   =   <   >
147   =   >   =   =   <
148   =   >   =   =   =   26+
149   =   >   =   =   >
150   =   >   =   >   <
151   =   >   =   >   =
152   =   >   =   >   >
153   =   >   >   <   <
154   =   >   >   <   =
155   =   >   >   <   >   25-
156   =   >   >   =   <
157   =   >   >   =   =   24+
158   =   >   >   =   >
159   =   >   >   >   <   23-
160   =   >   >   >   =
161   =   >   >   >   >   22-
162   >   <   <   <   <
163   >   <   <   <   =   21-
164   >   <   <   <   >   20+
165   >   <   <   =   <   19-
166   >   <   <   =   =
167   >   <   <   =   >
168   >   <   <   >   <   18+
169   >   <   <   >   =   17-
170   >   <   <   >   >
171   >   <   =   <   <
172   >   <   =   <   =
173   >   <   =   <   >
174   >   <   =   =   <
175   >   <   =   =   =
176   >   <   =   =   >
177   >   <   =   >   <
178   >   <   =   >   =
179   >   <   =   >   >
180   >   <   >   <   <
181   >   <   >   <   =   16+
182   >   <   >   <   >
183   >   <   >   =   <
184   >   <   >   =   =
185   >   <   >   =   >
186   >   <   >   >   <
187   >   <   >   >   =
188   >   <   >   >   >
189   >   =   <   <   <   15-
190   >   =   <   <   =   14+
191   >   =   <   <   >   13+
192   >   =   <   =   <   12+
193   >   =   <   =   =   11-
194   >   =   <   =   >   10-
195   >   =   <   >   <   9-
196   >   =   <   >   =
197   >   =   <   >   >   8+
198   >   =   =   <   <
199   >   =   =   <   =
200   >   =   =   <   >
201   >   =   =   =   <
202   >   =   =   =   =
203   >   =   =   =   >
204   >   =   =   >   <
205   >   =   =   >   =
206   >   =   =   >   >   7-
207   >   =   >   <   <   6-
208   >   =   >   <   =
209   >   =   >   <   >
210   >   =   >   =   <
211   >   =   >   =   =
212   >   =   >   =   >   5+
213   >   =   >   >   <   4+
214   >   =   >   >   =   3+
215   >   =   >   >   >   2-
216   >   >   <   <   <
217   >   >   <   <   =
218   >   >   <   <   >
219   >   >   <   =   <
220   >   >   <   =   =
221   >   >   <   =   >
222   >   >   <   >   <
223   >   >   <   >   =
224   >   >   <   >   >
225   >   >   =   <   <
226   >   >   =   <   =
227   >   >   =   <   >
228   >   >   =   =   <
229   >   >   =   =   =
230   >   >   =   =   >
231   >   >   =   >   <
232   >   >   =   >   =
233   >   >   =   >   >
234   >   >   >   <   <
235   >   >   >   <   =
236   >   >   >   <   >
237   >   >   >   =   <
238   >   >   >   =   =
239   >   >   >   =   >   1-
240   >   >   >   >   <   0+
241   >   >   >   >   =
242   >   >   >   >   >

Test 0-:
    W0: [ 0,  3,  4,  5,  8, 12, 13, 14, 16, 18, 20] < [ 1,  2,  6,  7,  9, 10, 11, 15, 17, 19, 21]
    W1: [ 0, 17, 19, 21, 24, 26, 27] < [ 1, 16, 18, 20, 22, 23, 25]
    W2: [ 0,  3,  4,  5,  9, 10, 11, 15, 16, 17, 19, 21, 24] < [ 1,  2,  6,  8, 12, 13, 14, 18, 20, 22, 23, 25, 27]
    W3: [ 0,  3,  4,  6,  8, 15, 18, 21, 25, 27] < [ 2,  7,  9, 13, 14, 16, 17, 20, 22, 23]
    W4: [ 5,  6,  8,  9, 13, 15, 19, 20, 23, 27] > [ 0,  1,  2,  4,  7, 10, 12, 18, 22, 25]
    Truth table row=[<, <, <, <, >] ix=2 result=[0-] is correct

Test 0+:
    W0: [ 0,  3,  4,  5,  8, 12, 13, 14, 16, 18, 20] > [ 1,  2,  6,  7,  9, 10, 11, 15, 17, 19, 21]
    W1: [ 0, 17, 19, 21, 24, 26, 27] > [ 1, 16, 18, 20, 22, 23, 25]
    W2: [ 0,  3,  4,  5,  9, 10, 11, 15, 16, 17, 19, 21, 24] > [ 1,  2,  6,  8, 12, 13, 14, 18, 20, 22, 23, 25, 27]
    W3: [ 0,  3,  4,  6,  8, 15, 18, 21, 25, 27] > [ 2,  7,  9, 13, 14, 16, 17, 20, 22, 23]
    W4: [ 5,  6,  8,  9, 13, 15, 19, 20, 23, 27] < [ 0,  1,  2,  4,  7, 10, 12, 18, 22, 25]
    Truth table row=[>, >, >, >, <] ix=240 result=[0+] is correct

Test 1-:
    W0: [ 0,  3,  4,  5,  8, 12, 13, 14, 16, 18, 20] > [ 1,  2,  6,  7,  9, 10, 11, 15, 17, 19, 21]
    W1: [ 0, 17, 19, 21, 24, 26, 27] > [ 1, 16, 18, 20, 22, 23, 25]
    W2: [ 0,  3,  4,  5,  9, 10, 11, 15, 16, 17, 19, 21, 24] > [ 1,  2,  6,  8, 12, 13, 14, 18, 20, 22, 23, 25, 27]
    W3: [ 0,  3,  4,  6,  8, 15, 18, 21, 25, 27] = [ 2,  7,  9, 13, 14, 16, 17, 20, 22, 23]
    W4: [ 5,  6,  8,  9, 13, 15, 19, 20, 23, 27] > [ 0,  1,  2,  4,  7, 10, 12, 18, 22, 25]
    Truth table row=[>, >, >, =, >] ix=239 result=[1-] is correct

Test 1+:
    W0: [ 0,  3,  4,  5,  8, 12, 13, 14, 16, 18, 20] < [ 1,  2,  6,  7,  9, 10, 11, 15, 17, 19, 21]
    W1: [ 0, 17, 19, 21, 24, 26, 27] < [ 1, 16, 18, 20, 22, 23, 25]
    W2: [ 0,  3,  4,  5,  9, 10, 11, 15, 16, 17, 19, 21, 24] < [ 1,  2,  6,  8, 12, 13, 14, 18, 20, 22, 23, 25, 27]
    W3: [ 0,  3,  4,  6,  8, 15, 18, 21, 25, 27] = [ 2,  7,  9, 13, 14, 16, 17, 20, 22, 23]
    W4: [ 5,  6,  8,  9, 13, 15, 19, 20, 23, 27] < [ 0,  1,  2,  4,  7, 10, 12, 18, 22, 25]
    Truth table row=[<, <, <, =, <] ix=3 result=[1+] is correct

Test 2-:
    W0: [ 0,  3,  4,  5,  8, 12, 13, 14, 16, 18, 20] > [ 1,  2,  6,  7,  9, 10, 11, 15, 17, 19, 21]
    W1: [ 0, 17, 19, 21, 24, 26, 27] = [ 1, 16, 18, 20, 22, 23, 25]
    W2: [ 0,  3,  4,  5,  9, 10, 11, 15, 16, 17, 19, 21, 24] > [ 1,  2,  6,  8, 12, 13, 14, 18, 20, 22, 23, 25, 27]
    W3: [ 0,  3,  4,  6,  8, 15, 18, 21, 25, 27] > [ 2,  7,  9, 13, 14, 16, 17, 20, 22, 23]
    W4: [ 5,  6,  8,  9, 13, 15, 19, 20, 23, 27] > [ 0,  1,  2,  4,  7, 10, 12, 18, 22, 25]
    Truth table row=[>, =, >, >, >] ix=215 result=[2-] is correct

Test 2+:
    W0: [ 0,  3,  4,  5,  8, 12, 13, 14, 16, 18, 20] < [ 1,  2,  6,  7,  9, 10, 11, 15, 17, 19, 21]
    W1: [ 0, 17, 19, 21, 24, 26, 27] = [ 1, 16, 18, 20, 22, 23, 25]
    W2: [ 0,  3,  4,  5,  9, 10, 11, 15, 16, 17, 19, 21, 24] < [ 1,  2,  6,  8, 12, 13, 14, 18, 20, 22, 23, 25, 27]
    W3: [ 0,  3,  4,  6,  8, 15, 18, 21, 25, 27] < [ 2,  7,  9, 13, 14, 16, 17, 20, 22, 23]
    W4: [ 5,  6,  8,  9, 13, 15, 19, 20, 23, 27] < [ 0,  1,  2,  4,  7, 10, 12, 18, 22, 25]
    Truth table row=[<, =, <, <, <] ix=27 result=[2+] is correct

Test 3-:
    W0: [ 0,  3,  4,  5,  8, 12, 13, 14, 16, 18, 20] < [ 1,  2,  6,  7,  9, 10, 11, 15, 17, 19, 21]
    W1: [ 0, 17, 19, 21, 24, 26, 27] = [ 1, 16, 18, 20, 22, 23, 25]
    W2: [ 0,  3,  4,  5,  9, 10, 11, 15, 16, 17, 19, 21, 24] < [ 1,  2,  6,  8, 12, 13, 14, 18, 20, 22, 23, 25, 27]
    W3: [ 0,  3,  4,  6,  8, 15, 18, 21, 25, 27] < [ 2,  7,  9, 13, 14, 16, 17, 20, 22, 23]
    W4: [ 5,  6,  8,  9, 13, 15, 19, 20, 23, 27] = [ 0,  1,  2,  4,  7, 10, 12, 18, 22, 25]
    Truth table row=[<, =, <, <, =] ix=28 result=[3-] is correct

Test 3+:
    W0: [ 0,  3,  4,  5,  8, 12, 13, 14, 16, 18, 20] > [ 1,  2,  6,  7,  9, 10, 11, 15, 17, 19, 21]
    W1: [ 0, 17, 19, 21, 24, 26, 27] = [ 1, 16, 18, 20, 22, 23, 25]
    W2: [ 0,  3,  4,  5,  9, 10, 11, 15, 16, 17, 19, 21, 24] > [ 1,  2,  6,  8, 12, 13, 14, 18, 20, 22, 23, 25, 27]
    W3: [ 0,  3,  4,  6,  8, 15, 18, 21, 25, 27] > [ 2,  7,  9, 13, 14, 16, 17, 20, 22, 23]
    W4: [ 5,  6,  8,  9, 13, 15, 19, 20, 23, 27] = [ 0,  1,  2,  4,  7, 10, 12, 18, 22, 25]
    Truth table row=[>, =, >, >, =] ix=214 result=[3+] is correct

Test 4-:
    W0: [ 0,  3,  4,  5,  8, 12, 13, 14, 16, 18, 20] < [ 1,  2,  6,  7,  9, 10, 11, 15, 17, 19, 21]
    W1: [ 0, 17, 19, 21, 24, 26, 27] = [ 1, 16, 18, 20, 22, 23, 25]
    W2: [ 0,  3,  4,  5,  9, 10, 11, 15, 16, 17, 19, 21, 24] < [ 1,  2,  6,  8, 12, 13, 14, 18, 20, 22, 23, 25, 27]
    W3: [ 0,  3,  4,  6,  8, 15, 18, 21, 25, 27] < [ 2,  7,  9, 13, 14, 16, 17, 20, 22, 23]
    W4: [ 5,  6,  8,  9, 13, 15, 19, 20, 23, 27] > [ 0,  1,  2,  4,  7, 10, 12, 18, 22, 25]
    Truth table row=[<, =, <, <, >] ix=29 result=[4-] is correct

Test 4+:
    W0: [ 0,  3,  4,  5,  8, 12, 13, 14, 16, 18, 20] > [ 1,  2,  6,  7,  9, 10, 11, 15, 17, 19, 21]
    W1: [ 0, 17, 19, 21, 24, 26, 27] = [ 1, 16, 18, 20, 22, 23, 25]
    W2: [ 0,  3,  4,  5,  9, 10, 11, 15, 16, 17, 19, 21, 24] > [ 1,  2,  6,  8, 12, 13, 14, 18, 20, 22, 23, 25, 27]
    W3: [ 0,  3,  4,  6,  8, 15, 18, 21, 25, 27] > [ 2,  7,  9, 13, 14, 16, 17, 20, 22, 23]
    W4: [ 5,  6,  8,  9, 13, 15, 19, 20, 23, 27] < [ 0,  1,  2,  4,  7, 10, 12, 18, 22, 25]
    Truth table row=[>, =, >, >, <] ix=213 result=[4+] is correct

Test 5-:
    W0: [ 0,  3,  4,  5,  8, 12, 13, 14, 16, 18, 20] < [ 1,  2,  6,  7,  9, 10, 11, 15, 17, 19, 21]
    W1: [ 0, 17, 19, 21, 24, 26, 27] = [ 1, 16, 18, 20, 22, 23, 25]
    W2: [ 0,  3,  4,  5,  9, 10, 11, 15, 16, 17, 19, 21, 24] < [ 1,  2,  6,  8, 12, 13, 14, 18, 20, 22, 23, 25, 27]
    W3: [ 0,  3,  4,  6,  8, 15, 18, 21, 25, 27] = [ 2,  7,  9, 13, 14, 16, 17, 20, 22, 23]
    W4: [ 5,  6,  8,  9, 13, 15, 19, 20, 23, 27] < [ 0,  1,  2,  4,  7, 10, 12, 18, 22, 25]
    Truth table row=[<, =, <, =, <] ix=30 result=[5-] is correct

Test 5+:
    W0: [ 0,  3,  4,  5,  8, 12, 13, 14, 16, 18, 20] > [ 1,  2,  6,  7,  9, 10, 11, 15, 17, 19, 21]
    W1: [ 0, 17, 19, 21, 24, 26, 27] = [ 1, 16, 18, 20, 22, 23, 25]
    W2: [ 0,  3,  4,  5,  9, 10, 11, 15, 16, 17, 19, 21, 24] > [ 1,  2,  6,  8, 12, 13, 14, 18, 20, 22, 23, 25, 27]
    W3: [ 0,  3,  4,  6,  8, 15, 18, 21, 25, 27] = [ 2,  7,  9, 13, 14, 16, 17, 20, 22, 23]
    W4: [ 5,  6,  8,  9, 13, 15, 19, 20, 23, 27] > [ 0,  1,  2,  4,  7, 10, 12, 18, 22, 25]
    Truth table row=[>, =, >, =, >] ix=212 result=[5+] is correct

Test 6-:
    W0: [ 0,  3,  4,  5,  8, 12, 13, 14, 16, 18, 20] > [ 1,  2,  6,  7,  9, 10, 11, 15, 17, 19, 21]
    W1: [ 0, 17, 19, 21, 24, 26, 27] = [ 1, 16, 18, 20, 22, 23, 25]
    W2: [ 0,  3,  4,  5,  9, 10, 11, 15, 16, 17, 19, 21, 24] > [ 1,  2,  6,  8, 12, 13, 14, 18, 20, 22, 23, 25, 27]
    W3: [ 0,  3,  4,  6,  8, 15, 18, 21, 25, 27] < [ 2,  7,  9, 13, 14, 16, 17, 20, 22, 23]
    W4: [ 5,  6,  8,  9, 13, 15, 19, 20, 23, 27] < [ 0,  1,  2,  4,  7, 10, 12, 18, 22, 25]
    Truth table row=[>, =, >, <, <] ix=207 result=[6-] is correct

Test 6+:
    W0: [ 0,  3,  4,  5,  8, 12, 13, 14, 16, 18, 20] < [ 1,  2,  6,  7,  9, 10, 11, 15, 17, 19, 21]
    W1: [ 0, 17, 19, 21, 24, 26, 27] = [ 1, 16, 18, 20, 22, 23, 25]
    W2: [ 0,  3,  4,  5,  9, 10, 11, 15, 16, 17, 19, 21, 24] < [ 1,  2,  6,  8, 12, 13, 14, 18, 20, 22, 23, 25, 27]
    W3: [ 0,  3,  4,  6,  8, 15, 18, 21, 25, 27] > [ 2,  7,  9, 13, 14, 16, 17, 20, 22, 23]
    W4: [ 5,  6,  8,  9, 13, 15, 19, 20, 23, 27] > [ 0,  1,  2,  4,  7, 10, 12, 18, 22, 25]
    Truth table row=[<, =, <, >, >] ix=35 result=[6+] is correct

Test 7-:
    W0: [ 0,  3,  4,  5,  8, 12, 13, 14, 16, 18, 20] > [ 1,  2,  6,  7,  9, 10, 11, 15, 17, 19, 21]
    W1: [ 0, 17, 19, 21, 24, 26, 27] = [ 1, 16, 18, 20, 22, 23, 25]
    W2: [ 0,  3,  4,  5,  9, 10, 11, 15, 16, 17, 19, 21, 24] = [ 1,  2,  6,  8, 12, 13, 14, 18, 20, 22, 23, 25, 27]
    W3: [ 0,  3,  4,  6,  8, 15, 18, 21, 25, 27] > [ 2,  7,  9, 13, 14, 16, 17, 20, 22, 23]
    W4: [ 5,  6,  8,  9, 13, 15, 19, 20, 23, 27] > [ 0,  1,  2,  4,  7, 10, 12, 18, 22, 25]
    Truth table row=[>, =, =, >, >] ix=206 result=[7-] is correct

Test 7+:
    W0: [ 0,  3,  4,  5,  8, 12, 13, 14, 16, 18, 20] < [ 1,  2,  6,  7,  9, 10, 11, 15, 17, 19, 21]
    W1: [ 0, 17, 19, 21, 24, 26, 27] = [ 1, 16, 18, 20, 22, 23, 25]
    W2: [ 0,  3,  4,  5,  9, 10, 11, 15, 16, 17, 19, 21, 24] = [ 1,  2,  6,  8, 12, 13, 14, 18, 20, 22, 23, 25, 27]
    W3: [ 0,  3,  4,  6,  8, 15, 18, 21, 25, 27] < [ 2,  7,  9, 13, 14, 16, 17, 20, 22, 23]
    W4: [ 5,  6,  8,  9, 13, 15, 19, 20, 23, 27] < [ 0,  1,  2,  4,  7, 10, 12, 18, 22, 25]
    Truth table row=[<, =, =, <, <] ix=36 result=[7+] is correct

Test 8-:
    W0: [ 0,  3,  4,  5,  8, 12, 13, 14, 16, 18, 20] < [ 1,  2,  6,  7,  9, 10, 11, 15, 17, 19, 21]
    W1: [ 0, 17, 19, 21, 24, 26, 27] = [ 1, 16, 18, 20, 22, 23, 25]
    W2: [ 0,  3,  4,  5,  9, 10, 11, 15, 16, 17, 19, 21, 24] > [ 1,  2,  6,  8, 12, 13, 14, 18, 20, 22, 23, 25, 27]
    W3: [ 0,  3,  4,  6,  8, 15, 18, 21, 25, 27] < [ 2,  7,  9, 13, 14, 16, 17, 20, 22, 23]
    W4: [ 5,  6,  8,  9, 13, 15, 19, 20, 23, 27] < [ 0,  1,  2,  4,  7, 10, 12, 18, 22, 25]
    Truth table row=[<, =, >, <, <] ix=45 result=[8-] is correct

Test 8+:
    W0: [ 0,  3,  4,  5,  8, 12, 13, 14, 16, 18, 20] > [ 1,  2,  6,  7,  9, 10, 11, 15, 17, 19, 21]
    W1: [ 0, 17, 19, 21, 24, 26, 27] = [ 1, 16, 18, 20, 22, 23, 25]
    W2: [ 0,  3,  4,  5,  9, 10, 11, 15, 16, 17, 19, 21, 24] < [ 1,  2,  6,  8, 12, 13, 14, 18, 20, 22, 23, 25, 27]
    W3: [ 0,  3,  4,  6,  8, 15, 18, 21, 25, 27] > [ 2,  7,  9, 13, 14, 16, 17, 20, 22, 23]
    W4: [ 5,  6,  8,  9, 13, 15, 19, 20, 23, 27] > [ 0,  1,  2,  4,  7, 10, 12, 18, 22, 25]
    Truth table row=[>, =, <, >, >] ix=197 result=[8+] is correct

Test 9-:
    W0: [ 0,  3,  4,  5,  8, 12, 13, 14, 16, 18, 20] > [ 1,  2,  6,  7,  9, 10, 11, 15, 17, 19, 21]
    W1: [ 0, 17, 19, 21, 24, 26, 27] = [ 1, 16, 18, 20, 22, 23, 25]
    W2: [ 0,  3,  4,  5,  9, 10, 11, 15, 16, 17, 19, 21, 24] < [ 1,  2,  6,  8, 12, 13, 14, 18, 20, 22, 23, 25, 27]
    W3: [ 0,  3,  4,  6,  8, 15, 18, 21, 25, 27] > [ 2,  7,  9, 13, 14, 16, 17, 20, 22, 23]
    W4: [ 5,  6,  8,  9, 13, 15, 19, 20, 23, 27] < [ 0,  1,  2,  4,  7, 10, 12, 18, 22, 25]
    Truth table row=[>, =, <, >, <] ix=195 result=[9-] is correct

Test 9+:
    W0: [ 0,  3,  4,  5,  8, 12, 13, 14, 16, 18, 20] < [ 1,  2,  6,  7,  9, 10, 11, 15, 17, 19, 21]
    W1: [ 0, 17, 19, 21, 24, 26, 27] = [ 1, 16, 18, 20, 22, 23, 25]
    W2: [ 0,  3,  4,  5,  9, 10, 11, 15, 16, 17, 19, 21, 24] > [ 1,  2,  6,  8, 12, 13, 14, 18, 20, 22, 23, 25, 27]
    W3: [ 0,  3,  4,  6,  8, 15, 18, 21, 25, 27] < [ 2,  7,  9, 13, 14, 16, 17, 20, 22, 23]
    W4: [ 5,  6,  8,  9, 13, 15, 19, 20, 23, 27] > [ 0,  1,  2,  4,  7, 10, 12, 18, 22, 25]
    Truth table row=[<, =, >, <, >] ix=47 result=[9+] is correct

Test 10-:
    W0: [ 0,  3,  4,  5,  8, 12, 13, 14, 16, 18, 20] > [ 1,  2,  6,  7,  9, 10, 11, 15, 17, 19, 21]
    W1: [ 0, 17, 19, 21, 24, 26, 27] = [ 1, 16, 18, 20, 22, 23, 25]
    W2: [ 0,  3,  4,  5,  9, 10, 11, 15, 16, 17, 19, 21, 24] < [ 1,  2,  6,  8, 12, 13, 14, 18, 20, 22, 23, 25, 27]
    W3: [ 0,  3,  4,  6,  8, 15, 18, 21, 25, 27] = [ 2,  7,  9, 13, 14, 16, 17, 20, 22, 23]
    W4: [ 5,  6,  8,  9, 13, 15, 19, 20, 23, 27] > [ 0,  1,  2,  4,  7, 10, 12, 18, 22, 25]
    Truth table row=[>, =, <, =, >] ix=194 result=[10-] is correct

Test 10+:
    W0: [ 0,  3,  4,  5,  8, 12, 13, 14, 16, 18, 20] < [ 1,  2,  6,  7,  9, 10, 11, 15, 17, 19, 21]
    W1: [ 0, 17, 19, 21, 24, 26, 27] = [ 1, 16, 18, 20, 22, 23, 25]
    W2: [ 0,  3,  4,  5,  9, 10, 11, 15, 16, 17, 19, 21, 24] > [ 1,  2,  6,  8, 12, 13, 14, 18, 20, 22, 23, 25, 27]
    W3: [ 0,  3,  4,  6,  8, 15, 18, 21, 25, 27] = [ 2,  7,  9, 13, 14, 16, 17, 20, 22, 23]
    W4: [ 5,  6,  8,  9, 13, 15, 19, 20, 23, 27] < [ 0,  1,  2,  4,  7, 10, 12, 18, 22, 25]
    Truth table row=[<, =, >, =, <] ix=48 result=[10+] is correct

Test 11-:
    W0: [ 0,  3,  4,  5,  8, 12, 13, 14, 16, 18, 20] > [ 1,  2,  6,  7,  9, 10, 11, 15, 17, 19, 21]
    W1: [ 0, 17, 19, 21, 24, 26, 27] = [ 1, 16, 18, 20, 22, 23, 25]
    W2: [ 0,  3,  4,  5,  9, 10, 11, 15, 16, 17, 19, 21, 24] < [ 1,  2,  6,  8, 12, 13, 14, 18, 20, 22, 23, 25, 27]
    W3: [ 0,  3,  4,  6,  8, 15, 18, 21, 25, 27] = [ 2,  7,  9, 13, 14, 16, 17, 20, 22, 23]
    W4: [ 5,  6,  8,  9, 13, 15, 19, 20, 23, 27] = [ 0,  1,  2,  4,  7, 10, 12, 18, 22, 25]
    Truth table row=[>, =, <, =, =] ix=193 result=[11-] is correct

Test 11+:
    W0: [ 0,  3,  4,  5,  8, 12, 13, 14, 16, 18, 20] < [ 1,  2,  6,  7,  9, 10, 11, 15, 17, 19, 21]
    W1: [ 0, 17, 19, 21, 24, 26, 27] = [ 1, 16, 18, 20, 22, 23, 25]
    W2: [ 0,  3,  4,  5,  9, 10, 11, 15, 16, 17, 19, 21, 24] > [ 1,  2,  6,  8, 12, 13, 14, 18, 20, 22, 23, 25, 27]
    W3: [ 0,  3,  4,  6,  8, 15, 18, 21, 25, 27] = [ 2,  7,  9, 13, 14, 16, 17, 20, 22, 23]
    W4: [ 5,  6,  8,  9, 13, 15, 19, 20, 23, 27] = [ 0,  1,  2,  4,  7, 10, 12, 18, 22, 25]
    Truth table row=[<, =, >, =, =] ix=49 result=[11+] is correct

Test 12-:
    W0: [ 0,  3,  4,  5,  8, 12, 13, 14, 16, 18, 20] < [ 1,  2,  6,  7,  9, 10, 11, 15, 17, 19, 21]
    W1: [ 0, 17, 19, 21, 24, 26, 27] = [ 1, 16, 18, 20, 22, 23, 25]
    W2: [ 0,  3,  4,  5,  9, 10, 11, 15, 16, 17, 19, 21, 24] > [ 1,  2,  6,  8, 12, 13, 14, 18, 20, 22, 23, 25, 27]
    W3: [ 0,  3,  4,  6,  8, 15, 18, 21, 25, 27] = [ 2,  7,  9, 13, 14, 16, 17, 20, 22, 23]
    W4: [ 5,  6,  8,  9, 13, 15, 19, 20, 23, 27] > [ 0,  1,  2,  4,  7, 10, 12, 18, 22, 25]
    Truth table row=[<, =, >, =, >] ix=50 result=[12-] is correct

Test 12+:
    W0: [ 0,  3,  4,  5,  8, 12, 13, 14, 16, 18, 20] > [ 1,  2,  6,  7,  9, 10, 11, 15, 17, 19, 21]
    W1: [ 0, 17, 19, 21, 24, 26, 27] = [ 1, 16, 18, 20, 22, 23, 25]
    W2: [ 0,  3,  4,  5,  9, 10, 11, 15, 16, 17, 19, 21, 24] < [ 1,  2,  6,  8, 12, 13, 14, 18, 20, 22, 23, 25, 27]
    W3: [ 0,  3,  4,  6,  8, 15, 18, 21, 25, 27] = [ 2,  7,  9, 13, 14, 16, 17, 20, 22, 23]
    W4: [ 5,  6,  8,  9, 13, 15, 19, 20, 23, 27] < [ 0,  1,  2,  4,  7, 10, 12, 18, 22, 25]
    Truth table row=[>, =, <, =, <] ix=192 result=[12+] is correct

Test 13-:
    W0: [ 0,  3,  4,  5,  8, 12, 13, 14, 16, 18, 20] < [ 1,  2,  6,  7,  9, 10, 11, 15, 17, 19, 21]
    W1: [ 0, 17, 19, 21, 24, 26, 27] = [ 1, 16, 18, 20, 22, 23, 25]
    W2: [ 0,  3,  4,  5,  9, 10, 11, 15, 16, 17, 19, 21, 24] > [ 1,  2,  6,  8, 12, 13, 14, 18, 20, 22, 23, 25, 27]
    W3: [ 0,  3,  4,  6,  8, 15, 18, 21, 25, 27] > [ 2,  7,  9, 13, 14, 16, 17, 20, 22, 23]
    W4: [ 5,  6,  8,  9, 13, 15, 19, 20, 23, 27] < [ 0,  1,  2,  4,  7, 10, 12, 18, 22, 25]
    Truth table row=[<, =, >, >, <] ix=51 result=[13-] is correct

Test 13+:
    W0: [ 0,  3,  4,  5,  8, 12, 13, 14, 16, 18, 20] > [ 1,  2,  6,  7,  9, 10, 11, 15, 17, 19, 21]
    W1: [ 0, 17, 19, 21, 24, 26, 27] = [ 1, 16, 18, 20, 22, 23, 25]
    W2: [ 0,  3,  4,  5,  9, 10, 11, 15, 16, 17, 19, 21, 24] < [ 1,  2,  6,  8, 12, 13, 14, 18, 20, 22, 23, 25, 27]
    W3: [ 0,  3,  4,  6,  8, 15, 18, 21, 25, 27] < [ 2,  7,  9, 13, 14, 16, 17, 20, 22, 23]
    W4: [ 5,  6,  8,  9, 13, 15, 19, 20, 23, 27] > [ 0,  1,  2,  4,  7, 10, 12, 18, 22, 25]
    Truth table row=[>, =, <, <, >] ix=191 result=[13+] is correct

Test 14-:
    W0: [ 0,  3,  4,  5,  8, 12, 13, 14, 16, 18, 20] < [ 1,  2,  6,  7,  9, 10, 11, 15, 17, 19, 21]
    W1: [ 0, 17, 19, 21, 24, 26, 27] = [ 1, 16, 18, 20, 22, 23, 25]
    W2: [ 0,  3,  4,  5,  9, 10, 11, 15, 16, 17, 19, 21, 24] > [ 1,  2,  6,  8, 12, 13, 14, 18, 20, 22, 23, 25, 27]
    W3: [ 0,  3,  4,  6,  8, 15, 18, 21, 25, 27] > [ 2,  7,  9, 13, 14, 16, 17, 20, 22, 23]
    W4: [ 5,  6,  8,  9, 13, 15, 19, 20, 23, 27] = [ 0,  1,  2,  4,  7, 10, 12, 18, 22, 25]
    Truth table row=[<, =, >, >, =] ix=52 result=[14-] is correct

Test 14+:
    W0: [ 0,  3,  4,  5,  8, 12, 13, 14, 16, 18, 20] > [ 1,  2,  6,  7,  9, 10, 11, 15, 17, 19, 21]
    W1: [ 0, 17, 19, 21, 24, 26, 27] = [ 1, 16, 18, 20, 22, 23, 25]
    W2: [ 0,  3,  4,  5,  9, 10, 11, 15, 16, 17, 19, 21, 24] < [ 1,  2,  6,  8, 12, 13, 14, 18, 20, 22, 23, 25, 27]
    W3: [ 0,  3,  4,  6,  8, 15, 18, 21, 25, 27] < [ 2,  7,  9, 13, 14, 16, 17, 20, 22, 23]
    W4: [ 5,  6,  8,  9, 13, 15, 19, 20, 23, 27] = [ 0,  1,  2,  4,  7, 10, 12, 18, 22, 25]
    Truth table row=[>, =, <, <, =] ix=190 result=[14+] is correct

Test 15-:
    W0: [ 0,  3,  4,  5,  8, 12, 13, 14, 16, 18, 20] > [ 1,  2,  6,  7,  9, 10, 11, 15, 17, 19, 21]
    W1: [ 0, 17, 19, 21, 24, 26, 27] = [ 1, 16, 18, 20, 22, 23, 25]
    W2: [ 0,  3,  4,  5,  9, 10, 11, 15, 16, 17, 19, 21, 24] < [ 1,  2,  6,  8, 12, 13, 14, 18, 20, 22, 23, 25, 27]
    W3: [ 0,  3,  4,  6,  8, 15, 18, 21, 25, 27] < [ 2,  7,  9, 13, 14, 16, 17, 20, 22, 23]
    W4: [ 5,  6,  8,  9, 13, 15, 19, 20, 23, 27] < [ 0,  1,  2,  4,  7, 10, 12, 18, 22, 25]
    Truth table row=[>, =, <, <, <] ix=189 result=[15-] is correct

Test 15+:
    W0: [ 0,  3,  4,  5,  8, 12, 13, 14, 16, 18, 20] < [ 1,  2,  6,  7,  9, 10, 11, 15, 17, 19, 21]
    W1: [ 0, 17, 19, 21, 24, 26, 27] = [ 1, 16, 18, 20, 22, 23, 25]
    W2: [ 0,  3,  4,  5,  9, 10, 11, 15, 16, 17, 19, 21, 24] > [ 1,  2,  6,  8, 12, 13, 14, 18, 20, 22, 23, 25, 27]
    W3: [ 0,  3,  4,  6,  8, 15, 18, 21, 25, 27] > [ 2,  7,  9, 13, 14, 16, 17, 20, 22, 23]
    W4: [ 5,  6,  8,  9, 13, 15, 19, 20, 23, 27] > [ 0,  1,  2,  4,  7, 10, 12, 18, 22, 25]
    Truth table row=[<, =, >, >, >] ix=53 result=[15+] is correct

Test 16-:
    W0: [ 0,  3,  4,  5,  8, 12, 13, 14, 16, 18, 20] < [ 1,  2,  6,  7,  9, 10, 11, 15, 17, 19, 21]
    W1: [ 0, 17, 19, 21, 24, 26, 27] > [ 1, 16, 18, 20, 22, 23, 25]
    W2: [ 0,  3,  4,  5,  9, 10, 11, 15, 16, 17, 19, 21, 24] < [ 1,  2,  6,  8, 12, 13, 14, 18, 20, 22, 23, 25, 27]
    W3: [ 0,  3,  4,  6,  8, 15, 18, 21, 25, 27] > [ 2,  7,  9, 13, 14, 16, 17, 20, 22, 23]
    W4: [ 5,  6,  8,  9, 13, 15, 19, 20, 23, 27] = [ 0,  1,  2,  4,  7, 10, 12, 18, 22, 25]
    Truth table row=[<, >, <, >, =] ix=61 result=[16-] is correct

Test 16+:
    W0: [ 0,  3,  4,  5,  8, 12, 13, 14, 16, 18, 20] > [ 1,  2,  6,  7,  9, 10, 11, 15, 17, 19, 21]
    W1: [ 0, 17, 19, 21, 24, 26, 27] < [ 1, 16, 18, 20, 22, 23, 25]
    W2: [ 0,  3,  4,  5,  9, 10, 11, 15, 16, 17, 19, 21, 24] > [ 1,  2,  6,  8, 12, 13, 14, 18, 20, 22, 23, 25, 27]
    W3: [ 0,  3,  4,  6,  8, 15, 18, 21, 25, 27] < [ 2,  7,  9, 13, 14, 16, 17, 20, 22, 23]
    W4: [ 5,  6,  8,  9, 13, 15, 19, 20, 23, 27] = [ 0,  1,  2,  4,  7, 10, 12, 18, 22, 25]
    Truth table row=[>, <, >, <, =] ix=181 result=[16+] is correct

Test 17-:
    W0: [ 0,  3,  4,  5,  8, 12, 13, 14, 16, 18, 20] > [ 1,  2,  6,  7,  9, 10, 11, 15, 17, 19, 21]
    W1: [ 0, 17, 19, 21, 24, 26, 27] < [ 1, 16, 18, 20, 22, 23, 25]
    W2: [ 0,  3,  4,  5,  9, 10, 11, 15, 16, 17, 19, 21, 24] < [ 1,  2,  6,  8, 12, 13, 14, 18, 20, 22, 23, 25, 27]
    W3: [ 0,  3,  4,  6,  8, 15, 18, 21, 25, 27] > [ 2,  7,  9, 13, 14, 16, 17, 20, 22, 23]
    W4: [ 5,  6,  8,  9, 13, 15, 19, 20, 23, 27] = [ 0,  1,  2,  4,  7, 10, 12, 18, 22, 25]
    Truth table row=[>, <, <, >, =] ix=169 result=[17-] is correct

Test 17+:
    W0: [ 0,  3,  4,  5,  8, 12, 13, 14, 16, 18, 20] < [ 1,  2,  6,  7,  9, 10, 11, 15, 17, 19, 21]
    W1: [ 0, 17, 19, 21, 24, 26, 27] > [ 1, 16, 18, 20, 22, 23, 25]
    W2: [ 0,  3,  4,  5,  9, 10, 11, 15, 16, 17, 19, 21, 24] > [ 1,  2,  6,  8, 12, 13, 14, 18, 20, 22, 23, 25, 27]
    W3: [ 0,  3,  4,  6,  8, 15, 18, 21, 25, 27] < [ 2,  7,  9, 13, 14, 16, 17, 20, 22, 23]
    W4: [ 5,  6,  8,  9, 13, 15, 19, 20, 23, 27] = [ 0,  1,  2,  4,  7, 10, 12, 18, 22, 25]
    Truth table row=[<, >, >, <, =] ix=73 result=[17+] is correct

Test 18-:
    W0: [ 0,  3,  4,  5,  8, 12, 13, 14, 16, 18, 20] < [ 1,  2,  6,  7,  9, 10, 11, 15, 17, 19, 21]
    W1: [ 0, 17, 19, 21, 24, 26, 27] > [ 1, 16, 18, 20, 22, 23, 25]
    W2: [ 0,  3,  4,  5,  9, 10, 11, 15, 16, 17, 19, 21, 24] > [ 1,  2,  6,  8, 12, 13, 14, 18, 20, 22, 23, 25, 27]
    W3: [ 0,  3,  4,  6,  8, 15, 18, 21, 25, 27] < [ 2,  7,  9, 13, 14, 16, 17, 20, 22, 23]
    W4: [ 5,  6,  8,  9, 13, 15, 19, 20, 23, 27] > [ 0,  1,  2,  4,  7, 10, 12, 18, 22, 25]
    Truth table row=[<, >, >, <, >] ix=74 result=[18-] is correct

Test 18+:
    W0: [ 0,  3,  4,  5,  8, 12, 13, 14, 16, 18, 20] > [ 1,  2,  6,  7,  9, 10, 11, 15, 17, 19, 21]
    W1: [ 0, 17, 19, 21, 24, 26, 27] < [ 1, 16, 18, 20, 22, 23, 25]
    W2: [ 0,  3,  4,  5,  9, 10, 11, 15, 16, 17, 19, 21, 24] < [ 1,  2,  6,  8, 12, 13, 14, 18, 20, 22, 23, 25, 27]
    W3: [ 0,  3,  4,  6,  8, 15, 18, 21, 25, 27] > [ 2,  7,  9, 13, 14, 16, 17, 20, 22, 23]
    W4: [ 5,  6,  8,  9, 13, 15, 19, 20, 23, 27] < [ 0,  1,  2,  4,  7, 10, 12, 18, 22, 25]
    Truth table row=[>, <, <, >, <] ix=168 result=[18+] is correct

Test 19-:
    W0: [ 0,  3,  4,  5,  8, 12, 13, 14, 16, 18, 20] > [ 1,  2,  6,  7,  9, 10, 11, 15, 17, 19, 21]
    W1: [ 0, 17, 19, 21, 24, 26, 27] < [ 1, 16, 18, 20, 22, 23, 25]
    W2: [ 0,  3,  4,  5,  9, 10, 11, 15, 16, 17, 19, 21, 24] < [ 1,  2,  6,  8, 12, 13, 14, 18, 20, 22, 23, 25, 27]
    W3: [ 0,  3,  4,  6,  8, 15, 18, 21, 25, 27] = [ 2,  7,  9, 13, 14, 16, 17, 20, 22, 23]
    W4: [ 5,  6,  8,  9, 13, 15, 19, 20, 23, 27] < [ 0,  1,  2,  4,  7, 10, 12, 18, 22, 25]
    Truth table row=[>, <, <, =, <] ix=165 result=[19-] is correct

Test 19+:
    W0: [ 0,  3,  4,  5,  8, 12, 13, 14, 16, 18, 20] < [ 1,  2,  6,  7,  9, 10, 11, 15, 17, 19, 21]
    W1: [ 0, 17, 19, 21, 24, 26, 27] > [ 1, 16, 18, 20, 22, 23, 25]
    W2: [ 0,  3,  4,  5,  9, 10, 11, 15, 16, 17, 19, 21, 24] > [ 1,  2,  6,  8, 12, 13, 14, 18, 20, 22, 23, 25, 27]
    W3: [ 0,  3,  4,  6,  8, 15, 18, 21, 25, 27] = [ 2,  7,  9, 13, 14, 16, 17, 20, 22, 23]
    W4: [ 5,  6,  8,  9, 13, 15, 19, 20, 23, 27] > [ 0,  1,  2,  4,  7, 10, 12, 18, 22, 25]
    Truth table row=[<, >, >, =, >] ix=77 result=[19+] is correct

Test 20-:
    W0: [ 0,  3,  4,  5,  8, 12, 13, 14, 16, 18, 20] < [ 1,  2,  6,  7,  9, 10, 11, 15, 17, 19, 21]
    W1: [ 0, 17, 19, 21, 24, 26, 27] > [ 1, 16, 18, 20, 22, 23, 25]
    W2: [ 0,  3,  4,  5,  9, 10, 11, 15, 16, 17, 19, 21, 24] > [ 1,  2,  6,  8, 12, 13, 14, 18, 20, 22, 23, 25, 27]
    W3: [ 0,  3,  4,  6,  8, 15, 18, 21, 25, 27] > [ 2,  7,  9, 13, 14, 16, 17, 20, 22, 23]
    W4: [ 5,  6,  8,  9, 13, 15, 19, 20, 23, 27] < [ 0,  1,  2,  4,  7, 10, 12, 18, 22, 25]
    Truth table row=[<, >, >, >, <] ix=78 result=[20-] is correct

Test 20+:
    W0: [ 0,  3,  4,  5,  8, 12, 13, 14, 16, 18, 20] > [ 1,  2,  6,  7,  9, 10, 11, 15, 17, 19, 21]
    W1: [ 0, 17, 19, 21, 24, 26, 27] < [ 1, 16, 18, 20, 22, 23, 25]
    W2: [ 0,  3,  4,  5,  9, 10, 11, 15, 16, 17, 19, 21, 24] < [ 1,  2,  6,  8, 12, 13, 14, 18, 20, 22, 23, 25, 27]
    W3: [ 0,  3,  4,  6,  8, 15, 18, 21, 25, 27] < [ 2,  7,  9, 13, 14, 16, 17, 20, 22, 23]
    W4: [ 5,  6,  8,  9, 13, 15, 19, 20, 23, 27] > [ 0,  1,  2,  4,  7, 10, 12, 18, 22, 25]
    Truth table row=[>, <, <, <, >] ix=164 result=[20+] is correct

Test 21-:
    W0: [ 0,  3,  4,  5,  8, 12, 13, 14, 16, 18, 20] > [ 1,  2,  6,  7,  9, 10, 11, 15, 17, 19, 21]
    W1: [ 0, 17, 19, 21, 24, 26, 27] < [ 1, 16, 18, 20, 22, 23, 25]
    W2: [ 0,  3,  4,  5,  9, 10, 11, 15, 16, 17, 19, 21, 24] < [ 1,  2,  6,  8, 12, 13, 14, 18, 20, 22, 23, 25, 27]
    W3: [ 0,  3,  4,  6,  8, 15, 18, 21, 25, 27] < [ 2,  7,  9, 13, 14, 16, 17, 20, 22, 23]
    W4: [ 5,  6,  8,  9, 13, 15, 19, 20, 23, 27] = [ 0,  1,  2,  4,  7, 10, 12, 18, 22, 25]
    Truth table row=[>, <, <, <, =] ix=163 result=[21-] is correct

Test 21+:
    W0: [ 0,  3,  4,  5,  8, 12, 13, 14, 16, 18, 20] < [ 1,  2,  6,  7,  9, 10, 11, 15, 17, 19, 21]
    W1: [ 0, 17, 19, 21, 24, 26, 27] > [ 1, 16, 18, 20, 22, 23, 25]
    W2: [ 0,  3,  4,  5,  9, 10, 11, 15, 16, 17, 19, 21, 24] > [ 1,  2,  6,  8, 12, 13, 14, 18, 20, 22, 23, 25, 27]
    W3: [ 0,  3,  4,  6,  8, 15, 18, 21, 25, 27] > [ 2,  7,  9, 13, 14, 16, 17, 20, 22, 23]
    W4: [ 5,  6,  8,  9, 13, 15, 19, 20, 23, 27] = [ 0,  1,  2,  4,  7, 10, 12, 18, 22, 25]
    Truth table row=[<, >, >, >, =] ix=79 result=[21+] is correct

Test 22-:
    W0: [ 0,  3,  4,  5,  8, 12, 13, 14, 16, 18, 20] = [ 1,  2,  6,  7,  9, 10, 11, 15, 17, 19, 21]
    W1: [ 0, 17, 19, 21, 24, 26, 27] > [ 1, 16, 18, 20, 22, 23, 25]
    W2: [ 0,  3,  4,  5,  9, 10, 11, 15, 16, 17, 19, 21, 24] > [ 1,  2,  6,  8, 12, 13, 14, 18, 20, 22, 23, 25, 27]
    W3: [ 0,  3,  4,  6,  8, 15, 18, 21, 25, 27] > [ 2,  7,  9, 13, 14, 16, 17, 20, 22, 23]
    W4: [ 5,  6,  8,  9, 13, 15, 19, 20, 23, 27] > [ 0,  1,  2,  4,  7, 10, 12, 18, 22, 25]
    Truth table row=[=, >, >, >, >] ix=161 result=[22-] is correct

Test 22+:
    W0: [ 0,  3,  4,  5,  8, 12, 13, 14, 16, 18, 20] = [ 1,  2,  6,  7,  9, 10, 11, 15, 17, 19, 21]
    W1: [ 0, 17, 19, 21, 24, 26, 27] < [ 1, 16, 18, 20, 22, 23, 25]
    W2: [ 0,  3,  4,  5,  9, 10, 11, 15, 16, 17, 19, 21, 24] < [ 1,  2,  6,  8, 12, 13, 14, 18, 20, 22, 23, 25, 27]
    W3: [ 0,  3,  4,  6,  8, 15, 18, 21, 25, 27] < [ 2,  7,  9, 13, 14, 16, 17, 20, 22, 23]
    W4: [ 5,  6,  8,  9, 13, 15, 19, 20, 23, 27] < [ 0,  1,  2,  4,  7, 10, 12, 18, 22, 25]
    Truth table row=[=, <, <, <, <] ix=81 result=[22+] is correct

Test 23-:
    W0: [ 0,  3,  4,  5,  8, 12, 13, 14, 16, 18, 20] = [ 1,  2,  6,  7,  9, 10, 11, 15, 17, 19, 21]
    W1: [ 0, 17, 19, 21, 24, 26, 27] > [ 1, 16, 18, 20, 22, 23, 25]
    W2: [ 0,  3,  4,  5,  9, 10, 11, 15, 16, 17, 19, 21, 24] > [ 1,  2,  6,  8, 12, 13, 14, 18, 20, 22, 23, 25, 27]
    W3: [ 0,  3,  4,  6,  8, 15, 18, 21, 25, 27] > [ 2,  7,  9, 13, 14, 16, 17, 20, 22, 23]
    W4: [ 5,  6,  8,  9, 13, 15, 19, 20, 23, 27] < [ 0,  1,  2,  4,  7, 10, 12, 18, 22, 25]
    Truth table row=[=, >, >, >, <] ix=159 result=[23-] is correct

Test 23+:
    W0: [ 0,  3,  4,  5,  8, 12, 13, 14, 16, 18, 20] = [ 1,  2,  6,  7,  9, 10, 11, 15, 17, 19, 21]
    W1: [ 0, 17, 19, 21, 24, 26, 27] < [ 1, 16, 18, 20, 22, 23, 25]
    W2: [ 0,  3,  4,  5,  9, 10, 11, 15, 16, 17, 19, 21, 24] < [ 1,  2,  6,  8, 12, 13, 14, 18, 20, 22, 23, 25, 27]
    W3: [ 0,  3,  4,  6,  8, 15, 18, 21, 25, 27] < [ 2,  7,  9, 13, 14, 16, 17, 20, 22, 23]
    W4: [ 5,  6,  8,  9, 13, 15, 19, 20, 23, 27] > [ 0,  1,  2,  4,  7, 10, 12, 18, 22, 25]
    Truth table row=[=, <, <, <, >] ix=83 result=[23+] is correct

Test 24-:
    W0: [ 0,  3,  4,  5,  8, 12, 13, 14, 16, 18, 20] = [ 1,  2,  6,  7,  9, 10, 11, 15, 17, 19, 21]
    W1: [ 0, 17, 19, 21, 24, 26, 27] < [ 1, 16, 18, 20, 22, 23, 25]
    W2: [ 0,  3,  4,  5,  9, 10, 11, 15, 16, 17, 19, 21, 24] < [ 1,  2,  6,  8, 12, 13, 14, 18, 20, 22, 23, 25, 27]
    W3: [ 0,  3,  4,  6,  8, 15, 18, 21, 25, 27] = [ 2,  7,  9, 13, 14, 16, 17, 20, 22, 23]
    W4: [ 5,  6,  8,  9, 13, 15, 19, 20, 23, 27] = [ 0,  1,  2,  4,  7, 10, 12, 18, 22, 25]
    Truth table row=[=, <, <, =, =] ix=85 result=[24-] is correct

Test 24+:
    W0: [ 0,  3,  4,  5,  8, 12, 13, 14, 16, 18, 20] = [ 1,  2,  6,  7,  9, 10, 11, 15, 17, 19, 21]
    W1: [ 0, 17, 19, 21, 24, 26, 27] > [ 1, 16, 18, 20, 22, 23, 25]
    W2: [ 0,  3,  4,  5,  9, 10, 11, 15, 16, 17, 19, 21, 24] > [ 1,  2,  6,  8, 12, 13, 14, 18, 20, 22, 23, 25, 27]
    W3: [ 0,  3,  4,  6,  8, 15, 18, 21, 25, 27] = [ 2,  7,  9, 13, 14, 16, 17, 20, 22, 23]
    W4: [ 5,  6,  8,  9, 13, 15, 19, 20, 23, 27] = [ 0,  1,  2,  4,  7, 10, 12, 18, 22, 25]
    Truth table row=[=, >, >, =, =] ix=157 result=[24+] is correct

Test 25-:
    W0: [ 0,  3,  4,  5,  8, 12, 13, 14, 16, 18, 20] = [ 1,  2,  6,  7,  9, 10, 11, 15, 17, 19, 21]
    W1: [ 0, 17, 19, 21, 24, 26, 27] > [ 1, 16, 18, 20, 22, 23, 25]
    W2: [ 0,  3,  4,  5,  9, 10, 11, 15, 16, 17, 19, 21, 24] > [ 1,  2,  6,  8, 12, 13, 14, 18, 20, 22, 23, 25, 27]
    W3: [ 0,  3,  4,  6,  8, 15, 18, 21, 25, 27] < [ 2,  7,  9, 13, 14, 16, 17, 20, 22, 23]
    W4: [ 5,  6,  8,  9, 13, 15, 19, 20, 23, 27] > [ 0,  1,  2,  4,  7, 10, 12, 18, 22, 25]
    Truth table row=[=, >, >, <, >] ix=155 result=[25-] is correct

Test 25+:
    W0: [ 0,  3,  4,  5,  8, 12, 13, 14, 16, 18, 20] = [ 1,  2,  6,  7,  9, 10, 11, 15, 17, 19, 21]
    W1: [ 0, 17, 19, 21, 24, 26, 27] < [ 1, 16, 18, 20, 22, 23, 25]
    W2: [ 0,  3,  4,  5,  9, 10, 11, 15, 16, 17, 19, 21, 24] < [ 1,  2,  6,  8, 12, 13, 14, 18, 20, 22, 23, 25, 27]
    W3: [ 0,  3,  4,  6,  8, 15, 18, 21, 25, 27] > [ 2,  7,  9, 13, 14, 16, 17, 20, 22, 23]
    W4: [ 5,  6,  8,  9, 13, 15, 19, 20, 23, 27] < [ 0,  1,  2,  4,  7, 10, 12, 18, 22, 25]
    Truth table row=[=, <, <, >, <] ix=87 result=[25+] is correct

Test 26-:
    W0: [ 0,  3,  4,  5,  8, 12, 13, 14, 16, 18, 20] = [ 1,  2,  6,  7,  9, 10, 11, 15, 17, 19, 21]
    W1: [ 0, 17, 19, 21, 24, 26, 27] < [ 1, 16, 18, 20, 22, 23, 25]
    W2: [ 0,  3,  4,  5,  9, 10, 11, 15, 16, 17, 19, 21, 24] = [ 1,  2,  6,  8, 12, 13, 14, 18, 20, 22, 23, 25, 27]
    W3: [ 0,  3,  4,  6,  8, 15, 18, 21, 25, 27] = [ 2,  7,  9, 13, 14, 16, 17, 20, 22, 23]
    W4: [ 5,  6,  8,  9, 13, 15, 19, 20, 23, 27] = [ 0,  1,  2,  4,  7, 10, 12, 18, 22, 25]
    Truth table row=[=, <, =, =, =] ix=94 result=[26-] is correct

Test 26+:
    W0: [ 0,  3,  4,  5,  8, 12, 13, 14, 16, 18, 20] = [ 1,  2,  6,  7,  9, 10, 11, 15, 17, 19, 21]
    W1: [ 0, 17, 19, 21, 24, 26, 27] > [ 1, 16, 18, 20, 22, 23, 25]
    W2: [ 0,  3,  4,  5,  9, 10, 11, 15, 16, 17, 19, 21, 24] = [ 1,  2,  6,  8, 12, 13, 14, 18, 20, 22, 23, 25, 27]
    W3: [ 0,  3,  4,  6,  8, 15, 18, 21, 25, 27] = [ 2,  7,  9, 13, 14, 16, 17, 20, 22, 23]
    W4: [ 5,  6,  8,  9, 13, 15, 19, 20, 23, 27] = [ 0,  1,  2,  4,  7, 10, 12, 18, 22, 25]
    Truth table row=[=, >, =, =, =] ix=148 result=[26+] is correct

Test 27-:
    W0: [ 0,  3,  4,  5,  8, 12, 13, 14, 16, 18, 20] = [ 1,  2,  6,  7,  9, 10, 11, 15, 17, 19, 21]
    W1: [ 0, 17, 19, 21, 24, 26, 27] < [ 1, 16, 18, 20, 22, 23, 25]
    W2: [ 0,  3,  4,  5,  9, 10, 11, 15, 16, 17, 19, 21, 24] > [ 1,  2,  6,  8, 12, 13, 14, 18, 20, 22, 23, 25, 27]
    W3: [ 0,  3,  4,  6,  8, 15, 18, 21, 25, 27] < [ 2,  7,  9, 13, 14, 16, 17, 20, 22, 23]
    W4: [ 5,  6,  8,  9, 13, 15, 19, 20, 23, 27] < [ 0,  1,  2,  4,  7, 10, 12, 18, 22, 25]
    Truth table row=[=, <, >, <, <] ix=99 result=[27-] is correct

Test 27+:
    W0: [ 0,  3,  4,  5,  8, 12, 13, 14, 16, 18, 20] = [ 1,  2,  6,  7,  9, 10, 11, 15, 17, 19, 21]
    W1: [ 0, 17, 19, 21, 24, 26, 27] > [ 1, 16, 18, 20, 22, 23, 25]
    W2: [ 0,  3,  4,  5,  9, 10, 11, 15, 16, 17, 19, 21, 24] < [ 1,  2,  6,  8, 12, 13, 14, 18, 20, 22, 23, 25, 27]
    W3: [ 0,  3,  4,  6,  8, 15, 18, 21, 25, 27] > [ 2,  7,  9, 13, 14, 16, 17, 20, 22, 23]
    W4: [ 5,  6,  8,  9, 13, 15, 19, 20, 23, 27] > [ 0,  1,  2,  4,  7, 10, 12, 18, 22, 25]
    Truth table row=[=, >, <, >, >] ix=143 result=[27+] is correct

Total correct results: 56
Total incorrect results: 0
