Solving for 51 balls and 5 weighings.
Using symmetry breaking strategy TruthTableAscending.

Solution:
W0: [ 0,  1,  4,  6,  7,  8, 12, 14, 18, 19, 20, 21, 22, 24, 26, 31, 32, 33, 37] <=> [ 2,  3,  5,  9, 10, 11, 13, 15, 16, 17, 23, 25, 27, 28, 29, 30, 34, 35, 36]
W1: [ 0,  1,  4,  6,  7,  8, 12, 14, 18, 19, 20, 21, 22, 24, 26, 34, 35, 36, 38, 39, 42, 43] <=> [ 2,  3,  5,  9, 10, 11, 13, 15, 16, 17, 23, 25, 32, 33, 37, 40, 41, 44, 45, 46, 47, 48]
W2: [ 0,  1,  4,  6,  7,  8, 23, 25, 31, 32, 33, 37, 38, 39, 47, 48, 49] <=> [ 2,  3,  5, 18, 19, 20, 21, 22, 24, 26, 27, 28, 29, 30, 34, 35, 36]
W3: [ 0,  1, 15, 16, 17, 18, 19, 20, 25, 32, 33, 38, 44, 45, 46, 48] <=> [ 2,  6,  7,  8,  9, 10, 11, 24, 26, 27, 28, 29, 31, 34, 39, 40]
W4: [ 0,  2,  5,  6, 11, 12, 17, 18, 21, 23, 24, 29, 31, 32, 34, 46, 49] <=> [ 3,  8,  9, 14, 15, 20, 26, 27, 30, 35, 37, 38, 39, 41, 43, 44, 50]

Truth Table:
ix  W0  W1  W2  W3  W4   Result
 0   <   <   <   <   <   0-
 1   <   <   <   <   =   1-
 2   <   <   <   <   >   2+
 3   <   <   <   =   <   3+
 4   <   <   <   =   =   4-
 5   <   <   <   =   >   5+
 6   <   <   <   >   <   6-
 7   <   <   <   >   =   7-
 8   <   <   <   >   >   8-
 9   <   <   =   <   <   9+
10   <   <   =   <   =   10+
11   <   <   =   <   >   11+
12   <   <   =   =   <   12-
13   <   <   =   =   =   13+
14   <   <   =   =   >   14-
15   <   <   =   >   <   15+
16   <   <   =   >   =   16+
17   <   <   =   >   >   17+
18   <   <   >   <   <   18-
19   <   <   >   <   =   19-
20   <   <   >   <   >   20-
21   <   <   >   =   <   21-
22   <   <   >   =   =   22-
23   <   <   >   =   >   23+
24   <   <   >   >   <   24-
25   <   <   >   >   =   25+
26   <   <   >   >   >   26-
27   <   =   <   <   <   27+
28   <   =   <   <   =   28+
29   <   =   <   <   >   29+
30   <   =   <   =   <   30+
31   <   =   <   =   =
32   <   =   <   =   >
33   <   =   <   >   <   31-
34   <   =   <   >   =
35   <   =   <   >   >
36   <   =   =   <   <
37   <   =   =   <   =
38   <   =   =   <   >
39   <   =   =   =   <
40   <   =   =   =   =
41   <   =   =   =   >
42   <   =   =   >   <
43   <   =   =   >   =
44   <   =   =   >   >
45   <   =   >   <   <
46   <   =   >   <   =
47   <   =   >   <   >
48   <   =   >   =   <
49   <   =   >   =   =
50   <   =   >   =   >
51   <   =   >   >   <
52   <   =   >   >   =
53   <   =   >   >   >
54   <   >   <   <   <   32-
55   <   >   <   <   =   33-
56   <   >   <   <   >   34+
57   <   >   <   =   <   35+
58   <   >   <   =   =   36+
59   <   >   <   =   >   37-
60   <   >   <   >   <
61   <   >   <   >   =
62   <   >   <   >   >
63   <   >   =   <   <
64   <   >   =   <   =
65   <   >   =   <   >
66   <   >   =   =   <
67   <   >   =   =   =
68   <   >   =   =   >
69   <   >   =   >   <
70   <   >   =   >   =
71   <   >   =   >   >
72   <   >   >   <   <
73   <   >   >   <   =
74   <   >   >   <   >
75   <   >   >   =   <
76   <   >   >   =   =
77   <   >   >   =   >
78   <   >   >   >   <
79   <   >   >   >   =
80   <   >   >   >   >
81   =   <   <   <   <
82   =   <   <   <   =
83   =   <   <   <   >   38-
84   =   <   <   =   <
85   =   <   <   =   =
86   =   <   <   =   >
87   =   <   <   >   <
88   =   <   <   >   =
89   =   <   <   >   >   39-
90   =   <   =   <   <
91   =   <   =   <   =   40+
92   =   <   =   <   >
93   =   <   =   =   <   41+
94   =   <   =   =   =   42-
95   =   <   =   =   >   43-
96   =   <   =   >   <   44+
97   =   <   =   >   =   45+
98   =   <   =   >   >   46+
99   =   <   >   <   <
100   =   <   >   <   =
101   =   <   >   <   >
102   =   <   >   =   <
103   =   <   >   =   =   47+
104   =   <   >   =   >
105   =   <   >   >   <
106   =   <   >   >   =   48+
107   =   <   >   >   >
108   =   =   <   <   <
109   =   =   <   <   =
110   =   =   <   <   >
111   =   =   <   =   <   49-
112   =   =   <   =   =
113   =   =   <   =   >
114   =   =   <   >   <
115   =   =   <   >   =
116   =   =   <   >   >
117   =   =   =   <   <
118   =   =   =   <   =
119   =   =   =   <   >
120   =   =   =   =   <   50+
121   =   =   =   =   =
122   =   =   =   =   >   50-
123   =   =   =   >   <
124   =   =   =   >   =
125   =   =   =   >   >
126   =   =   >   <   <
127   =   =   >   <   =
128   =   =   >   <   >
129   =   =   >   =   <
130   =   =   >   =   =
131   =   =   >   =   >   49+
132   =   =   >   >   <
133   =   =   >   >   =
134   =   =   >   >   >
135   =   >   <   <   <
136   =   >   <   <   =   48-
137   =   >   <   <   >
138   =   >   <   =   <
139   =   >   <   =   =   47-
140   =   >   <   =   >
141   =   >   <   >   <
142   =   >   <   >   =
143   =   >   <   >   >
144   =   >   =   <   <   46-
145   =   >   =   <   =   45-
146   =   >   =   <   >   44-
147   =   >   =   =   <   43+
148   =   >   =   =   =   42+
149   =   >   =   =   >   41-
150   =   >   =   >   <
151   =   >   =   >   =   40-
152   =   >   =   >   >
153   =   >   >   <   <   39+
154   =   >   >   <   =
155   =   >   >   <   >
156   =   >   >   =   <
157   =   >   >   =   =
158   =   >   >   =   >
159   =   >   >   >   <   38+
160   =   >   >   >   =
161   =   >   >   >   >
162   >   <   <   <   <
163   >   <   <   <   =
164   >   <   <   <   >
165   >   <   <   =   <
166   >   <   <   =   =
167   >   <   <   =   >
168   >   <   <   >   <
169   >   <   <   >   =
170   >   <   <   >   >
171   >   <   =   <   <
172   >   <   =   <   =
173   >   <   =   <   >
174   >   <   =   =   <
175   >   <   =   =   =
176   >   <   =   =   >
177   >   <   =   >   <
178   >   <   =   >   =
179   >   <   =   >   >
180   >   <   >   <   <
181   >   <   >   <   =
182   >   <   >   <   >
183   >   <   >   =   <   37+
184   >   <   >   =   =   36-
185   >   <   >   =   >   35-
186   >   <   >   >   <   34-
187   >   <   >   >   =   33+
188   >   <   >   >   >   32+
189   >   =   <   <   <
190   >   =   <   <   =
191   >   =   <   <   >
192   >   =   <   =   <
193   >   =   <   =   =
194   >   =   <   =   >
195   >   =   <   >   <
196   >   =   <   >   =
197   >   =   <   >   >
198   >   =   =   <   <
199   >   =   =   <   =
200   >   =   =   <   >
201   >   =   =   =   <
202   >   =   =   =   =
203   >   =   =   =   >
204   >   =   =   >   <
205   >   =   =   >   =
206   >   =   =   >   >
207   >   =   >   <   <
208   >   =   >   <   =
209   >   =   >   <   >   31+
210   >   =   >   =   <
211   >   =   >   =   =
212   >   =   >   =   >   30-
213   >   =   >   >   <   29-
214   >   =   >   >   =   28-
215   >   =   >   >   >   27-
216   >   >   <   <   <   26+
217   >   >   <   <   =   25-
218   >   >   <   <   >   24+
219   >   >   <   =   <   23-
220   >   >   <   =   =   22+
221   >   >   <   =   >   21+
222   >   >   <   >   <   20+
223   >   >   <   >   =   19+
224   >   >   <   >   >   18+
225   >   >   =   <   <   17-
226   >   >   =   <   =   16-
227   >   >   =   <   >   15-
228   >   >   =   =   <   14+
229   >   >   =   =   =   13-
230   >   >   =   =   >   12+
231   >   >   =   >   <   11-
232   >   >   =   >   =   10-
233   >   >   =   >   >   9-
234   >   >   >   <   <   8+
235   >   >   >   <   =   7+
236   >   >   >   <   >   6+
237   >   >   >   =   <   5-
238   >   >   >   =   =   4+
239   >   >   >   =   >   3-
240   >   >   >   >   <   2-
241   >   >   >   >   =   1+
242   >   >   >   >   >   0+

Test 0-:
    W0: [ 0,  1,  4,  6,  7,  8, 12, 14, 18, 19, 20, 21, 22, 24, 26, 31, 32, 33, 37] < [ 2,  3,  5,  9, 10, 11, 13, 15, 16, 17, 23, 25, 27, 28, 29, 30, 34, 35, 36]
    W1: [ 0,  1,  4,  6,  7,  8, 12, 14, 18, 19, 20, 21, 22, 24, 26, 34, 35, 36, 38, 39, 42, 43] < [ 2,  3,  5,  9, 10, 11, 13, 15, 16, 17, 23, 25, 32, 33, 37, 40, 41, 44, 45, 46, 47, 48]
    W2: [ 0,  1,  4,  6,  7,  8, 23, 25, 31, 32, 33, 37, 38, 39, 47, 48, 49] < [ 2,  3,  5, 18, 19, 20, 21, 22, 24, 26, 27, 28, 29, 30, 34, 35, 36]
    W3: [ 0,  1, 15, 16, 17, 18, 19, 20, 25, 32, 33, 38, 44, 45, 46, 48] < [ 2,  6,  7,  8,  9, 10, 11, 24, 26, 27, 28, 29, 31, 34, 39, 40]
    W4: [ 0,  2,  5,  6, 11, 12, 17, 18, 21, 23, 24, 29, 31, 32, 34, 46, 49] < [ 3,  8,  9, 14, 15, 20, 26, 27, 30, 35, 37, 38, 39, 41, 43, 44, 50]
    Truth table row=[<, <, <, <, <] ix=0 result=[0-] is correct

Test 0+:
    W0: [ 0,  1,  4,  6,  7,  8, 12, 14, 18, 19, 20, 21, 22, 24, 26, 31, 32, 33, 37] > [ 2,  3,  5,  9, 10, 11, 13, 15, 16, 17, 23, 25, 27, 28, 29, 30, 34, 35, 36]
    W1: [ 0,  1,  4,  6,  7,  8, 12, 14, 18, 19, 20, 21, 22, 24, 26, 34, 35, 36, 38, 39, 42, 43] > [ 2,  3,  5,  9, 10, 11, 13, 15, 16, 17, 23, 25, 32, 33, 37, 40, 41, 44, 45, 46, 47, 48]
    W2: [ 0,  1,  4,  6,  7,  8, 23, 25, 31, 32, 33, 37, 38, 39, 47, 48, 49] > [ 2,  3,  5, 18, 19, 20, 21, 22, 24, 26, 27, 28, 29, 30, 34, 35, 36]
    W3: [ 0,  1, 15, 16, 17, 18, 19, 20, 25, 32, 33, 38, 44, 45, 46, 48] > [ 2,  6,  7,  8,  9, 10, 11, 24, 26, 27, 28, 29, 31, 34, 39, 40]
    W4: [ 0,  2,  5,  6, 11, 12, 17, 18, 21, 23, 24, 29, 31, 32, 34, 46, 49] > [ 3,  8,  9, 14, 15, 20, 26, 27, 30, 35, 37, 38, 39, 41, 43, 44, 50]
    Truth table row=[>, >, >, >, >] ix=242 result=[0+] is correct

Test 1-:
    W0: [ 0,  1,  4,  6,  7,  8, 12, 14, 18, 19, 20, 21, 22, 24, 26, 31, 32, 33, 37] < [ 2,  3,  5,  9, 10, 11, 13, 15, 16, 17, 23, 25, 27, 28, 29, 30, 34, 35, 36]
    W1: [ 0,  1,  4,  6,  7,  8, 12, 14, 18, 19, 20, 21, 22, 24, 26, 34, 35, 36, 38, 39, 42, 43] < [ 2,  3,  5,  9, 10, 11, 13, 15, 16, 17, 23, 25, 32, 33, 37, 40, 41, 44, 45, 46, 47, 48]
    W2: [ 0,  1,  4,  6,  7,  8, 23, 25, 31, 32, 33, 37, 38, 39, 47, 48, 49] < [ 2,  3,  5, 18, 19, 20, 21, 22, 24, 26, 27, 28, 29, 30, 34, 35, 36]
    W3: [ 0,  1, 15, 16, 17, 18, 19, 20, 25, 32, 33, 38, 44, 45, 46, 48] < [ 2,  6,  7,  8,  9, 10, 11, 24, 26, 27, 28, 29, 31, 34, 39, 40]
    W4: [ 0,  2,  5,  6, 11, 12, 17, 18, 21, 23, 24, 29, 31, 32, 34, 46, 49] = [ 3,  8,  9, 14, 15, 20, 26, 27, 30, 35, 37, 38, 39, 41, 43, 44, 50]
    Truth table row=[<, <, <, <, =] ix=1 result=[1-] is correct

Test 1+:
    W0: [ 0,  1,  4,  6,  7,  8, 12, 14, 18, 19, 20, 21, 22, 24, 26, 31, 32, 33, 37] > [ 2,  3,  5,  9, 10, 11, 13, 15, 16, 17, 23, 25, 27, 28, 29, 30, 34, 35, 36]
    W1: [ 0,  1,  4,  6,  7,  8, 12, 14, 18, 19, 20, 21, 22, 24, 26, 34, 35, 36, 38, 39, 42, 43] > [ 2,  3,  5,  9, 10, 11, 13, 15, 16, 17, 23, 25, 32, 33, 37, 40, 41, 44, 45, 46, 47, 48]
    W2: [ 0,  1,  4,  6,  7,  8, 23, 25, 31, 32, 33, 37, 38, 39, 47, 48, 49] > [ 2,  3,  5, 18, 19, 20, 21, 22, 24, 26, 27, 28, 29, 30, 34, 35, 36]
    W3: [ 0,  1, 15, 16, 17, 18, 19, 20, 25, 32, 33, 38, 44, 45, 46, 48] > [ 2,  6,  7,  8,  9, 10, 11, 24, 26, 27, 28, 29, 31, 34, 39, 40]
    W4: [ 0,  2,  5,  6, 11, 12, 17, 18, 21, 23, 24, 29, 31, 32, 34, 46, 49] = [ 3,  8,  9, 14, 15, 20, 26, 27, 30, 35, 37, 38, 39, 41, 43, 44, 50]
    Truth table row=[>, >, >, >, =] ix=241 result=[1+] is correct

Test 2-:
    W0: [ 0,  1,  4,  6,  7,  8, 12, 14, 18, 19, 20, 21, 22, 24, 26, 31, 32, 33, 37] > [ 2,  3,  5,  9, 10, 11, 13, 15, 16, 17, 23, 25, 27, 28, 29, 30, 34, 35, 36]
    W1: [ 0,  1,  4,  6,  7,  8, 12, 14, 18, 19, 20, 21, 22, 24, 26, 34, 35, 36, 38, 39, 42, 43] > [ 2,  3,  5,  9, 10, 11, 13, 15, 16, 17, 23, 25, 32, 33, 37, 40, 41, 44, 45, 46, 47, 48]
    W2: [ 0,  1,  4,  6,  7,  8, 23, 25, 31, 32, 33, 37, 38, 39, 47, 48, 49] > [ 2,  3,  5, 18, 19, 20, 21, 22, 24, 26, 27, 28, 29, 30, 34, 35, 36]
    W3: [ 0,  1, 15, 16, 17, 18, 19, 20, 25, 32, 33, 38, 44, 45, 46, 48] > [ 2,  6,  7,  8,  9, 10, 11, 24, 26, 27, 28, 29, 31, 34, 39, 40]
    W4: [ 0,  2,  5,  6, 11, 12, 17, 18, 21, 23, 24, 29, 31, 32, 34, 46, 49] < [ 3,  8,  9, 14, 15, 20, 26, 27, 30, 35, 37, 38, 39, 41, 43, 44, 50]
    Truth table row=[>, >, >, >, <] ix=240 result=[2-] is correct

Test 2+:
    W0: [ 0,  1,  4,  6,  7,  8, 12, 14, 18, 19, 20, 21, 22, 24, 26, 31, 32, 33, 37] < [ 2,  3,  5,  9, 10, 11, 13, 15, 16, 17, 23, 25, 27, 28, 29, 30, 34, 35, 36]
    W1: [ 0,  1,  4,  6,  7,  8, 12, 14, 18, 19, 20, 21, 22, 24, 26, 34, 35, 36, 38, 39, 42, 43] < [ 2,  3,  5,  9, 10, 11, 13, 15, 16, 17, 23, 25, 32, 33, 37, 40, 41, 44, 45, 46, 47, 48]
    W2: [ 0,  1,  4,  6,  7,  8, 23, 25, 31, 32, 33, 37, 38, 39, 47, 48, 49] < [ 2,  3,  5, 18, 19, 20, 21, 22, 24, 26, 27, 28, 29, 30, 34, 35, 36]
    W3: [ 0,  1, 15, 16, 17, 18, 19, 20, 25, 32, 33, 38, 44, 45, 46, 48] < [ 2,  6,  7,  8,  9, 10, 11, 24, 26, 27, 28, 29, 31, 34, 39, 40]
    W4: [ 0,  2,  5,  6, 11, 12, 17, 18, 21, 23, 24, 29, 31, 32, 34, 46, 49] > [ 3,  8,  9, 14, 15, 20, 26, 27, 30, 35, 37, 38, 39, 41, 43, 44, 50]
    Truth table row=[<, <, <, <, >] ix=2 result=[2+] is correct

Test 3-:
    W0: [ 0,  1,  4,  6,  7,  8, 12, 14, 18, 19, 20, 21, 22, 24, 26, 31, 32, 33, 37] > [ 2,  3,  5,  9, 10, 11, 13, 15, 16, 17, 23, 25, 27, 28, 29, 30, 34, 35, 36]
    W1: [ 0,  1,  4,  6,  7,  8, 12, 14, 18, 19, 20, 21, 22, 24, 26, 34, 35, 36, 38, 39, 42, 43] > [ 2,  3,  5,  9, 10, 11, 13, 15, 16, 17, 23, 25, 32, 33, 37, 40, 41, 44, 45, 46, 47, 48]
    W2: [ 0,  1,  4,  6,  7,  8, 23, 25, 31, 32, 33, 37, 38, 39, 47, 48, 49] > [ 2,  3,  5, 18, 19, 20, 21, 22, 24, 26, 27, 28, 29, 30, 34, 35, 36]
    W3: [ 0,  1, 15, 16, 17, 18, 19, 20, 25, 32, 33, 38, 44, 45, 46, 48] = [ 2,  6,  7,  8,  9, 10, 11, 24, 26, 27, 28, 29, 31, 34, 39, 40]
    W4: [ 0,  2,  5,  6, 11, 12, 17, 18, 21, 23, 24, 29, 31, 32, 34, 46, 49] > [ 3,  8,  9, 14, 15, 20, 26, 27, 30, 35, 37, 38, 39, 41, 43, 44, 50]
    Truth table row=[>, >, >, =, >] ix=239 result=[3-] is correct

Test 3+:
    W0: [ 0,  1,  4,  6,  7,  8, 12, 14, 18, 19, 20, 21, 22, 24, 26, 31, 32, 33, 37] < [ 2,  3,  5,  9, 10, 11, 13, 15, 16, 17, 23, 25, 27, 28, 29, 30, 34, 35, 36]
    W1: [ 0,  1,  4,  6,  7,  8, 12, 14, 18, 19, 20, 21, 22, 24, 26, 34, 35, 36, 38, 39, 42, 43] < [ 2,  3,  5,  9, 10, 11, 13, 15, 16, 17, 23, 25, 32, 33, 37, 40, 41, 44, 45, 46, 47, 48]
    W2: [ 0,  1,  4,  6,  7,  8, 23, 25, 31, 32, 33, 37, 38, 39, 47, 48, 49] < [ 2,  3,  5, 18, 19, 20, 21, 22, 24, 26, 27, 28, 29, 30, 34, 35, 36]
    W3: [ 0,  1, 15, 16, 17, 18, 19, 20, 25, 32, 33, 38, 44, 45, 46, 48] = [ 2,  6,  7,  8,  9, 10, 11, 24, 26, 27, 28, 29, 31, 34, 39, 40]
    W4: [ 0,  2,  5,  6, 11, 12, 17, 18, 21, 23, 24, 29, 31, 32, 34, 46, 49] < [ 3,  8,  9, 14, 15, 20, 26, 27, 30, 35, 37, 38, 39, 41, 43, 44, 50]
    Truth table row=[<, <, <, =, <] ix=3 result=[3+] is correct

Test 4-:
    W0: [ 0,  1,  4,  6,  7,  8, 12, 14, 18, 19, 20, 21, 22, 24, 26, 31, 32, 33, 37] < [ 2,  3,  5,  9, 10, 11, 13, 15, 16, 17, 23, 25, 27, 28, 29, 30, 34, 35, 36]
    W1: [ 0,  1,  4,  6,  7,  8, 12, 14, 18, 19, 20, 21, 22, 24, 26, 34, 35, 36, 38, 39, 42, 43] < [ 2,  3,  5,  9, 10, 11, 13, 15, 16, 17, 23, 25, 32, 33, 37, 40, 41, 44, 45, 46, 47, 48]
    W2: [ 0,  1,  4,  6,  7,  8, 23, 25, 31, 32, 33, 37, 38, 39, 47, 48, 49] < [ 2,  3,  5, 18, 19, 20, 21, 22, 24, 26, 27, 28, 29, 30, 34, 35, 36]
    W3: [ 0,  1, 15, 16, 17, 18, 19, 20, 25, 32, 33, 38, 44, 45, 46, 48] = [ 2,  6,  7,  8,  9, 10, 11, 24, 26, 27, 28, 29, 31, 34, 39, 40]
    W4: [ 0,  2,  5,  6, 11, 12, 17, 18, 21, 23, 24, 29, 31, 32, 34, 46, 49] = [ 3,  8,  9, 14, 15, 20, 26, 27, 30, 35, 37, 38, 39, 41, 43, 44, 50]
    Truth table row=[<, <, <, =, =] ix=4 result=[4-] is correct

Test 4+:
    W0: [ 0,  1,  4,  6,  7,  8, 12, 14, 18, 19, 20, 21, 22, 24, 26, 31, 32, 33, 37] > [ 2,  3,  5,  9, 10, 11, 13, 15, 16, 17, 23, 25, 27, 28, 29, 30, 34, 35, 36]
    W1: [ 0,  1,  4,  6,  7,  8, 12, 14, 18, 19, 20, 21, 22, 24, 26, 34, 35, 36, 38, 39, 42, 43] > [ 2,  3,  5,  9, 10, 11, 13, 15, 16, 17, 23, 25, 32, 33, 37, 40, 41, 44, 45, 46, 47, 48]
    W2: [ 0,  1,  4,  6,  7,  8, 23, 25, 31, 32, 33, 37, 38, 39, 47, 48, 49] > [ 2,  3,  5, 18, 19, 20, 21, 22, 24, 26, 27, 28, 29, 30, 34, 35, 36]
    W3: [ 0,  1, 15, 16, 17, 18, 19, 20, 25, 32, 33, 38, 44, 45, 46, 48] = [ 2,  6,  7,  8,  9, 10, 11, 24, 26, 27, 28, 29, 31, 34, 39, 40]
    W4: [ 0,  2,  5,  6, 11, 12, 17, 18, 21, 23, 24, 29, 31, 32, 34, 46, 49] = [ 3,  8,  9, 14, 15, 20, 26, 27, 30, 35, 37, 38, 39, 41, 43, 44, 50]
    Truth table row=[>, >, >, =, =] ix=238 result=[4+] is correct

Test 5-:
    W0: [ 0,  1,  4,  6,  7,  8, 12, 14, 18, 19, 20, 21, 22, 24, 26, 31, 32, 33, 37] > [ 2,  3,  5,  9, 10, 11, 13, 15, 16, 17, 23, 25, 27, 28, 29, 30, 34, 35, 36]
    W1: [ 0,  1,  4,  6,  7,  8, 12, 14, 18, 19, 20, 21, 22, 24, 26, 34, 35, 36, 38, 39, 42, 43] > [ 2,  3,  5,  9, 10, 11, 13, 15, 16, 17, 23, 25, 32, 33, 37, 40, 41, 44, 45, 46, 47, 48]
    W2: [ 0,  1,  4,  6,  7,  8, 23, 25, 31, 32, 33, 37, 38, 39, 47, 48, 49] > [ 2,  3,  5, 18, 19, 20, 21, 22, 24, 26, 27, 28, 29, 30, 34, 35, 36]
    W3: [ 0,  1, 15, 16, 17, 18, 19, 20, 25, 32, 33, 38, 44, 45, 46, 48] = [ 2,  6,  7,  8,  9, 10, 11, 24, 26, 27, 28, 29, 31, 34, 39, 40]
    W4: [ 0,  2,  5,  6, 11, 12, 17, 18, 21, 23, 24, 29, 31, 32, 34, 46, 49] < [ 3,  8,  9, 14, 15, 20, 26, 27, 30, 35, 37, 38, 39, 41, 43, 44, 50]
    Truth table row=[>, >, >, =, <] ix=237 result=[5-] is correct

Test 5+:
    W0: [ 0,  1,  4,  6,  7,  8, 12, 14, 18, 19, 20, 21, 22, 24, 26, 31, 32, 33, 37] < [ 2,  3,  5,  9, 10, 11, 13, 15, 16, 17, 23, 25, 27, 28, 29, 30, 34, 35, 36]
    W1: [ 0,  1,  4,  6,  7,  8, 12, 14, 18, 19, 20, 21, 22, 24, 26, 34, 35, 36, 38, 39, 42, 43] < [ 2,  3,  5,  9, 10, 11, 13, 15, 16, 17, 23, 25, 32, 33, 37, 40, 41, 44, 45, 46, 47, 48]
    W2: [ 0,  1,  4,  6,  7,  8, 23, 25, 31, 32, 33, 37, 38, 39, 47, 48, 49] < [ 2,  3,  5, 18, 19, 20, 21, 22, 24, 26, 27, 28, 29, 30, 34, 35, 36]
    W3: [ 0,  1, 15, 16, 17, 18, 19, 20, 25, 32, 33, 38, 44, 45, 46, 48] = [ 2,  6,  7,  8,  9, 10, 11, 24, 26, 27, 28, 29, 31, 34, 39, 40]
    W4: [ 0,  2,  5,  6, 11, 12, 17, 18, 21, 23, 24, 29, 31, 32, 34, 46, 49] > [ 3,  8,  9, 14, 15, 20, 26, 27, 30, 35, 37, 38, 39, 41, 43, 44, 50]
    Truth table row=[<, <, <, =, >] ix=5 result=[5+] is correct

Test 6-:
    W0: [ 0,  1,  4,  6,  7,  8, 12, 14, 18, 19, 20, 21, 22, 24, 26, 31, 32, 33, 37] < [ 2,  3,  5,  9, 10, 11, 13, 15, 16, 17, 23, 25, 27, 28, 29, 30, 34, 35, 36]
    W1: [ 0,  1,  4,  6,  7,  8, 12, 14, 18, 19, 20, 21, 22, 24, 26, 34, 35, 36, 38, 39, 42, 43] < [ 2,  3,  5,  9, 10, 11, 13, 15, 16, 17, 23, 25, 32, 33, 37, 40, 41, 44, 45, 46, 47, 48]
    W2: [ 0,  1,  4,  6,  7,  8, 23, 25, 31, 32, 33, 37, 38, 39, 47, 48, 49] < [ 2,  3,  5, 18, 19, 20, 21, 22, 24, 26, 27, 28, 29, 30, 34, 35, 36]
    W3: [ 0,  1, 15, 16, 17, 18, 19, 20, 25, 32, 33, 38, 44, 45, 46, 48] > [ 2,  6,  7,  8,  9, 10, 11, 24, 26, 27, 28, 29, 31, 34, 39, 40]
    W4: [ 0,  2,  5,  6, 11, 12, 17, 18, 21, 23, 24, 29, 31, 32, 34, 46, 49] < [ 3,  8,  9, 14, 15, 20, 26, 27, 30, 35, 37, 38, 39, 41, 43, 44, 50]
    Truth table row=[<, <, <, >, <] ix=6 result=[6-] is correct

Test 6+:
    W0: [ 0,  1,  4,  6,  7,  8, 12, 14, 18, 19, 20, 21, 22, 24, 26, 31, 32, 33, 37] > [ 2,  3,  5,  9, 10, 11, 13, 15, 16, 17, 23, 25, 27, 28, 29, 30, 34, 35, 36]
    W1: [ 0,  1,  4,  6,  7,  8, 12, 14, 18, 19, 20, 21, 22, 24, 26, 34, 35, 36, 38, 39, 42, 43] > [ 2,  3,  5,  9, 10, 11, 13, 15, 16, 17, 23, 25, 32, 33, 37, 40, 41, 44, 45, 46, 47, 48]
    W2: [ 0,  1,  4,  6,  7,  8, 23, 25, 31, 32, 33, 37, 38, 39, 47, 48, 49] > [ 2,  3,  5, 18, 19, 20, 21, 22, 24, 26, 27, 28, 29, 30, 34, 35, 36]
    W3: [ 0,  1, 15, 16, 17, 18, 19, 20, 25, 32, 33, 38, 44, 45, 46, 48] < [ 2,  6,  7,  8,  9, 10, 11, 24, 26, 27, 28, 29, 31, 34, 39, 40]
    W4: [ 0,  2,  5,  6, 11, 12, 17, 18, 21, 23, 24, 29, 31, 32, 34, 46, 49] > [ 3,  8,  9, 14, 15, 20, 26, 27, 30, 35, 37, 38, 39, 41, 43, 44, 50]
    Truth table row=[>, >, >, <, >] ix=236 result=[6+] is correct

Test 7-:
    W0: [ 0,  1,  4,  6,  7,  8, 12, 14, 18, 19, 20, 21, 22, 24, 26, 31, 32, 33, 37] < [ 2,  3,  5,  9, 10, 11, 13, 15, 16, 17, 23, 25, 27, 28, 29, 30, 34, 35, 36]
    W1: [ 0,  1,  4,  6,  7,  8, 12, 14, 18, 19, 20, 21, 22, 24, 26, 34, 35, 36, 38, 39, 42, 43] < [ 2,  3,  5,  9, 10, 11, 13, 15, 16, 17, 23, 25, 32, 33, 37, 40, 41, 44, 45, 46, 47, 48]
    W2: [ 0,  1,  4,  6,  7,  8, 23, 25, 31, 32, 33, 37, 38, 39, 47, 48, 49] < [ 2,  3,  5, 18, 19, 20, 21, 22, 24, 26, 27, 28, 29, 30, 34, 35, 36]
    W3: [ 0,  1, 15, 16, 17, 18, 19, 20, 25, 32, 33, 38, 44, 45, 46, 48] > [ 2,  6,  7,  8,  9, 10, 11, 24, 26, 27, 28, 29, 31, 34, 39, 40]
    W4: [ 0,  2,  5,  6, 11, 12, 17, 18, 21, 23, 24, 29, 31, 32, 34, 46, 49] = [ 3,  8,  9, 14, 15, 20, 26, 27, 30, 35, 37, 38, 39, 41, 43, 44, 50]
    Truth table row=[<, <, <, >, =] ix=7 result=[7-] is correct

Test 7+:
    W0: [ 0,  1,  4,  6,  7,  8, 12, 14, 18, 19, 20, 21, 22, 24, 26, 31, 32, 33, 37] > [ 2,  3,  5,  9, 10, 11, 13, 15, 16, 17, 23, 25, 27, 28, 29, 30, 34, 35, 36]
    W1: [ 0,  1,  4,  6,  7,  8, 12, 14, 18, 19, 20, 21, 22, 24, 26, 34, 35, 36, 38, 39, 42, 43] > [ 2,  3,  5,  9, 10, 11, 13, 15, 16, 17, 23, 25, 32, 33, 37, 40, 41, 44, 45, 46, 47, 48]
    W2: [ 0,  1,  4,  6,  7,  8, 23, 25, 31, 32, 33, 37, 38, 39, 47, 48, 49] > [ 2,  3,  5, 18, 19, 20, 21, 22, 24, 26, 27, 28, 29, 30, 34, 35, 36]
    W3: [ 0,  1, 15, 16, 17, 18, 19, 20, 25, 32, 33, 38, 44, 45, 46, 48] < [ 2,  6,  7,  8,  9, 10, 11, 24, 26, 27, 28, 29, 31, 34, 39, 40]
    W4: [ 0,  2,  5,  6, 11, 12, 17, 18, 21, 23, 24, 29, 31, 32, 34, 46, 49] = [ 3,  8,  9, 14, 15, 20, 26, 27, 30, 35, 37, 38, 39, 41, 43, 44, 50]
    Truth table row=[>, >, >, <, =] ix=235 result=[7+] is correct

Test 8-:
    W0: [ 0,  1,  4,  6,  7,  8, 12, 14, 18, 19, 20, 21, 22, 24, 26, 31, 32, 33, 37] < [ 2,  3,  5,  9, 10, 11, 13, 15, 16, 17, 23, 25, 27, 28, 29, 30, 34, 35, 36]
    W1: [ 0,  1,  4,  6,  7,  8, 12, 14, 18, 19, 20, 21, 22, 24, 26, 34, 35, 36, 38, 39, 42, 43] < [ 2,  3,  5,  9, 10, 11, 13, 15, 16, 17, 23, 25, 32, 33, 37, 40, 41, 44, 45, 46, 47, 48]
    W2: [ 0,  1,  4,  6,  7,  8, 23, 25, 31, 32, 33, 37, 38, 39, 47, 48, 49] < [ 2,  3,  5, 18, 19, 20, 21, 22, 24, 26, 27, 28, 29, 30, 34, 35, 36]
    W3: [ 0,  1, 15, 16, 17, 18, 19, 20, 25, 32, 33, 38, 44, 45, 46, 48] > [ 2,  6,  7,  8,  9, 10, 11, 24, 26, 27, 28, 29, 31, 34, 39, 40]
    W4: [ 0,  2,  5,  6, 11, 12, 17, 18, 21, 23, 24, 29, 31, 32, 34, 46, 49] > [ 3,  8,  9, 14, 15, 20, 26, 27, 30, 35, 37, 38, 39, 41, 43, 44, 50]
    Truth table row=[<, <, <, >, >] ix=8 result=[8-] is correct

Test 8+:
    W0: [ 0,  1,  4,  6,  7,  8, 12, 14, 18, 19, 20, 21, 22, 24, 26, 31, 32, 33, 37] > [ 2,  3,  5,  9, 10, 11, 13, 15, 16, 17, 23, 25, 27, 28, 29, 30, 34, 35, 36]
    W1: [ 0,  1,  4,  6,  7,  8, 12, 14, 18, 19, 20, 21, 22, 24, 26, 34, 35, 36, 38, 39, 42, 43] > [ 2,  3,  5,  9, 10, 11, 13, 15, 16, 17, 23, 25, 32, 33, 37, 40, 41, 44, 45, 46, 47, 48]
    W2: [ 0,  1,  4,  6,  7,  8, 23, 25, 31, 32, 33, 37, 38, 39, 47, 48, 49] > [ 2,  3,  5, 18, 19, 20, 21, 22, 24, 26, 27, 28, 29, 30, 34, 35, 36]
    W3: [ 0,  1, 15, 16, 17, 18, 19, 20, 25, 32, 33, 38, 44, 45, 46, 48] < [ 2,  6,  7,  8,  9, 10, 11, 24, 26, 27, 28, 29, 31, 34, 39, 40]
    W4: [ 0,  2,  5,  6, 11, 12, 17, 18, 21, 23, 24, 29, 31, 32, 34, 46, 49] < [ 3,  8,  9, 14, 15, 20, 26, 27, 30, 35, 37, 38, 39, 41, 43, 44, 50]
    Truth table row=[>, >, >, <, <] ix=234 result=[8+] is correct

Test 9-:
    W0: [ 0,  1,  4,  6,  7,  8, 12, 14, 18, 19, 20, 21, 22, 24, 26, 31, 32, 33, 37] > [ 2,  3,  5,  9, 10, 11, 13, 15, 16, 17, 23, 25, 27, 28, 29, 30, 34, 35, 36]
    W1: [ 0,  1,  4,  6,  7,  8, 12, 14, 18, 19, 20, 21, 22, 24, 26, 34, 35, 36, 38, 39, 42, 43] > [ 2,  3,  5,  9, 10, 11, 13, 15, 16, 17, 23, 25, 32, 33, 37, 40, 41, 44, 45, 46, 47, 48]
    W2: [ 0,  1,  4,  6,  7,  8, 23, 25, 31, 32, 33, 37, 38, 39, 47, 48, 49] = [ 2,  3,  5, 18, 19, 20, 21, 22, 24, 26, 27, 28, 29, 30, 34, 35, 36]
    W3: [ 0,  1, 15, 16, 17, 18, 19, 20, 25, 32, 33, 38, 44, 45, 46, 48] > [ 2,  6,  7,  8,  9, 10, 11, 24, 26, 27, 28, 29, 31, 34, 39, 40]
    W4: [ 0,  2,  5,  6, 11, 12, 17, 18, 21, 23, 24, 29, 31, 32, 34, 46, 49] > [ 3,  8,  9, 14, 15, 20, 26, 27, 30, 35, 37, 38, 39, 41, 43, 44, 50]
    Truth table row=[>, >, =, >, >] ix=233 result=[9-] is correct

Test 9+:
    W0: [ 0,  1,  4,  6,  7,  8, 12, 14, 18, 19, 20, 21, 22, 24, 26, 31, 32, 33, 37] < [ 2,  3,  5,  9, 10, 11, 13, 15, 16, 17, 23, 25, 27, 28, 29, 30, 34, 35, 36]
    W1: [ 0,  1,  4,  6,  7,  8, 12, 14, 18, 19, 20, 21, 22, 24, 26, 34, 35, 36, 38, 39, 42, 43] < [ 2,  3,  5,  9, 10, 11, 13, 15, 16, 17, 23, 25, 32, 33, 37, 40, 41, 44, 45, 46, 47, 48]
    W2: [ 0,  1,  4,  6,  7,  8, 23, 25, 31, 32, 33, 37, 38, 39, 47, 48, 49] = [ 2,  3,  5, 18, 19, 20, 21, 22, 24, 26, 27, 28, 29, 30, 34, 35, 36]
    W3: [ 0,  1, 15, 16, 17, 18, 19, 20, 25, 32, 33, 38, 44, 45, 46, 48] < [ 2,  6,  7,  8,  9, 10, 11, 24, 26, 27, 28, 29, 31, 34, 39, 40]
    W4: [ 0,  2,  5,  6, 11, 12, 17, 18, 21, 23, 24, 29, 31, 32, 34, 46, 49] < [ 3,  8,  9, 14, 15, 20, 26, 27, 30, 35, 37, 38, 39, 41, 43, 44, 50]
    Truth table row=[<, <, =, <, <] ix=9 result=[9+] is correct

Test 10-:
    W0: [ 0,  1,  4,  6,  7,  8, 12, 14, 18, 19, 20, 21, 22, 24, 26, 31, 32, 33, 37] > [ 2,  3,  5,  9, 10, 11, 13, 15, 16, 17, 23, 25, 27, 28, 29, 30, 34, 35, 36]
    W1: [ 0,  1,  4,  6,  7,  8, 12, 14, 18, 19, 20, 21, 22, 24, 26, 34, 35, 36, 38, 39, 42, 43] > [ 2,  3,  5,  9, 10, 11, 13, 15, 16, 17, 23, 25, 32, 33, 37, 40, 41, 44, 45, 46, 47, 48]
    W2: [ 0,  1,  4,  6,  7,  8, 23, 25, 31, 32, 33, 37, 38, 39, 47, 48, 49] = [ 2,  3,  5, 18, 19, 20, 21, 22, 24, 26, 27, 28, 29, 30, 34, 35, 36]
    W3: [ 0,  1, 15, 16, 17, 18, 19, 20, 25, 32, 33, 38, 44, 45, 46, 48] > [ 2,  6,  7,  8,  9, 10, 11, 24, 26, 27, 28, 29, 31, 34, 39, 40]
    W4: [ 0,  2,  5,  6, 11, 12, 17, 18, 21, 23, 24, 29, 31, 32, 34, 46, 49] = [ 3,  8,  9, 14, 15, 20, 26, 27, 30, 35, 37, 38, 39, 41, 43, 44, 50]
    Truth table row=[>, >, =, >, =] ix=232 result=[10-] is correct

Test 10+:
    W0: [ 0,  1,  4,  6,  7,  8, 12, 14, 18, 19, 20, 21, 22, 24, 26, 31, 32, 33, 37] < [ 2,  3,  5,  9, 10, 11, 13, 15, 16, 17, 23, 25, 27, 28, 29, 30, 34, 35, 36]
    W1: [ 0,  1,  4,  6,  7,  8, 12, 14, 18, 19, 20, 21, 22, 24, 26, 34, 35, 36, 38, 39, 42, 43] < [ 2,  3,  5,  9, 10, 11, 13, 15, 16, 17, 23, 25, 32, 33, 37, 40, 41, 44, 45, 46, 47, 48]
    W2: [ 0,  1,  4,  6,  7,  8, 23, 25, 31, 32, 33, 37, 38, 39, 47, 48, 49] = [ 2,  3,  5, 18, 19, 20, 21, 22, 24, 26, 27, 28, 29, 30, 34, 35, 36]
    W3: [ 0,  1, 15, 16, 17, 18, 19, 20, 25, 32, 33, 38, 44, 45, 46, 48] < [ 2,  6,  7,  8,  9, 10, 11, 24, 26, 27, 28, 29, 31, 34, 39, 40]
    W4: [ 0,  2,  5,  6, 11, 12, 17, 18, 21, 23, 24, 29, 31, 32, 34, 46, 49] = [ 3,  8,  9, 14, 15, 20, 26, 27, 30, 35, 37, 38, 39, 41, 43, 44, 50]
    Truth table row=[<, <, =, <, =] ix=10 result=[10+] is correct

Test 11-:
    W0: [ 0,  1,  4,  6,  7,  8, 12, 14, 18, 19, 20, 21, 22, 24, 26, 31, 32, 33, 37] > [ 2,  3,  5,  9, 10, 11, 13, 15, 16, 17, 23, 25, 27, 28, 29, 30, 34, 35, 36]
    W1: [ 0,  1,  4,  6,  7,  8, 12, 14, 18, 19, 20, 21, 22, 24, 26, 34, 35, 36, 38, 39, 42, 43] > [ 2,  3,  5,  9, 10, 11, 13, 15, 16, 17, 23, 25, 32, 33, 37, 40, 41, 44, 45, 46, 47, 48]
    W2: [ 0,  1,  4,  6,  7,  8, 23, 25, 31, 32, 33, 37, 38, 39, 47, 48, 49] = [ 2,  3,  5, 18, 19, 20, 21, 22, 24, 26, 27, 28, 29, 30, 34, 35, 36]
    W3: [ 0,  1, 15, 16, 17, 18, 19, 20, 25, 32, 33, 38, 44, 45, 46, 48] > [ 2,  6,  7,  8,  9, 10, 11, 24, 26, 27, 28, 29, 31, 34, 39, 40]
    W4: [ 0,  2,  5,  6, 11, 12, 17, 18, 21, 23, 24, 29, 31, 32, 34, 46, 49] < [ 3,  8,  9, 14, 15, 20, 26, 27, 30, 35, 37, 38, 39, 41, 43, 44, 50]
    Truth table row=[>, >, =, >, <] ix=231 result=[11-] is correct

Test 11+:
    W0: [ 0,  1,  4,  6,  7,  8, 12, 14, 18, 19, 20, 21, 22, 24, 26, 31, 32, 33, 37] < [ 2,  3,  5,  9, 10, 11, 13, 15, 16, 17, 23, 25, 27, 28, 29, 30, 34, 35, 36]
    W1: [ 0,  1,  4,  6,  7,  8, 12, 14, 18, 19, 20, 21, 22, 24, 26, 34, 35, 36, 38, 39, 42, 43] < [ 2,  3,  5,  9, 10, 11, 13, 15, 16, 17, 23, 25, 32, 33, 37, 40, 41, 44, 45, 46, 47, 48]
    W2: [ 0,  1,  4,  6,  7,  8, 23, 25, 31, 32, 33, 37, 38, 39, 47, 48, 49] = [ 2,  3,  5, 18, 19, 20, 21, 22, 24, 26, 27, 28, 29, 30, 34, 35, 36]
    W3: [ 0,  1, 15, 16, 17, 18, 19, 20, 25, 32, 33, 38, 44, 45, 46, 48] < [ 2,  6,  7,  8,  9, 10, 11, 24, 26, 27, 28, 29, 31, 34, 39, 40]
    W4: [ 0,  2,  5,  6, 11, 12, 17, 18, 21, 23, 24, 29, 31, 32, 34, 46, 49] > [ 3,  8,  9, 14, 15, 20, 26, 27, 30, 35, 37, 38, 39, 41, 43, 44, 50]
    Truth table row=[<, <, =, <, >] ix=11 result=[11+] is correct

Test 12-:
    W0: [ 0,  1,  4,  6,  7,  8, 12, 14, 18, 19, 20, 21, 22, 24, 26, 31, 32, 33, 37] < [ 2,  3,  5,  9, 10, 11, 13, 15, 16, 17, 23, 25, 27, 28, 29, 30, 34, 35, 36]
    W1: [ 0,  1,  4,  6,  7,  8, 12, 14, 18, 19, 20, 21, 22, 24, 26, 34, 35, 36, 38, 39, 42, 43] < [ 2,  3,  5,  9, 10, 11, 13, 15, 16, 17, 23, 25, 32, 33, 37, 40, 41, 44, 45, 46, 47, 48]
    W2: [ 0,  1,  4,  6,  7,  8, 23, 25, 31, 32, 33, 37, 38, 39, 47, 48, 49] = [ 2,  3,  5, 18, 19, 20, 21, 22, 24, 26, 27, 28, 29, 30, 34, 35, 36]
    W3: [ 0,  1, 15, 16, 17, 18, 19, 20, 25, 32, 33, 38, 44, 45, 46, 48] = [ 2,  6,  7,  8,  9, 10, 11, 24, 26, 27, 28, 29, 31, 34, 39, 40]
    W4: [ 0,  2,  5,  6, 11, 12, 17, 18, 21, 23, 24, 29, 31, 32, 34, 46, 49] < [ 3,  8,  9, 14, 15, 20, 26, 27, 30, 35, 37, 38, 39, 41, 43, 44, 50]
    Truth table row=[<, <, =, =, <] ix=12 result=[12-] is correct

Test 12+:
    W0: [ 0,  1,  4,  6,  7,  8, 12, 14, 18, 19, 20, 21, 22, 24, 26, 31, 32, 33, 37] > [ 2,  3,  5,  9, 10, 11, 13, 15, 16, 17, 23, 25, 27, 28, 29, 30, 34, 35, 36]
    W1: [ 0,  1,  4,  6,  7,  8, 12, 14, 18, 19, 20, 21, 22, 24, 26, 34, 35, 36, 38, 39, 42, 43] > [ 2,  3,  5,  9, 10, 11, 13, 15, 16, 17, 23, 25, 32, 33, 37, 40, 41, 44, 45, 46, 47, 48]
    W2: [ 0,  1,  4,  6,  7,  8, 23, 25, 31, 32, 33, 37, 38, 39, 47, 48, 49] = [ 2,  3,  5, 18, 19, 20, 21, 22, 24, 26, 27, 28, 29, 30, 34, 35, 36]
    W3: [ 0,  1, 15, 16, 17, 18, 19, 20, 25, 32, 33, 38, 44, 45, 46, 48] = [ 2,  6,  7,  8,  9, 10, 11, 24, 26, 27, 28, 29, 31, 34, 39, 40]
    W4: [ 0,  2,  5,  6, 11, 12, 17, 18, 21, 23, 24, 29, 31, 32, 34, 46, 49] > [ 3,  8,  9, 14, 15, 20, 26, 27, 30, 35, 37, 38, 39, 41, 43, 44, 50]
    Truth table row=[>, >, =, =, >] ix=230 result=[12+] is correct

Test 13-:
    W0: [ 0,  1,  4,  6,  7,  8, 12, 14, 18, 19, 20, 21, 22, 24, 26, 31, 32, 33, 37] > [ 2,  3,  5,  9, 10, 11, 13, 15, 16, 17, 23, 25, 27, 28, 29, 30, 34, 35, 36]
    W1: [ 0,  1,  4,  6,  7,  8, 12, 14, 18, 19, 20, 21, 22, 24, 26, 34, 35, 36, 38, 39, 42, 43] > [ 2,  3,  5,  9, 10, 11, 13, 15, 16, 17, 23, 25, 32, 33, 37, 40, 41, 44, 45, 46, 47, 48]
    W2: [ 0,  1,  4,  6,  7,  8, 23, 25, 31, 32, 33, 37, 38, 39, 47, 48, 49] = [ 2,  3,  5, 18, 19, 20, 21, 22, 24, 26, 27, 28, 29, 30, 34, 35, 36]
    W3: [ 0,  1, 15, 16, 17, 18, 19, 20, 25, 32, 33, 38, 44, 45, 46, 48] = [ 2,  6,  7,  8,  9, 10, 11, 24, 26, 27, 28, 29, 31, 34, 39, 40]
    W4: [ 0,  2,  5,  6, 11, 12, 17, 18, 21, 23, 24, 29, 31, 32, 34, 46, 49] = [ 3,  8,  9, 14, 15, 20, 26, 27, 30, 35, 37, 38, 39, 41, 43, 44, 50]
    Truth table row=[>, >, =, =, =] ix=229 result=[13-] is correct

Test 13+:
    W0: [ 0,  1,  4,  6,  7,  8, 12, 14, 18, 19, 20, 21, 22, 24, 26, 31, 32, 33, 37] < [ 2,  3,  5,  9, 10, 11, 13, 15, 16, 17, 23, 25, 27, 28, 29, 30, 34, 35, 36]
    W1: [ 0,  1,  4,  6,  7,  8, 12, 14, 18, 19, 20, 21, 22, 24, 26, 34, 35, 36, 38, 39, 42, 43] < [ 2,  3,  5,  9, 10, 11, 13, 15, 16, 17, 23, 25, 32, 33, 37, 40, 41, 44, 45, 46, 47, 48]
    W2: [ 0,  1,  4,  6,  7,  8, 23, 25, 31, 32, 33, 37, 38, 39, 47, 48, 49] = [ 2,  3,  5, 18, 19, 20, 21, 22, 24, 26, 27, 28, 29, 30, 34, 35, 36]
    W3: [ 0,  1, 15, 16, 17, 18, 19, 20, 25, 32, 33, 38, 44, 45, 46, 48] = [ 2,  6,  7,  8,  9, 10, 11, 24, 26, 27, 28, 29, 31, 34, 39, 40]
    W4: [ 0,  2,  5,  6, 11, 12, 17, 18, 21, 23, 24, 29, 31, 32, 34, 46, 49] = [ 3,  8,  9, 14, 15, 20, 26, 27, 30, 35, 37, 38, 39, 41, 43, 44, 50]
    Truth table row=[<, <, =, =, =] ix=13 result=[13+] is correct

Test 14-:
    W0: [ 0,  1,  4,  6,  7,  8, 12, 14, 18, 19, 20, 21, 22, 24, 26, 31, 32, 33, 37] < [ 2,  3,  5,  9, 10, 11, 13, 15, 16, 17, 23, 25, 27, 28, 29, 30, 34, 35, 36]
    W1: [ 0,  1,  4,  6,  7,  8, 12, 14, 18, 19, 20, 21, 22, 24, 26, 34, 35, 36, 38, 39, 42, 43] < [ 2,  3,  5,  9, 10, 11, 13, 15, 16, 17, 23, 25, 32, 33, 37, 40, 41, 44, 45, 46, 47, 48]
    W2: [ 0,  1,  4,  6,  7,  8, 23, 25, 31, 32, 33, 37, 38, 39, 47, 48, 49] = [ 2,  3,  5, 18, 19, 20, 21, 22, 24, 26, 27, 28, 29, 30, 34, 35, 36]
    W3: [ 0,  1, 15, 16, 17, 18, 19, 20, 25, 32, 33, 38, 44, 45, 46, 48] = [ 2,  6,  7,  8,  9, 10, 11, 24, 26, 27, 28, 29, 31, 34, 39, 40]
    W4: [ 0,  2,  5,  6, 11, 12, 17, 18, 21, 23, 24, 29, 31, 32, 34, 46, 49] > [ 3,  8,  9, 14, 15, 20, 26, 27, 30, 35, 37, 38, 39, 41, 43, 44, 50]
    Truth table row=[<, <, =, =, >] ix=14 result=[14-] is correct

Test 14+:
    W0: [ 0,  1,  4,  6,  7,  8, 12, 14, 18, 19, 20, 21, 22, 24, 26, 31, 32, 33, 37] > [ 2,  3,  5,  9, 10, 11, 13, 15, 16, 17, 23, 25, 27, 28, 29, 30, 34, 35, 36]
    W1: [ 0,  1,  4,  6,  7,  8, 12, 14, 18, 19, 20, 21, 22, 24, 26, 34, 35, 36, 38, 39, 42, 43] > [ 2,  3,  5,  9, 10, 11, 13, 15, 16, 17, 23, 25, 32, 33, 37, 40, 41, 44, 45, 46, 47, 48]
    W2: [ 0,  1,  4,  6,  7,  8, 23, 25, 31, 32, 33, 37, 38, 39, 47, 48, 49] = [ 2,  3,  5, 18, 19, 20, 21, 22, 24, 26, 27, 28, 29, 30, 34, 35, 36]
    W3: [ 0,  1, 15, 16, 17, 18, 19, 20, 25, 32, 33, 38, 44, 45, 46, 48] = [ 2,  6,  7,  8,  9, 10, 11, 24, 26, 27, 28, 29, 31, 34, 39, 40]
    W4: [ 0,  2,  5,  6, 11, 12, 17, 18, 21, 23, 24, 29, 31, 32, 34, 46, 49] < [ 3,  8,  9, 14, 15, 20, 26, 27, 30, 35, 37, 38, 39, 41, 43, 44, 50]
    Truth table row=[>, >, =, =, <] ix=228 result=[14+] is correct

Test 15-:
    W0: [ 0,  1,  4,  6,  7,  8, 12, 14, 18, 19, 20, 21, 22, 24, 26, 31, 32, 33, 37] > [ 2,  3,  5,  9, 10, 11, 13, 15, 16, 17, 23, 25, 27, 28, 29, 30, 34, 35, 36]
    W1: [ 0,  1,  4,  6,  7,  8, 12, 14, 18, 19, 20, 21, 22, 24, 26, 34, 35, 36, 38, 39, 42, 43] > [ 2,  3,  5,  9, 10, 11, 13, 15, 16, 17, 23, 25, 32, 33, 37, 40, 41, 44, 45, 46, 47, 48]
    W2: [ 0,  1,  4,  6,  7,  8, 23, 25, 31, 32, 33, 37, 38, 39, 47, 48, 49] = [ 2,  3,  5, 18, 19, 20, 21, 22, 24, 26, 27, 28, 29, 30, 34, 35, 36]
    W3: [ 0,  1, 15, 16, 17, 18, 19, 20, 25, 32, 33, 38, 44, 45, 46, 48] < [ 2,  6,  7,  8,  9, 10, 11, 24, 26, 27, 28, 29, 31, 34, 39, 40]
    W4: [ 0,  2,  5,  6, 11, 12, 17, 18, 21, 23, 24, 29, 31, 32, 34, 46, 49] > [ 3,  8,  9, 14, 15, 20, 26, 27, 30, 35, 37, 38, 39, 41, 43, 44, 50]
    Truth table row=[>, >, =, <, >] ix=227 result=[15-] is correct

Test 15+:
    W0: [ 0,  1,  4,  6,  7,  8, 12, 14, 18, 19, 20, 21, 22, 24, 26, 31, 32, 33, 37] < [ 2,  3,  5,  9, 10, 11, 13, 15, 16, 17, 23, 25, 27, 28, 29, 30, 34, 35, 36]
    W1: [ 0,  1,  4,  6,  7,  8, 12, 14, 18, 19, 20, 21, 22, 24, 26, 34, 35, 36, 38, 39, 42, 43] < [ 2,  3,  5,  9, 10, 11, 13, 15, 16, 17, 23, 25, 32, 33, 37, 40, 41, 44, 45, 46, 47, 48]
    W2: [ 0,  1,  4,  6,  7,  8, 23, 25, 31, 32, 33, 37, 38, 39, 47, 48, 49] = [ 2,  3,  5, 18, 19, 20, 21, 22, 24, 26, 27, 28, 29, 30, 34, 35, 36]
    W3: [ 0,  1, 15, 16, 17, 18, 19, 20, 25, 32, 33, 38, 44, 45, 46, 48] > [ 2,  6,  7,  8,  9, 10, 11, 24, 26, 27, 28, 29, 31, 34, 39, 40]
    W4: [ 0,  2,  5,  6, 11, 12, 17, 18, 21, 23, 24, 29, 31, 32, 34, 46, 49] < [ 3,  8,  9, 14, 15, 20, 26, 27, 30, 35, 37, 38, 39, 41, 43, 44, 50]
    Truth table row=[<, <, =, >, <] ix=15 result=[15+] is correct

Test 16-:
    W0: [ 0,  1,  4,  6,  7,  8, 12, 14, 18, 19, 20, 21, 22, 24, 26, 31, 32, 33, 37] > [ 2,  3,  5,  9, 10, 11, 13, 15, 16, 17, 23, 25, 27, 28, 29, 30, 34, 35, 36]
    W1: [ 0,  1,  4,  6,  7,  8, 12, 14, 18, 19, 20, 21, 22, 24, 26, 34, 35, 36, 38, 39, 42, 43] > [ 2,  3,  5,  9, 10, 11, 13, 15, 16, 17, 23, 25, 32, 33, 37, 40, 41, 44, 45, 46, 47, 48]
    W2: [ 0,  1,  4,  6,  7,  8, 23, 25, 31, 32, 33, 37, 38, 39, 47, 48, 49] = [ 2,  3,  5, 18, 19, 20, 21, 22, 24, 26, 27, 28, 29, 30, 34, 35, 36]
    W3: [ 0,  1, 15, 16, 17, 18, 19, 20, 25, 32, 33, 38, 44, 45, 46, 48] < [ 2,  6,  7,  8,  9, 10, 11, 24, 26, 27, 28, 29, 31, 34, 39, 40]
    W4: [ 0,  2,  5,  6, 11, 12, 17, 18, 21, 23, 24, 29, 31, 32, 34, 46, 49] = [ 3,  8,  9, 14, 15, 20, 26, 27, 30, 35, 37, 38, 39, 41, 43, 44, 50]
    Truth table row=[>, >, =, <, =] ix=226 result=[16-] is correct

Test 16+:
    W0: [ 0,  1,  4,  6,  7,  8, 12, 14, 18, 19, 20, 21, 22, 24, 26, 31, 32, 33, 37] < [ 2,  3,  5,  9, 10, 11, 13, 15, 16, 17, 23, 25, 27, 28, 29, 30, 34, 35, 36]
    W1: [ 0,  1,  4,  6,  7,  8, 12, 14, 18, 19, 20, 21, 22, 24, 26, 34, 35, 36, 38, 39, 42, 43] < [ 2,  3,  5,  9, 10, 11, 13, 15, 16, 17, 23, 25, 32, 33, 37, 40, 41, 44, 45, 46, 47, 48]
    W2: [ 0,  1,  4,  6,  7,  8, 23, 25, 31, 32, 33, 37, 38, 39, 47, 48, 49] = [ 2,  3,  5, 18, 19, 20, 21, 22, 24, 26, 27, 28, 29, 30, 34, 35, 36]
    W3: [ 0,  1, 15, 16, 17, 18, 19, 20, 25, 32, 33, 38, 44, 45, 46, 48] > [ 2,  6,  7,  8,  9, 10, 11, 24, 26, 27, 28, 29, 31, 34, 39, 40]
    W4: [ 0,  2,  5,  6, 11, 12, 17, 18, 21, 23, 24, 29, 31, 32, 34, 46, 49] = [ 3,  8,  9, 14, 15, 20, 26, 27, 30, 35, 37, 38, 39, 41, 43, 44, 50]
    Truth table row=[<, <, =, >, =] ix=16 result=[16+] is correct

Test 17-:
    W0: [ 0,  1,  4,  6,  7,  8, 12, 14, 18, 19, 20, 21, 22, 24, 26, 31, 32, 33, 37] > [ 2,  3,  5,  9, 10, 11, 13, 15, 16, 17, 23, 25, 27, 28, 29, 30, 34, 35, 36]
    W1: [ 0,  1,  4,  6,  7,  8, 12, 14, 18, 19, 20, 21, 22, 24, 26, 34, 35, 36, 38, 39, 42, 43] > [ 2,  3,  5,  9, 10, 11, 13, 15, 16, 17, 23, 25, 32, 33, 37, 40, 41, 44, 45, 46, 47, 48]
    W2: [ 0,  1,  4,  6,  7,  8, 23, 25, 31, 32, 33, 37, 38, 39, 47, 48, 49] = [ 2,  3,  5, 18, 19, 20, 21, 22, 24, 26, 27, 28, 29, 30, 34, 35, 36]
    W3: [ 0,  1, 15, 16, 17, 18, 19, 20, 25, 32, 33, 38, 44, 45, 46, 48] < [ 2,  6,  7,  8,  9, 10, 11, 24, 26, 27, 28, 29, 31, 34, 39, 40]
    W4: [ 0,  2,  5,  6, 11, 12, 17, 18, 21, 23, 24, 29, 31, 32, 34, 46, 49] < [ 3,  8,  9, 14, 15, 20, 26, 27, 30, 35, 37, 38, 39, 41, 43, 44, 50]
    Truth table row=[>, >, =, <, <] ix=225 result=[17-] is correct

Test 17+:
    W0: [ 0,  1,  4,  6,  7,  8, 12, 14, 18, 19, 20, 21, 22, 24, 26, 31, 32, 33, 37] < [ 2,  3,  5,  9, 10, 11, 13, 15, 16, 17, 23, 25, 27, 28, 29, 30, 34, 35, 36]
    W1: [ 0,  1,  4,  6,  7,  8, 12, 14, 18, 19, 20, 21, 22, 24, 26, 34, 35, 36, 38, 39, 42, 43] < [ 2,  3,  5,  9, 10, 11, 13, 15, 16, 17, 23, 25, 32, 33, 37, 40, 41, 44, 45, 46, 47, 48]
    W2: [ 0,  1,  4,  6,  7,  8, 23, 25, 31, 32, 33, 37, 38, 39, 47, 48, 49] = [ 2,  3,  5, 18, 19, 20, 21, 22, 24, 26, 27, 28, 29, 30, 34, 35, 36]
    W3: [ 0,  1, 15, 16, 17, 18, 19, 20, 25, 32, 33, 38, 44, 45, 46, 48] > [ 2,  6,  7,  8,  9, 10, 11, 24, 26, 27, 28, 29, 31, 34, 39, 40]
    W4: [ 0,  2,  5,  6, 11, 12, 17, 18, 21, 23, 24, 29, 31, 32, 34, 46, 49] > [ 3,  8,  9, 14, 15, 20, 26, 27, 30, 35, 37, 38, 39, 41, 43, 44, 50]
    Truth table row=[<, <, =, >, >] ix=17 result=[17+] is correct

Test 18-:
    W0: [ 0,  1,  4,  6,  7,  8, 12, 14, 18, 19, 20, 21, 22, 24, 26, 31, 32, 33, 37] < [ 2,  3,  5,  9, 10, 11, 13, 15, 16, 17, 23, 25, 27, 28, 29, 30, 34, 35, 36]
    W1: [ 0,  1,  4,  6,  7,  8, 12, 14, 18, 19, 20, 21, 22, 24, 26, 34, 35, 36, 38, 39, 42, 43] < [ 2,  3,  5,  9, 10, 11, 13, 15, 16, 17, 23, 25, 32, 33, 37, 40, 41, 44, 45, 46, 47, 48]
    W2: [ 0,  1,  4,  6,  7,  8, 23, 25, 31, 32, 33, 37, 38, 39, 47, 48, 49] > [ 2,  3,  5, 18, 19, 20, 21, 22, 24, 26, 27, 28, 29, 30, 34, 35, 36]
    W3: [ 0,  1, 15, 16, 17, 18, 19, 20, 25, 32, 33, 38, 44, 45, 46, 48] < [ 2,  6,  7,  8,  9, 10, 11, 24, 26, 27, 28, 29, 31, 34, 39, 40]
    W4: [ 0,  2,  5,  6, 11, 12, 17, 18, 21, 23, 24, 29, 31, 32, 34, 46, 49] < [ 3,  8,  9, 14, 15, 20, 26, 27, 30, 35, 37, 38, 39, 41, 43, 44, 50]
    Truth table row=[<, <, >, <, <] ix=18 result=[18-] is correct

Test 18+:
    W0: [ 0,  1,  4,  6,  7,  8, 12, 14, 18, 19, 20, 21, 22, 24, 26, 31, 32, 33, 37] > [ 2,  3,  5,  9, 10, 11, 13, 15, 16, 17, 23, 25, 27, 28, 29, 30, 34, 35, 36]
    W1: [ 0,  1,  4,  6,  7,  8, 12, 14, 18, 19, 20, 21, 22, 24, 26, 34, 35, 36, 38, 39, 42, 43] > [ 2,  3,  5,  9, 10, 11, 13, 15, 16, 17, 23, 25, 32, 33, 37, 40, 41, 44, 45, 46, 47, 48]
    W2: [ 0,  1,  4,  6,  7,  8, 23, 25, 31, 32, 33, 37, 38, 39, 47, 48, 49] < [ 2,  3,  5, 18, 19, 20, 21, 22, 24, 26, 27, 28, 29, 30, 34, 35, 36]
    W3: [ 0,  1, 15, 16, 17, 18, 19, 20, 25, 32, 33, 38, 44, 45, 46, 48] > [ 2,  6,  7,  8,  9, 10, 11, 24, 26, 27, 28, 29, 31, 34, 39, 40]
    W4: [ 0,  2,  5,  6, 11, 12, 17, 18, 21, 23, 24, 29, 31, 32, 34, 46, 49] > [ 3,  8,  9, 14, 15, 20, 26, 27, 30, 35, 37, 38, 39, 41, 43, 44, 50]
    Truth table row=[>, >, <, >, >] ix=224 result=[18+] is correct

Test 19-:
    W0: [ 0,  1,  4,  6,  7,  8, 12, 14, 18, 19, 20, 21, 22, 24, 26, 31, 32, 33, 37] < [ 2,  3,  5,  9, 10, 11, 13, 15, 16, 17, 23, 25, 27, 28, 29, 30, 34, 35, 36]
    W1: [ 0,  1,  4,  6,  7,  8, 12, 14, 18, 19, 20, 21, 22, 24, 26, 34, 35, 36, 38, 39, 42, 43] < [ 2,  3,  5,  9, 10, 11, 13, 15, 16, 17, 23, 25, 32, 33, 37, 40, 41, 44, 45, 46, 47, 48]
    W2: [ 0,  1,  4,  6,  7,  8, 23, 25, 31, 32, 33, 37, 38, 39, 47, 48, 49] > [ 2,  3,  5, 18, 19, 20, 21, 22, 24, 26, 27, 28, 29, 30, 34, 35, 36]
    W3: [ 0,  1, 15, 16, 17, 18, 19, 20, 25, 32, 33, 38, 44, 45, 46, 48] < [ 2,  6,  7,  8,  9, 10, 11, 24, 26, 27, 28, 29, 31, 34, 39, 40]
    W4: [ 0,  2,  5,  6, 11, 12, 17, 18, 21, 23, 24, 29, 31, 32, 34, 46, 49] = [ 3,  8,  9, 14, 15, 20, 26, 27, 30, 35, 37, 38, 39, 41, 43, 44, 50]
    Truth table row=[<, <, >, <, =] ix=19 result=[19-] is correct

Test 19+:
    W0: [ 0,  1,  4,  6,  7,  8, 12, 14, 18, 19, 20, 21, 22, 24, 26, 31, 32, 33, 37] > [ 2,  3,  5,  9, 10, 11, 13, 15, 16, 17, 23, 25, 27, 28, 29, 30, 34, 35, 36]
    W1: [ 0,  1,  4,  6,  7,  8, 12, 14, 18, 19, 20, 21, 22, 24, 26, 34, 35, 36, 38, 39, 42, 43] > [ 2,  3,  5,  9, 10, 11, 13, 15, 16, 17, 23, 25, 32, 33, 37, 40, 41, 44, 45, 46, 47, 48]
    W2: [ 0,  1,  4,  6,  7,  8, 23, 25, 31, 32, 33, 37, 38, 39, 47, 48, 49] < [ 2,  3,  5, 18, 19, 20, 21, 22, 24, 26, 27, 28, 29, 30, 34, 35, 36]
    W3: [ 0,  1, 15, 16, 17, 18, 19, 20, 25, 32, 33, 38, 44, 45, 46, 48] > [ 2,  6,  7,  8,  9, 10, 11, 24, 26, 27, 28, 29, 31, 34, 39, 40]
    W4: [ 0,  2,  5,  6, 11, 12, 17, 18, 21, 23, 24, 29, 31, 32, 34, 46, 49] = [ 3,  8,  9, 14, 15, 20, 26, 27, 30, 35, 37, 38, 39, 41, 43, 44, 50]
    Truth table row=[>, >, <, >, =] ix=223 result=[19+] is correct

Test 20-:
    W0: [ 0,  1,  4,  6,  7,  8, 12, 14, 18, 19, 20, 21, 22, 24, 26, 31, 32, 33, 37] < [ 2,  3,  5,  9, 10, 11, 13, 15, 16, 17, 23, 25, 27, 28, 29, 30, 34, 35, 36]
    W1: [ 0,  1,  4,  6,  7,  8, 12, 14, 18, 19, 20, 21, 22, 24, 26, 34, 35, 36, 38, 39, 42, 43] < [ 2,  3,  5,  9, 10, 11, 13, 15, 16, 17, 23, 25, 32, 33, 37, 40, 41, 44, 45, 46, 47, 48]
    W2: [ 0,  1,  4,  6,  7,  8, 23, 25, 31, 32, 33, 37, 38, 39, 47, 48, 49] > [ 2,  3,  5, 18, 19, 20, 21, 22, 24, 26, 27, 28, 29, 30, 34, 35, 36]
    W3: [ 0,  1, 15, 16, 17, 18, 19, 20, 25, 32, 33, 38, 44, 45, 46, 48] < [ 2,  6,  7,  8,  9, 10, 11, 24, 26, 27, 28, 29, 31, 34, 39, 40]
    W4: [ 0,  2,  5,  6, 11, 12, 17, 18, 21, 23, 24, 29, 31, 32, 34, 46, 49] > [ 3,  8,  9, 14, 15, 20, 26, 27, 30, 35, 37, 38, 39, 41, 43, 44, 50]
    Truth table row=[<, <, >, <, >] ix=20 result=[20-] is correct

Test 20+:
    W0: [ 0,  1,  4,  6,  7,  8, 12, 14, 18, 19, 20, 21, 22, 24, 26, 31, 32, 33, 37] > [ 2,  3,  5,  9, 10, 11, 13, 15, 16, 17, 23, 25, 27, 28, 29, 30, 34, 35, 36]
    W1: [ 0,  1,  4,  6,  7,  8, 12, 14, 18, 19, 20, 21, 22, 24, 26, 34, 35, 36, 38, 39, 42, 43] > [ 2,  3,  5,  9, 10, 11, 13, 15, 16, 17, 23, 25, 32, 33, 37, 40, 41, 44, 45, 46, 47, 48]
    W2: [ 0,  1,  4,  6,  7,  8, 23, 25, 31, 32, 33, 37, 38, 39, 47, 48, 49] < [ 2,  3,  5, 18, 19, 20, 21, 22, 24, 26, 27, 28, 29, 30, 34, 35, 36]
    W3: [ 0,  1, 15, 16, 17, 18, 19, 20, 25, 32, 33, 38, 44, 45, 46, 48] > [ 2,  6,  7,  8,  9, 10, 11, 24, 26, 27, 28, 29, 31, 34, 39, 40]
    W4: [ 0,  2,  5,  6, 11, 12, 17, 18, 21, 23, 24, 29, 31, 32, 34, 46, 49] < [ 3,  8,  9, 14, 15, 20, 26, 27, 30, 35, 37, 38, 39, 41, 43, 44, 50]
    Truth table row=[>, >, <, >, <] ix=222 result=[20+] is correct

Test 21-:
    W0: [ 0,  1,  4,  6,  7,  8, 12, 14, 18, 19, 20, 21, 22, 24, 26, 31, 32, 33, 37] < [ 2,  3,  5,  9, 10, 11, 13, 15, 16, 17, 23, 25, 27, 28, 29, 30, 34, 35, 36]
    W1: [ 0,  1,  4,  6,  7,  8, 12, 14, 18, 19, 20, 21, 22, 24, 26, 34, 35, 36, 38, 39, 42, 43] < [ 2,  3,  5,  9, 10, 11, 13, 15, 16, 17, 23, 25, 32, 33, 37, 40, 41, 44, 45, 46, 47, 48]
    W2: [ 0,  1,  4,  6,  7,  8, 23, 25, 31, 32, 33, 37, 38, 39, 47, 48, 49] > [ 2,  3,  5, 18, 19, 20, 21, 22, 24, 26, 27, 28, 29, 30, 34, 35, 36]
    W3: [ 0,  1, 15, 16, 17, 18, 19, 20, 25, 32, 33, 38, 44, 45, 46, 48] = [ 2,  6,  7,  8,  9, 10, 11, 24, 26, 27, 28, 29, 31, 34, 39, 40]
    W4: [ 0,  2,  5,  6, 11, 12, 17, 18, 21, 23, 24, 29, 31, 32, 34, 46, 49] < [ 3,  8,  9, 14, 15, 20, 26, 27, 30, 35, 37, 38, 39, 41, 43, 44, 50]
    Truth table row=[<, <, >, =, <] ix=21 result=[21-] is correct

Test 21+:
    W0: [ 0,  1,  4,  6,  7,  8, 12, 14, 18, 19, 20, 21, 22, 24, 26, 31, 32, 33, 37] > [ 2,  3,  5,  9, 10, 11, 13, 15, 16, 17, 23, 25, 27, 28, 29, 30, 34, 35, 36]
    W1: [ 0,  1,  4,  6,  7,  8, 12, 14, 18, 19, 20, 21, 22, 24, 26, 34, 35, 36, 38, 39, 42, 43] > [ 2,  3,  5,  9, 10, 11, 13, 15, 16, 17, 23, 25, 32, 33, 37, 40, 41, 44, 45, 46, 47, 48]
    W2: [ 0,  1,  4,  6,  7,  8, 23, 25, 31, 32, 33, 37, 38, 39, 47, 48, 49] < [ 2,  3,  5, 18, 19, 20, 21, 22, 24, 26, 27, 28, 29, 30, 34, 35, 36]
    W3: [ 0,  1, 15, 16, 17, 18, 19, 20, 25, 32, 33, 38, 44, 45, 46, 48] = [ 2,  6,  7,  8,  9, 10, 11, 24, 26, 27, 28, 29, 31, 34, 39, 40]
    W4: [ 0,  2,  5,  6, 11, 12, 17, 18, 21, 23, 24, 29, 31, 32, 34, 46, 49] > [ 3,  8,  9, 14, 15, 20, 26, 27, 30, 35, 37, 38, 39, 41, 43, 44, 50]
    Truth table row=[>, >, <, =, >] ix=221 result=[21+] is correct

Test 22-:
    W0: [ 0,  1,  4,  6,  7,  8, 12, 14, 18, 19, 20, 21, 22, 24, 26, 31, 32, 33, 37] < [ 2,  3,  5,  9, 10, 11, 13, 15, 16, 17, 23, 25, 27, 28, 29, 30, 34, 35, 36]
    W1: [ 0,  1,  4,  6,  7,  8, 12, 14, 18, 19, 20, 21, 22, 24, 26, 34, 35, 36, 38, 39, 42, 43] < [ 2,  3,  5,  9, 10, 11, 13, 15, 16, 17, 23, 25, 32, 33, 37, 40, 41, 44, 45, 46, 47, 48]
    W2: [ 0,  1,  4,  6,  7,  8, 23, 25, 31, 32, 33, 37, 38, 39, 47, 48, 49] > [ 2,  3,  5, 18, 19, 20, 21, 22, 24, 26, 27, 28, 29, 30, 34, 35, 36]
    W3: [ 0,  1, 15, 16, 17, 18, 19, 20, 25, 32, 33, 38, 44, 45, 46, 48] = [ 2,  6,  7,  8,  9, 10, 11, 24, 26, 27, 28, 29, 31, 34, 39, 40]
    W4: [ 0,  2,  5,  6, 11, 12, 17, 18, 21, 23, 24, 29, 31, 32, 34, 46, 49] = [ 3,  8,  9, 14, 15, 20, 26, 27, 30, 35, 37, 38, 39, 41, 43, 44, 50]
    Truth table row=[<, <, >, =, =] ix=22 result=[22-] is correct

Test 22+:
    W0: [ 0,  1,  4,  6,  7,  8, 12, 14, 18, 19, 20, 21, 22, 24, 26, 31, 32, 33, 37] > [ 2,  3,  5,  9, 10, 11, 13, 15, 16, 17, 23, 25, 27, 28, 29, 30, 34, 35, 36]
    W1: [ 0,  1,  4,  6,  7,  8, 12, 14, 18, 19, 20, 21, 22, 24, 26, 34, 35, 36, 38, 39, 42, 43] > [ 2,  3,  5,  9, 10, 11, 13, 15, 16, 17, 23, 25, 32, 33, 37, 40, 41, 44, 45, 46, 47, 48]
    W2: [ 0,  1,  4,  6,  7,  8, 23, 25, 31, 32, 33, 37, 38, 39, 47, 48, 49] < [ 2,  3,  5, 18, 19, 20, 21, 22, 24, 26, 27, 28, 29, 30, 34, 35, 36]
    W3: [ 0,  1, 15, 16, 17, 18, 19, 20, 25, 32, 33, 38, 44, 45, 46, 48] = [ 2,  6,  7,  8,  9, 10, 11, 24, 26, 27, 28, 29, 31, 34, 39, 40]
    W4: [ 0,  2,  5,  6, 11, 12, 17, 18, 21, 23, 24, 29, 31, 32, 34, 46, 49] = [ 3,  8,  9, 14, 15, 20, 26, 27, 30, 35, 37, 38, 39, 41, 43, 44, 50]
    Truth table row=[>, >, <, =, =] ix=220 result=[22+] is correct

Test 23-:
    W0: [ 0,  1,  4,  6,  7,  8, 12, 14, 18, 19, 20, 21, 22, 24, 26, 31, 32, 33, 37] > [ 2,  3,  5,  9, 10, 11, 13, 15, 16, 17, 23, 25, 27, 28, 29, 30, 34, 35, 36]
    W1: [ 0,  1,  4,  6,  7,  8, 12, 14, 18, 19, 20, 21, 22, 24, 26, 34, 35, 36, 38, 39, 42, 43] > [ 2,  3,  5,  9, 10, 11, 13, 15, 16, 17, 23, 25, 32, 33, 37, 40, 41, 44, 45, 46, 47, 48]
    W2: [ 0,  1,  4,  6,  7,  8, 23, 25, 31, 32, 33, 37, 38, 39, 47, 48, 49] < [ 2,  3,  5, 18, 19, 20, 21, 22, 24, 26, 27, 28, 29, 30, 34, 35, 36]
    W3: [ 0,  1, 15, 16, 17, 18, 19, 20, 25, 32, 33, 38, 44, 45, 46, 48] = [ 2,  6,  7,  8,  9, 10, 11, 24, 26, 27, 28, 29, 31, 34, 39, 40]
    W4: [ 0,  2,  5,  6, 11, 12, 17, 18, 21, 23, 24, 29, 31, 32, 34, 46, 49] < [ 3,  8,  9, 14, 15, 20, 26, 27, 30, 35, 37, 38, 39, 41, 43, 44, 50]
    Truth table row=[>, >, <, =, <] ix=219 result=[23-] is correct

Test 23+:
    W0: [ 0,  1,  4,  6,  7,  8, 12, 14, 18, 19, 20, 21, 22, 24, 26, 31, 32, 33, 37] < [ 2,  3,  5,  9, 10, 11, 13, 15, 16, 17, 23, 25, 27, 28, 29, 30, 34, 35, 36]
    W1: [ 0,  1,  4,  6,  7,  8, 12, 14, 18, 19, 20, 21, 22, 24, 26, 34, 35, 36, 38, 39, 42, 43] < [ 2,  3,  5,  9, 10, 11, 13, 15, 16, 17, 23, 25, 32, 33, 37, 40, 41, 44, 45, 46, 47, 48]
    W2: [ 0,  1,  4,  6,  7,  8, 23, 25, 31, 32, 33, 37, 38, 39, 47, 48, 49] > [ 2,  3,  5, 18, 19, 20, 21, 22, 24, 26, 27, 28, 29, 30, 34, 35, 36]
    W3: [ 0,  1, 15, 16, 17, 18, 19, 20, 25, 32, 33, 38, 44, 45, 46, 48] = [ 2,  6,  7,  8,  9, 10, 11, 24, 26, 27, 28, 29, 31, 34, 39, 40]
    W4: [ 0,  2,  5,  6, 11, 12, 17, 18, 21, 23, 24, 29, 31, 32, 34, 46, 49] > [ 3,  8,  9, 14, 15, 20, 26, 27, 30, 35, 37, 38, 39, 41, 43, 44, 50]
    Truth table row=[<, <, >, =, >] ix=23 result=[23+] is correct

Test 24-:
    W0: [ 0,  1,  4,  6,  7,  8, 12, 14, 18, 19, 20, 21, 22, 24, 26, 31, 32, 33, 37] < [ 2,  3,  5,  9, 10, 11, 13, 15, 16, 17, 23, 25, 27, 28, 29, 30, 34, 35, 36]
    W1: [ 0,  1,  4,  6,  7,  8, 12, 14, 18, 19, 20, 21, 22, 24, 26, 34, 35, 36, 38, 39, 42, 43] < [ 2,  3,  5,  9, 10, 11, 13, 15, 16, 17, 23, 25, 32, 33, 37, 40, 41, 44, 45, 46, 47, 48]
    W2: [ 0,  1,  4,  6,  7,  8, 23, 25, 31, 32, 33, 37, 38, 39, 47, 48, 49] > [ 2,  3,  5, 18, 19, 20, 21, 22, 24, 26, 27, 28, 29, 30, 34, 35, 36]
    W3: [ 0,  1, 15, 16, 17, 18, 19, 20, 25, 32, 33, 38, 44, 45, 46, 48] > [ 2,  6,  7,  8,  9, 10, 11, 24, 26, 27, 28, 29, 31, 34, 39, 40]
    W4: [ 0,  2,  5,  6, 11, 12, 17, 18, 21, 23, 24, 29, 31, 32, 34, 46, 49] < [ 3,  8,  9, 14, 15, 20, 26, 27, 30, 35, 37, 38, 39, 41, 43, 44, 50]
    Truth table row=[<, <, >, >, <] ix=24 result=[24-] is correct

Test 24+:
    W0: [ 0,  1,  4,  6,  7,  8, 12, 14, 18, 19, 20, 21, 22, 24, 26, 31, 32, 33, 37] > [ 2,  3,  5,  9, 10, 11, 13, 15, 16, 17, 23, 25, 27, 28, 29, 30, 34, 35, 36]
    W1: [ 0,  1,  4,  6,  7,  8, 12, 14, 18, 19, 20, 21, 22, 24, 26, 34, 35, 36, 38, 39, 42, 43] > [ 2,  3,  5,  9, 10, 11, 13, 15, 16, 17, 23, 25, 32, 33, 37, 40, 41, 44, 45, 46, 47, 48]
    W2: [ 0,  1,  4,  6,  7,  8, 23, 25, 31, 32, 33, 37, 38, 39, 47, 48, 49] < [ 2,  3,  5, 18, 19, 20, 21, 22, 24, 26, 27, 28, 29, 30, 34, 35, 36]
    W3: [ 0,  1, 15, 16, 17, 18, 19, 20, 25, 32, 33, 38, 44, 45, 46, 48] < [ 2,  6,  7,  8,  9, 10, 11, 24, 26, 27, 28, 29, 31, 34, 39, 40]
    W4: [ 0,  2,  5,  6, 11, 12, 17, 18, 21, 23, 24, 29, 31, 32, 34, 46, 49] > [ 3,  8,  9, 14, 15, 20, 26, 27, 30, 35, 37, 38, 39, 41, 43, 44, 50]
    Truth table row=[>, >, <, <, >] ix=218 result=[24+] is correct

Test 25-:
    W0: [ 0,  1,  4,  6,  7,  8, 12, 14, 18, 19, 20, 21, 22, 24, 26, 31, 32, 33, 37] > [ 2,  3,  5,  9, 10, 11, 13, 15, 16, 17, 23, 25, 27, 28, 29, 30, 34, 35, 36]
    W1: [ 0,  1,  4,  6,  7,  8, 12, 14, 18, 19, 20, 21, 22, 24, 26, 34, 35, 36, 38, 39, 42, 43] > [ 2,  3,  5,  9, 10, 11, 13, 15, 16, 17, 23, 25, 32, 33, 37, 40, 41, 44, 45, 46, 47, 48]
    W2: [ 0,  1,  4,  6,  7,  8, 23, 25, 31, 32, 33, 37, 38, 39, 47, 48, 49] < [ 2,  3,  5, 18, 19, 20, 21, 22, 24, 26, 27, 28, 29, 30, 34, 35, 36]
    W3: [ 0,  1, 15, 16, 17, 18, 19, 20, 25, 32, 33, 38, 44, 45, 46, 48] < [ 2,  6,  7,  8,  9, 10, 11, 24, 26, 27, 28, 29, 31, 34, 39, 40]
    W4: [ 0,  2,  5,  6, 11, 12, 17, 18, 21, 23, 24, 29, 31, 32, 34, 46, 49] = [ 3,  8,  9, 14, 15, 20, 26, 27, 30, 35, 37, 38, 39, 41, 43, 44, 50]
    Truth table row=[>, >, <, <, =] ix=217 result=[25-] is correct

Test 25+:
    W0: [ 0,  1,  4,  6,  7,  8, 12, 14, 18, 19, 20, 21, 22, 24, 26, 31, 32, 33, 37] < [ 2,  3,  5,  9, 10, 11, 13, 15, 16, 17, 23, 25, 27, 28, 29, 30, 34, 35, 36]
    W1: [ 0,  1,  4,  6,  7,  8, 12, 14, 18, 19, 20, 21, 22, 24, 26, 34, 35, 36, 38, 39, 42, 43] < [ 2,  3,  5,  9, 10, 11, 13, 15, 16, 17, 23, 25, 32, 33, 37, 40, 41, 44, 45, 46, 47, 48]
    W2: [ 0,  1,  4,  6,  7,  8, 23, 25, 31, 32, 33, 37, 38, 39, 47, 48, 49] > [ 2,  3,  5, 18, 19, 20, 21, 22, 24, 26, 27, 28, 29, 30, 34, 35, 36]
    W3: [ 0,  1, 15, 16, 17, 18, 19, 20, 25, 32, 33, 38, 44, 45, 46, 48] > [ 2,  6,  7,  8,  9, 10, 11, 24, 26, 27, 28, 29, 31, 34, 39, 40]
    W4: [ 0,  2,  5,  6, 11, 12, 17, 18, 21, 23, 24, 29, 31, 32, 34, 46, 49] = [ 3,  8,  9, 14, 15, 20, 26, 27, 30, 35, 37, 38, 39, 41, 43, 44, 50]
    Truth table row=[<, <, >, >, =] ix=25 result=[25+] is correct

Test 26-:
    W0: [ 0,  1,  4,  6,  7,  8, 12, 14, 18, 19, 20, 21, 22, 24, 26, 31, 32, 33, 37] < [ 2,  3,  5,  9, 10, 11, 13, 15, 16, 17, 23, 25, 27, 28, 29, 30, 34, 35, 36]
    W1: [ 0,  1,  4,  6,  7,  8, 12, 14, 18, 19, 20, 21, 22, 24, 26, 34, 35, 36, 38, 39, 42, 43] < [ 2,  3,  5,  9, 10, 11, 13, 15, 16, 17, 23, 25, 32, 33, 37, 40, 41, 44, 45, 46, 47, 48]
    W2: [ 0,  1,  4,  6,  7,  8, 23, 25, 31, 32, 33, 37, 38, 39, 47, 48, 49] > [ 2,  3,  5, 18, 19, 20, 21, 22, 24, 26, 27, 28, 29, 30, 34, 35, 36]
    W3: [ 0,  1, 15, 16, 17, 18, 19, 20, 25, 32, 33, 38, 44, 45, 46, 48] > [ 2,  6,  7,  8,  9, 10, 11, 24, 26, 27, 28, 29, 31, 34, 39, 40]
    W4: [ 0,  2,  5,  6, 11, 12, 17, 18, 21, 23, 24, 29, 31, 32, 34, 46, 49] > [ 3,  8,  9, 14, 15, 20, 26, 27, 30, 35, 37, 38, 39, 41, 43, 44, 50]
    Truth table row=[<, <, >, >, >] ix=26 result=[26-] is correct

Test 26+:
    W0: [ 0,  1,  4,  6,  7,  8, 12, 14, 18, 19, 20, 21, 22, 24, 26, 31, 32, 33, 37] > [ 2,  3,  5,  9, 10, 11, 13, 15, 16, 17, 23, 25, 27, 28, 29, 30, 34, 35, 36]
    W1: [ 0,  1,  4,  6,  7,  8, 12, 14, 18, 19, 20, 21, 22, 24, 26, 34, 35, 36, 38, 39, 42, 43] > [ 2,  3,  5,  9, 10, 11, 13, 15, 16, 17, 23, 25, 32, 33, 37, 40, 41, 44, 45, 46, 47, 48]
    W2: [ 0,  1,  4,  6,  7,  8, 23, 25, 31, 32, 33, 37, 38, 39, 47, 48, 49] < [ 2,  3,  5, 18, 19, 20, 21, 22, 24, 26, 27, 28, 29, 30, 34, 35, 36]
    W3: [ 0,  1, 15, 16, 17, 18, 19, 20, 25, 32, 33, 38, 44, 45, 46, 48] < [ 2,  6,  7,  8,  9, 10, 11, 24, 26, 27, 28, 29, 31, 34, 39, 40]
    W4: [ 0,  2,  5,  6, 11, 12, 17, 18, 21, 23, 24, 29, 31, 32, 34, 46, 49] < [ 3,  8,  9, 14, 15, 20, 26, 27, 30, 35, 37, 38, 39, 41, 43, 44, 50]
    Truth table row=[>, >, <, <, <] ix=216 result=[26+] is correct

Test 27-:
    W0: [ 0,  1,  4,  6,  7,  8, 12, 14, 18, 19, 20, 21, 22, 24, 26, 31, 32, 33, 37] > [ 2,  3,  5,  9, 10, 11, 13, 15, 16, 17, 23, 25, 27, 28, 29, 30, 34, 35, 36]
    W1: [ 0,  1,  4,  6,  7,  8, 12, 14, 18, 19, 20, 21, 22, 24, 26, 34, 35, 36, 38, 39, 42, 43] = [ 2,  3,  5,  9, 10, 11, 13, 15, 16, 17, 23, 25, 32, 33, 37, 40, 41, 44, 45, 46, 47, 48]
    W2: [ 0,  1,  4,  6,  7,  8, 23, 25, 31, 32, 33, 37, 38, 39, 47, 48, 49] > [ 2,  3,  5, 18, 19, 20, 21, 22, 24, 26, 27, 28, 29, 30, 34, 35, 36]
    W3: [ 0,  1, 15, 16, 17, 18, 19, 20, 25, 32, 33, 38, 44, 45, 46, 48] > [ 2,  6,  7,  8,  9, 10, 11, 24, 26, 27, 28, 29, 31, 34, 39, 40]
    W4: [ 0,  2,  5,  6, 11, 12, 17, 18, 21, 23, 24, 29, 31, 32, 34, 46, 49] > [ 3,  8,  9, 14, 15, 20, 26, 27, 30, 35, 37, 38, 39, 41, 43, 44, 50]
    Truth table row=[>, =, >, >, >] ix=215 result=[27-] is correct

Test 27+:
    W0: [ 0,  1,  4,  6,  7,  8, 12, 14, 18, 19, 20, 21, 22, 24, 26, 31, 32, 33, 37] < [ 2,  3,  5,  9, 10, 11, 13, 15, 16, 17, 23, 25, 27, 28, 29, 30, 34, 35, 36]
    W1: [ 0,  1,  4,  6,  7,  8, 12, 14, 18, 19, 20, 21, 22, 24, 26, 34, 35, 36, 38, 39, 42, 43] = [ 2,  3,  5,  9, 10, 11, 13, 15, 16, 17, 23, 25, 32, 33, 37, 40, 41, 44, 45, 46, 47, 48]
    W2: [ 0,  1,  4,  6,  7,  8, 23, 25, 31, 32, 33, 37, 38, 39, 47, 48, 49] < [ 2,  3,  5, 18, 19, 20, 21, 22, 24, 26, 27, 28, 29, 30, 34, 35, 36]
    W3: [ 0,  1, 15, 16, 17, 18, 19, 20, 25, 32, 33, 38, 44, 45, 46, 48] < [ 2,  6,  7,  8,  9, 10, 11, 24, 26, 27, 28, 29, 31, 34, 39, 40]
    W4: [ 0,  2,  5,  6, 11, 12, 17, 18, 21, 23, 24, 29, 31, 32, 34, 46, 49] < [ 3,  8,  9, 14, 15, 20, 26, 27, 30, 35, 37, 38, 39, 41, 43, 44, 50]
    Truth table row=[<, =, <, <, <] ix=27 result=[27+] is correct

Test 28-:
    W0: [ 0,  1,  4,  6,  7,  8, 12, 14, 18, 19, 20, 21, 22, 24, 26, 31, 32, 33, 37] > [ 2,  3,  5,  9, 10, 11, 13, 15, 16, 17, 23, 25, 27, 28, 29, 30, 34, 35, 36]
    W1: [ 0,  1,  4,  6,  7,  8, 12, 14, 18, 19, 20, 21, 22, 24, 26, 34, 35, 36, 38, 39, 42, 43] = [ 2,  3,  5,  9, 10, 11, 13, 15, 16, 17, 23, 25, 32, 33, 37, 40, 41, 44, 45, 46, 47, 48]
    W2: [ 0,  1,  4,  6,  7,  8, 23, 25, 31, 32, 33, 37, 38, 39, 47, 48, 49] > [ 2,  3,  5, 18, 19, 20, 21, 22, 24, 26, 27, 28, 29, 30, 34, 35, 36]
    W3: [ 0,  1, 15, 16, 17, 18, 19, 20, 25, 32, 33, 38, 44, 45, 46, 48] > [ 2,  6,  7,  8,  9, 10, 11, 24, 26, 27, 28, 29, 31, 34, 39, 40]
    W4: [ 0,  2,  5,  6, 11, 12, 17, 18, 21, 23, 24, 29, 31, 32, 34, 46, 49] = [ 3,  8,  9, 14, 15, 20, 26, 27, 30, 35, 37, 38, 39, 41, 43, 44, 50]
    Truth table row=[>, =, >, >, =] ix=214 result=[28-] is correct

Test 28+:
    W0: [ 0,  1,  4,  6,  7,  8, 12, 14, 18, 19, 20, 21, 22, 24, 26, 31, 32, 33, 37] < [ 2,  3,  5,  9, 10, 11, 13, 15, 16, 17, 23, 25, 27, 28, 29, 30, 34, 35, 36]
    W1: [ 0,  1,  4,  6,  7,  8, 12, 14, 18, 19, 20, 21, 22, 24, 26, 34, 35, 36, 38, 39, 42, 43] = [ 2,  3,  5,  9, 10, 11, 13, 15, 16, 17, 23, 25, 32, 33, 37, 40, 41, 44, 45, 46, 47, 48]
    W2: [ 0,  1,  4,  6,  7,  8, 23, 25, 31, 32, 33, 37, 38, 39, 47, 48, 49] < [ 2,  3,  5, 18, 19, 20, 21, 22, 24, 26, 27, 28, 29, 30, 34, 35, 36]
    W3: [ 0,  1, 15, 16, 17, 18, 19, 20, 25, 32, 33, 38, 44, 45, 46, 48] < [ 2,  6,  7,  8,  9, 10, 11, 24, 26, 27, 28, 29, 31, 34, 39, 40]
    W4: [ 0,  2,  5,  6, 11, 12, 17, 18, 21, 23, 24, 29, 31, 32, 34, 46, 49] = [ 3,  8,  9, 14, 15, 20, 26, 27, 30, 35, 37, 38, 39, 41, 43, 44, 50]
    Truth table row=[<, =, <, <, =] ix=28 result=[28+] is correct

Test 29-:
    W0: [ 0,  1,  4,  6,  7,  8, 12, 14, 18, 19, 20, 21, 22, 24, 26, 31, 32, 33, 37] > [ 2,  3,  5,  9, 10, 11, 13, 15, 16, 17, 23, 25, 27, 28, 29, 30, 34, 35, 36]
    W1: [ 0,  1,  4,  6,  7,  8, 12, 14, 18, 19, 20, 21, 22, 24, 26, 34, 35, 36, 38, 39, 42, 43] = [ 2,  3,  5,  9, 10, 11, 13, 15, 16, 17, 23, 25, 32, 33, 37, 40, 41, 44, 45, 46, 47, 48]
    W2: [ 0,  1,  4,  6,  7,  8, 23, 25, 31, 32, 33, 37, 38, 39, 47, 48, 49] > [ 2,  3,  5, 18, 19, 20, 21, 22, 24, 26, 27, 28, 29, 30, 34, 35, 36]
    W3: [ 0,  1, 15, 16, 17, 18, 19, 20, 25, 32, 33, 38, 44, 45, 46, 48] > [ 2,  6,  7,  8,  9, 10, 11, 24, 26, 27, 28, 29, 31, 34, 39, 40]
    W4: [ 0,  2,  5,  6, 11, 12, 17, 18, 21, 23, 24, 29, 31, 32, 34, 46, 49] < [ 3,  8,  9, 14, 15, 20, 26, 27, 30, 35, 37, 38, 39, 41, 43, 44, 50]
    Truth table row=[>, =, >, >, <] ix=213 result=[29-] is correct

Test 29+:
    W0: [ 0,  1,  4,  6,  7,  8, 12, 14, 18, 19, 20, 21, 22, 24, 26, 31, 32, 33, 37] < [ 2,  3,  5,  9, 10, 11, 13, 15, 16, 17, 23, 25, 27, 28, 29, 30, 34, 35, 36]
    W1: [ 0,  1,  4,  6,  7,  8, 12, 14, 18, 19, 20, 21, 22, 24, 26, 34, 35, 36, 38, 39, 42, 43] = [ 2,  3,  5,  9, 10, 11, 13, 15, 16, 17, 23, 25, 32, 33, 37, 40, 41, 44, 45, 46, 47, 48]
    W2: [ 0,  1,  4,  6,  7,  8, 23, 25, 31, 32, 33, 37, 38, 39, 47, 48, 49] < [ 2,  3,  5, 18, 19, 20, 21, 22, 24, 26, 27, 28, 29, 30, 34, 35, 36]
    W3: [ 0,  1, 15, 16, 17, 18, 19, 20, 25, 32, 33, 38, 44, 45, 46, 48] < [ 2,  6,  7,  8,  9, 10, 11, 24, 26, 27, 28, 29, 31, 34, 39, 40]
    W4: [ 0,  2,  5,  6, 11, 12, 17, 18, 21, 23, 24, 29, 31, 32, 34, 46, 49] > [ 3,  8,  9, 14, 15, 20, 26, 27, 30, 35, 37, 38, 39, 41, 43, 44, 50]
    Truth table row=[<, =, <, <, >] ix=29 result=[29+] is correct

Test 30-:
    W0: [ 0,  1,  4,  6,  7,  8, 12, 14, 18, 19, 20, 21, 22, 24, 26, 31, 32, 33, 37] > [ 2,  3,  5,  9, 10, 11, 13, 15, 16, 17, 23, 25, 27, 28, 29, 30, 34, 35, 36]
    W1: [ 0,  1,  4,  6,  7,  8, 12, 14, 18, 19, 20, 21, 22, 24, 26, 34, 35, 36, 38, 39, 42, 43] = [ 2,  3,  5,  9, 10, 11, 13, 15, 16, 17, 23, 25, 32, 33, 37, 40, 41, 44, 45, 46, 47, 48]
    W2: [ 0,  1,  4,  6,  7,  8, 23, 25, 31, 32, 33, 37, 38, 39, 47, 48, 49] > [ 2,  3,  5, 18, 19, 20, 21, 22, 24, 26, 27, 28, 29, 30, 34, 35, 36]
    W3: [ 0,  1, 15, 16, 17, 18, 19, 20, 25, 32, 33, 38, 44, 45, 46, 48] = [ 2,  6,  7,  8,  9, 10, 11, 24, 26, 27, 28, 29, 31, 34, 39, 40]
    W4: [ 0,  2,  5,  6, 11, 12, 17, 18, 21, 23, 24, 29, 31, 32, 34, 46, 49] > [ 3,  8,  9, 14, 15, 20, 26, 27, 30, 35, 37, 38, 39, 41, 43, 44, 50]
    Truth table row=[>, =, >, =, >] ix=212 result=[30-] is correct

Test 30+:
    W0: [ 0,  1,  4,  6,  7,  8, 12, 14, 18, 19, 20, 21, 22, 24, 26, 31, 32, 33, 37] < [ 2,  3,  5,  9, 10, 11, 13, 15, 16, 17, 23, 25, 27, 28, 29, 30, 34, 35, 36]
    W1: [ 0,  1,  4,  6,  7,  8, 12, 14, 18, 19, 20, 21, 22, 24, 26, 34, 35, 36, 38, 39, 42, 43] = [ 2,  3,  5,  9, 10, 11, 13, 15, 16, 17, 23, 25, 32, 33, 37, 40, 41, 44, 45, 46, 47, 48]
    W2: [ 0,  1,  4,  6,  7,  8, 23, 25, 31, 32, 33, 37, 38, 39, 47, 48, 49] < [ 2,  3,  5, 18, 19, 20, 21, 22, 24, 26, 27, 28, 29, 30, 34, 35, 36]
    W3: [ 0,  1, 15, 16, 17, 18, 19, 20, 25, 32, 33, 38, 44, 45, 46, 48] = [ 2,  6,  7,  8,  9, 10, 11, 24, 26, 27, 28, 29, 31, 34, 39, 40]
    W4: [ 0,  2,  5,  6, 11, 12, 17, 18, 21, 23, 24, 29, 31, 32, 34, 46, 49] < [ 3,  8,  9, 14, 15, 20, 26, 27, 30, 35, 37, 38, 39, 41, 43, 44, 50]
    Truth table row=[<, =, <, =, <] ix=30 result=[30+] is correct

Test 31-:
    W0: [ 0,  1,  4,  6,  7,  8, 12, 14, 18, 19, 20, 21, 22, 24, 26, 31, 32, 33, 37] < [ 2,  3,  5,  9, 10, 11, 13, 15, 16, 17, 23, 25, 27, 28, 29, 30, 34, 35, 36]
    W1: [ 0,  1,  4,  6,  7,  8, 12, 14, 18, 19, 20, 21, 22, 24, 26, 34, 35, 36, 38, 39, 42, 43] = [ 2,  3,  5,  9, 10, 11, 13, 15, 16, 17, 23, 25, 32, 33, 37, 40, 41, 44, 45, 46, 47, 48]
    W2: [ 0,  1,  4,  6,  7,  8, 23, 25, 31, 32, 33, 37, 38, 39, 47, 48, 49] < [ 2,  3,  5, 18, 19, 20, 21, 22, 24, 26, 27, 28, 29, 30, 34, 35, 36]
    W3: [ 0,  1, 15, 16, 17, 18, 19, 20, 25, 32, 33, 38, 44, 45, 46, 48] > [ 2,  6,  7,  8,  9, 10, 11, 24, 26, 27, 28, 29, 31, 34, 39, 40]
    W4: [ 0,  2,  5,  6, 11, 12, 17, 18, 21, 23, 24, 29, 31, 32, 34, 46, 49] < [ 3,  8,  9, 14, 15, 20, 26, 27, 30, 35, 37, 38, 39, 41, 43, 44, 50]
    Truth table row=[<, =, <, >, <] ix=33 result=[31-] is correct

Test 31+:
    W0: [ 0,  1,  4,  6,  7,  8, 12, 14, 18, 19, 20, 21, 22, 24, 26, 31, 32, 33, 37] > [ 2,  3,  5,  9, 10, 11, 13, 15, 16, 17, 23, 25, 27, 28, 29, 30, 34, 35, 36]
    W1: [ 0,  1,  4,  6,  7,  8, 12, 14, 18, 19, 20, 21, 22, 24, 26, 34, 35, 36, 38, 39, 42, 43] = [ 2,  3,  5,  9, 10, 11, 13, 15, 16, 17, 23, 25, 32, 33, 37, 40, 41, 44, 45, 46, 47, 48]
    W2: [ 0,  1,  4,  6,  7,  8, 23, 25, 31, 32, 33, 37, 38, 39, 47, 48, 49] > [ 2,  3,  5, 18, 19, 20, 21, 22, 24, 26, 27, 28, 29, 30, 34, 35, 36]
    W3: [ 0,  1, 15, 16, 17, 18, 19, 20, 25, 32, 33, 38, 44, 45, 46, 48] < [ 2,  6,  7,  8,  9, 10, 11, 24, 26, 27, 28, 29, 31, 34, 39, 40]
    W4: [ 0,  2,  5,  6, 11, 12, 17, 18, 21, 23, 24, 29, 31, 32, 34, 46, 49] > [ 3,  8,  9, 14, 15, 20, 26, 27, 30, 35, 37, 38, 39, 41, 43, 44, 50]
    Truth table row=[>, =, >, <, >] ix=209 result=[31+] is correct

Test 32-:
    W0: [ 0,  1,  4,  6,  7,  8, 12, 14, 18, 19, 20, 21, 22, 24, 26, 31, 32, 33, 37] < [ 2,  3,  5,  9, 10, 11, 13, 15, 16, 17, 23, 25, 27, 28, 29, 30, 34, 35, 36]
    W1: [ 0,  1,  4,  6,  7,  8, 12, 14, 18, 19, 20, 21, 22, 24, 26, 34, 35, 36, 38, 39, 42, 43] > [ 2,  3,  5,  9, 10, 11, 13, 15, 16, 17, 23, 25, 32, 33, 37, 40, 41, 44, 45, 46, 47, 48]
    W2: [ 0,  1,  4,  6,  7,  8, 23, 25, 31, 32, 33, 37, 38, 39, 47, 48, 49] < [ 2,  3,  5, 18, 19, 20, 21, 22, 24, 26, 27, 28, 29, 30, 34, 35, 36]
    W3: [ 0,  1, 15, 16, 17, 18, 19, 20, 25, 32, 33, 38, 44, 45, 46, 48] < [ 2,  6,  7,  8,  9, 10, 11, 24, 26, 27, 28, 29, 31, 34, 39, 40]
    W4: [ 0,  2,  5,  6, 11, 12, 17, 18, 21, 23, 24, 29, 31, 32, 34, 46, 49] < [ 3,  8,  9, 14, 15, 20, 26, 27, 30, 35, 37, 38, 39, 41, 43, 44, 50]
    Truth table row=[<, >, <, <, <] ix=54 result=[32-] is correct

Test 32+:
    W0: [ 0,  1,  4,  6,  7,  8, 12, 14, 18, 19, 20, 21, 22, 24, 26, 31, 32, 33, 37] > [ 2,  3,  5,  9, 10, 11, 13, 15, 16, 17, 23, 25, 27, 28, 29, 30, 34, 35, 36]
    W1: [ 0,  1,  4,  6,  7,  8, 12, 14, 18, 19, 20, 21, 22, 24, 26, 34, 35, 36, 38, 39, 42, 43] < [ 2,  3,  5,  9, 10, 11, 13, 15, 16, 17, 23, 25, 32, 33, 37, 40, 41, 44, 45, 46, 47, 48]
    W2: [ 0,  1,  4,  6,  7,  8, 23, 25, 31, 32, 33, 37, 38, 39, 47, 48, 49] > [ 2,  3,  5, 18, 19, 20, 21, 22, 24, 26, 27, 28, 29, 30, 34, 35, 36]
    W3: [ 0,  1, 15, 16, 17, 18, 19, 20, 25, 32, 33, 38, 44, 45, 46, 48] > [ 2,  6,  7,  8,  9, 10, 11, 24, 26, 27, 28, 29, 31, 34, 39, 40]
    W4: [ 0,  2,  5,  6, 11, 12, 17, 18, 21, 23, 24, 29, 31, 32, 34, 46, 49] > [ 3,  8,  9, 14, 15, 20, 26, 27, 30, 35, 37, 38, 39, 41, 43, 44, 50]
    Truth table row=[>, <, >, >, >] ix=188 result=[32+] is correct

Test 33-:
    W0: [ 0,  1,  4,  6,  7,  8, 12, 14, 18, 19, 20, 21, 22, 24, 26, 31, 32, 33, 37] < [ 2,  3,  5,  9, 10, 11, 13, 15, 16, 17, 23, 25, 27, 28, 29, 30, 34, 35, 36]
    W1: [ 0,  1,  4,  6,  7,  8, 12, 14, 18, 19, 20, 21, 22, 24, 26, 34, 35, 36, 38, 39, 42, 43] > [ 2,  3,  5,  9, 10, 11, 13, 15, 16, 17, 23, 25, 32, 33, 37, 40, 41, 44, 45, 46, 47, 48]
    W2: [ 0,  1,  4,  6,  7,  8, 23, 25, 31, 32, 33, 37, 38, 39, 47, 48, 49] < [ 2,  3,  5, 18, 19, 20, 21, 22, 24, 26, 27, 28, 29, 30, 34, 35, 36]
    W3: [ 0,  1, 15, 16, 17, 18, 19, 20, 25, 32, 33, 38, 44, 45, 46, 48] < [ 2,  6,  7,  8,  9, 10, 11, 24, 26, 27, 28, 29, 31, 34, 39, 40]
    W4: [ 0,  2,  5,  6, 11, 12, 17, 18, 21, 23, 24, 29, 31, 32, 34, 46, 49] = [ 3,  8,  9, 14, 15, 20, 26, 27, 30, 35, 37, 38, 39, 41, 43, 44, 50]
    Truth table row=[<, >, <, <, =] ix=55 result=[33-] is correct

Test 33+:
    W0: [ 0,  1,  4,  6,  7,  8, 12, 14, 18, 19, 20, 21, 22, 24, 26, 31, 32, 33, 37] > [ 2,  3,  5,  9, 10, 11, 13, 15, 16, 17, 23, 25, 27, 28, 29, 30, 34, 35, 36]
    W1: [ 0,  1,  4,  6,  7,  8, 12, 14, 18, 19, 20, 21, 22, 24, 26, 34, 35, 36, 38, 39, 42, 43] < [ 2,  3,  5,  9, 10, 11, 13, 15, 16, 17, 23, 25, 32, 33, 37, 40, 41, 44, 45, 46, 47, 48]
    W2: [ 0,  1,  4,  6,  7,  8, 23, 25, 31, 32, 33, 37, 38, 39, 47, 48, 49] > [ 2,  3,  5, 18, 19, 20, 21, 22, 24, 26, 27, 28, 29, 30, 34, 35, 36]
    W3: [ 0,  1, 15, 16, 17, 18, 19, 20, 25, 32, 33, 38, 44, 45, 46, 48] > [ 2,  6,  7,  8,  9, 10, 11, 24, 26, 27, 28, 29, 31, 34, 39, 40]
    W4: [ 0,  2,  5,  6, 11, 12, 17, 18, 21, 23, 24, 29, 31, 32, 34, 46, 49] = [ 3,  8,  9, 14, 15, 20, 26, 27, 30, 35, 37, 38, 39, 41, 43, 44, 50]
    Truth table row=[>, <, >, >, =] ix=187 result=[33+] is correct

Test 34-:
    W0: [ 0,  1,  4,  6,  7,  8, 12, 14, 18, 19, 20, 21, 22, 24, 26, 31, 32, 33, 37] > [ 2,  3,  5,  9, 10, 11, 13, 15, 16, 17, 23, 25, 27, 28, 29, 30, 34, 35, 36]
    W1: [ 0,  1,  4,  6,  7,  8, 12, 14, 18, 19, 20, 21, 22, 24, 26, 34, 35, 36, 38, 39, 42, 43] < [ 2,  3,  5,  9, 10, 11, 13, 15, 16, 17, 23, 25, 32, 33, 37, 40, 41, 44, 45, 46, 47, 48]
    W2: [ 0,  1,  4,  6,  7,  8, 23, 25, 31, 32, 33, 37, 38, 39, 47, 48, 49] > [ 2,  3,  5, 18, 19, 20, 21, 22, 24, 26, 27, 28, 29, 30, 34, 35, 36]
    W3: [ 0,  1, 15, 16, 17, 18, 19, 20, 25, 32, 33, 38, 44, 45, 46, 48] > [ 2,  6,  7,  8,  9, 10, 11, 24, 26, 27, 28, 29, 31, 34, 39, 40]
    W4: [ 0,  2,  5,  6, 11, 12, 17, 18, 21, 23, 24, 29, 31, 32, 34, 46, 49] < [ 3,  8,  9, 14, 15, 20, 26, 27, 30, 35, 37, 38, 39, 41, 43, 44, 50]
    Truth table row=[>, <, >, >, <] ix=186 result=[34-] is correct

Test 34+:
    W0: [ 0,  1,  4,  6,  7,  8, 12, 14, 18, 19, 20, 21, 22, 24, 26, 31, 32, 33, 37] < [ 2,  3,  5,  9, 10, 11, 13, 15, 16, 17, 23, 25, 27, 28, 29, 30, 34, 35, 36]
    W1: [ 0,  1,  4,  6,  7,  8, 12, 14, 18, 19, 20, 21, 22, 24, 26, 34, 35, 36, 38, 39, 42, 43] > [ 2,  3,  5,  9, 10, 11, 13, 15, 16, 17, 23, 25, 32, 33, 37, 40, 41, 44, 45, 46, 47, 48]
    W2: [ 0,  1,  4,  6,  7,  8, 23, 25, 31, 32, 33, 37, 38, 39, 47, 48, 49] < [ 2,  3,  5, 18, 19, 20, 21, 22, 24, 26, 27, 28, 29, 30, 34, 35, 36]
    W3: [ 0,  1, 15, 16, 17, 18, 19, 20, 25, 32, 33, 38, 44, 45, 46, 48] < [ 2,  6,  7,  8,  9, 10, 11, 24, 26, 27, 28, 29, 31, 34, 39, 40]
    W4: [ 0,  2,  5,  6, 11, 12, 17, 18, 21, 23, 24, 29, 31, 32, 34, 46, 49] > [ 3,  8,  9, 14, 15, 20, 26, 27, 30, 35, 37, 38, 39, 41, 43, 44, 50]
    Truth table row=[<, >, <, <, >] ix=56 result=[34+] is correct

Test 35-:
    W0: [ 0,  1,  4,  6,  7,  8, 12, 14, 18, 19, 20, 21, 22, 24, 26, 31, 32, 33, 37] > [ 2,  3,  5,  9, 10, 11, 13, 15, 16, 17, 23, 25, 27, 28, 29, 30, 34, 35, 36]
    W1: [ 0,  1,  4,  6,  7,  8, 12, 14, 18, 19, 20, 21, 22, 24, 26, 34, 35, 36, 38, 39, 42, 43] < [ 2,  3,  5,  9, 10, 11, 13, 15, 16, 17, 23, 25, 32, 33, 37, 40, 41, 44, 45, 46, 47, 48]
    W2: [ 0,  1,  4,  6,  7,  8, 23, 25, 31, 32, 33, 37, 38, 39, 47, 48, 49] > [ 2,  3,  5, 18, 19, 20, 21, 22, 24, 26, 27, 28, 29, 30, 34, 35, 36]
    W3: [ 0,  1, 15, 16, 17, 18, 19, 20, 25, 32, 33, 38, 44, 45, 46, 48] = [ 2,  6,  7,  8,  9, 10, 11, 24, 26, 27, 28, 29, 31, 34, 39, 40]
    W4: [ 0,  2,  5,  6, 11, 12, 17, 18, 21, 23, 24, 29, 31, 32, 34, 46, 49] > [ 3,  8,  9, 14, 15, 20, 26, 27, 30, 35, 37, 38, 39, 41, 43, 44, 50]
    Truth table row=[>, <, >, =, >] ix=185 result=[35-] is correct

Test 35+:
    W0: [ 0,  1,  4,  6,  7,  8, 12, 14, 18, 19, 20, 21, 22, 24, 26, 31, 32, 33, 37] < [ 2,  3,  5,  9, 10, 11, 13, 15, 16, 17, 23, 25, 27, 28, 29, 30, 34, 35, 36]
    W1: [ 0,  1,  4,  6,  7,  8, 12, 14, 18, 19, 20, 21, 22, 24, 26, 34, 35, 36, 38, 39, 42, 43] > [ 2,  3,  5,  9, 10, 11, 13, 15, 16, 17, 23, 25, 32, 33, 37, 40, 41, 44, 45, 46, 47, 48]
    W2: [ 0,  1,  4,  6,  7,  8, 23, 25, 31, 32, 33, 37, 38, 39, 47, 48, 49] < [ 2,  3,  5, 18, 19, 20, 21, 22, 24, 26, 27, 28, 29, 30, 34, 35, 36]
    W3: [ 0,  1, 15, 16, 17, 18, 19, 20, 25, 32, 33, 38, 44, 45, 46, 48] = [ 2,  6,  7,  8,  9, 10, 11, 24, 26, 27, 28, 29, 31, 34, 39, 40]
    W4: [ 0,  2,  5,  6, 11, 12, 17, 18, 21, 23, 24, 29, 31, 32, 34, 46, 49] < [ 3,  8,  9, 14, 15, 20, 26, 27, 30, 35, 37, 38, 39, 41, 43, 44, 50]
    Truth table row=[<, >, <, =, <] ix=57 result=[35+] is correct

Test 36-:
    W0: [ 0,  1,  4,  6,  7,  8, 12, 14, 18, 19, 20, 21, 22, 24, 26, 31, 32, 33, 37] > [ 2,  3,  5,  9, 10, 11, 13, 15, 16, 17, 23, 25, 27, 28, 29, 30, 34, 35, 36]
    W1: [ 0,  1,  4,  6,  7,  8, 12, 14, 18, 19, 20, 21, 22, 24, 26, 34, 35, 36, 38, 39, 42, 43] < [ 2,  3,  5,  9, 10, 11, 13, 15, 16, 17, 23, 25, 32, 33, 37, 40, 41, 44, 45, 46, 47, 48]
    W2: [ 0,  1,  4,  6,  7,  8, 23, 25, 31, 32, 33, 37, 38, 39, 47, 48, 49] > [ 2,  3,  5, 18, 19, 20, 21, 22, 24, 26, 27, 28, 29, 30, 34, 35, 36]
    W3: [ 0,  1, 15, 16, 17, 18, 19, 20, 25, 32, 33, 38, 44, 45, 46, 48] = [ 2,  6,  7,  8,  9, 10, 11, 24, 26, 27, 28, 29, 31, 34, 39, 40]
    W4: [ 0,  2,  5,  6, 11, 12, 17, 18, 21, 23, 24, 29, 31, 32, 34, 46, 49] = [ 3,  8,  9, 14, 15, 20, 26, 27, 30, 35, 37, 38, 39, 41, 43, 44, 50]
    Truth table row=[>, <, >, =, =] ix=184 result=[36-] is correct

Test 36+:
    W0: [ 0,  1,  4,  6,  7,  8, 12, 14, 18, 19, 20, 21, 22, 24, 26, 31, 32, 33, 37] < [ 2,  3,  5,  9, 10, 11, 13, 15, 16, 17, 23, 25, 27, 28, 29, 30, 34, 35, 36]
    W1: [ 0,  1,  4,  6,  7,  8, 12, 14, 18, 19, 20, 21, 22, 24, 26, 34, 35, 36, 38, 39, 42, 43] > [ 2,  3,  5,  9, 10, 11, 13, 15, 16, 17, 23, 25, 32, 33, 37, 40, 41, 44, 45, 46, 47, 48]
    W2: [ 0,  1,  4,  6,  7,  8, 23, 25, 31, 32, 33, 37, 38, 39, 47, 48, 49] < [ 2,  3,  5, 18, 19, 20, 21, 22, 24, 26, 27, 28, 29, 30, 34, 35, 36]
    W3: [ 0,  1, 15, 16, 17, 18, 19, 20, 25, 32, 33, 38, 44, 45, 46, 48] = [ 2,  6,  7,  8,  9, 10, 11, 24, 26, 27, 28, 29, 31, 34, 39, 40]
    W4: [ 0,  2,  5,  6, 11, 12, 17, 18, 21, 23, 24, 29, 31, 32, 34, 46, 49] = [ 3,  8,  9, 14, 15, 20, 26, 27, 30, 35, 37, 38, 39, 41, 43, 44, 50]
    Truth table row=[<, >, <, =, =] ix=58 result=[36+] is correct

Test 37-:
    W0: [ 0,  1,  4,  6,  7,  8, 12, 14, 18, 19, 20, 21, 22, 24, 26, 31, 32, 33, 37] < [ 2,  3,  5,  9, 10, 11, 13, 15, 16, 17, 23, 25, 27, 28, 29, 30, 34, 35, 36]
    W1: [ 0,  1,  4,  6,  7,  8, 12, 14, 18, 19, 20, 21, 22, 24, 26, 34, 35, 36, 38, 39, 42, 43] > [ 2,  3,  5,  9, 10, 11, 13, 15, 16, 17, 23, 25, 32, 33, 37, 40, 41, 44, 45, 46, 47, 48]
    W2: [ 0,  1,  4,  6,  7,  8, 23, 25, 31, 32, 33, 37, 38, 39, 47, 48, 49] < [ 2,  3,  5, 18, 19, 20, 21, 22, 24, 26, 27, 28, 29, 30, 34, 35, 36]
    W3: [ 0,  1, 15, 16, 17, 18, 19, 20, 25, 32, 33, 38, 44, 45, 46, 48] = [ 2,  6,  7,  8,  9, 10, 11, 24, 26, 27, 28, 29, 31, 34, 39, 40]
    W4: [ 0,  2,  5,  6, 11, 12, 17, 18, 21, 23, 24, 29, 31, 32, 34, 46, 49] > [ 3,  8,  9, 14, 15, 20, 26, 27, 30, 35, 37, 38, 39, 41, 43, 44, 50]
    Truth table row=[<, >, <, =, >] ix=59 result=[37-] is correct

Test 37+:
    W0: [ 0,  1,  4,  6,  7,  8, 12, 14, 18, 19, 20, 21, 22, 24, 26, 31, 32, 33, 37] > [ 2,  3,  5,  9, 10, 11, 13, 15, 16, 17, 23, 25, 27, 28, 29, 30, 34, 35, 36]
    W1: [ 0,  1,  4,  6,  7,  8, 12, 14, 18, 19, 20, 21, 22, 24, 26, 34, 35, 36, 38, 39, 42, 43] < [ 2,  3,  5,  9, 10, 11, 13, 15, 16, 17, 23, 25, 32, 33, 37, 40, 41, 44, 45, 46, 47, 48]
    W2: [ 0,  1,  4,  6,  7,  8, 23, 25, 31, 32, 33, 37, 38, 39, 47, 48, 49] > [ 2,  3,  5, 18, 19, 20, 21, 22, 24, 26, 27, 28, 29, 30, 34, 35, 36]
    W3: [ 0,  1, 15, 16, 17, 18, 19, 20, 25, 32, 33, 38, 44, 45, 46, 48] = [ 2,  6,  7,  8,  9, 10, 11, 24, 26, 27, 28, 29, 31, 34, 39, 40]
    W4: [ 0,  2,  5,  6, 11, 12, 17, 18, 21, 23, 24, 29, 31, 32, 34, 46, 49] < [ 3,  8,  9, 14, 15, 20, 26, 27, 30, 35, 37, 38, 39, 41, 43, 44, 50]
    Truth table row=[>, <, >, =, <] ix=183 result=[37+] is correct

Test 38-:
    W0: [ 0,  1,  4,  6,  7,  8, 12, 14, 18, 19, 20, 21, 22, 24, 26, 31, 32, 33, 37] = [ 2,  3,  5,  9, 10, 11, 13, 15, 16, 17, 23, 25, 27, 28, 29, 30, 34, 35, 36]
    W1: [ 0,  1,  4,  6,  7,  8, 12, 14, 18, 19, 20, 21, 22, 24, 26, 34, 35, 36, 38, 39, 42, 43] < [ 2,  3,  5,  9, 10, 11, 13, 15, 16, 17, 23, 25, 32, 33, 37, 40, 41, 44, 45, 46, 47, 48]
    W2: [ 0,  1,  4,  6,  7,  8, 23, 25, 31, 32, 33, 37, 38, 39, 47, 48, 49] < [ 2,  3,  5, 18, 19, 20, 21, 22, 24, 26, 27, 28, 29, 30, 34, 35, 36]
    W3: [ 0,  1, 15, 16, 17, 18, 19, 20, 25, 32, 33, 38, 44, 45, 46, 48] < [ 2,  6,  7,  8,  9, 10, 11, 24, 26, 27, 28, 29, 31, 34, 39, 40]
    W4: [ 0,  2,  5,  6, 11, 12, 17, 18, 21, 23, 24, 29, 31, 32, 34, 46, 49] > [ 3,  8,  9, 14, 15, 20, 26, 27, 30, 35, 37, 38, 39, 41, 43, 44, 50]
    Truth table row=[=, <, <, <, >] ix=83 result=[38-] is correct

Test 38+:
    W0: [ 0,  1,  4,  6,  7,  8, 12, 14, 18, 19, 20, 21, 22, 24, 26, 31, 32, 33, 37] = [ 2,  3,  5,  9, 10, 11, 13, 15, 16, 17, 23, 25, 27, 28, 29, 30, 34, 35, 36]
    W1: [ 0,  1,  4,  6,  7,  8, 12, 14, 18, 19, 20, 21, 22, 24, 26, 34, 35, 36, 38, 39, 42, 43] > [ 2,  3,  5,  9, 10, 11, 13, 15, 16, 17, 23, 25, 32, 33, 37, 40, 41, 44, 45, 46, 47, 48]
    W2: [ 0,  1,  4,  6,  7,  8, 23, 25, 31, 32, 33, 37, 38, 39, 47, 48, 49] > [ 2,  3,  5, 18, 19, 20, 21, 22, 24, 26, 27, 28, 29, 30, 34, 35, 36]
    W3: [ 0,  1, 15, 16, 17, 18, 19, 20, 25, 32, 33, 38, 44, 45, 46, 48] > [ 2,  6,  7,  8,  9, 10, 11, 24, 26, 27, 28, 29, 31, 34, 39, 40]
    W4: [ 0,  2,  5,  6, 11, 12, 17, 18, 21, 23, 24, 29, 31, 32, 34, 46, 49] < [ 3,  8,  9, 14, 15, 20, 26, 27, 30, 35, 37, 38, 39, 41, 43, 44, 50]
    Truth table row=[=, >, >, >, <] ix=159 result=[38+] is correct

Test 39-:
    W0: [ 0,  1,  4,  6,  7,  8, 12, 14, 18, 19, 20, 21, 22, 24, 26, 31, 32, 33, 37] = [ 2,  3,  5,  9, 10, 11, 13, 15, 16, 17, 23, 25, 27, 28, 29, 30, 34, 35, 36]
    W1: [ 0,  1,  4,  6,  7,  8, 12, 14, 18, 19, 20, 21, 22, 24, 26, 34, 35, 36, 38, 39, 42, 43] < [ 2,  3,  5,  9, 10, 11, 13, 15, 16, 17, 23, 25, 32, 33, 37, 40, 41, 44, 45, 46, 47, 48]
    W2: [ 0,  1,  4,  6,  7,  8, 23, 25, 31, 32, 33, 37, 38, 39, 47, 48, 49] < [ 2,  3,  5, 18, 19, 20, 21, 22, 24, 26, 27, 28, 29, 30, 34, 35, 36]
    W3: [ 0,  1, 15, 16, 17, 18, 19, 20, 25, 32, 33, 38, 44, 45, 46, 48] > [ 2,  6,  7,  8,  9, 10, 11, 24, 26, 27, 28, 29, 31, 34, 39, 40]
    W4: [ 0,  2,  5,  6, 11, 12, 17, 18, 21, 23, 24, 29, 31, 32, 34, 46, 49] > [ 3,  8,  9, 14, 15, 20, 26, 27, 30, 35, 37, 38, 39, 41, 43, 44, 50]
    Truth table row=[=, <, <, >, >] ix=89 result=[39-] is correct

Test 39+:
    W0: [ 0,  1,  4,  6,  7,  8, 12, 14, 18, 19, 20, 21, 22, 24, 26, 31, 32, 33, 37] = [ 2,  3,  5,  9, 10, 11, 13, 15, 16, 17, 23, 25, 27, 28, 29, 30, 34, 35, 36]
    W1: [ 0,  1,  4,  6,  7,  8, 12, 14, 18, 19, 20, 21, 22, 24, 26, 34, 35, 36, 38, 39, 42, 43] > [ 2,  3,  5,  9, 10, 11, 13, 15, 16, 17, 23, 25, 32, 33, 37, 40, 41, 44, 45, 46, 47, 48]
    W2: [ 0,  1,  4,  6,  7,  8, 23, 25, 31, 32, 33, 37, 38, 39, 47, 48, 49] > [ 2,  3,  5, 18, 19, 20, 21, 22, 24, 26, 27, 28, 29, 30, 34, 35, 36]
    W3: [ 0,  1, 15, 16, 17, 18, 19, 20, 25, 32, 33, 38, 44, 45, 46, 48] < [ 2,  6,  7,  8,  9, 10, 11, 24, 26, 27, 28, 29, 31, 34, 39, 40]
    W4: [ 0,  2,  5,  6, 11, 12, 17, 18, 21, 23, 24, 29, 31, 32, 34, 46, 49] < [ 3,  8,  9, 14, 15, 20, 26, 27, 30, 35, 37, 38, 39, 41, 43, 44, 50]
    Truth table row=[=, >, >, <, <] ix=153 result=[39+] is correct

Test 40-:
    W0: [ 0,  1,  4,  6,  7,  8, 12, 14, 18, 19, 20, 21, 22, 24, 26, 31, 32, 33, 37] = [ 2,  3,  5,  9, 10, 11, 13, 15, 16, 17, 23, 25, 27, 28, 29, 30, 34, 35, 36]
    W1: [ 0,  1,  4,  6,  7,  8, 12, 14, 18, 19, 20, 21, 22, 24, 26, 34, 35, 36, 38, 39, 42, 43] > [ 2,  3,  5,  9, 10, 11, 13, 15, 16, 17, 23, 25, 32, 33, 37, 40, 41, 44, 45, 46, 47, 48]
    W2: [ 0,  1,  4,  6,  7,  8, 23, 25, 31, 32, 33, 37, 38, 39, 47, 48, 49] = [ 2,  3,  5, 18, 19, 20, 21, 22, 24, 26, 27, 28, 29, 30, 34, 35, 36]
    W3: [ 0,  1, 15, 16, 17, 18, 19, 20, 25, 32, 33, 38, 44, 45, 46, 48] > [ 2,  6,  7,  8,  9, 10, 11, 24, 26, 27, 28, 29, 31, 34, 39, 40]
    W4: [ 0,  2,  5,  6, 11, 12, 17, 18, 21, 23, 24, 29, 31, 32, 34, 46, 49] = [ 3,  8,  9, 14, 15, 20, 26, 27, 30, 35, 37, 38, 39, 41, 43, 44, 50]
    Truth table row=[=, >, =, >, =] ix=151 result=[40-] is correct

Test 40+:
    W0: [ 0,  1,  4,  6,  7,  8, 12, 14, 18, 19, 20, 21, 22, 24, 26, 31, 32, 33, 37] = [ 2,  3,  5,  9, 10, 11, 13, 15, 16, 17, 23, 25, 27, 28, 29, 30, 34, 35, 36]
    W1: [ 0,  1,  4,  6,  7,  8, 12, 14, 18, 19, 20, 21, 22, 24, 26, 34, 35, 36, 38, 39, 42, 43] < [ 2,  3,  5,  9, 10, 11, 13, 15, 16, 17, 23, 25, 32, 33, 37, 40, 41, 44, 45, 46, 47, 48]
    W2: [ 0,  1,  4,  6,  7,  8, 23, 25, 31, 32, 33, 37, 38, 39, 47, 48, 49] = [ 2,  3,  5, 18, 19, 20, 21, 22, 24, 26, 27, 28, 29, 30, 34, 35, 36]
    W3: [ 0,  1, 15, 16, 17, 18, 19, 20, 25, 32, 33, 38, 44, 45, 46, 48] < [ 2,  6,  7,  8,  9, 10, 11, 24, 26, 27, 28, 29, 31, 34, 39, 40]
    W4: [ 0,  2,  5,  6, 11, 12, 17, 18, 21, 23, 24, 29, 31, 32, 34, 46, 49] = [ 3,  8,  9, 14, 15, 20, 26, 27, 30, 35, 37, 38, 39, 41, 43, 44, 50]
    Truth table row=[=, <, =, <, =] ix=91 result=[40+] is correct

Test 41-:
    W0: [ 0,  1,  4,  6,  7,  8, 12, 14, 18, 19, 20, 21, 22, 24, 26, 31, 32, 33, 37] = [ 2,  3,  5,  9, 10, 11, 13, 15, 16, 17, 23, 25, 27, 28, 29, 30, 34, 35, 36]
    W1: [ 0,  1,  4,  6,  7,  8, 12, 14, 18, 19, 20, 21, 22, 24, 26, 34, 35, 36, 38, 39, 42, 43] > [ 2,  3,  5,  9, 10, 11, 13, 15, 16, 17, 23, 25, 32, 33, 37, 40, 41, 44, 45, 46, 47, 48]
    W2: [ 0,  1,  4,  6,  7,  8, 23, 25, 31, 32, 33, 37, 38, 39, 47, 48, 49] = [ 2,  3,  5, 18, 19, 20, 21, 22, 24, 26, 27, 28, 29, 30, 34, 35, 36]
    W3: [ 0,  1, 15, 16, 17, 18, 19, 20, 25, 32, 33, 38, 44, 45, 46, 48] = [ 2,  6,  7,  8,  9, 10, 11, 24, 26, 27, 28, 29, 31, 34, 39, 40]
    W4: [ 0,  2,  5,  6, 11, 12, 17, 18, 21, 23, 24, 29, 31, 32, 34, 46, 49] > [ 3,  8,  9, 14, 15, 20, 26, 27, 30, 35, 37, 38, 39, 41, 43, 44, 50]
    Truth table row=[=, >, =, =, >] ix=149 result=[41-] is correct

Test 41+:
    W0: [ 0,  1,  4,  6,  7,  8, 12, 14, 18, 19, 20, 21, 22, 24, 26, 31, 32, 33, 37] = [ 2,  3,  5,  9, 10, 11, 13, 15, 16, 17, 23, 25, 27, 28, 29, 30, 34, 35, 36]
    W1: [ 0,  1,  4,  6,  7,  8, 12, 14, 18, 19, 20, 21, 22, 24, 26, 34, 35, 36, 38, 39, 42, 43] < [ 2,  3,  5,  9, 10, 11, 13, 15, 16, 17, 23, 25, 32, 33, 37, 40, 41, 44, 45, 46, 47, 48]
    W2: [ 0,  1,  4,  6,  7,  8, 23, 25, 31, 32, 33, 37, 38, 39, 47, 48, 49] = [ 2,  3,  5, 18, 19, 20, 21, 22, 24, 26, 27, 28, 29, 30, 34, 35, 36]
    W3: [ 0,  1, 15, 16, 17, 18, 19, 20, 25, 32, 33, 38, 44, 45, 46, 48] = [ 2,  6,  7,  8,  9, 10, 11, 24, 26, 27, 28, 29, 31, 34, 39, 40]
    W4: [ 0,  2,  5,  6, 11, 12, 17, 18, 21, 23, 24, 29, 31, 32, 34, 46, 49] < [ 3,  8,  9, 14, 15, 20, 26, 27, 30, 35, 37, 38, 39, 41, 43, 44, 50]
    Truth table row=[=, <, =, =, <] ix=93 result=[41+] is correct

Test 42-:
    W0: [ 0,  1,  4,  6,  7,  8, 12, 14, 18, 19, 20, 21, 22, 24, 26, 31, 32, 33, 37] = [ 2,  3,  5,  9, 10, 11, 13, 15, 16, 17, 23, 25, 27, 28, 29, 30, 34, 35, 36]
    W1: [ 0,  1,  4,  6,  7,  8, 12, 14, 18, 19, 20, 21, 22, 24, 26, 34, 35, 36, 38, 39, 42, 43] < [ 2,  3,  5,  9, 10, 11, 13, 15, 16, 17, 23, 25, 32, 33, 37, 40, 41, 44, 45, 46, 47, 48]
    W2: [ 0,  1,  4,  6,  7,  8, 23, 25, 31, 32, 33, 37, 38, 39, 47, 48, 49] = [ 2,  3,  5, 18, 19, 20, 21, 22, 24, 26, 27, 28, 29, 30, 34, 35, 36]
    W3: [ 0,  1, 15, 16, 17, 18, 19, 20, 25, 32, 33, 38, 44, 45, 46, 48] = [ 2,  6,  7,  8,  9, 10, 11, 24, 26, 27, 28, 29, 31, 34, 39, 40]
    W4: [ 0,  2,  5,  6, 11, 12, 17, 18, 21, 23, 24, 29, 31, 32, 34, 46, 49] = [ 3,  8,  9, 14, 15, 20, 26, 27, 30, 35, 37, 38, 39, 41, 43, 44, 50]
    Truth table row=[=, <, =, =, =] ix=94 result=[42-] is correct

Test 42+:
    W0: [ 0,  1,  4,  6,  7,  8, 12, 14, 18, 19, 20, 21, 22, 24, 26, 31, 32, 33, 37] = [ 2,  3,  5,  9, 10, 11, 13, 15, 16, 17, 23, 25, 27, 28, 29, 30, 34, 35, 36]
    W1: [ 0,  1,  4,  6,  7,  8, 12, 14, 18, 19, 20, 21, 22, 24, 26, 34, 35, 36, 38, 39, 42, 43] > [ 2,  3,  5,  9, 10, 11, 13, 15, 16, 17, 23, 25, 32, 33, 37, 40, 41, 44, 45, 46, 47, 48]
    W2: [ 0,  1,  4,  6,  7,  8, 23, 25, 31, 32, 33, 37, 38, 39, 47, 48, 49] = [ 2,  3,  5, 18, 19, 20, 21, 22, 24, 26, 27, 28, 29, 30, 34, 35, 36]
    W3: [ 0,  1, 15, 16, 17, 18, 19, 20, 25, 32, 33, 38, 44, 45, 46, 48] = [ 2,  6,  7,  8,  9, 10, 11, 24, 26, 27, 28, 29, 31, 34, 39, 40]
    W4: [ 0,  2,  5,  6, 11, 12, 17, 18, 21, 23, 24, 29, 31, 32, 34, 46, 49] = [ 3,  8,  9, 14, 15, 20, 26, 27, 30, 35, 37, 38, 39, 41, 43, 44, 50]
    Truth table row=[=, >, =, =, =] ix=148 result=[42+] is correct

Test 43-:
    W0: [ 0,  1,  4,  6,  7,  8, 12, 14, 18, 19, 20, 21, 22, 24, 26, 31, 32, 33, 37] = [ 2,  3,  5,  9, 10, 11, 13, 15, 16, 17, 23, 25, 27, 28, 29, 30, 34, 35, 36]
    W1: [ 0,  1,  4,  6,  7,  8, 12, 14, 18, 19, 20, 21, 22, 24, 26, 34, 35, 36, 38, 39, 42, 43] < [ 2,  3,  5,  9, 10, 11, 13, 15, 16, 17, 23, 25, 32, 33, 37, 40, 41, 44, 45, 46, 47, 48]
    W2: [ 0,  1,  4,  6,  7,  8, 23, 25, 31, 32, 33, 37, 38, 39, 47, 48, 49] = [ 2,  3,  5, 18, 19, 20, 21, 22, 24, 26, 27, 28, 29, 30, 34, 35, 36]
    W3: [ 0,  1, 15, 16, 17, 18, 19, 20, 25, 32, 33, 38, 44, 45, 46, 48] = [ 2,  6,  7,  8,  9, 10, 11, 24, 26, 27, 28, 29, 31, 34, 39, 40]
    W4: [ 0,  2,  5,  6, 11, 12, 17, 18, 21, 23, 24, 29, 31, 32, 34, 46, 49] > [ 3,  8,  9, 14, 15, 20, 26, 27, 30, 35, 37, 38, 39, 41, 43, 44, 50]
    Truth table row=[=, <, =, =, >] ix=95 result=[43-] is correct

Test 43+:
    W0: [ 0,  1,  4,  6,  7,  8, 12, 14, 18, 19, 20, 21, 22, 24, 26, 31, 32, 33, 37] = [ 2,  3,  5,  9, 10, 11, 13, 15, 16, 17, 23, 25, 27, 28, 29, 30, 34, 35, 36]
    W1: [ 0,  1,  4,  6,  7,  8, 12, 14, 18, 19, 20, 21, 22, 24, 26, 34, 35, 36, 38, 39, 42, 43] > [ 2,  3,  5,  9, 10, 11, 13, 15, 16, 17, 23, 25, 32, 33, 37, 40, 41, 44, 45, 46, 47, 48]
    W2: [ 0,  1,  4,  6,  7,  8, 23, 25, 31, 32, 33, 37, 38, 39, 47, 48, 49] = [ 2,  3,  5, 18, 19, 20, 21, 22, 24, 26, 27, 28, 29, 30, 34, 35, 36]
    W3: [ 0,  1, 15, 16, 17, 18, 19, 20, 25, 32, 33, 38, 44, 45, 46, 48] = [ 2,  6,  7,  8,  9, 10, 11, 24, 26, 27, 28, 29, 31, 34, 39, 40]
    W4: [ 0,  2,  5,  6, 11, 12, 17, 18, 21, 23, 24, 29, 31, 32, 34, 46, 49] < [ 3,  8,  9, 14, 15, 20, 26, 27, 30, 35, 37, 38, 39, 41, 43, 44, 50]
    Truth table row=[=, >, =, =, <] ix=147 result=[43+] is correct

Test 44-:
    W0: [ 0,  1,  4,  6,  7,  8, 12, 14, 18, 19, 20, 21, 22, 24, 26, 31, 32, 33, 37] = [ 2,  3,  5,  9, 10, 11, 13, 15, 16, 17, 23, 25, 27, 28, 29, 30, 34, 35, 36]
    W1: [ 0,  1,  4,  6,  7,  8, 12, 14, 18, 19, 20, 21, 22, 24, 26, 34, 35, 36, 38, 39, 42, 43] > [ 2,  3,  5,  9, 10, 11, 13, 15, 16, 17, 23, 25, 32, 33, 37, 40, 41, 44, 45, 46, 47, 48]
    W2: [ 0,  1,  4,  6,  7,  8, 23, 25, 31, 32, 33, 37, 38, 39, 47, 48, 49] = [ 2,  3,  5, 18, 19, 20, 21, 22, 24, 26, 27, 28, 29, 30, 34, 35, 36]
    W3: [ 0,  1, 15, 16, 17, 18, 19, 20, 25, 32, 33, 38, 44, 45, 46, 48] < [ 2,  6,  7,  8,  9, 10, 11, 24, 26, 27, 28, 29, 31, 34, 39, 40]
    W4: [ 0,  2,  5,  6, 11, 12, 17, 18, 21, 23, 24, 29, 31, 32, 34, 46, 49] > [ 3,  8,  9, 14, 15, 20, 26, 27, 30, 35, 37, 38, 39, 41, 43, 44, 50]
    Truth table row=[=, >, =, <, >] ix=146 result=[44-] is correct

Test 44+:
    W0: [ 0,  1,  4,  6,  7,  8, 12, 14, 18, 19, 20, 21, 22, 24, 26, 31, 32, 33, 37] = [ 2,  3,  5,  9, 10, 11, 13, 15, 16, 17, 23, 25, 27, 28, 29, 30, 34, 35, 36]
    W1: [ 0,  1,  4,  6,  7,  8, 12, 14, 18, 19, 20, 21, 22, 24, 26, 34, 35, 36, 38, 39, 42, 43] < [ 2,  3,  5,  9, 10, 11, 13, 15, 16, 17, 23, 25, 32, 33, 37, 40, 41, 44, 45, 46, 47, 48]
    W2: [ 0,  1,  4,  6,  7,  8, 23, 25, 31, 32, 33, 37, 38, 39, 47, 48, 49] = [ 2,  3,  5, 18, 19, 20, 21, 22, 24, 26, 27, 28, 29, 30, 34, 35, 36]
    W3: [ 0,  1, 15, 16, 17, 18, 19, 20, 25, 32, 33, 38, 44, 45, 46, 48] > [ 2,  6,  7,  8,  9, 10, 11, 24, 26, 27, 28, 29, 31, 34, 39, 40]
    W4: [ 0,  2,  5,  6, 11, 12, 17, 18, 21, 23, 24, 29, 31, 32, 34, 46, 49] < [ 3,  8,  9, 14, 15, 20, 26, 27, 30, 35, 37, 38, 39, 41, 43, 44, 50]
    Truth table row=[=, <, =, >, <] ix=96 result=[44+] is correct

Test 45-:
    W0: [ 0,  1,  4,  6,  7,  8, 12, 14, 18, 19, 20, 21, 22, 24, 26, 31, 32, 33, 37] = [ 2,  3,  5,  9, 10, 11, 13, 15, 16, 17, 23, 25, 27, 28, 29, 30, 34, 35, 36]
    W1: [ 0,  1,  4,  6,  7,  8, 12, 14, 18, 19, 20, 21, 22, 24, 26, 34, 35, 36, 38, 39, 42, 43] > [ 2,  3,  5,  9, 10, 11, 13, 15, 16, 17, 23, 25, 32, 33, 37, 40, 41, 44, 45, 46, 47, 48]
    W2: [ 0,  1,  4,  6,  7,  8, 23, 25, 31, 32, 33, 37, 38, 39, 47, 48, 49] = [ 2,  3,  5, 18, 19, 20, 21, 22, 24, 26, 27, 28, 29, 30, 34, 35, 36]
    W3: [ 0,  1, 15, 16, 17, 18, 19, 20, 25, 32, 33, 38, 44, 45, 46, 48] < [ 2,  6,  7,  8,  9, 10, 11, 24, 26, 27, 28, 29, 31, 34, 39, 40]
    W4: [ 0,  2,  5,  6, 11, 12, 17, 18, 21, 23, 24, 29, 31, 32, 34, 46, 49] = [ 3,  8,  9, 14, 15, 20, 26, 27, 30, 35, 37, 38, 39, 41, 43, 44, 50]
    Truth table row=[=, >, =, <, =] ix=145 result=[45-] is correct

Test 45+:
    W0: [ 0,  1,  4,  6,  7,  8, 12, 14, 18, 19, 20, 21, 22, 24, 26, 31, 32, 33, 37] = [ 2,  3,  5,  9, 10, 11, 13, 15, 16, 17, 23, 25, 27, 28, 29, 30, 34, 35, 36]
    W1: [ 0,  1,  4,  6,  7,  8, 12, 14, 18, 19, 20, 21, 22, 24, 26, 34, 35, 36, 38, 39, 42, 43] < [ 2,  3,  5,  9, 10, 11, 13, 15, 16, 17, 23, 25, 32, 33, 37, 40, 41, 44, 45, 46, 47, 48]
    W2: [ 0,  1,  4,  6,  7,  8, 23, 25, 31, 32, 33, 37, 38, 39, 47, 48, 49] = [ 2,  3,  5, 18, 19, 20, 21, 22, 24, 26, 27, 28, 29, 30, 34, 35, 36]
    W3: [ 0,  1, 15, 16, 17, 18, 19, 20, 25, 32, 33, 38, 44, 45, 46, 48] > [ 2,  6,  7,  8,  9, 10, 11, 24, 26, 27, 28, 29, 31, 34, 39, 40]
    W4: [ 0,  2,  5,  6, 11, 12, 17, 18, 21, 23, 24, 29, 31, 32, 34, 46, 49] = [ 3,  8,  9, 14, 15, 20, 26, 27, 30, 35, 37, 38, 39, 41, 43, 44, 50]
    Truth table row=[=, <, =, >, =] ix=97 result=[45+] is correct

Test 46-:
    W0: [ 0,  1,  4,  6,  7,  8, 12, 14, 18, 19, 20, 21, 22, 24, 26, 31, 32, 33, 37] = [ 2,  3,  5,  9, 10, 11, 13, 15, 16, 17, 23, 25, 27, 28, 29, 30, 34, 35, 36]
    W1: [ 0,  1,  4,  6,  7,  8, 12, 14, 18, 19, 20, 21, 22, 24, 26, 34, 35, 36, 38, 39, 42, 43] > [ 2,  3,  5,  9, 10, 11, 13, 15, 16, 17, 23, 25, 32, 33, 37, 40, 41, 44, 45, 46, 47, 48]
    W2: [ 0,  1,  4,  6,  7,  8, 23, 25, 31, 32, 33, 37, 38, 39, 47, 48, 49] = [ 2,  3,  5, 18, 19, 20, 21, 22, 24, 26, 27, 28, 29, 30, 34, 35, 36]
    W3: [ 0,  1, 15, 16, 17, 18, 19, 20, 25, 32, 33, 38, 44, 45, 46, 48] < [ 2,  6,  7,  8,  9, 10, 11, 24, 26, 27, 28, 29, 31, 34, 39, 40]
    W4: [ 0,  2,  5,  6, 11, 12, 17, 18, 21, 23, 24, 29, 31, 32, 34, 46, 49] < [ 3,  8,  9, 14, 15, 20, 26, 27, 30, 35, 37, 38, 39, 41, 43, 44, 50]
    Truth table row=[=, >, =, <, <] ix=144 result=[46-] is correct

Test 46+:
    W0: [ 0,  1,  4,  6,  7,  8, 12, 14, 18, 19, 20, 21, 22, 24, 26, 31, 32, 33, 37] = [ 2,  3,  5,  9, 10, 11, 13, 15, 16, 17, 23, 25, 27, 28, 29, 30, 34, 35, 36]
    W1: [ 0,  1,  4,  6,  7,  8, 12, 14, 18, 19, 20, 21, 22, 24, 26, 34, 35, 36, 38, 39, 42, 43] < [ 2,  3,  5,  9, 10, 11, 13, 15, 16, 17, 23, 25, 32, 33, 37, 40, 41, 44, 45, 46, 47, 48]
    W2: [ 0,  1,  4,  6,  7,  8, 23, 25, 31, 32, 33, 37, 38, 39, 47, 48, 49] = [ 2,  3,  5, 18, 19, 20, 21, 22, 24, 26, 27, 28, 29, 30, 34, 35, 36]
    W3: [ 0,  1, 15, 16, 17, 18, 19, 20, 25, 32, 33, 38, 44, 45, 46, 48] > [ 2,  6,  7,  8,  9, 10, 11, 24, 26, 27, 28, 29, 31, 34, 39, 40]
    W4: [ 0,  2,  5,  6, 11, 12, 17, 18, 21, 23, 24, 29, 31, 32, 34, 46, 49] > [ 3,  8,  9, 14, 15, 20, 26, 27, 30, 35, 37, 38, 39, 41, 43, 44, 50]
    Truth table row=[=, <, =, >, >] ix=98 result=[46+] is correct

Test 47-:
    W0: [ 0,  1,  4,  6,  7,  8, 12, 14, 18, 19, 20, 21, 22, 24, 26, 31, 32, 33, 37] = [ 2,  3,  5,  9, 10, 11, 13, 15, 16, 17, 23, 25, 27, 28, 29, 30, 34, 35, 36]
    W1: [ 0,  1,  4,  6,  7,  8, 12, 14, 18, 19, 20, 21, 22, 24, 26, 34, 35, 36, 38, 39, 42, 43] > [ 2,  3,  5,  9, 10, 11, 13, 15, 16, 17, 23, 25, 32, 33, 37, 40, 41, 44, 45, 46, 47, 48]
    W2: [ 0,  1,  4,  6,  7,  8, 23, 25, 31, 32, 33, 37, 38, 39, 47, 48, 49] < [ 2,  3,  5, 18, 19, 20, 21, 22, 24, 26, 27, 28, 29, 30, 34, 35, 36]
    W3: [ 0,  1, 15, 16, 17, 18, 19, 20, 25, 32, 33, 38, 44, 45, 46, 48] = [ 2,  6,  7,  8,  9, 10, 11, 24, 26, 27, 28, 29, 31, 34, 39, 40]
    W4: [ 0,  2,  5,  6, 11, 12, 17, 18, 21, 23, 24, 29, 31, 32, 34, 46, 49] = [ 3,  8,  9, 14, 15, 20, 26, 27, 30, 35, 37, 38, 39, 41, 43, 44, 50]
    Truth table row=[=, >, <, =, =] ix=139 result=[47-] is correct

Test 47+:
    W0: [ 0,  1,  4,  6,  7,  8, 12, 14, 18, 19, 20, 21, 22, 24, 26, 31, 32, 33, 37] = [ 2,  3,  5,  9, 10, 11, 13, 15, 16, 17, 23, 25, 27, 28, 29, 30, 34, 35, 36]
    W1: [ 0,  1,  4,  6,  7,  8, 12, 14, 18, 19, 20, 21, 22, 24, 26, 34, 35, 36, 38, 39, 42, 43] < [ 2,  3,  5,  9, 10, 11, 13, 15, 16, 17, 23, 25, 32, 33, 37, 40, 41, 44, 45, 46, 47, 48]
    W2: [ 0,  1,  4,  6,  7,  8, 23, 25, 31, 32, 33, 37, 38, 39, 47, 48, 49] > [ 2,  3,  5, 18, 19, 20, 21, 22, 24, 26, 27, 28, 29, 30, 34, 35, 36]
    W3: [ 0,  1, 15, 16, 17, 18, 19, 20, 25, 32, 33, 38, 44, 45, 46, 48] = [ 2,  6,  7,  8,  9, 10, 11, 24, 26, 27, 28, 29, 31, 34, 39, 40]
    W4: [ 0,  2,  5,  6, 11, 12, 17, 18, 21, 23, 24, 29, 31, 32, 34, 46, 49] = [ 3,  8,  9, 14, 15, 20, 26, 27, 30, 35, 37, 38, 39, 41, 43, 44, 50]
    Truth table row=[=, <, >, =, =] ix=103 result=[47+] is correct

Test 48-:
    W0: [ 0,  1,  4,  6,  7,  8, 12, 14, 18, 19, 20, 21, 22, 24, 26, 31, 32, 33, 37] = [ 2,  3,  5,  9, 10, 11, 13, 15, 16, 17, 23, 25, 27, 28, 29, 30, 34, 35, 36]
    W1: [ 0,  1,  4,  6,  7,  8, 12, 14, 18, 19, 20, 21, 22, 24, 26, 34, 35, 36, 38, 39, 42, 43] > [ 2,  3,  5,  9, 10, 11, 13, 15, 16, 17, 23, 25, 32, 33, 37, 40, 41, 44, 45, 46, 47, 48]
    W2: [ 0,  1,  4,  6,  7,  8, 23, 25, 31, 32, 33, 37, 38, 39, 47, 48, 49] < [ 2,  3,  5, 18, 19, 20, 21, 22, 24, 26, 27, 28, 29, 30, 34, 35, 36]
    W3: [ 0,  1, 15, 16, 17, 18, 19, 20, 25, 32, 33, 38, 44, 45, 46, 48] < [ 2,  6,  7,  8,  9, 10, 11, 24, 26, 27, 28, 29, 31, 34, 39, 40]
    W4: [ 0,  2,  5,  6, 11, 12, 17, 18, 21, 23, 24, 29, 31, 32, 34, 46, 49] = [ 3,  8,  9, 14, 15, 20, 26, 27, 30, 35, 37, 38, 39, 41, 43, 44, 50]
    Truth table row=[=, >, <, <, =] ix=136 result=[48-] is correct

Test 48+:
    W0: [ 0,  1,  4,  6,  7,  8, 12, 14, 18, 19, 20, 21, 22, 24, 26, 31, 32, 33, 37] = [ 2,  3,  5,  9, 10, 11, 13, 15, 16, 17, 23, 25, 27, 28, 29, 30, 34, 35, 36]
    W1: [ 0,  1,  4,  6,  7,  8, 12, 14, 18, 19, 20, 21, 22, 24, 26, 34, 35, 36, 38, 39, 42, 43] < [ 2,  3,  5,  9, 10, 11, 13, 15, 16, 17, 23, 25, 32, 33, 37, 40, 41, 44, 45, 46, 47, 48]
    W2: [ 0,  1,  4,  6,  7,  8, 23, 25, 31, 32, 33, 37, 38, 39, 47, 48, 49] > [ 2,  3,  5, 18, 19, 20, 21, 22, 24, 26, 27, 28, 29, 30, 34, 35, 36]
    W3: [ 0,  1, 15, 16, 17, 18, 19, 20, 25, 32, 33, 38, 44, 45, 46, 48] > [ 2,  6,  7,  8,  9, 10, 11, 24, 26, 27, 28, 29, 31, 34, 39, 40]
    W4: [ 0,  2,  5,  6, 11, 12, 17, 18, 21, 23, 24, 29, 31, 32, 34, 46, 49] = [ 3,  8,  9, 14, 15, 20, 26, 27, 30, 35, 37, 38, 39, 41, 43, 44, 50]
    Truth table row=[=, <, >, >, =] ix=106 result=[48+] is correct

Test 49-:
    W0: [ 0,  1,  4,  6,  7,  8, 12, 14, 18, 19, 20, 21, 22, 24, 26, 31, 32, 33, 37] = [ 2,  3,  5,  9, 10, 11, 13, 15, 16, 17, 23, 25, 27, 28, 29, 30, 34, 35, 36]
    W1: [ 0,  1,  4,  6,  7,  8, 12, 14, 18, 19, 20, 21, 22, 24, 26, 34, 35, 36, 38, 39, 42, 43] = [ 2,  3,  5,  9, 10, 11, 13, 15, 16, 17, 23, 25, 32, 33, 37, 40, 41, 44, 45, 46, 47, 48]
    W2: [ 0,  1,  4,  6,  7,  8, 23, 25, 31, 32, 33, 37, 38, 39, 47, 48, 49] < [ 2,  3,  5, 18, 19, 20, 21, 22, 24, 26, 27, 28, 29, 30, 34, 35, 36]
    W3: [ 0,  1, 15, 16, 17, 18, 19, 20, 25, 32, 33, 38, 44, 45, 46, 48] = [ 2,  6,  7,  8,  9, 10, 11, 24, 26, 27, 28, 29, 31, 34, 39, 40]
    W4: [ 0,  2,  5,  6, 11, 12, 17, 18, 21, 23, 24, 29, 31, 32, 34, 46, 49] < [ 3,  8,  9, 14, 15, 20, 26, 27, 30, 35, 37, 38, 39, 41, 43, 44, 50]
    Truth table row=[=, =, <, =, <] ix=111 result=[49-] is correct

Test 49+:
    W0: [ 0,  1,  4,  6,  7,  8, 12, 14, 18, 19, 20, 21, 22, 24, 26, 31, 32, 33, 37] = [ 2,  3,  5,  9, 10, 11, 13, 15, 16, 17, 23, 25, 27, 28, 29, 30, 34, 35, 36]
    W1: [ 0,  1,  4,  6,  7,  8, 12, 14, 18, 19, 20, 21, 22, 24, 26, 34, 35, 36, 38, 39, 42, 43] = [ 2,  3,  5,  9, 10, 11, 13, 15, 16, 17, 23, 25, 32, 33, 37, 40, 41, 44, 45, 46, 47, 48]
    W2: [ 0,  1,  4,  6,  7,  8, 23, 25, 31, 32, 33, 37, 38, 39, 47, 48, 49] > [ 2,  3,  5, 18, 19, 20, 21, 22, 24, 26, 27, 28, 29, 30, 34, 35, 36]
    W3: [ 0,  1, 15, 16, 17, 18, 19, 20, 25, 32, 33, 38, 44, 45, 46, 48] = [ 2,  6,  7,  8,  9, 10, 11, 24, 26, 27, 28, 29, 31, 34, 39, 40]
    W4: [ 0,  2,  5,  6, 11, 12, 17, 18, 21, 23, 24, 29, 31, 32, 34, 46, 49] > [ 3,  8,  9, 14, 15, 20, 26, 27, 30, 35, 37, 38, 39, 41, 43, 44, 50]
    Truth table row=[=, =, >, =, >] ix=131 result=[49+] is correct

Test 50-:
    W0: [ 0,  1,  4,  6,  7,  8, 12, 14, 18, 19, 20, 21, 22, 24, 26, 31, 32, 33, 37] = [ 2,  3,  5,  9, 10, 11, 13, 15, 16, 17, 23, 25, 27, 28, 29, 30, 34, 35, 36]
    W1: [ 0,  1,  4,  6,  7,  8, 12, 14, 18, 19, 20, 21, 22, 24, 26, 34, 35, 36, 38, 39, 42, 43] = [ 2,  3,  5,  9, 10, 11, 13, 15, 16, 17, 23, 25, 32, 33, 37, 40, 41, 44, 45, 46, 47, 48]
    W2: [ 0,  1,  4,  6,  7,  8, 23, 25, 31, 32, 33, 37, 38, 39, 47, 48, 49] = [ 2,  3,  5, 18, 19, 20, 21, 22, 24, 26, 27, 28, 29, 30, 34, 35, 36]
    W3: [ 0,  1, 15, 16, 17, 18, 19, 20, 25, 32, 33, 38, 44, 45, 46, 48] = [ 2,  6,  7,  8,  9, 10, 11, 24, 26, 27, 28, 29, 31, 34, 39, 40]
    W4: [ 0,  2,  5,  6, 11, 12, 17, 18, 21, 23, 24, 29, 31, 32, 34, 46, 49] > [ 3,  8,  9, 14, 15, 20, 26, 27, 30, 35, 37, 38, 39, 41, 43, 44, 50]
    Truth table row=[=, =, =, =, >] ix=122 result=[50-] is correct

Test 50+:
    W0: [ 0,  1,  4,  6,  7,  8, 12, 14, 18, 19, 20, 21, 22, 24, 26, 31, 32, 33, 37] = [ 2,  3,  5,  9, 10, 11, 13, 15, 16, 17, 23, 25, 27, 28, 29, 30, 34, 35, 36]
    W1: [ 0,  1,  4,  6,  7,  8, 12, 14, 18, 19, 20, 21, 22, 24, 26, 34, 35, 36, 38, 39, 42, 43] = [ 2,  3,  5,  9, 10, 11, 13, 15, 16, 17, 23, 25, 32, 33, 37, 40, 41, 44, 45, 46, 47, 48]
    W2: [ 0,  1,  4,  6,  7,  8, 23, 25, 31, 32, 33, 37, 38, 39, 47, 48, 49] = [ 2,  3,  5, 18, 19, 20, 21, 22, 24, 26, 27, 28, 29, 30, 34, 35, 36]
    W3: [ 0,  1, 15, 16, 17, 18, 19, 20, 25, 32, 33, 38, 44, 45, 46, 48] = [ 2,  6,  7,  8,  9, 10, 11, 24, 26, 27, 28, 29, 31, 34, 39, 40]
    W4: [ 0,  2,  5,  6, 11, 12, 17, 18, 21, 23, 24, 29, 31, 32, 34, 46, 49] < [ 3,  8,  9, 14, 15, 20, 26, 27, 30, 35, 37, 38, 39, 41, 43, 44, 50]
    Truth table row=[=, =, =, =, <] ix=120 result=[50+] is correct

Total correct results: 102
Total incorrect results: 0
