Solving for 34 balls and 5 weighings.
Using symmetry breaking strategy TruthTableAscending.

Solution:
W0: [ 0] <=> [ 1]
W1: [ 1,  4,  7,  8, 10, 11, 12, 13, 14, 18] <=> [ 2,  3,  5,  6,  9, 15, 16, 17, 19, 20]
W2: [ 4, 15, 16, 17, 19, 20, 21, 22, 24, 26, 29] <=> [ 0,  2,  3,  5, 13, 14, 18, 23, 25, 27, 28]
W3: [ 5,  7, 13, 14, 19, 20, 21, 22, 27, 28, 32] <=> [ 0,  1,  2,  6, 11, 12, 18, 23, 29, 30, 31]
W4: [ 0,  1,  8, 11, 13, 17, 18, 20, 21, 23, 24] <=> [ 4,  6,  7, 10, 15, 26, 27, 29, 30, 32, 33]

Truth Table:
ix  W0  W1  W2  W3  W4   Result
 0   <   <   <   <   <
 1   <   <   <   <   =
 2   <   <   <   <   >
 3   <   <   <   =   <
 4   <   <   <   =   =
 5   <   <   <   =   >
 6   <   <   <   >   <
 7   <   <   <   >   =
 8   <   <   <   >   >
 9   <   <   =   <   <
10   <   <   =   <   =
11   <   <   =   <   >
12   <   <   =   =   <
13   <   <   =   =   =
14   <   <   =   =   >
15   <   <   =   >   <
16   <   <   =   >   =
17   <   <   =   >   >
18   <   <   >   <   <
19   <   <   >   <   =
20   <   <   >   <   >
21   <   <   >   =   <
22   <   <   >   =   =
23   <   <   >   =   >
24   <   <   >   >   <
25   <   <   >   >   =
26   <   <   >   >   >
27   <   =   <   <   <
28   <   =   <   <   =
29   <   =   <   <   >
30   <   =   <   =   <
31   <   =   <   =   =
32   <   =   <   =   >
33   <   =   <   >   <
34   <   =   <   >   =
35   <   =   <   >   >
36   <   =   =   <   <
37   <   =   =   <   =
38   <   =   =   <   >
39   <   =   =   =   <
40   <   =   =   =   =
41   <   =   =   =   >
42   <   =   =   >   <
43   <   =   =   >   =
44   <   =   =   >   >
45   <   =   >   <   <
46   <   =   >   <   =
47   <   =   >   <   >
48   <   =   >   =   <
49   <   =   >   =   =
50   <   =   >   =   >
51   <   =   >   >   <   0-
52   <   =   >   >   =
53   <   =   >   >   >
54   <   >   <   <   <
55   <   >   <   <   =
56   <   >   <   <   >
57   <   >   <   =   <
58   <   >   <   =   =
59   <   >   <   =   >
60   <   >   <   >   <
61   <   >   <   >   =
62   <   >   <   >   >
63   <   >   =   <   <
64   <   >   =   <   =
65   <   >   =   <   >   1+
66   <   >   =   =   <
67   <   >   =   =   =
68   <   >   =   =   >
69   <   >   =   >   <
70   <   >   =   >   =
71   <   >   =   >   >
72   <   >   >   <   <
73   <   >   >   <   =
74   <   >   >   <   >
75   <   >   >   =   <
76   <   >   >   =   =
77   <   >   >   =   >
78   <   >   >   >   <
79   <   >   >   >   =
80   <   >   >   >   >
81   =   <   <   <   <
82   =   <   <   <   =   2+
83   =   <   <   <   >
84   =   <   <   =   <
85   =   <   <   =   =   3+
86   =   <   <   =   >   4-
87   =   <   <   >   <
88   =   <   <   >   =   5+
89   =   <   <   >   >
90   =   <   =   <   <   6+
91   =   <   =   <   =
92   =   <   =   <   >   7-
93   =   <   =   =   <   8-
94   =   <   =   =   =   9+
95   =   <   =   =   >   10-
96   =   <   =   >   <   11-
97   =   <   =   >   =   12-
98   =   <   =   >   >
99   =   <   >   <   <   13-
100   =   <   >   <   =   14-
101   =   <   >   <   >
102   =   <   >   =   <   15+
103   =   <   >   =   =   16+
104   =   <   >   =   >   17+
105   =   <   >   >   <   18-
106   =   <   >   >   =   19+
107   =   <   >   >   >   20+
108   =   =   <   <   <   21-
109   =   =   <   <   =   22-
110   =   =   <   <   >   23+
111   =   =   <   =   <   24-
112   =   =   <   =   =   25+
113   =   =   <   =   >   26-
114   =   =   <   >   <   27+
115   =   =   <   >   =   28+
116   =   =   <   >   >   29-
117   =   =   =   <   <   30+
118   =   =   =   <   =   31+
119   =   =   =   <   >   32-
120   =   =   =   =   <   33+
121   =   =   =   =   =
122   =   =   =   =   >   33-
123   =   =   =   >   <   32+
124   =   =   =   >   =   31-
125   =   =   =   >   >   30-
126   =   =   >   <   <   29+
127   =   =   >   <   =   28-
128   =   =   >   <   >   27-
129   =   =   >   =   <   26+
130   =   =   >   =   =   25-
131   =   =   >   =   >   24+
132   =   =   >   >   <   23-
133   =   =   >   >   =   22+
134   =   =   >   >   >   21+
135   =   >   <   <   <   20-
136   =   >   <   <   =   19-
137   =   >   <   <   >   18+
138   =   >   <   =   <   17-
139   =   >   <   =   =   16-
140   =   >   <   =   >   15-
141   =   >   <   >   <
142   =   >   <   >   =   14+
143   =   >   <   >   >   13+
144   =   >   =   <   <
145   =   >   =   <   =   12+
146   =   >   =   <   >   11+
147   =   >   =   =   <   10+
148   =   >   =   =   =   9-
149   =   >   =   =   >   8+
150   =   >   =   >   <   7+
151   =   >   =   >   =
152   =   >   =   >   >   6-
153   =   >   >   <   <
154   =   >   >   <   =   5-
155   =   >   >   <   >
156   =   >   >   =   <   4+
157   =   >   >   =   =   3-
158   =   >   >   =   >
159   =   >   >   >   <
160   =   >   >   >   =   2-
161   =   >   >   >   >
162   >   <   <   <   <
163   >   <   <   <   =
164   >   <   <   <   >
165   >   <   <   =   <
166   >   <   <   =   =
167   >   <   <   =   >
168   >   <   <   >   <
169   >   <   <   >   =
170   >   <   <   >   >
171   >   <   =   <   <
172   >   <   =   <   =
173   >   <   =   <   >
174   >   <   =   =   <
175   >   <   =   =   =
176   >   <   =   =   >
177   >   <   =   >   <   1-
178   >   <   =   >   =
179   >   <   =   >   >
180   >   <   >   <   <
181   >   <   >   <   =
182   >   <   >   <   >
183   >   <   >   =   <
184   >   <   >   =   =
185   >   <   >   =   >
186   >   <   >   >   <
187   >   <   >   >   =
188   >   <   >   >   >
189   >   =   <   <   <
190   >   =   <   <   =
191   >   =   <   <   >   0+
192   >   =   <   =   <
193   >   =   <   =   =
194   >   =   <   =   >
195   >   =   <   >   <
196   >   =   <   >   =
197   >   =   <   >   >
198   >   =   =   <   <
199   >   =   =   <   =
200   >   =   =   <   >
201   >   =   =   =   <
202   >   =   =   =   =
203   >   =   =   =   >
204   >   =   =   >   <
205   >   =   =   >   =
206   >   =   =   >   >
207   >   =   >   <   <
208   >   =   >   <   =
209   >   =   >   <   >
210   >   =   >   =   <
211   >   =   >   =   =
212   >   =   >   =   >
213   >   =   >   >   <
214   >   =   >   >   =
215   >   =   >   >   >
216   >   >   <   <   <
217   >   >   <   <   =
218   >   >   <   <   >
219   >   >   <   =   <
220   >   >   <   =   =
221   >   >   <   =   >
222   >   >   <   >   <
223   >   >   <   >   =
224   >   >   <   >   >
225   >   >   =   <   <
226   >   >   =   <   =
227   >   >   =   <   >
228   >   >   =   =   <
229   >   >   =   =   =
230   >   >   =   =   >
231   >   >   =   >   <
232   >   >   =   >   =
233   >   >   =   >   >
234   >   >   >   <   <
235   >   >   >   <   =
236   >   >   >   <   >
237   >   >   >   =   <
238   >   >   >   =   =
239   >   >   >   =   >
240   >   >   >   >   <
241   >   >   >   >   =
242   >   >   >   >   >

Test 0-:
    W0: [ 0] < [ 1]
    W1: [ 1,  4,  7,  8, 10, 11, 12, 13, 14, 18] = [ 2,  3,  5,  6,  9, 15, 16, 17, 19, 20]
    W2: [ 4, 15, 16, 17, 19, 20, 21, 22, 24, 26, 29] > [ 0,  2,  3,  5, 13, 14, 18, 23, 25, 27, 28]
    W3: [ 5,  7, 13, 14, 19, 20, 21, 22, 27, 28, 32] > [ 0,  1,  2,  6, 11, 12, 18, 23, 29, 30, 31]
    W4: [ 0,  1,  8, 11, 13, 17, 18, 20, 21, 23, 24] < [ 4,  6,  7, 10, 15, 26, 27, 29, 30, 32, 33]
    Truth table row=[<, =, >, >, <] ix=51 result=[0-] is correct

Test 0+:
    W0: [ 0] > [ 1]
    W1: [ 1,  4,  7,  8, 10, 11, 12, 13, 14, 18] = [ 2,  3,  5,  6,  9, 15, 16, 17, 19, 20]
    W2: [ 4, 15, 16, 17, 19, 20, 21, 22, 24, 26, 29] < [ 0,  2,  3,  5, 13, 14, 18, 23, 25, 27, 28]
    W3: [ 5,  7, 13, 14, 19, 20, 21, 22, 27, 28, 32] < [ 0,  1,  2,  6, 11, 12, 18, 23, 29, 30, 31]
    W4: [ 0,  1,  8, 11, 13, 17, 18, 20, 21, 23, 24] > [ 4,  6,  7, 10, 15, 26, 27, 29, 30, 32, 33]
    Truth table row=[>, =, <, <, >] ix=191 result=[0+] is correct

Test 1-:
    W0: [ 0] > [ 1]
    W1: [ 1,  4,  7,  8, 10, 11, 12, 13, 14, 18] < [ 2,  3,  5,  6,  9, 15, 16, 17, 19, 20]
    W2: [ 4, 15, 16, 17, 19, 20, 21, 22, 24, 26, 29] = [ 0,  2,  3,  5, 13, 14, 18, 23, 25, 27, 28]
    W3: [ 5,  7, 13, 14, 19, 20, 21, 22, 27, 28, 32] > [ 0,  1,  2,  6, 11, 12, 18, 23, 29, 30, 31]
    W4: [ 0,  1,  8, 11, 13, 17, 18, 20, 21, 23, 24] < [ 4,  6,  7, 10, 15, 26, 27, 29, 30, 32, 33]
    Truth table row=[>, <, =, >, <] ix=177 result=[1-] is correct

Test 1+:
    W0: [ 0] < [ 1]
    W1: [ 1,  4,  7,  8, 10, 11, 12, 13, 14, 18] > [ 2,  3,  5,  6,  9, 15, 16, 17, 19, 20]
    W2: [ 4, 15, 16, 17, 19, 20, 21, 22, 24, 26, 29] = [ 0,  2,  3,  5, 13, 14, 18, 23, 25, 27, 28]
    W3: [ 5,  7, 13, 14, 19, 20, 21, 22, 27, 28, 32] < [ 0,  1,  2,  6, 11, 12, 18, 23, 29, 30, 31]
    W4: [ 0,  1,  8, 11, 13, 17, 18, 20, 21, 23, 24] > [ 4,  6,  7, 10, 15, 26, 27, 29, 30, 32, 33]
    Truth table row=[<, >, =, <, >] ix=65 result=[1+] is correct

Test 2-:
    W0: [ 0] = [ 1]
    W1: [ 1,  4,  7,  8, 10, 11, 12, 13, 14, 18] > [ 2,  3,  5,  6,  9, 15, 16, 17, 19, 20]
    W2: [ 4, 15, 16, 17, 19, 20, 21, 22, 24, 26, 29] > [ 0,  2,  3,  5, 13, 14, 18, 23, 25, 27, 28]
    W3: [ 5,  7, 13, 14, 19, 20, 21, 22, 27, 28, 32] > [ 0,  1,  2,  6, 11, 12, 18, 23, 29, 30, 31]
    W4: [ 0,  1,  8, 11, 13, 17, 18, 20, 21, 23, 24] = [ 4,  6,  7, 10, 15, 26, 27, 29, 30, 32, 33]
    Truth table row=[=, >, >, >, =] ix=160 result=[2-] is correct

Test 2+:
    W0: [ 0] = [ 1]
    W1: [ 1,  4,  7,  8, 10, 11, 12, 13, 14, 18] < [ 2,  3,  5,  6,  9, 15, 16, 17, 19, 20]
    W2: [ 4, 15, 16, 17, 19, 20, 21, 22, 24, 26, 29] < [ 0,  2,  3,  5, 13, 14, 18, 23, 25, 27, 28]
    W3: [ 5,  7, 13, 14, 19, 20, 21, 22, 27, 28, 32] < [ 0,  1,  2,  6, 11, 12, 18, 23, 29, 30, 31]
    W4: [ 0,  1,  8, 11, 13, 17, 18, 20, 21, 23, 24] = [ 4,  6,  7, 10, 15, 26, 27, 29, 30, 32, 33]
    Truth table row=[=, <, <, <, =] ix=82 result=[2+] is correct

Test 3-:
    W0: [ 0] = [ 1]
    W1: [ 1,  4,  7,  8, 10, 11, 12, 13, 14, 18] > [ 2,  3,  5,  6,  9, 15, 16, 17, 19, 20]
    W2: [ 4, 15, 16, 17, 19, 20, 21, 22, 24, 26, 29] > [ 0,  2,  3,  5, 13, 14, 18, 23, 25, 27, 28]
    W3: [ 5,  7, 13, 14, 19, 20, 21, 22, 27, 28, 32] = [ 0,  1,  2,  6, 11, 12, 18, 23, 29, 30, 31]
    W4: [ 0,  1,  8, 11, 13, 17, 18, 20, 21, 23, 24] = [ 4,  6,  7, 10, 15, 26, 27, 29, 30, 32, 33]
    Truth table row=[=, >, >, =, =] ix=157 result=[3-] is correct

Test 3+:
    W0: [ 0] = [ 1]
    W1: [ 1,  4,  7,  8, 10, 11, 12, 13, 14, 18] < [ 2,  3,  5,  6,  9, 15, 16, 17, 19, 20]
    W2: [ 4, 15, 16, 17, 19, 20, 21, 22, 24, 26, 29] < [ 0,  2,  3,  5, 13, 14, 18, 23, 25, 27, 28]
    W3: [ 5,  7, 13, 14, 19, 20, 21, 22, 27, 28, 32] = [ 0,  1,  2,  6, 11, 12, 18, 23, 29, 30, 31]
    W4: [ 0,  1,  8, 11, 13, 17, 18, 20, 21, 23, 24] = [ 4,  6,  7, 10, 15, 26, 27, 29, 30, 32, 33]
    Truth table row=[=, <, <, =, =] ix=85 result=[3+] is correct

Test 4-:
    W0: [ 0] = [ 1]
    W1: [ 1,  4,  7,  8, 10, 11, 12, 13, 14, 18] < [ 2,  3,  5,  6,  9, 15, 16, 17, 19, 20]
    W2: [ 4, 15, 16, 17, 19, 20, 21, 22, 24, 26, 29] < [ 0,  2,  3,  5, 13, 14, 18, 23, 25, 27, 28]
    W3: [ 5,  7, 13, 14, 19, 20, 21, 22, 27, 28, 32] = [ 0,  1,  2,  6, 11, 12, 18, 23, 29, 30, 31]
    W4: [ 0,  1,  8, 11, 13, 17, 18, 20, 21, 23, 24] > [ 4,  6,  7, 10, 15, 26, 27, 29, 30, 32, 33]
    Truth table row=[=, <, <, =, >] ix=86 result=[4-] is correct

Test 4+:
    W0: [ 0] = [ 1]
    W1: [ 1,  4,  7,  8, 10, 11, 12, 13, 14, 18] > [ 2,  3,  5,  6,  9, 15, 16, 17, 19, 20]
    W2: [ 4, 15, 16, 17, 19, 20, 21, 22, 24, 26, 29] > [ 0,  2,  3,  5, 13, 14, 18, 23, 25, 27, 28]
    W3: [ 5,  7, 13, 14, 19, 20, 21, 22, 27, 28, 32] = [ 0,  1,  2,  6, 11, 12, 18, 23, 29, 30, 31]
    W4: [ 0,  1,  8, 11, 13, 17, 18, 20, 21, 23, 24] < [ 4,  6,  7, 10, 15, 26, 27, 29, 30, 32, 33]
    Truth table row=[=, >, >, =, <] ix=156 result=[4+] is correct

Test 5-:
    W0: [ 0] = [ 1]
    W1: [ 1,  4,  7,  8, 10, 11, 12, 13, 14, 18] > [ 2,  3,  5,  6,  9, 15, 16, 17, 19, 20]
    W2: [ 4, 15, 16, 17, 19, 20, 21, 22, 24, 26, 29] > [ 0,  2,  3,  5, 13, 14, 18, 23, 25, 27, 28]
    W3: [ 5,  7, 13, 14, 19, 20, 21, 22, 27, 28, 32] < [ 0,  1,  2,  6, 11, 12, 18, 23, 29, 30, 31]
    W4: [ 0,  1,  8, 11, 13, 17, 18, 20, 21, 23, 24] = [ 4,  6,  7, 10, 15, 26, 27, 29, 30, 32, 33]
    Truth table row=[=, >, >, <, =] ix=154 result=[5-] is correct

Test 5+:
    W0: [ 0] = [ 1]
    W1: [ 1,  4,  7,  8, 10, 11, 12, 13, 14, 18] < [ 2,  3,  5,  6,  9, 15, 16, 17, 19, 20]
    W2: [ 4, 15, 16, 17, 19, 20, 21, 22, 24, 26, 29] < [ 0,  2,  3,  5, 13, 14, 18, 23, 25, 27, 28]
    W3: [ 5,  7, 13, 14, 19, 20, 21, 22, 27, 28, 32] > [ 0,  1,  2,  6, 11, 12, 18, 23, 29, 30, 31]
    W4: [ 0,  1,  8, 11, 13, 17, 18, 20, 21, 23, 24] = [ 4,  6,  7, 10, 15, 26, 27, 29, 30, 32, 33]
    Truth table row=[=, <, <, >, =] ix=88 result=[5+] is correct

Test 6-:
    W0: [ 0] = [ 1]
    W1: [ 1,  4,  7,  8, 10, 11, 12, 13, 14, 18] > [ 2,  3,  5,  6,  9, 15, 16, 17, 19, 20]
    W2: [ 4, 15, 16, 17, 19, 20, 21, 22, 24, 26, 29] = [ 0,  2,  3,  5, 13, 14, 18, 23, 25, 27, 28]
    W3: [ 5,  7, 13, 14, 19, 20, 21, 22, 27, 28, 32] > [ 0,  1,  2,  6, 11, 12, 18, 23, 29, 30, 31]
    W4: [ 0,  1,  8, 11, 13, 17, 18, 20, 21, 23, 24] > [ 4,  6,  7, 10, 15, 26, 27, 29, 30, 32, 33]
    Truth table row=[=, >, =, >, >] ix=152 result=[6-] is correct

Test 6+:
    W0: [ 0] = [ 1]
    W1: [ 1,  4,  7,  8, 10, 11, 12, 13, 14, 18] < [ 2,  3,  5,  6,  9, 15, 16, 17, 19, 20]
    W2: [ 4, 15, 16, 17, 19, 20, 21, 22, 24, 26, 29] = [ 0,  2,  3,  5, 13, 14, 18, 23, 25, 27, 28]
    W3: [ 5,  7, 13, 14, 19, 20, 21, 22, 27, 28, 32] < [ 0,  1,  2,  6, 11, 12, 18, 23, 29, 30, 31]
    W4: [ 0,  1,  8, 11, 13, 17, 18, 20, 21, 23, 24] < [ 4,  6,  7, 10, 15, 26, 27, 29, 30, 32, 33]
    Truth table row=[=, <, =, <, <] ix=90 result=[6+] is correct

Test 7-:
    W0: [ 0] = [ 1]
    W1: [ 1,  4,  7,  8, 10, 11, 12, 13, 14, 18] < [ 2,  3,  5,  6,  9, 15, 16, 17, 19, 20]
    W2: [ 4, 15, 16, 17, 19, 20, 21, 22, 24, 26, 29] = [ 0,  2,  3,  5, 13, 14, 18, 23, 25, 27, 28]
    W3: [ 5,  7, 13, 14, 19, 20, 21, 22, 27, 28, 32] < [ 0,  1,  2,  6, 11, 12, 18, 23, 29, 30, 31]
    W4: [ 0,  1,  8, 11, 13, 17, 18, 20, 21, 23, 24] > [ 4,  6,  7, 10, 15, 26, 27, 29, 30, 32, 33]
    Truth table row=[=, <, =, <, >] ix=92 result=[7-] is correct

Test 7+:
    W0: [ 0] = [ 1]
    W1: [ 1,  4,  7,  8, 10, 11, 12, 13, 14, 18] > [ 2,  3,  5,  6,  9, 15, 16, 17, 19, 20]
    W2: [ 4, 15, 16, 17, 19, 20, 21, 22, 24, 26, 29] = [ 0,  2,  3,  5, 13, 14, 18, 23, 25, 27, 28]
    W3: [ 5,  7, 13, 14, 19, 20, 21, 22, 27, 28, 32] > [ 0,  1,  2,  6, 11, 12, 18, 23, 29, 30, 31]
    W4: [ 0,  1,  8, 11, 13, 17, 18, 20, 21, 23, 24] < [ 4,  6,  7, 10, 15, 26, 27, 29, 30, 32, 33]
    Truth table row=[=, >, =, >, <] ix=150 result=[7+] is correct

Test 8-:
    W0: [ 0] = [ 1]
    W1: [ 1,  4,  7,  8, 10, 11, 12, 13, 14, 18] < [ 2,  3,  5,  6,  9, 15, 16, 17, 19, 20]
    W2: [ 4, 15, 16, 17, 19, 20, 21, 22, 24, 26, 29] = [ 0,  2,  3,  5, 13, 14, 18, 23, 25, 27, 28]
    W3: [ 5,  7, 13, 14, 19, 20, 21, 22, 27, 28, 32] = [ 0,  1,  2,  6, 11, 12, 18, 23, 29, 30, 31]
    W4: [ 0,  1,  8, 11, 13, 17, 18, 20, 21, 23, 24] < [ 4,  6,  7, 10, 15, 26, 27, 29, 30, 32, 33]
    Truth table row=[=, <, =, =, <] ix=93 result=[8-] is correct

Test 8+:
    W0: [ 0] = [ 1]
    W1: [ 1,  4,  7,  8, 10, 11, 12, 13, 14, 18] > [ 2,  3,  5,  6,  9, 15, 16, 17, 19, 20]
    W2: [ 4, 15, 16, 17, 19, 20, 21, 22, 24, 26, 29] = [ 0,  2,  3,  5, 13, 14, 18, 23, 25, 27, 28]
    W3: [ 5,  7, 13, 14, 19, 20, 21, 22, 27, 28, 32] = [ 0,  1,  2,  6, 11, 12, 18, 23, 29, 30, 31]
    W4: [ 0,  1,  8, 11, 13, 17, 18, 20, 21, 23, 24] > [ 4,  6,  7, 10, 15, 26, 27, 29, 30, 32, 33]
    Truth table row=[=, >, =, =, >] ix=149 result=[8+] is correct

Test 9-:
    W0: [ 0] = [ 1]
    W1: [ 1,  4,  7,  8, 10, 11, 12, 13, 14, 18] > [ 2,  3,  5,  6,  9, 15, 16, 17, 19, 20]
    W2: [ 4, 15, 16, 17, 19, 20, 21, 22, 24, 26, 29] = [ 0,  2,  3,  5, 13, 14, 18, 23, 25, 27, 28]
    W3: [ 5,  7, 13, 14, 19, 20, 21, 22, 27, 28, 32] = [ 0,  1,  2,  6, 11, 12, 18, 23, 29, 30, 31]
    W4: [ 0,  1,  8, 11, 13, 17, 18, 20, 21, 23, 24] = [ 4,  6,  7, 10, 15, 26, 27, 29, 30, 32, 33]
    Truth table row=[=, >, =, =, =] ix=148 result=[9-] is correct

Test 9+:
    W0: [ 0] = [ 1]
    W1: [ 1,  4,  7,  8, 10, 11, 12, 13, 14, 18] < [ 2,  3,  5,  6,  9, 15, 16, 17, 19, 20]
    W2: [ 4, 15, 16, 17, 19, 20, 21, 22, 24, 26, 29] = [ 0,  2,  3,  5, 13, 14, 18, 23, 25, 27, 28]
    W3: [ 5,  7, 13, 14, 19, 20, 21, 22, 27, 28, 32] = [ 0,  1,  2,  6, 11, 12, 18, 23, 29, 30, 31]
    W4: [ 0,  1,  8, 11, 13, 17, 18, 20, 21, 23, 24] = [ 4,  6,  7, 10, 15, 26, 27, 29, 30, 32, 33]
    Truth table row=[=, <, =, =, =] ix=94 result=[9+] is correct

Test 10-:
    W0: [ 0] = [ 1]
    W1: [ 1,  4,  7,  8, 10, 11, 12, 13, 14, 18] < [ 2,  3,  5,  6,  9, 15, 16, 17, 19, 20]
    W2: [ 4, 15, 16, 17, 19, 20, 21, 22, 24, 26, 29] = [ 0,  2,  3,  5, 13, 14, 18, 23, 25, 27, 28]
    W3: [ 5,  7, 13, 14, 19, 20, 21, 22, 27, 28, 32] = [ 0,  1,  2,  6, 11, 12, 18, 23, 29, 30, 31]
    W4: [ 0,  1,  8, 11, 13, 17, 18, 20, 21, 23, 24] > [ 4,  6,  7, 10, 15, 26, 27, 29, 30, 32, 33]
    Truth table row=[=, <, =, =, >] ix=95 result=[10-] is correct

Test 10+:
    W0: [ 0] = [ 1]
    W1: [ 1,  4,  7,  8, 10, 11, 12, 13, 14, 18] > [ 2,  3,  5,  6,  9, 15, 16, 17, 19, 20]
    W2: [ 4, 15, 16, 17, 19, 20, 21, 22, 24, 26, 29] = [ 0,  2,  3,  5, 13, 14, 18, 23, 25, 27, 28]
    W3: [ 5,  7, 13, 14, 19, 20, 21, 22, 27, 28, 32] = [ 0,  1,  2,  6, 11, 12, 18, 23, 29, 30, 31]
    W4: [ 0,  1,  8, 11, 13, 17, 18, 20, 21, 23, 24] < [ 4,  6,  7, 10, 15, 26, 27, 29, 30, 32, 33]
    Truth table row=[=, >, =, =, <] ix=147 result=[10+] is correct

Test 11-:
    W0: [ 0] = [ 1]
    W1: [ 1,  4,  7,  8, 10, 11, 12, 13, 14, 18] < [ 2,  3,  5,  6,  9, 15, 16, 17, 19, 20]
    W2: [ 4, 15, 16, 17, 19, 20, 21, 22, 24, 26, 29] = [ 0,  2,  3,  5, 13, 14, 18, 23, 25, 27, 28]
    W3: [ 5,  7, 13, 14, 19, 20, 21, 22, 27, 28, 32] > [ 0,  1,  2,  6, 11, 12, 18, 23, 29, 30, 31]
    W4: [ 0,  1,  8, 11, 13, 17, 18, 20, 21, 23, 24] < [ 4,  6,  7, 10, 15, 26, 27, 29, 30, 32, 33]
    Truth table row=[=, <, =, >, <] ix=96 result=[11-] is correct

Test 11+:
    W0: [ 0] = [ 1]
    W1: [ 1,  4,  7,  8, 10, 11, 12, 13, 14, 18] > [ 2,  3,  5,  6,  9, 15, 16, 17, 19, 20]
    W2: [ 4, 15, 16, 17, 19, 20, 21, 22, 24, 26, 29] = [ 0,  2,  3,  5, 13, 14, 18, 23, 25, 27, 28]
    W3: [ 5,  7, 13, 14, 19, 20, 21, 22, 27, 28, 32] < [ 0,  1,  2,  6, 11, 12, 18, 23, 29, 30, 31]
    W4: [ 0,  1,  8, 11, 13, 17, 18, 20, 21, 23, 24] > [ 4,  6,  7, 10, 15, 26, 27, 29, 30, 32, 33]
    Truth table row=[=, >, =, <, >] ix=146 result=[11+] is correct

Test 12-:
    W0: [ 0] = [ 1]
    W1: [ 1,  4,  7,  8, 10, 11, 12, 13, 14, 18] < [ 2,  3,  5,  6,  9, 15, 16, 17, 19, 20]
    W2: [ 4, 15, 16, 17, 19, 20, 21, 22, 24, 26, 29] = [ 0,  2,  3,  5, 13, 14, 18, 23, 25, 27, 28]
    W3: [ 5,  7, 13, 14, 19, 20, 21, 22, 27, 28, 32] > [ 0,  1,  2,  6, 11, 12, 18, 23, 29, 30, 31]
    W4: [ 0,  1,  8, 11, 13, 17, 18, 20, 21, 23, 24] = [ 4,  6,  7, 10, 15, 26, 27, 29, 30, 32, 33]
    Truth table row=[=, <, =, >, =] ix=97 result=[12-] is correct

Test 12+:
    W0: [ 0] = [ 1]
    W1: [ 1,  4,  7,  8, 10, 11, 12, 13, 14, 18] > [ 2,  3,  5,  6,  9, 15, 16, 17, 19, 20]
    W2: [ 4, 15, 16, 17, 19, 20, 21, 22, 24, 26, 29] = [ 0,  2,  3,  5, 13, 14, 18, 23, 25, 27, 28]
    W3: [ 5,  7, 13, 14, 19, 20, 21, 22, 27, 28, 32] < [ 0,  1,  2,  6, 11, 12, 18, 23, 29, 30, 31]
    W4: [ 0,  1,  8, 11, 13, 17, 18, 20, 21, 23, 24] = [ 4,  6,  7, 10, 15, 26, 27, 29, 30, 32, 33]
    Truth table row=[=, >, =, <, =] ix=145 result=[12+] is correct

Test 13-:
    W0: [ 0] = [ 1]
    W1: [ 1,  4,  7,  8, 10, 11, 12, 13, 14, 18] < [ 2,  3,  5,  6,  9, 15, 16, 17, 19, 20]
    W2: [ 4, 15, 16, 17, 19, 20, 21, 22, 24, 26, 29] > [ 0,  2,  3,  5, 13, 14, 18, 23, 25, 27, 28]
    W3: [ 5,  7, 13, 14, 19, 20, 21, 22, 27, 28, 32] < [ 0,  1,  2,  6, 11, 12, 18, 23, 29, 30, 31]
    W4: [ 0,  1,  8, 11, 13, 17, 18, 20, 21, 23, 24] < [ 4,  6,  7, 10, 15, 26, 27, 29, 30, 32, 33]
    Truth table row=[=, <, >, <, <] ix=99 result=[13-] is correct

Test 13+:
    W0: [ 0] = [ 1]
    W1: [ 1,  4,  7,  8, 10, 11, 12, 13, 14, 18] > [ 2,  3,  5,  6,  9, 15, 16, 17, 19, 20]
    W2: [ 4, 15, 16, 17, 19, 20, 21, 22, 24, 26, 29] < [ 0,  2,  3,  5, 13, 14, 18, 23, 25, 27, 28]
    W3: [ 5,  7, 13, 14, 19, 20, 21, 22, 27, 28, 32] > [ 0,  1,  2,  6, 11, 12, 18, 23, 29, 30, 31]
    W4: [ 0,  1,  8, 11, 13, 17, 18, 20, 21, 23, 24] > [ 4,  6,  7, 10, 15, 26, 27, 29, 30, 32, 33]
    Truth table row=[=, >, <, >, >] ix=143 result=[13+] is correct

Test 14-:
    W0: [ 0] = [ 1]
    W1: [ 1,  4,  7,  8, 10, 11, 12, 13, 14, 18] < [ 2,  3,  5,  6,  9, 15, 16, 17, 19, 20]
    W2: [ 4, 15, 16, 17, 19, 20, 21, 22, 24, 26, 29] > [ 0,  2,  3,  5, 13, 14, 18, 23, 25, 27, 28]
    W3: [ 5,  7, 13, 14, 19, 20, 21, 22, 27, 28, 32] < [ 0,  1,  2,  6, 11, 12, 18, 23, 29, 30, 31]
    W4: [ 0,  1,  8, 11, 13, 17, 18, 20, 21, 23, 24] = [ 4,  6,  7, 10, 15, 26, 27, 29, 30, 32, 33]
    Truth table row=[=, <, >, <, =] ix=100 result=[14-] is correct

Test 14+:
    W0: [ 0] = [ 1]
    W1: [ 1,  4,  7,  8, 10, 11, 12, 13, 14, 18] > [ 2,  3,  5,  6,  9, 15, 16, 17, 19, 20]
    W2: [ 4, 15, 16, 17, 19, 20, 21, 22, 24, 26, 29] < [ 0,  2,  3,  5, 13, 14, 18, 23, 25, 27, 28]
    W3: [ 5,  7, 13, 14, 19, 20, 21, 22, 27, 28, 32] > [ 0,  1,  2,  6, 11, 12, 18, 23, 29, 30, 31]
    W4: [ 0,  1,  8, 11, 13, 17, 18, 20, 21, 23, 24] = [ 4,  6,  7, 10, 15, 26, 27, 29, 30, 32, 33]
    Truth table row=[=, >, <, >, =] ix=142 result=[14+] is correct

Test 15-:
    W0: [ 0] = [ 1]
    W1: [ 1,  4,  7,  8, 10, 11, 12, 13, 14, 18] > [ 2,  3,  5,  6,  9, 15, 16, 17, 19, 20]
    W2: [ 4, 15, 16, 17, 19, 20, 21, 22, 24, 26, 29] < [ 0,  2,  3,  5, 13, 14, 18, 23, 25, 27, 28]
    W3: [ 5,  7, 13, 14, 19, 20, 21, 22, 27, 28, 32] = [ 0,  1,  2,  6, 11, 12, 18, 23, 29, 30, 31]
    W4: [ 0,  1,  8, 11, 13, 17, 18, 20, 21, 23, 24] > [ 4,  6,  7, 10, 15, 26, 27, 29, 30, 32, 33]
    Truth table row=[=, >, <, =, >] ix=140 result=[15-] is correct

Test 15+:
    W0: [ 0] = [ 1]
    W1: [ 1,  4,  7,  8, 10, 11, 12, 13, 14, 18] < [ 2,  3,  5,  6,  9, 15, 16, 17, 19, 20]
    W2: [ 4, 15, 16, 17, 19, 20, 21, 22, 24, 26, 29] > [ 0,  2,  3,  5, 13, 14, 18, 23, 25, 27, 28]
    W3: [ 5,  7, 13, 14, 19, 20, 21, 22, 27, 28, 32] = [ 0,  1,  2,  6, 11, 12, 18, 23, 29, 30, 31]
    W4: [ 0,  1,  8, 11, 13, 17, 18, 20, 21, 23, 24] < [ 4,  6,  7, 10, 15, 26, 27, 29, 30, 32, 33]
    Truth table row=[=, <, >, =, <] ix=102 result=[15+] is correct

Test 16-:
    W0: [ 0] = [ 1]
    W1: [ 1,  4,  7,  8, 10, 11, 12, 13, 14, 18] > [ 2,  3,  5,  6,  9, 15, 16, 17, 19, 20]
    W2: [ 4, 15, 16, 17, 19, 20, 21, 22, 24, 26, 29] < [ 0,  2,  3,  5, 13, 14, 18, 23, 25, 27, 28]
    W3: [ 5,  7, 13, 14, 19, 20, 21, 22, 27, 28, 32] = [ 0,  1,  2,  6, 11, 12, 18, 23, 29, 30, 31]
    W4: [ 0,  1,  8, 11, 13, 17, 18, 20, 21, 23, 24] = [ 4,  6,  7, 10, 15, 26, 27, 29, 30, 32, 33]
    Truth table row=[=, >, <, =, =] ix=139 result=[16-] is correct

Test 16+:
    W0: [ 0] = [ 1]
    W1: [ 1,  4,  7,  8, 10, 11, 12, 13, 14, 18] < [ 2,  3,  5,  6,  9, 15, 16, 17, 19, 20]
    W2: [ 4, 15, 16, 17, 19, 20, 21, 22, 24, 26, 29] > [ 0,  2,  3,  5, 13, 14, 18, 23, 25, 27, 28]
    W3: [ 5,  7, 13, 14, 19, 20, 21, 22, 27, 28, 32] = [ 0,  1,  2,  6, 11, 12, 18, 23, 29, 30, 31]
    W4: [ 0,  1,  8, 11, 13, 17, 18, 20, 21, 23, 24] = [ 4,  6,  7, 10, 15, 26, 27, 29, 30, 32, 33]
    Truth table row=[=, <, >, =, =] ix=103 result=[16+] is correct

Test 17-:
    W0: [ 0] = [ 1]
    W1: [ 1,  4,  7,  8, 10, 11, 12, 13, 14, 18] > [ 2,  3,  5,  6,  9, 15, 16, 17, 19, 20]
    W2: [ 4, 15, 16, 17, 19, 20, 21, 22, 24, 26, 29] < [ 0,  2,  3,  5, 13, 14, 18, 23, 25, 27, 28]
    W3: [ 5,  7, 13, 14, 19, 20, 21, 22, 27, 28, 32] = [ 0,  1,  2,  6, 11, 12, 18, 23, 29, 30, 31]
    W4: [ 0,  1,  8, 11, 13, 17, 18, 20, 21, 23, 24] < [ 4,  6,  7, 10, 15, 26, 27, 29, 30, 32, 33]
    Truth table row=[=, >, <, =, <] ix=138 result=[17-] is correct

Test 17+:
    W0: [ 0] = [ 1]
    W1: [ 1,  4,  7,  8, 10, 11, 12, 13, 14, 18] < [ 2,  3,  5,  6,  9, 15, 16, 17, 19, 20]
    W2: [ 4, 15, 16, 17, 19, 20, 21, 22, 24, 26, 29] > [ 0,  2,  3,  5, 13, 14, 18, 23, 25, 27, 28]
    W3: [ 5,  7, 13, 14, 19, 20, 21, 22, 27, 28, 32] = [ 0,  1,  2,  6, 11, 12, 18, 23, 29, 30, 31]
    W4: [ 0,  1,  8, 11, 13, 17, 18, 20, 21, 23, 24] > [ 4,  6,  7, 10, 15, 26, 27, 29, 30, 32, 33]
    Truth table row=[=, <, >, =, >] ix=104 result=[17+] is correct

Test 18-:
    W0: [ 0] = [ 1]
    W1: [ 1,  4,  7,  8, 10, 11, 12, 13, 14, 18] < [ 2,  3,  5,  6,  9, 15, 16, 17, 19, 20]
    W2: [ 4, 15, 16, 17, 19, 20, 21, 22, 24, 26, 29] > [ 0,  2,  3,  5, 13, 14, 18, 23, 25, 27, 28]
    W3: [ 5,  7, 13, 14, 19, 20, 21, 22, 27, 28, 32] > [ 0,  1,  2,  6, 11, 12, 18, 23, 29, 30, 31]
    W4: [ 0,  1,  8, 11, 13, 17, 18, 20, 21, 23, 24] < [ 4,  6,  7, 10, 15, 26, 27, 29, 30, 32, 33]
    Truth table row=[=, <, >, >, <] ix=105 result=[18-] is correct

Test 18+:
    W0: [ 0] = [ 1]
    W1: [ 1,  4,  7,  8, 10, 11, 12, 13, 14, 18] > [ 2,  3,  5,  6,  9, 15, 16, 17, 19, 20]
    W2: [ 4, 15, 16, 17, 19, 20, 21, 22, 24, 26, 29] < [ 0,  2,  3,  5, 13, 14, 18, 23, 25, 27, 28]
    W3: [ 5,  7, 13, 14, 19, 20, 21, 22, 27, 28, 32] < [ 0,  1,  2,  6, 11, 12, 18, 23, 29, 30, 31]
    W4: [ 0,  1,  8, 11, 13, 17, 18, 20, 21, 23, 24] > [ 4,  6,  7, 10, 15, 26, 27, 29, 30, 32, 33]
    Truth table row=[=, >, <, <, >] ix=137 result=[18+] is correct

Test 19-:
    W0: [ 0] = [ 1]
    W1: [ 1,  4,  7,  8, 10, 11, 12, 13, 14, 18] > [ 2,  3,  5,  6,  9, 15, 16, 17, 19, 20]
    W2: [ 4, 15, 16, 17, 19, 20, 21, 22, 24, 26, 29] < [ 0,  2,  3,  5, 13, 14, 18, 23, 25, 27, 28]
    W3: [ 5,  7, 13, 14, 19, 20, 21, 22, 27, 28, 32] < [ 0,  1,  2,  6, 11, 12, 18, 23, 29, 30, 31]
    W4: [ 0,  1,  8, 11, 13, 17, 18, 20, 21, 23, 24] = [ 4,  6,  7, 10, 15, 26, 27, 29, 30, 32, 33]
    Truth table row=[=, >, <, <, =] ix=136 result=[19-] is correct

Test 19+:
    W0: [ 0] = [ 1]
    W1: [ 1,  4,  7,  8, 10, 11, 12, 13, 14, 18] < [ 2,  3,  5,  6,  9, 15, 16, 17, 19, 20]
    W2: [ 4, 15, 16, 17, 19, 20, 21, 22, 24, 26, 29] > [ 0,  2,  3,  5, 13, 14, 18, 23, 25, 27, 28]
    W3: [ 5,  7, 13, 14, 19, 20, 21, 22, 27, 28, 32] > [ 0,  1,  2,  6, 11, 12, 18, 23, 29, 30, 31]
    W4: [ 0,  1,  8, 11, 13, 17, 18, 20, 21, 23, 24] = [ 4,  6,  7, 10, 15, 26, 27, 29, 30, 32, 33]
    Truth table row=[=, <, >, >, =] ix=106 result=[19+] is correct

Test 20-:
    W0: [ 0] = [ 1]
    W1: [ 1,  4,  7,  8, 10, 11, 12, 13, 14, 18] > [ 2,  3,  5,  6,  9, 15, 16, 17, 19, 20]
    W2: [ 4, 15, 16, 17, 19, 20, 21, 22, 24, 26, 29] < [ 0,  2,  3,  5, 13, 14, 18, 23, 25, 27, 28]
    W3: [ 5,  7, 13, 14, 19, 20, 21, 22, 27, 28, 32] < [ 0,  1,  2,  6, 11, 12, 18, 23, 29, 30, 31]
    W4: [ 0,  1,  8, 11, 13, 17, 18, 20, 21, 23, 24] < [ 4,  6,  7, 10, 15, 26, 27, 29, 30, 32, 33]
    Truth table row=[=, >, <, <, <] ix=135 result=[20-] is correct

Test 20+:
    W0: [ 0] = [ 1]
    W1: [ 1,  4,  7,  8, 10, 11, 12, 13, 14, 18] < [ 2,  3,  5,  6,  9, 15, 16, 17, 19, 20]
    W2: [ 4, 15, 16, 17, 19, 20, 21, 22, 24, 26, 29] > [ 0,  2,  3,  5, 13, 14, 18, 23, 25, 27, 28]
    W3: [ 5,  7, 13, 14, 19, 20, 21, 22, 27, 28, 32] > [ 0,  1,  2,  6, 11, 12, 18, 23, 29, 30, 31]
    W4: [ 0,  1,  8, 11, 13, 17, 18, 20, 21, 23, 24] > [ 4,  6,  7, 10, 15, 26, 27, 29, 30, 32, 33]
    Truth table row=[=, <, >, >, >] ix=107 result=[20+] is correct

Test 21-:
    W0: [ 0] = [ 1]
    W1: [ 1,  4,  7,  8, 10, 11, 12, 13, 14, 18] = [ 2,  3,  5,  6,  9, 15, 16, 17, 19, 20]
    W2: [ 4, 15, 16, 17, 19, 20, 21, 22, 24, 26, 29] < [ 0,  2,  3,  5, 13, 14, 18, 23, 25, 27, 28]
    W3: [ 5,  7, 13, 14, 19, 20, 21, 22, 27, 28, 32] < [ 0,  1,  2,  6, 11, 12, 18, 23, 29, 30, 31]
    W4: [ 0,  1,  8, 11, 13, 17, 18, 20, 21, 23, 24] < [ 4,  6,  7, 10, 15, 26, 27, 29, 30, 32, 33]
    Truth table row=[=, =, <, <, <] ix=108 result=[21-] is correct

Test 21+:
    W0: [ 0] = [ 1]
    W1: [ 1,  4,  7,  8, 10, 11, 12, 13, 14, 18] = [ 2,  3,  5,  6,  9, 15, 16, 17, 19, 20]
    W2: [ 4, 15, 16, 17, 19, 20, 21, 22, 24, 26, 29] > [ 0,  2,  3,  5, 13, 14, 18, 23, 25, 27, 28]
    W3: [ 5,  7, 13, 14, 19, 20, 21, 22, 27, 28, 32] > [ 0,  1,  2,  6, 11, 12, 18, 23, 29, 30, 31]
    W4: [ 0,  1,  8, 11, 13, 17, 18, 20, 21, 23, 24] > [ 4,  6,  7, 10, 15, 26, 27, 29, 30, 32, 33]
    Truth table row=[=, =, >, >, >] ix=134 result=[21+] is correct

Test 22-:
    W0: [ 0] = [ 1]
    W1: [ 1,  4,  7,  8, 10, 11, 12, 13, 14, 18] = [ 2,  3,  5,  6,  9, 15, 16, 17, 19, 20]
    W2: [ 4, 15, 16, 17, 19, 20, 21, 22, 24, 26, 29] < [ 0,  2,  3,  5, 13, 14, 18, 23, 25, 27, 28]
    W3: [ 5,  7, 13, 14, 19, 20, 21, 22, 27, 28, 32] < [ 0,  1,  2,  6, 11, 12, 18, 23, 29, 30, 31]
    W4: [ 0,  1,  8, 11, 13, 17, 18, 20, 21, 23, 24] = [ 4,  6,  7, 10, 15, 26, 27, 29, 30, 32, 33]
    Truth table row=[=, =, <, <, =] ix=109 result=[22-] is correct

Test 22+:
    W0: [ 0] = [ 1]
    W1: [ 1,  4,  7,  8, 10, 11, 12, 13, 14, 18] = [ 2,  3,  5,  6,  9, 15, 16, 17, 19, 20]
    W2: [ 4, 15, 16, 17, 19, 20, 21, 22, 24, 26, 29] > [ 0,  2,  3,  5, 13, 14, 18, 23, 25, 27, 28]
    W3: [ 5,  7, 13, 14, 19, 20, 21, 22, 27, 28, 32] > [ 0,  1,  2,  6, 11, 12, 18, 23, 29, 30, 31]
    W4: [ 0,  1,  8, 11, 13, 17, 18, 20, 21, 23, 24] = [ 4,  6,  7, 10, 15, 26, 27, 29, 30, 32, 33]
    Truth table row=[=, =, >, >, =] ix=133 result=[22+] is correct

Test 23-:
    W0: [ 0] = [ 1]
    W1: [ 1,  4,  7,  8, 10, 11, 12, 13, 14, 18] = [ 2,  3,  5,  6,  9, 15, 16, 17, 19, 20]
    W2: [ 4, 15, 16, 17, 19, 20, 21, 22, 24, 26, 29] > [ 0,  2,  3,  5, 13, 14, 18, 23, 25, 27, 28]
    W3: [ 5,  7, 13, 14, 19, 20, 21, 22, 27, 28, 32] > [ 0,  1,  2,  6, 11, 12, 18, 23, 29, 30, 31]
    W4: [ 0,  1,  8, 11, 13, 17, 18, 20, 21, 23, 24] < [ 4,  6,  7, 10, 15, 26, 27, 29, 30, 32, 33]
    Truth table row=[=, =, >, >, <] ix=132 result=[23-] is correct

Test 23+:
    W0: [ 0] = [ 1]
    W1: [ 1,  4,  7,  8, 10, 11, 12, 13, 14, 18] = [ 2,  3,  5,  6,  9, 15, 16, 17, 19, 20]
    W2: [ 4, 15, 16, 17, 19, 20, 21, 22, 24, 26, 29] < [ 0,  2,  3,  5, 13, 14, 18, 23, 25, 27, 28]
    W3: [ 5,  7, 13, 14, 19, 20, 21, 22, 27, 28, 32] < [ 0,  1,  2,  6, 11, 12, 18, 23, 29, 30, 31]
    W4: [ 0,  1,  8, 11, 13, 17, 18, 20, 21, 23, 24] > [ 4,  6,  7, 10, 15, 26, 27, 29, 30, 32, 33]
    Truth table row=[=, =, <, <, >] ix=110 result=[23+] is correct

Test 24-:
    W0: [ 0] = [ 1]
    W1: [ 1,  4,  7,  8, 10, 11, 12, 13, 14, 18] = [ 2,  3,  5,  6,  9, 15, 16, 17, 19, 20]
    W2: [ 4, 15, 16, 17, 19, 20, 21, 22, 24, 26, 29] < [ 0,  2,  3,  5, 13, 14, 18, 23, 25, 27, 28]
    W3: [ 5,  7, 13, 14, 19, 20, 21, 22, 27, 28, 32] = [ 0,  1,  2,  6, 11, 12, 18, 23, 29, 30, 31]
    W4: [ 0,  1,  8, 11, 13, 17, 18, 20, 21, 23, 24] < [ 4,  6,  7, 10, 15, 26, 27, 29, 30, 32, 33]
    Truth table row=[=, =, <, =, <] ix=111 result=[24-] is correct

Test 24+:
    W0: [ 0] = [ 1]
    W1: [ 1,  4,  7,  8, 10, 11, 12, 13, 14, 18] = [ 2,  3,  5,  6,  9, 15, 16, 17, 19, 20]
    W2: [ 4, 15, 16, 17, 19, 20, 21, 22, 24, 26, 29] > [ 0,  2,  3,  5, 13, 14, 18, 23, 25, 27, 28]
    W3: [ 5,  7, 13, 14, 19, 20, 21, 22, 27, 28, 32] = [ 0,  1,  2,  6, 11, 12, 18, 23, 29, 30, 31]
    W4: [ 0,  1,  8, 11, 13, 17, 18, 20, 21, 23, 24] > [ 4,  6,  7, 10, 15, 26, 27, 29, 30, 32, 33]
    Truth table row=[=, =, >, =, >] ix=131 result=[24+] is correct

Test 25-:
    W0: [ 0] = [ 1]
    W1: [ 1,  4,  7,  8, 10, 11, 12, 13, 14, 18] = [ 2,  3,  5,  6,  9, 15, 16, 17, 19, 20]
    W2: [ 4, 15, 16, 17, 19, 20, 21, 22, 24, 26, 29] > [ 0,  2,  3,  5, 13, 14, 18, 23, 25, 27, 28]
    W3: [ 5,  7, 13, 14, 19, 20, 21, 22, 27, 28, 32] = [ 0,  1,  2,  6, 11, 12, 18, 23, 29, 30, 31]
    W4: [ 0,  1,  8, 11, 13, 17, 18, 20, 21, 23, 24] = [ 4,  6,  7, 10, 15, 26, 27, 29, 30, 32, 33]
    Truth table row=[=, =, >, =, =] ix=130 result=[25-] is correct

Test 25+:
    W0: [ 0] = [ 1]
    W1: [ 1,  4,  7,  8, 10, 11, 12, 13, 14, 18] = [ 2,  3,  5,  6,  9, 15, 16, 17, 19, 20]
    W2: [ 4, 15, 16, 17, 19, 20, 21, 22, 24, 26, 29] < [ 0,  2,  3,  5, 13, 14, 18, 23, 25, 27, 28]
    W3: [ 5,  7, 13, 14, 19, 20, 21, 22, 27, 28, 32] = [ 0,  1,  2,  6, 11, 12, 18, 23, 29, 30, 31]
    W4: [ 0,  1,  8, 11, 13, 17, 18, 20, 21, 23, 24] = [ 4,  6,  7, 10, 15, 26, 27, 29, 30, 32, 33]
    Truth table row=[=, =, <, =, =] ix=112 result=[25+] is correct

Test 26-:
    W0: [ 0] = [ 1]
    W1: [ 1,  4,  7,  8, 10, 11, 12, 13, 14, 18] = [ 2,  3,  5,  6,  9, 15, 16, 17, 19, 20]
    W2: [ 4, 15, 16, 17, 19, 20, 21, 22, 24, 26, 29] < [ 0,  2,  3,  5, 13, 14, 18, 23, 25, 27, 28]
    W3: [ 5,  7, 13, 14, 19, 20, 21, 22, 27, 28, 32] = [ 0,  1,  2,  6, 11, 12, 18, 23, 29, 30, 31]
    W4: [ 0,  1,  8, 11, 13, 17, 18, 20, 21, 23, 24] > [ 4,  6,  7, 10, 15, 26, 27, 29, 30, 32, 33]
    Truth table row=[=, =, <, =, >] ix=113 result=[26-] is correct

Test 26+:
    W0: [ 0] = [ 1]
    W1: [ 1,  4,  7,  8, 10, 11, 12, 13, 14, 18] = [ 2,  3,  5,  6,  9, 15, 16, 17, 19, 20]
    W2: [ 4, 15, 16, 17, 19, 20, 21, 22, 24, 26, 29] > [ 0,  2,  3,  5, 13, 14, 18, 23, 25, 27, 28]
    W3: [ 5,  7, 13, 14, 19, 20, 21, 22, 27, 28, 32] = [ 0,  1,  2,  6, 11, 12, 18, 23, 29, 30, 31]
    W4: [ 0,  1,  8, 11, 13, 17, 18, 20, 21, 23, 24] < [ 4,  6,  7, 10, 15, 26, 27, 29, 30, 32, 33]
    Truth table row=[=, =, >, =, <] ix=129 result=[26+] is correct

Test 27-:
    W0: [ 0] = [ 1]
    W1: [ 1,  4,  7,  8, 10, 11, 12, 13, 14, 18] = [ 2,  3,  5,  6,  9, 15, 16, 17, 19, 20]
    W2: [ 4, 15, 16, 17, 19, 20, 21, 22, 24, 26, 29] > [ 0,  2,  3,  5, 13, 14, 18, 23, 25, 27, 28]
    W3: [ 5,  7, 13, 14, 19, 20, 21, 22, 27, 28, 32] < [ 0,  1,  2,  6, 11, 12, 18, 23, 29, 30, 31]
    W4: [ 0,  1,  8, 11, 13, 17, 18, 20, 21, 23, 24] > [ 4,  6,  7, 10, 15, 26, 27, 29, 30, 32, 33]
    Truth table row=[=, =, >, <, >] ix=128 result=[27-] is correct

Test 27+:
    W0: [ 0] = [ 1]
    W1: [ 1,  4,  7,  8, 10, 11, 12, 13, 14, 18] = [ 2,  3,  5,  6,  9, 15, 16, 17, 19, 20]
    W2: [ 4, 15, 16, 17, 19, 20, 21, 22, 24, 26, 29] < [ 0,  2,  3,  5, 13, 14, 18, 23, 25, 27, 28]
    W3: [ 5,  7, 13, 14, 19, 20, 21, 22, 27, 28, 32] > [ 0,  1,  2,  6, 11, 12, 18, 23, 29, 30, 31]
    W4: [ 0,  1,  8, 11, 13, 17, 18, 20, 21, 23, 24] < [ 4,  6,  7, 10, 15, 26, 27, 29, 30, 32, 33]
    Truth table row=[=, =, <, >, <] ix=114 result=[27+] is correct

Test 28-:
    W0: [ 0] = [ 1]
    W1: [ 1,  4,  7,  8, 10, 11, 12, 13, 14, 18] = [ 2,  3,  5,  6,  9, 15, 16, 17, 19, 20]
    W2: [ 4, 15, 16, 17, 19, 20, 21, 22, 24, 26, 29] > [ 0,  2,  3,  5, 13, 14, 18, 23, 25, 27, 28]
    W3: [ 5,  7, 13, 14, 19, 20, 21, 22, 27, 28, 32] < [ 0,  1,  2,  6, 11, 12, 18, 23, 29, 30, 31]
    W4: [ 0,  1,  8, 11, 13, 17, 18, 20, 21, 23, 24] = [ 4,  6,  7, 10, 15, 26, 27, 29, 30, 32, 33]
    Truth table row=[=, =, >, <, =] ix=127 result=[28-] is correct

Test 28+:
    W0: [ 0] = [ 1]
    W1: [ 1,  4,  7,  8, 10, 11, 12, 13, 14, 18] = [ 2,  3,  5,  6,  9, 15, 16, 17, 19, 20]
    W2: [ 4, 15, 16, 17, 19, 20, 21, 22, 24, 26, 29] < [ 0,  2,  3,  5, 13, 14, 18, 23, 25, 27, 28]
    W3: [ 5,  7, 13, 14, 19, 20, 21, 22, 27, 28, 32] > [ 0,  1,  2,  6, 11, 12, 18, 23, 29, 30, 31]
    W4: [ 0,  1,  8, 11, 13, 17, 18, 20, 21, 23, 24] = [ 4,  6,  7, 10, 15, 26, 27, 29, 30, 32, 33]
    Truth table row=[=, =, <, >, =] ix=115 result=[28+] is correct

Test 29-:
    W0: [ 0] = [ 1]
    W1: [ 1,  4,  7,  8, 10, 11, 12, 13, 14, 18] = [ 2,  3,  5,  6,  9, 15, 16, 17, 19, 20]
    W2: [ 4, 15, 16, 17, 19, 20, 21, 22, 24, 26, 29] < [ 0,  2,  3,  5, 13, 14, 18, 23, 25, 27, 28]
    W3: [ 5,  7, 13, 14, 19, 20, 21, 22, 27, 28, 32] > [ 0,  1,  2,  6, 11, 12, 18, 23, 29, 30, 31]
    W4: [ 0,  1,  8, 11, 13, 17, 18, 20, 21, 23, 24] > [ 4,  6,  7, 10, 15, 26, 27, 29, 30, 32, 33]
    Truth table row=[=, =, <, >, >] ix=116 result=[29-] is correct

Test 29+:
    W0: [ 0] = [ 1]
    W1: [ 1,  4,  7,  8, 10, 11, 12, 13, 14, 18] = [ 2,  3,  5,  6,  9, 15, 16, 17, 19, 20]
    W2: [ 4, 15, 16, 17, 19, 20, 21, 22, 24, 26, 29] > [ 0,  2,  3,  5, 13, 14, 18, 23, 25, 27, 28]
    W3: [ 5,  7, 13, 14, 19, 20, 21, 22, 27, 28, 32] < [ 0,  1,  2,  6, 11, 12, 18, 23, 29, 30, 31]
    W4: [ 0,  1,  8, 11, 13, 17, 18, 20, 21, 23, 24] < [ 4,  6,  7, 10, 15, 26, 27, 29, 30, 32, 33]
    Truth table row=[=, =, >, <, <] ix=126 result=[29+] is correct

Test 30-:
    W0: [ 0] = [ 1]
    W1: [ 1,  4,  7,  8, 10, 11, 12, 13, 14, 18] = [ 2,  3,  5,  6,  9, 15, 16, 17, 19, 20]
    W2: [ 4, 15, 16, 17, 19, 20, 21, 22, 24, 26, 29] = [ 0,  2,  3,  5, 13, 14, 18, 23, 25, 27, 28]
    W3: [ 5,  7, 13, 14, 19, 20, 21, 22, 27, 28, 32] > [ 0,  1,  2,  6, 11, 12, 18, 23, 29, 30, 31]
    W4: [ 0,  1,  8, 11, 13, 17, 18, 20, 21, 23, 24] > [ 4,  6,  7, 10, 15, 26, 27, 29, 30, 32, 33]
    Truth table row=[=, =, =, >, >] ix=125 result=[30-] is correct

Test 30+:
    W0: [ 0] = [ 1]
    W1: [ 1,  4,  7,  8, 10, 11, 12, 13, 14, 18] = [ 2,  3,  5,  6,  9, 15, 16, 17, 19, 20]
    W2: [ 4, 15, 16, 17, 19, 20, 21, 22, 24, 26, 29] = [ 0,  2,  3,  5, 13, 14, 18, 23, 25, 27, 28]
    W3: [ 5,  7, 13, 14, 19, 20, 21, 22, 27, 28, 32] < [ 0,  1,  2,  6, 11, 12, 18, 23, 29, 30, 31]
    W4: [ 0,  1,  8, 11, 13, 17, 18, 20, 21, 23, 24] < [ 4,  6,  7, 10, 15, 26, 27, 29, 30, 32, 33]
    Truth table row=[=, =, =, <, <] ix=117 result=[30+] is correct

Test 31-:
    W0: [ 0] = [ 1]
    W1: [ 1,  4,  7,  8, 10, 11, 12, 13, 14, 18] = [ 2,  3,  5,  6,  9, 15, 16, 17, 19, 20]
    W2: [ 4, 15, 16, 17, 19, 20, 21, 22, 24, 26, 29] = [ 0,  2,  3,  5, 13, 14, 18, 23, 25, 27, 28]
    W3: [ 5,  7, 13, 14, 19, 20, 21, 22, 27, 28, 32] > [ 0,  1,  2,  6, 11, 12, 18, 23, 29, 30, 31]
    W4: [ 0,  1,  8, 11, 13, 17, 18, 20, 21, 23, 24] = [ 4,  6,  7, 10, 15, 26, 27, 29, 30, 32, 33]
    Truth table row=[=, =, =, >, =] ix=124 result=[31-] is correct

Test 31+:
    W0: [ 0] = [ 1]
    W1: [ 1,  4,  7,  8, 10, 11, 12, 13, 14, 18] = [ 2,  3,  5,  6,  9, 15, 16, 17, 19, 20]
    W2: [ 4, 15, 16, 17, 19, 20, 21, 22, 24, 26, 29] = [ 0,  2,  3,  5, 13, 14, 18, 23, 25, 27, 28]
    W3: [ 5,  7, 13, 14, 19, 20, 21, 22, 27, 28, 32] < [ 0,  1,  2,  6, 11, 12, 18, 23, 29, 30, 31]
    W4: [ 0,  1,  8, 11, 13, 17, 18, 20, 21, 23, 24] = [ 4,  6,  7, 10, 15, 26, 27, 29, 30, 32, 33]
    Truth table row=[=, =, =, <, =] ix=118 result=[31+] is correct

Test 32-:
    W0: [ 0] = [ 1]
    W1: [ 1,  4,  7,  8, 10, 11, 12, 13, 14, 18] = [ 2,  3,  5,  6,  9, 15, 16, 17, 19, 20]
    W2: [ 4, 15, 16, 17, 19, 20, 21, 22, 24, 26, 29] = [ 0,  2,  3,  5, 13, 14, 18, 23, 25, 27, 28]
    W3: [ 5,  7, 13, 14, 19, 20, 21, 22, 27, 28, 32] < [ 0,  1,  2,  6, 11, 12, 18, 23, 29, 30, 31]
    W4: [ 0,  1,  8, 11, 13, 17, 18, 20, 21, 23, 24] > [ 4,  6,  7, 10, 15, 26, 27, 29, 30, 32, 33]
    Truth table row=[=, =, =, <, >] ix=119 result=[32-] is correct

Test 32+:
    W0: [ 0] = [ 1]
    W1: [ 1,  4,  7,  8, 10, 11, 12, 13, 14, 18] = [ 2,  3,  5,  6,  9, 15, 16, 17, 19, 20]
    W2: [ 4, 15, 16, 17, 19, 20, 21, 22, 24, 26, 29] = [ 0,  2,  3,  5, 13, 14, 18, 23, 25, 27, 28]
    W3: [ 5,  7, 13, 14, 19, 20, 21, 22, 27, 28, 32] > [ 0,  1,  2,  6, 11, 12, 18, 23, 29, 30, 31]
    W4: [ 0,  1,  8, 11, 13, 17, 18, 20, 21, 23, 24] < [ 4,  6,  7, 10, 15, 26, 27, 29, 30, 32, 33]
    Truth table row=[=, =, =, >, <] ix=123 result=[32+] is correct

Test 33-:
    W0: [ 0] = [ 1]
    W1: [ 1,  4,  7,  8, 10, 11, 12, 13, 14, 18] = [ 2,  3,  5,  6,  9, 15, 16, 17, 19, 20]
    W2: [ 4, 15, 16, 17, 19, 20, 21, 22, 24, 26, 29] = [ 0,  2,  3,  5, 13, 14, 18, 23, 25, 27, 28]
    W3: [ 5,  7, 13, 14, 19, 20, 21, 22, 27, 28, 32] = [ 0,  1,  2,  6, 11, 12, 18, 23, 29, 30, 31]
    W4: [ 0,  1,  8, 11, 13, 17, 18, 20, 21, 23, 24] > [ 4,  6,  7, 10, 15, 26, 27, 29, 30, 32, 33]
    Truth table row=[=, =, =, =, >] ix=122 result=[33-] is correct

Test 33+:
    W0: [ 0] = [ 1]
    W1: [ 1,  4,  7,  8, 10, 11, 12, 13, 14, 18] = [ 2,  3,  5,  6,  9, 15, 16, 17, 19, 20]
    W2: [ 4, 15, 16, 17, 19, 20, 21, 22, 24, 26, 29] = [ 0,  2,  3,  5, 13, 14, 18, 23, 25, 27, 28]
    W3: [ 5,  7, 13, 14, 19, 20, 21, 22, 27, 28, 32] = [ 0,  1,  2,  6, 11, 12, 18, 23, 29, 30, 31]
    W4: [ 0,  1,  8, 11, 13, 17, 18, 20, 21, 23, 24] < [ 4,  6,  7, 10, 15, 26, 27, 29, 30, 32, 33]
    Truth table row=[=, =, =, =, <] ix=120 result=[33+] is correct

Total correct results: 68
Total incorrect results: 0
