Solving for 19 balls and 5 weighings.
Using symmetry breaking strategy TruthTableAscending.

Solution:
W0: [ 0,  4,  7,  8,  9] <=> [ 1,  2,  3,  5,  6]
W1: [ 0,  4, 11, 12, 13, 14, 15] <=> [ 1,  2,  3,  5,  6,  9, 10]
W2: [ 0,  2,  3,  5,  6,  9, 11, 12] <=> [ 1,  4,  8, 10, 14, 15, 16, 17]
W3: [ 1,  5,  6,  7, 13, 17] <=> [ 0,  2,  8, 10, 15, 18]
W4: [ 0,  1,  2,  6,  9, 10, 16] <=> [ 3,  5,  7,  8, 12, 14, 17]

Truth Table:
ix  W0  W1  W2  W3  W4   Result
 0   <   <   <   <   <
 1   <   <   <   <   =
 2   <   <   <   <   >
 3   <   <   <   =   <
 4   <   <   <   =   =
 5   <   <   <   =   >
 6   <   <   <   >   <   0-
 7   <   <   <   >   =
 8   <   <   <   >   >   1+
 9   <   <   =   <   <
10   <   <   =   <   =
11   <   <   =   <   >
12   <   <   =   =   <
13   <   <   =   =   =
14   <   <   =   =   >
15   <   <   =   >   <
16   <   <   =   >   =
17   <   <   =   >   >
18   <   <   >   <   <
19   <   <   >   <   =
20   <   <   >   <   >   2+
21   <   <   >   =   <   3+
22   <   <   >   =   =   4-
23   <   <   >   =   >
24   <   <   >   >   <   5+
25   <   <   >   >   =
26   <   <   >   >   >   6+
27   <   =   <   <   <
28   <   =   <   <   =
29   <   =   <   <   >
30   <   =   <   =   <
31   <   =   <   =   =
32   <   =   <   =   >
33   <   =   <   >   <
34   <   =   <   >   =
35   <   =   <   >   >
36   <   =   =   <   <
37   <   =   =   <   =
38   <   =   =   <   >   7-
39   <   =   =   =   <
40   <   =   =   =   =
41   <   =   =   =   >
42   <   =   =   >   <
43   <   =   =   >   =
44   <   =   =   >   >
45   <   =   >   <   <
46   <   =   >   <   =
47   <   =   >   <   >
48   <   =   >   =   <
49   <   =   >   =   =
50   <   =   >   =   >
51   <   =   >   >   <
52   <   =   >   >   =
53   <   =   >   >   >   8-
54   <   >   <   <   <
55   <   >   <   <   =
56   <   >   <   <   >
57   <   >   <   =   <   9-
58   <   >   <   =   =
59   <   >   <   =   >
60   <   >   <   >   <
61   <   >   <   >   =
62   <   >   <   >   >
63   <   >   =   <   <
64   <   >   =   <   =
65   <   >   =   <   >
66   <   >   =   =   <
67   <   >   =   =   =
68   <   >   =   =   >
69   <   >   =   >   <
70   <   >   =   >   =
71   <   >   =   >   >
72   <   >   >   <   <
73   <   >   >   <   =
74   <   >   >   <   >
75   <   >   >   =   <
76   <   >   >   =   =
77   <   >   >   =   >
78   <   >   >   >   <
79   <   >   >   >   =
80   <   >   >   >   >
81   =   <   <   <   <
82   =   <   <   <   =
83   =   <   <   <   >   10+
84   =   <   <   =   <
85   =   <   <   =   =   11-
86   =   <   <   =   >   12-
87   =   <   <   >   <
88   =   <   <   >   =
89   =   <   <   >   >
90   =   <   =   <   <
91   =   <   =   <   =   13-
92   =   <   =   <   >
93   =   <   =   =   <
94   =   <   =   =   =
95   =   <   =   =   >
96   =   <   =   >   <
97   =   <   =   >   =
98   =   <   =   >   >
99   =   <   >   <   <
100   =   <   >   <   =
101   =   <   >   <   >
102   =   <   >   =   <
103   =   <   >   =   =
104   =   <   >   =   >   14-
105   =   <   >   >   <
106   =   <   >   >   =   15-
107   =   <   >   >   >
108   =   =   <   <   <
109   =   =   <   <   =
110   =   =   <   <   >
111   =   =   <   =   <
112   =   =   <   =   =
113   =   =   <   =   >   16+
114   =   =   <   >   <   17+
115   =   =   <   >   =
116   =   =   <   >   >
117   =   =   =   <   <
118   =   =   =   <   =   18+
119   =   =   =   <   >
120   =   =   =   =   <
121   =   =   =   =   =
122   =   =   =   =   >
123   =   =   =   >   <
124   =   =   =   >   =   18-
125   =   =   =   >   >
126   =   =   >   <   <
127   =   =   >   <   =
128   =   =   >   <   >   17-
129   =   =   >   =   <   16-
130   =   =   >   =   =
131   =   =   >   =   >
132   =   =   >   >   <
133   =   =   >   >   =
134   =   =   >   >   >
135   =   >   <   <   <
136   =   >   <   <   =   15+
137   =   >   <   <   >
138   =   >   <   =   <   14+
139   =   >   <   =   =
140   =   >   <   =   >
141   =   >   <   >   <
142   =   >   <   >   =
143   =   >   <   >   >
144   =   >   =   <   <
145   =   >   =   <   =
146   =   >   =   <   >
147   =   >   =   =   <
148   =   >   =   =   =
149   =   >   =   =   >
150   =   >   =   >   <
151   =   >   =   >   =   13+
152   =   >   =   >   >
153   =   >   >   <   <
154   =   >   >   <   =
155   =   >   >   <   >
156   =   >   >   =   <   12+
157   =   >   >   =   =   11+
158   =   >   >   =   >
159   =   >   >   >   <   10-
160   =   >   >   >   =
161   =   >   >   >   >
162   >   <   <   <   <
163   >   <   <   <   =
164   >   <   <   <   >
165   >   <   <   =   <
166   >   <   <   =   =
167   >   <   <   =   >
168   >   <   <   >   <
169   >   <   <   >   =
170   >   <   <   >   >
171   >   <   =   <   <
172   >   <   =   <   =
173   >   <   =   <   >
174   >   <   =   =   <
175   >   <   =   =   =
176   >   <   =   =   >
177   >   <   =   >   <
178   >   <   =   >   =
179   >   <   =   >   >
180   >   <   >   <   <
181   >   <   >   <   =
182   >   <   >   <   >
183   >   <   >   =   <
184   >   <   >   =   =
185   >   <   >   =   >   9+
186   >   <   >   >   <
187   >   <   >   >   =
188   >   <   >   >   >
189   >   =   <   <   <   8+
190   >   =   <   <   =
191   >   =   <   <   >
192   >   =   <   =   <
193   >   =   <   =   =
194   >   =   <   =   >
195   >   =   <   >   <
196   >   =   <   >   =
197   >   =   <   >   >
198   >   =   =   <   <
199   >   =   =   <   =
200   >   =   =   <   >
201   >   =   =   =   <
202   >   =   =   =   =
203   >   =   =   =   >
204   >   =   =   >   <   7+
205   >   =   =   >   =
206   >   =   =   >   >
207   >   =   >   <   <
208   >   =   >   <   =
209   >   =   >   <   >
210   >   =   >   =   <
211   >   =   >   =   =
212   >   =   >   =   >
213   >   =   >   >   <
214   >   =   >   >   =
215   >   =   >   >   >
216   >   >   <   <   <   6-
217   >   >   <   <   =
218   >   >   <   <   >   5-
219   >   >   <   =   <
220   >   >   <   =   =   4+
221   >   >   <   =   >   3-
222   >   >   <   >   <   2-
223   >   >   <   >   =
224   >   >   <   >   >
225   >   >   =   <   <
226   >   >   =   <   =
227   >   >   =   <   >
228   >   >   =   =   <
229   >   >   =   =   =
230   >   >   =   =   >
231   >   >   =   >   <
232   >   >   =   >   =
233   >   >   =   >   >
234   >   >   >   <   <   1-
235   >   >   >   <   =
236   >   >   >   <   >   0+
237   >   >   >   =   <
238   >   >   >   =   =
239   >   >   >   =   >
240   >   >   >   >   <
241   >   >   >   >   =
242   >   >   >   >   >

Test 0-:
    W0: [ 0,  4,  7,  8,  9] < [ 1,  2,  3,  5,  6]
    W1: [ 0,  4, 11, 12, 13, 14, 15] < [ 1,  2,  3,  5,  6,  9, 10]
    W2: [ 0,  2,  3,  5,  6,  9, 11, 12] < [ 1,  4,  8, 10, 14, 15, 16, 17]
    W3: [ 1,  5,  6,  7, 13, 17] > [ 0,  2,  8, 10, 15, 18]
    W4: [ 0,  1,  2,  6,  9, 10, 16] < [ 3,  5,  7,  8, 12, 14, 17]
    Truth table row=[<, <, <, >, <] ix=6 result=[0-] is correct

Test 0+:
    W0: [ 0,  4,  7,  8,  9] > [ 1,  2,  3,  5,  6]
    W1: [ 0,  4, 11, 12, 13, 14, 15] > [ 1,  2,  3,  5,  6,  9, 10]
    W2: [ 0,  2,  3,  5,  6,  9, 11, 12] > [ 1,  4,  8, 10, 14, 15, 16, 17]
    W3: [ 1,  5,  6,  7, 13, 17] < [ 0,  2,  8, 10, 15, 18]
    W4: [ 0,  1,  2,  6,  9, 10, 16] > [ 3,  5,  7,  8, 12, 14, 17]
    Truth table row=[>, >, >, <, >] ix=236 result=[0+] is correct

Test 1-:
    W0: [ 0,  4,  7,  8,  9] > [ 1,  2,  3,  5,  6]
    W1: [ 0,  4, 11, 12, 13, 14, 15] > [ 1,  2,  3,  5,  6,  9, 10]
    W2: [ 0,  2,  3,  5,  6,  9, 11, 12] > [ 1,  4,  8, 10, 14, 15, 16, 17]
    W3: [ 1,  5,  6,  7, 13, 17] < [ 0,  2,  8, 10, 15, 18]
    W4: [ 0,  1,  2,  6,  9, 10, 16] < [ 3,  5,  7,  8, 12, 14, 17]
    Truth table row=[>, >, >, <, <] ix=234 result=[1-] is correct

Test 1+:
    W0: [ 0,  4,  7,  8,  9] < [ 1,  2,  3,  5,  6]
    W1: [ 0,  4, 11, 12, 13, 14, 15] < [ 1,  2,  3,  5,  6,  9, 10]
    W2: [ 0,  2,  3,  5,  6,  9, 11, 12] < [ 1,  4,  8, 10, 14, 15, 16, 17]
    W3: [ 1,  5,  6,  7, 13, 17] > [ 0,  2,  8, 10, 15, 18]
    W4: [ 0,  1,  2,  6,  9, 10, 16] > [ 3,  5,  7,  8, 12, 14, 17]
    Truth table row=[<, <, <, >, >] ix=8 result=[1+] is correct

Test 2-:
    W0: [ 0,  4,  7,  8,  9] > [ 1,  2,  3,  5,  6]
    W1: [ 0,  4, 11, 12, 13, 14, 15] > [ 1,  2,  3,  5,  6,  9, 10]
    W2: [ 0,  2,  3,  5,  6,  9, 11, 12] < [ 1,  4,  8, 10, 14, 15, 16, 17]
    W3: [ 1,  5,  6,  7, 13, 17] > [ 0,  2,  8, 10, 15, 18]
    W4: [ 0,  1,  2,  6,  9, 10, 16] < [ 3,  5,  7,  8, 12, 14, 17]
    Truth table row=[>, >, <, >, <] ix=222 result=[2-] is correct

Test 2+:
    W0: [ 0,  4,  7,  8,  9] < [ 1,  2,  3,  5,  6]
    W1: [ 0,  4, 11, 12, 13, 14, 15] < [ 1,  2,  3,  5,  6,  9, 10]
    W2: [ 0,  2,  3,  5,  6,  9, 11, 12] > [ 1,  4,  8, 10, 14, 15, 16, 17]
    W3: [ 1,  5,  6,  7, 13, 17] < [ 0,  2,  8, 10, 15, 18]
    W4: [ 0,  1,  2,  6,  9, 10, 16] > [ 3,  5,  7,  8, 12, 14, 17]
    Truth table row=[<, <, >, <, >] ix=20 result=[2+] is correct

Test 3-:
    W0: [ 0,  4,  7,  8,  9] > [ 1,  2,  3,  5,  6]
    W1: [ 0,  4, 11, 12, 13, 14, 15] > [ 1,  2,  3,  5,  6,  9, 10]
    W2: [ 0,  2,  3,  5,  6,  9, 11, 12] < [ 1,  4,  8, 10, 14, 15, 16, 17]
    W3: [ 1,  5,  6,  7, 13, 17] = [ 0,  2,  8, 10, 15, 18]
    W4: [ 0,  1,  2,  6,  9, 10, 16] > [ 3,  5,  7,  8, 12, 14, 17]
    Truth table row=[>, >, <, =, >] ix=221 result=[3-] is correct

Test 3+:
    W0: [ 0,  4,  7,  8,  9] < [ 1,  2,  3,  5,  6]
    W1: [ 0,  4, 11, 12, 13, 14, 15] < [ 1,  2,  3,  5,  6,  9, 10]
    W2: [ 0,  2,  3,  5,  6,  9, 11, 12] > [ 1,  4,  8, 10, 14, 15, 16, 17]
    W3: [ 1,  5,  6,  7, 13, 17] = [ 0,  2,  8, 10, 15, 18]
    W4: [ 0,  1,  2,  6,  9, 10, 16] < [ 3,  5,  7,  8, 12, 14, 17]
    Truth table row=[<, <, >, =, <] ix=21 result=[3+] is correct

Test 4-:
    W0: [ 0,  4,  7,  8,  9] < [ 1,  2,  3,  5,  6]
    W1: [ 0,  4, 11, 12, 13, 14, 15] < [ 1,  2,  3,  5,  6,  9, 10]
    W2: [ 0,  2,  3,  5,  6,  9, 11, 12] > [ 1,  4,  8, 10, 14, 15, 16, 17]
    W3: [ 1,  5,  6,  7, 13, 17] = [ 0,  2,  8, 10, 15, 18]
    W4: [ 0,  1,  2,  6,  9, 10, 16] = [ 3,  5,  7,  8, 12, 14, 17]
    Truth table row=[<, <, >, =, =] ix=22 result=[4-] is correct

Test 4+:
    W0: [ 0,  4,  7,  8,  9] > [ 1,  2,  3,  5,  6]
    W1: [ 0,  4, 11, 12, 13, 14, 15] > [ 1,  2,  3,  5,  6,  9, 10]
    W2: [ 0,  2,  3,  5,  6,  9, 11, 12] < [ 1,  4,  8, 10, 14, 15, 16, 17]
    W3: [ 1,  5,  6,  7, 13, 17] = [ 0,  2,  8, 10, 15, 18]
    W4: [ 0,  1,  2,  6,  9, 10, 16] = [ 3,  5,  7,  8, 12, 14, 17]
    Truth table row=[>, >, <, =, =] ix=220 result=[4+] is correct

Test 5-:
    W0: [ 0,  4,  7,  8,  9] > [ 1,  2,  3,  5,  6]
    W1: [ 0,  4, 11, 12, 13, 14, 15] > [ 1,  2,  3,  5,  6,  9, 10]
    W2: [ 0,  2,  3,  5,  6,  9, 11, 12] < [ 1,  4,  8, 10, 14, 15, 16, 17]
    W3: [ 1,  5,  6,  7, 13, 17] < [ 0,  2,  8, 10, 15, 18]
    W4: [ 0,  1,  2,  6,  9, 10, 16] > [ 3,  5,  7,  8, 12, 14, 17]
    Truth table row=[>, >, <, <, >] ix=218 result=[5-] is correct

Test 5+:
    W0: [ 0,  4,  7,  8,  9] < [ 1,  2,  3,  5,  6]
    W1: [ 0,  4, 11, 12, 13, 14, 15] < [ 1,  2,  3,  5,  6,  9, 10]
    W2: [ 0,  2,  3,  5,  6,  9, 11, 12] > [ 1,  4,  8, 10, 14, 15, 16, 17]
    W3: [ 1,  5,  6,  7, 13, 17] > [ 0,  2,  8, 10, 15, 18]
    W4: [ 0,  1,  2,  6,  9, 10, 16] < [ 3,  5,  7,  8, 12, 14, 17]
    Truth table row=[<, <, >, >, <] ix=24 result=[5+] is correct

Test 6-:
    W0: [ 0,  4,  7,  8,  9] > [ 1,  2,  3,  5,  6]
    W1: [ 0,  4, 11, 12, 13, 14, 15] > [ 1,  2,  3,  5,  6,  9, 10]
    W2: [ 0,  2,  3,  5,  6,  9, 11, 12] < [ 1,  4,  8, 10, 14, 15, 16, 17]
    W3: [ 1,  5,  6,  7, 13, 17] < [ 0,  2,  8, 10, 15, 18]
    W4: [ 0,  1,  2,  6,  9, 10, 16] < [ 3,  5,  7,  8, 12, 14, 17]
    Truth table row=[>, >, <, <, <] ix=216 result=[6-] is correct

Test 6+:
    W0: [ 0,  4,  7,  8,  9] < [ 1,  2,  3,  5,  6]
    W1: [ 0,  4, 11, 12, 13, 14, 15] < [ 1,  2,  3,  5,  6,  9, 10]
    W2: [ 0,  2,  3,  5,  6,  9, 11, 12] > [ 1,  4,  8, 10, 14, 15, 16, 17]
    W3: [ 1,  5,  6,  7, 13, 17] > [ 0,  2,  8, 10, 15, 18]
    W4: [ 0,  1,  2,  6,  9, 10, 16] > [ 3,  5,  7,  8, 12, 14, 17]
    Truth table row=[<, <, >, >, >] ix=26 result=[6+] is correct

Test 7-:
    W0: [ 0,  4,  7,  8,  9] < [ 1,  2,  3,  5,  6]
    W1: [ 0,  4, 11, 12, 13, 14, 15] = [ 1,  2,  3,  5,  6,  9, 10]
    W2: [ 0,  2,  3,  5,  6,  9, 11, 12] = [ 1,  4,  8, 10, 14, 15, 16, 17]
    W3: [ 1,  5,  6,  7, 13, 17] < [ 0,  2,  8, 10, 15, 18]
    W4: [ 0,  1,  2,  6,  9, 10, 16] > [ 3,  5,  7,  8, 12, 14, 17]
    Truth table row=[<, =, =, <, >] ix=38 result=[7-] is correct

Test 7+:
    W0: [ 0,  4,  7,  8,  9] > [ 1,  2,  3,  5,  6]
    W1: [ 0,  4, 11, 12, 13, 14, 15] = [ 1,  2,  3,  5,  6,  9, 10]
    W2: [ 0,  2,  3,  5,  6,  9, 11, 12] = [ 1,  4,  8, 10, 14, 15, 16, 17]
    W3: [ 1,  5,  6,  7, 13, 17] > [ 0,  2,  8, 10, 15, 18]
    W4: [ 0,  1,  2,  6,  9, 10, 16] < [ 3,  5,  7,  8, 12, 14, 17]
    Truth table row=[>, =, =, >, <] ix=204 result=[7+] is correct

Test 8-:
    W0: [ 0,  4,  7,  8,  9] < [ 1,  2,  3,  5,  6]
    W1: [ 0,  4, 11, 12, 13, 14, 15] = [ 1,  2,  3,  5,  6,  9, 10]
    W2: [ 0,  2,  3,  5,  6,  9, 11, 12] > [ 1,  4,  8, 10, 14, 15, 16, 17]
    W3: [ 1,  5,  6,  7, 13, 17] > [ 0,  2,  8, 10, 15, 18]
    W4: [ 0,  1,  2,  6,  9, 10, 16] > [ 3,  5,  7,  8, 12, 14, 17]
    Truth table row=[<, =, >, >, >] ix=53 result=[8-] is correct

Test 8+:
    W0: [ 0,  4,  7,  8,  9] > [ 1,  2,  3,  5,  6]
    W1: [ 0,  4, 11, 12, 13, 14, 15] = [ 1,  2,  3,  5,  6,  9, 10]
    W2: [ 0,  2,  3,  5,  6,  9, 11, 12] < [ 1,  4,  8, 10, 14, 15, 16, 17]
    W3: [ 1,  5,  6,  7, 13, 17] < [ 0,  2,  8, 10, 15, 18]
    W4: [ 0,  1,  2,  6,  9, 10, 16] < [ 3,  5,  7,  8, 12, 14, 17]
    Truth table row=[>, =, <, <, <] ix=189 result=[8+] is correct

Test 9-:
    W0: [ 0,  4,  7,  8,  9] < [ 1,  2,  3,  5,  6]
    W1: [ 0,  4, 11, 12, 13, 14, 15] > [ 1,  2,  3,  5,  6,  9, 10]
    W2: [ 0,  2,  3,  5,  6,  9, 11, 12] < [ 1,  4,  8, 10, 14, 15, 16, 17]
    W3: [ 1,  5,  6,  7, 13, 17] = [ 0,  2,  8, 10, 15, 18]
    W4: [ 0,  1,  2,  6,  9, 10, 16] < [ 3,  5,  7,  8, 12, 14, 17]
    Truth table row=[<, >, <, =, <] ix=57 result=[9-] is correct

Test 9+:
    W0: [ 0,  4,  7,  8,  9] > [ 1,  2,  3,  5,  6]
    W1: [ 0,  4, 11, 12, 13, 14, 15] < [ 1,  2,  3,  5,  6,  9, 10]
    W2: [ 0,  2,  3,  5,  6,  9, 11, 12] > [ 1,  4,  8, 10, 14, 15, 16, 17]
    W3: [ 1,  5,  6,  7, 13, 17] = [ 0,  2,  8, 10, 15, 18]
    W4: [ 0,  1,  2,  6,  9, 10, 16] > [ 3,  5,  7,  8, 12, 14, 17]
    Truth table row=[>, <, >, =, >] ix=185 result=[9+] is correct

Test 10-:
    W0: [ 0,  4,  7,  8,  9] = [ 1,  2,  3,  5,  6]
    W1: [ 0,  4, 11, 12, 13, 14, 15] > [ 1,  2,  3,  5,  6,  9, 10]
    W2: [ 0,  2,  3,  5,  6,  9, 11, 12] > [ 1,  4,  8, 10, 14, 15, 16, 17]
    W3: [ 1,  5,  6,  7, 13, 17] > [ 0,  2,  8, 10, 15, 18]
    W4: [ 0,  1,  2,  6,  9, 10, 16] < [ 3,  5,  7,  8, 12, 14, 17]
    Truth table row=[=, >, >, >, <] ix=159 result=[10-] is correct

Test 10+:
    W0: [ 0,  4,  7,  8,  9] = [ 1,  2,  3,  5,  6]
    W1: [ 0,  4, 11, 12, 13, 14, 15] < [ 1,  2,  3,  5,  6,  9, 10]
    W2: [ 0,  2,  3,  5,  6,  9, 11, 12] < [ 1,  4,  8, 10, 14, 15, 16, 17]
    W3: [ 1,  5,  6,  7, 13, 17] < [ 0,  2,  8, 10, 15, 18]
    W4: [ 0,  1,  2,  6,  9, 10, 16] > [ 3,  5,  7,  8, 12, 14, 17]
    Truth table row=[=, <, <, <, >] ix=83 result=[10+] is correct

Test 11-:
    W0: [ 0,  4,  7,  8,  9] = [ 1,  2,  3,  5,  6]
    W1: [ 0,  4, 11, 12, 13, 14, 15] < [ 1,  2,  3,  5,  6,  9, 10]
    W2: [ 0,  2,  3,  5,  6,  9, 11, 12] < [ 1,  4,  8, 10, 14, 15, 16, 17]
    W3: [ 1,  5,  6,  7, 13, 17] = [ 0,  2,  8, 10, 15, 18]
    W4: [ 0,  1,  2,  6,  9, 10, 16] = [ 3,  5,  7,  8, 12, 14, 17]
    Truth table row=[=, <, <, =, =] ix=85 result=[11-] is correct

Test 11+:
    W0: [ 0,  4,  7,  8,  9] = [ 1,  2,  3,  5,  6]
    W1: [ 0,  4, 11, 12, 13, 14, 15] > [ 1,  2,  3,  5,  6,  9, 10]
    W2: [ 0,  2,  3,  5,  6,  9, 11, 12] > [ 1,  4,  8, 10, 14, 15, 16, 17]
    W3: [ 1,  5,  6,  7, 13, 17] = [ 0,  2,  8, 10, 15, 18]
    W4: [ 0,  1,  2,  6,  9, 10, 16] = [ 3,  5,  7,  8, 12, 14, 17]
    Truth table row=[=, >, >, =, =] ix=157 result=[11+] is correct

Test 12-:
    W0: [ 0,  4,  7,  8,  9] = [ 1,  2,  3,  5,  6]
    W1: [ 0,  4, 11, 12, 13, 14, 15] < [ 1,  2,  3,  5,  6,  9, 10]
    W2: [ 0,  2,  3,  5,  6,  9, 11, 12] < [ 1,  4,  8, 10, 14, 15, 16, 17]
    W3: [ 1,  5,  6,  7, 13, 17] = [ 0,  2,  8, 10, 15, 18]
    W4: [ 0,  1,  2,  6,  9, 10, 16] > [ 3,  5,  7,  8, 12, 14, 17]
    Truth table row=[=, <, <, =, >] ix=86 result=[12-] is correct

Test 12+:
    W0: [ 0,  4,  7,  8,  9] = [ 1,  2,  3,  5,  6]
    W1: [ 0,  4, 11, 12, 13, 14, 15] > [ 1,  2,  3,  5,  6,  9, 10]
    W2: [ 0,  2,  3,  5,  6,  9, 11, 12] > [ 1,  4,  8, 10, 14, 15, 16, 17]
    W3: [ 1,  5,  6,  7, 13, 17] = [ 0,  2,  8, 10, 15, 18]
    W4: [ 0,  1,  2,  6,  9, 10, 16] < [ 3,  5,  7,  8, 12, 14, 17]
    Truth table row=[=, >, >, =, <] ix=156 result=[12+] is correct

Test 13-:
    W0: [ 0,  4,  7,  8,  9] = [ 1,  2,  3,  5,  6]
    W1: [ 0,  4, 11, 12, 13, 14, 15] < [ 1,  2,  3,  5,  6,  9, 10]
    W2: [ 0,  2,  3,  5,  6,  9, 11, 12] = [ 1,  4,  8, 10, 14, 15, 16, 17]
    W3: [ 1,  5,  6,  7, 13, 17] < [ 0,  2,  8, 10, 15, 18]
    W4: [ 0,  1,  2,  6,  9, 10, 16] = [ 3,  5,  7,  8, 12, 14, 17]
    Truth table row=[=, <, =, <, =] ix=91 result=[13-] is correct

Test 13+:
    W0: [ 0,  4,  7,  8,  9] = [ 1,  2,  3,  5,  6]
    W1: [ 0,  4, 11, 12, 13, 14, 15] > [ 1,  2,  3,  5,  6,  9, 10]
    W2: [ 0,  2,  3,  5,  6,  9, 11, 12] = [ 1,  4,  8, 10, 14, 15, 16, 17]
    W3: [ 1,  5,  6,  7, 13, 17] > [ 0,  2,  8, 10, 15, 18]
    W4: [ 0,  1,  2,  6,  9, 10, 16] = [ 3,  5,  7,  8, 12, 14, 17]
    Truth table row=[=, >, =, >, =] ix=151 result=[13+] is correct

Test 14-:
    W0: [ 0,  4,  7,  8,  9] = [ 1,  2,  3,  5,  6]
    W1: [ 0,  4, 11, 12, 13, 14, 15] < [ 1,  2,  3,  5,  6,  9, 10]
    W2: [ 0,  2,  3,  5,  6,  9, 11, 12] > [ 1,  4,  8, 10, 14, 15, 16, 17]
    W3: [ 1,  5,  6,  7, 13, 17] = [ 0,  2,  8, 10, 15, 18]
    W4: [ 0,  1,  2,  6,  9, 10, 16] > [ 3,  5,  7,  8, 12, 14, 17]
    Truth table row=[=, <, >, =, >] ix=104 result=[14-] is correct

Test 14+:
    W0: [ 0,  4,  7,  8,  9] = [ 1,  2,  3,  5,  6]
    W1: [ 0,  4, 11, 12, 13, 14, 15] > [ 1,  2,  3,  5,  6,  9, 10]
    W2: [ 0,  2,  3,  5,  6,  9, 11, 12] < [ 1,  4,  8, 10, 14, 15, 16, 17]
    W3: [ 1,  5,  6,  7, 13, 17] = [ 0,  2,  8, 10, 15, 18]
    W4: [ 0,  1,  2,  6,  9, 10, 16] < [ 3,  5,  7,  8, 12, 14, 17]
    Truth table row=[=, >, <, =, <] ix=138 result=[14+] is correct

Test 15-:
    W0: [ 0,  4,  7,  8,  9] = [ 1,  2,  3,  5,  6]
    W1: [ 0,  4, 11, 12, 13, 14, 15] < [ 1,  2,  3,  5,  6,  9, 10]
    W2: [ 0,  2,  3,  5,  6,  9, 11, 12] > [ 1,  4,  8, 10, 14, 15, 16, 17]
    W3: [ 1,  5,  6,  7, 13, 17] > [ 0,  2,  8, 10, 15, 18]
    W4: [ 0,  1,  2,  6,  9, 10, 16] = [ 3,  5,  7,  8, 12, 14, 17]
    Truth table row=[=, <, >, >, =] ix=106 result=[15-] is correct

Test 15+:
    W0: [ 0,  4,  7,  8,  9] = [ 1,  2,  3,  5,  6]
    W1: [ 0,  4, 11, 12, 13, 14, 15] > [ 1,  2,  3,  5,  6,  9, 10]
    W2: [ 0,  2,  3,  5,  6,  9, 11, 12] < [ 1,  4,  8, 10, 14, 15, 16, 17]
    W3: [ 1,  5,  6,  7, 13, 17] < [ 0,  2,  8, 10, 15, 18]
    W4: [ 0,  1,  2,  6,  9, 10, 16] = [ 3,  5,  7,  8, 12, 14, 17]
    Truth table row=[=, >, <, <, =] ix=136 result=[15+] is correct

Test 16-:
    W0: [ 0,  4,  7,  8,  9] = [ 1,  2,  3,  5,  6]
    W1: [ 0,  4, 11, 12, 13, 14, 15] = [ 1,  2,  3,  5,  6,  9, 10]
    W2: [ 0,  2,  3,  5,  6,  9, 11, 12] > [ 1,  4,  8, 10, 14, 15, 16, 17]
    W3: [ 1,  5,  6,  7, 13, 17] = [ 0,  2,  8, 10, 15, 18]
    W4: [ 0,  1,  2,  6,  9, 10, 16] < [ 3,  5,  7,  8, 12, 14, 17]
    Truth table row=[=, =, >, =, <] ix=129 result=[16-] is correct

Test 16+:
    W0: [ 0,  4,  7,  8,  9] = [ 1,  2,  3,  5,  6]
    W1: [ 0,  4, 11, 12, 13, 14, 15] = [ 1,  2,  3,  5,  6,  9, 10]
    W2: [ 0,  2,  3,  5,  6,  9, 11, 12] < [ 1,  4,  8, 10, 14, 15, 16, 17]
    W3: [ 1,  5,  6,  7, 13, 17] = [ 0,  2,  8, 10, 15, 18]
    W4: [ 0,  1,  2,  6,  9, 10, 16] > [ 3,  5,  7,  8, 12, 14, 17]
    Truth table row=[=, =, <, =, >] ix=113 result=[16+] is correct

Test 17-:
    W0: [ 0,  4,  7,  8,  9] = [ 1,  2,  3,  5,  6]
    W1: [ 0,  4, 11, 12, 13, 14, 15] = [ 1,  2,  3,  5,  6,  9, 10]
    W2: [ 0,  2,  3,  5,  6,  9, 11, 12] > [ 1,  4,  8, 10, 14, 15, 16, 17]
    W3: [ 1,  5,  6,  7, 13, 17] < [ 0,  2,  8, 10, 15, 18]
    W4: [ 0,  1,  2,  6,  9, 10, 16] > [ 3,  5,  7,  8, 12, 14, 17]
    Truth table row=[=, =, >, <, >] ix=128 result=[17-] is correct

Test 17+:
    W0: [ 0,  4,  7,  8,  9] = [ 1,  2,  3,  5,  6]
    W1: [ 0,  4, 11, 12, 13, 14, 15] = [ 1,  2,  3,  5,  6,  9, 10]
    W2: [ 0,  2,  3,  5,  6,  9, 11, 12] < [ 1,  4,  8, 10, 14, 15, 16, 17]
    W3: [ 1,  5,  6,  7, 13, 17] > [ 0,  2,  8, 10, 15, 18]
    W4: [ 0,  1,  2,  6,  9, 10, 16] < [ 3,  5,  7,  8, 12, 14, 17]
    Truth table row=[=, =, <, >, <] ix=114 result=[17+] is correct

Test 18-:
    W0: [ 0,  4,  7,  8,  9] = [ 1,  2,  3,  5,  6]
    W1: [ 0,  4, 11, 12, 13, 14, 15] = [ 1,  2,  3,  5,  6,  9, 10]
    W2: [ 0,  2,  3,  5,  6,  9, 11, 12] = [ 1,  4,  8, 10, 14, 15, 16, 17]
    W3: [ 1,  5,  6,  7, 13, 17] > [ 0,  2,  8, 10, 15, 18]
    W4: [ 0,  1,  2,  6,  9, 10, 16] = [ 3,  5,  7,  8, 12, 14, 17]
    Truth table row=[=, =, =, >, =] ix=124 result=[18-] is correct

Test 18+:
    W0: [ 0,  4,  7,  8,  9] = [ 1,  2,  3,  5,  6]
    W1: [ 0,  4, 11, 12, 13, 14, 15] = [ 1,  2,  3,  5,  6,  9, 10]
    W2: [ 0,  2,  3,  5,  6,  9, 11, 12] = [ 1,  4,  8, 10, 14, 15, 16, 17]
    W3: [ 1,  5,  6,  7, 13, 17] < [ 0,  2,  8, 10, 15, 18]
    W4: [ 0,  1,  2,  6,  9, 10, 16] = [ 3,  5,  7,  8, 12, 14, 17]
    Truth table row=[=, =, =, <, =] ix=118 result=[18+] is correct

Total correct results: 38
Total incorrect results: 0
