Solving for 8 balls and 5 weighings.
Using symmetry breaking strategy TruthTableAscending.

Solution:
W0: [ 0,  3,  4] <=> [ 1,  2,  5]
W1: [ 0,  3,  4,  7] <=> [ 1,  2,  5,  6]
W2: [ 0,  3,  4] <=> [ 1,  2,  7]
W3: [ 0,  5,  7] <=> [ 1,  4,  6]
W4: [ 0,  7] <=> [ 2,  3]

Truth Table:
ix  W0  W1  W2  W3  W4   Result
 0   <   <   <   <   <   0-
 1   <   <   <   <   =   1+
 2   <   <   <   <   >
 3   <   <   <   =   <   2+
 4   <   <   <   =   =
 5   <   <   <   =   >   3-
 6   <   <   <   >   <
 7   <   <   <   >   =   4-
 8   <   <   <   >   >
 9   <   <   =   <   <
10   <   <   =   <   =
11   <   <   =   <   >
12   <   <   =   =   <
13   <   <   =   =   =
14   <   <   =   =   >
15   <   <   =   >   <
16   <   <   =   >   =   5+
17   <   <   =   >   >
18   <   <   >   <   <
19   <   <   >   <   =
20   <   <   >   <   >
21   <   <   >   =   <
22   <   <   >   =   =
23   <   <   >   =   >
24   <   <   >   >   <
25   <   <   >   >   =
26   <   <   >   >   >
27   <   =   <   <   <
28   <   =   <   <   =
29   <   =   <   <   >
30   <   =   <   =   <
31   <   =   <   =   =
32   <   =   <   =   >
33   <   =   <   >   <
34   <   =   <   >   =
35   <   =   <   >   >
36   <   =   =   <   <
37   <   =   =   <   =
38   <   =   =   <   >
39   <   =   =   =   <
40   <   =   =   =   =
41   <   =   =   =   >
42   <   =   =   >   <
43   <   =   =   >   =
44   <   =   =   >   >
45   <   =   >   <   <
46   <   =   >   <   =
47   <   =   >   <   >
48   <   =   >   =   <
49   <   =   >   =   =
50   <   =   >   =   >
51   <   =   >   >   <
52   <   =   >   >   =
53   <   =   >   >   >
54   <   >   <   <   <
55   <   >   <   <   =
56   <   >   <   <   >
57   <   >   <   =   <
58   <   >   <   =   =
59   <   >   <   =   >
60   <   >   <   >   <
61   <   >   <   >   =
62   <   >   <   >   >
63   <   >   =   <   <
64   <   >   =   <   =
65   <   >   =   <   >
66   <   >   =   =   <
67   <   >   =   =   =
68   <   >   =   =   >
69   <   >   =   >   <
70   <   >   =   >   =
71   <   >   =   >   >
72   <   >   >   <   <
73   <   >   >   <   =
74   <   >   >   <   >
75   <   >   >   =   <
76   <   >   >   =   =
77   <   >   >   =   >
78   <   >   >   >   <
79   <   >   >   >   =
80   <   >   >   >   >
81   =   <   <   <   <
82   =   <   <   <   =
83   =   <   <   <   >
84   =   <   <   =   <
85   =   <   <   =   =
86   =   <   <   =   >
87   =   <   <   >   <
88   =   <   <   >   =
89   =   <   <   >   >
90   =   <   =   <   <
91   =   <   =   <   =   6+
92   =   <   =   <   >
93   =   <   =   =   <
94   =   <   =   =   =
95   =   <   =   =   >
96   =   <   =   >   <
97   =   <   =   >   =
98   =   <   =   >   >
99   =   <   >   <   <   7-
100   =   <   >   <   =
101   =   <   >   <   >
102   =   <   >   =   <
103   =   <   >   =   =
104   =   <   >   =   >
105   =   <   >   >   <
106   =   <   >   >   =
107   =   <   >   >   >
108   =   =   <   <   <
109   =   =   <   <   =
110   =   =   <   <   >
111   =   =   <   =   <
112   =   =   <   =   =
113   =   =   <   =   >
114   =   =   <   >   <
115   =   =   <   >   =
116   =   =   <   >   >
117   =   =   =   <   <
118   =   =   =   <   =
119   =   =   =   <   >
120   =   =   =   =   <
121   =   =   =   =   =
122   =   =   =   =   >
123   =   =   =   >   <
124   =   =   =   >   =
125   =   =   =   >   >
126   =   =   >   <   <
127   =   =   >   <   =
128   =   =   >   <   >
129   =   =   >   =   <
130   =   =   >   =   =
131   =   =   >   =   >
132   =   =   >   >   <
133   =   =   >   >   =
134   =   =   >   >   >
135   =   >   <   <   <
136   =   >   <   <   =
137   =   >   <   <   >
138   =   >   <   =   <
139   =   >   <   =   =
140   =   >   <   =   >
141   =   >   <   >   <
142   =   >   <   >   =
143   =   >   <   >   >   7+
144   =   >   =   <   <
145   =   >   =   <   =
146   =   >   =   <   >
147   =   >   =   =   <
148   =   >   =   =   =
149   =   >   =   =   >
150   =   >   =   >   <
151   =   >   =   >   =   6-
152   =   >   =   >   >
153   =   >   >   <   <
154   =   >   >   <   =
155   =   >   >   <   >
156   =   >   >   =   <
157   =   >   >   =   =
158   =   >   >   =   >
159   =   >   >   >   <
160   =   >   >   >   =
161   =   >   >   >   >
162   >   <   <   <   <
163   >   <   <   <   =
164   >   <   <   <   >
165   >   <   <   =   <
166   >   <   <   =   =
167   >   <   <   =   >
168   >   <   <   >   <
169   >   <   <   >   =
170   >   <   <   >   >
171   >   <   =   <   <
172   >   <   =   <   =
173   >   <   =   <   >
174   >   <   =   =   <
175   >   <   =   =   =
176   >   <   =   =   >
177   >   <   =   >   <
178   >   <   =   >   =
179   >   <   =   >   >
180   >   <   >   <   <
181   >   <   >   <   =
182   >   <   >   <   >
183   >   <   >   =   <
184   >   <   >   =   =
185   >   <   >   =   >
186   >   <   >   >   <
187   >   <   >   >   =
188   >   <   >   >   >
189   >   =   <   <   <
190   >   =   <   <   =
191   >   =   <   <   >
192   >   =   <   =   <
193   >   =   <   =   =
194   >   =   <   =   >
195   >   =   <   >   <
196   >   =   <   >   =
197   >   =   <   >   >
198   >   =   =   <   <
199   >   =   =   <   =
200   >   =   =   <   >
201   >   =   =   =   <
202   >   =   =   =   =
203   >   =   =   =   >
204   >   =   =   >   <
205   >   =   =   >   =
206   >   =   =   >   >
207   >   =   >   <   <
208   >   =   >   <   =
209   >   =   >   <   >
210   >   =   >   =   <
211   >   =   >   =   =
212   >   =   >   =   >
213   >   =   >   >   <
214   >   =   >   >   =
215   >   =   >   >   >
216   >   >   <   <   <
217   >   >   <   <   =
218   >   >   <   <   >
219   >   >   <   =   <
220   >   >   <   =   =
221   >   >   <   =   >
222   >   >   <   >   <
223   >   >   <   >   =
224   >   >   <   >   >
225   >   >   =   <   <
226   >   >   =   <   =   5-
227   >   >   =   <   >
228   >   >   =   =   <
229   >   >   =   =   =
230   >   >   =   =   >
231   >   >   =   >   <
232   >   >   =   >   =
233   >   >   =   >   >
234   >   >   >   <   <
235   >   >   >   <   =   4+
236   >   >   >   <   >
237   >   >   >   =   <   3+
238   >   >   >   =   =
239   >   >   >   =   >   2-
240   >   >   >   >   <
241   >   >   >   >   =   1-
242   >   >   >   >   >   0+

Test 0-:
    W0: [ 0,  3,  4] < [ 1,  2,  5]
    W1: [ 0,  3,  4,  7] < [ 1,  2,  5,  6]
    W2: [ 0,  3,  4] < [ 1,  2,  7]
    W3: [ 0,  5,  7] < [ 1,  4,  6]
    W4: [ 0,  7] < [ 2,  3]
    Truth table row=[<, <, <, <, <] ix=0 result=[0-] is correct

Test 0+:
    W0: [ 0,  3,  4] > [ 1,  2,  5]
    W1: [ 0,  3,  4,  7] > [ 1,  2,  5,  6]
    W2: [ 0,  3,  4] > [ 1,  2,  7]
    W3: [ 0,  5,  7] > [ 1,  4,  6]
    W4: [ 0,  7] > [ 2,  3]
    Truth table row=[>, >, >, >, >] ix=242 result=[0+] is correct

Test 1-:
    W0: [ 0,  3,  4] > [ 1,  2,  5]
    W1: [ 0,  3,  4,  7] > [ 1,  2,  5,  6]
    W2: [ 0,  3,  4] > [ 1,  2,  7]
    W3: [ 0,  5,  7] > [ 1,  4,  6]
    W4: [ 0,  7] = [ 2,  3]
    Truth table row=[>, >, >, >, =] ix=241 result=[1-] is correct

Test 1+:
    W0: [ 0,  3,  4] < [ 1,  2,  5]
    W1: [ 0,  3,  4,  7] < [ 1,  2,  5,  6]
    W2: [ 0,  3,  4] < [ 1,  2,  7]
    W3: [ 0,  5,  7] < [ 1,  4,  6]
    W4: [ 0,  7] = [ 2,  3]
    Truth table row=[<, <, <, <, =] ix=1 result=[1+] is correct

Test 2-:
    W0: [ 0,  3,  4] > [ 1,  2,  5]
    W1: [ 0,  3,  4,  7] > [ 1,  2,  5,  6]
    W2: [ 0,  3,  4] > [ 1,  2,  7]
    W3: [ 0,  5,  7] = [ 1,  4,  6]
    W4: [ 0,  7] > [ 2,  3]
    Truth table row=[>, >, >, =, >] ix=239 result=[2-] is correct

Test 2+:
    W0: [ 0,  3,  4] < [ 1,  2,  5]
    W1: [ 0,  3,  4,  7] < [ 1,  2,  5,  6]
    W2: [ 0,  3,  4] < [ 1,  2,  7]
    W3: [ 0,  5,  7] = [ 1,  4,  6]
    W4: [ 0,  7] < [ 2,  3]
    Truth table row=[<, <, <, =, <] ix=3 result=[2+] is correct

Test 3-:
    W0: [ 0,  3,  4] < [ 1,  2,  5]
    W1: [ 0,  3,  4,  7] < [ 1,  2,  5,  6]
    W2: [ 0,  3,  4] < [ 1,  2,  7]
    W3: [ 0,  5,  7] = [ 1,  4,  6]
    W4: [ 0,  7] > [ 2,  3]
    Truth table row=[<, <, <, =, >] ix=5 result=[3-] is correct

Test 3+:
    W0: [ 0,  3,  4] > [ 1,  2,  5]
    W1: [ 0,  3,  4,  7] > [ 1,  2,  5,  6]
    W2: [ 0,  3,  4] > [ 1,  2,  7]
    W3: [ 0,  5,  7] = [ 1,  4,  6]
    W4: [ 0,  7] < [ 2,  3]
    Truth table row=[>, >, >, =, <] ix=237 result=[3+] is correct

Test 4-:
    W0: [ 0,  3,  4] < [ 1,  2,  5]
    W1: [ 0,  3,  4,  7] < [ 1,  2,  5,  6]
    W2: [ 0,  3,  4] < [ 1,  2,  7]
    W3: [ 0,  5,  7] > [ 1,  4,  6]
    W4: [ 0,  7] = [ 2,  3]
    Truth table row=[<, <, <, >, =] ix=7 result=[4-] is correct

Test 4+:
    W0: [ 0,  3,  4] > [ 1,  2,  5]
    W1: [ 0,  3,  4,  7] > [ 1,  2,  5,  6]
    W2: [ 0,  3,  4] > [ 1,  2,  7]
    W3: [ 0,  5,  7] < [ 1,  4,  6]
    W4: [ 0,  7] = [ 2,  3]
    Truth table row=[>, >, >, <, =] ix=235 result=[4+] is correct

Test 5-:
    W0: [ 0,  3,  4] > [ 1,  2,  5]
    W1: [ 0,  3,  4,  7] > [ 1,  2,  5,  6]
    W2: [ 0,  3,  4] = [ 1,  2,  7]
    W3: [ 0,  5,  7] < [ 1,  4,  6]
    W4: [ 0,  7] = [ 2,  3]
    Truth table row=[>, >, =, <, =] ix=226 result=[5-] is correct

Test 5+:
    W0: [ 0,  3,  4] < [ 1,  2,  5]
    W1: [ 0,  3,  4,  7] < [ 1,  2,  5,  6]
    W2: [ 0,  3,  4] = [ 1,  2,  7]
    W3: [ 0,  5,  7] > [ 1,  4,  6]
    W4: [ 0,  7] = [ 2,  3]
    Truth table row=[<, <, =, >, =] ix=16 result=[5+] is correct

Test 6-:
    W0: [ 0,  3,  4] = [ 1,  2,  5]
    W1: [ 0,  3,  4,  7] > [ 1,  2,  5,  6]
    W2: [ 0,  3,  4] = [ 1,  2,  7]
    W3: [ 0,  5,  7] > [ 1,  4,  6]
    W4: [ 0,  7] = [ 2,  3]
    Truth table row=[=, >, =, >, =] ix=151 result=[6-] is correct

Test 6+:
    W0: [ 0,  3,  4] = [ 1,  2,  5]
    W1: [ 0,  3,  4,  7] < [ 1,  2,  5,  6]
    W2: [ 0,  3,  4] = [ 1,  2,  7]
    W3: [ 0,  5,  7] < [ 1,  4,  6]
    W4: [ 0,  7] = [ 2,  3]
    Truth table row=[=, <, =, <, =] ix=91 result=[6+] is correct

Test 7-:
    W0: [ 0,  3,  4] = [ 1,  2,  5]
    W1: [ 0,  3,  4,  7] < [ 1,  2,  5,  6]
    W2: [ 0,  3,  4] > [ 1,  2,  7]
    W3: [ 0,  5,  7] < [ 1,  4,  6]
    W4: [ 0,  7] < [ 2,  3]
    Truth table row=[=, <, >, <, <] ix=99 result=[7-] is correct

Test 7+:
    W0: [ 0,  3,  4] = [ 1,  2,  5]
    W1: [ 0,  3,  4,  7] > [ 1,  2,  5,  6]
    W2: [ 0,  3,  4] < [ 1,  2,  7]
    W3: [ 0,  5,  7] > [ 1,  4,  6]
    W4: [ 0,  7] > [ 2,  3]
    Truth table row=[=, >, <, >, >] ix=143 result=[7+] is correct

Total correct results: 16
Total incorrect results: 0
