Solving for 49 balls and 5 weighings.
Using symmetry breaking strategy TruthTableAscending.

Solution:
W0: [ 0,  2,  5,  6,  9, 12, 14, 16, 17] <=> [ 1,  3,  4,  7,  8, 10, 11, 13, 15]
W1: [ 0,  2,  5,  6,  9, 12, 14, 16, 17, 18, 20, 22, 23, 29, 31, 33, 34, 35] <=> [ 1,  3,  4,  7,  8, 10, 11, 13, 15, 19, 21, 24, 25, 26, 27, 28, 30, 32]
W2: [ 0,  2,  5,  6, 18, 20, 27, 28, 30, 32, 37, 38, 39, 40, 41] <=> [ 1,  3,  4,  7,  8, 19, 29, 31, 33, 34, 35, 36, 42, 43, 44]
W3: [ 0,  2,  7,  8,  9, 15, 18, 22, 24, 25, 26, 29, 37, 38, 42, 43, 44] <=> [ 1,  6, 10, 11, 16, 17, 20, 21, 27, 28, 33, 34, 35, 36, 45, 46, 47]
W4: [ 0,  6,  8,  9, 11, 12, 18, 19, 20, 23, 26, 32, 33, 39, 44, 47, 48] <=> [ 2,  3,  5, 14, 15, 17, 22, 24, 27, 29, 30, 35, 36, 38, 41, 42, 45]

Truth Table:
ix  W0  W1  W2  W3  W4   Result
 0   <   <   <   <   <   0-
 1   <   <   <   <   =   1+
 2   <   <   <   <   >   2-
 3   <   <   <   =   <   3+
 4   <   <   <   =   =   4+
 5   <   <   <   =   >   5-
 6   <   <   <   >   <   6-
 7   <   <   <   >   =   7+
 8   <   <   <   >   >   8+
 9   <   <   =   <   <   9-
10   <   <   =   <   =   10+
11   <   <   =   <   >   11+
12   <   <   =   =   <   12-
13   <   <   =   =   =   13+
14   <   <   =   =   >   14-
15   <   <   =   >   <   15+
16   <   <   =   >   =   16-
17   <   <   =   >   >   17-
18   <   <   >   <   <
19   <   <   >   <   =
20   <   <   >   <   >
21   <   <   >   =   <
22   <   <   >   =   =
23   <   <   >   =   >
24   <   <   >   >   <
25   <   <   >   >   =
26   <   <   >   >   >
27   <   =   <   <   <
28   <   =   <   <   =
29   <   =   <   <   >
30   <   =   <   =   <
31   <   =   <   =   =
32   <   =   <   =   >
33   <   =   <   >   <
34   <   =   <   >   =
35   <   =   <   >   >
36   <   =   =   <   <
37   <   =   =   <   =
38   <   =   =   <   >
39   <   =   =   =   <
40   <   =   =   =   =
41   <   =   =   =   >
42   <   =   =   >   <
43   <   =   =   >   =
44   <   =   =   >   >
45   <   =   >   <   <
46   <   =   >   <   =
47   <   =   >   <   >
48   <   =   >   =   <
49   <   =   >   =   =
50   <   =   >   =   >
51   <   =   >   >   <
52   <   =   >   >   =
53   <   =   >   >   >
54   <   >   <   <   <
55   <   >   <   <   =
56   <   >   <   <   >
57   <   >   <   =   <
58   <   >   <   =   =
59   <   >   <   =   >
60   <   >   <   >   <
61   <   >   <   >   =
62   <   >   <   >   >
63   <   >   =   <   <
64   <   >   =   <   =
65   <   >   =   <   >
66   <   >   =   =   <
67   <   >   =   =   =
68   <   >   =   =   >
69   <   >   =   >   <
70   <   >   =   >   =
71   <   >   =   >   >
72   <   >   >   <   <
73   <   >   >   <   =
74   <   >   >   <   >
75   <   >   >   =   <
76   <   >   >   =   =
77   <   >   >   =   >
78   <   >   >   >   <
79   <   >   >   >   =
80   <   >   >   >   >
81   =   <   <   <   <   18-
82   =   <   <   <   =
83   =   <   <   <   >
84   =   <   <   =   <
85   =   <   <   =   =
86   =   <   <   =   >   19+
87   =   <   <   >   <   20-
88   =   <   <   >   =
89   =   <   <   >   >
90   =   <   =   <   <
91   =   <   =   <   =   21+
92   =   <   =   <   >   22-
93   =   <   =   =   <   23-
94   =   <   =   =   =
95   =   <   =   =   >
96   =   <   =   >   <   24+
97   =   <   =   >   =   25+
98   =   <   =   >   >   26+
99   =   <   >   <   <   27+
100   =   <   >   <   =   28+
101   =   <   >   <   >   29-
102   =   <   >   =   <   30+
103   =   <   >   =   =   31-
104   =   <   >   =   >   32+
105   =   <   >   >   <   33-
106   =   <   >   >   =   34-
107   =   <   >   >   >   35-
108   =   =   <   <   <   36+
109   =   =   <   <   =   37-
110   =   =   <   <   >   38-
111   =   =   <   =   <   39-
112   =   =   <   =   =   40-
113   =   =   <   =   >   41-
114   =   =   <   >   <   42+
115   =   =   <   >   =   43+
116   =   =   <   >   >   44+
117   =   =   =   <   <   45+
118   =   =   =   <   =   46+
119   =   =   =   <   >   47+
120   =   =   =   =   <   48-
121   =   =   =   =   =
122   =   =   =   =   >   48+
123   =   =   =   >   <   47-
124   =   =   =   >   =   46-
125   =   =   =   >   >   45-
126   =   =   >   <   <   44-
127   =   =   >   <   =   43-
128   =   =   >   <   >   42-
129   =   =   >   =   <   41+
130   =   =   >   =   =   40+
131   =   =   >   =   >   39+
132   =   =   >   >   <   38+
133   =   =   >   >   =   37+
134   =   =   >   >   >   36-
135   =   >   <   <   <   35+
136   =   >   <   <   =   34+
137   =   >   <   <   >   33+
138   =   >   <   =   <   32-
139   =   >   <   =   =   31+
140   =   >   <   =   >   30-
141   =   >   <   >   <   29+
142   =   >   <   >   =   28-
143   =   >   <   >   >   27-
144   =   >   =   <   <   26-
145   =   >   =   <   =   25-
146   =   >   =   <   >   24-
147   =   >   =   =   <
148   =   >   =   =   =
149   =   >   =   =   >   23+
150   =   >   =   >   <   22+
151   =   >   =   >   =   21-
152   =   >   =   >   >
153   =   >   >   <   <
154   =   >   >   <   =
155   =   >   >   <   >   20+
156   =   >   >   =   <   19-
157   =   >   >   =   =
158   =   >   >   =   >
159   =   >   >   >   <
160   =   >   >   >   =
161   =   >   >   >   >   18+
162   >   <   <   <   <
163   >   <   <   <   =
164   >   <   <   <   >
165   >   <   <   =   <
166   >   <   <   =   =
167   >   <   <   =   >
168   >   <   <   >   <
169   >   <   <   >   =
170   >   <   <   >   >
171   >   <   =   <   <
172   >   <   =   <   =
173   >   <   =   <   >
174   >   <   =   =   <
175   >   <   =   =   =
176   >   <   =   =   >
177   >   <   =   >   <
178   >   <   =   >   =
179   >   <   =   >   >
180   >   <   >   <   <
181   >   <   >   <   =
182   >   <   >   <   >
183   >   <   >   =   <
184   >   <   >   =   =
185   >   <   >   =   >
186   >   <   >   >   <
187   >   <   >   >   =
188   >   <   >   >   >
189   >   =   <   <   <
190   >   =   <   <   =
191   >   =   <   <   >
192   >   =   <   =   <
193   >   =   <   =   =
194   >   =   <   =   >
195   >   =   <   >   <
196   >   =   <   >   =
197   >   =   <   >   >
198   >   =   =   <   <
199   >   =   =   <   =
200   >   =   =   <   >
201   >   =   =   =   <
202   >   =   =   =   =
203   >   =   =   =   >
204   >   =   =   >   <
205   >   =   =   >   =
206   >   =   =   >   >
207   >   =   >   <   <
208   >   =   >   <   =
209   >   =   >   <   >
210   >   =   >   =   <
211   >   =   >   =   =
212   >   =   >   =   >
213   >   =   >   >   <
214   >   =   >   >   =
215   >   =   >   >   >
216   >   >   <   <   <
217   >   >   <   <   =
218   >   >   <   <   >
219   >   >   <   =   <
220   >   >   <   =   =
221   >   >   <   =   >
222   >   >   <   >   <
223   >   >   <   >   =
224   >   >   <   >   >
225   >   >   =   <   <   17+
226   >   >   =   <   =   16+
227   >   >   =   <   >   15-
228   >   >   =   =   <   14+
229   >   >   =   =   =   13-
230   >   >   =   =   >   12+
231   >   >   =   >   <   11-
232   >   >   =   >   =   10-
233   >   >   =   >   >   9+
234   >   >   >   <   <   8-
235   >   >   >   <   =   7-
236   >   >   >   <   >   6+
237   >   >   >   =   <   5+
238   >   >   >   =   =   4-
239   >   >   >   =   >   3-
240   >   >   >   >   <   2+
241   >   >   >   >   =   1-
242   >   >   >   >   >   0+

Test 0-:
    W0: [ 0,  2,  5,  6,  9, 12, 14, 16, 17] < [ 1,  3,  4,  7,  8, 10, 11, 13, 15]
    W1: [ 0,  2,  5,  6,  9, 12, 14, 16, 17, 18, 20, 22, 23, 29, 31, 33, 34, 35] < [ 1,  3,  4,  7,  8, 10, 11, 13, 15, 19, 21, 24, 25, 26, 27, 28, 30, 32]
    W2: [ 0,  2,  5,  6, 18, 20, 27, 28, 30, 32, 37, 38, 39, 40, 41] < [ 1,  3,  4,  7,  8, 19, 29, 31, 33, 34, 35, 36, 42, 43, 44]
    W3: [ 0,  2,  7,  8,  9, 15, 18, 22, 24, 25, 26, 29, 37, 38, 42, 43, 44] < [ 1,  6, 10, 11, 16, 17, 20, 21, 27, 28, 33, 34, 35, 36, 45, 46, 47]
    W4: [ 0,  6,  8,  9, 11, 12, 18, 19, 20, 23, 26, 32, 33, 39, 44, 47, 48] < [ 2,  3,  5, 14, 15, 17, 22, 24, 27, 29, 30, 35, 36, 38, 41, 42, 45]
    Truth table row=[<, <, <, <, <] ix=0 result=[0-] is correct

Test 0+:
    W0: [ 0,  2,  5,  6,  9, 12, 14, 16, 17] > [ 1,  3,  4,  7,  8, 10, 11, 13, 15]
    W1: [ 0,  2,  5,  6,  9, 12, 14, 16, 17, 18, 20, 22, 23, 29, 31, 33, 34, 35] > [ 1,  3,  4,  7,  8, 10, 11, 13, 15, 19, 21, 24, 25, 26, 27, 28, 30, 32]
    W2: [ 0,  2,  5,  6, 18, 20, 27, 28, 30, 32, 37, 38, 39, 40, 41] > [ 1,  3,  4,  7,  8, 19, 29, 31, 33, 34, 35, 36, 42, 43, 44]
    W3: [ 0,  2,  7,  8,  9, 15, 18, 22, 24, 25, 26, 29, 37, 38, 42, 43, 44] > [ 1,  6, 10, 11, 16, 17, 20, 21, 27, 28, 33, 34, 35, 36, 45, 46, 47]
    W4: [ 0,  6,  8,  9, 11, 12, 18, 19, 20, 23, 26, 32, 33, 39, 44, 47, 48] > [ 2,  3,  5, 14, 15, 17, 22, 24, 27, 29, 30, 35, 36, 38, 41, 42, 45]
    Truth table row=[>, >, >, >, >] ix=242 result=[0+] is correct

Test 1-:
    W0: [ 0,  2,  5,  6,  9, 12, 14, 16, 17] > [ 1,  3,  4,  7,  8, 10, 11, 13, 15]
    W1: [ 0,  2,  5,  6,  9, 12, 14, 16, 17, 18, 20, 22, 23, 29, 31, 33, 34, 35] > [ 1,  3,  4,  7,  8, 10, 11, 13, 15, 19, 21, 24, 25, 26, 27, 28, 30, 32]
    W2: [ 0,  2,  5,  6, 18, 20, 27, 28, 30, 32, 37, 38, 39, 40, 41] > [ 1,  3,  4,  7,  8, 19, 29, 31, 33, 34, 35, 36, 42, 43, 44]
    W3: [ 0,  2,  7,  8,  9, 15, 18, 22, 24, 25, 26, 29, 37, 38, 42, 43, 44] > [ 1,  6, 10, 11, 16, 17, 20, 21, 27, 28, 33, 34, 35, 36, 45, 46, 47]
    W4: [ 0,  6,  8,  9, 11, 12, 18, 19, 20, 23, 26, 32, 33, 39, 44, 47, 48] = [ 2,  3,  5, 14, 15, 17, 22, 24, 27, 29, 30, 35, 36, 38, 41, 42, 45]
    Truth table row=[>, >, >, >, =] ix=241 result=[1-] is correct

Test 1+:
    W0: [ 0,  2,  5,  6,  9, 12, 14, 16, 17] < [ 1,  3,  4,  7,  8, 10, 11, 13, 15]
    W1: [ 0,  2,  5,  6,  9, 12, 14, 16, 17, 18, 20, 22, 23, 29, 31, 33, 34, 35] < [ 1,  3,  4,  7,  8, 10, 11, 13, 15, 19, 21, 24, 25, 26, 27, 28, 30, 32]
    W2: [ 0,  2,  5,  6, 18, 20, 27, 28, 30, 32, 37, 38, 39, 40, 41] < [ 1,  3,  4,  7,  8, 19, 29, 31, 33, 34, 35, 36, 42, 43, 44]
    W3: [ 0,  2,  7,  8,  9, 15, 18, 22, 24, 25, 26, 29, 37, 38, 42, 43, 44] < [ 1,  6, 10, 11, 16, 17, 20, 21, 27, 28, 33, 34, 35, 36, 45, 46, 47]
    W4: [ 0,  6,  8,  9, 11, 12, 18, 19, 20, 23, 26, 32, 33, 39, 44, 47, 48] = [ 2,  3,  5, 14, 15, 17, 22, 24, 27, 29, 30, 35, 36, 38, 41, 42, 45]
    Truth table row=[<, <, <, <, =] ix=1 result=[1+] is correct

Test 2-:
    W0: [ 0,  2,  5,  6,  9, 12, 14, 16, 17] < [ 1,  3,  4,  7,  8, 10, 11, 13, 15]
    W1: [ 0,  2,  5,  6,  9, 12, 14, 16, 17, 18, 20, 22, 23, 29, 31, 33, 34, 35] < [ 1,  3,  4,  7,  8, 10, 11, 13, 15, 19, 21, 24, 25, 26, 27, 28, 30, 32]
    W2: [ 0,  2,  5,  6, 18, 20, 27, 28, 30, 32, 37, 38, 39, 40, 41] < [ 1,  3,  4,  7,  8, 19, 29, 31, 33, 34, 35, 36, 42, 43, 44]
    W3: [ 0,  2,  7,  8,  9, 15, 18, 22, 24, 25, 26, 29, 37, 38, 42, 43, 44] < [ 1,  6, 10, 11, 16, 17, 20, 21, 27, 28, 33, 34, 35, 36, 45, 46, 47]
    W4: [ 0,  6,  8,  9, 11, 12, 18, 19, 20, 23, 26, 32, 33, 39, 44, 47, 48] > [ 2,  3,  5, 14, 15, 17, 22, 24, 27, 29, 30, 35, 36, 38, 41, 42, 45]
    Truth table row=[<, <, <, <, >] ix=2 result=[2-] is correct

Test 2+:
    W0: [ 0,  2,  5,  6,  9, 12, 14, 16, 17] > [ 1,  3,  4,  7,  8, 10, 11, 13, 15]
    W1: [ 0,  2,  5,  6,  9, 12, 14, 16, 17, 18, 20, 22, 23, 29, 31, 33, 34, 35] > [ 1,  3,  4,  7,  8, 10, 11, 13, 15, 19, 21, 24, 25, 26, 27, 28, 30, 32]
    W2: [ 0,  2,  5,  6, 18, 20, 27, 28, 30, 32, 37, 38, 39, 40, 41] > [ 1,  3,  4,  7,  8, 19, 29, 31, 33, 34, 35, 36, 42, 43, 44]
    W3: [ 0,  2,  7,  8,  9, 15, 18, 22, 24, 25, 26, 29, 37, 38, 42, 43, 44] > [ 1,  6, 10, 11, 16, 17, 20, 21, 27, 28, 33, 34, 35, 36, 45, 46, 47]
    W4: [ 0,  6,  8,  9, 11, 12, 18, 19, 20, 23, 26, 32, 33, 39, 44, 47, 48] < [ 2,  3,  5, 14, 15, 17, 22, 24, 27, 29, 30, 35, 36, 38, 41, 42, 45]
    Truth table row=[>, >, >, >, <] ix=240 result=[2+] is correct

Test 3-:
    W0: [ 0,  2,  5,  6,  9, 12, 14, 16, 17] > [ 1,  3,  4,  7,  8, 10, 11, 13, 15]
    W1: [ 0,  2,  5,  6,  9, 12, 14, 16, 17, 18, 20, 22, 23, 29, 31, 33, 34, 35] > [ 1,  3,  4,  7,  8, 10, 11, 13, 15, 19, 21, 24, 25, 26, 27, 28, 30, 32]
    W2: [ 0,  2,  5,  6, 18, 20, 27, 28, 30, 32, 37, 38, 39, 40, 41] > [ 1,  3,  4,  7,  8, 19, 29, 31, 33, 34, 35, 36, 42, 43, 44]
    W3: [ 0,  2,  7,  8,  9, 15, 18, 22, 24, 25, 26, 29, 37, 38, 42, 43, 44] = [ 1,  6, 10, 11, 16, 17, 20, 21, 27, 28, 33, 34, 35, 36, 45, 46, 47]
    W4: [ 0,  6,  8,  9, 11, 12, 18, 19, 20, 23, 26, 32, 33, 39, 44, 47, 48] > [ 2,  3,  5, 14, 15, 17, 22, 24, 27, 29, 30, 35, 36, 38, 41, 42, 45]
    Truth table row=[>, >, >, =, >] ix=239 result=[3-] is correct

Test 3+:
    W0: [ 0,  2,  5,  6,  9, 12, 14, 16, 17] < [ 1,  3,  4,  7,  8, 10, 11, 13, 15]
    W1: [ 0,  2,  5,  6,  9, 12, 14, 16, 17, 18, 20, 22, 23, 29, 31, 33, 34, 35] < [ 1,  3,  4,  7,  8, 10, 11, 13, 15, 19, 21, 24, 25, 26, 27, 28, 30, 32]
    W2: [ 0,  2,  5,  6, 18, 20, 27, 28, 30, 32, 37, 38, 39, 40, 41] < [ 1,  3,  4,  7,  8, 19, 29, 31, 33, 34, 35, 36, 42, 43, 44]
    W3: [ 0,  2,  7,  8,  9, 15, 18, 22, 24, 25, 26, 29, 37, 38, 42, 43, 44] = [ 1,  6, 10, 11, 16, 17, 20, 21, 27, 28, 33, 34, 35, 36, 45, 46, 47]
    W4: [ 0,  6,  8,  9, 11, 12, 18, 19, 20, 23, 26, 32, 33, 39, 44, 47, 48] < [ 2,  3,  5, 14, 15, 17, 22, 24, 27, 29, 30, 35, 36, 38, 41, 42, 45]
    Truth table row=[<, <, <, =, <] ix=3 result=[3+] is correct

Test 4-:
    W0: [ 0,  2,  5,  6,  9, 12, 14, 16, 17] > [ 1,  3,  4,  7,  8, 10, 11, 13, 15]
    W1: [ 0,  2,  5,  6,  9, 12, 14, 16, 17, 18, 20, 22, 23, 29, 31, 33, 34, 35] > [ 1,  3,  4,  7,  8, 10, 11, 13, 15, 19, 21, 24, 25, 26, 27, 28, 30, 32]
    W2: [ 0,  2,  5,  6, 18, 20, 27, 28, 30, 32, 37, 38, 39, 40, 41] > [ 1,  3,  4,  7,  8, 19, 29, 31, 33, 34, 35, 36, 42, 43, 44]
    W3: [ 0,  2,  7,  8,  9, 15, 18, 22, 24, 25, 26, 29, 37, 38, 42, 43, 44] = [ 1,  6, 10, 11, 16, 17, 20, 21, 27, 28, 33, 34, 35, 36, 45, 46, 47]
    W4: [ 0,  6,  8,  9, 11, 12, 18, 19, 20, 23, 26, 32, 33, 39, 44, 47, 48] = [ 2,  3,  5, 14, 15, 17, 22, 24, 27, 29, 30, 35, 36, 38, 41, 42, 45]
    Truth table row=[>, >, >, =, =] ix=238 result=[4-] is correct

Test 4+:
    W0: [ 0,  2,  5,  6,  9, 12, 14, 16, 17] < [ 1,  3,  4,  7,  8, 10, 11, 13, 15]
    W1: [ 0,  2,  5,  6,  9, 12, 14, 16, 17, 18, 20, 22, 23, 29, 31, 33, 34, 35] < [ 1,  3,  4,  7,  8, 10, 11, 13, 15, 19, 21, 24, 25, 26, 27, 28, 30, 32]
    W2: [ 0,  2,  5,  6, 18, 20, 27, 28, 30, 32, 37, 38, 39, 40, 41] < [ 1,  3,  4,  7,  8, 19, 29, 31, 33, 34, 35, 36, 42, 43, 44]
    W3: [ 0,  2,  7,  8,  9, 15, 18, 22, 24, 25, 26, 29, 37, 38, 42, 43, 44] = [ 1,  6, 10, 11, 16, 17, 20, 21, 27, 28, 33, 34, 35, 36, 45, 46, 47]
    W4: [ 0,  6,  8,  9, 11, 12, 18, 19, 20, 23, 26, 32, 33, 39, 44, 47, 48] = [ 2,  3,  5, 14, 15, 17, 22, 24, 27, 29, 30, 35, 36, 38, 41, 42, 45]
    Truth table row=[<, <, <, =, =] ix=4 result=[4+] is correct

Test 5-:
    W0: [ 0,  2,  5,  6,  9, 12, 14, 16, 17] < [ 1,  3,  4,  7,  8, 10, 11, 13, 15]
    W1: [ 0,  2,  5,  6,  9, 12, 14, 16, 17, 18, 20, 22, 23, 29, 31, 33, 34, 35] < [ 1,  3,  4,  7,  8, 10, 11, 13, 15, 19, 21, 24, 25, 26, 27, 28, 30, 32]
    W2: [ 0,  2,  5,  6, 18, 20, 27, 28, 30, 32, 37, 38, 39, 40, 41] < [ 1,  3,  4,  7,  8, 19, 29, 31, 33, 34, 35, 36, 42, 43, 44]
    W3: [ 0,  2,  7,  8,  9, 15, 18, 22, 24, 25, 26, 29, 37, 38, 42, 43, 44] = [ 1,  6, 10, 11, 16, 17, 20, 21, 27, 28, 33, 34, 35, 36, 45, 46, 47]
    W4: [ 0,  6,  8,  9, 11, 12, 18, 19, 20, 23, 26, 32, 33, 39, 44, 47, 48] > [ 2,  3,  5, 14, 15, 17, 22, 24, 27, 29, 30, 35, 36, 38, 41, 42, 45]
    Truth table row=[<, <, <, =, >] ix=5 result=[5-] is correct

Test 5+:
    W0: [ 0,  2,  5,  6,  9, 12, 14, 16, 17] > [ 1,  3,  4,  7,  8, 10, 11, 13, 15]
    W1: [ 0,  2,  5,  6,  9, 12, 14, 16, 17, 18, 20, 22, 23, 29, 31, 33, 34, 35] > [ 1,  3,  4,  7,  8, 10, 11, 13, 15, 19, 21, 24, 25, 26, 27, 28, 30, 32]
    W2: [ 0,  2,  5,  6, 18, 20, 27, 28, 30, 32, 37, 38, 39, 40, 41] > [ 1,  3,  4,  7,  8, 19, 29, 31, 33, 34, 35, 36, 42, 43, 44]
    W3: [ 0,  2,  7,  8,  9, 15, 18, 22, 24, 25, 26, 29, 37, 38, 42, 43, 44] = [ 1,  6, 10, 11, 16, 17, 20, 21, 27, 28, 33, 34, 35, 36, 45, 46, 47]
    W4: [ 0,  6,  8,  9, 11, 12, 18, 19, 20, 23, 26, 32, 33, 39, 44, 47, 48] < [ 2,  3,  5, 14, 15, 17, 22, 24, 27, 29, 30, 35, 36, 38, 41, 42, 45]
    Truth table row=[>, >, >, =, <] ix=237 result=[5+] is correct

Test 6-:
    W0: [ 0,  2,  5,  6,  9, 12, 14, 16, 17] < [ 1,  3,  4,  7,  8, 10, 11, 13, 15]
    W1: [ 0,  2,  5,  6,  9, 12, 14, 16, 17, 18, 20, 22, 23, 29, 31, 33, 34, 35] < [ 1,  3,  4,  7,  8, 10, 11, 13, 15, 19, 21, 24, 25, 26, 27, 28, 30, 32]
    W2: [ 0,  2,  5,  6, 18, 20, 27, 28, 30, 32, 37, 38, 39, 40, 41] < [ 1,  3,  4,  7,  8, 19, 29, 31, 33, 34, 35, 36, 42, 43, 44]
    W3: [ 0,  2,  7,  8,  9, 15, 18, 22, 24, 25, 26, 29, 37, 38, 42, 43, 44] > [ 1,  6, 10, 11, 16, 17, 20, 21, 27, 28, 33, 34, 35, 36, 45, 46, 47]
    W4: [ 0,  6,  8,  9, 11, 12, 18, 19, 20, 23, 26, 32, 33, 39, 44, 47, 48] < [ 2,  3,  5, 14, 15, 17, 22, 24, 27, 29, 30, 35, 36, 38, 41, 42, 45]
    Truth table row=[<, <, <, >, <] ix=6 result=[6-] is correct

Test 6+:
    W0: [ 0,  2,  5,  6,  9, 12, 14, 16, 17] > [ 1,  3,  4,  7,  8, 10, 11, 13, 15]
    W1: [ 0,  2,  5,  6,  9, 12, 14, 16, 17, 18, 20, 22, 23, 29, 31, 33, 34, 35] > [ 1,  3,  4,  7,  8, 10, 11, 13, 15, 19, 21, 24, 25, 26, 27, 28, 30, 32]
    W2: [ 0,  2,  5,  6, 18, 20, 27, 28, 30, 32, 37, 38, 39, 40, 41] > [ 1,  3,  4,  7,  8, 19, 29, 31, 33, 34, 35, 36, 42, 43, 44]
    W3: [ 0,  2,  7,  8,  9, 15, 18, 22, 24, 25, 26, 29, 37, 38, 42, 43, 44] < [ 1,  6, 10, 11, 16, 17, 20, 21, 27, 28, 33, 34, 35, 36, 45, 46, 47]
    W4: [ 0,  6,  8,  9, 11, 12, 18, 19, 20, 23, 26, 32, 33, 39, 44, 47, 48] > [ 2,  3,  5, 14, 15, 17, 22, 24, 27, 29, 30, 35, 36, 38, 41, 42, 45]
    Truth table row=[>, >, >, <, >] ix=236 result=[6+] is correct

Test 7-:
    W0: [ 0,  2,  5,  6,  9, 12, 14, 16, 17] > [ 1,  3,  4,  7,  8, 10, 11, 13, 15]
    W1: [ 0,  2,  5,  6,  9, 12, 14, 16, 17, 18, 20, 22, 23, 29, 31, 33, 34, 35] > [ 1,  3,  4,  7,  8, 10, 11, 13, 15, 19, 21, 24, 25, 26, 27, 28, 30, 32]
    W2: [ 0,  2,  5,  6, 18, 20, 27, 28, 30, 32, 37, 38, 39, 40, 41] > [ 1,  3,  4,  7,  8, 19, 29, 31, 33, 34, 35, 36, 42, 43, 44]
    W3: [ 0,  2,  7,  8,  9, 15, 18, 22, 24, 25, 26, 29, 37, 38, 42, 43, 44] < [ 1,  6, 10, 11, 16, 17, 20, 21, 27, 28, 33, 34, 35, 36, 45, 46, 47]
    W4: [ 0,  6,  8,  9, 11, 12, 18, 19, 20, 23, 26, 32, 33, 39, 44, 47, 48] = [ 2,  3,  5, 14, 15, 17, 22, 24, 27, 29, 30, 35, 36, 38, 41, 42, 45]
    Truth table row=[>, >, >, <, =] ix=235 result=[7-] is correct

Test 7+:
    W0: [ 0,  2,  5,  6,  9, 12, 14, 16, 17] < [ 1,  3,  4,  7,  8, 10, 11, 13, 15]
    W1: [ 0,  2,  5,  6,  9, 12, 14, 16, 17, 18, 20, 22, 23, 29, 31, 33, 34, 35] < [ 1,  3,  4,  7,  8, 10, 11, 13, 15, 19, 21, 24, 25, 26, 27, 28, 30, 32]
    W2: [ 0,  2,  5,  6, 18, 20, 27, 28, 30, 32, 37, 38, 39, 40, 41] < [ 1,  3,  4,  7,  8, 19, 29, 31, 33, 34, 35, 36, 42, 43, 44]
    W3: [ 0,  2,  7,  8,  9, 15, 18, 22, 24, 25, 26, 29, 37, 38, 42, 43, 44] > [ 1,  6, 10, 11, 16, 17, 20, 21, 27, 28, 33, 34, 35, 36, 45, 46, 47]
    W4: [ 0,  6,  8,  9, 11, 12, 18, 19, 20, 23, 26, 32, 33, 39, 44, 47, 48] = [ 2,  3,  5, 14, 15, 17, 22, 24, 27, 29, 30, 35, 36, 38, 41, 42, 45]
    Truth table row=[<, <, <, >, =] ix=7 result=[7+] is correct

Test 8-:
    W0: [ 0,  2,  5,  6,  9, 12, 14, 16, 17] > [ 1,  3,  4,  7,  8, 10, 11, 13, 15]
    W1: [ 0,  2,  5,  6,  9, 12, 14, 16, 17, 18, 20, 22, 23, 29, 31, 33, 34, 35] > [ 1,  3,  4,  7,  8, 10, 11, 13, 15, 19, 21, 24, 25, 26, 27, 28, 30, 32]
    W2: [ 0,  2,  5,  6, 18, 20, 27, 28, 30, 32, 37, 38, 39, 40, 41] > [ 1,  3,  4,  7,  8, 19, 29, 31, 33, 34, 35, 36, 42, 43, 44]
    W3: [ 0,  2,  7,  8,  9, 15, 18, 22, 24, 25, 26, 29, 37, 38, 42, 43, 44] < [ 1,  6, 10, 11, 16, 17, 20, 21, 27, 28, 33, 34, 35, 36, 45, 46, 47]
    W4: [ 0,  6,  8,  9, 11, 12, 18, 19, 20, 23, 26, 32, 33, 39, 44, 47, 48] < [ 2,  3,  5, 14, 15, 17, 22, 24, 27, 29, 30, 35, 36, 38, 41, 42, 45]
    Truth table row=[>, >, >, <, <] ix=234 result=[8-] is correct

Test 8+:
    W0: [ 0,  2,  5,  6,  9, 12, 14, 16, 17] < [ 1,  3,  4,  7,  8, 10, 11, 13, 15]
    W1: [ 0,  2,  5,  6,  9, 12, 14, 16, 17, 18, 20, 22, 23, 29, 31, 33, 34, 35] < [ 1,  3,  4,  7,  8, 10, 11, 13, 15, 19, 21, 24, 25, 26, 27, 28, 30, 32]
    W2: [ 0,  2,  5,  6, 18, 20, 27, 28, 30, 32, 37, 38, 39, 40, 41] < [ 1,  3,  4,  7,  8, 19, 29, 31, 33, 34, 35, 36, 42, 43, 44]
    W3: [ 0,  2,  7,  8,  9, 15, 18, 22, 24, 25, 26, 29, 37, 38, 42, 43, 44] > [ 1,  6, 10, 11, 16, 17, 20, 21, 27, 28, 33, 34, 35, 36, 45, 46, 47]
    W4: [ 0,  6,  8,  9, 11, 12, 18, 19, 20, 23, 26, 32, 33, 39, 44, 47, 48] > [ 2,  3,  5, 14, 15, 17, 22, 24, 27, 29, 30, 35, 36, 38, 41, 42, 45]
    Truth table row=[<, <, <, >, >] ix=8 result=[8+] is correct

Test 9-:
    W0: [ 0,  2,  5,  6,  9, 12, 14, 16, 17] < [ 1,  3,  4,  7,  8, 10, 11, 13, 15]
    W1: [ 0,  2,  5,  6,  9, 12, 14, 16, 17, 18, 20, 22, 23, 29, 31, 33, 34, 35] < [ 1,  3,  4,  7,  8, 10, 11, 13, 15, 19, 21, 24, 25, 26, 27, 28, 30, 32]
    W2: [ 0,  2,  5,  6, 18, 20, 27, 28, 30, 32, 37, 38, 39, 40, 41] = [ 1,  3,  4,  7,  8, 19, 29, 31, 33, 34, 35, 36, 42, 43, 44]
    W3: [ 0,  2,  7,  8,  9, 15, 18, 22, 24, 25, 26, 29, 37, 38, 42, 43, 44] < [ 1,  6, 10, 11, 16, 17, 20, 21, 27, 28, 33, 34, 35, 36, 45, 46, 47]
    W4: [ 0,  6,  8,  9, 11, 12, 18, 19, 20, 23, 26, 32, 33, 39, 44, 47, 48] < [ 2,  3,  5, 14, 15, 17, 22, 24, 27, 29, 30, 35, 36, 38, 41, 42, 45]
    Truth table row=[<, <, =, <, <] ix=9 result=[9-] is correct

Test 9+:
    W0: [ 0,  2,  5,  6,  9, 12, 14, 16, 17] > [ 1,  3,  4,  7,  8, 10, 11, 13, 15]
    W1: [ 0,  2,  5,  6,  9, 12, 14, 16, 17, 18, 20, 22, 23, 29, 31, 33, 34, 35] > [ 1,  3,  4,  7,  8, 10, 11, 13, 15, 19, 21, 24, 25, 26, 27, 28, 30, 32]
    W2: [ 0,  2,  5,  6, 18, 20, 27, 28, 30, 32, 37, 38, 39, 40, 41] = [ 1,  3,  4,  7,  8, 19, 29, 31, 33, 34, 35, 36, 42, 43, 44]
    W3: [ 0,  2,  7,  8,  9, 15, 18, 22, 24, 25, 26, 29, 37, 38, 42, 43, 44] > [ 1,  6, 10, 11, 16, 17, 20, 21, 27, 28, 33, 34, 35, 36, 45, 46, 47]
    W4: [ 0,  6,  8,  9, 11, 12, 18, 19, 20, 23, 26, 32, 33, 39, 44, 47, 48] > [ 2,  3,  5, 14, 15, 17, 22, 24, 27, 29, 30, 35, 36, 38, 41, 42, 45]
    Truth table row=[>, >, =, >, >] ix=233 result=[9+] is correct

Test 10-:
    W0: [ 0,  2,  5,  6,  9, 12, 14, 16, 17] > [ 1,  3,  4,  7,  8, 10, 11, 13, 15]
    W1: [ 0,  2,  5,  6,  9, 12, 14, 16, 17, 18, 20, 22, 23, 29, 31, 33, 34, 35] > [ 1,  3,  4,  7,  8, 10, 11, 13, 15, 19, 21, 24, 25, 26, 27, 28, 30, 32]
    W2: [ 0,  2,  5,  6, 18, 20, 27, 28, 30, 32, 37, 38, 39, 40, 41] = [ 1,  3,  4,  7,  8, 19, 29, 31, 33, 34, 35, 36, 42, 43, 44]
    W3: [ 0,  2,  7,  8,  9, 15, 18, 22, 24, 25, 26, 29, 37, 38, 42, 43, 44] > [ 1,  6, 10, 11, 16, 17, 20, 21, 27, 28, 33, 34, 35, 36, 45, 46, 47]
    W4: [ 0,  6,  8,  9, 11, 12, 18, 19, 20, 23, 26, 32, 33, 39, 44, 47, 48] = [ 2,  3,  5, 14, 15, 17, 22, 24, 27, 29, 30, 35, 36, 38, 41, 42, 45]
    Truth table row=[>, >, =, >, =] ix=232 result=[10-] is correct

Test 10+:
    W0: [ 0,  2,  5,  6,  9, 12, 14, 16, 17] < [ 1,  3,  4,  7,  8, 10, 11, 13, 15]
    W1: [ 0,  2,  5,  6,  9, 12, 14, 16, 17, 18, 20, 22, 23, 29, 31, 33, 34, 35] < [ 1,  3,  4,  7,  8, 10, 11, 13, 15, 19, 21, 24, 25, 26, 27, 28, 30, 32]
    W2: [ 0,  2,  5,  6, 18, 20, 27, 28, 30, 32, 37, 38, 39, 40, 41] = [ 1,  3,  4,  7,  8, 19, 29, 31, 33, 34, 35, 36, 42, 43, 44]
    W3: [ 0,  2,  7,  8,  9, 15, 18, 22, 24, 25, 26, 29, 37, 38, 42, 43, 44] < [ 1,  6, 10, 11, 16, 17, 20, 21, 27, 28, 33, 34, 35, 36, 45, 46, 47]
    W4: [ 0,  6,  8,  9, 11, 12, 18, 19, 20, 23, 26, 32, 33, 39, 44, 47, 48] = [ 2,  3,  5, 14, 15, 17, 22, 24, 27, 29, 30, 35, 36, 38, 41, 42, 45]
    Truth table row=[<, <, =, <, =] ix=10 result=[10+] is correct

Test 11-:
    W0: [ 0,  2,  5,  6,  9, 12, 14, 16, 17] > [ 1,  3,  4,  7,  8, 10, 11, 13, 15]
    W1: [ 0,  2,  5,  6,  9, 12, 14, 16, 17, 18, 20, 22, 23, 29, 31, 33, 34, 35] > [ 1,  3,  4,  7,  8, 10, 11, 13, 15, 19, 21, 24, 25, 26, 27, 28, 30, 32]
    W2: [ 0,  2,  5,  6, 18, 20, 27, 28, 30, 32, 37, 38, 39, 40, 41] = [ 1,  3,  4,  7,  8, 19, 29, 31, 33, 34, 35, 36, 42, 43, 44]
    W3: [ 0,  2,  7,  8,  9, 15, 18, 22, 24, 25, 26, 29, 37, 38, 42, 43, 44] > [ 1,  6, 10, 11, 16, 17, 20, 21, 27, 28, 33, 34, 35, 36, 45, 46, 47]
    W4: [ 0,  6,  8,  9, 11, 12, 18, 19, 20, 23, 26, 32, 33, 39, 44, 47, 48] < [ 2,  3,  5, 14, 15, 17, 22, 24, 27, 29, 30, 35, 36, 38, 41, 42, 45]
    Truth table row=[>, >, =, >, <] ix=231 result=[11-] is correct

Test 11+:
    W0: [ 0,  2,  5,  6,  9, 12, 14, 16, 17] < [ 1,  3,  4,  7,  8, 10, 11, 13, 15]
    W1: [ 0,  2,  5,  6,  9, 12, 14, 16, 17, 18, 20, 22, 23, 29, 31, 33, 34, 35] < [ 1,  3,  4,  7,  8, 10, 11, 13, 15, 19, 21, 24, 25, 26, 27, 28, 30, 32]
    W2: [ 0,  2,  5,  6, 18, 20, 27, 28, 30, 32, 37, 38, 39, 40, 41] = [ 1,  3,  4,  7,  8, 19, 29, 31, 33, 34, 35, 36, 42, 43, 44]
    W3: [ 0,  2,  7,  8,  9, 15, 18, 22, 24, 25, 26, 29, 37, 38, 42, 43, 44] < [ 1,  6, 10, 11, 16, 17, 20, 21, 27, 28, 33, 34, 35, 36, 45, 46, 47]
    W4: [ 0,  6,  8,  9, 11, 12, 18, 19, 20, 23, 26, 32, 33, 39, 44, 47, 48] > [ 2,  3,  5, 14, 15, 17, 22, 24, 27, 29, 30, 35, 36, 38, 41, 42, 45]
    Truth table row=[<, <, =, <, >] ix=11 result=[11+] is correct

Test 12-:
    W0: [ 0,  2,  5,  6,  9, 12, 14, 16, 17] < [ 1,  3,  4,  7,  8, 10, 11, 13, 15]
    W1: [ 0,  2,  5,  6,  9, 12, 14, 16, 17, 18, 20, 22, 23, 29, 31, 33, 34, 35] < [ 1,  3,  4,  7,  8, 10, 11, 13, 15, 19, 21, 24, 25, 26, 27, 28, 30, 32]
    W2: [ 0,  2,  5,  6, 18, 20, 27, 28, 30, 32, 37, 38, 39, 40, 41] = [ 1,  3,  4,  7,  8, 19, 29, 31, 33, 34, 35, 36, 42, 43, 44]
    W3: [ 0,  2,  7,  8,  9, 15, 18, 22, 24, 25, 26, 29, 37, 38, 42, 43, 44] = [ 1,  6, 10, 11, 16, 17, 20, 21, 27, 28, 33, 34, 35, 36, 45, 46, 47]
    W4: [ 0,  6,  8,  9, 11, 12, 18, 19, 20, 23, 26, 32, 33, 39, 44, 47, 48] < [ 2,  3,  5, 14, 15, 17, 22, 24, 27, 29, 30, 35, 36, 38, 41, 42, 45]
    Truth table row=[<, <, =, =, <] ix=12 result=[12-] is correct

Test 12+:
    W0: [ 0,  2,  5,  6,  9, 12, 14, 16, 17] > [ 1,  3,  4,  7,  8, 10, 11, 13, 15]
    W1: [ 0,  2,  5,  6,  9, 12, 14, 16, 17, 18, 20, 22, 23, 29, 31, 33, 34, 35] > [ 1,  3,  4,  7,  8, 10, 11, 13, 15, 19, 21, 24, 25, 26, 27, 28, 30, 32]
    W2: [ 0,  2,  5,  6, 18, 20, 27, 28, 30, 32, 37, 38, 39, 40, 41] = [ 1,  3,  4,  7,  8, 19, 29, 31, 33, 34, 35, 36, 42, 43, 44]
    W3: [ 0,  2,  7,  8,  9, 15, 18, 22, 24, 25, 26, 29, 37, 38, 42, 43, 44] = [ 1,  6, 10, 11, 16, 17, 20, 21, 27, 28, 33, 34, 35, 36, 45, 46, 47]
    W4: [ 0,  6,  8,  9, 11, 12, 18, 19, 20, 23, 26, 32, 33, 39, 44, 47, 48] > [ 2,  3,  5, 14, 15, 17, 22, 24, 27, 29, 30, 35, 36, 38, 41, 42, 45]
    Truth table row=[>, >, =, =, >] ix=230 result=[12+] is correct

Test 13-:
    W0: [ 0,  2,  5,  6,  9, 12, 14, 16, 17] > [ 1,  3,  4,  7,  8, 10, 11, 13, 15]
    W1: [ 0,  2,  5,  6,  9, 12, 14, 16, 17, 18, 20, 22, 23, 29, 31, 33, 34, 35] > [ 1,  3,  4,  7,  8, 10, 11, 13, 15, 19, 21, 24, 25, 26, 27, 28, 30, 32]
    W2: [ 0,  2,  5,  6, 18, 20, 27, 28, 30, 32, 37, 38, 39, 40, 41] = [ 1,  3,  4,  7,  8, 19, 29, 31, 33, 34, 35, 36, 42, 43, 44]
    W3: [ 0,  2,  7,  8,  9, 15, 18, 22, 24, 25, 26, 29, 37, 38, 42, 43, 44] = [ 1,  6, 10, 11, 16, 17, 20, 21, 27, 28, 33, 34, 35, 36, 45, 46, 47]
    W4: [ 0,  6,  8,  9, 11, 12, 18, 19, 20, 23, 26, 32, 33, 39, 44, 47, 48] = [ 2,  3,  5, 14, 15, 17, 22, 24, 27, 29, 30, 35, 36, 38, 41, 42, 45]
    Truth table row=[>, >, =, =, =] ix=229 result=[13-] is correct

Test 13+:
    W0: [ 0,  2,  5,  6,  9, 12, 14, 16, 17] < [ 1,  3,  4,  7,  8, 10, 11, 13, 15]
    W1: [ 0,  2,  5,  6,  9, 12, 14, 16, 17, 18, 20, 22, 23, 29, 31, 33, 34, 35] < [ 1,  3,  4,  7,  8, 10, 11, 13, 15, 19, 21, 24, 25, 26, 27, 28, 30, 32]
    W2: [ 0,  2,  5,  6, 18, 20, 27, 28, 30, 32, 37, 38, 39, 40, 41] = [ 1,  3,  4,  7,  8, 19, 29, 31, 33, 34, 35, 36, 42, 43, 44]
    W3: [ 0,  2,  7,  8,  9, 15, 18, 22, 24, 25, 26, 29, 37, 38, 42, 43, 44] = [ 1,  6, 10, 11, 16, 17, 20, 21, 27, 28, 33, 34, 35, 36, 45, 46, 47]
    W4: [ 0,  6,  8,  9, 11, 12, 18, 19, 20, 23, 26, 32, 33, 39, 44, 47, 48] = [ 2,  3,  5, 14, 15, 17, 22, 24, 27, 29, 30, 35, 36, 38, 41, 42, 45]
    Truth table row=[<, <, =, =, =] ix=13 result=[13+] is correct

Test 14-:
    W0: [ 0,  2,  5,  6,  9, 12, 14, 16, 17] < [ 1,  3,  4,  7,  8, 10, 11, 13, 15]
    W1: [ 0,  2,  5,  6,  9, 12, 14, 16, 17, 18, 20, 22, 23, 29, 31, 33, 34, 35] < [ 1,  3,  4,  7,  8, 10, 11, 13, 15, 19, 21, 24, 25, 26, 27, 28, 30, 32]
    W2: [ 0,  2,  5,  6, 18, 20, 27, 28, 30, 32, 37, 38, 39, 40, 41] = [ 1,  3,  4,  7,  8, 19, 29, 31, 33, 34, 35, 36, 42, 43, 44]
    W3: [ 0,  2,  7,  8,  9, 15, 18, 22, 24, 25, 26, 29, 37, 38, 42, 43, 44] = [ 1,  6, 10, 11, 16, 17, 20, 21, 27, 28, 33, 34, 35, 36, 45, 46, 47]
    W4: [ 0,  6,  8,  9, 11, 12, 18, 19, 20, 23, 26, 32, 33, 39, 44, 47, 48] > [ 2,  3,  5, 14, 15, 17, 22, 24, 27, 29, 30, 35, 36, 38, 41, 42, 45]
    Truth table row=[<, <, =, =, >] ix=14 result=[14-] is correct

Test 14+:
    W0: [ 0,  2,  5,  6,  9, 12, 14, 16, 17] > [ 1,  3,  4,  7,  8, 10, 11, 13, 15]
    W1: [ 0,  2,  5,  6,  9, 12, 14, 16, 17, 18, 20, 22, 23, 29, 31, 33, 34, 35] > [ 1,  3,  4,  7,  8, 10, 11, 13, 15, 19, 21, 24, 25, 26, 27, 28, 30, 32]
    W2: [ 0,  2,  5,  6, 18, 20, 27, 28, 30, 32, 37, 38, 39, 40, 41] = [ 1,  3,  4,  7,  8, 19, 29, 31, 33, 34, 35, 36, 42, 43, 44]
    W3: [ 0,  2,  7,  8,  9, 15, 18, 22, 24, 25, 26, 29, 37, 38, 42, 43, 44] = [ 1,  6, 10, 11, 16, 17, 20, 21, 27, 28, 33, 34, 35, 36, 45, 46, 47]
    W4: [ 0,  6,  8,  9, 11, 12, 18, 19, 20, 23, 26, 32, 33, 39, 44, 47, 48] < [ 2,  3,  5, 14, 15, 17, 22, 24, 27, 29, 30, 35, 36, 38, 41, 42, 45]
    Truth table row=[>, >, =, =, <] ix=228 result=[14+] is correct

Test 15-:
    W0: [ 0,  2,  5,  6,  9, 12, 14, 16, 17] > [ 1,  3,  4,  7,  8, 10, 11, 13, 15]
    W1: [ 0,  2,  5,  6,  9, 12, 14, 16, 17, 18, 20, 22, 23, 29, 31, 33, 34, 35] > [ 1,  3,  4,  7,  8, 10, 11, 13, 15, 19, 21, 24, 25, 26, 27, 28, 30, 32]
    W2: [ 0,  2,  5,  6, 18, 20, 27, 28, 30, 32, 37, 38, 39, 40, 41] = [ 1,  3,  4,  7,  8, 19, 29, 31, 33, 34, 35, 36, 42, 43, 44]
    W3: [ 0,  2,  7,  8,  9, 15, 18, 22, 24, 25, 26, 29, 37, 38, 42, 43, 44] < [ 1,  6, 10, 11, 16, 17, 20, 21, 27, 28, 33, 34, 35, 36, 45, 46, 47]
    W4: [ 0,  6,  8,  9, 11, 12, 18, 19, 20, 23, 26, 32, 33, 39, 44, 47, 48] > [ 2,  3,  5, 14, 15, 17, 22, 24, 27, 29, 30, 35, 36, 38, 41, 42, 45]
    Truth table row=[>, >, =, <, >] ix=227 result=[15-] is correct

Test 15+:
    W0: [ 0,  2,  5,  6,  9, 12, 14, 16, 17] < [ 1,  3,  4,  7,  8, 10, 11, 13, 15]
    W1: [ 0,  2,  5,  6,  9, 12, 14, 16, 17, 18, 20, 22, 23, 29, 31, 33, 34, 35] < [ 1,  3,  4,  7,  8, 10, 11, 13, 15, 19, 21, 24, 25, 26, 27, 28, 30, 32]
    W2: [ 0,  2,  5,  6, 18, 20, 27, 28, 30, 32, 37, 38, 39, 40, 41] = [ 1,  3,  4,  7,  8, 19, 29, 31, 33, 34, 35, 36, 42, 43, 44]
    W3: [ 0,  2,  7,  8,  9, 15, 18, 22, 24, 25, 26, 29, 37, 38, 42, 43, 44] > [ 1,  6, 10, 11, 16, 17, 20, 21, 27, 28, 33, 34, 35, 36, 45, 46, 47]
    W4: [ 0,  6,  8,  9, 11, 12, 18, 19, 20, 23, 26, 32, 33, 39, 44, 47, 48] < [ 2,  3,  5, 14, 15, 17, 22, 24, 27, 29, 30, 35, 36, 38, 41, 42, 45]
    Truth table row=[<, <, =, >, <] ix=15 result=[15+] is correct

Test 16-:
    W0: [ 0,  2,  5,  6,  9, 12, 14, 16, 17] < [ 1,  3,  4,  7,  8, 10, 11, 13, 15]
    W1: [ 0,  2,  5,  6,  9, 12, 14, 16, 17, 18, 20, 22, 23, 29, 31, 33, 34, 35] < [ 1,  3,  4,  7,  8, 10, 11, 13, 15, 19, 21, 24, 25, 26, 27, 28, 30, 32]
    W2: [ 0,  2,  5,  6, 18, 20, 27, 28, 30, 32, 37, 38, 39, 40, 41] = [ 1,  3,  4,  7,  8, 19, 29, 31, 33, 34, 35, 36, 42, 43, 44]
    W3: [ 0,  2,  7,  8,  9, 15, 18, 22, 24, 25, 26, 29, 37, 38, 42, 43, 44] > [ 1,  6, 10, 11, 16, 17, 20, 21, 27, 28, 33, 34, 35, 36, 45, 46, 47]
    W4: [ 0,  6,  8,  9, 11, 12, 18, 19, 20, 23, 26, 32, 33, 39, 44, 47, 48] = [ 2,  3,  5, 14, 15, 17, 22, 24, 27, 29, 30, 35, 36, 38, 41, 42, 45]
    Truth table row=[<, <, =, >, =] ix=16 result=[16-] is correct

Test 16+:
    W0: [ 0,  2,  5,  6,  9, 12, 14, 16, 17] > [ 1,  3,  4,  7,  8, 10, 11, 13, 15]
    W1: [ 0,  2,  5,  6,  9, 12, 14, 16, 17, 18, 20, 22, 23, 29, 31, 33, 34, 35] > [ 1,  3,  4,  7,  8, 10, 11, 13, 15, 19, 21, 24, 25, 26, 27, 28, 30, 32]
    W2: [ 0,  2,  5,  6, 18, 20, 27, 28, 30, 32, 37, 38, 39, 40, 41] = [ 1,  3,  4,  7,  8, 19, 29, 31, 33, 34, 35, 36, 42, 43, 44]
    W3: [ 0,  2,  7,  8,  9, 15, 18, 22, 24, 25, 26, 29, 37, 38, 42, 43, 44] < [ 1,  6, 10, 11, 16, 17, 20, 21, 27, 28, 33, 34, 35, 36, 45, 46, 47]
    W4: [ 0,  6,  8,  9, 11, 12, 18, 19, 20, 23, 26, 32, 33, 39, 44, 47, 48] = [ 2,  3,  5, 14, 15, 17, 22, 24, 27, 29, 30, 35, 36, 38, 41, 42, 45]
    Truth table row=[>, >, =, <, =] ix=226 result=[16+] is correct

Test 17-:
    W0: [ 0,  2,  5,  6,  9, 12, 14, 16, 17] < [ 1,  3,  4,  7,  8, 10, 11, 13, 15]
    W1: [ 0,  2,  5,  6,  9, 12, 14, 16, 17, 18, 20, 22, 23, 29, 31, 33, 34, 35] < [ 1,  3,  4,  7,  8, 10, 11, 13, 15, 19, 21, 24, 25, 26, 27, 28, 30, 32]
    W2: [ 0,  2,  5,  6, 18, 20, 27, 28, 30, 32, 37, 38, 39, 40, 41] = [ 1,  3,  4,  7,  8, 19, 29, 31, 33, 34, 35, 36, 42, 43, 44]
    W3: [ 0,  2,  7,  8,  9, 15, 18, 22, 24, 25, 26, 29, 37, 38, 42, 43, 44] > [ 1,  6, 10, 11, 16, 17, 20, 21, 27, 28, 33, 34, 35, 36, 45, 46, 47]
    W4: [ 0,  6,  8,  9, 11, 12, 18, 19, 20, 23, 26, 32, 33, 39, 44, 47, 48] > [ 2,  3,  5, 14, 15, 17, 22, 24, 27, 29, 30, 35, 36, 38, 41, 42, 45]
    Truth table row=[<, <, =, >, >] ix=17 result=[17-] is correct

Test 17+:
    W0: [ 0,  2,  5,  6,  9, 12, 14, 16, 17] > [ 1,  3,  4,  7,  8, 10, 11, 13, 15]
    W1: [ 0,  2,  5,  6,  9, 12, 14, 16, 17, 18, 20, 22, 23, 29, 31, 33, 34, 35] > [ 1,  3,  4,  7,  8, 10, 11, 13, 15, 19, 21, 24, 25, 26, 27, 28, 30, 32]
    W2: [ 0,  2,  5,  6, 18, 20, 27, 28, 30, 32, 37, 38, 39, 40, 41] = [ 1,  3,  4,  7,  8, 19, 29, 31, 33, 34, 35, 36, 42, 43, 44]
    W3: [ 0,  2,  7,  8,  9, 15, 18, 22, 24, 25, 26, 29, 37, 38, 42, 43, 44] < [ 1,  6, 10, 11, 16, 17, 20, 21, 27, 28, 33, 34, 35, 36, 45, 46, 47]
    W4: [ 0,  6,  8,  9, 11, 12, 18, 19, 20, 23, 26, 32, 33, 39, 44, 47, 48] < [ 2,  3,  5, 14, 15, 17, 22, 24, 27, 29, 30, 35, 36, 38, 41, 42, 45]
    Truth table row=[>, >, =, <, <] ix=225 result=[17+] is correct

Test 18-:
    W0: [ 0,  2,  5,  6,  9, 12, 14, 16, 17] = [ 1,  3,  4,  7,  8, 10, 11, 13, 15]
    W1: [ 0,  2,  5,  6,  9, 12, 14, 16, 17, 18, 20, 22, 23, 29, 31, 33, 34, 35] < [ 1,  3,  4,  7,  8, 10, 11, 13, 15, 19, 21, 24, 25, 26, 27, 28, 30, 32]
    W2: [ 0,  2,  5,  6, 18, 20, 27, 28, 30, 32, 37, 38, 39, 40, 41] < [ 1,  3,  4,  7,  8, 19, 29, 31, 33, 34, 35, 36, 42, 43, 44]
    W3: [ 0,  2,  7,  8,  9, 15, 18, 22, 24, 25, 26, 29, 37, 38, 42, 43, 44] < [ 1,  6, 10, 11, 16, 17, 20, 21, 27, 28, 33, 34, 35, 36, 45, 46, 47]
    W4: [ 0,  6,  8,  9, 11, 12, 18, 19, 20, 23, 26, 32, 33, 39, 44, 47, 48] < [ 2,  3,  5, 14, 15, 17, 22, 24, 27, 29, 30, 35, 36, 38, 41, 42, 45]
    Truth table row=[=, <, <, <, <] ix=81 result=[18-] is correct

Test 18+:
    W0: [ 0,  2,  5,  6,  9, 12, 14, 16, 17] = [ 1,  3,  4,  7,  8, 10, 11, 13, 15]
    W1: [ 0,  2,  5,  6,  9, 12, 14, 16, 17, 18, 20, 22, 23, 29, 31, 33, 34, 35] > [ 1,  3,  4,  7,  8, 10, 11, 13, 15, 19, 21, 24, 25, 26, 27, 28, 30, 32]
    W2: [ 0,  2,  5,  6, 18, 20, 27, 28, 30, 32, 37, 38, 39, 40, 41] > [ 1,  3,  4,  7,  8, 19, 29, 31, 33, 34, 35, 36, 42, 43, 44]
    W3: [ 0,  2,  7,  8,  9, 15, 18, 22, 24, 25, 26, 29, 37, 38, 42, 43, 44] > [ 1,  6, 10, 11, 16, 17, 20, 21, 27, 28, 33, 34, 35, 36, 45, 46, 47]
    W4: [ 0,  6,  8,  9, 11, 12, 18, 19, 20, 23, 26, 32, 33, 39, 44, 47, 48] > [ 2,  3,  5, 14, 15, 17, 22, 24, 27, 29, 30, 35, 36, 38, 41, 42, 45]
    Truth table row=[=, >, >, >, >] ix=161 result=[18+] is correct

Test 19-:
    W0: [ 0,  2,  5,  6,  9, 12, 14, 16, 17] = [ 1,  3,  4,  7,  8, 10, 11, 13, 15]
    W1: [ 0,  2,  5,  6,  9, 12, 14, 16, 17, 18, 20, 22, 23, 29, 31, 33, 34, 35] > [ 1,  3,  4,  7,  8, 10, 11, 13, 15, 19, 21, 24, 25, 26, 27, 28, 30, 32]
    W2: [ 0,  2,  5,  6, 18, 20, 27, 28, 30, 32, 37, 38, 39, 40, 41] > [ 1,  3,  4,  7,  8, 19, 29, 31, 33, 34, 35, 36, 42, 43, 44]
    W3: [ 0,  2,  7,  8,  9, 15, 18, 22, 24, 25, 26, 29, 37, 38, 42, 43, 44] = [ 1,  6, 10, 11, 16, 17, 20, 21, 27, 28, 33, 34, 35, 36, 45, 46, 47]
    W4: [ 0,  6,  8,  9, 11, 12, 18, 19, 20, 23, 26, 32, 33, 39, 44, 47, 48] < [ 2,  3,  5, 14, 15, 17, 22, 24, 27, 29, 30, 35, 36, 38, 41, 42, 45]
    Truth table row=[=, >, >, =, <] ix=156 result=[19-] is correct

Test 19+:
    W0: [ 0,  2,  5,  6,  9, 12, 14, 16, 17] = [ 1,  3,  4,  7,  8, 10, 11, 13, 15]
    W1: [ 0,  2,  5,  6,  9, 12, 14, 16, 17, 18, 20, 22, 23, 29, 31, 33, 34, 35] < [ 1,  3,  4,  7,  8, 10, 11, 13, 15, 19, 21, 24, 25, 26, 27, 28, 30, 32]
    W2: [ 0,  2,  5,  6, 18, 20, 27, 28, 30, 32, 37, 38, 39, 40, 41] < [ 1,  3,  4,  7,  8, 19, 29, 31, 33, 34, 35, 36, 42, 43, 44]
    W3: [ 0,  2,  7,  8,  9, 15, 18, 22, 24, 25, 26, 29, 37, 38, 42, 43, 44] = [ 1,  6, 10, 11, 16, 17, 20, 21, 27, 28, 33, 34, 35, 36, 45, 46, 47]
    W4: [ 0,  6,  8,  9, 11, 12, 18, 19, 20, 23, 26, 32, 33, 39, 44, 47, 48] > [ 2,  3,  5, 14, 15, 17, 22, 24, 27, 29, 30, 35, 36, 38, 41, 42, 45]
    Truth table row=[=, <, <, =, >] ix=86 result=[19+] is correct

Test 20-:
    W0: [ 0,  2,  5,  6,  9, 12, 14, 16, 17] = [ 1,  3,  4,  7,  8, 10, 11, 13, 15]
    W1: [ 0,  2,  5,  6,  9, 12, 14, 16, 17, 18, 20, 22, 23, 29, 31, 33, 34, 35] < [ 1,  3,  4,  7,  8, 10, 11, 13, 15, 19, 21, 24, 25, 26, 27, 28, 30, 32]
    W2: [ 0,  2,  5,  6, 18, 20, 27, 28, 30, 32, 37, 38, 39, 40, 41] < [ 1,  3,  4,  7,  8, 19, 29, 31, 33, 34, 35, 36, 42, 43, 44]
    W3: [ 0,  2,  7,  8,  9, 15, 18, 22, 24, 25, 26, 29, 37, 38, 42, 43, 44] > [ 1,  6, 10, 11, 16, 17, 20, 21, 27, 28, 33, 34, 35, 36, 45, 46, 47]
    W4: [ 0,  6,  8,  9, 11, 12, 18, 19, 20, 23, 26, 32, 33, 39, 44, 47, 48] < [ 2,  3,  5, 14, 15, 17, 22, 24, 27, 29, 30, 35, 36, 38, 41, 42, 45]
    Truth table row=[=, <, <, >, <] ix=87 result=[20-] is correct

Test 20+:
    W0: [ 0,  2,  5,  6,  9, 12, 14, 16, 17] = [ 1,  3,  4,  7,  8, 10, 11, 13, 15]
    W1: [ 0,  2,  5,  6,  9, 12, 14, 16, 17, 18, 20, 22, 23, 29, 31, 33, 34, 35] > [ 1,  3,  4,  7,  8, 10, 11, 13, 15, 19, 21, 24, 25, 26, 27, 28, 30, 32]
    W2: [ 0,  2,  5,  6, 18, 20, 27, 28, 30, 32, 37, 38, 39, 40, 41] > [ 1,  3,  4,  7,  8, 19, 29, 31, 33, 34, 35, 36, 42, 43, 44]
    W3: [ 0,  2,  7,  8,  9, 15, 18, 22, 24, 25, 26, 29, 37, 38, 42, 43, 44] < [ 1,  6, 10, 11, 16, 17, 20, 21, 27, 28, 33, 34, 35, 36, 45, 46, 47]
    W4: [ 0,  6,  8,  9, 11, 12, 18, 19, 20, 23, 26, 32, 33, 39, 44, 47, 48] > [ 2,  3,  5, 14, 15, 17, 22, 24, 27, 29, 30, 35, 36, 38, 41, 42, 45]
    Truth table row=[=, >, >, <, >] ix=155 result=[20+] is correct

Test 21-:
    W0: [ 0,  2,  5,  6,  9, 12, 14, 16, 17] = [ 1,  3,  4,  7,  8, 10, 11, 13, 15]
    W1: [ 0,  2,  5,  6,  9, 12, 14, 16, 17, 18, 20, 22, 23, 29, 31, 33, 34, 35] > [ 1,  3,  4,  7,  8, 10, 11, 13, 15, 19, 21, 24, 25, 26, 27, 28, 30, 32]
    W2: [ 0,  2,  5,  6, 18, 20, 27, 28, 30, 32, 37, 38, 39, 40, 41] = [ 1,  3,  4,  7,  8, 19, 29, 31, 33, 34, 35, 36, 42, 43, 44]
    W3: [ 0,  2,  7,  8,  9, 15, 18, 22, 24, 25, 26, 29, 37, 38, 42, 43, 44] > [ 1,  6, 10, 11, 16, 17, 20, 21, 27, 28, 33, 34, 35, 36, 45, 46, 47]
    W4: [ 0,  6,  8,  9, 11, 12, 18, 19, 20, 23, 26, 32, 33, 39, 44, 47, 48] = [ 2,  3,  5, 14, 15, 17, 22, 24, 27, 29, 30, 35, 36, 38, 41, 42, 45]
    Truth table row=[=, >, =, >, =] ix=151 result=[21-] is correct

Test 21+:
    W0: [ 0,  2,  5,  6,  9, 12, 14, 16, 17] = [ 1,  3,  4,  7,  8, 10, 11, 13, 15]
    W1: [ 0,  2,  5,  6,  9, 12, 14, 16, 17, 18, 20, 22, 23, 29, 31, 33, 34, 35] < [ 1,  3,  4,  7,  8, 10, 11, 13, 15, 19, 21, 24, 25, 26, 27, 28, 30, 32]
    W2: [ 0,  2,  5,  6, 18, 20, 27, 28, 30, 32, 37, 38, 39, 40, 41] = [ 1,  3,  4,  7,  8, 19, 29, 31, 33, 34, 35, 36, 42, 43, 44]
    W3: [ 0,  2,  7,  8,  9, 15, 18, 22, 24, 25, 26, 29, 37, 38, 42, 43, 44] < [ 1,  6, 10, 11, 16, 17, 20, 21, 27, 28, 33, 34, 35, 36, 45, 46, 47]
    W4: [ 0,  6,  8,  9, 11, 12, 18, 19, 20, 23, 26, 32, 33, 39, 44, 47, 48] = [ 2,  3,  5, 14, 15, 17, 22, 24, 27, 29, 30, 35, 36, 38, 41, 42, 45]
    Truth table row=[=, <, =, <, =] ix=91 result=[21+] is correct

Test 22-:
    W0: [ 0,  2,  5,  6,  9, 12, 14, 16, 17] = [ 1,  3,  4,  7,  8, 10, 11, 13, 15]
    W1: [ 0,  2,  5,  6,  9, 12, 14, 16, 17, 18, 20, 22, 23, 29, 31, 33, 34, 35] < [ 1,  3,  4,  7,  8, 10, 11, 13, 15, 19, 21, 24, 25, 26, 27, 28, 30, 32]
    W2: [ 0,  2,  5,  6, 18, 20, 27, 28, 30, 32, 37, 38, 39, 40, 41] = [ 1,  3,  4,  7,  8, 19, 29, 31, 33, 34, 35, 36, 42, 43, 44]
    W3: [ 0,  2,  7,  8,  9, 15, 18, 22, 24, 25, 26, 29, 37, 38, 42, 43, 44] < [ 1,  6, 10, 11, 16, 17, 20, 21, 27, 28, 33, 34, 35, 36, 45, 46, 47]
    W4: [ 0,  6,  8,  9, 11, 12, 18, 19, 20, 23, 26, 32, 33, 39, 44, 47, 48] > [ 2,  3,  5, 14, 15, 17, 22, 24, 27, 29, 30, 35, 36, 38, 41, 42, 45]
    Truth table row=[=, <, =, <, >] ix=92 result=[22-] is correct

Test 22+:
    W0: [ 0,  2,  5,  6,  9, 12, 14, 16, 17] = [ 1,  3,  4,  7,  8, 10, 11, 13, 15]
    W1: [ 0,  2,  5,  6,  9, 12, 14, 16, 17, 18, 20, 22, 23, 29, 31, 33, 34, 35] > [ 1,  3,  4,  7,  8, 10, 11, 13, 15, 19, 21, 24, 25, 26, 27, 28, 30, 32]
    W2: [ 0,  2,  5,  6, 18, 20, 27, 28, 30, 32, 37, 38, 39, 40, 41] = [ 1,  3,  4,  7,  8, 19, 29, 31, 33, 34, 35, 36, 42, 43, 44]
    W3: [ 0,  2,  7,  8,  9, 15, 18, 22, 24, 25, 26, 29, 37, 38, 42, 43, 44] > [ 1,  6, 10, 11, 16, 17, 20, 21, 27, 28, 33, 34, 35, 36, 45, 46, 47]
    W4: [ 0,  6,  8,  9, 11, 12, 18, 19, 20, 23, 26, 32, 33, 39, 44, 47, 48] < [ 2,  3,  5, 14, 15, 17, 22, 24, 27, 29, 30, 35, 36, 38, 41, 42, 45]
    Truth table row=[=, >, =, >, <] ix=150 result=[22+] is correct

Test 23-:
    W0: [ 0,  2,  5,  6,  9, 12, 14, 16, 17] = [ 1,  3,  4,  7,  8, 10, 11, 13, 15]
    W1: [ 0,  2,  5,  6,  9, 12, 14, 16, 17, 18, 20, 22, 23, 29, 31, 33, 34, 35] < [ 1,  3,  4,  7,  8, 10, 11, 13, 15, 19, 21, 24, 25, 26, 27, 28, 30, 32]
    W2: [ 0,  2,  5,  6, 18, 20, 27, 28, 30, 32, 37, 38, 39, 40, 41] = [ 1,  3,  4,  7,  8, 19, 29, 31, 33, 34, 35, 36, 42, 43, 44]
    W3: [ 0,  2,  7,  8,  9, 15, 18, 22, 24, 25, 26, 29, 37, 38, 42, 43, 44] = [ 1,  6, 10, 11, 16, 17, 20, 21, 27, 28, 33, 34, 35, 36, 45, 46, 47]
    W4: [ 0,  6,  8,  9, 11, 12, 18, 19, 20, 23, 26, 32, 33, 39, 44, 47, 48] < [ 2,  3,  5, 14, 15, 17, 22, 24, 27, 29, 30, 35, 36, 38, 41, 42, 45]
    Truth table row=[=, <, =, =, <] ix=93 result=[23-] is correct

Test 23+:
    W0: [ 0,  2,  5,  6,  9, 12, 14, 16, 17] = [ 1,  3,  4,  7,  8, 10, 11, 13, 15]
    W1: [ 0,  2,  5,  6,  9, 12, 14, 16, 17, 18, 20, 22, 23, 29, 31, 33, 34, 35] > [ 1,  3,  4,  7,  8, 10, 11, 13, 15, 19, 21, 24, 25, 26, 27, 28, 30, 32]
    W2: [ 0,  2,  5,  6, 18, 20, 27, 28, 30, 32, 37, 38, 39, 40, 41] = [ 1,  3,  4,  7,  8, 19, 29, 31, 33, 34, 35, 36, 42, 43, 44]
    W3: [ 0,  2,  7,  8,  9, 15, 18, 22, 24, 25, 26, 29, 37, 38, 42, 43, 44] = [ 1,  6, 10, 11, 16, 17, 20, 21, 27, 28, 33, 34, 35, 36, 45, 46, 47]
    W4: [ 0,  6,  8,  9, 11, 12, 18, 19, 20, 23, 26, 32, 33, 39, 44, 47, 48] > [ 2,  3,  5, 14, 15, 17, 22, 24, 27, 29, 30, 35, 36, 38, 41, 42, 45]
    Truth table row=[=, >, =, =, >] ix=149 result=[23+] is correct

Test 24-:
    W0: [ 0,  2,  5,  6,  9, 12, 14, 16, 17] = [ 1,  3,  4,  7,  8, 10, 11, 13, 15]
    W1: [ 0,  2,  5,  6,  9, 12, 14, 16, 17, 18, 20, 22, 23, 29, 31, 33, 34, 35] > [ 1,  3,  4,  7,  8, 10, 11, 13, 15, 19, 21, 24, 25, 26, 27, 28, 30, 32]
    W2: [ 0,  2,  5,  6, 18, 20, 27, 28, 30, 32, 37, 38, 39, 40, 41] = [ 1,  3,  4,  7,  8, 19, 29, 31, 33, 34, 35, 36, 42, 43, 44]
    W3: [ 0,  2,  7,  8,  9, 15, 18, 22, 24, 25, 26, 29, 37, 38, 42, 43, 44] < [ 1,  6, 10, 11, 16, 17, 20, 21, 27, 28, 33, 34, 35, 36, 45, 46, 47]
    W4: [ 0,  6,  8,  9, 11, 12, 18, 19, 20, 23, 26, 32, 33, 39, 44, 47, 48] > [ 2,  3,  5, 14, 15, 17, 22, 24, 27, 29, 30, 35, 36, 38, 41, 42, 45]
    Truth table row=[=, >, =, <, >] ix=146 result=[24-] is correct

Test 24+:
    W0: [ 0,  2,  5,  6,  9, 12, 14, 16, 17] = [ 1,  3,  4,  7,  8, 10, 11, 13, 15]
    W1: [ 0,  2,  5,  6,  9, 12, 14, 16, 17, 18, 20, 22, 23, 29, 31, 33, 34, 35] < [ 1,  3,  4,  7,  8, 10, 11, 13, 15, 19, 21, 24, 25, 26, 27, 28, 30, 32]
    W2: [ 0,  2,  5,  6, 18, 20, 27, 28, 30, 32, 37, 38, 39, 40, 41] = [ 1,  3,  4,  7,  8, 19, 29, 31, 33, 34, 35, 36, 42, 43, 44]
    W3: [ 0,  2,  7,  8,  9, 15, 18, 22, 24, 25, 26, 29, 37, 38, 42, 43, 44] > [ 1,  6, 10, 11, 16, 17, 20, 21, 27, 28, 33, 34, 35, 36, 45, 46, 47]
    W4: [ 0,  6,  8,  9, 11, 12, 18, 19, 20, 23, 26, 32, 33, 39, 44, 47, 48] < [ 2,  3,  5, 14, 15, 17, 22, 24, 27, 29, 30, 35, 36, 38, 41, 42, 45]
    Truth table row=[=, <, =, >, <] ix=96 result=[24+] is correct

Test 25-:
    W0: [ 0,  2,  5,  6,  9, 12, 14, 16, 17] = [ 1,  3,  4,  7,  8, 10, 11, 13, 15]
    W1: [ 0,  2,  5,  6,  9, 12, 14, 16, 17, 18, 20, 22, 23, 29, 31, 33, 34, 35] > [ 1,  3,  4,  7,  8, 10, 11, 13, 15, 19, 21, 24, 25, 26, 27, 28, 30, 32]
    W2: [ 0,  2,  5,  6, 18, 20, 27, 28, 30, 32, 37, 38, 39, 40, 41] = [ 1,  3,  4,  7,  8, 19, 29, 31, 33, 34, 35, 36, 42, 43, 44]
    W3: [ 0,  2,  7,  8,  9, 15, 18, 22, 24, 25, 26, 29, 37, 38, 42, 43, 44] < [ 1,  6, 10, 11, 16, 17, 20, 21, 27, 28, 33, 34, 35, 36, 45, 46, 47]
    W4: [ 0,  6,  8,  9, 11, 12, 18, 19, 20, 23, 26, 32, 33, 39, 44, 47, 48] = [ 2,  3,  5, 14, 15, 17, 22, 24, 27, 29, 30, 35, 36, 38, 41, 42, 45]
    Truth table row=[=, >, =, <, =] ix=145 result=[25-] is correct

Test 25+:
    W0: [ 0,  2,  5,  6,  9, 12, 14, 16, 17] = [ 1,  3,  4,  7,  8, 10, 11, 13, 15]
    W1: [ 0,  2,  5,  6,  9, 12, 14, 16, 17, 18, 20, 22, 23, 29, 31, 33, 34, 35] < [ 1,  3,  4,  7,  8, 10, 11, 13, 15, 19, 21, 24, 25, 26, 27, 28, 30, 32]
    W2: [ 0,  2,  5,  6, 18, 20, 27, 28, 30, 32, 37, 38, 39, 40, 41] = [ 1,  3,  4,  7,  8, 19, 29, 31, 33, 34, 35, 36, 42, 43, 44]
    W3: [ 0,  2,  7,  8,  9, 15, 18, 22, 24, 25, 26, 29, 37, 38, 42, 43, 44] > [ 1,  6, 10, 11, 16, 17, 20, 21, 27, 28, 33, 34, 35, 36, 45, 46, 47]
    W4: [ 0,  6,  8,  9, 11, 12, 18, 19, 20, 23, 26, 32, 33, 39, 44, 47, 48] = [ 2,  3,  5, 14, 15, 17, 22, 24, 27, 29, 30, 35, 36, 38, 41, 42, 45]
    Truth table row=[=, <, =, >, =] ix=97 result=[25+] is correct

Test 26-:
    W0: [ 0,  2,  5,  6,  9, 12, 14, 16, 17] = [ 1,  3,  4,  7,  8, 10, 11, 13, 15]
    W1: [ 0,  2,  5,  6,  9, 12, 14, 16, 17, 18, 20, 22, 23, 29, 31, 33, 34, 35] > [ 1,  3,  4,  7,  8, 10, 11, 13, 15, 19, 21, 24, 25, 26, 27, 28, 30, 32]
    W2: [ 0,  2,  5,  6, 18, 20, 27, 28, 30, 32, 37, 38, 39, 40, 41] = [ 1,  3,  4,  7,  8, 19, 29, 31, 33, 34, 35, 36, 42, 43, 44]
    W3: [ 0,  2,  7,  8,  9, 15, 18, 22, 24, 25, 26, 29, 37, 38, 42, 43, 44] < [ 1,  6, 10, 11, 16, 17, 20, 21, 27, 28, 33, 34, 35, 36, 45, 46, 47]
    W4: [ 0,  6,  8,  9, 11, 12, 18, 19, 20, 23, 26, 32, 33, 39, 44, 47, 48] < [ 2,  3,  5, 14, 15, 17, 22, 24, 27, 29, 30, 35, 36, 38, 41, 42, 45]
    Truth table row=[=, >, =, <, <] ix=144 result=[26-] is correct

Test 26+:
    W0: [ 0,  2,  5,  6,  9, 12, 14, 16, 17] = [ 1,  3,  4,  7,  8, 10, 11, 13, 15]
    W1: [ 0,  2,  5,  6,  9, 12, 14, 16, 17, 18, 20, 22, 23, 29, 31, 33, 34, 35] < [ 1,  3,  4,  7,  8, 10, 11, 13, 15, 19, 21, 24, 25, 26, 27, 28, 30, 32]
    W2: [ 0,  2,  5,  6, 18, 20, 27, 28, 30, 32, 37, 38, 39, 40, 41] = [ 1,  3,  4,  7,  8, 19, 29, 31, 33, 34, 35, 36, 42, 43, 44]
    W3: [ 0,  2,  7,  8,  9, 15, 18, 22, 24, 25, 26, 29, 37, 38, 42, 43, 44] > [ 1,  6, 10, 11, 16, 17, 20, 21, 27, 28, 33, 34, 35, 36, 45, 46, 47]
    W4: [ 0,  6,  8,  9, 11, 12, 18, 19, 20, 23, 26, 32, 33, 39, 44, 47, 48] > [ 2,  3,  5, 14, 15, 17, 22, 24, 27, 29, 30, 35, 36, 38, 41, 42, 45]
    Truth table row=[=, <, =, >, >] ix=98 result=[26+] is correct

Test 27-:
    W0: [ 0,  2,  5,  6,  9, 12, 14, 16, 17] = [ 1,  3,  4,  7,  8, 10, 11, 13, 15]
    W1: [ 0,  2,  5,  6,  9, 12, 14, 16, 17, 18, 20, 22, 23, 29, 31, 33, 34, 35] > [ 1,  3,  4,  7,  8, 10, 11, 13, 15, 19, 21, 24, 25, 26, 27, 28, 30, 32]
    W2: [ 0,  2,  5,  6, 18, 20, 27, 28, 30, 32, 37, 38, 39, 40, 41] < [ 1,  3,  4,  7,  8, 19, 29, 31, 33, 34, 35, 36, 42, 43, 44]
    W3: [ 0,  2,  7,  8,  9, 15, 18, 22, 24, 25, 26, 29, 37, 38, 42, 43, 44] > [ 1,  6, 10, 11, 16, 17, 20, 21, 27, 28, 33, 34, 35, 36, 45, 46, 47]
    W4: [ 0,  6,  8,  9, 11, 12, 18, 19, 20, 23, 26, 32, 33, 39, 44, 47, 48] > [ 2,  3,  5, 14, 15, 17, 22, 24, 27, 29, 30, 35, 36, 38, 41, 42, 45]
    Truth table row=[=, >, <, >, >] ix=143 result=[27-] is correct

Test 27+:
    W0: [ 0,  2,  5,  6,  9, 12, 14, 16, 17] = [ 1,  3,  4,  7,  8, 10, 11, 13, 15]
    W1: [ 0,  2,  5,  6,  9, 12, 14, 16, 17, 18, 20, 22, 23, 29, 31, 33, 34, 35] < [ 1,  3,  4,  7,  8, 10, 11, 13, 15, 19, 21, 24, 25, 26, 27, 28, 30, 32]
    W2: [ 0,  2,  5,  6, 18, 20, 27, 28, 30, 32, 37, 38, 39, 40, 41] > [ 1,  3,  4,  7,  8, 19, 29, 31, 33, 34, 35, 36, 42, 43, 44]
    W3: [ 0,  2,  7,  8,  9, 15, 18, 22, 24, 25, 26, 29, 37, 38, 42, 43, 44] < [ 1,  6, 10, 11, 16, 17, 20, 21, 27, 28, 33, 34, 35, 36, 45, 46, 47]
    W4: [ 0,  6,  8,  9, 11, 12, 18, 19, 20, 23, 26, 32, 33, 39, 44, 47, 48] < [ 2,  3,  5, 14, 15, 17, 22, 24, 27, 29, 30, 35, 36, 38, 41, 42, 45]
    Truth table row=[=, <, >, <, <] ix=99 result=[27+] is correct

Test 28-:
    W0: [ 0,  2,  5,  6,  9, 12, 14, 16, 17] = [ 1,  3,  4,  7,  8, 10, 11, 13, 15]
    W1: [ 0,  2,  5,  6,  9, 12, 14, 16, 17, 18, 20, 22, 23, 29, 31, 33, 34, 35] > [ 1,  3,  4,  7,  8, 10, 11, 13, 15, 19, 21, 24, 25, 26, 27, 28, 30, 32]
    W2: [ 0,  2,  5,  6, 18, 20, 27, 28, 30, 32, 37, 38, 39, 40, 41] < [ 1,  3,  4,  7,  8, 19, 29, 31, 33, 34, 35, 36, 42, 43, 44]
    W3: [ 0,  2,  7,  8,  9, 15, 18, 22, 24, 25, 26, 29, 37, 38, 42, 43, 44] > [ 1,  6, 10, 11, 16, 17, 20, 21, 27, 28, 33, 34, 35, 36, 45, 46, 47]
    W4: [ 0,  6,  8,  9, 11, 12, 18, 19, 20, 23, 26, 32, 33, 39, 44, 47, 48] = [ 2,  3,  5, 14, 15, 17, 22, 24, 27, 29, 30, 35, 36, 38, 41, 42, 45]
    Truth table row=[=, >, <, >, =] ix=142 result=[28-] is correct

Test 28+:
    W0: [ 0,  2,  5,  6,  9, 12, 14, 16, 17] = [ 1,  3,  4,  7,  8, 10, 11, 13, 15]
    W1: [ 0,  2,  5,  6,  9, 12, 14, 16, 17, 18, 20, 22, 23, 29, 31, 33, 34, 35] < [ 1,  3,  4,  7,  8, 10, 11, 13, 15, 19, 21, 24, 25, 26, 27, 28, 30, 32]
    W2: [ 0,  2,  5,  6, 18, 20, 27, 28, 30, 32, 37, 38, 39, 40, 41] > [ 1,  3,  4,  7,  8, 19, 29, 31, 33, 34, 35, 36, 42, 43, 44]
    W3: [ 0,  2,  7,  8,  9, 15, 18, 22, 24, 25, 26, 29, 37, 38, 42, 43, 44] < [ 1,  6, 10, 11, 16, 17, 20, 21, 27, 28, 33, 34, 35, 36, 45, 46, 47]
    W4: [ 0,  6,  8,  9, 11, 12, 18, 19, 20, 23, 26, 32, 33, 39, 44, 47, 48] = [ 2,  3,  5, 14, 15, 17, 22, 24, 27, 29, 30, 35, 36, 38, 41, 42, 45]
    Truth table row=[=, <, >, <, =] ix=100 result=[28+] is correct

Test 29-:
    W0: [ 0,  2,  5,  6,  9, 12, 14, 16, 17] = [ 1,  3,  4,  7,  8, 10, 11, 13, 15]
    W1: [ 0,  2,  5,  6,  9, 12, 14, 16, 17, 18, 20, 22, 23, 29, 31, 33, 34, 35] < [ 1,  3,  4,  7,  8, 10, 11, 13, 15, 19, 21, 24, 25, 26, 27, 28, 30, 32]
    W2: [ 0,  2,  5,  6, 18, 20, 27, 28, 30, 32, 37, 38, 39, 40, 41] > [ 1,  3,  4,  7,  8, 19, 29, 31, 33, 34, 35, 36, 42, 43, 44]
    W3: [ 0,  2,  7,  8,  9, 15, 18, 22, 24, 25, 26, 29, 37, 38, 42, 43, 44] < [ 1,  6, 10, 11, 16, 17, 20, 21, 27, 28, 33, 34, 35, 36, 45, 46, 47]
    W4: [ 0,  6,  8,  9, 11, 12, 18, 19, 20, 23, 26, 32, 33, 39, 44, 47, 48] > [ 2,  3,  5, 14, 15, 17, 22, 24, 27, 29, 30, 35, 36, 38, 41, 42, 45]
    Truth table row=[=, <, >, <, >] ix=101 result=[29-] is correct

Test 29+:
    W0: [ 0,  2,  5,  6,  9, 12, 14, 16, 17] = [ 1,  3,  4,  7,  8, 10, 11, 13, 15]
    W1: [ 0,  2,  5,  6,  9, 12, 14, 16, 17, 18, 20, 22, 23, 29, 31, 33, 34, 35] > [ 1,  3,  4,  7,  8, 10, 11, 13, 15, 19, 21, 24, 25, 26, 27, 28, 30, 32]
    W2: [ 0,  2,  5,  6, 18, 20, 27, 28, 30, 32, 37, 38, 39, 40, 41] < [ 1,  3,  4,  7,  8, 19, 29, 31, 33, 34, 35, 36, 42, 43, 44]
    W3: [ 0,  2,  7,  8,  9, 15, 18, 22, 24, 25, 26, 29, 37, 38, 42, 43, 44] > [ 1,  6, 10, 11, 16, 17, 20, 21, 27, 28, 33, 34, 35, 36, 45, 46, 47]
    W4: [ 0,  6,  8,  9, 11, 12, 18, 19, 20, 23, 26, 32, 33, 39, 44, 47, 48] < [ 2,  3,  5, 14, 15, 17, 22, 24, 27, 29, 30, 35, 36, 38, 41, 42, 45]
    Truth table row=[=, >, <, >, <] ix=141 result=[29+] is correct

Test 30-:
    W0: [ 0,  2,  5,  6,  9, 12, 14, 16, 17] = [ 1,  3,  4,  7,  8, 10, 11, 13, 15]
    W1: [ 0,  2,  5,  6,  9, 12, 14, 16, 17, 18, 20, 22, 23, 29, 31, 33, 34, 35] > [ 1,  3,  4,  7,  8, 10, 11, 13, 15, 19, 21, 24, 25, 26, 27, 28, 30, 32]
    W2: [ 0,  2,  5,  6, 18, 20, 27, 28, 30, 32, 37, 38, 39, 40, 41] < [ 1,  3,  4,  7,  8, 19, 29, 31, 33, 34, 35, 36, 42, 43, 44]
    W3: [ 0,  2,  7,  8,  9, 15, 18, 22, 24, 25, 26, 29, 37, 38, 42, 43, 44] = [ 1,  6, 10, 11, 16, 17, 20, 21, 27, 28, 33, 34, 35, 36, 45, 46, 47]
    W4: [ 0,  6,  8,  9, 11, 12, 18, 19, 20, 23, 26, 32, 33, 39, 44, 47, 48] > [ 2,  3,  5, 14, 15, 17, 22, 24, 27, 29, 30, 35, 36, 38, 41, 42, 45]
    Truth table row=[=, >, <, =, >] ix=140 result=[30-] is correct

Test 30+:
    W0: [ 0,  2,  5,  6,  9, 12, 14, 16, 17] = [ 1,  3,  4,  7,  8, 10, 11, 13, 15]
    W1: [ 0,  2,  5,  6,  9, 12, 14, 16, 17, 18, 20, 22, 23, 29, 31, 33, 34, 35] < [ 1,  3,  4,  7,  8, 10, 11, 13, 15, 19, 21, 24, 25, 26, 27, 28, 30, 32]
    W2: [ 0,  2,  5,  6, 18, 20, 27, 28, 30, 32, 37, 38, 39, 40, 41] > [ 1,  3,  4,  7,  8, 19, 29, 31, 33, 34, 35, 36, 42, 43, 44]
    W3: [ 0,  2,  7,  8,  9, 15, 18, 22, 24, 25, 26, 29, 37, 38, 42, 43, 44] = [ 1,  6, 10, 11, 16, 17, 20, 21, 27, 28, 33, 34, 35, 36, 45, 46, 47]
    W4: [ 0,  6,  8,  9, 11, 12, 18, 19, 20, 23, 26, 32, 33, 39, 44, 47, 48] < [ 2,  3,  5, 14, 15, 17, 22, 24, 27, 29, 30, 35, 36, 38, 41, 42, 45]
    Truth table row=[=, <, >, =, <] ix=102 result=[30+] is correct

Test 31-:
    W0: [ 0,  2,  5,  6,  9, 12, 14, 16, 17] = [ 1,  3,  4,  7,  8, 10, 11, 13, 15]
    W1: [ 0,  2,  5,  6,  9, 12, 14, 16, 17, 18, 20, 22, 23, 29, 31, 33, 34, 35] < [ 1,  3,  4,  7,  8, 10, 11, 13, 15, 19, 21, 24, 25, 26, 27, 28, 30, 32]
    W2: [ 0,  2,  5,  6, 18, 20, 27, 28, 30, 32, 37, 38, 39, 40, 41] > [ 1,  3,  4,  7,  8, 19, 29, 31, 33, 34, 35, 36, 42, 43, 44]
    W3: [ 0,  2,  7,  8,  9, 15, 18, 22, 24, 25, 26, 29, 37, 38, 42, 43, 44] = [ 1,  6, 10, 11, 16, 17, 20, 21, 27, 28, 33, 34, 35, 36, 45, 46, 47]
    W4: [ 0,  6,  8,  9, 11, 12, 18, 19, 20, 23, 26, 32, 33, 39, 44, 47, 48] = [ 2,  3,  5, 14, 15, 17, 22, 24, 27, 29, 30, 35, 36, 38, 41, 42, 45]
    Truth table row=[=, <, >, =, =] ix=103 result=[31-] is correct

Test 31+:
    W0: [ 0,  2,  5,  6,  9, 12, 14, 16, 17] = [ 1,  3,  4,  7,  8, 10, 11, 13, 15]
    W1: [ 0,  2,  5,  6,  9, 12, 14, 16, 17, 18, 20, 22, 23, 29, 31, 33, 34, 35] > [ 1,  3,  4,  7,  8, 10, 11, 13, 15, 19, 21, 24, 25, 26, 27, 28, 30, 32]
    W2: [ 0,  2,  5,  6, 18, 20, 27, 28, 30, 32, 37, 38, 39, 40, 41] < [ 1,  3,  4,  7,  8, 19, 29, 31, 33, 34, 35, 36, 42, 43, 44]
    W3: [ 0,  2,  7,  8,  9, 15, 18, 22, 24, 25, 26, 29, 37, 38, 42, 43, 44] = [ 1,  6, 10, 11, 16, 17, 20, 21, 27, 28, 33, 34, 35, 36, 45, 46, 47]
    W4: [ 0,  6,  8,  9, 11, 12, 18, 19, 20, 23, 26, 32, 33, 39, 44, 47, 48] = [ 2,  3,  5, 14, 15, 17, 22, 24, 27, 29, 30, 35, 36, 38, 41, 42, 45]
    Truth table row=[=, >, <, =, =] ix=139 result=[31+] is correct

Test 32-:
    W0: [ 0,  2,  5,  6,  9, 12, 14, 16, 17] = [ 1,  3,  4,  7,  8, 10, 11, 13, 15]
    W1: [ 0,  2,  5,  6,  9, 12, 14, 16, 17, 18, 20, 22, 23, 29, 31, 33, 34, 35] > [ 1,  3,  4,  7,  8, 10, 11, 13, 15, 19, 21, 24, 25, 26, 27, 28, 30, 32]
    W2: [ 0,  2,  5,  6, 18, 20, 27, 28, 30, 32, 37, 38, 39, 40, 41] < [ 1,  3,  4,  7,  8, 19, 29, 31, 33, 34, 35, 36, 42, 43, 44]
    W3: [ 0,  2,  7,  8,  9, 15, 18, 22, 24, 25, 26, 29, 37, 38, 42, 43, 44] = [ 1,  6, 10, 11, 16, 17, 20, 21, 27, 28, 33, 34, 35, 36, 45, 46, 47]
    W4: [ 0,  6,  8,  9, 11, 12, 18, 19, 20, 23, 26, 32, 33, 39, 44, 47, 48] < [ 2,  3,  5, 14, 15, 17, 22, 24, 27, 29, 30, 35, 36, 38, 41, 42, 45]
    Truth table row=[=, >, <, =, <] ix=138 result=[32-] is correct

Test 32+:
    W0: [ 0,  2,  5,  6,  9, 12, 14, 16, 17] = [ 1,  3,  4,  7,  8, 10, 11, 13, 15]
    W1: [ 0,  2,  5,  6,  9, 12, 14, 16, 17, 18, 20, 22, 23, 29, 31, 33, 34, 35] < [ 1,  3,  4,  7,  8, 10, 11, 13, 15, 19, 21, 24, 25, 26, 27, 28, 30, 32]
    W2: [ 0,  2,  5,  6, 18, 20, 27, 28, 30, 32, 37, 38, 39, 40, 41] > [ 1,  3,  4,  7,  8, 19, 29, 31, 33, 34, 35, 36, 42, 43, 44]
    W3: [ 0,  2,  7,  8,  9, 15, 18, 22, 24, 25, 26, 29, 37, 38, 42, 43, 44] = [ 1,  6, 10, 11, 16, 17, 20, 21, 27, 28, 33, 34, 35, 36, 45, 46, 47]
    W4: [ 0,  6,  8,  9, 11, 12, 18, 19, 20, 23, 26, 32, 33, 39, 44, 47, 48] > [ 2,  3,  5, 14, 15, 17, 22, 24, 27, 29, 30, 35, 36, 38, 41, 42, 45]
    Truth table row=[=, <, >, =, >] ix=104 result=[32+] is correct

Test 33-:
    W0: [ 0,  2,  5,  6,  9, 12, 14, 16, 17] = [ 1,  3,  4,  7,  8, 10, 11, 13, 15]
    W1: [ 0,  2,  5,  6,  9, 12, 14, 16, 17, 18, 20, 22, 23, 29, 31, 33, 34, 35] < [ 1,  3,  4,  7,  8, 10, 11, 13, 15, 19, 21, 24, 25, 26, 27, 28, 30, 32]
    W2: [ 0,  2,  5,  6, 18, 20, 27, 28, 30, 32, 37, 38, 39, 40, 41] > [ 1,  3,  4,  7,  8, 19, 29, 31, 33, 34, 35, 36, 42, 43, 44]
    W3: [ 0,  2,  7,  8,  9, 15, 18, 22, 24, 25, 26, 29, 37, 38, 42, 43, 44] > [ 1,  6, 10, 11, 16, 17, 20, 21, 27, 28, 33, 34, 35, 36, 45, 46, 47]
    W4: [ 0,  6,  8,  9, 11, 12, 18, 19, 20, 23, 26, 32, 33, 39, 44, 47, 48] < [ 2,  3,  5, 14, 15, 17, 22, 24, 27, 29, 30, 35, 36, 38, 41, 42, 45]
    Truth table row=[=, <, >, >, <] ix=105 result=[33-] is correct

Test 33+:
    W0: [ 0,  2,  5,  6,  9, 12, 14, 16, 17] = [ 1,  3,  4,  7,  8, 10, 11, 13, 15]
    W1: [ 0,  2,  5,  6,  9, 12, 14, 16, 17, 18, 20, 22, 23, 29, 31, 33, 34, 35] > [ 1,  3,  4,  7,  8, 10, 11, 13, 15, 19, 21, 24, 25, 26, 27, 28, 30, 32]
    W2: [ 0,  2,  5,  6, 18, 20, 27, 28, 30, 32, 37, 38, 39, 40, 41] < [ 1,  3,  4,  7,  8, 19, 29, 31, 33, 34, 35, 36, 42, 43, 44]
    W3: [ 0,  2,  7,  8,  9, 15, 18, 22, 24, 25, 26, 29, 37, 38, 42, 43, 44] < [ 1,  6, 10, 11, 16, 17, 20, 21, 27, 28, 33, 34, 35, 36, 45, 46, 47]
    W4: [ 0,  6,  8,  9, 11, 12, 18, 19, 20, 23, 26, 32, 33, 39, 44, 47, 48] > [ 2,  3,  5, 14, 15, 17, 22, 24, 27, 29, 30, 35, 36, 38, 41, 42, 45]
    Truth table row=[=, >, <, <, >] ix=137 result=[33+] is correct

Test 34-:
    W0: [ 0,  2,  5,  6,  9, 12, 14, 16, 17] = [ 1,  3,  4,  7,  8, 10, 11, 13, 15]
    W1: [ 0,  2,  5,  6,  9, 12, 14, 16, 17, 18, 20, 22, 23, 29, 31, 33, 34, 35] < [ 1,  3,  4,  7,  8, 10, 11, 13, 15, 19, 21, 24, 25, 26, 27, 28, 30, 32]
    W2: [ 0,  2,  5,  6, 18, 20, 27, 28, 30, 32, 37, 38, 39, 40, 41] > [ 1,  3,  4,  7,  8, 19, 29, 31, 33, 34, 35, 36, 42, 43, 44]
    W3: [ 0,  2,  7,  8,  9, 15, 18, 22, 24, 25, 26, 29, 37, 38, 42, 43, 44] > [ 1,  6, 10, 11, 16, 17, 20, 21, 27, 28, 33, 34, 35, 36, 45, 46, 47]
    W4: [ 0,  6,  8,  9, 11, 12, 18, 19, 20, 23, 26, 32, 33, 39, 44, 47, 48] = [ 2,  3,  5, 14, 15, 17, 22, 24, 27, 29, 30, 35, 36, 38, 41, 42, 45]
    Truth table row=[=, <, >, >, =] ix=106 result=[34-] is correct

Test 34+:
    W0: [ 0,  2,  5,  6,  9, 12, 14, 16, 17] = [ 1,  3,  4,  7,  8, 10, 11, 13, 15]
    W1: [ 0,  2,  5,  6,  9, 12, 14, 16, 17, 18, 20, 22, 23, 29, 31, 33, 34, 35] > [ 1,  3,  4,  7,  8, 10, 11, 13, 15, 19, 21, 24, 25, 26, 27, 28, 30, 32]
    W2: [ 0,  2,  5,  6, 18, 20, 27, 28, 30, 32, 37, 38, 39, 40, 41] < [ 1,  3,  4,  7,  8, 19, 29, 31, 33, 34, 35, 36, 42, 43, 44]
    W3: [ 0,  2,  7,  8,  9, 15, 18, 22, 24, 25, 26, 29, 37, 38, 42, 43, 44] < [ 1,  6, 10, 11, 16, 17, 20, 21, 27, 28, 33, 34, 35, 36, 45, 46, 47]
    W4: [ 0,  6,  8,  9, 11, 12, 18, 19, 20, 23, 26, 32, 33, 39, 44, 47, 48] = [ 2,  3,  5, 14, 15, 17, 22, 24, 27, 29, 30, 35, 36, 38, 41, 42, 45]
    Truth table row=[=, >, <, <, =] ix=136 result=[34+] is correct

Test 35-:
    W0: [ 0,  2,  5,  6,  9, 12, 14, 16, 17] = [ 1,  3,  4,  7,  8, 10, 11, 13, 15]
    W1: [ 0,  2,  5,  6,  9, 12, 14, 16, 17, 18, 20, 22, 23, 29, 31, 33, 34, 35] < [ 1,  3,  4,  7,  8, 10, 11, 13, 15, 19, 21, 24, 25, 26, 27, 28, 30, 32]
    W2: [ 0,  2,  5,  6, 18, 20, 27, 28, 30, 32, 37, 38, 39, 40, 41] > [ 1,  3,  4,  7,  8, 19, 29, 31, 33, 34, 35, 36, 42, 43, 44]
    W3: [ 0,  2,  7,  8,  9, 15, 18, 22, 24, 25, 26, 29, 37, 38, 42, 43, 44] > [ 1,  6, 10, 11, 16, 17, 20, 21, 27, 28, 33, 34, 35, 36, 45, 46, 47]
    W4: [ 0,  6,  8,  9, 11, 12, 18, 19, 20, 23, 26, 32, 33, 39, 44, 47, 48] > [ 2,  3,  5, 14, 15, 17, 22, 24, 27, 29, 30, 35, 36, 38, 41, 42, 45]
    Truth table row=[=, <, >, >, >] ix=107 result=[35-] is correct

Test 35+:
    W0: [ 0,  2,  5,  6,  9, 12, 14, 16, 17] = [ 1,  3,  4,  7,  8, 10, 11, 13, 15]
    W1: [ 0,  2,  5,  6,  9, 12, 14, 16, 17, 18, 20, 22, 23, 29, 31, 33, 34, 35] > [ 1,  3,  4,  7,  8, 10, 11, 13, 15, 19, 21, 24, 25, 26, 27, 28, 30, 32]
    W2: [ 0,  2,  5,  6, 18, 20, 27, 28, 30, 32, 37, 38, 39, 40, 41] < [ 1,  3,  4,  7,  8, 19, 29, 31, 33, 34, 35, 36, 42, 43, 44]
    W3: [ 0,  2,  7,  8,  9, 15, 18, 22, 24, 25, 26, 29, 37, 38, 42, 43, 44] < [ 1,  6, 10, 11, 16, 17, 20, 21, 27, 28, 33, 34, 35, 36, 45, 46, 47]
    W4: [ 0,  6,  8,  9, 11, 12, 18, 19, 20, 23, 26, 32, 33, 39, 44, 47, 48] < [ 2,  3,  5, 14, 15, 17, 22, 24, 27, 29, 30, 35, 36, 38, 41, 42, 45]
    Truth table row=[=, >, <, <, <] ix=135 result=[35+] is correct

Test 36-:
    W0: [ 0,  2,  5,  6,  9, 12, 14, 16, 17] = [ 1,  3,  4,  7,  8, 10, 11, 13, 15]
    W1: [ 0,  2,  5,  6,  9, 12, 14, 16, 17, 18, 20, 22, 23, 29, 31, 33, 34, 35] = [ 1,  3,  4,  7,  8, 10, 11, 13, 15, 19, 21, 24, 25, 26, 27, 28, 30, 32]
    W2: [ 0,  2,  5,  6, 18, 20, 27, 28, 30, 32, 37, 38, 39, 40, 41] > [ 1,  3,  4,  7,  8, 19, 29, 31, 33, 34, 35, 36, 42, 43, 44]
    W3: [ 0,  2,  7,  8,  9, 15, 18, 22, 24, 25, 26, 29, 37, 38, 42, 43, 44] > [ 1,  6, 10, 11, 16, 17, 20, 21, 27, 28, 33, 34, 35, 36, 45, 46, 47]
    W4: [ 0,  6,  8,  9, 11, 12, 18, 19, 20, 23, 26, 32, 33, 39, 44, 47, 48] > [ 2,  3,  5, 14, 15, 17, 22, 24, 27, 29, 30, 35, 36, 38, 41, 42, 45]
    Truth table row=[=, =, >, >, >] ix=134 result=[36-] is correct

Test 36+:
    W0: [ 0,  2,  5,  6,  9, 12, 14, 16, 17] = [ 1,  3,  4,  7,  8, 10, 11, 13, 15]
    W1: [ 0,  2,  5,  6,  9, 12, 14, 16, 17, 18, 20, 22, 23, 29, 31, 33, 34, 35] = [ 1,  3,  4,  7,  8, 10, 11, 13, 15, 19, 21, 24, 25, 26, 27, 28, 30, 32]
    W2: [ 0,  2,  5,  6, 18, 20, 27, 28, 30, 32, 37, 38, 39, 40, 41] < [ 1,  3,  4,  7,  8, 19, 29, 31, 33, 34, 35, 36, 42, 43, 44]
    W3: [ 0,  2,  7,  8,  9, 15, 18, 22, 24, 25, 26, 29, 37, 38, 42, 43, 44] < [ 1,  6, 10, 11, 16, 17, 20, 21, 27, 28, 33, 34, 35, 36, 45, 46, 47]
    W4: [ 0,  6,  8,  9, 11, 12, 18, 19, 20, 23, 26, 32, 33, 39, 44, 47, 48] < [ 2,  3,  5, 14, 15, 17, 22, 24, 27, 29, 30, 35, 36, 38, 41, 42, 45]
    Truth table row=[=, =, <, <, <] ix=108 result=[36+] is correct

Test 37-:
    W0: [ 0,  2,  5,  6,  9, 12, 14, 16, 17] = [ 1,  3,  4,  7,  8, 10, 11, 13, 15]
    W1: [ 0,  2,  5,  6,  9, 12, 14, 16, 17, 18, 20, 22, 23, 29, 31, 33, 34, 35] = [ 1,  3,  4,  7,  8, 10, 11, 13, 15, 19, 21, 24, 25, 26, 27, 28, 30, 32]
    W2: [ 0,  2,  5,  6, 18, 20, 27, 28, 30, 32, 37, 38, 39, 40, 41] < [ 1,  3,  4,  7,  8, 19, 29, 31, 33, 34, 35, 36, 42, 43, 44]
    W3: [ 0,  2,  7,  8,  9, 15, 18, 22, 24, 25, 26, 29, 37, 38, 42, 43, 44] < [ 1,  6, 10, 11, 16, 17, 20, 21, 27, 28, 33, 34, 35, 36, 45, 46, 47]
    W4: [ 0,  6,  8,  9, 11, 12, 18, 19, 20, 23, 26, 32, 33, 39, 44, 47, 48] = [ 2,  3,  5, 14, 15, 17, 22, 24, 27, 29, 30, 35, 36, 38, 41, 42, 45]
    Truth table row=[=, =, <, <, =] ix=109 result=[37-] is correct

Test 37+:
    W0: [ 0,  2,  5,  6,  9, 12, 14, 16, 17] = [ 1,  3,  4,  7,  8, 10, 11, 13, 15]
    W1: [ 0,  2,  5,  6,  9, 12, 14, 16, 17, 18, 20, 22, 23, 29, 31, 33, 34, 35] = [ 1,  3,  4,  7,  8, 10, 11, 13, 15, 19, 21, 24, 25, 26, 27, 28, 30, 32]
    W2: [ 0,  2,  5,  6, 18, 20, 27, 28, 30, 32, 37, 38, 39, 40, 41] > [ 1,  3,  4,  7,  8, 19, 29, 31, 33, 34, 35, 36, 42, 43, 44]
    W3: [ 0,  2,  7,  8,  9, 15, 18, 22, 24, 25, 26, 29, 37, 38, 42, 43, 44] > [ 1,  6, 10, 11, 16, 17, 20, 21, 27, 28, 33, 34, 35, 36, 45, 46, 47]
    W4: [ 0,  6,  8,  9, 11, 12, 18, 19, 20, 23, 26, 32, 33, 39, 44, 47, 48] = [ 2,  3,  5, 14, 15, 17, 22, 24, 27, 29, 30, 35, 36, 38, 41, 42, 45]
    Truth table row=[=, =, >, >, =] ix=133 result=[37+] is correct

Test 38-:
    W0: [ 0,  2,  5,  6,  9, 12, 14, 16, 17] = [ 1,  3,  4,  7,  8, 10, 11, 13, 15]
    W1: [ 0,  2,  5,  6,  9, 12, 14, 16, 17, 18, 20, 22, 23, 29, 31, 33, 34, 35] = [ 1,  3,  4,  7,  8, 10, 11, 13, 15, 19, 21, 24, 25, 26, 27, 28, 30, 32]
    W2: [ 0,  2,  5,  6, 18, 20, 27, 28, 30, 32, 37, 38, 39, 40, 41] < [ 1,  3,  4,  7,  8, 19, 29, 31, 33, 34, 35, 36, 42, 43, 44]
    W3: [ 0,  2,  7,  8,  9, 15, 18, 22, 24, 25, 26, 29, 37, 38, 42, 43, 44] < [ 1,  6, 10, 11, 16, 17, 20, 21, 27, 28, 33, 34, 35, 36, 45, 46, 47]
    W4: [ 0,  6,  8,  9, 11, 12, 18, 19, 20, 23, 26, 32, 33, 39, 44, 47, 48] > [ 2,  3,  5, 14, 15, 17, 22, 24, 27, 29, 30, 35, 36, 38, 41, 42, 45]
    Truth table row=[=, =, <, <, >] ix=110 result=[38-] is correct

Test 38+:
    W0: [ 0,  2,  5,  6,  9, 12, 14, 16, 17] = [ 1,  3,  4,  7,  8, 10, 11, 13, 15]
    W1: [ 0,  2,  5,  6,  9, 12, 14, 16, 17, 18, 20, 22, 23, 29, 31, 33, 34, 35] = [ 1,  3,  4,  7,  8, 10, 11, 13, 15, 19, 21, 24, 25, 26, 27, 28, 30, 32]
    W2: [ 0,  2,  5,  6, 18, 20, 27, 28, 30, 32, 37, 38, 39, 40, 41] > [ 1,  3,  4,  7,  8, 19, 29, 31, 33, 34, 35, 36, 42, 43, 44]
    W3: [ 0,  2,  7,  8,  9, 15, 18, 22, 24, 25, 26, 29, 37, 38, 42, 43, 44] > [ 1,  6, 10, 11, 16, 17, 20, 21, 27, 28, 33, 34, 35, 36, 45, 46, 47]
    W4: [ 0,  6,  8,  9, 11, 12, 18, 19, 20, 23, 26, 32, 33, 39, 44, 47, 48] < [ 2,  3,  5, 14, 15, 17, 22, 24, 27, 29, 30, 35, 36, 38, 41, 42, 45]
    Truth table row=[=, =, >, >, <] ix=132 result=[38+] is correct

Test 39-:
    W0: [ 0,  2,  5,  6,  9, 12, 14, 16, 17] = [ 1,  3,  4,  7,  8, 10, 11, 13, 15]
    W1: [ 0,  2,  5,  6,  9, 12, 14, 16, 17, 18, 20, 22, 23, 29, 31, 33, 34, 35] = [ 1,  3,  4,  7,  8, 10, 11, 13, 15, 19, 21, 24, 25, 26, 27, 28, 30, 32]
    W2: [ 0,  2,  5,  6, 18, 20, 27, 28, 30, 32, 37, 38, 39, 40, 41] < [ 1,  3,  4,  7,  8, 19, 29, 31, 33, 34, 35, 36, 42, 43, 44]
    W3: [ 0,  2,  7,  8,  9, 15, 18, 22, 24, 25, 26, 29, 37, 38, 42, 43, 44] = [ 1,  6, 10, 11, 16, 17, 20, 21, 27, 28, 33, 34, 35, 36, 45, 46, 47]
    W4: [ 0,  6,  8,  9, 11, 12, 18, 19, 20, 23, 26, 32, 33, 39, 44, 47, 48] < [ 2,  3,  5, 14, 15, 17, 22, 24, 27, 29, 30, 35, 36, 38, 41, 42, 45]
    Truth table row=[=, =, <, =, <] ix=111 result=[39-] is correct

Test 39+:
    W0: [ 0,  2,  5,  6,  9, 12, 14, 16, 17] = [ 1,  3,  4,  7,  8, 10, 11, 13, 15]
    W1: [ 0,  2,  5,  6,  9, 12, 14, 16, 17, 18, 20, 22, 23, 29, 31, 33, 34, 35] = [ 1,  3,  4,  7,  8, 10, 11, 13, 15, 19, 21, 24, 25, 26, 27, 28, 30, 32]
    W2: [ 0,  2,  5,  6, 18, 20, 27, 28, 30, 32, 37, 38, 39, 40, 41] > [ 1,  3,  4,  7,  8, 19, 29, 31, 33, 34, 35, 36, 42, 43, 44]
    W3: [ 0,  2,  7,  8,  9, 15, 18, 22, 24, 25, 26, 29, 37, 38, 42, 43, 44] = [ 1,  6, 10, 11, 16, 17, 20, 21, 27, 28, 33, 34, 35, 36, 45, 46, 47]
    W4: [ 0,  6,  8,  9, 11, 12, 18, 19, 20, 23, 26, 32, 33, 39, 44, 47, 48] > [ 2,  3,  5, 14, 15, 17, 22, 24, 27, 29, 30, 35, 36, 38, 41, 42, 45]
    Truth table row=[=, =, >, =, >] ix=131 result=[39+] is correct

Test 40-:
    W0: [ 0,  2,  5,  6,  9, 12, 14, 16, 17] = [ 1,  3,  4,  7,  8, 10, 11, 13, 15]
    W1: [ 0,  2,  5,  6,  9, 12, 14, 16, 17, 18, 20, 22, 23, 29, 31, 33, 34, 35] = [ 1,  3,  4,  7,  8, 10, 11, 13, 15, 19, 21, 24, 25, 26, 27, 28, 30, 32]
    W2: [ 0,  2,  5,  6, 18, 20, 27, 28, 30, 32, 37, 38, 39, 40, 41] < [ 1,  3,  4,  7,  8, 19, 29, 31, 33, 34, 35, 36, 42, 43, 44]
    W3: [ 0,  2,  7,  8,  9, 15, 18, 22, 24, 25, 26, 29, 37, 38, 42, 43, 44] = [ 1,  6, 10, 11, 16, 17, 20, 21, 27, 28, 33, 34, 35, 36, 45, 46, 47]
    W4: [ 0,  6,  8,  9, 11, 12, 18, 19, 20, 23, 26, 32, 33, 39, 44, 47, 48] = [ 2,  3,  5, 14, 15, 17, 22, 24, 27, 29, 30, 35, 36, 38, 41, 42, 45]
    Truth table row=[=, =, <, =, =] ix=112 result=[40-] is correct

Test 40+:
    W0: [ 0,  2,  5,  6,  9, 12, 14, 16, 17] = [ 1,  3,  4,  7,  8, 10, 11, 13, 15]
    W1: [ 0,  2,  5,  6,  9, 12, 14, 16, 17, 18, 20, 22, 23, 29, 31, 33, 34, 35] = [ 1,  3,  4,  7,  8, 10, 11, 13, 15, 19, 21, 24, 25, 26, 27, 28, 30, 32]
    W2: [ 0,  2,  5,  6, 18, 20, 27, 28, 30, 32, 37, 38, 39, 40, 41] > [ 1,  3,  4,  7,  8, 19, 29, 31, 33, 34, 35, 36, 42, 43, 44]
    W3: [ 0,  2,  7,  8,  9, 15, 18, 22, 24, 25, 26, 29, 37, 38, 42, 43, 44] = [ 1,  6, 10, 11, 16, 17, 20, 21, 27, 28, 33, 34, 35, 36, 45, 46, 47]
    W4: [ 0,  6,  8,  9, 11, 12, 18, 19, 20, 23, 26, 32, 33, 39, 44, 47, 48] = [ 2,  3,  5, 14, 15, 17, 22, 24, 27, 29, 30, 35, 36, 38, 41, 42, 45]
    Truth table row=[=, =, >, =, =] ix=130 result=[40+] is correct

Test 41-:
    W0: [ 0,  2,  5,  6,  9, 12, 14, 16, 17] = [ 1,  3,  4,  7,  8, 10, 11, 13, 15]
    W1: [ 0,  2,  5,  6,  9, 12, 14, 16, 17, 18, 20, 22, 23, 29, 31, 33, 34, 35] = [ 1,  3,  4,  7,  8, 10, 11, 13, 15, 19, 21, 24, 25, 26, 27, 28, 30, 32]
    W2: [ 0,  2,  5,  6, 18, 20, 27, 28, 30, 32, 37, 38, 39, 40, 41] < [ 1,  3,  4,  7,  8, 19, 29, 31, 33, 34, 35, 36, 42, 43, 44]
    W3: [ 0,  2,  7,  8,  9, 15, 18, 22, 24, 25, 26, 29, 37, 38, 42, 43, 44] = [ 1,  6, 10, 11, 16, 17, 20, 21, 27, 28, 33, 34, 35, 36, 45, 46, 47]
    W4: [ 0,  6,  8,  9, 11, 12, 18, 19, 20, 23, 26, 32, 33, 39, 44, 47, 48] > [ 2,  3,  5, 14, 15, 17, 22, 24, 27, 29, 30, 35, 36, 38, 41, 42, 45]
    Truth table row=[=, =, <, =, >] ix=113 result=[41-] is correct

Test 41+:
    W0: [ 0,  2,  5,  6,  9, 12, 14, 16, 17] = [ 1,  3,  4,  7,  8, 10, 11, 13, 15]
    W1: [ 0,  2,  5,  6,  9, 12, 14, 16, 17, 18, 20, 22, 23, 29, 31, 33, 34, 35] = [ 1,  3,  4,  7,  8, 10, 11, 13, 15, 19, 21, 24, 25, 26, 27, 28, 30, 32]
    W2: [ 0,  2,  5,  6, 18, 20, 27, 28, 30, 32, 37, 38, 39, 40, 41] > [ 1,  3,  4,  7,  8, 19, 29, 31, 33, 34, 35, 36, 42, 43, 44]
    W3: [ 0,  2,  7,  8,  9, 15, 18, 22, 24, 25, 26, 29, 37, 38, 42, 43, 44] = [ 1,  6, 10, 11, 16, 17, 20, 21, 27, 28, 33, 34, 35, 36, 45, 46, 47]
    W4: [ 0,  6,  8,  9, 11, 12, 18, 19, 20, 23, 26, 32, 33, 39, 44, 47, 48] < [ 2,  3,  5, 14, 15, 17, 22, 24, 27, 29, 30, 35, 36, 38, 41, 42, 45]
    Truth table row=[=, =, >, =, <] ix=129 result=[41+] is correct

Test 42-:
    W0: [ 0,  2,  5,  6,  9, 12, 14, 16, 17] = [ 1,  3,  4,  7,  8, 10, 11, 13, 15]
    W1: [ 0,  2,  5,  6,  9, 12, 14, 16, 17, 18, 20, 22, 23, 29, 31, 33, 34, 35] = [ 1,  3,  4,  7,  8, 10, 11, 13, 15, 19, 21, 24, 25, 26, 27, 28, 30, 32]
    W2: [ 0,  2,  5,  6, 18, 20, 27, 28, 30, 32, 37, 38, 39, 40, 41] > [ 1,  3,  4,  7,  8, 19, 29, 31, 33, 34, 35, 36, 42, 43, 44]
    W3: [ 0,  2,  7,  8,  9, 15, 18, 22, 24, 25, 26, 29, 37, 38, 42, 43, 44] < [ 1,  6, 10, 11, 16, 17, 20, 21, 27, 28, 33, 34, 35, 36, 45, 46, 47]
    W4: [ 0,  6,  8,  9, 11, 12, 18, 19, 20, 23, 26, 32, 33, 39, 44, 47, 48] > [ 2,  3,  5, 14, 15, 17, 22, 24, 27, 29, 30, 35, 36, 38, 41, 42, 45]
    Truth table row=[=, =, >, <, >] ix=128 result=[42-] is correct

Test 42+:
    W0: [ 0,  2,  5,  6,  9, 12, 14, 16, 17] = [ 1,  3,  4,  7,  8, 10, 11, 13, 15]
    W1: [ 0,  2,  5,  6,  9, 12, 14, 16, 17, 18, 20, 22, 23, 29, 31, 33, 34, 35] = [ 1,  3,  4,  7,  8, 10, 11, 13, 15, 19, 21, 24, 25, 26, 27, 28, 30, 32]
    W2: [ 0,  2,  5,  6, 18, 20, 27, 28, 30, 32, 37, 38, 39, 40, 41] < [ 1,  3,  4,  7,  8, 19, 29, 31, 33, 34, 35, 36, 42, 43, 44]
    W3: [ 0,  2,  7,  8,  9, 15, 18, 22, 24, 25, 26, 29, 37, 38, 42, 43, 44] > [ 1,  6, 10, 11, 16, 17, 20, 21, 27, 28, 33, 34, 35, 36, 45, 46, 47]
    W4: [ 0,  6,  8,  9, 11, 12, 18, 19, 20, 23, 26, 32, 33, 39, 44, 47, 48] < [ 2,  3,  5, 14, 15, 17, 22, 24, 27, 29, 30, 35, 36, 38, 41, 42, 45]
    Truth table row=[=, =, <, >, <] ix=114 result=[42+] is correct

Test 43-:
    W0: [ 0,  2,  5,  6,  9, 12, 14, 16, 17] = [ 1,  3,  4,  7,  8, 10, 11, 13, 15]
    W1: [ 0,  2,  5,  6,  9, 12, 14, 16, 17, 18, 20, 22, 23, 29, 31, 33, 34, 35] = [ 1,  3,  4,  7,  8, 10, 11, 13, 15, 19, 21, 24, 25, 26, 27, 28, 30, 32]
    W2: [ 0,  2,  5,  6, 18, 20, 27, 28, 30, 32, 37, 38, 39, 40, 41] > [ 1,  3,  4,  7,  8, 19, 29, 31, 33, 34, 35, 36, 42, 43, 44]
    W3: [ 0,  2,  7,  8,  9, 15, 18, 22, 24, 25, 26, 29, 37, 38, 42, 43, 44] < [ 1,  6, 10, 11, 16, 17, 20, 21, 27, 28, 33, 34, 35, 36, 45, 46, 47]
    W4: [ 0,  6,  8,  9, 11, 12, 18, 19, 20, 23, 26, 32, 33, 39, 44, 47, 48] = [ 2,  3,  5, 14, 15, 17, 22, 24, 27, 29, 30, 35, 36, 38, 41, 42, 45]
    Truth table row=[=, =, >, <, =] ix=127 result=[43-] is correct

Test 43+:
    W0: [ 0,  2,  5,  6,  9, 12, 14, 16, 17] = [ 1,  3,  4,  7,  8, 10, 11, 13, 15]
    W1: [ 0,  2,  5,  6,  9, 12, 14, 16, 17, 18, 20, 22, 23, 29, 31, 33, 34, 35] = [ 1,  3,  4,  7,  8, 10, 11, 13, 15, 19, 21, 24, 25, 26, 27, 28, 30, 32]
    W2: [ 0,  2,  5,  6, 18, 20, 27, 28, 30, 32, 37, 38, 39, 40, 41] < [ 1,  3,  4,  7,  8, 19, 29, 31, 33, 34, 35, 36, 42, 43, 44]
    W3: [ 0,  2,  7,  8,  9, 15, 18, 22, 24, 25, 26, 29, 37, 38, 42, 43, 44] > [ 1,  6, 10, 11, 16, 17, 20, 21, 27, 28, 33, 34, 35, 36, 45, 46, 47]
    W4: [ 0,  6,  8,  9, 11, 12, 18, 19, 20, 23, 26, 32, 33, 39, 44, 47, 48] = [ 2,  3,  5, 14, 15, 17, 22, 24, 27, 29, 30, 35, 36, 38, 41, 42, 45]
    Truth table row=[=, =, <, >, =] ix=115 result=[43+] is correct

Test 44-:
    W0: [ 0,  2,  5,  6,  9, 12, 14, 16, 17] = [ 1,  3,  4,  7,  8, 10, 11, 13, 15]
    W1: [ 0,  2,  5,  6,  9, 12, 14, 16, 17, 18, 20, 22, 23, 29, 31, 33, 34, 35] = [ 1,  3,  4,  7,  8, 10, 11, 13, 15, 19, 21, 24, 25, 26, 27, 28, 30, 32]
    W2: [ 0,  2,  5,  6, 18, 20, 27, 28, 30, 32, 37, 38, 39, 40, 41] > [ 1,  3,  4,  7,  8, 19, 29, 31, 33, 34, 35, 36, 42, 43, 44]
    W3: [ 0,  2,  7,  8,  9, 15, 18, 22, 24, 25, 26, 29, 37, 38, 42, 43, 44] < [ 1,  6, 10, 11, 16, 17, 20, 21, 27, 28, 33, 34, 35, 36, 45, 46, 47]
    W4: [ 0,  6,  8,  9, 11, 12, 18, 19, 20, 23, 26, 32, 33, 39, 44, 47, 48] < [ 2,  3,  5, 14, 15, 17, 22, 24, 27, 29, 30, 35, 36, 38, 41, 42, 45]
    Truth table row=[=, =, >, <, <] ix=126 result=[44-] is correct

Test 44+:
    W0: [ 0,  2,  5,  6,  9, 12, 14, 16, 17] = [ 1,  3,  4,  7,  8, 10, 11, 13, 15]
    W1: [ 0,  2,  5,  6,  9, 12, 14, 16, 17, 18, 20, 22, 23, 29, 31, 33, 34, 35] = [ 1,  3,  4,  7,  8, 10, 11, 13, 15, 19, 21, 24, 25, 26, 27, 28, 30, 32]
    W2: [ 0,  2,  5,  6, 18, 20, 27, 28, 30, 32, 37, 38, 39, 40, 41] < [ 1,  3,  4,  7,  8, 19, 29, 31, 33, 34, 35, 36, 42, 43, 44]
    W3: [ 0,  2,  7,  8,  9, 15, 18, 22, 24, 25, 26, 29, 37, 38, 42, 43, 44] > [ 1,  6, 10, 11, 16, 17, 20, 21, 27, 28, 33, 34, 35, 36, 45, 46, 47]
    W4: [ 0,  6,  8,  9, 11, 12, 18, 19, 20, 23, 26, 32, 33, 39, 44, 47, 48] > [ 2,  3,  5, 14, 15, 17, 22, 24, 27, 29, 30, 35, 36, 38, 41, 42, 45]
    Truth table row=[=, =, <, >, >] ix=116 result=[44+] is correct

Test 45-:
    W0: [ 0,  2,  5,  6,  9, 12, 14, 16, 17] = [ 1,  3,  4,  7,  8, 10, 11, 13, 15]
    W1: [ 0,  2,  5,  6,  9, 12, 14, 16, 17, 18, 20, 22, 23, 29, 31, 33, 34, 35] = [ 1,  3,  4,  7,  8, 10, 11, 13, 15, 19, 21, 24, 25, 26, 27, 28, 30, 32]
    W2: [ 0,  2,  5,  6, 18, 20, 27, 28, 30, 32, 37, 38, 39, 40, 41] = [ 1,  3,  4,  7,  8, 19, 29, 31, 33, 34, 35, 36, 42, 43, 44]
    W3: [ 0,  2,  7,  8,  9, 15, 18, 22, 24, 25, 26, 29, 37, 38, 42, 43, 44] > [ 1,  6, 10, 11, 16, 17, 20, 21, 27, 28, 33, 34, 35, 36, 45, 46, 47]
    W4: [ 0,  6,  8,  9, 11, 12, 18, 19, 20, 23, 26, 32, 33, 39, 44, 47, 48] > [ 2,  3,  5, 14, 15, 17, 22, 24, 27, 29, 30, 35, 36, 38, 41, 42, 45]
    Truth table row=[=, =, =, >, >] ix=125 result=[45-] is correct

Test 45+:
    W0: [ 0,  2,  5,  6,  9, 12, 14, 16, 17] = [ 1,  3,  4,  7,  8, 10, 11, 13, 15]
    W1: [ 0,  2,  5,  6,  9, 12, 14, 16, 17, 18, 20, 22, 23, 29, 31, 33, 34, 35] = [ 1,  3,  4,  7,  8, 10, 11, 13, 15, 19, 21, 24, 25, 26, 27, 28, 30, 32]
    W2: [ 0,  2,  5,  6, 18, 20, 27, 28, 30, 32, 37, 38, 39, 40, 41] = [ 1,  3,  4,  7,  8, 19, 29, 31, 33, 34, 35, 36, 42, 43, 44]
    W3: [ 0,  2,  7,  8,  9, 15, 18, 22, 24, 25, 26, 29, 37, 38, 42, 43, 44] < [ 1,  6, 10, 11, 16, 17, 20, 21, 27, 28, 33, 34, 35, 36, 45, 46, 47]
    W4: [ 0,  6,  8,  9, 11, 12, 18, 19, 20, 23, 26, 32, 33, 39, 44, 47, 48] < [ 2,  3,  5, 14, 15, 17, 22, 24, 27, 29, 30, 35, 36, 38, 41, 42, 45]
    Truth table row=[=, =, =, <, <] ix=117 result=[45+] is correct

Test 46-:
    W0: [ 0,  2,  5,  6,  9, 12, 14, 16, 17] = [ 1,  3,  4,  7,  8, 10, 11, 13, 15]
    W1: [ 0,  2,  5,  6,  9, 12, 14, 16, 17, 18, 20, 22, 23, 29, 31, 33, 34, 35] = [ 1,  3,  4,  7,  8, 10, 11, 13, 15, 19, 21, 24, 25, 26, 27, 28, 30, 32]
    W2: [ 0,  2,  5,  6, 18, 20, 27, 28, 30, 32, 37, 38, 39, 40, 41] = [ 1,  3,  4,  7,  8, 19, 29, 31, 33, 34, 35, 36, 42, 43, 44]
    W3: [ 0,  2,  7,  8,  9, 15, 18, 22, 24, 25, 26, 29, 37, 38, 42, 43, 44] > [ 1,  6, 10, 11, 16, 17, 20, 21, 27, 28, 33, 34, 35, 36, 45, 46, 47]
    W4: [ 0,  6,  8,  9, 11, 12, 18, 19, 20, 23, 26, 32, 33, 39, 44, 47, 48] = [ 2,  3,  5, 14, 15, 17, 22, 24, 27, 29, 30, 35, 36, 38, 41, 42, 45]
    Truth table row=[=, =, =, >, =] ix=124 result=[46-] is correct

Test 46+:
    W0: [ 0,  2,  5,  6,  9, 12, 14, 16, 17] = [ 1,  3,  4,  7,  8, 10, 11, 13, 15]
    W1: [ 0,  2,  5,  6,  9, 12, 14, 16, 17, 18, 20, 22, 23, 29, 31, 33, 34, 35] = [ 1,  3,  4,  7,  8, 10, 11, 13, 15, 19, 21, 24, 25, 26, 27, 28, 30, 32]
    W2: [ 0,  2,  5,  6, 18, 20, 27, 28, 30, 32, 37, 38, 39, 40, 41] = [ 1,  3,  4,  7,  8, 19, 29, 31, 33, 34, 35, 36, 42, 43, 44]
    W3: [ 0,  2,  7,  8,  9, 15, 18, 22, 24, 25, 26, 29, 37, 38, 42, 43, 44] < [ 1,  6, 10, 11, 16, 17, 20, 21, 27, 28, 33, 34, 35, 36, 45, 46, 47]
    W4: [ 0,  6,  8,  9, 11, 12, 18, 19, 20, 23, 26, 32, 33, 39, 44, 47, 48] = [ 2,  3,  5, 14, 15, 17, 22, 24, 27, 29, 30, 35, 36, 38, 41, 42, 45]
    Truth table row=[=, =, =, <, =] ix=118 result=[46+] is correct

Test 47-:
    W0: [ 0,  2,  5,  6,  9, 12, 14, 16, 17] = [ 1,  3,  4,  7,  8, 10, 11, 13, 15]
    W1: [ 0,  2,  5,  6,  9, 12, 14, 16, 17, 18, 20, 22, 23, 29, 31, 33, 34, 35] = [ 1,  3,  4,  7,  8, 10, 11, 13, 15, 19, 21, 24, 25, 26, 27, 28, 30, 32]
    W2: [ 0,  2,  5,  6, 18, 20, 27, 28, 30, 32, 37, 38, 39, 40, 41] = [ 1,  3,  4,  7,  8, 19, 29, 31, 33, 34, 35, 36, 42, 43, 44]
    W3: [ 0,  2,  7,  8,  9, 15, 18, 22, 24, 25, 26, 29, 37, 38, 42, 43, 44] > [ 1,  6, 10, 11, 16, 17, 20, 21, 27, 28, 33, 34, 35, 36, 45, 46, 47]
    W4: [ 0,  6,  8,  9, 11, 12, 18, 19, 20, 23, 26, 32, 33, 39, 44, 47, 48] < [ 2,  3,  5, 14, 15, 17, 22, 24, 27, 29, 30, 35, 36, 38, 41, 42, 45]
    Truth table row=[=, =, =, >, <] ix=123 result=[47-] is correct

Test 47+:
    W0: [ 0,  2,  5,  6,  9, 12, 14, 16, 17] = [ 1,  3,  4,  7,  8, 10, 11, 13, 15]
    W1: [ 0,  2,  5,  6,  9, 12, 14, 16, 17, 18, 20, 22, 23, 29, 31, 33, 34, 35] = [ 1,  3,  4,  7,  8, 10, 11, 13, 15, 19, 21, 24, 25, 26, 27, 28, 30, 32]
    W2: [ 0,  2,  5,  6, 18, 20, 27, 28, 30, 32, 37, 38, 39, 40, 41] = [ 1,  3,  4,  7,  8, 19, 29, 31, 33, 34, 35, 36, 42, 43, 44]
    W3: [ 0,  2,  7,  8,  9, 15, 18, 22, 24, 25, 26, 29, 37, 38, 42, 43, 44] < [ 1,  6, 10, 11, 16, 17, 20, 21, 27, 28, 33, 34, 35, 36, 45, 46, 47]
    W4: [ 0,  6,  8,  9, 11, 12, 18, 19, 20, 23, 26, 32, 33, 39, 44, 47, 48] > [ 2,  3,  5, 14, 15, 17, 22, 24, 27, 29, 30, 35, 36, 38, 41, 42, 45]
    Truth table row=[=, =, =, <, >] ix=119 result=[47+] is correct

Test 48-:
    W0: [ 0,  2,  5,  6,  9, 12, 14, 16, 17] = [ 1,  3,  4,  7,  8, 10, 11, 13, 15]
    W1: [ 0,  2,  5,  6,  9, 12, 14, 16, 17, 18, 20, 22, 23, 29, 31, 33, 34, 35] = [ 1,  3,  4,  7,  8, 10, 11, 13, 15, 19, 21, 24, 25, 26, 27, 28, 30, 32]
    W2: [ 0,  2,  5,  6, 18, 20, 27, 28, 30, 32, 37, 38, 39, 40, 41] = [ 1,  3,  4,  7,  8, 19, 29, 31, 33, 34, 35, 36, 42, 43, 44]
    W3: [ 0,  2,  7,  8,  9, 15, 18, 22, 24, 25, 26, 29, 37, 38, 42, 43, 44] = [ 1,  6, 10, 11, 16, 17, 20, 21, 27, 28, 33, 34, 35, 36, 45, 46, 47]
    W4: [ 0,  6,  8,  9, 11, 12, 18, 19, 20, 23, 26, 32, 33, 39, 44, 47, 48] < [ 2,  3,  5, 14, 15, 17, 22, 24, 27, 29, 30, 35, 36, 38, 41, 42, 45]
    Truth table row=[=, =, =, =, <] ix=120 result=[48-] is correct

Test 48+:
    W0: [ 0,  2,  5,  6,  9, 12, 14, 16, 17] = [ 1,  3,  4,  7,  8, 10, 11, 13, 15]
    W1: [ 0,  2,  5,  6,  9, 12, 14, 16, 17, 18, 20, 22, 23, 29, 31, 33, 34, 35] = [ 1,  3,  4,  7,  8, 10, 11, 13, 15, 19, 21, 24, 25, 26, 27, 28, 30, 32]
    W2: [ 0,  2,  5,  6, 18, 20, 27, 28, 30, 32, 37, 38, 39, 40, 41] = [ 1,  3,  4,  7,  8, 19, 29, 31, 33, 34, 35, 36, 42, 43, 44]
    W3: [ 0,  2,  7,  8,  9, 15, 18, 22, 24, 25, 26, 29, 37, 38, 42, 43, 44] = [ 1,  6, 10, 11, 16, 17, 20, 21, 27, 28, 33, 34, 35, 36, 45, 46, 47]
    W4: [ 0,  6,  8,  9, 11, 12, 18, 19, 20, 23, 26, 32, 33, 39, 44, 47, 48] > [ 2,  3,  5, 14, 15, 17, 22, 24, 27, 29, 30, 35, 36, 38, 41, 42, 45]
    Truth table row=[=, =, =, =, >] ix=122 result=[48+] is correct

Total correct results: 98
Total incorrect results: 0
