Solving for 26 balls and 5 weighings.
Using symmetry breaking strategy TruthTableAscending.

Solution:
W0: [ 0,  2,  5,  7,  8, 13, 14, 15] <=> [ 1,  3,  4,  6,  9, 10, 11, 12]
W1: [ 0,  2,  5,  9, 10, 11, 12, 16, 18] <=> [ 1,  3,  4,  7,  8, 13, 14, 15, 17]
W2: [ 0,  2,  7,  8, 13, 14, 17, 19, 20, 21] <=> [ 1,  3,  5,  6,  9, 10, 11, 12, 16, 18]
W3: [ 0,  3,  4,  7,  8, 12, 15, 17, 22, 23, 24] <=> [ 2,  5,  6,  9, 13, 14, 16, 18, 19, 20, 21]
W4: [ 2,  6,  7,  9, 11, 16, 19, 22, 25] <=> [ 0,  5, 10, 12, 14, 15, 18, 21, 24]

Truth Table:
ix  W0  W1  W2  W3  W4   Result
 0   <   <   <   <   <
 1   <   <   <   <   =
 2   <   <   <   <   >   0-
 3   <   <   <   =   <
 4   <   <   <   =   =   1+
 5   <   <   <   =   >
 6   <   <   <   >   <   2-
 7   <   <   <   >   =   3+
 8   <   <   <   >   >
 9   <   <   =   <   <
10   <   <   =   <   =
11   <   <   =   <   >
12   <   <   =   =   <
13   <   <   =   =   =
14   <   <   =   =   >
15   <   <   =   >   <
16   <   <   =   >   =   4+
17   <   <   =   >   >
18   <   <   >   <   <
19   <   <   >   <   =
20   <   <   >   <   >
21   <   <   >   =   <
22   <   <   >   =   =
23   <   <   >   =   >
24   <   <   >   >   <
25   <   <   >   >   =
26   <   <   >   >   >   5-
27   <   =   <   <   <
28   <   =   <   <   =
29   <   =   <   <   >   6+
30   <   =   <   =   <
31   <   =   <   =   =
32   <   =   <   =   >
33   <   =   <   >   <
34   <   =   <   >   =
35   <   =   <   >   >
36   <   =   =   <   <
37   <   =   =   <   =
38   <   =   =   <   >
39   <   =   =   =   <
40   <   =   =   =   =
41   <   =   =   =   >
42   <   =   =   >   <
43   <   =   =   >   =
44   <   =   =   >   >
45   <   =   >   <   <
46   <   =   >   <   =
47   <   =   >   <   >
48   <   =   >   =   <
49   <   =   >   =   =
50   <   =   >   =   >
51   <   =   >   >   <
52   <   =   >   >   =
53   <   =   >   >   >
54   <   >   <   <   <   7-
55   <   >   <   <   =   8-
56   <   >   <   <   >   9+
57   <   >   <   =   <   10+
58   <   >   <   =   =
59   <   >   <   =   >   11+
60   <   >   <   >   <   12+
61   <   >   <   >   =   13-
62   <   >   <   >   >   14-
63   <   >   =   <   <
64   <   >   =   <   =
65   <   >   =   <   >   15-
66   <   >   =   =   <
67   <   >   =   =   =
68   <   >   =   =   >
69   <   >   =   >   <
70   <   >   =   >   =
71   <   >   =   >   >
72   <   >   >   <   <
73   <   >   >   <   =
74   <   >   >   <   >
75   <   >   >   =   <
76   <   >   >   =   =
77   <   >   >   =   >
78   <   >   >   >   <
79   <   >   >   >   =
80   <   >   >   >   >
81   =   <   <   <   <
82   =   <   <   <   =
83   =   <   <   <   >
84   =   <   <   =   <
85   =   <   <   =   =
86   =   <   <   =   >
87   =   <   <   >   <
88   =   <   <   >   =
89   =   <   <   >   >
90   =   <   =   <   <
91   =   <   =   <   =
92   =   <   =   <   >
93   =   <   =   =   <
94   =   <   =   =   =
95   =   <   =   =   >
96   =   <   =   >   <
97   =   <   =   >   =
98   =   <   =   >   >
99   =   <   >   <   <
100   =   <   >   <   =
101   =   <   >   <   >
102   =   <   >   =   <
103   =   <   >   =   =
104   =   <   >   =   >
105   =   <   >   >   <   16-
106   =   <   >   >   =   17+
107   =   <   >   >   >   18-
108   =   =   <   <   <
109   =   =   <   <   =
110   =   =   <   <   >
111   =   =   <   =   <
112   =   =   <   =   =
113   =   =   <   =   >
114   =   =   <   >   <   19-
115   =   =   <   >   =   20-
116   =   =   <   >   >   21-
117   =   =   =   <   <   22-
118   =   =   =   <   =   23-
119   =   =   =   <   >   24-
120   =   =   =   =   <   25-
121   =   =   =   =   =
122   =   =   =   =   >   25+
123   =   =   =   >   <   24+
124   =   =   =   >   =   23+
125   =   =   =   >   >   22+
126   =   =   >   <   <   21+
127   =   =   >   <   =   20+
128   =   =   >   <   >   19+
129   =   =   >   =   <
130   =   =   >   =   =
131   =   =   >   =   >
132   =   =   >   >   <
133   =   =   >   >   =
134   =   =   >   >   >
135   =   >   <   <   <   18+
136   =   >   <   <   =   17-
137   =   >   <   <   >   16+
138   =   >   <   =   <
139   =   >   <   =   =
140   =   >   <   =   >
141   =   >   <   >   <
142   =   >   <   >   =
143   =   >   <   >   >
144   =   >   =   <   <
145   =   >   =   <   =
146   =   >   =   <   >
147   =   >   =   =   <
148   =   >   =   =   =
149   =   >   =   =   >
150   =   >   =   >   <
151   =   >   =   >   =
152   =   >   =   >   >
153   =   >   >   <   <
154   =   >   >   <   =
155   =   >   >   <   >
156   =   >   >   =   <
157   =   >   >   =   =
158   =   >   >   =   >
159   =   >   >   >   <
160   =   >   >   >   =
161   =   >   >   >   >
162   >   <   <   <   <
163   >   <   <   <   =
164   >   <   <   <   >
165   >   <   <   =   <
166   >   <   <   =   =
167   >   <   <   =   >
168   >   <   <   >   <
169   >   <   <   >   =
170   >   <   <   >   >
171   >   <   =   <   <
172   >   <   =   <   =
173   >   <   =   <   >
174   >   <   =   =   <
175   >   <   =   =   =
176   >   <   =   =   >
177   >   <   =   >   <   15+
178   >   <   =   >   =
179   >   <   =   >   >
180   >   <   >   <   <   14+
181   >   <   >   <   =   13+
182   >   <   >   <   >   12-
183   >   <   >   =   <   11-
184   >   <   >   =   =
185   >   <   >   =   >   10-
186   >   <   >   >   <   9-
187   >   <   >   >   =   8+
188   >   <   >   >   >   7+
189   >   =   <   <   <
190   >   =   <   <   =
191   >   =   <   <   >
192   >   =   <   =   <
193   >   =   <   =   =
194   >   =   <   =   >
195   >   =   <   >   <
196   >   =   <   >   =
197   >   =   <   >   >
198   >   =   =   <   <
199   >   =   =   <   =
200   >   =   =   <   >
201   >   =   =   =   <
202   >   =   =   =   =
203   >   =   =   =   >
204   >   =   =   >   <
205   >   =   =   >   =
206   >   =   =   >   >
207   >   =   >   <   <
208   >   =   >   <   =
209   >   =   >   <   >
210   >   =   >   =   <
211   >   =   >   =   =
212   >   =   >   =   >
213   >   =   >   >   <   6-
214   >   =   >   >   =
215   >   =   >   >   >
216   >   >   <   <   <   5+
217   >   >   <   <   =
218   >   >   <   <   >
219   >   >   <   =   <
220   >   >   <   =   =
221   >   >   <   =   >
222   >   >   <   >   <
223   >   >   <   >   =
224   >   >   <   >   >
225   >   >   =   <   <
226   >   >   =   <   =   4-
227   >   >   =   <   >
228   >   >   =   =   <
229   >   >   =   =   =
230   >   >   =   =   >
231   >   >   =   >   <
232   >   >   =   >   =
233   >   >   =   >   >
234   >   >   >   <   <
235   >   >   >   <   =   3-
236   >   >   >   <   >   2+
237   >   >   >   =   <
238   >   >   >   =   =   1-
239   >   >   >   =   >
240   >   >   >   >   <   0+
241   >   >   >   >   =
242   >   >   >   >   >

Test 0-:
    W0: [ 0,  2,  5,  7,  8, 13, 14, 15] < [ 1,  3,  4,  6,  9, 10, 11, 12]
    W1: [ 0,  2,  5,  9, 10, 11, 12, 16, 18] < [ 1,  3,  4,  7,  8, 13, 14, 15, 17]
    W2: [ 0,  2,  7,  8, 13, 14, 17, 19, 20, 21] < [ 1,  3,  5,  6,  9, 10, 11, 12, 16, 18]
    W3: [ 0,  3,  4,  7,  8, 12, 15, 17, 22, 23, 24] < [ 2,  5,  6,  9, 13, 14, 16, 18, 19, 20, 21]
    W4: [ 2,  6,  7,  9, 11, 16, 19, 22, 25] > [ 0,  5, 10, 12, 14, 15, 18, 21, 24]
    Truth table row=[<, <, <, <, >] ix=2 result=[0-] is correct

Test 0+:
    W0: [ 0,  2,  5,  7,  8, 13, 14, 15] > [ 1,  3,  4,  6,  9, 10, 11, 12]
    W1: [ 0,  2,  5,  9, 10, 11, 12, 16, 18] > [ 1,  3,  4,  7,  8, 13, 14, 15, 17]
    W2: [ 0,  2,  7,  8, 13, 14, 17, 19, 20, 21] > [ 1,  3,  5,  6,  9, 10, 11, 12, 16, 18]
    W3: [ 0,  3,  4,  7,  8, 12, 15, 17, 22, 23, 24] > [ 2,  5,  6,  9, 13, 14, 16, 18, 19, 20, 21]
    W4: [ 2,  6,  7,  9, 11, 16, 19, 22, 25] < [ 0,  5, 10, 12, 14, 15, 18, 21, 24]
    Truth table row=[>, >, >, >, <] ix=240 result=[0+] is correct

Test 1-:
    W0: [ 0,  2,  5,  7,  8, 13, 14, 15] > [ 1,  3,  4,  6,  9, 10, 11, 12]
    W1: [ 0,  2,  5,  9, 10, 11, 12, 16, 18] > [ 1,  3,  4,  7,  8, 13, 14, 15, 17]
    W2: [ 0,  2,  7,  8, 13, 14, 17, 19, 20, 21] > [ 1,  3,  5,  6,  9, 10, 11, 12, 16, 18]
    W3: [ 0,  3,  4,  7,  8, 12, 15, 17, 22, 23, 24] = [ 2,  5,  6,  9, 13, 14, 16, 18, 19, 20, 21]
    W4: [ 2,  6,  7,  9, 11, 16, 19, 22, 25] = [ 0,  5, 10, 12, 14, 15, 18, 21, 24]
    Truth table row=[>, >, >, =, =] ix=238 result=[1-] is correct

Test 1+:
    W0: [ 0,  2,  5,  7,  8, 13, 14, 15] < [ 1,  3,  4,  6,  9, 10, 11, 12]
    W1: [ 0,  2,  5,  9, 10, 11, 12, 16, 18] < [ 1,  3,  4,  7,  8, 13, 14, 15, 17]
    W2: [ 0,  2,  7,  8, 13, 14, 17, 19, 20, 21] < [ 1,  3,  5,  6,  9, 10, 11, 12, 16, 18]
    W3: [ 0,  3,  4,  7,  8, 12, 15, 17, 22, 23, 24] = [ 2,  5,  6,  9, 13, 14, 16, 18, 19, 20, 21]
    W4: [ 2,  6,  7,  9, 11, 16, 19, 22, 25] = [ 0,  5, 10, 12, 14, 15, 18, 21, 24]
    Truth table row=[<, <, <, =, =] ix=4 result=[1+] is correct

Test 2-:
    W0: [ 0,  2,  5,  7,  8, 13, 14, 15] < [ 1,  3,  4,  6,  9, 10, 11, 12]
    W1: [ 0,  2,  5,  9, 10, 11, 12, 16, 18] < [ 1,  3,  4,  7,  8, 13, 14, 15, 17]
    W2: [ 0,  2,  7,  8, 13, 14, 17, 19, 20, 21] < [ 1,  3,  5,  6,  9, 10, 11, 12, 16, 18]
    W3: [ 0,  3,  4,  7,  8, 12, 15, 17, 22, 23, 24] > [ 2,  5,  6,  9, 13, 14, 16, 18, 19, 20, 21]
    W4: [ 2,  6,  7,  9, 11, 16, 19, 22, 25] < [ 0,  5, 10, 12, 14, 15, 18, 21, 24]
    Truth table row=[<, <, <, >, <] ix=6 result=[2-] is correct

Test 2+:
    W0: [ 0,  2,  5,  7,  8, 13, 14, 15] > [ 1,  3,  4,  6,  9, 10, 11, 12]
    W1: [ 0,  2,  5,  9, 10, 11, 12, 16, 18] > [ 1,  3,  4,  7,  8, 13, 14, 15, 17]
    W2: [ 0,  2,  7,  8, 13, 14, 17, 19, 20, 21] > [ 1,  3,  5,  6,  9, 10, 11, 12, 16, 18]
    W3: [ 0,  3,  4,  7,  8, 12, 15, 17, 22, 23, 24] < [ 2,  5,  6,  9, 13, 14, 16, 18, 19, 20, 21]
    W4: [ 2,  6,  7,  9, 11, 16, 19, 22, 25] > [ 0,  5, 10, 12, 14, 15, 18, 21, 24]
    Truth table row=[>, >, >, <, >] ix=236 result=[2+] is correct

Test 3-:
    W0: [ 0,  2,  5,  7,  8, 13, 14, 15] > [ 1,  3,  4,  6,  9, 10, 11, 12]
    W1: [ 0,  2,  5,  9, 10, 11, 12, 16, 18] > [ 1,  3,  4,  7,  8, 13, 14, 15, 17]
    W2: [ 0,  2,  7,  8, 13, 14, 17, 19, 20, 21] > [ 1,  3,  5,  6,  9, 10, 11, 12, 16, 18]
    W3: [ 0,  3,  4,  7,  8, 12, 15, 17, 22, 23, 24] < [ 2,  5,  6,  9, 13, 14, 16, 18, 19, 20, 21]
    W4: [ 2,  6,  7,  9, 11, 16, 19, 22, 25] = [ 0,  5, 10, 12, 14, 15, 18, 21, 24]
    Truth table row=[>, >, >, <, =] ix=235 result=[3-] is correct

Test 3+:
    W0: [ 0,  2,  5,  7,  8, 13, 14, 15] < [ 1,  3,  4,  6,  9, 10, 11, 12]
    W1: [ 0,  2,  5,  9, 10, 11, 12, 16, 18] < [ 1,  3,  4,  7,  8, 13, 14, 15, 17]
    W2: [ 0,  2,  7,  8, 13, 14, 17, 19, 20, 21] < [ 1,  3,  5,  6,  9, 10, 11, 12, 16, 18]
    W3: [ 0,  3,  4,  7,  8, 12, 15, 17, 22, 23, 24] > [ 2,  5,  6,  9, 13, 14, 16, 18, 19, 20, 21]
    W4: [ 2,  6,  7,  9, 11, 16, 19, 22, 25] = [ 0,  5, 10, 12, 14, 15, 18, 21, 24]
    Truth table row=[<, <, <, >, =] ix=7 result=[3+] is correct

Test 4-:
    W0: [ 0,  2,  5,  7,  8, 13, 14, 15] > [ 1,  3,  4,  6,  9, 10, 11, 12]
    W1: [ 0,  2,  5,  9, 10, 11, 12, 16, 18] > [ 1,  3,  4,  7,  8, 13, 14, 15, 17]
    W2: [ 0,  2,  7,  8, 13, 14, 17, 19, 20, 21] = [ 1,  3,  5,  6,  9, 10, 11, 12, 16, 18]
    W3: [ 0,  3,  4,  7,  8, 12, 15, 17, 22, 23, 24] < [ 2,  5,  6,  9, 13, 14, 16, 18, 19, 20, 21]
    W4: [ 2,  6,  7,  9, 11, 16, 19, 22, 25] = [ 0,  5, 10, 12, 14, 15, 18, 21, 24]
    Truth table row=[>, >, =, <, =] ix=226 result=[4-] is correct

Test 4+:
    W0: [ 0,  2,  5,  7,  8, 13, 14, 15] < [ 1,  3,  4,  6,  9, 10, 11, 12]
    W1: [ 0,  2,  5,  9, 10, 11, 12, 16, 18] < [ 1,  3,  4,  7,  8, 13, 14, 15, 17]
    W2: [ 0,  2,  7,  8, 13, 14, 17, 19, 20, 21] = [ 1,  3,  5,  6,  9, 10, 11, 12, 16, 18]
    W3: [ 0,  3,  4,  7,  8, 12, 15, 17, 22, 23, 24] > [ 2,  5,  6,  9, 13, 14, 16, 18, 19, 20, 21]
    W4: [ 2,  6,  7,  9, 11, 16, 19, 22, 25] = [ 0,  5, 10, 12, 14, 15, 18, 21, 24]
    Truth table row=[<, <, =, >, =] ix=16 result=[4+] is correct

Test 5-:
    W0: [ 0,  2,  5,  7,  8, 13, 14, 15] < [ 1,  3,  4,  6,  9, 10, 11, 12]
    W1: [ 0,  2,  5,  9, 10, 11, 12, 16, 18] < [ 1,  3,  4,  7,  8, 13, 14, 15, 17]
    W2: [ 0,  2,  7,  8, 13, 14, 17, 19, 20, 21] > [ 1,  3,  5,  6,  9, 10, 11, 12, 16, 18]
    W3: [ 0,  3,  4,  7,  8, 12, 15, 17, 22, 23, 24] > [ 2,  5,  6,  9, 13, 14, 16, 18, 19, 20, 21]
    W4: [ 2,  6,  7,  9, 11, 16, 19, 22, 25] > [ 0,  5, 10, 12, 14, 15, 18, 21, 24]
    Truth table row=[<, <, >, >, >] ix=26 result=[5-] is correct

Test 5+:
    W0: [ 0,  2,  5,  7,  8, 13, 14, 15] > [ 1,  3,  4,  6,  9, 10, 11, 12]
    W1: [ 0,  2,  5,  9, 10, 11, 12, 16, 18] > [ 1,  3,  4,  7,  8, 13, 14, 15, 17]
    W2: [ 0,  2,  7,  8, 13, 14, 17, 19, 20, 21] < [ 1,  3,  5,  6,  9, 10, 11, 12, 16, 18]
    W3: [ 0,  3,  4,  7,  8, 12, 15, 17, 22, 23, 24] < [ 2,  5,  6,  9, 13, 14, 16, 18, 19, 20, 21]
    W4: [ 2,  6,  7,  9, 11, 16, 19, 22, 25] < [ 0,  5, 10, 12, 14, 15, 18, 21, 24]
    Truth table row=[>, >, <, <, <] ix=216 result=[5+] is correct

Test 6-:
    W0: [ 0,  2,  5,  7,  8, 13, 14, 15] > [ 1,  3,  4,  6,  9, 10, 11, 12]
    W1: [ 0,  2,  5,  9, 10, 11, 12, 16, 18] = [ 1,  3,  4,  7,  8, 13, 14, 15, 17]
    W2: [ 0,  2,  7,  8, 13, 14, 17, 19, 20, 21] > [ 1,  3,  5,  6,  9, 10, 11, 12, 16, 18]
    W3: [ 0,  3,  4,  7,  8, 12, 15, 17, 22, 23, 24] > [ 2,  5,  6,  9, 13, 14, 16, 18, 19, 20, 21]
    W4: [ 2,  6,  7,  9, 11, 16, 19, 22, 25] < [ 0,  5, 10, 12, 14, 15, 18, 21, 24]
    Truth table row=[>, =, >, >, <] ix=213 result=[6-] is correct

Test 6+:
    W0: [ 0,  2,  5,  7,  8, 13, 14, 15] < [ 1,  3,  4,  6,  9, 10, 11, 12]
    W1: [ 0,  2,  5,  9, 10, 11, 12, 16, 18] = [ 1,  3,  4,  7,  8, 13, 14, 15, 17]
    W2: [ 0,  2,  7,  8, 13, 14, 17, 19, 20, 21] < [ 1,  3,  5,  6,  9, 10, 11, 12, 16, 18]
    W3: [ 0,  3,  4,  7,  8, 12, 15, 17, 22, 23, 24] < [ 2,  5,  6,  9, 13, 14, 16, 18, 19, 20, 21]
    W4: [ 2,  6,  7,  9, 11, 16, 19, 22, 25] > [ 0,  5, 10, 12, 14, 15, 18, 21, 24]
    Truth table row=[<, =, <, <, >] ix=29 result=[6+] is correct

Test 7-:
    W0: [ 0,  2,  5,  7,  8, 13, 14, 15] < [ 1,  3,  4,  6,  9, 10, 11, 12]
    W1: [ 0,  2,  5,  9, 10, 11, 12, 16, 18] > [ 1,  3,  4,  7,  8, 13, 14, 15, 17]
    W2: [ 0,  2,  7,  8, 13, 14, 17, 19, 20, 21] < [ 1,  3,  5,  6,  9, 10, 11, 12, 16, 18]
    W3: [ 0,  3,  4,  7,  8, 12, 15, 17, 22, 23, 24] < [ 2,  5,  6,  9, 13, 14, 16, 18, 19, 20, 21]
    W4: [ 2,  6,  7,  9, 11, 16, 19, 22, 25] < [ 0,  5, 10, 12, 14, 15, 18, 21, 24]
    Truth table row=[<, >, <, <, <] ix=54 result=[7-] is correct

Test 7+:
    W0: [ 0,  2,  5,  7,  8, 13, 14, 15] > [ 1,  3,  4,  6,  9, 10, 11, 12]
    W1: [ 0,  2,  5,  9, 10, 11, 12, 16, 18] < [ 1,  3,  4,  7,  8, 13, 14, 15, 17]
    W2: [ 0,  2,  7,  8, 13, 14, 17, 19, 20, 21] > [ 1,  3,  5,  6,  9, 10, 11, 12, 16, 18]
    W3: [ 0,  3,  4,  7,  8, 12, 15, 17, 22, 23, 24] > [ 2,  5,  6,  9, 13, 14, 16, 18, 19, 20, 21]
    W4: [ 2,  6,  7,  9, 11, 16, 19, 22, 25] > [ 0,  5, 10, 12, 14, 15, 18, 21, 24]
    Truth table row=[>, <, >, >, >] ix=188 result=[7+] is correct

Test 8-:
    W0: [ 0,  2,  5,  7,  8, 13, 14, 15] < [ 1,  3,  4,  6,  9, 10, 11, 12]
    W1: [ 0,  2,  5,  9, 10, 11, 12, 16, 18] > [ 1,  3,  4,  7,  8, 13, 14, 15, 17]
    W2: [ 0,  2,  7,  8, 13, 14, 17, 19, 20, 21] < [ 1,  3,  5,  6,  9, 10, 11, 12, 16, 18]
    W3: [ 0,  3,  4,  7,  8, 12, 15, 17, 22, 23, 24] < [ 2,  5,  6,  9, 13, 14, 16, 18, 19, 20, 21]
    W4: [ 2,  6,  7,  9, 11, 16, 19, 22, 25] = [ 0,  5, 10, 12, 14, 15, 18, 21, 24]
    Truth table row=[<, >, <, <, =] ix=55 result=[8-] is correct

Test 8+:
    W0: [ 0,  2,  5,  7,  8, 13, 14, 15] > [ 1,  3,  4,  6,  9, 10, 11, 12]
    W1: [ 0,  2,  5,  9, 10, 11, 12, 16, 18] < [ 1,  3,  4,  7,  8, 13, 14, 15, 17]
    W2: [ 0,  2,  7,  8, 13, 14, 17, 19, 20, 21] > [ 1,  3,  5,  6,  9, 10, 11, 12, 16, 18]
    W3: [ 0,  3,  4,  7,  8, 12, 15, 17, 22, 23, 24] > [ 2,  5,  6,  9, 13, 14, 16, 18, 19, 20, 21]
    W4: [ 2,  6,  7,  9, 11, 16, 19, 22, 25] = [ 0,  5, 10, 12, 14, 15, 18, 21, 24]
    Truth table row=[>, <, >, >, =] ix=187 result=[8+] is correct

Test 9-:
    W0: [ 0,  2,  5,  7,  8, 13, 14, 15] > [ 1,  3,  4,  6,  9, 10, 11, 12]
    W1: [ 0,  2,  5,  9, 10, 11, 12, 16, 18] < [ 1,  3,  4,  7,  8, 13, 14, 15, 17]
    W2: [ 0,  2,  7,  8, 13, 14, 17, 19, 20, 21] > [ 1,  3,  5,  6,  9, 10, 11, 12, 16, 18]
    W3: [ 0,  3,  4,  7,  8, 12, 15, 17, 22, 23, 24] > [ 2,  5,  6,  9, 13, 14, 16, 18, 19, 20, 21]
    W4: [ 2,  6,  7,  9, 11, 16, 19, 22, 25] < [ 0,  5, 10, 12, 14, 15, 18, 21, 24]
    Truth table row=[>, <, >, >, <] ix=186 result=[9-] is correct

Test 9+:
    W0: [ 0,  2,  5,  7,  8, 13, 14, 15] < [ 1,  3,  4,  6,  9, 10, 11, 12]
    W1: [ 0,  2,  5,  9, 10, 11, 12, 16, 18] > [ 1,  3,  4,  7,  8, 13, 14, 15, 17]
    W2: [ 0,  2,  7,  8, 13, 14, 17, 19, 20, 21] < [ 1,  3,  5,  6,  9, 10, 11, 12, 16, 18]
    W3: [ 0,  3,  4,  7,  8, 12, 15, 17, 22, 23, 24] < [ 2,  5,  6,  9, 13, 14, 16, 18, 19, 20, 21]
    W4: [ 2,  6,  7,  9, 11, 16, 19, 22, 25] > [ 0,  5, 10, 12, 14, 15, 18, 21, 24]
    Truth table row=[<, >, <, <, >] ix=56 result=[9+] is correct

Test 10-:
    W0: [ 0,  2,  5,  7,  8, 13, 14, 15] > [ 1,  3,  4,  6,  9, 10, 11, 12]
    W1: [ 0,  2,  5,  9, 10, 11, 12, 16, 18] < [ 1,  3,  4,  7,  8, 13, 14, 15, 17]
    W2: [ 0,  2,  7,  8, 13, 14, 17, 19, 20, 21] > [ 1,  3,  5,  6,  9, 10, 11, 12, 16, 18]
    W3: [ 0,  3,  4,  7,  8, 12, 15, 17, 22, 23, 24] = [ 2,  5,  6,  9, 13, 14, 16, 18, 19, 20, 21]
    W4: [ 2,  6,  7,  9, 11, 16, 19, 22, 25] > [ 0,  5, 10, 12, 14, 15, 18, 21, 24]
    Truth table row=[>, <, >, =, >] ix=185 result=[10-] is correct

Test 10+:
    W0: [ 0,  2,  5,  7,  8, 13, 14, 15] < [ 1,  3,  4,  6,  9, 10, 11, 12]
    W1: [ 0,  2,  5,  9, 10, 11, 12, 16, 18] > [ 1,  3,  4,  7,  8, 13, 14, 15, 17]
    W2: [ 0,  2,  7,  8, 13, 14, 17, 19, 20, 21] < [ 1,  3,  5,  6,  9, 10, 11, 12, 16, 18]
    W3: [ 0,  3,  4,  7,  8, 12, 15, 17, 22, 23, 24] = [ 2,  5,  6,  9, 13, 14, 16, 18, 19, 20, 21]
    W4: [ 2,  6,  7,  9, 11, 16, 19, 22, 25] < [ 0,  5, 10, 12, 14, 15, 18, 21, 24]
    Truth table row=[<, >, <, =, <] ix=57 result=[10+] is correct

Test 11-:
    W0: [ 0,  2,  5,  7,  8, 13, 14, 15] > [ 1,  3,  4,  6,  9, 10, 11, 12]
    W1: [ 0,  2,  5,  9, 10, 11, 12, 16, 18] < [ 1,  3,  4,  7,  8, 13, 14, 15, 17]
    W2: [ 0,  2,  7,  8, 13, 14, 17, 19, 20, 21] > [ 1,  3,  5,  6,  9, 10, 11, 12, 16, 18]
    W3: [ 0,  3,  4,  7,  8, 12, 15, 17, 22, 23, 24] = [ 2,  5,  6,  9, 13, 14, 16, 18, 19, 20, 21]
    W4: [ 2,  6,  7,  9, 11, 16, 19, 22, 25] < [ 0,  5, 10, 12, 14, 15, 18, 21, 24]
    Truth table row=[>, <, >, =, <] ix=183 result=[11-] is correct

Test 11+:
    W0: [ 0,  2,  5,  7,  8, 13, 14, 15] < [ 1,  3,  4,  6,  9, 10, 11, 12]
    W1: [ 0,  2,  5,  9, 10, 11, 12, 16, 18] > [ 1,  3,  4,  7,  8, 13, 14, 15, 17]
    W2: [ 0,  2,  7,  8, 13, 14, 17, 19, 20, 21] < [ 1,  3,  5,  6,  9, 10, 11, 12, 16, 18]
    W3: [ 0,  3,  4,  7,  8, 12, 15, 17, 22, 23, 24] = [ 2,  5,  6,  9, 13, 14, 16, 18, 19, 20, 21]
    W4: [ 2,  6,  7,  9, 11, 16, 19, 22, 25] > [ 0,  5, 10, 12, 14, 15, 18, 21, 24]
    Truth table row=[<, >, <, =, >] ix=59 result=[11+] is correct

Test 12-:
    W0: [ 0,  2,  5,  7,  8, 13, 14, 15] > [ 1,  3,  4,  6,  9, 10, 11, 12]
    W1: [ 0,  2,  5,  9, 10, 11, 12, 16, 18] < [ 1,  3,  4,  7,  8, 13, 14, 15, 17]
    W2: [ 0,  2,  7,  8, 13, 14, 17, 19, 20, 21] > [ 1,  3,  5,  6,  9, 10, 11, 12, 16, 18]
    W3: [ 0,  3,  4,  7,  8, 12, 15, 17, 22, 23, 24] < [ 2,  5,  6,  9, 13, 14, 16, 18, 19, 20, 21]
    W4: [ 2,  6,  7,  9, 11, 16, 19, 22, 25] > [ 0,  5, 10, 12, 14, 15, 18, 21, 24]
    Truth table row=[>, <, >, <, >] ix=182 result=[12-] is correct

Test 12+:
    W0: [ 0,  2,  5,  7,  8, 13, 14, 15] < [ 1,  3,  4,  6,  9, 10, 11, 12]
    W1: [ 0,  2,  5,  9, 10, 11, 12, 16, 18] > [ 1,  3,  4,  7,  8, 13, 14, 15, 17]
    W2: [ 0,  2,  7,  8, 13, 14, 17, 19, 20, 21] < [ 1,  3,  5,  6,  9, 10, 11, 12, 16, 18]
    W3: [ 0,  3,  4,  7,  8, 12, 15, 17, 22, 23, 24] > [ 2,  5,  6,  9, 13, 14, 16, 18, 19, 20, 21]
    W4: [ 2,  6,  7,  9, 11, 16, 19, 22, 25] < [ 0,  5, 10, 12, 14, 15, 18, 21, 24]
    Truth table row=[<, >, <, >, <] ix=60 result=[12+] is correct

Test 13-:
    W0: [ 0,  2,  5,  7,  8, 13, 14, 15] < [ 1,  3,  4,  6,  9, 10, 11, 12]
    W1: [ 0,  2,  5,  9, 10, 11, 12, 16, 18] > [ 1,  3,  4,  7,  8, 13, 14, 15, 17]
    W2: [ 0,  2,  7,  8, 13, 14, 17, 19, 20, 21] < [ 1,  3,  5,  6,  9, 10, 11, 12, 16, 18]
    W3: [ 0,  3,  4,  7,  8, 12, 15, 17, 22, 23, 24] > [ 2,  5,  6,  9, 13, 14, 16, 18, 19, 20, 21]
    W4: [ 2,  6,  7,  9, 11, 16, 19, 22, 25] = [ 0,  5, 10, 12, 14, 15, 18, 21, 24]
    Truth table row=[<, >, <, >, =] ix=61 result=[13-] is correct

Test 13+:
    W0: [ 0,  2,  5,  7,  8, 13, 14, 15] > [ 1,  3,  4,  6,  9, 10, 11, 12]
    W1: [ 0,  2,  5,  9, 10, 11, 12, 16, 18] < [ 1,  3,  4,  7,  8, 13, 14, 15, 17]
    W2: [ 0,  2,  7,  8, 13, 14, 17, 19, 20, 21] > [ 1,  3,  5,  6,  9, 10, 11, 12, 16, 18]
    W3: [ 0,  3,  4,  7,  8, 12, 15, 17, 22, 23, 24] < [ 2,  5,  6,  9, 13, 14, 16, 18, 19, 20, 21]
    W4: [ 2,  6,  7,  9, 11, 16, 19, 22, 25] = [ 0,  5, 10, 12, 14, 15, 18, 21, 24]
    Truth table row=[>, <, >, <, =] ix=181 result=[13+] is correct

Test 14-:
    W0: [ 0,  2,  5,  7,  8, 13, 14, 15] < [ 1,  3,  4,  6,  9, 10, 11, 12]
    W1: [ 0,  2,  5,  9, 10, 11, 12, 16, 18] > [ 1,  3,  4,  7,  8, 13, 14, 15, 17]
    W2: [ 0,  2,  7,  8, 13, 14, 17, 19, 20, 21] < [ 1,  3,  5,  6,  9, 10, 11, 12, 16, 18]
    W3: [ 0,  3,  4,  7,  8, 12, 15, 17, 22, 23, 24] > [ 2,  5,  6,  9, 13, 14, 16, 18, 19, 20, 21]
    W4: [ 2,  6,  7,  9, 11, 16, 19, 22, 25] > [ 0,  5, 10, 12, 14, 15, 18, 21, 24]
    Truth table row=[<, >, <, >, >] ix=62 result=[14-] is correct

Test 14+:
    W0: [ 0,  2,  5,  7,  8, 13, 14, 15] > [ 1,  3,  4,  6,  9, 10, 11, 12]
    W1: [ 0,  2,  5,  9, 10, 11, 12, 16, 18] < [ 1,  3,  4,  7,  8, 13, 14, 15, 17]
    W2: [ 0,  2,  7,  8, 13, 14, 17, 19, 20, 21] > [ 1,  3,  5,  6,  9, 10, 11, 12, 16, 18]
    W3: [ 0,  3,  4,  7,  8, 12, 15, 17, 22, 23, 24] < [ 2,  5,  6,  9, 13, 14, 16, 18, 19, 20, 21]
    W4: [ 2,  6,  7,  9, 11, 16, 19, 22, 25] < [ 0,  5, 10, 12, 14, 15, 18, 21, 24]
    Truth table row=[>, <, >, <, <] ix=180 result=[14+] is correct

Test 15-:
    W0: [ 0,  2,  5,  7,  8, 13, 14, 15] < [ 1,  3,  4,  6,  9, 10, 11, 12]
    W1: [ 0,  2,  5,  9, 10, 11, 12, 16, 18] > [ 1,  3,  4,  7,  8, 13, 14, 15, 17]
    W2: [ 0,  2,  7,  8, 13, 14, 17, 19, 20, 21] = [ 1,  3,  5,  6,  9, 10, 11, 12, 16, 18]
    W3: [ 0,  3,  4,  7,  8, 12, 15, 17, 22, 23, 24] < [ 2,  5,  6,  9, 13, 14, 16, 18, 19, 20, 21]
    W4: [ 2,  6,  7,  9, 11, 16, 19, 22, 25] > [ 0,  5, 10, 12, 14, 15, 18, 21, 24]
    Truth table row=[<, >, =, <, >] ix=65 result=[15-] is correct

Test 15+:
    W0: [ 0,  2,  5,  7,  8, 13, 14, 15] > [ 1,  3,  4,  6,  9, 10, 11, 12]
    W1: [ 0,  2,  5,  9, 10, 11, 12, 16, 18] < [ 1,  3,  4,  7,  8, 13, 14, 15, 17]
    W2: [ 0,  2,  7,  8, 13, 14, 17, 19, 20, 21] = [ 1,  3,  5,  6,  9, 10, 11, 12, 16, 18]
    W3: [ 0,  3,  4,  7,  8, 12, 15, 17, 22, 23, 24] > [ 2,  5,  6,  9, 13, 14, 16, 18, 19, 20, 21]
    W4: [ 2,  6,  7,  9, 11, 16, 19, 22, 25] < [ 0,  5, 10, 12, 14, 15, 18, 21, 24]
    Truth table row=[>, <, =, >, <] ix=177 result=[15+] is correct

Test 16-:
    W0: [ 0,  2,  5,  7,  8, 13, 14, 15] = [ 1,  3,  4,  6,  9, 10, 11, 12]
    W1: [ 0,  2,  5,  9, 10, 11, 12, 16, 18] < [ 1,  3,  4,  7,  8, 13, 14, 15, 17]
    W2: [ 0,  2,  7,  8, 13, 14, 17, 19, 20, 21] > [ 1,  3,  5,  6,  9, 10, 11, 12, 16, 18]
    W3: [ 0,  3,  4,  7,  8, 12, 15, 17, 22, 23, 24] > [ 2,  5,  6,  9, 13, 14, 16, 18, 19, 20, 21]
    W4: [ 2,  6,  7,  9, 11, 16, 19, 22, 25] < [ 0,  5, 10, 12, 14, 15, 18, 21, 24]
    Truth table row=[=, <, >, >, <] ix=105 result=[16-] is correct

Test 16+:
    W0: [ 0,  2,  5,  7,  8, 13, 14, 15] = [ 1,  3,  4,  6,  9, 10, 11, 12]
    W1: [ 0,  2,  5,  9, 10, 11, 12, 16, 18] > [ 1,  3,  4,  7,  8, 13, 14, 15, 17]
    W2: [ 0,  2,  7,  8, 13, 14, 17, 19, 20, 21] < [ 1,  3,  5,  6,  9, 10, 11, 12, 16, 18]
    W3: [ 0,  3,  4,  7,  8, 12, 15, 17, 22, 23, 24] < [ 2,  5,  6,  9, 13, 14, 16, 18, 19, 20, 21]
    W4: [ 2,  6,  7,  9, 11, 16, 19, 22, 25] > [ 0,  5, 10, 12, 14, 15, 18, 21, 24]
    Truth table row=[=, >, <, <, >] ix=137 result=[16+] is correct

Test 17-:
    W0: [ 0,  2,  5,  7,  8, 13, 14, 15] = [ 1,  3,  4,  6,  9, 10, 11, 12]
    W1: [ 0,  2,  5,  9, 10, 11, 12, 16, 18] > [ 1,  3,  4,  7,  8, 13, 14, 15, 17]
    W2: [ 0,  2,  7,  8, 13, 14, 17, 19, 20, 21] < [ 1,  3,  5,  6,  9, 10, 11, 12, 16, 18]
    W3: [ 0,  3,  4,  7,  8, 12, 15, 17, 22, 23, 24] < [ 2,  5,  6,  9, 13, 14, 16, 18, 19, 20, 21]
    W4: [ 2,  6,  7,  9, 11, 16, 19, 22, 25] = [ 0,  5, 10, 12, 14, 15, 18, 21, 24]
    Truth table row=[=, >, <, <, =] ix=136 result=[17-] is correct

Test 17+:
    W0: [ 0,  2,  5,  7,  8, 13, 14, 15] = [ 1,  3,  4,  6,  9, 10, 11, 12]
    W1: [ 0,  2,  5,  9, 10, 11, 12, 16, 18] < [ 1,  3,  4,  7,  8, 13, 14, 15, 17]
    W2: [ 0,  2,  7,  8, 13, 14, 17, 19, 20, 21] > [ 1,  3,  5,  6,  9, 10, 11, 12, 16, 18]
    W3: [ 0,  3,  4,  7,  8, 12, 15, 17, 22, 23, 24] > [ 2,  5,  6,  9, 13, 14, 16, 18, 19, 20, 21]
    W4: [ 2,  6,  7,  9, 11, 16, 19, 22, 25] = [ 0,  5, 10, 12, 14, 15, 18, 21, 24]
    Truth table row=[=, <, >, >, =] ix=106 result=[17+] is correct

Test 18-:
    W0: [ 0,  2,  5,  7,  8, 13, 14, 15] = [ 1,  3,  4,  6,  9, 10, 11, 12]
    W1: [ 0,  2,  5,  9, 10, 11, 12, 16, 18] < [ 1,  3,  4,  7,  8, 13, 14, 15, 17]
    W2: [ 0,  2,  7,  8, 13, 14, 17, 19, 20, 21] > [ 1,  3,  5,  6,  9, 10, 11, 12, 16, 18]
    W3: [ 0,  3,  4,  7,  8, 12, 15, 17, 22, 23, 24] > [ 2,  5,  6,  9, 13, 14, 16, 18, 19, 20, 21]
    W4: [ 2,  6,  7,  9, 11, 16, 19, 22, 25] > [ 0,  5, 10, 12, 14, 15, 18, 21, 24]
    Truth table row=[=, <, >, >, >] ix=107 result=[18-] is correct

Test 18+:
    W0: [ 0,  2,  5,  7,  8, 13, 14, 15] = [ 1,  3,  4,  6,  9, 10, 11, 12]
    W1: [ 0,  2,  5,  9, 10, 11, 12, 16, 18] > [ 1,  3,  4,  7,  8, 13, 14, 15, 17]
    W2: [ 0,  2,  7,  8, 13, 14, 17, 19, 20, 21] < [ 1,  3,  5,  6,  9, 10, 11, 12, 16, 18]
    W3: [ 0,  3,  4,  7,  8, 12, 15, 17, 22, 23, 24] < [ 2,  5,  6,  9, 13, 14, 16, 18, 19, 20, 21]
    W4: [ 2,  6,  7,  9, 11, 16, 19, 22, 25] < [ 0,  5, 10, 12, 14, 15, 18, 21, 24]
    Truth table row=[=, >, <, <, <] ix=135 result=[18+] is correct

Test 19-:
    W0: [ 0,  2,  5,  7,  8, 13, 14, 15] = [ 1,  3,  4,  6,  9, 10, 11, 12]
    W1: [ 0,  2,  5,  9, 10, 11, 12, 16, 18] = [ 1,  3,  4,  7,  8, 13, 14, 15, 17]
    W2: [ 0,  2,  7,  8, 13, 14, 17, 19, 20, 21] < [ 1,  3,  5,  6,  9, 10, 11, 12, 16, 18]
    W3: [ 0,  3,  4,  7,  8, 12, 15, 17, 22, 23, 24] > [ 2,  5,  6,  9, 13, 14, 16, 18, 19, 20, 21]
    W4: [ 2,  6,  7,  9, 11, 16, 19, 22, 25] < [ 0,  5, 10, 12, 14, 15, 18, 21, 24]
    Truth table row=[=, =, <, >, <] ix=114 result=[19-] is correct

Test 19+:
    W0: [ 0,  2,  5,  7,  8, 13, 14, 15] = [ 1,  3,  4,  6,  9, 10, 11, 12]
    W1: [ 0,  2,  5,  9, 10, 11, 12, 16, 18] = [ 1,  3,  4,  7,  8, 13, 14, 15, 17]
    W2: [ 0,  2,  7,  8, 13, 14, 17, 19, 20, 21] > [ 1,  3,  5,  6,  9, 10, 11, 12, 16, 18]
    W3: [ 0,  3,  4,  7,  8, 12, 15, 17, 22, 23, 24] < [ 2,  5,  6,  9, 13, 14, 16, 18, 19, 20, 21]
    W4: [ 2,  6,  7,  9, 11, 16, 19, 22, 25] > [ 0,  5, 10, 12, 14, 15, 18, 21, 24]
    Truth table row=[=, =, >, <, >] ix=128 result=[19+] is correct

Test 20-:
    W0: [ 0,  2,  5,  7,  8, 13, 14, 15] = [ 1,  3,  4,  6,  9, 10, 11, 12]
    W1: [ 0,  2,  5,  9, 10, 11, 12, 16, 18] = [ 1,  3,  4,  7,  8, 13, 14, 15, 17]
    W2: [ 0,  2,  7,  8, 13, 14, 17, 19, 20, 21] < [ 1,  3,  5,  6,  9, 10, 11, 12, 16, 18]
    W3: [ 0,  3,  4,  7,  8, 12, 15, 17, 22, 23, 24] > [ 2,  5,  6,  9, 13, 14, 16, 18, 19, 20, 21]
    W4: [ 2,  6,  7,  9, 11, 16, 19, 22, 25] = [ 0,  5, 10, 12, 14, 15, 18, 21, 24]
    Truth table row=[=, =, <, >, =] ix=115 result=[20-] is correct

Test 20+:
    W0: [ 0,  2,  5,  7,  8, 13, 14, 15] = [ 1,  3,  4,  6,  9, 10, 11, 12]
    W1: [ 0,  2,  5,  9, 10, 11, 12, 16, 18] = [ 1,  3,  4,  7,  8, 13, 14, 15, 17]
    W2: [ 0,  2,  7,  8, 13, 14, 17, 19, 20, 21] > [ 1,  3,  5,  6,  9, 10, 11, 12, 16, 18]
    W3: [ 0,  3,  4,  7,  8, 12, 15, 17, 22, 23, 24] < [ 2,  5,  6,  9, 13, 14, 16, 18, 19, 20, 21]
    W4: [ 2,  6,  7,  9, 11, 16, 19, 22, 25] = [ 0,  5, 10, 12, 14, 15, 18, 21, 24]
    Truth table row=[=, =, >, <, =] ix=127 result=[20+] is correct

Test 21-:
    W0: [ 0,  2,  5,  7,  8, 13, 14, 15] = [ 1,  3,  4,  6,  9, 10, 11, 12]
    W1: [ 0,  2,  5,  9, 10, 11, 12, 16, 18] = [ 1,  3,  4,  7,  8, 13, 14, 15, 17]
    W2: [ 0,  2,  7,  8, 13, 14, 17, 19, 20, 21] < [ 1,  3,  5,  6,  9, 10, 11, 12, 16, 18]
    W3: [ 0,  3,  4,  7,  8, 12, 15, 17, 22, 23, 24] > [ 2,  5,  6,  9, 13, 14, 16, 18, 19, 20, 21]
    W4: [ 2,  6,  7,  9, 11, 16, 19, 22, 25] > [ 0,  5, 10, 12, 14, 15, 18, 21, 24]
    Truth table row=[=, =, <, >, >] ix=116 result=[21-] is correct

Test 21+:
    W0: [ 0,  2,  5,  7,  8, 13, 14, 15] = [ 1,  3,  4,  6,  9, 10, 11, 12]
    W1: [ 0,  2,  5,  9, 10, 11, 12, 16, 18] = [ 1,  3,  4,  7,  8, 13, 14, 15, 17]
    W2: [ 0,  2,  7,  8, 13, 14, 17, 19, 20, 21] > [ 1,  3,  5,  6,  9, 10, 11, 12, 16, 18]
    W3: [ 0,  3,  4,  7,  8, 12, 15, 17, 22, 23, 24] < [ 2,  5,  6,  9, 13, 14, 16, 18, 19, 20, 21]
    W4: [ 2,  6,  7,  9, 11, 16, 19, 22, 25] < [ 0,  5, 10, 12, 14, 15, 18, 21, 24]
    Truth table row=[=, =, >, <, <] ix=126 result=[21+] is correct

Test 22-:
    W0: [ 0,  2,  5,  7,  8, 13, 14, 15] = [ 1,  3,  4,  6,  9, 10, 11, 12]
    W1: [ 0,  2,  5,  9, 10, 11, 12, 16, 18] = [ 1,  3,  4,  7,  8, 13, 14, 15, 17]
    W2: [ 0,  2,  7,  8, 13, 14, 17, 19, 20, 21] = [ 1,  3,  5,  6,  9, 10, 11, 12, 16, 18]
    W3: [ 0,  3,  4,  7,  8, 12, 15, 17, 22, 23, 24] < [ 2,  5,  6,  9, 13, 14, 16, 18, 19, 20, 21]
    W4: [ 2,  6,  7,  9, 11, 16, 19, 22, 25] < [ 0,  5, 10, 12, 14, 15, 18, 21, 24]
    Truth table row=[=, =, =, <, <] ix=117 result=[22-] is correct

Test 22+:
    W0: [ 0,  2,  5,  7,  8, 13, 14, 15] = [ 1,  3,  4,  6,  9, 10, 11, 12]
    W1: [ 0,  2,  5,  9, 10, 11, 12, 16, 18] = [ 1,  3,  4,  7,  8, 13, 14, 15, 17]
    W2: [ 0,  2,  7,  8, 13, 14, 17, 19, 20, 21] = [ 1,  3,  5,  6,  9, 10, 11, 12, 16, 18]
    W3: [ 0,  3,  4,  7,  8, 12, 15, 17, 22, 23, 24] > [ 2,  5,  6,  9, 13, 14, 16, 18, 19, 20, 21]
    W4: [ 2,  6,  7,  9, 11, 16, 19, 22, 25] > [ 0,  5, 10, 12, 14, 15, 18, 21, 24]
    Truth table row=[=, =, =, >, >] ix=125 result=[22+] is correct

Test 23-:
    W0: [ 0,  2,  5,  7,  8, 13, 14, 15] = [ 1,  3,  4,  6,  9, 10, 11, 12]
    W1: [ 0,  2,  5,  9, 10, 11, 12, 16, 18] = [ 1,  3,  4,  7,  8, 13, 14, 15, 17]
    W2: [ 0,  2,  7,  8, 13, 14, 17, 19, 20, 21] = [ 1,  3,  5,  6,  9, 10, 11, 12, 16, 18]
    W3: [ 0,  3,  4,  7,  8, 12, 15, 17, 22, 23, 24] < [ 2,  5,  6,  9, 13, 14, 16, 18, 19, 20, 21]
    W4: [ 2,  6,  7,  9, 11, 16, 19, 22, 25] = [ 0,  5, 10, 12, 14, 15, 18, 21, 24]
    Truth table row=[=, =, =, <, =] ix=118 result=[23-] is correct

Test 23+:
    W0: [ 0,  2,  5,  7,  8, 13, 14, 15] = [ 1,  3,  4,  6,  9, 10, 11, 12]
    W1: [ 0,  2,  5,  9, 10, 11, 12, 16, 18] = [ 1,  3,  4,  7,  8, 13, 14, 15, 17]
    W2: [ 0,  2,  7,  8, 13, 14, 17, 19, 20, 21] = [ 1,  3,  5,  6,  9, 10, 11, 12, 16, 18]
    W3: [ 0,  3,  4,  7,  8, 12, 15, 17, 22, 23, 24] > [ 2,  5,  6,  9, 13, 14, 16, 18, 19, 20, 21]
    W4: [ 2,  6,  7,  9, 11, 16, 19, 22, 25] = [ 0,  5, 10, 12, 14, 15, 18, 21, 24]
    Truth table row=[=, =, =, >, =] ix=124 result=[23+] is correct

Test 24-:
    W0: [ 0,  2,  5,  7,  8, 13, 14, 15] = [ 1,  3,  4,  6,  9, 10, 11, 12]
    W1: [ 0,  2,  5,  9, 10, 11, 12, 16, 18] = [ 1,  3,  4,  7,  8, 13, 14, 15, 17]
    W2: [ 0,  2,  7,  8, 13, 14, 17, 19, 20, 21] = [ 1,  3,  5,  6,  9, 10, 11, 12, 16, 18]
    W3: [ 0,  3,  4,  7,  8, 12, 15, 17, 22, 23, 24] < [ 2,  5,  6,  9, 13, 14, 16, 18, 19, 20, 21]
    W4: [ 2,  6,  7,  9, 11, 16, 19, 22, 25] > [ 0,  5, 10, 12, 14, 15, 18, 21, 24]
    Truth table row=[=, =, =, <, >] ix=119 result=[24-] is correct

Test 24+:
    W0: [ 0,  2,  5,  7,  8, 13, 14, 15] = [ 1,  3,  4,  6,  9, 10, 11, 12]
    W1: [ 0,  2,  5,  9, 10, 11, 12, 16, 18] = [ 1,  3,  4,  7,  8, 13, 14, 15, 17]
    W2: [ 0,  2,  7,  8, 13, 14, 17, 19, 20, 21] = [ 1,  3,  5,  6,  9, 10, 11, 12, 16, 18]
    W3: [ 0,  3,  4,  7,  8, 12, 15, 17, 22, 23, 24] > [ 2,  5,  6,  9, 13, 14, 16, 18, 19, 20, 21]
    W4: [ 2,  6,  7,  9, 11, 16, 19, 22, 25] < [ 0,  5, 10, 12, 14, 15, 18, 21, 24]
    Truth table row=[=, =, =, >, <] ix=123 result=[24+] is correct

Test 25-:
    W0: [ 0,  2,  5,  7,  8, 13, 14, 15] = [ 1,  3,  4,  6,  9, 10, 11, 12]
    W1: [ 0,  2,  5,  9, 10, 11, 12, 16, 18] = [ 1,  3,  4,  7,  8, 13, 14, 15, 17]
    W2: [ 0,  2,  7,  8, 13, 14, 17, 19, 20, 21] = [ 1,  3,  5,  6,  9, 10, 11, 12, 16, 18]
    W3: [ 0,  3,  4,  7,  8, 12, 15, 17, 22, 23, 24] = [ 2,  5,  6,  9, 13, 14, 16, 18, 19, 20, 21]
    W4: [ 2,  6,  7,  9, 11, 16, 19, 22, 25] < [ 0,  5, 10, 12, 14, 15, 18, 21, 24]
    Truth table row=[=, =, =, =, <] ix=120 result=[25-] is correct

Test 25+:
    W0: [ 0,  2,  5,  7,  8, 13, 14, 15] = [ 1,  3,  4,  6,  9, 10, 11, 12]
    W1: [ 0,  2,  5,  9, 10, 11, 12, 16, 18] = [ 1,  3,  4,  7,  8, 13, 14, 15, 17]
    W2: [ 0,  2,  7,  8, 13, 14, 17, 19, 20, 21] = [ 1,  3,  5,  6,  9, 10, 11, 12, 16, 18]
    W3: [ 0,  3,  4,  7,  8, 12, 15, 17, 22, 23, 24] = [ 2,  5,  6,  9, 13, 14, 16, 18, 19, 20, 21]
    W4: [ 2,  6,  7,  9, 11, 16, 19, 22, 25] > [ 0,  5, 10, 12, 14, 15, 18, 21, 24]
    Truth table row=[=, =, =, =, >] ix=122 result=[25+] is correct

Total correct results: 52
Total incorrect results: 0
