Solving for 30 balls and 4 weighings

Solution:
W0: [ 0,  2,  4,  6,  8, 10, 12, 14, 16] <=> [ 1,  3,  5,  7,  9, 11, 13, 15, 17]
W1: [ 0,  1, 15, 16, 18, 19, 21, 22, 25, 27] <=> [ 2,  3,  6,  7,  8,  9, 11, 12, 20, 29]
W2: [ 2,  6,  7, 17, 21, 23, 25, 26, 27, 28, 29] <=> [ 0,  1,  3,  4,  5,  9, 11, 12, 13, 19, 22]
W3: [ 1,  4,  5,  6,  9, 12, 14, 16, 17, 22, 23, 27] <=> [ 0,  7,  8, 11, 13, 15, 18, 19, 20, 21, 24, 26]

Truth Table:
ix  W0  W1  W2  W3   Result
 0   <   <   <   <   11+
 1   <   <   <   =   3+
 2   <   <   <   >   9+
 3   <   <   =   <   16-
 4   <   <   =   =
 5   <   <   =   >
 6   <   <   >   <   7+
 7   <   <   >   =
 8   <   <   >   >   0-
 9   <   =   <   <   13+
10   <   =   <   =
11   <   =   <   >   5+
12   <   =   =   <   14-
13   <   =   =   =   10-
14   <   =   =   >
15   <   =   >   <   4-
16   <   =   >   =
17   <   =   >   >   17+
18   <   >   <   <   6-
19   <   >   <   =   2-
20   <   >   <   >   1+
21   <   >   =   <   15+
22   <   >   =   =
23   <   >   =   >   8-
24   <   >   >   <   12-
25   <   >   >   =
26   <   >   >   >
27   =   <   <   <   27-
28   =   <   <   =   25-
29   =   <   <   >   21-
30   =   <   =   <   20+
31   =   <   =   =
32   =   <   =   >   18-
33   =   <   >   <   22-
34   =   <   >   =   29+
35   =   <   >   >   19-
36   =   =   <   <   23-
37   =   =   <   =   28-
38   =   =   <   >   26-
39   =   =   =   <   24+
40   =   =   =   =
41   =   =   =   >   24-
42   =   =   >   <   26+
43   =   =   >   =   28+
44   =   =   >   >   23+
45   =   >   <   <   19+
46   =   >   <   =   29-
47   =   >   <   >   22+
48   =   >   =   <   18+
49   =   >   =   =
50   =   >   =   >   20-
51   =   >   >   <   21+
52   =   >   >   =   25+
53   =   >   >   >   27+
54   >   <   <   <
55   >   <   <   =
56   >   <   <   >   12+
57   >   <   =   <   8+
58   >   <   =   =
59   >   <   =   >   15-
60   >   <   >   <   1-
61   >   <   >   =   2+
62   >   <   >   >   6+
63   >   =   <   <   17-
64   >   =   <   =
65   >   =   <   >   4+
66   >   =   =   <
67   >   =   =   =   10+
68   >   =   =   >   14+
69   >   =   >   <   5-
70   >   =   >   =
71   >   =   >   >   13-
72   >   >   <   <   0+
73   >   >   <   =
74   >   >   <   >   7-
75   >   >   =   <
76   >   >   =   =
77   >   >   =   >   16+
78   >   >   >   <   9-
79   >   >   >   =   3-
80   >   >   >   >   11-

Test 0-:
    W0: [ 0,  2,  4,  6,  8, 10, 12, 14, 16] < [ 1,  3,  5,  7,  9, 11, 13, 15, 17]
    W1: [ 0,  1, 15, 16, 18, 19, 21, 22, 25, 27] < [ 2,  3,  6,  7,  8,  9, 11, 12, 20, 29]
    W2: [ 2,  6,  7, 17, 21, 23, 25, 26, 27, 28, 29] > [ 0,  1,  3,  4,  5,  9, 11, 12, 13, 19, 22]
    W3: [ 1,  4,  5,  6,  9, 12, 14, 16, 17, 22, 23, 27] > [ 0,  7,  8, 11, 13, 15, 18, 19, 20, 21, 24, 26]
    Truth table result: ['0-'] is correct

Test 0+:
    W0: [ 0,  2,  4,  6,  8, 10, 12, 14, 16] > [ 1,  3,  5,  7,  9, 11, 13, 15, 17]
    W1: [ 0,  1, 15, 16, 18, 19, 21, 22, 25, 27] > [ 2,  3,  6,  7,  8,  9, 11, 12, 20, 29]
    W2: [ 2,  6,  7, 17, 21, 23, 25, 26, 27, 28, 29] < [ 0,  1,  3,  4,  5,  9, 11, 12, 13, 19, 22]
    W3: [ 1,  4,  5,  6,  9, 12, 14, 16, 17, 22, 23, 27] < [ 0,  7,  8, 11, 13, 15, 18, 19, 20, 21, 24, 26]
    Truth table result: ['0+'] is correct

Test 1-:
    W0: [ 0,  2,  4,  6,  8, 10, 12, 14, 16] > [ 1,  3,  5,  7,  9, 11, 13, 15, 17]
    W1: [ 0,  1, 15, 16, 18, 19, 21, 22, 25, 27] < [ 2,  3,  6,  7,  8,  9, 11, 12, 20, 29]
    W2: [ 2,  6,  7, 17, 21, 23, 25, 26, 27, 28, 29] > [ 0,  1,  3,  4,  5,  9, 11, 12, 13, 19, 22]
    W3: [ 1,  4,  5,  6,  9, 12, 14, 16, 17, 22, 23, 27] < [ 0,  7,  8, 11, 13, 15, 18, 19, 20, 21, 24, 26]
    Truth table result: ['1-'] is correct

Test 1+:
    W0: [ 0,  2,  4,  6,  8, 10, 12, 14, 16] < [ 1,  3,  5,  7,  9, 11, 13, 15, 17]
    W1: [ 0,  1, 15, 16, 18, 19, 21, 22, 25, 27] > [ 2,  3,  6,  7,  8,  9, 11, 12, 20, 29]
    W2: [ 2,  6,  7, 17, 21, 23, 25, 26, 27, 28, 29] < [ 0,  1,  3,  4,  5,  9, 11, 12, 13, 19, 22]
    W3: [ 1,  4,  5,  6,  9, 12, 14, 16, 17, 22, 23, 27] > [ 0,  7,  8, 11, 13, 15, 18, 19, 20, 21, 24, 26]
    Truth table result: ['1+'] is correct

Test 2-:
    W0: [ 0,  2,  4,  6,  8, 10, 12, 14, 16] < [ 1,  3,  5,  7,  9, 11, 13, 15, 17]
    W1: [ 0,  1, 15, 16, 18, 19, 21, 22, 25, 27] > [ 2,  3,  6,  7,  8,  9, 11, 12, 20, 29]
    W2: [ 2,  6,  7, 17, 21, 23, 25, 26, 27, 28, 29] < [ 0,  1,  3,  4,  5,  9, 11, 12, 13, 19, 22]
    W3: [ 1,  4,  5,  6,  9, 12, 14, 16, 17, 22, 23, 27] = [ 0,  7,  8, 11, 13, 15, 18, 19, 20, 21, 24, 26]
    Truth table result: ['2-'] is correct

Test 2+:
    W0: [ 0,  2,  4,  6,  8, 10, 12, 14, 16] > [ 1,  3,  5,  7,  9, 11, 13, 15, 17]
    W1: [ 0,  1, 15, 16, 18, 19, 21, 22, 25, 27] < [ 2,  3,  6,  7,  8,  9, 11, 12, 20, 29]
    W2: [ 2,  6,  7, 17, 21, 23, 25, 26, 27, 28, 29] > [ 0,  1,  3,  4,  5,  9, 11, 12, 13, 19, 22]
    W3: [ 1,  4,  5,  6,  9, 12, 14, 16, 17, 22, 23, 27] = [ 0,  7,  8, 11, 13, 15, 18, 19, 20, 21, 24, 26]
    Truth table result: ['2+'] is correct

Test 3-:
    W0: [ 0,  2,  4,  6,  8, 10, 12, 14, 16] > [ 1,  3,  5,  7,  9, 11, 13, 15, 17]
    W1: [ 0,  1, 15, 16, 18, 19, 21, 22, 25, 27] > [ 2,  3,  6,  7,  8,  9, 11, 12, 20, 29]
    W2: [ 2,  6,  7, 17, 21, 23, 25, 26, 27, 28, 29] > [ 0,  1,  3,  4,  5,  9, 11, 12, 13, 19, 22]
    W3: [ 1,  4,  5,  6,  9, 12, 14, 16, 17, 22, 23, 27] = [ 0,  7,  8, 11, 13, 15, 18, 19, 20, 21, 24, 26]
    Truth table result: ['3-'] is correct

Test 3+:
    W0: [ 0,  2,  4,  6,  8, 10, 12, 14, 16] < [ 1,  3,  5,  7,  9, 11, 13, 15, 17]
    W1: [ 0,  1, 15, 16, 18, 19, 21, 22, 25, 27] < [ 2,  3,  6,  7,  8,  9, 11, 12, 20, 29]
    W2: [ 2,  6,  7, 17, 21, 23, 25, 26, 27, 28, 29] < [ 0,  1,  3,  4,  5,  9, 11, 12, 13, 19, 22]
    W3: [ 1,  4,  5,  6,  9, 12, 14, 16, 17, 22, 23, 27] = [ 0,  7,  8, 11, 13, 15, 18, 19, 20, 21, 24, 26]
    Truth table result: ['3+'] is correct

Test 4-:
    W0: [ 0,  2,  4,  6,  8, 10, 12, 14, 16] < [ 1,  3,  5,  7,  9, 11, 13, 15, 17]
    W1: [ 0,  1, 15, 16, 18, 19, 21, 22, 25, 27] = [ 2,  3,  6,  7,  8,  9, 11, 12, 20, 29]
    W2: [ 2,  6,  7, 17, 21, 23, 25, 26, 27, 28, 29] > [ 0,  1,  3,  4,  5,  9, 11, 12, 13, 19, 22]
    W3: [ 1,  4,  5,  6,  9, 12, 14, 16, 17, 22, 23, 27] < [ 0,  7,  8, 11, 13, 15, 18, 19, 20, 21, 24, 26]
    Truth table result: ['4-'] is correct

Test 4+:
    W0: [ 0,  2,  4,  6,  8, 10, 12, 14, 16] > [ 1,  3,  5,  7,  9, 11, 13, 15, 17]
    W1: [ 0,  1, 15, 16, 18, 19, 21, 22, 25, 27] = [ 2,  3,  6,  7,  8,  9, 11, 12, 20, 29]
    W2: [ 2,  6,  7, 17, 21, 23, 25, 26, 27, 28, 29] < [ 0,  1,  3,  4,  5,  9, 11, 12, 13, 19, 22]
    W3: [ 1,  4,  5,  6,  9, 12, 14, 16, 17, 22, 23, 27] > [ 0,  7,  8, 11, 13, 15, 18, 19, 20, 21, 24, 26]
    Truth table result: ['4+'] is correct

Test 5-:
    W0: [ 0,  2,  4,  6,  8, 10, 12, 14, 16] > [ 1,  3,  5,  7,  9, 11, 13, 15, 17]
    W1: [ 0,  1, 15, 16, 18, 19, 21, 22, 25, 27] = [ 2,  3,  6,  7,  8,  9, 11, 12, 20, 29]
    W2: [ 2,  6,  7, 17, 21, 23, 25, 26, 27, 28, 29] > [ 0,  1,  3,  4,  5,  9, 11, 12, 13, 19, 22]
    W3: [ 1,  4,  5,  6,  9, 12, 14, 16, 17, 22, 23, 27] < [ 0,  7,  8, 11, 13, 15, 18, 19, 20, 21, 24, 26]
    Truth table result: ['5-'] is correct

Test 5+:
    W0: [ 0,  2,  4,  6,  8, 10, 12, 14, 16] < [ 1,  3,  5,  7,  9, 11, 13, 15, 17]
    W1: [ 0,  1, 15, 16, 18, 19, 21, 22, 25, 27] = [ 2,  3,  6,  7,  8,  9, 11, 12, 20, 29]
    W2: [ 2,  6,  7, 17, 21, 23, 25, 26, 27, 28, 29] < [ 0,  1,  3,  4,  5,  9, 11, 12, 13, 19, 22]
    W3: [ 1,  4,  5,  6,  9, 12, 14, 16, 17, 22, 23, 27] > [ 0,  7,  8, 11, 13, 15, 18, 19, 20, 21, 24, 26]
    Truth table result: ['5+'] is correct

Test 6-:
    W0: [ 0,  2,  4,  6,  8, 10, 12, 14, 16] < [ 1,  3,  5,  7,  9, 11, 13, 15, 17]
    W1: [ 0,  1, 15, 16, 18, 19, 21, 22, 25, 27] > [ 2,  3,  6,  7,  8,  9, 11, 12, 20, 29]
    W2: [ 2,  6,  7, 17, 21, 23, 25, 26, 27, 28, 29] < [ 0,  1,  3,  4,  5,  9, 11, 12, 13, 19, 22]
    W3: [ 1,  4,  5,  6,  9, 12, 14, 16, 17, 22, 23, 27] < [ 0,  7,  8, 11, 13, 15, 18, 19, 20, 21, 24, 26]
    Truth table result: ['6-'] is correct

Test 6+:
    W0: [ 0,  2,  4,  6,  8, 10, 12, 14, 16] > [ 1,  3,  5,  7,  9, 11, 13, 15, 17]
    W1: [ 0,  1, 15, 16, 18, 19, 21, 22, 25, 27] < [ 2,  3,  6,  7,  8,  9, 11, 12, 20, 29]
    W2: [ 2,  6,  7, 17, 21, 23, 25, 26, 27, 28, 29] > [ 0,  1,  3,  4,  5,  9, 11, 12, 13, 19, 22]
    W3: [ 1,  4,  5,  6,  9, 12, 14, 16, 17, 22, 23, 27] > [ 0,  7,  8, 11, 13, 15, 18, 19, 20, 21, 24, 26]
    Truth table result: ['6+'] is correct

Test 7-:
    W0: [ 0,  2,  4,  6,  8, 10, 12, 14, 16] > [ 1,  3,  5,  7,  9, 11, 13, 15, 17]
    W1: [ 0,  1, 15, 16, 18, 19, 21, 22, 25, 27] > [ 2,  3,  6,  7,  8,  9, 11, 12, 20, 29]
    W2: [ 2,  6,  7, 17, 21, 23, 25, 26, 27, 28, 29] < [ 0,  1,  3,  4,  5,  9, 11, 12, 13, 19, 22]
    W3: [ 1,  4,  5,  6,  9, 12, 14, 16, 17, 22, 23, 27] > [ 0,  7,  8, 11, 13, 15, 18, 19, 20, 21, 24, 26]
    Truth table result: ['7-'] is correct

Test 7+:
    W0: [ 0,  2,  4,  6,  8, 10, 12, 14, 16] < [ 1,  3,  5,  7,  9, 11, 13, 15, 17]
    W1: [ 0,  1, 15, 16, 18, 19, 21, 22, 25, 27] < [ 2,  3,  6,  7,  8,  9, 11, 12, 20, 29]
    W2: [ 2,  6,  7, 17, 21, 23, 25, 26, 27, 28, 29] > [ 0,  1,  3,  4,  5,  9, 11, 12, 13, 19, 22]
    W3: [ 1,  4,  5,  6,  9, 12, 14, 16, 17, 22, 23, 27] < [ 0,  7,  8, 11, 13, 15, 18, 19, 20, 21, 24, 26]
    Truth table result: ['7+'] is correct

Test 8-:
    W0: [ 0,  2,  4,  6,  8, 10, 12, 14, 16] < [ 1,  3,  5,  7,  9, 11, 13, 15, 17]
    W1: [ 0,  1, 15, 16, 18, 19, 21, 22, 25, 27] > [ 2,  3,  6,  7,  8,  9, 11, 12, 20, 29]
    W2: [ 2,  6,  7, 17, 21, 23, 25, 26, 27, 28, 29] = [ 0,  1,  3,  4,  5,  9, 11, 12, 13, 19, 22]
    W3: [ 1,  4,  5,  6,  9, 12, 14, 16, 17, 22, 23, 27] > [ 0,  7,  8, 11, 13, 15, 18, 19, 20, 21, 24, 26]
    Truth table result: ['8-'] is correct

Test 8+:
    W0: [ 0,  2,  4,  6,  8, 10, 12, 14, 16] > [ 1,  3,  5,  7,  9, 11, 13, 15, 17]
    W1: [ 0,  1, 15, 16, 18, 19, 21, 22, 25, 27] < [ 2,  3,  6,  7,  8,  9, 11, 12, 20, 29]
    W2: [ 2,  6,  7, 17, 21, 23, 25, 26, 27, 28, 29] = [ 0,  1,  3,  4,  5,  9, 11, 12, 13, 19, 22]
    W3: [ 1,  4,  5,  6,  9, 12, 14, 16, 17, 22, 23, 27] < [ 0,  7,  8, 11, 13, 15, 18, 19, 20, 21, 24, 26]
    Truth table result: ['8+'] is correct

Test 9-:
    W0: [ 0,  2,  4,  6,  8, 10, 12, 14, 16] > [ 1,  3,  5,  7,  9, 11, 13, 15, 17]
    W1: [ 0,  1, 15, 16, 18, 19, 21, 22, 25, 27] > [ 2,  3,  6,  7,  8,  9, 11, 12, 20, 29]
    W2: [ 2,  6,  7, 17, 21, 23, 25, 26, 27, 28, 29] > [ 0,  1,  3,  4,  5,  9, 11, 12, 13, 19, 22]
    W3: [ 1,  4,  5,  6,  9, 12, 14, 16, 17, 22, 23, 27] < [ 0,  7,  8, 11, 13, 15, 18, 19, 20, 21, 24, 26]
    Truth table result: ['9-'] is correct

Test 9+:
    W0: [ 0,  2,  4,  6,  8, 10, 12, 14, 16] < [ 1,  3,  5,  7,  9, 11, 13, 15, 17]
    W1: [ 0,  1, 15, 16, 18, 19, 21, 22, 25, 27] < [ 2,  3,  6,  7,  8,  9, 11, 12, 20, 29]
    W2: [ 2,  6,  7, 17, 21, 23, 25, 26, 27, 28, 29] < [ 0,  1,  3,  4,  5,  9, 11, 12, 13, 19, 22]
    W3: [ 1,  4,  5,  6,  9, 12, 14, 16, 17, 22, 23, 27] > [ 0,  7,  8, 11, 13, 15, 18, 19, 20, 21, 24, 26]
    Truth table result: ['9+'] is correct

Test 10-:
    W0: [ 0,  2,  4,  6,  8, 10, 12, 14, 16] < [ 1,  3,  5,  7,  9, 11, 13, 15, 17]
    W1: [ 0,  1, 15, 16, 18, 19, 21, 22, 25, 27] = [ 2,  3,  6,  7,  8,  9, 11, 12, 20, 29]
    W2: [ 2,  6,  7, 17, 21, 23, 25, 26, 27, 28, 29] = [ 0,  1,  3,  4,  5,  9, 11, 12, 13, 19, 22]
    W3: [ 1,  4,  5,  6,  9, 12, 14, 16, 17, 22, 23, 27] = [ 0,  7,  8, 11, 13, 15, 18, 19, 20, 21, 24, 26]
    Truth table result: ['10-'] is correct

Test 10+:
    W0: [ 0,  2,  4,  6,  8, 10, 12, 14, 16] > [ 1,  3,  5,  7,  9, 11, 13, 15, 17]
    W1: [ 0,  1, 15, 16, 18, 19, 21, 22, 25, 27] = [ 2,  3,  6,  7,  8,  9, 11, 12, 20, 29]
    W2: [ 2,  6,  7, 17, 21, 23, 25, 26, 27, 28, 29] = [ 0,  1,  3,  4,  5,  9, 11, 12, 13, 19, 22]
    W3: [ 1,  4,  5,  6,  9, 12, 14, 16, 17, 22, 23, 27] = [ 0,  7,  8, 11, 13, 15, 18, 19, 20, 21, 24, 26]
    Truth table result: ['10+'] is correct

Test 11-:
    W0: [ 0,  2,  4,  6,  8, 10, 12, 14, 16] > [ 1,  3,  5,  7,  9, 11, 13, 15, 17]
    W1: [ 0,  1, 15, 16, 18, 19, 21, 22, 25, 27] > [ 2,  3,  6,  7,  8,  9, 11, 12, 20, 29]
    W2: [ 2,  6,  7, 17, 21, 23, 25, 26, 27, 28, 29] > [ 0,  1,  3,  4,  5,  9, 11, 12, 13, 19, 22]
    W3: [ 1,  4,  5,  6,  9, 12, 14, 16, 17, 22, 23, 27] > [ 0,  7,  8, 11, 13, 15, 18, 19, 20, 21, 24, 26]
    Truth table result: ['11-'] is correct

Test 11+:
    W0: [ 0,  2,  4,  6,  8, 10, 12, 14, 16] < [ 1,  3,  5,  7,  9, 11, 13, 15, 17]
    W1: [ 0,  1, 15, 16, 18, 19, 21, 22, 25, 27] < [ 2,  3,  6,  7,  8,  9, 11, 12, 20, 29]
    W2: [ 2,  6,  7, 17, 21, 23, 25, 26, 27, 28, 29] < [ 0,  1,  3,  4,  5,  9, 11, 12, 13, 19, 22]
    W3: [ 1,  4,  5,  6,  9, 12, 14, 16, 17, 22, 23, 27] < [ 0,  7,  8, 11, 13, 15, 18, 19, 20, 21, 24, 26]
    Truth table result: ['11+'] is correct

Test 12-:
    W0: [ 0,  2,  4,  6,  8, 10, 12, 14, 16] < [ 1,  3,  5,  7,  9, 11, 13, 15, 17]
    W1: [ 0,  1, 15, 16, 18, 19, 21, 22, 25, 27] > [ 2,  3,  6,  7,  8,  9, 11, 12, 20, 29]
    W2: [ 2,  6,  7, 17, 21, 23, 25, 26, 27, 28, 29] > [ 0,  1,  3,  4,  5,  9, 11, 12, 13, 19, 22]
    W3: [ 1,  4,  5,  6,  9, 12, 14, 16, 17, 22, 23, 27] < [ 0,  7,  8, 11, 13, 15, 18, 19, 20, 21, 24, 26]
    Truth table result: ['12-'] is correct

Test 12+:
    W0: [ 0,  2,  4,  6,  8, 10, 12, 14, 16] > [ 1,  3,  5,  7,  9, 11, 13, 15, 17]
    W1: [ 0,  1, 15, 16, 18, 19, 21, 22, 25, 27] < [ 2,  3,  6,  7,  8,  9, 11, 12, 20, 29]
    W2: [ 2,  6,  7, 17, 21, 23, 25, 26, 27, 28, 29] < [ 0,  1,  3,  4,  5,  9, 11, 12, 13, 19, 22]
    W3: [ 1,  4,  5,  6,  9, 12, 14, 16, 17, 22, 23, 27] > [ 0,  7,  8, 11, 13, 15, 18, 19, 20, 21, 24, 26]
    Truth table result: ['12+'] is correct

Test 13-:
    W0: [ 0,  2,  4,  6,  8, 10, 12, 14, 16] > [ 1,  3,  5,  7,  9, 11, 13, 15, 17]
    W1: [ 0,  1, 15, 16, 18, 19, 21, 22, 25, 27] = [ 2,  3,  6,  7,  8,  9, 11, 12, 20, 29]
    W2: [ 2,  6,  7, 17, 21, 23, 25, 26, 27, 28, 29] > [ 0,  1,  3,  4,  5,  9, 11, 12, 13, 19, 22]
    W3: [ 1,  4,  5,  6,  9, 12, 14, 16, 17, 22, 23, 27] > [ 0,  7,  8, 11, 13, 15, 18, 19, 20, 21, 24, 26]
    Truth table result: ['13-'] is correct

Test 13+:
    W0: [ 0,  2,  4,  6,  8, 10, 12, 14, 16] < [ 1,  3,  5,  7,  9, 11, 13, 15, 17]
    W1: [ 0,  1, 15, 16, 18, 19, 21, 22, 25, 27] = [ 2,  3,  6,  7,  8,  9, 11, 12, 20, 29]
    W2: [ 2,  6,  7, 17, 21, 23, 25, 26, 27, 28, 29] < [ 0,  1,  3,  4,  5,  9, 11, 12, 13, 19, 22]
    W3: [ 1,  4,  5,  6,  9, 12, 14, 16, 17, 22, 23, 27] < [ 0,  7,  8, 11, 13, 15, 18, 19, 20, 21, 24, 26]
    Truth table result: ['13+'] is correct

Test 14-:
    W0: [ 0,  2,  4,  6,  8, 10, 12, 14, 16] < [ 1,  3,  5,  7,  9, 11, 13, 15, 17]
    W1: [ 0,  1, 15, 16, 18, 19, 21, 22, 25, 27] = [ 2,  3,  6,  7,  8,  9, 11, 12, 20, 29]
    W2: [ 2,  6,  7, 17, 21, 23, 25, 26, 27, 28, 29] = [ 0,  1,  3,  4,  5,  9, 11, 12, 13, 19, 22]
    W3: [ 1,  4,  5,  6,  9, 12, 14, 16, 17, 22, 23, 27] < [ 0,  7,  8, 11, 13, 15, 18, 19, 20, 21, 24, 26]
    Truth table result: ['14-'] is correct

Test 14+:
    W0: [ 0,  2,  4,  6,  8, 10, 12, 14, 16] > [ 1,  3,  5,  7,  9, 11, 13, 15, 17]
    W1: [ 0,  1, 15, 16, 18, 19, 21, 22, 25, 27] = [ 2,  3,  6,  7,  8,  9, 11, 12, 20, 29]
    W2: [ 2,  6,  7, 17, 21, 23, 25, 26, 27, 28, 29] = [ 0,  1,  3,  4,  5,  9, 11, 12, 13, 19, 22]
    W3: [ 1,  4,  5,  6,  9, 12, 14, 16, 17, 22, 23, 27] > [ 0,  7,  8, 11, 13, 15, 18, 19, 20, 21, 24, 26]
    Truth table result: ['14+'] is correct

Test 15-:
    W0: [ 0,  2,  4,  6,  8, 10, 12, 14, 16] > [ 1,  3,  5,  7,  9, 11, 13, 15, 17]
    W1: [ 0,  1, 15, 16, 18, 19, 21, 22, 25, 27] < [ 2,  3,  6,  7,  8,  9, 11, 12, 20, 29]
    W2: [ 2,  6,  7, 17, 21, 23, 25, 26, 27, 28, 29] = [ 0,  1,  3,  4,  5,  9, 11, 12, 13, 19, 22]
    W3: [ 1,  4,  5,  6,  9, 12, 14, 16, 17, 22, 23, 27] > [ 0,  7,  8, 11, 13, 15, 18, 19, 20, 21, 24, 26]
    Truth table result: ['15-'] is correct

Test 15+:
    W0: [ 0,  2,  4,  6,  8, 10, 12, 14, 16] < [ 1,  3,  5,  7,  9, 11, 13, 15, 17]
    W1: [ 0,  1, 15, 16, 18, 19, 21, 22, 25, 27] > [ 2,  3,  6,  7,  8,  9, 11, 12, 20, 29]
    W2: [ 2,  6,  7, 17, 21, 23, 25, 26, 27, 28, 29] = [ 0,  1,  3,  4,  5,  9, 11, 12, 13, 19, 22]
    W3: [ 1,  4,  5,  6,  9, 12, 14, 16, 17, 22, 23, 27] < [ 0,  7,  8, 11, 13, 15, 18, 19, 20, 21, 24, 26]
    Truth table result: ['15+'] is correct

Test 16-:
    W0: [ 0,  2,  4,  6,  8, 10, 12, 14, 16] < [ 1,  3,  5,  7,  9, 11, 13, 15, 17]
    W1: [ 0,  1, 15, 16, 18, 19, 21, 22, 25, 27] < [ 2,  3,  6,  7,  8,  9, 11, 12, 20, 29]
    W2: [ 2,  6,  7, 17, 21, 23, 25, 26, 27, 28, 29] = [ 0,  1,  3,  4,  5,  9, 11, 12, 13, 19, 22]
    W3: [ 1,  4,  5,  6,  9, 12, 14, 16, 17, 22, 23, 27] < [ 0,  7,  8, 11, 13, 15, 18, 19, 20, 21, 24, 26]
    Truth table result: ['16-'] is correct

Test 16+:
    W0: [ 0,  2,  4,  6,  8, 10, 12, 14, 16] > [ 1,  3,  5,  7,  9, 11, 13, 15, 17]
    W1: [ 0,  1, 15, 16, 18, 19, 21, 22, 25, 27] > [ 2,  3,  6,  7,  8,  9, 11, 12, 20, 29]
    W2: [ 2,  6,  7, 17, 21, 23, 25, 26, 27, 28, 29] = [ 0,  1,  3,  4,  5,  9, 11, 12, 13, 19, 22]
    W3: [ 1,  4,  5,  6,  9, 12, 14, 16, 17, 22, 23, 27] > [ 0,  7,  8, 11, 13, 15, 18, 19, 20, 21, 24, 26]
    Truth table result: ['16+'] is correct

Test 17-:
    W0: [ 0,  2,  4,  6,  8, 10, 12, 14, 16] > [ 1,  3,  5,  7,  9, 11, 13, 15, 17]
    W1: [ 0,  1, 15, 16, 18, 19, 21, 22, 25, 27] = [ 2,  3,  6,  7,  8,  9, 11, 12, 20, 29]
    W2: [ 2,  6,  7, 17, 21, 23, 25, 26, 27, 28, 29] < [ 0,  1,  3,  4,  5,  9, 11, 12, 13, 19, 22]
    W3: [ 1,  4,  5,  6,  9, 12, 14, 16, 17, 22, 23, 27] < [ 0,  7,  8, 11, 13, 15, 18, 19, 20, 21, 24, 26]
    Truth table result: ['17-'] is correct

Test 17+:
    W0: [ 0,  2,  4,  6,  8, 10, 12, 14, 16] < [ 1,  3,  5,  7,  9, 11, 13, 15, 17]
    W1: [ 0,  1, 15, 16, 18, 19, 21, 22, 25, 27] = [ 2,  3,  6,  7,  8,  9, 11, 12, 20, 29]
    W2: [ 2,  6,  7, 17, 21, 23, 25, 26, 27, 28, 29] > [ 0,  1,  3,  4,  5,  9, 11, 12, 13, 19, 22]
    W3: [ 1,  4,  5,  6,  9, 12, 14, 16, 17, 22, 23, 27] > [ 0,  7,  8, 11, 13, 15, 18, 19, 20, 21, 24, 26]
    Truth table result: ['17+'] is correct

Test 18-:
    W0: [ 0,  2,  4,  6,  8, 10, 12, 14, 16] = [ 1,  3,  5,  7,  9, 11, 13, 15, 17]
    W1: [ 0,  1, 15, 16, 18, 19, 21, 22, 25, 27] < [ 2,  3,  6,  7,  8,  9, 11, 12, 20, 29]
    W2: [ 2,  6,  7, 17, 21, 23, 25, 26, 27, 28, 29] = [ 0,  1,  3,  4,  5,  9, 11, 12, 13, 19, 22]
    W3: [ 1,  4,  5,  6,  9, 12, 14, 16, 17, 22, 23, 27] > [ 0,  7,  8, 11, 13, 15, 18, 19, 20, 21, 24, 26]
    Truth table result: ['18-'] is correct

Test 18+:
    W0: [ 0,  2,  4,  6,  8, 10, 12, 14, 16] = [ 1,  3,  5,  7,  9, 11, 13, 15, 17]
    W1: [ 0,  1, 15, 16, 18, 19, 21, 22, 25, 27] > [ 2,  3,  6,  7,  8,  9, 11, 12, 20, 29]
    W2: [ 2,  6,  7, 17, 21, 23, 25, 26, 27, 28, 29] = [ 0,  1,  3,  4,  5,  9, 11, 12, 13, 19, 22]
    W3: [ 1,  4,  5,  6,  9, 12, 14, 16, 17, 22, 23, 27] < [ 0,  7,  8, 11, 13, 15, 18, 19, 20, 21, 24, 26]
    Truth table result: ['18+'] is correct

Test 19-:
    W0: [ 0,  2,  4,  6,  8, 10, 12, 14, 16] = [ 1,  3,  5,  7,  9, 11, 13, 15, 17]
    W1: [ 0,  1, 15, 16, 18, 19, 21, 22, 25, 27] < [ 2,  3,  6,  7,  8,  9, 11, 12, 20, 29]
    W2: [ 2,  6,  7, 17, 21, 23, 25, 26, 27, 28, 29] > [ 0,  1,  3,  4,  5,  9, 11, 12, 13, 19, 22]
    W3: [ 1,  4,  5,  6,  9, 12, 14, 16, 17, 22, 23, 27] > [ 0,  7,  8, 11, 13, 15, 18, 19, 20, 21, 24, 26]
    Truth table result: ['19-'] is correct

Test 19+:
    W0: [ 0,  2,  4,  6,  8, 10, 12, 14, 16] = [ 1,  3,  5,  7,  9, 11, 13, 15, 17]
    W1: [ 0,  1, 15, 16, 18, 19, 21, 22, 25, 27] > [ 2,  3,  6,  7,  8,  9, 11, 12, 20, 29]
    W2: [ 2,  6,  7, 17, 21, 23, 25, 26, 27, 28, 29] < [ 0,  1,  3,  4,  5,  9, 11, 12, 13, 19, 22]
    W3: [ 1,  4,  5,  6,  9, 12, 14, 16, 17, 22, 23, 27] < [ 0,  7,  8, 11, 13, 15, 18, 19, 20, 21, 24, 26]
    Truth table result: ['19+'] is correct

Test 20-:
    W0: [ 0,  2,  4,  6,  8, 10, 12, 14, 16] = [ 1,  3,  5,  7,  9, 11, 13, 15, 17]
    W1: [ 0,  1, 15, 16, 18, 19, 21, 22, 25, 27] > [ 2,  3,  6,  7,  8,  9, 11, 12, 20, 29]
    W2: [ 2,  6,  7, 17, 21, 23, 25, 26, 27, 28, 29] = [ 0,  1,  3,  4,  5,  9, 11, 12, 13, 19, 22]
    W3: [ 1,  4,  5,  6,  9, 12, 14, 16, 17, 22, 23, 27] > [ 0,  7,  8, 11, 13, 15, 18, 19, 20, 21, 24, 26]
    Truth table result: ['20-'] is correct

Test 20+:
    W0: [ 0,  2,  4,  6,  8, 10, 12, 14, 16] = [ 1,  3,  5,  7,  9, 11, 13, 15, 17]
    W1: [ 0,  1, 15, 16, 18, 19, 21, 22, 25, 27] < [ 2,  3,  6,  7,  8,  9, 11, 12, 20, 29]
    W2: [ 2,  6,  7, 17, 21, 23, 25, 26, 27, 28, 29] = [ 0,  1,  3,  4,  5,  9, 11, 12, 13, 19, 22]
    W3: [ 1,  4,  5,  6,  9, 12, 14, 16, 17, 22, 23, 27] < [ 0,  7,  8, 11, 13, 15, 18, 19, 20, 21, 24, 26]
    Truth table result: ['20+'] is correct

Test 21-:
    W0: [ 0,  2,  4,  6,  8, 10, 12, 14, 16] = [ 1,  3,  5,  7,  9, 11, 13, 15, 17]
    W1: [ 0,  1, 15, 16, 18, 19, 21, 22, 25, 27] < [ 2,  3,  6,  7,  8,  9, 11, 12, 20, 29]
    W2: [ 2,  6,  7, 17, 21, 23, 25, 26, 27, 28, 29] < [ 0,  1,  3,  4,  5,  9, 11, 12, 13, 19, 22]
    W3: [ 1,  4,  5,  6,  9, 12, 14, 16, 17, 22, 23, 27] > [ 0,  7,  8, 11, 13, 15, 18, 19, 20, 21, 24, 26]
    Truth table result: ['21-'] is correct

Test 21+:
    W0: [ 0,  2,  4,  6,  8, 10, 12, 14, 16] = [ 1,  3,  5,  7,  9, 11, 13, 15, 17]
    W1: [ 0,  1, 15, 16, 18, 19, 21, 22, 25, 27] > [ 2,  3,  6,  7,  8,  9, 11, 12, 20, 29]
    W2: [ 2,  6,  7, 17, 21, 23, 25, 26, 27, 28, 29] > [ 0,  1,  3,  4,  5,  9, 11, 12, 13, 19, 22]
    W3: [ 1,  4,  5,  6,  9, 12, 14, 16, 17, 22, 23, 27] < [ 0,  7,  8, 11, 13, 15, 18, 19, 20, 21, 24, 26]
    Truth table result: ['21+'] is correct

Test 22-:
    W0: [ 0,  2,  4,  6,  8, 10, 12, 14, 16] = [ 1,  3,  5,  7,  9, 11, 13, 15, 17]
    W1: [ 0,  1, 15, 16, 18, 19, 21, 22, 25, 27] < [ 2,  3,  6,  7,  8,  9, 11, 12, 20, 29]
    W2: [ 2,  6,  7, 17, 21, 23, 25, 26, 27, 28, 29] > [ 0,  1,  3,  4,  5,  9, 11, 12, 13, 19, 22]
    W3: [ 1,  4,  5,  6,  9, 12, 14, 16, 17, 22, 23, 27] < [ 0,  7,  8, 11, 13, 15, 18, 19, 20, 21, 24, 26]
    Truth table result: ['22-'] is correct

Test 22+:
    W0: [ 0,  2,  4,  6,  8, 10, 12, 14, 16] = [ 1,  3,  5,  7,  9, 11, 13, 15, 17]
    W1: [ 0,  1, 15, 16, 18, 19, 21, 22, 25, 27] > [ 2,  3,  6,  7,  8,  9, 11, 12, 20, 29]
    W2: [ 2,  6,  7, 17, 21, 23, 25, 26, 27, 28, 29] < [ 0,  1,  3,  4,  5,  9, 11, 12, 13, 19, 22]
    W3: [ 1,  4,  5,  6,  9, 12, 14, 16, 17, 22, 23, 27] > [ 0,  7,  8, 11, 13, 15, 18, 19, 20, 21, 24, 26]
    Truth table result: ['22+'] is correct

Test 23-:
    W0: [ 0,  2,  4,  6,  8, 10, 12, 14, 16] = [ 1,  3,  5,  7,  9, 11, 13, 15, 17]
    W1: [ 0,  1, 15, 16, 18, 19, 21, 22, 25, 27] = [ 2,  3,  6,  7,  8,  9, 11, 12, 20, 29]
    W2: [ 2,  6,  7, 17, 21, 23, 25, 26, 27, 28, 29] < [ 0,  1,  3,  4,  5,  9, 11, 12, 13, 19, 22]
    W3: [ 1,  4,  5,  6,  9, 12, 14, 16, 17, 22, 23, 27] < [ 0,  7,  8, 11, 13, 15, 18, 19, 20, 21, 24, 26]
    Truth table result: ['23-'] is correct

Test 23+:
    W0: [ 0,  2,  4,  6,  8, 10, 12, 14, 16] = [ 1,  3,  5,  7,  9, 11, 13, 15, 17]
    W1: [ 0,  1, 15, 16, 18, 19, 21, 22, 25, 27] = [ 2,  3,  6,  7,  8,  9, 11, 12, 20, 29]
    W2: [ 2,  6,  7, 17, 21, 23, 25, 26, 27, 28, 29] > [ 0,  1,  3,  4,  5,  9, 11, 12, 13, 19, 22]
    W3: [ 1,  4,  5,  6,  9, 12, 14, 16, 17, 22, 23, 27] > [ 0,  7,  8, 11, 13, 15, 18, 19, 20, 21, 24, 26]
    Truth table result: ['23+'] is correct

Test 24-:
    W0: [ 0,  2,  4,  6,  8, 10, 12, 14, 16] = [ 1,  3,  5,  7,  9, 11, 13, 15, 17]
    W1: [ 0,  1, 15, 16, 18, 19, 21, 22, 25, 27] = [ 2,  3,  6,  7,  8,  9, 11, 12, 20, 29]
    W2: [ 2,  6,  7, 17, 21, 23, 25, 26, 27, 28, 29] = [ 0,  1,  3,  4,  5,  9, 11, 12, 13, 19, 22]
    W3: [ 1,  4,  5,  6,  9, 12, 14, 16, 17, 22, 23, 27] > [ 0,  7,  8, 11, 13, 15, 18, 19, 20, 21, 24, 26]
    Truth table result: ['24-'] is correct

Test 24+:
    W0: [ 0,  2,  4,  6,  8, 10, 12, 14, 16] = [ 1,  3,  5,  7,  9, 11, 13, 15, 17]
    W1: [ 0,  1, 15, 16, 18, 19, 21, 22, 25, 27] = [ 2,  3,  6,  7,  8,  9, 11, 12, 20, 29]
    W2: [ 2,  6,  7, 17, 21, 23, 25, 26, 27, 28, 29] = [ 0,  1,  3,  4,  5,  9, 11, 12, 13, 19, 22]
    W3: [ 1,  4,  5,  6,  9, 12, 14, 16, 17, 22, 23, 27] < [ 0,  7,  8, 11, 13, 15, 18, 19, 20, 21, 24, 26]
    Truth table result: ['24+'] is correct

Test 25-:
    W0: [ 0,  2,  4,  6,  8, 10, 12, 14, 16] = [ 1,  3,  5,  7,  9, 11, 13, 15, 17]
    W1: [ 0,  1, 15, 16, 18, 19, 21, 22, 25, 27] < [ 2,  3,  6,  7,  8,  9, 11, 12, 20, 29]
    W2: [ 2,  6,  7, 17, 21, 23, 25, 26, 27, 28, 29] < [ 0,  1,  3,  4,  5,  9, 11, 12, 13, 19, 22]
    W3: [ 1,  4,  5,  6,  9, 12, 14, 16, 17, 22, 23, 27] = [ 0,  7,  8, 11, 13, 15, 18, 19, 20, 21, 24, 26]
    Truth table result: ['25-'] is correct

Test 25+:
    W0: [ 0,  2,  4,  6,  8, 10, 12, 14, 16] = [ 1,  3,  5,  7,  9, 11, 13, 15, 17]
    W1: [ 0,  1, 15, 16, 18, 19, 21, 22, 25, 27] > [ 2,  3,  6,  7,  8,  9, 11, 12, 20, 29]
    W2: [ 2,  6,  7, 17, 21, 23, 25, 26, 27, 28, 29] > [ 0,  1,  3,  4,  5,  9, 11, 12, 13, 19, 22]
    W3: [ 1,  4,  5,  6,  9, 12, 14, 16, 17, 22, 23, 27] = [ 0,  7,  8, 11, 13, 15, 18, 19, 20, 21, 24, 26]
    Truth table result: ['25+'] is correct

Test 26-:
    W0: [ 0,  2,  4,  6,  8, 10, 12, 14, 16] = [ 1,  3,  5,  7,  9, 11, 13, 15, 17]
    W1: [ 0,  1, 15, 16, 18, 19, 21, 22, 25, 27] = [ 2,  3,  6,  7,  8,  9, 11, 12, 20, 29]
    W2: [ 2,  6,  7, 17, 21, 23, 25, 26, 27, 28, 29] < [ 0,  1,  3,  4,  5,  9, 11, 12, 13, 19, 22]
    W3: [ 1,  4,  5,  6,  9, 12, 14, 16, 17, 22, 23, 27] > [ 0,  7,  8, 11, 13, 15, 18, 19, 20, 21, 24, 26]
    Truth table result: ['26-'] is correct

Test 26+:
    W0: [ 0,  2,  4,  6,  8, 10, 12, 14, 16] = [ 1,  3,  5,  7,  9, 11, 13, 15, 17]
    W1: [ 0,  1, 15, 16, 18, 19, 21, 22, 25, 27] = [ 2,  3,  6,  7,  8,  9, 11, 12, 20, 29]
    W2: [ 2,  6,  7, 17, 21, 23, 25, 26, 27, 28, 29] > [ 0,  1,  3,  4,  5,  9, 11, 12, 13, 19, 22]
    W3: [ 1,  4,  5,  6,  9, 12, 14, 16, 17, 22, 23, 27] < [ 0,  7,  8, 11, 13, 15, 18, 19, 20, 21, 24, 26]
    Truth table result: ['26+'] is correct

Test 27-:
    W0: [ 0,  2,  4,  6,  8, 10, 12, 14, 16] = [ 1,  3,  5,  7,  9, 11, 13, 15, 17]
    W1: [ 0,  1, 15, 16, 18, 19, 21, 22, 25, 27] < [ 2,  3,  6,  7,  8,  9, 11, 12, 20, 29]
    W2: [ 2,  6,  7, 17, 21, 23, 25, 26, 27, 28, 29] < [ 0,  1,  3,  4,  5,  9, 11, 12, 13, 19, 22]
    W3: [ 1,  4,  5,  6,  9, 12, 14, 16, 17, 22, 23, 27] < [ 0,  7,  8, 11, 13, 15, 18, 19, 20, 21, 24, 26]
    Truth table result: ['27-'] is correct

Test 27+:
    W0: [ 0,  2,  4,  6,  8, 10, 12, 14, 16] = [ 1,  3,  5,  7,  9, 11, 13, 15, 17]
    W1: [ 0,  1, 15, 16, 18, 19, 21, 22, 25, 27] > [ 2,  3,  6,  7,  8,  9, 11, 12, 20, 29]
    W2: [ 2,  6,  7, 17, 21, 23, 25, 26, 27, 28, 29] > [ 0,  1,  3,  4,  5,  9, 11, 12, 13, 19, 22]
    W3: [ 1,  4,  5,  6,  9, 12, 14, 16, 17, 22, 23, 27] > [ 0,  7,  8, 11, 13, 15, 18, 19, 20, 21, 24, 26]
    Truth table result: ['27+'] is correct

Test 28-:
    W0: [ 0,  2,  4,  6,  8, 10, 12, 14, 16] = [ 1,  3,  5,  7,  9, 11, 13, 15, 17]
    W1: [ 0,  1, 15, 16, 18, 19, 21, 22, 25, 27] = [ 2,  3,  6,  7,  8,  9, 11, 12, 20, 29]
    W2: [ 2,  6,  7, 17, 21, 23, 25, 26, 27, 28, 29] < [ 0,  1,  3,  4,  5,  9, 11, 12, 13, 19, 22]
    W3: [ 1,  4,  5,  6,  9, 12, 14, 16, 17, 22, 23, 27] = [ 0,  7,  8, 11, 13, 15, 18, 19, 20, 21, 24, 26]
    Truth table result: ['28-'] is correct

Test 28+:
    W0: [ 0,  2,  4,  6,  8, 10, 12, 14, 16] = [ 1,  3,  5,  7,  9, 11, 13, 15, 17]
    W1: [ 0,  1, 15, 16, 18, 19, 21, 22, 25, 27] = [ 2,  3,  6,  7,  8,  9, 11, 12, 20, 29]
    W2: [ 2,  6,  7, 17, 21, 23, 25, 26, 27, 28, 29] > [ 0,  1,  3,  4,  5,  9, 11, 12, 13, 19, 22]
    W3: [ 1,  4,  5,  6,  9, 12, 14, 16, 17, 22, 23, 27] = [ 0,  7,  8, 11, 13, 15, 18, 19, 20, 21, 24, 26]
    Truth table result: ['28+'] is correct

Test 29-:
    W0: [ 0,  2,  4,  6,  8, 10, 12, 14, 16] = [ 1,  3,  5,  7,  9, 11, 13, 15, 17]
    W1: [ 0,  1, 15, 16, 18, 19, 21, 22, 25, 27] > [ 2,  3,  6,  7,  8,  9, 11, 12, 20, 29]
    W2: [ 2,  6,  7, 17, 21, 23, 25, 26, 27, 28, 29] < [ 0,  1,  3,  4,  5,  9, 11, 12, 13, 19, 22]
    W3: [ 1,  4,  5,  6,  9, 12, 14, 16, 17, 22, 23, 27] = [ 0,  7,  8, 11, 13, 15, 18, 19, 20, 21, 24, 26]
    Truth table result: ['29-'] is correct

Test 29+:
    W0: [ 0,  2,  4,  6,  8, 10, 12, 14, 16] = [ 1,  3,  5,  7,  9, 11, 13, 15, 17]
    W1: [ 0,  1, 15, 16, 18, 19, 21, 22, 25, 27] < [ 2,  3,  6,  7,  8,  9, 11, 12, 20, 29]
    W2: [ 2,  6,  7, 17, 21, 23, 25, 26, 27, 28, 29] > [ 0,  1,  3,  4,  5,  9, 11, 12, 13, 19, 22]
    W3: [ 1,  4,  5,  6,  9, 12, 14, 16, 17, 22, 23, 27] = [ 0,  7,  8, 11, 13, 15, 18, 19, 20, 21, 24, 26]
    Truth table result: ['29+'] is correct

Total correct results: 60
Total incorrect results: 0
