Solving for 39 balls and 5 weighings.
Using symmetry breaking strategy TruthTableAscending.

Solution:
W0: [ 0,  3,  5,  6,  7,  9, 15, 17, 18, 19, 21] <=> [ 1,  2,  4,  8, 10, 11, 12, 13, 14, 16, 20]
W1: [ 0,  3,  5,  6,  7, 14, 16, 20, 22, 24, 25, 29, 30, 32] <=> [ 1,  2,  4,  8, 15, 17, 18, 19, 21, 23, 26, 27, 28, 31]
W2: [ 0,  3,  8,  9, 10, 11, 12, 13, 15, 17, 18, 19, 20, 22, 24, 25, 31, 33] <=> [ 1,  2,  4,  5,  6,  7, 14, 16, 21, 23, 26, 30, 32, 34, 35, 36, 37, 38]
W3: [ 0,  2,  4,  8,  9, 12, 13, 15, 22, 26, 30, 33, 36, 37, 38] <=> [ 1,  3,  6,  7, 10, 14, 18, 19, 20, 21, 25, 27, 28, 29, 32]
W4: [ 0,  1,  4,  5,  6,  8,  9, 11, 13, 25, 26, 28, 30, 31, 33, 35, 38] <=> [ 2, 10, 12, 14, 15, 16, 17, 19, 20, 21, 22, 23, 24, 27, 32, 34, 36]

Truth Table:
ix  W0  W1  W2  W3  W4   Result
 0   <   <   <   <   <   0-
 1   <   <   <   <   =
 2   <   <   <   <   >   1+
 3   <   <   <   =   <
 4   <   <   <   =   =
 5   <   <   <   =   >
 6   <   <   <   >   <   2+
 7   <   <   <   >   =   3-
 8   <   <   <   >   >   4+
 9   <   <   =   <   <
10   <   <   =   <   =
11   <   <   =   <   >
12   <   <   =   =   <
13   <   <   =   =   =
14   <   <   =   =   >
15   <   <   =   >   <
16   <   <   =   >   =
17   <   <   =   >   >
18   <   <   >   <   <
19   <   <   >   <   =
20   <   <   >   <   >
21   <   <   >   =   <   5-
22   <   <   >   =   =
23   <   <   >   =   >
24   <   <   >   >   <   6-
25   <   <   >   >   =   7-
26   <   <   >   >   >   8+
27   <   =   <   <   <   9-
28   <   =   <   <   =
29   <   =   <   <   >
30   <   =   <   =   <
31   <   =   <   =   =
32   <   =   <   =   >
33   <   =   <   >   <
34   <   =   <   >   =
35   <   =   <   >   >
36   <   =   =   <   <
37   <   =   =   <   =
38   <   =   =   <   >
39   <   =   =   =   <
40   <   =   =   =   =
41   <   =   =   =   >
42   <   =   =   >   <
43   <   =   =   >   =
44   <   =   =   >   >
45   <   =   >   <   <   10+
46   <   =   >   <   =
47   <   =   >   <   >
48   <   =   >   =   <
49   <   =   >   =   =
50   <   =   >   =   >   11+
51   <   =   >   >   <   12+
52   <   =   >   >   =
53   <   =   >   >   >   13+
54   <   >   <   <   <   14+
55   <   >   <   <   =
56   <   >   <   <   >   15-
57   <   >   <   =   <   16+
58   <   >   <   =   =
59   <   >   <   =   >   17-
60   <   >   <   >   <
61   <   >   <   >   =   18-
62   <   >   <   >   >   19-
63   <   >   =   <   <
64   <   >   =   <   =
65   <   >   =   <   >
66   <   >   =   =   <
67   <   >   =   =   =
68   <   >   =   =   >
69   <   >   =   >   <
70   <   >   =   >   =
71   <   >   =   >   >
72   <   >   >   <   <   20+
73   <   >   >   <   =
74   <   >   >   <   >
75   <   >   >   =   <
76   <   >   >   =   =
77   <   >   >   =   >
78   <   >   >   >   <
79   <   >   >   >   =
80   <   >   >   >   >   21-
81   =   <   <   <   <
82   =   <   <   <   =
83   =   <   <   <   >   22-
84   =   <   <   =   <   23+
85   =   <   <   =   =
86   =   <   <   =   >   24-
87   =   <   <   >   <   25-
88   =   <   <   >   =
89   =   <   <   >   >   26+
90   =   <   =   <   <   27+
91   =   <   =   <   =
92   =   <   =   <   >   28+
93   =   <   =   =   <
94   =   <   =   =   =
95   =   <   =   =   >
96   =   <   =   >   <
97   =   <   =   >   =   29-
98   =   <   =   >   >
99   =   <   >   <   <   30-
100   =   <   >   <   =
101   =   <   >   <   >
102   =   <   >   =   <
103   =   <   >   =   =
104   =   <   >   =   >   31+
105   =   <   >   >   <
106   =   <   >   >   =
107   =   <   >   >   >   32-
108   =   =   <   <   <   33-
109   =   =   <   <   =
110   =   =   <   <   >
111   =   =   <   =   <   34+
112   =   =   <   =   =
113   =   =   <   =   >   35+
114   =   =   <   >   <   36+
115   =   =   <   >   =   37+
116   =   =   <   >   >   38+
117   =   =   =   <   <
118   =   =   =   <   =
119   =   =   =   <   >
120   =   =   =   =   <
121   =   =   =   =   =
122   =   =   =   =   >
123   =   =   =   >   <
124   =   =   =   >   =
125   =   =   =   >   >
126   =   =   >   <   <   38-
127   =   =   >   <   =   37-
128   =   =   >   <   >   36-
129   =   =   >   =   <   35-
130   =   =   >   =   =
131   =   =   >   =   >   34-
132   =   =   >   >   <
133   =   =   >   >   =
134   =   =   >   >   >   33+
135   =   >   <   <   <   32+
136   =   >   <   <   =
137   =   >   <   <   >
138   =   >   <   =   <   31-
139   =   >   <   =   =
140   =   >   <   =   >
141   =   >   <   >   <
142   =   >   <   >   =
143   =   >   <   >   >   30+
144   =   >   =   <   <
145   =   >   =   <   =   29+
146   =   >   =   <   >
147   =   >   =   =   <
148   =   >   =   =   =
149   =   >   =   =   >
150   =   >   =   >   <   28-
151   =   >   =   >   =
152   =   >   =   >   >   27-
153   =   >   >   <   <   26-
154   =   >   >   <   =
155   =   >   >   <   >   25+
156   =   >   >   =   <   24+
157   =   >   >   =   =
158   =   >   >   =   >   23-
159   =   >   >   >   <   22+
160   =   >   >   >   =
161   =   >   >   >   >
162   >   <   <   <   <   21+
163   >   <   <   <   =
164   >   <   <   <   >
165   >   <   <   =   <
166   >   <   <   =   =
167   >   <   <   =   >
168   >   <   <   >   <
169   >   <   <   >   =
170   >   <   <   >   >   20-
171   >   <   =   <   <
172   >   <   =   <   =
173   >   <   =   <   >
174   >   <   =   =   <
175   >   <   =   =   =
176   >   <   =   =   >
177   >   <   =   >   <
178   >   <   =   >   =
179   >   <   =   >   >
180   >   <   >   <   <   19+
181   >   <   >   <   =   18+
182   >   <   >   <   >
183   >   <   >   =   <   17+
184   >   <   >   =   =
185   >   <   >   =   >   16-
186   >   <   >   >   <   15+
187   >   <   >   >   =
188   >   <   >   >   >   14-
189   >   =   <   <   <   13-
190   >   =   <   <   =
191   >   =   <   <   >   12-
192   >   =   <   =   <   11-
193   >   =   <   =   =
194   >   =   <   =   >
195   >   =   <   >   <
196   >   =   <   >   =
197   >   =   <   >   >   10-
198   >   =   =   <   <
199   >   =   =   <   =
200   >   =   =   <   >
201   >   =   =   =   <
202   >   =   =   =   =
203   >   =   =   =   >
204   >   =   =   >   <
205   >   =   =   >   =
206   >   =   =   >   >
207   >   =   >   <   <
208   >   =   >   <   =
209   >   =   >   <   >
210   >   =   >   =   <
211   >   =   >   =   =
212   >   =   >   =   >
213   >   =   >   >   <
214   >   =   >   >   =
215   >   =   >   >   >   9+
216   >   >   <   <   <   8-
217   >   >   <   <   =   7+
218   >   >   <   <   >   6+
219   >   >   <   =   <
220   >   >   <   =   =
221   >   >   <   =   >   5+
222   >   >   <   >   <
223   >   >   <   >   =
224   >   >   <   >   >
225   >   >   =   <   <
226   >   >   =   <   =
227   >   >   =   <   >
228   >   >   =   =   <
229   >   >   =   =   =
230   >   >   =   =   >
231   >   >   =   >   <
232   >   >   =   >   =
233   >   >   =   >   >
234   >   >   >   <   <   4-
235   >   >   >   <   =   3+
236   >   >   >   <   >   2-
237   >   >   >   =   <
238   >   >   >   =   =
239   >   >   >   =   >
240   >   >   >   >   <   1-
241   >   >   >   >   =
242   >   >   >   >   >   0+

Test 0-:
    W0: [ 0,  3,  5,  6,  7,  9, 15, 17, 18, 19, 21] < [ 1,  2,  4,  8, 10, 11, 12, 13, 14, 16, 20]
    W1: [ 0,  3,  5,  6,  7, 14, 16, 20, 22, 24, 25, 29, 30, 32] < [ 1,  2,  4,  8, 15, 17, 18, 19, 21, 23, 26, 27, 28, 31]
    W2: [ 0,  3,  8,  9, 10, 11, 12, 13, 15, 17, 18, 19, 20, 22, 24, 25, 31, 33] < [ 1,  2,  4,  5,  6,  7, 14, 16, 21, 23, 26, 30, 32, 34, 35, 36, 37, 38]
    W3: [ 0,  2,  4,  8,  9, 12, 13, 15, 22, 26, 30, 33, 36, 37, 38] < [ 1,  3,  6,  7, 10, 14, 18, 19, 20, 21, 25, 27, 28, 29, 32]
    W4: [ 0,  1,  4,  5,  6,  8,  9, 11, 13, 25, 26, 28, 30, 31, 33, 35, 38] < [ 2, 10, 12, 14, 15, 16, 17, 19, 20, 21, 22, 23, 24, 27, 32, 34, 36]
    Truth table row=[<, <, <, <, <] ix=0 result=[0-] is correct

Test 0+:
    W0: [ 0,  3,  5,  6,  7,  9, 15, 17, 18, 19, 21] > [ 1,  2,  4,  8, 10, 11, 12, 13, 14, 16, 20]
    W1: [ 0,  3,  5,  6,  7, 14, 16, 20, 22, 24, 25, 29, 30, 32] > [ 1,  2,  4,  8, 15, 17, 18, 19, 21, 23, 26, 27, 28, 31]
    W2: [ 0,  3,  8,  9, 10, 11, 12, 13, 15, 17, 18, 19, 20, 22, 24, 25, 31, 33] > [ 1,  2,  4,  5,  6,  7, 14, 16, 21, 23, 26, 30, 32, 34, 35, 36, 37, 38]
    W3: [ 0,  2,  4,  8,  9, 12, 13, 15, 22, 26, 30, 33, 36, 37, 38] > [ 1,  3,  6,  7, 10, 14, 18, 19, 20, 21, 25, 27, 28, 29, 32]
    W4: [ 0,  1,  4,  5,  6,  8,  9, 11, 13, 25, 26, 28, 30, 31, 33, 35, 38] > [ 2, 10, 12, 14, 15, 16, 17, 19, 20, 21, 22, 23, 24, 27, 32, 34, 36]
    Truth table row=[>, >, >, >, >] ix=242 result=[0+] is correct

Test 1-:
    W0: [ 0,  3,  5,  6,  7,  9, 15, 17, 18, 19, 21] > [ 1,  2,  4,  8, 10, 11, 12, 13, 14, 16, 20]
    W1: [ 0,  3,  5,  6,  7, 14, 16, 20, 22, 24, 25, 29, 30, 32] > [ 1,  2,  4,  8, 15, 17, 18, 19, 21, 23, 26, 27, 28, 31]
    W2: [ 0,  3,  8,  9, 10, 11, 12, 13, 15, 17, 18, 19, 20, 22, 24, 25, 31, 33] > [ 1,  2,  4,  5,  6,  7, 14, 16, 21, 23, 26, 30, 32, 34, 35, 36, 37, 38]
    W3: [ 0,  2,  4,  8,  9, 12, 13, 15, 22, 26, 30, 33, 36, 37, 38] > [ 1,  3,  6,  7, 10, 14, 18, 19, 20, 21, 25, 27, 28, 29, 32]
    W4: [ 0,  1,  4,  5,  6,  8,  9, 11, 13, 25, 26, 28, 30, 31, 33, 35, 38] < [ 2, 10, 12, 14, 15, 16, 17, 19, 20, 21, 22, 23, 24, 27, 32, 34, 36]
    Truth table row=[>, >, >, >, <] ix=240 result=[1-] is correct

Test 1+:
    W0: [ 0,  3,  5,  6,  7,  9, 15, 17, 18, 19, 21] < [ 1,  2,  4,  8, 10, 11, 12, 13, 14, 16, 20]
    W1: [ 0,  3,  5,  6,  7, 14, 16, 20, 22, 24, 25, 29, 30, 32] < [ 1,  2,  4,  8, 15, 17, 18, 19, 21, 23, 26, 27, 28, 31]
    W2: [ 0,  3,  8,  9, 10, 11, 12, 13, 15, 17, 18, 19, 20, 22, 24, 25, 31, 33] < [ 1,  2,  4,  5,  6,  7, 14, 16, 21, 23, 26, 30, 32, 34, 35, 36, 37, 38]
    W3: [ 0,  2,  4,  8,  9, 12, 13, 15, 22, 26, 30, 33, 36, 37, 38] < [ 1,  3,  6,  7, 10, 14, 18, 19, 20, 21, 25, 27, 28, 29, 32]
    W4: [ 0,  1,  4,  5,  6,  8,  9, 11, 13, 25, 26, 28, 30, 31, 33, 35, 38] > [ 2, 10, 12, 14, 15, 16, 17, 19, 20, 21, 22, 23, 24, 27, 32, 34, 36]
    Truth table row=[<, <, <, <, >] ix=2 result=[1+] is correct

Test 2-:
    W0: [ 0,  3,  5,  6,  7,  9, 15, 17, 18, 19, 21] > [ 1,  2,  4,  8, 10, 11, 12, 13, 14, 16, 20]
    W1: [ 0,  3,  5,  6,  7, 14, 16, 20, 22, 24, 25, 29, 30, 32] > [ 1,  2,  4,  8, 15, 17, 18, 19, 21, 23, 26, 27, 28, 31]
    W2: [ 0,  3,  8,  9, 10, 11, 12, 13, 15, 17, 18, 19, 20, 22, 24, 25, 31, 33] > [ 1,  2,  4,  5,  6,  7, 14, 16, 21, 23, 26, 30, 32, 34, 35, 36, 37, 38]
    W3: [ 0,  2,  4,  8,  9, 12, 13, 15, 22, 26, 30, 33, 36, 37, 38] < [ 1,  3,  6,  7, 10, 14, 18, 19, 20, 21, 25, 27, 28, 29, 32]
    W4: [ 0,  1,  4,  5,  6,  8,  9, 11, 13, 25, 26, 28, 30, 31, 33, 35, 38] > [ 2, 10, 12, 14, 15, 16, 17, 19, 20, 21, 22, 23, 24, 27, 32, 34, 36]
    Truth table row=[>, >, >, <, >] ix=236 result=[2-] is correct

Test 2+:
    W0: [ 0,  3,  5,  6,  7,  9, 15, 17, 18, 19, 21] < [ 1,  2,  4,  8, 10, 11, 12, 13, 14, 16, 20]
    W1: [ 0,  3,  5,  6,  7, 14, 16, 20, 22, 24, 25, 29, 30, 32] < [ 1,  2,  4,  8, 15, 17, 18, 19, 21, 23, 26, 27, 28, 31]
    W2: [ 0,  3,  8,  9, 10, 11, 12, 13, 15, 17, 18, 19, 20, 22, 24, 25, 31, 33] < [ 1,  2,  4,  5,  6,  7, 14, 16, 21, 23, 26, 30, 32, 34, 35, 36, 37, 38]
    W3: [ 0,  2,  4,  8,  9, 12, 13, 15, 22, 26, 30, 33, 36, 37, 38] > [ 1,  3,  6,  7, 10, 14, 18, 19, 20, 21, 25, 27, 28, 29, 32]
    W4: [ 0,  1,  4,  5,  6,  8,  9, 11, 13, 25, 26, 28, 30, 31, 33, 35, 38] < [ 2, 10, 12, 14, 15, 16, 17, 19, 20, 21, 22, 23, 24, 27, 32, 34, 36]
    Truth table row=[<, <, <, >, <] ix=6 result=[2+] is correct

Test 3-:
    W0: [ 0,  3,  5,  6,  7,  9, 15, 17, 18, 19, 21] < [ 1,  2,  4,  8, 10, 11, 12, 13, 14, 16, 20]
    W1: [ 0,  3,  5,  6,  7, 14, 16, 20, 22, 24, 25, 29, 30, 32] < [ 1,  2,  4,  8, 15, 17, 18, 19, 21, 23, 26, 27, 28, 31]
    W2: [ 0,  3,  8,  9, 10, 11, 12, 13, 15, 17, 18, 19, 20, 22, 24, 25, 31, 33] < [ 1,  2,  4,  5,  6,  7, 14, 16, 21, 23, 26, 30, 32, 34, 35, 36, 37, 38]
    W3: [ 0,  2,  4,  8,  9, 12, 13, 15, 22, 26, 30, 33, 36, 37, 38] > [ 1,  3,  6,  7, 10, 14, 18, 19, 20, 21, 25, 27, 28, 29, 32]
    W4: [ 0,  1,  4,  5,  6,  8,  9, 11, 13, 25, 26, 28, 30, 31, 33, 35, 38] = [ 2, 10, 12, 14, 15, 16, 17, 19, 20, 21, 22, 23, 24, 27, 32, 34, 36]
    Truth table row=[<, <, <, >, =] ix=7 result=[3-] is correct

Test 3+:
    W0: [ 0,  3,  5,  6,  7,  9, 15, 17, 18, 19, 21] > [ 1,  2,  4,  8, 10, 11, 12, 13, 14, 16, 20]
    W1: [ 0,  3,  5,  6,  7, 14, 16, 20, 22, 24, 25, 29, 30, 32] > [ 1,  2,  4,  8, 15, 17, 18, 19, 21, 23, 26, 27, 28, 31]
    W2: [ 0,  3,  8,  9, 10, 11, 12, 13, 15, 17, 18, 19, 20, 22, 24, 25, 31, 33] > [ 1,  2,  4,  5,  6,  7, 14, 16, 21, 23, 26, 30, 32, 34, 35, 36, 37, 38]
    W3: [ 0,  2,  4,  8,  9, 12, 13, 15, 22, 26, 30, 33, 36, 37, 38] < [ 1,  3,  6,  7, 10, 14, 18, 19, 20, 21, 25, 27, 28, 29, 32]
    W4: [ 0,  1,  4,  5,  6,  8,  9, 11, 13, 25, 26, 28, 30, 31, 33, 35, 38] = [ 2, 10, 12, 14, 15, 16, 17, 19, 20, 21, 22, 23, 24, 27, 32, 34, 36]
    Truth table row=[>, >, >, <, =] ix=235 result=[3+] is correct

Test 4-:
    W0: [ 0,  3,  5,  6,  7,  9, 15, 17, 18, 19, 21] > [ 1,  2,  4,  8, 10, 11, 12, 13, 14, 16, 20]
    W1: [ 0,  3,  5,  6,  7, 14, 16, 20, 22, 24, 25, 29, 30, 32] > [ 1,  2,  4,  8, 15, 17, 18, 19, 21, 23, 26, 27, 28, 31]
    W2: [ 0,  3,  8,  9, 10, 11, 12, 13, 15, 17, 18, 19, 20, 22, 24, 25, 31, 33] > [ 1,  2,  4,  5,  6,  7, 14, 16, 21, 23, 26, 30, 32, 34, 35, 36, 37, 38]
    W3: [ 0,  2,  4,  8,  9, 12, 13, 15, 22, 26, 30, 33, 36, 37, 38] < [ 1,  3,  6,  7, 10, 14, 18, 19, 20, 21, 25, 27, 28, 29, 32]
    W4: [ 0,  1,  4,  5,  6,  8,  9, 11, 13, 25, 26, 28, 30, 31, 33, 35, 38] < [ 2, 10, 12, 14, 15, 16, 17, 19, 20, 21, 22, 23, 24, 27, 32, 34, 36]
    Truth table row=[>, >, >, <, <] ix=234 result=[4-] is correct

Test 4+:
    W0: [ 0,  3,  5,  6,  7,  9, 15, 17, 18, 19, 21] < [ 1,  2,  4,  8, 10, 11, 12, 13, 14, 16, 20]
    W1: [ 0,  3,  5,  6,  7, 14, 16, 20, 22, 24, 25, 29, 30, 32] < [ 1,  2,  4,  8, 15, 17, 18, 19, 21, 23, 26, 27, 28, 31]
    W2: [ 0,  3,  8,  9, 10, 11, 12, 13, 15, 17, 18, 19, 20, 22, 24, 25, 31, 33] < [ 1,  2,  4,  5,  6,  7, 14, 16, 21, 23, 26, 30, 32, 34, 35, 36, 37, 38]
    W3: [ 0,  2,  4,  8,  9, 12, 13, 15, 22, 26, 30, 33, 36, 37, 38] > [ 1,  3,  6,  7, 10, 14, 18, 19, 20, 21, 25, 27, 28, 29, 32]
    W4: [ 0,  1,  4,  5,  6,  8,  9, 11, 13, 25, 26, 28, 30, 31, 33, 35, 38] > [ 2, 10, 12, 14, 15, 16, 17, 19, 20, 21, 22, 23, 24, 27, 32, 34, 36]
    Truth table row=[<, <, <, >, >] ix=8 result=[4+] is correct

Test 5-:
    W0: [ 0,  3,  5,  6,  7,  9, 15, 17, 18, 19, 21] < [ 1,  2,  4,  8, 10, 11, 12, 13, 14, 16, 20]
    W1: [ 0,  3,  5,  6,  7, 14, 16, 20, 22, 24, 25, 29, 30, 32] < [ 1,  2,  4,  8, 15, 17, 18, 19, 21, 23, 26, 27, 28, 31]
    W2: [ 0,  3,  8,  9, 10, 11, 12, 13, 15, 17, 18, 19, 20, 22, 24, 25, 31, 33] > [ 1,  2,  4,  5,  6,  7, 14, 16, 21, 23, 26, 30, 32, 34, 35, 36, 37, 38]
    W3: [ 0,  2,  4,  8,  9, 12, 13, 15, 22, 26, 30, 33, 36, 37, 38] = [ 1,  3,  6,  7, 10, 14, 18, 19, 20, 21, 25, 27, 28, 29, 32]
    W4: [ 0,  1,  4,  5,  6,  8,  9, 11, 13, 25, 26, 28, 30, 31, 33, 35, 38] < [ 2, 10, 12, 14, 15, 16, 17, 19, 20, 21, 22, 23, 24, 27, 32, 34, 36]
    Truth table row=[<, <, >, =, <] ix=21 result=[5-] is correct

Test 5+:
    W0: [ 0,  3,  5,  6,  7,  9, 15, 17, 18, 19, 21] > [ 1,  2,  4,  8, 10, 11, 12, 13, 14, 16, 20]
    W1: [ 0,  3,  5,  6,  7, 14, 16, 20, 22, 24, 25, 29, 30, 32] > [ 1,  2,  4,  8, 15, 17, 18, 19, 21, 23, 26, 27, 28, 31]
    W2: [ 0,  3,  8,  9, 10, 11, 12, 13, 15, 17, 18, 19, 20, 22, 24, 25, 31, 33] < [ 1,  2,  4,  5,  6,  7, 14, 16, 21, 23, 26, 30, 32, 34, 35, 36, 37, 38]
    W3: [ 0,  2,  4,  8,  9, 12, 13, 15, 22, 26, 30, 33, 36, 37, 38] = [ 1,  3,  6,  7, 10, 14, 18, 19, 20, 21, 25, 27, 28, 29, 32]
    W4: [ 0,  1,  4,  5,  6,  8,  9, 11, 13, 25, 26, 28, 30, 31, 33, 35, 38] > [ 2, 10, 12, 14, 15, 16, 17, 19, 20, 21, 22, 23, 24, 27, 32, 34, 36]
    Truth table row=[>, >, <, =, >] ix=221 result=[5+] is correct

Test 6-:
    W0: [ 0,  3,  5,  6,  7,  9, 15, 17, 18, 19, 21] < [ 1,  2,  4,  8, 10, 11, 12, 13, 14, 16, 20]
    W1: [ 0,  3,  5,  6,  7, 14, 16, 20, 22, 24, 25, 29, 30, 32] < [ 1,  2,  4,  8, 15, 17, 18, 19, 21, 23, 26, 27, 28, 31]
    W2: [ 0,  3,  8,  9, 10, 11, 12, 13, 15, 17, 18, 19, 20, 22, 24, 25, 31, 33] > [ 1,  2,  4,  5,  6,  7, 14, 16, 21, 23, 26, 30, 32, 34, 35, 36, 37, 38]
    W3: [ 0,  2,  4,  8,  9, 12, 13, 15, 22, 26, 30, 33, 36, 37, 38] > [ 1,  3,  6,  7, 10, 14, 18, 19, 20, 21, 25, 27, 28, 29, 32]
    W4: [ 0,  1,  4,  5,  6,  8,  9, 11, 13, 25, 26, 28, 30, 31, 33, 35, 38] < [ 2, 10, 12, 14, 15, 16, 17, 19, 20, 21, 22, 23, 24, 27, 32, 34, 36]
    Truth table row=[<, <, >, >, <] ix=24 result=[6-] is correct

Test 6+:
    W0: [ 0,  3,  5,  6,  7,  9, 15, 17, 18, 19, 21] > [ 1,  2,  4,  8, 10, 11, 12, 13, 14, 16, 20]
    W1: [ 0,  3,  5,  6,  7, 14, 16, 20, 22, 24, 25, 29, 30, 32] > [ 1,  2,  4,  8, 15, 17, 18, 19, 21, 23, 26, 27, 28, 31]
    W2: [ 0,  3,  8,  9, 10, 11, 12, 13, 15, 17, 18, 19, 20, 22, 24, 25, 31, 33] < [ 1,  2,  4,  5,  6,  7, 14, 16, 21, 23, 26, 30, 32, 34, 35, 36, 37, 38]
    W3: [ 0,  2,  4,  8,  9, 12, 13, 15, 22, 26, 30, 33, 36, 37, 38] < [ 1,  3,  6,  7, 10, 14, 18, 19, 20, 21, 25, 27, 28, 29, 32]
    W4: [ 0,  1,  4,  5,  6,  8,  9, 11, 13, 25, 26, 28, 30, 31, 33, 35, 38] > [ 2, 10, 12, 14, 15, 16, 17, 19, 20, 21, 22, 23, 24, 27, 32, 34, 36]
    Truth table row=[>, >, <, <, >] ix=218 result=[6+] is correct

Test 7-:
    W0: [ 0,  3,  5,  6,  7,  9, 15, 17, 18, 19, 21] < [ 1,  2,  4,  8, 10, 11, 12, 13, 14, 16, 20]
    W1: [ 0,  3,  5,  6,  7, 14, 16, 20, 22, 24, 25, 29, 30, 32] < [ 1,  2,  4,  8, 15, 17, 18, 19, 21, 23, 26, 27, 28, 31]
    W2: [ 0,  3,  8,  9, 10, 11, 12, 13, 15, 17, 18, 19, 20, 22, 24, 25, 31, 33] > [ 1,  2,  4,  5,  6,  7, 14, 16, 21, 23, 26, 30, 32, 34, 35, 36, 37, 38]
    W3: [ 0,  2,  4,  8,  9, 12, 13, 15, 22, 26, 30, 33, 36, 37, 38] > [ 1,  3,  6,  7, 10, 14, 18, 19, 20, 21, 25, 27, 28, 29, 32]
    W4: [ 0,  1,  4,  5,  6,  8,  9, 11, 13, 25, 26, 28, 30, 31, 33, 35, 38] = [ 2, 10, 12, 14, 15, 16, 17, 19, 20, 21, 22, 23, 24, 27, 32, 34, 36]
    Truth table row=[<, <, >, >, =] ix=25 result=[7-] is correct

Test 7+:
    W0: [ 0,  3,  5,  6,  7,  9, 15, 17, 18, 19, 21] > [ 1,  2,  4,  8, 10, 11, 12, 13, 14, 16, 20]
    W1: [ 0,  3,  5,  6,  7, 14, 16, 20, 22, 24, 25, 29, 30, 32] > [ 1,  2,  4,  8, 15, 17, 18, 19, 21, 23, 26, 27, 28, 31]
    W2: [ 0,  3,  8,  9, 10, 11, 12, 13, 15, 17, 18, 19, 20, 22, 24, 25, 31, 33] < [ 1,  2,  4,  5,  6,  7, 14, 16, 21, 23, 26, 30, 32, 34, 35, 36, 37, 38]
    W3: [ 0,  2,  4,  8,  9, 12, 13, 15, 22, 26, 30, 33, 36, 37, 38] < [ 1,  3,  6,  7, 10, 14, 18, 19, 20, 21, 25, 27, 28, 29, 32]
    W4: [ 0,  1,  4,  5,  6,  8,  9, 11, 13, 25, 26, 28, 30, 31, 33, 35, 38] = [ 2, 10, 12, 14, 15, 16, 17, 19, 20, 21, 22, 23, 24, 27, 32, 34, 36]
    Truth table row=[>, >, <, <, =] ix=217 result=[7+] is correct

Test 8-:
    W0: [ 0,  3,  5,  6,  7,  9, 15, 17, 18, 19, 21] > [ 1,  2,  4,  8, 10, 11, 12, 13, 14, 16, 20]
    W1: [ 0,  3,  5,  6,  7, 14, 16, 20, 22, 24, 25, 29, 30, 32] > [ 1,  2,  4,  8, 15, 17, 18, 19, 21, 23, 26, 27, 28, 31]
    W2: [ 0,  3,  8,  9, 10, 11, 12, 13, 15, 17, 18, 19, 20, 22, 24, 25, 31, 33] < [ 1,  2,  4,  5,  6,  7, 14, 16, 21, 23, 26, 30, 32, 34, 35, 36, 37, 38]
    W3: [ 0,  2,  4,  8,  9, 12, 13, 15, 22, 26, 30, 33, 36, 37, 38] < [ 1,  3,  6,  7, 10, 14, 18, 19, 20, 21, 25, 27, 28, 29, 32]
    W4: [ 0,  1,  4,  5,  6,  8,  9, 11, 13, 25, 26, 28, 30, 31, 33, 35, 38] < [ 2, 10, 12, 14, 15, 16, 17, 19, 20, 21, 22, 23, 24, 27, 32, 34, 36]
    Truth table row=[>, >, <, <, <] ix=216 result=[8-] is correct

Test 8+:
    W0: [ 0,  3,  5,  6,  7,  9, 15, 17, 18, 19, 21] < [ 1,  2,  4,  8, 10, 11, 12, 13, 14, 16, 20]
    W1: [ 0,  3,  5,  6,  7, 14, 16, 20, 22, 24, 25, 29, 30, 32] < [ 1,  2,  4,  8, 15, 17, 18, 19, 21, 23, 26, 27, 28, 31]
    W2: [ 0,  3,  8,  9, 10, 11, 12, 13, 15, 17, 18, 19, 20, 22, 24, 25, 31, 33] > [ 1,  2,  4,  5,  6,  7, 14, 16, 21, 23, 26, 30, 32, 34, 35, 36, 37, 38]
    W3: [ 0,  2,  4,  8,  9, 12, 13, 15, 22, 26, 30, 33, 36, 37, 38] > [ 1,  3,  6,  7, 10, 14, 18, 19, 20, 21, 25, 27, 28, 29, 32]
    W4: [ 0,  1,  4,  5,  6,  8,  9, 11, 13, 25, 26, 28, 30, 31, 33, 35, 38] > [ 2, 10, 12, 14, 15, 16, 17, 19, 20, 21, 22, 23, 24, 27, 32, 34, 36]
    Truth table row=[<, <, >, >, >] ix=26 result=[8+] is correct

Test 9-:
    W0: [ 0,  3,  5,  6,  7,  9, 15, 17, 18, 19, 21] < [ 1,  2,  4,  8, 10, 11, 12, 13, 14, 16, 20]
    W1: [ 0,  3,  5,  6,  7, 14, 16, 20, 22, 24, 25, 29, 30, 32] = [ 1,  2,  4,  8, 15, 17, 18, 19, 21, 23, 26, 27, 28, 31]
    W2: [ 0,  3,  8,  9, 10, 11, 12, 13, 15, 17, 18, 19, 20, 22, 24, 25, 31, 33] < [ 1,  2,  4,  5,  6,  7, 14, 16, 21, 23, 26, 30, 32, 34, 35, 36, 37, 38]
    W3: [ 0,  2,  4,  8,  9, 12, 13, 15, 22, 26, 30, 33, 36, 37, 38] < [ 1,  3,  6,  7, 10, 14, 18, 19, 20, 21, 25, 27, 28, 29, 32]
    W4: [ 0,  1,  4,  5,  6,  8,  9, 11, 13, 25, 26, 28, 30, 31, 33, 35, 38] < [ 2, 10, 12, 14, 15, 16, 17, 19, 20, 21, 22, 23, 24, 27, 32, 34, 36]
    Truth table row=[<, =, <, <, <] ix=27 result=[9-] is correct

Test 9+:
    W0: [ 0,  3,  5,  6,  7,  9, 15, 17, 18, 19, 21] > [ 1,  2,  4,  8, 10, 11, 12, 13, 14, 16, 20]
    W1: [ 0,  3,  5,  6,  7, 14, 16, 20, 22, 24, 25, 29, 30, 32] = [ 1,  2,  4,  8, 15, 17, 18, 19, 21, 23, 26, 27, 28, 31]
    W2: [ 0,  3,  8,  9, 10, 11, 12, 13, 15, 17, 18, 19, 20, 22, 24, 25, 31, 33] > [ 1,  2,  4,  5,  6,  7, 14, 16, 21, 23, 26, 30, 32, 34, 35, 36, 37, 38]
    W3: [ 0,  2,  4,  8,  9, 12, 13, 15, 22, 26, 30, 33, 36, 37, 38] > [ 1,  3,  6,  7, 10, 14, 18, 19, 20, 21, 25, 27, 28, 29, 32]
    W4: [ 0,  1,  4,  5,  6,  8,  9, 11, 13, 25, 26, 28, 30, 31, 33, 35, 38] > [ 2, 10, 12, 14, 15, 16, 17, 19, 20, 21, 22, 23, 24, 27, 32, 34, 36]
    Truth table row=[>, =, >, >, >] ix=215 result=[9+] is correct

Test 10-:
    W0: [ 0,  3,  5,  6,  7,  9, 15, 17, 18, 19, 21] > [ 1,  2,  4,  8, 10, 11, 12, 13, 14, 16, 20]
    W1: [ 0,  3,  5,  6,  7, 14, 16, 20, 22, 24, 25, 29, 30, 32] = [ 1,  2,  4,  8, 15, 17, 18, 19, 21, 23, 26, 27, 28, 31]
    W2: [ 0,  3,  8,  9, 10, 11, 12, 13, 15, 17, 18, 19, 20, 22, 24, 25, 31, 33] < [ 1,  2,  4,  5,  6,  7, 14, 16, 21, 23, 26, 30, 32, 34, 35, 36, 37, 38]
    W3: [ 0,  2,  4,  8,  9, 12, 13, 15, 22, 26, 30, 33, 36, 37, 38] > [ 1,  3,  6,  7, 10, 14, 18, 19, 20, 21, 25, 27, 28, 29, 32]
    W4: [ 0,  1,  4,  5,  6,  8,  9, 11, 13, 25, 26, 28, 30, 31, 33, 35, 38] > [ 2, 10, 12, 14, 15, 16, 17, 19, 20, 21, 22, 23, 24, 27, 32, 34, 36]
    Truth table row=[>, =, <, >, >] ix=197 result=[10-] is correct

Test 10+:
    W0: [ 0,  3,  5,  6,  7,  9, 15, 17, 18, 19, 21] < [ 1,  2,  4,  8, 10, 11, 12, 13, 14, 16, 20]
    W1: [ 0,  3,  5,  6,  7, 14, 16, 20, 22, 24, 25, 29, 30, 32] = [ 1,  2,  4,  8, 15, 17, 18, 19, 21, 23, 26, 27, 28, 31]
    W2: [ 0,  3,  8,  9, 10, 11, 12, 13, 15, 17, 18, 19, 20, 22, 24, 25, 31, 33] > [ 1,  2,  4,  5,  6,  7, 14, 16, 21, 23, 26, 30, 32, 34, 35, 36, 37, 38]
    W3: [ 0,  2,  4,  8,  9, 12, 13, 15, 22, 26, 30, 33, 36, 37, 38] < [ 1,  3,  6,  7, 10, 14, 18, 19, 20, 21, 25, 27, 28, 29, 32]
    W4: [ 0,  1,  4,  5,  6,  8,  9, 11, 13, 25, 26, 28, 30, 31, 33, 35, 38] < [ 2, 10, 12, 14, 15, 16, 17, 19, 20, 21, 22, 23, 24, 27, 32, 34, 36]
    Truth table row=[<, =, >, <, <] ix=45 result=[10+] is correct

Test 11-:
    W0: [ 0,  3,  5,  6,  7,  9, 15, 17, 18, 19, 21] > [ 1,  2,  4,  8, 10, 11, 12, 13, 14, 16, 20]
    W1: [ 0,  3,  5,  6,  7, 14, 16, 20, 22, 24, 25, 29, 30, 32] = [ 1,  2,  4,  8, 15, 17, 18, 19, 21, 23, 26, 27, 28, 31]
    W2: [ 0,  3,  8,  9, 10, 11, 12, 13, 15, 17, 18, 19, 20, 22, 24, 25, 31, 33] < [ 1,  2,  4,  5,  6,  7, 14, 16, 21, 23, 26, 30, 32, 34, 35, 36, 37, 38]
    W3: [ 0,  2,  4,  8,  9, 12, 13, 15, 22, 26, 30, 33, 36, 37, 38] = [ 1,  3,  6,  7, 10, 14, 18, 19, 20, 21, 25, 27, 28, 29, 32]
    W4: [ 0,  1,  4,  5,  6,  8,  9, 11, 13, 25, 26, 28, 30, 31, 33, 35, 38] < [ 2, 10, 12, 14, 15, 16, 17, 19, 20, 21, 22, 23, 24, 27, 32, 34, 36]
    Truth table row=[>, =, <, =, <] ix=192 result=[11-] is correct

Test 11+:
    W0: [ 0,  3,  5,  6,  7,  9, 15, 17, 18, 19, 21] < [ 1,  2,  4,  8, 10, 11, 12, 13, 14, 16, 20]
    W1: [ 0,  3,  5,  6,  7, 14, 16, 20, 22, 24, 25, 29, 30, 32] = [ 1,  2,  4,  8, 15, 17, 18, 19, 21, 23, 26, 27, 28, 31]
    W2: [ 0,  3,  8,  9, 10, 11, 12, 13, 15, 17, 18, 19, 20, 22, 24, 25, 31, 33] > [ 1,  2,  4,  5,  6,  7, 14, 16, 21, 23, 26, 30, 32, 34, 35, 36, 37, 38]
    W3: [ 0,  2,  4,  8,  9, 12, 13, 15, 22, 26, 30, 33, 36, 37, 38] = [ 1,  3,  6,  7, 10, 14, 18, 19, 20, 21, 25, 27, 28, 29, 32]
    W4: [ 0,  1,  4,  5,  6,  8,  9, 11, 13, 25, 26, 28, 30, 31, 33, 35, 38] > [ 2, 10, 12, 14, 15, 16, 17, 19, 20, 21, 22, 23, 24, 27, 32, 34, 36]
    Truth table row=[<, =, >, =, >] ix=50 result=[11+] is correct

Test 12-:
    W0: [ 0,  3,  5,  6,  7,  9, 15, 17, 18, 19, 21] > [ 1,  2,  4,  8, 10, 11, 12, 13, 14, 16, 20]
    W1: [ 0,  3,  5,  6,  7, 14, 16, 20, 22, 24, 25, 29, 30, 32] = [ 1,  2,  4,  8, 15, 17, 18, 19, 21, 23, 26, 27, 28, 31]
    W2: [ 0,  3,  8,  9, 10, 11, 12, 13, 15, 17, 18, 19, 20, 22, 24, 25, 31, 33] < [ 1,  2,  4,  5,  6,  7, 14, 16, 21, 23, 26, 30, 32, 34, 35, 36, 37, 38]
    W3: [ 0,  2,  4,  8,  9, 12, 13, 15, 22, 26, 30, 33, 36, 37, 38] < [ 1,  3,  6,  7, 10, 14, 18, 19, 20, 21, 25, 27, 28, 29, 32]
    W4: [ 0,  1,  4,  5,  6,  8,  9, 11, 13, 25, 26, 28, 30, 31, 33, 35, 38] > [ 2, 10, 12, 14, 15, 16, 17, 19, 20, 21, 22, 23, 24, 27, 32, 34, 36]
    Truth table row=[>, =, <, <, >] ix=191 result=[12-] is correct

Test 12+:
    W0: [ 0,  3,  5,  6,  7,  9, 15, 17, 18, 19, 21] < [ 1,  2,  4,  8, 10, 11, 12, 13, 14, 16, 20]
    W1: [ 0,  3,  5,  6,  7, 14, 16, 20, 22, 24, 25, 29, 30, 32] = [ 1,  2,  4,  8, 15, 17, 18, 19, 21, 23, 26, 27, 28, 31]
    W2: [ 0,  3,  8,  9, 10, 11, 12, 13, 15, 17, 18, 19, 20, 22, 24, 25, 31, 33] > [ 1,  2,  4,  5,  6,  7, 14, 16, 21, 23, 26, 30, 32, 34, 35, 36, 37, 38]
    W3: [ 0,  2,  4,  8,  9, 12, 13, 15, 22, 26, 30, 33, 36, 37, 38] > [ 1,  3,  6,  7, 10, 14, 18, 19, 20, 21, 25, 27, 28, 29, 32]
    W4: [ 0,  1,  4,  5,  6,  8,  9, 11, 13, 25, 26, 28, 30, 31, 33, 35, 38] < [ 2, 10, 12, 14, 15, 16, 17, 19, 20, 21, 22, 23, 24, 27, 32, 34, 36]
    Truth table row=[<, =, >, >, <] ix=51 result=[12+] is correct

Test 13-:
    W0: [ 0,  3,  5,  6,  7,  9, 15, 17, 18, 19, 21] > [ 1,  2,  4,  8, 10, 11, 12, 13, 14, 16, 20]
    W1: [ 0,  3,  5,  6,  7, 14, 16, 20, 22, 24, 25, 29, 30, 32] = [ 1,  2,  4,  8, 15, 17, 18, 19, 21, 23, 26, 27, 28, 31]
    W2: [ 0,  3,  8,  9, 10, 11, 12, 13, 15, 17, 18, 19, 20, 22, 24, 25, 31, 33] < [ 1,  2,  4,  5,  6,  7, 14, 16, 21, 23, 26, 30, 32, 34, 35, 36, 37, 38]
    W3: [ 0,  2,  4,  8,  9, 12, 13, 15, 22, 26, 30, 33, 36, 37, 38] < [ 1,  3,  6,  7, 10, 14, 18, 19, 20, 21, 25, 27, 28, 29, 32]
    W4: [ 0,  1,  4,  5,  6,  8,  9, 11, 13, 25, 26, 28, 30, 31, 33, 35, 38] < [ 2, 10, 12, 14, 15, 16, 17, 19, 20, 21, 22, 23, 24, 27, 32, 34, 36]
    Truth table row=[>, =, <, <, <] ix=189 result=[13-] is correct

Test 13+:
    W0: [ 0,  3,  5,  6,  7,  9, 15, 17, 18, 19, 21] < [ 1,  2,  4,  8, 10, 11, 12, 13, 14, 16, 20]
    W1: [ 0,  3,  5,  6,  7, 14, 16, 20, 22, 24, 25, 29, 30, 32] = [ 1,  2,  4,  8, 15, 17, 18, 19, 21, 23, 26, 27, 28, 31]
    W2: [ 0,  3,  8,  9, 10, 11, 12, 13, 15, 17, 18, 19, 20, 22, 24, 25, 31, 33] > [ 1,  2,  4,  5,  6,  7, 14, 16, 21, 23, 26, 30, 32, 34, 35, 36, 37, 38]
    W3: [ 0,  2,  4,  8,  9, 12, 13, 15, 22, 26, 30, 33, 36, 37, 38] > [ 1,  3,  6,  7, 10, 14, 18, 19, 20, 21, 25, 27, 28, 29, 32]
    W4: [ 0,  1,  4,  5,  6,  8,  9, 11, 13, 25, 26, 28, 30, 31, 33, 35, 38] > [ 2, 10, 12, 14, 15, 16, 17, 19, 20, 21, 22, 23, 24, 27, 32, 34, 36]
    Truth table row=[<, =, >, >, >] ix=53 result=[13+] is correct

Test 14-:
    W0: [ 0,  3,  5,  6,  7,  9, 15, 17, 18, 19, 21] > [ 1,  2,  4,  8, 10, 11, 12, 13, 14, 16, 20]
    W1: [ 0,  3,  5,  6,  7, 14, 16, 20, 22, 24, 25, 29, 30, 32] < [ 1,  2,  4,  8, 15, 17, 18, 19, 21, 23, 26, 27, 28, 31]
    W2: [ 0,  3,  8,  9, 10, 11, 12, 13, 15, 17, 18, 19, 20, 22, 24, 25, 31, 33] > [ 1,  2,  4,  5,  6,  7, 14, 16, 21, 23, 26, 30, 32, 34, 35, 36, 37, 38]
    W3: [ 0,  2,  4,  8,  9, 12, 13, 15, 22, 26, 30, 33, 36, 37, 38] > [ 1,  3,  6,  7, 10, 14, 18, 19, 20, 21, 25, 27, 28, 29, 32]
    W4: [ 0,  1,  4,  5,  6,  8,  9, 11, 13, 25, 26, 28, 30, 31, 33, 35, 38] > [ 2, 10, 12, 14, 15, 16, 17, 19, 20, 21, 22, 23, 24, 27, 32, 34, 36]
    Truth table row=[>, <, >, >, >] ix=188 result=[14-] is correct

Test 14+:
    W0: [ 0,  3,  5,  6,  7,  9, 15, 17, 18, 19, 21] < [ 1,  2,  4,  8, 10, 11, 12, 13, 14, 16, 20]
    W1: [ 0,  3,  5,  6,  7, 14, 16, 20, 22, 24, 25, 29, 30, 32] > [ 1,  2,  4,  8, 15, 17, 18, 19, 21, 23, 26, 27, 28, 31]
    W2: [ 0,  3,  8,  9, 10, 11, 12, 13, 15, 17, 18, 19, 20, 22, 24, 25, 31, 33] < [ 1,  2,  4,  5,  6,  7, 14, 16, 21, 23, 26, 30, 32, 34, 35, 36, 37, 38]
    W3: [ 0,  2,  4,  8,  9, 12, 13, 15, 22, 26, 30, 33, 36, 37, 38] < [ 1,  3,  6,  7, 10, 14, 18, 19, 20, 21, 25, 27, 28, 29, 32]
    W4: [ 0,  1,  4,  5,  6,  8,  9, 11, 13, 25, 26, 28, 30, 31, 33, 35, 38] < [ 2, 10, 12, 14, 15, 16, 17, 19, 20, 21, 22, 23, 24, 27, 32, 34, 36]
    Truth table row=[<, >, <, <, <] ix=54 result=[14+] is correct

Test 15-:
    W0: [ 0,  3,  5,  6,  7,  9, 15, 17, 18, 19, 21] < [ 1,  2,  4,  8, 10, 11, 12, 13, 14, 16, 20]
    W1: [ 0,  3,  5,  6,  7, 14, 16, 20, 22, 24, 25, 29, 30, 32] > [ 1,  2,  4,  8, 15, 17, 18, 19, 21, 23, 26, 27, 28, 31]
    W2: [ 0,  3,  8,  9, 10, 11, 12, 13, 15, 17, 18, 19, 20, 22, 24, 25, 31, 33] < [ 1,  2,  4,  5,  6,  7, 14, 16, 21, 23, 26, 30, 32, 34, 35, 36, 37, 38]
    W3: [ 0,  2,  4,  8,  9, 12, 13, 15, 22, 26, 30, 33, 36, 37, 38] < [ 1,  3,  6,  7, 10, 14, 18, 19, 20, 21, 25, 27, 28, 29, 32]
    W4: [ 0,  1,  4,  5,  6,  8,  9, 11, 13, 25, 26, 28, 30, 31, 33, 35, 38] > [ 2, 10, 12, 14, 15, 16, 17, 19, 20, 21, 22, 23, 24, 27, 32, 34, 36]
    Truth table row=[<, >, <, <, >] ix=56 result=[15-] is correct

Test 15+:
    W0: [ 0,  3,  5,  6,  7,  9, 15, 17, 18, 19, 21] > [ 1,  2,  4,  8, 10, 11, 12, 13, 14, 16, 20]
    W1: [ 0,  3,  5,  6,  7, 14, 16, 20, 22, 24, 25, 29, 30, 32] < [ 1,  2,  4,  8, 15, 17, 18, 19, 21, 23, 26, 27, 28, 31]
    W2: [ 0,  3,  8,  9, 10, 11, 12, 13, 15, 17, 18, 19, 20, 22, 24, 25, 31, 33] > [ 1,  2,  4,  5,  6,  7, 14, 16, 21, 23, 26, 30, 32, 34, 35, 36, 37, 38]
    W3: [ 0,  2,  4,  8,  9, 12, 13, 15, 22, 26, 30, 33, 36, 37, 38] > [ 1,  3,  6,  7, 10, 14, 18, 19, 20, 21, 25, 27, 28, 29, 32]
    W4: [ 0,  1,  4,  5,  6,  8,  9, 11, 13, 25, 26, 28, 30, 31, 33, 35, 38] < [ 2, 10, 12, 14, 15, 16, 17, 19, 20, 21, 22, 23, 24, 27, 32, 34, 36]
    Truth table row=[>, <, >, >, <] ix=186 result=[15+] is correct

Test 16-:
    W0: [ 0,  3,  5,  6,  7,  9, 15, 17, 18, 19, 21] > [ 1,  2,  4,  8, 10, 11, 12, 13, 14, 16, 20]
    W1: [ 0,  3,  5,  6,  7, 14, 16, 20, 22, 24, 25, 29, 30, 32] < [ 1,  2,  4,  8, 15, 17, 18, 19, 21, 23, 26, 27, 28, 31]
    W2: [ 0,  3,  8,  9, 10, 11, 12, 13, 15, 17, 18, 19, 20, 22, 24, 25, 31, 33] > [ 1,  2,  4,  5,  6,  7, 14, 16, 21, 23, 26, 30, 32, 34, 35, 36, 37, 38]
    W3: [ 0,  2,  4,  8,  9, 12, 13, 15, 22, 26, 30, 33, 36, 37, 38] = [ 1,  3,  6,  7, 10, 14, 18, 19, 20, 21, 25, 27, 28, 29, 32]
    W4: [ 0,  1,  4,  5,  6,  8,  9, 11, 13, 25, 26, 28, 30, 31, 33, 35, 38] > [ 2, 10, 12, 14, 15, 16, 17, 19, 20, 21, 22, 23, 24, 27, 32, 34, 36]
    Truth table row=[>, <, >, =, >] ix=185 result=[16-] is correct

Test 16+:
    W0: [ 0,  3,  5,  6,  7,  9, 15, 17, 18, 19, 21] < [ 1,  2,  4,  8, 10, 11, 12, 13, 14, 16, 20]
    W1: [ 0,  3,  5,  6,  7, 14, 16, 20, 22, 24, 25, 29, 30, 32] > [ 1,  2,  4,  8, 15, 17, 18, 19, 21, 23, 26, 27, 28, 31]
    W2: [ 0,  3,  8,  9, 10, 11, 12, 13, 15, 17, 18, 19, 20, 22, 24, 25, 31, 33] < [ 1,  2,  4,  5,  6,  7, 14, 16, 21, 23, 26, 30, 32, 34, 35, 36, 37, 38]
    W3: [ 0,  2,  4,  8,  9, 12, 13, 15, 22, 26, 30, 33, 36, 37, 38] = [ 1,  3,  6,  7, 10, 14, 18, 19, 20, 21, 25, 27, 28, 29, 32]
    W4: [ 0,  1,  4,  5,  6,  8,  9, 11, 13, 25, 26, 28, 30, 31, 33, 35, 38] < [ 2, 10, 12, 14, 15, 16, 17, 19, 20, 21, 22, 23, 24, 27, 32, 34, 36]
    Truth table row=[<, >, <, =, <] ix=57 result=[16+] is correct

Test 17-:
    W0: [ 0,  3,  5,  6,  7,  9, 15, 17, 18, 19, 21] < [ 1,  2,  4,  8, 10, 11, 12, 13, 14, 16, 20]
    W1: [ 0,  3,  5,  6,  7, 14, 16, 20, 22, 24, 25, 29, 30, 32] > [ 1,  2,  4,  8, 15, 17, 18, 19, 21, 23, 26, 27, 28, 31]
    W2: [ 0,  3,  8,  9, 10, 11, 12, 13, 15, 17, 18, 19, 20, 22, 24, 25, 31, 33] < [ 1,  2,  4,  5,  6,  7, 14, 16, 21, 23, 26, 30, 32, 34, 35, 36, 37, 38]
    W3: [ 0,  2,  4,  8,  9, 12, 13, 15, 22, 26, 30, 33, 36, 37, 38] = [ 1,  3,  6,  7, 10, 14, 18, 19, 20, 21, 25, 27, 28, 29, 32]
    W4: [ 0,  1,  4,  5,  6,  8,  9, 11, 13, 25, 26, 28, 30, 31, 33, 35, 38] > [ 2, 10, 12, 14, 15, 16, 17, 19, 20, 21, 22, 23, 24, 27, 32, 34, 36]
    Truth table row=[<, >, <, =, >] ix=59 result=[17-] is correct

Test 17+:
    W0: [ 0,  3,  5,  6,  7,  9, 15, 17, 18, 19, 21] > [ 1,  2,  4,  8, 10, 11, 12, 13, 14, 16, 20]
    W1: [ 0,  3,  5,  6,  7, 14, 16, 20, 22, 24, 25, 29, 30, 32] < [ 1,  2,  4,  8, 15, 17, 18, 19, 21, 23, 26, 27, 28, 31]
    W2: [ 0,  3,  8,  9, 10, 11, 12, 13, 15, 17, 18, 19, 20, 22, 24, 25, 31, 33] > [ 1,  2,  4,  5,  6,  7, 14, 16, 21, 23, 26, 30, 32, 34, 35, 36, 37, 38]
    W3: [ 0,  2,  4,  8,  9, 12, 13, 15, 22, 26, 30, 33, 36, 37, 38] = [ 1,  3,  6,  7, 10, 14, 18, 19, 20, 21, 25, 27, 28, 29, 32]
    W4: [ 0,  1,  4,  5,  6,  8,  9, 11, 13, 25, 26, 28, 30, 31, 33, 35, 38] < [ 2, 10, 12, 14, 15, 16, 17, 19, 20, 21, 22, 23, 24, 27, 32, 34, 36]
    Truth table row=[>, <, >, =, <] ix=183 result=[17+] is correct

Test 18-:
    W0: [ 0,  3,  5,  6,  7,  9, 15, 17, 18, 19, 21] < [ 1,  2,  4,  8, 10, 11, 12, 13, 14, 16, 20]
    W1: [ 0,  3,  5,  6,  7, 14, 16, 20, 22, 24, 25, 29, 30, 32] > [ 1,  2,  4,  8, 15, 17, 18, 19, 21, 23, 26, 27, 28, 31]
    W2: [ 0,  3,  8,  9, 10, 11, 12, 13, 15, 17, 18, 19, 20, 22, 24, 25, 31, 33] < [ 1,  2,  4,  5,  6,  7, 14, 16, 21, 23, 26, 30, 32, 34, 35, 36, 37, 38]
    W3: [ 0,  2,  4,  8,  9, 12, 13, 15, 22, 26, 30, 33, 36, 37, 38] > [ 1,  3,  6,  7, 10, 14, 18, 19, 20, 21, 25, 27, 28, 29, 32]
    W4: [ 0,  1,  4,  5,  6,  8,  9, 11, 13, 25, 26, 28, 30, 31, 33, 35, 38] = [ 2, 10, 12, 14, 15, 16, 17, 19, 20, 21, 22, 23, 24, 27, 32, 34, 36]
    Truth table row=[<, >, <, >, =] ix=61 result=[18-] is correct

Test 18+:
    W0: [ 0,  3,  5,  6,  7,  9, 15, 17, 18, 19, 21] > [ 1,  2,  4,  8, 10, 11, 12, 13, 14, 16, 20]
    W1: [ 0,  3,  5,  6,  7, 14, 16, 20, 22, 24, 25, 29, 30, 32] < [ 1,  2,  4,  8, 15, 17, 18, 19, 21, 23, 26, 27, 28, 31]
    W2: [ 0,  3,  8,  9, 10, 11, 12, 13, 15, 17, 18, 19, 20, 22, 24, 25, 31, 33] > [ 1,  2,  4,  5,  6,  7, 14, 16, 21, 23, 26, 30, 32, 34, 35, 36, 37, 38]
    W3: [ 0,  2,  4,  8,  9, 12, 13, 15, 22, 26, 30, 33, 36, 37, 38] < [ 1,  3,  6,  7, 10, 14, 18, 19, 20, 21, 25, 27, 28, 29, 32]
    W4: [ 0,  1,  4,  5,  6,  8,  9, 11, 13, 25, 26, 28, 30, 31, 33, 35, 38] = [ 2, 10, 12, 14, 15, 16, 17, 19, 20, 21, 22, 23, 24, 27, 32, 34, 36]
    Truth table row=[>, <, >, <, =] ix=181 result=[18+] is correct

Test 19-:
    W0: [ 0,  3,  5,  6,  7,  9, 15, 17, 18, 19, 21] < [ 1,  2,  4,  8, 10, 11, 12, 13, 14, 16, 20]
    W1: [ 0,  3,  5,  6,  7, 14, 16, 20, 22, 24, 25, 29, 30, 32] > [ 1,  2,  4,  8, 15, 17, 18, 19, 21, 23, 26, 27, 28, 31]
    W2: [ 0,  3,  8,  9, 10, 11, 12, 13, 15, 17, 18, 19, 20, 22, 24, 25, 31, 33] < [ 1,  2,  4,  5,  6,  7, 14, 16, 21, 23, 26, 30, 32, 34, 35, 36, 37, 38]
    W3: [ 0,  2,  4,  8,  9, 12, 13, 15, 22, 26, 30, 33, 36, 37, 38] > [ 1,  3,  6,  7, 10, 14, 18, 19, 20, 21, 25, 27, 28, 29, 32]
    W4: [ 0,  1,  4,  5,  6,  8,  9, 11, 13, 25, 26, 28, 30, 31, 33, 35, 38] > [ 2, 10, 12, 14, 15, 16, 17, 19, 20, 21, 22, 23, 24, 27, 32, 34, 36]
    Truth table row=[<, >, <, >, >] ix=62 result=[19-] is correct

Test 19+:
    W0: [ 0,  3,  5,  6,  7,  9, 15, 17, 18, 19, 21] > [ 1,  2,  4,  8, 10, 11, 12, 13, 14, 16, 20]
    W1: [ 0,  3,  5,  6,  7, 14, 16, 20, 22, 24, 25, 29, 30, 32] < [ 1,  2,  4,  8, 15, 17, 18, 19, 21, 23, 26, 27, 28, 31]
    W2: [ 0,  3,  8,  9, 10, 11, 12, 13, 15, 17, 18, 19, 20, 22, 24, 25, 31, 33] > [ 1,  2,  4,  5,  6,  7, 14, 16, 21, 23, 26, 30, 32, 34, 35, 36, 37, 38]
    W3: [ 0,  2,  4,  8,  9, 12, 13, 15, 22, 26, 30, 33, 36, 37, 38] < [ 1,  3,  6,  7, 10, 14, 18, 19, 20, 21, 25, 27, 28, 29, 32]
    W4: [ 0,  1,  4,  5,  6,  8,  9, 11, 13, 25, 26, 28, 30, 31, 33, 35, 38] < [ 2, 10, 12, 14, 15, 16, 17, 19, 20, 21, 22, 23, 24, 27, 32, 34, 36]
    Truth table row=[>, <, >, <, <] ix=180 result=[19+] is correct

Test 20-:
    W0: [ 0,  3,  5,  6,  7,  9, 15, 17, 18, 19, 21] > [ 1,  2,  4,  8, 10, 11, 12, 13, 14, 16, 20]
    W1: [ 0,  3,  5,  6,  7, 14, 16, 20, 22, 24, 25, 29, 30, 32] < [ 1,  2,  4,  8, 15, 17, 18, 19, 21, 23, 26, 27, 28, 31]
    W2: [ 0,  3,  8,  9, 10, 11, 12, 13, 15, 17, 18, 19, 20, 22, 24, 25, 31, 33] < [ 1,  2,  4,  5,  6,  7, 14, 16, 21, 23, 26, 30, 32, 34, 35, 36, 37, 38]
    W3: [ 0,  2,  4,  8,  9, 12, 13, 15, 22, 26, 30, 33, 36, 37, 38] > [ 1,  3,  6,  7, 10, 14, 18, 19, 20, 21, 25, 27, 28, 29, 32]
    W4: [ 0,  1,  4,  5,  6,  8,  9, 11, 13, 25, 26, 28, 30, 31, 33, 35, 38] > [ 2, 10, 12, 14, 15, 16, 17, 19, 20, 21, 22, 23, 24, 27, 32, 34, 36]
    Truth table row=[>, <, <, >, >] ix=170 result=[20-] is correct

Test 20+:
    W0: [ 0,  3,  5,  6,  7,  9, 15, 17, 18, 19, 21] < [ 1,  2,  4,  8, 10, 11, 12, 13, 14, 16, 20]
    W1: [ 0,  3,  5,  6,  7, 14, 16, 20, 22, 24, 25, 29, 30, 32] > [ 1,  2,  4,  8, 15, 17, 18, 19, 21, 23, 26, 27, 28, 31]
    W2: [ 0,  3,  8,  9, 10, 11, 12, 13, 15, 17, 18, 19, 20, 22, 24, 25, 31, 33] > [ 1,  2,  4,  5,  6,  7, 14, 16, 21, 23, 26, 30, 32, 34, 35, 36, 37, 38]
    W3: [ 0,  2,  4,  8,  9, 12, 13, 15, 22, 26, 30, 33, 36, 37, 38] < [ 1,  3,  6,  7, 10, 14, 18, 19, 20, 21, 25, 27, 28, 29, 32]
    W4: [ 0,  1,  4,  5,  6,  8,  9, 11, 13, 25, 26, 28, 30, 31, 33, 35, 38] < [ 2, 10, 12, 14, 15, 16, 17, 19, 20, 21, 22, 23, 24, 27, 32, 34, 36]
    Truth table row=[<, >, >, <, <] ix=72 result=[20+] is correct

Test 21-:
    W0: [ 0,  3,  5,  6,  7,  9, 15, 17, 18, 19, 21] < [ 1,  2,  4,  8, 10, 11, 12, 13, 14, 16, 20]
    W1: [ 0,  3,  5,  6,  7, 14, 16, 20, 22, 24, 25, 29, 30, 32] > [ 1,  2,  4,  8, 15, 17, 18, 19, 21, 23, 26, 27, 28, 31]
    W2: [ 0,  3,  8,  9, 10, 11, 12, 13, 15, 17, 18, 19, 20, 22, 24, 25, 31, 33] > [ 1,  2,  4,  5,  6,  7, 14, 16, 21, 23, 26, 30, 32, 34, 35, 36, 37, 38]
    W3: [ 0,  2,  4,  8,  9, 12, 13, 15, 22, 26, 30, 33, 36, 37, 38] > [ 1,  3,  6,  7, 10, 14, 18, 19, 20, 21, 25, 27, 28, 29, 32]
    W4: [ 0,  1,  4,  5,  6,  8,  9, 11, 13, 25, 26, 28, 30, 31, 33, 35, 38] > [ 2, 10, 12, 14, 15, 16, 17, 19, 20, 21, 22, 23, 24, 27, 32, 34, 36]
    Truth table row=[<, >, >, >, >] ix=80 result=[21-] is correct

Test 21+:
    W0: [ 0,  3,  5,  6,  7,  9, 15, 17, 18, 19, 21] > [ 1,  2,  4,  8, 10, 11, 12, 13, 14, 16, 20]
    W1: [ 0,  3,  5,  6,  7, 14, 16, 20, 22, 24, 25, 29, 30, 32] < [ 1,  2,  4,  8, 15, 17, 18, 19, 21, 23, 26, 27, 28, 31]
    W2: [ 0,  3,  8,  9, 10, 11, 12, 13, 15, 17, 18, 19, 20, 22, 24, 25, 31, 33] < [ 1,  2,  4,  5,  6,  7, 14, 16, 21, 23, 26, 30, 32, 34, 35, 36, 37, 38]
    W3: [ 0,  2,  4,  8,  9, 12, 13, 15, 22, 26, 30, 33, 36, 37, 38] < [ 1,  3,  6,  7, 10, 14, 18, 19, 20, 21, 25, 27, 28, 29, 32]
    W4: [ 0,  1,  4,  5,  6,  8,  9, 11, 13, 25, 26, 28, 30, 31, 33, 35, 38] < [ 2, 10, 12, 14, 15, 16, 17, 19, 20, 21, 22, 23, 24, 27, 32, 34, 36]
    Truth table row=[>, <, <, <, <] ix=162 result=[21+] is correct

Test 22-:
    W0: [ 0,  3,  5,  6,  7,  9, 15, 17, 18, 19, 21] = [ 1,  2,  4,  8, 10, 11, 12, 13, 14, 16, 20]
    W1: [ 0,  3,  5,  6,  7, 14, 16, 20, 22, 24, 25, 29, 30, 32] < [ 1,  2,  4,  8, 15, 17, 18, 19, 21, 23, 26, 27, 28, 31]
    W2: [ 0,  3,  8,  9, 10, 11, 12, 13, 15, 17, 18, 19, 20, 22, 24, 25, 31, 33] < [ 1,  2,  4,  5,  6,  7, 14, 16, 21, 23, 26, 30, 32, 34, 35, 36, 37, 38]
    W3: [ 0,  2,  4,  8,  9, 12, 13, 15, 22, 26, 30, 33, 36, 37, 38] < [ 1,  3,  6,  7, 10, 14, 18, 19, 20, 21, 25, 27, 28, 29, 32]
    W4: [ 0,  1,  4,  5,  6,  8,  9, 11, 13, 25, 26, 28, 30, 31, 33, 35, 38] > [ 2, 10, 12, 14, 15, 16, 17, 19, 20, 21, 22, 23, 24, 27, 32, 34, 36]
    Truth table row=[=, <, <, <, >] ix=83 result=[22-] is correct

Test 22+:
    W0: [ 0,  3,  5,  6,  7,  9, 15, 17, 18, 19, 21] = [ 1,  2,  4,  8, 10, 11, 12, 13, 14, 16, 20]
    W1: [ 0,  3,  5,  6,  7, 14, 16, 20, 22, 24, 25, 29, 30, 32] > [ 1,  2,  4,  8, 15, 17, 18, 19, 21, 23, 26, 27, 28, 31]
    W2: [ 0,  3,  8,  9, 10, 11, 12, 13, 15, 17, 18, 19, 20, 22, 24, 25, 31, 33] > [ 1,  2,  4,  5,  6,  7, 14, 16, 21, 23, 26, 30, 32, 34, 35, 36, 37, 38]
    W3: [ 0,  2,  4,  8,  9, 12, 13, 15, 22, 26, 30, 33, 36, 37, 38] > [ 1,  3,  6,  7, 10, 14, 18, 19, 20, 21, 25, 27, 28, 29, 32]
    W4: [ 0,  1,  4,  5,  6,  8,  9, 11, 13, 25, 26, 28, 30, 31, 33, 35, 38] < [ 2, 10, 12, 14, 15, 16, 17, 19, 20, 21, 22, 23, 24, 27, 32, 34, 36]
    Truth table row=[=, >, >, >, <] ix=159 result=[22+] is correct

Test 23-:
    W0: [ 0,  3,  5,  6,  7,  9, 15, 17, 18, 19, 21] = [ 1,  2,  4,  8, 10, 11, 12, 13, 14, 16, 20]
    W1: [ 0,  3,  5,  6,  7, 14, 16, 20, 22, 24, 25, 29, 30, 32] > [ 1,  2,  4,  8, 15, 17, 18, 19, 21, 23, 26, 27, 28, 31]
    W2: [ 0,  3,  8,  9, 10, 11, 12, 13, 15, 17, 18, 19, 20, 22, 24, 25, 31, 33] > [ 1,  2,  4,  5,  6,  7, 14, 16, 21, 23, 26, 30, 32, 34, 35, 36, 37, 38]
    W3: [ 0,  2,  4,  8,  9, 12, 13, 15, 22, 26, 30, 33, 36, 37, 38] = [ 1,  3,  6,  7, 10, 14, 18, 19, 20, 21, 25, 27, 28, 29, 32]
    W4: [ 0,  1,  4,  5,  6,  8,  9, 11, 13, 25, 26, 28, 30, 31, 33, 35, 38] > [ 2, 10, 12, 14, 15, 16, 17, 19, 20, 21, 22, 23, 24, 27, 32, 34, 36]
    Truth table row=[=, >, >, =, >] ix=158 result=[23-] is correct

Test 23+:
    W0: [ 0,  3,  5,  6,  7,  9, 15, 17, 18, 19, 21] = [ 1,  2,  4,  8, 10, 11, 12, 13, 14, 16, 20]
    W1: [ 0,  3,  5,  6,  7, 14, 16, 20, 22, 24, 25, 29, 30, 32] < [ 1,  2,  4,  8, 15, 17, 18, 19, 21, 23, 26, 27, 28, 31]
    W2: [ 0,  3,  8,  9, 10, 11, 12, 13, 15, 17, 18, 19, 20, 22, 24, 25, 31, 33] < [ 1,  2,  4,  5,  6,  7, 14, 16, 21, 23, 26, 30, 32, 34, 35, 36, 37, 38]
    W3: [ 0,  2,  4,  8,  9, 12, 13, 15, 22, 26, 30, 33, 36, 37, 38] = [ 1,  3,  6,  7, 10, 14, 18, 19, 20, 21, 25, 27, 28, 29, 32]
    W4: [ 0,  1,  4,  5,  6,  8,  9, 11, 13, 25, 26, 28, 30, 31, 33, 35, 38] < [ 2, 10, 12, 14, 15, 16, 17, 19, 20, 21, 22, 23, 24, 27, 32, 34, 36]
    Truth table row=[=, <, <, =, <] ix=84 result=[23+] is correct

Test 24-:
    W0: [ 0,  3,  5,  6,  7,  9, 15, 17, 18, 19, 21] = [ 1,  2,  4,  8, 10, 11, 12, 13, 14, 16, 20]
    W1: [ 0,  3,  5,  6,  7, 14, 16, 20, 22, 24, 25, 29, 30, 32] < [ 1,  2,  4,  8, 15, 17, 18, 19, 21, 23, 26, 27, 28, 31]
    W2: [ 0,  3,  8,  9, 10, 11, 12, 13, 15, 17, 18, 19, 20, 22, 24, 25, 31, 33] < [ 1,  2,  4,  5,  6,  7, 14, 16, 21, 23, 26, 30, 32, 34, 35, 36, 37, 38]
    W3: [ 0,  2,  4,  8,  9, 12, 13, 15, 22, 26, 30, 33, 36, 37, 38] = [ 1,  3,  6,  7, 10, 14, 18, 19, 20, 21, 25, 27, 28, 29, 32]
    W4: [ 0,  1,  4,  5,  6,  8,  9, 11, 13, 25, 26, 28, 30, 31, 33, 35, 38] > [ 2, 10, 12, 14, 15, 16, 17, 19, 20, 21, 22, 23, 24, 27, 32, 34, 36]
    Truth table row=[=, <, <, =, >] ix=86 result=[24-] is correct

Test 24+:
    W0: [ 0,  3,  5,  6,  7,  9, 15, 17, 18, 19, 21] = [ 1,  2,  4,  8, 10, 11, 12, 13, 14, 16, 20]
    W1: [ 0,  3,  5,  6,  7, 14, 16, 20, 22, 24, 25, 29, 30, 32] > [ 1,  2,  4,  8, 15, 17, 18, 19, 21, 23, 26, 27, 28, 31]
    W2: [ 0,  3,  8,  9, 10, 11, 12, 13, 15, 17, 18, 19, 20, 22, 24, 25, 31, 33] > [ 1,  2,  4,  5,  6,  7, 14, 16, 21, 23, 26, 30, 32, 34, 35, 36, 37, 38]
    W3: [ 0,  2,  4,  8,  9, 12, 13, 15, 22, 26, 30, 33, 36, 37, 38] = [ 1,  3,  6,  7, 10, 14, 18, 19, 20, 21, 25, 27, 28, 29, 32]
    W4: [ 0,  1,  4,  5,  6,  8,  9, 11, 13, 25, 26, 28, 30, 31, 33, 35, 38] < [ 2, 10, 12, 14, 15, 16, 17, 19, 20, 21, 22, 23, 24, 27, 32, 34, 36]
    Truth table row=[=, >, >, =, <] ix=156 result=[24+] is correct

Test 25-:
    W0: [ 0,  3,  5,  6,  7,  9, 15, 17, 18, 19, 21] = [ 1,  2,  4,  8, 10, 11, 12, 13, 14, 16, 20]
    W1: [ 0,  3,  5,  6,  7, 14, 16, 20, 22, 24, 25, 29, 30, 32] < [ 1,  2,  4,  8, 15, 17, 18, 19, 21, 23, 26, 27, 28, 31]
    W2: [ 0,  3,  8,  9, 10, 11, 12, 13, 15, 17, 18, 19, 20, 22, 24, 25, 31, 33] < [ 1,  2,  4,  5,  6,  7, 14, 16, 21, 23, 26, 30, 32, 34, 35, 36, 37, 38]
    W3: [ 0,  2,  4,  8,  9, 12, 13, 15, 22, 26, 30, 33, 36, 37, 38] > [ 1,  3,  6,  7, 10, 14, 18, 19, 20, 21, 25, 27, 28, 29, 32]
    W4: [ 0,  1,  4,  5,  6,  8,  9, 11, 13, 25, 26, 28, 30, 31, 33, 35, 38] < [ 2, 10, 12, 14, 15, 16, 17, 19, 20, 21, 22, 23, 24, 27, 32, 34, 36]
    Truth table row=[=, <, <, >, <] ix=87 result=[25-] is correct

Test 25+:
    W0: [ 0,  3,  5,  6,  7,  9, 15, 17, 18, 19, 21] = [ 1,  2,  4,  8, 10, 11, 12, 13, 14, 16, 20]
    W1: [ 0,  3,  5,  6,  7, 14, 16, 20, 22, 24, 25, 29, 30, 32] > [ 1,  2,  4,  8, 15, 17, 18, 19, 21, 23, 26, 27, 28, 31]
    W2: [ 0,  3,  8,  9, 10, 11, 12, 13, 15, 17, 18, 19, 20, 22, 24, 25, 31, 33] > [ 1,  2,  4,  5,  6,  7, 14, 16, 21, 23, 26, 30, 32, 34, 35, 36, 37, 38]
    W3: [ 0,  2,  4,  8,  9, 12, 13, 15, 22, 26, 30, 33, 36, 37, 38] < [ 1,  3,  6,  7, 10, 14, 18, 19, 20, 21, 25, 27, 28, 29, 32]
    W4: [ 0,  1,  4,  5,  6,  8,  9, 11, 13, 25, 26, 28, 30, 31, 33, 35, 38] > [ 2, 10, 12, 14, 15, 16, 17, 19, 20, 21, 22, 23, 24, 27, 32, 34, 36]
    Truth table row=[=, >, >, <, >] ix=155 result=[25+] is correct

Test 26-:
    W0: [ 0,  3,  5,  6,  7,  9, 15, 17, 18, 19, 21] = [ 1,  2,  4,  8, 10, 11, 12, 13, 14, 16, 20]
    W1: [ 0,  3,  5,  6,  7, 14, 16, 20, 22, 24, 25, 29, 30, 32] > [ 1,  2,  4,  8, 15, 17, 18, 19, 21, 23, 26, 27, 28, 31]
    W2: [ 0,  3,  8,  9, 10, 11, 12, 13, 15, 17, 18, 19, 20, 22, 24, 25, 31, 33] > [ 1,  2,  4,  5,  6,  7, 14, 16, 21, 23, 26, 30, 32, 34, 35, 36, 37, 38]
    W3: [ 0,  2,  4,  8,  9, 12, 13, 15, 22, 26, 30, 33, 36, 37, 38] < [ 1,  3,  6,  7, 10, 14, 18, 19, 20, 21, 25, 27, 28, 29, 32]
    W4: [ 0,  1,  4,  5,  6,  8,  9, 11, 13, 25, 26, 28, 30, 31, 33, 35, 38] < [ 2, 10, 12, 14, 15, 16, 17, 19, 20, 21, 22, 23, 24, 27, 32, 34, 36]
    Truth table row=[=, >, >, <, <] ix=153 result=[26-] is correct

Test 26+:
    W0: [ 0,  3,  5,  6,  7,  9, 15, 17, 18, 19, 21] = [ 1,  2,  4,  8, 10, 11, 12, 13, 14, 16, 20]
    W1: [ 0,  3,  5,  6,  7, 14, 16, 20, 22, 24, 25, 29, 30, 32] < [ 1,  2,  4,  8, 15, 17, 18, 19, 21, 23, 26, 27, 28, 31]
    W2: [ 0,  3,  8,  9, 10, 11, 12, 13, 15, 17, 18, 19, 20, 22, 24, 25, 31, 33] < [ 1,  2,  4,  5,  6,  7, 14, 16, 21, 23, 26, 30, 32, 34, 35, 36, 37, 38]
    W3: [ 0,  2,  4,  8,  9, 12, 13, 15, 22, 26, 30, 33, 36, 37, 38] > [ 1,  3,  6,  7, 10, 14, 18, 19, 20, 21, 25, 27, 28, 29, 32]
    W4: [ 0,  1,  4,  5,  6,  8,  9, 11, 13, 25, 26, 28, 30, 31, 33, 35, 38] > [ 2, 10, 12, 14, 15, 16, 17, 19, 20, 21, 22, 23, 24, 27, 32, 34, 36]
    Truth table row=[=, <, <, >, >] ix=89 result=[26+] is correct

Test 27-:
    W0: [ 0,  3,  5,  6,  7,  9, 15, 17, 18, 19, 21] = [ 1,  2,  4,  8, 10, 11, 12, 13, 14, 16, 20]
    W1: [ 0,  3,  5,  6,  7, 14, 16, 20, 22, 24, 25, 29, 30, 32] > [ 1,  2,  4,  8, 15, 17, 18, 19, 21, 23, 26, 27, 28, 31]
    W2: [ 0,  3,  8,  9, 10, 11, 12, 13, 15, 17, 18, 19, 20, 22, 24, 25, 31, 33] = [ 1,  2,  4,  5,  6,  7, 14, 16, 21, 23, 26, 30, 32, 34, 35, 36, 37, 38]
    W3: [ 0,  2,  4,  8,  9, 12, 13, 15, 22, 26, 30, 33, 36, 37, 38] > [ 1,  3,  6,  7, 10, 14, 18, 19, 20, 21, 25, 27, 28, 29, 32]
    W4: [ 0,  1,  4,  5,  6,  8,  9, 11, 13, 25, 26, 28, 30, 31, 33, 35, 38] > [ 2, 10, 12, 14, 15, 16, 17, 19, 20, 21, 22, 23, 24, 27, 32, 34, 36]
    Truth table row=[=, >, =, >, >] ix=152 result=[27-] is correct

Test 27+:
    W0: [ 0,  3,  5,  6,  7,  9, 15, 17, 18, 19, 21] = [ 1,  2,  4,  8, 10, 11, 12, 13, 14, 16, 20]
    W1: [ 0,  3,  5,  6,  7, 14, 16, 20, 22, 24, 25, 29, 30, 32] < [ 1,  2,  4,  8, 15, 17, 18, 19, 21, 23, 26, 27, 28, 31]
    W2: [ 0,  3,  8,  9, 10, 11, 12, 13, 15, 17, 18, 19, 20, 22, 24, 25, 31, 33] = [ 1,  2,  4,  5,  6,  7, 14, 16, 21, 23, 26, 30, 32, 34, 35, 36, 37, 38]
    W3: [ 0,  2,  4,  8,  9, 12, 13, 15, 22, 26, 30, 33, 36, 37, 38] < [ 1,  3,  6,  7, 10, 14, 18, 19, 20, 21, 25, 27, 28, 29, 32]
    W4: [ 0,  1,  4,  5,  6,  8,  9, 11, 13, 25, 26, 28, 30, 31, 33, 35, 38] < [ 2, 10, 12, 14, 15, 16, 17, 19, 20, 21, 22, 23, 24, 27, 32, 34, 36]
    Truth table row=[=, <, =, <, <] ix=90 result=[27+] is correct

Test 28-:
    W0: [ 0,  3,  5,  6,  7,  9, 15, 17, 18, 19, 21] = [ 1,  2,  4,  8, 10, 11, 12, 13, 14, 16, 20]
    W1: [ 0,  3,  5,  6,  7, 14, 16, 20, 22, 24, 25, 29, 30, 32] > [ 1,  2,  4,  8, 15, 17, 18, 19, 21, 23, 26, 27, 28, 31]
    W2: [ 0,  3,  8,  9, 10, 11, 12, 13, 15, 17, 18, 19, 20, 22, 24, 25, 31, 33] = [ 1,  2,  4,  5,  6,  7, 14, 16, 21, 23, 26, 30, 32, 34, 35, 36, 37, 38]
    W3: [ 0,  2,  4,  8,  9, 12, 13, 15, 22, 26, 30, 33, 36, 37, 38] > [ 1,  3,  6,  7, 10, 14, 18, 19, 20, 21, 25, 27, 28, 29, 32]
    W4: [ 0,  1,  4,  5,  6,  8,  9, 11, 13, 25, 26, 28, 30, 31, 33, 35, 38] < [ 2, 10, 12, 14, 15, 16, 17, 19, 20, 21, 22, 23, 24, 27, 32, 34, 36]
    Truth table row=[=, >, =, >, <] ix=150 result=[28-] is correct

Test 28+:
    W0: [ 0,  3,  5,  6,  7,  9, 15, 17, 18, 19, 21] = [ 1,  2,  4,  8, 10, 11, 12, 13, 14, 16, 20]
    W1: [ 0,  3,  5,  6,  7, 14, 16, 20, 22, 24, 25, 29, 30, 32] < [ 1,  2,  4,  8, 15, 17, 18, 19, 21, 23, 26, 27, 28, 31]
    W2: [ 0,  3,  8,  9, 10, 11, 12, 13, 15, 17, 18, 19, 20, 22, 24, 25, 31, 33] = [ 1,  2,  4,  5,  6,  7, 14, 16, 21, 23, 26, 30, 32, 34, 35, 36, 37, 38]
    W3: [ 0,  2,  4,  8,  9, 12, 13, 15, 22, 26, 30, 33, 36, 37, 38] < [ 1,  3,  6,  7, 10, 14, 18, 19, 20, 21, 25, 27, 28, 29, 32]
    W4: [ 0,  1,  4,  5,  6,  8,  9, 11, 13, 25, 26, 28, 30, 31, 33, 35, 38] > [ 2, 10, 12, 14, 15, 16, 17, 19, 20, 21, 22, 23, 24, 27, 32, 34, 36]
    Truth table row=[=, <, =, <, >] ix=92 result=[28+] is correct

Test 29-:
    W0: [ 0,  3,  5,  6,  7,  9, 15, 17, 18, 19, 21] = [ 1,  2,  4,  8, 10, 11, 12, 13, 14, 16, 20]
    W1: [ 0,  3,  5,  6,  7, 14, 16, 20, 22, 24, 25, 29, 30, 32] < [ 1,  2,  4,  8, 15, 17, 18, 19, 21, 23, 26, 27, 28, 31]
    W2: [ 0,  3,  8,  9, 10, 11, 12, 13, 15, 17, 18, 19, 20, 22, 24, 25, 31, 33] = [ 1,  2,  4,  5,  6,  7, 14, 16, 21, 23, 26, 30, 32, 34, 35, 36, 37, 38]
    W3: [ 0,  2,  4,  8,  9, 12, 13, 15, 22, 26, 30, 33, 36, 37, 38] > [ 1,  3,  6,  7, 10, 14, 18, 19, 20, 21, 25, 27, 28, 29, 32]
    W4: [ 0,  1,  4,  5,  6,  8,  9, 11, 13, 25, 26, 28, 30, 31, 33, 35, 38] = [ 2, 10, 12, 14, 15, 16, 17, 19, 20, 21, 22, 23, 24, 27, 32, 34, 36]
    Truth table row=[=, <, =, >, =] ix=97 result=[29-] is correct

Test 29+:
    W0: [ 0,  3,  5,  6,  7,  9, 15, 17, 18, 19, 21] = [ 1,  2,  4,  8, 10, 11, 12, 13, 14, 16, 20]
    W1: [ 0,  3,  5,  6,  7, 14, 16, 20, 22, 24, 25, 29, 30, 32] > [ 1,  2,  4,  8, 15, 17, 18, 19, 21, 23, 26, 27, 28, 31]
    W2: [ 0,  3,  8,  9, 10, 11, 12, 13, 15, 17, 18, 19, 20, 22, 24, 25, 31, 33] = [ 1,  2,  4,  5,  6,  7, 14, 16, 21, 23, 26, 30, 32, 34, 35, 36, 37, 38]
    W3: [ 0,  2,  4,  8,  9, 12, 13, 15, 22, 26, 30, 33, 36, 37, 38] < [ 1,  3,  6,  7, 10, 14, 18, 19, 20, 21, 25, 27, 28, 29, 32]
    W4: [ 0,  1,  4,  5,  6,  8,  9, 11, 13, 25, 26, 28, 30, 31, 33, 35, 38] = [ 2, 10, 12, 14, 15, 16, 17, 19, 20, 21, 22, 23, 24, 27, 32, 34, 36]
    Truth table row=[=, >, =, <, =] ix=145 result=[29+] is correct

Test 30-:
    W0: [ 0,  3,  5,  6,  7,  9, 15, 17, 18, 19, 21] = [ 1,  2,  4,  8, 10, 11, 12, 13, 14, 16, 20]
    W1: [ 0,  3,  5,  6,  7, 14, 16, 20, 22, 24, 25, 29, 30, 32] < [ 1,  2,  4,  8, 15, 17, 18, 19, 21, 23, 26, 27, 28, 31]
    W2: [ 0,  3,  8,  9, 10, 11, 12, 13, 15, 17, 18, 19, 20, 22, 24, 25, 31, 33] > [ 1,  2,  4,  5,  6,  7, 14, 16, 21, 23, 26, 30, 32, 34, 35, 36, 37, 38]
    W3: [ 0,  2,  4,  8,  9, 12, 13, 15, 22, 26, 30, 33, 36, 37, 38] < [ 1,  3,  6,  7, 10, 14, 18, 19, 20, 21, 25, 27, 28, 29, 32]
    W4: [ 0,  1,  4,  5,  6,  8,  9, 11, 13, 25, 26, 28, 30, 31, 33, 35, 38] < [ 2, 10, 12, 14, 15, 16, 17, 19, 20, 21, 22, 23, 24, 27, 32, 34, 36]
    Truth table row=[=, <, >, <, <] ix=99 result=[30-] is correct

Test 30+:
    W0: [ 0,  3,  5,  6,  7,  9, 15, 17, 18, 19, 21] = [ 1,  2,  4,  8, 10, 11, 12, 13, 14, 16, 20]
    W1: [ 0,  3,  5,  6,  7, 14, 16, 20, 22, 24, 25, 29, 30, 32] > [ 1,  2,  4,  8, 15, 17, 18, 19, 21, 23, 26, 27, 28, 31]
    W2: [ 0,  3,  8,  9, 10, 11, 12, 13, 15, 17, 18, 19, 20, 22, 24, 25, 31, 33] < [ 1,  2,  4,  5,  6,  7, 14, 16, 21, 23, 26, 30, 32, 34, 35, 36, 37, 38]
    W3: [ 0,  2,  4,  8,  9, 12, 13, 15, 22, 26, 30, 33, 36, 37, 38] > [ 1,  3,  6,  7, 10, 14, 18, 19, 20, 21, 25, 27, 28, 29, 32]
    W4: [ 0,  1,  4,  5,  6,  8,  9, 11, 13, 25, 26, 28, 30, 31, 33, 35, 38] > [ 2, 10, 12, 14, 15, 16, 17, 19, 20, 21, 22, 23, 24, 27, 32, 34, 36]
    Truth table row=[=, >, <, >, >] ix=143 result=[30+] is correct

Test 31-:
    W0: [ 0,  3,  5,  6,  7,  9, 15, 17, 18, 19, 21] = [ 1,  2,  4,  8, 10, 11, 12, 13, 14, 16, 20]
    W1: [ 0,  3,  5,  6,  7, 14, 16, 20, 22, 24, 25, 29, 30, 32] > [ 1,  2,  4,  8, 15, 17, 18, 19, 21, 23, 26, 27, 28, 31]
    W2: [ 0,  3,  8,  9, 10, 11, 12, 13, 15, 17, 18, 19, 20, 22, 24, 25, 31, 33] < [ 1,  2,  4,  5,  6,  7, 14, 16, 21, 23, 26, 30, 32, 34, 35, 36, 37, 38]
    W3: [ 0,  2,  4,  8,  9, 12, 13, 15, 22, 26, 30, 33, 36, 37, 38] = [ 1,  3,  6,  7, 10, 14, 18, 19, 20, 21, 25, 27, 28, 29, 32]
    W4: [ 0,  1,  4,  5,  6,  8,  9, 11, 13, 25, 26, 28, 30, 31, 33, 35, 38] < [ 2, 10, 12, 14, 15, 16, 17, 19, 20, 21, 22, 23, 24, 27, 32, 34, 36]
    Truth table row=[=, >, <, =, <] ix=138 result=[31-] is correct

Test 31+:
    W0: [ 0,  3,  5,  6,  7,  9, 15, 17, 18, 19, 21] = [ 1,  2,  4,  8, 10, 11, 12, 13, 14, 16, 20]
    W1: [ 0,  3,  5,  6,  7, 14, 16, 20, 22, 24, 25, 29, 30, 32] < [ 1,  2,  4,  8, 15, 17, 18, 19, 21, 23, 26, 27, 28, 31]
    W2: [ 0,  3,  8,  9, 10, 11, 12, 13, 15, 17, 18, 19, 20, 22, 24, 25, 31, 33] > [ 1,  2,  4,  5,  6,  7, 14, 16, 21, 23, 26, 30, 32, 34, 35, 36, 37, 38]
    W3: [ 0,  2,  4,  8,  9, 12, 13, 15, 22, 26, 30, 33, 36, 37, 38] = [ 1,  3,  6,  7, 10, 14, 18, 19, 20, 21, 25, 27, 28, 29, 32]
    W4: [ 0,  1,  4,  5,  6,  8,  9, 11, 13, 25, 26, 28, 30, 31, 33, 35, 38] > [ 2, 10, 12, 14, 15, 16, 17, 19, 20, 21, 22, 23, 24, 27, 32, 34, 36]
    Truth table row=[=, <, >, =, >] ix=104 result=[31+] is correct

Test 32-:
    W0: [ 0,  3,  5,  6,  7,  9, 15, 17, 18, 19, 21] = [ 1,  2,  4,  8, 10, 11, 12, 13, 14, 16, 20]
    W1: [ 0,  3,  5,  6,  7, 14, 16, 20, 22, 24, 25, 29, 30, 32] < [ 1,  2,  4,  8, 15, 17, 18, 19, 21, 23, 26, 27, 28, 31]
    W2: [ 0,  3,  8,  9, 10, 11, 12, 13, 15, 17, 18, 19, 20, 22, 24, 25, 31, 33] > [ 1,  2,  4,  5,  6,  7, 14, 16, 21, 23, 26, 30, 32, 34, 35, 36, 37, 38]
    W3: [ 0,  2,  4,  8,  9, 12, 13, 15, 22, 26, 30, 33, 36, 37, 38] > [ 1,  3,  6,  7, 10, 14, 18, 19, 20, 21, 25, 27, 28, 29, 32]
    W4: [ 0,  1,  4,  5,  6,  8,  9, 11, 13, 25, 26, 28, 30, 31, 33, 35, 38] > [ 2, 10, 12, 14, 15, 16, 17, 19, 20, 21, 22, 23, 24, 27, 32, 34, 36]
    Truth table row=[=, <, >, >, >] ix=107 result=[32-] is correct

Test 32+:
    W0: [ 0,  3,  5,  6,  7,  9, 15, 17, 18, 19, 21] = [ 1,  2,  4,  8, 10, 11, 12, 13, 14, 16, 20]
    W1: [ 0,  3,  5,  6,  7, 14, 16, 20, 22, 24, 25, 29, 30, 32] > [ 1,  2,  4,  8, 15, 17, 18, 19, 21, 23, 26, 27, 28, 31]
    W2: [ 0,  3,  8,  9, 10, 11, 12, 13, 15, 17, 18, 19, 20, 22, 24, 25, 31, 33] < [ 1,  2,  4,  5,  6,  7, 14, 16, 21, 23, 26, 30, 32, 34, 35, 36, 37, 38]
    W3: [ 0,  2,  4,  8,  9, 12, 13, 15, 22, 26, 30, 33, 36, 37, 38] < [ 1,  3,  6,  7, 10, 14, 18, 19, 20, 21, 25, 27, 28, 29, 32]
    W4: [ 0,  1,  4,  5,  6,  8,  9, 11, 13, 25, 26, 28, 30, 31, 33, 35, 38] < [ 2, 10, 12, 14, 15, 16, 17, 19, 20, 21, 22, 23, 24, 27, 32, 34, 36]
    Truth table row=[=, >, <, <, <] ix=135 result=[32+] is correct

Test 33-:
    W0: [ 0,  3,  5,  6,  7,  9, 15, 17, 18, 19, 21] = [ 1,  2,  4,  8, 10, 11, 12, 13, 14, 16, 20]
    W1: [ 0,  3,  5,  6,  7, 14, 16, 20, 22, 24, 25, 29, 30, 32] = [ 1,  2,  4,  8, 15, 17, 18, 19, 21, 23, 26, 27, 28, 31]
    W2: [ 0,  3,  8,  9, 10, 11, 12, 13, 15, 17, 18, 19, 20, 22, 24, 25, 31, 33] < [ 1,  2,  4,  5,  6,  7, 14, 16, 21, 23, 26, 30, 32, 34, 35, 36, 37, 38]
    W3: [ 0,  2,  4,  8,  9, 12, 13, 15, 22, 26, 30, 33, 36, 37, 38] < [ 1,  3,  6,  7, 10, 14, 18, 19, 20, 21, 25, 27, 28, 29, 32]
    W4: [ 0,  1,  4,  5,  6,  8,  9, 11, 13, 25, 26, 28, 30, 31, 33, 35, 38] < [ 2, 10, 12, 14, 15, 16, 17, 19, 20, 21, 22, 23, 24, 27, 32, 34, 36]
    Truth table row=[=, =, <, <, <] ix=108 result=[33-] is correct

Test 33+:
    W0: [ 0,  3,  5,  6,  7,  9, 15, 17, 18, 19, 21] = [ 1,  2,  4,  8, 10, 11, 12, 13, 14, 16, 20]
    W1: [ 0,  3,  5,  6,  7, 14, 16, 20, 22, 24, 25, 29, 30, 32] = [ 1,  2,  4,  8, 15, 17, 18, 19, 21, 23, 26, 27, 28, 31]
    W2: [ 0,  3,  8,  9, 10, 11, 12, 13, 15, 17, 18, 19, 20, 22, 24, 25, 31, 33] > [ 1,  2,  4,  5,  6,  7, 14, 16, 21, 23, 26, 30, 32, 34, 35, 36, 37, 38]
    W3: [ 0,  2,  4,  8,  9, 12, 13, 15, 22, 26, 30, 33, 36, 37, 38] > [ 1,  3,  6,  7, 10, 14, 18, 19, 20, 21, 25, 27, 28, 29, 32]
    W4: [ 0,  1,  4,  5,  6,  8,  9, 11, 13, 25, 26, 28, 30, 31, 33, 35, 38] > [ 2, 10, 12, 14, 15, 16, 17, 19, 20, 21, 22, 23, 24, 27, 32, 34, 36]
    Truth table row=[=, =, >, >, >] ix=134 result=[33+] is correct

Test 34-:
    W0: [ 0,  3,  5,  6,  7,  9, 15, 17, 18, 19, 21] = [ 1,  2,  4,  8, 10, 11, 12, 13, 14, 16, 20]
    W1: [ 0,  3,  5,  6,  7, 14, 16, 20, 22, 24, 25, 29, 30, 32] = [ 1,  2,  4,  8, 15, 17, 18, 19, 21, 23, 26, 27, 28, 31]
    W2: [ 0,  3,  8,  9, 10, 11, 12, 13, 15, 17, 18, 19, 20, 22, 24, 25, 31, 33] > [ 1,  2,  4,  5,  6,  7, 14, 16, 21, 23, 26, 30, 32, 34, 35, 36, 37, 38]
    W3: [ 0,  2,  4,  8,  9, 12, 13, 15, 22, 26, 30, 33, 36, 37, 38] = [ 1,  3,  6,  7, 10, 14, 18, 19, 20, 21, 25, 27, 28, 29, 32]
    W4: [ 0,  1,  4,  5,  6,  8,  9, 11, 13, 25, 26, 28, 30, 31, 33, 35, 38] > [ 2, 10, 12, 14, 15, 16, 17, 19, 20, 21, 22, 23, 24, 27, 32, 34, 36]
    Truth table row=[=, =, >, =, >] ix=131 result=[34-] is correct

Test 34+:
    W0: [ 0,  3,  5,  6,  7,  9, 15, 17, 18, 19, 21] = [ 1,  2,  4,  8, 10, 11, 12, 13, 14, 16, 20]
    W1: [ 0,  3,  5,  6,  7, 14, 16, 20, 22, 24, 25, 29, 30, 32] = [ 1,  2,  4,  8, 15, 17, 18, 19, 21, 23, 26, 27, 28, 31]
    W2: [ 0,  3,  8,  9, 10, 11, 12, 13, 15, 17, 18, 19, 20, 22, 24, 25, 31, 33] < [ 1,  2,  4,  5,  6,  7, 14, 16, 21, 23, 26, 30, 32, 34, 35, 36, 37, 38]
    W3: [ 0,  2,  4,  8,  9, 12, 13, 15, 22, 26, 30, 33, 36, 37, 38] = [ 1,  3,  6,  7, 10, 14, 18, 19, 20, 21, 25, 27, 28, 29, 32]
    W4: [ 0,  1,  4,  5,  6,  8,  9, 11, 13, 25, 26, 28, 30, 31, 33, 35, 38] < [ 2, 10, 12, 14, 15, 16, 17, 19, 20, 21, 22, 23, 24, 27, 32, 34, 36]
    Truth table row=[=, =, <, =, <] ix=111 result=[34+] is correct

Test 35-:
    W0: [ 0,  3,  5,  6,  7,  9, 15, 17, 18, 19, 21] = [ 1,  2,  4,  8, 10, 11, 12, 13, 14, 16, 20]
    W1: [ 0,  3,  5,  6,  7, 14, 16, 20, 22, 24, 25, 29, 30, 32] = [ 1,  2,  4,  8, 15, 17, 18, 19, 21, 23, 26, 27, 28, 31]
    W2: [ 0,  3,  8,  9, 10, 11, 12, 13, 15, 17, 18, 19, 20, 22, 24, 25, 31, 33] > [ 1,  2,  4,  5,  6,  7, 14, 16, 21, 23, 26, 30, 32, 34, 35, 36, 37, 38]
    W3: [ 0,  2,  4,  8,  9, 12, 13, 15, 22, 26, 30, 33, 36, 37, 38] = [ 1,  3,  6,  7, 10, 14, 18, 19, 20, 21, 25, 27, 28, 29, 32]
    W4: [ 0,  1,  4,  5,  6,  8,  9, 11, 13, 25, 26, 28, 30, 31, 33, 35, 38] < [ 2, 10, 12, 14, 15, 16, 17, 19, 20, 21, 22, 23, 24, 27, 32, 34, 36]
    Truth table row=[=, =, >, =, <] ix=129 result=[35-] is correct

Test 35+:
    W0: [ 0,  3,  5,  6,  7,  9, 15, 17, 18, 19, 21] = [ 1,  2,  4,  8, 10, 11, 12, 13, 14, 16, 20]
    W1: [ 0,  3,  5,  6,  7, 14, 16, 20, 22, 24, 25, 29, 30, 32] = [ 1,  2,  4,  8, 15, 17, 18, 19, 21, 23, 26, 27, 28, 31]
    W2: [ 0,  3,  8,  9, 10, 11, 12, 13, 15, 17, 18, 19, 20, 22, 24, 25, 31, 33] < [ 1,  2,  4,  5,  6,  7, 14, 16, 21, 23, 26, 30, 32, 34, 35, 36, 37, 38]
    W3: [ 0,  2,  4,  8,  9, 12, 13, 15, 22, 26, 30, 33, 36, 37, 38] = [ 1,  3,  6,  7, 10, 14, 18, 19, 20, 21, 25, 27, 28, 29, 32]
    W4: [ 0,  1,  4,  5,  6,  8,  9, 11, 13, 25, 26, 28, 30, 31, 33, 35, 38] > [ 2, 10, 12, 14, 15, 16, 17, 19, 20, 21, 22, 23, 24, 27, 32, 34, 36]
    Truth table row=[=, =, <, =, >] ix=113 result=[35+] is correct

Test 36-:
    W0: [ 0,  3,  5,  6,  7,  9, 15, 17, 18, 19, 21] = [ 1,  2,  4,  8, 10, 11, 12, 13, 14, 16, 20]
    W1: [ 0,  3,  5,  6,  7, 14, 16, 20, 22, 24, 25, 29, 30, 32] = [ 1,  2,  4,  8, 15, 17, 18, 19, 21, 23, 26, 27, 28, 31]
    W2: [ 0,  3,  8,  9, 10, 11, 12, 13, 15, 17, 18, 19, 20, 22, 24, 25, 31, 33] > [ 1,  2,  4,  5,  6,  7, 14, 16, 21, 23, 26, 30, 32, 34, 35, 36, 37, 38]
    W3: [ 0,  2,  4,  8,  9, 12, 13, 15, 22, 26, 30, 33, 36, 37, 38] < [ 1,  3,  6,  7, 10, 14, 18, 19, 20, 21, 25, 27, 28, 29, 32]
    W4: [ 0,  1,  4,  5,  6,  8,  9, 11, 13, 25, 26, 28, 30, 31, 33, 35, 38] > [ 2, 10, 12, 14, 15, 16, 17, 19, 20, 21, 22, 23, 24, 27, 32, 34, 36]
    Truth table row=[=, =, >, <, >] ix=128 result=[36-] is correct

Test 36+:
    W0: [ 0,  3,  5,  6,  7,  9, 15, 17, 18, 19, 21] = [ 1,  2,  4,  8, 10, 11, 12, 13, 14, 16, 20]
    W1: [ 0,  3,  5,  6,  7, 14, 16, 20, 22, 24, 25, 29, 30, 32] = [ 1,  2,  4,  8, 15, 17, 18, 19, 21, 23, 26, 27, 28, 31]
    W2: [ 0,  3,  8,  9, 10, 11, 12, 13, 15, 17, 18, 19, 20, 22, 24, 25, 31, 33] < [ 1,  2,  4,  5,  6,  7, 14, 16, 21, 23, 26, 30, 32, 34, 35, 36, 37, 38]
    W3: [ 0,  2,  4,  8,  9, 12, 13, 15, 22, 26, 30, 33, 36, 37, 38] > [ 1,  3,  6,  7, 10, 14, 18, 19, 20, 21, 25, 27, 28, 29, 32]
    W4: [ 0,  1,  4,  5,  6,  8,  9, 11, 13, 25, 26, 28, 30, 31, 33, 35, 38] < [ 2, 10, 12, 14, 15, 16, 17, 19, 20, 21, 22, 23, 24, 27, 32, 34, 36]
    Truth table row=[=, =, <, >, <] ix=114 result=[36+] is correct

Test 37-:
    W0: [ 0,  3,  5,  6,  7,  9, 15, 17, 18, 19, 21] = [ 1,  2,  4,  8, 10, 11, 12, 13, 14, 16, 20]
    W1: [ 0,  3,  5,  6,  7, 14, 16, 20, 22, 24, 25, 29, 30, 32] = [ 1,  2,  4,  8, 15, 17, 18, 19, 21, 23, 26, 27, 28, 31]
    W2: [ 0,  3,  8,  9, 10, 11, 12, 13, 15, 17, 18, 19, 20, 22, 24, 25, 31, 33] > [ 1,  2,  4,  5,  6,  7, 14, 16, 21, 23, 26, 30, 32, 34, 35, 36, 37, 38]
    W3: [ 0,  2,  4,  8,  9, 12, 13, 15, 22, 26, 30, 33, 36, 37, 38] < [ 1,  3,  6,  7, 10, 14, 18, 19, 20, 21, 25, 27, 28, 29, 32]
    W4: [ 0,  1,  4,  5,  6,  8,  9, 11, 13, 25, 26, 28, 30, 31, 33, 35, 38] = [ 2, 10, 12, 14, 15, 16, 17, 19, 20, 21, 22, 23, 24, 27, 32, 34, 36]
    Truth table row=[=, =, >, <, =] ix=127 result=[37-] is correct

Test 37+:
    W0: [ 0,  3,  5,  6,  7,  9, 15, 17, 18, 19, 21] = [ 1,  2,  4,  8, 10, 11, 12, 13, 14, 16, 20]
    W1: [ 0,  3,  5,  6,  7, 14, 16, 20, 22, 24, 25, 29, 30, 32] = [ 1,  2,  4,  8, 15, 17, 18, 19, 21, 23, 26, 27, 28, 31]
    W2: [ 0,  3,  8,  9, 10, 11, 12, 13, 15, 17, 18, 19, 20, 22, 24, 25, 31, 33] < [ 1,  2,  4,  5,  6,  7, 14, 16, 21, 23, 26, 30, 32, 34, 35, 36, 37, 38]
    W3: [ 0,  2,  4,  8,  9, 12, 13, 15, 22, 26, 30, 33, 36, 37, 38] > [ 1,  3,  6,  7, 10, 14, 18, 19, 20, 21, 25, 27, 28, 29, 32]
    W4: [ 0,  1,  4,  5,  6,  8,  9, 11, 13, 25, 26, 28, 30, 31, 33, 35, 38] = [ 2, 10, 12, 14, 15, 16, 17, 19, 20, 21, 22, 23, 24, 27, 32, 34, 36]
    Truth table row=[=, =, <, >, =] ix=115 result=[37+] is correct

Test 38-:
    W0: [ 0,  3,  5,  6,  7,  9, 15, 17, 18, 19, 21] = [ 1,  2,  4,  8, 10, 11, 12, 13, 14, 16, 20]
    W1: [ 0,  3,  5,  6,  7, 14, 16, 20, 22, 24, 25, 29, 30, 32] = [ 1,  2,  4,  8, 15, 17, 18, 19, 21, 23, 26, 27, 28, 31]
    W2: [ 0,  3,  8,  9, 10, 11, 12, 13, 15, 17, 18, 19, 20, 22, 24, 25, 31, 33] > [ 1,  2,  4,  5,  6,  7, 14, 16, 21, 23, 26, 30, 32, 34, 35, 36, 37, 38]
    W3: [ 0,  2,  4,  8,  9, 12, 13, 15, 22, 26, 30, 33, 36, 37, 38] < [ 1,  3,  6,  7, 10, 14, 18, 19, 20, 21, 25, 27, 28, 29, 32]
    W4: [ 0,  1,  4,  5,  6,  8,  9, 11, 13, 25, 26, 28, 30, 31, 33, 35, 38] < [ 2, 10, 12, 14, 15, 16, 17, 19, 20, 21, 22, 23, 24, 27, 32, 34, 36]
    Truth table row=[=, =, >, <, <] ix=126 result=[38-] is correct

Test 38+:
    W0: [ 0,  3,  5,  6,  7,  9, 15, 17, 18, 19, 21] = [ 1,  2,  4,  8, 10, 11, 12, 13, 14, 16, 20]
    W1: [ 0,  3,  5,  6,  7, 14, 16, 20, 22, 24, 25, 29, 30, 32] = [ 1,  2,  4,  8, 15, 17, 18, 19, 21, 23, 26, 27, 28, 31]
    W2: [ 0,  3,  8,  9, 10, 11, 12, 13, 15, 17, 18, 19, 20, 22, 24, 25, 31, 33] < [ 1,  2,  4,  5,  6,  7, 14, 16, 21, 23, 26, 30, 32, 34, 35, 36, 37, 38]
    W3: [ 0,  2,  4,  8,  9, 12, 13, 15, 22, 26, 30, 33, 36, 37, 38] > [ 1,  3,  6,  7, 10, 14, 18, 19, 20, 21, 25, 27, 28, 29, 32]
    W4: [ 0,  1,  4,  5,  6,  8,  9, 11, 13, 25, 26, 28, 30, 31, 33, 35, 38] > [ 2, 10, 12, 14, 15, 16, 17, 19, 20, 21, 22, 23, 24, 27, 32, 34, 36]
    Truth table row=[=, =, <, >, >] ix=116 result=[38+] is correct

Total correct results: 78
Total incorrect results: 0
