Solving for 44 balls and 5 weighings.
Using symmetry breaking strategy TruthTableAscending.

Solution:
W0: [ 0,  1,  2,  3,  4,  7, 12, 13, 14, 16, 18, 20, 21, 26, 28, 33, 34, 35] <=> [ 5,  6,  8,  9, 10, 11, 15, 17, 19, 22, 23, 24, 25, 27, 29, 30, 31, 32]
W1: [ 0,  1,  2,  3,  4,  7, 12, 13, 14, 16, 18, 20, 21, 26, 30, 31, 32, 37] <=> [ 5,  6,  8,  9, 10, 11, 15, 17, 19, 22, 23, 24, 25, 33, 34, 35, 36, 38]
W2: [ 0,  1,  2,  3,  4,  7, 19, 22, 23, 24, 25, 28, 33, 34, 38, 42, 43] <=> [ 5,  6,  8, 18, 20, 21, 26, 27, 29, 30, 31, 32, 36, 37, 39, 40, 41]
W3: [ 0,  1,  2,  6,  8, 15, 17, 18, 20, 24, 25, 36, 37, 38, 41] <=> [ 7,  9, 10, 11, 16, 19, 26, 27, 30, 33, 34, 35, 39, 42, 43]
W4: [ 0,  3,  5,  8, 11, 12, 17, 18, 21, 23, 28, 30, 33, 37, 40] <=> [ 2,  6,  9, 14, 15, 20, 24, 26, 27, 31, 34, 35, 39, 41, 43]

Truth Table:
ix  W0  W1  W2  W3  W4   Result
 0   <   <   <   <   <   0-
 1   <   <   <   <   =   1-
 2   <   <   <   <   >   2-
 3   <   <   <   =   <   3-
 4   <   <   <   =   =   4-
 5   <   <   <   =   >   5+
 6   <   <   <   >   <   6+
 7   <   <   <   >   =   7-
 8   <   <   <   >   >   8+
 9   <   <   =   <   <   9+
10   <   <   =   <   =   10+
11   <   <   =   <   >   11+
12   <   <   =   =   <   12-
13   <   <   =   =   =   13-
14   <   <   =   =   >   14-
15   <   <   =   >   <   15+
16   <   <   =   >   =   16-
17   <   <   =   >   >   17+
18   <   <   >   <   <   18-
19   <   <   >   <   =   19+
20   <   <   >   <   >   20-
21   <   <   >   =   <   21-
22   <   <   >   =   =   22+
23   <   <   >   =   >   23+
24   <   <   >   >   <   24+
25   <   <   >   >   =   25+
26   <   <   >   >   >   26-
27   <   =   <   <   <   27+
28   <   =   <   <   =
29   <   =   <   <   >
30   <   =   <   =   <   28-
31   <   =   <   =   =   29+
32   <   =   <   =   >
33   <   =   <   >   <
34   <   =   <   >   =
35   <   =   <   >   >
36   <   =   =   <   <
37   <   =   =   <   =
38   <   =   =   <   >
39   <   =   =   =   <
40   <   =   =   =   =
41   <   =   =   =   >
42   <   =   =   >   <
43   <   =   =   >   =
44   <   =   =   >   >
45   <   =   >   <   <
46   <   =   >   <   =
47   <   =   >   <   >
48   <   =   >   =   <
49   <   =   >   =   =
50   <   =   >   =   >
51   <   =   >   >   <
52   <   =   >   >   =
53   <   =   >   >   >
54   <   >   <   <   <
55   <   >   <   <   =
56   <   >   <   <   >   30+
57   <   >   <   =   <   31+
58   <   >   <   =   =   32+
59   <   >   <   =   >
60   <   >   <   >   <   33-
61   <   >   <   >   =
62   <   >   <   >   >   34-
63   <   >   =   <   <
64   <   >   =   <   =
65   <   >   =   <   >
66   <   >   =   =   <
67   <   >   =   =   =
68   <   >   =   =   >
69   <   >   =   >   <
70   <   >   =   >   =
71   <   >   =   >   >   35-
72   <   >   >   <   <
73   <   >   >   <   =
74   <   >   >   <   >
75   <   >   >   =   <
76   <   >   >   =   =
77   <   >   >   =   >
78   <   >   >   >   <
79   <   >   >   >   =
80   <   >   >   >   >
81   =   <   <   <   <
82   =   <   <   <   =
83   =   <   <   <   >
84   =   <   <   =   <
85   =   <   <   =   =
86   =   <   <   =   >
87   =   <   <   >   <
88   =   <   <   >   =   36+
89   =   <   <   >   >
90   =   <   =   <   <
91   =   <   =   <   =
92   =   <   =   <   >
93   =   <   =   =   <
94   =   <   =   =   =
95   =   <   =   =   >
96   =   <   =   >   <
97   =   <   =   >   =
98   =   <   =   >   >
99   =   <   >   <   <   37-
100   =   <   >   <   =
101   =   <   >   <   >
102   =   <   >   =   <
103   =   <   >   =   =
104   =   <   >   =   >
105   =   <   >   >   <
106   =   <   >   >   =   38+
107   =   <   >   >   >
108   =   =   <   <   <   39+
109   =   =   <   <   =
110   =   =   <   <   >
111   =   =   <   =   <
112   =   =   <   =   =
113   =   =   <   =   >   40+
114   =   =   <   >   <   41+
115   =   =   <   >   =   42-
116   =   =   <   >   >   43-
117   =   =   =   <   <
118   =   =   =   <   =
119   =   =   =   <   >
120   =   =   =   =   <
121   =   =   =   =   =
122   =   =   =   =   >
123   =   =   =   >   <
124   =   =   =   >   =
125   =   =   =   >   >
126   =   =   >   <   <   43+
127   =   =   >   <   =   42+
128   =   =   >   <   >   41-
129   =   =   >   =   <   40-
130   =   =   >   =   =
131   =   =   >   =   >
132   =   =   >   >   <
133   =   =   >   >   =
134   =   =   >   >   >   39-
135   =   >   <   <   <
136   =   >   <   <   =   38-
137   =   >   <   <   >
138   =   >   <   =   <
139   =   >   <   =   =
140   =   >   <   =   >
141   =   >   <   >   <
142   =   >   <   >   =
143   =   >   <   >   >   37+
144   =   >   =   <   <
145   =   >   =   <   =
146   =   >   =   <   >
147   =   >   =   =   <
148   =   >   =   =   =
149   =   >   =   =   >
150   =   >   =   >   <
151   =   >   =   >   =
152   =   >   =   >   >
153   =   >   >   <   <
154   =   >   >   <   =   36-
155   =   >   >   <   >
156   =   >   >   =   <
157   =   >   >   =   =
158   =   >   >   =   >
159   =   >   >   >   <
160   =   >   >   >   =
161   =   >   >   >   >
162   >   <   <   <   <
163   >   <   <   <   =
164   >   <   <   <   >
165   >   <   <   =   <
166   >   <   <   =   =
167   >   <   <   =   >
168   >   <   <   >   <
169   >   <   <   >   =
170   >   <   <   >   >
171   >   <   =   <   <   35+
172   >   <   =   <   =
173   >   <   =   <   >
174   >   <   =   =   <
175   >   <   =   =   =
176   >   <   =   =   >
177   >   <   =   >   <
178   >   <   =   >   =
179   >   <   =   >   >
180   >   <   >   <   <   34+
181   >   <   >   <   =
182   >   <   >   <   >   33+
183   >   <   >   =   <
184   >   <   >   =   =   32-
185   >   <   >   =   >   31-
186   >   <   >   >   <   30-
187   >   <   >   >   =
188   >   <   >   >   >
189   >   =   <   <   <
190   >   =   <   <   =
191   >   =   <   <   >
192   >   =   <   =   <
193   >   =   <   =   =
194   >   =   <   =   >
195   >   =   <   >   <
196   >   =   <   >   =
197   >   =   <   >   >
198   >   =   =   <   <
199   >   =   =   <   =
200   >   =   =   <   >
201   >   =   =   =   <
202   >   =   =   =   =
203   >   =   =   =   >
204   >   =   =   >   <
205   >   =   =   >   =
206   >   =   =   >   >
207   >   =   >   <   <
208   >   =   >   <   =
209   >   =   >   <   >
210   >   =   >   =   <
211   >   =   >   =   =   29-
212   >   =   >   =   >   28+
213   >   =   >   >   <
214   >   =   >   >   =
215   >   =   >   >   >   27-
216   >   >   <   <   <   26+
217   >   >   <   <   =   25-
218   >   >   <   <   >   24-
219   >   >   <   =   <   23-
220   >   >   <   =   =   22-
221   >   >   <   =   >   21+
222   >   >   <   >   <   20+
223   >   >   <   >   =   19-
224   >   >   <   >   >   18+
225   >   >   =   <   <   17-
226   >   >   =   <   =   16+
227   >   >   =   <   >   15-
228   >   >   =   =   <   14+
229   >   >   =   =   =   13+
230   >   >   =   =   >   12+
231   >   >   =   >   <   11-
232   >   >   =   >   =   10-
233   >   >   =   >   >   9-
234   >   >   >   <   <   8-
235   >   >   >   <   =   7+
236   >   >   >   <   >   6-
237   >   >   >   =   <   5-
238   >   >   >   =   =   4+
239   >   >   >   =   >   3+
240   >   >   >   >   <   2+
241   >   >   >   >   =   1+
242   >   >   >   >   >   0+

Test 0-:
    W0: [ 0,  1,  2,  3,  4,  7, 12, 13, 14, 16, 18, 20, 21, 26, 28, 33, 34, 35] < [ 5,  6,  8,  9, 10, 11, 15, 17, 19, 22, 23, 24, 25, 27, 29, 30, 31, 32]
    W1: [ 0,  1,  2,  3,  4,  7, 12, 13, 14, 16, 18, 20, 21, 26, 30, 31, 32, 37] < [ 5,  6,  8,  9, 10, 11, 15, 17, 19, 22, 23, 24, 25, 33, 34, 35, 36, 38]
    W2: [ 0,  1,  2,  3,  4,  7, 19, 22, 23, 24, 25, 28, 33, 34, 38, 42, 43] < [ 5,  6,  8, 18, 20, 21, 26, 27, 29, 30, 31, 32, 36, 37, 39, 40, 41]
    W3: [ 0,  1,  2,  6,  8, 15, 17, 18, 20, 24, 25, 36, 37, 38, 41] < [ 7,  9, 10, 11, 16, 19, 26, 27, 30, 33, 34, 35, 39, 42, 43]
    W4: [ 0,  3,  5,  8, 11, 12, 17, 18, 21, 23, 28, 30, 33, 37, 40] < [ 2,  6,  9, 14, 15, 20, 24, 26, 27, 31, 34, 35, 39, 41, 43]
    Truth table row=[<, <, <, <, <] ix=0 result=[0-] is correct

Test 0+:
    W0: [ 0,  1,  2,  3,  4,  7, 12, 13, 14, 16, 18, 20, 21, 26, 28, 33, 34, 35] > [ 5,  6,  8,  9, 10, 11, 15, 17, 19, 22, 23, 24, 25, 27, 29, 30, 31, 32]
    W1: [ 0,  1,  2,  3,  4,  7, 12, 13, 14, 16, 18, 20, 21, 26, 30, 31, 32, 37] > [ 5,  6,  8,  9, 10, 11, 15, 17, 19, 22, 23, 24, 25, 33, 34, 35, 36, 38]
    W2: [ 0,  1,  2,  3,  4,  7, 19, 22, 23, 24, 25, 28, 33, 34, 38, 42, 43] > [ 5,  6,  8, 18, 20, 21, 26, 27, 29, 30, 31, 32, 36, 37, 39, 40, 41]
    W3: [ 0,  1,  2,  6,  8, 15, 17, 18, 20, 24, 25, 36, 37, 38, 41] > [ 7,  9, 10, 11, 16, 19, 26, 27, 30, 33, 34, 35, 39, 42, 43]
    W4: [ 0,  3,  5,  8, 11, 12, 17, 18, 21, 23, 28, 30, 33, 37, 40] > [ 2,  6,  9, 14, 15, 20, 24, 26, 27, 31, 34, 35, 39, 41, 43]
    Truth table row=[>, >, >, >, >] ix=242 result=[0+] is correct

Test 1-:
    W0: [ 0,  1,  2,  3,  4,  7, 12, 13, 14, 16, 18, 20, 21, 26, 28, 33, 34, 35] < [ 5,  6,  8,  9, 10, 11, 15, 17, 19, 22, 23, 24, 25, 27, 29, 30, 31, 32]
    W1: [ 0,  1,  2,  3,  4,  7, 12, 13, 14, 16, 18, 20, 21, 26, 30, 31, 32, 37] < [ 5,  6,  8,  9, 10, 11, 15, 17, 19, 22, 23, 24, 25, 33, 34, 35, 36, 38]
    W2: [ 0,  1,  2,  3,  4,  7, 19, 22, 23, 24, 25, 28, 33, 34, 38, 42, 43] < [ 5,  6,  8, 18, 20, 21, 26, 27, 29, 30, 31, 32, 36, 37, 39, 40, 41]
    W3: [ 0,  1,  2,  6,  8, 15, 17, 18, 20, 24, 25, 36, 37, 38, 41] < [ 7,  9, 10, 11, 16, 19, 26, 27, 30, 33, 34, 35, 39, 42, 43]
    W4: [ 0,  3,  5,  8, 11, 12, 17, 18, 21, 23, 28, 30, 33, 37, 40] = [ 2,  6,  9, 14, 15, 20, 24, 26, 27, 31, 34, 35, 39, 41, 43]
    Truth table row=[<, <, <, <, =] ix=1 result=[1-] is correct

Test 1+:
    W0: [ 0,  1,  2,  3,  4,  7, 12, 13, 14, 16, 18, 20, 21, 26, 28, 33, 34, 35] > [ 5,  6,  8,  9, 10, 11, 15, 17, 19, 22, 23, 24, 25, 27, 29, 30, 31, 32]
    W1: [ 0,  1,  2,  3,  4,  7, 12, 13, 14, 16, 18, 20, 21, 26, 30, 31, 32, 37] > [ 5,  6,  8,  9, 10, 11, 15, 17, 19, 22, 23, 24, 25, 33, 34, 35, 36, 38]
    W2: [ 0,  1,  2,  3,  4,  7, 19, 22, 23, 24, 25, 28, 33, 34, 38, 42, 43] > [ 5,  6,  8, 18, 20, 21, 26, 27, 29, 30, 31, 32, 36, 37, 39, 40, 41]
    W3: [ 0,  1,  2,  6,  8, 15, 17, 18, 20, 24, 25, 36, 37, 38, 41] > [ 7,  9, 10, 11, 16, 19, 26, 27, 30, 33, 34, 35, 39, 42, 43]
    W4: [ 0,  3,  5,  8, 11, 12, 17, 18, 21, 23, 28, 30, 33, 37, 40] = [ 2,  6,  9, 14, 15, 20, 24, 26, 27, 31, 34, 35, 39, 41, 43]
    Truth table row=[>, >, >, >, =] ix=241 result=[1+] is correct

Test 2-:
    W0: [ 0,  1,  2,  3,  4,  7, 12, 13, 14, 16, 18, 20, 21, 26, 28, 33, 34, 35] < [ 5,  6,  8,  9, 10, 11, 15, 17, 19, 22, 23, 24, 25, 27, 29, 30, 31, 32]
    W1: [ 0,  1,  2,  3,  4,  7, 12, 13, 14, 16, 18, 20, 21, 26, 30, 31, 32, 37] < [ 5,  6,  8,  9, 10, 11, 15, 17, 19, 22, 23, 24, 25, 33, 34, 35, 36, 38]
    W2: [ 0,  1,  2,  3,  4,  7, 19, 22, 23, 24, 25, 28, 33, 34, 38, 42, 43] < [ 5,  6,  8, 18, 20, 21, 26, 27, 29, 30, 31, 32, 36, 37, 39, 40, 41]
    W3: [ 0,  1,  2,  6,  8, 15, 17, 18, 20, 24, 25, 36, 37, 38, 41] < [ 7,  9, 10, 11, 16, 19, 26, 27, 30, 33, 34, 35, 39, 42, 43]
    W4: [ 0,  3,  5,  8, 11, 12, 17, 18, 21, 23, 28, 30, 33, 37, 40] > [ 2,  6,  9, 14, 15, 20, 24, 26, 27, 31, 34, 35, 39, 41, 43]
    Truth table row=[<, <, <, <, >] ix=2 result=[2-] is correct

Test 2+:
    W0: [ 0,  1,  2,  3,  4,  7, 12, 13, 14, 16, 18, 20, 21, 26, 28, 33, 34, 35] > [ 5,  6,  8,  9, 10, 11, 15, 17, 19, 22, 23, 24, 25, 27, 29, 30, 31, 32]
    W1: [ 0,  1,  2,  3,  4,  7, 12, 13, 14, 16, 18, 20, 21, 26, 30, 31, 32, 37] > [ 5,  6,  8,  9, 10, 11, 15, 17, 19, 22, 23, 24, 25, 33, 34, 35, 36, 38]
    W2: [ 0,  1,  2,  3,  4,  7, 19, 22, 23, 24, 25, 28, 33, 34, 38, 42, 43] > [ 5,  6,  8, 18, 20, 21, 26, 27, 29, 30, 31, 32, 36, 37, 39, 40, 41]
    W3: [ 0,  1,  2,  6,  8, 15, 17, 18, 20, 24, 25, 36, 37, 38, 41] > [ 7,  9, 10, 11, 16, 19, 26, 27, 30, 33, 34, 35, 39, 42, 43]
    W4: [ 0,  3,  5,  8, 11, 12, 17, 18, 21, 23, 28, 30, 33, 37, 40] < [ 2,  6,  9, 14, 15, 20, 24, 26, 27, 31, 34, 35, 39, 41, 43]
    Truth table row=[>, >, >, >, <] ix=240 result=[2+] is correct

Test 3-:
    W0: [ 0,  1,  2,  3,  4,  7, 12, 13, 14, 16, 18, 20, 21, 26, 28, 33, 34, 35] < [ 5,  6,  8,  9, 10, 11, 15, 17, 19, 22, 23, 24, 25, 27, 29, 30, 31, 32]
    W1: [ 0,  1,  2,  3,  4,  7, 12, 13, 14, 16, 18, 20, 21, 26, 30, 31, 32, 37] < [ 5,  6,  8,  9, 10, 11, 15, 17, 19, 22, 23, 24, 25, 33, 34, 35, 36, 38]
    W2: [ 0,  1,  2,  3,  4,  7, 19, 22, 23, 24, 25, 28, 33, 34, 38, 42, 43] < [ 5,  6,  8, 18, 20, 21, 26, 27, 29, 30, 31, 32, 36, 37, 39, 40, 41]
    W3: [ 0,  1,  2,  6,  8, 15, 17, 18, 20, 24, 25, 36, 37, 38, 41] = [ 7,  9, 10, 11, 16, 19, 26, 27, 30, 33, 34, 35, 39, 42, 43]
    W4: [ 0,  3,  5,  8, 11, 12, 17, 18, 21, 23, 28, 30, 33, 37, 40] < [ 2,  6,  9, 14, 15, 20, 24, 26, 27, 31, 34, 35, 39, 41, 43]
    Truth table row=[<, <, <, =, <] ix=3 result=[3-] is correct

Test 3+:
    W0: [ 0,  1,  2,  3,  4,  7, 12, 13, 14, 16, 18, 20, 21, 26, 28, 33, 34, 35] > [ 5,  6,  8,  9, 10, 11, 15, 17, 19, 22, 23, 24, 25, 27, 29, 30, 31, 32]
    W1: [ 0,  1,  2,  3,  4,  7, 12, 13, 14, 16, 18, 20, 21, 26, 30, 31, 32, 37] > [ 5,  6,  8,  9, 10, 11, 15, 17, 19, 22, 23, 24, 25, 33, 34, 35, 36, 38]
    W2: [ 0,  1,  2,  3,  4,  7, 19, 22, 23, 24, 25, 28, 33, 34, 38, 42, 43] > [ 5,  6,  8, 18, 20, 21, 26, 27, 29, 30, 31, 32, 36, 37, 39, 40, 41]
    W3: [ 0,  1,  2,  6,  8, 15, 17, 18, 20, 24, 25, 36, 37, 38, 41] = [ 7,  9, 10, 11, 16, 19, 26, 27, 30, 33, 34, 35, 39, 42, 43]
    W4: [ 0,  3,  5,  8, 11, 12, 17, 18, 21, 23, 28, 30, 33, 37, 40] > [ 2,  6,  9, 14, 15, 20, 24, 26, 27, 31, 34, 35, 39, 41, 43]
    Truth table row=[>, >, >, =, >] ix=239 result=[3+] is correct

Test 4-:
    W0: [ 0,  1,  2,  3,  4,  7, 12, 13, 14, 16, 18, 20, 21, 26, 28, 33, 34, 35] < [ 5,  6,  8,  9, 10, 11, 15, 17, 19, 22, 23, 24, 25, 27, 29, 30, 31, 32]
    W1: [ 0,  1,  2,  3,  4,  7, 12, 13, 14, 16, 18, 20, 21, 26, 30, 31, 32, 37] < [ 5,  6,  8,  9, 10, 11, 15, 17, 19, 22, 23, 24, 25, 33, 34, 35, 36, 38]
    W2: [ 0,  1,  2,  3,  4,  7, 19, 22, 23, 24, 25, 28, 33, 34, 38, 42, 43] < [ 5,  6,  8, 18, 20, 21, 26, 27, 29, 30, 31, 32, 36, 37, 39, 40, 41]
    W3: [ 0,  1,  2,  6,  8, 15, 17, 18, 20, 24, 25, 36, 37, 38, 41] = [ 7,  9, 10, 11, 16, 19, 26, 27, 30, 33, 34, 35, 39, 42, 43]
    W4: [ 0,  3,  5,  8, 11, 12, 17, 18, 21, 23, 28, 30, 33, 37, 40] = [ 2,  6,  9, 14, 15, 20, 24, 26, 27, 31, 34, 35, 39, 41, 43]
    Truth table row=[<, <, <, =, =] ix=4 result=[4-] is correct

Test 4+:
    W0: [ 0,  1,  2,  3,  4,  7, 12, 13, 14, 16, 18, 20, 21, 26, 28, 33, 34, 35] > [ 5,  6,  8,  9, 10, 11, 15, 17, 19, 22, 23, 24, 25, 27, 29, 30, 31, 32]
    W1: [ 0,  1,  2,  3,  4,  7, 12, 13, 14, 16, 18, 20, 21, 26, 30, 31, 32, 37] > [ 5,  6,  8,  9, 10, 11, 15, 17, 19, 22, 23, 24, 25, 33, 34, 35, 36, 38]
    W2: [ 0,  1,  2,  3,  4,  7, 19, 22, 23, 24, 25, 28, 33, 34, 38, 42, 43] > [ 5,  6,  8, 18, 20, 21, 26, 27, 29, 30, 31, 32, 36, 37, 39, 40, 41]
    W3: [ 0,  1,  2,  6,  8, 15, 17, 18, 20, 24, 25, 36, 37, 38, 41] = [ 7,  9, 10, 11, 16, 19, 26, 27, 30, 33, 34, 35, 39, 42, 43]
    W4: [ 0,  3,  5,  8, 11, 12, 17, 18, 21, 23, 28, 30, 33, 37, 40] = [ 2,  6,  9, 14, 15, 20, 24, 26, 27, 31, 34, 35, 39, 41, 43]
    Truth table row=[>, >, >, =, =] ix=238 result=[4+] is correct

Test 5-:
    W0: [ 0,  1,  2,  3,  4,  7, 12, 13, 14, 16, 18, 20, 21, 26, 28, 33, 34, 35] > [ 5,  6,  8,  9, 10, 11, 15, 17, 19, 22, 23, 24, 25, 27, 29, 30, 31, 32]
    W1: [ 0,  1,  2,  3,  4,  7, 12, 13, 14, 16, 18, 20, 21, 26, 30, 31, 32, 37] > [ 5,  6,  8,  9, 10, 11, 15, 17, 19, 22, 23, 24, 25, 33, 34, 35, 36, 38]
    W2: [ 0,  1,  2,  3,  4,  7, 19, 22, 23, 24, 25, 28, 33, 34, 38, 42, 43] > [ 5,  6,  8, 18, 20, 21, 26, 27, 29, 30, 31, 32, 36, 37, 39, 40, 41]
    W3: [ 0,  1,  2,  6,  8, 15, 17, 18, 20, 24, 25, 36, 37, 38, 41] = [ 7,  9, 10, 11, 16, 19, 26, 27, 30, 33, 34, 35, 39, 42, 43]
    W4: [ 0,  3,  5,  8, 11, 12, 17, 18, 21, 23, 28, 30, 33, 37, 40] < [ 2,  6,  9, 14, 15, 20, 24, 26, 27, 31, 34, 35, 39, 41, 43]
    Truth table row=[>, >, >, =, <] ix=237 result=[5-] is correct

Test 5+:
    W0: [ 0,  1,  2,  3,  4,  7, 12, 13, 14, 16, 18, 20, 21, 26, 28, 33, 34, 35] < [ 5,  6,  8,  9, 10, 11, 15, 17, 19, 22, 23, 24, 25, 27, 29, 30, 31, 32]
    W1: [ 0,  1,  2,  3,  4,  7, 12, 13, 14, 16, 18, 20, 21, 26, 30, 31, 32, 37] < [ 5,  6,  8,  9, 10, 11, 15, 17, 19, 22, 23, 24, 25, 33, 34, 35, 36, 38]
    W2: [ 0,  1,  2,  3,  4,  7, 19, 22, 23, 24, 25, 28, 33, 34, 38, 42, 43] < [ 5,  6,  8, 18, 20, 21, 26, 27, 29, 30, 31, 32, 36, 37, 39, 40, 41]
    W3: [ 0,  1,  2,  6,  8, 15, 17, 18, 20, 24, 25, 36, 37, 38, 41] = [ 7,  9, 10, 11, 16, 19, 26, 27, 30, 33, 34, 35, 39, 42, 43]
    W4: [ 0,  3,  5,  8, 11, 12, 17, 18, 21, 23, 28, 30, 33, 37, 40] > [ 2,  6,  9, 14, 15, 20, 24, 26, 27, 31, 34, 35, 39, 41, 43]
    Truth table row=[<, <, <, =, >] ix=5 result=[5+] is correct

Test 6-:
    W0: [ 0,  1,  2,  3,  4,  7, 12, 13, 14, 16, 18, 20, 21, 26, 28, 33, 34, 35] > [ 5,  6,  8,  9, 10, 11, 15, 17, 19, 22, 23, 24, 25, 27, 29, 30, 31, 32]
    W1: [ 0,  1,  2,  3,  4,  7, 12, 13, 14, 16, 18, 20, 21, 26, 30, 31, 32, 37] > [ 5,  6,  8,  9, 10, 11, 15, 17, 19, 22, 23, 24, 25, 33, 34, 35, 36, 38]
    W2: [ 0,  1,  2,  3,  4,  7, 19, 22, 23, 24, 25, 28, 33, 34, 38, 42, 43] > [ 5,  6,  8, 18, 20, 21, 26, 27, 29, 30, 31, 32, 36, 37, 39, 40, 41]
    W3: [ 0,  1,  2,  6,  8, 15, 17, 18, 20, 24, 25, 36, 37, 38, 41] < [ 7,  9, 10, 11, 16, 19, 26, 27, 30, 33, 34, 35, 39, 42, 43]
    W4: [ 0,  3,  5,  8, 11, 12, 17, 18, 21, 23, 28, 30, 33, 37, 40] > [ 2,  6,  9, 14, 15, 20, 24, 26, 27, 31, 34, 35, 39, 41, 43]
    Truth table row=[>, >, >, <, >] ix=236 result=[6-] is correct

Test 6+:
    W0: [ 0,  1,  2,  3,  4,  7, 12, 13, 14, 16, 18, 20, 21, 26, 28, 33, 34, 35] < [ 5,  6,  8,  9, 10, 11, 15, 17, 19, 22, 23, 24, 25, 27, 29, 30, 31, 32]
    W1: [ 0,  1,  2,  3,  4,  7, 12, 13, 14, 16, 18, 20, 21, 26, 30, 31, 32, 37] < [ 5,  6,  8,  9, 10, 11, 15, 17, 19, 22, 23, 24, 25, 33, 34, 35, 36, 38]
    W2: [ 0,  1,  2,  3,  4,  7, 19, 22, 23, 24, 25, 28, 33, 34, 38, 42, 43] < [ 5,  6,  8, 18, 20, 21, 26, 27, 29, 30, 31, 32, 36, 37, 39, 40, 41]
    W3: [ 0,  1,  2,  6,  8, 15, 17, 18, 20, 24, 25, 36, 37, 38, 41] > [ 7,  9, 10, 11, 16, 19, 26, 27, 30, 33, 34, 35, 39, 42, 43]
    W4: [ 0,  3,  5,  8, 11, 12, 17, 18, 21, 23, 28, 30, 33, 37, 40] < [ 2,  6,  9, 14, 15, 20, 24, 26, 27, 31, 34, 35, 39, 41, 43]
    Truth table row=[<, <, <, >, <] ix=6 result=[6+] is correct

Test 7-:
    W0: [ 0,  1,  2,  3,  4,  7, 12, 13, 14, 16, 18, 20, 21, 26, 28, 33, 34, 35] < [ 5,  6,  8,  9, 10, 11, 15, 17, 19, 22, 23, 24, 25, 27, 29, 30, 31, 32]
    W1: [ 0,  1,  2,  3,  4,  7, 12, 13, 14, 16, 18, 20, 21, 26, 30, 31, 32, 37] < [ 5,  6,  8,  9, 10, 11, 15, 17, 19, 22, 23, 24, 25, 33, 34, 35, 36, 38]
    W2: [ 0,  1,  2,  3,  4,  7, 19, 22, 23, 24, 25, 28, 33, 34, 38, 42, 43] < [ 5,  6,  8, 18, 20, 21, 26, 27, 29, 30, 31, 32, 36, 37, 39, 40, 41]
    W3: [ 0,  1,  2,  6,  8, 15, 17, 18, 20, 24, 25, 36, 37, 38, 41] > [ 7,  9, 10, 11, 16, 19, 26, 27, 30, 33, 34, 35, 39, 42, 43]
    W4: [ 0,  3,  5,  8, 11, 12, 17, 18, 21, 23, 28, 30, 33, 37, 40] = [ 2,  6,  9, 14, 15, 20, 24, 26, 27, 31, 34, 35, 39, 41, 43]
    Truth table row=[<, <, <, >, =] ix=7 result=[7-] is correct

Test 7+:
    W0: [ 0,  1,  2,  3,  4,  7, 12, 13, 14, 16, 18, 20, 21, 26, 28, 33, 34, 35] > [ 5,  6,  8,  9, 10, 11, 15, 17, 19, 22, 23, 24, 25, 27, 29, 30, 31, 32]
    W1: [ 0,  1,  2,  3,  4,  7, 12, 13, 14, 16, 18, 20, 21, 26, 30, 31, 32, 37] > [ 5,  6,  8,  9, 10, 11, 15, 17, 19, 22, 23, 24, 25, 33, 34, 35, 36, 38]
    W2: [ 0,  1,  2,  3,  4,  7, 19, 22, 23, 24, 25, 28, 33, 34, 38, 42, 43] > [ 5,  6,  8, 18, 20, 21, 26, 27, 29, 30, 31, 32, 36, 37, 39, 40, 41]
    W3: [ 0,  1,  2,  6,  8, 15, 17, 18, 20, 24, 25, 36, 37, 38, 41] < [ 7,  9, 10, 11, 16, 19, 26, 27, 30, 33, 34, 35, 39, 42, 43]
    W4: [ 0,  3,  5,  8, 11, 12, 17, 18, 21, 23, 28, 30, 33, 37, 40] = [ 2,  6,  9, 14, 15, 20, 24, 26, 27, 31, 34, 35, 39, 41, 43]
    Truth table row=[>, >, >, <, =] ix=235 result=[7+] is correct

Test 8-:
    W0: [ 0,  1,  2,  3,  4,  7, 12, 13, 14, 16, 18, 20, 21, 26, 28, 33, 34, 35] > [ 5,  6,  8,  9, 10, 11, 15, 17, 19, 22, 23, 24, 25, 27, 29, 30, 31, 32]
    W1: [ 0,  1,  2,  3,  4,  7, 12, 13, 14, 16, 18, 20, 21, 26, 30, 31, 32, 37] > [ 5,  6,  8,  9, 10, 11, 15, 17, 19, 22, 23, 24, 25, 33, 34, 35, 36, 38]
    W2: [ 0,  1,  2,  3,  4,  7, 19, 22, 23, 24, 25, 28, 33, 34, 38, 42, 43] > [ 5,  6,  8, 18, 20, 21, 26, 27, 29, 30, 31, 32, 36, 37, 39, 40, 41]
    W3: [ 0,  1,  2,  6,  8, 15, 17, 18, 20, 24, 25, 36, 37, 38, 41] < [ 7,  9, 10, 11, 16, 19, 26, 27, 30, 33, 34, 35, 39, 42, 43]
    W4: [ 0,  3,  5,  8, 11, 12, 17, 18, 21, 23, 28, 30, 33, 37, 40] < [ 2,  6,  9, 14, 15, 20, 24, 26, 27, 31, 34, 35, 39, 41, 43]
    Truth table row=[>, >, >, <, <] ix=234 result=[8-] is correct

Test 8+:
    W0: [ 0,  1,  2,  3,  4,  7, 12, 13, 14, 16, 18, 20, 21, 26, 28, 33, 34, 35] < [ 5,  6,  8,  9, 10, 11, 15, 17, 19, 22, 23, 24, 25, 27, 29, 30, 31, 32]
    W1: [ 0,  1,  2,  3,  4,  7, 12, 13, 14, 16, 18, 20, 21, 26, 30, 31, 32, 37] < [ 5,  6,  8,  9, 10, 11, 15, 17, 19, 22, 23, 24, 25, 33, 34, 35, 36, 38]
    W2: [ 0,  1,  2,  3,  4,  7, 19, 22, 23, 24, 25, 28, 33, 34, 38, 42, 43] < [ 5,  6,  8, 18, 20, 21, 26, 27, 29, 30, 31, 32, 36, 37, 39, 40, 41]
    W3: [ 0,  1,  2,  6,  8, 15, 17, 18, 20, 24, 25, 36, 37, 38, 41] > [ 7,  9, 10, 11, 16, 19, 26, 27, 30, 33, 34, 35, 39, 42, 43]
    W4: [ 0,  3,  5,  8, 11, 12, 17, 18, 21, 23, 28, 30, 33, 37, 40] > [ 2,  6,  9, 14, 15, 20, 24, 26, 27, 31, 34, 35, 39, 41, 43]
    Truth table row=[<, <, <, >, >] ix=8 result=[8+] is correct

Test 9-:
    W0: [ 0,  1,  2,  3,  4,  7, 12, 13, 14, 16, 18, 20, 21, 26, 28, 33, 34, 35] > [ 5,  6,  8,  9, 10, 11, 15, 17, 19, 22, 23, 24, 25, 27, 29, 30, 31, 32]
    W1: [ 0,  1,  2,  3,  4,  7, 12, 13, 14, 16, 18, 20, 21, 26, 30, 31, 32, 37] > [ 5,  6,  8,  9, 10, 11, 15, 17, 19, 22, 23, 24, 25, 33, 34, 35, 36, 38]
    W2: [ 0,  1,  2,  3,  4,  7, 19, 22, 23, 24, 25, 28, 33, 34, 38, 42, 43] = [ 5,  6,  8, 18, 20, 21, 26, 27, 29, 30, 31, 32, 36, 37, 39, 40, 41]
    W3: [ 0,  1,  2,  6,  8, 15, 17, 18, 20, 24, 25, 36, 37, 38, 41] > [ 7,  9, 10, 11, 16, 19, 26, 27, 30, 33, 34, 35, 39, 42, 43]
    W4: [ 0,  3,  5,  8, 11, 12, 17, 18, 21, 23, 28, 30, 33, 37, 40] > [ 2,  6,  9, 14, 15, 20, 24, 26, 27, 31, 34, 35, 39, 41, 43]
    Truth table row=[>, >, =, >, >] ix=233 result=[9-] is correct

Test 9+:
    W0: [ 0,  1,  2,  3,  4,  7, 12, 13, 14, 16, 18, 20, 21, 26, 28, 33, 34, 35] < [ 5,  6,  8,  9, 10, 11, 15, 17, 19, 22, 23, 24, 25, 27, 29, 30, 31, 32]
    W1: [ 0,  1,  2,  3,  4,  7, 12, 13, 14, 16, 18, 20, 21, 26, 30, 31, 32, 37] < [ 5,  6,  8,  9, 10, 11, 15, 17, 19, 22, 23, 24, 25, 33, 34, 35, 36, 38]
    W2: [ 0,  1,  2,  3,  4,  7, 19, 22, 23, 24, 25, 28, 33, 34, 38, 42, 43] = [ 5,  6,  8, 18, 20, 21, 26, 27, 29, 30, 31, 32, 36, 37, 39, 40, 41]
    W3: [ 0,  1,  2,  6,  8, 15, 17, 18, 20, 24, 25, 36, 37, 38, 41] < [ 7,  9, 10, 11, 16, 19, 26, 27, 30, 33, 34, 35, 39, 42, 43]
    W4: [ 0,  3,  5,  8, 11, 12, 17, 18, 21, 23, 28, 30, 33, 37, 40] < [ 2,  6,  9, 14, 15, 20, 24, 26, 27, 31, 34, 35, 39, 41, 43]
    Truth table row=[<, <, =, <, <] ix=9 result=[9+] is correct

Test 10-:
    W0: [ 0,  1,  2,  3,  4,  7, 12, 13, 14, 16, 18, 20, 21, 26, 28, 33, 34, 35] > [ 5,  6,  8,  9, 10, 11, 15, 17, 19, 22, 23, 24, 25, 27, 29, 30, 31, 32]
    W1: [ 0,  1,  2,  3,  4,  7, 12, 13, 14, 16, 18, 20, 21, 26, 30, 31, 32, 37] > [ 5,  6,  8,  9, 10, 11, 15, 17, 19, 22, 23, 24, 25, 33, 34, 35, 36, 38]
    W2: [ 0,  1,  2,  3,  4,  7, 19, 22, 23, 24, 25, 28, 33, 34, 38, 42, 43] = [ 5,  6,  8, 18, 20, 21, 26, 27, 29, 30, 31, 32, 36, 37, 39, 40, 41]
    W3: [ 0,  1,  2,  6,  8, 15, 17, 18, 20, 24, 25, 36, 37, 38, 41] > [ 7,  9, 10, 11, 16, 19, 26, 27, 30, 33, 34, 35, 39, 42, 43]
    W4: [ 0,  3,  5,  8, 11, 12, 17, 18, 21, 23, 28, 30, 33, 37, 40] = [ 2,  6,  9, 14, 15, 20, 24, 26, 27, 31, 34, 35, 39, 41, 43]
    Truth table row=[>, >, =, >, =] ix=232 result=[10-] is correct

Test 10+:
    W0: [ 0,  1,  2,  3,  4,  7, 12, 13, 14, 16, 18, 20, 21, 26, 28, 33, 34, 35] < [ 5,  6,  8,  9, 10, 11, 15, 17, 19, 22, 23, 24, 25, 27, 29, 30, 31, 32]
    W1: [ 0,  1,  2,  3,  4,  7, 12, 13, 14, 16, 18, 20, 21, 26, 30, 31, 32, 37] < [ 5,  6,  8,  9, 10, 11, 15, 17, 19, 22, 23, 24, 25, 33, 34, 35, 36, 38]
    W2: [ 0,  1,  2,  3,  4,  7, 19, 22, 23, 24, 25, 28, 33, 34, 38, 42, 43] = [ 5,  6,  8, 18, 20, 21, 26, 27, 29, 30, 31, 32, 36, 37, 39, 40, 41]
    W3: [ 0,  1,  2,  6,  8, 15, 17, 18, 20, 24, 25, 36, 37, 38, 41] < [ 7,  9, 10, 11, 16, 19, 26, 27, 30, 33, 34, 35, 39, 42, 43]
    W4: [ 0,  3,  5,  8, 11, 12, 17, 18, 21, 23, 28, 30, 33, 37, 40] = [ 2,  6,  9, 14, 15, 20, 24, 26, 27, 31, 34, 35, 39, 41, 43]
    Truth table row=[<, <, =, <, =] ix=10 result=[10+] is correct

Test 11-:
    W0: [ 0,  1,  2,  3,  4,  7, 12, 13, 14, 16, 18, 20, 21, 26, 28, 33, 34, 35] > [ 5,  6,  8,  9, 10, 11, 15, 17, 19, 22, 23, 24, 25, 27, 29, 30, 31, 32]
    W1: [ 0,  1,  2,  3,  4,  7, 12, 13, 14, 16, 18, 20, 21, 26, 30, 31, 32, 37] > [ 5,  6,  8,  9, 10, 11, 15, 17, 19, 22, 23, 24, 25, 33, 34, 35, 36, 38]
    W2: [ 0,  1,  2,  3,  4,  7, 19, 22, 23, 24, 25, 28, 33, 34, 38, 42, 43] = [ 5,  6,  8, 18, 20, 21, 26, 27, 29, 30, 31, 32, 36, 37, 39, 40, 41]
    W3: [ 0,  1,  2,  6,  8, 15, 17, 18, 20, 24, 25, 36, 37, 38, 41] > [ 7,  9, 10, 11, 16, 19, 26, 27, 30, 33, 34, 35, 39, 42, 43]
    W4: [ 0,  3,  5,  8, 11, 12, 17, 18, 21, 23, 28, 30, 33, 37, 40] < [ 2,  6,  9, 14, 15, 20, 24, 26, 27, 31, 34, 35, 39, 41, 43]
    Truth table row=[>, >, =, >, <] ix=231 result=[11-] is correct

Test 11+:
    W0: [ 0,  1,  2,  3,  4,  7, 12, 13, 14, 16, 18, 20, 21, 26, 28, 33, 34, 35] < [ 5,  6,  8,  9, 10, 11, 15, 17, 19, 22, 23, 24, 25, 27, 29, 30, 31, 32]
    W1: [ 0,  1,  2,  3,  4,  7, 12, 13, 14, 16, 18, 20, 21, 26, 30, 31, 32, 37] < [ 5,  6,  8,  9, 10, 11, 15, 17, 19, 22, 23, 24, 25, 33, 34, 35, 36, 38]
    W2: [ 0,  1,  2,  3,  4,  7, 19, 22, 23, 24, 25, 28, 33, 34, 38, 42, 43] = [ 5,  6,  8, 18, 20, 21, 26, 27, 29, 30, 31, 32, 36, 37, 39, 40, 41]
    W3: [ 0,  1,  2,  6,  8, 15, 17, 18, 20, 24, 25, 36, 37, 38, 41] < [ 7,  9, 10, 11, 16, 19, 26, 27, 30, 33, 34, 35, 39, 42, 43]
    W4: [ 0,  3,  5,  8, 11, 12, 17, 18, 21, 23, 28, 30, 33, 37, 40] > [ 2,  6,  9, 14, 15, 20, 24, 26, 27, 31, 34, 35, 39, 41, 43]
    Truth table row=[<, <, =, <, >] ix=11 result=[11+] is correct

Test 12-:
    W0: [ 0,  1,  2,  3,  4,  7, 12, 13, 14, 16, 18, 20, 21, 26, 28, 33, 34, 35] < [ 5,  6,  8,  9, 10, 11, 15, 17, 19, 22, 23, 24, 25, 27, 29, 30, 31, 32]
    W1: [ 0,  1,  2,  3,  4,  7, 12, 13, 14, 16, 18, 20, 21, 26, 30, 31, 32, 37] < [ 5,  6,  8,  9, 10, 11, 15, 17, 19, 22, 23, 24, 25, 33, 34, 35, 36, 38]
    W2: [ 0,  1,  2,  3,  4,  7, 19, 22, 23, 24, 25, 28, 33, 34, 38, 42, 43] = [ 5,  6,  8, 18, 20, 21, 26, 27, 29, 30, 31, 32, 36, 37, 39, 40, 41]
    W3: [ 0,  1,  2,  6,  8, 15, 17, 18, 20, 24, 25, 36, 37, 38, 41] = [ 7,  9, 10, 11, 16, 19, 26, 27, 30, 33, 34, 35, 39, 42, 43]
    W4: [ 0,  3,  5,  8, 11, 12, 17, 18, 21, 23, 28, 30, 33, 37, 40] < [ 2,  6,  9, 14, 15, 20, 24, 26, 27, 31, 34, 35, 39, 41, 43]
    Truth table row=[<, <, =, =, <] ix=12 result=[12-] is correct

Test 12+:
    W0: [ 0,  1,  2,  3,  4,  7, 12, 13, 14, 16, 18, 20, 21, 26, 28, 33, 34, 35] > [ 5,  6,  8,  9, 10, 11, 15, 17, 19, 22, 23, 24, 25, 27, 29, 30, 31, 32]
    W1: [ 0,  1,  2,  3,  4,  7, 12, 13, 14, 16, 18, 20, 21, 26, 30, 31, 32, 37] > [ 5,  6,  8,  9, 10, 11, 15, 17, 19, 22, 23, 24, 25, 33, 34, 35, 36, 38]
    W2: [ 0,  1,  2,  3,  4,  7, 19, 22, 23, 24, 25, 28, 33, 34, 38, 42, 43] = [ 5,  6,  8, 18, 20, 21, 26, 27, 29, 30, 31, 32, 36, 37, 39, 40, 41]
    W3: [ 0,  1,  2,  6,  8, 15, 17, 18, 20, 24, 25, 36, 37, 38, 41] = [ 7,  9, 10, 11, 16, 19, 26, 27, 30, 33, 34, 35, 39, 42, 43]
    W4: [ 0,  3,  5,  8, 11, 12, 17, 18, 21, 23, 28, 30, 33, 37, 40] > [ 2,  6,  9, 14, 15, 20, 24, 26, 27, 31, 34, 35, 39, 41, 43]
    Truth table row=[>, >, =, =, >] ix=230 result=[12+] is correct

Test 13-:
    W0: [ 0,  1,  2,  3,  4,  7, 12, 13, 14, 16, 18, 20, 21, 26, 28, 33, 34, 35] < [ 5,  6,  8,  9, 10, 11, 15, 17, 19, 22, 23, 24, 25, 27, 29, 30, 31, 32]
    W1: [ 0,  1,  2,  3,  4,  7, 12, 13, 14, 16, 18, 20, 21, 26, 30, 31, 32, 37] < [ 5,  6,  8,  9, 10, 11, 15, 17, 19, 22, 23, 24, 25, 33, 34, 35, 36, 38]
    W2: [ 0,  1,  2,  3,  4,  7, 19, 22, 23, 24, 25, 28, 33, 34, 38, 42, 43] = [ 5,  6,  8, 18, 20, 21, 26, 27, 29, 30, 31, 32, 36, 37, 39, 40, 41]
    W3: [ 0,  1,  2,  6,  8, 15, 17, 18, 20, 24, 25, 36, 37, 38, 41] = [ 7,  9, 10, 11, 16, 19, 26, 27, 30, 33, 34, 35, 39, 42, 43]
    W4: [ 0,  3,  5,  8, 11, 12, 17, 18, 21, 23, 28, 30, 33, 37, 40] = [ 2,  6,  9, 14, 15, 20, 24, 26, 27, 31, 34, 35, 39, 41, 43]
    Truth table row=[<, <, =, =, =] ix=13 result=[13-] is correct

Test 13+:
    W0: [ 0,  1,  2,  3,  4,  7, 12, 13, 14, 16, 18, 20, 21, 26, 28, 33, 34, 35] > [ 5,  6,  8,  9, 10, 11, 15, 17, 19, 22, 23, 24, 25, 27, 29, 30, 31, 32]
    W1: [ 0,  1,  2,  3,  4,  7, 12, 13, 14, 16, 18, 20, 21, 26, 30, 31, 32, 37] > [ 5,  6,  8,  9, 10, 11, 15, 17, 19, 22, 23, 24, 25, 33, 34, 35, 36, 38]
    W2: [ 0,  1,  2,  3,  4,  7, 19, 22, 23, 24, 25, 28, 33, 34, 38, 42, 43] = [ 5,  6,  8, 18, 20, 21, 26, 27, 29, 30, 31, 32, 36, 37, 39, 40, 41]
    W3: [ 0,  1,  2,  6,  8, 15, 17, 18, 20, 24, 25, 36, 37, 38, 41] = [ 7,  9, 10, 11, 16, 19, 26, 27, 30, 33, 34, 35, 39, 42, 43]
    W4: [ 0,  3,  5,  8, 11, 12, 17, 18, 21, 23, 28, 30, 33, 37, 40] = [ 2,  6,  9, 14, 15, 20, 24, 26, 27, 31, 34, 35, 39, 41, 43]
    Truth table row=[>, >, =, =, =] ix=229 result=[13+] is correct

Test 14-:
    W0: [ 0,  1,  2,  3,  4,  7, 12, 13, 14, 16, 18, 20, 21, 26, 28, 33, 34, 35] < [ 5,  6,  8,  9, 10, 11, 15, 17, 19, 22, 23, 24, 25, 27, 29, 30, 31, 32]
    W1: [ 0,  1,  2,  3,  4,  7, 12, 13, 14, 16, 18, 20, 21, 26, 30, 31, 32, 37] < [ 5,  6,  8,  9, 10, 11, 15, 17, 19, 22, 23, 24, 25, 33, 34, 35, 36, 38]
    W2: [ 0,  1,  2,  3,  4,  7, 19, 22, 23, 24, 25, 28, 33, 34, 38, 42, 43] = [ 5,  6,  8, 18, 20, 21, 26, 27, 29, 30, 31, 32, 36, 37, 39, 40, 41]
    W3: [ 0,  1,  2,  6,  8, 15, 17, 18, 20, 24, 25, 36, 37, 38, 41] = [ 7,  9, 10, 11, 16, 19, 26, 27, 30, 33, 34, 35, 39, 42, 43]
    W4: [ 0,  3,  5,  8, 11, 12, 17, 18, 21, 23, 28, 30, 33, 37, 40] > [ 2,  6,  9, 14, 15, 20, 24, 26, 27, 31, 34, 35, 39, 41, 43]
    Truth table row=[<, <, =, =, >] ix=14 result=[14-] is correct

Test 14+:
    W0: [ 0,  1,  2,  3,  4,  7, 12, 13, 14, 16, 18, 20, 21, 26, 28, 33, 34, 35] > [ 5,  6,  8,  9, 10, 11, 15, 17, 19, 22, 23, 24, 25, 27, 29, 30, 31, 32]
    W1: [ 0,  1,  2,  3,  4,  7, 12, 13, 14, 16, 18, 20, 21, 26, 30, 31, 32, 37] > [ 5,  6,  8,  9, 10, 11, 15, 17, 19, 22, 23, 24, 25, 33, 34, 35, 36, 38]
    W2: [ 0,  1,  2,  3,  4,  7, 19, 22, 23, 24, 25, 28, 33, 34, 38, 42, 43] = [ 5,  6,  8, 18, 20, 21, 26, 27, 29, 30, 31, 32, 36, 37, 39, 40, 41]
    W3: [ 0,  1,  2,  6,  8, 15, 17, 18, 20, 24, 25, 36, 37, 38, 41] = [ 7,  9, 10, 11, 16, 19, 26, 27, 30, 33, 34, 35, 39, 42, 43]
    W4: [ 0,  3,  5,  8, 11, 12, 17, 18, 21, 23, 28, 30, 33, 37, 40] < [ 2,  6,  9, 14, 15, 20, 24, 26, 27, 31, 34, 35, 39, 41, 43]
    Truth table row=[>, >, =, =, <] ix=228 result=[14+] is correct

Test 15-:
    W0: [ 0,  1,  2,  3,  4,  7, 12, 13, 14, 16, 18, 20, 21, 26, 28, 33, 34, 35] > [ 5,  6,  8,  9, 10, 11, 15, 17, 19, 22, 23, 24, 25, 27, 29, 30, 31, 32]
    W1: [ 0,  1,  2,  3,  4,  7, 12, 13, 14, 16, 18, 20, 21, 26, 30, 31, 32, 37] > [ 5,  6,  8,  9, 10, 11, 15, 17, 19, 22, 23, 24, 25, 33, 34, 35, 36, 38]
    W2: [ 0,  1,  2,  3,  4,  7, 19, 22, 23, 24, 25, 28, 33, 34, 38, 42, 43] = [ 5,  6,  8, 18, 20, 21, 26, 27, 29, 30, 31, 32, 36, 37, 39, 40, 41]
    W3: [ 0,  1,  2,  6,  8, 15, 17, 18, 20, 24, 25, 36, 37, 38, 41] < [ 7,  9, 10, 11, 16, 19, 26, 27, 30, 33, 34, 35, 39, 42, 43]
    W4: [ 0,  3,  5,  8, 11, 12, 17, 18, 21, 23, 28, 30, 33, 37, 40] > [ 2,  6,  9, 14, 15, 20, 24, 26, 27, 31, 34, 35, 39, 41, 43]
    Truth table row=[>, >, =, <, >] ix=227 result=[15-] is correct

Test 15+:
    W0: [ 0,  1,  2,  3,  4,  7, 12, 13, 14, 16, 18, 20, 21, 26, 28, 33, 34, 35] < [ 5,  6,  8,  9, 10, 11, 15, 17, 19, 22, 23, 24, 25, 27, 29, 30, 31, 32]
    W1: [ 0,  1,  2,  3,  4,  7, 12, 13, 14, 16, 18, 20, 21, 26, 30, 31, 32, 37] < [ 5,  6,  8,  9, 10, 11, 15, 17, 19, 22, 23, 24, 25, 33, 34, 35, 36, 38]
    W2: [ 0,  1,  2,  3,  4,  7, 19, 22, 23, 24, 25, 28, 33, 34, 38, 42, 43] = [ 5,  6,  8, 18, 20, 21, 26, 27, 29, 30, 31, 32, 36, 37, 39, 40, 41]
    W3: [ 0,  1,  2,  6,  8, 15, 17, 18, 20, 24, 25, 36, 37, 38, 41] > [ 7,  9, 10, 11, 16, 19, 26, 27, 30, 33, 34, 35, 39, 42, 43]
    W4: [ 0,  3,  5,  8, 11, 12, 17, 18, 21, 23, 28, 30, 33, 37, 40] < [ 2,  6,  9, 14, 15, 20, 24, 26, 27, 31, 34, 35, 39, 41, 43]
    Truth table row=[<, <, =, >, <] ix=15 result=[15+] is correct

Test 16-:
    W0: [ 0,  1,  2,  3,  4,  7, 12, 13, 14, 16, 18, 20, 21, 26, 28, 33, 34, 35] < [ 5,  6,  8,  9, 10, 11, 15, 17, 19, 22, 23, 24, 25, 27, 29, 30, 31, 32]
    W1: [ 0,  1,  2,  3,  4,  7, 12, 13, 14, 16, 18, 20, 21, 26, 30, 31, 32, 37] < [ 5,  6,  8,  9, 10, 11, 15, 17, 19, 22, 23, 24, 25, 33, 34, 35, 36, 38]
    W2: [ 0,  1,  2,  3,  4,  7, 19, 22, 23, 24, 25, 28, 33, 34, 38, 42, 43] = [ 5,  6,  8, 18, 20, 21, 26, 27, 29, 30, 31, 32, 36, 37, 39, 40, 41]
    W3: [ 0,  1,  2,  6,  8, 15, 17, 18, 20, 24, 25, 36, 37, 38, 41] > [ 7,  9, 10, 11, 16, 19, 26, 27, 30, 33, 34, 35, 39, 42, 43]
    W4: [ 0,  3,  5,  8, 11, 12, 17, 18, 21, 23, 28, 30, 33, 37, 40] = [ 2,  6,  9, 14, 15, 20, 24, 26, 27, 31, 34, 35, 39, 41, 43]
    Truth table row=[<, <, =, >, =] ix=16 result=[16-] is correct

Test 16+:
    W0: [ 0,  1,  2,  3,  4,  7, 12, 13, 14, 16, 18, 20, 21, 26, 28, 33, 34, 35] > [ 5,  6,  8,  9, 10, 11, 15, 17, 19, 22, 23, 24, 25, 27, 29, 30, 31, 32]
    W1: [ 0,  1,  2,  3,  4,  7, 12, 13, 14, 16, 18, 20, 21, 26, 30, 31, 32, 37] > [ 5,  6,  8,  9, 10, 11, 15, 17, 19, 22, 23, 24, 25, 33, 34, 35, 36, 38]
    W2: [ 0,  1,  2,  3,  4,  7, 19, 22, 23, 24, 25, 28, 33, 34, 38, 42, 43] = [ 5,  6,  8, 18, 20, 21, 26, 27, 29, 30, 31, 32, 36, 37, 39, 40, 41]
    W3: [ 0,  1,  2,  6,  8, 15, 17, 18, 20, 24, 25, 36, 37, 38, 41] < [ 7,  9, 10, 11, 16, 19, 26, 27, 30, 33, 34, 35, 39, 42, 43]
    W4: [ 0,  3,  5,  8, 11, 12, 17, 18, 21, 23, 28, 30, 33, 37, 40] = [ 2,  6,  9, 14, 15, 20, 24, 26, 27, 31, 34, 35, 39, 41, 43]
    Truth table row=[>, >, =, <, =] ix=226 result=[16+] is correct

Test 17-:
    W0: [ 0,  1,  2,  3,  4,  7, 12, 13, 14, 16, 18, 20, 21, 26, 28, 33, 34, 35] > [ 5,  6,  8,  9, 10, 11, 15, 17, 19, 22, 23, 24, 25, 27, 29, 30, 31, 32]
    W1: [ 0,  1,  2,  3,  4,  7, 12, 13, 14, 16, 18, 20, 21, 26, 30, 31, 32, 37] > [ 5,  6,  8,  9, 10, 11, 15, 17, 19, 22, 23, 24, 25, 33, 34, 35, 36, 38]
    W2: [ 0,  1,  2,  3,  4,  7, 19, 22, 23, 24, 25, 28, 33, 34, 38, 42, 43] = [ 5,  6,  8, 18, 20, 21, 26, 27, 29, 30, 31, 32, 36, 37, 39, 40, 41]
    W3: [ 0,  1,  2,  6,  8, 15, 17, 18, 20, 24, 25, 36, 37, 38, 41] < [ 7,  9, 10, 11, 16, 19, 26, 27, 30, 33, 34, 35, 39, 42, 43]
    W4: [ 0,  3,  5,  8, 11, 12, 17, 18, 21, 23, 28, 30, 33, 37, 40] < [ 2,  6,  9, 14, 15, 20, 24, 26, 27, 31, 34, 35, 39, 41, 43]
    Truth table row=[>, >, =, <, <] ix=225 result=[17-] is correct

Test 17+:
    W0: [ 0,  1,  2,  3,  4,  7, 12, 13, 14, 16, 18, 20, 21, 26, 28, 33, 34, 35] < [ 5,  6,  8,  9, 10, 11, 15, 17, 19, 22, 23, 24, 25, 27, 29, 30, 31, 32]
    W1: [ 0,  1,  2,  3,  4,  7, 12, 13, 14, 16, 18, 20, 21, 26, 30, 31, 32, 37] < [ 5,  6,  8,  9, 10, 11, 15, 17, 19, 22, 23, 24, 25, 33, 34, 35, 36, 38]
    W2: [ 0,  1,  2,  3,  4,  7, 19, 22, 23, 24, 25, 28, 33, 34, 38, 42, 43] = [ 5,  6,  8, 18, 20, 21, 26, 27, 29, 30, 31, 32, 36, 37, 39, 40, 41]
    W3: [ 0,  1,  2,  6,  8, 15, 17, 18, 20, 24, 25, 36, 37, 38, 41] > [ 7,  9, 10, 11, 16, 19, 26, 27, 30, 33, 34, 35, 39, 42, 43]
    W4: [ 0,  3,  5,  8, 11, 12, 17, 18, 21, 23, 28, 30, 33, 37, 40] > [ 2,  6,  9, 14, 15, 20, 24, 26, 27, 31, 34, 35, 39, 41, 43]
    Truth table row=[<, <, =, >, >] ix=17 result=[17+] is correct

Test 18-:
    W0: [ 0,  1,  2,  3,  4,  7, 12, 13, 14, 16, 18, 20, 21, 26, 28, 33, 34, 35] < [ 5,  6,  8,  9, 10, 11, 15, 17, 19, 22, 23, 24, 25, 27, 29, 30, 31, 32]
    W1: [ 0,  1,  2,  3,  4,  7, 12, 13, 14, 16, 18, 20, 21, 26, 30, 31, 32, 37] < [ 5,  6,  8,  9, 10, 11, 15, 17, 19, 22, 23, 24, 25, 33, 34, 35, 36, 38]
    W2: [ 0,  1,  2,  3,  4,  7, 19, 22, 23, 24, 25, 28, 33, 34, 38, 42, 43] > [ 5,  6,  8, 18, 20, 21, 26, 27, 29, 30, 31, 32, 36, 37, 39, 40, 41]
    W3: [ 0,  1,  2,  6,  8, 15, 17, 18, 20, 24, 25, 36, 37, 38, 41] < [ 7,  9, 10, 11, 16, 19, 26, 27, 30, 33, 34, 35, 39, 42, 43]
    W4: [ 0,  3,  5,  8, 11, 12, 17, 18, 21, 23, 28, 30, 33, 37, 40] < [ 2,  6,  9, 14, 15, 20, 24, 26, 27, 31, 34, 35, 39, 41, 43]
    Truth table row=[<, <, >, <, <] ix=18 result=[18-] is correct

Test 18+:
    W0: [ 0,  1,  2,  3,  4,  7, 12, 13, 14, 16, 18, 20, 21, 26, 28, 33, 34, 35] > [ 5,  6,  8,  9, 10, 11, 15, 17, 19, 22, 23, 24, 25, 27, 29, 30, 31, 32]
    W1: [ 0,  1,  2,  3,  4,  7, 12, 13, 14, 16, 18, 20, 21, 26, 30, 31, 32, 37] > [ 5,  6,  8,  9, 10, 11, 15, 17, 19, 22, 23, 24, 25, 33, 34, 35, 36, 38]
    W2: [ 0,  1,  2,  3,  4,  7, 19, 22, 23, 24, 25, 28, 33, 34, 38, 42, 43] < [ 5,  6,  8, 18, 20, 21, 26, 27, 29, 30, 31, 32, 36, 37, 39, 40, 41]
    W3: [ 0,  1,  2,  6,  8, 15, 17, 18, 20, 24, 25, 36, 37, 38, 41] > [ 7,  9, 10, 11, 16, 19, 26, 27, 30, 33, 34, 35, 39, 42, 43]
    W4: [ 0,  3,  5,  8, 11, 12, 17, 18, 21, 23, 28, 30, 33, 37, 40] > [ 2,  6,  9, 14, 15, 20, 24, 26, 27, 31, 34, 35, 39, 41, 43]
    Truth table row=[>, >, <, >, >] ix=224 result=[18+] is correct

Test 19-:
    W0: [ 0,  1,  2,  3,  4,  7, 12, 13, 14, 16, 18, 20, 21, 26, 28, 33, 34, 35] > [ 5,  6,  8,  9, 10, 11, 15, 17, 19, 22, 23, 24, 25, 27, 29, 30, 31, 32]
    W1: [ 0,  1,  2,  3,  4,  7, 12, 13, 14, 16, 18, 20, 21, 26, 30, 31, 32, 37] > [ 5,  6,  8,  9, 10, 11, 15, 17, 19, 22, 23, 24, 25, 33, 34, 35, 36, 38]
    W2: [ 0,  1,  2,  3,  4,  7, 19, 22, 23, 24, 25, 28, 33, 34, 38, 42, 43] < [ 5,  6,  8, 18, 20, 21, 26, 27, 29, 30, 31, 32, 36, 37, 39, 40, 41]
    W3: [ 0,  1,  2,  6,  8, 15, 17, 18, 20, 24, 25, 36, 37, 38, 41] > [ 7,  9, 10, 11, 16, 19, 26, 27, 30, 33, 34, 35, 39, 42, 43]
    W4: [ 0,  3,  5,  8, 11, 12, 17, 18, 21, 23, 28, 30, 33, 37, 40] = [ 2,  6,  9, 14, 15, 20, 24, 26, 27, 31, 34, 35, 39, 41, 43]
    Truth table row=[>, >, <, >, =] ix=223 result=[19-] is correct

Test 19+:
    W0: [ 0,  1,  2,  3,  4,  7, 12, 13, 14, 16, 18, 20, 21, 26, 28, 33, 34, 35] < [ 5,  6,  8,  9, 10, 11, 15, 17, 19, 22, 23, 24, 25, 27, 29, 30, 31, 32]
    W1: [ 0,  1,  2,  3,  4,  7, 12, 13, 14, 16, 18, 20, 21, 26, 30, 31, 32, 37] < [ 5,  6,  8,  9, 10, 11, 15, 17, 19, 22, 23, 24, 25, 33, 34, 35, 36, 38]
    W2: [ 0,  1,  2,  3,  4,  7, 19, 22, 23, 24, 25, 28, 33, 34, 38, 42, 43] > [ 5,  6,  8, 18, 20, 21, 26, 27, 29, 30, 31, 32, 36, 37, 39, 40, 41]
    W3: [ 0,  1,  2,  6,  8, 15, 17, 18, 20, 24, 25, 36, 37, 38, 41] < [ 7,  9, 10, 11, 16, 19, 26, 27, 30, 33, 34, 35, 39, 42, 43]
    W4: [ 0,  3,  5,  8, 11, 12, 17, 18, 21, 23, 28, 30, 33, 37, 40] = [ 2,  6,  9, 14, 15, 20, 24, 26, 27, 31, 34, 35, 39, 41, 43]
    Truth table row=[<, <, >, <, =] ix=19 result=[19+] is correct

Test 20-:
    W0: [ 0,  1,  2,  3,  4,  7, 12, 13, 14, 16, 18, 20, 21, 26, 28, 33, 34, 35] < [ 5,  6,  8,  9, 10, 11, 15, 17, 19, 22, 23, 24, 25, 27, 29, 30, 31, 32]
    W1: [ 0,  1,  2,  3,  4,  7, 12, 13, 14, 16, 18, 20, 21, 26, 30, 31, 32, 37] < [ 5,  6,  8,  9, 10, 11, 15, 17, 19, 22, 23, 24, 25, 33, 34, 35, 36, 38]
    W2: [ 0,  1,  2,  3,  4,  7, 19, 22, 23, 24, 25, 28, 33, 34, 38, 42, 43] > [ 5,  6,  8, 18, 20, 21, 26, 27, 29, 30, 31, 32, 36, 37, 39, 40, 41]
    W3: [ 0,  1,  2,  6,  8, 15, 17, 18, 20, 24, 25, 36, 37, 38, 41] < [ 7,  9, 10, 11, 16, 19, 26, 27, 30, 33, 34, 35, 39, 42, 43]
    W4: [ 0,  3,  5,  8, 11, 12, 17, 18, 21, 23, 28, 30, 33, 37, 40] > [ 2,  6,  9, 14, 15, 20, 24, 26, 27, 31, 34, 35, 39, 41, 43]
    Truth table row=[<, <, >, <, >] ix=20 result=[20-] is correct

Test 20+:
    W0: [ 0,  1,  2,  3,  4,  7, 12, 13, 14, 16, 18, 20, 21, 26, 28, 33, 34, 35] > [ 5,  6,  8,  9, 10, 11, 15, 17, 19, 22, 23, 24, 25, 27, 29, 30, 31, 32]
    W1: [ 0,  1,  2,  3,  4,  7, 12, 13, 14, 16, 18, 20, 21, 26, 30, 31, 32, 37] > [ 5,  6,  8,  9, 10, 11, 15, 17, 19, 22, 23, 24, 25, 33, 34, 35, 36, 38]
    W2: [ 0,  1,  2,  3,  4,  7, 19, 22, 23, 24, 25, 28, 33, 34, 38, 42, 43] < [ 5,  6,  8, 18, 20, 21, 26, 27, 29, 30, 31, 32, 36, 37, 39, 40, 41]
    W3: [ 0,  1,  2,  6,  8, 15, 17, 18, 20, 24, 25, 36, 37, 38, 41] > [ 7,  9, 10, 11, 16, 19, 26, 27, 30, 33, 34, 35, 39, 42, 43]
    W4: [ 0,  3,  5,  8, 11, 12, 17, 18, 21, 23, 28, 30, 33, 37, 40] < [ 2,  6,  9, 14, 15, 20, 24, 26, 27, 31, 34, 35, 39, 41, 43]
    Truth table row=[>, >, <, >, <] ix=222 result=[20+] is correct

Test 21-:
    W0: [ 0,  1,  2,  3,  4,  7, 12, 13, 14, 16, 18, 20, 21, 26, 28, 33, 34, 35] < [ 5,  6,  8,  9, 10, 11, 15, 17, 19, 22, 23, 24, 25, 27, 29, 30, 31, 32]
    W1: [ 0,  1,  2,  3,  4,  7, 12, 13, 14, 16, 18, 20, 21, 26, 30, 31, 32, 37] < [ 5,  6,  8,  9, 10, 11, 15, 17, 19, 22, 23, 24, 25, 33, 34, 35, 36, 38]
    W2: [ 0,  1,  2,  3,  4,  7, 19, 22, 23, 24, 25, 28, 33, 34, 38, 42, 43] > [ 5,  6,  8, 18, 20, 21, 26, 27, 29, 30, 31, 32, 36, 37, 39, 40, 41]
    W3: [ 0,  1,  2,  6,  8, 15, 17, 18, 20, 24, 25, 36, 37, 38, 41] = [ 7,  9, 10, 11, 16, 19, 26, 27, 30, 33, 34, 35, 39, 42, 43]
    W4: [ 0,  3,  5,  8, 11, 12, 17, 18, 21, 23, 28, 30, 33, 37, 40] < [ 2,  6,  9, 14, 15, 20, 24, 26, 27, 31, 34, 35, 39, 41, 43]
    Truth table row=[<, <, >, =, <] ix=21 result=[21-] is correct

Test 21+:
    W0: [ 0,  1,  2,  3,  4,  7, 12, 13, 14, 16, 18, 20, 21, 26, 28, 33, 34, 35] > [ 5,  6,  8,  9, 10, 11, 15, 17, 19, 22, 23, 24, 25, 27, 29, 30, 31, 32]
    W1: [ 0,  1,  2,  3,  4,  7, 12, 13, 14, 16, 18, 20, 21, 26, 30, 31, 32, 37] > [ 5,  6,  8,  9, 10, 11, 15, 17, 19, 22, 23, 24, 25, 33, 34, 35, 36, 38]
    W2: [ 0,  1,  2,  3,  4,  7, 19, 22, 23, 24, 25, 28, 33, 34, 38, 42, 43] < [ 5,  6,  8, 18, 20, 21, 26, 27, 29, 30, 31, 32, 36, 37, 39, 40, 41]
    W3: [ 0,  1,  2,  6,  8, 15, 17, 18, 20, 24, 25, 36, 37, 38, 41] = [ 7,  9, 10, 11, 16, 19, 26, 27, 30, 33, 34, 35, 39, 42, 43]
    W4: [ 0,  3,  5,  8, 11, 12, 17, 18, 21, 23, 28, 30, 33, 37, 40] > [ 2,  6,  9, 14, 15, 20, 24, 26, 27, 31, 34, 35, 39, 41, 43]
    Truth table row=[>, >, <, =, >] ix=221 result=[21+] is correct

Test 22-:
    W0: [ 0,  1,  2,  3,  4,  7, 12, 13, 14, 16, 18, 20, 21, 26, 28, 33, 34, 35] > [ 5,  6,  8,  9, 10, 11, 15, 17, 19, 22, 23, 24, 25, 27, 29, 30, 31, 32]
    W1: [ 0,  1,  2,  3,  4,  7, 12, 13, 14, 16, 18, 20, 21, 26, 30, 31, 32, 37] > [ 5,  6,  8,  9, 10, 11, 15, 17, 19, 22, 23, 24, 25, 33, 34, 35, 36, 38]
    W2: [ 0,  1,  2,  3,  4,  7, 19, 22, 23, 24, 25, 28, 33, 34, 38, 42, 43] < [ 5,  6,  8, 18, 20, 21, 26, 27, 29, 30, 31, 32, 36, 37, 39, 40, 41]
    W3: [ 0,  1,  2,  6,  8, 15, 17, 18, 20, 24, 25, 36, 37, 38, 41] = [ 7,  9, 10, 11, 16, 19, 26, 27, 30, 33, 34, 35, 39, 42, 43]
    W4: [ 0,  3,  5,  8, 11, 12, 17, 18, 21, 23, 28, 30, 33, 37, 40] = [ 2,  6,  9, 14, 15, 20, 24, 26, 27, 31, 34, 35, 39, 41, 43]
    Truth table row=[>, >, <, =, =] ix=220 result=[22-] is correct

Test 22+:
    W0: [ 0,  1,  2,  3,  4,  7, 12, 13, 14, 16, 18, 20, 21, 26, 28, 33, 34, 35] < [ 5,  6,  8,  9, 10, 11, 15, 17, 19, 22, 23, 24, 25, 27, 29, 30, 31, 32]
    W1: [ 0,  1,  2,  3,  4,  7, 12, 13, 14, 16, 18, 20, 21, 26, 30, 31, 32, 37] < [ 5,  6,  8,  9, 10, 11, 15, 17, 19, 22, 23, 24, 25, 33, 34, 35, 36, 38]
    W2: [ 0,  1,  2,  3,  4,  7, 19, 22, 23, 24, 25, 28, 33, 34, 38, 42, 43] > [ 5,  6,  8, 18, 20, 21, 26, 27, 29, 30, 31, 32, 36, 37, 39, 40, 41]
    W3: [ 0,  1,  2,  6,  8, 15, 17, 18, 20, 24, 25, 36, 37, 38, 41] = [ 7,  9, 10, 11, 16, 19, 26, 27, 30, 33, 34, 35, 39, 42, 43]
    W4: [ 0,  3,  5,  8, 11, 12, 17, 18, 21, 23, 28, 30, 33, 37, 40] = [ 2,  6,  9, 14, 15, 20, 24, 26, 27, 31, 34, 35, 39, 41, 43]
    Truth table row=[<, <, >, =, =] ix=22 result=[22+] is correct

Test 23-:
    W0: [ 0,  1,  2,  3,  4,  7, 12, 13, 14, 16, 18, 20, 21, 26, 28, 33, 34, 35] > [ 5,  6,  8,  9, 10, 11, 15, 17, 19, 22, 23, 24, 25, 27, 29, 30, 31, 32]
    W1: [ 0,  1,  2,  3,  4,  7, 12, 13, 14, 16, 18, 20, 21, 26, 30, 31, 32, 37] > [ 5,  6,  8,  9, 10, 11, 15, 17, 19, 22, 23, 24, 25, 33, 34, 35, 36, 38]
    W2: [ 0,  1,  2,  3,  4,  7, 19, 22, 23, 24, 25, 28, 33, 34, 38, 42, 43] < [ 5,  6,  8, 18, 20, 21, 26, 27, 29, 30, 31, 32, 36, 37, 39, 40, 41]
    W3: [ 0,  1,  2,  6,  8, 15, 17, 18, 20, 24, 25, 36, 37, 38, 41] = [ 7,  9, 10, 11, 16, 19, 26, 27, 30, 33, 34, 35, 39, 42, 43]
    W4: [ 0,  3,  5,  8, 11, 12, 17, 18, 21, 23, 28, 30, 33, 37, 40] < [ 2,  6,  9, 14, 15, 20, 24, 26, 27, 31, 34, 35, 39, 41, 43]
    Truth table row=[>, >, <, =, <] ix=219 result=[23-] is correct

Test 23+:
    W0: [ 0,  1,  2,  3,  4,  7, 12, 13, 14, 16, 18, 20, 21, 26, 28, 33, 34, 35] < [ 5,  6,  8,  9, 10, 11, 15, 17, 19, 22, 23, 24, 25, 27, 29, 30, 31, 32]
    W1: [ 0,  1,  2,  3,  4,  7, 12, 13, 14, 16, 18, 20, 21, 26, 30, 31, 32, 37] < [ 5,  6,  8,  9, 10, 11, 15, 17, 19, 22, 23, 24, 25, 33, 34, 35, 36, 38]
    W2: [ 0,  1,  2,  3,  4,  7, 19, 22, 23, 24, 25, 28, 33, 34, 38, 42, 43] > [ 5,  6,  8, 18, 20, 21, 26, 27, 29, 30, 31, 32, 36, 37, 39, 40, 41]
    W3: [ 0,  1,  2,  6,  8, 15, 17, 18, 20, 24, 25, 36, 37, 38, 41] = [ 7,  9, 10, 11, 16, 19, 26, 27, 30, 33, 34, 35, 39, 42, 43]
    W4: [ 0,  3,  5,  8, 11, 12, 17, 18, 21, 23, 28, 30, 33, 37, 40] > [ 2,  6,  9, 14, 15, 20, 24, 26, 27, 31, 34, 35, 39, 41, 43]
    Truth table row=[<, <, >, =, >] ix=23 result=[23+] is correct

Test 24-:
    W0: [ 0,  1,  2,  3,  4,  7, 12, 13, 14, 16, 18, 20, 21, 26, 28, 33, 34, 35] > [ 5,  6,  8,  9, 10, 11, 15, 17, 19, 22, 23, 24, 25, 27, 29, 30, 31, 32]
    W1: [ 0,  1,  2,  3,  4,  7, 12, 13, 14, 16, 18, 20, 21, 26, 30, 31, 32, 37] > [ 5,  6,  8,  9, 10, 11, 15, 17, 19, 22, 23, 24, 25, 33, 34, 35, 36, 38]
    W2: [ 0,  1,  2,  3,  4,  7, 19, 22, 23, 24, 25, 28, 33, 34, 38, 42, 43] < [ 5,  6,  8, 18, 20, 21, 26, 27, 29, 30, 31, 32, 36, 37, 39, 40, 41]
    W3: [ 0,  1,  2,  6,  8, 15, 17, 18, 20, 24, 25, 36, 37, 38, 41] < [ 7,  9, 10, 11, 16, 19, 26, 27, 30, 33, 34, 35, 39, 42, 43]
    W4: [ 0,  3,  5,  8, 11, 12, 17, 18, 21, 23, 28, 30, 33, 37, 40] > [ 2,  6,  9, 14, 15, 20, 24, 26, 27, 31, 34, 35, 39, 41, 43]
    Truth table row=[>, >, <, <, >] ix=218 result=[24-] is correct

Test 24+:
    W0: [ 0,  1,  2,  3,  4,  7, 12, 13, 14, 16, 18, 20, 21, 26, 28, 33, 34, 35] < [ 5,  6,  8,  9, 10, 11, 15, 17, 19, 22, 23, 24, 25, 27, 29, 30, 31, 32]
    W1: [ 0,  1,  2,  3,  4,  7, 12, 13, 14, 16, 18, 20, 21, 26, 30, 31, 32, 37] < [ 5,  6,  8,  9, 10, 11, 15, 17, 19, 22, 23, 24, 25, 33, 34, 35, 36, 38]
    W2: [ 0,  1,  2,  3,  4,  7, 19, 22, 23, 24, 25, 28, 33, 34, 38, 42, 43] > [ 5,  6,  8, 18, 20, 21, 26, 27, 29, 30, 31, 32, 36, 37, 39, 40, 41]
    W3: [ 0,  1,  2,  6,  8, 15, 17, 18, 20, 24, 25, 36, 37, 38, 41] > [ 7,  9, 10, 11, 16, 19, 26, 27, 30, 33, 34, 35, 39, 42, 43]
    W4: [ 0,  3,  5,  8, 11, 12, 17, 18, 21, 23, 28, 30, 33, 37, 40] < [ 2,  6,  9, 14, 15, 20, 24, 26, 27, 31, 34, 35, 39, 41, 43]
    Truth table row=[<, <, >, >, <] ix=24 result=[24+] is correct

Test 25-:
    W0: [ 0,  1,  2,  3,  4,  7, 12, 13, 14, 16, 18, 20, 21, 26, 28, 33, 34, 35] > [ 5,  6,  8,  9, 10, 11, 15, 17, 19, 22, 23, 24, 25, 27, 29, 30, 31, 32]
    W1: [ 0,  1,  2,  3,  4,  7, 12, 13, 14, 16, 18, 20, 21, 26, 30, 31, 32, 37] > [ 5,  6,  8,  9, 10, 11, 15, 17, 19, 22, 23, 24, 25, 33, 34, 35, 36, 38]
    W2: [ 0,  1,  2,  3,  4,  7, 19, 22, 23, 24, 25, 28, 33, 34, 38, 42, 43] < [ 5,  6,  8, 18, 20, 21, 26, 27, 29, 30, 31, 32, 36, 37, 39, 40, 41]
    W3: [ 0,  1,  2,  6,  8, 15, 17, 18, 20, 24, 25, 36, 37, 38, 41] < [ 7,  9, 10, 11, 16, 19, 26, 27, 30, 33, 34, 35, 39, 42, 43]
    W4: [ 0,  3,  5,  8, 11, 12, 17, 18, 21, 23, 28, 30, 33, 37, 40] = [ 2,  6,  9, 14, 15, 20, 24, 26, 27, 31, 34, 35, 39, 41, 43]
    Truth table row=[>, >, <, <, =] ix=217 result=[25-] is correct

Test 25+:
    W0: [ 0,  1,  2,  3,  4,  7, 12, 13, 14, 16, 18, 20, 21, 26, 28, 33, 34, 35] < [ 5,  6,  8,  9, 10, 11, 15, 17, 19, 22, 23, 24, 25, 27, 29, 30, 31, 32]
    W1: [ 0,  1,  2,  3,  4,  7, 12, 13, 14, 16, 18, 20, 21, 26, 30, 31, 32, 37] < [ 5,  6,  8,  9, 10, 11, 15, 17, 19, 22, 23, 24, 25, 33, 34, 35, 36, 38]
    W2: [ 0,  1,  2,  3,  4,  7, 19, 22, 23, 24, 25, 28, 33, 34, 38, 42, 43] > [ 5,  6,  8, 18, 20, 21, 26, 27, 29, 30, 31, 32, 36, 37, 39, 40, 41]
    W3: [ 0,  1,  2,  6,  8, 15, 17, 18, 20, 24, 25, 36, 37, 38, 41] > [ 7,  9, 10, 11, 16, 19, 26, 27, 30, 33, 34, 35, 39, 42, 43]
    W4: [ 0,  3,  5,  8, 11, 12, 17, 18, 21, 23, 28, 30, 33, 37, 40] = [ 2,  6,  9, 14, 15, 20, 24, 26, 27, 31, 34, 35, 39, 41, 43]
    Truth table row=[<, <, >, >, =] ix=25 result=[25+] is correct

Test 26-:
    W0: [ 0,  1,  2,  3,  4,  7, 12, 13, 14, 16, 18, 20, 21, 26, 28, 33, 34, 35] < [ 5,  6,  8,  9, 10, 11, 15, 17, 19, 22, 23, 24, 25, 27, 29, 30, 31, 32]
    W1: [ 0,  1,  2,  3,  4,  7, 12, 13, 14, 16, 18, 20, 21, 26, 30, 31, 32, 37] < [ 5,  6,  8,  9, 10, 11, 15, 17, 19, 22, 23, 24, 25, 33, 34, 35, 36, 38]
    W2: [ 0,  1,  2,  3,  4,  7, 19, 22, 23, 24, 25, 28, 33, 34, 38, 42, 43] > [ 5,  6,  8, 18, 20, 21, 26, 27, 29, 30, 31, 32, 36, 37, 39, 40, 41]
    W3: [ 0,  1,  2,  6,  8, 15, 17, 18, 20, 24, 25, 36, 37, 38, 41] > [ 7,  9, 10, 11, 16, 19, 26, 27, 30, 33, 34, 35, 39, 42, 43]
    W4: [ 0,  3,  5,  8, 11, 12, 17, 18, 21, 23, 28, 30, 33, 37, 40] > [ 2,  6,  9, 14, 15, 20, 24, 26, 27, 31, 34, 35, 39, 41, 43]
    Truth table row=[<, <, >, >, >] ix=26 result=[26-] is correct

Test 26+:
    W0: [ 0,  1,  2,  3,  4,  7, 12, 13, 14, 16, 18, 20, 21, 26, 28, 33, 34, 35] > [ 5,  6,  8,  9, 10, 11, 15, 17, 19, 22, 23, 24, 25, 27, 29, 30, 31, 32]
    W1: [ 0,  1,  2,  3,  4,  7, 12, 13, 14, 16, 18, 20, 21, 26, 30, 31, 32, 37] > [ 5,  6,  8,  9, 10, 11, 15, 17, 19, 22, 23, 24, 25, 33, 34, 35, 36, 38]
    W2: [ 0,  1,  2,  3,  4,  7, 19, 22, 23, 24, 25, 28, 33, 34, 38, 42, 43] < [ 5,  6,  8, 18, 20, 21, 26, 27, 29, 30, 31, 32, 36, 37, 39, 40, 41]
    W3: [ 0,  1,  2,  6,  8, 15, 17, 18, 20, 24, 25, 36, 37, 38, 41] < [ 7,  9, 10, 11, 16, 19, 26, 27, 30, 33, 34, 35, 39, 42, 43]
    W4: [ 0,  3,  5,  8, 11, 12, 17, 18, 21, 23, 28, 30, 33, 37, 40] < [ 2,  6,  9, 14, 15, 20, 24, 26, 27, 31, 34, 35, 39, 41, 43]
    Truth table row=[>, >, <, <, <] ix=216 result=[26+] is correct

Test 27-:
    W0: [ 0,  1,  2,  3,  4,  7, 12, 13, 14, 16, 18, 20, 21, 26, 28, 33, 34, 35] > [ 5,  6,  8,  9, 10, 11, 15, 17, 19, 22, 23, 24, 25, 27, 29, 30, 31, 32]
    W1: [ 0,  1,  2,  3,  4,  7, 12, 13, 14, 16, 18, 20, 21, 26, 30, 31, 32, 37] = [ 5,  6,  8,  9, 10, 11, 15, 17, 19, 22, 23, 24, 25, 33, 34, 35, 36, 38]
    W2: [ 0,  1,  2,  3,  4,  7, 19, 22, 23, 24, 25, 28, 33, 34, 38, 42, 43] > [ 5,  6,  8, 18, 20, 21, 26, 27, 29, 30, 31, 32, 36, 37, 39, 40, 41]
    W3: [ 0,  1,  2,  6,  8, 15, 17, 18, 20, 24, 25, 36, 37, 38, 41] > [ 7,  9, 10, 11, 16, 19, 26, 27, 30, 33, 34, 35, 39, 42, 43]
    W4: [ 0,  3,  5,  8, 11, 12, 17, 18, 21, 23, 28, 30, 33, 37, 40] > [ 2,  6,  9, 14, 15, 20, 24, 26, 27, 31, 34, 35, 39, 41, 43]
    Truth table row=[>, =, >, >, >] ix=215 result=[27-] is correct

Test 27+:
    W0: [ 0,  1,  2,  3,  4,  7, 12, 13, 14, 16, 18, 20, 21, 26, 28, 33, 34, 35] < [ 5,  6,  8,  9, 10, 11, 15, 17, 19, 22, 23, 24, 25, 27, 29, 30, 31, 32]
    W1: [ 0,  1,  2,  3,  4,  7, 12, 13, 14, 16, 18, 20, 21, 26, 30, 31, 32, 37] = [ 5,  6,  8,  9, 10, 11, 15, 17, 19, 22, 23, 24, 25, 33, 34, 35, 36, 38]
    W2: [ 0,  1,  2,  3,  4,  7, 19, 22, 23, 24, 25, 28, 33, 34, 38, 42, 43] < [ 5,  6,  8, 18, 20, 21, 26, 27, 29, 30, 31, 32, 36, 37, 39, 40, 41]
    W3: [ 0,  1,  2,  6,  8, 15, 17, 18, 20, 24, 25, 36, 37, 38, 41] < [ 7,  9, 10, 11, 16, 19, 26, 27, 30, 33, 34, 35, 39, 42, 43]
    W4: [ 0,  3,  5,  8, 11, 12, 17, 18, 21, 23, 28, 30, 33, 37, 40] < [ 2,  6,  9, 14, 15, 20, 24, 26, 27, 31, 34, 35, 39, 41, 43]
    Truth table row=[<, =, <, <, <] ix=27 result=[27+] is correct

Test 28-:
    W0: [ 0,  1,  2,  3,  4,  7, 12, 13, 14, 16, 18, 20, 21, 26, 28, 33, 34, 35] < [ 5,  6,  8,  9, 10, 11, 15, 17, 19, 22, 23, 24, 25, 27, 29, 30, 31, 32]
    W1: [ 0,  1,  2,  3,  4,  7, 12, 13, 14, 16, 18, 20, 21, 26, 30, 31, 32, 37] = [ 5,  6,  8,  9, 10, 11, 15, 17, 19, 22, 23, 24, 25, 33, 34, 35, 36, 38]
    W2: [ 0,  1,  2,  3,  4,  7, 19, 22, 23, 24, 25, 28, 33, 34, 38, 42, 43] < [ 5,  6,  8, 18, 20, 21, 26, 27, 29, 30, 31, 32, 36, 37, 39, 40, 41]
    W3: [ 0,  1,  2,  6,  8, 15, 17, 18, 20, 24, 25, 36, 37, 38, 41] = [ 7,  9, 10, 11, 16, 19, 26, 27, 30, 33, 34, 35, 39, 42, 43]
    W4: [ 0,  3,  5,  8, 11, 12, 17, 18, 21, 23, 28, 30, 33, 37, 40] < [ 2,  6,  9, 14, 15, 20, 24, 26, 27, 31, 34, 35, 39, 41, 43]
    Truth table row=[<, =, <, =, <] ix=30 result=[28-] is correct

Test 28+:
    W0: [ 0,  1,  2,  3,  4,  7, 12, 13, 14, 16, 18, 20, 21, 26, 28, 33, 34, 35] > [ 5,  6,  8,  9, 10, 11, 15, 17, 19, 22, 23, 24, 25, 27, 29, 30, 31, 32]
    W1: [ 0,  1,  2,  3,  4,  7, 12, 13, 14, 16, 18, 20, 21, 26, 30, 31, 32, 37] = [ 5,  6,  8,  9, 10, 11, 15, 17, 19, 22, 23, 24, 25, 33, 34, 35, 36, 38]
    W2: [ 0,  1,  2,  3,  4,  7, 19, 22, 23, 24, 25, 28, 33, 34, 38, 42, 43] > [ 5,  6,  8, 18, 20, 21, 26, 27, 29, 30, 31, 32, 36, 37, 39, 40, 41]
    W3: [ 0,  1,  2,  6,  8, 15, 17, 18, 20, 24, 25, 36, 37, 38, 41] = [ 7,  9, 10, 11, 16, 19, 26, 27, 30, 33, 34, 35, 39, 42, 43]
    W4: [ 0,  3,  5,  8, 11, 12, 17, 18, 21, 23, 28, 30, 33, 37, 40] > [ 2,  6,  9, 14, 15, 20, 24, 26, 27, 31, 34, 35, 39, 41, 43]
    Truth table row=[>, =, >, =, >] ix=212 result=[28+] is correct

Test 29-:
    W0: [ 0,  1,  2,  3,  4,  7, 12, 13, 14, 16, 18, 20, 21, 26, 28, 33, 34, 35] > [ 5,  6,  8,  9, 10, 11, 15, 17, 19, 22, 23, 24, 25, 27, 29, 30, 31, 32]
    W1: [ 0,  1,  2,  3,  4,  7, 12, 13, 14, 16, 18, 20, 21, 26, 30, 31, 32, 37] = [ 5,  6,  8,  9, 10, 11, 15, 17, 19, 22, 23, 24, 25, 33, 34, 35, 36, 38]
    W2: [ 0,  1,  2,  3,  4,  7, 19, 22, 23, 24, 25, 28, 33, 34, 38, 42, 43] > [ 5,  6,  8, 18, 20, 21, 26, 27, 29, 30, 31, 32, 36, 37, 39, 40, 41]
    W3: [ 0,  1,  2,  6,  8, 15, 17, 18, 20, 24, 25, 36, 37, 38, 41] = [ 7,  9, 10, 11, 16, 19, 26, 27, 30, 33, 34, 35, 39, 42, 43]
    W4: [ 0,  3,  5,  8, 11, 12, 17, 18, 21, 23, 28, 30, 33, 37, 40] = [ 2,  6,  9, 14, 15, 20, 24, 26, 27, 31, 34, 35, 39, 41, 43]
    Truth table row=[>, =, >, =, =] ix=211 result=[29-] is correct

Test 29+:
    W0: [ 0,  1,  2,  3,  4,  7, 12, 13, 14, 16, 18, 20, 21, 26, 28, 33, 34, 35] < [ 5,  6,  8,  9, 10, 11, 15, 17, 19, 22, 23, 24, 25, 27, 29, 30, 31, 32]
    W1: [ 0,  1,  2,  3,  4,  7, 12, 13, 14, 16, 18, 20, 21, 26, 30, 31, 32, 37] = [ 5,  6,  8,  9, 10, 11, 15, 17, 19, 22, 23, 24, 25, 33, 34, 35, 36, 38]
    W2: [ 0,  1,  2,  3,  4,  7, 19, 22, 23, 24, 25, 28, 33, 34, 38, 42, 43] < [ 5,  6,  8, 18, 20, 21, 26, 27, 29, 30, 31, 32, 36, 37, 39, 40, 41]
    W3: [ 0,  1,  2,  6,  8, 15, 17, 18, 20, 24, 25, 36, 37, 38, 41] = [ 7,  9, 10, 11, 16, 19, 26, 27, 30, 33, 34, 35, 39, 42, 43]
    W4: [ 0,  3,  5,  8, 11, 12, 17, 18, 21, 23, 28, 30, 33, 37, 40] = [ 2,  6,  9, 14, 15, 20, 24, 26, 27, 31, 34, 35, 39, 41, 43]
    Truth table row=[<, =, <, =, =] ix=31 result=[29+] is correct

Test 30-:
    W0: [ 0,  1,  2,  3,  4,  7, 12, 13, 14, 16, 18, 20, 21, 26, 28, 33, 34, 35] > [ 5,  6,  8,  9, 10, 11, 15, 17, 19, 22, 23, 24, 25, 27, 29, 30, 31, 32]
    W1: [ 0,  1,  2,  3,  4,  7, 12, 13, 14, 16, 18, 20, 21, 26, 30, 31, 32, 37] < [ 5,  6,  8,  9, 10, 11, 15, 17, 19, 22, 23, 24, 25, 33, 34, 35, 36, 38]
    W2: [ 0,  1,  2,  3,  4,  7, 19, 22, 23, 24, 25, 28, 33, 34, 38, 42, 43] > [ 5,  6,  8, 18, 20, 21, 26, 27, 29, 30, 31, 32, 36, 37, 39, 40, 41]
    W3: [ 0,  1,  2,  6,  8, 15, 17, 18, 20, 24, 25, 36, 37, 38, 41] > [ 7,  9, 10, 11, 16, 19, 26, 27, 30, 33, 34, 35, 39, 42, 43]
    W4: [ 0,  3,  5,  8, 11, 12, 17, 18, 21, 23, 28, 30, 33, 37, 40] < [ 2,  6,  9, 14, 15, 20, 24, 26, 27, 31, 34, 35, 39, 41, 43]
    Truth table row=[>, <, >, >, <] ix=186 result=[30-] is correct

Test 30+:
    W0: [ 0,  1,  2,  3,  4,  7, 12, 13, 14, 16, 18, 20, 21, 26, 28, 33, 34, 35] < [ 5,  6,  8,  9, 10, 11, 15, 17, 19, 22, 23, 24, 25, 27, 29, 30, 31, 32]
    W1: [ 0,  1,  2,  3,  4,  7, 12, 13, 14, 16, 18, 20, 21, 26, 30, 31, 32, 37] > [ 5,  6,  8,  9, 10, 11, 15, 17, 19, 22, 23, 24, 25, 33, 34, 35, 36, 38]
    W2: [ 0,  1,  2,  3,  4,  7, 19, 22, 23, 24, 25, 28, 33, 34, 38, 42, 43] < [ 5,  6,  8, 18, 20, 21, 26, 27, 29, 30, 31, 32, 36, 37, 39, 40, 41]
    W3: [ 0,  1,  2,  6,  8, 15, 17, 18, 20, 24, 25, 36, 37, 38, 41] < [ 7,  9, 10, 11, 16, 19, 26, 27, 30, 33, 34, 35, 39, 42, 43]
    W4: [ 0,  3,  5,  8, 11, 12, 17, 18, 21, 23, 28, 30, 33, 37, 40] > [ 2,  6,  9, 14, 15, 20, 24, 26, 27, 31, 34, 35, 39, 41, 43]
    Truth table row=[<, >, <, <, >] ix=56 result=[30+] is correct

Test 31-:
    W0: [ 0,  1,  2,  3,  4,  7, 12, 13, 14, 16, 18, 20, 21, 26, 28, 33, 34, 35] > [ 5,  6,  8,  9, 10, 11, 15, 17, 19, 22, 23, 24, 25, 27, 29, 30, 31, 32]
    W1: [ 0,  1,  2,  3,  4,  7, 12, 13, 14, 16, 18, 20, 21, 26, 30, 31, 32, 37] < [ 5,  6,  8,  9, 10, 11, 15, 17, 19, 22, 23, 24, 25, 33, 34, 35, 36, 38]
    W2: [ 0,  1,  2,  3,  4,  7, 19, 22, 23, 24, 25, 28, 33, 34, 38, 42, 43] > [ 5,  6,  8, 18, 20, 21, 26, 27, 29, 30, 31, 32, 36, 37, 39, 40, 41]
    W3: [ 0,  1,  2,  6,  8, 15, 17, 18, 20, 24, 25, 36, 37, 38, 41] = [ 7,  9, 10, 11, 16, 19, 26, 27, 30, 33, 34, 35, 39, 42, 43]
    W4: [ 0,  3,  5,  8, 11, 12, 17, 18, 21, 23, 28, 30, 33, 37, 40] > [ 2,  6,  9, 14, 15, 20, 24, 26, 27, 31, 34, 35, 39, 41, 43]
    Truth table row=[>, <, >, =, >] ix=185 result=[31-] is correct

Test 31+:
    W0: [ 0,  1,  2,  3,  4,  7, 12, 13, 14, 16, 18, 20, 21, 26, 28, 33, 34, 35] < [ 5,  6,  8,  9, 10, 11, 15, 17, 19, 22, 23, 24, 25, 27, 29, 30, 31, 32]
    W1: [ 0,  1,  2,  3,  4,  7, 12, 13, 14, 16, 18, 20, 21, 26, 30, 31, 32, 37] > [ 5,  6,  8,  9, 10, 11, 15, 17, 19, 22, 23, 24, 25, 33, 34, 35, 36, 38]
    W2: [ 0,  1,  2,  3,  4,  7, 19, 22, 23, 24, 25, 28, 33, 34, 38, 42, 43] < [ 5,  6,  8, 18, 20, 21, 26, 27, 29, 30, 31, 32, 36, 37, 39, 40, 41]
    W3: [ 0,  1,  2,  6,  8, 15, 17, 18, 20, 24, 25, 36, 37, 38, 41] = [ 7,  9, 10, 11, 16, 19, 26, 27, 30, 33, 34, 35, 39, 42, 43]
    W4: [ 0,  3,  5,  8, 11, 12, 17, 18, 21, 23, 28, 30, 33, 37, 40] < [ 2,  6,  9, 14, 15, 20, 24, 26, 27, 31, 34, 35, 39, 41, 43]
    Truth table row=[<, >, <, =, <] ix=57 result=[31+] is correct

Test 32-:
    W0: [ 0,  1,  2,  3,  4,  7, 12, 13, 14, 16, 18, 20, 21, 26, 28, 33, 34, 35] > [ 5,  6,  8,  9, 10, 11, 15, 17, 19, 22, 23, 24, 25, 27, 29, 30, 31, 32]
    W1: [ 0,  1,  2,  3,  4,  7, 12, 13, 14, 16, 18, 20, 21, 26, 30, 31, 32, 37] < [ 5,  6,  8,  9, 10, 11, 15, 17, 19, 22, 23, 24, 25, 33, 34, 35, 36, 38]
    W2: [ 0,  1,  2,  3,  4,  7, 19, 22, 23, 24, 25, 28, 33, 34, 38, 42, 43] > [ 5,  6,  8, 18, 20, 21, 26, 27, 29, 30, 31, 32, 36, 37, 39, 40, 41]
    W3: [ 0,  1,  2,  6,  8, 15, 17, 18, 20, 24, 25, 36, 37, 38, 41] = [ 7,  9, 10, 11, 16, 19, 26, 27, 30, 33, 34, 35, 39, 42, 43]
    W4: [ 0,  3,  5,  8, 11, 12, 17, 18, 21, 23, 28, 30, 33, 37, 40] = [ 2,  6,  9, 14, 15, 20, 24, 26, 27, 31, 34, 35, 39, 41, 43]
    Truth table row=[>, <, >, =, =] ix=184 result=[32-] is correct

Test 32+:
    W0: [ 0,  1,  2,  3,  4,  7, 12, 13, 14, 16, 18, 20, 21, 26, 28, 33, 34, 35] < [ 5,  6,  8,  9, 10, 11, 15, 17, 19, 22, 23, 24, 25, 27, 29, 30, 31, 32]
    W1: [ 0,  1,  2,  3,  4,  7, 12, 13, 14, 16, 18, 20, 21, 26, 30, 31, 32, 37] > [ 5,  6,  8,  9, 10, 11, 15, 17, 19, 22, 23, 24, 25, 33, 34, 35, 36, 38]
    W2: [ 0,  1,  2,  3,  4,  7, 19, 22, 23, 24, 25, 28, 33, 34, 38, 42, 43] < [ 5,  6,  8, 18, 20, 21, 26, 27, 29, 30, 31, 32, 36, 37, 39, 40, 41]
    W3: [ 0,  1,  2,  6,  8, 15, 17, 18, 20, 24, 25, 36, 37, 38, 41] = [ 7,  9, 10, 11, 16, 19, 26, 27, 30, 33, 34, 35, 39, 42, 43]
    W4: [ 0,  3,  5,  8, 11, 12, 17, 18, 21, 23, 28, 30, 33, 37, 40] = [ 2,  6,  9, 14, 15, 20, 24, 26, 27, 31, 34, 35, 39, 41, 43]
    Truth table row=[<, >, <, =, =] ix=58 result=[32+] is correct

Test 33-:
    W0: [ 0,  1,  2,  3,  4,  7, 12, 13, 14, 16, 18, 20, 21, 26, 28, 33, 34, 35] < [ 5,  6,  8,  9, 10, 11, 15, 17, 19, 22, 23, 24, 25, 27, 29, 30, 31, 32]
    W1: [ 0,  1,  2,  3,  4,  7, 12, 13, 14, 16, 18, 20, 21, 26, 30, 31, 32, 37] > [ 5,  6,  8,  9, 10, 11, 15, 17, 19, 22, 23, 24, 25, 33, 34, 35, 36, 38]
    W2: [ 0,  1,  2,  3,  4,  7, 19, 22, 23, 24, 25, 28, 33, 34, 38, 42, 43] < [ 5,  6,  8, 18, 20, 21, 26, 27, 29, 30, 31, 32, 36, 37, 39, 40, 41]
    W3: [ 0,  1,  2,  6,  8, 15, 17, 18, 20, 24, 25, 36, 37, 38, 41] > [ 7,  9, 10, 11, 16, 19, 26, 27, 30, 33, 34, 35, 39, 42, 43]
    W4: [ 0,  3,  5,  8, 11, 12, 17, 18, 21, 23, 28, 30, 33, 37, 40] < [ 2,  6,  9, 14, 15, 20, 24, 26, 27, 31, 34, 35, 39, 41, 43]
    Truth table row=[<, >, <, >, <] ix=60 result=[33-] is correct

Test 33+:
    W0: [ 0,  1,  2,  3,  4,  7, 12, 13, 14, 16, 18, 20, 21, 26, 28, 33, 34, 35] > [ 5,  6,  8,  9, 10, 11, 15, 17, 19, 22, 23, 24, 25, 27, 29, 30, 31, 32]
    W1: [ 0,  1,  2,  3,  4,  7, 12, 13, 14, 16, 18, 20, 21, 26, 30, 31, 32, 37] < [ 5,  6,  8,  9, 10, 11, 15, 17, 19, 22, 23, 24, 25, 33, 34, 35, 36, 38]
    W2: [ 0,  1,  2,  3,  4,  7, 19, 22, 23, 24, 25, 28, 33, 34, 38, 42, 43] > [ 5,  6,  8, 18, 20, 21, 26, 27, 29, 30, 31, 32, 36, 37, 39, 40, 41]
    W3: [ 0,  1,  2,  6,  8, 15, 17, 18, 20, 24, 25, 36, 37, 38, 41] < [ 7,  9, 10, 11, 16, 19, 26, 27, 30, 33, 34, 35, 39, 42, 43]
    W4: [ 0,  3,  5,  8, 11, 12, 17, 18, 21, 23, 28, 30, 33, 37, 40] > [ 2,  6,  9, 14, 15, 20, 24, 26, 27, 31, 34, 35, 39, 41, 43]
    Truth table row=[>, <, >, <, >] ix=182 result=[33+] is correct

Test 34-:
    W0: [ 0,  1,  2,  3,  4,  7, 12, 13, 14, 16, 18, 20, 21, 26, 28, 33, 34, 35] < [ 5,  6,  8,  9, 10, 11, 15, 17, 19, 22, 23, 24, 25, 27, 29, 30, 31, 32]
    W1: [ 0,  1,  2,  3,  4,  7, 12, 13, 14, 16, 18, 20, 21, 26, 30, 31, 32, 37] > [ 5,  6,  8,  9, 10, 11, 15, 17, 19, 22, 23, 24, 25, 33, 34, 35, 36, 38]
    W2: [ 0,  1,  2,  3,  4,  7, 19, 22, 23, 24, 25, 28, 33, 34, 38, 42, 43] < [ 5,  6,  8, 18, 20, 21, 26, 27, 29, 30, 31, 32, 36, 37, 39, 40, 41]
    W3: [ 0,  1,  2,  6,  8, 15, 17, 18, 20, 24, 25, 36, 37, 38, 41] > [ 7,  9, 10, 11, 16, 19, 26, 27, 30, 33, 34, 35, 39, 42, 43]
    W4: [ 0,  3,  5,  8, 11, 12, 17, 18, 21, 23, 28, 30, 33, 37, 40] > [ 2,  6,  9, 14, 15, 20, 24, 26, 27, 31, 34, 35, 39, 41, 43]
    Truth table row=[<, >, <, >, >] ix=62 result=[34-] is correct

Test 34+:
    W0: [ 0,  1,  2,  3,  4,  7, 12, 13, 14, 16, 18, 20, 21, 26, 28, 33, 34, 35] > [ 5,  6,  8,  9, 10, 11, 15, 17, 19, 22, 23, 24, 25, 27, 29, 30, 31, 32]
    W1: [ 0,  1,  2,  3,  4,  7, 12, 13, 14, 16, 18, 20, 21, 26, 30, 31, 32, 37] < [ 5,  6,  8,  9, 10, 11, 15, 17, 19, 22, 23, 24, 25, 33, 34, 35, 36, 38]
    W2: [ 0,  1,  2,  3,  4,  7, 19, 22, 23, 24, 25, 28, 33, 34, 38, 42, 43] > [ 5,  6,  8, 18, 20, 21, 26, 27, 29, 30, 31, 32, 36, 37, 39, 40, 41]
    W3: [ 0,  1,  2,  6,  8, 15, 17, 18, 20, 24, 25, 36, 37, 38, 41] < [ 7,  9, 10, 11, 16, 19, 26, 27, 30, 33, 34, 35, 39, 42, 43]
    W4: [ 0,  3,  5,  8, 11, 12, 17, 18, 21, 23, 28, 30, 33, 37, 40] < [ 2,  6,  9, 14, 15, 20, 24, 26, 27, 31, 34, 35, 39, 41, 43]
    Truth table row=[>, <, >, <, <] ix=180 result=[34+] is correct

Test 35-:
    W0: [ 0,  1,  2,  3,  4,  7, 12, 13, 14, 16, 18, 20, 21, 26, 28, 33, 34, 35] < [ 5,  6,  8,  9, 10, 11, 15, 17, 19, 22, 23, 24, 25, 27, 29, 30, 31, 32]
    W1: [ 0,  1,  2,  3,  4,  7, 12, 13, 14, 16, 18, 20, 21, 26, 30, 31, 32, 37] > [ 5,  6,  8,  9, 10, 11, 15, 17, 19, 22, 23, 24, 25, 33, 34, 35, 36, 38]
    W2: [ 0,  1,  2,  3,  4,  7, 19, 22, 23, 24, 25, 28, 33, 34, 38, 42, 43] = [ 5,  6,  8, 18, 20, 21, 26, 27, 29, 30, 31, 32, 36, 37, 39, 40, 41]
    W3: [ 0,  1,  2,  6,  8, 15, 17, 18, 20, 24, 25, 36, 37, 38, 41] > [ 7,  9, 10, 11, 16, 19, 26, 27, 30, 33, 34, 35, 39, 42, 43]
    W4: [ 0,  3,  5,  8, 11, 12, 17, 18, 21, 23, 28, 30, 33, 37, 40] > [ 2,  6,  9, 14, 15, 20, 24, 26, 27, 31, 34, 35, 39, 41, 43]
    Truth table row=[<, >, =, >, >] ix=71 result=[35-] is correct

Test 35+:
    W0: [ 0,  1,  2,  3,  4,  7, 12, 13, 14, 16, 18, 20, 21, 26, 28, 33, 34, 35] > [ 5,  6,  8,  9, 10, 11, 15, 17, 19, 22, 23, 24, 25, 27, 29, 30, 31, 32]
    W1: [ 0,  1,  2,  3,  4,  7, 12, 13, 14, 16, 18, 20, 21, 26, 30, 31, 32, 37] < [ 5,  6,  8,  9, 10, 11, 15, 17, 19, 22, 23, 24, 25, 33, 34, 35, 36, 38]
    W2: [ 0,  1,  2,  3,  4,  7, 19, 22, 23, 24, 25, 28, 33, 34, 38, 42, 43] = [ 5,  6,  8, 18, 20, 21, 26, 27, 29, 30, 31, 32, 36, 37, 39, 40, 41]
    W3: [ 0,  1,  2,  6,  8, 15, 17, 18, 20, 24, 25, 36, 37, 38, 41] < [ 7,  9, 10, 11, 16, 19, 26, 27, 30, 33, 34, 35, 39, 42, 43]
    W4: [ 0,  3,  5,  8, 11, 12, 17, 18, 21, 23, 28, 30, 33, 37, 40] < [ 2,  6,  9, 14, 15, 20, 24, 26, 27, 31, 34, 35, 39, 41, 43]
    Truth table row=[>, <, =, <, <] ix=171 result=[35+] is correct

Test 36-:
    W0: [ 0,  1,  2,  3,  4,  7, 12, 13, 14, 16, 18, 20, 21, 26, 28, 33, 34, 35] = [ 5,  6,  8,  9, 10, 11, 15, 17, 19, 22, 23, 24, 25, 27, 29, 30, 31, 32]
    W1: [ 0,  1,  2,  3,  4,  7, 12, 13, 14, 16, 18, 20, 21, 26, 30, 31, 32, 37] > [ 5,  6,  8,  9, 10, 11, 15, 17, 19, 22, 23, 24, 25, 33, 34, 35, 36, 38]
    W2: [ 0,  1,  2,  3,  4,  7, 19, 22, 23, 24, 25, 28, 33, 34, 38, 42, 43] > [ 5,  6,  8, 18, 20, 21, 26, 27, 29, 30, 31, 32, 36, 37, 39, 40, 41]
    W3: [ 0,  1,  2,  6,  8, 15, 17, 18, 20, 24, 25, 36, 37, 38, 41] < [ 7,  9, 10, 11, 16, 19, 26, 27, 30, 33, 34, 35, 39, 42, 43]
    W4: [ 0,  3,  5,  8, 11, 12, 17, 18, 21, 23, 28, 30, 33, 37, 40] = [ 2,  6,  9, 14, 15, 20, 24, 26, 27, 31, 34, 35, 39, 41, 43]
    Truth table row=[=, >, >, <, =] ix=154 result=[36-] is correct

Test 36+:
    W0: [ 0,  1,  2,  3,  4,  7, 12, 13, 14, 16, 18, 20, 21, 26, 28, 33, 34, 35] = [ 5,  6,  8,  9, 10, 11, 15, 17, 19, 22, 23, 24, 25, 27, 29, 30, 31, 32]
    W1: [ 0,  1,  2,  3,  4,  7, 12, 13, 14, 16, 18, 20, 21, 26, 30, 31, 32, 37] < [ 5,  6,  8,  9, 10, 11, 15, 17, 19, 22, 23, 24, 25, 33, 34, 35, 36, 38]
    W2: [ 0,  1,  2,  3,  4,  7, 19, 22, 23, 24, 25, 28, 33, 34, 38, 42, 43] < [ 5,  6,  8, 18, 20, 21, 26, 27, 29, 30, 31, 32, 36, 37, 39, 40, 41]
    W3: [ 0,  1,  2,  6,  8, 15, 17, 18, 20, 24, 25, 36, 37, 38, 41] > [ 7,  9, 10, 11, 16, 19, 26, 27, 30, 33, 34, 35, 39, 42, 43]
    W4: [ 0,  3,  5,  8, 11, 12, 17, 18, 21, 23, 28, 30, 33, 37, 40] = [ 2,  6,  9, 14, 15, 20, 24, 26, 27, 31, 34, 35, 39, 41, 43]
    Truth table row=[=, <, <, >, =] ix=88 result=[36+] is correct

Test 37-:
    W0: [ 0,  1,  2,  3,  4,  7, 12, 13, 14, 16, 18, 20, 21, 26, 28, 33, 34, 35] = [ 5,  6,  8,  9, 10, 11, 15, 17, 19, 22, 23, 24, 25, 27, 29, 30, 31, 32]
    W1: [ 0,  1,  2,  3,  4,  7, 12, 13, 14, 16, 18, 20, 21, 26, 30, 31, 32, 37] < [ 5,  6,  8,  9, 10, 11, 15, 17, 19, 22, 23, 24, 25, 33, 34, 35, 36, 38]
    W2: [ 0,  1,  2,  3,  4,  7, 19, 22, 23, 24, 25, 28, 33, 34, 38, 42, 43] > [ 5,  6,  8, 18, 20, 21, 26, 27, 29, 30, 31, 32, 36, 37, 39, 40, 41]
    W3: [ 0,  1,  2,  6,  8, 15, 17, 18, 20, 24, 25, 36, 37, 38, 41] < [ 7,  9, 10, 11, 16, 19, 26, 27, 30, 33, 34, 35, 39, 42, 43]
    W4: [ 0,  3,  5,  8, 11, 12, 17, 18, 21, 23, 28, 30, 33, 37, 40] < [ 2,  6,  9, 14, 15, 20, 24, 26, 27, 31, 34, 35, 39, 41, 43]
    Truth table row=[=, <, >, <, <] ix=99 result=[37-] is correct

Test 37+:
    W0: [ 0,  1,  2,  3,  4,  7, 12, 13, 14, 16, 18, 20, 21, 26, 28, 33, 34, 35] = [ 5,  6,  8,  9, 10, 11, 15, 17, 19, 22, 23, 24, 25, 27, 29, 30, 31, 32]
    W1: [ 0,  1,  2,  3,  4,  7, 12, 13, 14, 16, 18, 20, 21, 26, 30, 31, 32, 37] > [ 5,  6,  8,  9, 10, 11, 15, 17, 19, 22, 23, 24, 25, 33, 34, 35, 36, 38]
    W2: [ 0,  1,  2,  3,  4,  7, 19, 22, 23, 24, 25, 28, 33, 34, 38, 42, 43] < [ 5,  6,  8, 18, 20, 21, 26, 27, 29, 30, 31, 32, 36, 37, 39, 40, 41]
    W3: [ 0,  1,  2,  6,  8, 15, 17, 18, 20, 24, 25, 36, 37, 38, 41] > [ 7,  9, 10, 11, 16, 19, 26, 27, 30, 33, 34, 35, 39, 42, 43]
    W4: [ 0,  3,  5,  8, 11, 12, 17, 18, 21, 23, 28, 30, 33, 37, 40] > [ 2,  6,  9, 14, 15, 20, 24, 26, 27, 31, 34, 35, 39, 41, 43]
    Truth table row=[=, >, <, >, >] ix=143 result=[37+] is correct

Test 38-:
    W0: [ 0,  1,  2,  3,  4,  7, 12, 13, 14, 16, 18, 20, 21, 26, 28, 33, 34, 35] = [ 5,  6,  8,  9, 10, 11, 15, 17, 19, 22, 23, 24, 25, 27, 29, 30, 31, 32]
    W1: [ 0,  1,  2,  3,  4,  7, 12, 13, 14, 16, 18, 20, 21, 26, 30, 31, 32, 37] > [ 5,  6,  8,  9, 10, 11, 15, 17, 19, 22, 23, 24, 25, 33, 34, 35, 36, 38]
    W2: [ 0,  1,  2,  3,  4,  7, 19, 22, 23, 24, 25, 28, 33, 34, 38, 42, 43] < [ 5,  6,  8, 18, 20, 21, 26, 27, 29, 30, 31, 32, 36, 37, 39, 40, 41]
    W3: [ 0,  1,  2,  6,  8, 15, 17, 18, 20, 24, 25, 36, 37, 38, 41] < [ 7,  9, 10, 11, 16, 19, 26, 27, 30, 33, 34, 35, 39, 42, 43]
    W4: [ 0,  3,  5,  8, 11, 12, 17, 18, 21, 23, 28, 30, 33, 37, 40] = [ 2,  6,  9, 14, 15, 20, 24, 26, 27, 31, 34, 35, 39, 41, 43]
    Truth table row=[=, >, <, <, =] ix=136 result=[38-] is correct

Test 38+:
    W0: [ 0,  1,  2,  3,  4,  7, 12, 13, 14, 16, 18, 20, 21, 26, 28, 33, 34, 35] = [ 5,  6,  8,  9, 10, 11, 15, 17, 19, 22, 23, 24, 25, 27, 29, 30, 31, 32]
    W1: [ 0,  1,  2,  3,  4,  7, 12, 13, 14, 16, 18, 20, 21, 26, 30, 31, 32, 37] < [ 5,  6,  8,  9, 10, 11, 15, 17, 19, 22, 23, 24, 25, 33, 34, 35, 36, 38]
    W2: [ 0,  1,  2,  3,  4,  7, 19, 22, 23, 24, 25, 28, 33, 34, 38, 42, 43] > [ 5,  6,  8, 18, 20, 21, 26, 27, 29, 30, 31, 32, 36, 37, 39, 40, 41]
    W3: [ 0,  1,  2,  6,  8, 15, 17, 18, 20, 24, 25, 36, 37, 38, 41] > [ 7,  9, 10, 11, 16, 19, 26, 27, 30, 33, 34, 35, 39, 42, 43]
    W4: [ 0,  3,  5,  8, 11, 12, 17, 18, 21, 23, 28, 30, 33, 37, 40] = [ 2,  6,  9, 14, 15, 20, 24, 26, 27, 31, 34, 35, 39, 41, 43]
    Truth table row=[=, <, >, >, =] ix=106 result=[38+] is correct

Test 39-:
    W0: [ 0,  1,  2,  3,  4,  7, 12, 13, 14, 16, 18, 20, 21, 26, 28, 33, 34, 35] = [ 5,  6,  8,  9, 10, 11, 15, 17, 19, 22, 23, 24, 25, 27, 29, 30, 31, 32]
    W1: [ 0,  1,  2,  3,  4,  7, 12, 13, 14, 16, 18, 20, 21, 26, 30, 31, 32, 37] = [ 5,  6,  8,  9, 10, 11, 15, 17, 19, 22, 23, 24, 25, 33, 34, 35, 36, 38]
    W2: [ 0,  1,  2,  3,  4,  7, 19, 22, 23, 24, 25, 28, 33, 34, 38, 42, 43] > [ 5,  6,  8, 18, 20, 21, 26, 27, 29, 30, 31, 32, 36, 37, 39, 40, 41]
    W3: [ 0,  1,  2,  6,  8, 15, 17, 18, 20, 24, 25, 36, 37, 38, 41] > [ 7,  9, 10, 11, 16, 19, 26, 27, 30, 33, 34, 35, 39, 42, 43]
    W4: [ 0,  3,  5,  8, 11, 12, 17, 18, 21, 23, 28, 30, 33, 37, 40] > [ 2,  6,  9, 14, 15, 20, 24, 26, 27, 31, 34, 35, 39, 41, 43]
    Truth table row=[=, =, >, >, >] ix=134 result=[39-] is correct

Test 39+:
    W0: [ 0,  1,  2,  3,  4,  7, 12, 13, 14, 16, 18, 20, 21, 26, 28, 33, 34, 35] = [ 5,  6,  8,  9, 10, 11, 15, 17, 19, 22, 23, 24, 25, 27, 29, 30, 31, 32]
    W1: [ 0,  1,  2,  3,  4,  7, 12, 13, 14, 16, 18, 20, 21, 26, 30, 31, 32, 37] = [ 5,  6,  8,  9, 10, 11, 15, 17, 19, 22, 23, 24, 25, 33, 34, 35, 36, 38]
    W2: [ 0,  1,  2,  3,  4,  7, 19, 22, 23, 24, 25, 28, 33, 34, 38, 42, 43] < [ 5,  6,  8, 18, 20, 21, 26, 27, 29, 30, 31, 32, 36, 37, 39, 40, 41]
    W3: [ 0,  1,  2,  6,  8, 15, 17, 18, 20, 24, 25, 36, 37, 38, 41] < [ 7,  9, 10, 11, 16, 19, 26, 27, 30, 33, 34, 35, 39, 42, 43]
    W4: [ 0,  3,  5,  8, 11, 12, 17, 18, 21, 23, 28, 30, 33, 37, 40] < [ 2,  6,  9, 14, 15, 20, 24, 26, 27, 31, 34, 35, 39, 41, 43]
    Truth table row=[=, =, <, <, <] ix=108 result=[39+] is correct

Test 40-:
    W0: [ 0,  1,  2,  3,  4,  7, 12, 13, 14, 16, 18, 20, 21, 26, 28, 33, 34, 35] = [ 5,  6,  8,  9, 10, 11, 15, 17, 19, 22, 23, 24, 25, 27, 29, 30, 31, 32]
    W1: [ 0,  1,  2,  3,  4,  7, 12, 13, 14, 16, 18, 20, 21, 26, 30, 31, 32, 37] = [ 5,  6,  8,  9, 10, 11, 15, 17, 19, 22, 23, 24, 25, 33, 34, 35, 36, 38]
    W2: [ 0,  1,  2,  3,  4,  7, 19, 22, 23, 24, 25, 28, 33, 34, 38, 42, 43] > [ 5,  6,  8, 18, 20, 21, 26, 27, 29, 30, 31, 32, 36, 37, 39, 40, 41]
    W3: [ 0,  1,  2,  6,  8, 15, 17, 18, 20, 24, 25, 36, 37, 38, 41] = [ 7,  9, 10, 11, 16, 19, 26, 27, 30, 33, 34, 35, 39, 42, 43]
    W4: [ 0,  3,  5,  8, 11, 12, 17, 18, 21, 23, 28, 30, 33, 37, 40] < [ 2,  6,  9, 14, 15, 20, 24, 26, 27, 31, 34, 35, 39, 41, 43]
    Truth table row=[=, =, >, =, <] ix=129 result=[40-] is correct

Test 40+:
    W0: [ 0,  1,  2,  3,  4,  7, 12, 13, 14, 16, 18, 20, 21, 26, 28, 33, 34, 35] = [ 5,  6,  8,  9, 10, 11, 15, 17, 19, 22, 23, 24, 25, 27, 29, 30, 31, 32]
    W1: [ 0,  1,  2,  3,  4,  7, 12, 13, 14, 16, 18, 20, 21, 26, 30, 31, 32, 37] = [ 5,  6,  8,  9, 10, 11, 15, 17, 19, 22, 23, 24, 25, 33, 34, 35, 36, 38]
    W2: [ 0,  1,  2,  3,  4,  7, 19, 22, 23, 24, 25, 28, 33, 34, 38, 42, 43] < [ 5,  6,  8, 18, 20, 21, 26, 27, 29, 30, 31, 32, 36, 37, 39, 40, 41]
    W3: [ 0,  1,  2,  6,  8, 15, 17, 18, 20, 24, 25, 36, 37, 38, 41] = [ 7,  9, 10, 11, 16, 19, 26, 27, 30, 33, 34, 35, 39, 42, 43]
    W4: [ 0,  3,  5,  8, 11, 12, 17, 18, 21, 23, 28, 30, 33, 37, 40] > [ 2,  6,  9, 14, 15, 20, 24, 26, 27, 31, 34, 35, 39, 41, 43]
    Truth table row=[=, =, <, =, >] ix=113 result=[40+] is correct

Test 41-:
    W0: [ 0,  1,  2,  3,  4,  7, 12, 13, 14, 16, 18, 20, 21, 26, 28, 33, 34, 35] = [ 5,  6,  8,  9, 10, 11, 15, 17, 19, 22, 23, 24, 25, 27, 29, 30, 31, 32]
    W1: [ 0,  1,  2,  3,  4,  7, 12, 13, 14, 16, 18, 20, 21, 26, 30, 31, 32, 37] = [ 5,  6,  8,  9, 10, 11, 15, 17, 19, 22, 23, 24, 25, 33, 34, 35, 36, 38]
    W2: [ 0,  1,  2,  3,  4,  7, 19, 22, 23, 24, 25, 28, 33, 34, 38, 42, 43] > [ 5,  6,  8, 18, 20, 21, 26, 27, 29, 30, 31, 32, 36, 37, 39, 40, 41]
    W3: [ 0,  1,  2,  6,  8, 15, 17, 18, 20, 24, 25, 36, 37, 38, 41] < [ 7,  9, 10, 11, 16, 19, 26, 27, 30, 33, 34, 35, 39, 42, 43]
    W4: [ 0,  3,  5,  8, 11, 12, 17, 18, 21, 23, 28, 30, 33, 37, 40] > [ 2,  6,  9, 14, 15, 20, 24, 26, 27, 31, 34, 35, 39, 41, 43]
    Truth table row=[=, =, >, <, >] ix=128 result=[41-] is correct

Test 41+:
    W0: [ 0,  1,  2,  3,  4,  7, 12, 13, 14, 16, 18, 20, 21, 26, 28, 33, 34, 35] = [ 5,  6,  8,  9, 10, 11, 15, 17, 19, 22, 23, 24, 25, 27, 29, 30, 31, 32]
    W1: [ 0,  1,  2,  3,  4,  7, 12, 13, 14, 16, 18, 20, 21, 26, 30, 31, 32, 37] = [ 5,  6,  8,  9, 10, 11, 15, 17, 19, 22, 23, 24, 25, 33, 34, 35, 36, 38]
    W2: [ 0,  1,  2,  3,  4,  7, 19, 22, 23, 24, 25, 28, 33, 34, 38, 42, 43] < [ 5,  6,  8, 18, 20, 21, 26, 27, 29, 30, 31, 32, 36, 37, 39, 40, 41]
    W3: [ 0,  1,  2,  6,  8, 15, 17, 18, 20, 24, 25, 36, 37, 38, 41] > [ 7,  9, 10, 11, 16, 19, 26, 27, 30, 33, 34, 35, 39, 42, 43]
    W4: [ 0,  3,  5,  8, 11, 12, 17, 18, 21, 23, 28, 30, 33, 37, 40] < [ 2,  6,  9, 14, 15, 20, 24, 26, 27, 31, 34, 35, 39, 41, 43]
    Truth table row=[=, =, <, >, <] ix=114 result=[41+] is correct

Test 42-:
    W0: [ 0,  1,  2,  3,  4,  7, 12, 13, 14, 16, 18, 20, 21, 26, 28, 33, 34, 35] = [ 5,  6,  8,  9, 10, 11, 15, 17, 19, 22, 23, 24, 25, 27, 29, 30, 31, 32]
    W1: [ 0,  1,  2,  3,  4,  7, 12, 13, 14, 16, 18, 20, 21, 26, 30, 31, 32, 37] = [ 5,  6,  8,  9, 10, 11, 15, 17, 19, 22, 23, 24, 25, 33, 34, 35, 36, 38]
    W2: [ 0,  1,  2,  3,  4,  7, 19, 22, 23, 24, 25, 28, 33, 34, 38, 42, 43] < [ 5,  6,  8, 18, 20, 21, 26, 27, 29, 30, 31, 32, 36, 37, 39, 40, 41]
    W3: [ 0,  1,  2,  6,  8, 15, 17, 18, 20, 24, 25, 36, 37, 38, 41] > [ 7,  9, 10, 11, 16, 19, 26, 27, 30, 33, 34, 35, 39, 42, 43]
    W4: [ 0,  3,  5,  8, 11, 12, 17, 18, 21, 23, 28, 30, 33, 37, 40] = [ 2,  6,  9, 14, 15, 20, 24, 26, 27, 31, 34, 35, 39, 41, 43]
    Truth table row=[=, =, <, >, =] ix=115 result=[42-] is correct

Test 42+:
    W0: [ 0,  1,  2,  3,  4,  7, 12, 13, 14, 16, 18, 20, 21, 26, 28, 33, 34, 35] = [ 5,  6,  8,  9, 10, 11, 15, 17, 19, 22, 23, 24, 25, 27, 29, 30, 31, 32]
    W1: [ 0,  1,  2,  3,  4,  7, 12, 13, 14, 16, 18, 20, 21, 26, 30, 31, 32, 37] = [ 5,  6,  8,  9, 10, 11, 15, 17, 19, 22, 23, 24, 25, 33, 34, 35, 36, 38]
    W2: [ 0,  1,  2,  3,  4,  7, 19, 22, 23, 24, 25, 28, 33, 34, 38, 42, 43] > [ 5,  6,  8, 18, 20, 21, 26, 27, 29, 30, 31, 32, 36, 37, 39, 40, 41]
    W3: [ 0,  1,  2,  6,  8, 15, 17, 18, 20, 24, 25, 36, 37, 38, 41] < [ 7,  9, 10, 11, 16, 19, 26, 27, 30, 33, 34, 35, 39, 42, 43]
    W4: [ 0,  3,  5,  8, 11, 12, 17, 18, 21, 23, 28, 30, 33, 37, 40] = [ 2,  6,  9, 14, 15, 20, 24, 26, 27, 31, 34, 35, 39, 41, 43]
    Truth table row=[=, =, >, <, =] ix=127 result=[42+] is correct

Test 43-:
    W0: [ 0,  1,  2,  3,  4,  7, 12, 13, 14, 16, 18, 20, 21, 26, 28, 33, 34, 35] = [ 5,  6,  8,  9, 10, 11, 15, 17, 19, 22, 23, 24, 25, 27, 29, 30, 31, 32]
    W1: [ 0,  1,  2,  3,  4,  7, 12, 13, 14, 16, 18, 20, 21, 26, 30, 31, 32, 37] = [ 5,  6,  8,  9, 10, 11, 15, 17, 19, 22, 23, 24, 25, 33, 34, 35, 36, 38]
    W2: [ 0,  1,  2,  3,  4,  7, 19, 22, 23, 24, 25, 28, 33, 34, 38, 42, 43] < [ 5,  6,  8, 18, 20, 21, 26, 27, 29, 30, 31, 32, 36, 37, 39, 40, 41]
    W3: [ 0,  1,  2,  6,  8, 15, 17, 18, 20, 24, 25, 36, 37, 38, 41] > [ 7,  9, 10, 11, 16, 19, 26, 27, 30, 33, 34, 35, 39, 42, 43]
    W4: [ 0,  3,  5,  8, 11, 12, 17, 18, 21, 23, 28, 30, 33, 37, 40] > [ 2,  6,  9, 14, 15, 20, 24, 26, 27, 31, 34, 35, 39, 41, 43]
    Truth table row=[=, =, <, >, >] ix=116 result=[43-] is correct

Test 43+:
    W0: [ 0,  1,  2,  3,  4,  7, 12, 13, 14, 16, 18, 20, 21, 26, 28, 33, 34, 35] = [ 5,  6,  8,  9, 10, 11, 15, 17, 19, 22, 23, 24, 25, 27, 29, 30, 31, 32]
    W1: [ 0,  1,  2,  3,  4,  7, 12, 13, 14, 16, 18, 20, 21, 26, 30, 31, 32, 37] = [ 5,  6,  8,  9, 10, 11, 15, 17, 19, 22, 23, 24, 25, 33, 34, 35, 36, 38]
    W2: [ 0,  1,  2,  3,  4,  7, 19, 22, 23, 24, 25, 28, 33, 34, 38, 42, 43] > [ 5,  6,  8, 18, 20, 21, 26, 27, 29, 30, 31, 32, 36, 37, 39, 40, 41]
    W3: [ 0,  1,  2,  6,  8, 15, 17, 18, 20, 24, 25, 36, 37, 38, 41] < [ 7,  9, 10, 11, 16, 19, 26, 27, 30, 33, 34, 35, 39, 42, 43]
    W4: [ 0,  3,  5,  8, 11, 12, 17, 18, 21, 23, 28, 30, 33, 37, 40] < [ 2,  6,  9, 14, 15, 20, 24, 26, 27, 31, 34, 35, 39, 41, 43]
    Truth table row=[=, =, >, <, <] ix=126 result=[43+] is correct

Total correct results: 88
Total incorrect results: 0
