Solving for 20 balls and 4 weighings

Solution:
W0: [ 0,  2,  4,  6] <=> [ 1,  3,  5,  7]
W1: [ 2,  5,  6, 10, 11, 15, 16] <=> [ 0,  3,  4, 13, 17, 18, 19]
W2: [ 0,  5,  8,  9, 12, 13, 16] <=> [ 1,  2,  3,  4, 15, 17, 18]
W3: [ 4,  5,  7, 10, 12, 15, 16, 17] <=> [ 0,  1,  2,  3,  6,  9, 11, 14]

Truth Table:
ix  W0  W1  W2  W3   Result
 0   <   <   <   <   3+
 1   <   <   <   =
 2   <   <   <   >
 3   <   <   =   <
 4   <   <   =   =
 5   <   <   =   >   6-
 6   <   <   >   <
 7   <   <   >   =
 8   <   <   >   >   2-
 9   <   =   <   <   1+
10   <   =   <   =
11   <   =   <   >
12   <   =   =   <
13   <   =   =   =
14   <   =   =   >   7+
15   <   =   >   <
16   <   =   >   =
17   <   =   >   >
18   <   >   <   <
19   <   >   <   =
20   <   >   <   >   0-
21   <   >   =   <
22   <   >   =   =
23   <   >   =   >
24   <   >   >   <   4-
25   <   >   >   =
26   <   >   >   >   5+
27   =   <   <   <   16-
28   =   <   <   =   18+
29   =   <   <   >   17+
30   =   <   =   <   10-
31   =   <   =   =   19+
32   =   <   =   >   11-
33   =   <   >   <   15-
34   =   <   >   =   13+
35   =   <   >   >
36   =   =   <   <   12-
37   =   =   <   =   8-
38   =   =   <   >   9-
39   =   =   =   <   14+
40   =   =   =   =
41   =   =   =   >   14-
42   =   =   >   <   9+
43   =   =   >   =   8+
44   =   =   >   >   12+
45   =   >   <   <
46   =   >   <   =   13-
47   =   >   <   >   15+
48   =   >   =   <   11+
49   =   >   =   =   19-
50   =   >   =   >   10+
51   =   >   >   <   17-
52   =   >   >   =   18-
53   =   >   >   >   16+
54   >   <   <   <   5-
55   >   <   <   =
56   >   <   <   >   4+
57   >   <   =   <
58   >   <   =   =
59   >   <   =   >
60   >   <   >   <   0+
61   >   <   >   =
62   >   <   >   >
63   >   =   <   <
64   >   =   <   =
65   >   =   <   >
66   >   =   =   <   7-
67   >   =   =   =
68   >   =   =   >
69   >   =   >   <
70   >   =   >   =
71   >   =   >   >   1-
72   >   >   <   <   2+
73   >   >   <   =
74   >   >   <   >
75   >   >   =   <   6+
76   >   >   =   =
77   >   >   =   >
78   >   >   >   <
79   >   >   >   =
80   >   >   >   >   3-

Test 0-:
    W0: [ 0,  2,  4,  6] < [ 1,  3,  5,  7]
    W1: [ 2,  5,  6, 10, 11, 15, 16] > [ 0,  3,  4, 13, 17, 18, 19]
    W2: [ 0,  5,  8,  9, 12, 13, 16] < [ 1,  2,  3,  4, 15, 17, 18]
    W3: [ 4,  5,  7, 10, 12, 15, 16, 17] > [ 0,  1,  2,  3,  6,  9, 11, 14]
    Truth table result: ['0-'] is correct

Test 0+:
    W0: [ 0,  2,  4,  6] > [ 1,  3,  5,  7]
    W1: [ 2,  5,  6, 10, 11, 15, 16] < [ 0,  3,  4, 13, 17, 18, 19]
    W2: [ 0,  5,  8,  9, 12, 13, 16] > [ 1,  2,  3,  4, 15, 17, 18]
    W3: [ 4,  5,  7, 10, 12, 15, 16, 17] < [ 0,  1,  2,  3,  6,  9, 11, 14]
    Truth table result: ['0+'] is correct

Test 1-:
    W0: [ 0,  2,  4,  6] > [ 1,  3,  5,  7]
    W1: [ 2,  5,  6, 10, 11, 15, 16] = [ 0,  3,  4, 13, 17, 18, 19]
    W2: [ 0,  5,  8,  9, 12, 13, 16] > [ 1,  2,  3,  4, 15, 17, 18]
    W3: [ 4,  5,  7, 10, 12, 15, 16, 17] > [ 0,  1,  2,  3,  6,  9, 11, 14]
    Truth table result: ['1-'] is correct

Test 1+:
    W0: [ 0,  2,  4,  6] < [ 1,  3,  5,  7]
    W1: [ 2,  5,  6, 10, 11, 15, 16] = [ 0,  3,  4, 13, 17, 18, 19]
    W2: [ 0,  5,  8,  9, 12, 13, 16] < [ 1,  2,  3,  4, 15, 17, 18]
    W3: [ 4,  5,  7, 10, 12, 15, 16, 17] < [ 0,  1,  2,  3,  6,  9, 11, 14]
    Truth table result: ['1+'] is correct

Test 2-:
    W0: [ 0,  2,  4,  6] < [ 1,  3,  5,  7]
    W1: [ 2,  5,  6, 10, 11, 15, 16] < [ 0,  3,  4, 13, 17, 18, 19]
    W2: [ 0,  5,  8,  9, 12, 13, 16] > [ 1,  2,  3,  4, 15, 17, 18]
    W3: [ 4,  5,  7, 10, 12, 15, 16, 17] > [ 0,  1,  2,  3,  6,  9, 11, 14]
    Truth table result: ['2-'] is correct

Test 2+:
    W0: [ 0,  2,  4,  6] > [ 1,  3,  5,  7]
    W1: [ 2,  5,  6, 10, 11, 15, 16] > [ 0,  3,  4, 13, 17, 18, 19]
    W2: [ 0,  5,  8,  9, 12, 13, 16] < [ 1,  2,  3,  4, 15, 17, 18]
    W3: [ 4,  5,  7, 10, 12, 15, 16, 17] < [ 0,  1,  2,  3,  6,  9, 11, 14]
    Truth table result: ['2+'] is correct

Test 3-:
    W0: [ 0,  2,  4,  6] > [ 1,  3,  5,  7]
    W1: [ 2,  5,  6, 10, 11, 15, 16] > [ 0,  3,  4, 13, 17, 18, 19]
    W2: [ 0,  5,  8,  9, 12, 13, 16] > [ 1,  2,  3,  4, 15, 17, 18]
    W3: [ 4,  5,  7, 10, 12, 15, 16, 17] > [ 0,  1,  2,  3,  6,  9, 11, 14]
    Truth table result: ['3-'] is correct

Test 3+:
    W0: [ 0,  2,  4,  6] < [ 1,  3,  5,  7]
    W1: [ 2,  5,  6, 10, 11, 15, 16] < [ 0,  3,  4, 13, 17, 18, 19]
    W2: [ 0,  5,  8,  9, 12, 13, 16] < [ 1,  2,  3,  4, 15, 17, 18]
    W3: [ 4,  5,  7, 10, 12, 15, 16, 17] < [ 0,  1,  2,  3,  6,  9, 11, 14]
    Truth table result: ['3+'] is correct

Test 4-:
    W0: [ 0,  2,  4,  6] < [ 1,  3,  5,  7]
    W1: [ 2,  5,  6, 10, 11, 15, 16] > [ 0,  3,  4, 13, 17, 18, 19]
    W2: [ 0,  5,  8,  9, 12, 13, 16] > [ 1,  2,  3,  4, 15, 17, 18]
    W3: [ 4,  5,  7, 10, 12, 15, 16, 17] < [ 0,  1,  2,  3,  6,  9, 11, 14]
    Truth table result: ['4-'] is correct

Test 4+:
    W0: [ 0,  2,  4,  6] > [ 1,  3,  5,  7]
    W1: [ 2,  5,  6, 10, 11, 15, 16] < [ 0,  3,  4, 13, 17, 18, 19]
    W2: [ 0,  5,  8,  9, 12, 13, 16] < [ 1,  2,  3,  4, 15, 17, 18]
    W3: [ 4,  5,  7, 10, 12, 15, 16, 17] > [ 0,  1,  2,  3,  6,  9, 11, 14]
    Truth table result: ['4+'] is correct

Test 5-:
    W0: [ 0,  2,  4,  6] > [ 1,  3,  5,  7]
    W1: [ 2,  5,  6, 10, 11, 15, 16] < [ 0,  3,  4, 13, 17, 18, 19]
    W2: [ 0,  5,  8,  9, 12, 13, 16] < [ 1,  2,  3,  4, 15, 17, 18]
    W3: [ 4,  5,  7, 10, 12, 15, 16, 17] < [ 0,  1,  2,  3,  6,  9, 11, 14]
    Truth table result: ['5-'] is correct

Test 5+:
    W0: [ 0,  2,  4,  6] < [ 1,  3,  5,  7]
    W1: [ 2,  5,  6, 10, 11, 15, 16] > [ 0,  3,  4, 13, 17, 18, 19]
    W2: [ 0,  5,  8,  9, 12, 13, 16] > [ 1,  2,  3,  4, 15, 17, 18]
    W3: [ 4,  5,  7, 10, 12, 15, 16, 17] > [ 0,  1,  2,  3,  6,  9, 11, 14]
    Truth table result: ['5+'] is correct

Test 6-:
    W0: [ 0,  2,  4,  6] < [ 1,  3,  5,  7]
    W1: [ 2,  5,  6, 10, 11, 15, 16] < [ 0,  3,  4, 13, 17, 18, 19]
    W2: [ 0,  5,  8,  9, 12, 13, 16] = [ 1,  2,  3,  4, 15, 17, 18]
    W3: [ 4,  5,  7, 10, 12, 15, 16, 17] > [ 0,  1,  2,  3,  6,  9, 11, 14]
    Truth table result: ['6-'] is correct

Test 6+:
    W0: [ 0,  2,  4,  6] > [ 1,  3,  5,  7]
    W1: [ 2,  5,  6, 10, 11, 15, 16] > [ 0,  3,  4, 13, 17, 18, 19]
    W2: [ 0,  5,  8,  9, 12, 13, 16] = [ 1,  2,  3,  4, 15, 17, 18]
    W3: [ 4,  5,  7, 10, 12, 15, 16, 17] < [ 0,  1,  2,  3,  6,  9, 11, 14]
    Truth table result: ['6+'] is correct

Test 7-:
    W0: [ 0,  2,  4,  6] > [ 1,  3,  5,  7]
    W1: [ 2,  5,  6, 10, 11, 15, 16] = [ 0,  3,  4, 13, 17, 18, 19]
    W2: [ 0,  5,  8,  9, 12, 13, 16] = [ 1,  2,  3,  4, 15, 17, 18]
    W3: [ 4,  5,  7, 10, 12, 15, 16, 17] < [ 0,  1,  2,  3,  6,  9, 11, 14]
    Truth table result: ['7-'] is correct

Test 7+:
    W0: [ 0,  2,  4,  6] < [ 1,  3,  5,  7]
    W1: [ 2,  5,  6, 10, 11, 15, 16] = [ 0,  3,  4, 13, 17, 18, 19]
    W2: [ 0,  5,  8,  9, 12, 13, 16] = [ 1,  2,  3,  4, 15, 17, 18]
    W3: [ 4,  5,  7, 10, 12, 15, 16, 17] > [ 0,  1,  2,  3,  6,  9, 11, 14]
    Truth table result: ['7+'] is correct

Test 8-:
    W0: [ 0,  2,  4,  6] = [ 1,  3,  5,  7]
    W1: [ 2,  5,  6, 10, 11, 15, 16] = [ 0,  3,  4, 13, 17, 18, 19]
    W2: [ 0,  5,  8,  9, 12, 13, 16] < [ 1,  2,  3,  4, 15, 17, 18]
    W3: [ 4,  5,  7, 10, 12, 15, 16, 17] = [ 0,  1,  2,  3,  6,  9, 11, 14]
    Truth table result: ['8-'] is correct

Test 8+:
    W0: [ 0,  2,  4,  6] = [ 1,  3,  5,  7]
    W1: [ 2,  5,  6, 10, 11, 15, 16] = [ 0,  3,  4, 13, 17, 18, 19]
    W2: [ 0,  5,  8,  9, 12, 13, 16] > [ 1,  2,  3,  4, 15, 17, 18]
    W3: [ 4,  5,  7, 10, 12, 15, 16, 17] = [ 0,  1,  2,  3,  6,  9, 11, 14]
    Truth table result: ['8+'] is correct

Test 9-:
    W0: [ 0,  2,  4,  6] = [ 1,  3,  5,  7]
    W1: [ 2,  5,  6, 10, 11, 15, 16] = [ 0,  3,  4, 13, 17, 18, 19]
    W2: [ 0,  5,  8,  9, 12, 13, 16] < [ 1,  2,  3,  4, 15, 17, 18]
    W3: [ 4,  5,  7, 10, 12, 15, 16, 17] > [ 0,  1,  2,  3,  6,  9, 11, 14]
    Truth table result: ['9-'] is correct

Test 9+:
    W0: [ 0,  2,  4,  6] = [ 1,  3,  5,  7]
    W1: [ 2,  5,  6, 10, 11, 15, 16] = [ 0,  3,  4, 13, 17, 18, 19]
    W2: [ 0,  5,  8,  9, 12, 13, 16] > [ 1,  2,  3,  4, 15, 17, 18]
    W3: [ 4,  5,  7, 10, 12, 15, 16, 17] < [ 0,  1,  2,  3,  6,  9, 11, 14]
    Truth table result: ['9+'] is correct

Test 10-:
    W0: [ 0,  2,  4,  6] = [ 1,  3,  5,  7]
    W1: [ 2,  5,  6, 10, 11, 15, 16] < [ 0,  3,  4, 13, 17, 18, 19]
    W2: [ 0,  5,  8,  9, 12, 13, 16] = [ 1,  2,  3,  4, 15, 17, 18]
    W3: [ 4,  5,  7, 10, 12, 15, 16, 17] < [ 0,  1,  2,  3,  6,  9, 11, 14]
    Truth table result: ['10-'] is correct

Test 10+:
    W0: [ 0,  2,  4,  6] = [ 1,  3,  5,  7]
    W1: [ 2,  5,  6, 10, 11, 15, 16] > [ 0,  3,  4, 13, 17, 18, 19]
    W2: [ 0,  5,  8,  9, 12, 13, 16] = [ 1,  2,  3,  4, 15, 17, 18]
    W3: [ 4,  5,  7, 10, 12, 15, 16, 17] > [ 0,  1,  2,  3,  6,  9, 11, 14]
    Truth table result: ['10+'] is correct

Test 11-:
    W0: [ 0,  2,  4,  6] = [ 1,  3,  5,  7]
    W1: [ 2,  5,  6, 10, 11, 15, 16] < [ 0,  3,  4, 13, 17, 18, 19]
    W2: [ 0,  5,  8,  9, 12, 13, 16] = [ 1,  2,  3,  4, 15, 17, 18]
    W3: [ 4,  5,  7, 10, 12, 15, 16, 17] > [ 0,  1,  2,  3,  6,  9, 11, 14]
    Truth table result: ['11-'] is correct

Test 11+:
    W0: [ 0,  2,  4,  6] = [ 1,  3,  5,  7]
    W1: [ 2,  5,  6, 10, 11, 15, 16] > [ 0,  3,  4, 13, 17, 18, 19]
    W2: [ 0,  5,  8,  9, 12, 13, 16] = [ 1,  2,  3,  4, 15, 17, 18]
    W3: [ 4,  5,  7, 10, 12, 15, 16, 17] < [ 0,  1,  2,  3,  6,  9, 11, 14]
    Truth table result: ['11+'] is correct

Test 12-:
    W0: [ 0,  2,  4,  6] = [ 1,  3,  5,  7]
    W1: [ 2,  5,  6, 10, 11, 15, 16] = [ 0,  3,  4, 13, 17, 18, 19]
    W2: [ 0,  5,  8,  9, 12, 13, 16] < [ 1,  2,  3,  4, 15, 17, 18]
    W3: [ 4,  5,  7, 10, 12, 15, 16, 17] < [ 0,  1,  2,  3,  6,  9, 11, 14]
    Truth table result: ['12-'] is correct

Test 12+:
    W0: [ 0,  2,  4,  6] = [ 1,  3,  5,  7]
    W1: [ 2,  5,  6, 10, 11, 15, 16] = [ 0,  3,  4, 13, 17, 18, 19]
    W2: [ 0,  5,  8,  9, 12, 13, 16] > [ 1,  2,  3,  4, 15, 17, 18]
    W3: [ 4,  5,  7, 10, 12, 15, 16, 17] > [ 0,  1,  2,  3,  6,  9, 11, 14]
    Truth table result: ['12+'] is correct

Test 13-:
    W0: [ 0,  2,  4,  6] = [ 1,  3,  5,  7]
    W1: [ 2,  5,  6, 10, 11, 15, 16] > [ 0,  3,  4, 13, 17, 18, 19]
    W2: [ 0,  5,  8,  9, 12, 13, 16] < [ 1,  2,  3,  4, 15, 17, 18]
    W3: [ 4,  5,  7, 10, 12, 15, 16, 17] = [ 0,  1,  2,  3,  6,  9, 11, 14]
    Truth table result: ['13-'] is correct

Test 13+:
    W0: [ 0,  2,  4,  6] = [ 1,  3,  5,  7]
    W1: [ 2,  5,  6, 10, 11, 15, 16] < [ 0,  3,  4, 13, 17, 18, 19]
    W2: [ 0,  5,  8,  9, 12, 13, 16] > [ 1,  2,  3,  4, 15, 17, 18]
    W3: [ 4,  5,  7, 10, 12, 15, 16, 17] = [ 0,  1,  2,  3,  6,  9, 11, 14]
    Truth table result: ['13+'] is correct

Test 14-:
    W0: [ 0,  2,  4,  6] = [ 1,  3,  5,  7]
    W1: [ 2,  5,  6, 10, 11, 15, 16] = [ 0,  3,  4, 13, 17, 18, 19]
    W2: [ 0,  5,  8,  9, 12, 13, 16] = [ 1,  2,  3,  4, 15, 17, 18]
    W3: [ 4,  5,  7, 10, 12, 15, 16, 17] > [ 0,  1,  2,  3,  6,  9, 11, 14]
    Truth table result: ['14-'] is correct

Test 14+:
    W0: [ 0,  2,  4,  6] = [ 1,  3,  5,  7]
    W1: [ 2,  5,  6, 10, 11, 15, 16] = [ 0,  3,  4, 13, 17, 18, 19]
    W2: [ 0,  5,  8,  9, 12, 13, 16] = [ 1,  2,  3,  4, 15, 17, 18]
    W3: [ 4,  5,  7, 10, 12, 15, 16, 17] < [ 0,  1,  2,  3,  6,  9, 11, 14]
    Truth table result: ['14+'] is correct

Test 15-:
    W0: [ 0,  2,  4,  6] = [ 1,  3,  5,  7]
    W1: [ 2,  5,  6, 10, 11, 15, 16] < [ 0,  3,  4, 13, 17, 18, 19]
    W2: [ 0,  5,  8,  9, 12, 13, 16] > [ 1,  2,  3,  4, 15, 17, 18]
    W3: [ 4,  5,  7, 10, 12, 15, 16, 17] < [ 0,  1,  2,  3,  6,  9, 11, 14]
    Truth table result: ['15-'] is correct

Test 15+:
    W0: [ 0,  2,  4,  6] = [ 1,  3,  5,  7]
    W1: [ 2,  5,  6, 10, 11, 15, 16] > [ 0,  3,  4, 13, 17, 18, 19]
    W2: [ 0,  5,  8,  9, 12, 13, 16] < [ 1,  2,  3,  4, 15, 17, 18]
    W3: [ 4,  5,  7, 10, 12, 15, 16, 17] > [ 0,  1,  2,  3,  6,  9, 11, 14]
    Truth table result: ['15+'] is correct

Test 16-:
    W0: [ 0,  2,  4,  6] = [ 1,  3,  5,  7]
    W1: [ 2,  5,  6, 10, 11, 15, 16] < [ 0,  3,  4, 13, 17, 18, 19]
    W2: [ 0,  5,  8,  9, 12, 13, 16] < [ 1,  2,  3,  4, 15, 17, 18]
    W3: [ 4,  5,  7, 10, 12, 15, 16, 17] < [ 0,  1,  2,  3,  6,  9, 11, 14]
    Truth table result: ['16-'] is correct

Test 16+:
    W0: [ 0,  2,  4,  6] = [ 1,  3,  5,  7]
    W1: [ 2,  5,  6, 10, 11, 15, 16] > [ 0,  3,  4, 13, 17, 18, 19]
    W2: [ 0,  5,  8,  9, 12, 13, 16] > [ 1,  2,  3,  4, 15, 17, 18]
    W3: [ 4,  5,  7, 10, 12, 15, 16, 17] > [ 0,  1,  2,  3,  6,  9, 11, 14]
    Truth table result: ['16+'] is correct

Test 17-:
    W0: [ 0,  2,  4,  6] = [ 1,  3,  5,  7]
    W1: [ 2,  5,  6, 10, 11, 15, 16] > [ 0,  3,  4, 13, 17, 18, 19]
    W2: [ 0,  5,  8,  9, 12, 13, 16] > [ 1,  2,  3,  4, 15, 17, 18]
    W3: [ 4,  5,  7, 10, 12, 15, 16, 17] < [ 0,  1,  2,  3,  6,  9, 11, 14]
    Truth table result: ['17-'] is correct

Test 17+:
    W0: [ 0,  2,  4,  6] = [ 1,  3,  5,  7]
    W1: [ 2,  5,  6, 10, 11, 15, 16] < [ 0,  3,  4, 13, 17, 18, 19]
    W2: [ 0,  5,  8,  9, 12, 13, 16] < [ 1,  2,  3,  4, 15, 17, 18]
    W3: [ 4,  5,  7, 10, 12, 15, 16, 17] > [ 0,  1,  2,  3,  6,  9, 11, 14]
    Truth table result: ['17+'] is correct

Test 18-:
    W0: [ 0,  2,  4,  6] = [ 1,  3,  5,  7]
    W1: [ 2,  5,  6, 10, 11, 15, 16] > [ 0,  3,  4, 13, 17, 18, 19]
    W2: [ 0,  5,  8,  9, 12, 13, 16] > [ 1,  2,  3,  4, 15, 17, 18]
    W3: [ 4,  5,  7, 10, 12, 15, 16, 17] = [ 0,  1,  2,  3,  6,  9, 11, 14]
    Truth table result: ['18-'] is correct

Test 18+:
    W0: [ 0,  2,  4,  6] = [ 1,  3,  5,  7]
    W1: [ 2,  5,  6, 10, 11, 15, 16] < [ 0,  3,  4, 13, 17, 18, 19]
    W2: [ 0,  5,  8,  9, 12, 13, 16] < [ 1,  2,  3,  4, 15, 17, 18]
    W3: [ 4,  5,  7, 10, 12, 15, 16, 17] = [ 0,  1,  2,  3,  6,  9, 11, 14]
    Truth table result: ['18+'] is correct

Test 19-:
    W0: [ 0,  2,  4,  6] = [ 1,  3,  5,  7]
    W1: [ 2,  5,  6, 10, 11, 15, 16] > [ 0,  3,  4, 13, 17, 18, 19]
    W2: [ 0,  5,  8,  9, 12, 13, 16] = [ 1,  2,  3,  4, 15, 17, 18]
    W3: [ 4,  5,  7, 10, 12, 15, 16, 17] = [ 0,  1,  2,  3,  6,  9, 11, 14]
    Truth table result: ['19-'] is correct

Test 19+:
    W0: [ 0,  2,  4,  6] = [ 1,  3,  5,  7]
    W1: [ 2,  5,  6, 10, 11, 15, 16] < [ 0,  3,  4, 13, 17, 18, 19]
    W2: [ 0,  5,  8,  9, 12, 13, 16] = [ 1,  2,  3,  4, 15, 17, 18]
    W3: [ 4,  5,  7, 10, 12, 15, 16, 17] = [ 0,  1,  2,  3,  6,  9, 11, 14]
    Truth table result: ['19+'] is correct

Total correct results: 40
Total incorrect results: 0
