Solving for 34 balls and 4 weighings.
Using symmetry breaking strategy TruthTableAscending.

Solution:
W0: [ 0,  5,  7,  8,  9, 11, 12, 14, 15, 17, 21, 23] <=> [ 1,  2,  3,  4,  6, 10, 13, 16, 18, 19, 20, 22]
W1: [ 0,  5, 16, 18, 19, 20, 22, 24, 26, 28, 30, 31] <=> [ 1,  2,  3,  4,  6, 15, 17, 21, 23, 25, 27, 29]
W2: [ 0,  4,  6,  7,  8, 13, 15, 17, 22, 24, 29] <=> [ 1,  5, 12, 14, 16, 21, 23, 25, 30, 31, 32]
W3: [ 1,  6,  7,  9, 12, 15, 20, 21, 25, 26, 33] <=> [ 2,  4, 11, 14, 17, 18, 23, 28, 29, 31, 32]

Truth Table:
ix  W0  W1  W2  W3   Result
 0   <   <   <   <
 1   <   <   <   =   0-
 2   <   <   <   >   1+
 3   <   <   =   <   2+
 4   <   <   =   =   3+
 5   <   <   =   >
 6   <   <   >   <   4+
 7   <   <   >   =   5-
 8   <   <   >   >   6+
 9   <   =   <   <   7-
10   <   =   <   =   8-
11   <   =   <   >
12   <   =   =   <   9-
13   <   =   =   =   10+
14   <   =   =   >   11-
15   <   =   >   <   12-
16   <   =   >   =   13+
17   <   =   >   >   14-
18   <   >   <   <   15-
19   <   >   <   =   16+
20   <   >   <   >   17-
21   <   >   =   <   18+
22   <   >   =   =   19+
23   <   >   =   >   20+
24   <   >   >   <   21-
25   <   >   >   =   22+
26   <   >   >   >   23-
27   =   <   <   <
28   =   <   <   =   24-
29   =   <   <   >   25+
30   =   <   =   <   26-
31   =   <   =   =   27+
32   =   <   =   >   28-
33   =   <   >   <   29+
34   =   <   >   =   30-
35   =   <   >   >   31-
36   =   =   <   <   32+
37   =   =   <   =
38   =   =   <   >
39   =   =   =   <   33-
40   =   =   =   =
41   =   =   =   >   33+
42   =   =   >   <
43   =   =   >   =
44   =   =   >   >   32-
45   =   >   <   <   31+
46   =   >   <   =   30+
47   =   >   <   >   29-
48   =   >   =   <   28+
49   =   >   =   =   27-
50   =   >   =   >   26+
51   =   >   >   <   25-
52   =   >   >   =   24+
53   =   >   >   >
54   >   <   <   <   23+
55   >   <   <   =   22-
56   >   <   <   >   21+
57   >   <   =   <   20-
58   >   <   =   =   19-
59   >   <   =   >   18-
60   >   <   >   <   17+
61   >   <   >   =   16-
62   >   <   >   >   15+
63   >   =   <   <   14+
64   >   =   <   =   13-
65   >   =   <   >   12+
66   >   =   =   <   11+
67   >   =   =   =   10-
68   >   =   =   >   9+
69   >   =   >   <
70   >   =   >   =   8+
71   >   =   >   >   7+
72   >   >   <   <   6-
73   >   >   <   =   5+
74   >   >   <   >   4-
75   >   >   =   <
76   >   >   =   =   3-
77   >   >   =   >   2-
78   >   >   >   <   1-
79   >   >   >   =   0+
80   >   >   >   >

Test 0-:
    W0: [ 0,  5,  7,  8,  9, 11, 12, 14, 15, 17, 21, 23] < [ 1,  2,  3,  4,  6, 10, 13, 16, 18, 19, 20, 22]
    W1: [ 0,  5, 16, 18, 19, 20, 22, 24, 26, 28, 30, 31] < [ 1,  2,  3,  4,  6, 15, 17, 21, 23, 25, 27, 29]
    W2: [ 0,  4,  6,  7,  8, 13, 15, 17, 22, 24, 29] < [ 1,  5, 12, 14, 16, 21, 23, 25, 30, 31, 32]
    W3: [ 1,  6,  7,  9, 12, 15, 20, 21, 25, 26, 33] = [ 2,  4, 11, 14, 17, 18, 23, 28, 29, 31, 32]
    Truth table row=[<, <, <, =] ix=1 result=[0-] is correct

Test 0+:
    W0: [ 0,  5,  7,  8,  9, 11, 12, 14, 15, 17, 21, 23] > [ 1,  2,  3,  4,  6, 10, 13, 16, 18, 19, 20, 22]
    W1: [ 0,  5, 16, 18, 19, 20, 22, 24, 26, 28, 30, 31] > [ 1,  2,  3,  4,  6, 15, 17, 21, 23, 25, 27, 29]
    W2: [ 0,  4,  6,  7,  8, 13, 15, 17, 22, 24, 29] > [ 1,  5, 12, 14, 16, 21, 23, 25, 30, 31, 32]
    W3: [ 1,  6,  7,  9, 12, 15, 20, 21, 25, 26, 33] = [ 2,  4, 11, 14, 17, 18, 23, 28, 29, 31, 32]
    Truth table row=[>, >, >, =] ix=79 result=[0+] is correct

Test 1-:
    W0: [ 0,  5,  7,  8,  9, 11, 12, 14, 15, 17, 21, 23] > [ 1,  2,  3,  4,  6, 10, 13, 16, 18, 19, 20, 22]
    W1: [ 0,  5, 16, 18, 19, 20, 22, 24, 26, 28, 30, 31] > [ 1,  2,  3,  4,  6, 15, 17, 21, 23, 25, 27, 29]
    W2: [ 0,  4,  6,  7,  8, 13, 15, 17, 22, 24, 29] > [ 1,  5, 12, 14, 16, 21, 23, 25, 30, 31, 32]
    W3: [ 1,  6,  7,  9, 12, 15, 20, 21, 25, 26, 33] < [ 2,  4, 11, 14, 17, 18, 23, 28, 29, 31, 32]
    Truth table row=[>, >, >, <] ix=78 result=[1-] is correct

Test 1+:
    W0: [ 0,  5,  7,  8,  9, 11, 12, 14, 15, 17, 21, 23] < [ 1,  2,  3,  4,  6, 10, 13, 16, 18, 19, 20, 22]
    W1: [ 0,  5, 16, 18, 19, 20, 22, 24, 26, 28, 30, 31] < [ 1,  2,  3,  4,  6, 15, 17, 21, 23, 25, 27, 29]
    W2: [ 0,  4,  6,  7,  8, 13, 15, 17, 22, 24, 29] < [ 1,  5, 12, 14, 16, 21, 23, 25, 30, 31, 32]
    W3: [ 1,  6,  7,  9, 12, 15, 20, 21, 25, 26, 33] > [ 2,  4, 11, 14, 17, 18, 23, 28, 29, 31, 32]
    Truth table row=[<, <, <, >] ix=2 result=[1+] is correct

Test 2-:
    W0: [ 0,  5,  7,  8,  9, 11, 12, 14, 15, 17, 21, 23] > [ 1,  2,  3,  4,  6, 10, 13, 16, 18, 19, 20, 22]
    W1: [ 0,  5, 16, 18, 19, 20, 22, 24, 26, 28, 30, 31] > [ 1,  2,  3,  4,  6, 15, 17, 21, 23, 25, 27, 29]
    W2: [ 0,  4,  6,  7,  8, 13, 15, 17, 22, 24, 29] = [ 1,  5, 12, 14, 16, 21, 23, 25, 30, 31, 32]
    W3: [ 1,  6,  7,  9, 12, 15, 20, 21, 25, 26, 33] > [ 2,  4, 11, 14, 17, 18, 23, 28, 29, 31, 32]
    Truth table row=[>, >, =, >] ix=77 result=[2-] is correct

Test 2+:
    W0: [ 0,  5,  7,  8,  9, 11, 12, 14, 15, 17, 21, 23] < [ 1,  2,  3,  4,  6, 10, 13, 16, 18, 19, 20, 22]
    W1: [ 0,  5, 16, 18, 19, 20, 22, 24, 26, 28, 30, 31] < [ 1,  2,  3,  4,  6, 15, 17, 21, 23, 25, 27, 29]
    W2: [ 0,  4,  6,  7,  8, 13, 15, 17, 22, 24, 29] = [ 1,  5, 12, 14, 16, 21, 23, 25, 30, 31, 32]
    W3: [ 1,  6,  7,  9, 12, 15, 20, 21, 25, 26, 33] < [ 2,  4, 11, 14, 17, 18, 23, 28, 29, 31, 32]
    Truth table row=[<, <, =, <] ix=3 result=[2+] is correct

Test 3-:
    W0: [ 0,  5,  7,  8,  9, 11, 12, 14, 15, 17, 21, 23] > [ 1,  2,  3,  4,  6, 10, 13, 16, 18, 19, 20, 22]
    W1: [ 0,  5, 16, 18, 19, 20, 22, 24, 26, 28, 30, 31] > [ 1,  2,  3,  4,  6, 15, 17, 21, 23, 25, 27, 29]
    W2: [ 0,  4,  6,  7,  8, 13, 15, 17, 22, 24, 29] = [ 1,  5, 12, 14, 16, 21, 23, 25, 30, 31, 32]
    W3: [ 1,  6,  7,  9, 12, 15, 20, 21, 25, 26, 33] = [ 2,  4, 11, 14, 17, 18, 23, 28, 29, 31, 32]
    Truth table row=[>, >, =, =] ix=76 result=[3-] is correct

Test 3+:
    W0: [ 0,  5,  7,  8,  9, 11, 12, 14, 15, 17, 21, 23] < [ 1,  2,  3,  4,  6, 10, 13, 16, 18, 19, 20, 22]
    W1: [ 0,  5, 16, 18, 19, 20, 22, 24, 26, 28, 30, 31] < [ 1,  2,  3,  4,  6, 15, 17, 21, 23, 25, 27, 29]
    W2: [ 0,  4,  6,  7,  8, 13, 15, 17, 22, 24, 29] = [ 1,  5, 12, 14, 16, 21, 23, 25, 30, 31, 32]
    W3: [ 1,  6,  7,  9, 12, 15, 20, 21, 25, 26, 33] = [ 2,  4, 11, 14, 17, 18, 23, 28, 29, 31, 32]
    Truth table row=[<, <, =, =] ix=4 result=[3+] is correct

Test 4-:
    W0: [ 0,  5,  7,  8,  9, 11, 12, 14, 15, 17, 21, 23] > [ 1,  2,  3,  4,  6, 10, 13, 16, 18, 19, 20, 22]
    W1: [ 0,  5, 16, 18, 19, 20, 22, 24, 26, 28, 30, 31] > [ 1,  2,  3,  4,  6, 15, 17, 21, 23, 25, 27, 29]
    W2: [ 0,  4,  6,  7,  8, 13, 15, 17, 22, 24, 29] < [ 1,  5, 12, 14, 16, 21, 23, 25, 30, 31, 32]
    W3: [ 1,  6,  7,  9, 12, 15, 20, 21, 25, 26, 33] > [ 2,  4, 11, 14, 17, 18, 23, 28, 29, 31, 32]
    Truth table row=[>, >, <, >] ix=74 result=[4-] is correct

Test 4+:
    W0: [ 0,  5,  7,  8,  9, 11, 12, 14, 15, 17, 21, 23] < [ 1,  2,  3,  4,  6, 10, 13, 16, 18, 19, 20, 22]
    W1: [ 0,  5, 16, 18, 19, 20, 22, 24, 26, 28, 30, 31] < [ 1,  2,  3,  4,  6, 15, 17, 21, 23, 25, 27, 29]
    W2: [ 0,  4,  6,  7,  8, 13, 15, 17, 22, 24, 29] > [ 1,  5, 12, 14, 16, 21, 23, 25, 30, 31, 32]
    W3: [ 1,  6,  7,  9, 12, 15, 20, 21, 25, 26, 33] < [ 2,  4, 11, 14, 17, 18, 23, 28, 29, 31, 32]
    Truth table row=[<, <, >, <] ix=6 result=[4+] is correct

Test 5-:
    W0: [ 0,  5,  7,  8,  9, 11, 12, 14, 15, 17, 21, 23] < [ 1,  2,  3,  4,  6, 10, 13, 16, 18, 19, 20, 22]
    W1: [ 0,  5, 16, 18, 19, 20, 22, 24, 26, 28, 30, 31] < [ 1,  2,  3,  4,  6, 15, 17, 21, 23, 25, 27, 29]
    W2: [ 0,  4,  6,  7,  8, 13, 15, 17, 22, 24, 29] > [ 1,  5, 12, 14, 16, 21, 23, 25, 30, 31, 32]
    W3: [ 1,  6,  7,  9, 12, 15, 20, 21, 25, 26, 33] = [ 2,  4, 11, 14, 17, 18, 23, 28, 29, 31, 32]
    Truth table row=[<, <, >, =] ix=7 result=[5-] is correct

Test 5+:
    W0: [ 0,  5,  7,  8,  9, 11, 12, 14, 15, 17, 21, 23] > [ 1,  2,  3,  4,  6, 10, 13, 16, 18, 19, 20, 22]
    W1: [ 0,  5, 16, 18, 19, 20, 22, 24, 26, 28, 30, 31] > [ 1,  2,  3,  4,  6, 15, 17, 21, 23, 25, 27, 29]
    W2: [ 0,  4,  6,  7,  8, 13, 15, 17, 22, 24, 29] < [ 1,  5, 12, 14, 16, 21, 23, 25, 30, 31, 32]
    W3: [ 1,  6,  7,  9, 12, 15, 20, 21, 25, 26, 33] = [ 2,  4, 11, 14, 17, 18, 23, 28, 29, 31, 32]
    Truth table row=[>, >, <, =] ix=73 result=[5+] is correct

Test 6-:
    W0: [ 0,  5,  7,  8,  9, 11, 12, 14, 15, 17, 21, 23] > [ 1,  2,  3,  4,  6, 10, 13, 16, 18, 19, 20, 22]
    W1: [ 0,  5, 16, 18, 19, 20, 22, 24, 26, 28, 30, 31] > [ 1,  2,  3,  4,  6, 15, 17, 21, 23, 25, 27, 29]
    W2: [ 0,  4,  6,  7,  8, 13, 15, 17, 22, 24, 29] < [ 1,  5, 12, 14, 16, 21, 23, 25, 30, 31, 32]
    W3: [ 1,  6,  7,  9, 12, 15, 20, 21, 25, 26, 33] < [ 2,  4, 11, 14, 17, 18, 23, 28, 29, 31, 32]
    Truth table row=[>, >, <, <] ix=72 result=[6-] is correct

Test 6+:
    W0: [ 0,  5,  7,  8,  9, 11, 12, 14, 15, 17, 21, 23] < [ 1,  2,  3,  4,  6, 10, 13, 16, 18, 19, 20, 22]
    W1: [ 0,  5, 16, 18, 19, 20, 22, 24, 26, 28, 30, 31] < [ 1,  2,  3,  4,  6, 15, 17, 21, 23, 25, 27, 29]
    W2: [ 0,  4,  6,  7,  8, 13, 15, 17, 22, 24, 29] > [ 1,  5, 12, 14, 16, 21, 23, 25, 30, 31, 32]
    W3: [ 1,  6,  7,  9, 12, 15, 20, 21, 25, 26, 33] > [ 2,  4, 11, 14, 17, 18, 23, 28, 29, 31, 32]
    Truth table row=[<, <, >, >] ix=8 result=[6+] is correct

Test 7-:
    W0: [ 0,  5,  7,  8,  9, 11, 12, 14, 15, 17, 21, 23] < [ 1,  2,  3,  4,  6, 10, 13, 16, 18, 19, 20, 22]
    W1: [ 0,  5, 16, 18, 19, 20, 22, 24, 26, 28, 30, 31] = [ 1,  2,  3,  4,  6, 15, 17, 21, 23, 25, 27, 29]
    W2: [ 0,  4,  6,  7,  8, 13, 15, 17, 22, 24, 29] < [ 1,  5, 12, 14, 16, 21, 23, 25, 30, 31, 32]
    W3: [ 1,  6,  7,  9, 12, 15, 20, 21, 25, 26, 33] < [ 2,  4, 11, 14, 17, 18, 23, 28, 29, 31, 32]
    Truth table row=[<, =, <, <] ix=9 result=[7-] is correct

Test 7+:
    W0: [ 0,  5,  7,  8,  9, 11, 12, 14, 15, 17, 21, 23] > [ 1,  2,  3,  4,  6, 10, 13, 16, 18, 19, 20, 22]
    W1: [ 0,  5, 16, 18, 19, 20, 22, 24, 26, 28, 30, 31] = [ 1,  2,  3,  4,  6, 15, 17, 21, 23, 25, 27, 29]
    W2: [ 0,  4,  6,  7,  8, 13, 15, 17, 22, 24, 29] > [ 1,  5, 12, 14, 16, 21, 23, 25, 30, 31, 32]
    W3: [ 1,  6,  7,  9, 12, 15, 20, 21, 25, 26, 33] > [ 2,  4, 11, 14, 17, 18, 23, 28, 29, 31, 32]
    Truth table row=[>, =, >, >] ix=71 result=[7+] is correct

Test 8-:
    W0: [ 0,  5,  7,  8,  9, 11, 12, 14, 15, 17, 21, 23] < [ 1,  2,  3,  4,  6, 10, 13, 16, 18, 19, 20, 22]
    W1: [ 0,  5, 16, 18, 19, 20, 22, 24, 26, 28, 30, 31] = [ 1,  2,  3,  4,  6, 15, 17, 21, 23, 25, 27, 29]
    W2: [ 0,  4,  6,  7,  8, 13, 15, 17, 22, 24, 29] < [ 1,  5, 12, 14, 16, 21, 23, 25, 30, 31, 32]
    W3: [ 1,  6,  7,  9, 12, 15, 20, 21, 25, 26, 33] = [ 2,  4, 11, 14, 17, 18, 23, 28, 29, 31, 32]
    Truth table row=[<, =, <, =] ix=10 result=[8-] is correct

Test 8+:
    W0: [ 0,  5,  7,  8,  9, 11, 12, 14, 15, 17, 21, 23] > [ 1,  2,  3,  4,  6, 10, 13, 16, 18, 19, 20, 22]
    W1: [ 0,  5, 16, 18, 19, 20, 22, 24, 26, 28, 30, 31] = [ 1,  2,  3,  4,  6, 15, 17, 21, 23, 25, 27, 29]
    W2: [ 0,  4,  6,  7,  8, 13, 15, 17, 22, 24, 29] > [ 1,  5, 12, 14, 16, 21, 23, 25, 30, 31, 32]
    W3: [ 1,  6,  7,  9, 12, 15, 20, 21, 25, 26, 33] = [ 2,  4, 11, 14, 17, 18, 23, 28, 29, 31, 32]
    Truth table row=[>, =, >, =] ix=70 result=[8+] is correct

Test 9-:
    W0: [ 0,  5,  7,  8,  9, 11, 12, 14, 15, 17, 21, 23] < [ 1,  2,  3,  4,  6, 10, 13, 16, 18, 19, 20, 22]
    W1: [ 0,  5, 16, 18, 19, 20, 22, 24, 26, 28, 30, 31] = [ 1,  2,  3,  4,  6, 15, 17, 21, 23, 25, 27, 29]
    W2: [ 0,  4,  6,  7,  8, 13, 15, 17, 22, 24, 29] = [ 1,  5, 12, 14, 16, 21, 23, 25, 30, 31, 32]
    W3: [ 1,  6,  7,  9, 12, 15, 20, 21, 25, 26, 33] < [ 2,  4, 11, 14, 17, 18, 23, 28, 29, 31, 32]
    Truth table row=[<, =, =, <] ix=12 result=[9-] is correct

Test 9+:
    W0: [ 0,  5,  7,  8,  9, 11, 12, 14, 15, 17, 21, 23] > [ 1,  2,  3,  4,  6, 10, 13, 16, 18, 19, 20, 22]
    W1: [ 0,  5, 16, 18, 19, 20, 22, 24, 26, 28, 30, 31] = [ 1,  2,  3,  4,  6, 15, 17, 21, 23, 25, 27, 29]
    W2: [ 0,  4,  6,  7,  8, 13, 15, 17, 22, 24, 29] = [ 1,  5, 12, 14, 16, 21, 23, 25, 30, 31, 32]
    W3: [ 1,  6,  7,  9, 12, 15, 20, 21, 25, 26, 33] > [ 2,  4, 11, 14, 17, 18, 23, 28, 29, 31, 32]
    Truth table row=[>, =, =, >] ix=68 result=[9+] is correct

Test 10-:
    W0: [ 0,  5,  7,  8,  9, 11, 12, 14, 15, 17, 21, 23] > [ 1,  2,  3,  4,  6, 10, 13, 16, 18, 19, 20, 22]
    W1: [ 0,  5, 16, 18, 19, 20, 22, 24, 26, 28, 30, 31] = [ 1,  2,  3,  4,  6, 15, 17, 21, 23, 25, 27, 29]
    W2: [ 0,  4,  6,  7,  8, 13, 15, 17, 22, 24, 29] = [ 1,  5, 12, 14, 16, 21, 23, 25, 30, 31, 32]
    W3: [ 1,  6,  7,  9, 12, 15, 20, 21, 25, 26, 33] = [ 2,  4, 11, 14, 17, 18, 23, 28, 29, 31, 32]
    Truth table row=[>, =, =, =] ix=67 result=[10-] is correct

Test 10+:
    W0: [ 0,  5,  7,  8,  9, 11, 12, 14, 15, 17, 21, 23] < [ 1,  2,  3,  4,  6, 10, 13, 16, 18, 19, 20, 22]
    W1: [ 0,  5, 16, 18, 19, 20, 22, 24, 26, 28, 30, 31] = [ 1,  2,  3,  4,  6, 15, 17, 21, 23, 25, 27, 29]
    W2: [ 0,  4,  6,  7,  8, 13, 15, 17, 22, 24, 29] = [ 1,  5, 12, 14, 16, 21, 23, 25, 30, 31, 32]
    W3: [ 1,  6,  7,  9, 12, 15, 20, 21, 25, 26, 33] = [ 2,  4, 11, 14, 17, 18, 23, 28, 29, 31, 32]
    Truth table row=[<, =, =, =] ix=13 result=[10+] is correct

Test 11-:
    W0: [ 0,  5,  7,  8,  9, 11, 12, 14, 15, 17, 21, 23] < [ 1,  2,  3,  4,  6, 10, 13, 16, 18, 19, 20, 22]
    W1: [ 0,  5, 16, 18, 19, 20, 22, 24, 26, 28, 30, 31] = [ 1,  2,  3,  4,  6, 15, 17, 21, 23, 25, 27, 29]
    W2: [ 0,  4,  6,  7,  8, 13, 15, 17, 22, 24, 29] = [ 1,  5, 12, 14, 16, 21, 23, 25, 30, 31, 32]
    W3: [ 1,  6,  7,  9, 12, 15, 20, 21, 25, 26, 33] > [ 2,  4, 11, 14, 17, 18, 23, 28, 29, 31, 32]
    Truth table row=[<, =, =, >] ix=14 result=[11-] is correct

Test 11+:
    W0: [ 0,  5,  7,  8,  9, 11, 12, 14, 15, 17, 21, 23] > [ 1,  2,  3,  4,  6, 10, 13, 16, 18, 19, 20, 22]
    W1: [ 0,  5, 16, 18, 19, 20, 22, 24, 26, 28, 30, 31] = [ 1,  2,  3,  4,  6, 15, 17, 21, 23, 25, 27, 29]
    W2: [ 0,  4,  6,  7,  8, 13, 15, 17, 22, 24, 29] = [ 1,  5, 12, 14, 16, 21, 23, 25, 30, 31, 32]
    W3: [ 1,  6,  7,  9, 12, 15, 20, 21, 25, 26, 33] < [ 2,  4, 11, 14, 17, 18, 23, 28, 29, 31, 32]
    Truth table row=[>, =, =, <] ix=66 result=[11+] is correct

Test 12-:
    W0: [ 0,  5,  7,  8,  9, 11, 12, 14, 15, 17, 21, 23] < [ 1,  2,  3,  4,  6, 10, 13, 16, 18, 19, 20, 22]
    W1: [ 0,  5, 16, 18, 19, 20, 22, 24, 26, 28, 30, 31] = [ 1,  2,  3,  4,  6, 15, 17, 21, 23, 25, 27, 29]
    W2: [ 0,  4,  6,  7,  8, 13, 15, 17, 22, 24, 29] > [ 1,  5, 12, 14, 16, 21, 23, 25, 30, 31, 32]
    W3: [ 1,  6,  7,  9, 12, 15, 20, 21, 25, 26, 33] < [ 2,  4, 11, 14, 17, 18, 23, 28, 29, 31, 32]
    Truth table row=[<, =, >, <] ix=15 result=[12-] is correct

Test 12+:
    W0: [ 0,  5,  7,  8,  9, 11, 12, 14, 15, 17, 21, 23] > [ 1,  2,  3,  4,  6, 10, 13, 16, 18, 19, 20, 22]
    W1: [ 0,  5, 16, 18, 19, 20, 22, 24, 26, 28, 30, 31] = [ 1,  2,  3,  4,  6, 15, 17, 21, 23, 25, 27, 29]
    W2: [ 0,  4,  6,  7,  8, 13, 15, 17, 22, 24, 29] < [ 1,  5, 12, 14, 16, 21, 23, 25, 30, 31, 32]
    W3: [ 1,  6,  7,  9, 12, 15, 20, 21, 25, 26, 33] > [ 2,  4, 11, 14, 17, 18, 23, 28, 29, 31, 32]
    Truth table row=[>, =, <, >] ix=65 result=[12+] is correct

Test 13-:
    W0: [ 0,  5,  7,  8,  9, 11, 12, 14, 15, 17, 21, 23] > [ 1,  2,  3,  4,  6, 10, 13, 16, 18, 19, 20, 22]
    W1: [ 0,  5, 16, 18, 19, 20, 22, 24, 26, 28, 30, 31] = [ 1,  2,  3,  4,  6, 15, 17, 21, 23, 25, 27, 29]
    W2: [ 0,  4,  6,  7,  8, 13, 15, 17, 22, 24, 29] < [ 1,  5, 12, 14, 16, 21, 23, 25, 30, 31, 32]
    W3: [ 1,  6,  7,  9, 12, 15, 20, 21, 25, 26, 33] = [ 2,  4, 11, 14, 17, 18, 23, 28, 29, 31, 32]
    Truth table row=[>, =, <, =] ix=64 result=[13-] is correct

Test 13+:
    W0: [ 0,  5,  7,  8,  9, 11, 12, 14, 15, 17, 21, 23] < [ 1,  2,  3,  4,  6, 10, 13, 16, 18, 19, 20, 22]
    W1: [ 0,  5, 16, 18, 19, 20, 22, 24, 26, 28, 30, 31] = [ 1,  2,  3,  4,  6, 15, 17, 21, 23, 25, 27, 29]
    W2: [ 0,  4,  6,  7,  8, 13, 15, 17, 22, 24, 29] > [ 1,  5, 12, 14, 16, 21, 23, 25, 30, 31, 32]
    W3: [ 1,  6,  7,  9, 12, 15, 20, 21, 25, 26, 33] = [ 2,  4, 11, 14, 17, 18, 23, 28, 29, 31, 32]
    Truth table row=[<, =, >, =] ix=16 result=[13+] is correct

Test 14-:
    W0: [ 0,  5,  7,  8,  9, 11, 12, 14, 15, 17, 21, 23] < [ 1,  2,  3,  4,  6, 10, 13, 16, 18, 19, 20, 22]
    W1: [ 0,  5, 16, 18, 19, 20, 22, 24, 26, 28, 30, 31] = [ 1,  2,  3,  4,  6, 15, 17, 21, 23, 25, 27, 29]
    W2: [ 0,  4,  6,  7,  8, 13, 15, 17, 22, 24, 29] > [ 1,  5, 12, 14, 16, 21, 23, 25, 30, 31, 32]
    W3: [ 1,  6,  7,  9, 12, 15, 20, 21, 25, 26, 33] > [ 2,  4, 11, 14, 17, 18, 23, 28, 29, 31, 32]
    Truth table row=[<, =, >, >] ix=17 result=[14-] is correct

Test 14+:
    W0: [ 0,  5,  7,  8,  9, 11, 12, 14, 15, 17, 21, 23] > [ 1,  2,  3,  4,  6, 10, 13, 16, 18, 19, 20, 22]
    W1: [ 0,  5, 16, 18, 19, 20, 22, 24, 26, 28, 30, 31] = [ 1,  2,  3,  4,  6, 15, 17, 21, 23, 25, 27, 29]
    W2: [ 0,  4,  6,  7,  8, 13, 15, 17, 22, 24, 29] < [ 1,  5, 12, 14, 16, 21, 23, 25, 30, 31, 32]
    W3: [ 1,  6,  7,  9, 12, 15, 20, 21, 25, 26, 33] < [ 2,  4, 11, 14, 17, 18, 23, 28, 29, 31, 32]
    Truth table row=[>, =, <, <] ix=63 result=[14+] is correct

Test 15-:
    W0: [ 0,  5,  7,  8,  9, 11, 12, 14, 15, 17, 21, 23] < [ 1,  2,  3,  4,  6, 10, 13, 16, 18, 19, 20, 22]
    W1: [ 0,  5, 16, 18, 19, 20, 22, 24, 26, 28, 30, 31] > [ 1,  2,  3,  4,  6, 15, 17, 21, 23, 25, 27, 29]
    W2: [ 0,  4,  6,  7,  8, 13, 15, 17, 22, 24, 29] < [ 1,  5, 12, 14, 16, 21, 23, 25, 30, 31, 32]
    W3: [ 1,  6,  7,  9, 12, 15, 20, 21, 25, 26, 33] < [ 2,  4, 11, 14, 17, 18, 23, 28, 29, 31, 32]
    Truth table row=[<, >, <, <] ix=18 result=[15-] is correct

Test 15+:
    W0: [ 0,  5,  7,  8,  9, 11, 12, 14, 15, 17, 21, 23] > [ 1,  2,  3,  4,  6, 10, 13, 16, 18, 19, 20, 22]
    W1: [ 0,  5, 16, 18, 19, 20, 22, 24, 26, 28, 30, 31] < [ 1,  2,  3,  4,  6, 15, 17, 21, 23, 25, 27, 29]
    W2: [ 0,  4,  6,  7,  8, 13, 15, 17, 22, 24, 29] > [ 1,  5, 12, 14, 16, 21, 23, 25, 30, 31, 32]
    W3: [ 1,  6,  7,  9, 12, 15, 20, 21, 25, 26, 33] > [ 2,  4, 11, 14, 17, 18, 23, 28, 29, 31, 32]
    Truth table row=[>, <, >, >] ix=62 result=[15+] is correct

Test 16-:
    W0: [ 0,  5,  7,  8,  9, 11, 12, 14, 15, 17, 21, 23] > [ 1,  2,  3,  4,  6, 10, 13, 16, 18, 19, 20, 22]
    W1: [ 0,  5, 16, 18, 19, 20, 22, 24, 26, 28, 30, 31] < [ 1,  2,  3,  4,  6, 15, 17, 21, 23, 25, 27, 29]
    W2: [ 0,  4,  6,  7,  8, 13, 15, 17, 22, 24, 29] > [ 1,  5, 12, 14, 16, 21, 23, 25, 30, 31, 32]
    W3: [ 1,  6,  7,  9, 12, 15, 20, 21, 25, 26, 33] = [ 2,  4, 11, 14, 17, 18, 23, 28, 29, 31, 32]
    Truth table row=[>, <, >, =] ix=61 result=[16-] is correct

Test 16+:
    W0: [ 0,  5,  7,  8,  9, 11, 12, 14, 15, 17, 21, 23] < [ 1,  2,  3,  4,  6, 10, 13, 16, 18, 19, 20, 22]
    W1: [ 0,  5, 16, 18, 19, 20, 22, 24, 26, 28, 30, 31] > [ 1,  2,  3,  4,  6, 15, 17, 21, 23, 25, 27, 29]
    W2: [ 0,  4,  6,  7,  8, 13, 15, 17, 22, 24, 29] < [ 1,  5, 12, 14, 16, 21, 23, 25, 30, 31, 32]
    W3: [ 1,  6,  7,  9, 12, 15, 20, 21, 25, 26, 33] = [ 2,  4, 11, 14, 17, 18, 23, 28, 29, 31, 32]
    Truth table row=[<, >, <, =] ix=19 result=[16+] is correct

Test 17-:
    W0: [ 0,  5,  7,  8,  9, 11, 12, 14, 15, 17, 21, 23] < [ 1,  2,  3,  4,  6, 10, 13, 16, 18, 19, 20, 22]
    W1: [ 0,  5, 16, 18, 19, 20, 22, 24, 26, 28, 30, 31] > [ 1,  2,  3,  4,  6, 15, 17, 21, 23, 25, 27, 29]
    W2: [ 0,  4,  6,  7,  8, 13, 15, 17, 22, 24, 29] < [ 1,  5, 12, 14, 16, 21, 23, 25, 30, 31, 32]
    W3: [ 1,  6,  7,  9, 12, 15, 20, 21, 25, 26, 33] > [ 2,  4, 11, 14, 17, 18, 23, 28, 29, 31, 32]
    Truth table row=[<, >, <, >] ix=20 result=[17-] is correct

Test 17+:
    W0: [ 0,  5,  7,  8,  9, 11, 12, 14, 15, 17, 21, 23] > [ 1,  2,  3,  4,  6, 10, 13, 16, 18, 19, 20, 22]
    W1: [ 0,  5, 16, 18, 19, 20, 22, 24, 26, 28, 30, 31] < [ 1,  2,  3,  4,  6, 15, 17, 21, 23, 25, 27, 29]
    W2: [ 0,  4,  6,  7,  8, 13, 15, 17, 22, 24, 29] > [ 1,  5, 12, 14, 16, 21, 23, 25, 30, 31, 32]
    W3: [ 1,  6,  7,  9, 12, 15, 20, 21, 25, 26, 33] < [ 2,  4, 11, 14, 17, 18, 23, 28, 29, 31, 32]
    Truth table row=[>, <, >, <] ix=60 result=[17+] is correct

Test 18-:
    W0: [ 0,  5,  7,  8,  9, 11, 12, 14, 15, 17, 21, 23] > [ 1,  2,  3,  4,  6, 10, 13, 16, 18, 19, 20, 22]
    W1: [ 0,  5, 16, 18, 19, 20, 22, 24, 26, 28, 30, 31] < [ 1,  2,  3,  4,  6, 15, 17, 21, 23, 25, 27, 29]
    W2: [ 0,  4,  6,  7,  8, 13, 15, 17, 22, 24, 29] = [ 1,  5, 12, 14, 16, 21, 23, 25, 30, 31, 32]
    W3: [ 1,  6,  7,  9, 12, 15, 20, 21, 25, 26, 33] > [ 2,  4, 11, 14, 17, 18, 23, 28, 29, 31, 32]
    Truth table row=[>, <, =, >] ix=59 result=[18-] is correct

Test 18+:
    W0: [ 0,  5,  7,  8,  9, 11, 12, 14, 15, 17, 21, 23] < [ 1,  2,  3,  4,  6, 10, 13, 16, 18, 19, 20, 22]
    W1: [ 0,  5, 16, 18, 19, 20, 22, 24, 26, 28, 30, 31] > [ 1,  2,  3,  4,  6, 15, 17, 21, 23, 25, 27, 29]
    W2: [ 0,  4,  6,  7,  8, 13, 15, 17, 22, 24, 29] = [ 1,  5, 12, 14, 16, 21, 23, 25, 30, 31, 32]
    W3: [ 1,  6,  7,  9, 12, 15, 20, 21, 25, 26, 33] < [ 2,  4, 11, 14, 17, 18, 23, 28, 29, 31, 32]
    Truth table row=[<, >, =, <] ix=21 result=[18+] is correct

Test 19-:
    W0: [ 0,  5,  7,  8,  9, 11, 12, 14, 15, 17, 21, 23] > [ 1,  2,  3,  4,  6, 10, 13, 16, 18, 19, 20, 22]
    W1: [ 0,  5, 16, 18, 19, 20, 22, 24, 26, 28, 30, 31] < [ 1,  2,  3,  4,  6, 15, 17, 21, 23, 25, 27, 29]
    W2: [ 0,  4,  6,  7,  8, 13, 15, 17, 22, 24, 29] = [ 1,  5, 12, 14, 16, 21, 23, 25, 30, 31, 32]
    W3: [ 1,  6,  7,  9, 12, 15, 20, 21, 25, 26, 33] = [ 2,  4, 11, 14, 17, 18, 23, 28, 29, 31, 32]
    Truth table row=[>, <, =, =] ix=58 result=[19-] is correct

Test 19+:
    W0: [ 0,  5,  7,  8,  9, 11, 12, 14, 15, 17, 21, 23] < [ 1,  2,  3,  4,  6, 10, 13, 16, 18, 19, 20, 22]
    W1: [ 0,  5, 16, 18, 19, 20, 22, 24, 26, 28, 30, 31] > [ 1,  2,  3,  4,  6, 15, 17, 21, 23, 25, 27, 29]
    W2: [ 0,  4,  6,  7,  8, 13, 15, 17, 22, 24, 29] = [ 1,  5, 12, 14, 16, 21, 23, 25, 30, 31, 32]
    W3: [ 1,  6,  7,  9, 12, 15, 20, 21, 25, 26, 33] = [ 2,  4, 11, 14, 17, 18, 23, 28, 29, 31, 32]
    Truth table row=[<, >, =, =] ix=22 result=[19+] is correct

Test 20-:
    W0: [ 0,  5,  7,  8,  9, 11, 12, 14, 15, 17, 21, 23] > [ 1,  2,  3,  4,  6, 10, 13, 16, 18, 19, 20, 22]
    W1: [ 0,  5, 16, 18, 19, 20, 22, 24, 26, 28, 30, 31] < [ 1,  2,  3,  4,  6, 15, 17, 21, 23, 25, 27, 29]
    W2: [ 0,  4,  6,  7,  8, 13, 15, 17, 22, 24, 29] = [ 1,  5, 12, 14, 16, 21, 23, 25, 30, 31, 32]
    W3: [ 1,  6,  7,  9, 12, 15, 20, 21, 25, 26, 33] < [ 2,  4, 11, 14, 17, 18, 23, 28, 29, 31, 32]
    Truth table row=[>, <, =, <] ix=57 result=[20-] is correct

Test 20+:
    W0: [ 0,  5,  7,  8,  9, 11, 12, 14, 15, 17, 21, 23] < [ 1,  2,  3,  4,  6, 10, 13, 16, 18, 19, 20, 22]
    W1: [ 0,  5, 16, 18, 19, 20, 22, 24, 26, 28, 30, 31] > [ 1,  2,  3,  4,  6, 15, 17, 21, 23, 25, 27, 29]
    W2: [ 0,  4,  6,  7,  8, 13, 15, 17, 22, 24, 29] = [ 1,  5, 12, 14, 16, 21, 23, 25, 30, 31, 32]
    W3: [ 1,  6,  7,  9, 12, 15, 20, 21, 25, 26, 33] > [ 2,  4, 11, 14, 17, 18, 23, 28, 29, 31, 32]
    Truth table row=[<, >, =, >] ix=23 result=[20+] is correct

Test 21-:
    W0: [ 0,  5,  7,  8,  9, 11, 12, 14, 15, 17, 21, 23] < [ 1,  2,  3,  4,  6, 10, 13, 16, 18, 19, 20, 22]
    W1: [ 0,  5, 16, 18, 19, 20, 22, 24, 26, 28, 30, 31] > [ 1,  2,  3,  4,  6, 15, 17, 21, 23, 25, 27, 29]
    W2: [ 0,  4,  6,  7,  8, 13, 15, 17, 22, 24, 29] > [ 1,  5, 12, 14, 16, 21, 23, 25, 30, 31, 32]
    W3: [ 1,  6,  7,  9, 12, 15, 20, 21, 25, 26, 33] < [ 2,  4, 11, 14, 17, 18, 23, 28, 29, 31, 32]
    Truth table row=[<, >, >, <] ix=24 result=[21-] is correct

Test 21+:
    W0: [ 0,  5,  7,  8,  9, 11, 12, 14, 15, 17, 21, 23] > [ 1,  2,  3,  4,  6, 10, 13, 16, 18, 19, 20, 22]
    W1: [ 0,  5, 16, 18, 19, 20, 22, 24, 26, 28, 30, 31] < [ 1,  2,  3,  4,  6, 15, 17, 21, 23, 25, 27, 29]
    W2: [ 0,  4,  6,  7,  8, 13, 15, 17, 22, 24, 29] < [ 1,  5, 12, 14, 16, 21, 23, 25, 30, 31, 32]
    W3: [ 1,  6,  7,  9, 12, 15, 20, 21, 25, 26, 33] > [ 2,  4, 11, 14, 17, 18, 23, 28, 29, 31, 32]
    Truth table row=[>, <, <, >] ix=56 result=[21+] is correct

Test 22-:
    W0: [ 0,  5,  7,  8,  9, 11, 12, 14, 15, 17, 21, 23] > [ 1,  2,  3,  4,  6, 10, 13, 16, 18, 19, 20, 22]
    W1: [ 0,  5, 16, 18, 19, 20, 22, 24, 26, 28, 30, 31] < [ 1,  2,  3,  4,  6, 15, 17, 21, 23, 25, 27, 29]
    W2: [ 0,  4,  6,  7,  8, 13, 15, 17, 22, 24, 29] < [ 1,  5, 12, 14, 16, 21, 23, 25, 30, 31, 32]
    W3: [ 1,  6,  7,  9, 12, 15, 20, 21, 25, 26, 33] = [ 2,  4, 11, 14, 17, 18, 23, 28, 29, 31, 32]
    Truth table row=[>, <, <, =] ix=55 result=[22-] is correct

Test 22+:
    W0: [ 0,  5,  7,  8,  9, 11, 12, 14, 15, 17, 21, 23] < [ 1,  2,  3,  4,  6, 10, 13, 16, 18, 19, 20, 22]
    W1: [ 0,  5, 16, 18, 19, 20, 22, 24, 26, 28, 30, 31] > [ 1,  2,  3,  4,  6, 15, 17, 21, 23, 25, 27, 29]
    W2: [ 0,  4,  6,  7,  8, 13, 15, 17, 22, 24, 29] > [ 1,  5, 12, 14, 16, 21, 23, 25, 30, 31, 32]
    W3: [ 1,  6,  7,  9, 12, 15, 20, 21, 25, 26, 33] = [ 2,  4, 11, 14, 17, 18, 23, 28, 29, 31, 32]
    Truth table row=[<, >, >, =] ix=25 result=[22+] is correct

Test 23-:
    W0: [ 0,  5,  7,  8,  9, 11, 12, 14, 15, 17, 21, 23] < [ 1,  2,  3,  4,  6, 10, 13, 16, 18, 19, 20, 22]
    W1: [ 0,  5, 16, 18, 19, 20, 22, 24, 26, 28, 30, 31] > [ 1,  2,  3,  4,  6, 15, 17, 21, 23, 25, 27, 29]
    W2: [ 0,  4,  6,  7,  8, 13, 15, 17, 22, 24, 29] > [ 1,  5, 12, 14, 16, 21, 23, 25, 30, 31, 32]
    W3: [ 1,  6,  7,  9, 12, 15, 20, 21, 25, 26, 33] > [ 2,  4, 11, 14, 17, 18, 23, 28, 29, 31, 32]
    Truth table row=[<, >, >, >] ix=26 result=[23-] is correct

Test 23+:
    W0: [ 0,  5,  7,  8,  9, 11, 12, 14, 15, 17, 21, 23] > [ 1,  2,  3,  4,  6, 10, 13, 16, 18, 19, 20, 22]
    W1: [ 0,  5, 16, 18, 19, 20, 22, 24, 26, 28, 30, 31] < [ 1,  2,  3,  4,  6, 15, 17, 21, 23, 25, 27, 29]
    W2: [ 0,  4,  6,  7,  8, 13, 15, 17, 22, 24, 29] < [ 1,  5, 12, 14, 16, 21, 23, 25, 30, 31, 32]
    W3: [ 1,  6,  7,  9, 12, 15, 20, 21, 25, 26, 33] < [ 2,  4, 11, 14, 17, 18, 23, 28, 29, 31, 32]
    Truth table row=[>, <, <, <] ix=54 result=[23+] is correct

Test 24-:
    W0: [ 0,  5,  7,  8,  9, 11, 12, 14, 15, 17, 21, 23] = [ 1,  2,  3,  4,  6, 10, 13, 16, 18, 19, 20, 22]
    W1: [ 0,  5, 16, 18, 19, 20, 22, 24, 26, 28, 30, 31] < [ 1,  2,  3,  4,  6, 15, 17, 21, 23, 25, 27, 29]
    W2: [ 0,  4,  6,  7,  8, 13, 15, 17, 22, 24, 29] < [ 1,  5, 12, 14, 16, 21, 23, 25, 30, 31, 32]
    W3: [ 1,  6,  7,  9, 12, 15, 20, 21, 25, 26, 33] = [ 2,  4, 11, 14, 17, 18, 23, 28, 29, 31, 32]
    Truth table row=[=, <, <, =] ix=28 result=[24-] is correct

Test 24+:
    W0: [ 0,  5,  7,  8,  9, 11, 12, 14, 15, 17, 21, 23] = [ 1,  2,  3,  4,  6, 10, 13, 16, 18, 19, 20, 22]
    W1: [ 0,  5, 16, 18, 19, 20, 22, 24, 26, 28, 30, 31] > [ 1,  2,  3,  4,  6, 15, 17, 21, 23, 25, 27, 29]
    W2: [ 0,  4,  6,  7,  8, 13, 15, 17, 22, 24, 29] > [ 1,  5, 12, 14, 16, 21, 23, 25, 30, 31, 32]
    W3: [ 1,  6,  7,  9, 12, 15, 20, 21, 25, 26, 33] = [ 2,  4, 11, 14, 17, 18, 23, 28, 29, 31, 32]
    Truth table row=[=, >, >, =] ix=52 result=[24+] is correct

Test 25-:
    W0: [ 0,  5,  7,  8,  9, 11, 12, 14, 15, 17, 21, 23] = [ 1,  2,  3,  4,  6, 10, 13, 16, 18, 19, 20, 22]
    W1: [ 0,  5, 16, 18, 19, 20, 22, 24, 26, 28, 30, 31] > [ 1,  2,  3,  4,  6, 15, 17, 21, 23, 25, 27, 29]
    W2: [ 0,  4,  6,  7,  8, 13, 15, 17, 22, 24, 29] > [ 1,  5, 12, 14, 16, 21, 23, 25, 30, 31, 32]
    W3: [ 1,  6,  7,  9, 12, 15, 20, 21, 25, 26, 33] < [ 2,  4, 11, 14, 17, 18, 23, 28, 29, 31, 32]
    Truth table row=[=, >, >, <] ix=51 result=[25-] is correct

Test 25+:
    W0: [ 0,  5,  7,  8,  9, 11, 12, 14, 15, 17, 21, 23] = [ 1,  2,  3,  4,  6, 10, 13, 16, 18, 19, 20, 22]
    W1: [ 0,  5, 16, 18, 19, 20, 22, 24, 26, 28, 30, 31] < [ 1,  2,  3,  4,  6, 15, 17, 21, 23, 25, 27, 29]
    W2: [ 0,  4,  6,  7,  8, 13, 15, 17, 22, 24, 29] < [ 1,  5, 12, 14, 16, 21, 23, 25, 30, 31, 32]
    W3: [ 1,  6,  7,  9, 12, 15, 20, 21, 25, 26, 33] > [ 2,  4, 11, 14, 17, 18, 23, 28, 29, 31, 32]
    Truth table row=[=, <, <, >] ix=29 result=[25+] is correct

Test 26-:
    W0: [ 0,  5,  7,  8,  9, 11, 12, 14, 15, 17, 21, 23] = [ 1,  2,  3,  4,  6, 10, 13, 16, 18, 19, 20, 22]
    W1: [ 0,  5, 16, 18, 19, 20, 22, 24, 26, 28, 30, 31] < [ 1,  2,  3,  4,  6, 15, 17, 21, 23, 25, 27, 29]
    W2: [ 0,  4,  6,  7,  8, 13, 15, 17, 22, 24, 29] = [ 1,  5, 12, 14, 16, 21, 23, 25, 30, 31, 32]
    W3: [ 1,  6,  7,  9, 12, 15, 20, 21, 25, 26, 33] < [ 2,  4, 11, 14, 17, 18, 23, 28, 29, 31, 32]
    Truth table row=[=, <, =, <] ix=30 result=[26-] is correct

Test 26+:
    W0: [ 0,  5,  7,  8,  9, 11, 12, 14, 15, 17, 21, 23] = [ 1,  2,  3,  4,  6, 10, 13, 16, 18, 19, 20, 22]
    W1: [ 0,  5, 16, 18, 19, 20, 22, 24, 26, 28, 30, 31] > [ 1,  2,  3,  4,  6, 15, 17, 21, 23, 25, 27, 29]
    W2: [ 0,  4,  6,  7,  8, 13, 15, 17, 22, 24, 29] = [ 1,  5, 12, 14, 16, 21, 23, 25, 30, 31, 32]
    W3: [ 1,  6,  7,  9, 12, 15, 20, 21, 25, 26, 33] > [ 2,  4, 11, 14, 17, 18, 23, 28, 29, 31, 32]
    Truth table row=[=, >, =, >] ix=50 result=[26+] is correct

Test 27-:
    W0: [ 0,  5,  7,  8,  9, 11, 12, 14, 15, 17, 21, 23] = [ 1,  2,  3,  4,  6, 10, 13, 16, 18, 19, 20, 22]
    W1: [ 0,  5, 16, 18, 19, 20, 22, 24, 26, 28, 30, 31] > [ 1,  2,  3,  4,  6, 15, 17, 21, 23, 25, 27, 29]
    W2: [ 0,  4,  6,  7,  8, 13, 15, 17, 22, 24, 29] = [ 1,  5, 12, 14, 16, 21, 23, 25, 30, 31, 32]
    W3: [ 1,  6,  7,  9, 12, 15, 20, 21, 25, 26, 33] = [ 2,  4, 11, 14, 17, 18, 23, 28, 29, 31, 32]
    Truth table row=[=, >, =, =] ix=49 result=[27-] is correct

Test 27+:
    W0: [ 0,  5,  7,  8,  9, 11, 12, 14, 15, 17, 21, 23] = [ 1,  2,  3,  4,  6, 10, 13, 16, 18, 19, 20, 22]
    W1: [ 0,  5, 16, 18, 19, 20, 22, 24, 26, 28, 30, 31] < [ 1,  2,  3,  4,  6, 15, 17, 21, 23, 25, 27, 29]
    W2: [ 0,  4,  6,  7,  8, 13, 15, 17, 22, 24, 29] = [ 1,  5, 12, 14, 16, 21, 23, 25, 30, 31, 32]
    W3: [ 1,  6,  7,  9, 12, 15, 20, 21, 25, 26, 33] = [ 2,  4, 11, 14, 17, 18, 23, 28, 29, 31, 32]
    Truth table row=[=, <, =, =] ix=31 result=[27+] is correct

Test 28-:
    W0: [ 0,  5,  7,  8,  9, 11, 12, 14, 15, 17, 21, 23] = [ 1,  2,  3,  4,  6, 10, 13, 16, 18, 19, 20, 22]
    W1: [ 0,  5, 16, 18, 19, 20, 22, 24, 26, 28, 30, 31] < [ 1,  2,  3,  4,  6, 15, 17, 21, 23, 25, 27, 29]
    W2: [ 0,  4,  6,  7,  8, 13, 15, 17, 22, 24, 29] = [ 1,  5, 12, 14, 16, 21, 23, 25, 30, 31, 32]
    W3: [ 1,  6,  7,  9, 12, 15, 20, 21, 25, 26, 33] > [ 2,  4, 11, 14, 17, 18, 23, 28, 29, 31, 32]
    Truth table row=[=, <, =, >] ix=32 result=[28-] is correct

Test 28+:
    W0: [ 0,  5,  7,  8,  9, 11, 12, 14, 15, 17, 21, 23] = [ 1,  2,  3,  4,  6, 10, 13, 16, 18, 19, 20, 22]
    W1: [ 0,  5, 16, 18, 19, 20, 22, 24, 26, 28, 30, 31] > [ 1,  2,  3,  4,  6, 15, 17, 21, 23, 25, 27, 29]
    W2: [ 0,  4,  6,  7,  8, 13, 15, 17, 22, 24, 29] = [ 1,  5, 12, 14, 16, 21, 23, 25, 30, 31, 32]
    W3: [ 1,  6,  7,  9, 12, 15, 20, 21, 25, 26, 33] < [ 2,  4, 11, 14, 17, 18, 23, 28, 29, 31, 32]
    Truth table row=[=, >, =, <] ix=48 result=[28+] is correct

Test 29-:
    W0: [ 0,  5,  7,  8,  9, 11, 12, 14, 15, 17, 21, 23] = [ 1,  2,  3,  4,  6, 10, 13, 16, 18, 19, 20, 22]
    W1: [ 0,  5, 16, 18, 19, 20, 22, 24, 26, 28, 30, 31] > [ 1,  2,  3,  4,  6, 15, 17, 21, 23, 25, 27, 29]
    W2: [ 0,  4,  6,  7,  8, 13, 15, 17, 22, 24, 29] < [ 1,  5, 12, 14, 16, 21, 23, 25, 30, 31, 32]
    W3: [ 1,  6,  7,  9, 12, 15, 20, 21, 25, 26, 33] > [ 2,  4, 11, 14, 17, 18, 23, 28, 29, 31, 32]
    Truth table row=[=, >, <, >] ix=47 result=[29-] is correct

Test 29+:
    W0: [ 0,  5,  7,  8,  9, 11, 12, 14, 15, 17, 21, 23] = [ 1,  2,  3,  4,  6, 10, 13, 16, 18, 19, 20, 22]
    W1: [ 0,  5, 16, 18, 19, 20, 22, 24, 26, 28, 30, 31] < [ 1,  2,  3,  4,  6, 15, 17, 21, 23, 25, 27, 29]
    W2: [ 0,  4,  6,  7,  8, 13, 15, 17, 22, 24, 29] > [ 1,  5, 12, 14, 16, 21, 23, 25, 30, 31, 32]
    W3: [ 1,  6,  7,  9, 12, 15, 20, 21, 25, 26, 33] < [ 2,  4, 11, 14, 17, 18, 23, 28, 29, 31, 32]
    Truth table row=[=, <, >, <] ix=33 result=[29+] is correct

Test 30-:
    W0: [ 0,  5,  7,  8,  9, 11, 12, 14, 15, 17, 21, 23] = [ 1,  2,  3,  4,  6, 10, 13, 16, 18, 19, 20, 22]
    W1: [ 0,  5, 16, 18, 19, 20, 22, 24, 26, 28, 30, 31] < [ 1,  2,  3,  4,  6, 15, 17, 21, 23, 25, 27, 29]
    W2: [ 0,  4,  6,  7,  8, 13, 15, 17, 22, 24, 29] > [ 1,  5, 12, 14, 16, 21, 23, 25, 30, 31, 32]
    W3: [ 1,  6,  7,  9, 12, 15, 20, 21, 25, 26, 33] = [ 2,  4, 11, 14, 17, 18, 23, 28, 29, 31, 32]
    Truth table row=[=, <, >, =] ix=34 result=[30-] is correct

Test 30+:
    W0: [ 0,  5,  7,  8,  9, 11, 12, 14, 15, 17, 21, 23] = [ 1,  2,  3,  4,  6, 10, 13, 16, 18, 19, 20, 22]
    W1: [ 0,  5, 16, 18, 19, 20, 22, 24, 26, 28, 30, 31] > [ 1,  2,  3,  4,  6, 15, 17, 21, 23, 25, 27, 29]
    W2: [ 0,  4,  6,  7,  8, 13, 15, 17, 22, 24, 29] < [ 1,  5, 12, 14, 16, 21, 23, 25, 30, 31, 32]
    W3: [ 1,  6,  7,  9, 12, 15, 20, 21, 25, 26, 33] = [ 2,  4, 11, 14, 17, 18, 23, 28, 29, 31, 32]
    Truth table row=[=, >, <, =] ix=46 result=[30+] is correct

Test 31-:
    W0: [ 0,  5,  7,  8,  9, 11, 12, 14, 15, 17, 21, 23] = [ 1,  2,  3,  4,  6, 10, 13, 16, 18, 19, 20, 22]
    W1: [ 0,  5, 16, 18, 19, 20, 22, 24, 26, 28, 30, 31] < [ 1,  2,  3,  4,  6, 15, 17, 21, 23, 25, 27, 29]
    W2: [ 0,  4,  6,  7,  8, 13, 15, 17, 22, 24, 29] > [ 1,  5, 12, 14, 16, 21, 23, 25, 30, 31, 32]
    W3: [ 1,  6,  7,  9, 12, 15, 20, 21, 25, 26, 33] > [ 2,  4, 11, 14, 17, 18, 23, 28, 29, 31, 32]
    Truth table row=[=, <, >, >] ix=35 result=[31-] is correct

Test 31+:
    W0: [ 0,  5,  7,  8,  9, 11, 12, 14, 15, 17, 21, 23] = [ 1,  2,  3,  4,  6, 10, 13, 16, 18, 19, 20, 22]
    W1: [ 0,  5, 16, 18, 19, 20, 22, 24, 26, 28, 30, 31] > [ 1,  2,  3,  4,  6, 15, 17, 21, 23, 25, 27, 29]
    W2: [ 0,  4,  6,  7,  8, 13, 15, 17, 22, 24, 29] < [ 1,  5, 12, 14, 16, 21, 23, 25, 30, 31, 32]
    W3: [ 1,  6,  7,  9, 12, 15, 20, 21, 25, 26, 33] < [ 2,  4, 11, 14, 17, 18, 23, 28, 29, 31, 32]
    Truth table row=[=, >, <, <] ix=45 result=[31+] is correct

Test 32-:
    W0: [ 0,  5,  7,  8,  9, 11, 12, 14, 15, 17, 21, 23] = [ 1,  2,  3,  4,  6, 10, 13, 16, 18, 19, 20, 22]
    W1: [ 0,  5, 16, 18, 19, 20, 22, 24, 26, 28, 30, 31] = [ 1,  2,  3,  4,  6, 15, 17, 21, 23, 25, 27, 29]
    W2: [ 0,  4,  6,  7,  8, 13, 15, 17, 22, 24, 29] > [ 1,  5, 12, 14, 16, 21, 23, 25, 30, 31, 32]
    W3: [ 1,  6,  7,  9, 12, 15, 20, 21, 25, 26, 33] > [ 2,  4, 11, 14, 17, 18, 23, 28, 29, 31, 32]
    Truth table row=[=, =, >, >] ix=44 result=[32-] is correct

Test 32+:
    W0: [ 0,  5,  7,  8,  9, 11, 12, 14, 15, 17, 21, 23] = [ 1,  2,  3,  4,  6, 10, 13, 16, 18, 19, 20, 22]
    W1: [ 0,  5, 16, 18, 19, 20, 22, 24, 26, 28, 30, 31] = [ 1,  2,  3,  4,  6, 15, 17, 21, 23, 25, 27, 29]
    W2: [ 0,  4,  6,  7,  8, 13, 15, 17, 22, 24, 29] < [ 1,  5, 12, 14, 16, 21, 23, 25, 30, 31, 32]
    W3: [ 1,  6,  7,  9, 12, 15, 20, 21, 25, 26, 33] < [ 2,  4, 11, 14, 17, 18, 23, 28, 29, 31, 32]
    Truth table row=[=, =, <, <] ix=36 result=[32+] is correct

Test 33-:
    W0: [ 0,  5,  7,  8,  9, 11, 12, 14, 15, 17, 21, 23] = [ 1,  2,  3,  4,  6, 10, 13, 16, 18, 19, 20, 22]
    W1: [ 0,  5, 16, 18, 19, 20, 22, 24, 26, 28, 30, 31] = [ 1,  2,  3,  4,  6, 15, 17, 21, 23, 25, 27, 29]
    W2: [ 0,  4,  6,  7,  8, 13, 15, 17, 22, 24, 29] = [ 1,  5, 12, 14, 16, 21, 23, 25, 30, 31, 32]
    W3: [ 1,  6,  7,  9, 12, 15, 20, 21, 25, 26, 33] < [ 2,  4, 11, 14, 17, 18, 23, 28, 29, 31, 32]
    Truth table row=[=, =, =, <] ix=39 result=[33-] is correct

Test 33+:
    W0: [ 0,  5,  7,  8,  9, 11, 12, 14, 15, 17, 21, 23] = [ 1,  2,  3,  4,  6, 10, 13, 16, 18, 19, 20, 22]
    W1: [ 0,  5, 16, 18, 19, 20, 22, 24, 26, 28, 30, 31] = [ 1,  2,  3,  4,  6, 15, 17, 21, 23, 25, 27, 29]
    W2: [ 0,  4,  6,  7,  8, 13, 15, 17, 22, 24, 29] = [ 1,  5, 12, 14, 16, 21, 23, 25, 30, 31, 32]
    W3: [ 1,  6,  7,  9, 12, 15, 20, 21, 25, 26, 33] > [ 2,  4, 11, 14, 17, 18, 23, 28, 29, 31, 32]
    Truth table row=[=, =, =, >] ix=41 result=[33+] is correct

Total correct results: 68
Total incorrect results: 0
