Solving for 23 balls and 4 weighings.
Using symmetry breaking strategy TruthTableAscending.

Solution:
W0: [ 0,  4,  5,  6,  9, 11, 13, 15, 16] <=> [ 1,  2,  3,  7,  8, 10, 12, 14, 17]
W1: [ 0,  4,  5,  6, 14, 17, 18, 20, 22] <=> [ 1,  2,  3,  7, 13, 15, 16, 19, 21]
W2: [ 0,  7,  9, 12, 13, 17, 18, 21] <=> [ 1,  5,  6,  8, 11, 14, 19, 22]
W3: [ 1,  5,  7, 12, 13, 15, 19] <=> [ 2,  4,  8, 10, 16, 20, 22]

Truth Table:
ix  W0  W1  W2  W3   Result
 0   <   <   <   <
 1   <   <   <   =   0-
 2   <   <   <   >   1+
 3   <   <   =   <   2+
 4   <   <   =   =   3+
 5   <   <   =   >   4-
 6   <   <   >   <   5-
 7   <   <   >   =   6-
 8   <   <   >   >   7+
 9   <   =   <   <   8+
10   <   =   <   =   9-
11   <   =   <   >
12   <   =   =   <   10+
13   <   =   =   =
14   <   =   =   >
15   <   =   >   <
16   <   =   >   =   11-
17   <   =   >   >   12+
18   <   >   <   <   13-
19   <   >   <   =   14+
20   <   >   <   >
21   <   >   =   <   15-
22   <   >   =   =
23   <   >   =   >   16-
24   <   >   >   <
25   <   >   >   =   17+
26   <   >   >   >
27   =   <   <   <
28   =   <   <   =   18-
29   =   <   <   >   19+
30   =   <   =   <
31   =   <   =   =
32   =   <   =   >   20-
33   =   <   >   <
34   =   <   >   =   21+
35   =   <   >   >   22-
36   =   =   <   <
37   =   =   <   =
38   =   =   <   >
39   =   =   =   <
40   =   =   =   =
41   =   =   =   >
42   =   =   >   <
43   =   =   >   =
44   =   =   >   >
45   =   >   <   <   22+
46   =   >   <   =   21-
47   =   >   <   >
48   =   >   =   <   20+
49   =   >   =   =
50   =   >   =   >
51   =   >   >   <   19-
52   =   >   >   =   18+
53   =   >   >   >
54   >   <   <   <
55   >   <   <   =   17-
56   >   <   <   >
57   >   <   =   <   16+
58   >   <   =   =
59   >   <   =   >   15+
60   >   <   >   <
61   >   <   >   =   14-
62   >   <   >   >   13+
63   >   =   <   <   12-
64   >   =   <   =   11+
65   >   =   <   >
66   >   =   =   <
67   >   =   =   =
68   >   =   =   >   10-
69   >   =   >   <
70   >   =   >   =   9+
71   >   =   >   >   8-
72   >   >   <   <   7-
73   >   >   <   =   6+
74   >   >   <   >   5+
75   >   >   =   <   4+
76   >   >   =   =   3-
77   >   >   =   >   2-
78   >   >   >   <   1-
79   >   >   >   =   0+
80   >   >   >   >

Test 0-:
    W0: [ 0,  4,  5,  6,  9, 11, 13, 15, 16] < [ 1,  2,  3,  7,  8, 10, 12, 14, 17]
    W1: [ 0,  4,  5,  6, 14, 17, 18, 20, 22] < [ 1,  2,  3,  7, 13, 15, 16, 19, 21]
    W2: [ 0,  7,  9, 12, 13, 17, 18, 21] < [ 1,  5,  6,  8, 11, 14, 19, 22]
    W3: [ 1,  5,  7, 12, 13, 15, 19] = [ 2,  4,  8, 10, 16, 20, 22]
    Truth table row=[<, <, <, =] ix=1 result=[0-] is correct

Test 0+:
    W0: [ 0,  4,  5,  6,  9, 11, 13, 15, 16] > [ 1,  2,  3,  7,  8, 10, 12, 14, 17]
    W1: [ 0,  4,  5,  6, 14, 17, 18, 20, 22] > [ 1,  2,  3,  7, 13, 15, 16, 19, 21]
    W2: [ 0,  7,  9, 12, 13, 17, 18, 21] > [ 1,  5,  6,  8, 11, 14, 19, 22]
    W3: [ 1,  5,  7, 12, 13, 15, 19] = [ 2,  4,  8, 10, 16, 20, 22]
    Truth table row=[>, >, >, =] ix=79 result=[0+] is correct

Test 1-:
    W0: [ 0,  4,  5,  6,  9, 11, 13, 15, 16] > [ 1,  2,  3,  7,  8, 10, 12, 14, 17]
    W1: [ 0,  4,  5,  6, 14, 17, 18, 20, 22] > [ 1,  2,  3,  7, 13, 15, 16, 19, 21]
    W2: [ 0,  7,  9, 12, 13, 17, 18, 21] > [ 1,  5,  6,  8, 11, 14, 19, 22]
    W3: [ 1,  5,  7, 12, 13, 15, 19] < [ 2,  4,  8, 10, 16, 20, 22]
    Truth table row=[>, >, >, <] ix=78 result=[1-] is correct

Test 1+:
    W0: [ 0,  4,  5,  6,  9, 11, 13, 15, 16] < [ 1,  2,  3,  7,  8, 10, 12, 14, 17]
    W1: [ 0,  4,  5,  6, 14, 17, 18, 20, 22] < [ 1,  2,  3,  7, 13, 15, 16, 19, 21]
    W2: [ 0,  7,  9, 12, 13, 17, 18, 21] < [ 1,  5,  6,  8, 11, 14, 19, 22]
    W3: [ 1,  5,  7, 12, 13, 15, 19] > [ 2,  4,  8, 10, 16, 20, 22]
    Truth table row=[<, <, <, >] ix=2 result=[1+] is correct

Test 2-:
    W0: [ 0,  4,  5,  6,  9, 11, 13, 15, 16] > [ 1,  2,  3,  7,  8, 10, 12, 14, 17]
    W1: [ 0,  4,  5,  6, 14, 17, 18, 20, 22] > [ 1,  2,  3,  7, 13, 15, 16, 19, 21]
    W2: [ 0,  7,  9, 12, 13, 17, 18, 21] = [ 1,  5,  6,  8, 11, 14, 19, 22]
    W3: [ 1,  5,  7, 12, 13, 15, 19] > [ 2,  4,  8, 10, 16, 20, 22]
    Truth table row=[>, >, =, >] ix=77 result=[2-] is correct

Test 2+:
    W0: [ 0,  4,  5,  6,  9, 11, 13, 15, 16] < [ 1,  2,  3,  7,  8, 10, 12, 14, 17]
    W1: [ 0,  4,  5,  6, 14, 17, 18, 20, 22] < [ 1,  2,  3,  7, 13, 15, 16, 19, 21]
    W2: [ 0,  7,  9, 12, 13, 17, 18, 21] = [ 1,  5,  6,  8, 11, 14, 19, 22]
    W3: [ 1,  5,  7, 12, 13, 15, 19] < [ 2,  4,  8, 10, 16, 20, 22]
    Truth table row=[<, <, =, <] ix=3 result=[2+] is correct

Test 3-:
    W0: [ 0,  4,  5,  6,  9, 11, 13, 15, 16] > [ 1,  2,  3,  7,  8, 10, 12, 14, 17]
    W1: [ 0,  4,  5,  6, 14, 17, 18, 20, 22] > [ 1,  2,  3,  7, 13, 15, 16, 19, 21]
    W2: [ 0,  7,  9, 12, 13, 17, 18, 21] = [ 1,  5,  6,  8, 11, 14, 19, 22]
    W3: [ 1,  5,  7, 12, 13, 15, 19] = [ 2,  4,  8, 10, 16, 20, 22]
    Truth table row=[>, >, =, =] ix=76 result=[3-] is correct

Test 3+:
    W0: [ 0,  4,  5,  6,  9, 11, 13, 15, 16] < [ 1,  2,  3,  7,  8, 10, 12, 14, 17]
    W1: [ 0,  4,  5,  6, 14, 17, 18, 20, 22] < [ 1,  2,  3,  7, 13, 15, 16, 19, 21]
    W2: [ 0,  7,  9, 12, 13, 17, 18, 21] = [ 1,  5,  6,  8, 11, 14, 19, 22]
    W3: [ 1,  5,  7, 12, 13, 15, 19] = [ 2,  4,  8, 10, 16, 20, 22]
    Truth table row=[<, <, =, =] ix=4 result=[3+] is correct

Test 4-:
    W0: [ 0,  4,  5,  6,  9, 11, 13, 15, 16] < [ 1,  2,  3,  7,  8, 10, 12, 14, 17]
    W1: [ 0,  4,  5,  6, 14, 17, 18, 20, 22] < [ 1,  2,  3,  7, 13, 15, 16, 19, 21]
    W2: [ 0,  7,  9, 12, 13, 17, 18, 21] = [ 1,  5,  6,  8, 11, 14, 19, 22]
    W3: [ 1,  5,  7, 12, 13, 15, 19] > [ 2,  4,  8, 10, 16, 20, 22]
    Truth table row=[<, <, =, >] ix=5 result=[4-] is correct

Test 4+:
    W0: [ 0,  4,  5,  6,  9, 11, 13, 15, 16] > [ 1,  2,  3,  7,  8, 10, 12, 14, 17]
    W1: [ 0,  4,  5,  6, 14, 17, 18, 20, 22] > [ 1,  2,  3,  7, 13, 15, 16, 19, 21]
    W2: [ 0,  7,  9, 12, 13, 17, 18, 21] = [ 1,  5,  6,  8, 11, 14, 19, 22]
    W3: [ 1,  5,  7, 12, 13, 15, 19] < [ 2,  4,  8, 10, 16, 20, 22]
    Truth table row=[>, >, =, <] ix=75 result=[4+] is correct

Test 5-:
    W0: [ 0,  4,  5,  6,  9, 11, 13, 15, 16] < [ 1,  2,  3,  7,  8, 10, 12, 14, 17]
    W1: [ 0,  4,  5,  6, 14, 17, 18, 20, 22] < [ 1,  2,  3,  7, 13, 15, 16, 19, 21]
    W2: [ 0,  7,  9, 12, 13, 17, 18, 21] > [ 1,  5,  6,  8, 11, 14, 19, 22]
    W3: [ 1,  5,  7, 12, 13, 15, 19] < [ 2,  4,  8, 10, 16, 20, 22]
    Truth table row=[<, <, >, <] ix=6 result=[5-] is correct

Test 5+:
    W0: [ 0,  4,  5,  6,  9, 11, 13, 15, 16] > [ 1,  2,  3,  7,  8, 10, 12, 14, 17]
    W1: [ 0,  4,  5,  6, 14, 17, 18, 20, 22] > [ 1,  2,  3,  7, 13, 15, 16, 19, 21]
    W2: [ 0,  7,  9, 12, 13, 17, 18, 21] < [ 1,  5,  6,  8, 11, 14, 19, 22]
    W3: [ 1,  5,  7, 12, 13, 15, 19] > [ 2,  4,  8, 10, 16, 20, 22]
    Truth table row=[>, >, <, >] ix=74 result=[5+] is correct

Test 6-:
    W0: [ 0,  4,  5,  6,  9, 11, 13, 15, 16] < [ 1,  2,  3,  7,  8, 10, 12, 14, 17]
    W1: [ 0,  4,  5,  6, 14, 17, 18, 20, 22] < [ 1,  2,  3,  7, 13, 15, 16, 19, 21]
    W2: [ 0,  7,  9, 12, 13, 17, 18, 21] > [ 1,  5,  6,  8, 11, 14, 19, 22]
    W3: [ 1,  5,  7, 12, 13, 15, 19] = [ 2,  4,  8, 10, 16, 20, 22]
    Truth table row=[<, <, >, =] ix=7 result=[6-] is correct

Test 6+:
    W0: [ 0,  4,  5,  6,  9, 11, 13, 15, 16] > [ 1,  2,  3,  7,  8, 10, 12, 14, 17]
    W1: [ 0,  4,  5,  6, 14, 17, 18, 20, 22] > [ 1,  2,  3,  7, 13, 15, 16, 19, 21]
    W2: [ 0,  7,  9, 12, 13, 17, 18, 21] < [ 1,  5,  6,  8, 11, 14, 19, 22]
    W3: [ 1,  5,  7, 12, 13, 15, 19] = [ 2,  4,  8, 10, 16, 20, 22]
    Truth table row=[>, >, <, =] ix=73 result=[6+] is correct

Test 7-:
    W0: [ 0,  4,  5,  6,  9, 11, 13, 15, 16] > [ 1,  2,  3,  7,  8, 10, 12, 14, 17]
    W1: [ 0,  4,  5,  6, 14, 17, 18, 20, 22] > [ 1,  2,  3,  7, 13, 15, 16, 19, 21]
    W2: [ 0,  7,  9, 12, 13, 17, 18, 21] < [ 1,  5,  6,  8, 11, 14, 19, 22]
    W3: [ 1,  5,  7, 12, 13, 15, 19] < [ 2,  4,  8, 10, 16, 20, 22]
    Truth table row=[>, >, <, <] ix=72 result=[7-] is correct

Test 7+:
    W0: [ 0,  4,  5,  6,  9, 11, 13, 15, 16] < [ 1,  2,  3,  7,  8, 10, 12, 14, 17]
    W1: [ 0,  4,  5,  6, 14, 17, 18, 20, 22] < [ 1,  2,  3,  7, 13, 15, 16, 19, 21]
    W2: [ 0,  7,  9, 12, 13, 17, 18, 21] > [ 1,  5,  6,  8, 11, 14, 19, 22]
    W3: [ 1,  5,  7, 12, 13, 15, 19] > [ 2,  4,  8, 10, 16, 20, 22]
    Truth table row=[<, <, >, >] ix=8 result=[7+] is correct

Test 8-:
    W0: [ 0,  4,  5,  6,  9, 11, 13, 15, 16] > [ 1,  2,  3,  7,  8, 10, 12, 14, 17]
    W1: [ 0,  4,  5,  6, 14, 17, 18, 20, 22] = [ 1,  2,  3,  7, 13, 15, 16, 19, 21]
    W2: [ 0,  7,  9, 12, 13, 17, 18, 21] > [ 1,  5,  6,  8, 11, 14, 19, 22]
    W3: [ 1,  5,  7, 12, 13, 15, 19] > [ 2,  4,  8, 10, 16, 20, 22]
    Truth table row=[>, =, >, >] ix=71 result=[8-] is correct

Test 8+:
    W0: [ 0,  4,  5,  6,  9, 11, 13, 15, 16] < [ 1,  2,  3,  7,  8, 10, 12, 14, 17]
    W1: [ 0,  4,  5,  6, 14, 17, 18, 20, 22] = [ 1,  2,  3,  7, 13, 15, 16, 19, 21]
    W2: [ 0,  7,  9, 12, 13, 17, 18, 21] < [ 1,  5,  6,  8, 11, 14, 19, 22]
    W3: [ 1,  5,  7, 12, 13, 15, 19] < [ 2,  4,  8, 10, 16, 20, 22]
    Truth table row=[<, =, <, <] ix=9 result=[8+] is correct

Test 9-:
    W0: [ 0,  4,  5,  6,  9, 11, 13, 15, 16] < [ 1,  2,  3,  7,  8, 10, 12, 14, 17]
    W1: [ 0,  4,  5,  6, 14, 17, 18, 20, 22] = [ 1,  2,  3,  7, 13, 15, 16, 19, 21]
    W2: [ 0,  7,  9, 12, 13, 17, 18, 21] < [ 1,  5,  6,  8, 11, 14, 19, 22]
    W3: [ 1,  5,  7, 12, 13, 15, 19] = [ 2,  4,  8, 10, 16, 20, 22]
    Truth table row=[<, =, <, =] ix=10 result=[9-] is correct

Test 9+:
    W0: [ 0,  4,  5,  6,  9, 11, 13, 15, 16] > [ 1,  2,  3,  7,  8, 10, 12, 14, 17]
    W1: [ 0,  4,  5,  6, 14, 17, 18, 20, 22] = [ 1,  2,  3,  7, 13, 15, 16, 19, 21]
    W2: [ 0,  7,  9, 12, 13, 17, 18, 21] > [ 1,  5,  6,  8, 11, 14, 19, 22]
    W3: [ 1,  5,  7, 12, 13, 15, 19] = [ 2,  4,  8, 10, 16, 20, 22]
    Truth table row=[>, =, >, =] ix=70 result=[9+] is correct

Test 10-:
    W0: [ 0,  4,  5,  6,  9, 11, 13, 15, 16] > [ 1,  2,  3,  7,  8, 10, 12, 14, 17]
    W1: [ 0,  4,  5,  6, 14, 17, 18, 20, 22] = [ 1,  2,  3,  7, 13, 15, 16, 19, 21]
    W2: [ 0,  7,  9, 12, 13, 17, 18, 21] = [ 1,  5,  6,  8, 11, 14, 19, 22]
    W3: [ 1,  5,  7, 12, 13, 15, 19] > [ 2,  4,  8, 10, 16, 20, 22]
    Truth table row=[>, =, =, >] ix=68 result=[10-] is correct

Test 10+:
    W0: [ 0,  4,  5,  6,  9, 11, 13, 15, 16] < [ 1,  2,  3,  7,  8, 10, 12, 14, 17]
    W1: [ 0,  4,  5,  6, 14, 17, 18, 20, 22] = [ 1,  2,  3,  7, 13, 15, 16, 19, 21]
    W2: [ 0,  7,  9, 12, 13, 17, 18, 21] = [ 1,  5,  6,  8, 11, 14, 19, 22]
    W3: [ 1,  5,  7, 12, 13, 15, 19] < [ 2,  4,  8, 10, 16, 20, 22]
    Truth table row=[<, =, =, <] ix=12 result=[10+] is correct

Test 11-:
    W0: [ 0,  4,  5,  6,  9, 11, 13, 15, 16] < [ 1,  2,  3,  7,  8, 10, 12, 14, 17]
    W1: [ 0,  4,  5,  6, 14, 17, 18, 20, 22] = [ 1,  2,  3,  7, 13, 15, 16, 19, 21]
    W2: [ 0,  7,  9, 12, 13, 17, 18, 21] > [ 1,  5,  6,  8, 11, 14, 19, 22]
    W3: [ 1,  5,  7, 12, 13, 15, 19] = [ 2,  4,  8, 10, 16, 20, 22]
    Truth table row=[<, =, >, =] ix=16 result=[11-] is correct

Test 11+:
    W0: [ 0,  4,  5,  6,  9, 11, 13, 15, 16] > [ 1,  2,  3,  7,  8, 10, 12, 14, 17]
    W1: [ 0,  4,  5,  6, 14, 17, 18, 20, 22] = [ 1,  2,  3,  7, 13, 15, 16, 19, 21]
    W2: [ 0,  7,  9, 12, 13, 17, 18, 21] < [ 1,  5,  6,  8, 11, 14, 19, 22]
    W3: [ 1,  5,  7, 12, 13, 15, 19] = [ 2,  4,  8, 10, 16, 20, 22]
    Truth table row=[>, =, <, =] ix=64 result=[11+] is correct

Test 12-:
    W0: [ 0,  4,  5,  6,  9, 11, 13, 15, 16] > [ 1,  2,  3,  7,  8, 10, 12, 14, 17]
    W1: [ 0,  4,  5,  6, 14, 17, 18, 20, 22] = [ 1,  2,  3,  7, 13, 15, 16, 19, 21]
    W2: [ 0,  7,  9, 12, 13, 17, 18, 21] < [ 1,  5,  6,  8, 11, 14, 19, 22]
    W3: [ 1,  5,  7, 12, 13, 15, 19] < [ 2,  4,  8, 10, 16, 20, 22]
    Truth table row=[>, =, <, <] ix=63 result=[12-] is correct

Test 12+:
    W0: [ 0,  4,  5,  6,  9, 11, 13, 15, 16] < [ 1,  2,  3,  7,  8, 10, 12, 14, 17]
    W1: [ 0,  4,  5,  6, 14, 17, 18, 20, 22] = [ 1,  2,  3,  7, 13, 15, 16, 19, 21]
    W2: [ 0,  7,  9, 12, 13, 17, 18, 21] > [ 1,  5,  6,  8, 11, 14, 19, 22]
    W3: [ 1,  5,  7, 12, 13, 15, 19] > [ 2,  4,  8, 10, 16, 20, 22]
    Truth table row=[<, =, >, >] ix=17 result=[12+] is correct

Test 13-:
    W0: [ 0,  4,  5,  6,  9, 11, 13, 15, 16] < [ 1,  2,  3,  7,  8, 10, 12, 14, 17]
    W1: [ 0,  4,  5,  6, 14, 17, 18, 20, 22] > [ 1,  2,  3,  7, 13, 15, 16, 19, 21]
    W2: [ 0,  7,  9, 12, 13, 17, 18, 21] < [ 1,  5,  6,  8, 11, 14, 19, 22]
    W3: [ 1,  5,  7, 12, 13, 15, 19] < [ 2,  4,  8, 10, 16, 20, 22]
    Truth table row=[<, >, <, <] ix=18 result=[13-] is correct

Test 13+:
    W0: [ 0,  4,  5,  6,  9, 11, 13, 15, 16] > [ 1,  2,  3,  7,  8, 10, 12, 14, 17]
    W1: [ 0,  4,  5,  6, 14, 17, 18, 20, 22] < [ 1,  2,  3,  7, 13, 15, 16, 19, 21]
    W2: [ 0,  7,  9, 12, 13, 17, 18, 21] > [ 1,  5,  6,  8, 11, 14, 19, 22]
    W3: [ 1,  5,  7, 12, 13, 15, 19] > [ 2,  4,  8, 10, 16, 20, 22]
    Truth table row=[>, <, >, >] ix=62 result=[13+] is correct

Test 14-:
    W0: [ 0,  4,  5,  6,  9, 11, 13, 15, 16] > [ 1,  2,  3,  7,  8, 10, 12, 14, 17]
    W1: [ 0,  4,  5,  6, 14, 17, 18, 20, 22] < [ 1,  2,  3,  7, 13, 15, 16, 19, 21]
    W2: [ 0,  7,  9, 12, 13, 17, 18, 21] > [ 1,  5,  6,  8, 11, 14, 19, 22]
    W3: [ 1,  5,  7, 12, 13, 15, 19] = [ 2,  4,  8, 10, 16, 20, 22]
    Truth table row=[>, <, >, =] ix=61 result=[14-] is correct

Test 14+:
    W0: [ 0,  4,  5,  6,  9, 11, 13, 15, 16] < [ 1,  2,  3,  7,  8, 10, 12, 14, 17]
    W1: [ 0,  4,  5,  6, 14, 17, 18, 20, 22] > [ 1,  2,  3,  7, 13, 15, 16, 19, 21]
    W2: [ 0,  7,  9, 12, 13, 17, 18, 21] < [ 1,  5,  6,  8, 11, 14, 19, 22]
    W3: [ 1,  5,  7, 12, 13, 15, 19] = [ 2,  4,  8, 10, 16, 20, 22]
    Truth table row=[<, >, <, =] ix=19 result=[14+] is correct

Test 15-:
    W0: [ 0,  4,  5,  6,  9, 11, 13, 15, 16] < [ 1,  2,  3,  7,  8, 10, 12, 14, 17]
    W1: [ 0,  4,  5,  6, 14, 17, 18, 20, 22] > [ 1,  2,  3,  7, 13, 15, 16, 19, 21]
    W2: [ 0,  7,  9, 12, 13, 17, 18, 21] = [ 1,  5,  6,  8, 11, 14, 19, 22]
    W3: [ 1,  5,  7, 12, 13, 15, 19] < [ 2,  4,  8, 10, 16, 20, 22]
    Truth table row=[<, >, =, <] ix=21 result=[15-] is correct

Test 15+:
    W0: [ 0,  4,  5,  6,  9, 11, 13, 15, 16] > [ 1,  2,  3,  7,  8, 10, 12, 14, 17]
    W1: [ 0,  4,  5,  6, 14, 17, 18, 20, 22] < [ 1,  2,  3,  7, 13, 15, 16, 19, 21]
    W2: [ 0,  7,  9, 12, 13, 17, 18, 21] = [ 1,  5,  6,  8, 11, 14, 19, 22]
    W3: [ 1,  5,  7, 12, 13, 15, 19] > [ 2,  4,  8, 10, 16, 20, 22]
    Truth table row=[>, <, =, >] ix=59 result=[15+] is correct

Test 16-:
    W0: [ 0,  4,  5,  6,  9, 11, 13, 15, 16] < [ 1,  2,  3,  7,  8, 10, 12, 14, 17]
    W1: [ 0,  4,  5,  6, 14, 17, 18, 20, 22] > [ 1,  2,  3,  7, 13, 15, 16, 19, 21]
    W2: [ 0,  7,  9, 12, 13, 17, 18, 21] = [ 1,  5,  6,  8, 11, 14, 19, 22]
    W3: [ 1,  5,  7, 12, 13, 15, 19] > [ 2,  4,  8, 10, 16, 20, 22]
    Truth table row=[<, >, =, >] ix=23 result=[16-] is correct

Test 16+:
    W0: [ 0,  4,  5,  6,  9, 11, 13, 15, 16] > [ 1,  2,  3,  7,  8, 10, 12, 14, 17]
    W1: [ 0,  4,  5,  6, 14, 17, 18, 20, 22] < [ 1,  2,  3,  7, 13, 15, 16, 19, 21]
    W2: [ 0,  7,  9, 12, 13, 17, 18, 21] = [ 1,  5,  6,  8, 11, 14, 19, 22]
    W3: [ 1,  5,  7, 12, 13, 15, 19] < [ 2,  4,  8, 10, 16, 20, 22]
    Truth table row=[>, <, =, <] ix=57 result=[16+] is correct

Test 17-:
    W0: [ 0,  4,  5,  6,  9, 11, 13, 15, 16] > [ 1,  2,  3,  7,  8, 10, 12, 14, 17]
    W1: [ 0,  4,  5,  6, 14, 17, 18, 20, 22] < [ 1,  2,  3,  7, 13, 15, 16, 19, 21]
    W2: [ 0,  7,  9, 12, 13, 17, 18, 21] < [ 1,  5,  6,  8, 11, 14, 19, 22]
    W3: [ 1,  5,  7, 12, 13, 15, 19] = [ 2,  4,  8, 10, 16, 20, 22]
    Truth table row=[>, <, <, =] ix=55 result=[17-] is correct

Test 17+:
    W0: [ 0,  4,  5,  6,  9, 11, 13, 15, 16] < [ 1,  2,  3,  7,  8, 10, 12, 14, 17]
    W1: [ 0,  4,  5,  6, 14, 17, 18, 20, 22] > [ 1,  2,  3,  7, 13, 15, 16, 19, 21]
    W2: [ 0,  7,  9, 12, 13, 17, 18, 21] > [ 1,  5,  6,  8, 11, 14, 19, 22]
    W3: [ 1,  5,  7, 12, 13, 15, 19] = [ 2,  4,  8, 10, 16, 20, 22]
    Truth table row=[<, >, >, =] ix=25 result=[17+] is correct

Test 18-:
    W0: [ 0,  4,  5,  6,  9, 11, 13, 15, 16] = [ 1,  2,  3,  7,  8, 10, 12, 14, 17]
    W1: [ 0,  4,  5,  6, 14, 17, 18, 20, 22] < [ 1,  2,  3,  7, 13, 15, 16, 19, 21]
    W2: [ 0,  7,  9, 12, 13, 17, 18, 21] < [ 1,  5,  6,  8, 11, 14, 19, 22]
    W3: [ 1,  5,  7, 12, 13, 15, 19] = [ 2,  4,  8, 10, 16, 20, 22]
    Truth table row=[=, <, <, =] ix=28 result=[18-] is correct

Test 18+:
    W0: [ 0,  4,  5,  6,  9, 11, 13, 15, 16] = [ 1,  2,  3,  7,  8, 10, 12, 14, 17]
    W1: [ 0,  4,  5,  6, 14, 17, 18, 20, 22] > [ 1,  2,  3,  7, 13, 15, 16, 19, 21]
    W2: [ 0,  7,  9, 12, 13, 17, 18, 21] > [ 1,  5,  6,  8, 11, 14, 19, 22]
    W3: [ 1,  5,  7, 12, 13, 15, 19] = [ 2,  4,  8, 10, 16, 20, 22]
    Truth table row=[=, >, >, =] ix=52 result=[18+] is correct

Test 19-:
    W0: [ 0,  4,  5,  6,  9, 11, 13, 15, 16] = [ 1,  2,  3,  7,  8, 10, 12, 14, 17]
    W1: [ 0,  4,  5,  6, 14, 17, 18, 20, 22] > [ 1,  2,  3,  7, 13, 15, 16, 19, 21]
    W2: [ 0,  7,  9, 12, 13, 17, 18, 21] > [ 1,  5,  6,  8, 11, 14, 19, 22]
    W3: [ 1,  5,  7, 12, 13, 15, 19] < [ 2,  4,  8, 10, 16, 20, 22]
    Truth table row=[=, >, >, <] ix=51 result=[19-] is correct

Test 19+:
    W0: [ 0,  4,  5,  6,  9, 11, 13, 15, 16] = [ 1,  2,  3,  7,  8, 10, 12, 14, 17]
    W1: [ 0,  4,  5,  6, 14, 17, 18, 20, 22] < [ 1,  2,  3,  7, 13, 15, 16, 19, 21]
    W2: [ 0,  7,  9, 12, 13, 17, 18, 21] < [ 1,  5,  6,  8, 11, 14, 19, 22]
    W3: [ 1,  5,  7, 12, 13, 15, 19] > [ 2,  4,  8, 10, 16, 20, 22]
    Truth table row=[=, <, <, >] ix=29 result=[19+] is correct

Test 20-:
    W0: [ 0,  4,  5,  6,  9, 11, 13, 15, 16] = [ 1,  2,  3,  7,  8, 10, 12, 14, 17]
    W1: [ 0,  4,  5,  6, 14, 17, 18, 20, 22] < [ 1,  2,  3,  7, 13, 15, 16, 19, 21]
    W2: [ 0,  7,  9, 12, 13, 17, 18, 21] = [ 1,  5,  6,  8, 11, 14, 19, 22]
    W3: [ 1,  5,  7, 12, 13, 15, 19] > [ 2,  4,  8, 10, 16, 20, 22]
    Truth table row=[=, <, =, >] ix=32 result=[20-] is correct

Test 20+:
    W0: [ 0,  4,  5,  6,  9, 11, 13, 15, 16] = [ 1,  2,  3,  7,  8, 10, 12, 14, 17]
    W1: [ 0,  4,  5,  6, 14, 17, 18, 20, 22] > [ 1,  2,  3,  7, 13, 15, 16, 19, 21]
    W2: [ 0,  7,  9, 12, 13, 17, 18, 21] = [ 1,  5,  6,  8, 11, 14, 19, 22]
    W3: [ 1,  5,  7, 12, 13, 15, 19] < [ 2,  4,  8, 10, 16, 20, 22]
    Truth table row=[=, >, =, <] ix=48 result=[20+] is correct

Test 21-:
    W0: [ 0,  4,  5,  6,  9, 11, 13, 15, 16] = [ 1,  2,  3,  7,  8, 10, 12, 14, 17]
    W1: [ 0,  4,  5,  6, 14, 17, 18, 20, 22] > [ 1,  2,  3,  7, 13, 15, 16, 19, 21]
    W2: [ 0,  7,  9, 12, 13, 17, 18, 21] < [ 1,  5,  6,  8, 11, 14, 19, 22]
    W3: [ 1,  5,  7, 12, 13, 15, 19] = [ 2,  4,  8, 10, 16, 20, 22]
    Truth table row=[=, >, <, =] ix=46 result=[21-] is correct

Test 21+:
    W0: [ 0,  4,  5,  6,  9, 11, 13, 15, 16] = [ 1,  2,  3,  7,  8, 10, 12, 14, 17]
    W1: [ 0,  4,  5,  6, 14, 17, 18, 20, 22] < [ 1,  2,  3,  7, 13, 15, 16, 19, 21]
    W2: [ 0,  7,  9, 12, 13, 17, 18, 21] > [ 1,  5,  6,  8, 11, 14, 19, 22]
    W3: [ 1,  5,  7, 12, 13, 15, 19] = [ 2,  4,  8, 10, 16, 20, 22]
    Truth table row=[=, <, >, =] ix=34 result=[21+] is correct

Test 22-:
    W0: [ 0,  4,  5,  6,  9, 11, 13, 15, 16] = [ 1,  2,  3,  7,  8, 10, 12, 14, 17]
    W1: [ 0,  4,  5,  6, 14, 17, 18, 20, 22] < [ 1,  2,  3,  7, 13, 15, 16, 19, 21]
    W2: [ 0,  7,  9, 12, 13, 17, 18, 21] > [ 1,  5,  6,  8, 11, 14, 19, 22]
    W3: [ 1,  5,  7, 12, 13, 15, 19] > [ 2,  4,  8, 10, 16, 20, 22]
    Truth table row=[=, <, >, >] ix=35 result=[22-] is correct

Test 22+:
    W0: [ 0,  4,  5,  6,  9, 11, 13, 15, 16] = [ 1,  2,  3,  7,  8, 10, 12, 14, 17]
    W1: [ 0,  4,  5,  6, 14, 17, 18, 20, 22] > [ 1,  2,  3,  7, 13, 15, 16, 19, 21]
    W2: [ 0,  7,  9, 12, 13, 17, 18, 21] < [ 1,  5,  6,  8, 11, 14, 19, 22]
    W3: [ 1,  5,  7, 12, 13, 15, 19] < [ 2,  4,  8, 10, 16, 20, 22]
    Truth table row=[=, >, <, <] ix=45 result=[22+] is correct

Total correct results: 46
Total incorrect results: 0
