Solving for 3 balls and 4 weighings

Solution:
W0: [ 0] <=> [ 1]
W1: [] <=> []
W2: [] <=> []
W3: [ 2] <=> [ 0]

Truth Table:
ix  W0  W1  W2  W3   Result
 0   <   <   <   <
 1   <   <   <   =
 2   <   <   <   >
 3   <   <   =   <
 4   <   <   =   =
 5   <   <   =   >
 6   <   <   >   <
 7   <   <   >   =
 8   <   <   >   >
 9   <   =   <   <
10   <   =   <   =
11   <   =   <   >
12   <   =   =   <
13   <   =   =   =   1+
14   <   =   =   >   0-
15   <   =   >   <
16   <   =   >   =
17   <   =   >   >
18   <   >   <   <
19   <   >   <   =
20   <   >   <   >
21   <   >   =   <
22   <   >   =   =
23   <   >   =   >
24   <   >   >   <
25   <   >   >   =
26   <   >   >   >
27   =   <   <   <
28   =   <   <   =
29   =   <   <   >
30   =   <   =   <
31   =   <   =   =
32   =   <   =   >
33   =   <   >   <
34   =   <   >   =
35   =   <   >   >
36   =   =   <   <
37   =   =   <   =
38   =   =   <   >
39   =   =   =   <   2-
40   =   =   =   =
41   =   =   =   >   2+
42   =   =   >   <
43   =   =   >   =
44   =   =   >   >
45   =   >   <   <
46   =   >   <   =
47   =   >   <   >
48   =   >   =   <
49   =   >   =   =
50   =   >   =   >
51   =   >   >   <
52   =   >   >   =
53   =   >   >   >
54   >   <   <   <
55   >   <   <   =
56   >   <   <   >
57   >   <   =   <
58   >   <   =   =
59   >   <   =   >
60   >   <   >   <
61   >   <   >   =
62   >   <   >   >
63   >   =   <   <
64   >   =   <   =
65   >   =   <   >
66   >   =   =   <   0+
67   >   =   =   =   1-
68   >   =   =   >
69   >   =   >   <
70   >   =   >   =
71   >   =   >   >
72   >   >   <   <
73   >   >   <   =
74   >   >   <   >
75   >   >   =   <
76   >   >   =   =
77   >   >   =   >
78   >   >   >   <
79   >   >   >   =
80   >   >   >   >

Test 0-:
    W0: [ 0] < [ 1]
    W1: [] = []
    W2: [] = []
    W3: [ 2] > [ 0]
    Truth table result: ['0-'] is correct

Test 0+:
    W0: [ 0] > [ 1]
    W1: [] = []
    W2: [] = []
    W3: [ 2] < [ 0]
    Truth table result: ['0+'] is correct

Test 1-:
    W0: [ 0] > [ 1]
    W1: [] = []
    W2: [] = []
    W3: [ 2] = [ 0]
    Truth table result: ['1-'] is correct

Test 1+:
    W0: [ 0] < [ 1]
    W1: [] = []
    W2: [] = []
    W3: [ 2] = [ 0]
    Truth table result: ['1+'] is correct

Test 2-:
    W0: [ 0] = [ 1]
    W1: [] = []
    W2: [] = []
    W3: [ 2] < [ 0]
    Truth table result: ['2-'] is correct

Test 2+:
    W0: [ 0] = [ 1]
    W1: [] = []
    W2: [] = []
    W3: [ 2] > [ 0]
    Truth table result: ['2+'] is correct

Total correct results: 6
Total incorrect results: 0
