Solving for 32 balls and 4 weighings.
Using symmetry breaking strategy TruthTableAscending.

Solution:
W0: [ 0,  2,  3,  8,  9, 10, 11, 15, 16, 19] <=> [ 1,  4,  5,  6,  7, 12, 13, 14, 17, 18]
W1: [ 0,  2,  3, 12, 13, 14, 17, 18, 21, 22, 26, 27] <=> [ 1,  4,  5,  6, 11, 15, 16, 19, 20, 23, 24, 25]
W2: [ 0,  4,  5,  6, 11, 17, 18, 21, 22, 28] <=> [ 1, 10, 12, 13, 19, 20, 26, 27, 29, 30]
W3: [ 1,  2,  6, 10, 11, 13, 25, 26, 28, 30, 31] <=> [ 4,  7,  9, 14, 16, 17, 19, 20, 22, 23, 27]

Truth Table:
ix  W0  W1  W2  W3   Result
 0   <   <   <   <
 1   <   <   <   =   0-
 2   <   <   <   >   1+
 3   <   <   =   <   2-
 4   <   <   =   =   3-
 5   <   <   =   >
 6   <   <   >   <   4+
 7   <   <   >   =   5+
 8   <   <   >   >   6+
 9   <   =   <   <
10   <   =   <   =
11   <   =   <   >
12   <   =   =   <   7+
13   <   =   =   =   8-
14   <   =   =   >   9-
15   <   =   >   <   10-
16   <   =   >   =
17   <   =   >   >
18   <   >   <   <   11-
19   <   >   <   =   12+
20   <   >   <   >   13+
21   <   >   =   <   14+
22   <   >   =   =   15-
23   <   >   =   >   16-
24   <   >   >   <   17+
25   <   >   >   =   18+
26   <   >   >   >   19-
27   =   <   <   <   20+
28   =   <   <   =   21-
29   =   <   <   >   22-
30   =   <   =   <   23+
31   =   <   =   =   24+
32   =   <   =   >   25+
33   =   <   >   <   26-
34   =   <   >   =
35   =   <   >   >   27-
36   =   =   <   <   28-
37   =   =   <   =   29+
38   =   =   <   >   30+
39   =   =   =   <   31-
40   =   =   =   =
41   =   =   =   >   31+
42   =   =   >   <   30-
43   =   =   >   =   29-
44   =   =   >   >   28+
45   =   >   <   <   27+
46   =   >   <   =
47   =   >   <   >   26+
48   =   >   =   <   25-
49   =   >   =   =   24-
50   =   >   =   >   23-
51   =   >   >   <   22+
52   =   >   >   =   21+
53   =   >   >   >   20-
54   >   <   <   <   19+
55   >   <   <   =   18-
56   >   <   <   >   17-
57   >   <   =   <   16+
58   >   <   =   =   15+
59   >   <   =   >   14-
60   >   <   >   <   13-
61   >   <   >   =   12-
62   >   <   >   >   11+
63   >   =   <   <
64   >   =   <   =
65   >   =   <   >   10+
66   >   =   =   <   9+
67   >   =   =   =   8+
68   >   =   =   >   7-
69   >   =   >   <
70   >   =   >   =
71   >   =   >   >
72   >   >   <   <   6-
73   >   >   <   =   5-
74   >   >   <   >   4-
75   >   >   =   <
76   >   >   =   =   3+
77   >   >   =   >   2+
78   >   >   >   <   1-
79   >   >   >   =   0+
80   >   >   >   >

Test 0-:
    W0: [ 0,  2,  3,  8,  9, 10, 11, 15, 16, 19] < [ 1,  4,  5,  6,  7, 12, 13, 14, 17, 18]
    W1: [ 0,  2,  3, 12, 13, 14, 17, 18, 21, 22, 26, 27] < [ 1,  4,  5,  6, 11, 15, 16, 19, 20, 23, 24, 25]
    W2: [ 0,  4,  5,  6, 11, 17, 18, 21, 22, 28] < [ 1, 10, 12, 13, 19, 20, 26, 27, 29, 30]
    W3: [ 1,  2,  6, 10, 11, 13, 25, 26, 28, 30, 31] = [ 4,  7,  9, 14, 16, 17, 19, 20, 22, 23, 27]
    Truth table row=[<, <, <, =] ix=1 result=[0-] is correct

Test 0+:
    W0: [ 0,  2,  3,  8,  9, 10, 11, 15, 16, 19] > [ 1,  4,  5,  6,  7, 12, 13, 14, 17, 18]
    W1: [ 0,  2,  3, 12, 13, 14, 17, 18, 21, 22, 26, 27] > [ 1,  4,  5,  6, 11, 15, 16, 19, 20, 23, 24, 25]
    W2: [ 0,  4,  5,  6, 11, 17, 18, 21, 22, 28] > [ 1, 10, 12, 13, 19, 20, 26, 27, 29, 30]
    W3: [ 1,  2,  6, 10, 11, 13, 25, 26, 28, 30, 31] = [ 4,  7,  9, 14, 16, 17, 19, 20, 22, 23, 27]
    Truth table row=[>, >, >, =] ix=79 result=[0+] is correct

Test 1-:
    W0: [ 0,  2,  3,  8,  9, 10, 11, 15, 16, 19] > [ 1,  4,  5,  6,  7, 12, 13, 14, 17, 18]
    W1: [ 0,  2,  3, 12, 13, 14, 17, 18, 21, 22, 26, 27] > [ 1,  4,  5,  6, 11, 15, 16, 19, 20, 23, 24, 25]
    W2: [ 0,  4,  5,  6, 11, 17, 18, 21, 22, 28] > [ 1, 10, 12, 13, 19, 20, 26, 27, 29, 30]
    W3: [ 1,  2,  6, 10, 11, 13, 25, 26, 28, 30, 31] < [ 4,  7,  9, 14, 16, 17, 19, 20, 22, 23, 27]
    Truth table row=[>, >, >, <] ix=78 result=[1-] is correct

Test 1+:
    W0: [ 0,  2,  3,  8,  9, 10, 11, 15, 16, 19] < [ 1,  4,  5,  6,  7, 12, 13, 14, 17, 18]
    W1: [ 0,  2,  3, 12, 13, 14, 17, 18, 21, 22, 26, 27] < [ 1,  4,  5,  6, 11, 15, 16, 19, 20, 23, 24, 25]
    W2: [ 0,  4,  5,  6, 11, 17, 18, 21, 22, 28] < [ 1, 10, 12, 13, 19, 20, 26, 27, 29, 30]
    W3: [ 1,  2,  6, 10, 11, 13, 25, 26, 28, 30, 31] > [ 4,  7,  9, 14, 16, 17, 19, 20, 22, 23, 27]
    Truth table row=[<, <, <, >] ix=2 result=[1+] is correct

Test 2-:
    W0: [ 0,  2,  3,  8,  9, 10, 11, 15, 16, 19] < [ 1,  4,  5,  6,  7, 12, 13, 14, 17, 18]
    W1: [ 0,  2,  3, 12, 13, 14, 17, 18, 21, 22, 26, 27] < [ 1,  4,  5,  6, 11, 15, 16, 19, 20, 23, 24, 25]
    W2: [ 0,  4,  5,  6, 11, 17, 18, 21, 22, 28] = [ 1, 10, 12, 13, 19, 20, 26, 27, 29, 30]
    W3: [ 1,  2,  6, 10, 11, 13, 25, 26, 28, 30, 31] < [ 4,  7,  9, 14, 16, 17, 19, 20, 22, 23, 27]
    Truth table row=[<, <, =, <] ix=3 result=[2-] is correct

Test 2+:
    W0: [ 0,  2,  3,  8,  9, 10, 11, 15, 16, 19] > [ 1,  4,  5,  6,  7, 12, 13, 14, 17, 18]
    W1: [ 0,  2,  3, 12, 13, 14, 17, 18, 21, 22, 26, 27] > [ 1,  4,  5,  6, 11, 15, 16, 19, 20, 23, 24, 25]
    W2: [ 0,  4,  5,  6, 11, 17, 18, 21, 22, 28] = [ 1, 10, 12, 13, 19, 20, 26, 27, 29, 30]
    W3: [ 1,  2,  6, 10, 11, 13, 25, 26, 28, 30, 31] > [ 4,  7,  9, 14, 16, 17, 19, 20, 22, 23, 27]
    Truth table row=[>, >, =, >] ix=77 result=[2+] is correct

Test 3-:
    W0: [ 0,  2,  3,  8,  9, 10, 11, 15, 16, 19] < [ 1,  4,  5,  6,  7, 12, 13, 14, 17, 18]
    W1: [ 0,  2,  3, 12, 13, 14, 17, 18, 21, 22, 26, 27] < [ 1,  4,  5,  6, 11, 15, 16, 19, 20, 23, 24, 25]
    W2: [ 0,  4,  5,  6, 11, 17, 18, 21, 22, 28] = [ 1, 10, 12, 13, 19, 20, 26, 27, 29, 30]
    W3: [ 1,  2,  6, 10, 11, 13, 25, 26, 28, 30, 31] = [ 4,  7,  9, 14, 16, 17, 19, 20, 22, 23, 27]
    Truth table row=[<, <, =, =] ix=4 result=[3-] is correct

Test 3+:
    W0: [ 0,  2,  3,  8,  9, 10, 11, 15, 16, 19] > [ 1,  4,  5,  6,  7, 12, 13, 14, 17, 18]
    W1: [ 0,  2,  3, 12, 13, 14, 17, 18, 21, 22, 26, 27] > [ 1,  4,  5,  6, 11, 15, 16, 19, 20, 23, 24, 25]
    W2: [ 0,  4,  5,  6, 11, 17, 18, 21, 22, 28] = [ 1, 10, 12, 13, 19, 20, 26, 27, 29, 30]
    W3: [ 1,  2,  6, 10, 11, 13, 25, 26, 28, 30, 31] = [ 4,  7,  9, 14, 16, 17, 19, 20, 22, 23, 27]
    Truth table row=[>, >, =, =] ix=76 result=[3+] is correct

Test 4-:
    W0: [ 0,  2,  3,  8,  9, 10, 11, 15, 16, 19] > [ 1,  4,  5,  6,  7, 12, 13, 14, 17, 18]
    W1: [ 0,  2,  3, 12, 13, 14, 17, 18, 21, 22, 26, 27] > [ 1,  4,  5,  6, 11, 15, 16, 19, 20, 23, 24, 25]
    W2: [ 0,  4,  5,  6, 11, 17, 18, 21, 22, 28] < [ 1, 10, 12, 13, 19, 20, 26, 27, 29, 30]
    W3: [ 1,  2,  6, 10, 11, 13, 25, 26, 28, 30, 31] > [ 4,  7,  9, 14, 16, 17, 19, 20, 22, 23, 27]
    Truth table row=[>, >, <, >] ix=74 result=[4-] is correct

Test 4+:
    W0: [ 0,  2,  3,  8,  9, 10, 11, 15, 16, 19] < [ 1,  4,  5,  6,  7, 12, 13, 14, 17, 18]
    W1: [ 0,  2,  3, 12, 13, 14, 17, 18, 21, 22, 26, 27] < [ 1,  4,  5,  6, 11, 15, 16, 19, 20, 23, 24, 25]
    W2: [ 0,  4,  5,  6, 11, 17, 18, 21, 22, 28] > [ 1, 10, 12, 13, 19, 20, 26, 27, 29, 30]
    W3: [ 1,  2,  6, 10, 11, 13, 25, 26, 28, 30, 31] < [ 4,  7,  9, 14, 16, 17, 19, 20, 22, 23, 27]
    Truth table row=[<, <, >, <] ix=6 result=[4+] is correct

Test 5-:
    W0: [ 0,  2,  3,  8,  9, 10, 11, 15, 16, 19] > [ 1,  4,  5,  6,  7, 12, 13, 14, 17, 18]
    W1: [ 0,  2,  3, 12, 13, 14, 17, 18, 21, 22, 26, 27] > [ 1,  4,  5,  6, 11, 15, 16, 19, 20, 23, 24, 25]
    W2: [ 0,  4,  5,  6, 11, 17, 18, 21, 22, 28] < [ 1, 10, 12, 13, 19, 20, 26, 27, 29, 30]
    W3: [ 1,  2,  6, 10, 11, 13, 25, 26, 28, 30, 31] = [ 4,  7,  9, 14, 16, 17, 19, 20, 22, 23, 27]
    Truth table row=[>, >, <, =] ix=73 result=[5-] is correct

Test 5+:
    W0: [ 0,  2,  3,  8,  9, 10, 11, 15, 16, 19] < [ 1,  4,  5,  6,  7, 12, 13, 14, 17, 18]
    W1: [ 0,  2,  3, 12, 13, 14, 17, 18, 21, 22, 26, 27] < [ 1,  4,  5,  6, 11, 15, 16, 19, 20, 23, 24, 25]
    W2: [ 0,  4,  5,  6, 11, 17, 18, 21, 22, 28] > [ 1, 10, 12, 13, 19, 20, 26, 27, 29, 30]
    W3: [ 1,  2,  6, 10, 11, 13, 25, 26, 28, 30, 31] = [ 4,  7,  9, 14, 16, 17, 19, 20, 22, 23, 27]
    Truth table row=[<, <, >, =] ix=7 result=[5+] is correct

Test 6-:
    W0: [ 0,  2,  3,  8,  9, 10, 11, 15, 16, 19] > [ 1,  4,  5,  6,  7, 12, 13, 14, 17, 18]
    W1: [ 0,  2,  3, 12, 13, 14, 17, 18, 21, 22, 26, 27] > [ 1,  4,  5,  6, 11, 15, 16, 19, 20, 23, 24, 25]
    W2: [ 0,  4,  5,  6, 11, 17, 18, 21, 22, 28] < [ 1, 10, 12, 13, 19, 20, 26, 27, 29, 30]
    W3: [ 1,  2,  6, 10, 11, 13, 25, 26, 28, 30, 31] < [ 4,  7,  9, 14, 16, 17, 19, 20, 22, 23, 27]
    Truth table row=[>, >, <, <] ix=72 result=[6-] is correct

Test 6+:
    W0: [ 0,  2,  3,  8,  9, 10, 11, 15, 16, 19] < [ 1,  4,  5,  6,  7, 12, 13, 14, 17, 18]
    W1: [ 0,  2,  3, 12, 13, 14, 17, 18, 21, 22, 26, 27] < [ 1,  4,  5,  6, 11, 15, 16, 19, 20, 23, 24, 25]
    W2: [ 0,  4,  5,  6, 11, 17, 18, 21, 22, 28] > [ 1, 10, 12, 13, 19, 20, 26, 27, 29, 30]
    W3: [ 1,  2,  6, 10, 11, 13, 25, 26, 28, 30, 31] > [ 4,  7,  9, 14, 16, 17, 19, 20, 22, 23, 27]
    Truth table row=[<, <, >, >] ix=8 result=[6+] is correct

Test 7-:
    W0: [ 0,  2,  3,  8,  9, 10, 11, 15, 16, 19] > [ 1,  4,  5,  6,  7, 12, 13, 14, 17, 18]
    W1: [ 0,  2,  3, 12, 13, 14, 17, 18, 21, 22, 26, 27] = [ 1,  4,  5,  6, 11, 15, 16, 19, 20, 23, 24, 25]
    W2: [ 0,  4,  5,  6, 11, 17, 18, 21, 22, 28] = [ 1, 10, 12, 13, 19, 20, 26, 27, 29, 30]
    W3: [ 1,  2,  6, 10, 11, 13, 25, 26, 28, 30, 31] > [ 4,  7,  9, 14, 16, 17, 19, 20, 22, 23, 27]
    Truth table row=[>, =, =, >] ix=68 result=[7-] is correct

Test 7+:
    W0: [ 0,  2,  3,  8,  9, 10, 11, 15, 16, 19] < [ 1,  4,  5,  6,  7, 12, 13, 14, 17, 18]
    W1: [ 0,  2,  3, 12, 13, 14, 17, 18, 21, 22, 26, 27] = [ 1,  4,  5,  6, 11, 15, 16, 19, 20, 23, 24, 25]
    W2: [ 0,  4,  5,  6, 11, 17, 18, 21, 22, 28] = [ 1, 10, 12, 13, 19, 20, 26, 27, 29, 30]
    W3: [ 1,  2,  6, 10, 11, 13, 25, 26, 28, 30, 31] < [ 4,  7,  9, 14, 16, 17, 19, 20, 22, 23, 27]
    Truth table row=[<, =, =, <] ix=12 result=[7+] is correct

Test 8-:
    W0: [ 0,  2,  3,  8,  9, 10, 11, 15, 16, 19] < [ 1,  4,  5,  6,  7, 12, 13, 14, 17, 18]
    W1: [ 0,  2,  3, 12, 13, 14, 17, 18, 21, 22, 26, 27] = [ 1,  4,  5,  6, 11, 15, 16, 19, 20, 23, 24, 25]
    W2: [ 0,  4,  5,  6, 11, 17, 18, 21, 22, 28] = [ 1, 10, 12, 13, 19, 20, 26, 27, 29, 30]
    W3: [ 1,  2,  6, 10, 11, 13, 25, 26, 28, 30, 31] = [ 4,  7,  9, 14, 16, 17, 19, 20, 22, 23, 27]
    Truth table row=[<, =, =, =] ix=13 result=[8-] is correct

Test 8+:
    W0: [ 0,  2,  3,  8,  9, 10, 11, 15, 16, 19] > [ 1,  4,  5,  6,  7, 12, 13, 14, 17, 18]
    W1: [ 0,  2,  3, 12, 13, 14, 17, 18, 21, 22, 26, 27] = [ 1,  4,  5,  6, 11, 15, 16, 19, 20, 23, 24, 25]
    W2: [ 0,  4,  5,  6, 11, 17, 18, 21, 22, 28] = [ 1, 10, 12, 13, 19, 20, 26, 27, 29, 30]
    W3: [ 1,  2,  6, 10, 11, 13, 25, 26, 28, 30, 31] = [ 4,  7,  9, 14, 16, 17, 19, 20, 22, 23, 27]
    Truth table row=[>, =, =, =] ix=67 result=[8+] is correct

Test 9-:
    W0: [ 0,  2,  3,  8,  9, 10, 11, 15, 16, 19] < [ 1,  4,  5,  6,  7, 12, 13, 14, 17, 18]
    W1: [ 0,  2,  3, 12, 13, 14, 17, 18, 21, 22, 26, 27] = [ 1,  4,  5,  6, 11, 15, 16, 19, 20, 23, 24, 25]
    W2: [ 0,  4,  5,  6, 11, 17, 18, 21, 22, 28] = [ 1, 10, 12, 13, 19, 20, 26, 27, 29, 30]
    W3: [ 1,  2,  6, 10, 11, 13, 25, 26, 28, 30, 31] > [ 4,  7,  9, 14, 16, 17, 19, 20, 22, 23, 27]
    Truth table row=[<, =, =, >] ix=14 result=[9-] is correct

Test 9+:
    W0: [ 0,  2,  3,  8,  9, 10, 11, 15, 16, 19] > [ 1,  4,  5,  6,  7, 12, 13, 14, 17, 18]
    W1: [ 0,  2,  3, 12, 13, 14, 17, 18, 21, 22, 26, 27] = [ 1,  4,  5,  6, 11, 15, 16, 19, 20, 23, 24, 25]
    W2: [ 0,  4,  5,  6, 11, 17, 18, 21, 22, 28] = [ 1, 10, 12, 13, 19, 20, 26, 27, 29, 30]
    W3: [ 1,  2,  6, 10, 11, 13, 25, 26, 28, 30, 31] < [ 4,  7,  9, 14, 16, 17, 19, 20, 22, 23, 27]
    Truth table row=[>, =, =, <] ix=66 result=[9+] is correct

Test 10-:
    W0: [ 0,  2,  3,  8,  9, 10, 11, 15, 16, 19] < [ 1,  4,  5,  6,  7, 12, 13, 14, 17, 18]
    W1: [ 0,  2,  3, 12, 13, 14, 17, 18, 21, 22, 26, 27] = [ 1,  4,  5,  6, 11, 15, 16, 19, 20, 23, 24, 25]
    W2: [ 0,  4,  5,  6, 11, 17, 18, 21, 22, 28] > [ 1, 10, 12, 13, 19, 20, 26, 27, 29, 30]
    W3: [ 1,  2,  6, 10, 11, 13, 25, 26, 28, 30, 31] < [ 4,  7,  9, 14, 16, 17, 19, 20, 22, 23, 27]
    Truth table row=[<, =, >, <] ix=15 result=[10-] is correct

Test 10+:
    W0: [ 0,  2,  3,  8,  9, 10, 11, 15, 16, 19] > [ 1,  4,  5,  6,  7, 12, 13, 14, 17, 18]
    W1: [ 0,  2,  3, 12, 13, 14, 17, 18, 21, 22, 26, 27] = [ 1,  4,  5,  6, 11, 15, 16, 19, 20, 23, 24, 25]
    W2: [ 0,  4,  5,  6, 11, 17, 18, 21, 22, 28] < [ 1, 10, 12, 13, 19, 20, 26, 27, 29, 30]
    W3: [ 1,  2,  6, 10, 11, 13, 25, 26, 28, 30, 31] > [ 4,  7,  9, 14, 16, 17, 19, 20, 22, 23, 27]
    Truth table row=[>, =, <, >] ix=65 result=[10+] is correct

Test 11-:
    W0: [ 0,  2,  3,  8,  9, 10, 11, 15, 16, 19] < [ 1,  4,  5,  6,  7, 12, 13, 14, 17, 18]
    W1: [ 0,  2,  3, 12, 13, 14, 17, 18, 21, 22, 26, 27] > [ 1,  4,  5,  6, 11, 15, 16, 19, 20, 23, 24, 25]
    W2: [ 0,  4,  5,  6, 11, 17, 18, 21, 22, 28] < [ 1, 10, 12, 13, 19, 20, 26, 27, 29, 30]
    W3: [ 1,  2,  6, 10, 11, 13, 25, 26, 28, 30, 31] < [ 4,  7,  9, 14, 16, 17, 19, 20, 22, 23, 27]
    Truth table row=[<, >, <, <] ix=18 result=[11-] is correct

Test 11+:
    W0: [ 0,  2,  3,  8,  9, 10, 11, 15, 16, 19] > [ 1,  4,  5,  6,  7, 12, 13, 14, 17, 18]
    W1: [ 0,  2,  3, 12, 13, 14, 17, 18, 21, 22, 26, 27] < [ 1,  4,  5,  6, 11, 15, 16, 19, 20, 23, 24, 25]
    W2: [ 0,  4,  5,  6, 11, 17, 18, 21, 22, 28] > [ 1, 10, 12, 13, 19, 20, 26, 27, 29, 30]
    W3: [ 1,  2,  6, 10, 11, 13, 25, 26, 28, 30, 31] > [ 4,  7,  9, 14, 16, 17, 19, 20, 22, 23, 27]
    Truth table row=[>, <, >, >] ix=62 result=[11+] is correct

Test 12-:
    W0: [ 0,  2,  3,  8,  9, 10, 11, 15, 16, 19] > [ 1,  4,  5,  6,  7, 12, 13, 14, 17, 18]
    W1: [ 0,  2,  3, 12, 13, 14, 17, 18, 21, 22, 26, 27] < [ 1,  4,  5,  6, 11, 15, 16, 19, 20, 23, 24, 25]
    W2: [ 0,  4,  5,  6, 11, 17, 18, 21, 22, 28] > [ 1, 10, 12, 13, 19, 20, 26, 27, 29, 30]
    W3: [ 1,  2,  6, 10, 11, 13, 25, 26, 28, 30, 31] = [ 4,  7,  9, 14, 16, 17, 19, 20, 22, 23, 27]
    Truth table row=[>, <, >, =] ix=61 result=[12-] is correct

Test 12+:
    W0: [ 0,  2,  3,  8,  9, 10, 11, 15, 16, 19] < [ 1,  4,  5,  6,  7, 12, 13, 14, 17, 18]
    W1: [ 0,  2,  3, 12, 13, 14, 17, 18, 21, 22, 26, 27] > [ 1,  4,  5,  6, 11, 15, 16, 19, 20, 23, 24, 25]
    W2: [ 0,  4,  5,  6, 11, 17, 18, 21, 22, 28] < [ 1, 10, 12, 13, 19, 20, 26, 27, 29, 30]
    W3: [ 1,  2,  6, 10, 11, 13, 25, 26, 28, 30, 31] = [ 4,  7,  9, 14, 16, 17, 19, 20, 22, 23, 27]
    Truth table row=[<, >, <, =] ix=19 result=[12+] is correct

Test 13-:
    W0: [ 0,  2,  3,  8,  9, 10, 11, 15, 16, 19] > [ 1,  4,  5,  6,  7, 12, 13, 14, 17, 18]
    W1: [ 0,  2,  3, 12, 13, 14, 17, 18, 21, 22, 26, 27] < [ 1,  4,  5,  6, 11, 15, 16, 19, 20, 23, 24, 25]
    W2: [ 0,  4,  5,  6, 11, 17, 18, 21, 22, 28] > [ 1, 10, 12, 13, 19, 20, 26, 27, 29, 30]
    W3: [ 1,  2,  6, 10, 11, 13, 25, 26, 28, 30, 31] < [ 4,  7,  9, 14, 16, 17, 19, 20, 22, 23, 27]
    Truth table row=[>, <, >, <] ix=60 result=[13-] is correct

Test 13+:
    W0: [ 0,  2,  3,  8,  9, 10, 11, 15, 16, 19] < [ 1,  4,  5,  6,  7, 12, 13, 14, 17, 18]
    W1: [ 0,  2,  3, 12, 13, 14, 17, 18, 21, 22, 26, 27] > [ 1,  4,  5,  6, 11, 15, 16, 19, 20, 23, 24, 25]
    W2: [ 0,  4,  5,  6, 11, 17, 18, 21, 22, 28] < [ 1, 10, 12, 13, 19, 20, 26, 27, 29, 30]
    W3: [ 1,  2,  6, 10, 11, 13, 25, 26, 28, 30, 31] > [ 4,  7,  9, 14, 16, 17, 19, 20, 22, 23, 27]
    Truth table row=[<, >, <, >] ix=20 result=[13+] is correct

Test 14-:
    W0: [ 0,  2,  3,  8,  9, 10, 11, 15, 16, 19] > [ 1,  4,  5,  6,  7, 12, 13, 14, 17, 18]
    W1: [ 0,  2,  3, 12, 13, 14, 17, 18, 21, 22, 26, 27] < [ 1,  4,  5,  6, 11, 15, 16, 19, 20, 23, 24, 25]
    W2: [ 0,  4,  5,  6, 11, 17, 18, 21, 22, 28] = [ 1, 10, 12, 13, 19, 20, 26, 27, 29, 30]
    W3: [ 1,  2,  6, 10, 11, 13, 25, 26, 28, 30, 31] > [ 4,  7,  9, 14, 16, 17, 19, 20, 22, 23, 27]
    Truth table row=[>, <, =, >] ix=59 result=[14-] is correct

Test 14+:
    W0: [ 0,  2,  3,  8,  9, 10, 11, 15, 16, 19] < [ 1,  4,  5,  6,  7, 12, 13, 14, 17, 18]
    W1: [ 0,  2,  3, 12, 13, 14, 17, 18, 21, 22, 26, 27] > [ 1,  4,  5,  6, 11, 15, 16, 19, 20, 23, 24, 25]
    W2: [ 0,  4,  5,  6, 11, 17, 18, 21, 22, 28] = [ 1, 10, 12, 13, 19, 20, 26, 27, 29, 30]
    W3: [ 1,  2,  6, 10, 11, 13, 25, 26, 28, 30, 31] < [ 4,  7,  9, 14, 16, 17, 19, 20, 22, 23, 27]
    Truth table row=[<, >, =, <] ix=21 result=[14+] is correct

Test 15-:
    W0: [ 0,  2,  3,  8,  9, 10, 11, 15, 16, 19] < [ 1,  4,  5,  6,  7, 12, 13, 14, 17, 18]
    W1: [ 0,  2,  3, 12, 13, 14, 17, 18, 21, 22, 26, 27] > [ 1,  4,  5,  6, 11, 15, 16, 19, 20, 23, 24, 25]
    W2: [ 0,  4,  5,  6, 11, 17, 18, 21, 22, 28] = [ 1, 10, 12, 13, 19, 20, 26, 27, 29, 30]
    W3: [ 1,  2,  6, 10, 11, 13, 25, 26, 28, 30, 31] = [ 4,  7,  9, 14, 16, 17, 19, 20, 22, 23, 27]
    Truth table row=[<, >, =, =] ix=22 result=[15-] is correct

Test 15+:
    W0: [ 0,  2,  3,  8,  9, 10, 11, 15, 16, 19] > [ 1,  4,  5,  6,  7, 12, 13, 14, 17, 18]
    W1: [ 0,  2,  3, 12, 13, 14, 17, 18, 21, 22, 26, 27] < [ 1,  4,  5,  6, 11, 15, 16, 19, 20, 23, 24, 25]
    W2: [ 0,  4,  5,  6, 11, 17, 18, 21, 22, 28] = [ 1, 10, 12, 13, 19, 20, 26, 27, 29, 30]
    W3: [ 1,  2,  6, 10, 11, 13, 25, 26, 28, 30, 31] = [ 4,  7,  9, 14, 16, 17, 19, 20, 22, 23, 27]
    Truth table row=[>, <, =, =] ix=58 result=[15+] is correct

Test 16-:
    W0: [ 0,  2,  3,  8,  9, 10, 11, 15, 16, 19] < [ 1,  4,  5,  6,  7, 12, 13, 14, 17, 18]
    W1: [ 0,  2,  3, 12, 13, 14, 17, 18, 21, 22, 26, 27] > [ 1,  4,  5,  6, 11, 15, 16, 19, 20, 23, 24, 25]
    W2: [ 0,  4,  5,  6, 11, 17, 18, 21, 22, 28] = [ 1, 10, 12, 13, 19, 20, 26, 27, 29, 30]
    W3: [ 1,  2,  6, 10, 11, 13, 25, 26, 28, 30, 31] > [ 4,  7,  9, 14, 16, 17, 19, 20, 22, 23, 27]
    Truth table row=[<, >, =, >] ix=23 result=[16-] is correct

Test 16+:
    W0: [ 0,  2,  3,  8,  9, 10, 11, 15, 16, 19] > [ 1,  4,  5,  6,  7, 12, 13, 14, 17, 18]
    W1: [ 0,  2,  3, 12, 13, 14, 17, 18, 21, 22, 26, 27] < [ 1,  4,  5,  6, 11, 15, 16, 19, 20, 23, 24, 25]
    W2: [ 0,  4,  5,  6, 11, 17, 18, 21, 22, 28] = [ 1, 10, 12, 13, 19, 20, 26, 27, 29, 30]
    W3: [ 1,  2,  6, 10, 11, 13, 25, 26, 28, 30, 31] < [ 4,  7,  9, 14, 16, 17, 19, 20, 22, 23, 27]
    Truth table row=[>, <, =, <] ix=57 result=[16+] is correct

Test 17-:
    W0: [ 0,  2,  3,  8,  9, 10, 11, 15, 16, 19] > [ 1,  4,  5,  6,  7, 12, 13, 14, 17, 18]
    W1: [ 0,  2,  3, 12, 13, 14, 17, 18, 21, 22, 26, 27] < [ 1,  4,  5,  6, 11, 15, 16, 19, 20, 23, 24, 25]
    W2: [ 0,  4,  5,  6, 11, 17, 18, 21, 22, 28] < [ 1, 10, 12, 13, 19, 20, 26, 27, 29, 30]
    W3: [ 1,  2,  6, 10, 11, 13, 25, 26, 28, 30, 31] > [ 4,  7,  9, 14, 16, 17, 19, 20, 22, 23, 27]
    Truth table row=[>, <, <, >] ix=56 result=[17-] is correct

Test 17+:
    W0: [ 0,  2,  3,  8,  9, 10, 11, 15, 16, 19] < [ 1,  4,  5,  6,  7, 12, 13, 14, 17, 18]
    W1: [ 0,  2,  3, 12, 13, 14, 17, 18, 21, 22, 26, 27] > [ 1,  4,  5,  6, 11, 15, 16, 19, 20, 23, 24, 25]
    W2: [ 0,  4,  5,  6, 11, 17, 18, 21, 22, 28] > [ 1, 10, 12, 13, 19, 20, 26, 27, 29, 30]
    W3: [ 1,  2,  6, 10, 11, 13, 25, 26, 28, 30, 31] < [ 4,  7,  9, 14, 16, 17, 19, 20, 22, 23, 27]
    Truth table row=[<, >, >, <] ix=24 result=[17+] is correct

Test 18-:
    W0: [ 0,  2,  3,  8,  9, 10, 11, 15, 16, 19] > [ 1,  4,  5,  6,  7, 12, 13, 14, 17, 18]
    W1: [ 0,  2,  3, 12, 13, 14, 17, 18, 21, 22, 26, 27] < [ 1,  4,  5,  6, 11, 15, 16, 19, 20, 23, 24, 25]
    W2: [ 0,  4,  5,  6, 11, 17, 18, 21, 22, 28] < [ 1, 10, 12, 13, 19, 20, 26, 27, 29, 30]
    W3: [ 1,  2,  6, 10, 11, 13, 25, 26, 28, 30, 31] = [ 4,  7,  9, 14, 16, 17, 19, 20, 22, 23, 27]
    Truth table row=[>, <, <, =] ix=55 result=[18-] is correct

Test 18+:
    W0: [ 0,  2,  3,  8,  9, 10, 11, 15, 16, 19] < [ 1,  4,  5,  6,  7, 12, 13, 14, 17, 18]
    W1: [ 0,  2,  3, 12, 13, 14, 17, 18, 21, 22, 26, 27] > [ 1,  4,  5,  6, 11, 15, 16, 19, 20, 23, 24, 25]
    W2: [ 0,  4,  5,  6, 11, 17, 18, 21, 22, 28] > [ 1, 10, 12, 13, 19, 20, 26, 27, 29, 30]
    W3: [ 1,  2,  6, 10, 11, 13, 25, 26, 28, 30, 31] = [ 4,  7,  9, 14, 16, 17, 19, 20, 22, 23, 27]
    Truth table row=[<, >, >, =] ix=25 result=[18+] is correct

Test 19-:
    W0: [ 0,  2,  3,  8,  9, 10, 11, 15, 16, 19] < [ 1,  4,  5,  6,  7, 12, 13, 14, 17, 18]
    W1: [ 0,  2,  3, 12, 13, 14, 17, 18, 21, 22, 26, 27] > [ 1,  4,  5,  6, 11, 15, 16, 19, 20, 23, 24, 25]
    W2: [ 0,  4,  5,  6, 11, 17, 18, 21, 22, 28] > [ 1, 10, 12, 13, 19, 20, 26, 27, 29, 30]
    W3: [ 1,  2,  6, 10, 11, 13, 25, 26, 28, 30, 31] > [ 4,  7,  9, 14, 16, 17, 19, 20, 22, 23, 27]
    Truth table row=[<, >, >, >] ix=26 result=[19-] is correct

Test 19+:
    W0: [ 0,  2,  3,  8,  9, 10, 11, 15, 16, 19] > [ 1,  4,  5,  6,  7, 12, 13, 14, 17, 18]
    W1: [ 0,  2,  3, 12, 13, 14, 17, 18, 21, 22, 26, 27] < [ 1,  4,  5,  6, 11, 15, 16, 19, 20, 23, 24, 25]
    W2: [ 0,  4,  5,  6, 11, 17, 18, 21, 22, 28] < [ 1, 10, 12, 13, 19, 20, 26, 27, 29, 30]
    W3: [ 1,  2,  6, 10, 11, 13, 25, 26, 28, 30, 31] < [ 4,  7,  9, 14, 16, 17, 19, 20, 22, 23, 27]
    Truth table row=[>, <, <, <] ix=54 result=[19+] is correct

Test 20-:
    W0: [ 0,  2,  3,  8,  9, 10, 11, 15, 16, 19] = [ 1,  4,  5,  6,  7, 12, 13, 14, 17, 18]
    W1: [ 0,  2,  3, 12, 13, 14, 17, 18, 21, 22, 26, 27] > [ 1,  4,  5,  6, 11, 15, 16, 19, 20, 23, 24, 25]
    W2: [ 0,  4,  5,  6, 11, 17, 18, 21, 22, 28] > [ 1, 10, 12, 13, 19, 20, 26, 27, 29, 30]
    W3: [ 1,  2,  6, 10, 11, 13, 25, 26, 28, 30, 31] > [ 4,  7,  9, 14, 16, 17, 19, 20, 22, 23, 27]
    Truth table row=[=, >, >, >] ix=53 result=[20-] is correct

Test 20+:
    W0: [ 0,  2,  3,  8,  9, 10, 11, 15, 16, 19] = [ 1,  4,  5,  6,  7, 12, 13, 14, 17, 18]
    W1: [ 0,  2,  3, 12, 13, 14, 17, 18, 21, 22, 26, 27] < [ 1,  4,  5,  6, 11, 15, 16, 19, 20, 23, 24, 25]
    W2: [ 0,  4,  5,  6, 11, 17, 18, 21, 22, 28] < [ 1, 10, 12, 13, 19, 20, 26, 27, 29, 30]
    W3: [ 1,  2,  6, 10, 11, 13, 25, 26, 28, 30, 31] < [ 4,  7,  9, 14, 16, 17, 19, 20, 22, 23, 27]
    Truth table row=[=, <, <, <] ix=27 result=[20+] is correct

Test 21-:
    W0: [ 0,  2,  3,  8,  9, 10, 11, 15, 16, 19] = [ 1,  4,  5,  6,  7, 12, 13, 14, 17, 18]
    W1: [ 0,  2,  3, 12, 13, 14, 17, 18, 21, 22, 26, 27] < [ 1,  4,  5,  6, 11, 15, 16, 19, 20, 23, 24, 25]
    W2: [ 0,  4,  5,  6, 11, 17, 18, 21, 22, 28] < [ 1, 10, 12, 13, 19, 20, 26, 27, 29, 30]
    W3: [ 1,  2,  6, 10, 11, 13, 25, 26, 28, 30, 31] = [ 4,  7,  9, 14, 16, 17, 19, 20, 22, 23, 27]
    Truth table row=[=, <, <, =] ix=28 result=[21-] is correct

Test 21+:
    W0: [ 0,  2,  3,  8,  9, 10, 11, 15, 16, 19] = [ 1,  4,  5,  6,  7, 12, 13, 14, 17, 18]
    W1: [ 0,  2,  3, 12, 13, 14, 17, 18, 21, 22, 26, 27] > [ 1,  4,  5,  6, 11, 15, 16, 19, 20, 23, 24, 25]
    W2: [ 0,  4,  5,  6, 11, 17, 18, 21, 22, 28] > [ 1, 10, 12, 13, 19, 20, 26, 27, 29, 30]
    W3: [ 1,  2,  6, 10, 11, 13, 25, 26, 28, 30, 31] = [ 4,  7,  9, 14, 16, 17, 19, 20, 22, 23, 27]
    Truth table row=[=, >, >, =] ix=52 result=[21+] is correct

Test 22-:
    W0: [ 0,  2,  3,  8,  9, 10, 11, 15, 16, 19] = [ 1,  4,  5,  6,  7, 12, 13, 14, 17, 18]
    W1: [ 0,  2,  3, 12, 13, 14, 17, 18, 21, 22, 26, 27] < [ 1,  4,  5,  6, 11, 15, 16, 19, 20, 23, 24, 25]
    W2: [ 0,  4,  5,  6, 11, 17, 18, 21, 22, 28] < [ 1, 10, 12, 13, 19, 20, 26, 27, 29, 30]
    W3: [ 1,  2,  6, 10, 11, 13, 25, 26, 28, 30, 31] > [ 4,  7,  9, 14, 16, 17, 19, 20, 22, 23, 27]
    Truth table row=[=, <, <, >] ix=29 result=[22-] is correct

Test 22+:
    W0: [ 0,  2,  3,  8,  9, 10, 11, 15, 16, 19] = [ 1,  4,  5,  6,  7, 12, 13, 14, 17, 18]
    W1: [ 0,  2,  3, 12, 13, 14, 17, 18, 21, 22, 26, 27] > [ 1,  4,  5,  6, 11, 15, 16, 19, 20, 23, 24, 25]
    W2: [ 0,  4,  5,  6, 11, 17, 18, 21, 22, 28] > [ 1, 10, 12, 13, 19, 20, 26, 27, 29, 30]
    W3: [ 1,  2,  6, 10, 11, 13, 25, 26, 28, 30, 31] < [ 4,  7,  9, 14, 16, 17, 19, 20, 22, 23, 27]
    Truth table row=[=, >, >, <] ix=51 result=[22+] is correct

Test 23-:
    W0: [ 0,  2,  3,  8,  9, 10, 11, 15, 16, 19] = [ 1,  4,  5,  6,  7, 12, 13, 14, 17, 18]
    W1: [ 0,  2,  3, 12, 13, 14, 17, 18, 21, 22, 26, 27] > [ 1,  4,  5,  6, 11, 15, 16, 19, 20, 23, 24, 25]
    W2: [ 0,  4,  5,  6, 11, 17, 18, 21, 22, 28] = [ 1, 10, 12, 13, 19, 20, 26, 27, 29, 30]
    W3: [ 1,  2,  6, 10, 11, 13, 25, 26, 28, 30, 31] > [ 4,  7,  9, 14, 16, 17, 19, 20, 22, 23, 27]
    Truth table row=[=, >, =, >] ix=50 result=[23-] is correct

Test 23+:
    W0: [ 0,  2,  3,  8,  9, 10, 11, 15, 16, 19] = [ 1,  4,  5,  6,  7, 12, 13, 14, 17, 18]
    W1: [ 0,  2,  3, 12, 13, 14, 17, 18, 21, 22, 26, 27] < [ 1,  4,  5,  6, 11, 15, 16, 19, 20, 23, 24, 25]
    W2: [ 0,  4,  5,  6, 11, 17, 18, 21, 22, 28] = [ 1, 10, 12, 13, 19, 20, 26, 27, 29, 30]
    W3: [ 1,  2,  6, 10, 11, 13, 25, 26, 28, 30, 31] < [ 4,  7,  9, 14, 16, 17, 19, 20, 22, 23, 27]
    Truth table row=[=, <, =, <] ix=30 result=[23+] is correct

Test 24-:
    W0: [ 0,  2,  3,  8,  9, 10, 11, 15, 16, 19] = [ 1,  4,  5,  6,  7, 12, 13, 14, 17, 18]
    W1: [ 0,  2,  3, 12, 13, 14, 17, 18, 21, 22, 26, 27] > [ 1,  4,  5,  6, 11, 15, 16, 19, 20, 23, 24, 25]
    W2: [ 0,  4,  5,  6, 11, 17, 18, 21, 22, 28] = [ 1, 10, 12, 13, 19, 20, 26, 27, 29, 30]
    W3: [ 1,  2,  6, 10, 11, 13, 25, 26, 28, 30, 31] = [ 4,  7,  9, 14, 16, 17, 19, 20, 22, 23, 27]
    Truth table row=[=, >, =, =] ix=49 result=[24-] is correct

Test 24+:
    W0: [ 0,  2,  3,  8,  9, 10, 11, 15, 16, 19] = [ 1,  4,  5,  6,  7, 12, 13, 14, 17, 18]
    W1: [ 0,  2,  3, 12, 13, 14, 17, 18, 21, 22, 26, 27] < [ 1,  4,  5,  6, 11, 15, 16, 19, 20, 23, 24, 25]
    W2: [ 0,  4,  5,  6, 11, 17, 18, 21, 22, 28] = [ 1, 10, 12, 13, 19, 20, 26, 27, 29, 30]
    W3: [ 1,  2,  6, 10, 11, 13, 25, 26, 28, 30, 31] = [ 4,  7,  9, 14, 16, 17, 19, 20, 22, 23, 27]
    Truth table row=[=, <, =, =] ix=31 result=[24+] is correct

Test 25-:
    W0: [ 0,  2,  3,  8,  9, 10, 11, 15, 16, 19] = [ 1,  4,  5,  6,  7, 12, 13, 14, 17, 18]
    W1: [ 0,  2,  3, 12, 13, 14, 17, 18, 21, 22, 26, 27] > [ 1,  4,  5,  6, 11, 15, 16, 19, 20, 23, 24, 25]
    W2: [ 0,  4,  5,  6, 11, 17, 18, 21, 22, 28] = [ 1, 10, 12, 13, 19, 20, 26, 27, 29, 30]
    W3: [ 1,  2,  6, 10, 11, 13, 25, 26, 28, 30, 31] < [ 4,  7,  9, 14, 16, 17, 19, 20, 22, 23, 27]
    Truth table row=[=, >, =, <] ix=48 result=[25-] is correct

Test 25+:
    W0: [ 0,  2,  3,  8,  9, 10, 11, 15, 16, 19] = [ 1,  4,  5,  6,  7, 12, 13, 14, 17, 18]
    W1: [ 0,  2,  3, 12, 13, 14, 17, 18, 21, 22, 26, 27] < [ 1,  4,  5,  6, 11, 15, 16, 19, 20, 23, 24, 25]
    W2: [ 0,  4,  5,  6, 11, 17, 18, 21, 22, 28] = [ 1, 10, 12, 13, 19, 20, 26, 27, 29, 30]
    W3: [ 1,  2,  6, 10, 11, 13, 25, 26, 28, 30, 31] > [ 4,  7,  9, 14, 16, 17, 19, 20, 22, 23, 27]
    Truth table row=[=, <, =, >] ix=32 result=[25+] is correct

Test 26-:
    W0: [ 0,  2,  3,  8,  9, 10, 11, 15, 16, 19] = [ 1,  4,  5,  6,  7, 12, 13, 14, 17, 18]
    W1: [ 0,  2,  3, 12, 13, 14, 17, 18, 21, 22, 26, 27] < [ 1,  4,  5,  6, 11, 15, 16, 19, 20, 23, 24, 25]
    W2: [ 0,  4,  5,  6, 11, 17, 18, 21, 22, 28] > [ 1, 10, 12, 13, 19, 20, 26, 27, 29, 30]
    W3: [ 1,  2,  6, 10, 11, 13, 25, 26, 28, 30, 31] < [ 4,  7,  9, 14, 16, 17, 19, 20, 22, 23, 27]
    Truth table row=[=, <, >, <] ix=33 result=[26-] is correct

Test 26+:
    W0: [ 0,  2,  3,  8,  9, 10, 11, 15, 16, 19] = [ 1,  4,  5,  6,  7, 12, 13, 14, 17, 18]
    W1: [ 0,  2,  3, 12, 13, 14, 17, 18, 21, 22, 26, 27] > [ 1,  4,  5,  6, 11, 15, 16, 19, 20, 23, 24, 25]
    W2: [ 0,  4,  5,  6, 11, 17, 18, 21, 22, 28] < [ 1, 10, 12, 13, 19, 20, 26, 27, 29, 30]
    W3: [ 1,  2,  6, 10, 11, 13, 25, 26, 28, 30, 31] > [ 4,  7,  9, 14, 16, 17, 19, 20, 22, 23, 27]
    Truth table row=[=, >, <, >] ix=47 result=[26+] is correct

Test 27-:
    W0: [ 0,  2,  3,  8,  9, 10, 11, 15, 16, 19] = [ 1,  4,  5,  6,  7, 12, 13, 14, 17, 18]
    W1: [ 0,  2,  3, 12, 13, 14, 17, 18, 21, 22, 26, 27] < [ 1,  4,  5,  6, 11, 15, 16, 19, 20, 23, 24, 25]
    W2: [ 0,  4,  5,  6, 11, 17, 18, 21, 22, 28] > [ 1, 10, 12, 13, 19, 20, 26, 27, 29, 30]
    W3: [ 1,  2,  6, 10, 11, 13, 25, 26, 28, 30, 31] > [ 4,  7,  9, 14, 16, 17, 19, 20, 22, 23, 27]
    Truth table row=[=, <, >, >] ix=35 result=[27-] is correct

Test 27+:
    W0: [ 0,  2,  3,  8,  9, 10, 11, 15, 16, 19] = [ 1,  4,  5,  6,  7, 12, 13, 14, 17, 18]
    W1: [ 0,  2,  3, 12, 13, 14, 17, 18, 21, 22, 26, 27] > [ 1,  4,  5,  6, 11, 15, 16, 19, 20, 23, 24, 25]
    W2: [ 0,  4,  5,  6, 11, 17, 18, 21, 22, 28] < [ 1, 10, 12, 13, 19, 20, 26, 27, 29, 30]
    W3: [ 1,  2,  6, 10, 11, 13, 25, 26, 28, 30, 31] < [ 4,  7,  9, 14, 16, 17, 19, 20, 22, 23, 27]
    Truth table row=[=, >, <, <] ix=45 result=[27+] is correct

Test 28-:
    W0: [ 0,  2,  3,  8,  9, 10, 11, 15, 16, 19] = [ 1,  4,  5,  6,  7, 12, 13, 14, 17, 18]
    W1: [ 0,  2,  3, 12, 13, 14, 17, 18, 21, 22, 26, 27] = [ 1,  4,  5,  6, 11, 15, 16, 19, 20, 23, 24, 25]
    W2: [ 0,  4,  5,  6, 11, 17, 18, 21, 22, 28] < [ 1, 10, 12, 13, 19, 20, 26, 27, 29, 30]
    W3: [ 1,  2,  6, 10, 11, 13, 25, 26, 28, 30, 31] < [ 4,  7,  9, 14, 16, 17, 19, 20, 22, 23, 27]
    Truth table row=[=, =, <, <] ix=36 result=[28-] is correct

Test 28+:
    W0: [ 0,  2,  3,  8,  9, 10, 11, 15, 16, 19] = [ 1,  4,  5,  6,  7, 12, 13, 14, 17, 18]
    W1: [ 0,  2,  3, 12, 13, 14, 17, 18, 21, 22, 26, 27] = [ 1,  4,  5,  6, 11, 15, 16, 19, 20, 23, 24, 25]
    W2: [ 0,  4,  5,  6, 11, 17, 18, 21, 22, 28] > [ 1, 10, 12, 13, 19, 20, 26, 27, 29, 30]
    W3: [ 1,  2,  6, 10, 11, 13, 25, 26, 28, 30, 31] > [ 4,  7,  9, 14, 16, 17, 19, 20, 22, 23, 27]
    Truth table row=[=, =, >, >] ix=44 result=[28+] is correct

Test 29-:
    W0: [ 0,  2,  3,  8,  9, 10, 11, 15, 16, 19] = [ 1,  4,  5,  6,  7, 12, 13, 14, 17, 18]
    W1: [ 0,  2,  3, 12, 13, 14, 17, 18, 21, 22, 26, 27] = [ 1,  4,  5,  6, 11, 15, 16, 19, 20, 23, 24, 25]
    W2: [ 0,  4,  5,  6, 11, 17, 18, 21, 22, 28] > [ 1, 10, 12, 13, 19, 20, 26, 27, 29, 30]
    W3: [ 1,  2,  6, 10, 11, 13, 25, 26, 28, 30, 31] = [ 4,  7,  9, 14, 16, 17, 19, 20, 22, 23, 27]
    Truth table row=[=, =, >, =] ix=43 result=[29-] is correct

Test 29+:
    W0: [ 0,  2,  3,  8,  9, 10, 11, 15, 16, 19] = [ 1,  4,  5,  6,  7, 12, 13, 14, 17, 18]
    W1: [ 0,  2,  3, 12, 13, 14, 17, 18, 21, 22, 26, 27] = [ 1,  4,  5,  6, 11, 15, 16, 19, 20, 23, 24, 25]
    W2: [ 0,  4,  5,  6, 11, 17, 18, 21, 22, 28] < [ 1, 10, 12, 13, 19, 20, 26, 27, 29, 30]
    W3: [ 1,  2,  6, 10, 11, 13, 25, 26, 28, 30, 31] = [ 4,  7,  9, 14, 16, 17, 19, 20, 22, 23, 27]
    Truth table row=[=, =, <, =] ix=37 result=[29+] is correct

Test 30-:
    W0: [ 0,  2,  3,  8,  9, 10, 11, 15, 16, 19] = [ 1,  4,  5,  6,  7, 12, 13, 14, 17, 18]
    W1: [ 0,  2,  3, 12, 13, 14, 17, 18, 21, 22, 26, 27] = [ 1,  4,  5,  6, 11, 15, 16, 19, 20, 23, 24, 25]
    W2: [ 0,  4,  5,  6, 11, 17, 18, 21, 22, 28] > [ 1, 10, 12, 13, 19, 20, 26, 27, 29, 30]
    W3: [ 1,  2,  6, 10, 11, 13, 25, 26, 28, 30, 31] < [ 4,  7,  9, 14, 16, 17, 19, 20, 22, 23, 27]
    Truth table row=[=, =, >, <] ix=42 result=[30-] is correct

Test 30+:
    W0: [ 0,  2,  3,  8,  9, 10, 11, 15, 16, 19] = [ 1,  4,  5,  6,  7, 12, 13, 14, 17, 18]
    W1: [ 0,  2,  3, 12, 13, 14, 17, 18, 21, 22, 26, 27] = [ 1,  4,  5,  6, 11, 15, 16, 19, 20, 23, 24, 25]
    W2: [ 0,  4,  5,  6, 11, 17, 18, 21, 22, 28] < [ 1, 10, 12, 13, 19, 20, 26, 27, 29, 30]
    W3: [ 1,  2,  6, 10, 11, 13, 25, 26, 28, 30, 31] > [ 4,  7,  9, 14, 16, 17, 19, 20, 22, 23, 27]
    Truth table row=[=, =, <, >] ix=38 result=[30+] is correct

Test 31-:
    W0: [ 0,  2,  3,  8,  9, 10, 11, 15, 16, 19] = [ 1,  4,  5,  6,  7, 12, 13, 14, 17, 18]
    W1: [ 0,  2,  3, 12, 13, 14, 17, 18, 21, 22, 26, 27] = [ 1,  4,  5,  6, 11, 15, 16, 19, 20, 23, 24, 25]
    W2: [ 0,  4,  5,  6, 11, 17, 18, 21, 22, 28] = [ 1, 10, 12, 13, 19, 20, 26, 27, 29, 30]
    W3: [ 1,  2,  6, 10, 11, 13, 25, 26, 28, 30, 31] < [ 4,  7,  9, 14, 16, 17, 19, 20, 22, 23, 27]
    Truth table row=[=, =, =, <] ix=39 result=[31-] is correct

Test 31+:
    W0: [ 0,  2,  3,  8,  9, 10, 11, 15, 16, 19] = [ 1,  4,  5,  6,  7, 12, 13, 14, 17, 18]
    W1: [ 0,  2,  3, 12, 13, 14, 17, 18, 21, 22, 26, 27] = [ 1,  4,  5,  6, 11, 15, 16, 19, 20, 23, 24, 25]
    W2: [ 0,  4,  5,  6, 11, 17, 18, 21, 22, 28] = [ 1, 10, 12, 13, 19, 20, 26, 27, 29, 30]
    W3: [ 1,  2,  6, 10, 11, 13, 25, 26, 28, 30, 31] > [ 4,  7,  9, 14, 16, 17, 19, 20, 22, 23, 27]
    Truth table row=[=, =, =, >] ix=41 result=[31+] is correct

Total correct results: 64
Total incorrect results: 0
