Solving for 15 balls and 4 weighings

Solution:
W0: [ 0,  2] <=> [ 1,  3]
W1: [ 0,  2,  8, 13, 14] <=> [ 1,  4,  5,  9, 10]
W2: [ 0,  2,  4,  6, 13, 14] <=> [ 1,  3,  7,  8, 10, 12]
W3: [ 2,  3,  6,  7,  8] <=> [ 0,  9, 10, 11, 14]

Truth Table:
ix  W0  W1  W2  W3   Result
 0   <   <   <   <   2-
 1   <   <   <   =   1+
 2   <   <   <   >   0-
 3   <   <   =   <
 4   <   <   =   =
 5   <   <   =   >
 6   <   <   >   <
 7   <   <   >   =
 8   <   <   >   >
 9   <   =   <   <
10   <   =   <   =
11   <   =   <   >   3+
12   <   =   =   <
13   <   =   =   =
14   <   =   =   >
15   <   =   >   <
16   <   =   >   =
17   <   =   >   >
18   <   >   <   <
19   <   >   <   =
20   <   >   <   >
21   <   >   =   <
22   <   >   =   =
23   <   >   =   >
24   <   >   >   <
25   <   >   >   =
26   <   >   >   >
27   =   <   <   <   10+
28   =   <   <   =   13-
29   =   <   <   >   14-
30   =   <   =   <   9+
31   =   <   =   =   5+
32   =   <   =   >
33   =   <   >   <   8-
34   =   <   >   =   4+
35   =   <   >   >
36   =   =   <   <   6-
37   =   =   <   =   12+
38   =   =   <   >   7+
39   =   =   =   <   11+
40   =   =   =   =
41   =   =   =   >   11-
42   =   =   >   <   7-
43   =   =   >   =   12-
44   =   =   >   >   6+
45   =   >   <   <
46   =   >   <   =   4-
47   =   >   <   >   8+
48   =   >   =   <
49   =   >   =   =   5-
50   =   >   =   >   9-
51   =   >   >   <   14+
52   =   >   >   =   13+
53   =   >   >   >   10-
54   >   <   <   <
55   >   <   <   =
56   >   <   <   >
57   >   <   =   <
58   >   <   =   =
59   >   <   =   >
60   >   <   >   <
61   >   <   >   =
62   >   <   >   >
63   >   =   <   <
64   >   =   <   =
65   >   =   <   >
66   >   =   =   <
67   >   =   =   =
68   >   =   =   >
69   >   =   >   <   3-
70   >   =   >   =
71   >   =   >   >
72   >   >   <   <
73   >   >   <   =
74   >   >   <   >
75   >   >   =   <
76   >   >   =   =
77   >   >   =   >
78   >   >   >   <   0+
79   >   >   >   =   1-
80   >   >   >   >   2+

Test 0-:
    W0: [ 0,  2] < [ 1,  3]
    W1: [ 0,  2,  8, 13, 14] < [ 1,  4,  5,  9, 10]
    W2: [ 0,  2,  4,  6, 13, 14] < [ 1,  3,  7,  8, 10, 12]
    W3: [ 2,  3,  6,  7,  8] > [ 0,  9, 10, 11, 14]
    Truth table result: ['0-'] is correct

Test 0+:
    W0: [ 0,  2] > [ 1,  3]
    W1: [ 0,  2,  8, 13, 14] > [ 1,  4,  5,  9, 10]
    W2: [ 0,  2,  4,  6, 13, 14] > [ 1,  3,  7,  8, 10, 12]
    W3: [ 2,  3,  6,  7,  8] < [ 0,  9, 10, 11, 14]
    Truth table result: ['0+'] is correct

Test 1-:
    W0: [ 0,  2] > [ 1,  3]
    W1: [ 0,  2,  8, 13, 14] > [ 1,  4,  5,  9, 10]
    W2: [ 0,  2,  4,  6, 13, 14] > [ 1,  3,  7,  8, 10, 12]
    W3: [ 2,  3,  6,  7,  8] = [ 0,  9, 10, 11, 14]
    Truth table result: ['1-'] is correct

Test 1+:
    W0: [ 0,  2] < [ 1,  3]
    W1: [ 0,  2,  8, 13, 14] < [ 1,  4,  5,  9, 10]
    W2: [ 0,  2,  4,  6, 13, 14] < [ 1,  3,  7,  8, 10, 12]
    W3: [ 2,  3,  6,  7,  8] = [ 0,  9, 10, 11, 14]
    Truth table result: ['1+'] is correct

Test 2-:
    W0: [ 0,  2] < [ 1,  3]
    W1: [ 0,  2,  8, 13, 14] < [ 1,  4,  5,  9, 10]
    W2: [ 0,  2,  4,  6, 13, 14] < [ 1,  3,  7,  8, 10, 12]
    W3: [ 2,  3,  6,  7,  8] < [ 0,  9, 10, 11, 14]
    Truth table result: ['2-'] is correct

Test 2+:
    W0: [ 0,  2] > [ 1,  3]
    W1: [ 0,  2,  8, 13, 14] > [ 1,  4,  5,  9, 10]
    W2: [ 0,  2,  4,  6, 13, 14] > [ 1,  3,  7,  8, 10, 12]
    W3: [ 2,  3,  6,  7,  8] > [ 0,  9, 10, 11, 14]
    Truth table result: ['2+'] is correct

Test 3-:
    W0: [ 0,  2] > [ 1,  3]
    W1: [ 0,  2,  8, 13, 14] = [ 1,  4,  5,  9, 10]
    W2: [ 0,  2,  4,  6, 13, 14] > [ 1,  3,  7,  8, 10, 12]
    W3: [ 2,  3,  6,  7,  8] < [ 0,  9, 10, 11, 14]
    Truth table result: ['3-'] is correct

Test 3+:
    W0: [ 0,  2] < [ 1,  3]
    W1: [ 0,  2,  8, 13, 14] = [ 1,  4,  5,  9, 10]
    W2: [ 0,  2,  4,  6, 13, 14] < [ 1,  3,  7,  8, 10, 12]
    W3: [ 2,  3,  6,  7,  8] > [ 0,  9, 10, 11, 14]
    Truth table result: ['3+'] is correct

Test 4-:
    W0: [ 0,  2] = [ 1,  3]
    W1: [ 0,  2,  8, 13, 14] > [ 1,  4,  5,  9, 10]
    W2: [ 0,  2,  4,  6, 13, 14] < [ 1,  3,  7,  8, 10, 12]
    W3: [ 2,  3,  6,  7,  8] = [ 0,  9, 10, 11, 14]
    Truth table result: ['4-'] is correct

Test 4+:
    W0: [ 0,  2] = [ 1,  3]
    W1: [ 0,  2,  8, 13, 14] < [ 1,  4,  5,  9, 10]
    W2: [ 0,  2,  4,  6, 13, 14] > [ 1,  3,  7,  8, 10, 12]
    W3: [ 2,  3,  6,  7,  8] = [ 0,  9, 10, 11, 14]
    Truth table result: ['4+'] is correct

Test 5-:
    W0: [ 0,  2] = [ 1,  3]
    W1: [ 0,  2,  8, 13, 14] > [ 1,  4,  5,  9, 10]
    W2: [ 0,  2,  4,  6, 13, 14] = [ 1,  3,  7,  8, 10, 12]
    W3: [ 2,  3,  6,  7,  8] = [ 0,  9, 10, 11, 14]
    Truth table result: ['5-'] is correct

Test 5+:
    W0: [ 0,  2] = [ 1,  3]
    W1: [ 0,  2,  8, 13, 14] < [ 1,  4,  5,  9, 10]
    W2: [ 0,  2,  4,  6, 13, 14] = [ 1,  3,  7,  8, 10, 12]
    W3: [ 2,  3,  6,  7,  8] = [ 0,  9, 10, 11, 14]
    Truth table result: ['5+'] is correct

Test 6-:
    W0: [ 0,  2] = [ 1,  3]
    W1: [ 0,  2,  8, 13, 14] = [ 1,  4,  5,  9, 10]
    W2: [ 0,  2,  4,  6, 13, 14] < [ 1,  3,  7,  8, 10, 12]
    W3: [ 2,  3,  6,  7,  8] < [ 0,  9, 10, 11, 14]
    Truth table result: ['6-'] is correct

Test 6+:
    W0: [ 0,  2] = [ 1,  3]
    W1: [ 0,  2,  8, 13, 14] = [ 1,  4,  5,  9, 10]
    W2: [ 0,  2,  4,  6, 13, 14] > [ 1,  3,  7,  8, 10, 12]
    W3: [ 2,  3,  6,  7,  8] > [ 0,  9, 10, 11, 14]
    Truth table result: ['6+'] is correct

Test 7-:
    W0: [ 0,  2] = [ 1,  3]
    W1: [ 0,  2,  8, 13, 14] = [ 1,  4,  5,  9, 10]
    W2: [ 0,  2,  4,  6, 13, 14] > [ 1,  3,  7,  8, 10, 12]
    W3: [ 2,  3,  6,  7,  8] < [ 0,  9, 10, 11, 14]
    Truth table result: ['7-'] is correct

Test 7+:
    W0: [ 0,  2] = [ 1,  3]
    W1: [ 0,  2,  8, 13, 14] = [ 1,  4,  5,  9, 10]
    W2: [ 0,  2,  4,  6, 13, 14] < [ 1,  3,  7,  8, 10, 12]
    W3: [ 2,  3,  6,  7,  8] > [ 0,  9, 10, 11, 14]
    Truth table result: ['7+'] is correct

Test 8-:
    W0: [ 0,  2] = [ 1,  3]
    W1: [ 0,  2,  8, 13, 14] < [ 1,  4,  5,  9, 10]
    W2: [ 0,  2,  4,  6, 13, 14] > [ 1,  3,  7,  8, 10, 12]
    W3: [ 2,  3,  6,  7,  8] < [ 0,  9, 10, 11, 14]
    Truth table result: ['8-'] is correct

Test 8+:
    W0: [ 0,  2] = [ 1,  3]
    W1: [ 0,  2,  8, 13, 14] > [ 1,  4,  5,  9, 10]
    W2: [ 0,  2,  4,  6, 13, 14] < [ 1,  3,  7,  8, 10, 12]
    W3: [ 2,  3,  6,  7,  8] > [ 0,  9, 10, 11, 14]
    Truth table result: ['8+'] is correct

Test 9-:
    W0: [ 0,  2] = [ 1,  3]
    W1: [ 0,  2,  8, 13, 14] > [ 1,  4,  5,  9, 10]
    W2: [ 0,  2,  4,  6, 13, 14] = [ 1,  3,  7,  8, 10, 12]
    W3: [ 2,  3,  6,  7,  8] > [ 0,  9, 10, 11, 14]
    Truth table result: ['9-'] is correct

Test 9+:
    W0: [ 0,  2] = [ 1,  3]
    W1: [ 0,  2,  8, 13, 14] < [ 1,  4,  5,  9, 10]
    W2: [ 0,  2,  4,  6, 13, 14] = [ 1,  3,  7,  8, 10, 12]
    W3: [ 2,  3,  6,  7,  8] < [ 0,  9, 10, 11, 14]
    Truth table result: ['9+'] is correct

Test 10-:
    W0: [ 0,  2] = [ 1,  3]
    W1: [ 0,  2,  8, 13, 14] > [ 1,  4,  5,  9, 10]
    W2: [ 0,  2,  4,  6, 13, 14] > [ 1,  3,  7,  8, 10, 12]
    W3: [ 2,  3,  6,  7,  8] > [ 0,  9, 10, 11, 14]
    Truth table result: ['10-'] is correct

Test 10+:
    W0: [ 0,  2] = [ 1,  3]
    W1: [ 0,  2,  8, 13, 14] < [ 1,  4,  5,  9, 10]
    W2: [ 0,  2,  4,  6, 13, 14] < [ 1,  3,  7,  8, 10, 12]
    W3: [ 2,  3,  6,  7,  8] < [ 0,  9, 10, 11, 14]
    Truth table result: ['10+'] is correct

Test 11-:
    W0: [ 0,  2] = [ 1,  3]
    W1: [ 0,  2,  8, 13, 14] = [ 1,  4,  5,  9, 10]
    W2: [ 0,  2,  4,  6, 13, 14] = [ 1,  3,  7,  8, 10, 12]
    W3: [ 2,  3,  6,  7,  8] > [ 0,  9, 10, 11, 14]
    Truth table result: ['11-'] is correct

Test 11+:
    W0: [ 0,  2] = [ 1,  3]
    W1: [ 0,  2,  8, 13, 14] = [ 1,  4,  5,  9, 10]
    W2: [ 0,  2,  4,  6, 13, 14] = [ 1,  3,  7,  8, 10, 12]
    W3: [ 2,  3,  6,  7,  8] < [ 0,  9, 10, 11, 14]
    Truth table result: ['11+'] is correct

Test 12-:
    W0: [ 0,  2] = [ 1,  3]
    W1: [ 0,  2,  8, 13, 14] = [ 1,  4,  5,  9, 10]
    W2: [ 0,  2,  4,  6, 13, 14] > [ 1,  3,  7,  8, 10, 12]
    W3: [ 2,  3,  6,  7,  8] = [ 0,  9, 10, 11, 14]
    Truth table result: ['12-'] is correct

Test 12+:
    W0: [ 0,  2] = [ 1,  3]
    W1: [ 0,  2,  8, 13, 14] = [ 1,  4,  5,  9, 10]
    W2: [ 0,  2,  4,  6, 13, 14] < [ 1,  3,  7,  8, 10, 12]
    W3: [ 2,  3,  6,  7,  8] = [ 0,  9, 10, 11, 14]
    Truth table result: ['12+'] is correct

Test 13-:
    W0: [ 0,  2] = [ 1,  3]
    W1: [ 0,  2,  8, 13, 14] < [ 1,  4,  5,  9, 10]
    W2: [ 0,  2,  4,  6, 13, 14] < [ 1,  3,  7,  8, 10, 12]
    W3: [ 2,  3,  6,  7,  8] = [ 0,  9, 10, 11, 14]
    Truth table result: ['13-'] is correct

Test 13+:
    W0: [ 0,  2] = [ 1,  3]
    W1: [ 0,  2,  8, 13, 14] > [ 1,  4,  5,  9, 10]
    W2: [ 0,  2,  4,  6, 13, 14] > [ 1,  3,  7,  8, 10, 12]
    W3: [ 2,  3,  6,  7,  8] = [ 0,  9, 10, 11, 14]
    Truth table result: ['13+'] is correct

Test 14-:
    W0: [ 0,  2] = [ 1,  3]
    W1: [ 0,  2,  8, 13, 14] < [ 1,  4,  5,  9, 10]
    W2: [ 0,  2,  4,  6, 13, 14] < [ 1,  3,  7,  8, 10, 12]
    W3: [ 2,  3,  6,  7,  8] > [ 0,  9, 10, 11, 14]
    Truth table result: ['14-'] is correct

Test 14+:
    W0: [ 0,  2] = [ 1,  3]
    W1: [ 0,  2,  8, 13, 14] > [ 1,  4,  5,  9, 10]
    W2: [ 0,  2,  4,  6, 13, 14] > [ 1,  3,  7,  8, 10, 12]
    W3: [ 2,  3,  6,  7,  8] < [ 0,  9, 10, 11, 14]
    Truth table result: ['14+'] is correct

Total correct results: 30
Total incorrect results: 0
