Solving for 53 balls and 5 weighings.

Solution:
W0: [15, 16, 17, 18, 20, 22, 23, 26, 27, 28, 31, 33, 34, 37, 45, 47, 48, 50, 52] <=> [19, 21, 24, 25, 29, 30, 32, 35, 36, 38, 39, 40, 41, 42, 43, 44, 46, 49, 51]
W1: [ 7,  9, 10, 11, 12, 13, 14, 19, 21, 24, 25, 45, 47, 48, 50, 52] <=> [ 8, 15, 16, 17, 18, 20, 22, 23, 26, 27, 42, 43, 44, 46, 49, 51]
W2: [ 5,  6, 13, 14, 22, 23, 26, 27, 29, 30, 32, 42, 43, 50, 52] <=> [ 4,  7, 15, 16, 17, 24, 25, 28, 31, 33, 34, 39, 40, 41, 51]
W3: [ 1,  4,  7,  8, 12, 17, 26, 27, 29, 30, 33, 34, 35, 36, 39, 40, 44, 52] <=> [ 2,  3,  5,  6,  9, 10, 13, 15, 16, 18, 21, 22, 23, 28, 38, 43, 45, 49]
W4: [ 0,  4,  6,  8, 10, 11, 17, 20, 23, 24, 27, 35, 39, 42, 43, 45, 46, 48] <=> [ 1,  3,  7, 13, 14, 15, 21, 22, 28, 30, 31, 33, 36, 38, 40, 41, 51, 52]

Truth Table:
ix  W0  W1  W2  W3  W4   Result
 0   <   <   <   <   <    
 1   <   <   <   <   =    
 2   <   <   <   <   >   52-
 3   <   <   <   =   <   51+
 4   <   <   <   =   =   50-
 5   <   <   <   =   >    
 6   <   <   <   >   <    
 7   <   <   <   >   =    
 8   <   <   <   >   >    
 9   <   <   =   <   <    
10   <   <   =   <   =   49+
11   <   <   =   <   >    
12   <   <   =   =   <   48-
13   <   <   =   =   =   47-
14   <   <   =   =   >   46+
15   <   <   =   >   <   45-
16   <   <   =   >   =   44+
17   <   <   =   >   >    
18   <   <   >   <   <    
19   <   <   >   <   =    
20   <   <   >   <   >   43+
21   <   <   >   =   <    
22   <   <   >   =   =    
23   <   <   >   =   >   42+
24   <   <   >   >   <    
25   <   <   >   >   =    
26   <   <   >   >   >    
27   <   =   <   <   <    
28   <   =   <   <   =    
29   <   =   <   <   >    
30   <   =   <   =   <   41+
31   <   =   <   =   =    
32   <   =   <   =   >    
33   <   =   <   >   <   40+
34   <   =   <   >   =    
35   <   =   <   >   >   39+
36   <   =   =   <   <   38+
37   <   =   =   <   =    
38   <   =   =   <   >    
39   <   =   =   =   <    
40   <   =   =   =   =   37-
41   <   =   =   =   >    
42   <   =   =   >   <   36+
43   <   =   =   >   =    
44   <   =   =   >   >   35+
45   <   =   >   <   <    
46   <   =   >   <   =   34-
47   <   =   >   <   >   33-
48   <   =   >   =   <    
49   <   =   >   =   =   32+
50   <   =   >   =   >   31-
51   <   =   >   >   <   30+
52   <   =   >   >   =   29+
53   <   =   >   >   >   28-
54   <   >   <   <   <   27-
55   <   >   <   <   =   26-
56   <   >   <   <   >    
57   <   >   <   =   <    
58   <   >   <   =   =   25+
59   <   >   <   =   >   24+
60   <   >   <   >   <   23-
61   <   >   <   >   =    
62   <   >   <   >   >   22-
63   <   >   =   <   <   21+
64   <   >   =   <   =    
65   <   >   =   <   >    
66   <   >   =   =   <   20-
67   <   >   =   =   =   19+
68   <   >   =   =   >    
69   <   >   =   >   <    
70   <   >   =   >   =   18-
71   <   >   =   >   >    
72   <   >   >   <   <   17-
73   <   >   >   <   =    
74   <   >   >   <   >    
75   <   >   >   =   <    
76   <   >   >   =   =    
77   <   >   >   =   >    
78   <   >   >   >   <    
79   <   >   >   >   =   16-
80   <   >   >   >   >   15-
81   =   <   <   <   <    
82   =   <   <   <   =    
83   =   <   <   <   >    
84   =   <   <   =   <    
85   =   <   <   =   =    
86   =   <   <   =   >   14-
87   =   <   <   >   <    
88   =   <   <   >   =    
89   =   <   <   >   >   13-
90   =   <   =   <   <    
91   =   <   =   <   =   12-
92   =   <   =   <   >    
93   =   <   =   =   <   11-
94   =   <   =   =   =    
95   =   <   =   =   >    
96   =   <   =   >   <   10-
97   =   <   =   >   =   9-
98   =   <   =   >   >   8+
99   =   <   >   <   <    
100   =   <   >   <   =    
101   =   <   >   <   >   7-
102   =   <   >   =   <    
103   =   <   >   =   =    
104   =   <   >   =   >    
105   =   <   >   >   <    
106   =   <   >   >   =    
107   =   <   >   >   >    
108   =   =   <   <   <    
109   =   =   <   <   =    
110   =   =   <   <   >    
111   =   =   <   =   <    
112   =   =   <   =   =    
113   =   =   <   =   >    
114   =   =   <   >   <   6-
115   =   =   <   >   =   5-
116   =   =   <   >   >   4+
117   =   =   =   <   <   3+
118   =   =   =   <   =   2+
119   =   =   =   <   >   1-
120   =   =   =   =   <   0-
121   =   =   =   =   =    
122   =   =   =   =   >   0+
123   =   =   =   >   <   1+
124   =   =   =   >   =   2-
125   =   =   =   >   >   3-
126   =   =   >   <   <   4-
127   =   =   >   <   =   5+
128   =   =   >   <   >   6+
129   =   =   >   =   <    
130   =   =   >   =   =    
131   =   =   >   =   >    
132   =   =   >   >   <    
133   =   =   >   >   =    
134   =   =   >   >   >    
135   =   >   <   <   <    
136   =   >   <   <   =    
137   =   >   <   <   >    
138   =   >   <   =   <    
139   =   >   <   =   =    
140   =   >   <   =   >    
141   =   >   <   >   <   7+
142   =   >   <   >   =    
143   =   >   <   >   >    
144   =   >   =   <   <   8-
145   =   >   =   <   =   9+
146   =   >   =   <   >   10+
147   =   >   =   =   <    
148   =   >   =   =   =    
149   =   >   =   =   >   11+
150   =   >   =   >   <    
151   =   >   =   >   =   12+
152   =   >   =   >   >    
153   =   >   >   <   <   13+
154   =   >   >   <   =    
155   =   >   >   <   >    
156   =   >   >   =   <   14+
157   =   >   >   =   =    
158   =   >   >   =   >    
159   =   >   >   >   <    
160   =   >   >   >   =    
161   =   >   >   >   >    
162   >   <   <   <   <   15+
163   >   <   <   <   =   16+
164   >   <   <   <   >    
165   >   <   <   =   <    
166   >   <   <   =   =    
167   >   <   <   =   >    
168   >   <   <   >   <    
169   >   <   <   >   =    
170   >   <   <   >   >   17+
171   >   <   =   <   <    
172   >   <   =   <   =   18+
173   >   <   =   <   >    
174   >   <   =   =   <    
175   >   <   =   =   =   19-
176   >   <   =   =   >   20+
177   >   <   =   >   <    
178   >   <   =   >   =    
179   >   <   =   >   >   21-
180   >   <   >   <   <   22+
181   >   <   >   <   =    
182   >   <   >   <   >   23+
183   >   <   >   =   <   24-
184   >   <   >   =   =   25-
185   >   <   >   =   >    
186   >   <   >   >   <    
187   >   <   >   >   =   26+
188   >   <   >   >   >   27+
189   >   =   <   <   <   28+
190   >   =   <   <   =   29-
191   >   =   <   <   >   30-
192   >   =   <   =   <   31+
193   >   =   <   =   =   32-
194   >   =   <   =   >    
195   >   =   <   >   <   33+
196   >   =   <   >   =   34+
197   >   =   <   >   >    
198   >   =   =   <   <   35-
199   >   =   =   <   =    
200   >   =   =   <   >   36-
201   >   =   =   =   <    
202   >   =   =   =   =   37+
203   >   =   =   =   >    
204   >   =   =   >   <    
205   >   =   =   >   =    
206   >   =   =   >   >   38-
207   >   =   >   <   <   39-
208   >   =   >   <   =    
209   >   =   >   <   >   40-
210   >   =   >   =   <    
211   >   =   >   =   =    
212   >   =   >   =   >   41-
213   >   =   >   >   <    
214   >   =   >   >   =    
215   >   =   >   >   >    
216   >   >   <   <   <    
217   >   >   <   <   =    
218   >   >   <   <   >    
219   >   >   <   =   <   42-
220   >   >   <   =   =    
221   >   >   <   =   >    
222   >   >   <   >   <   43-
223   >   >   <   >   =    
224   >   >   <   >   >    
225   >   >   =   <   <    
226   >   >   =   <   =   44-
227   >   >   =   <   >   45+
228   >   >   =   =   <   46-
229   >   >   =   =   =   47+
230   >   >   =   =   >   48+
231   >   >   =   >   <    
232   >   >   =   >   =   49-
233   >   >   =   >   >    
234   >   >   >   <   <    
235   >   >   >   <   =    
236   >   >   >   <   >    
237   >   >   >   =   <    
238   >   >   >   =   =   50+
239   >   >   >   =   >   51-
240   >   >   >   >   <   52+
241   >   >   >   >   =    
242   >   >   >   >   >    

Test 52-:
    W0: [15, 16, 17, 18, 20, 22, 23, 26, 27, 28, 31, 33, 34, 37, 45, 47, 48, 50, 52] < [19, 21, 24, 25, 29, 30, 32, 35, 36, 38, 39, 40, 41, 42, 43, 44, 46, 49, 51]
    W1: [ 7,  9, 10, 11, 12, 13, 14, 19, 21, 24, 25, 45, 47, 48, 50, 52] < [ 8, 15, 16, 17, 18, 20, 22, 23, 26, 27, 42, 43, 44, 46, 49, 51]
    W2: [ 5,  6, 13, 14, 22, 23, 26, 27, 29, 30, 32, 42, 43, 50, 52] < [ 4,  7, 15, 16, 17, 24, 25, 28, 31, 33, 34, 39, 40, 41, 51]
    W3: [ 1,  4,  7,  8, 12, 17, 26, 27, 29, 30, 33, 34, 35, 36, 39, 40, 44, 52] < [ 2,  3,  5,  6,  9, 10, 13, 15, 16, 18, 21, 22, 23, 28, 38, 43, 45, 49]
    W4: [ 0,  4,  6,  8, 10, 11, 17, 20, 23, 24, 27, 35, 39, 42, 43, 45, 46, 48] > [ 1,  3,  7, 13, 14, 15, 21, 22, 28, 30, 31, 33, 36, 38, 40, 41, 51, 52]
    Truth table row=[<, <, <, <, >] ix=2 result=52- is correct

Test 51-:
    W0: [15, 16, 17, 18, 20, 22, 23, 26, 27, 28, 31, 33, 34, 37, 45, 47, 48, 50, 52] > [19, 21, 24, 25, 29, 30, 32, 35, 36, 38, 39, 40, 41, 42, 43, 44, 46, 49, 51]
    W1: [ 7,  9, 10, 11, 12, 13, 14, 19, 21, 24, 25, 45, 47, 48, 50, 52] > [ 8, 15, 16, 17, 18, 20, 22, 23, 26, 27, 42, 43, 44, 46, 49, 51]
    W2: [ 5,  6, 13, 14, 22, 23, 26, 27, 29, 30, 32, 42, 43, 50, 52] > [ 4,  7, 15, 16, 17, 24, 25, 28, 31, 33, 34, 39, 40, 41, 51]
    W3: [ 1,  4,  7,  8, 12, 17, 26, 27, 29, 30, 33, 34, 35, 36, 39, 40, 44, 52] = [ 2,  3,  5,  6,  9, 10, 13, 15, 16, 18, 21, 22, 23, 28, 38, 43, 45, 49]
    W4: [ 0,  4,  6,  8, 10, 11, 17, 20, 23, 24, 27, 35, 39, 42, 43, 45, 46, 48] > [ 1,  3,  7, 13, 14, 15, 21, 22, 28, 30, 31, 33, 36, 38, 40, 41, 51, 52]
    Truth table row=[>, >, >, =, >] ix=239 result=51- is correct

Test 50-:
    W0: [15, 16, 17, 18, 20, 22, 23, 26, 27, 28, 31, 33, 34, 37, 45, 47, 48, 50, 52] < [19, 21, 24, 25, 29, 30, 32, 35, 36, 38, 39, 40, 41, 42, 43, 44, 46, 49, 51]
    W1: [ 7,  9, 10, 11, 12, 13, 14, 19, 21, 24, 25, 45, 47, 48, 50, 52] < [ 8, 15, 16, 17, 18, 20, 22, 23, 26, 27, 42, 43, 44, 46, 49, 51]
    W2: [ 5,  6, 13, 14, 22, 23, 26, 27, 29, 30, 32, 42, 43, 50, 52] < [ 4,  7, 15, 16, 17, 24, 25, 28, 31, 33, 34, 39, 40, 41, 51]
    W3: [ 1,  4,  7,  8, 12, 17, 26, 27, 29, 30, 33, 34, 35, 36, 39, 40, 44, 52] = [ 2,  3,  5,  6,  9, 10, 13, 15, 16, 18, 21, 22, 23, 28, 38, 43, 45, 49]
    W4: [ 0,  4,  6,  8, 10, 11, 17, 20, 23, 24, 27, 35, 39, 42, 43, 45, 46, 48] = [ 1,  3,  7, 13, 14, 15, 21, 22, 28, 30, 31, 33, 36, 38, 40, 41, 51, 52]
    Truth table row=[<, <, <, =, =] ix=4 result=50- is correct

Test 49-:
    W0: [15, 16, 17, 18, 20, 22, 23, 26, 27, 28, 31, 33, 34, 37, 45, 47, 48, 50, 52] > [19, 21, 24, 25, 29, 30, 32, 35, 36, 38, 39, 40, 41, 42, 43, 44, 46, 49, 51]
    W1: [ 7,  9, 10, 11, 12, 13, 14, 19, 21, 24, 25, 45, 47, 48, 50, 52] > [ 8, 15, 16, 17, 18, 20, 22, 23, 26, 27, 42, 43, 44, 46, 49, 51]
    W2: [ 5,  6, 13, 14, 22, 23, 26, 27, 29, 30, 32, 42, 43, 50, 52] = [ 4,  7, 15, 16, 17, 24, 25, 28, 31, 33, 34, 39, 40, 41, 51]
    W3: [ 1,  4,  7,  8, 12, 17, 26, 27, 29, 30, 33, 34, 35, 36, 39, 40, 44, 52] > [ 2,  3,  5,  6,  9, 10, 13, 15, 16, 18, 21, 22, 23, 28, 38, 43, 45, 49]
    W4: [ 0,  4,  6,  8, 10, 11, 17, 20, 23, 24, 27, 35, 39, 42, 43, 45, 46, 48] = [ 1,  3,  7, 13, 14, 15, 21, 22, 28, 30, 31, 33, 36, 38, 40, 41, 51, 52]
    Truth table row=[>, >, =, >, =] ix=232 result=49- is correct

Test 48-:
    W0: [15, 16, 17, 18, 20, 22, 23, 26, 27, 28, 31, 33, 34, 37, 45, 47, 48, 50, 52] < [19, 21, 24, 25, 29, 30, 32, 35, 36, 38, 39, 40, 41, 42, 43, 44, 46, 49, 51]
    W1: [ 7,  9, 10, 11, 12, 13, 14, 19, 21, 24, 25, 45, 47, 48, 50, 52] < [ 8, 15, 16, 17, 18, 20, 22, 23, 26, 27, 42, 43, 44, 46, 49, 51]
    W2: [ 5,  6, 13, 14, 22, 23, 26, 27, 29, 30, 32, 42, 43, 50, 52] = [ 4,  7, 15, 16, 17, 24, 25, 28, 31, 33, 34, 39, 40, 41, 51]
    W3: [ 1,  4,  7,  8, 12, 17, 26, 27, 29, 30, 33, 34, 35, 36, 39, 40, 44, 52] = [ 2,  3,  5,  6,  9, 10, 13, 15, 16, 18, 21, 22, 23, 28, 38, 43, 45, 49]
    W4: [ 0,  4,  6,  8, 10, 11, 17, 20, 23, 24, 27, 35, 39, 42, 43, 45, 46, 48] < [ 1,  3,  7, 13, 14, 15, 21, 22, 28, 30, 31, 33, 36, 38, 40, 41, 51, 52]
    Truth table row=[<, <, =, =, <] ix=12 result=48- is correct

Test 47-:
    W0: [15, 16, 17, 18, 20, 22, 23, 26, 27, 28, 31, 33, 34, 37, 45, 47, 48, 50, 52] < [19, 21, 24, 25, 29, 30, 32, 35, 36, 38, 39, 40, 41, 42, 43, 44, 46, 49, 51]
    W1: [ 7,  9, 10, 11, 12, 13, 14, 19, 21, 24, 25, 45, 47, 48, 50, 52] < [ 8, 15, 16, 17, 18, 20, 22, 23, 26, 27, 42, 43, 44, 46, 49, 51]
    W2: [ 5,  6, 13, 14, 22, 23, 26, 27, 29, 30, 32, 42, 43, 50, 52] = [ 4,  7, 15, 16, 17, 24, 25, 28, 31, 33, 34, 39, 40, 41, 51]
    W3: [ 1,  4,  7,  8, 12, 17, 26, 27, 29, 30, 33, 34, 35, 36, 39, 40, 44, 52] = [ 2,  3,  5,  6,  9, 10, 13, 15, 16, 18, 21, 22, 23, 28, 38, 43, 45, 49]
    W4: [ 0,  4,  6,  8, 10, 11, 17, 20, 23, 24, 27, 35, 39, 42, 43, 45, 46, 48] = [ 1,  3,  7, 13, 14, 15, 21, 22, 28, 30, 31, 33, 36, 38, 40, 41, 51, 52]
    Truth table row=[<, <, =, =, =] ix=13 result=47- is correct

Test 46-:
    W0: [15, 16, 17, 18, 20, 22, 23, 26, 27, 28, 31, 33, 34, 37, 45, 47, 48, 50, 52] > [19, 21, 24, 25, 29, 30, 32, 35, 36, 38, 39, 40, 41, 42, 43, 44, 46, 49, 51]
    W1: [ 7,  9, 10, 11, 12, 13, 14, 19, 21, 24, 25, 45, 47, 48, 50, 52] > [ 8, 15, 16, 17, 18, 20, 22, 23, 26, 27, 42, 43, 44, 46, 49, 51]
    W2: [ 5,  6, 13, 14, 22, 23, 26, 27, 29, 30, 32, 42, 43, 50, 52] = [ 4,  7, 15, 16, 17, 24, 25, 28, 31, 33, 34, 39, 40, 41, 51]
    W3: [ 1,  4,  7,  8, 12, 17, 26, 27, 29, 30, 33, 34, 35, 36, 39, 40, 44, 52] = [ 2,  3,  5,  6,  9, 10, 13, 15, 16, 18, 21, 22, 23, 28, 38, 43, 45, 49]
    W4: [ 0,  4,  6,  8, 10, 11, 17, 20, 23, 24, 27, 35, 39, 42, 43, 45, 46, 48] < [ 1,  3,  7, 13, 14, 15, 21, 22, 28, 30, 31, 33, 36, 38, 40, 41, 51, 52]
    Truth table row=[>, >, =, =, <] ix=228 result=46- is correct

Test 45-:
    W0: [15, 16, 17, 18, 20, 22, 23, 26, 27, 28, 31, 33, 34, 37, 45, 47, 48, 50, 52] < [19, 21, 24, 25, 29, 30, 32, 35, 36, 38, 39, 40, 41, 42, 43, 44, 46, 49, 51]
    W1: [ 7,  9, 10, 11, 12, 13, 14, 19, 21, 24, 25, 45, 47, 48, 50, 52] < [ 8, 15, 16, 17, 18, 20, 22, 23, 26, 27, 42, 43, 44, 46, 49, 51]
    W2: [ 5,  6, 13, 14, 22, 23, 26, 27, 29, 30, 32, 42, 43, 50, 52] = [ 4,  7, 15, 16, 17, 24, 25, 28, 31, 33, 34, 39, 40, 41, 51]
    W3: [ 1,  4,  7,  8, 12, 17, 26, 27, 29, 30, 33, 34, 35, 36, 39, 40, 44, 52] > [ 2,  3,  5,  6,  9, 10, 13, 15, 16, 18, 21, 22, 23, 28, 38, 43, 45, 49]
    W4: [ 0,  4,  6,  8, 10, 11, 17, 20, 23, 24, 27, 35, 39, 42, 43, 45, 46, 48] < [ 1,  3,  7, 13, 14, 15, 21, 22, 28, 30, 31, 33, 36, 38, 40, 41, 51, 52]
    Truth table row=[<, <, =, >, <] ix=15 result=45- is correct

Test 44-:
    W0: [15, 16, 17, 18, 20, 22, 23, 26, 27, 28, 31, 33, 34, 37, 45, 47, 48, 50, 52] > [19, 21, 24, 25, 29, 30, 32, 35, 36, 38, 39, 40, 41, 42, 43, 44, 46, 49, 51]
    W1: [ 7,  9, 10, 11, 12, 13, 14, 19, 21, 24, 25, 45, 47, 48, 50, 52] > [ 8, 15, 16, 17, 18, 20, 22, 23, 26, 27, 42, 43, 44, 46, 49, 51]
    W2: [ 5,  6, 13, 14, 22, 23, 26, 27, 29, 30, 32, 42, 43, 50, 52] = [ 4,  7, 15, 16, 17, 24, 25, 28, 31, 33, 34, 39, 40, 41, 51]
    W3: [ 1,  4,  7,  8, 12, 17, 26, 27, 29, 30, 33, 34, 35, 36, 39, 40, 44, 52] < [ 2,  3,  5,  6,  9, 10, 13, 15, 16, 18, 21, 22, 23, 28, 38, 43, 45, 49]
    W4: [ 0,  4,  6,  8, 10, 11, 17, 20, 23, 24, 27, 35, 39, 42, 43, 45, 46, 48] = [ 1,  3,  7, 13, 14, 15, 21, 22, 28, 30, 31, 33, 36, 38, 40, 41, 51, 52]
    Truth table row=[>, >, =, <, =] ix=226 result=44- is correct

Test 43-:
    W0: [15, 16, 17, 18, 20, 22, 23, 26, 27, 28, 31, 33, 34, 37, 45, 47, 48, 50, 52] > [19, 21, 24, 25, 29, 30, 32, 35, 36, 38, 39, 40, 41, 42, 43, 44, 46, 49, 51]
    W1: [ 7,  9, 10, 11, 12, 13, 14, 19, 21, 24, 25, 45, 47, 48, 50, 52] > [ 8, 15, 16, 17, 18, 20, 22, 23, 26, 27, 42, 43, 44, 46, 49, 51]
    W2: [ 5,  6, 13, 14, 22, 23, 26, 27, 29, 30, 32, 42, 43, 50, 52] < [ 4,  7, 15, 16, 17, 24, 25, 28, 31, 33, 34, 39, 40, 41, 51]
    W3: [ 1,  4,  7,  8, 12, 17, 26, 27, 29, 30, 33, 34, 35, 36, 39, 40, 44, 52] > [ 2,  3,  5,  6,  9, 10, 13, 15, 16, 18, 21, 22, 23, 28, 38, 43, 45, 49]
    W4: [ 0,  4,  6,  8, 10, 11, 17, 20, 23, 24, 27, 35, 39, 42, 43, 45, 46, 48] < [ 1,  3,  7, 13, 14, 15, 21, 22, 28, 30, 31, 33, 36, 38, 40, 41, 51, 52]
    Truth table row=[>, >, <, >, <] ix=222 result=43- is correct

Test 42-:
    W0: [15, 16, 17, 18, 20, 22, 23, 26, 27, 28, 31, 33, 34, 37, 45, 47, 48, 50, 52] > [19, 21, 24, 25, 29, 30, 32, 35, 36, 38, 39, 40, 41, 42, 43, 44, 46, 49, 51]
    W1: [ 7,  9, 10, 11, 12, 13, 14, 19, 21, 24, 25, 45, 47, 48, 50, 52] > [ 8, 15, 16, 17, 18, 20, 22, 23, 26, 27, 42, 43, 44, 46, 49, 51]
    W2: [ 5,  6, 13, 14, 22, 23, 26, 27, 29, 30, 32, 42, 43, 50, 52] < [ 4,  7, 15, 16, 17, 24, 25, 28, 31, 33, 34, 39, 40, 41, 51]
    W3: [ 1,  4,  7,  8, 12, 17, 26, 27, 29, 30, 33, 34, 35, 36, 39, 40, 44, 52] = [ 2,  3,  5,  6,  9, 10, 13, 15, 16, 18, 21, 22, 23, 28, 38, 43, 45, 49]
    W4: [ 0,  4,  6,  8, 10, 11, 17, 20, 23, 24, 27, 35, 39, 42, 43, 45, 46, 48] < [ 1,  3,  7, 13, 14, 15, 21, 22, 28, 30, 31, 33, 36, 38, 40, 41, 51, 52]
    Truth table row=[>, >, <, =, <] ix=219 result=42- is correct

Test 41-:
    W0: [15, 16, 17, 18, 20, 22, 23, 26, 27, 28, 31, 33, 34, 37, 45, 47, 48, 50, 52] > [19, 21, 24, 25, 29, 30, 32, 35, 36, 38, 39, 40, 41, 42, 43, 44, 46, 49, 51]
    W1: [ 7,  9, 10, 11, 12, 13, 14, 19, 21, 24, 25, 45, 47, 48, 50, 52] = [ 8, 15, 16, 17, 18, 20, 22, 23, 26, 27, 42, 43, 44, 46, 49, 51]
    W2: [ 5,  6, 13, 14, 22, 23, 26, 27, 29, 30, 32, 42, 43, 50, 52] > [ 4,  7, 15, 16, 17, 24, 25, 28, 31, 33, 34, 39, 40, 41, 51]
    W3: [ 1,  4,  7,  8, 12, 17, 26, 27, 29, 30, 33, 34, 35, 36, 39, 40, 44, 52] = [ 2,  3,  5,  6,  9, 10, 13, 15, 16, 18, 21, 22, 23, 28, 38, 43, 45, 49]
    W4: [ 0,  4,  6,  8, 10, 11, 17, 20, 23, 24, 27, 35, 39, 42, 43, 45, 46, 48] > [ 1,  3,  7, 13, 14, 15, 21, 22, 28, 30, 31, 33, 36, 38, 40, 41, 51, 52]
    Truth table row=[>, =, >, =, >] ix=212 result=41- is correct

Test 40-:
    W0: [15, 16, 17, 18, 20, 22, 23, 26, 27, 28, 31, 33, 34, 37, 45, 47, 48, 50, 52] > [19, 21, 24, 25, 29, 30, 32, 35, 36, 38, 39, 40, 41, 42, 43, 44, 46, 49, 51]
    W1: [ 7,  9, 10, 11, 12, 13, 14, 19, 21, 24, 25, 45, 47, 48, 50, 52] = [ 8, 15, 16, 17, 18, 20, 22, 23, 26, 27, 42, 43, 44, 46, 49, 51]
    W2: [ 5,  6, 13, 14, 22, 23, 26, 27, 29, 30, 32, 42, 43, 50, 52] > [ 4,  7, 15, 16, 17, 24, 25, 28, 31, 33, 34, 39, 40, 41, 51]
    W3: [ 1,  4,  7,  8, 12, 17, 26, 27, 29, 30, 33, 34, 35, 36, 39, 40, 44, 52] < [ 2,  3,  5,  6,  9, 10, 13, 15, 16, 18, 21, 22, 23, 28, 38, 43, 45, 49]
    W4: [ 0,  4,  6,  8, 10, 11, 17, 20, 23, 24, 27, 35, 39, 42, 43, 45, 46, 48] > [ 1,  3,  7, 13, 14, 15, 21, 22, 28, 30, 31, 33, 36, 38, 40, 41, 51, 52]
    Truth table row=[>, =, >, <, >] ix=209 result=40- is correct

Test 39-:
    W0: [15, 16, 17, 18, 20, 22, 23, 26, 27, 28, 31, 33, 34, 37, 45, 47, 48, 50, 52] > [19, 21, 24, 25, 29, 30, 32, 35, 36, 38, 39, 40, 41, 42, 43, 44, 46, 49, 51]
    W1: [ 7,  9, 10, 11, 12, 13, 14, 19, 21, 24, 25, 45, 47, 48, 50, 52] = [ 8, 15, 16, 17, 18, 20, 22, 23, 26, 27, 42, 43, 44, 46, 49, 51]
    W2: [ 5,  6, 13, 14, 22, 23, 26, 27, 29, 30, 32, 42, 43, 50, 52] > [ 4,  7, 15, 16, 17, 24, 25, 28, 31, 33, 34, 39, 40, 41, 51]
    W3: [ 1,  4,  7,  8, 12, 17, 26, 27, 29, 30, 33, 34, 35, 36, 39, 40, 44, 52] < [ 2,  3,  5,  6,  9, 10, 13, 15, 16, 18, 21, 22, 23, 28, 38, 43, 45, 49]
    W4: [ 0,  4,  6,  8, 10, 11, 17, 20, 23, 24, 27, 35, 39, 42, 43, 45, 46, 48] < [ 1,  3,  7, 13, 14, 15, 21, 22, 28, 30, 31, 33, 36, 38, 40, 41, 51, 52]
    Truth table row=[>, =, >, <, <] ix=207 result=39- is correct

Test 38-:
    W0: [15, 16, 17, 18, 20, 22, 23, 26, 27, 28, 31, 33, 34, 37, 45, 47, 48, 50, 52] > [19, 21, 24, 25, 29, 30, 32, 35, 36, 38, 39, 40, 41, 42, 43, 44, 46, 49, 51]
    W1: [ 7,  9, 10, 11, 12, 13, 14, 19, 21, 24, 25, 45, 47, 48, 50, 52] = [ 8, 15, 16, 17, 18, 20, 22, 23, 26, 27, 42, 43, 44, 46, 49, 51]
    W2: [ 5,  6, 13, 14, 22, 23, 26, 27, 29, 30, 32, 42, 43, 50, 52] = [ 4,  7, 15, 16, 17, 24, 25, 28, 31, 33, 34, 39, 40, 41, 51]
    W3: [ 1,  4,  7,  8, 12, 17, 26, 27, 29, 30, 33, 34, 35, 36, 39, 40, 44, 52] > [ 2,  3,  5,  6,  9, 10, 13, 15, 16, 18, 21, 22, 23, 28, 38, 43, 45, 49]
    W4: [ 0,  4,  6,  8, 10, 11, 17, 20, 23, 24, 27, 35, 39, 42, 43, 45, 46, 48] > [ 1,  3,  7, 13, 14, 15, 21, 22, 28, 30, 31, 33, 36, 38, 40, 41, 51, 52]
    Truth table row=[>, =, =, >, >] ix=206 result=38- is correct

Test 37-:
    W0: [15, 16, 17, 18, 20, 22, 23, 26, 27, 28, 31, 33, 34, 37, 45, 47, 48, 50, 52] < [19, 21, 24, 25, 29, 30, 32, 35, 36, 38, 39, 40, 41, 42, 43, 44, 46, 49, 51]
    W1: [ 7,  9, 10, 11, 12, 13, 14, 19, 21, 24, 25, 45, 47, 48, 50, 52] = [ 8, 15, 16, 17, 18, 20, 22, 23, 26, 27, 42, 43, 44, 46, 49, 51]
    W2: [ 5,  6, 13, 14, 22, 23, 26, 27, 29, 30, 32, 42, 43, 50, 52] = [ 4,  7, 15, 16, 17, 24, 25, 28, 31, 33, 34, 39, 40, 41, 51]
    W3: [ 1,  4,  7,  8, 12, 17, 26, 27, 29, 30, 33, 34, 35, 36, 39, 40, 44, 52] = [ 2,  3,  5,  6,  9, 10, 13, 15, 16, 18, 21, 22, 23, 28, 38, 43, 45, 49]
    W4: [ 0,  4,  6,  8, 10, 11, 17, 20, 23, 24, 27, 35, 39, 42, 43, 45, 46, 48] = [ 1,  3,  7, 13, 14, 15, 21, 22, 28, 30, 31, 33, 36, 38, 40, 41, 51, 52]
    Truth table row=[<, =, =, =, =] ix=40 result=37- is correct

Test 36-:
    W0: [15, 16, 17, 18, 20, 22, 23, 26, 27, 28, 31, 33, 34, 37, 45, 47, 48, 50, 52] > [19, 21, 24, 25, 29, 30, 32, 35, 36, 38, 39, 40, 41, 42, 43, 44, 46, 49, 51]
    W1: [ 7,  9, 10, 11, 12, 13, 14, 19, 21, 24, 25, 45, 47, 48, 50, 52] = [ 8, 15, 16, 17, 18, 20, 22, 23, 26, 27, 42, 43, 44, 46, 49, 51]
    W2: [ 5,  6, 13, 14, 22, 23, 26, 27, 29, 30, 32, 42, 43, 50, 52] = [ 4,  7, 15, 16, 17, 24, 25, 28, 31, 33, 34, 39, 40, 41, 51]
    W3: [ 1,  4,  7,  8, 12, 17, 26, 27, 29, 30, 33, 34, 35, 36, 39, 40, 44, 52] < [ 2,  3,  5,  6,  9, 10, 13, 15, 16, 18, 21, 22, 23, 28, 38, 43, 45, 49]
    W4: [ 0,  4,  6,  8, 10, 11, 17, 20, 23, 24, 27, 35, 39, 42, 43, 45, 46, 48] > [ 1,  3,  7, 13, 14, 15, 21, 22, 28, 30, 31, 33, 36, 38, 40, 41, 51, 52]
    Truth table row=[>, =, =, <, >] ix=200 result=36- is correct

Test 35-:
    W0: [15, 16, 17, 18, 20, 22, 23, 26, 27, 28, 31, 33, 34, 37, 45, 47, 48, 50, 52] > [19, 21, 24, 25, 29, 30, 32, 35, 36, 38, 39, 40, 41, 42, 43, 44, 46, 49, 51]
    W1: [ 7,  9, 10, 11, 12, 13, 14, 19, 21, 24, 25, 45, 47, 48, 50, 52] = [ 8, 15, 16, 17, 18, 20, 22, 23, 26, 27, 42, 43, 44, 46, 49, 51]
    W2: [ 5,  6, 13, 14, 22, 23, 26, 27, 29, 30, 32, 42, 43, 50, 52] = [ 4,  7, 15, 16, 17, 24, 25, 28, 31, 33, 34, 39, 40, 41, 51]
    W3: [ 1,  4,  7,  8, 12, 17, 26, 27, 29, 30, 33, 34, 35, 36, 39, 40, 44, 52] < [ 2,  3,  5,  6,  9, 10, 13, 15, 16, 18, 21, 22, 23, 28, 38, 43, 45, 49]
    W4: [ 0,  4,  6,  8, 10, 11, 17, 20, 23, 24, 27, 35, 39, 42, 43, 45, 46, 48] < [ 1,  3,  7, 13, 14, 15, 21, 22, 28, 30, 31, 33, 36, 38, 40, 41, 51, 52]
    Truth table row=[>, =, =, <, <] ix=198 result=35- is correct

Test 34-:
    W0: [15, 16, 17, 18, 20, 22, 23, 26, 27, 28, 31, 33, 34, 37, 45, 47, 48, 50, 52] < [19, 21, 24, 25, 29, 30, 32, 35, 36, 38, 39, 40, 41, 42, 43, 44, 46, 49, 51]
    W1: [ 7,  9, 10, 11, 12, 13, 14, 19, 21, 24, 25, 45, 47, 48, 50, 52] = [ 8, 15, 16, 17, 18, 20, 22, 23, 26, 27, 42, 43, 44, 46, 49, 51]
    W2: [ 5,  6, 13, 14, 22, 23, 26, 27, 29, 30, 32, 42, 43, 50, 52] > [ 4,  7, 15, 16, 17, 24, 25, 28, 31, 33, 34, 39, 40, 41, 51]
    W3: [ 1,  4,  7,  8, 12, 17, 26, 27, 29, 30, 33, 34, 35, 36, 39, 40, 44, 52] < [ 2,  3,  5,  6,  9, 10, 13, 15, 16, 18, 21, 22, 23, 28, 38, 43, 45, 49]
    W4: [ 0,  4,  6,  8, 10, 11, 17, 20, 23, 24, 27, 35, 39, 42, 43, 45, 46, 48] = [ 1,  3,  7, 13, 14, 15, 21, 22, 28, 30, 31, 33, 36, 38, 40, 41, 51, 52]
    Truth table row=[<, =, >, <, =] ix=46 result=34- is correct

Test 33-:
    W0: [15, 16, 17, 18, 20, 22, 23, 26, 27, 28, 31, 33, 34, 37, 45, 47, 48, 50, 52] < [19, 21, 24, 25, 29, 30, 32, 35, 36, 38, 39, 40, 41, 42, 43, 44, 46, 49, 51]
    W1: [ 7,  9, 10, 11, 12, 13, 14, 19, 21, 24, 25, 45, 47, 48, 50, 52] = [ 8, 15, 16, 17, 18, 20, 22, 23, 26, 27, 42, 43, 44, 46, 49, 51]
    W2: [ 5,  6, 13, 14, 22, 23, 26, 27, 29, 30, 32, 42, 43, 50, 52] > [ 4,  7, 15, 16, 17, 24, 25, 28, 31, 33, 34, 39, 40, 41, 51]
    W3: [ 1,  4,  7,  8, 12, 17, 26, 27, 29, 30, 33, 34, 35, 36, 39, 40, 44, 52] < [ 2,  3,  5,  6,  9, 10, 13, 15, 16, 18, 21, 22, 23, 28, 38, 43, 45, 49]
    W4: [ 0,  4,  6,  8, 10, 11, 17, 20, 23, 24, 27, 35, 39, 42, 43, 45, 46, 48] > [ 1,  3,  7, 13, 14, 15, 21, 22, 28, 30, 31, 33, 36, 38, 40, 41, 51, 52]
    Truth table row=[<, =, >, <, >] ix=47 result=33- is correct

Test 32-:
    W0: [15, 16, 17, 18, 20, 22, 23, 26, 27, 28, 31, 33, 34, 37, 45, 47, 48, 50, 52] > [19, 21, 24, 25, 29, 30, 32, 35, 36, 38, 39, 40, 41, 42, 43, 44, 46, 49, 51]
    W1: [ 7,  9, 10, 11, 12, 13, 14, 19, 21, 24, 25, 45, 47, 48, 50, 52] = [ 8, 15, 16, 17, 18, 20, 22, 23, 26, 27, 42, 43, 44, 46, 49, 51]
    W2: [ 5,  6, 13, 14, 22, 23, 26, 27, 29, 30, 32, 42, 43, 50, 52] < [ 4,  7, 15, 16, 17, 24, 25, 28, 31, 33, 34, 39, 40, 41, 51]
    W3: [ 1,  4,  7,  8, 12, 17, 26, 27, 29, 30, 33, 34, 35, 36, 39, 40, 44, 52] = [ 2,  3,  5,  6,  9, 10, 13, 15, 16, 18, 21, 22, 23, 28, 38, 43, 45, 49]
    W4: [ 0,  4,  6,  8, 10, 11, 17, 20, 23, 24, 27, 35, 39, 42, 43, 45, 46, 48] = [ 1,  3,  7, 13, 14, 15, 21, 22, 28, 30, 31, 33, 36, 38, 40, 41, 51, 52]
    Truth table row=[>, =, <, =, =] ix=193 result=32- is correct

Test 31-:
    W0: [15, 16, 17, 18, 20, 22, 23, 26, 27, 28, 31, 33, 34, 37, 45, 47, 48, 50, 52] < [19, 21, 24, 25, 29, 30, 32, 35, 36, 38, 39, 40, 41, 42, 43, 44, 46, 49, 51]
    W1: [ 7,  9, 10, 11, 12, 13, 14, 19, 21, 24, 25, 45, 47, 48, 50, 52] = [ 8, 15, 16, 17, 18, 20, 22, 23, 26, 27, 42, 43, 44, 46, 49, 51]
    W2: [ 5,  6, 13, 14, 22, 23, 26, 27, 29, 30, 32, 42, 43, 50, 52] > [ 4,  7, 15, 16, 17, 24, 25, 28, 31, 33, 34, 39, 40, 41, 51]
    W3: [ 1,  4,  7,  8, 12, 17, 26, 27, 29, 30, 33, 34, 35, 36, 39, 40, 44, 52] = [ 2,  3,  5,  6,  9, 10, 13, 15, 16, 18, 21, 22, 23, 28, 38, 43, 45, 49]
    W4: [ 0,  4,  6,  8, 10, 11, 17, 20, 23, 24, 27, 35, 39, 42, 43, 45, 46, 48] > [ 1,  3,  7, 13, 14, 15, 21, 22, 28, 30, 31, 33, 36, 38, 40, 41, 51, 52]
    Truth table row=[<, =, >, =, >] ix=50 result=31- is correct

Test 30-:
    W0: [15, 16, 17, 18, 20, 22, 23, 26, 27, 28, 31, 33, 34, 37, 45, 47, 48, 50, 52] > [19, 21, 24, 25, 29, 30, 32, 35, 36, 38, 39, 40, 41, 42, 43, 44, 46, 49, 51]
    W1: [ 7,  9, 10, 11, 12, 13, 14, 19, 21, 24, 25, 45, 47, 48, 50, 52] = [ 8, 15, 16, 17, 18, 20, 22, 23, 26, 27, 42, 43, 44, 46, 49, 51]
    W2: [ 5,  6, 13, 14, 22, 23, 26, 27, 29, 30, 32, 42, 43, 50, 52] < [ 4,  7, 15, 16, 17, 24, 25, 28, 31, 33, 34, 39, 40, 41, 51]
    W3: [ 1,  4,  7,  8, 12, 17, 26, 27, 29, 30, 33, 34, 35, 36, 39, 40, 44, 52] < [ 2,  3,  5,  6,  9, 10, 13, 15, 16, 18, 21, 22, 23, 28, 38, 43, 45, 49]
    W4: [ 0,  4,  6,  8, 10, 11, 17, 20, 23, 24, 27, 35, 39, 42, 43, 45, 46, 48] > [ 1,  3,  7, 13, 14, 15, 21, 22, 28, 30, 31, 33, 36, 38, 40, 41, 51, 52]
    Truth table row=[>, =, <, <, >] ix=191 result=30- is correct

Test 29-:
    W0: [15, 16, 17, 18, 20, 22, 23, 26, 27, 28, 31, 33, 34, 37, 45, 47, 48, 50, 52] > [19, 21, 24, 25, 29, 30, 32, 35, 36, 38, 39, 40, 41, 42, 43, 44, 46, 49, 51]
    W1: [ 7,  9, 10, 11, 12, 13, 14, 19, 21, 24, 25, 45, 47, 48, 50, 52] = [ 8, 15, 16, 17, 18, 20, 22, 23, 26, 27, 42, 43, 44, 46, 49, 51]
    W2: [ 5,  6, 13, 14, 22, 23, 26, 27, 29, 30, 32, 42, 43, 50, 52] < [ 4,  7, 15, 16, 17, 24, 25, 28, 31, 33, 34, 39, 40, 41, 51]
    W3: [ 1,  4,  7,  8, 12, 17, 26, 27, 29, 30, 33, 34, 35, 36, 39, 40, 44, 52] < [ 2,  3,  5,  6,  9, 10, 13, 15, 16, 18, 21, 22, 23, 28, 38, 43, 45, 49]
    W4: [ 0,  4,  6,  8, 10, 11, 17, 20, 23, 24, 27, 35, 39, 42, 43, 45, 46, 48] = [ 1,  3,  7, 13, 14, 15, 21, 22, 28, 30, 31, 33, 36, 38, 40, 41, 51, 52]
    Truth table row=[>, =, <, <, =] ix=190 result=29- is correct

Test 28-:
    W0: [15, 16, 17, 18, 20, 22, 23, 26, 27, 28, 31, 33, 34, 37, 45, 47, 48, 50, 52] < [19, 21, 24, 25, 29, 30, 32, 35, 36, 38, 39, 40, 41, 42, 43, 44, 46, 49, 51]
    W1: [ 7,  9, 10, 11, 12, 13, 14, 19, 21, 24, 25, 45, 47, 48, 50, 52] = [ 8, 15, 16, 17, 18, 20, 22, 23, 26, 27, 42, 43, 44, 46, 49, 51]
    W2: [ 5,  6, 13, 14, 22, 23, 26, 27, 29, 30, 32, 42, 43, 50, 52] > [ 4,  7, 15, 16, 17, 24, 25, 28, 31, 33, 34, 39, 40, 41, 51]
    W3: [ 1,  4,  7,  8, 12, 17, 26, 27, 29, 30, 33, 34, 35, 36, 39, 40, 44, 52] > [ 2,  3,  5,  6,  9, 10, 13, 15, 16, 18, 21, 22, 23, 28, 38, 43, 45, 49]
    W4: [ 0,  4,  6,  8, 10, 11, 17, 20, 23, 24, 27, 35, 39, 42, 43, 45, 46, 48] > [ 1,  3,  7, 13, 14, 15, 21, 22, 28, 30, 31, 33, 36, 38, 40, 41, 51, 52]
    Truth table row=[<, =, >, >, >] ix=53 result=28- is correct

Test 27-:
    W0: [15, 16, 17, 18, 20, 22, 23, 26, 27, 28, 31, 33, 34, 37, 45, 47, 48, 50, 52] < [19, 21, 24, 25, 29, 30, 32, 35, 36, 38, 39, 40, 41, 42, 43, 44, 46, 49, 51]
    W1: [ 7,  9, 10, 11, 12, 13, 14, 19, 21, 24, 25, 45, 47, 48, 50, 52] > [ 8, 15, 16, 17, 18, 20, 22, 23, 26, 27, 42, 43, 44, 46, 49, 51]
    W2: [ 5,  6, 13, 14, 22, 23, 26, 27, 29, 30, 32, 42, 43, 50, 52] < [ 4,  7, 15, 16, 17, 24, 25, 28, 31, 33, 34, 39, 40, 41, 51]
    W3: [ 1,  4,  7,  8, 12, 17, 26, 27, 29, 30, 33, 34, 35, 36, 39, 40, 44, 52] < [ 2,  3,  5,  6,  9, 10, 13, 15, 16, 18, 21, 22, 23, 28, 38, 43, 45, 49]
    W4: [ 0,  4,  6,  8, 10, 11, 17, 20, 23, 24, 27, 35, 39, 42, 43, 45, 46, 48] < [ 1,  3,  7, 13, 14, 15, 21, 22, 28, 30, 31, 33, 36, 38, 40, 41, 51, 52]
    Truth table row=[<, >, <, <, <] ix=54 result=27- is correct

Test 26-:
    W0: [15, 16, 17, 18, 20, 22, 23, 26, 27, 28, 31, 33, 34, 37, 45, 47, 48, 50, 52] < [19, 21, 24, 25, 29, 30, 32, 35, 36, 38, 39, 40, 41, 42, 43, 44, 46, 49, 51]
    W1: [ 7,  9, 10, 11, 12, 13, 14, 19, 21, 24, 25, 45, 47, 48, 50, 52] > [ 8, 15, 16, 17, 18, 20, 22, 23, 26, 27, 42, 43, 44, 46, 49, 51]
    W2: [ 5,  6, 13, 14, 22, 23, 26, 27, 29, 30, 32, 42, 43, 50, 52] < [ 4,  7, 15, 16, 17, 24, 25, 28, 31, 33, 34, 39, 40, 41, 51]
    W3: [ 1,  4,  7,  8, 12, 17, 26, 27, 29, 30, 33, 34, 35, 36, 39, 40, 44, 52] < [ 2,  3,  5,  6,  9, 10, 13, 15, 16, 18, 21, 22, 23, 28, 38, 43, 45, 49]
    W4: [ 0,  4,  6,  8, 10, 11, 17, 20, 23, 24, 27, 35, 39, 42, 43, 45, 46, 48] = [ 1,  3,  7, 13, 14, 15, 21, 22, 28, 30, 31, 33, 36, 38, 40, 41, 51, 52]
    Truth table row=[<, >, <, <, =] ix=55 result=26- is correct

Test 25-:
    W0: [15, 16, 17, 18, 20, 22, 23, 26, 27, 28, 31, 33, 34, 37, 45, 47, 48, 50, 52] > [19, 21, 24, 25, 29, 30, 32, 35, 36, 38, 39, 40, 41, 42, 43, 44, 46, 49, 51]
    W1: [ 7,  9, 10, 11, 12, 13, 14, 19, 21, 24, 25, 45, 47, 48, 50, 52] < [ 8, 15, 16, 17, 18, 20, 22, 23, 26, 27, 42, 43, 44, 46, 49, 51]
    W2: [ 5,  6, 13, 14, 22, 23, 26, 27, 29, 30, 32, 42, 43, 50, 52] > [ 4,  7, 15, 16, 17, 24, 25, 28, 31, 33, 34, 39, 40, 41, 51]
    W3: [ 1,  4,  7,  8, 12, 17, 26, 27, 29, 30, 33, 34, 35, 36, 39, 40, 44, 52] = [ 2,  3,  5,  6,  9, 10, 13, 15, 16, 18, 21, 22, 23, 28, 38, 43, 45, 49]
    W4: [ 0,  4,  6,  8, 10, 11, 17, 20, 23, 24, 27, 35, 39, 42, 43, 45, 46, 48] = [ 1,  3,  7, 13, 14, 15, 21, 22, 28, 30, 31, 33, 36, 38, 40, 41, 51, 52]
    Truth table row=[>, <, >, =, =] ix=184 result=25- is correct

Test 24-:
    W0: [15, 16, 17, 18, 20, 22, 23, 26, 27, 28, 31, 33, 34, 37, 45, 47, 48, 50, 52] > [19, 21, 24, 25, 29, 30, 32, 35, 36, 38, 39, 40, 41, 42, 43, 44, 46, 49, 51]
    W1: [ 7,  9, 10, 11, 12, 13, 14, 19, 21, 24, 25, 45, 47, 48, 50, 52] < [ 8, 15, 16, 17, 18, 20, 22, 23, 26, 27, 42, 43, 44, 46, 49, 51]
    W2: [ 5,  6, 13, 14, 22, 23, 26, 27, 29, 30, 32, 42, 43, 50, 52] > [ 4,  7, 15, 16, 17, 24, 25, 28, 31, 33, 34, 39, 40, 41, 51]
    W3: [ 1,  4,  7,  8, 12, 17, 26, 27, 29, 30, 33, 34, 35, 36, 39, 40, 44, 52] = [ 2,  3,  5,  6,  9, 10, 13, 15, 16, 18, 21, 22, 23, 28, 38, 43, 45, 49]
    W4: [ 0,  4,  6,  8, 10, 11, 17, 20, 23, 24, 27, 35, 39, 42, 43, 45, 46, 48] < [ 1,  3,  7, 13, 14, 15, 21, 22, 28, 30, 31, 33, 36, 38, 40, 41, 51, 52]
    Truth table row=[>, <, >, =, <] ix=183 result=24- is correct

Test 23-:
    W0: [15, 16, 17, 18, 20, 22, 23, 26, 27, 28, 31, 33, 34, 37, 45, 47, 48, 50, 52] < [19, 21, 24, 25, 29, 30, 32, 35, 36, 38, 39, 40, 41, 42, 43, 44, 46, 49, 51]
    W1: [ 7,  9, 10, 11, 12, 13, 14, 19, 21, 24, 25, 45, 47, 48, 50, 52] > [ 8, 15, 16, 17, 18, 20, 22, 23, 26, 27, 42, 43, 44, 46, 49, 51]
    W2: [ 5,  6, 13, 14, 22, 23, 26, 27, 29, 30, 32, 42, 43, 50, 52] < [ 4,  7, 15, 16, 17, 24, 25, 28, 31, 33, 34, 39, 40, 41, 51]
    W3: [ 1,  4,  7,  8, 12, 17, 26, 27, 29, 30, 33, 34, 35, 36, 39, 40, 44, 52] > [ 2,  3,  5,  6,  9, 10, 13, 15, 16, 18, 21, 22, 23, 28, 38, 43, 45, 49]
    W4: [ 0,  4,  6,  8, 10, 11, 17, 20, 23, 24, 27, 35, 39, 42, 43, 45, 46, 48] < [ 1,  3,  7, 13, 14, 15, 21, 22, 28, 30, 31, 33, 36, 38, 40, 41, 51, 52]
    Truth table row=[<, >, <, >, <] ix=60 result=23- is correct

Test 22-:
    W0: [15, 16, 17, 18, 20, 22, 23, 26, 27, 28, 31, 33, 34, 37, 45, 47, 48, 50, 52] < [19, 21, 24, 25, 29, 30, 32, 35, 36, 38, 39, 40, 41, 42, 43, 44, 46, 49, 51]
    W1: [ 7,  9, 10, 11, 12, 13, 14, 19, 21, 24, 25, 45, 47, 48, 50, 52] > [ 8, 15, 16, 17, 18, 20, 22, 23, 26, 27, 42, 43, 44, 46, 49, 51]
    W2: [ 5,  6, 13, 14, 22, 23, 26, 27, 29, 30, 32, 42, 43, 50, 52] < [ 4,  7, 15, 16, 17, 24, 25, 28, 31, 33, 34, 39, 40, 41, 51]
    W3: [ 1,  4,  7,  8, 12, 17, 26, 27, 29, 30, 33, 34, 35, 36, 39, 40, 44, 52] > [ 2,  3,  5,  6,  9, 10, 13, 15, 16, 18, 21, 22, 23, 28, 38, 43, 45, 49]
    W4: [ 0,  4,  6,  8, 10, 11, 17, 20, 23, 24, 27, 35, 39, 42, 43, 45, 46, 48] > [ 1,  3,  7, 13, 14, 15, 21, 22, 28, 30, 31, 33, 36, 38, 40, 41, 51, 52]
    Truth table row=[<, >, <, >, >] ix=62 result=22- is correct

Test 21-:
    W0: [15, 16, 17, 18, 20, 22, 23, 26, 27, 28, 31, 33, 34, 37, 45, 47, 48, 50, 52] > [19, 21, 24, 25, 29, 30, 32, 35, 36, 38, 39, 40, 41, 42, 43, 44, 46, 49, 51]
    W1: [ 7,  9, 10, 11, 12, 13, 14, 19, 21, 24, 25, 45, 47, 48, 50, 52] < [ 8, 15, 16, 17, 18, 20, 22, 23, 26, 27, 42, 43, 44, 46, 49, 51]
    W2: [ 5,  6, 13, 14, 22, 23, 26, 27, 29, 30, 32, 42, 43, 50, 52] = [ 4,  7, 15, 16, 17, 24, 25, 28, 31, 33, 34, 39, 40, 41, 51]
    W3: [ 1,  4,  7,  8, 12, 17, 26, 27, 29, 30, 33, 34, 35, 36, 39, 40, 44, 52] > [ 2,  3,  5,  6,  9, 10, 13, 15, 16, 18, 21, 22, 23, 28, 38, 43, 45, 49]
    W4: [ 0,  4,  6,  8, 10, 11, 17, 20, 23, 24, 27, 35, 39, 42, 43, 45, 46, 48] > [ 1,  3,  7, 13, 14, 15, 21, 22, 28, 30, 31, 33, 36, 38, 40, 41, 51, 52]
    Truth table row=[>, <, =, >, >] ix=179 result=21- is correct

Test 20-:
    W0: [15, 16, 17, 18, 20, 22, 23, 26, 27, 28, 31, 33, 34, 37, 45, 47, 48, 50, 52] < [19, 21, 24, 25, 29, 30, 32, 35, 36, 38, 39, 40, 41, 42, 43, 44, 46, 49, 51]
    W1: [ 7,  9, 10, 11, 12, 13, 14, 19, 21, 24, 25, 45, 47, 48, 50, 52] > [ 8, 15, 16, 17, 18, 20, 22, 23, 26, 27, 42, 43, 44, 46, 49, 51]
    W2: [ 5,  6, 13, 14, 22, 23, 26, 27, 29, 30, 32, 42, 43, 50, 52] = [ 4,  7, 15, 16, 17, 24, 25, 28, 31, 33, 34, 39, 40, 41, 51]
    W3: [ 1,  4,  7,  8, 12, 17, 26, 27, 29, 30, 33, 34, 35, 36, 39, 40, 44, 52] = [ 2,  3,  5,  6,  9, 10, 13, 15, 16, 18, 21, 22, 23, 28, 38, 43, 45, 49]
    W4: [ 0,  4,  6,  8, 10, 11, 17, 20, 23, 24, 27, 35, 39, 42, 43, 45, 46, 48] < [ 1,  3,  7, 13, 14, 15, 21, 22, 28, 30, 31, 33, 36, 38, 40, 41, 51, 52]
    Truth table row=[<, >, =, =, <] ix=66 result=20- is correct

Test 19-:
    W0: [15, 16, 17, 18, 20, 22, 23, 26, 27, 28, 31, 33, 34, 37, 45, 47, 48, 50, 52] > [19, 21, 24, 25, 29, 30, 32, 35, 36, 38, 39, 40, 41, 42, 43, 44, 46, 49, 51]
    W1: [ 7,  9, 10, 11, 12, 13, 14, 19, 21, 24, 25, 45, 47, 48, 50, 52] < [ 8, 15, 16, 17, 18, 20, 22, 23, 26, 27, 42, 43, 44, 46, 49, 51]
    W2: [ 5,  6, 13, 14, 22, 23, 26, 27, 29, 30, 32, 42, 43, 50, 52] = [ 4,  7, 15, 16, 17, 24, 25, 28, 31, 33, 34, 39, 40, 41, 51]
    W3: [ 1,  4,  7,  8, 12, 17, 26, 27, 29, 30, 33, 34, 35, 36, 39, 40, 44, 52] = [ 2,  3,  5,  6,  9, 10, 13, 15, 16, 18, 21, 22, 23, 28, 38, 43, 45, 49]
    W4: [ 0,  4,  6,  8, 10, 11, 17, 20, 23, 24, 27, 35, 39, 42, 43, 45, 46, 48] = [ 1,  3,  7, 13, 14, 15, 21, 22, 28, 30, 31, 33, 36, 38, 40, 41, 51, 52]
    Truth table row=[>, <, =, =, =] ix=175 result=19- is correct

Test 18-:
    W0: [15, 16, 17, 18, 20, 22, 23, 26, 27, 28, 31, 33, 34, 37, 45, 47, 48, 50, 52] < [19, 21, 24, 25, 29, 30, 32, 35, 36, 38, 39, 40, 41, 42, 43, 44, 46, 49, 51]
    W1: [ 7,  9, 10, 11, 12, 13, 14, 19, 21, 24, 25, 45, 47, 48, 50, 52] > [ 8, 15, 16, 17, 18, 20, 22, 23, 26, 27, 42, 43, 44, 46, 49, 51]
    W2: [ 5,  6, 13, 14, 22, 23, 26, 27, 29, 30, 32, 42, 43, 50, 52] = [ 4,  7, 15, 16, 17, 24, 25, 28, 31, 33, 34, 39, 40, 41, 51]
    W3: [ 1,  4,  7,  8, 12, 17, 26, 27, 29, 30, 33, 34, 35, 36, 39, 40, 44, 52] > [ 2,  3,  5,  6,  9, 10, 13, 15, 16, 18, 21, 22, 23, 28, 38, 43, 45, 49]
    W4: [ 0,  4,  6,  8, 10, 11, 17, 20, 23, 24, 27, 35, 39, 42, 43, 45, 46, 48] = [ 1,  3,  7, 13, 14, 15, 21, 22, 28, 30, 31, 33, 36, 38, 40, 41, 51, 52]
    Truth table row=[<, >, =, >, =] ix=70 result=18- is correct

Test 17-:
    W0: [15, 16, 17, 18, 20, 22, 23, 26, 27, 28, 31, 33, 34, 37, 45, 47, 48, 50, 52] < [19, 21, 24, 25, 29, 30, 32, 35, 36, 38, 39, 40, 41, 42, 43, 44, 46, 49, 51]
    W1: [ 7,  9, 10, 11, 12, 13, 14, 19, 21, 24, 25, 45, 47, 48, 50, 52] > [ 8, 15, 16, 17, 18, 20, 22, 23, 26, 27, 42, 43, 44, 46, 49, 51]
    W2: [ 5,  6, 13, 14, 22, 23, 26, 27, 29, 30, 32, 42, 43, 50, 52] > [ 4,  7, 15, 16, 17, 24, 25, 28, 31, 33, 34, 39, 40, 41, 51]
    W3: [ 1,  4,  7,  8, 12, 17, 26, 27, 29, 30, 33, 34, 35, 36, 39, 40, 44, 52] < [ 2,  3,  5,  6,  9, 10, 13, 15, 16, 18, 21, 22, 23, 28, 38, 43, 45, 49]
    W4: [ 0,  4,  6,  8, 10, 11, 17, 20, 23, 24, 27, 35, 39, 42, 43, 45, 46, 48] < [ 1,  3,  7, 13, 14, 15, 21, 22, 28, 30, 31, 33, 36, 38, 40, 41, 51, 52]
    Truth table row=[<, >, >, <, <] ix=72 result=17- is correct

Test 16-:
    W0: [15, 16, 17, 18, 20, 22, 23, 26, 27, 28, 31, 33, 34, 37, 45, 47, 48, 50, 52] < [19, 21, 24, 25, 29, 30, 32, 35, 36, 38, 39, 40, 41, 42, 43, 44, 46, 49, 51]
    W1: [ 7,  9, 10, 11, 12, 13, 14, 19, 21, 24, 25, 45, 47, 48, 50, 52] > [ 8, 15, 16, 17, 18, 20, 22, 23, 26, 27, 42, 43, 44, 46, 49, 51]
    W2: [ 5,  6, 13, 14, 22, 23, 26, 27, 29, 30, 32, 42, 43, 50, 52] > [ 4,  7, 15, 16, 17, 24, 25, 28, 31, 33, 34, 39, 40, 41, 51]
    W3: [ 1,  4,  7,  8, 12, 17, 26, 27, 29, 30, 33, 34, 35, 36, 39, 40, 44, 52] > [ 2,  3,  5,  6,  9, 10, 13, 15, 16, 18, 21, 22, 23, 28, 38, 43, 45, 49]
    W4: [ 0,  4,  6,  8, 10, 11, 17, 20, 23, 24, 27, 35, 39, 42, 43, 45, 46, 48] = [ 1,  3,  7, 13, 14, 15, 21, 22, 28, 30, 31, 33, 36, 38, 40, 41, 51, 52]
    Truth table row=[<, >, >, >, =] ix=79 result=16- is correct

Test 15-:
    W0: [15, 16, 17, 18, 20, 22, 23, 26, 27, 28, 31, 33, 34, 37, 45, 47, 48, 50, 52] < [19, 21, 24, 25, 29, 30, 32, 35, 36, 38, 39, 40, 41, 42, 43, 44, 46, 49, 51]
    W1: [ 7,  9, 10, 11, 12, 13, 14, 19, 21, 24, 25, 45, 47, 48, 50, 52] > [ 8, 15, 16, 17, 18, 20, 22, 23, 26, 27, 42, 43, 44, 46, 49, 51]
    W2: [ 5,  6, 13, 14, 22, 23, 26, 27, 29, 30, 32, 42, 43, 50, 52] > [ 4,  7, 15, 16, 17, 24, 25, 28, 31, 33, 34, 39, 40, 41, 51]
    W3: [ 1,  4,  7,  8, 12, 17, 26, 27, 29, 30, 33, 34, 35, 36, 39, 40, 44, 52] > [ 2,  3,  5,  6,  9, 10, 13, 15, 16, 18, 21, 22, 23, 28, 38, 43, 45, 49]
    W4: [ 0,  4,  6,  8, 10, 11, 17, 20, 23, 24, 27, 35, 39, 42, 43, 45, 46, 48] > [ 1,  3,  7, 13, 14, 15, 21, 22, 28, 30, 31, 33, 36, 38, 40, 41, 51, 52]
    Truth table row=[<, >, >, >, >] ix=80 result=15- is correct

Test 14-:
    W0: [15, 16, 17, 18, 20, 22, 23, 26, 27, 28, 31, 33, 34, 37, 45, 47, 48, 50, 52] = [19, 21, 24, 25, 29, 30, 32, 35, 36, 38, 39, 40, 41, 42, 43, 44, 46, 49, 51]
    W1: [ 7,  9, 10, 11, 12, 13, 14, 19, 21, 24, 25, 45, 47, 48, 50, 52] < [ 8, 15, 16, 17, 18, 20, 22, 23, 26, 27, 42, 43, 44, 46, 49, 51]
    W2: [ 5,  6, 13, 14, 22, 23, 26, 27, 29, 30, 32, 42, 43, 50, 52] < [ 4,  7, 15, 16, 17, 24, 25, 28, 31, 33, 34, 39, 40, 41, 51]
    W3: [ 1,  4,  7,  8, 12, 17, 26, 27, 29, 30, 33, 34, 35, 36, 39, 40, 44, 52] = [ 2,  3,  5,  6,  9, 10, 13, 15, 16, 18, 21, 22, 23, 28, 38, 43, 45, 49]
    W4: [ 0,  4,  6,  8, 10, 11, 17, 20, 23, 24, 27, 35, 39, 42, 43, 45, 46, 48] > [ 1,  3,  7, 13, 14, 15, 21, 22, 28, 30, 31, 33, 36, 38, 40, 41, 51, 52]
    Truth table row=[=, <, <, =, >] ix=86 result=14- is correct

Test 13-:
    W0: [15, 16, 17, 18, 20, 22, 23, 26, 27, 28, 31, 33, 34, 37, 45, 47, 48, 50, 52] = [19, 21, 24, 25, 29, 30, 32, 35, 36, 38, 39, 40, 41, 42, 43, 44, 46, 49, 51]
    W1: [ 7,  9, 10, 11, 12, 13, 14, 19, 21, 24, 25, 45, 47, 48, 50, 52] < [ 8, 15, 16, 17, 18, 20, 22, 23, 26, 27, 42, 43, 44, 46, 49, 51]
    W2: [ 5,  6, 13, 14, 22, 23, 26, 27, 29, 30, 32, 42, 43, 50, 52] < [ 4,  7, 15, 16, 17, 24, 25, 28, 31, 33, 34, 39, 40, 41, 51]
    W3: [ 1,  4,  7,  8, 12, 17, 26, 27, 29, 30, 33, 34, 35, 36, 39, 40, 44, 52] > [ 2,  3,  5,  6,  9, 10, 13, 15, 16, 18, 21, 22, 23, 28, 38, 43, 45, 49]
    W4: [ 0,  4,  6,  8, 10, 11, 17, 20, 23, 24, 27, 35, 39, 42, 43, 45, 46, 48] > [ 1,  3,  7, 13, 14, 15, 21, 22, 28, 30, 31, 33, 36, 38, 40, 41, 51, 52]
    Truth table row=[=, <, <, >, >] ix=89 result=13- is correct

Test 12-:
    W0: [15, 16, 17, 18, 20, 22, 23, 26, 27, 28, 31, 33, 34, 37, 45, 47, 48, 50, 52] = [19, 21, 24, 25, 29, 30, 32, 35, 36, 38, 39, 40, 41, 42, 43, 44, 46, 49, 51]
    W1: [ 7,  9, 10, 11, 12, 13, 14, 19, 21, 24, 25, 45, 47, 48, 50, 52] < [ 8, 15, 16, 17, 18, 20, 22, 23, 26, 27, 42, 43, 44, 46, 49, 51]
    W2: [ 5,  6, 13, 14, 22, 23, 26, 27, 29, 30, 32, 42, 43, 50, 52] = [ 4,  7, 15, 16, 17, 24, 25, 28, 31, 33, 34, 39, 40, 41, 51]
    W3: [ 1,  4,  7,  8, 12, 17, 26, 27, 29, 30, 33, 34, 35, 36, 39, 40, 44, 52] < [ 2,  3,  5,  6,  9, 10, 13, 15, 16, 18, 21, 22, 23, 28, 38, 43, 45, 49]
    W4: [ 0,  4,  6,  8, 10, 11, 17, 20, 23, 24, 27, 35, 39, 42, 43, 45, 46, 48] = [ 1,  3,  7, 13, 14, 15, 21, 22, 28, 30, 31, 33, 36, 38, 40, 41, 51, 52]
    Truth table row=[=, <, =, <, =] ix=91 result=12- is correct

Test 11-:
    W0: [15, 16, 17, 18, 20, 22, 23, 26, 27, 28, 31, 33, 34, 37, 45, 47, 48, 50, 52] = [19, 21, 24, 25, 29, 30, 32, 35, 36, 38, 39, 40, 41, 42, 43, 44, 46, 49, 51]
    W1: [ 7,  9, 10, 11, 12, 13, 14, 19, 21, 24, 25, 45, 47, 48, 50, 52] < [ 8, 15, 16, 17, 18, 20, 22, 23, 26, 27, 42, 43, 44, 46, 49, 51]
    W2: [ 5,  6, 13, 14, 22, 23, 26, 27, 29, 30, 32, 42, 43, 50, 52] = [ 4,  7, 15, 16, 17, 24, 25, 28, 31, 33, 34, 39, 40, 41, 51]
    W3: [ 1,  4,  7,  8, 12, 17, 26, 27, 29, 30, 33, 34, 35, 36, 39, 40, 44, 52] = [ 2,  3,  5,  6,  9, 10, 13, 15, 16, 18, 21, 22, 23, 28, 38, 43, 45, 49]
    W4: [ 0,  4,  6,  8, 10, 11, 17, 20, 23, 24, 27, 35, 39, 42, 43, 45, 46, 48] < [ 1,  3,  7, 13, 14, 15, 21, 22, 28, 30, 31, 33, 36, 38, 40, 41, 51, 52]
    Truth table row=[=, <, =, =, <] ix=93 result=11- is correct

Test 10-:
    W0: [15, 16, 17, 18, 20, 22, 23, 26, 27, 28, 31, 33, 34, 37, 45, 47, 48, 50, 52] = [19, 21, 24, 25, 29, 30, 32, 35, 36, 38, 39, 40, 41, 42, 43, 44, 46, 49, 51]
    W1: [ 7,  9, 10, 11, 12, 13, 14, 19, 21, 24, 25, 45, 47, 48, 50, 52] < [ 8, 15, 16, 17, 18, 20, 22, 23, 26, 27, 42, 43, 44, 46, 49, 51]
    W2: [ 5,  6, 13, 14, 22, 23, 26, 27, 29, 30, 32, 42, 43, 50, 52] = [ 4,  7, 15, 16, 17, 24, 25, 28, 31, 33, 34, 39, 40, 41, 51]
    W3: [ 1,  4,  7,  8, 12, 17, 26, 27, 29, 30, 33, 34, 35, 36, 39, 40, 44, 52] > [ 2,  3,  5,  6,  9, 10, 13, 15, 16, 18, 21, 22, 23, 28, 38, 43, 45, 49]
    W4: [ 0,  4,  6,  8, 10, 11, 17, 20, 23, 24, 27, 35, 39, 42, 43, 45, 46, 48] < [ 1,  3,  7, 13, 14, 15, 21, 22, 28, 30, 31, 33, 36, 38, 40, 41, 51, 52]
    Truth table row=[=, <, =, >, <] ix=96 result=10- is correct

Test 9-:
    W0: [15, 16, 17, 18, 20, 22, 23, 26, 27, 28, 31, 33, 34, 37, 45, 47, 48, 50, 52] = [19, 21, 24, 25, 29, 30, 32, 35, 36, 38, 39, 40, 41, 42, 43, 44, 46, 49, 51]
    W1: [ 7,  9, 10, 11, 12, 13, 14, 19, 21, 24, 25, 45, 47, 48, 50, 52] < [ 8, 15, 16, 17, 18, 20, 22, 23, 26, 27, 42, 43, 44, 46, 49, 51]
    W2: [ 5,  6, 13, 14, 22, 23, 26, 27, 29, 30, 32, 42, 43, 50, 52] = [ 4,  7, 15, 16, 17, 24, 25, 28, 31, 33, 34, 39, 40, 41, 51]
    W3: [ 1,  4,  7,  8, 12, 17, 26, 27, 29, 30, 33, 34, 35, 36, 39, 40, 44, 52] > [ 2,  3,  5,  6,  9, 10, 13, 15, 16, 18, 21, 22, 23, 28, 38, 43, 45, 49]
    W4: [ 0,  4,  6,  8, 10, 11, 17, 20, 23, 24, 27, 35, 39, 42, 43, 45, 46, 48] = [ 1,  3,  7, 13, 14, 15, 21, 22, 28, 30, 31, 33, 36, 38, 40, 41, 51, 52]
    Truth table row=[=, <, =, >, =] ix=97 result=9- is correct

Test 8-:
    W0: [15, 16, 17, 18, 20, 22, 23, 26, 27, 28, 31, 33, 34, 37, 45, 47, 48, 50, 52] = [19, 21, 24, 25, 29, 30, 32, 35, 36, 38, 39, 40, 41, 42, 43, 44, 46, 49, 51]
    W1: [ 7,  9, 10, 11, 12, 13, 14, 19, 21, 24, 25, 45, 47, 48, 50, 52] > [ 8, 15, 16, 17, 18, 20, 22, 23, 26, 27, 42, 43, 44, 46, 49, 51]
    W2: [ 5,  6, 13, 14, 22, 23, 26, 27, 29, 30, 32, 42, 43, 50, 52] = [ 4,  7, 15, 16, 17, 24, 25, 28, 31, 33, 34, 39, 40, 41, 51]
    W3: [ 1,  4,  7,  8, 12, 17, 26, 27, 29, 30, 33, 34, 35, 36, 39, 40, 44, 52] < [ 2,  3,  5,  6,  9, 10, 13, 15, 16, 18, 21, 22, 23, 28, 38, 43, 45, 49]
    W4: [ 0,  4,  6,  8, 10, 11, 17, 20, 23, 24, 27, 35, 39, 42, 43, 45, 46, 48] < [ 1,  3,  7, 13, 14, 15, 21, 22, 28, 30, 31, 33, 36, 38, 40, 41, 51, 52]
    Truth table row=[=, >, =, <, <] ix=144 result=8- is correct

Test 7-:
    W0: [15, 16, 17, 18, 20, 22, 23, 26, 27, 28, 31, 33, 34, 37, 45, 47, 48, 50, 52] = [19, 21, 24, 25, 29, 30, 32, 35, 36, 38, 39, 40, 41, 42, 43, 44, 46, 49, 51]
    W1: [ 7,  9, 10, 11, 12, 13, 14, 19, 21, 24, 25, 45, 47, 48, 50, 52] < [ 8, 15, 16, 17, 18, 20, 22, 23, 26, 27, 42, 43, 44, 46, 49, 51]
    W2: [ 5,  6, 13, 14, 22, 23, 26, 27, 29, 30, 32, 42, 43, 50, 52] > [ 4,  7, 15, 16, 17, 24, 25, 28, 31, 33, 34, 39, 40, 41, 51]
    W3: [ 1,  4,  7,  8, 12, 17, 26, 27, 29, 30, 33, 34, 35, 36, 39, 40, 44, 52] < [ 2,  3,  5,  6,  9, 10, 13, 15, 16, 18, 21, 22, 23, 28, 38, 43, 45, 49]
    W4: [ 0,  4,  6,  8, 10, 11, 17, 20, 23, 24, 27, 35, 39, 42, 43, 45, 46, 48] > [ 1,  3,  7, 13, 14, 15, 21, 22, 28, 30, 31, 33, 36, 38, 40, 41, 51, 52]
    Truth table row=[=, <, >, <, >] ix=101 result=7- is correct

Test 6-:
    W0: [15, 16, 17, 18, 20, 22, 23, 26, 27, 28, 31, 33, 34, 37, 45, 47, 48, 50, 52] = [19, 21, 24, 25, 29, 30, 32, 35, 36, 38, 39, 40, 41, 42, 43, 44, 46, 49, 51]
    W1: [ 7,  9, 10, 11, 12, 13, 14, 19, 21, 24, 25, 45, 47, 48, 50, 52] = [ 8, 15, 16, 17, 18, 20, 22, 23, 26, 27, 42, 43, 44, 46, 49, 51]
    W2: [ 5,  6, 13, 14, 22, 23, 26, 27, 29, 30, 32, 42, 43, 50, 52] < [ 4,  7, 15, 16, 17, 24, 25, 28, 31, 33, 34, 39, 40, 41, 51]
    W3: [ 1,  4,  7,  8, 12, 17, 26, 27, 29, 30, 33, 34, 35, 36, 39, 40, 44, 52] > [ 2,  3,  5,  6,  9, 10, 13, 15, 16, 18, 21, 22, 23, 28, 38, 43, 45, 49]
    W4: [ 0,  4,  6,  8, 10, 11, 17, 20, 23, 24, 27, 35, 39, 42, 43, 45, 46, 48] < [ 1,  3,  7, 13, 14, 15, 21, 22, 28, 30, 31, 33, 36, 38, 40, 41, 51, 52]
    Truth table row=[=, =, <, >, <] ix=114 result=6- is correct

Test 5-:
    W0: [15, 16, 17, 18, 20, 22, 23, 26, 27, 28, 31, 33, 34, 37, 45, 47, 48, 50, 52] = [19, 21, 24, 25, 29, 30, 32, 35, 36, 38, 39, 40, 41, 42, 43, 44, 46, 49, 51]
    W1: [ 7,  9, 10, 11, 12, 13, 14, 19, 21, 24, 25, 45, 47, 48, 50, 52] = [ 8, 15, 16, 17, 18, 20, 22, 23, 26, 27, 42, 43, 44, 46, 49, 51]
    W2: [ 5,  6, 13, 14, 22, 23, 26, 27, 29, 30, 32, 42, 43, 50, 52] < [ 4,  7, 15, 16, 17, 24, 25, 28, 31, 33, 34, 39, 40, 41, 51]
    W3: [ 1,  4,  7,  8, 12, 17, 26, 27, 29, 30, 33, 34, 35, 36, 39, 40, 44, 52] > [ 2,  3,  5,  6,  9, 10, 13, 15, 16, 18, 21, 22, 23, 28, 38, 43, 45, 49]
    W4: [ 0,  4,  6,  8, 10, 11, 17, 20, 23, 24, 27, 35, 39, 42, 43, 45, 46, 48] = [ 1,  3,  7, 13, 14, 15, 21, 22, 28, 30, 31, 33, 36, 38, 40, 41, 51, 52]
    Truth table row=[=, =, <, >, =] ix=115 result=5- is correct

Test 4-:
    W0: [15, 16, 17, 18, 20, 22, 23, 26, 27, 28, 31, 33, 34, 37, 45, 47, 48, 50, 52] = [19, 21, 24, 25, 29, 30, 32, 35, 36, 38, 39, 40, 41, 42, 43, 44, 46, 49, 51]
    W1: [ 7,  9, 10, 11, 12, 13, 14, 19, 21, 24, 25, 45, 47, 48, 50, 52] = [ 8, 15, 16, 17, 18, 20, 22, 23, 26, 27, 42, 43, 44, 46, 49, 51]
    W2: [ 5,  6, 13, 14, 22, 23, 26, 27, 29, 30, 32, 42, 43, 50, 52] > [ 4,  7, 15, 16, 17, 24, 25, 28, 31, 33, 34, 39, 40, 41, 51]
    W3: [ 1,  4,  7,  8, 12, 17, 26, 27, 29, 30, 33, 34, 35, 36, 39, 40, 44, 52] < [ 2,  3,  5,  6,  9, 10, 13, 15, 16, 18, 21, 22, 23, 28, 38, 43, 45, 49]
    W4: [ 0,  4,  6,  8, 10, 11, 17, 20, 23, 24, 27, 35, 39, 42, 43, 45, 46, 48] < [ 1,  3,  7, 13, 14, 15, 21, 22, 28, 30, 31, 33, 36, 38, 40, 41, 51, 52]
    Truth table row=[=, =, >, <, <] ix=126 result=4- is correct

Test 3-:
    W0: [15, 16, 17, 18, 20, 22, 23, 26, 27, 28, 31, 33, 34, 37, 45, 47, 48, 50, 52] = [19, 21, 24, 25, 29, 30, 32, 35, 36, 38, 39, 40, 41, 42, 43, 44, 46, 49, 51]
    W1: [ 7,  9, 10, 11, 12, 13, 14, 19, 21, 24, 25, 45, 47, 48, 50, 52] = [ 8, 15, 16, 17, 18, 20, 22, 23, 26, 27, 42, 43, 44, 46, 49, 51]
    W2: [ 5,  6, 13, 14, 22, 23, 26, 27, 29, 30, 32, 42, 43, 50, 52] = [ 4,  7, 15, 16, 17, 24, 25, 28, 31, 33, 34, 39, 40, 41, 51]
    W3: [ 1,  4,  7,  8, 12, 17, 26, 27, 29, 30, 33, 34, 35, 36, 39, 40, 44, 52] > [ 2,  3,  5,  6,  9, 10, 13, 15, 16, 18, 21, 22, 23, 28, 38, 43, 45, 49]
    W4: [ 0,  4,  6,  8, 10, 11, 17, 20, 23, 24, 27, 35, 39, 42, 43, 45, 46, 48] > [ 1,  3,  7, 13, 14, 15, 21, 22, 28, 30, 31, 33, 36, 38, 40, 41, 51, 52]
    Truth table row=[=, =, =, >, >] ix=125 result=3- is correct

Test 2-:
    W0: [15, 16, 17, 18, 20, 22, 23, 26, 27, 28, 31, 33, 34, 37, 45, 47, 48, 50, 52] = [19, 21, 24, 25, 29, 30, 32, 35, 36, 38, 39, 40, 41, 42, 43, 44, 46, 49, 51]
    W1: [ 7,  9, 10, 11, 12, 13, 14, 19, 21, 24, 25, 45, 47, 48, 50, 52] = [ 8, 15, 16, 17, 18, 20, 22, 23, 26, 27, 42, 43, 44, 46, 49, 51]
    W2: [ 5,  6, 13, 14, 22, 23, 26, 27, 29, 30, 32, 42, 43, 50, 52] = [ 4,  7, 15, 16, 17, 24, 25, 28, 31, 33, 34, 39, 40, 41, 51]
    W3: [ 1,  4,  7,  8, 12, 17, 26, 27, 29, 30, 33, 34, 35, 36, 39, 40, 44, 52] > [ 2,  3,  5,  6,  9, 10, 13, 15, 16, 18, 21, 22, 23, 28, 38, 43, 45, 49]
    W4: [ 0,  4,  6,  8, 10, 11, 17, 20, 23, 24, 27, 35, 39, 42, 43, 45, 46, 48] = [ 1,  3,  7, 13, 14, 15, 21, 22, 28, 30, 31, 33, 36, 38, 40, 41, 51, 52]
    Truth table row=[=, =, =, >, =] ix=124 result=2- is correct

Test 1-:
    W0: [15, 16, 17, 18, 20, 22, 23, 26, 27, 28, 31, 33, 34, 37, 45, 47, 48, 50, 52] = [19, 21, 24, 25, 29, 30, 32, 35, 36, 38, 39, 40, 41, 42, 43, 44, 46, 49, 51]
    W1: [ 7,  9, 10, 11, 12, 13, 14, 19, 21, 24, 25, 45, 47, 48, 50, 52] = [ 8, 15, 16, 17, 18, 20, 22, 23, 26, 27, 42, 43, 44, 46, 49, 51]
    W2: [ 5,  6, 13, 14, 22, 23, 26, 27, 29, 30, 32, 42, 43, 50, 52] = [ 4,  7, 15, 16, 17, 24, 25, 28, 31, 33, 34, 39, 40, 41, 51]
    W3: [ 1,  4,  7,  8, 12, 17, 26, 27, 29, 30, 33, 34, 35, 36, 39, 40, 44, 52] < [ 2,  3,  5,  6,  9, 10, 13, 15, 16, 18, 21, 22, 23, 28, 38, 43, 45, 49]
    W4: [ 0,  4,  6,  8, 10, 11, 17, 20, 23, 24, 27, 35, 39, 42, 43, 45, 46, 48] > [ 1,  3,  7, 13, 14, 15, 21, 22, 28, 30, 31, 33, 36, 38, 40, 41, 51, 52]
    Truth table row=[=, =, =, <, >] ix=119 result=1- is correct

Test 0-:
    W0: [15, 16, 17, 18, 20, 22, 23, 26, 27, 28, 31, 33, 34, 37, 45, 47, 48, 50, 52] = [19, 21, 24, 25, 29, 30, 32, 35, 36, 38, 39, 40, 41, 42, 43, 44, 46, 49, 51]
    W1: [ 7,  9, 10, 11, 12, 13, 14, 19, 21, 24, 25, 45, 47, 48, 50, 52] = [ 8, 15, 16, 17, 18, 20, 22, 23, 26, 27, 42, 43, 44, 46, 49, 51]
    W2: [ 5,  6, 13, 14, 22, 23, 26, 27, 29, 30, 32, 42, 43, 50, 52] = [ 4,  7, 15, 16, 17, 24, 25, 28, 31, 33, 34, 39, 40, 41, 51]
    W3: [ 1,  4,  7,  8, 12, 17, 26, 27, 29, 30, 33, 34, 35, 36, 39, 40, 44, 52] = [ 2,  3,  5,  6,  9, 10, 13, 15, 16, 18, 21, 22, 23, 28, 38, 43, 45, 49]
    W4: [ 0,  4,  6,  8, 10, 11, 17, 20, 23, 24, 27, 35, 39, 42, 43, 45, 46, 48] < [ 1,  3,  7, 13, 14, 15, 21, 22, 28, 30, 31, 33, 36, 38, 40, 41, 51, 52]
    Truth table row=[=, =, =, =, <] ix=120 result=0- is correct

Test 0+:
    W0: [15, 16, 17, 18, 20, 22, 23, 26, 27, 28, 31, 33, 34, 37, 45, 47, 48, 50, 52] = [19, 21, 24, 25, 29, 30, 32, 35, 36, 38, 39, 40, 41, 42, 43, 44, 46, 49, 51]
    W1: [ 7,  9, 10, 11, 12, 13, 14, 19, 21, 24, 25, 45, 47, 48, 50, 52] = [ 8, 15, 16, 17, 18, 20, 22, 23, 26, 27, 42, 43, 44, 46, 49, 51]
    W2: [ 5,  6, 13, 14, 22, 23, 26, 27, 29, 30, 32, 42, 43, 50, 52] = [ 4,  7, 15, 16, 17, 24, 25, 28, 31, 33, 34, 39, 40, 41, 51]
    W3: [ 1,  4,  7,  8, 12, 17, 26, 27, 29, 30, 33, 34, 35, 36, 39, 40, 44, 52] = [ 2,  3,  5,  6,  9, 10, 13, 15, 16, 18, 21, 22, 23, 28, 38, 43, 45, 49]
    W4: [ 0,  4,  6,  8, 10, 11, 17, 20, 23, 24, 27, 35, 39, 42, 43, 45, 46, 48] > [ 1,  3,  7, 13, 14, 15, 21, 22, 28, 30, 31, 33, 36, 38, 40, 41, 51, 52]
    Truth table row=[=, =, =, =, >] ix=122 result=0+ is correct

Test 1+:
    W0: [15, 16, 17, 18, 20, 22, 23, 26, 27, 28, 31, 33, 34, 37, 45, 47, 48, 50, 52] = [19, 21, 24, 25, 29, 30, 32, 35, 36, 38, 39, 40, 41, 42, 43, 44, 46, 49, 51]
    W1: [ 7,  9, 10, 11, 12, 13, 14, 19, 21, 24, 25, 45, 47, 48, 50, 52] = [ 8, 15, 16, 17, 18, 20, 22, 23, 26, 27, 42, 43, 44, 46, 49, 51]
    W2: [ 5,  6, 13, 14, 22, 23, 26, 27, 29, 30, 32, 42, 43, 50, 52] = [ 4,  7, 15, 16, 17, 24, 25, 28, 31, 33, 34, 39, 40, 41, 51]
    W3: [ 1,  4,  7,  8, 12, 17, 26, 27, 29, 30, 33, 34, 35, 36, 39, 40, 44, 52] > [ 2,  3,  5,  6,  9, 10, 13, 15, 16, 18, 21, 22, 23, 28, 38, 43, 45, 49]
    W4: [ 0,  4,  6,  8, 10, 11, 17, 20, 23, 24, 27, 35, 39, 42, 43, 45, 46, 48] < [ 1,  3,  7, 13, 14, 15, 21, 22, 28, 30, 31, 33, 36, 38, 40, 41, 51, 52]
    Truth table row=[=, =, =, >, <] ix=123 result=1+ is correct

Test 2+:
    W0: [15, 16, 17, 18, 20, 22, 23, 26, 27, 28, 31, 33, 34, 37, 45, 47, 48, 50, 52] = [19, 21, 24, 25, 29, 30, 32, 35, 36, 38, 39, 40, 41, 42, 43, 44, 46, 49, 51]
    W1: [ 7,  9, 10, 11, 12, 13, 14, 19, 21, 24, 25, 45, 47, 48, 50, 52] = [ 8, 15, 16, 17, 18, 20, 22, 23, 26, 27, 42, 43, 44, 46, 49, 51]
    W2: [ 5,  6, 13, 14, 22, 23, 26, 27, 29, 30, 32, 42, 43, 50, 52] = [ 4,  7, 15, 16, 17, 24, 25, 28, 31, 33, 34, 39, 40, 41, 51]
    W3: [ 1,  4,  7,  8, 12, 17, 26, 27, 29, 30, 33, 34, 35, 36, 39, 40, 44, 52] < [ 2,  3,  5,  6,  9, 10, 13, 15, 16, 18, 21, 22, 23, 28, 38, 43, 45, 49]
    W4: [ 0,  4,  6,  8, 10, 11, 17, 20, 23, 24, 27, 35, 39, 42, 43, 45, 46, 48] = [ 1,  3,  7, 13, 14, 15, 21, 22, 28, 30, 31, 33, 36, 38, 40, 41, 51, 52]
    Truth table row=[=, =, =, <, =] ix=118 result=2+ is correct

Test 3+:
    W0: [15, 16, 17, 18, 20, 22, 23, 26, 27, 28, 31, 33, 34, 37, 45, 47, 48, 50, 52] = [19, 21, 24, 25, 29, 30, 32, 35, 36, 38, 39, 40, 41, 42, 43, 44, 46, 49, 51]
    W1: [ 7,  9, 10, 11, 12, 13, 14, 19, 21, 24, 25, 45, 47, 48, 50, 52] = [ 8, 15, 16, 17, 18, 20, 22, 23, 26, 27, 42, 43, 44, 46, 49, 51]
    W2: [ 5,  6, 13, 14, 22, 23, 26, 27, 29, 30, 32, 42, 43, 50, 52] = [ 4,  7, 15, 16, 17, 24, 25, 28, 31, 33, 34, 39, 40, 41, 51]
    W3: [ 1,  4,  7,  8, 12, 17, 26, 27, 29, 30, 33, 34, 35, 36, 39, 40, 44, 52] < [ 2,  3,  5,  6,  9, 10, 13, 15, 16, 18, 21, 22, 23, 28, 38, 43, 45, 49]
    W4: [ 0,  4,  6,  8, 10, 11, 17, 20, 23, 24, 27, 35, 39, 42, 43, 45, 46, 48] < [ 1,  3,  7, 13, 14, 15, 21, 22, 28, 30, 31, 33, 36, 38, 40, 41, 51, 52]
    Truth table row=[=, =, =, <, <] ix=117 result=3+ is correct

Test 4+:
    W0: [15, 16, 17, 18, 20, 22, 23, 26, 27, 28, 31, 33, 34, 37, 45, 47, 48, 50, 52] = [19, 21, 24, 25, 29, 30, 32, 35, 36, 38, 39, 40, 41, 42, 43, 44, 46, 49, 51]
    W1: [ 7,  9, 10, 11, 12, 13, 14, 19, 21, 24, 25, 45, 47, 48, 50, 52] = [ 8, 15, 16, 17, 18, 20, 22, 23, 26, 27, 42, 43, 44, 46, 49, 51]
    W2: [ 5,  6, 13, 14, 22, 23, 26, 27, 29, 30, 32, 42, 43, 50, 52] < [ 4,  7, 15, 16, 17, 24, 25, 28, 31, 33, 34, 39, 40, 41, 51]
    W3: [ 1,  4,  7,  8, 12, 17, 26, 27, 29, 30, 33, 34, 35, 36, 39, 40, 44, 52] > [ 2,  3,  5,  6,  9, 10, 13, 15, 16, 18, 21, 22, 23, 28, 38, 43, 45, 49]
    W4: [ 0,  4,  6,  8, 10, 11, 17, 20, 23, 24, 27, 35, 39, 42, 43, 45, 46, 48] > [ 1,  3,  7, 13, 14, 15, 21, 22, 28, 30, 31, 33, 36, 38, 40, 41, 51, 52]
    Truth table row=[=, =, <, >, >] ix=116 result=4+ is correct

Test 5+:
    W0: [15, 16, 17, 18, 20, 22, 23, 26, 27, 28, 31, 33, 34, 37, 45, 47, 48, 50, 52] = [19, 21, 24, 25, 29, 30, 32, 35, 36, 38, 39, 40, 41, 42, 43, 44, 46, 49, 51]
    W1: [ 7,  9, 10, 11, 12, 13, 14, 19, 21, 24, 25, 45, 47, 48, 50, 52] = [ 8, 15, 16, 17, 18, 20, 22, 23, 26, 27, 42, 43, 44, 46, 49, 51]
    W2: [ 5,  6, 13, 14, 22, 23, 26, 27, 29, 30, 32, 42, 43, 50, 52] > [ 4,  7, 15, 16, 17, 24, 25, 28, 31, 33, 34, 39, 40, 41, 51]
    W3: [ 1,  4,  7,  8, 12, 17, 26, 27, 29, 30, 33, 34, 35, 36, 39, 40, 44, 52] < [ 2,  3,  5,  6,  9, 10, 13, 15, 16, 18, 21, 22, 23, 28, 38, 43, 45, 49]
    W4: [ 0,  4,  6,  8, 10, 11, 17, 20, 23, 24, 27, 35, 39, 42, 43, 45, 46, 48] = [ 1,  3,  7, 13, 14, 15, 21, 22, 28, 30, 31, 33, 36, 38, 40, 41, 51, 52]
    Truth table row=[=, =, >, <, =] ix=127 result=5+ is correct

Test 6+:
    W0: [15, 16, 17, 18, 20, 22, 23, 26, 27, 28, 31, 33, 34, 37, 45, 47, 48, 50, 52] = [19, 21, 24, 25, 29, 30, 32, 35, 36, 38, 39, 40, 41, 42, 43, 44, 46, 49, 51]
    W1: [ 7,  9, 10, 11, 12, 13, 14, 19, 21, 24, 25, 45, 47, 48, 50, 52] = [ 8, 15, 16, 17, 18, 20, 22, 23, 26, 27, 42, 43, 44, 46, 49, 51]
    W2: [ 5,  6, 13, 14, 22, 23, 26, 27, 29, 30, 32, 42, 43, 50, 52] > [ 4,  7, 15, 16, 17, 24, 25, 28, 31, 33, 34, 39, 40, 41, 51]
    W3: [ 1,  4,  7,  8, 12, 17, 26, 27, 29, 30, 33, 34, 35, 36, 39, 40, 44, 52] < [ 2,  3,  5,  6,  9, 10, 13, 15, 16, 18, 21, 22, 23, 28, 38, 43, 45, 49]
    W4: [ 0,  4,  6,  8, 10, 11, 17, 20, 23, 24, 27, 35, 39, 42, 43, 45, 46, 48] > [ 1,  3,  7, 13, 14, 15, 21, 22, 28, 30, 31, 33, 36, 38, 40, 41, 51, 52]
    Truth table row=[=, =, >, <, >] ix=128 result=6+ is correct

Test 7+:
    W0: [15, 16, 17, 18, 20, 22, 23, 26, 27, 28, 31, 33, 34, 37, 45, 47, 48, 50, 52] = [19, 21, 24, 25, 29, 30, 32, 35, 36, 38, 39, 40, 41, 42, 43, 44, 46, 49, 51]
    W1: [ 7,  9, 10, 11, 12, 13, 14, 19, 21, 24, 25, 45, 47, 48, 50, 52] > [ 8, 15, 16, 17, 18, 20, 22, 23, 26, 27, 42, 43, 44, 46, 49, 51]
    W2: [ 5,  6, 13, 14, 22, 23, 26, 27, 29, 30, 32, 42, 43, 50, 52] < [ 4,  7, 15, 16, 17, 24, 25, 28, 31, 33, 34, 39, 40, 41, 51]
    W3: [ 1,  4,  7,  8, 12, 17, 26, 27, 29, 30, 33, 34, 35, 36, 39, 40, 44, 52] > [ 2,  3,  5,  6,  9, 10, 13, 15, 16, 18, 21, 22, 23, 28, 38, 43, 45, 49]
    W4: [ 0,  4,  6,  8, 10, 11, 17, 20, 23, 24, 27, 35, 39, 42, 43, 45, 46, 48] < [ 1,  3,  7, 13, 14, 15, 21, 22, 28, 30, 31, 33, 36, 38, 40, 41, 51, 52]
    Truth table row=[=, >, <, >, <] ix=141 result=7+ is correct

Test 8+:
    W0: [15, 16, 17, 18, 20, 22, 23, 26, 27, 28, 31, 33, 34, 37, 45, 47, 48, 50, 52] = [19, 21, 24, 25, 29, 30, 32, 35, 36, 38, 39, 40, 41, 42, 43, 44, 46, 49, 51]
    W1: [ 7,  9, 10, 11, 12, 13, 14, 19, 21, 24, 25, 45, 47, 48, 50, 52] < [ 8, 15, 16, 17, 18, 20, 22, 23, 26, 27, 42, 43, 44, 46, 49, 51]
    W2: [ 5,  6, 13, 14, 22, 23, 26, 27, 29, 30, 32, 42, 43, 50, 52] = [ 4,  7, 15, 16, 17, 24, 25, 28, 31, 33, 34, 39, 40, 41, 51]
    W3: [ 1,  4,  7,  8, 12, 17, 26, 27, 29, 30, 33, 34, 35, 36, 39, 40, 44, 52] > [ 2,  3,  5,  6,  9, 10, 13, 15, 16, 18, 21, 22, 23, 28, 38, 43, 45, 49]
    W4: [ 0,  4,  6,  8, 10, 11, 17, 20, 23, 24, 27, 35, 39, 42, 43, 45, 46, 48] > [ 1,  3,  7, 13, 14, 15, 21, 22, 28, 30, 31, 33, 36, 38, 40, 41, 51, 52]
    Truth table row=[=, <, =, >, >] ix=98 result=8+ is correct

Test 9+:
    W0: [15, 16, 17, 18, 20, 22, 23, 26, 27, 28, 31, 33, 34, 37, 45, 47, 48, 50, 52] = [19, 21, 24, 25, 29, 30, 32, 35, 36, 38, 39, 40, 41, 42, 43, 44, 46, 49, 51]
    W1: [ 7,  9, 10, 11, 12, 13, 14, 19, 21, 24, 25, 45, 47, 48, 50, 52] > [ 8, 15, 16, 17, 18, 20, 22, 23, 26, 27, 42, 43, 44, 46, 49, 51]
    W2: [ 5,  6, 13, 14, 22, 23, 26, 27, 29, 30, 32, 42, 43, 50, 52] = [ 4,  7, 15, 16, 17, 24, 25, 28, 31, 33, 34, 39, 40, 41, 51]
    W3: [ 1,  4,  7,  8, 12, 17, 26, 27, 29, 30, 33, 34, 35, 36, 39, 40, 44, 52] < [ 2,  3,  5,  6,  9, 10, 13, 15, 16, 18, 21, 22, 23, 28, 38, 43, 45, 49]
    W4: [ 0,  4,  6,  8, 10, 11, 17, 20, 23, 24, 27, 35, 39, 42, 43, 45, 46, 48] = [ 1,  3,  7, 13, 14, 15, 21, 22, 28, 30, 31, 33, 36, 38, 40, 41, 51, 52]
    Truth table row=[=, >, =, <, =] ix=145 result=9+ is correct

Test 10+:
    W0: [15, 16, 17, 18, 20, 22, 23, 26, 27, 28, 31, 33, 34, 37, 45, 47, 48, 50, 52] = [19, 21, 24, 25, 29, 30, 32, 35, 36, 38, 39, 40, 41, 42, 43, 44, 46, 49, 51]
    W1: [ 7,  9, 10, 11, 12, 13, 14, 19, 21, 24, 25, 45, 47, 48, 50, 52] > [ 8, 15, 16, 17, 18, 20, 22, 23, 26, 27, 42, 43, 44, 46, 49, 51]
    W2: [ 5,  6, 13, 14, 22, 23, 26, 27, 29, 30, 32, 42, 43, 50, 52] = [ 4,  7, 15, 16, 17, 24, 25, 28, 31, 33, 34, 39, 40, 41, 51]
    W3: [ 1,  4,  7,  8, 12, 17, 26, 27, 29, 30, 33, 34, 35, 36, 39, 40, 44, 52] < [ 2,  3,  5,  6,  9, 10, 13, 15, 16, 18, 21, 22, 23, 28, 38, 43, 45, 49]
    W4: [ 0,  4,  6,  8, 10, 11, 17, 20, 23, 24, 27, 35, 39, 42, 43, 45, 46, 48] > [ 1,  3,  7, 13, 14, 15, 21, 22, 28, 30, 31, 33, 36, 38, 40, 41, 51, 52]
    Truth table row=[=, >, =, <, >] ix=146 result=10+ is correct

Test 11+:
    W0: [15, 16, 17, 18, 20, 22, 23, 26, 27, 28, 31, 33, 34, 37, 45, 47, 48, 50, 52] = [19, 21, 24, 25, 29, 30, 32, 35, 36, 38, 39, 40, 41, 42, 43, 44, 46, 49, 51]
    W1: [ 7,  9, 10, 11, 12, 13, 14, 19, 21, 24, 25, 45, 47, 48, 50, 52] > [ 8, 15, 16, 17, 18, 20, 22, 23, 26, 27, 42, 43, 44, 46, 49, 51]
    W2: [ 5,  6, 13, 14, 22, 23, 26, 27, 29, 30, 32, 42, 43, 50, 52] = [ 4,  7, 15, 16, 17, 24, 25, 28, 31, 33, 34, 39, 40, 41, 51]
    W3: [ 1,  4,  7,  8, 12, 17, 26, 27, 29, 30, 33, 34, 35, 36, 39, 40, 44, 52] = [ 2,  3,  5,  6,  9, 10, 13, 15, 16, 18, 21, 22, 23, 28, 38, 43, 45, 49]
    W4: [ 0,  4,  6,  8, 10, 11, 17, 20, 23, 24, 27, 35, 39, 42, 43, 45, 46, 48] > [ 1,  3,  7, 13, 14, 15, 21, 22, 28, 30, 31, 33, 36, 38, 40, 41, 51, 52]
    Truth table row=[=, >, =, =, >] ix=149 result=11+ is correct

Test 12+:
    W0: [15, 16, 17, 18, 20, 22, 23, 26, 27, 28, 31, 33, 34, 37, 45, 47, 48, 50, 52] = [19, 21, 24, 25, 29, 30, 32, 35, 36, 38, 39, 40, 41, 42, 43, 44, 46, 49, 51]
    W1: [ 7,  9, 10, 11, 12, 13, 14, 19, 21, 24, 25, 45, 47, 48, 50, 52] > [ 8, 15, 16, 17, 18, 20, 22, 23, 26, 27, 42, 43, 44, 46, 49, 51]
    W2: [ 5,  6, 13, 14, 22, 23, 26, 27, 29, 30, 32, 42, 43, 50, 52] = [ 4,  7, 15, 16, 17, 24, 25, 28, 31, 33, 34, 39, 40, 41, 51]
    W3: [ 1,  4,  7,  8, 12, 17, 26, 27, 29, 30, 33, 34, 35, 36, 39, 40, 44, 52] > [ 2,  3,  5,  6,  9, 10, 13, 15, 16, 18, 21, 22, 23, 28, 38, 43, 45, 49]
    W4: [ 0,  4,  6,  8, 10, 11, 17, 20, 23, 24, 27, 35, 39, 42, 43, 45, 46, 48] = [ 1,  3,  7, 13, 14, 15, 21, 22, 28, 30, 31, 33, 36, 38, 40, 41, 51, 52]
    Truth table row=[=, >, =, >, =] ix=151 result=12+ is correct

Test 13+:
    W0: [15, 16, 17, 18, 20, 22, 23, 26, 27, 28, 31, 33, 34, 37, 45, 47, 48, 50, 52] = [19, 21, 24, 25, 29, 30, 32, 35, 36, 38, 39, 40, 41, 42, 43, 44, 46, 49, 51]
    W1: [ 7,  9, 10, 11, 12, 13, 14, 19, 21, 24, 25, 45, 47, 48, 50, 52] > [ 8, 15, 16, 17, 18, 20, 22, 23, 26, 27, 42, 43, 44, 46, 49, 51]
    W2: [ 5,  6, 13, 14, 22, 23, 26, 27, 29, 30, 32, 42, 43, 50, 52] > [ 4,  7, 15, 16, 17, 24, 25, 28, 31, 33, 34, 39, 40, 41, 51]
    W3: [ 1,  4,  7,  8, 12, 17, 26, 27, 29, 30, 33, 34, 35, 36, 39, 40, 44, 52] < [ 2,  3,  5,  6,  9, 10, 13, 15, 16, 18, 21, 22, 23, 28, 38, 43, 45, 49]
    W4: [ 0,  4,  6,  8, 10, 11, 17, 20, 23, 24, 27, 35, 39, 42, 43, 45, 46, 48] < [ 1,  3,  7, 13, 14, 15, 21, 22, 28, 30, 31, 33, 36, 38, 40, 41, 51, 52]
    Truth table row=[=, >, >, <, <] ix=153 result=13+ is correct

Test 14+:
    W0: [15, 16, 17, 18, 20, 22, 23, 26, 27, 28, 31, 33, 34, 37, 45, 47, 48, 50, 52] = [19, 21, 24, 25, 29, 30, 32, 35, 36, 38, 39, 40, 41, 42, 43, 44, 46, 49, 51]
    W1: [ 7,  9, 10, 11, 12, 13, 14, 19, 21, 24, 25, 45, 47, 48, 50, 52] > [ 8, 15, 16, 17, 18, 20, 22, 23, 26, 27, 42, 43, 44, 46, 49, 51]
    W2: [ 5,  6, 13, 14, 22, 23, 26, 27, 29, 30, 32, 42, 43, 50, 52] > [ 4,  7, 15, 16, 17, 24, 25, 28, 31, 33, 34, 39, 40, 41, 51]
    W3: [ 1,  4,  7,  8, 12, 17, 26, 27, 29, 30, 33, 34, 35, 36, 39, 40, 44, 52] = [ 2,  3,  5,  6,  9, 10, 13, 15, 16, 18, 21, 22, 23, 28, 38, 43, 45, 49]
    W4: [ 0,  4,  6,  8, 10, 11, 17, 20, 23, 24, 27, 35, 39, 42, 43, 45, 46, 48] < [ 1,  3,  7, 13, 14, 15, 21, 22, 28, 30, 31, 33, 36, 38, 40, 41, 51, 52]
    Truth table row=[=, >, >, =, <] ix=156 result=14+ is correct

Test 15+:
    W0: [15, 16, 17, 18, 20, 22, 23, 26, 27, 28, 31, 33, 34, 37, 45, 47, 48, 50, 52] > [19, 21, 24, 25, 29, 30, 32, 35, 36, 38, 39, 40, 41, 42, 43, 44, 46, 49, 51]
    W1: [ 7,  9, 10, 11, 12, 13, 14, 19, 21, 24, 25, 45, 47, 48, 50, 52] < [ 8, 15, 16, 17, 18, 20, 22, 23, 26, 27, 42, 43, 44, 46, 49, 51]
    W2: [ 5,  6, 13, 14, 22, 23, 26, 27, 29, 30, 32, 42, 43, 50, 52] < [ 4,  7, 15, 16, 17, 24, 25, 28, 31, 33, 34, 39, 40, 41, 51]
    W3: [ 1,  4,  7,  8, 12, 17, 26, 27, 29, 30, 33, 34, 35, 36, 39, 40, 44, 52] < [ 2,  3,  5,  6,  9, 10, 13, 15, 16, 18, 21, 22, 23, 28, 38, 43, 45, 49]
    W4: [ 0,  4,  6,  8, 10, 11, 17, 20, 23, 24, 27, 35, 39, 42, 43, 45, 46, 48] < [ 1,  3,  7, 13, 14, 15, 21, 22, 28, 30, 31, 33, 36, 38, 40, 41, 51, 52]
    Truth table row=[>, <, <, <, <] ix=162 result=15+ is correct

Test 16+:
    W0: [15, 16, 17, 18, 20, 22, 23, 26, 27, 28, 31, 33, 34, 37, 45, 47, 48, 50, 52] > [19, 21, 24, 25, 29, 30, 32, 35, 36, 38, 39, 40, 41, 42, 43, 44, 46, 49, 51]
    W1: [ 7,  9, 10, 11, 12, 13, 14, 19, 21, 24, 25, 45, 47, 48, 50, 52] < [ 8, 15, 16, 17, 18, 20, 22, 23, 26, 27, 42, 43, 44, 46, 49, 51]
    W2: [ 5,  6, 13, 14, 22, 23, 26, 27, 29, 30, 32, 42, 43, 50, 52] < [ 4,  7, 15, 16, 17, 24, 25, 28, 31, 33, 34, 39, 40, 41, 51]
    W3: [ 1,  4,  7,  8, 12, 17, 26, 27, 29, 30, 33, 34, 35, 36, 39, 40, 44, 52] < [ 2,  3,  5,  6,  9, 10, 13, 15, 16, 18, 21, 22, 23, 28, 38, 43, 45, 49]
    W4: [ 0,  4,  6,  8, 10, 11, 17, 20, 23, 24, 27, 35, 39, 42, 43, 45, 46, 48] = [ 1,  3,  7, 13, 14, 15, 21, 22, 28, 30, 31, 33, 36, 38, 40, 41, 51, 52]
    Truth table row=[>, <, <, <, =] ix=163 result=16+ is correct

Test 17+:
    W0: [15, 16, 17, 18, 20, 22, 23, 26, 27, 28, 31, 33, 34, 37, 45, 47, 48, 50, 52] > [19, 21, 24, 25, 29, 30, 32, 35, 36, 38, 39, 40, 41, 42, 43, 44, 46, 49, 51]
    W1: [ 7,  9, 10, 11, 12, 13, 14, 19, 21, 24, 25, 45, 47, 48, 50, 52] < [ 8, 15, 16, 17, 18, 20, 22, 23, 26, 27, 42, 43, 44, 46, 49, 51]
    W2: [ 5,  6, 13, 14, 22, 23, 26, 27, 29, 30, 32, 42, 43, 50, 52] < [ 4,  7, 15, 16, 17, 24, 25, 28, 31, 33, 34, 39, 40, 41, 51]
    W3: [ 1,  4,  7,  8, 12, 17, 26, 27, 29, 30, 33, 34, 35, 36, 39, 40, 44, 52] > [ 2,  3,  5,  6,  9, 10, 13, 15, 16, 18, 21, 22, 23, 28, 38, 43, 45, 49]
    W4: [ 0,  4,  6,  8, 10, 11, 17, 20, 23, 24, 27, 35, 39, 42, 43, 45, 46, 48] > [ 1,  3,  7, 13, 14, 15, 21, 22, 28, 30, 31, 33, 36, 38, 40, 41, 51, 52]
    Truth table row=[>, <, <, >, >] ix=170 result=17+ is correct

Test 18+:
    W0: [15, 16, 17, 18, 20, 22, 23, 26, 27, 28, 31, 33, 34, 37, 45, 47, 48, 50, 52] > [19, 21, 24, 25, 29, 30, 32, 35, 36, 38, 39, 40, 41, 42, 43, 44, 46, 49, 51]
    W1: [ 7,  9, 10, 11, 12, 13, 14, 19, 21, 24, 25, 45, 47, 48, 50, 52] < [ 8, 15, 16, 17, 18, 20, 22, 23, 26, 27, 42, 43, 44, 46, 49, 51]
    W2: [ 5,  6, 13, 14, 22, 23, 26, 27, 29, 30, 32, 42, 43, 50, 52] = [ 4,  7, 15, 16, 17, 24, 25, 28, 31, 33, 34, 39, 40, 41, 51]
    W3: [ 1,  4,  7,  8, 12, 17, 26, 27, 29, 30, 33, 34, 35, 36, 39, 40, 44, 52] < [ 2,  3,  5,  6,  9, 10, 13, 15, 16, 18, 21, 22, 23, 28, 38, 43, 45, 49]
    W4: [ 0,  4,  6,  8, 10, 11, 17, 20, 23, 24, 27, 35, 39, 42, 43, 45, 46, 48] = [ 1,  3,  7, 13, 14, 15, 21, 22, 28, 30, 31, 33, 36, 38, 40, 41, 51, 52]
    Truth table row=[>, <, =, <, =] ix=172 result=18+ is correct

Test 19+:
    W0: [15, 16, 17, 18, 20, 22, 23, 26, 27, 28, 31, 33, 34, 37, 45, 47, 48, 50, 52] < [19, 21, 24, 25, 29, 30, 32, 35, 36, 38, 39, 40, 41, 42, 43, 44, 46, 49, 51]
    W1: [ 7,  9, 10, 11, 12, 13, 14, 19, 21, 24, 25, 45, 47, 48, 50, 52] > [ 8, 15, 16, 17, 18, 20, 22, 23, 26, 27, 42, 43, 44, 46, 49, 51]
    W2: [ 5,  6, 13, 14, 22, 23, 26, 27, 29, 30, 32, 42, 43, 50, 52] = [ 4,  7, 15, 16, 17, 24, 25, 28, 31, 33, 34, 39, 40, 41, 51]
    W3: [ 1,  4,  7,  8, 12, 17, 26, 27, 29, 30, 33, 34, 35, 36, 39, 40, 44, 52] = [ 2,  3,  5,  6,  9, 10, 13, 15, 16, 18, 21, 22, 23, 28, 38, 43, 45, 49]
    W4: [ 0,  4,  6,  8, 10, 11, 17, 20, 23, 24, 27, 35, 39, 42, 43, 45, 46, 48] = [ 1,  3,  7, 13, 14, 15, 21, 22, 28, 30, 31, 33, 36, 38, 40, 41, 51, 52]
    Truth table row=[<, >, =, =, =] ix=67 result=19+ is correct

Test 20+:
    W0: [15, 16, 17, 18, 20, 22, 23, 26, 27, 28, 31, 33, 34, 37, 45, 47, 48, 50, 52] > [19, 21, 24, 25, 29, 30, 32, 35, 36, 38, 39, 40, 41, 42, 43, 44, 46, 49, 51]
    W1: [ 7,  9, 10, 11, 12, 13, 14, 19, 21, 24, 25, 45, 47, 48, 50, 52] < [ 8, 15, 16, 17, 18, 20, 22, 23, 26, 27, 42, 43, 44, 46, 49, 51]
    W2: [ 5,  6, 13, 14, 22, 23, 26, 27, 29, 30, 32, 42, 43, 50, 52] = [ 4,  7, 15, 16, 17, 24, 25, 28, 31, 33, 34, 39, 40, 41, 51]
    W3: [ 1,  4,  7,  8, 12, 17, 26, 27, 29, 30, 33, 34, 35, 36, 39, 40, 44, 52] = [ 2,  3,  5,  6,  9, 10, 13, 15, 16, 18, 21, 22, 23, 28, 38, 43, 45, 49]
    W4: [ 0,  4,  6,  8, 10, 11, 17, 20, 23, 24, 27, 35, 39, 42, 43, 45, 46, 48] > [ 1,  3,  7, 13, 14, 15, 21, 22, 28, 30, 31, 33, 36, 38, 40, 41, 51, 52]
    Truth table row=[>, <, =, =, >] ix=176 result=20+ is correct

Test 21+:
    W0: [15, 16, 17, 18, 20, 22, 23, 26, 27, 28, 31, 33, 34, 37, 45, 47, 48, 50, 52] < [19, 21, 24, 25, 29, 30, 32, 35, 36, 38, 39, 40, 41, 42, 43, 44, 46, 49, 51]
    W1: [ 7,  9, 10, 11, 12, 13, 14, 19, 21, 24, 25, 45, 47, 48, 50, 52] > [ 8, 15, 16, 17, 18, 20, 22, 23, 26, 27, 42, 43, 44, 46, 49, 51]
    W2: [ 5,  6, 13, 14, 22, 23, 26, 27, 29, 30, 32, 42, 43, 50, 52] = [ 4,  7, 15, 16, 17, 24, 25, 28, 31, 33, 34, 39, 40, 41, 51]
    W3: [ 1,  4,  7,  8, 12, 17, 26, 27, 29, 30, 33, 34, 35, 36, 39, 40, 44, 52] < [ 2,  3,  5,  6,  9, 10, 13, 15, 16, 18, 21, 22, 23, 28, 38, 43, 45, 49]
    W4: [ 0,  4,  6,  8, 10, 11, 17, 20, 23, 24, 27, 35, 39, 42, 43, 45, 46, 48] < [ 1,  3,  7, 13, 14, 15, 21, 22, 28, 30, 31, 33, 36, 38, 40, 41, 51, 52]
    Truth table row=[<, >, =, <, <] ix=63 result=21+ is correct

Test 22+:
    W0: [15, 16, 17, 18, 20, 22, 23, 26, 27, 28, 31, 33, 34, 37, 45, 47, 48, 50, 52] > [19, 21, 24, 25, 29, 30, 32, 35, 36, 38, 39, 40, 41, 42, 43, 44, 46, 49, 51]
    W1: [ 7,  9, 10, 11, 12, 13, 14, 19, 21, 24, 25, 45, 47, 48, 50, 52] < [ 8, 15, 16, 17, 18, 20, 22, 23, 26, 27, 42, 43, 44, 46, 49, 51]
    W2: [ 5,  6, 13, 14, 22, 23, 26, 27, 29, 30, 32, 42, 43, 50, 52] > [ 4,  7, 15, 16, 17, 24, 25, 28, 31, 33, 34, 39, 40, 41, 51]
    W3: [ 1,  4,  7,  8, 12, 17, 26, 27, 29, 30, 33, 34, 35, 36, 39, 40, 44, 52] < [ 2,  3,  5,  6,  9, 10, 13, 15, 16, 18, 21, 22, 23, 28, 38, 43, 45, 49]
    W4: [ 0,  4,  6,  8, 10, 11, 17, 20, 23, 24, 27, 35, 39, 42, 43, 45, 46, 48] < [ 1,  3,  7, 13, 14, 15, 21, 22, 28, 30, 31, 33, 36, 38, 40, 41, 51, 52]
    Truth table row=[>, <, >, <, <] ix=180 result=22+ is correct

Test 23+:
    W0: [15, 16, 17, 18, 20, 22, 23, 26, 27, 28, 31, 33, 34, 37, 45, 47, 48, 50, 52] > [19, 21, 24, 25, 29, 30, 32, 35, 36, 38, 39, 40, 41, 42, 43, 44, 46, 49, 51]
    W1: [ 7,  9, 10, 11, 12, 13, 14, 19, 21, 24, 25, 45, 47, 48, 50, 52] < [ 8, 15, 16, 17, 18, 20, 22, 23, 26, 27, 42, 43, 44, 46, 49, 51]
    W2: [ 5,  6, 13, 14, 22, 23, 26, 27, 29, 30, 32, 42, 43, 50, 52] > [ 4,  7, 15, 16, 17, 24, 25, 28, 31, 33, 34, 39, 40, 41, 51]
    W3: [ 1,  4,  7,  8, 12, 17, 26, 27, 29, 30, 33, 34, 35, 36, 39, 40, 44, 52] < [ 2,  3,  5,  6,  9, 10, 13, 15, 16, 18, 21, 22, 23, 28, 38, 43, 45, 49]
    W4: [ 0,  4,  6,  8, 10, 11, 17, 20, 23, 24, 27, 35, 39, 42, 43, 45, 46, 48] > [ 1,  3,  7, 13, 14, 15, 21, 22, 28, 30, 31, 33, 36, 38, 40, 41, 51, 52]
    Truth table row=[>, <, >, <, >] ix=182 result=23+ is correct

Test 24+:
    W0: [15, 16, 17, 18, 20, 22, 23, 26, 27, 28, 31, 33, 34, 37, 45, 47, 48, 50, 52] < [19, 21, 24, 25, 29, 30, 32, 35, 36, 38, 39, 40, 41, 42, 43, 44, 46, 49, 51]
    W1: [ 7,  9, 10, 11, 12, 13, 14, 19, 21, 24, 25, 45, 47, 48, 50, 52] > [ 8, 15, 16, 17, 18, 20, 22, 23, 26, 27, 42, 43, 44, 46, 49, 51]
    W2: [ 5,  6, 13, 14, 22, 23, 26, 27, 29, 30, 32, 42, 43, 50, 52] < [ 4,  7, 15, 16, 17, 24, 25, 28, 31, 33, 34, 39, 40, 41, 51]
    W3: [ 1,  4,  7,  8, 12, 17, 26, 27, 29, 30, 33, 34, 35, 36, 39, 40, 44, 52] = [ 2,  3,  5,  6,  9, 10, 13, 15, 16, 18, 21, 22, 23, 28, 38, 43, 45, 49]
    W4: [ 0,  4,  6,  8, 10, 11, 17, 20, 23, 24, 27, 35, 39, 42, 43, 45, 46, 48] > [ 1,  3,  7, 13, 14, 15, 21, 22, 28, 30, 31, 33, 36, 38, 40, 41, 51, 52]
    Truth table row=[<, >, <, =, >] ix=59 result=24+ is correct

Test 25+:
    W0: [15, 16, 17, 18, 20, 22, 23, 26, 27, 28, 31, 33, 34, 37, 45, 47, 48, 50, 52] < [19, 21, 24, 25, 29, 30, 32, 35, 36, 38, 39, 40, 41, 42, 43, 44, 46, 49, 51]
    W1: [ 7,  9, 10, 11, 12, 13, 14, 19, 21, 24, 25, 45, 47, 48, 50, 52] > [ 8, 15, 16, 17, 18, 20, 22, 23, 26, 27, 42, 43, 44, 46, 49, 51]
    W2: [ 5,  6, 13, 14, 22, 23, 26, 27, 29, 30, 32, 42, 43, 50, 52] < [ 4,  7, 15, 16, 17, 24, 25, 28, 31, 33, 34, 39, 40, 41, 51]
    W3: [ 1,  4,  7,  8, 12, 17, 26, 27, 29, 30, 33, 34, 35, 36, 39, 40, 44, 52] = [ 2,  3,  5,  6,  9, 10, 13, 15, 16, 18, 21, 22, 23, 28, 38, 43, 45, 49]
    W4: [ 0,  4,  6,  8, 10, 11, 17, 20, 23, 24, 27, 35, 39, 42, 43, 45, 46, 48] = [ 1,  3,  7, 13, 14, 15, 21, 22, 28, 30, 31, 33, 36, 38, 40, 41, 51, 52]
    Truth table row=[<, >, <, =, =] ix=58 result=25+ is correct

Test 26+:
    W0: [15, 16, 17, 18, 20, 22, 23, 26, 27, 28, 31, 33, 34, 37, 45, 47, 48, 50, 52] > [19, 21, 24, 25, 29, 30, 32, 35, 36, 38, 39, 40, 41, 42, 43, 44, 46, 49, 51]
    W1: [ 7,  9, 10, 11, 12, 13, 14, 19, 21, 24, 25, 45, 47, 48, 50, 52] < [ 8, 15, 16, 17, 18, 20, 22, 23, 26, 27, 42, 43, 44, 46, 49, 51]
    W2: [ 5,  6, 13, 14, 22, 23, 26, 27, 29, 30, 32, 42, 43, 50, 52] > [ 4,  7, 15, 16, 17, 24, 25, 28, 31, 33, 34, 39, 40, 41, 51]
    W3: [ 1,  4,  7,  8, 12, 17, 26, 27, 29, 30, 33, 34, 35, 36, 39, 40, 44, 52] > [ 2,  3,  5,  6,  9, 10, 13, 15, 16, 18, 21, 22, 23, 28, 38, 43, 45, 49]
    W4: [ 0,  4,  6,  8, 10, 11, 17, 20, 23, 24, 27, 35, 39, 42, 43, 45, 46, 48] = [ 1,  3,  7, 13, 14, 15, 21, 22, 28, 30, 31, 33, 36, 38, 40, 41, 51, 52]
    Truth table row=[>, <, >, >, =] ix=187 result=26+ is correct

Test 27+:
    W0: [15, 16, 17, 18, 20, 22, 23, 26, 27, 28, 31, 33, 34, 37, 45, 47, 48, 50, 52] > [19, 21, 24, 25, 29, 30, 32, 35, 36, 38, 39, 40, 41, 42, 43, 44, 46, 49, 51]
    W1: [ 7,  9, 10, 11, 12, 13, 14, 19, 21, 24, 25, 45, 47, 48, 50, 52] < [ 8, 15, 16, 17, 18, 20, 22, 23, 26, 27, 42, 43, 44, 46, 49, 51]
    W2: [ 5,  6, 13, 14, 22, 23, 26, 27, 29, 30, 32, 42, 43, 50, 52] > [ 4,  7, 15, 16, 17, 24, 25, 28, 31, 33, 34, 39, 40, 41, 51]
    W3: [ 1,  4,  7,  8, 12, 17, 26, 27, 29, 30, 33, 34, 35, 36, 39, 40, 44, 52] > [ 2,  3,  5,  6,  9, 10, 13, 15, 16, 18, 21, 22, 23, 28, 38, 43, 45, 49]
    W4: [ 0,  4,  6,  8, 10, 11, 17, 20, 23, 24, 27, 35, 39, 42, 43, 45, 46, 48] > [ 1,  3,  7, 13, 14, 15, 21, 22, 28, 30, 31, 33, 36, 38, 40, 41, 51, 52]
    Truth table row=[>, <, >, >, >] ix=188 result=27+ is correct

Test 28+:
    W0: [15, 16, 17, 18, 20, 22, 23, 26, 27, 28, 31, 33, 34, 37, 45, 47, 48, 50, 52] > [19, 21, 24, 25, 29, 30, 32, 35, 36, 38, 39, 40, 41, 42, 43, 44, 46, 49, 51]
    W1: [ 7,  9, 10, 11, 12, 13, 14, 19, 21, 24, 25, 45, 47, 48, 50, 52] = [ 8, 15, 16, 17, 18, 20, 22, 23, 26, 27, 42, 43, 44, 46, 49, 51]
    W2: [ 5,  6, 13, 14, 22, 23, 26, 27, 29, 30, 32, 42, 43, 50, 52] < [ 4,  7, 15, 16, 17, 24, 25, 28, 31, 33, 34, 39, 40, 41, 51]
    W3: [ 1,  4,  7,  8, 12, 17, 26, 27, 29, 30, 33, 34, 35, 36, 39, 40, 44, 52] < [ 2,  3,  5,  6,  9, 10, 13, 15, 16, 18, 21, 22, 23, 28, 38, 43, 45, 49]
    W4: [ 0,  4,  6,  8, 10, 11, 17, 20, 23, 24, 27, 35, 39, 42, 43, 45, 46, 48] < [ 1,  3,  7, 13, 14, 15, 21, 22, 28, 30, 31, 33, 36, 38, 40, 41, 51, 52]
    Truth table row=[>, =, <, <, <] ix=189 result=28+ is correct

Test 29+:
    W0: [15, 16, 17, 18, 20, 22, 23, 26, 27, 28, 31, 33, 34, 37, 45, 47, 48, 50, 52] < [19, 21, 24, 25, 29, 30, 32, 35, 36, 38, 39, 40, 41, 42, 43, 44, 46, 49, 51]
    W1: [ 7,  9, 10, 11, 12, 13, 14, 19, 21, 24, 25, 45, 47, 48, 50, 52] = [ 8, 15, 16, 17, 18, 20, 22, 23, 26, 27, 42, 43, 44, 46, 49, 51]
    W2: [ 5,  6, 13, 14, 22, 23, 26, 27, 29, 30, 32, 42, 43, 50, 52] > [ 4,  7, 15, 16, 17, 24, 25, 28, 31, 33, 34, 39, 40, 41, 51]
    W3: [ 1,  4,  7,  8, 12, 17, 26, 27, 29, 30, 33, 34, 35, 36, 39, 40, 44, 52] > [ 2,  3,  5,  6,  9, 10, 13, 15, 16, 18, 21, 22, 23, 28, 38, 43, 45, 49]
    W4: [ 0,  4,  6,  8, 10, 11, 17, 20, 23, 24, 27, 35, 39, 42, 43, 45, 46, 48] = [ 1,  3,  7, 13, 14, 15, 21, 22, 28, 30, 31, 33, 36, 38, 40, 41, 51, 52]
    Truth table row=[<, =, >, >, =] ix=52 result=29+ is correct

Test 30+:
    W0: [15, 16, 17, 18, 20, 22, 23, 26, 27, 28, 31, 33, 34, 37, 45, 47, 48, 50, 52] < [19, 21, 24, 25, 29, 30, 32, 35, 36, 38, 39, 40, 41, 42, 43, 44, 46, 49, 51]
    W1: [ 7,  9, 10, 11, 12, 13, 14, 19, 21, 24, 25, 45, 47, 48, 50, 52] = [ 8, 15, 16, 17, 18, 20, 22, 23, 26, 27, 42, 43, 44, 46, 49, 51]
    W2: [ 5,  6, 13, 14, 22, 23, 26, 27, 29, 30, 32, 42, 43, 50, 52] > [ 4,  7, 15, 16, 17, 24, 25, 28, 31, 33, 34, 39, 40, 41, 51]
    W3: [ 1,  4,  7,  8, 12, 17, 26, 27, 29, 30, 33, 34, 35, 36, 39, 40, 44, 52] > [ 2,  3,  5,  6,  9, 10, 13, 15, 16, 18, 21, 22, 23, 28, 38, 43, 45, 49]
    W4: [ 0,  4,  6,  8, 10, 11, 17, 20, 23, 24, 27, 35, 39, 42, 43, 45, 46, 48] < [ 1,  3,  7, 13, 14, 15, 21, 22, 28, 30, 31, 33, 36, 38, 40, 41, 51, 52]
    Truth table row=[<, =, >, >, <] ix=51 result=30+ is correct

Test 31+:
    W0: [15, 16, 17, 18, 20, 22, 23, 26, 27, 28, 31, 33, 34, 37, 45, 47, 48, 50, 52] > [19, 21, 24, 25, 29, 30, 32, 35, 36, 38, 39, 40, 41, 42, 43, 44, 46, 49, 51]
    W1: [ 7,  9, 10, 11, 12, 13, 14, 19, 21, 24, 25, 45, 47, 48, 50, 52] = [ 8, 15, 16, 17, 18, 20, 22, 23, 26, 27, 42, 43, 44, 46, 49, 51]
    W2: [ 5,  6, 13, 14, 22, 23, 26, 27, 29, 30, 32, 42, 43, 50, 52] < [ 4,  7, 15, 16, 17, 24, 25, 28, 31, 33, 34, 39, 40, 41, 51]
    W3: [ 1,  4,  7,  8, 12, 17, 26, 27, 29, 30, 33, 34, 35, 36, 39, 40, 44, 52] = [ 2,  3,  5,  6,  9, 10, 13, 15, 16, 18, 21, 22, 23, 28, 38, 43, 45, 49]
    W4: [ 0,  4,  6,  8, 10, 11, 17, 20, 23, 24, 27, 35, 39, 42, 43, 45, 46, 48] < [ 1,  3,  7, 13, 14, 15, 21, 22, 28, 30, 31, 33, 36, 38, 40, 41, 51, 52]
    Truth table row=[>, =, <, =, <] ix=192 result=31+ is correct

Test 32+:
    W0: [15, 16, 17, 18, 20, 22, 23, 26, 27, 28, 31, 33, 34, 37, 45, 47, 48, 50, 52] < [19, 21, 24, 25, 29, 30, 32, 35, 36, 38, 39, 40, 41, 42, 43, 44, 46, 49, 51]
    W1: [ 7,  9, 10, 11, 12, 13, 14, 19, 21, 24, 25, 45, 47, 48, 50, 52] = [ 8, 15, 16, 17, 18, 20, 22, 23, 26, 27, 42, 43, 44, 46, 49, 51]
    W2: [ 5,  6, 13, 14, 22, 23, 26, 27, 29, 30, 32, 42, 43, 50, 52] > [ 4,  7, 15, 16, 17, 24, 25, 28, 31, 33, 34, 39, 40, 41, 51]
    W3: [ 1,  4,  7,  8, 12, 17, 26, 27, 29, 30, 33, 34, 35, 36, 39, 40, 44, 52] = [ 2,  3,  5,  6,  9, 10, 13, 15, 16, 18, 21, 22, 23, 28, 38, 43, 45, 49]
    W4: [ 0,  4,  6,  8, 10, 11, 17, 20, 23, 24, 27, 35, 39, 42, 43, 45, 46, 48] = [ 1,  3,  7, 13, 14, 15, 21, 22, 28, 30, 31, 33, 36, 38, 40, 41, 51, 52]
    Truth table row=[<, =, >, =, =] ix=49 result=32+ is correct

Test 33+:
    W0: [15, 16, 17, 18, 20, 22, 23, 26, 27, 28, 31, 33, 34, 37, 45, 47, 48, 50, 52] > [19, 21, 24, 25, 29, 30, 32, 35, 36, 38, 39, 40, 41, 42, 43, 44, 46, 49, 51]
    W1: [ 7,  9, 10, 11, 12, 13, 14, 19, 21, 24, 25, 45, 47, 48, 50, 52] = [ 8, 15, 16, 17, 18, 20, 22, 23, 26, 27, 42, 43, 44, 46, 49, 51]
    W2: [ 5,  6, 13, 14, 22, 23, 26, 27, 29, 30, 32, 42, 43, 50, 52] < [ 4,  7, 15, 16, 17, 24, 25, 28, 31, 33, 34, 39, 40, 41, 51]
    W3: [ 1,  4,  7,  8, 12, 17, 26, 27, 29, 30, 33, 34, 35, 36, 39, 40, 44, 52] > [ 2,  3,  5,  6,  9, 10, 13, 15, 16, 18, 21, 22, 23, 28, 38, 43, 45, 49]
    W4: [ 0,  4,  6,  8, 10, 11, 17, 20, 23, 24, 27, 35, 39, 42, 43, 45, 46, 48] < [ 1,  3,  7, 13, 14, 15, 21, 22, 28, 30, 31, 33, 36, 38, 40, 41, 51, 52]
    Truth table row=[>, =, <, >, <] ix=195 result=33+ is correct

Test 34+:
    W0: [15, 16, 17, 18, 20, 22, 23, 26, 27, 28, 31, 33, 34, 37, 45, 47, 48, 50, 52] > [19, 21, 24, 25, 29, 30, 32, 35, 36, 38, 39, 40, 41, 42, 43, 44, 46, 49, 51]
    W1: [ 7,  9, 10, 11, 12, 13, 14, 19, 21, 24, 25, 45, 47, 48, 50, 52] = [ 8, 15, 16, 17, 18, 20, 22, 23, 26, 27, 42, 43, 44, 46, 49, 51]
    W2: [ 5,  6, 13, 14, 22, 23, 26, 27, 29, 30, 32, 42, 43, 50, 52] < [ 4,  7, 15, 16, 17, 24, 25, 28, 31, 33, 34, 39, 40, 41, 51]
    W3: [ 1,  4,  7,  8, 12, 17, 26, 27, 29, 30, 33, 34, 35, 36, 39, 40, 44, 52] > [ 2,  3,  5,  6,  9, 10, 13, 15, 16, 18, 21, 22, 23, 28, 38, 43, 45, 49]
    W4: [ 0,  4,  6,  8, 10, 11, 17, 20, 23, 24, 27, 35, 39, 42, 43, 45, 46, 48] = [ 1,  3,  7, 13, 14, 15, 21, 22, 28, 30, 31, 33, 36, 38, 40, 41, 51, 52]
    Truth table row=[>, =, <, >, =] ix=196 result=34+ is correct

Test 35+:
    W0: [15, 16, 17, 18, 20, 22, 23, 26, 27, 28, 31, 33, 34, 37, 45, 47, 48, 50, 52] < [19, 21, 24, 25, 29, 30, 32, 35, 36, 38, 39, 40, 41, 42, 43, 44, 46, 49, 51]
    W1: [ 7,  9, 10, 11, 12, 13, 14, 19, 21, 24, 25, 45, 47, 48, 50, 52] = [ 8, 15, 16, 17, 18, 20, 22, 23, 26, 27, 42, 43, 44, 46, 49, 51]
    W2: [ 5,  6, 13, 14, 22, 23, 26, 27, 29, 30, 32, 42, 43, 50, 52] = [ 4,  7, 15, 16, 17, 24, 25, 28, 31, 33, 34, 39, 40, 41, 51]
    W3: [ 1,  4,  7,  8, 12, 17, 26, 27, 29, 30, 33, 34, 35, 36, 39, 40, 44, 52] > [ 2,  3,  5,  6,  9, 10, 13, 15, 16, 18, 21, 22, 23, 28, 38, 43, 45, 49]
    W4: [ 0,  4,  6,  8, 10, 11, 17, 20, 23, 24, 27, 35, 39, 42, 43, 45, 46, 48] > [ 1,  3,  7, 13, 14, 15, 21, 22, 28, 30, 31, 33, 36, 38, 40, 41, 51, 52]
    Truth table row=[<, =, =, >, >] ix=44 result=35+ is correct

Test 36+:
    W0: [15, 16, 17, 18, 20, 22, 23, 26, 27, 28, 31, 33, 34, 37, 45, 47, 48, 50, 52] < [19, 21, 24, 25, 29, 30, 32, 35, 36, 38, 39, 40, 41, 42, 43, 44, 46, 49, 51]
    W1: [ 7,  9, 10, 11, 12, 13, 14, 19, 21, 24, 25, 45, 47, 48, 50, 52] = [ 8, 15, 16, 17, 18, 20, 22, 23, 26, 27, 42, 43, 44, 46, 49, 51]
    W2: [ 5,  6, 13, 14, 22, 23, 26, 27, 29, 30, 32, 42, 43, 50, 52] = [ 4,  7, 15, 16, 17, 24, 25, 28, 31, 33, 34, 39, 40, 41, 51]
    W3: [ 1,  4,  7,  8, 12, 17, 26, 27, 29, 30, 33, 34, 35, 36, 39, 40, 44, 52] > [ 2,  3,  5,  6,  9, 10, 13, 15, 16, 18, 21, 22, 23, 28, 38, 43, 45, 49]
    W4: [ 0,  4,  6,  8, 10, 11, 17, 20, 23, 24, 27, 35, 39, 42, 43, 45, 46, 48] < [ 1,  3,  7, 13, 14, 15, 21, 22, 28, 30, 31, 33, 36, 38, 40, 41, 51, 52]
    Truth table row=[<, =, =, >, <] ix=42 result=36+ is correct

Test 37+:
    W0: [15, 16, 17, 18, 20, 22, 23, 26, 27, 28, 31, 33, 34, 37, 45, 47, 48, 50, 52] > [19, 21, 24, 25, 29, 30, 32, 35, 36, 38, 39, 40, 41, 42, 43, 44, 46, 49, 51]
    W1: [ 7,  9, 10, 11, 12, 13, 14, 19, 21, 24, 25, 45, 47, 48, 50, 52] = [ 8, 15, 16, 17, 18, 20, 22, 23, 26, 27, 42, 43, 44, 46, 49, 51]
    W2: [ 5,  6, 13, 14, 22, 23, 26, 27, 29, 30, 32, 42, 43, 50, 52] = [ 4,  7, 15, 16, 17, 24, 25, 28, 31, 33, 34, 39, 40, 41, 51]
    W3: [ 1,  4,  7,  8, 12, 17, 26, 27, 29, 30, 33, 34, 35, 36, 39, 40, 44, 52] = [ 2,  3,  5,  6,  9, 10, 13, 15, 16, 18, 21, 22, 23, 28, 38, 43, 45, 49]
    W4: [ 0,  4,  6,  8, 10, 11, 17, 20, 23, 24, 27, 35, 39, 42, 43, 45, 46, 48] = [ 1,  3,  7, 13, 14, 15, 21, 22, 28, 30, 31, 33, 36, 38, 40, 41, 51, 52]
    Truth table row=[>, =, =, =, =] ix=202 result=37+ is correct

Test 38+:
    W0: [15, 16, 17, 18, 20, 22, 23, 26, 27, 28, 31, 33, 34, 37, 45, 47, 48, 50, 52] < [19, 21, 24, 25, 29, 30, 32, 35, 36, 38, 39, 40, 41, 42, 43, 44, 46, 49, 51]
    W1: [ 7,  9, 10, 11, 12, 13, 14, 19, 21, 24, 25, 45, 47, 48, 50, 52] = [ 8, 15, 16, 17, 18, 20, 22, 23, 26, 27, 42, 43, 44, 46, 49, 51]
    W2: [ 5,  6, 13, 14, 22, 23, 26, 27, 29, 30, 32, 42, 43, 50, 52] = [ 4,  7, 15, 16, 17, 24, 25, 28, 31, 33, 34, 39, 40, 41, 51]
    W3: [ 1,  4,  7,  8, 12, 17, 26, 27, 29, 30, 33, 34, 35, 36, 39, 40, 44, 52] < [ 2,  3,  5,  6,  9, 10, 13, 15, 16, 18, 21, 22, 23, 28, 38, 43, 45, 49]
    W4: [ 0,  4,  6,  8, 10, 11, 17, 20, 23, 24, 27, 35, 39, 42, 43, 45, 46, 48] < [ 1,  3,  7, 13, 14, 15, 21, 22, 28, 30, 31, 33, 36, 38, 40, 41, 51, 52]
    Truth table row=[<, =, =, <, <] ix=36 result=38+ is correct

Test 39+:
    W0: [15, 16, 17, 18, 20, 22, 23, 26, 27, 28, 31, 33, 34, 37, 45, 47, 48, 50, 52] < [19, 21, 24, 25, 29, 30, 32, 35, 36, 38, 39, 40, 41, 42, 43, 44, 46, 49, 51]
    W1: [ 7,  9, 10, 11, 12, 13, 14, 19, 21, 24, 25, 45, 47, 48, 50, 52] = [ 8, 15, 16, 17, 18, 20, 22, 23, 26, 27, 42, 43, 44, 46, 49, 51]
    W2: [ 5,  6, 13, 14, 22, 23, 26, 27, 29, 30, 32, 42, 43, 50, 52] < [ 4,  7, 15, 16, 17, 24, 25, 28, 31, 33, 34, 39, 40, 41, 51]
    W3: [ 1,  4,  7,  8, 12, 17, 26, 27, 29, 30, 33, 34, 35, 36, 39, 40, 44, 52] > [ 2,  3,  5,  6,  9, 10, 13, 15, 16, 18, 21, 22, 23, 28, 38, 43, 45, 49]
    W4: [ 0,  4,  6,  8, 10, 11, 17, 20, 23, 24, 27, 35, 39, 42, 43, 45, 46, 48] > [ 1,  3,  7, 13, 14, 15, 21, 22, 28, 30, 31, 33, 36, 38, 40, 41, 51, 52]
    Truth table row=[<, =, <, >, >] ix=35 result=39+ is correct

Test 40+:
    W0: [15, 16, 17, 18, 20, 22, 23, 26, 27, 28, 31, 33, 34, 37, 45, 47, 48, 50, 52] < [19, 21, 24, 25, 29, 30, 32, 35, 36, 38, 39, 40, 41, 42, 43, 44, 46, 49, 51]
    W1: [ 7,  9, 10, 11, 12, 13, 14, 19, 21, 24, 25, 45, 47, 48, 50, 52] = [ 8, 15, 16, 17, 18, 20, 22, 23, 26, 27, 42, 43, 44, 46, 49, 51]
    W2: [ 5,  6, 13, 14, 22, 23, 26, 27, 29, 30, 32, 42, 43, 50, 52] < [ 4,  7, 15, 16, 17, 24, 25, 28, 31, 33, 34, 39, 40, 41, 51]
    W3: [ 1,  4,  7,  8, 12, 17, 26, 27, 29, 30, 33, 34, 35, 36, 39, 40, 44, 52] > [ 2,  3,  5,  6,  9, 10, 13, 15, 16, 18, 21, 22, 23, 28, 38, 43, 45, 49]
    W4: [ 0,  4,  6,  8, 10, 11, 17, 20, 23, 24, 27, 35, 39, 42, 43, 45, 46, 48] < [ 1,  3,  7, 13, 14, 15, 21, 22, 28, 30, 31, 33, 36, 38, 40, 41, 51, 52]
    Truth table row=[<, =, <, >, <] ix=33 result=40+ is correct

Test 41+:
    W0: [15, 16, 17, 18, 20, 22, 23, 26, 27, 28, 31, 33, 34, 37, 45, 47, 48, 50, 52] < [19, 21, 24, 25, 29, 30, 32, 35, 36, 38, 39, 40, 41, 42, 43, 44, 46, 49, 51]
    W1: [ 7,  9, 10, 11, 12, 13, 14, 19, 21, 24, 25, 45, 47, 48, 50, 52] = [ 8, 15, 16, 17, 18, 20, 22, 23, 26, 27, 42, 43, 44, 46, 49, 51]
    W2: [ 5,  6, 13, 14, 22, 23, 26, 27, 29, 30, 32, 42, 43, 50, 52] < [ 4,  7, 15, 16, 17, 24, 25, 28, 31, 33, 34, 39, 40, 41, 51]
    W3: [ 1,  4,  7,  8, 12, 17, 26, 27, 29, 30, 33, 34, 35, 36, 39, 40, 44, 52] = [ 2,  3,  5,  6,  9, 10, 13, 15, 16, 18, 21, 22, 23, 28, 38, 43, 45, 49]
    W4: [ 0,  4,  6,  8, 10, 11, 17, 20, 23, 24, 27, 35, 39, 42, 43, 45, 46, 48] < [ 1,  3,  7, 13, 14, 15, 21, 22, 28, 30, 31, 33, 36, 38, 40, 41, 51, 52]
    Truth table row=[<, =, <, =, <] ix=30 result=41+ is correct

Test 42+:
    W0: [15, 16, 17, 18, 20, 22, 23, 26, 27, 28, 31, 33, 34, 37, 45, 47, 48, 50, 52] < [19, 21, 24, 25, 29, 30, 32, 35, 36, 38, 39, 40, 41, 42, 43, 44, 46, 49, 51]
    W1: [ 7,  9, 10, 11, 12, 13, 14, 19, 21, 24, 25, 45, 47, 48, 50, 52] < [ 8, 15, 16, 17, 18, 20, 22, 23, 26, 27, 42, 43, 44, 46, 49, 51]
    W2: [ 5,  6, 13, 14, 22, 23, 26, 27, 29, 30, 32, 42, 43, 50, 52] > [ 4,  7, 15, 16, 17, 24, 25, 28, 31, 33, 34, 39, 40, 41, 51]
    W3: [ 1,  4,  7,  8, 12, 17, 26, 27, 29, 30, 33, 34, 35, 36, 39, 40, 44, 52] = [ 2,  3,  5,  6,  9, 10, 13, 15, 16, 18, 21, 22, 23, 28, 38, 43, 45, 49]
    W4: [ 0,  4,  6,  8, 10, 11, 17, 20, 23, 24, 27, 35, 39, 42, 43, 45, 46, 48] > [ 1,  3,  7, 13, 14, 15, 21, 22, 28, 30, 31, 33, 36, 38, 40, 41, 51, 52]
    Truth table row=[<, <, >, =, >] ix=23 result=42+ is correct

Test 43+:
    W0: [15, 16, 17, 18, 20, 22, 23, 26, 27, 28, 31, 33, 34, 37, 45, 47, 48, 50, 52] < [19, 21, 24, 25, 29, 30, 32, 35, 36, 38, 39, 40, 41, 42, 43, 44, 46, 49, 51]
    W1: [ 7,  9, 10, 11, 12, 13, 14, 19, 21, 24, 25, 45, 47, 48, 50, 52] < [ 8, 15, 16, 17, 18, 20, 22, 23, 26, 27, 42, 43, 44, 46, 49, 51]
    W2: [ 5,  6, 13, 14, 22, 23, 26, 27, 29, 30, 32, 42, 43, 50, 52] > [ 4,  7, 15, 16, 17, 24, 25, 28, 31, 33, 34, 39, 40, 41, 51]
    W3: [ 1,  4,  7,  8, 12, 17, 26, 27, 29, 30, 33, 34, 35, 36, 39, 40, 44, 52] < [ 2,  3,  5,  6,  9, 10, 13, 15, 16, 18, 21, 22, 23, 28, 38, 43, 45, 49]
    W4: [ 0,  4,  6,  8, 10, 11, 17, 20, 23, 24, 27, 35, 39, 42, 43, 45, 46, 48] > [ 1,  3,  7, 13, 14, 15, 21, 22, 28, 30, 31, 33, 36, 38, 40, 41, 51, 52]
    Truth table row=[<, <, >, <, >] ix=20 result=43+ is correct

Test 44+:
    W0: [15, 16, 17, 18, 20, 22, 23, 26, 27, 28, 31, 33, 34, 37, 45, 47, 48, 50, 52] < [19, 21, 24, 25, 29, 30, 32, 35, 36, 38, 39, 40, 41, 42, 43, 44, 46, 49, 51]
    W1: [ 7,  9, 10, 11, 12, 13, 14, 19, 21, 24, 25, 45, 47, 48, 50, 52] < [ 8, 15, 16, 17, 18, 20, 22, 23, 26, 27, 42, 43, 44, 46, 49, 51]
    W2: [ 5,  6, 13, 14, 22, 23, 26, 27, 29, 30, 32, 42, 43, 50, 52] = [ 4,  7, 15, 16, 17, 24, 25, 28, 31, 33, 34, 39, 40, 41, 51]
    W3: [ 1,  4,  7,  8, 12, 17, 26, 27, 29, 30, 33, 34, 35, 36, 39, 40, 44, 52] > [ 2,  3,  5,  6,  9, 10, 13, 15, 16, 18, 21, 22, 23, 28, 38, 43, 45, 49]
    W4: [ 0,  4,  6,  8, 10, 11, 17, 20, 23, 24, 27, 35, 39, 42, 43, 45, 46, 48] = [ 1,  3,  7, 13, 14, 15, 21, 22, 28, 30, 31, 33, 36, 38, 40, 41, 51, 52]
    Truth table row=[<, <, =, >, =] ix=16 result=44+ is correct

Test 45+:
    W0: [15, 16, 17, 18, 20, 22, 23, 26, 27, 28, 31, 33, 34, 37, 45, 47, 48, 50, 52] > [19, 21, 24, 25, 29, 30, 32, 35, 36, 38, 39, 40, 41, 42, 43, 44, 46, 49, 51]
    W1: [ 7,  9, 10, 11, 12, 13, 14, 19, 21, 24, 25, 45, 47, 48, 50, 52] > [ 8, 15, 16, 17, 18, 20, 22, 23, 26, 27, 42, 43, 44, 46, 49, 51]
    W2: [ 5,  6, 13, 14, 22, 23, 26, 27, 29, 30, 32, 42, 43, 50, 52] = [ 4,  7, 15, 16, 17, 24, 25, 28, 31, 33, 34, 39, 40, 41, 51]
    W3: [ 1,  4,  7,  8, 12, 17, 26, 27, 29, 30, 33, 34, 35, 36, 39, 40, 44, 52] < [ 2,  3,  5,  6,  9, 10, 13, 15, 16, 18, 21, 22, 23, 28, 38, 43, 45, 49]
    W4: [ 0,  4,  6,  8, 10, 11, 17, 20, 23, 24, 27, 35, 39, 42, 43, 45, 46, 48] > [ 1,  3,  7, 13, 14, 15, 21, 22, 28, 30, 31, 33, 36, 38, 40, 41, 51, 52]
    Truth table row=[>, >, =, <, >] ix=227 result=45+ is correct

Test 46+:
    W0: [15, 16, 17, 18, 20, 22, 23, 26, 27, 28, 31, 33, 34, 37, 45, 47, 48, 50, 52] < [19, 21, 24, 25, 29, 30, 32, 35, 36, 38, 39, 40, 41, 42, 43, 44, 46, 49, 51]
    W1: [ 7,  9, 10, 11, 12, 13, 14, 19, 21, 24, 25, 45, 47, 48, 50, 52] < [ 8, 15, 16, 17, 18, 20, 22, 23, 26, 27, 42, 43, 44, 46, 49, 51]
    W2: [ 5,  6, 13, 14, 22, 23, 26, 27, 29, 30, 32, 42, 43, 50, 52] = [ 4,  7, 15, 16, 17, 24, 25, 28, 31, 33, 34, 39, 40, 41, 51]
    W3: [ 1,  4,  7,  8, 12, 17, 26, 27, 29, 30, 33, 34, 35, 36, 39, 40, 44, 52] = [ 2,  3,  5,  6,  9, 10, 13, 15, 16, 18, 21, 22, 23, 28, 38, 43, 45, 49]
    W4: [ 0,  4,  6,  8, 10, 11, 17, 20, 23, 24, 27, 35, 39, 42, 43, 45, 46, 48] > [ 1,  3,  7, 13, 14, 15, 21, 22, 28, 30, 31, 33, 36, 38, 40, 41, 51, 52]
    Truth table row=[<, <, =, =, >] ix=14 result=46+ is correct

Test 47+:
    W0: [15, 16, 17, 18, 20, 22, 23, 26, 27, 28, 31, 33, 34, 37, 45, 47, 48, 50, 52] > [19, 21, 24, 25, 29, 30, 32, 35, 36, 38, 39, 40, 41, 42, 43, 44, 46, 49, 51]
    W1: [ 7,  9, 10, 11, 12, 13, 14, 19, 21, 24, 25, 45, 47, 48, 50, 52] > [ 8, 15, 16, 17, 18, 20, 22, 23, 26, 27, 42, 43, 44, 46, 49, 51]
    W2: [ 5,  6, 13, 14, 22, 23, 26, 27, 29, 30, 32, 42, 43, 50, 52] = [ 4,  7, 15, 16, 17, 24, 25, 28, 31, 33, 34, 39, 40, 41, 51]
    W3: [ 1,  4,  7,  8, 12, 17, 26, 27, 29, 30, 33, 34, 35, 36, 39, 40, 44, 52] = [ 2,  3,  5,  6,  9, 10, 13, 15, 16, 18, 21, 22, 23, 28, 38, 43, 45, 49]
    W4: [ 0,  4,  6,  8, 10, 11, 17, 20, 23, 24, 27, 35, 39, 42, 43, 45, 46, 48] = [ 1,  3,  7, 13, 14, 15, 21, 22, 28, 30, 31, 33, 36, 38, 40, 41, 51, 52]
    Truth table row=[>, >, =, =, =] ix=229 result=47+ is correct

Test 48+:
    W0: [15, 16, 17, 18, 20, 22, 23, 26, 27, 28, 31, 33, 34, 37, 45, 47, 48, 50, 52] > [19, 21, 24, 25, 29, 30, 32, 35, 36, 38, 39, 40, 41, 42, 43, 44, 46, 49, 51]
    W1: [ 7,  9, 10, 11, 12, 13, 14, 19, 21, 24, 25, 45, 47, 48, 50, 52] > [ 8, 15, 16, 17, 18, 20, 22, 23, 26, 27, 42, 43, 44, 46, 49, 51]
    W2: [ 5,  6, 13, 14, 22, 23, 26, 27, 29, 30, 32, 42, 43, 50, 52] = [ 4,  7, 15, 16, 17, 24, 25, 28, 31, 33, 34, 39, 40, 41, 51]
    W3: [ 1,  4,  7,  8, 12, 17, 26, 27, 29, 30, 33, 34, 35, 36, 39, 40, 44, 52] = [ 2,  3,  5,  6,  9, 10, 13, 15, 16, 18, 21, 22, 23, 28, 38, 43, 45, 49]
    W4: [ 0,  4,  6,  8, 10, 11, 17, 20, 23, 24, 27, 35, 39, 42, 43, 45, 46, 48] > [ 1,  3,  7, 13, 14, 15, 21, 22, 28, 30, 31, 33, 36, 38, 40, 41, 51, 52]
    Truth table row=[>, >, =, =, >] ix=230 result=48+ is correct

Test 49+:
    W0: [15, 16, 17, 18, 20, 22, 23, 26, 27, 28, 31, 33, 34, 37, 45, 47, 48, 50, 52] < [19, 21, 24, 25, 29, 30, 32, 35, 36, 38, 39, 40, 41, 42, 43, 44, 46, 49, 51]
    W1: [ 7,  9, 10, 11, 12, 13, 14, 19, 21, 24, 25, 45, 47, 48, 50, 52] < [ 8, 15, 16, 17, 18, 20, 22, 23, 26, 27, 42, 43, 44, 46, 49, 51]
    W2: [ 5,  6, 13, 14, 22, 23, 26, 27, 29, 30, 32, 42, 43, 50, 52] = [ 4,  7, 15, 16, 17, 24, 25, 28, 31, 33, 34, 39, 40, 41, 51]
    W3: [ 1,  4,  7,  8, 12, 17, 26, 27, 29, 30, 33, 34, 35, 36, 39, 40, 44, 52] < [ 2,  3,  5,  6,  9, 10, 13, 15, 16, 18, 21, 22, 23, 28, 38, 43, 45, 49]
    W4: [ 0,  4,  6,  8, 10, 11, 17, 20, 23, 24, 27, 35, 39, 42, 43, 45, 46, 48] = [ 1,  3,  7, 13, 14, 15, 21, 22, 28, 30, 31, 33, 36, 38, 40, 41, 51, 52]
    Truth table row=[<, <, =, <, =] ix=10 result=49+ is correct

Test 50+:
    W0: [15, 16, 17, 18, 20, 22, 23, 26, 27, 28, 31, 33, 34, 37, 45, 47, 48, 50, 52] > [19, 21, 24, 25, 29, 30, 32, 35, 36, 38, 39, 40, 41, 42, 43, 44, 46, 49, 51]
    W1: [ 7,  9, 10, 11, 12, 13, 14, 19, 21, 24, 25, 45, 47, 48, 50, 52] > [ 8, 15, 16, 17, 18, 20, 22, 23, 26, 27, 42, 43, 44, 46, 49, 51]
    W2: [ 5,  6, 13, 14, 22, 23, 26, 27, 29, 30, 32, 42, 43, 50, 52] > [ 4,  7, 15, 16, 17, 24, 25, 28, 31, 33, 34, 39, 40, 41, 51]
    W3: [ 1,  4,  7,  8, 12, 17, 26, 27, 29, 30, 33, 34, 35, 36, 39, 40, 44, 52] = [ 2,  3,  5,  6,  9, 10, 13, 15, 16, 18, 21, 22, 23, 28, 38, 43, 45, 49]
    W4: [ 0,  4,  6,  8, 10, 11, 17, 20, 23, 24, 27, 35, 39, 42, 43, 45, 46, 48] = [ 1,  3,  7, 13, 14, 15, 21, 22, 28, 30, 31, 33, 36, 38, 40, 41, 51, 52]
    Truth table row=[>, >, >, =, =] ix=238 result=50+ is correct

Test 51+:
    W0: [15, 16, 17, 18, 20, 22, 23, 26, 27, 28, 31, 33, 34, 37, 45, 47, 48, 50, 52] < [19, 21, 24, 25, 29, 30, 32, 35, 36, 38, 39, 40, 41, 42, 43, 44, 46, 49, 51]
    W1: [ 7,  9, 10, 11, 12, 13, 14, 19, 21, 24, 25, 45, 47, 48, 50, 52] < [ 8, 15, 16, 17, 18, 20, 22, 23, 26, 27, 42, 43, 44, 46, 49, 51]
    W2: [ 5,  6, 13, 14, 22, 23, 26, 27, 29, 30, 32, 42, 43, 50, 52] < [ 4,  7, 15, 16, 17, 24, 25, 28, 31, 33, 34, 39, 40, 41, 51]
    W3: [ 1,  4,  7,  8, 12, 17, 26, 27, 29, 30, 33, 34, 35, 36, 39, 40, 44, 52] = [ 2,  3,  5,  6,  9, 10, 13, 15, 16, 18, 21, 22, 23, 28, 38, 43, 45, 49]
    W4: [ 0,  4,  6,  8, 10, 11, 17, 20, 23, 24, 27, 35, 39, 42, 43, 45, 46, 48] < [ 1,  3,  7, 13, 14, 15, 21, 22, 28, 30, 31, 33, 36, 38, 40, 41, 51, 52]
    Truth table row=[<, <, <, =, <] ix=3 result=51+ is correct

Test 52+:
    W0: [15, 16, 17, 18, 20, 22, 23, 26, 27, 28, 31, 33, 34, 37, 45, 47, 48, 50, 52] > [19, 21, 24, 25, 29, 30, 32, 35, 36, 38, 39, 40, 41, 42, 43, 44, 46, 49, 51]
    W1: [ 7,  9, 10, 11, 12, 13, 14, 19, 21, 24, 25, 45, 47, 48, 50, 52] > [ 8, 15, 16, 17, 18, 20, 22, 23, 26, 27, 42, 43, 44, 46, 49, 51]
    W2: [ 5,  6, 13, 14, 22, 23, 26, 27, 29, 30, 32, 42, 43, 50, 52] > [ 4,  7, 15, 16, 17, 24, 25, 28, 31, 33, 34, 39, 40, 41, 51]
    W3: [ 1,  4,  7,  8, 12, 17, 26, 27, 29, 30, 33, 34, 35, 36, 39, 40, 44, 52] > [ 2,  3,  5,  6,  9, 10, 13, 15, 16, 18, 21, 22, 23, 28, 38, 43, 45, 49]
    W4: [ 0,  4,  6,  8, 10, 11, 17, 20, 23, 24, 27, 35, 39, 42, 43, 45, 46, 48] < [ 1,  3,  7, 13, 14, 15, 21, 22, 28, 30, 31, 33, 36, 38, 40, 41, 51, 52]
    Truth table row=[>, >, >, >, <] ix=240 result=52+ is correct

Total correct results: 106
Total incorrect results: 0
