Solving for 12 balls and 4 weighings

Solution:
W0: [ 0] <=> [ 1]
W1: [ 0,  1,  2, 11] <=> [ 3,  6,  7,  8]
W2: [ 0,  5,  7,  9, 11] <=> [ 1,  2,  3,  4,  6]
W3: [ 3,  5,  7, 11] <=> [ 1,  8,  9, 10]

Truth Table:
ix  W0  W1  W2  W3   Result
 0   <   <   <   <
 1   <   <   <   =   0-
 2   <   <   <   >
 3   <   <   =   <
 4   <   <   =   =
 5   <   <   =   >
 6   <   <   >   <
 7   <   <   >   =
 8   <   <   >   >
 9   <   =   <   <
10   <   =   <   =
11   <   =   <   >
12   <   =   =   <
13   <   =   =   =
14   <   =   =   >
15   <   =   >   <
16   <   =   >   =
17   <   =   >   >
18   <   >   <   <   1+
19   <   >   <   =
20   <   >   <   >
21   <   >   =   <
22   <   >   =   =
23   <   >   =   >
24   <   >   >   <
25   <   >   >   =
26   <   >   >   >
27   =   <   <   <   11-
28   =   <   <   =   6+
29   =   <   <   >   3+
30   =   <   =   <   8+
31   =   <   =   =
32   =   <   =   >
33   =   <   >   <
34   =   <   >   =   2-
35   =   <   >   >   7+
36   =   =   <   <   5-
37   =   =   <   =   4+
38   =   =   <   >   9-
39   =   =   =   <   10+
40   =   =   =   =
41   =   =   =   >   10-
42   =   =   >   <   9+
43   =   =   >   =   4-
44   =   =   >   >   5+
45   =   >   <   <   7-
46   =   >   <   =   2+
47   =   >   <   >
48   =   >   =   <
49   =   >   =   =
50   =   >   =   >   8-
51   =   >   >   <   3-
52   =   >   >   =   6-
53   =   >   >   >   11+
54   >   <   <   <
55   >   <   <   =
56   >   <   <   >
57   >   <   =   <
58   >   <   =   =
59   >   <   =   >
60   >   <   >   <
61   >   <   >   =
62   >   <   >   >   1-
63   >   =   <   <
64   >   =   <   =
65   >   =   <   >
66   >   =   =   <
67   >   =   =   =
68   >   =   =   >
69   >   =   >   <
70   >   =   >   =
71   >   =   >   >
72   >   >   <   <
73   >   >   <   =
74   >   >   <   >
75   >   >   =   <
76   >   >   =   =
77   >   >   =   >
78   >   >   >   <
79   >   >   >   =   0+
80   >   >   >   >

Test 0-:
    W0: [ 0] < [ 1]
    W1: [ 0,  1,  2, 11] < [ 3,  6,  7,  8]
    W2: [ 0,  5,  7,  9, 11] < [ 1,  2,  3,  4,  6]
    W3: [ 3,  5,  7, 11] = [ 1,  8,  9, 10]
    Truth table result: ['0-'] is correct

Test 0+:
    W0: [ 0] > [ 1]
    W1: [ 0,  1,  2, 11] > [ 3,  6,  7,  8]
    W2: [ 0,  5,  7,  9, 11] > [ 1,  2,  3,  4,  6]
    W3: [ 3,  5,  7, 11] = [ 1,  8,  9, 10]
    Truth table result: ['0+'] is correct

Test 1-:
    W0: [ 0] > [ 1]
    W1: [ 0,  1,  2, 11] < [ 3,  6,  7,  8]
    W2: [ 0,  5,  7,  9, 11] > [ 1,  2,  3,  4,  6]
    W3: [ 3,  5,  7, 11] > [ 1,  8,  9, 10]
    Truth table result: ['1-'] is correct

Test 1+:
    W0: [ 0] < [ 1]
    W1: [ 0,  1,  2, 11] > [ 3,  6,  7,  8]
    W2: [ 0,  5,  7,  9, 11] < [ 1,  2,  3,  4,  6]
    W3: [ 3,  5,  7, 11] < [ 1,  8,  9, 10]
    Truth table result: ['1+'] is correct

Test 2-:
    W0: [ 0] = [ 1]
    W1: [ 0,  1,  2, 11] < [ 3,  6,  7,  8]
    W2: [ 0,  5,  7,  9, 11] > [ 1,  2,  3,  4,  6]
    W3: [ 3,  5,  7, 11] = [ 1,  8,  9, 10]
    Truth table result: ['2-'] is correct

Test 2+:
    W0: [ 0] = [ 1]
    W1: [ 0,  1,  2, 11] > [ 3,  6,  7,  8]
    W2: [ 0,  5,  7,  9, 11] < [ 1,  2,  3,  4,  6]
    W3: [ 3,  5,  7, 11] = [ 1,  8,  9, 10]
    Truth table result: ['2+'] is correct

Test 3-:
    W0: [ 0] = [ 1]
    W1: [ 0,  1,  2, 11] > [ 3,  6,  7,  8]
    W2: [ 0,  5,  7,  9, 11] > [ 1,  2,  3,  4,  6]
    W3: [ 3,  5,  7, 11] < [ 1,  8,  9, 10]
    Truth table result: ['3-'] is correct

Test 3+:
    W0: [ 0] = [ 1]
    W1: [ 0,  1,  2, 11] < [ 3,  6,  7,  8]
    W2: [ 0,  5,  7,  9, 11] < [ 1,  2,  3,  4,  6]
    W3: [ 3,  5,  7, 11] > [ 1,  8,  9, 10]
    Truth table result: ['3+'] is correct

Test 4-:
    W0: [ 0] = [ 1]
    W1: [ 0,  1,  2, 11] = [ 3,  6,  7,  8]
    W2: [ 0,  5,  7,  9, 11] > [ 1,  2,  3,  4,  6]
    W3: [ 3,  5,  7, 11] = [ 1,  8,  9, 10]
    Truth table result: ['4-'] is correct

Test 4+:
    W0: [ 0] = [ 1]
    W1: [ 0,  1,  2, 11] = [ 3,  6,  7,  8]
    W2: [ 0,  5,  7,  9, 11] < [ 1,  2,  3,  4,  6]
    W3: [ 3,  5,  7, 11] = [ 1,  8,  9, 10]
    Truth table result: ['4+'] is correct

Test 5-:
    W0: [ 0] = [ 1]
    W1: [ 0,  1,  2, 11] = [ 3,  6,  7,  8]
    W2: [ 0,  5,  7,  9, 11] < [ 1,  2,  3,  4,  6]
    W3: [ 3,  5,  7, 11] < [ 1,  8,  9, 10]
    Truth table result: ['5-'] is correct

Test 5+:
    W0: [ 0] = [ 1]
    W1: [ 0,  1,  2, 11] = [ 3,  6,  7,  8]
    W2: [ 0,  5,  7,  9, 11] > [ 1,  2,  3,  4,  6]
    W3: [ 3,  5,  7, 11] > [ 1,  8,  9, 10]
    Truth table result: ['5+'] is correct

Test 6-:
    W0: [ 0] = [ 1]
    W1: [ 0,  1,  2, 11] > [ 3,  6,  7,  8]
    W2: [ 0,  5,  7,  9, 11] > [ 1,  2,  3,  4,  6]
    W3: [ 3,  5,  7, 11] = [ 1,  8,  9, 10]
    Truth table result: ['6-'] is correct

Test 6+:
    W0: [ 0] = [ 1]
    W1: [ 0,  1,  2, 11] < [ 3,  6,  7,  8]
    W2: [ 0,  5,  7,  9, 11] < [ 1,  2,  3,  4,  6]
    W3: [ 3,  5,  7, 11] = [ 1,  8,  9, 10]
    Truth table result: ['6+'] is correct

Test 7-:
    W0: [ 0] = [ 1]
    W1: [ 0,  1,  2, 11] > [ 3,  6,  7,  8]
    W2: [ 0,  5,  7,  9, 11] < [ 1,  2,  3,  4,  6]
    W3: [ 3,  5,  7, 11] < [ 1,  8,  9, 10]
    Truth table result: ['7-'] is correct

Test 7+:
    W0: [ 0] = [ 1]
    W1: [ 0,  1,  2, 11] < [ 3,  6,  7,  8]
    W2: [ 0,  5,  7,  9, 11] > [ 1,  2,  3,  4,  6]
    W3: [ 3,  5,  7, 11] > [ 1,  8,  9, 10]
    Truth table result: ['7+'] is correct

Test 8-:
    W0: [ 0] = [ 1]
    W1: [ 0,  1,  2, 11] > [ 3,  6,  7,  8]
    W2: [ 0,  5,  7,  9, 11] = [ 1,  2,  3,  4,  6]
    W3: [ 3,  5,  7, 11] > [ 1,  8,  9, 10]
    Truth table result: ['8-'] is correct

Test 8+:
    W0: [ 0] = [ 1]
    W1: [ 0,  1,  2, 11] < [ 3,  6,  7,  8]
    W2: [ 0,  5,  7,  9, 11] = [ 1,  2,  3,  4,  6]
    W3: [ 3,  5,  7, 11] < [ 1,  8,  9, 10]
    Truth table result: ['8+'] is correct

Test 9-:
    W0: [ 0] = [ 1]
    W1: [ 0,  1,  2, 11] = [ 3,  6,  7,  8]
    W2: [ 0,  5,  7,  9, 11] < [ 1,  2,  3,  4,  6]
    W3: [ 3,  5,  7, 11] > [ 1,  8,  9, 10]
    Truth table result: ['9-'] is correct

Test 9+:
    W0: [ 0] = [ 1]
    W1: [ 0,  1,  2, 11] = [ 3,  6,  7,  8]
    W2: [ 0,  5,  7,  9, 11] > [ 1,  2,  3,  4,  6]
    W3: [ 3,  5,  7, 11] < [ 1,  8,  9, 10]
    Truth table result: ['9+'] is correct

Test 10-:
    W0: [ 0] = [ 1]
    W1: [ 0,  1,  2, 11] = [ 3,  6,  7,  8]
    W2: [ 0,  5,  7,  9, 11] = [ 1,  2,  3,  4,  6]
    W3: [ 3,  5,  7, 11] > [ 1,  8,  9, 10]
    Truth table result: ['10-'] is correct

Test 10+:
    W0: [ 0] = [ 1]
    W1: [ 0,  1,  2, 11] = [ 3,  6,  7,  8]
    W2: [ 0,  5,  7,  9, 11] = [ 1,  2,  3,  4,  6]
    W3: [ 3,  5,  7, 11] < [ 1,  8,  9, 10]
    Truth table result: ['10+'] is correct

Test 11-:
    W0: [ 0] = [ 1]
    W1: [ 0,  1,  2, 11] < [ 3,  6,  7,  8]
    W2: [ 0,  5,  7,  9, 11] < [ 1,  2,  3,  4,  6]
    W3: [ 3,  5,  7, 11] < [ 1,  8,  9, 10]
    Truth table result: ['11-'] is correct

Test 11+:
    W0: [ 0] = [ 1]
    W1: [ 0,  1,  2, 11] > [ 3,  6,  7,  8]
    W2: [ 0,  5,  7,  9, 11] > [ 1,  2,  3,  4,  6]
    W3: [ 3,  5,  7, 11] > [ 1,  8,  9, 10]
    Truth table result: ['11+'] is correct

Total correct results: 24
Total incorrect results: 0
