Solving for 35 balls and 5 weighings.
Using symmetry breaking strategy TruthTableAscending.

Solution:
W0: [ 0,  1,  3,  9, 10, 11, 12, 15, 17] <=> [ 2,  4,  5,  6,  7,  8, 13, 14, 16]
W1: [ 0,  1,  3,  9, 10, 11, 12, 16, 20, 21, 22, 23] <=> [ 2,  4,  5,  6,  7,  8, 13, 14, 17, 18, 19, 24]
W2: [ 0,  1,  3, 13, 14, 15, 24, 25, 26, 28, 31] <=> [ 2,  4, 16, 17, 18, 22, 23, 27, 29, 30, 32]
W3: [ 0,  1,  4, 13, 14, 16, 18, 20, 24, 25, 26, 30, 32] <=> [ 5,  6,  7, 10, 11, 12, 17, 19, 21, 23, 27, 31, 33]
W4: [ 0,  7, 10, 14, 21, 22, 24, 25, 27, 28, 29, 32] <=> [ 1,  2,  5,  8, 12, 13, 16, 17, 18, 20, 30, 34]

Truth Table:
ix  W0  W1  W2  W3  W4   Result
 0   <   <   <   <   <   0-
 1   <   <   <   <   =
 2   <   <   <   <   >   1-
 3   <   <   <   =   <   2+
 4   <   <   <   =   =   3-
 5   <   <   <   =   >
 6   <   <   <   >   <
 7   <   <   <   >   =   4+
 8   <   <   <   >   >
 9   <   <   =   <   <   5+
10   <   <   =   <   =   6+
11   <   <   =   <   >   7+
12   <   <   =   =   <   8+
13   <   <   =   =   =   9-
14   <   <   =   =   >
15   <   <   =   >   <   10-
16   <   <   =   >   =   11-
17   <   <   =   >   >   12-
18   <   <   >   <   <
19   <   <   >   <   =
20   <   <   >   <   >
21   <   <   >   =   <
22   <   <   >   =   =
23   <   <   >   =   >
24   <   <   >   >   <   13+
25   <   <   >   >   =
26   <   <   >   >   >   14+
27   <   =   <   <   <
28   <   =   <   <   =
29   <   =   <   <   >
30   <   =   <   =   <
31   <   =   <   =   =   15-
32   <   =   <   =   >
33   <   =   <   >   <
34   <   =   <   >   =
35   <   =   <   >   >
36   <   =   =   <   <
37   <   =   =   <   =
38   <   =   =   <   >
39   <   =   =   =   <
40   <   =   =   =   =
41   <   =   =   =   >
42   <   =   =   >   <
43   <   =   =   >   =
44   <   =   =   >   >
45   <   =   >   <   <
46   <   =   >   <   =
47   <   =   >   <   >
48   <   =   >   =   <
49   <   =   >   =   =
50   <   =   >   =   >
51   <   =   >   >   <
52   <   =   >   >   =
53   <   =   >   >   >
54   <   >   <   <   <
55   <   >   <   <   =
56   <   >   <   <   >
57   <   >   <   =   <
58   <   >   <   =   =
59   <   >   <   =   >
60   <   >   <   >   <   16+
61   <   >   <   >   =
62   <   >   <   >   >
63   <   >   =   <   <
64   <   >   =   <   =
65   <   >   =   <   >
66   <   >   =   =   <
67   <   >   =   =   =
68   <   >   =   =   >
69   <   >   =   >   <
70   <   >   =   >   =
71   <   >   =   >   >
72   <   >   >   <   <
73   <   >   >   <   =
74   <   >   >   <   >
75   <   >   >   =   <
76   <   >   >   =   =
77   <   >   >   =   >
78   <   >   >   >   <
79   <   >   >   >   =
80   <   >   >   >   >   17-
81   =   <   <   <   <
82   =   <   <   <   =
83   =   <   <   <   >
84   =   <   <   =   <
85   =   <   <   =   =
86   =   <   <   =   >
87   =   <   <   >   <   18+
88   =   <   <   >   =
89   =   <   <   >   >
90   =   <   =   <   <
91   =   <   =   <   =   19+
92   =   <   =   <   >   20-
93   =   <   =   =   <
94   =   <   =   =   =
95   =   <   =   =   >
96   =   <   =   >   <   21-
97   =   <   =   >   =
98   =   <   =   >   >
99   =   <   >   <   <
100   =   <   >   <   =
101   =   <   >   <   >
102   =   <   >   =   <   22-
103   =   <   >   =   =
104   =   <   >   =   >
105   =   <   >   >   <
106   =   <   >   >   =   23-
107   =   <   >   >   >   24+
108   =   =   <   <   <   25-
109   =   =   <   <   =   26-
110   =   =   <   <   >   27+
111   =   =   <   =   <   28-
112   =   =   <   =   =
113   =   =   <   =   >   29+
114   =   =   <   >   <   30+
115   =   =   <   >   =   31-
116   =   =   <   >   >   32+
117   =   =   =   <   <
118   =   =   =   <   =   33+
119   =   =   =   <   >
120   =   =   =   =   <   34+
121   =   =   =   =   =
122   =   =   =   =   >   34-
123   =   =   =   >   <
124   =   =   =   >   =   33-
125   =   =   =   >   >
126   =   =   >   <   <   32-
127   =   =   >   <   =   31+
128   =   =   >   <   >   30-
129   =   =   >   =   <   29-
130   =   =   >   =   =
131   =   =   >   =   >   28+
132   =   =   >   >   <   27-
133   =   =   >   >   =   26+
134   =   =   >   >   >   25+
135   =   >   <   <   <   24-
136   =   >   <   <   =   23+
137   =   >   <   <   >
138   =   >   <   =   <
139   =   >   <   =   =
140   =   >   <   =   >   22+
141   =   >   <   >   <
142   =   >   <   >   =
143   =   >   <   >   >
144   =   >   =   <   <
145   =   >   =   <   =
146   =   >   =   <   >   21+
147   =   >   =   =   <
148   =   >   =   =   =
149   =   >   =   =   >
150   =   >   =   >   <   20+
151   =   >   =   >   =   19-
152   =   >   =   >   >
153   =   >   >   <   <
154   =   >   >   <   =
155   =   >   >   <   >   18-
156   =   >   >   =   <
157   =   >   >   =   =
158   =   >   >   =   >
159   =   >   >   >   <
160   =   >   >   >   =
161   =   >   >   >   >
162   >   <   <   <   <   17+
163   >   <   <   <   =
164   >   <   <   <   >
165   >   <   <   =   <
166   >   <   <   =   =
167   >   <   <   =   >
168   >   <   <   >   <
169   >   <   <   >   =
170   >   <   <   >   >
171   >   <   =   <   <
172   >   <   =   <   =
173   >   <   =   <   >
174   >   <   =   =   <
175   >   <   =   =   =
176   >   <   =   =   >
177   >   <   =   >   <
178   >   <   =   >   =
179   >   <   =   >   >
180   >   <   >   <   <
181   >   <   >   <   =
182   >   <   >   <   >   16-
183   >   <   >   =   <
184   >   <   >   =   =
185   >   <   >   =   >
186   >   <   >   >   <
187   >   <   >   >   =
188   >   <   >   >   >
189   >   =   <   <   <
190   >   =   <   <   =
191   >   =   <   <   >
192   >   =   <   =   <
193   >   =   <   =   =
194   >   =   <   =   >
195   >   =   <   >   <
196   >   =   <   >   =
197   >   =   <   >   >
198   >   =   =   <   <
199   >   =   =   <   =
200   >   =   =   <   >
201   >   =   =   =   <
202   >   =   =   =   =
203   >   =   =   =   >
204   >   =   =   >   <
205   >   =   =   >   =
206   >   =   =   >   >
207   >   =   >   <   <
208   >   =   >   <   =
209   >   =   >   <   >
210   >   =   >   =   <
211   >   =   >   =   =   15+
212   >   =   >   =   >
213   >   =   >   >   <
214   >   =   >   >   =
215   >   =   >   >   >
216   >   >   <   <   <   14-
217   >   >   <   <   =
218   >   >   <   <   >   13-
219   >   >   <   =   <
220   >   >   <   =   =
221   >   >   <   =   >
222   >   >   <   >   <
223   >   >   <   >   =
224   >   >   <   >   >
225   >   >   =   <   <   12+
226   >   >   =   <   =   11+
227   >   >   =   <   >   10+
228   >   >   =   =   <
229   >   >   =   =   =   9+
230   >   >   =   =   >   8-
231   >   >   =   >   <   7-
232   >   >   =   >   =   6-
233   >   >   =   >   >   5-
234   >   >   >   <   <
235   >   >   >   <   =   4-
236   >   >   >   <   >
237   >   >   >   =   <
238   >   >   >   =   =   3+
239   >   >   >   =   >   2-
240   >   >   >   >   <   1+
241   >   >   >   >   =
242   >   >   >   >   >   0+

Test 0-:
    W0: [ 0,  1,  3,  9, 10, 11, 12, 15, 17] < [ 2,  4,  5,  6,  7,  8, 13, 14, 16]
    W1: [ 0,  1,  3,  9, 10, 11, 12, 16, 20, 21, 22, 23] < [ 2,  4,  5,  6,  7,  8, 13, 14, 17, 18, 19, 24]
    W2: [ 0,  1,  3, 13, 14, 15, 24, 25, 26, 28, 31] < [ 2,  4, 16, 17, 18, 22, 23, 27, 29, 30, 32]
    W3: [ 0,  1,  4, 13, 14, 16, 18, 20, 24, 25, 26, 30, 32] < [ 5,  6,  7, 10, 11, 12, 17, 19, 21, 23, 27, 31, 33]
    W4: [ 0,  7, 10, 14, 21, 22, 24, 25, 27, 28, 29, 32] < [ 1,  2,  5,  8, 12, 13, 16, 17, 18, 20, 30, 34]
    Truth table row=[<, <, <, <, <] ix=0 result=[0-] is correct

Test 0+:
    W0: [ 0,  1,  3,  9, 10, 11, 12, 15, 17] > [ 2,  4,  5,  6,  7,  8, 13, 14, 16]
    W1: [ 0,  1,  3,  9, 10, 11, 12, 16, 20, 21, 22, 23] > [ 2,  4,  5,  6,  7,  8, 13, 14, 17, 18, 19, 24]
    W2: [ 0,  1,  3, 13, 14, 15, 24, 25, 26, 28, 31] > [ 2,  4, 16, 17, 18, 22, 23, 27, 29, 30, 32]
    W3: [ 0,  1,  4, 13, 14, 16, 18, 20, 24, 25, 26, 30, 32] > [ 5,  6,  7, 10, 11, 12, 17, 19, 21, 23, 27, 31, 33]
    W4: [ 0,  7, 10, 14, 21, 22, 24, 25, 27, 28, 29, 32] > [ 1,  2,  5,  8, 12, 13, 16, 17, 18, 20, 30, 34]
    Truth table row=[>, >, >, >, >] ix=242 result=[0+] is correct

Test 1-:
    W0: [ 0,  1,  3,  9, 10, 11, 12, 15, 17] < [ 2,  4,  5,  6,  7,  8, 13, 14, 16]
    W1: [ 0,  1,  3,  9, 10, 11, 12, 16, 20, 21, 22, 23] < [ 2,  4,  5,  6,  7,  8, 13, 14, 17, 18, 19, 24]
    W2: [ 0,  1,  3, 13, 14, 15, 24, 25, 26, 28, 31] < [ 2,  4, 16, 17, 18, 22, 23, 27, 29, 30, 32]
    W3: [ 0,  1,  4, 13, 14, 16, 18, 20, 24, 25, 26, 30, 32] < [ 5,  6,  7, 10, 11, 12, 17, 19, 21, 23, 27, 31, 33]
    W4: [ 0,  7, 10, 14, 21, 22, 24, 25, 27, 28, 29, 32] > [ 1,  2,  5,  8, 12, 13, 16, 17, 18, 20, 30, 34]
    Truth table row=[<, <, <, <, >] ix=2 result=[1-] is correct

Test 1+:
    W0: [ 0,  1,  3,  9, 10, 11, 12, 15, 17] > [ 2,  4,  5,  6,  7,  8, 13, 14, 16]
    W1: [ 0,  1,  3,  9, 10, 11, 12, 16, 20, 21, 22, 23] > [ 2,  4,  5,  6,  7,  8, 13, 14, 17, 18, 19, 24]
    W2: [ 0,  1,  3, 13, 14, 15, 24, 25, 26, 28, 31] > [ 2,  4, 16, 17, 18, 22, 23, 27, 29, 30, 32]
    W3: [ 0,  1,  4, 13, 14, 16, 18, 20, 24, 25, 26, 30, 32] > [ 5,  6,  7, 10, 11, 12, 17, 19, 21, 23, 27, 31, 33]
    W4: [ 0,  7, 10, 14, 21, 22, 24, 25, 27, 28, 29, 32] < [ 1,  2,  5,  8, 12, 13, 16, 17, 18, 20, 30, 34]
    Truth table row=[>, >, >, >, <] ix=240 result=[1+] is correct

Test 2-:
    W0: [ 0,  1,  3,  9, 10, 11, 12, 15, 17] > [ 2,  4,  5,  6,  7,  8, 13, 14, 16]
    W1: [ 0,  1,  3,  9, 10, 11, 12, 16, 20, 21, 22, 23] > [ 2,  4,  5,  6,  7,  8, 13, 14, 17, 18, 19, 24]
    W2: [ 0,  1,  3, 13, 14, 15, 24, 25, 26, 28, 31] > [ 2,  4, 16, 17, 18, 22, 23, 27, 29, 30, 32]
    W3: [ 0,  1,  4, 13, 14, 16, 18, 20, 24, 25, 26, 30, 32] = [ 5,  6,  7, 10, 11, 12, 17, 19, 21, 23, 27, 31, 33]
    W4: [ 0,  7, 10, 14, 21, 22, 24, 25, 27, 28, 29, 32] > [ 1,  2,  5,  8, 12, 13, 16, 17, 18, 20, 30, 34]
    Truth table row=[>, >, >, =, >] ix=239 result=[2-] is correct

Test 2+:
    W0: [ 0,  1,  3,  9, 10, 11, 12, 15, 17] < [ 2,  4,  5,  6,  7,  8, 13, 14, 16]
    W1: [ 0,  1,  3,  9, 10, 11, 12, 16, 20, 21, 22, 23] < [ 2,  4,  5,  6,  7,  8, 13, 14, 17, 18, 19, 24]
    W2: [ 0,  1,  3, 13, 14, 15, 24, 25, 26, 28, 31] < [ 2,  4, 16, 17, 18, 22, 23, 27, 29, 30, 32]
    W3: [ 0,  1,  4, 13, 14, 16, 18, 20, 24, 25, 26, 30, 32] = [ 5,  6,  7, 10, 11, 12, 17, 19, 21, 23, 27, 31, 33]
    W4: [ 0,  7, 10, 14, 21, 22, 24, 25, 27, 28, 29, 32] < [ 1,  2,  5,  8, 12, 13, 16, 17, 18, 20, 30, 34]
    Truth table row=[<, <, <, =, <] ix=3 result=[2+] is correct

Test 3-:
    W0: [ 0,  1,  3,  9, 10, 11, 12, 15, 17] < [ 2,  4,  5,  6,  7,  8, 13, 14, 16]
    W1: [ 0,  1,  3,  9, 10, 11, 12, 16, 20, 21, 22, 23] < [ 2,  4,  5,  6,  7,  8, 13, 14, 17, 18, 19, 24]
    W2: [ 0,  1,  3, 13, 14, 15, 24, 25, 26, 28, 31] < [ 2,  4, 16, 17, 18, 22, 23, 27, 29, 30, 32]
    W3: [ 0,  1,  4, 13, 14, 16, 18, 20, 24, 25, 26, 30, 32] = [ 5,  6,  7, 10, 11, 12, 17, 19, 21, 23, 27, 31, 33]
    W4: [ 0,  7, 10, 14, 21, 22, 24, 25, 27, 28, 29, 32] = [ 1,  2,  5,  8, 12, 13, 16, 17, 18, 20, 30, 34]
    Truth table row=[<, <, <, =, =] ix=4 result=[3-] is correct

Test 3+:
    W0: [ 0,  1,  3,  9, 10, 11, 12, 15, 17] > [ 2,  4,  5,  6,  7,  8, 13, 14, 16]
    W1: [ 0,  1,  3,  9, 10, 11, 12, 16, 20, 21, 22, 23] > [ 2,  4,  5,  6,  7,  8, 13, 14, 17, 18, 19, 24]
    W2: [ 0,  1,  3, 13, 14, 15, 24, 25, 26, 28, 31] > [ 2,  4, 16, 17, 18, 22, 23, 27, 29, 30, 32]
    W3: [ 0,  1,  4, 13, 14, 16, 18, 20, 24, 25, 26, 30, 32] = [ 5,  6,  7, 10, 11, 12, 17, 19, 21, 23, 27, 31, 33]
    W4: [ 0,  7, 10, 14, 21, 22, 24, 25, 27, 28, 29, 32] = [ 1,  2,  5,  8, 12, 13, 16, 17, 18, 20, 30, 34]
    Truth table row=[>, >, >, =, =] ix=238 result=[3+] is correct

Test 4-:
    W0: [ 0,  1,  3,  9, 10, 11, 12, 15, 17] > [ 2,  4,  5,  6,  7,  8, 13, 14, 16]
    W1: [ 0,  1,  3,  9, 10, 11, 12, 16, 20, 21, 22, 23] > [ 2,  4,  5,  6,  7,  8, 13, 14, 17, 18, 19, 24]
    W2: [ 0,  1,  3, 13, 14, 15, 24, 25, 26, 28, 31] > [ 2,  4, 16, 17, 18, 22, 23, 27, 29, 30, 32]
    W3: [ 0,  1,  4, 13, 14, 16, 18, 20, 24, 25, 26, 30, 32] < [ 5,  6,  7, 10, 11, 12, 17, 19, 21, 23, 27, 31, 33]
    W4: [ 0,  7, 10, 14, 21, 22, 24, 25, 27, 28, 29, 32] = [ 1,  2,  5,  8, 12, 13, 16, 17, 18, 20, 30, 34]
    Truth table row=[>, >, >, <, =] ix=235 result=[4-] is correct

Test 4+:
    W0: [ 0,  1,  3,  9, 10, 11, 12, 15, 17] < [ 2,  4,  5,  6,  7,  8, 13, 14, 16]
    W1: [ 0,  1,  3,  9, 10, 11, 12, 16, 20, 21, 22, 23] < [ 2,  4,  5,  6,  7,  8, 13, 14, 17, 18, 19, 24]
    W2: [ 0,  1,  3, 13, 14, 15, 24, 25, 26, 28, 31] < [ 2,  4, 16, 17, 18, 22, 23, 27, 29, 30, 32]
    W3: [ 0,  1,  4, 13, 14, 16, 18, 20, 24, 25, 26, 30, 32] > [ 5,  6,  7, 10, 11, 12, 17, 19, 21, 23, 27, 31, 33]
    W4: [ 0,  7, 10, 14, 21, 22, 24, 25, 27, 28, 29, 32] = [ 1,  2,  5,  8, 12, 13, 16, 17, 18, 20, 30, 34]
    Truth table row=[<, <, <, >, =] ix=7 result=[4+] is correct

Test 5-:
    W0: [ 0,  1,  3,  9, 10, 11, 12, 15, 17] > [ 2,  4,  5,  6,  7,  8, 13, 14, 16]
    W1: [ 0,  1,  3,  9, 10, 11, 12, 16, 20, 21, 22, 23] > [ 2,  4,  5,  6,  7,  8, 13, 14, 17, 18, 19, 24]
    W2: [ 0,  1,  3, 13, 14, 15, 24, 25, 26, 28, 31] = [ 2,  4, 16, 17, 18, 22, 23, 27, 29, 30, 32]
    W3: [ 0,  1,  4, 13, 14, 16, 18, 20, 24, 25, 26, 30, 32] > [ 5,  6,  7, 10, 11, 12, 17, 19, 21, 23, 27, 31, 33]
    W4: [ 0,  7, 10, 14, 21, 22, 24, 25, 27, 28, 29, 32] > [ 1,  2,  5,  8, 12, 13, 16, 17, 18, 20, 30, 34]
    Truth table row=[>, >, =, >, >] ix=233 result=[5-] is correct

Test 5+:
    W0: [ 0,  1,  3,  9, 10, 11, 12, 15, 17] < [ 2,  4,  5,  6,  7,  8, 13, 14, 16]
    W1: [ 0,  1,  3,  9, 10, 11, 12, 16, 20, 21, 22, 23] < [ 2,  4,  5,  6,  7,  8, 13, 14, 17, 18, 19, 24]
    W2: [ 0,  1,  3, 13, 14, 15, 24, 25, 26, 28, 31] = [ 2,  4, 16, 17, 18, 22, 23, 27, 29, 30, 32]
    W3: [ 0,  1,  4, 13, 14, 16, 18, 20, 24, 25, 26, 30, 32] < [ 5,  6,  7, 10, 11, 12, 17, 19, 21, 23, 27, 31, 33]
    W4: [ 0,  7, 10, 14, 21, 22, 24, 25, 27, 28, 29, 32] < [ 1,  2,  5,  8, 12, 13, 16, 17, 18, 20, 30, 34]
    Truth table row=[<, <, =, <, <] ix=9 result=[5+] is correct

Test 6-:
    W0: [ 0,  1,  3,  9, 10, 11, 12, 15, 17] > [ 2,  4,  5,  6,  7,  8, 13, 14, 16]
    W1: [ 0,  1,  3,  9, 10, 11, 12, 16, 20, 21, 22, 23] > [ 2,  4,  5,  6,  7,  8, 13, 14, 17, 18, 19, 24]
    W2: [ 0,  1,  3, 13, 14, 15, 24, 25, 26, 28, 31] = [ 2,  4, 16, 17, 18, 22, 23, 27, 29, 30, 32]
    W3: [ 0,  1,  4, 13, 14, 16, 18, 20, 24, 25, 26, 30, 32] > [ 5,  6,  7, 10, 11, 12, 17, 19, 21, 23, 27, 31, 33]
    W4: [ 0,  7, 10, 14, 21, 22, 24, 25, 27, 28, 29, 32] = [ 1,  2,  5,  8, 12, 13, 16, 17, 18, 20, 30, 34]
    Truth table row=[>, >, =, >, =] ix=232 result=[6-] is correct

Test 6+:
    W0: [ 0,  1,  3,  9, 10, 11, 12, 15, 17] < [ 2,  4,  5,  6,  7,  8, 13, 14, 16]
    W1: [ 0,  1,  3,  9, 10, 11, 12, 16, 20, 21, 22, 23] < [ 2,  4,  5,  6,  7,  8, 13, 14, 17, 18, 19, 24]
    W2: [ 0,  1,  3, 13, 14, 15, 24, 25, 26, 28, 31] = [ 2,  4, 16, 17, 18, 22, 23, 27, 29, 30, 32]
    W3: [ 0,  1,  4, 13, 14, 16, 18, 20, 24, 25, 26, 30, 32] < [ 5,  6,  7, 10, 11, 12, 17, 19, 21, 23, 27, 31, 33]
    W4: [ 0,  7, 10, 14, 21, 22, 24, 25, 27, 28, 29, 32] = [ 1,  2,  5,  8, 12, 13, 16, 17, 18, 20, 30, 34]
    Truth table row=[<, <, =, <, =] ix=10 result=[6+] is correct

Test 7-:
    W0: [ 0,  1,  3,  9, 10, 11, 12, 15, 17] > [ 2,  4,  5,  6,  7,  8, 13, 14, 16]
    W1: [ 0,  1,  3,  9, 10, 11, 12, 16, 20, 21, 22, 23] > [ 2,  4,  5,  6,  7,  8, 13, 14, 17, 18, 19, 24]
    W2: [ 0,  1,  3, 13, 14, 15, 24, 25, 26, 28, 31] = [ 2,  4, 16, 17, 18, 22, 23, 27, 29, 30, 32]
    W3: [ 0,  1,  4, 13, 14, 16, 18, 20, 24, 25, 26, 30, 32] > [ 5,  6,  7, 10, 11, 12, 17, 19, 21, 23, 27, 31, 33]
    W4: [ 0,  7, 10, 14, 21, 22, 24, 25, 27, 28, 29, 32] < [ 1,  2,  5,  8, 12, 13, 16, 17, 18, 20, 30, 34]
    Truth table row=[>, >, =, >, <] ix=231 result=[7-] is correct

Test 7+:
    W0: [ 0,  1,  3,  9, 10, 11, 12, 15, 17] < [ 2,  4,  5,  6,  7,  8, 13, 14, 16]
    W1: [ 0,  1,  3,  9, 10, 11, 12, 16, 20, 21, 22, 23] < [ 2,  4,  5,  6,  7,  8, 13, 14, 17, 18, 19, 24]
    W2: [ 0,  1,  3, 13, 14, 15, 24, 25, 26, 28, 31] = [ 2,  4, 16, 17, 18, 22, 23, 27, 29, 30, 32]
    W3: [ 0,  1,  4, 13, 14, 16, 18, 20, 24, 25, 26, 30, 32] < [ 5,  6,  7, 10, 11, 12, 17, 19, 21, 23, 27, 31, 33]
    W4: [ 0,  7, 10, 14, 21, 22, 24, 25, 27, 28, 29, 32] > [ 1,  2,  5,  8, 12, 13, 16, 17, 18, 20, 30, 34]
    Truth table row=[<, <, =, <, >] ix=11 result=[7+] is correct

Test 8-:
    W0: [ 0,  1,  3,  9, 10, 11, 12, 15, 17] > [ 2,  4,  5,  6,  7,  8, 13, 14, 16]
    W1: [ 0,  1,  3,  9, 10, 11, 12, 16, 20, 21, 22, 23] > [ 2,  4,  5,  6,  7,  8, 13, 14, 17, 18, 19, 24]
    W2: [ 0,  1,  3, 13, 14, 15, 24, 25, 26, 28, 31] = [ 2,  4, 16, 17, 18, 22, 23, 27, 29, 30, 32]
    W3: [ 0,  1,  4, 13, 14, 16, 18, 20, 24, 25, 26, 30, 32] = [ 5,  6,  7, 10, 11, 12, 17, 19, 21, 23, 27, 31, 33]
    W4: [ 0,  7, 10, 14, 21, 22, 24, 25, 27, 28, 29, 32] > [ 1,  2,  5,  8, 12, 13, 16, 17, 18, 20, 30, 34]
    Truth table row=[>, >, =, =, >] ix=230 result=[8-] is correct

Test 8+:
    W0: [ 0,  1,  3,  9, 10, 11, 12, 15, 17] < [ 2,  4,  5,  6,  7,  8, 13, 14, 16]
    W1: [ 0,  1,  3,  9, 10, 11, 12, 16, 20, 21, 22, 23] < [ 2,  4,  5,  6,  7,  8, 13, 14, 17, 18, 19, 24]
    W2: [ 0,  1,  3, 13, 14, 15, 24, 25, 26, 28, 31] = [ 2,  4, 16, 17, 18, 22, 23, 27, 29, 30, 32]
    W3: [ 0,  1,  4, 13, 14, 16, 18, 20, 24, 25, 26, 30, 32] = [ 5,  6,  7, 10, 11, 12, 17, 19, 21, 23, 27, 31, 33]
    W4: [ 0,  7, 10, 14, 21, 22, 24, 25, 27, 28, 29, 32] < [ 1,  2,  5,  8, 12, 13, 16, 17, 18, 20, 30, 34]
    Truth table row=[<, <, =, =, <] ix=12 result=[8+] is correct

Test 9-:
    W0: [ 0,  1,  3,  9, 10, 11, 12, 15, 17] < [ 2,  4,  5,  6,  7,  8, 13, 14, 16]
    W1: [ 0,  1,  3,  9, 10, 11, 12, 16, 20, 21, 22, 23] < [ 2,  4,  5,  6,  7,  8, 13, 14, 17, 18, 19, 24]
    W2: [ 0,  1,  3, 13, 14, 15, 24, 25, 26, 28, 31] = [ 2,  4, 16, 17, 18, 22, 23, 27, 29, 30, 32]
    W3: [ 0,  1,  4, 13, 14, 16, 18, 20, 24, 25, 26, 30, 32] = [ 5,  6,  7, 10, 11, 12, 17, 19, 21, 23, 27, 31, 33]
    W4: [ 0,  7, 10, 14, 21, 22, 24, 25, 27, 28, 29, 32] = [ 1,  2,  5,  8, 12, 13, 16, 17, 18, 20, 30, 34]
    Truth table row=[<, <, =, =, =] ix=13 result=[9-] is correct

Test 9+:
    W0: [ 0,  1,  3,  9, 10, 11, 12, 15, 17] > [ 2,  4,  5,  6,  7,  8, 13, 14, 16]
    W1: [ 0,  1,  3,  9, 10, 11, 12, 16, 20, 21, 22, 23] > [ 2,  4,  5,  6,  7,  8, 13, 14, 17, 18, 19, 24]
    W2: [ 0,  1,  3, 13, 14, 15, 24, 25, 26, 28, 31] = [ 2,  4, 16, 17, 18, 22, 23, 27, 29, 30, 32]
    W3: [ 0,  1,  4, 13, 14, 16, 18, 20, 24, 25, 26, 30, 32] = [ 5,  6,  7, 10, 11, 12, 17, 19, 21, 23, 27, 31, 33]
    W4: [ 0,  7, 10, 14, 21, 22, 24, 25, 27, 28, 29, 32] = [ 1,  2,  5,  8, 12, 13, 16, 17, 18, 20, 30, 34]
    Truth table row=[>, >, =, =, =] ix=229 result=[9+] is correct

Test 10-:
    W0: [ 0,  1,  3,  9, 10, 11, 12, 15, 17] < [ 2,  4,  5,  6,  7,  8, 13, 14, 16]
    W1: [ 0,  1,  3,  9, 10, 11, 12, 16, 20, 21, 22, 23] < [ 2,  4,  5,  6,  7,  8, 13, 14, 17, 18, 19, 24]
    W2: [ 0,  1,  3, 13, 14, 15, 24, 25, 26, 28, 31] = [ 2,  4, 16, 17, 18, 22, 23, 27, 29, 30, 32]
    W3: [ 0,  1,  4, 13, 14, 16, 18, 20, 24, 25, 26, 30, 32] > [ 5,  6,  7, 10, 11, 12, 17, 19, 21, 23, 27, 31, 33]
    W4: [ 0,  7, 10, 14, 21, 22, 24, 25, 27, 28, 29, 32] < [ 1,  2,  5,  8, 12, 13, 16, 17, 18, 20, 30, 34]
    Truth table row=[<, <, =, >, <] ix=15 result=[10-] is correct

Test 10+:
    W0: [ 0,  1,  3,  9, 10, 11, 12, 15, 17] > [ 2,  4,  5,  6,  7,  8, 13, 14, 16]
    W1: [ 0,  1,  3,  9, 10, 11, 12, 16, 20, 21, 22, 23] > [ 2,  4,  5,  6,  7,  8, 13, 14, 17, 18, 19, 24]
    W2: [ 0,  1,  3, 13, 14, 15, 24, 25, 26, 28, 31] = [ 2,  4, 16, 17, 18, 22, 23, 27, 29, 30, 32]
    W3: [ 0,  1,  4, 13, 14, 16, 18, 20, 24, 25, 26, 30, 32] < [ 5,  6,  7, 10, 11, 12, 17, 19, 21, 23, 27, 31, 33]
    W4: [ 0,  7, 10, 14, 21, 22, 24, 25, 27, 28, 29, 32] > [ 1,  2,  5,  8, 12, 13, 16, 17, 18, 20, 30, 34]
    Truth table row=[>, >, =, <, >] ix=227 result=[10+] is correct

Test 11-:
    W0: [ 0,  1,  3,  9, 10, 11, 12, 15, 17] < [ 2,  4,  5,  6,  7,  8, 13, 14, 16]
    W1: [ 0,  1,  3,  9, 10, 11, 12, 16, 20, 21, 22, 23] < [ 2,  4,  5,  6,  7,  8, 13, 14, 17, 18, 19, 24]
    W2: [ 0,  1,  3, 13, 14, 15, 24, 25, 26, 28, 31] = [ 2,  4, 16, 17, 18, 22, 23, 27, 29, 30, 32]
    W3: [ 0,  1,  4, 13, 14, 16, 18, 20, 24, 25, 26, 30, 32] > [ 5,  6,  7, 10, 11, 12, 17, 19, 21, 23, 27, 31, 33]
    W4: [ 0,  7, 10, 14, 21, 22, 24, 25, 27, 28, 29, 32] = [ 1,  2,  5,  8, 12, 13, 16, 17, 18, 20, 30, 34]
    Truth table row=[<, <, =, >, =] ix=16 result=[11-] is correct

Test 11+:
    W0: [ 0,  1,  3,  9, 10, 11, 12, 15, 17] > [ 2,  4,  5,  6,  7,  8, 13, 14, 16]
    W1: [ 0,  1,  3,  9, 10, 11, 12, 16, 20, 21, 22, 23] > [ 2,  4,  5,  6,  7,  8, 13, 14, 17, 18, 19, 24]
    W2: [ 0,  1,  3, 13, 14, 15, 24, 25, 26, 28, 31] = [ 2,  4, 16, 17, 18, 22, 23, 27, 29, 30, 32]
    W3: [ 0,  1,  4, 13, 14, 16, 18, 20, 24, 25, 26, 30, 32] < [ 5,  6,  7, 10, 11, 12, 17, 19, 21, 23, 27, 31, 33]
    W4: [ 0,  7, 10, 14, 21, 22, 24, 25, 27, 28, 29, 32] = [ 1,  2,  5,  8, 12, 13, 16, 17, 18, 20, 30, 34]
    Truth table row=[>, >, =, <, =] ix=226 result=[11+] is correct

Test 12-:
    W0: [ 0,  1,  3,  9, 10, 11, 12, 15, 17] < [ 2,  4,  5,  6,  7,  8, 13, 14, 16]
    W1: [ 0,  1,  3,  9, 10, 11, 12, 16, 20, 21, 22, 23] < [ 2,  4,  5,  6,  7,  8, 13, 14, 17, 18, 19, 24]
    W2: [ 0,  1,  3, 13, 14, 15, 24, 25, 26, 28, 31] = [ 2,  4, 16, 17, 18, 22, 23, 27, 29, 30, 32]
    W3: [ 0,  1,  4, 13, 14, 16, 18, 20, 24, 25, 26, 30, 32] > [ 5,  6,  7, 10, 11, 12, 17, 19, 21, 23, 27, 31, 33]
    W4: [ 0,  7, 10, 14, 21, 22, 24, 25, 27, 28, 29, 32] > [ 1,  2,  5,  8, 12, 13, 16, 17, 18, 20, 30, 34]
    Truth table row=[<, <, =, >, >] ix=17 result=[12-] is correct

Test 12+:
    W0: [ 0,  1,  3,  9, 10, 11, 12, 15, 17] > [ 2,  4,  5,  6,  7,  8, 13, 14, 16]
    W1: [ 0,  1,  3,  9, 10, 11, 12, 16, 20, 21, 22, 23] > [ 2,  4,  5,  6,  7,  8, 13, 14, 17, 18, 19, 24]
    W2: [ 0,  1,  3, 13, 14, 15, 24, 25, 26, 28, 31] = [ 2,  4, 16, 17, 18, 22, 23, 27, 29, 30, 32]
    W3: [ 0,  1,  4, 13, 14, 16, 18, 20, 24, 25, 26, 30, 32] < [ 5,  6,  7, 10, 11, 12, 17, 19, 21, 23, 27, 31, 33]
    W4: [ 0,  7, 10, 14, 21, 22, 24, 25, 27, 28, 29, 32] < [ 1,  2,  5,  8, 12, 13, 16, 17, 18, 20, 30, 34]
    Truth table row=[>, >, =, <, <] ix=225 result=[12+] is correct

Test 13-:
    W0: [ 0,  1,  3,  9, 10, 11, 12, 15, 17] > [ 2,  4,  5,  6,  7,  8, 13, 14, 16]
    W1: [ 0,  1,  3,  9, 10, 11, 12, 16, 20, 21, 22, 23] > [ 2,  4,  5,  6,  7,  8, 13, 14, 17, 18, 19, 24]
    W2: [ 0,  1,  3, 13, 14, 15, 24, 25, 26, 28, 31] < [ 2,  4, 16, 17, 18, 22, 23, 27, 29, 30, 32]
    W3: [ 0,  1,  4, 13, 14, 16, 18, 20, 24, 25, 26, 30, 32] < [ 5,  6,  7, 10, 11, 12, 17, 19, 21, 23, 27, 31, 33]
    W4: [ 0,  7, 10, 14, 21, 22, 24, 25, 27, 28, 29, 32] > [ 1,  2,  5,  8, 12, 13, 16, 17, 18, 20, 30, 34]
    Truth table row=[>, >, <, <, >] ix=218 result=[13-] is correct

Test 13+:
    W0: [ 0,  1,  3,  9, 10, 11, 12, 15, 17] < [ 2,  4,  5,  6,  7,  8, 13, 14, 16]
    W1: [ 0,  1,  3,  9, 10, 11, 12, 16, 20, 21, 22, 23] < [ 2,  4,  5,  6,  7,  8, 13, 14, 17, 18, 19, 24]
    W2: [ 0,  1,  3, 13, 14, 15, 24, 25, 26, 28, 31] > [ 2,  4, 16, 17, 18, 22, 23, 27, 29, 30, 32]
    W3: [ 0,  1,  4, 13, 14, 16, 18, 20, 24, 25, 26, 30, 32] > [ 5,  6,  7, 10, 11, 12, 17, 19, 21, 23, 27, 31, 33]
    W4: [ 0,  7, 10, 14, 21, 22, 24, 25, 27, 28, 29, 32] < [ 1,  2,  5,  8, 12, 13, 16, 17, 18, 20, 30, 34]
    Truth table row=[<, <, >, >, <] ix=24 result=[13+] is correct

Test 14-:
    W0: [ 0,  1,  3,  9, 10, 11, 12, 15, 17] > [ 2,  4,  5,  6,  7,  8, 13, 14, 16]
    W1: [ 0,  1,  3,  9, 10, 11, 12, 16, 20, 21, 22, 23] > [ 2,  4,  5,  6,  7,  8, 13, 14, 17, 18, 19, 24]
    W2: [ 0,  1,  3, 13, 14, 15, 24, 25, 26, 28, 31] < [ 2,  4, 16, 17, 18, 22, 23, 27, 29, 30, 32]
    W3: [ 0,  1,  4, 13, 14, 16, 18, 20, 24, 25, 26, 30, 32] < [ 5,  6,  7, 10, 11, 12, 17, 19, 21, 23, 27, 31, 33]
    W4: [ 0,  7, 10, 14, 21, 22, 24, 25, 27, 28, 29, 32] < [ 1,  2,  5,  8, 12, 13, 16, 17, 18, 20, 30, 34]
    Truth table row=[>, >, <, <, <] ix=216 result=[14-] is correct

Test 14+:
    W0: [ 0,  1,  3,  9, 10, 11, 12, 15, 17] < [ 2,  4,  5,  6,  7,  8, 13, 14, 16]
    W1: [ 0,  1,  3,  9, 10, 11, 12, 16, 20, 21, 22, 23] < [ 2,  4,  5,  6,  7,  8, 13, 14, 17, 18, 19, 24]
    W2: [ 0,  1,  3, 13, 14, 15, 24, 25, 26, 28, 31] > [ 2,  4, 16, 17, 18, 22, 23, 27, 29, 30, 32]
    W3: [ 0,  1,  4, 13, 14, 16, 18, 20, 24, 25, 26, 30, 32] > [ 5,  6,  7, 10, 11, 12, 17, 19, 21, 23, 27, 31, 33]
    W4: [ 0,  7, 10, 14, 21, 22, 24, 25, 27, 28, 29, 32] > [ 1,  2,  5,  8, 12, 13, 16, 17, 18, 20, 30, 34]
    Truth table row=[<, <, >, >, >] ix=26 result=[14+] is correct

Test 15-:
    W0: [ 0,  1,  3,  9, 10, 11, 12, 15, 17] < [ 2,  4,  5,  6,  7,  8, 13, 14, 16]
    W1: [ 0,  1,  3,  9, 10, 11, 12, 16, 20, 21, 22, 23] = [ 2,  4,  5,  6,  7,  8, 13, 14, 17, 18, 19, 24]
    W2: [ 0,  1,  3, 13, 14, 15, 24, 25, 26, 28, 31] < [ 2,  4, 16, 17, 18, 22, 23, 27, 29, 30, 32]
    W3: [ 0,  1,  4, 13, 14, 16, 18, 20, 24, 25, 26, 30, 32] = [ 5,  6,  7, 10, 11, 12, 17, 19, 21, 23, 27, 31, 33]
    W4: [ 0,  7, 10, 14, 21, 22, 24, 25, 27, 28, 29, 32] = [ 1,  2,  5,  8, 12, 13, 16, 17, 18, 20, 30, 34]
    Truth table row=[<, =, <, =, =] ix=31 result=[15-] is correct

Test 15+:
    W0: [ 0,  1,  3,  9, 10, 11, 12, 15, 17] > [ 2,  4,  5,  6,  7,  8, 13, 14, 16]
    W1: [ 0,  1,  3,  9, 10, 11, 12, 16, 20, 21, 22, 23] = [ 2,  4,  5,  6,  7,  8, 13, 14, 17, 18, 19, 24]
    W2: [ 0,  1,  3, 13, 14, 15, 24, 25, 26, 28, 31] > [ 2,  4, 16, 17, 18, 22, 23, 27, 29, 30, 32]
    W3: [ 0,  1,  4, 13, 14, 16, 18, 20, 24, 25, 26, 30, 32] = [ 5,  6,  7, 10, 11, 12, 17, 19, 21, 23, 27, 31, 33]
    W4: [ 0,  7, 10, 14, 21, 22, 24, 25, 27, 28, 29, 32] = [ 1,  2,  5,  8, 12, 13, 16, 17, 18, 20, 30, 34]
    Truth table row=[>, =, >, =, =] ix=211 result=[15+] is correct

Test 16-:
    W0: [ 0,  1,  3,  9, 10, 11, 12, 15, 17] > [ 2,  4,  5,  6,  7,  8, 13, 14, 16]
    W1: [ 0,  1,  3,  9, 10, 11, 12, 16, 20, 21, 22, 23] < [ 2,  4,  5,  6,  7,  8, 13, 14, 17, 18, 19, 24]
    W2: [ 0,  1,  3, 13, 14, 15, 24, 25, 26, 28, 31] > [ 2,  4, 16, 17, 18, 22, 23, 27, 29, 30, 32]
    W3: [ 0,  1,  4, 13, 14, 16, 18, 20, 24, 25, 26, 30, 32] < [ 5,  6,  7, 10, 11, 12, 17, 19, 21, 23, 27, 31, 33]
    W4: [ 0,  7, 10, 14, 21, 22, 24, 25, 27, 28, 29, 32] > [ 1,  2,  5,  8, 12, 13, 16, 17, 18, 20, 30, 34]
    Truth table row=[>, <, >, <, >] ix=182 result=[16-] is correct

Test 16+:
    W0: [ 0,  1,  3,  9, 10, 11, 12, 15, 17] < [ 2,  4,  5,  6,  7,  8, 13, 14, 16]
    W1: [ 0,  1,  3,  9, 10, 11, 12, 16, 20, 21, 22, 23] > [ 2,  4,  5,  6,  7,  8, 13, 14, 17, 18, 19, 24]
    W2: [ 0,  1,  3, 13, 14, 15, 24, 25, 26, 28, 31] < [ 2,  4, 16, 17, 18, 22, 23, 27, 29, 30, 32]
    W3: [ 0,  1,  4, 13, 14, 16, 18, 20, 24, 25, 26, 30, 32] > [ 5,  6,  7, 10, 11, 12, 17, 19, 21, 23, 27, 31, 33]
    W4: [ 0,  7, 10, 14, 21, 22, 24, 25, 27, 28, 29, 32] < [ 1,  2,  5,  8, 12, 13, 16, 17, 18, 20, 30, 34]
    Truth table row=[<, >, <, >, <] ix=60 result=[16+] is correct

Test 17-:
    W0: [ 0,  1,  3,  9, 10, 11, 12, 15, 17] < [ 2,  4,  5,  6,  7,  8, 13, 14, 16]
    W1: [ 0,  1,  3,  9, 10, 11, 12, 16, 20, 21, 22, 23] > [ 2,  4,  5,  6,  7,  8, 13, 14, 17, 18, 19, 24]
    W2: [ 0,  1,  3, 13, 14, 15, 24, 25, 26, 28, 31] > [ 2,  4, 16, 17, 18, 22, 23, 27, 29, 30, 32]
    W3: [ 0,  1,  4, 13, 14, 16, 18, 20, 24, 25, 26, 30, 32] > [ 5,  6,  7, 10, 11, 12, 17, 19, 21, 23, 27, 31, 33]
    W4: [ 0,  7, 10, 14, 21, 22, 24, 25, 27, 28, 29, 32] > [ 1,  2,  5,  8, 12, 13, 16, 17, 18, 20, 30, 34]
    Truth table row=[<, >, >, >, >] ix=80 result=[17-] is correct

Test 17+:
    W0: [ 0,  1,  3,  9, 10, 11, 12, 15, 17] > [ 2,  4,  5,  6,  7,  8, 13, 14, 16]
    W1: [ 0,  1,  3,  9, 10, 11, 12, 16, 20, 21, 22, 23] < [ 2,  4,  5,  6,  7,  8, 13, 14, 17, 18, 19, 24]
    W2: [ 0,  1,  3, 13, 14, 15, 24, 25, 26, 28, 31] < [ 2,  4, 16, 17, 18, 22, 23, 27, 29, 30, 32]
    W3: [ 0,  1,  4, 13, 14, 16, 18, 20, 24, 25, 26, 30, 32] < [ 5,  6,  7, 10, 11, 12, 17, 19, 21, 23, 27, 31, 33]
    W4: [ 0,  7, 10, 14, 21, 22, 24, 25, 27, 28, 29, 32] < [ 1,  2,  5,  8, 12, 13, 16, 17, 18, 20, 30, 34]
    Truth table row=[>, <, <, <, <] ix=162 result=[17+] is correct

Test 18-:
    W0: [ 0,  1,  3,  9, 10, 11, 12, 15, 17] = [ 2,  4,  5,  6,  7,  8, 13, 14, 16]
    W1: [ 0,  1,  3,  9, 10, 11, 12, 16, 20, 21, 22, 23] > [ 2,  4,  5,  6,  7,  8, 13, 14, 17, 18, 19, 24]
    W2: [ 0,  1,  3, 13, 14, 15, 24, 25, 26, 28, 31] > [ 2,  4, 16, 17, 18, 22, 23, 27, 29, 30, 32]
    W3: [ 0,  1,  4, 13, 14, 16, 18, 20, 24, 25, 26, 30, 32] < [ 5,  6,  7, 10, 11, 12, 17, 19, 21, 23, 27, 31, 33]
    W4: [ 0,  7, 10, 14, 21, 22, 24, 25, 27, 28, 29, 32] > [ 1,  2,  5,  8, 12, 13, 16, 17, 18, 20, 30, 34]
    Truth table row=[=, >, >, <, >] ix=155 result=[18-] is correct

Test 18+:
    W0: [ 0,  1,  3,  9, 10, 11, 12, 15, 17] = [ 2,  4,  5,  6,  7,  8, 13, 14, 16]
    W1: [ 0,  1,  3,  9, 10, 11, 12, 16, 20, 21, 22, 23] < [ 2,  4,  5,  6,  7,  8, 13, 14, 17, 18, 19, 24]
    W2: [ 0,  1,  3, 13, 14, 15, 24, 25, 26, 28, 31] < [ 2,  4, 16, 17, 18, 22, 23, 27, 29, 30, 32]
    W3: [ 0,  1,  4, 13, 14, 16, 18, 20, 24, 25, 26, 30, 32] > [ 5,  6,  7, 10, 11, 12, 17, 19, 21, 23, 27, 31, 33]
    W4: [ 0,  7, 10, 14, 21, 22, 24, 25, 27, 28, 29, 32] < [ 1,  2,  5,  8, 12, 13, 16, 17, 18, 20, 30, 34]
    Truth table row=[=, <, <, >, <] ix=87 result=[18+] is correct

Test 19-:
    W0: [ 0,  1,  3,  9, 10, 11, 12, 15, 17] = [ 2,  4,  5,  6,  7,  8, 13, 14, 16]
    W1: [ 0,  1,  3,  9, 10, 11, 12, 16, 20, 21, 22, 23] > [ 2,  4,  5,  6,  7,  8, 13, 14, 17, 18, 19, 24]
    W2: [ 0,  1,  3, 13, 14, 15, 24, 25, 26, 28, 31] = [ 2,  4, 16, 17, 18, 22, 23, 27, 29, 30, 32]
    W3: [ 0,  1,  4, 13, 14, 16, 18, 20, 24, 25, 26, 30, 32] > [ 5,  6,  7, 10, 11, 12, 17, 19, 21, 23, 27, 31, 33]
    W4: [ 0,  7, 10, 14, 21, 22, 24, 25, 27, 28, 29, 32] = [ 1,  2,  5,  8, 12, 13, 16, 17, 18, 20, 30, 34]
    Truth table row=[=, >, =, >, =] ix=151 result=[19-] is correct

Test 19+:
    W0: [ 0,  1,  3,  9, 10, 11, 12, 15, 17] = [ 2,  4,  5,  6,  7,  8, 13, 14, 16]
    W1: [ 0,  1,  3,  9, 10, 11, 12, 16, 20, 21, 22, 23] < [ 2,  4,  5,  6,  7,  8, 13, 14, 17, 18, 19, 24]
    W2: [ 0,  1,  3, 13, 14, 15, 24, 25, 26, 28, 31] = [ 2,  4, 16, 17, 18, 22, 23, 27, 29, 30, 32]
    W3: [ 0,  1,  4, 13, 14, 16, 18, 20, 24, 25, 26, 30, 32] < [ 5,  6,  7, 10, 11, 12, 17, 19, 21, 23, 27, 31, 33]
    W4: [ 0,  7, 10, 14, 21, 22, 24, 25, 27, 28, 29, 32] = [ 1,  2,  5,  8, 12, 13, 16, 17, 18, 20, 30, 34]
    Truth table row=[=, <, =, <, =] ix=91 result=[19+] is correct

Test 20-:
    W0: [ 0,  1,  3,  9, 10, 11, 12, 15, 17] = [ 2,  4,  5,  6,  7,  8, 13, 14, 16]
    W1: [ 0,  1,  3,  9, 10, 11, 12, 16, 20, 21, 22, 23] < [ 2,  4,  5,  6,  7,  8, 13, 14, 17, 18, 19, 24]
    W2: [ 0,  1,  3, 13, 14, 15, 24, 25, 26, 28, 31] = [ 2,  4, 16, 17, 18, 22, 23, 27, 29, 30, 32]
    W3: [ 0,  1,  4, 13, 14, 16, 18, 20, 24, 25, 26, 30, 32] < [ 5,  6,  7, 10, 11, 12, 17, 19, 21, 23, 27, 31, 33]
    W4: [ 0,  7, 10, 14, 21, 22, 24, 25, 27, 28, 29, 32] > [ 1,  2,  5,  8, 12, 13, 16, 17, 18, 20, 30, 34]
    Truth table row=[=, <, =, <, >] ix=92 result=[20-] is correct

Test 20+:
    W0: [ 0,  1,  3,  9, 10, 11, 12, 15, 17] = [ 2,  4,  5,  6,  7,  8, 13, 14, 16]
    W1: [ 0,  1,  3,  9, 10, 11, 12, 16, 20, 21, 22, 23] > [ 2,  4,  5,  6,  7,  8, 13, 14, 17, 18, 19, 24]
    W2: [ 0,  1,  3, 13, 14, 15, 24, 25, 26, 28, 31] = [ 2,  4, 16, 17, 18, 22, 23, 27, 29, 30, 32]
    W3: [ 0,  1,  4, 13, 14, 16, 18, 20, 24, 25, 26, 30, 32] > [ 5,  6,  7, 10, 11, 12, 17, 19, 21, 23, 27, 31, 33]
    W4: [ 0,  7, 10, 14, 21, 22, 24, 25, 27, 28, 29, 32] < [ 1,  2,  5,  8, 12, 13, 16, 17, 18, 20, 30, 34]
    Truth table row=[=, >, =, >, <] ix=150 result=[20+] is correct

Test 21-:
    W0: [ 0,  1,  3,  9, 10, 11, 12, 15, 17] = [ 2,  4,  5,  6,  7,  8, 13, 14, 16]
    W1: [ 0,  1,  3,  9, 10, 11, 12, 16, 20, 21, 22, 23] < [ 2,  4,  5,  6,  7,  8, 13, 14, 17, 18, 19, 24]
    W2: [ 0,  1,  3, 13, 14, 15, 24, 25, 26, 28, 31] = [ 2,  4, 16, 17, 18, 22, 23, 27, 29, 30, 32]
    W3: [ 0,  1,  4, 13, 14, 16, 18, 20, 24, 25, 26, 30, 32] > [ 5,  6,  7, 10, 11, 12, 17, 19, 21, 23, 27, 31, 33]
    W4: [ 0,  7, 10, 14, 21, 22, 24, 25, 27, 28, 29, 32] < [ 1,  2,  5,  8, 12, 13, 16, 17, 18, 20, 30, 34]
    Truth table row=[=, <, =, >, <] ix=96 result=[21-] is correct

Test 21+:
    W0: [ 0,  1,  3,  9, 10, 11, 12, 15, 17] = [ 2,  4,  5,  6,  7,  8, 13, 14, 16]
    W1: [ 0,  1,  3,  9, 10, 11, 12, 16, 20, 21, 22, 23] > [ 2,  4,  5,  6,  7,  8, 13, 14, 17, 18, 19, 24]
    W2: [ 0,  1,  3, 13, 14, 15, 24, 25, 26, 28, 31] = [ 2,  4, 16, 17, 18, 22, 23, 27, 29, 30, 32]
    W3: [ 0,  1,  4, 13, 14, 16, 18, 20, 24, 25, 26, 30, 32] < [ 5,  6,  7, 10, 11, 12, 17, 19, 21, 23, 27, 31, 33]
    W4: [ 0,  7, 10, 14, 21, 22, 24, 25, 27, 28, 29, 32] > [ 1,  2,  5,  8, 12, 13, 16, 17, 18, 20, 30, 34]
    Truth table row=[=, >, =, <, >] ix=146 result=[21+] is correct

Test 22-:
    W0: [ 0,  1,  3,  9, 10, 11, 12, 15, 17] = [ 2,  4,  5,  6,  7,  8, 13, 14, 16]
    W1: [ 0,  1,  3,  9, 10, 11, 12, 16, 20, 21, 22, 23] < [ 2,  4,  5,  6,  7,  8, 13, 14, 17, 18, 19, 24]
    W2: [ 0,  1,  3, 13, 14, 15, 24, 25, 26, 28, 31] > [ 2,  4, 16, 17, 18, 22, 23, 27, 29, 30, 32]
    W3: [ 0,  1,  4, 13, 14, 16, 18, 20, 24, 25, 26, 30, 32] = [ 5,  6,  7, 10, 11, 12, 17, 19, 21, 23, 27, 31, 33]
    W4: [ 0,  7, 10, 14, 21, 22, 24, 25, 27, 28, 29, 32] < [ 1,  2,  5,  8, 12, 13, 16, 17, 18, 20, 30, 34]
    Truth table row=[=, <, >, =, <] ix=102 result=[22-] is correct

Test 22+:
    W0: [ 0,  1,  3,  9, 10, 11, 12, 15, 17] = [ 2,  4,  5,  6,  7,  8, 13, 14, 16]
    W1: [ 0,  1,  3,  9, 10, 11, 12, 16, 20, 21, 22, 23] > [ 2,  4,  5,  6,  7,  8, 13, 14, 17, 18, 19, 24]
    W2: [ 0,  1,  3, 13, 14, 15, 24, 25, 26, 28, 31] < [ 2,  4, 16, 17, 18, 22, 23, 27, 29, 30, 32]
    W3: [ 0,  1,  4, 13, 14, 16, 18, 20, 24, 25, 26, 30, 32] = [ 5,  6,  7, 10, 11, 12, 17, 19, 21, 23, 27, 31, 33]
    W4: [ 0,  7, 10, 14, 21, 22, 24, 25, 27, 28, 29, 32] > [ 1,  2,  5,  8, 12, 13, 16, 17, 18, 20, 30, 34]
    Truth table row=[=, >, <, =, >] ix=140 result=[22+] is correct

Test 23-:
    W0: [ 0,  1,  3,  9, 10, 11, 12, 15, 17] = [ 2,  4,  5,  6,  7,  8, 13, 14, 16]
    W1: [ 0,  1,  3,  9, 10, 11, 12, 16, 20, 21, 22, 23] < [ 2,  4,  5,  6,  7,  8, 13, 14, 17, 18, 19, 24]
    W2: [ 0,  1,  3, 13, 14, 15, 24, 25, 26, 28, 31] > [ 2,  4, 16, 17, 18, 22, 23, 27, 29, 30, 32]
    W3: [ 0,  1,  4, 13, 14, 16, 18, 20, 24, 25, 26, 30, 32] > [ 5,  6,  7, 10, 11, 12, 17, 19, 21, 23, 27, 31, 33]
    W4: [ 0,  7, 10, 14, 21, 22, 24, 25, 27, 28, 29, 32] = [ 1,  2,  5,  8, 12, 13, 16, 17, 18, 20, 30, 34]
    Truth table row=[=, <, >, >, =] ix=106 result=[23-] is correct

Test 23+:
    W0: [ 0,  1,  3,  9, 10, 11, 12, 15, 17] = [ 2,  4,  5,  6,  7,  8, 13, 14, 16]
    W1: [ 0,  1,  3,  9, 10, 11, 12, 16, 20, 21, 22, 23] > [ 2,  4,  5,  6,  7,  8, 13, 14, 17, 18, 19, 24]
    W2: [ 0,  1,  3, 13, 14, 15, 24, 25, 26, 28, 31] < [ 2,  4, 16, 17, 18, 22, 23, 27, 29, 30, 32]
    W3: [ 0,  1,  4, 13, 14, 16, 18, 20, 24, 25, 26, 30, 32] < [ 5,  6,  7, 10, 11, 12, 17, 19, 21, 23, 27, 31, 33]
    W4: [ 0,  7, 10, 14, 21, 22, 24, 25, 27, 28, 29, 32] = [ 1,  2,  5,  8, 12, 13, 16, 17, 18, 20, 30, 34]
    Truth table row=[=, >, <, <, =] ix=136 result=[23+] is correct

Test 24-:
    W0: [ 0,  1,  3,  9, 10, 11, 12, 15, 17] = [ 2,  4,  5,  6,  7,  8, 13, 14, 16]
    W1: [ 0,  1,  3,  9, 10, 11, 12, 16, 20, 21, 22, 23] > [ 2,  4,  5,  6,  7,  8, 13, 14, 17, 18, 19, 24]
    W2: [ 0,  1,  3, 13, 14, 15, 24, 25, 26, 28, 31] < [ 2,  4, 16, 17, 18, 22, 23, 27, 29, 30, 32]
    W3: [ 0,  1,  4, 13, 14, 16, 18, 20, 24, 25, 26, 30, 32] < [ 5,  6,  7, 10, 11, 12, 17, 19, 21, 23, 27, 31, 33]
    W4: [ 0,  7, 10, 14, 21, 22, 24, 25, 27, 28, 29, 32] < [ 1,  2,  5,  8, 12, 13, 16, 17, 18, 20, 30, 34]
    Truth table row=[=, >, <, <, <] ix=135 result=[24-] is correct

Test 24+:
    W0: [ 0,  1,  3,  9, 10, 11, 12, 15, 17] = [ 2,  4,  5,  6,  7,  8, 13, 14, 16]
    W1: [ 0,  1,  3,  9, 10, 11, 12, 16, 20, 21, 22, 23] < [ 2,  4,  5,  6,  7,  8, 13, 14, 17, 18, 19, 24]
    W2: [ 0,  1,  3, 13, 14, 15, 24, 25, 26, 28, 31] > [ 2,  4, 16, 17, 18, 22, 23, 27, 29, 30, 32]
    W3: [ 0,  1,  4, 13, 14, 16, 18, 20, 24, 25, 26, 30, 32] > [ 5,  6,  7, 10, 11, 12, 17, 19, 21, 23, 27, 31, 33]
    W4: [ 0,  7, 10, 14, 21, 22, 24, 25, 27, 28, 29, 32] > [ 1,  2,  5,  8, 12, 13, 16, 17, 18, 20, 30, 34]
    Truth table row=[=, <, >, >, >] ix=107 result=[24+] is correct

Test 25-:
    W0: [ 0,  1,  3,  9, 10, 11, 12, 15, 17] = [ 2,  4,  5,  6,  7,  8, 13, 14, 16]
    W1: [ 0,  1,  3,  9, 10, 11, 12, 16, 20, 21, 22, 23] = [ 2,  4,  5,  6,  7,  8, 13, 14, 17, 18, 19, 24]
    W2: [ 0,  1,  3, 13, 14, 15, 24, 25, 26, 28, 31] < [ 2,  4, 16, 17, 18, 22, 23, 27, 29, 30, 32]
    W3: [ 0,  1,  4, 13, 14, 16, 18, 20, 24, 25, 26, 30, 32] < [ 5,  6,  7, 10, 11, 12, 17, 19, 21, 23, 27, 31, 33]
    W4: [ 0,  7, 10, 14, 21, 22, 24, 25, 27, 28, 29, 32] < [ 1,  2,  5,  8, 12, 13, 16, 17, 18, 20, 30, 34]
    Truth table row=[=, =, <, <, <] ix=108 result=[25-] is correct

Test 25+:
    W0: [ 0,  1,  3,  9, 10, 11, 12, 15, 17] = [ 2,  4,  5,  6,  7,  8, 13, 14, 16]
    W1: [ 0,  1,  3,  9, 10, 11, 12, 16, 20, 21, 22, 23] = [ 2,  4,  5,  6,  7,  8, 13, 14, 17, 18, 19, 24]
    W2: [ 0,  1,  3, 13, 14, 15, 24, 25, 26, 28, 31] > [ 2,  4, 16, 17, 18, 22, 23, 27, 29, 30, 32]
    W3: [ 0,  1,  4, 13, 14, 16, 18, 20, 24, 25, 26, 30, 32] > [ 5,  6,  7, 10, 11, 12, 17, 19, 21, 23, 27, 31, 33]
    W4: [ 0,  7, 10, 14, 21, 22, 24, 25, 27, 28, 29, 32] > [ 1,  2,  5,  8, 12, 13, 16, 17, 18, 20, 30, 34]
    Truth table row=[=, =, >, >, >] ix=134 result=[25+] is correct

Test 26-:
    W0: [ 0,  1,  3,  9, 10, 11, 12, 15, 17] = [ 2,  4,  5,  6,  7,  8, 13, 14, 16]
    W1: [ 0,  1,  3,  9, 10, 11, 12, 16, 20, 21, 22, 23] = [ 2,  4,  5,  6,  7,  8, 13, 14, 17, 18, 19, 24]
    W2: [ 0,  1,  3, 13, 14, 15, 24, 25, 26, 28, 31] < [ 2,  4, 16, 17, 18, 22, 23, 27, 29, 30, 32]
    W3: [ 0,  1,  4, 13, 14, 16, 18, 20, 24, 25, 26, 30, 32] < [ 5,  6,  7, 10, 11, 12, 17, 19, 21, 23, 27, 31, 33]
    W4: [ 0,  7, 10, 14, 21, 22, 24, 25, 27, 28, 29, 32] = [ 1,  2,  5,  8, 12, 13, 16, 17, 18, 20, 30, 34]
    Truth table row=[=, =, <, <, =] ix=109 result=[26-] is correct

Test 26+:
    W0: [ 0,  1,  3,  9, 10, 11, 12, 15, 17] = [ 2,  4,  5,  6,  7,  8, 13, 14, 16]
    W1: [ 0,  1,  3,  9, 10, 11, 12, 16, 20, 21, 22, 23] = [ 2,  4,  5,  6,  7,  8, 13, 14, 17, 18, 19, 24]
    W2: [ 0,  1,  3, 13, 14, 15, 24, 25, 26, 28, 31] > [ 2,  4, 16, 17, 18, 22, 23, 27, 29, 30, 32]
    W3: [ 0,  1,  4, 13, 14, 16, 18, 20, 24, 25, 26, 30, 32] > [ 5,  6,  7, 10, 11, 12, 17, 19, 21, 23, 27, 31, 33]
    W4: [ 0,  7, 10, 14, 21, 22, 24, 25, 27, 28, 29, 32] = [ 1,  2,  5,  8, 12, 13, 16, 17, 18, 20, 30, 34]
    Truth table row=[=, =, >, >, =] ix=133 result=[26+] is correct

Test 27-:
    W0: [ 0,  1,  3,  9, 10, 11, 12, 15, 17] = [ 2,  4,  5,  6,  7,  8, 13, 14, 16]
    W1: [ 0,  1,  3,  9, 10, 11, 12, 16, 20, 21, 22, 23] = [ 2,  4,  5,  6,  7,  8, 13, 14, 17, 18, 19, 24]
    W2: [ 0,  1,  3, 13, 14, 15, 24, 25, 26, 28, 31] > [ 2,  4, 16, 17, 18, 22, 23, 27, 29, 30, 32]
    W3: [ 0,  1,  4, 13, 14, 16, 18, 20, 24, 25, 26, 30, 32] > [ 5,  6,  7, 10, 11, 12, 17, 19, 21, 23, 27, 31, 33]
    W4: [ 0,  7, 10, 14, 21, 22, 24, 25, 27, 28, 29, 32] < [ 1,  2,  5,  8, 12, 13, 16, 17, 18, 20, 30, 34]
    Truth table row=[=, =, >, >, <] ix=132 result=[27-] is correct

Test 27+:
    W0: [ 0,  1,  3,  9, 10, 11, 12, 15, 17] = [ 2,  4,  5,  6,  7,  8, 13, 14, 16]
    W1: [ 0,  1,  3,  9, 10, 11, 12, 16, 20, 21, 22, 23] = [ 2,  4,  5,  6,  7,  8, 13, 14, 17, 18, 19, 24]
    W2: [ 0,  1,  3, 13, 14, 15, 24, 25, 26, 28, 31] < [ 2,  4, 16, 17, 18, 22, 23, 27, 29, 30, 32]
    W3: [ 0,  1,  4, 13, 14, 16, 18, 20, 24, 25, 26, 30, 32] < [ 5,  6,  7, 10, 11, 12, 17, 19, 21, 23, 27, 31, 33]
    W4: [ 0,  7, 10, 14, 21, 22, 24, 25, 27, 28, 29, 32] > [ 1,  2,  5,  8, 12, 13, 16, 17, 18, 20, 30, 34]
    Truth table row=[=, =, <, <, >] ix=110 result=[27+] is correct

Test 28-:
    W0: [ 0,  1,  3,  9, 10, 11, 12, 15, 17] = [ 2,  4,  5,  6,  7,  8, 13, 14, 16]
    W1: [ 0,  1,  3,  9, 10, 11, 12, 16, 20, 21, 22, 23] = [ 2,  4,  5,  6,  7,  8, 13, 14, 17, 18, 19, 24]
    W2: [ 0,  1,  3, 13, 14, 15, 24, 25, 26, 28, 31] < [ 2,  4, 16, 17, 18, 22, 23, 27, 29, 30, 32]
    W3: [ 0,  1,  4, 13, 14, 16, 18, 20, 24, 25, 26, 30, 32] = [ 5,  6,  7, 10, 11, 12, 17, 19, 21, 23, 27, 31, 33]
    W4: [ 0,  7, 10, 14, 21, 22, 24, 25, 27, 28, 29, 32] < [ 1,  2,  5,  8, 12, 13, 16, 17, 18, 20, 30, 34]
    Truth table row=[=, =, <, =, <] ix=111 result=[28-] is correct

Test 28+:
    W0: [ 0,  1,  3,  9, 10, 11, 12, 15, 17] = [ 2,  4,  5,  6,  7,  8, 13, 14, 16]
    W1: [ 0,  1,  3,  9, 10, 11, 12, 16, 20, 21, 22, 23] = [ 2,  4,  5,  6,  7,  8, 13, 14, 17, 18, 19, 24]
    W2: [ 0,  1,  3, 13, 14, 15, 24, 25, 26, 28, 31] > [ 2,  4, 16, 17, 18, 22, 23, 27, 29, 30, 32]
    W3: [ 0,  1,  4, 13, 14, 16, 18, 20, 24, 25, 26, 30, 32] = [ 5,  6,  7, 10, 11, 12, 17, 19, 21, 23, 27, 31, 33]
    W4: [ 0,  7, 10, 14, 21, 22, 24, 25, 27, 28, 29, 32] > [ 1,  2,  5,  8, 12, 13, 16, 17, 18, 20, 30, 34]
    Truth table row=[=, =, >, =, >] ix=131 result=[28+] is correct

Test 29-:
    W0: [ 0,  1,  3,  9, 10, 11, 12, 15, 17] = [ 2,  4,  5,  6,  7,  8, 13, 14, 16]
    W1: [ 0,  1,  3,  9, 10, 11, 12, 16, 20, 21, 22, 23] = [ 2,  4,  5,  6,  7,  8, 13, 14, 17, 18, 19, 24]
    W2: [ 0,  1,  3, 13, 14, 15, 24, 25, 26, 28, 31] > [ 2,  4, 16, 17, 18, 22, 23, 27, 29, 30, 32]
    W3: [ 0,  1,  4, 13, 14, 16, 18, 20, 24, 25, 26, 30, 32] = [ 5,  6,  7, 10, 11, 12, 17, 19, 21, 23, 27, 31, 33]
    W4: [ 0,  7, 10, 14, 21, 22, 24, 25, 27, 28, 29, 32] < [ 1,  2,  5,  8, 12, 13, 16, 17, 18, 20, 30, 34]
    Truth table row=[=, =, >, =, <] ix=129 result=[29-] is correct

Test 29+:
    W0: [ 0,  1,  3,  9, 10, 11, 12, 15, 17] = [ 2,  4,  5,  6,  7,  8, 13, 14, 16]
    W1: [ 0,  1,  3,  9, 10, 11, 12, 16, 20, 21, 22, 23] = [ 2,  4,  5,  6,  7,  8, 13, 14, 17, 18, 19, 24]
    W2: [ 0,  1,  3, 13, 14, 15, 24, 25, 26, 28, 31] < [ 2,  4, 16, 17, 18, 22, 23, 27, 29, 30, 32]
    W3: [ 0,  1,  4, 13, 14, 16, 18, 20, 24, 25, 26, 30, 32] = [ 5,  6,  7, 10, 11, 12, 17, 19, 21, 23, 27, 31, 33]
    W4: [ 0,  7, 10, 14, 21, 22, 24, 25, 27, 28, 29, 32] > [ 1,  2,  5,  8, 12, 13, 16, 17, 18, 20, 30, 34]
    Truth table row=[=, =, <, =, >] ix=113 result=[29+] is correct

Test 30-:
    W0: [ 0,  1,  3,  9, 10, 11, 12, 15, 17] = [ 2,  4,  5,  6,  7,  8, 13, 14, 16]
    W1: [ 0,  1,  3,  9, 10, 11, 12, 16, 20, 21, 22, 23] = [ 2,  4,  5,  6,  7,  8, 13, 14, 17, 18, 19, 24]
    W2: [ 0,  1,  3, 13, 14, 15, 24, 25, 26, 28, 31] > [ 2,  4, 16, 17, 18, 22, 23, 27, 29, 30, 32]
    W3: [ 0,  1,  4, 13, 14, 16, 18, 20, 24, 25, 26, 30, 32] < [ 5,  6,  7, 10, 11, 12, 17, 19, 21, 23, 27, 31, 33]
    W4: [ 0,  7, 10, 14, 21, 22, 24, 25, 27, 28, 29, 32] > [ 1,  2,  5,  8, 12, 13, 16, 17, 18, 20, 30, 34]
    Truth table row=[=, =, >, <, >] ix=128 result=[30-] is correct

Test 30+:
    W0: [ 0,  1,  3,  9, 10, 11, 12, 15, 17] = [ 2,  4,  5,  6,  7,  8, 13, 14, 16]
    W1: [ 0,  1,  3,  9, 10, 11, 12, 16, 20, 21, 22, 23] = [ 2,  4,  5,  6,  7,  8, 13, 14, 17, 18, 19, 24]
    W2: [ 0,  1,  3, 13, 14, 15, 24, 25, 26, 28, 31] < [ 2,  4, 16, 17, 18, 22, 23, 27, 29, 30, 32]
    W3: [ 0,  1,  4, 13, 14, 16, 18, 20, 24, 25, 26, 30, 32] > [ 5,  6,  7, 10, 11, 12, 17, 19, 21, 23, 27, 31, 33]
    W4: [ 0,  7, 10, 14, 21, 22, 24, 25, 27, 28, 29, 32] < [ 1,  2,  5,  8, 12, 13, 16, 17, 18, 20, 30, 34]
    Truth table row=[=, =, <, >, <] ix=114 result=[30+] is correct

Test 31-:
    W0: [ 0,  1,  3,  9, 10, 11, 12, 15, 17] = [ 2,  4,  5,  6,  7,  8, 13, 14, 16]
    W1: [ 0,  1,  3,  9, 10, 11, 12, 16, 20, 21, 22, 23] = [ 2,  4,  5,  6,  7,  8, 13, 14, 17, 18, 19, 24]
    W2: [ 0,  1,  3, 13, 14, 15, 24, 25, 26, 28, 31] < [ 2,  4, 16, 17, 18, 22, 23, 27, 29, 30, 32]
    W3: [ 0,  1,  4, 13, 14, 16, 18, 20, 24, 25, 26, 30, 32] > [ 5,  6,  7, 10, 11, 12, 17, 19, 21, 23, 27, 31, 33]
    W4: [ 0,  7, 10, 14, 21, 22, 24, 25, 27, 28, 29, 32] = [ 1,  2,  5,  8, 12, 13, 16, 17, 18, 20, 30, 34]
    Truth table row=[=, =, <, >, =] ix=115 result=[31-] is correct

Test 31+:
    W0: [ 0,  1,  3,  9, 10, 11, 12, 15, 17] = [ 2,  4,  5,  6,  7,  8, 13, 14, 16]
    W1: [ 0,  1,  3,  9, 10, 11, 12, 16, 20, 21, 22, 23] = [ 2,  4,  5,  6,  7,  8, 13, 14, 17, 18, 19, 24]
    W2: [ 0,  1,  3, 13, 14, 15, 24, 25, 26, 28, 31] > [ 2,  4, 16, 17, 18, 22, 23, 27, 29, 30, 32]
    W3: [ 0,  1,  4, 13, 14, 16, 18, 20, 24, 25, 26, 30, 32] < [ 5,  6,  7, 10, 11, 12, 17, 19, 21, 23, 27, 31, 33]
    W4: [ 0,  7, 10, 14, 21, 22, 24, 25, 27, 28, 29, 32] = [ 1,  2,  5,  8, 12, 13, 16, 17, 18, 20, 30, 34]
    Truth table row=[=, =, >, <, =] ix=127 result=[31+] is correct

Test 32-:
    W0: [ 0,  1,  3,  9, 10, 11, 12, 15, 17] = [ 2,  4,  5,  6,  7,  8, 13, 14, 16]
    W1: [ 0,  1,  3,  9, 10, 11, 12, 16, 20, 21, 22, 23] = [ 2,  4,  5,  6,  7,  8, 13, 14, 17, 18, 19, 24]
    W2: [ 0,  1,  3, 13, 14, 15, 24, 25, 26, 28, 31] > [ 2,  4, 16, 17, 18, 22, 23, 27, 29, 30, 32]
    W3: [ 0,  1,  4, 13, 14, 16, 18, 20, 24, 25, 26, 30, 32] < [ 5,  6,  7, 10, 11, 12, 17, 19, 21, 23, 27, 31, 33]
    W4: [ 0,  7, 10, 14, 21, 22, 24, 25, 27, 28, 29, 32] < [ 1,  2,  5,  8, 12, 13, 16, 17, 18, 20, 30, 34]
    Truth table row=[=, =, >, <, <] ix=126 result=[32-] is correct

Test 32+:
    W0: [ 0,  1,  3,  9, 10, 11, 12, 15, 17] = [ 2,  4,  5,  6,  7,  8, 13, 14, 16]
    W1: [ 0,  1,  3,  9, 10, 11, 12, 16, 20, 21, 22, 23] = [ 2,  4,  5,  6,  7,  8, 13, 14, 17, 18, 19, 24]
    W2: [ 0,  1,  3, 13, 14, 15, 24, 25, 26, 28, 31] < [ 2,  4, 16, 17, 18, 22, 23, 27, 29, 30, 32]
    W3: [ 0,  1,  4, 13, 14, 16, 18, 20, 24, 25, 26, 30, 32] > [ 5,  6,  7, 10, 11, 12, 17, 19, 21, 23, 27, 31, 33]
    W4: [ 0,  7, 10, 14, 21, 22, 24, 25, 27, 28, 29, 32] > [ 1,  2,  5,  8, 12, 13, 16, 17, 18, 20, 30, 34]
    Truth table row=[=, =, <, >, >] ix=116 result=[32+] is correct

Test 33-:
    W0: [ 0,  1,  3,  9, 10, 11, 12, 15, 17] = [ 2,  4,  5,  6,  7,  8, 13, 14, 16]
    W1: [ 0,  1,  3,  9, 10, 11, 12, 16, 20, 21, 22, 23] = [ 2,  4,  5,  6,  7,  8, 13, 14, 17, 18, 19, 24]
    W2: [ 0,  1,  3, 13, 14, 15, 24, 25, 26, 28, 31] = [ 2,  4, 16, 17, 18, 22, 23, 27, 29, 30, 32]
    W3: [ 0,  1,  4, 13, 14, 16, 18, 20, 24, 25, 26, 30, 32] > [ 5,  6,  7, 10, 11, 12, 17, 19, 21, 23, 27, 31, 33]
    W4: [ 0,  7, 10, 14, 21, 22, 24, 25, 27, 28, 29, 32] = [ 1,  2,  5,  8, 12, 13, 16, 17, 18, 20, 30, 34]
    Truth table row=[=, =, =, >, =] ix=124 result=[33-] is correct

Test 33+:
    W0: [ 0,  1,  3,  9, 10, 11, 12, 15, 17] = [ 2,  4,  5,  6,  7,  8, 13, 14, 16]
    W1: [ 0,  1,  3,  9, 10, 11, 12, 16, 20, 21, 22, 23] = [ 2,  4,  5,  6,  7,  8, 13, 14, 17, 18, 19, 24]
    W2: [ 0,  1,  3, 13, 14, 15, 24, 25, 26, 28, 31] = [ 2,  4, 16, 17, 18, 22, 23, 27, 29, 30, 32]
    W3: [ 0,  1,  4, 13, 14, 16, 18, 20, 24, 25, 26, 30, 32] < [ 5,  6,  7, 10, 11, 12, 17, 19, 21, 23, 27, 31, 33]
    W4: [ 0,  7, 10, 14, 21, 22, 24, 25, 27, 28, 29, 32] = [ 1,  2,  5,  8, 12, 13, 16, 17, 18, 20, 30, 34]
    Truth table row=[=, =, =, <, =] ix=118 result=[33+] is correct

Test 34-:
    W0: [ 0,  1,  3,  9, 10, 11, 12, 15, 17] = [ 2,  4,  5,  6,  7,  8, 13, 14, 16]
    W1: [ 0,  1,  3,  9, 10, 11, 12, 16, 20, 21, 22, 23] = [ 2,  4,  5,  6,  7,  8, 13, 14, 17, 18, 19, 24]
    W2: [ 0,  1,  3, 13, 14, 15, 24, 25, 26, 28, 31] = [ 2,  4, 16, 17, 18, 22, 23, 27, 29, 30, 32]
    W3: [ 0,  1,  4, 13, 14, 16, 18, 20, 24, 25, 26, 30, 32] = [ 5,  6,  7, 10, 11, 12, 17, 19, 21, 23, 27, 31, 33]
    W4: [ 0,  7, 10, 14, 21, 22, 24, 25, 27, 28, 29, 32] > [ 1,  2,  5,  8, 12, 13, 16, 17, 18, 20, 30, 34]
    Truth table row=[=, =, =, =, >] ix=122 result=[34-] is correct

Test 34+:
    W0: [ 0,  1,  3,  9, 10, 11, 12, 15, 17] = [ 2,  4,  5,  6,  7,  8, 13, 14, 16]
    W1: [ 0,  1,  3,  9, 10, 11, 12, 16, 20, 21, 22, 23] = [ 2,  4,  5,  6,  7,  8, 13, 14, 17, 18, 19, 24]
    W2: [ 0,  1,  3, 13, 14, 15, 24, 25, 26, 28, 31] = [ 2,  4, 16, 17, 18, 22, 23, 27, 29, 30, 32]
    W3: [ 0,  1,  4, 13, 14, 16, 18, 20, 24, 25, 26, 30, 32] = [ 5,  6,  7, 10, 11, 12, 17, 19, 21, 23, 27, 31, 33]
    W4: [ 0,  7, 10, 14, 21, 22, 24, 25, 27, 28, 29, 32] < [ 1,  2,  5,  8, 12, 13, 16, 17, 18, 20, 30, 34]
    Truth table row=[=, =, =, =, <] ix=120 result=[34+] is correct

Total correct results: 70
Total incorrect results: 0
