Solving for 10 balls and 4 weighings

Solution:
W0: [ 0,  2,  4,  6] <=> [ 1,  3,  5,  7]
W1: [ 0,  9] <=> [ 1,  6]
W2: [ 5,  6,  7,  8] <=> [ 0,  1,  2,  9]
W3: [ 2,  3,  5] <=> [ 0,  8,  9]

Truth Table:
ix  W0  W1  W2  W3   Result
 0   <   <   <   <
 1   <   <   <   =   1+
 2   <   <   <   >
 3   <   <   =   <
 4   <   <   =   =
 5   <   <   =   >
 6   <   <   >   <
 7   <   <   >   =
 8   <   <   >   >   0-
 9   <   =   <   <
10   <   =   <   =
11   <   =   <   >
12   <   =   =   <
13   <   =   =   =   4-
14   <   =   =   >   3+
15   <   =   >   <   2-
16   <   =   >   =   7+
17   <   =   >   >   5+
18   <   >   <   <
19   <   >   <   =   6-
20   <   >   <   >
21   <   >   =   <
22   <   >   =   =
23   <   >   =   >
24   <   >   >   <
25   <   >   >   =
26   <   >   >   >
27   =   <   <   <
28   =   <   <   =
29   =   <   <   >
30   =   <   =   <
31   =   <   =   =
32   =   <   =   >
33   =   <   >   <
34   =   <   >   =
35   =   <   >   >   9-
36   =   =   <   <
37   =   =   <   =
38   =   =   <   >   8-
39   =   =   =   <
40   =   =   =   =
41   =   =   =   >
42   =   =   >   <   8+
43   =   =   >   =
44   =   =   >   >
45   =   >   <   <   9+
46   =   >   <   =
47   =   >   <   >
48   =   >   =   <
49   =   >   =   =
50   =   >   =   >
51   =   >   >   <
52   =   >   >   =
53   =   >   >   >
54   >   <   <   <
55   >   <   <   =
56   >   <   <   >
57   >   <   =   <
58   >   <   =   =
59   >   <   =   >
60   >   <   >   <
61   >   <   >   =   6+
62   >   <   >   >
63   >   =   <   <   5-
64   >   =   <   =   7-
65   >   =   <   >   2+
66   >   =   =   <   3-
67   >   =   =   =   4+
68   >   =   =   >
69   >   =   >   <
70   >   =   >   =
71   >   =   >   >
72   >   >   <   <   0+
73   >   >   <   =
74   >   >   <   >
75   >   >   =   <
76   >   >   =   =
77   >   >   =   >
78   >   >   >   <
79   >   >   >   =   1-
80   >   >   >   >

Test 0-:
    W0: [ 0,  2,  4,  6] < [ 1,  3,  5,  7]
    W1: [ 0,  9] < [ 1,  6]
    W2: [ 5,  6,  7,  8] > [ 0,  1,  2,  9]
    W3: [ 2,  3,  5] > [ 0,  8,  9]
    Truth table result: ['0-'] is correct

Test 0+:
    W0: [ 0,  2,  4,  6] > [ 1,  3,  5,  7]
    W1: [ 0,  9] > [ 1,  6]
    W2: [ 5,  6,  7,  8] < [ 0,  1,  2,  9]
    W3: [ 2,  3,  5] < [ 0,  8,  9]
    Truth table result: ['0+'] is correct

Test 1-:
    W0: [ 0,  2,  4,  6] > [ 1,  3,  5,  7]
    W1: [ 0,  9] > [ 1,  6]
    W2: [ 5,  6,  7,  8] > [ 0,  1,  2,  9]
    W3: [ 2,  3,  5] = [ 0,  8,  9]
    Truth table result: ['1-'] is correct

Test 1+:
    W0: [ 0,  2,  4,  6] < [ 1,  3,  5,  7]
    W1: [ 0,  9] < [ 1,  6]
    W2: [ 5,  6,  7,  8] < [ 0,  1,  2,  9]
    W3: [ 2,  3,  5] = [ 0,  8,  9]
    Truth table result: ['1+'] is correct

Test 2-:
    W0: [ 0,  2,  4,  6] < [ 1,  3,  5,  7]
    W1: [ 0,  9] = [ 1,  6]
    W2: [ 5,  6,  7,  8] > [ 0,  1,  2,  9]
    W3: [ 2,  3,  5] < [ 0,  8,  9]
    Truth table result: ['2-'] is correct

Test 2+:
    W0: [ 0,  2,  4,  6] > [ 1,  3,  5,  7]
    W1: [ 0,  9] = [ 1,  6]
    W2: [ 5,  6,  7,  8] < [ 0,  1,  2,  9]
    W3: [ 2,  3,  5] > [ 0,  8,  9]
    Truth table result: ['2+'] is correct

Test 3-:
    W0: [ 0,  2,  4,  6] > [ 1,  3,  5,  7]
    W1: [ 0,  9] = [ 1,  6]
    W2: [ 5,  6,  7,  8] = [ 0,  1,  2,  9]
    W3: [ 2,  3,  5] < [ 0,  8,  9]
    Truth table result: ['3-'] is correct

Test 3+:
    W0: [ 0,  2,  4,  6] < [ 1,  3,  5,  7]
    W1: [ 0,  9] = [ 1,  6]
    W2: [ 5,  6,  7,  8] = [ 0,  1,  2,  9]
    W3: [ 2,  3,  5] > [ 0,  8,  9]
    Truth table result: ['3+'] is correct

Test 4-:
    W0: [ 0,  2,  4,  6] < [ 1,  3,  5,  7]
    W1: [ 0,  9] = [ 1,  6]
    W2: [ 5,  6,  7,  8] = [ 0,  1,  2,  9]
    W3: [ 2,  3,  5] = [ 0,  8,  9]
    Truth table result: ['4-'] is correct

Test 4+:
    W0: [ 0,  2,  4,  6] > [ 1,  3,  5,  7]
    W1: [ 0,  9] = [ 1,  6]
    W2: [ 5,  6,  7,  8] = [ 0,  1,  2,  9]
    W3: [ 2,  3,  5] = [ 0,  8,  9]
    Truth table result: ['4+'] is correct

Test 5-:
    W0: [ 0,  2,  4,  6] > [ 1,  3,  5,  7]
    W1: [ 0,  9] = [ 1,  6]
    W2: [ 5,  6,  7,  8] < [ 0,  1,  2,  9]
    W3: [ 2,  3,  5] < [ 0,  8,  9]
    Truth table result: ['5-'] is correct

Test 5+:
    W0: [ 0,  2,  4,  6] < [ 1,  3,  5,  7]
    W1: [ 0,  9] = [ 1,  6]
    W2: [ 5,  6,  7,  8] > [ 0,  1,  2,  9]
    W3: [ 2,  3,  5] > [ 0,  8,  9]
    Truth table result: ['5+'] is correct

Test 6-:
    W0: [ 0,  2,  4,  6] < [ 1,  3,  5,  7]
    W1: [ 0,  9] > [ 1,  6]
    W2: [ 5,  6,  7,  8] < [ 0,  1,  2,  9]
    W3: [ 2,  3,  5] = [ 0,  8,  9]
    Truth table result: ['6-'] is correct

Test 6+:
    W0: [ 0,  2,  4,  6] > [ 1,  3,  5,  7]
    W1: [ 0,  9] < [ 1,  6]
    W2: [ 5,  6,  7,  8] > [ 0,  1,  2,  9]
    W3: [ 2,  3,  5] = [ 0,  8,  9]
    Truth table result: ['6+'] is correct

Test 7-:
    W0: [ 0,  2,  4,  6] > [ 1,  3,  5,  7]
    W1: [ 0,  9] = [ 1,  6]
    W2: [ 5,  6,  7,  8] < [ 0,  1,  2,  9]
    W3: [ 2,  3,  5] = [ 0,  8,  9]
    Truth table result: ['7-'] is correct

Test 7+:
    W0: [ 0,  2,  4,  6] < [ 1,  3,  5,  7]
    W1: [ 0,  9] = [ 1,  6]
    W2: [ 5,  6,  7,  8] > [ 0,  1,  2,  9]
    W3: [ 2,  3,  5] = [ 0,  8,  9]
    Truth table result: ['7+'] is correct

Test 8-:
    W0: [ 0,  2,  4,  6] = [ 1,  3,  5,  7]
    W1: [ 0,  9] = [ 1,  6]
    W2: [ 5,  6,  7,  8] < [ 0,  1,  2,  9]
    W3: [ 2,  3,  5] > [ 0,  8,  9]
    Truth table result: ['8-'] is correct

Test 8+:
    W0: [ 0,  2,  4,  6] = [ 1,  3,  5,  7]
    W1: [ 0,  9] = [ 1,  6]
    W2: [ 5,  6,  7,  8] > [ 0,  1,  2,  9]
    W3: [ 2,  3,  5] < [ 0,  8,  9]
    Truth table result: ['8+'] is correct

Test 9-:
    W0: [ 0,  2,  4,  6] = [ 1,  3,  5,  7]
    W1: [ 0,  9] < [ 1,  6]
    W2: [ 5,  6,  7,  8] > [ 0,  1,  2,  9]
    W3: [ 2,  3,  5] > [ 0,  8,  9]
    Truth table result: ['9-'] is correct

Test 9+:
    W0: [ 0,  2,  4,  6] = [ 1,  3,  5,  7]
    W1: [ 0,  9] > [ 1,  6]
    W2: [ 5,  6,  7,  8] < [ 0,  1,  2,  9]
    W3: [ 2,  3,  5] < [ 0,  8,  9]
    Truth table result: ['9+'] is correct

Total correct results: 20
Total incorrect results: 0
