Solving for 12 balls and 3 weighings

Solution:
W0: [ 0,  2,  4,  6] <=> [ 1,  3,  5,  7]
W1: [ 0,  5,  8,  9] <=> [ 4,  6,  7, 10]
W2: [ 6,  7,  8, 10] <=> [ 1,  2,  4, 11]

Truth Table:
ix  W0  W1  W2   Result
 0   <   <   <
 1   <   <   =   0-
 2   <   <   >   7+
 3   <   =   <   1+
 4   <   =   =   3+
 5   <   =   >   2-
 6   <   >   <   6-
 7   <   >   =   5+
 8   <   >   >   4-
 9   =   <   <   8-
10   =   <   =   9-
11   =   <   >   10+
12   =   =   <   11+
13   =   =   =
14   =   =   >   11-
15   =   >   <   10-
16   =   >   =   9+
17   =   >   >   8+
18   >   <   <   4+
19   >   <   =   5-
20   >   <   >   6+
21   >   =   <   2+
22   >   =   =   3-
23   >   =   >   1-
24   >   >   <   7-
25   >   >   =   0+
26   >   >   >

Test 0-:
    W0: [ 0,  2,  4,  6] < [ 1,  3,  5,  7]
    W1: [ 0,  5,  8,  9] < [ 4,  6,  7, 10]
    W2: [ 6,  7,  8, 10] = [ 1,  2,  4, 11]
    Truth table result: ['0-'] is correct

Test 0+:
    W0: [ 0,  2,  4,  6] > [ 1,  3,  5,  7]
    W1: [ 0,  5,  8,  9] > [ 4,  6,  7, 10]
    W2: [ 6,  7,  8, 10] = [ 1,  2,  4, 11]
    Truth table result: ['0+'] is correct

Test 1-:
    W0: [ 0,  2,  4,  6] > [ 1,  3,  5,  7]
    W1: [ 0,  5,  8,  9] = [ 4,  6,  7, 10]
    W2: [ 6,  7,  8, 10] > [ 1,  2,  4, 11]
    Truth table result: ['1-'] is correct

Test 1+:
    W0: [ 0,  2,  4,  6] < [ 1,  3,  5,  7]
    W1: [ 0,  5,  8,  9] = [ 4,  6,  7, 10]
    W2: [ 6,  7,  8, 10] < [ 1,  2,  4, 11]
    Truth table result: ['1+'] is correct

Test 2-:
    W0: [ 0,  2,  4,  6] < [ 1,  3,  5,  7]
    W1: [ 0,  5,  8,  9] = [ 4,  6,  7, 10]
    W2: [ 6,  7,  8, 10] > [ 1,  2,  4, 11]
    Truth table result: ['2-'] is correct

Test 2+:
    W0: [ 0,  2,  4,  6] > [ 1,  3,  5,  7]
    W1: [ 0,  5,  8,  9] = [ 4,  6,  7, 10]
    W2: [ 6,  7,  8, 10] < [ 1,  2,  4, 11]
    Truth table result: ['2+'] is correct

Test 3-:
    W0: [ 0,  2,  4,  6] > [ 1,  3,  5,  7]
    W1: [ 0,  5,  8,  9] = [ 4,  6,  7, 10]
    W2: [ 6,  7,  8, 10] = [ 1,  2,  4, 11]
    Truth table result: ['3-'] is correct

Test 3+:
    W0: [ 0,  2,  4,  6] < [ 1,  3,  5,  7]
    W1: [ 0,  5,  8,  9] = [ 4,  6,  7, 10]
    W2: [ 6,  7,  8, 10] = [ 1,  2,  4, 11]
    Truth table result: ['3+'] is correct

Test 4-:
    W0: [ 0,  2,  4,  6] < [ 1,  3,  5,  7]
    W1: [ 0,  5,  8,  9] > [ 4,  6,  7, 10]
    W2: [ 6,  7,  8, 10] > [ 1,  2,  4, 11]
    Truth table result: ['4-'] is correct

Test 4+:
    W0: [ 0,  2,  4,  6] > [ 1,  3,  5,  7]
    W1: [ 0,  5,  8,  9] < [ 4,  6,  7, 10]
    W2: [ 6,  7,  8, 10] < [ 1,  2,  4, 11]
    Truth table result: ['4+'] is correct

Test 5-:
    W0: [ 0,  2,  4,  6] > [ 1,  3,  5,  7]
    W1: [ 0,  5,  8,  9] < [ 4,  6,  7, 10]
    W2: [ 6,  7,  8, 10] = [ 1,  2,  4, 11]
    Truth table result: ['5-'] is correct

Test 5+:
    W0: [ 0,  2,  4,  6] < [ 1,  3,  5,  7]
    W1: [ 0,  5,  8,  9] > [ 4,  6,  7, 10]
    W2: [ 6,  7,  8, 10] = [ 1,  2,  4, 11]
    Truth table result: ['5+'] is correct

Test 6-:
    W0: [ 0,  2,  4,  6] < [ 1,  3,  5,  7]
    W1: [ 0,  5,  8,  9] > [ 4,  6,  7, 10]
    W2: [ 6,  7,  8, 10] < [ 1,  2,  4, 11]
    Truth table result: ['6-'] is correct

Test 6+:
    W0: [ 0,  2,  4,  6] > [ 1,  3,  5,  7]
    W1: [ 0,  5,  8,  9] < [ 4,  6,  7, 10]
    W2: [ 6,  7,  8, 10] > [ 1,  2,  4, 11]
    Truth table result: ['6+'] is correct

Test 7-:
    W0: [ 0,  2,  4,  6] > [ 1,  3,  5,  7]
    W1: [ 0,  5,  8,  9] > [ 4,  6,  7, 10]
    W2: [ 6,  7,  8, 10] < [ 1,  2,  4, 11]
    Truth table result: ['7-'] is correct

Test 7+:
    W0: [ 0,  2,  4,  6] < [ 1,  3,  5,  7]
    W1: [ 0,  5,  8,  9] < [ 4,  6,  7, 10]
    W2: [ 6,  7,  8, 10] > [ 1,  2,  4, 11]
    Truth table result: ['7+'] is correct

Test 8-:
    W0: [ 0,  2,  4,  6] = [ 1,  3,  5,  7]
    W1: [ 0,  5,  8,  9] < [ 4,  6,  7, 10]
    W2: [ 6,  7,  8, 10] < [ 1,  2,  4, 11]
    Truth table result: ['8-'] is correct

Test 8+:
    W0: [ 0,  2,  4,  6] = [ 1,  3,  5,  7]
    W1: [ 0,  5,  8,  9] > [ 4,  6,  7, 10]
    W2: [ 6,  7,  8, 10] > [ 1,  2,  4, 11]
    Truth table result: ['8+'] is correct

Test 9-:
    W0: [ 0,  2,  4,  6] = [ 1,  3,  5,  7]
    W1: [ 0,  5,  8,  9] < [ 4,  6,  7, 10]
    W2: [ 6,  7,  8, 10] = [ 1,  2,  4, 11]
    Truth table result: ['9-'] is correct

Test 9+:
    W0: [ 0,  2,  4,  6] = [ 1,  3,  5,  7]
    W1: [ 0,  5,  8,  9] > [ 4,  6,  7, 10]
    W2: [ 6,  7,  8, 10] = [ 1,  2,  4, 11]
    Truth table result: ['9+'] is correct

Test 10-:
    W0: [ 0,  2,  4,  6] = [ 1,  3,  5,  7]
    W1: [ 0,  5,  8,  9] > [ 4,  6,  7, 10]
    W2: [ 6,  7,  8, 10] < [ 1,  2,  4, 11]
    Truth table result: ['10-'] is correct

Test 10+:
    W0: [ 0,  2,  4,  6] = [ 1,  3,  5,  7]
    W1: [ 0,  5,  8,  9] < [ 4,  6,  7, 10]
    W2: [ 6,  7,  8, 10] > [ 1,  2,  4, 11]
    Truth table result: ['10+'] is correct

Test 11-:
    W0: [ 0,  2,  4,  6] = [ 1,  3,  5,  7]
    W1: [ 0,  5,  8,  9] = [ 4,  6,  7, 10]
    W2: [ 6,  7,  8, 10] > [ 1,  2,  4, 11]
    Truth table result: ['11-'] is correct

Test 11+:
    W0: [ 0,  2,  4,  6] = [ 1,  3,  5,  7]
    W1: [ 0,  5,  8,  9] = [ 4,  6,  7, 10]
    W2: [ 6,  7,  8, 10] < [ 1,  2,  4, 11]
    Truth table result: ['11+'] is correct

Total correct results: 24
Total incorrect results: 0
