Solving for 31 balls and 5 weighings.
Using symmetry breaking strategy TruthTableAscending.

Solution:
W0: [ 0,  2,  3,  4,  6, 10, 11, 14] <=> [ 1,  5,  7,  8,  9, 12, 13, 15]
W1: [ 0,  2,  3,  4,  6, 10, 11, 15, 19, 20, 21, 23] <=> [ 1,  5,  7,  8,  9, 12, 14, 16, 17, 18, 22, 24]
W2: [ 0,  2,  9, 12, 13, 15, 22, 24, 26] <=> [ 1, 10, 11, 16, 17, 18, 23, 25, 27]
W3: [ 0,  3,  4,  7,  8, 10, 17, 18, 24, 27] <=> [ 1,  9, 16, 20, 21, 23, 25, 26, 28, 29]
W4: [ 1,  3,  8, 11, 22, 24, 26, 27, 29, 30] <=> [ 4,  5,  7,  9, 10, 13, 14, 15, 17, 21]

Truth Table:
ix  W0  W1  W2  W3  W4   Result
 0   <   <   <   <   <
 1   <   <   <   <   =   0-
 2   <   <   <   <   >   1+
 3   <   <   <   =   <
 4   <   <   <   =   =   2-
 5   <   <   <   =   >
 6   <   <   <   >   <
 7   <   <   <   >   =
 8   <   <   <   >   >
 9   <   <   =   <   <   3-
10   <   <   =   <   =
11   <   <   =   <   >   4-
12   <   <   =   =   <   5+
13   <   <   =   =   =   6-
14   <   <   =   =   >
15   <   <   =   >   <   7+
16   <   <   =   >   =
17   <   <   =   >   >   8+
18   <   <   >   <   <   9+
19   <   <   >   <   =
20   <   <   >   <   >   10-
21   <   <   >   =   <   11-
22   <   <   >   =   =   12+
23   <   <   >   =   >
24   <   <   >   >   <
25   <   <   >   >   =
26   <   <   >   >   >
27   <   =   <   <   <
28   <   =   <   <   =
29   <   =   <   <   >
30   <   =   <   =   <
31   <   =   <   =   =
32   <   =   <   =   >
33   <   =   <   >   <
34   <   =   <   >   =
35   <   =   <   >   >
36   <   =   =   <   <
37   <   =   =   <   =
38   <   =   =   <   >
39   <   =   =   =   <
40   <   =   =   =   =
41   <   =   =   =   >
42   <   =   =   >   <
43   <   =   =   >   =
44   <   =   =   >   >
45   <   =   >   <   <
46   <   =   >   <   =
47   <   =   >   <   >
48   <   =   >   =   <   13+
49   <   =   >   =   =
50   <   =   >   =   >
51   <   =   >   >   <
52   <   =   >   >   =
53   <   =   >   >   >
54   <   >   <   <   <
55   <   >   <   <   =
56   <   >   <   <   >
57   <   >   <   =   <
58   <   >   <   =   =
59   <   >   <   =   >
60   <   >   <   >   <
61   <   >   <   >   =
62   <   >   <   >   >
63   <   >   =   <   <
64   <   >   =   <   =
65   <   >   =   <   >
66   <   >   =   =   <
67   <   >   =   =   =
68   <   >   =   =   >   14-
69   <   >   =   >   <
70   <   >   =   >   =
71   <   >   =   >   >
72   <   >   >   <   <
73   <   >   >   <   =
74   <   >   >   <   >
75   <   >   >   =   <   15+
76   <   >   >   =   =
77   <   >   >   =   >
78   <   >   >   >   <
79   <   >   >   >   =
80   <   >   >   >   >
81   =   <   <   <   <
82   =   <   <   <   =   16+
83   =   <   <   <   >
84   =   <   <   =   <
85   =   <   <   =   =
86   =   <   <   =   >
87   =   <   <   >   <   17+
88   =   <   <   >   =   18+
89   =   <   <   >   >
90   =   <   =   <   <
91   =   <   =   <   =
92   =   <   =   <   >
93   =   <   =   =   <
94   =   <   =   =   =   19-
95   =   <   =   =   >
96   =   <   =   >   <
97   =   <   =   >   =   20-
98   =   <   =   >   >   21-
99   =   <   >   <   <
100   =   <   >   <   =
101   =   <   >   <   >
102   =   <   >   =   <
103   =   <   >   =   =
104   =   <   >   =   >   22+
105   =   <   >   >   <
106   =   <   >   >   =   23-
107   =   <   >   >   >   24+
108   =   =   <   <   <
109   =   =   <   <   =   25+
110   =   =   <   <   >
111   =   =   <   =   <
112   =   =   <   =   =
113   =   =   <   =   >
114   =   =   <   >   <   26-
115   =   =   <   >   =
116   =   =   <   >   >   27+
117   =   =   =   <   <
118   =   =   =   <   =   28+
119   =   =   =   <   >   29+
120   =   =   =   =   <   30-
121   =   =   =   =   =
122   =   =   =   =   >   30+
123   =   =   =   >   <   29-
124   =   =   =   >   =   28-
125   =   =   =   >   >
126   =   =   >   <   <   27-
127   =   =   >   <   =
128   =   =   >   <   >   26+
129   =   =   >   =   <
130   =   =   >   =   =
131   =   =   >   =   >
132   =   =   >   >   <
133   =   =   >   >   =   25-
134   =   =   >   >   >
135   =   >   <   <   <   24-
136   =   >   <   <   =   23+
137   =   >   <   <   >
138   =   >   <   =   <   22-
139   =   >   <   =   =
140   =   >   <   =   >
141   =   >   <   >   <
142   =   >   <   >   =
143   =   >   <   >   >
144   =   >   =   <   <   21+
145   =   >   =   <   =   20+
146   =   >   =   <   >
147   =   >   =   =   <
148   =   >   =   =   =   19+
149   =   >   =   =   >
150   =   >   =   >   <
151   =   >   =   >   =
152   =   >   =   >   >
153   =   >   >   <   <
154   =   >   >   <   =   18-
155   =   >   >   <   >   17-
156   =   >   >   =   <
157   =   >   >   =   =
158   =   >   >   =   >
159   =   >   >   >   <
160   =   >   >   >   =   16-
161   =   >   >   >   >
162   >   <   <   <   <
163   >   <   <   <   =
164   >   <   <   <   >
165   >   <   <   =   <
166   >   <   <   =   =
167   >   <   <   =   >   15-
168   >   <   <   >   <
169   >   <   <   >   =
170   >   <   <   >   >
171   >   <   =   <   <
172   >   <   =   <   =
173   >   <   =   <   >
174   >   <   =   =   <   14+
175   >   <   =   =   =
176   >   <   =   =   >
177   >   <   =   >   <
178   >   <   =   >   =
179   >   <   =   >   >
180   >   <   >   <   <
181   >   <   >   <   =
182   >   <   >   <   >
183   >   <   >   =   <
184   >   <   >   =   =
185   >   <   >   =   >
186   >   <   >   >   <
187   >   <   >   >   =
188   >   <   >   >   >
189   >   =   <   <   <
190   >   =   <   <   =
191   >   =   <   <   >
192   >   =   <   =   <
193   >   =   <   =   =
194   >   =   <   =   >   13-
195   >   =   <   >   <
196   >   =   <   >   =
197   >   =   <   >   >
198   >   =   =   <   <
199   >   =   =   <   =
200   >   =   =   <   >
201   >   =   =   =   <
202   >   =   =   =   =
203   >   =   =   =   >
204   >   =   =   >   <
205   >   =   =   >   =
206   >   =   =   >   >
207   >   =   >   <   <
208   >   =   >   <   =
209   >   =   >   <   >
210   >   =   >   =   <
211   >   =   >   =   =
212   >   =   >   =   >
213   >   =   >   >   <
214   >   =   >   >   =
215   >   =   >   >   >
216   >   >   <   <   <
217   >   >   <   <   =
218   >   >   <   <   >
219   >   >   <   =   <
220   >   >   <   =   =   12-
221   >   >   <   =   >   11+
222   >   >   <   >   <   10+
223   >   >   <   >   =
224   >   >   <   >   >   9-
225   >   >   =   <   <   8-
226   >   >   =   <   =
227   >   >   =   <   >   7-
228   >   >   =   =   <
229   >   >   =   =   =   6+
230   >   >   =   =   >   5-
231   >   >   =   >   <   4+
232   >   >   =   >   =
233   >   >   =   >   >   3+
234   >   >   >   <   <
235   >   >   >   <   =
236   >   >   >   <   >
237   >   >   >   =   <
238   >   >   >   =   =   2+
239   >   >   >   =   >
240   >   >   >   >   <   1-
241   >   >   >   >   =   0+
242   >   >   >   >   >

Test 0-:
    W0: [ 0,  2,  3,  4,  6, 10, 11, 14] < [ 1,  5,  7,  8,  9, 12, 13, 15]
    W1: [ 0,  2,  3,  4,  6, 10, 11, 15, 19, 20, 21, 23] < [ 1,  5,  7,  8,  9, 12, 14, 16, 17, 18, 22, 24]
    W2: [ 0,  2,  9, 12, 13, 15, 22, 24, 26] < [ 1, 10, 11, 16, 17, 18, 23, 25, 27]
    W3: [ 0,  3,  4,  7,  8, 10, 17, 18, 24, 27] < [ 1,  9, 16, 20, 21, 23, 25, 26, 28, 29]
    W4: [ 1,  3,  8, 11, 22, 24, 26, 27, 29, 30] = [ 4,  5,  7,  9, 10, 13, 14, 15, 17, 21]
    Truth table row=[<, <, <, <, =] ix=1 result=[0-] is correct

Test 0+:
    W0: [ 0,  2,  3,  4,  6, 10, 11, 14] > [ 1,  5,  7,  8,  9, 12, 13, 15]
    W1: [ 0,  2,  3,  4,  6, 10, 11, 15, 19, 20, 21, 23] > [ 1,  5,  7,  8,  9, 12, 14, 16, 17, 18, 22, 24]
    W2: [ 0,  2,  9, 12, 13, 15, 22, 24, 26] > [ 1, 10, 11, 16, 17, 18, 23, 25, 27]
    W3: [ 0,  3,  4,  7,  8, 10, 17, 18, 24, 27] > [ 1,  9, 16, 20, 21, 23, 25, 26, 28, 29]
    W4: [ 1,  3,  8, 11, 22, 24, 26, 27, 29, 30] = [ 4,  5,  7,  9, 10, 13, 14, 15, 17, 21]
    Truth table row=[>, >, >, >, =] ix=241 result=[0+] is correct

Test 1-:
    W0: [ 0,  2,  3,  4,  6, 10, 11, 14] > [ 1,  5,  7,  8,  9, 12, 13, 15]
    W1: [ 0,  2,  3,  4,  6, 10, 11, 15, 19, 20, 21, 23] > [ 1,  5,  7,  8,  9, 12, 14, 16, 17, 18, 22, 24]
    W2: [ 0,  2,  9, 12, 13, 15, 22, 24, 26] > [ 1, 10, 11, 16, 17, 18, 23, 25, 27]
    W3: [ 0,  3,  4,  7,  8, 10, 17, 18, 24, 27] > [ 1,  9, 16, 20, 21, 23, 25, 26, 28, 29]
    W4: [ 1,  3,  8, 11, 22, 24, 26, 27, 29, 30] < [ 4,  5,  7,  9, 10, 13, 14, 15, 17, 21]
    Truth table row=[>, >, >, >, <] ix=240 result=[1-] is correct

Test 1+:
    W0: [ 0,  2,  3,  4,  6, 10, 11, 14] < [ 1,  5,  7,  8,  9, 12, 13, 15]
    W1: [ 0,  2,  3,  4,  6, 10, 11, 15, 19, 20, 21, 23] < [ 1,  5,  7,  8,  9, 12, 14, 16, 17, 18, 22, 24]
    W2: [ 0,  2,  9, 12, 13, 15, 22, 24, 26] < [ 1, 10, 11, 16, 17, 18, 23, 25, 27]
    W3: [ 0,  3,  4,  7,  8, 10, 17, 18, 24, 27] < [ 1,  9, 16, 20, 21, 23, 25, 26, 28, 29]
    W4: [ 1,  3,  8, 11, 22, 24, 26, 27, 29, 30] > [ 4,  5,  7,  9, 10, 13, 14, 15, 17, 21]
    Truth table row=[<, <, <, <, >] ix=2 result=[1+] is correct

Test 2-:
    W0: [ 0,  2,  3,  4,  6, 10, 11, 14] < [ 1,  5,  7,  8,  9, 12, 13, 15]
    W1: [ 0,  2,  3,  4,  6, 10, 11, 15, 19, 20, 21, 23] < [ 1,  5,  7,  8,  9, 12, 14, 16, 17, 18, 22, 24]
    W2: [ 0,  2,  9, 12, 13, 15, 22, 24, 26] < [ 1, 10, 11, 16, 17, 18, 23, 25, 27]
    W3: [ 0,  3,  4,  7,  8, 10, 17, 18, 24, 27] = [ 1,  9, 16, 20, 21, 23, 25, 26, 28, 29]
    W4: [ 1,  3,  8, 11, 22, 24, 26, 27, 29, 30] = [ 4,  5,  7,  9, 10, 13, 14, 15, 17, 21]
    Truth table row=[<, <, <, =, =] ix=4 result=[2-] is correct

Test 2+:
    W0: [ 0,  2,  3,  4,  6, 10, 11, 14] > [ 1,  5,  7,  8,  9, 12, 13, 15]
    W1: [ 0,  2,  3,  4,  6, 10, 11, 15, 19, 20, 21, 23] > [ 1,  5,  7,  8,  9, 12, 14, 16, 17, 18, 22, 24]
    W2: [ 0,  2,  9, 12, 13, 15, 22, 24, 26] > [ 1, 10, 11, 16, 17, 18, 23, 25, 27]
    W3: [ 0,  3,  4,  7,  8, 10, 17, 18, 24, 27] = [ 1,  9, 16, 20, 21, 23, 25, 26, 28, 29]
    W4: [ 1,  3,  8, 11, 22, 24, 26, 27, 29, 30] = [ 4,  5,  7,  9, 10, 13, 14, 15, 17, 21]
    Truth table row=[>, >, >, =, =] ix=238 result=[2+] is correct

Test 3-:
    W0: [ 0,  2,  3,  4,  6, 10, 11, 14] < [ 1,  5,  7,  8,  9, 12, 13, 15]
    W1: [ 0,  2,  3,  4,  6, 10, 11, 15, 19, 20, 21, 23] < [ 1,  5,  7,  8,  9, 12, 14, 16, 17, 18, 22, 24]
    W2: [ 0,  2,  9, 12, 13, 15, 22, 24, 26] = [ 1, 10, 11, 16, 17, 18, 23, 25, 27]
    W3: [ 0,  3,  4,  7,  8, 10, 17, 18, 24, 27] < [ 1,  9, 16, 20, 21, 23, 25, 26, 28, 29]
    W4: [ 1,  3,  8, 11, 22, 24, 26, 27, 29, 30] < [ 4,  5,  7,  9, 10, 13, 14, 15, 17, 21]
    Truth table row=[<, <, =, <, <] ix=9 result=[3-] is correct

Test 3+:
    W0: [ 0,  2,  3,  4,  6, 10, 11, 14] > [ 1,  5,  7,  8,  9, 12, 13, 15]
    W1: [ 0,  2,  3,  4,  6, 10, 11, 15, 19, 20, 21, 23] > [ 1,  5,  7,  8,  9, 12, 14, 16, 17, 18, 22, 24]
    W2: [ 0,  2,  9, 12, 13, 15, 22, 24, 26] = [ 1, 10, 11, 16, 17, 18, 23, 25, 27]
    W3: [ 0,  3,  4,  7,  8, 10, 17, 18, 24, 27] > [ 1,  9, 16, 20, 21, 23, 25, 26, 28, 29]
    W4: [ 1,  3,  8, 11, 22, 24, 26, 27, 29, 30] > [ 4,  5,  7,  9, 10, 13, 14, 15, 17, 21]
    Truth table row=[>, >, =, >, >] ix=233 result=[3+] is correct

Test 4-:
    W0: [ 0,  2,  3,  4,  6, 10, 11, 14] < [ 1,  5,  7,  8,  9, 12, 13, 15]
    W1: [ 0,  2,  3,  4,  6, 10, 11, 15, 19, 20, 21, 23] < [ 1,  5,  7,  8,  9, 12, 14, 16, 17, 18, 22, 24]
    W2: [ 0,  2,  9, 12, 13, 15, 22, 24, 26] = [ 1, 10, 11, 16, 17, 18, 23, 25, 27]
    W3: [ 0,  3,  4,  7,  8, 10, 17, 18, 24, 27] < [ 1,  9, 16, 20, 21, 23, 25, 26, 28, 29]
    W4: [ 1,  3,  8, 11, 22, 24, 26, 27, 29, 30] > [ 4,  5,  7,  9, 10, 13, 14, 15, 17, 21]
    Truth table row=[<, <, =, <, >] ix=11 result=[4-] is correct

Test 4+:
    W0: [ 0,  2,  3,  4,  6, 10, 11, 14] > [ 1,  5,  7,  8,  9, 12, 13, 15]
    W1: [ 0,  2,  3,  4,  6, 10, 11, 15, 19, 20, 21, 23] > [ 1,  5,  7,  8,  9, 12, 14, 16, 17, 18, 22, 24]
    W2: [ 0,  2,  9, 12, 13, 15, 22, 24, 26] = [ 1, 10, 11, 16, 17, 18, 23, 25, 27]
    W3: [ 0,  3,  4,  7,  8, 10, 17, 18, 24, 27] > [ 1,  9, 16, 20, 21, 23, 25, 26, 28, 29]
    W4: [ 1,  3,  8, 11, 22, 24, 26, 27, 29, 30] < [ 4,  5,  7,  9, 10, 13, 14, 15, 17, 21]
    Truth table row=[>, >, =, >, <] ix=231 result=[4+] is correct

Test 5-:
    W0: [ 0,  2,  3,  4,  6, 10, 11, 14] > [ 1,  5,  7,  8,  9, 12, 13, 15]
    W1: [ 0,  2,  3,  4,  6, 10, 11, 15, 19, 20, 21, 23] > [ 1,  5,  7,  8,  9, 12, 14, 16, 17, 18, 22, 24]
    W2: [ 0,  2,  9, 12, 13, 15, 22, 24, 26] = [ 1, 10, 11, 16, 17, 18, 23, 25, 27]
    W3: [ 0,  3,  4,  7,  8, 10, 17, 18, 24, 27] = [ 1,  9, 16, 20, 21, 23, 25, 26, 28, 29]
    W4: [ 1,  3,  8, 11, 22, 24, 26, 27, 29, 30] > [ 4,  5,  7,  9, 10, 13, 14, 15, 17, 21]
    Truth table row=[>, >, =, =, >] ix=230 result=[5-] is correct

Test 5+:
    W0: [ 0,  2,  3,  4,  6, 10, 11, 14] < [ 1,  5,  7,  8,  9, 12, 13, 15]
    W1: [ 0,  2,  3,  4,  6, 10, 11, 15, 19, 20, 21, 23] < [ 1,  5,  7,  8,  9, 12, 14, 16, 17, 18, 22, 24]
    W2: [ 0,  2,  9, 12, 13, 15, 22, 24, 26] = [ 1, 10, 11, 16, 17, 18, 23, 25, 27]
    W3: [ 0,  3,  4,  7,  8, 10, 17, 18, 24, 27] = [ 1,  9, 16, 20, 21, 23, 25, 26, 28, 29]
    W4: [ 1,  3,  8, 11, 22, 24, 26, 27, 29, 30] < [ 4,  5,  7,  9, 10, 13, 14, 15, 17, 21]
    Truth table row=[<, <, =, =, <] ix=12 result=[5+] is correct

Test 6-:
    W0: [ 0,  2,  3,  4,  6, 10, 11, 14] < [ 1,  5,  7,  8,  9, 12, 13, 15]
    W1: [ 0,  2,  3,  4,  6, 10, 11, 15, 19, 20, 21, 23] < [ 1,  5,  7,  8,  9, 12, 14, 16, 17, 18, 22, 24]
    W2: [ 0,  2,  9, 12, 13, 15, 22, 24, 26] = [ 1, 10, 11, 16, 17, 18, 23, 25, 27]
    W3: [ 0,  3,  4,  7,  8, 10, 17, 18, 24, 27] = [ 1,  9, 16, 20, 21, 23, 25, 26, 28, 29]
    W4: [ 1,  3,  8, 11, 22, 24, 26, 27, 29, 30] = [ 4,  5,  7,  9, 10, 13, 14, 15, 17, 21]
    Truth table row=[<, <, =, =, =] ix=13 result=[6-] is correct

Test 6+:
    W0: [ 0,  2,  3,  4,  6, 10, 11, 14] > [ 1,  5,  7,  8,  9, 12, 13, 15]
    W1: [ 0,  2,  3,  4,  6, 10, 11, 15, 19, 20, 21, 23] > [ 1,  5,  7,  8,  9, 12, 14, 16, 17, 18, 22, 24]
    W2: [ 0,  2,  9, 12, 13, 15, 22, 24, 26] = [ 1, 10, 11, 16, 17, 18, 23, 25, 27]
    W3: [ 0,  3,  4,  7,  8, 10, 17, 18, 24, 27] = [ 1,  9, 16, 20, 21, 23, 25, 26, 28, 29]
    W4: [ 1,  3,  8, 11, 22, 24, 26, 27, 29, 30] = [ 4,  5,  7,  9, 10, 13, 14, 15, 17, 21]
    Truth table row=[>, >, =, =, =] ix=229 result=[6+] is correct

Test 7-:
    W0: [ 0,  2,  3,  4,  6, 10, 11, 14] > [ 1,  5,  7,  8,  9, 12, 13, 15]
    W1: [ 0,  2,  3,  4,  6, 10, 11, 15, 19, 20, 21, 23] > [ 1,  5,  7,  8,  9, 12, 14, 16, 17, 18, 22, 24]
    W2: [ 0,  2,  9, 12, 13, 15, 22, 24, 26] = [ 1, 10, 11, 16, 17, 18, 23, 25, 27]
    W3: [ 0,  3,  4,  7,  8, 10, 17, 18, 24, 27] < [ 1,  9, 16, 20, 21, 23, 25, 26, 28, 29]
    W4: [ 1,  3,  8, 11, 22, 24, 26, 27, 29, 30] > [ 4,  5,  7,  9, 10, 13, 14, 15, 17, 21]
    Truth table row=[>, >, =, <, >] ix=227 result=[7-] is correct

Test 7+:
    W0: [ 0,  2,  3,  4,  6, 10, 11, 14] < [ 1,  5,  7,  8,  9, 12, 13, 15]
    W1: [ 0,  2,  3,  4,  6, 10, 11, 15, 19, 20, 21, 23] < [ 1,  5,  7,  8,  9, 12, 14, 16, 17, 18, 22, 24]
    W2: [ 0,  2,  9, 12, 13, 15, 22, 24, 26] = [ 1, 10, 11, 16, 17, 18, 23, 25, 27]
    W3: [ 0,  3,  4,  7,  8, 10, 17, 18, 24, 27] > [ 1,  9, 16, 20, 21, 23, 25, 26, 28, 29]
    W4: [ 1,  3,  8, 11, 22, 24, 26, 27, 29, 30] < [ 4,  5,  7,  9, 10, 13, 14, 15, 17, 21]
    Truth table row=[<, <, =, >, <] ix=15 result=[7+] is correct

Test 8-:
    W0: [ 0,  2,  3,  4,  6, 10, 11, 14] > [ 1,  5,  7,  8,  9, 12, 13, 15]
    W1: [ 0,  2,  3,  4,  6, 10, 11, 15, 19, 20, 21, 23] > [ 1,  5,  7,  8,  9, 12, 14, 16, 17, 18, 22, 24]
    W2: [ 0,  2,  9, 12, 13, 15, 22, 24, 26] = [ 1, 10, 11, 16, 17, 18, 23, 25, 27]
    W3: [ 0,  3,  4,  7,  8, 10, 17, 18, 24, 27] < [ 1,  9, 16, 20, 21, 23, 25, 26, 28, 29]
    W4: [ 1,  3,  8, 11, 22, 24, 26, 27, 29, 30] < [ 4,  5,  7,  9, 10, 13, 14, 15, 17, 21]
    Truth table row=[>, >, =, <, <] ix=225 result=[8-] is correct

Test 8+:
    W0: [ 0,  2,  3,  4,  6, 10, 11, 14] < [ 1,  5,  7,  8,  9, 12, 13, 15]
    W1: [ 0,  2,  3,  4,  6, 10, 11, 15, 19, 20, 21, 23] < [ 1,  5,  7,  8,  9, 12, 14, 16, 17, 18, 22, 24]
    W2: [ 0,  2,  9, 12, 13, 15, 22, 24, 26] = [ 1, 10, 11, 16, 17, 18, 23, 25, 27]
    W3: [ 0,  3,  4,  7,  8, 10, 17, 18, 24, 27] > [ 1,  9, 16, 20, 21, 23, 25, 26, 28, 29]
    W4: [ 1,  3,  8, 11, 22, 24, 26, 27, 29, 30] > [ 4,  5,  7,  9, 10, 13, 14, 15, 17, 21]
    Truth table row=[<, <, =, >, >] ix=17 result=[8+] is correct

Test 9-:
    W0: [ 0,  2,  3,  4,  6, 10, 11, 14] > [ 1,  5,  7,  8,  9, 12, 13, 15]
    W1: [ 0,  2,  3,  4,  6, 10, 11, 15, 19, 20, 21, 23] > [ 1,  5,  7,  8,  9, 12, 14, 16, 17, 18, 22, 24]
    W2: [ 0,  2,  9, 12, 13, 15, 22, 24, 26] < [ 1, 10, 11, 16, 17, 18, 23, 25, 27]
    W3: [ 0,  3,  4,  7,  8, 10, 17, 18, 24, 27] > [ 1,  9, 16, 20, 21, 23, 25, 26, 28, 29]
    W4: [ 1,  3,  8, 11, 22, 24, 26, 27, 29, 30] > [ 4,  5,  7,  9, 10, 13, 14, 15, 17, 21]
    Truth table row=[>, >, <, >, >] ix=224 result=[9-] is correct

Test 9+:
    W0: [ 0,  2,  3,  4,  6, 10, 11, 14] < [ 1,  5,  7,  8,  9, 12, 13, 15]
    W1: [ 0,  2,  3,  4,  6, 10, 11, 15, 19, 20, 21, 23] < [ 1,  5,  7,  8,  9, 12, 14, 16, 17, 18, 22, 24]
    W2: [ 0,  2,  9, 12, 13, 15, 22, 24, 26] > [ 1, 10, 11, 16, 17, 18, 23, 25, 27]
    W3: [ 0,  3,  4,  7,  8, 10, 17, 18, 24, 27] < [ 1,  9, 16, 20, 21, 23, 25, 26, 28, 29]
    W4: [ 1,  3,  8, 11, 22, 24, 26, 27, 29, 30] < [ 4,  5,  7,  9, 10, 13, 14, 15, 17, 21]
    Truth table row=[<, <, >, <, <] ix=18 result=[9+] is correct

Test 10-:
    W0: [ 0,  2,  3,  4,  6, 10, 11, 14] < [ 1,  5,  7,  8,  9, 12, 13, 15]
    W1: [ 0,  2,  3,  4,  6, 10, 11, 15, 19, 20, 21, 23] < [ 1,  5,  7,  8,  9, 12, 14, 16, 17, 18, 22, 24]
    W2: [ 0,  2,  9, 12, 13, 15, 22, 24, 26] > [ 1, 10, 11, 16, 17, 18, 23, 25, 27]
    W3: [ 0,  3,  4,  7,  8, 10, 17, 18, 24, 27] < [ 1,  9, 16, 20, 21, 23, 25, 26, 28, 29]
    W4: [ 1,  3,  8, 11, 22, 24, 26, 27, 29, 30] > [ 4,  5,  7,  9, 10, 13, 14, 15, 17, 21]
    Truth table row=[<, <, >, <, >] ix=20 result=[10-] is correct

Test 10+:
    W0: [ 0,  2,  3,  4,  6, 10, 11, 14] > [ 1,  5,  7,  8,  9, 12, 13, 15]
    W1: [ 0,  2,  3,  4,  6, 10, 11, 15, 19, 20, 21, 23] > [ 1,  5,  7,  8,  9, 12, 14, 16, 17, 18, 22, 24]
    W2: [ 0,  2,  9, 12, 13, 15, 22, 24, 26] < [ 1, 10, 11, 16, 17, 18, 23, 25, 27]
    W3: [ 0,  3,  4,  7,  8, 10, 17, 18, 24, 27] > [ 1,  9, 16, 20, 21, 23, 25, 26, 28, 29]
    W4: [ 1,  3,  8, 11, 22, 24, 26, 27, 29, 30] < [ 4,  5,  7,  9, 10, 13, 14, 15, 17, 21]
    Truth table row=[>, >, <, >, <] ix=222 result=[10+] is correct

Test 11-:
    W0: [ 0,  2,  3,  4,  6, 10, 11, 14] < [ 1,  5,  7,  8,  9, 12, 13, 15]
    W1: [ 0,  2,  3,  4,  6, 10, 11, 15, 19, 20, 21, 23] < [ 1,  5,  7,  8,  9, 12, 14, 16, 17, 18, 22, 24]
    W2: [ 0,  2,  9, 12, 13, 15, 22, 24, 26] > [ 1, 10, 11, 16, 17, 18, 23, 25, 27]
    W3: [ 0,  3,  4,  7,  8, 10, 17, 18, 24, 27] = [ 1,  9, 16, 20, 21, 23, 25, 26, 28, 29]
    W4: [ 1,  3,  8, 11, 22, 24, 26, 27, 29, 30] < [ 4,  5,  7,  9, 10, 13, 14, 15, 17, 21]
    Truth table row=[<, <, >, =, <] ix=21 result=[11-] is correct

Test 11+:
    W0: [ 0,  2,  3,  4,  6, 10, 11, 14] > [ 1,  5,  7,  8,  9, 12, 13, 15]
    W1: [ 0,  2,  3,  4,  6, 10, 11, 15, 19, 20, 21, 23] > [ 1,  5,  7,  8,  9, 12, 14, 16, 17, 18, 22, 24]
    W2: [ 0,  2,  9, 12, 13, 15, 22, 24, 26] < [ 1, 10, 11, 16, 17, 18, 23, 25, 27]
    W3: [ 0,  3,  4,  7,  8, 10, 17, 18, 24, 27] = [ 1,  9, 16, 20, 21, 23, 25, 26, 28, 29]
    W4: [ 1,  3,  8, 11, 22, 24, 26, 27, 29, 30] > [ 4,  5,  7,  9, 10, 13, 14, 15, 17, 21]
    Truth table row=[>, >, <, =, >] ix=221 result=[11+] is correct

Test 12-:
    W0: [ 0,  2,  3,  4,  6, 10, 11, 14] > [ 1,  5,  7,  8,  9, 12, 13, 15]
    W1: [ 0,  2,  3,  4,  6, 10, 11, 15, 19, 20, 21, 23] > [ 1,  5,  7,  8,  9, 12, 14, 16, 17, 18, 22, 24]
    W2: [ 0,  2,  9, 12, 13, 15, 22, 24, 26] < [ 1, 10, 11, 16, 17, 18, 23, 25, 27]
    W3: [ 0,  3,  4,  7,  8, 10, 17, 18, 24, 27] = [ 1,  9, 16, 20, 21, 23, 25, 26, 28, 29]
    W4: [ 1,  3,  8, 11, 22, 24, 26, 27, 29, 30] = [ 4,  5,  7,  9, 10, 13, 14, 15, 17, 21]
    Truth table row=[>, >, <, =, =] ix=220 result=[12-] is correct

Test 12+:
    W0: [ 0,  2,  3,  4,  6, 10, 11, 14] < [ 1,  5,  7,  8,  9, 12, 13, 15]
    W1: [ 0,  2,  3,  4,  6, 10, 11, 15, 19, 20, 21, 23] < [ 1,  5,  7,  8,  9, 12, 14, 16, 17, 18, 22, 24]
    W2: [ 0,  2,  9, 12, 13, 15, 22, 24, 26] > [ 1, 10, 11, 16, 17, 18, 23, 25, 27]
    W3: [ 0,  3,  4,  7,  8, 10, 17, 18, 24, 27] = [ 1,  9, 16, 20, 21, 23, 25, 26, 28, 29]
    W4: [ 1,  3,  8, 11, 22, 24, 26, 27, 29, 30] = [ 4,  5,  7,  9, 10, 13, 14, 15, 17, 21]
    Truth table row=[<, <, >, =, =] ix=22 result=[12+] is correct

Test 13-:
    W0: [ 0,  2,  3,  4,  6, 10, 11, 14] > [ 1,  5,  7,  8,  9, 12, 13, 15]
    W1: [ 0,  2,  3,  4,  6, 10, 11, 15, 19, 20, 21, 23] = [ 1,  5,  7,  8,  9, 12, 14, 16, 17, 18, 22, 24]
    W2: [ 0,  2,  9, 12, 13, 15, 22, 24, 26] < [ 1, 10, 11, 16, 17, 18, 23, 25, 27]
    W3: [ 0,  3,  4,  7,  8, 10, 17, 18, 24, 27] = [ 1,  9, 16, 20, 21, 23, 25, 26, 28, 29]
    W4: [ 1,  3,  8, 11, 22, 24, 26, 27, 29, 30] > [ 4,  5,  7,  9, 10, 13, 14, 15, 17, 21]
    Truth table row=[>, =, <, =, >] ix=194 result=[13-] is correct

Test 13+:
    W0: [ 0,  2,  3,  4,  6, 10, 11, 14] < [ 1,  5,  7,  8,  9, 12, 13, 15]
    W1: [ 0,  2,  3,  4,  6, 10, 11, 15, 19, 20, 21, 23] = [ 1,  5,  7,  8,  9, 12, 14, 16, 17, 18, 22, 24]
    W2: [ 0,  2,  9, 12, 13, 15, 22, 24, 26] > [ 1, 10, 11, 16, 17, 18, 23, 25, 27]
    W3: [ 0,  3,  4,  7,  8, 10, 17, 18, 24, 27] = [ 1,  9, 16, 20, 21, 23, 25, 26, 28, 29]
    W4: [ 1,  3,  8, 11, 22, 24, 26, 27, 29, 30] < [ 4,  5,  7,  9, 10, 13, 14, 15, 17, 21]
    Truth table row=[<, =, >, =, <] ix=48 result=[13+] is correct

Test 14-:
    W0: [ 0,  2,  3,  4,  6, 10, 11, 14] < [ 1,  5,  7,  8,  9, 12, 13, 15]
    W1: [ 0,  2,  3,  4,  6, 10, 11, 15, 19, 20, 21, 23] > [ 1,  5,  7,  8,  9, 12, 14, 16, 17, 18, 22, 24]
    W2: [ 0,  2,  9, 12, 13, 15, 22, 24, 26] = [ 1, 10, 11, 16, 17, 18, 23, 25, 27]
    W3: [ 0,  3,  4,  7,  8, 10, 17, 18, 24, 27] = [ 1,  9, 16, 20, 21, 23, 25, 26, 28, 29]
    W4: [ 1,  3,  8, 11, 22, 24, 26, 27, 29, 30] > [ 4,  5,  7,  9, 10, 13, 14, 15, 17, 21]
    Truth table row=[<, >, =, =, >] ix=68 result=[14-] is correct

Test 14+:
    W0: [ 0,  2,  3,  4,  6, 10, 11, 14] > [ 1,  5,  7,  8,  9, 12, 13, 15]
    W1: [ 0,  2,  3,  4,  6, 10, 11, 15, 19, 20, 21, 23] < [ 1,  5,  7,  8,  9, 12, 14, 16, 17, 18, 22, 24]
    W2: [ 0,  2,  9, 12, 13, 15, 22, 24, 26] = [ 1, 10, 11, 16, 17, 18, 23, 25, 27]
    W3: [ 0,  3,  4,  7,  8, 10, 17, 18, 24, 27] = [ 1,  9, 16, 20, 21, 23, 25, 26, 28, 29]
    W4: [ 1,  3,  8, 11, 22, 24, 26, 27, 29, 30] < [ 4,  5,  7,  9, 10, 13, 14, 15, 17, 21]
    Truth table row=[>, <, =, =, <] ix=174 result=[14+] is correct

Test 15-:
    W0: [ 0,  2,  3,  4,  6, 10, 11, 14] > [ 1,  5,  7,  8,  9, 12, 13, 15]
    W1: [ 0,  2,  3,  4,  6, 10, 11, 15, 19, 20, 21, 23] < [ 1,  5,  7,  8,  9, 12, 14, 16, 17, 18, 22, 24]
    W2: [ 0,  2,  9, 12, 13, 15, 22, 24, 26] < [ 1, 10, 11, 16, 17, 18, 23, 25, 27]
    W3: [ 0,  3,  4,  7,  8, 10, 17, 18, 24, 27] = [ 1,  9, 16, 20, 21, 23, 25, 26, 28, 29]
    W4: [ 1,  3,  8, 11, 22, 24, 26, 27, 29, 30] > [ 4,  5,  7,  9, 10, 13, 14, 15, 17, 21]
    Truth table row=[>, <, <, =, >] ix=167 result=[15-] is correct

Test 15+:
    W0: [ 0,  2,  3,  4,  6, 10, 11, 14] < [ 1,  5,  7,  8,  9, 12, 13, 15]
    W1: [ 0,  2,  3,  4,  6, 10, 11, 15, 19, 20, 21, 23] > [ 1,  5,  7,  8,  9, 12, 14, 16, 17, 18, 22, 24]
    W2: [ 0,  2,  9, 12, 13, 15, 22, 24, 26] > [ 1, 10, 11, 16, 17, 18, 23, 25, 27]
    W3: [ 0,  3,  4,  7,  8, 10, 17, 18, 24, 27] = [ 1,  9, 16, 20, 21, 23, 25, 26, 28, 29]
    W4: [ 1,  3,  8, 11, 22, 24, 26, 27, 29, 30] < [ 4,  5,  7,  9, 10, 13, 14, 15, 17, 21]
    Truth table row=[<, >, >, =, <] ix=75 result=[15+] is correct

Test 16-:
    W0: [ 0,  2,  3,  4,  6, 10, 11, 14] = [ 1,  5,  7,  8,  9, 12, 13, 15]
    W1: [ 0,  2,  3,  4,  6, 10, 11, 15, 19, 20, 21, 23] > [ 1,  5,  7,  8,  9, 12, 14, 16, 17, 18, 22, 24]
    W2: [ 0,  2,  9, 12, 13, 15, 22, 24, 26] > [ 1, 10, 11, 16, 17, 18, 23, 25, 27]
    W3: [ 0,  3,  4,  7,  8, 10, 17, 18, 24, 27] > [ 1,  9, 16, 20, 21, 23, 25, 26, 28, 29]
    W4: [ 1,  3,  8, 11, 22, 24, 26, 27, 29, 30] = [ 4,  5,  7,  9, 10, 13, 14, 15, 17, 21]
    Truth table row=[=, >, >, >, =] ix=160 result=[16-] is correct

Test 16+:
    W0: [ 0,  2,  3,  4,  6, 10, 11, 14] = [ 1,  5,  7,  8,  9, 12, 13, 15]
    W1: [ 0,  2,  3,  4,  6, 10, 11, 15, 19, 20, 21, 23] < [ 1,  5,  7,  8,  9, 12, 14, 16, 17, 18, 22, 24]
    W2: [ 0,  2,  9, 12, 13, 15, 22, 24, 26] < [ 1, 10, 11, 16, 17, 18, 23, 25, 27]
    W3: [ 0,  3,  4,  7,  8, 10, 17, 18, 24, 27] < [ 1,  9, 16, 20, 21, 23, 25, 26, 28, 29]
    W4: [ 1,  3,  8, 11, 22, 24, 26, 27, 29, 30] = [ 4,  5,  7,  9, 10, 13, 14, 15, 17, 21]
    Truth table row=[=, <, <, <, =] ix=82 result=[16+] is correct

Test 17-:
    W0: [ 0,  2,  3,  4,  6, 10, 11, 14] = [ 1,  5,  7,  8,  9, 12, 13, 15]
    W1: [ 0,  2,  3,  4,  6, 10, 11, 15, 19, 20, 21, 23] > [ 1,  5,  7,  8,  9, 12, 14, 16, 17, 18, 22, 24]
    W2: [ 0,  2,  9, 12, 13, 15, 22, 24, 26] > [ 1, 10, 11, 16, 17, 18, 23, 25, 27]
    W3: [ 0,  3,  4,  7,  8, 10, 17, 18, 24, 27] < [ 1,  9, 16, 20, 21, 23, 25, 26, 28, 29]
    W4: [ 1,  3,  8, 11, 22, 24, 26, 27, 29, 30] > [ 4,  5,  7,  9, 10, 13, 14, 15, 17, 21]
    Truth table row=[=, >, >, <, >] ix=155 result=[17-] is correct

Test 17+:
    W0: [ 0,  2,  3,  4,  6, 10, 11, 14] = [ 1,  5,  7,  8,  9, 12, 13, 15]
    W1: [ 0,  2,  3,  4,  6, 10, 11, 15, 19, 20, 21, 23] < [ 1,  5,  7,  8,  9, 12, 14, 16, 17, 18, 22, 24]
    W2: [ 0,  2,  9, 12, 13, 15, 22, 24, 26] < [ 1, 10, 11, 16, 17, 18, 23, 25, 27]
    W3: [ 0,  3,  4,  7,  8, 10, 17, 18, 24, 27] > [ 1,  9, 16, 20, 21, 23, 25, 26, 28, 29]
    W4: [ 1,  3,  8, 11, 22, 24, 26, 27, 29, 30] < [ 4,  5,  7,  9, 10, 13, 14, 15, 17, 21]
    Truth table row=[=, <, <, >, <] ix=87 result=[17+] is correct

Test 18-:
    W0: [ 0,  2,  3,  4,  6, 10, 11, 14] = [ 1,  5,  7,  8,  9, 12, 13, 15]
    W1: [ 0,  2,  3,  4,  6, 10, 11, 15, 19, 20, 21, 23] > [ 1,  5,  7,  8,  9, 12, 14, 16, 17, 18, 22, 24]
    W2: [ 0,  2,  9, 12, 13, 15, 22, 24, 26] > [ 1, 10, 11, 16, 17, 18, 23, 25, 27]
    W3: [ 0,  3,  4,  7,  8, 10, 17, 18, 24, 27] < [ 1,  9, 16, 20, 21, 23, 25, 26, 28, 29]
    W4: [ 1,  3,  8, 11, 22, 24, 26, 27, 29, 30] = [ 4,  5,  7,  9, 10, 13, 14, 15, 17, 21]
    Truth table row=[=, >, >, <, =] ix=154 result=[18-] is correct

Test 18+:
    W0: [ 0,  2,  3,  4,  6, 10, 11, 14] = [ 1,  5,  7,  8,  9, 12, 13, 15]
    W1: [ 0,  2,  3,  4,  6, 10, 11, 15, 19, 20, 21, 23] < [ 1,  5,  7,  8,  9, 12, 14, 16, 17, 18, 22, 24]
    W2: [ 0,  2,  9, 12, 13, 15, 22, 24, 26] < [ 1, 10, 11, 16, 17, 18, 23, 25, 27]
    W3: [ 0,  3,  4,  7,  8, 10, 17, 18, 24, 27] > [ 1,  9, 16, 20, 21, 23, 25, 26, 28, 29]
    W4: [ 1,  3,  8, 11, 22, 24, 26, 27, 29, 30] = [ 4,  5,  7,  9, 10, 13, 14, 15, 17, 21]
    Truth table row=[=, <, <, >, =] ix=88 result=[18+] is correct

Test 19-:
    W0: [ 0,  2,  3,  4,  6, 10, 11, 14] = [ 1,  5,  7,  8,  9, 12, 13, 15]
    W1: [ 0,  2,  3,  4,  6, 10, 11, 15, 19, 20, 21, 23] < [ 1,  5,  7,  8,  9, 12, 14, 16, 17, 18, 22, 24]
    W2: [ 0,  2,  9, 12, 13, 15, 22, 24, 26] = [ 1, 10, 11, 16, 17, 18, 23, 25, 27]
    W3: [ 0,  3,  4,  7,  8, 10, 17, 18, 24, 27] = [ 1,  9, 16, 20, 21, 23, 25, 26, 28, 29]
    W4: [ 1,  3,  8, 11, 22, 24, 26, 27, 29, 30] = [ 4,  5,  7,  9, 10, 13, 14, 15, 17, 21]
    Truth table row=[=, <, =, =, =] ix=94 result=[19-] is correct

Test 19+:
    W0: [ 0,  2,  3,  4,  6, 10, 11, 14] = [ 1,  5,  7,  8,  9, 12, 13, 15]
    W1: [ 0,  2,  3,  4,  6, 10, 11, 15, 19, 20, 21, 23] > [ 1,  5,  7,  8,  9, 12, 14, 16, 17, 18, 22, 24]
    W2: [ 0,  2,  9, 12, 13, 15, 22, 24, 26] = [ 1, 10, 11, 16, 17, 18, 23, 25, 27]
    W3: [ 0,  3,  4,  7,  8, 10, 17, 18, 24, 27] = [ 1,  9, 16, 20, 21, 23, 25, 26, 28, 29]
    W4: [ 1,  3,  8, 11, 22, 24, 26, 27, 29, 30] = [ 4,  5,  7,  9, 10, 13, 14, 15, 17, 21]
    Truth table row=[=, >, =, =, =] ix=148 result=[19+] is correct

Test 20-:
    W0: [ 0,  2,  3,  4,  6, 10, 11, 14] = [ 1,  5,  7,  8,  9, 12, 13, 15]
    W1: [ 0,  2,  3,  4,  6, 10, 11, 15, 19, 20, 21, 23] < [ 1,  5,  7,  8,  9, 12, 14, 16, 17, 18, 22, 24]
    W2: [ 0,  2,  9, 12, 13, 15, 22, 24, 26] = [ 1, 10, 11, 16, 17, 18, 23, 25, 27]
    W3: [ 0,  3,  4,  7,  8, 10, 17, 18, 24, 27] > [ 1,  9, 16, 20, 21, 23, 25, 26, 28, 29]
    W4: [ 1,  3,  8, 11, 22, 24, 26, 27, 29, 30] = [ 4,  5,  7,  9, 10, 13, 14, 15, 17, 21]
    Truth table row=[=, <, =, >, =] ix=97 result=[20-] is correct

Test 20+:
    W0: [ 0,  2,  3,  4,  6, 10, 11, 14] = [ 1,  5,  7,  8,  9, 12, 13, 15]
    W1: [ 0,  2,  3,  4,  6, 10, 11, 15, 19, 20, 21, 23] > [ 1,  5,  7,  8,  9, 12, 14, 16, 17, 18, 22, 24]
    W2: [ 0,  2,  9, 12, 13, 15, 22, 24, 26] = [ 1, 10, 11, 16, 17, 18, 23, 25, 27]
    W3: [ 0,  3,  4,  7,  8, 10, 17, 18, 24, 27] < [ 1,  9, 16, 20, 21, 23, 25, 26, 28, 29]
    W4: [ 1,  3,  8, 11, 22, 24, 26, 27, 29, 30] = [ 4,  5,  7,  9, 10, 13, 14, 15, 17, 21]
    Truth table row=[=, >, =, <, =] ix=145 result=[20+] is correct

Test 21-:
    W0: [ 0,  2,  3,  4,  6, 10, 11, 14] = [ 1,  5,  7,  8,  9, 12, 13, 15]
    W1: [ 0,  2,  3,  4,  6, 10, 11, 15, 19, 20, 21, 23] < [ 1,  5,  7,  8,  9, 12, 14, 16, 17, 18, 22, 24]
    W2: [ 0,  2,  9, 12, 13, 15, 22, 24, 26] = [ 1, 10, 11, 16, 17, 18, 23, 25, 27]
    W3: [ 0,  3,  4,  7,  8, 10, 17, 18, 24, 27] > [ 1,  9, 16, 20, 21, 23, 25, 26, 28, 29]
    W4: [ 1,  3,  8, 11, 22, 24, 26, 27, 29, 30] > [ 4,  5,  7,  9, 10, 13, 14, 15, 17, 21]
    Truth table row=[=, <, =, >, >] ix=98 result=[21-] is correct

Test 21+:
    W0: [ 0,  2,  3,  4,  6, 10, 11, 14] = [ 1,  5,  7,  8,  9, 12, 13, 15]
    W1: [ 0,  2,  3,  4,  6, 10, 11, 15, 19, 20, 21, 23] > [ 1,  5,  7,  8,  9, 12, 14, 16, 17, 18, 22, 24]
    W2: [ 0,  2,  9, 12, 13, 15, 22, 24, 26] = [ 1, 10, 11, 16, 17, 18, 23, 25, 27]
    W3: [ 0,  3,  4,  7,  8, 10, 17, 18, 24, 27] < [ 1,  9, 16, 20, 21, 23, 25, 26, 28, 29]
    W4: [ 1,  3,  8, 11, 22, 24, 26, 27, 29, 30] < [ 4,  5,  7,  9, 10, 13, 14, 15, 17, 21]
    Truth table row=[=, >, =, <, <] ix=144 result=[21+] is correct

Test 22-:
    W0: [ 0,  2,  3,  4,  6, 10, 11, 14] = [ 1,  5,  7,  8,  9, 12, 13, 15]
    W1: [ 0,  2,  3,  4,  6, 10, 11, 15, 19, 20, 21, 23] > [ 1,  5,  7,  8,  9, 12, 14, 16, 17, 18, 22, 24]
    W2: [ 0,  2,  9, 12, 13, 15, 22, 24, 26] < [ 1, 10, 11, 16, 17, 18, 23, 25, 27]
    W3: [ 0,  3,  4,  7,  8, 10, 17, 18, 24, 27] = [ 1,  9, 16, 20, 21, 23, 25, 26, 28, 29]
    W4: [ 1,  3,  8, 11, 22, 24, 26, 27, 29, 30] < [ 4,  5,  7,  9, 10, 13, 14, 15, 17, 21]
    Truth table row=[=, >, <, =, <] ix=138 result=[22-] is correct

Test 22+:
    W0: [ 0,  2,  3,  4,  6, 10, 11, 14] = [ 1,  5,  7,  8,  9, 12, 13, 15]
    W1: [ 0,  2,  3,  4,  6, 10, 11, 15, 19, 20, 21, 23] < [ 1,  5,  7,  8,  9, 12, 14, 16, 17, 18, 22, 24]
    W2: [ 0,  2,  9, 12, 13, 15, 22, 24, 26] > [ 1, 10, 11, 16, 17, 18, 23, 25, 27]
    W3: [ 0,  3,  4,  7,  8, 10, 17, 18, 24, 27] = [ 1,  9, 16, 20, 21, 23, 25, 26, 28, 29]
    W4: [ 1,  3,  8, 11, 22, 24, 26, 27, 29, 30] > [ 4,  5,  7,  9, 10, 13, 14, 15, 17, 21]
    Truth table row=[=, <, >, =, >] ix=104 result=[22+] is correct

Test 23-:
    W0: [ 0,  2,  3,  4,  6, 10, 11, 14] = [ 1,  5,  7,  8,  9, 12, 13, 15]
    W1: [ 0,  2,  3,  4,  6, 10, 11, 15, 19, 20, 21, 23] < [ 1,  5,  7,  8,  9, 12, 14, 16, 17, 18, 22, 24]
    W2: [ 0,  2,  9, 12, 13, 15, 22, 24, 26] > [ 1, 10, 11, 16, 17, 18, 23, 25, 27]
    W3: [ 0,  3,  4,  7,  8, 10, 17, 18, 24, 27] > [ 1,  9, 16, 20, 21, 23, 25, 26, 28, 29]
    W4: [ 1,  3,  8, 11, 22, 24, 26, 27, 29, 30] = [ 4,  5,  7,  9, 10, 13, 14, 15, 17, 21]
    Truth table row=[=, <, >, >, =] ix=106 result=[23-] is correct

Test 23+:
    W0: [ 0,  2,  3,  4,  6, 10, 11, 14] = [ 1,  5,  7,  8,  9, 12, 13, 15]
    W1: [ 0,  2,  3,  4,  6, 10, 11, 15, 19, 20, 21, 23] > [ 1,  5,  7,  8,  9, 12, 14, 16, 17, 18, 22, 24]
    W2: [ 0,  2,  9, 12, 13, 15, 22, 24, 26] < [ 1, 10, 11, 16, 17, 18, 23, 25, 27]
    W3: [ 0,  3,  4,  7,  8, 10, 17, 18, 24, 27] < [ 1,  9, 16, 20, 21, 23, 25, 26, 28, 29]
    W4: [ 1,  3,  8, 11, 22, 24, 26, 27, 29, 30] = [ 4,  5,  7,  9, 10, 13, 14, 15, 17, 21]
    Truth table row=[=, >, <, <, =] ix=136 result=[23+] is correct

Test 24-:
    W0: [ 0,  2,  3,  4,  6, 10, 11, 14] = [ 1,  5,  7,  8,  9, 12, 13, 15]
    W1: [ 0,  2,  3,  4,  6, 10, 11, 15, 19, 20, 21, 23] > [ 1,  5,  7,  8,  9, 12, 14, 16, 17, 18, 22, 24]
    W2: [ 0,  2,  9, 12, 13, 15, 22, 24, 26] < [ 1, 10, 11, 16, 17, 18, 23, 25, 27]
    W3: [ 0,  3,  4,  7,  8, 10, 17, 18, 24, 27] < [ 1,  9, 16, 20, 21, 23, 25, 26, 28, 29]
    W4: [ 1,  3,  8, 11, 22, 24, 26, 27, 29, 30] < [ 4,  5,  7,  9, 10, 13, 14, 15, 17, 21]
    Truth table row=[=, >, <, <, <] ix=135 result=[24-] is correct

Test 24+:
    W0: [ 0,  2,  3,  4,  6, 10, 11, 14] = [ 1,  5,  7,  8,  9, 12, 13, 15]
    W1: [ 0,  2,  3,  4,  6, 10, 11, 15, 19, 20, 21, 23] < [ 1,  5,  7,  8,  9, 12, 14, 16, 17, 18, 22, 24]
    W2: [ 0,  2,  9, 12, 13, 15, 22, 24, 26] > [ 1, 10, 11, 16, 17, 18, 23, 25, 27]
    W3: [ 0,  3,  4,  7,  8, 10, 17, 18, 24, 27] > [ 1,  9, 16, 20, 21, 23, 25, 26, 28, 29]
    W4: [ 1,  3,  8, 11, 22, 24, 26, 27, 29, 30] > [ 4,  5,  7,  9, 10, 13, 14, 15, 17, 21]
    Truth table row=[=, <, >, >, >] ix=107 result=[24+] is correct

Test 25-:
    W0: [ 0,  2,  3,  4,  6, 10, 11, 14] = [ 1,  5,  7,  8,  9, 12, 13, 15]
    W1: [ 0,  2,  3,  4,  6, 10, 11, 15, 19, 20, 21, 23] = [ 1,  5,  7,  8,  9, 12, 14, 16, 17, 18, 22, 24]
    W2: [ 0,  2,  9, 12, 13, 15, 22, 24, 26] > [ 1, 10, 11, 16, 17, 18, 23, 25, 27]
    W3: [ 0,  3,  4,  7,  8, 10, 17, 18, 24, 27] > [ 1,  9, 16, 20, 21, 23, 25, 26, 28, 29]
    W4: [ 1,  3,  8, 11, 22, 24, 26, 27, 29, 30] = [ 4,  5,  7,  9, 10, 13, 14, 15, 17, 21]
    Truth table row=[=, =, >, >, =] ix=133 result=[25-] is correct

Test 25+:
    W0: [ 0,  2,  3,  4,  6, 10, 11, 14] = [ 1,  5,  7,  8,  9, 12, 13, 15]
    W1: [ 0,  2,  3,  4,  6, 10, 11, 15, 19, 20, 21, 23] = [ 1,  5,  7,  8,  9, 12, 14, 16, 17, 18, 22, 24]
    W2: [ 0,  2,  9, 12, 13, 15, 22, 24, 26] < [ 1, 10, 11, 16, 17, 18, 23, 25, 27]
    W3: [ 0,  3,  4,  7,  8, 10, 17, 18, 24, 27] < [ 1,  9, 16, 20, 21, 23, 25, 26, 28, 29]
    W4: [ 1,  3,  8, 11, 22, 24, 26, 27, 29, 30] = [ 4,  5,  7,  9, 10, 13, 14, 15, 17, 21]
    Truth table row=[=, =, <, <, =] ix=109 result=[25+] is correct

Test 26-:
    W0: [ 0,  2,  3,  4,  6, 10, 11, 14] = [ 1,  5,  7,  8,  9, 12, 13, 15]
    W1: [ 0,  2,  3,  4,  6, 10, 11, 15, 19, 20, 21, 23] = [ 1,  5,  7,  8,  9, 12, 14, 16, 17, 18, 22, 24]
    W2: [ 0,  2,  9, 12, 13, 15, 22, 24, 26] < [ 1, 10, 11, 16, 17, 18, 23, 25, 27]
    W3: [ 0,  3,  4,  7,  8, 10, 17, 18, 24, 27] > [ 1,  9, 16, 20, 21, 23, 25, 26, 28, 29]
    W4: [ 1,  3,  8, 11, 22, 24, 26, 27, 29, 30] < [ 4,  5,  7,  9, 10, 13, 14, 15, 17, 21]
    Truth table row=[=, =, <, >, <] ix=114 result=[26-] is correct

Test 26+:
    W0: [ 0,  2,  3,  4,  6, 10, 11, 14] = [ 1,  5,  7,  8,  9, 12, 13, 15]
    W1: [ 0,  2,  3,  4,  6, 10, 11, 15, 19, 20, 21, 23] = [ 1,  5,  7,  8,  9, 12, 14, 16, 17, 18, 22, 24]
    W2: [ 0,  2,  9, 12, 13, 15, 22, 24, 26] > [ 1, 10, 11, 16, 17, 18, 23, 25, 27]
    W3: [ 0,  3,  4,  7,  8, 10, 17, 18, 24, 27] < [ 1,  9, 16, 20, 21, 23, 25, 26, 28, 29]
    W4: [ 1,  3,  8, 11, 22, 24, 26, 27, 29, 30] > [ 4,  5,  7,  9, 10, 13, 14, 15, 17, 21]
    Truth table row=[=, =, >, <, >] ix=128 result=[26+] is correct

Test 27-:
    W0: [ 0,  2,  3,  4,  6, 10, 11, 14] = [ 1,  5,  7,  8,  9, 12, 13, 15]
    W1: [ 0,  2,  3,  4,  6, 10, 11, 15, 19, 20, 21, 23] = [ 1,  5,  7,  8,  9, 12, 14, 16, 17, 18, 22, 24]
    W2: [ 0,  2,  9, 12, 13, 15, 22, 24, 26] > [ 1, 10, 11, 16, 17, 18, 23, 25, 27]
    W3: [ 0,  3,  4,  7,  8, 10, 17, 18, 24, 27] < [ 1,  9, 16, 20, 21, 23, 25, 26, 28, 29]
    W4: [ 1,  3,  8, 11, 22, 24, 26, 27, 29, 30] < [ 4,  5,  7,  9, 10, 13, 14, 15, 17, 21]
    Truth table row=[=, =, >, <, <] ix=126 result=[27-] is correct

Test 27+:
    W0: [ 0,  2,  3,  4,  6, 10, 11, 14] = [ 1,  5,  7,  8,  9, 12, 13, 15]
    W1: [ 0,  2,  3,  4,  6, 10, 11, 15, 19, 20, 21, 23] = [ 1,  5,  7,  8,  9, 12, 14, 16, 17, 18, 22, 24]
    W2: [ 0,  2,  9, 12, 13, 15, 22, 24, 26] < [ 1, 10, 11, 16, 17, 18, 23, 25, 27]
    W3: [ 0,  3,  4,  7,  8, 10, 17, 18, 24, 27] > [ 1,  9, 16, 20, 21, 23, 25, 26, 28, 29]
    W4: [ 1,  3,  8, 11, 22, 24, 26, 27, 29, 30] > [ 4,  5,  7,  9, 10, 13, 14, 15, 17, 21]
    Truth table row=[=, =, <, >, >] ix=116 result=[27+] is correct

Test 28-:
    W0: [ 0,  2,  3,  4,  6, 10, 11, 14] = [ 1,  5,  7,  8,  9, 12, 13, 15]
    W1: [ 0,  2,  3,  4,  6, 10, 11, 15, 19, 20, 21, 23] = [ 1,  5,  7,  8,  9, 12, 14, 16, 17, 18, 22, 24]
    W2: [ 0,  2,  9, 12, 13, 15, 22, 24, 26] = [ 1, 10, 11, 16, 17, 18, 23, 25, 27]
    W3: [ 0,  3,  4,  7,  8, 10, 17, 18, 24, 27] > [ 1,  9, 16, 20, 21, 23, 25, 26, 28, 29]
    W4: [ 1,  3,  8, 11, 22, 24, 26, 27, 29, 30] = [ 4,  5,  7,  9, 10, 13, 14, 15, 17, 21]
    Truth table row=[=, =, =, >, =] ix=124 result=[28-] is correct

Test 28+:
    W0: [ 0,  2,  3,  4,  6, 10, 11, 14] = [ 1,  5,  7,  8,  9, 12, 13, 15]
    W1: [ 0,  2,  3,  4,  6, 10, 11, 15, 19, 20, 21, 23] = [ 1,  5,  7,  8,  9, 12, 14, 16, 17, 18, 22, 24]
    W2: [ 0,  2,  9, 12, 13, 15, 22, 24, 26] = [ 1, 10, 11, 16, 17, 18, 23, 25, 27]
    W3: [ 0,  3,  4,  7,  8, 10, 17, 18, 24, 27] < [ 1,  9, 16, 20, 21, 23, 25, 26, 28, 29]
    W4: [ 1,  3,  8, 11, 22, 24, 26, 27, 29, 30] = [ 4,  5,  7,  9, 10, 13, 14, 15, 17, 21]
    Truth table row=[=, =, =, <, =] ix=118 result=[28+] is correct

Test 29-:
    W0: [ 0,  2,  3,  4,  6, 10, 11, 14] = [ 1,  5,  7,  8,  9, 12, 13, 15]
    W1: [ 0,  2,  3,  4,  6, 10, 11, 15, 19, 20, 21, 23] = [ 1,  5,  7,  8,  9, 12, 14, 16, 17, 18, 22, 24]
    W2: [ 0,  2,  9, 12, 13, 15, 22, 24, 26] = [ 1, 10, 11, 16, 17, 18, 23, 25, 27]
    W3: [ 0,  3,  4,  7,  8, 10, 17, 18, 24, 27] > [ 1,  9, 16, 20, 21, 23, 25, 26, 28, 29]
    W4: [ 1,  3,  8, 11, 22, 24, 26, 27, 29, 30] < [ 4,  5,  7,  9, 10, 13, 14, 15, 17, 21]
    Truth table row=[=, =, =, >, <] ix=123 result=[29-] is correct

Test 29+:
    W0: [ 0,  2,  3,  4,  6, 10, 11, 14] = [ 1,  5,  7,  8,  9, 12, 13, 15]
    W1: [ 0,  2,  3,  4,  6, 10, 11, 15, 19, 20, 21, 23] = [ 1,  5,  7,  8,  9, 12, 14, 16, 17, 18, 22, 24]
    W2: [ 0,  2,  9, 12, 13, 15, 22, 24, 26] = [ 1, 10, 11, 16, 17, 18, 23, 25, 27]
    W3: [ 0,  3,  4,  7,  8, 10, 17, 18, 24, 27] < [ 1,  9, 16, 20, 21, 23, 25, 26, 28, 29]
    W4: [ 1,  3,  8, 11, 22, 24, 26, 27, 29, 30] > [ 4,  5,  7,  9, 10, 13, 14, 15, 17, 21]
    Truth table row=[=, =, =, <, >] ix=119 result=[29+] is correct

Test 30-:
    W0: [ 0,  2,  3,  4,  6, 10, 11, 14] = [ 1,  5,  7,  8,  9, 12, 13, 15]
    W1: [ 0,  2,  3,  4,  6, 10, 11, 15, 19, 20, 21, 23] = [ 1,  5,  7,  8,  9, 12, 14, 16, 17, 18, 22, 24]
    W2: [ 0,  2,  9, 12, 13, 15, 22, 24, 26] = [ 1, 10, 11, 16, 17, 18, 23, 25, 27]
    W3: [ 0,  3,  4,  7,  8, 10, 17, 18, 24, 27] = [ 1,  9, 16, 20, 21, 23, 25, 26, 28, 29]
    W4: [ 1,  3,  8, 11, 22, 24, 26, 27, 29, 30] < [ 4,  5,  7,  9, 10, 13, 14, 15, 17, 21]
    Truth table row=[=, =, =, =, <] ix=120 result=[30-] is correct

Test 30+:
    W0: [ 0,  2,  3,  4,  6, 10, 11, 14] = [ 1,  5,  7,  8,  9, 12, 13, 15]
    W1: [ 0,  2,  3,  4,  6, 10, 11, 15, 19, 20, 21, 23] = [ 1,  5,  7,  8,  9, 12, 14, 16, 17, 18, 22, 24]
    W2: [ 0,  2,  9, 12, 13, 15, 22, 24, 26] = [ 1, 10, 11, 16, 17, 18, 23, 25, 27]
    W3: [ 0,  3,  4,  7,  8, 10, 17, 18, 24, 27] = [ 1,  9, 16, 20, 21, 23, 25, 26, 28, 29]
    W4: [ 1,  3,  8, 11, 22, 24, 26, 27, 29, 30] > [ 4,  5,  7,  9, 10, 13, 14, 15, 17, 21]
    Truth table row=[=, =, =, =, >] ix=122 result=[30+] is correct

Total correct results: 62
Total incorrect results: 0
