Solving for 41 balls and 5 weighings.
Using symmetry breaking strategy TruthTableAscending.

Solution:
W0: [ 0,  3,  4] <=> [ 1,  2,  5]
W1: [ 0,  3,  4,  5,  7, 10, 12, 14, 15, 19, 20, 22, 26, 27] <=> [ 1,  2,  6,  8,  9, 11, 13, 16, 17, 18, 21, 23, 24, 25]
W2: [ 0,  3,  5,  7, 10, 12, 21, 23, 24, 25, 28, 30, 31, 32, 36] <=> [ 1,  2,  6,  8,  9, 11, 19, 20, 22, 26, 27, 29, 33, 34, 35]
W3: [ 0,  2,  7, 11, 14, 15, 16, 17, 18, 19, 20, 25, 28, 30, 34, 35] <=> [ 1,  3,  4,  5,  6, 10, 12, 13, 21, 26, 27, 29, 36, 37, 38, 39]
W4: [ 0,  4,  9, 10, 18, 19, 21, 22, 24, 28, 31, 33, 39] <=> [ 2,  7, 12, 13, 15, 16, 25, 27, 30, 34, 36, 37, 40]

Truth Table:
ix  W0  W1  W2  W3  W4   Result
 0   <   <   <   <   <   0-
 1   <   <   <   <   =   1+
 2   <   <   <   <   >
 3   <   <   <   =   <
 4   <   <   <   =   =
 5   <   <   <   =   >
 6   <   <   <   >   <   2+
 7   <   <   <   >   =   3-
 8   <   <   <   >   >
 9   <   <   =   <   <
10   <   <   =   <   =
11   <   <   =   <   >
12   <   <   =   =   <
13   <   <   =   =   =
14   <   <   =   =   >
15   <   <   =   >   <   4-
16   <   <   =   >   =
17   <   <   =   >   >
18   <   <   >   <   <
19   <   <   >   <   =
20   <   <   >   <   >
21   <   <   >   =   <
22   <   <   >   =   =
23   <   <   >   =   >
24   <   <   >   >   <
25   <   <   >   >   =
26   <   <   >   >   >
27   <   =   <   <   <
28   <   =   <   <   =
29   <   =   <   <   >
30   <   =   <   =   <
31   <   =   <   =   =
32   <   =   <   =   >
33   <   =   <   >   <
34   <   =   <   >   =
35   <   =   <   >   >
36   <   =   =   <   <
37   <   =   =   <   =
38   <   =   =   <   >
39   <   =   =   =   <
40   <   =   =   =   =
41   <   =   =   =   >
42   <   =   =   >   <
43   <   =   =   >   =
44   <   =   =   >   >
45   <   =   >   <   <
46   <   =   >   <   =
47   <   =   >   <   >
48   <   =   >   =   <
49   <   =   >   =   =
50   <   =   >   =   >
51   <   =   >   >   <
52   <   =   >   >   =
53   <   =   >   >   >
54   <   >   <   <   <
55   <   >   <   <   =
56   <   >   <   <   >
57   <   >   <   =   <
58   <   >   <   =   =
59   <   >   <   =   >
60   <   >   <   >   <
61   <   >   <   >   =
62   <   >   <   >   >
63   <   >   =   <   <
64   <   >   =   <   =
65   <   >   =   <   >
66   <   >   =   =   <
67   <   >   =   =   =
68   <   >   =   =   >
69   <   >   =   >   <
70   <   >   =   >   =
71   <   >   =   >   >
72   <   >   >   <   <
73   <   >   >   <   =   5+
74   <   >   >   <   >
75   <   >   >   =   <
76   <   >   >   =   =
77   <   >   >   =   >
78   <   >   >   >   <
79   <   >   >   >   =
80   <   >   >   >   >
81   =   <   <   <   <
82   =   <   <   <   =   6+
83   =   <   <   <   >   7-
84   =   <   <   =   <
85   =   <   <   =   =   8+
86   =   <   <   =   >   9+
87   =   <   <   >   <   10-
88   =   <   <   >   =   11+
89   =   <   <   >   >   12-
90   =   <   =   <   <   13+
91   =   <   =   <   =   14-
92   =   <   =   <   >   15-
93   =   <   =   =   <
94   =   <   =   =   =
95   =   <   =   =   >
96   =   <   =   >   <   16+
97   =   <   =   >   =   17+
98   =   <   =   >   >   18+
99   =   <   >   <   <   19-
100   =   <   >   <   =   20-
101   =   <   >   <   >   21+
102   =   <   >   =   <   22-
103   =   <   >   =   =   23+
104   =   <   >   =   >   24+
105   =   <   >   >   <   25+
106   =   <   >   >   =   26-
107   =   <   >   >   >   27-
108   =   =   <   <   <   28-
109   =   =   <   <   =   29+
110   =   =   <   <   >   30-
111   =   =   <   =   <   31-
112   =   =   <   =   =   32-
113   =   =   <   =   >   33+
114   =   =   <   >   <   34+
115   =   =   <   >   =   35+
116   =   =   <   >   >   36-
117   =   =   =   <   <   37+
118   =   =   =   <   =   38+
119   =   =   =   <   >   39+
120   =   =   =   =   <   40+
121   =   =   =   =   =
122   =   =   =   =   >   40-
123   =   =   =   >   <   39-
124   =   =   =   >   =   38-
125   =   =   =   >   >   37-
126   =   =   >   <   <   36+
127   =   =   >   <   =   35-
128   =   =   >   <   >   34-
129   =   =   >   =   <   33-
130   =   =   >   =   =   32+
131   =   =   >   =   >   31+
132   =   =   >   >   <   30+
133   =   =   >   >   =   29-
134   =   =   >   >   >   28+
135   =   >   <   <   <   27+
136   =   >   <   <   =   26+
137   =   >   <   <   >   25-
138   =   >   <   =   <   24-
139   =   >   <   =   =   23-
140   =   >   <   =   >   22+
141   =   >   <   >   <   21-
142   =   >   <   >   =   20+
143   =   >   <   >   >   19+
144   =   >   =   <   <   18-
145   =   >   =   <   =   17-
146   =   >   =   <   >   16-
147   =   >   =   =   <
148   =   >   =   =   =
149   =   >   =   =   >
150   =   >   =   >   <   15+
151   =   >   =   >   =   14+
152   =   >   =   >   >   13-
153   =   >   >   <   <   12+
154   =   >   >   <   =   11-
155   =   >   >   <   >   10+
156   =   >   >   =   <   9-
157   =   >   >   =   =   8-
158   =   >   >   =   >
159   =   >   >   >   <   7+
160   =   >   >   >   =   6-
161   =   >   >   >   >
162   >   <   <   <   <
163   >   <   <   <   =
164   >   <   <   <   >
165   >   <   <   =   <
166   >   <   <   =   =
167   >   <   <   =   >
168   >   <   <   >   <
169   >   <   <   >   =   5-
170   >   <   <   >   >
171   >   <   =   <   <
172   >   <   =   <   =
173   >   <   =   <   >
174   >   <   =   =   <
175   >   <   =   =   =
176   >   <   =   =   >
177   >   <   =   >   <
178   >   <   =   >   =
179   >   <   =   >   >
180   >   <   >   <   <
181   >   <   >   <   =
182   >   <   >   <   >
183   >   <   >   =   <
184   >   <   >   =   =
185   >   <   >   =   >
186   >   <   >   >   <
187   >   <   >   >   =
188   >   <   >   >   >
189   >   =   <   <   <
190   >   =   <   <   =
191   >   =   <   <   >
192   >   =   <   =   <
193   >   =   <   =   =
194   >   =   <   =   >
195   >   =   <   >   <
196   >   =   <   >   =
197   >   =   <   >   >
198   >   =   =   <   <
199   >   =   =   <   =
200   >   =   =   <   >
201   >   =   =   =   <
202   >   =   =   =   =
203   >   =   =   =   >
204   >   =   =   >   <
205   >   =   =   >   =
206   >   =   =   >   >
207   >   =   >   <   <
208   >   =   >   <   =
209   >   =   >   <   >
210   >   =   >   =   <
211   >   =   >   =   =
212   >   =   >   =   >
213   >   =   >   >   <
214   >   =   >   >   =
215   >   =   >   >   >
216   >   >   <   <   <
217   >   >   <   <   =
218   >   >   <   <   >
219   >   >   <   =   <
220   >   >   <   =   =
221   >   >   <   =   >
222   >   >   <   >   <
223   >   >   <   >   =
224   >   >   <   >   >
225   >   >   =   <   <
226   >   >   =   <   =
227   >   >   =   <   >   4+
228   >   >   =   =   <
229   >   >   =   =   =
230   >   >   =   =   >
231   >   >   =   >   <
232   >   >   =   >   =
233   >   >   =   >   >
234   >   >   >   <   <
235   >   >   >   <   =   3+
236   >   >   >   <   >   2-
237   >   >   >   =   <
238   >   >   >   =   =
239   >   >   >   =   >
240   >   >   >   >   <
241   >   >   >   >   =   1-
242   >   >   >   >   >   0+

Test 0-:
    W0: [ 0,  3,  4] < [ 1,  2,  5]
    W1: [ 0,  3,  4,  5,  7, 10, 12, 14, 15, 19, 20, 22, 26, 27] < [ 1,  2,  6,  8,  9, 11, 13, 16, 17, 18, 21, 23, 24, 25]
    W2: [ 0,  3,  5,  7, 10, 12, 21, 23, 24, 25, 28, 30, 31, 32, 36] < [ 1,  2,  6,  8,  9, 11, 19, 20, 22, 26, 27, 29, 33, 34, 35]
    W3: [ 0,  2,  7, 11, 14, 15, 16, 17, 18, 19, 20, 25, 28, 30, 34, 35] < [ 1,  3,  4,  5,  6, 10, 12, 13, 21, 26, 27, 29, 36, 37, 38, 39]
    W4: [ 0,  4,  9, 10, 18, 19, 21, 22, 24, 28, 31, 33, 39] < [ 2,  7, 12, 13, 15, 16, 25, 27, 30, 34, 36, 37, 40]
    Truth table row=[<, <, <, <, <] ix=0 result=[0-] is correct

Test 0+:
    W0: [ 0,  3,  4] > [ 1,  2,  5]
    W1: [ 0,  3,  4,  5,  7, 10, 12, 14, 15, 19, 20, 22, 26, 27] > [ 1,  2,  6,  8,  9, 11, 13, 16, 17, 18, 21, 23, 24, 25]
    W2: [ 0,  3,  5,  7, 10, 12, 21, 23, 24, 25, 28, 30, 31, 32, 36] > [ 1,  2,  6,  8,  9, 11, 19, 20, 22, 26, 27, 29, 33, 34, 35]
    W3: [ 0,  2,  7, 11, 14, 15, 16, 17, 18, 19, 20, 25, 28, 30, 34, 35] > [ 1,  3,  4,  5,  6, 10, 12, 13, 21, 26, 27, 29, 36, 37, 38, 39]
    W4: [ 0,  4,  9, 10, 18, 19, 21, 22, 24, 28, 31, 33, 39] > [ 2,  7, 12, 13, 15, 16, 25, 27, 30, 34, 36, 37, 40]
    Truth table row=[>, >, >, >, >] ix=242 result=[0+] is correct

Test 1-:
    W0: [ 0,  3,  4] > [ 1,  2,  5]
    W1: [ 0,  3,  4,  5,  7, 10, 12, 14, 15, 19, 20, 22, 26, 27] > [ 1,  2,  6,  8,  9, 11, 13, 16, 17, 18, 21, 23, 24, 25]
    W2: [ 0,  3,  5,  7, 10, 12, 21, 23, 24, 25, 28, 30, 31, 32, 36] > [ 1,  2,  6,  8,  9, 11, 19, 20, 22, 26, 27, 29, 33, 34, 35]
    W3: [ 0,  2,  7, 11, 14, 15, 16, 17, 18, 19, 20, 25, 28, 30, 34, 35] > [ 1,  3,  4,  5,  6, 10, 12, 13, 21, 26, 27, 29, 36, 37, 38, 39]
    W4: [ 0,  4,  9, 10, 18, 19, 21, 22, 24, 28, 31, 33, 39] = [ 2,  7, 12, 13, 15, 16, 25, 27, 30, 34, 36, 37, 40]
    Truth table row=[>, >, >, >, =] ix=241 result=[1-] is correct

Test 1+:
    W0: [ 0,  3,  4] < [ 1,  2,  5]
    W1: [ 0,  3,  4,  5,  7, 10, 12, 14, 15, 19, 20, 22, 26, 27] < [ 1,  2,  6,  8,  9, 11, 13, 16, 17, 18, 21, 23, 24, 25]
    W2: [ 0,  3,  5,  7, 10, 12, 21, 23, 24, 25, 28, 30, 31, 32, 36] < [ 1,  2,  6,  8,  9, 11, 19, 20, 22, 26, 27, 29, 33, 34, 35]
    W3: [ 0,  2,  7, 11, 14, 15, 16, 17, 18, 19, 20, 25, 28, 30, 34, 35] < [ 1,  3,  4,  5,  6, 10, 12, 13, 21, 26, 27, 29, 36, 37, 38, 39]
    W4: [ 0,  4,  9, 10, 18, 19, 21, 22, 24, 28, 31, 33, 39] = [ 2,  7, 12, 13, 15, 16, 25, 27, 30, 34, 36, 37, 40]
    Truth table row=[<, <, <, <, =] ix=1 result=[1+] is correct

Test 2-:
    W0: [ 0,  3,  4] > [ 1,  2,  5]
    W1: [ 0,  3,  4,  5,  7, 10, 12, 14, 15, 19, 20, 22, 26, 27] > [ 1,  2,  6,  8,  9, 11, 13, 16, 17, 18, 21, 23, 24, 25]
    W2: [ 0,  3,  5,  7, 10, 12, 21, 23, 24, 25, 28, 30, 31, 32, 36] > [ 1,  2,  6,  8,  9, 11, 19, 20, 22, 26, 27, 29, 33, 34, 35]
    W3: [ 0,  2,  7, 11, 14, 15, 16, 17, 18, 19, 20, 25, 28, 30, 34, 35] < [ 1,  3,  4,  5,  6, 10, 12, 13, 21, 26, 27, 29, 36, 37, 38, 39]
    W4: [ 0,  4,  9, 10, 18, 19, 21, 22, 24, 28, 31, 33, 39] > [ 2,  7, 12, 13, 15, 16, 25, 27, 30, 34, 36, 37, 40]
    Truth table row=[>, >, >, <, >] ix=236 result=[2-] is correct

Test 2+:
    W0: [ 0,  3,  4] < [ 1,  2,  5]
    W1: [ 0,  3,  4,  5,  7, 10, 12, 14, 15, 19, 20, 22, 26, 27] < [ 1,  2,  6,  8,  9, 11, 13, 16, 17, 18, 21, 23, 24, 25]
    W2: [ 0,  3,  5,  7, 10, 12, 21, 23, 24, 25, 28, 30, 31, 32, 36] < [ 1,  2,  6,  8,  9, 11, 19, 20, 22, 26, 27, 29, 33, 34, 35]
    W3: [ 0,  2,  7, 11, 14, 15, 16, 17, 18, 19, 20, 25, 28, 30, 34, 35] > [ 1,  3,  4,  5,  6, 10, 12, 13, 21, 26, 27, 29, 36, 37, 38, 39]
    W4: [ 0,  4,  9, 10, 18, 19, 21, 22, 24, 28, 31, 33, 39] < [ 2,  7, 12, 13, 15, 16, 25, 27, 30, 34, 36, 37, 40]
    Truth table row=[<, <, <, >, <] ix=6 result=[2+] is correct

Test 3-:
    W0: [ 0,  3,  4] < [ 1,  2,  5]
    W1: [ 0,  3,  4,  5,  7, 10, 12, 14, 15, 19, 20, 22, 26, 27] < [ 1,  2,  6,  8,  9, 11, 13, 16, 17, 18, 21, 23, 24, 25]
    W2: [ 0,  3,  5,  7, 10, 12, 21, 23, 24, 25, 28, 30, 31, 32, 36] < [ 1,  2,  6,  8,  9, 11, 19, 20, 22, 26, 27, 29, 33, 34, 35]
    W3: [ 0,  2,  7, 11, 14, 15, 16, 17, 18, 19, 20, 25, 28, 30, 34, 35] > [ 1,  3,  4,  5,  6, 10, 12, 13, 21, 26, 27, 29, 36, 37, 38, 39]
    W4: [ 0,  4,  9, 10, 18, 19, 21, 22, 24, 28, 31, 33, 39] = [ 2,  7, 12, 13, 15, 16, 25, 27, 30, 34, 36, 37, 40]
    Truth table row=[<, <, <, >, =] ix=7 result=[3-] is correct

Test 3+:
    W0: [ 0,  3,  4] > [ 1,  2,  5]
    W1: [ 0,  3,  4,  5,  7, 10, 12, 14, 15, 19, 20, 22, 26, 27] > [ 1,  2,  6,  8,  9, 11, 13, 16, 17, 18, 21, 23, 24, 25]
    W2: [ 0,  3,  5,  7, 10, 12, 21, 23, 24, 25, 28, 30, 31, 32, 36] > [ 1,  2,  6,  8,  9, 11, 19, 20, 22, 26, 27, 29, 33, 34, 35]
    W3: [ 0,  2,  7, 11, 14, 15, 16, 17, 18, 19, 20, 25, 28, 30, 34, 35] < [ 1,  3,  4,  5,  6, 10, 12, 13, 21, 26, 27, 29, 36, 37, 38, 39]
    W4: [ 0,  4,  9, 10, 18, 19, 21, 22, 24, 28, 31, 33, 39] = [ 2,  7, 12, 13, 15, 16, 25, 27, 30, 34, 36, 37, 40]
    Truth table row=[>, >, >, <, =] ix=235 result=[3+] is correct

Test 4-:
    W0: [ 0,  3,  4] < [ 1,  2,  5]
    W1: [ 0,  3,  4,  5,  7, 10, 12, 14, 15, 19, 20, 22, 26, 27] < [ 1,  2,  6,  8,  9, 11, 13, 16, 17, 18, 21, 23, 24, 25]
    W2: [ 0,  3,  5,  7, 10, 12, 21, 23, 24, 25, 28, 30, 31, 32, 36] = [ 1,  2,  6,  8,  9, 11, 19, 20, 22, 26, 27, 29, 33, 34, 35]
    W3: [ 0,  2,  7, 11, 14, 15, 16, 17, 18, 19, 20, 25, 28, 30, 34, 35] > [ 1,  3,  4,  5,  6, 10, 12, 13, 21, 26, 27, 29, 36, 37, 38, 39]
    W4: [ 0,  4,  9, 10, 18, 19, 21, 22, 24, 28, 31, 33, 39] < [ 2,  7, 12, 13, 15, 16, 25, 27, 30, 34, 36, 37, 40]
    Truth table row=[<, <, =, >, <] ix=15 result=[4-] is correct

Test 4+:
    W0: [ 0,  3,  4] > [ 1,  2,  5]
    W1: [ 0,  3,  4,  5,  7, 10, 12, 14, 15, 19, 20, 22, 26, 27] > [ 1,  2,  6,  8,  9, 11, 13, 16, 17, 18, 21, 23, 24, 25]
    W2: [ 0,  3,  5,  7, 10, 12, 21, 23, 24, 25, 28, 30, 31, 32, 36] = [ 1,  2,  6,  8,  9, 11, 19, 20, 22, 26, 27, 29, 33, 34, 35]
    W3: [ 0,  2,  7, 11, 14, 15, 16, 17, 18, 19, 20, 25, 28, 30, 34, 35] < [ 1,  3,  4,  5,  6, 10, 12, 13, 21, 26, 27, 29, 36, 37, 38, 39]
    W4: [ 0,  4,  9, 10, 18, 19, 21, 22, 24, 28, 31, 33, 39] > [ 2,  7, 12, 13, 15, 16, 25, 27, 30, 34, 36, 37, 40]
    Truth table row=[>, >, =, <, >] ix=227 result=[4+] is correct

Test 5-:
    W0: [ 0,  3,  4] > [ 1,  2,  5]
    W1: [ 0,  3,  4,  5,  7, 10, 12, 14, 15, 19, 20, 22, 26, 27] < [ 1,  2,  6,  8,  9, 11, 13, 16, 17, 18, 21, 23, 24, 25]
    W2: [ 0,  3,  5,  7, 10, 12, 21, 23, 24, 25, 28, 30, 31, 32, 36] < [ 1,  2,  6,  8,  9, 11, 19, 20, 22, 26, 27, 29, 33, 34, 35]
    W3: [ 0,  2,  7, 11, 14, 15, 16, 17, 18, 19, 20, 25, 28, 30, 34, 35] > [ 1,  3,  4,  5,  6, 10, 12, 13, 21, 26, 27, 29, 36, 37, 38, 39]
    W4: [ 0,  4,  9, 10, 18, 19, 21, 22, 24, 28, 31, 33, 39] = [ 2,  7, 12, 13, 15, 16, 25, 27, 30, 34, 36, 37, 40]
    Truth table row=[>, <, <, >, =] ix=169 result=[5-] is correct

Test 5+:
    W0: [ 0,  3,  4] < [ 1,  2,  5]
    W1: [ 0,  3,  4,  5,  7, 10, 12, 14, 15, 19, 20, 22, 26, 27] > [ 1,  2,  6,  8,  9, 11, 13, 16, 17, 18, 21, 23, 24, 25]
    W2: [ 0,  3,  5,  7, 10, 12, 21, 23, 24, 25, 28, 30, 31, 32, 36] > [ 1,  2,  6,  8,  9, 11, 19, 20, 22, 26, 27, 29, 33, 34, 35]
    W3: [ 0,  2,  7, 11, 14, 15, 16, 17, 18, 19, 20, 25, 28, 30, 34, 35] < [ 1,  3,  4,  5,  6, 10, 12, 13, 21, 26, 27, 29, 36, 37, 38, 39]
    W4: [ 0,  4,  9, 10, 18, 19, 21, 22, 24, 28, 31, 33, 39] = [ 2,  7, 12, 13, 15, 16, 25, 27, 30, 34, 36, 37, 40]
    Truth table row=[<, >, >, <, =] ix=73 result=[5+] is correct

Test 6-:
    W0: [ 0,  3,  4] = [ 1,  2,  5]
    W1: [ 0,  3,  4,  5,  7, 10, 12, 14, 15, 19, 20, 22, 26, 27] > [ 1,  2,  6,  8,  9, 11, 13, 16, 17, 18, 21, 23, 24, 25]
    W2: [ 0,  3,  5,  7, 10, 12, 21, 23, 24, 25, 28, 30, 31, 32, 36] > [ 1,  2,  6,  8,  9, 11, 19, 20, 22, 26, 27, 29, 33, 34, 35]
    W3: [ 0,  2,  7, 11, 14, 15, 16, 17, 18, 19, 20, 25, 28, 30, 34, 35] > [ 1,  3,  4,  5,  6, 10, 12, 13, 21, 26, 27, 29, 36, 37, 38, 39]
    W4: [ 0,  4,  9, 10, 18, 19, 21, 22, 24, 28, 31, 33, 39] = [ 2,  7, 12, 13, 15, 16, 25, 27, 30, 34, 36, 37, 40]
    Truth table row=[=, >, >, >, =] ix=160 result=[6-] is correct

Test 6+:
    W0: [ 0,  3,  4] = [ 1,  2,  5]
    W1: [ 0,  3,  4,  5,  7, 10, 12, 14, 15, 19, 20, 22, 26, 27] < [ 1,  2,  6,  8,  9, 11, 13, 16, 17, 18, 21, 23, 24, 25]
    W2: [ 0,  3,  5,  7, 10, 12, 21, 23, 24, 25, 28, 30, 31, 32, 36] < [ 1,  2,  6,  8,  9, 11, 19, 20, 22, 26, 27, 29, 33, 34, 35]
    W3: [ 0,  2,  7, 11, 14, 15, 16, 17, 18, 19, 20, 25, 28, 30, 34, 35] < [ 1,  3,  4,  5,  6, 10, 12, 13, 21, 26, 27, 29, 36, 37, 38, 39]
    W4: [ 0,  4,  9, 10, 18, 19, 21, 22, 24, 28, 31, 33, 39] = [ 2,  7, 12, 13, 15, 16, 25, 27, 30, 34, 36, 37, 40]
    Truth table row=[=, <, <, <, =] ix=82 result=[6+] is correct

Test 7-:
    W0: [ 0,  3,  4] = [ 1,  2,  5]
    W1: [ 0,  3,  4,  5,  7, 10, 12, 14, 15, 19, 20, 22, 26, 27] < [ 1,  2,  6,  8,  9, 11, 13, 16, 17, 18, 21, 23, 24, 25]
    W2: [ 0,  3,  5,  7, 10, 12, 21, 23, 24, 25, 28, 30, 31, 32, 36] < [ 1,  2,  6,  8,  9, 11, 19, 20, 22, 26, 27, 29, 33, 34, 35]
    W3: [ 0,  2,  7, 11, 14, 15, 16, 17, 18, 19, 20, 25, 28, 30, 34, 35] < [ 1,  3,  4,  5,  6, 10, 12, 13, 21, 26, 27, 29, 36, 37, 38, 39]
    W4: [ 0,  4,  9, 10, 18, 19, 21, 22, 24, 28, 31, 33, 39] > [ 2,  7, 12, 13, 15, 16, 25, 27, 30, 34, 36, 37, 40]
    Truth table row=[=, <, <, <, >] ix=83 result=[7-] is correct

Test 7+:
    W0: [ 0,  3,  4] = [ 1,  2,  5]
    W1: [ 0,  3,  4,  5,  7, 10, 12, 14, 15, 19, 20, 22, 26, 27] > [ 1,  2,  6,  8,  9, 11, 13, 16, 17, 18, 21, 23, 24, 25]
    W2: [ 0,  3,  5,  7, 10, 12, 21, 23, 24, 25, 28, 30, 31, 32, 36] > [ 1,  2,  6,  8,  9, 11, 19, 20, 22, 26, 27, 29, 33, 34, 35]
    W3: [ 0,  2,  7, 11, 14, 15, 16, 17, 18, 19, 20, 25, 28, 30, 34, 35] > [ 1,  3,  4,  5,  6, 10, 12, 13, 21, 26, 27, 29, 36, 37, 38, 39]
    W4: [ 0,  4,  9, 10, 18, 19, 21, 22, 24, 28, 31, 33, 39] < [ 2,  7, 12, 13, 15, 16, 25, 27, 30, 34, 36, 37, 40]
    Truth table row=[=, >, >, >, <] ix=159 result=[7+] is correct

Test 8-:
    W0: [ 0,  3,  4] = [ 1,  2,  5]
    W1: [ 0,  3,  4,  5,  7, 10, 12, 14, 15, 19, 20, 22, 26, 27] > [ 1,  2,  6,  8,  9, 11, 13, 16, 17, 18, 21, 23, 24, 25]
    W2: [ 0,  3,  5,  7, 10, 12, 21, 23, 24, 25, 28, 30, 31, 32, 36] > [ 1,  2,  6,  8,  9, 11, 19, 20, 22, 26, 27, 29, 33, 34, 35]
    W3: [ 0,  2,  7, 11, 14, 15, 16, 17, 18, 19, 20, 25, 28, 30, 34, 35] = [ 1,  3,  4,  5,  6, 10, 12, 13, 21, 26, 27, 29, 36, 37, 38, 39]
    W4: [ 0,  4,  9, 10, 18, 19, 21, 22, 24, 28, 31, 33, 39] = [ 2,  7, 12, 13, 15, 16, 25, 27, 30, 34, 36, 37, 40]
    Truth table row=[=, >, >, =, =] ix=157 result=[8-] is correct

Test 8+:
    W0: [ 0,  3,  4] = [ 1,  2,  5]
    W1: [ 0,  3,  4,  5,  7, 10, 12, 14, 15, 19, 20, 22, 26, 27] < [ 1,  2,  6,  8,  9, 11, 13, 16, 17, 18, 21, 23, 24, 25]
    W2: [ 0,  3,  5,  7, 10, 12, 21, 23, 24, 25, 28, 30, 31, 32, 36] < [ 1,  2,  6,  8,  9, 11, 19, 20, 22, 26, 27, 29, 33, 34, 35]
    W3: [ 0,  2,  7, 11, 14, 15, 16, 17, 18, 19, 20, 25, 28, 30, 34, 35] = [ 1,  3,  4,  5,  6, 10, 12, 13, 21, 26, 27, 29, 36, 37, 38, 39]
    W4: [ 0,  4,  9, 10, 18, 19, 21, 22, 24, 28, 31, 33, 39] = [ 2,  7, 12, 13, 15, 16, 25, 27, 30, 34, 36, 37, 40]
    Truth table row=[=, <, <, =, =] ix=85 result=[8+] is correct

Test 9-:
    W0: [ 0,  3,  4] = [ 1,  2,  5]
    W1: [ 0,  3,  4,  5,  7, 10, 12, 14, 15, 19, 20, 22, 26, 27] > [ 1,  2,  6,  8,  9, 11, 13, 16, 17, 18, 21, 23, 24, 25]
    W2: [ 0,  3,  5,  7, 10, 12, 21, 23, 24, 25, 28, 30, 31, 32, 36] > [ 1,  2,  6,  8,  9, 11, 19, 20, 22, 26, 27, 29, 33, 34, 35]
    W3: [ 0,  2,  7, 11, 14, 15, 16, 17, 18, 19, 20, 25, 28, 30, 34, 35] = [ 1,  3,  4,  5,  6, 10, 12, 13, 21, 26, 27, 29, 36, 37, 38, 39]
    W4: [ 0,  4,  9, 10, 18, 19, 21, 22, 24, 28, 31, 33, 39] < [ 2,  7, 12, 13, 15, 16, 25, 27, 30, 34, 36, 37, 40]
    Truth table row=[=, >, >, =, <] ix=156 result=[9-] is correct

Test 9+:
    W0: [ 0,  3,  4] = [ 1,  2,  5]
    W1: [ 0,  3,  4,  5,  7, 10, 12, 14, 15, 19, 20, 22, 26, 27] < [ 1,  2,  6,  8,  9, 11, 13, 16, 17, 18, 21, 23, 24, 25]
    W2: [ 0,  3,  5,  7, 10, 12, 21, 23, 24, 25, 28, 30, 31, 32, 36] < [ 1,  2,  6,  8,  9, 11, 19, 20, 22, 26, 27, 29, 33, 34, 35]
    W3: [ 0,  2,  7, 11, 14, 15, 16, 17, 18, 19, 20, 25, 28, 30, 34, 35] = [ 1,  3,  4,  5,  6, 10, 12, 13, 21, 26, 27, 29, 36, 37, 38, 39]
    W4: [ 0,  4,  9, 10, 18, 19, 21, 22, 24, 28, 31, 33, 39] > [ 2,  7, 12, 13, 15, 16, 25, 27, 30, 34, 36, 37, 40]
    Truth table row=[=, <, <, =, >] ix=86 result=[9+] is correct

Test 10-:
    W0: [ 0,  3,  4] = [ 1,  2,  5]
    W1: [ 0,  3,  4,  5,  7, 10, 12, 14, 15, 19, 20, 22, 26, 27] < [ 1,  2,  6,  8,  9, 11, 13, 16, 17, 18, 21, 23, 24, 25]
    W2: [ 0,  3,  5,  7, 10, 12, 21, 23, 24, 25, 28, 30, 31, 32, 36] < [ 1,  2,  6,  8,  9, 11, 19, 20, 22, 26, 27, 29, 33, 34, 35]
    W3: [ 0,  2,  7, 11, 14, 15, 16, 17, 18, 19, 20, 25, 28, 30, 34, 35] > [ 1,  3,  4,  5,  6, 10, 12, 13, 21, 26, 27, 29, 36, 37, 38, 39]
    W4: [ 0,  4,  9, 10, 18, 19, 21, 22, 24, 28, 31, 33, 39] < [ 2,  7, 12, 13, 15, 16, 25, 27, 30, 34, 36, 37, 40]
    Truth table row=[=, <, <, >, <] ix=87 result=[10-] is correct

Test 10+:
    W0: [ 0,  3,  4] = [ 1,  2,  5]
    W1: [ 0,  3,  4,  5,  7, 10, 12, 14, 15, 19, 20, 22, 26, 27] > [ 1,  2,  6,  8,  9, 11, 13, 16, 17, 18, 21, 23, 24, 25]
    W2: [ 0,  3,  5,  7, 10, 12, 21, 23, 24, 25, 28, 30, 31, 32, 36] > [ 1,  2,  6,  8,  9, 11, 19, 20, 22, 26, 27, 29, 33, 34, 35]
    W3: [ 0,  2,  7, 11, 14, 15, 16, 17, 18, 19, 20, 25, 28, 30, 34, 35] < [ 1,  3,  4,  5,  6, 10, 12, 13, 21, 26, 27, 29, 36, 37, 38, 39]
    W4: [ 0,  4,  9, 10, 18, 19, 21, 22, 24, 28, 31, 33, 39] > [ 2,  7, 12, 13, 15, 16, 25, 27, 30, 34, 36, 37, 40]
    Truth table row=[=, >, >, <, >] ix=155 result=[10+] is correct

Test 11-:
    W0: [ 0,  3,  4] = [ 1,  2,  5]
    W1: [ 0,  3,  4,  5,  7, 10, 12, 14, 15, 19, 20, 22, 26, 27] > [ 1,  2,  6,  8,  9, 11, 13, 16, 17, 18, 21, 23, 24, 25]
    W2: [ 0,  3,  5,  7, 10, 12, 21, 23, 24, 25, 28, 30, 31, 32, 36] > [ 1,  2,  6,  8,  9, 11, 19, 20, 22, 26, 27, 29, 33, 34, 35]
    W3: [ 0,  2,  7, 11, 14, 15, 16, 17, 18, 19, 20, 25, 28, 30, 34, 35] < [ 1,  3,  4,  5,  6, 10, 12, 13, 21, 26, 27, 29, 36, 37, 38, 39]
    W4: [ 0,  4,  9, 10, 18, 19, 21, 22, 24, 28, 31, 33, 39] = [ 2,  7, 12, 13, 15, 16, 25, 27, 30, 34, 36, 37, 40]
    Truth table row=[=, >, >, <, =] ix=154 result=[11-] is correct

Test 11+:
    W0: [ 0,  3,  4] = [ 1,  2,  5]
    W1: [ 0,  3,  4,  5,  7, 10, 12, 14, 15, 19, 20, 22, 26, 27] < [ 1,  2,  6,  8,  9, 11, 13, 16, 17, 18, 21, 23, 24, 25]
    W2: [ 0,  3,  5,  7, 10, 12, 21, 23, 24, 25, 28, 30, 31, 32, 36] < [ 1,  2,  6,  8,  9, 11, 19, 20, 22, 26, 27, 29, 33, 34, 35]
    W3: [ 0,  2,  7, 11, 14, 15, 16, 17, 18, 19, 20, 25, 28, 30, 34, 35] > [ 1,  3,  4,  5,  6, 10, 12, 13, 21, 26, 27, 29, 36, 37, 38, 39]
    W4: [ 0,  4,  9, 10, 18, 19, 21, 22, 24, 28, 31, 33, 39] = [ 2,  7, 12, 13, 15, 16, 25, 27, 30, 34, 36, 37, 40]
    Truth table row=[=, <, <, >, =] ix=88 result=[11+] is correct

Test 12-:
    W0: [ 0,  3,  4] = [ 1,  2,  5]
    W1: [ 0,  3,  4,  5,  7, 10, 12, 14, 15, 19, 20, 22, 26, 27] < [ 1,  2,  6,  8,  9, 11, 13, 16, 17, 18, 21, 23, 24, 25]
    W2: [ 0,  3,  5,  7, 10, 12, 21, 23, 24, 25, 28, 30, 31, 32, 36] < [ 1,  2,  6,  8,  9, 11, 19, 20, 22, 26, 27, 29, 33, 34, 35]
    W3: [ 0,  2,  7, 11, 14, 15, 16, 17, 18, 19, 20, 25, 28, 30, 34, 35] > [ 1,  3,  4,  5,  6, 10, 12, 13, 21, 26, 27, 29, 36, 37, 38, 39]
    W4: [ 0,  4,  9, 10, 18, 19, 21, 22, 24, 28, 31, 33, 39] > [ 2,  7, 12, 13, 15, 16, 25, 27, 30, 34, 36, 37, 40]
    Truth table row=[=, <, <, >, >] ix=89 result=[12-] is correct

Test 12+:
    W0: [ 0,  3,  4] = [ 1,  2,  5]
    W1: [ 0,  3,  4,  5,  7, 10, 12, 14, 15, 19, 20, 22, 26, 27] > [ 1,  2,  6,  8,  9, 11, 13, 16, 17, 18, 21, 23, 24, 25]
    W2: [ 0,  3,  5,  7, 10, 12, 21, 23, 24, 25, 28, 30, 31, 32, 36] > [ 1,  2,  6,  8,  9, 11, 19, 20, 22, 26, 27, 29, 33, 34, 35]
    W3: [ 0,  2,  7, 11, 14, 15, 16, 17, 18, 19, 20, 25, 28, 30, 34, 35] < [ 1,  3,  4,  5,  6, 10, 12, 13, 21, 26, 27, 29, 36, 37, 38, 39]
    W4: [ 0,  4,  9, 10, 18, 19, 21, 22, 24, 28, 31, 33, 39] < [ 2,  7, 12, 13, 15, 16, 25, 27, 30, 34, 36, 37, 40]
    Truth table row=[=, >, >, <, <] ix=153 result=[12+] is correct

Test 13-:
    W0: [ 0,  3,  4] = [ 1,  2,  5]
    W1: [ 0,  3,  4,  5,  7, 10, 12, 14, 15, 19, 20, 22, 26, 27] > [ 1,  2,  6,  8,  9, 11, 13, 16, 17, 18, 21, 23, 24, 25]
    W2: [ 0,  3,  5,  7, 10, 12, 21, 23, 24, 25, 28, 30, 31, 32, 36] = [ 1,  2,  6,  8,  9, 11, 19, 20, 22, 26, 27, 29, 33, 34, 35]
    W3: [ 0,  2,  7, 11, 14, 15, 16, 17, 18, 19, 20, 25, 28, 30, 34, 35] > [ 1,  3,  4,  5,  6, 10, 12, 13, 21, 26, 27, 29, 36, 37, 38, 39]
    W4: [ 0,  4,  9, 10, 18, 19, 21, 22, 24, 28, 31, 33, 39] > [ 2,  7, 12, 13, 15, 16, 25, 27, 30, 34, 36, 37, 40]
    Truth table row=[=, >, =, >, >] ix=152 result=[13-] is correct

Test 13+:
    W0: [ 0,  3,  4] = [ 1,  2,  5]
    W1: [ 0,  3,  4,  5,  7, 10, 12, 14, 15, 19, 20, 22, 26, 27] < [ 1,  2,  6,  8,  9, 11, 13, 16, 17, 18, 21, 23, 24, 25]
    W2: [ 0,  3,  5,  7, 10, 12, 21, 23, 24, 25, 28, 30, 31, 32, 36] = [ 1,  2,  6,  8,  9, 11, 19, 20, 22, 26, 27, 29, 33, 34, 35]
    W3: [ 0,  2,  7, 11, 14, 15, 16, 17, 18, 19, 20, 25, 28, 30, 34, 35] < [ 1,  3,  4,  5,  6, 10, 12, 13, 21, 26, 27, 29, 36, 37, 38, 39]
    W4: [ 0,  4,  9, 10, 18, 19, 21, 22, 24, 28, 31, 33, 39] < [ 2,  7, 12, 13, 15, 16, 25, 27, 30, 34, 36, 37, 40]
    Truth table row=[=, <, =, <, <] ix=90 result=[13+] is correct

Test 14-:
    W0: [ 0,  3,  4] = [ 1,  2,  5]
    W1: [ 0,  3,  4,  5,  7, 10, 12, 14, 15, 19, 20, 22, 26, 27] < [ 1,  2,  6,  8,  9, 11, 13, 16, 17, 18, 21, 23, 24, 25]
    W2: [ 0,  3,  5,  7, 10, 12, 21, 23, 24, 25, 28, 30, 31, 32, 36] = [ 1,  2,  6,  8,  9, 11, 19, 20, 22, 26, 27, 29, 33, 34, 35]
    W3: [ 0,  2,  7, 11, 14, 15, 16, 17, 18, 19, 20, 25, 28, 30, 34, 35] < [ 1,  3,  4,  5,  6, 10, 12, 13, 21, 26, 27, 29, 36, 37, 38, 39]
    W4: [ 0,  4,  9, 10, 18, 19, 21, 22, 24, 28, 31, 33, 39] = [ 2,  7, 12, 13, 15, 16, 25, 27, 30, 34, 36, 37, 40]
    Truth table row=[=, <, =, <, =] ix=91 result=[14-] is correct

Test 14+:
    W0: [ 0,  3,  4] = [ 1,  2,  5]
    W1: [ 0,  3,  4,  5,  7, 10, 12, 14, 15, 19, 20, 22, 26, 27] > [ 1,  2,  6,  8,  9, 11, 13, 16, 17, 18, 21, 23, 24, 25]
    W2: [ 0,  3,  5,  7, 10, 12, 21, 23, 24, 25, 28, 30, 31, 32, 36] = [ 1,  2,  6,  8,  9, 11, 19, 20, 22, 26, 27, 29, 33, 34, 35]
    W3: [ 0,  2,  7, 11, 14, 15, 16, 17, 18, 19, 20, 25, 28, 30, 34, 35] > [ 1,  3,  4,  5,  6, 10, 12, 13, 21, 26, 27, 29, 36, 37, 38, 39]
    W4: [ 0,  4,  9, 10, 18, 19, 21, 22, 24, 28, 31, 33, 39] = [ 2,  7, 12, 13, 15, 16, 25, 27, 30, 34, 36, 37, 40]
    Truth table row=[=, >, =, >, =] ix=151 result=[14+] is correct

Test 15-:
    W0: [ 0,  3,  4] = [ 1,  2,  5]
    W1: [ 0,  3,  4,  5,  7, 10, 12, 14, 15, 19, 20, 22, 26, 27] < [ 1,  2,  6,  8,  9, 11, 13, 16, 17, 18, 21, 23, 24, 25]
    W2: [ 0,  3,  5,  7, 10, 12, 21, 23, 24, 25, 28, 30, 31, 32, 36] = [ 1,  2,  6,  8,  9, 11, 19, 20, 22, 26, 27, 29, 33, 34, 35]
    W3: [ 0,  2,  7, 11, 14, 15, 16, 17, 18, 19, 20, 25, 28, 30, 34, 35] < [ 1,  3,  4,  5,  6, 10, 12, 13, 21, 26, 27, 29, 36, 37, 38, 39]
    W4: [ 0,  4,  9, 10, 18, 19, 21, 22, 24, 28, 31, 33, 39] > [ 2,  7, 12, 13, 15, 16, 25, 27, 30, 34, 36, 37, 40]
    Truth table row=[=, <, =, <, >] ix=92 result=[15-] is correct

Test 15+:
    W0: [ 0,  3,  4] = [ 1,  2,  5]
    W1: [ 0,  3,  4,  5,  7, 10, 12, 14, 15, 19, 20, 22, 26, 27] > [ 1,  2,  6,  8,  9, 11, 13, 16, 17, 18, 21, 23, 24, 25]
    W2: [ 0,  3,  5,  7, 10, 12, 21, 23, 24, 25, 28, 30, 31, 32, 36] = [ 1,  2,  6,  8,  9, 11, 19, 20, 22, 26, 27, 29, 33, 34, 35]
    W3: [ 0,  2,  7, 11, 14, 15, 16, 17, 18, 19, 20, 25, 28, 30, 34, 35] > [ 1,  3,  4,  5,  6, 10, 12, 13, 21, 26, 27, 29, 36, 37, 38, 39]
    W4: [ 0,  4,  9, 10, 18, 19, 21, 22, 24, 28, 31, 33, 39] < [ 2,  7, 12, 13, 15, 16, 25, 27, 30, 34, 36, 37, 40]
    Truth table row=[=, >, =, >, <] ix=150 result=[15+] is correct

Test 16-:
    W0: [ 0,  3,  4] = [ 1,  2,  5]
    W1: [ 0,  3,  4,  5,  7, 10, 12, 14, 15, 19, 20, 22, 26, 27] > [ 1,  2,  6,  8,  9, 11, 13, 16, 17, 18, 21, 23, 24, 25]
    W2: [ 0,  3,  5,  7, 10, 12, 21, 23, 24, 25, 28, 30, 31, 32, 36] = [ 1,  2,  6,  8,  9, 11, 19, 20, 22, 26, 27, 29, 33, 34, 35]
    W3: [ 0,  2,  7, 11, 14, 15, 16, 17, 18, 19, 20, 25, 28, 30, 34, 35] < [ 1,  3,  4,  5,  6, 10, 12, 13, 21, 26, 27, 29, 36, 37, 38, 39]
    W4: [ 0,  4,  9, 10, 18, 19, 21, 22, 24, 28, 31, 33, 39] > [ 2,  7, 12, 13, 15, 16, 25, 27, 30, 34, 36, 37, 40]
    Truth table row=[=, >, =, <, >] ix=146 result=[16-] is correct

Test 16+:
    W0: [ 0,  3,  4] = [ 1,  2,  5]
    W1: [ 0,  3,  4,  5,  7, 10, 12, 14, 15, 19, 20, 22, 26, 27] < [ 1,  2,  6,  8,  9, 11, 13, 16, 17, 18, 21, 23, 24, 25]
    W2: [ 0,  3,  5,  7, 10, 12, 21, 23, 24, 25, 28, 30, 31, 32, 36] = [ 1,  2,  6,  8,  9, 11, 19, 20, 22, 26, 27, 29, 33, 34, 35]
    W3: [ 0,  2,  7, 11, 14, 15, 16, 17, 18, 19, 20, 25, 28, 30, 34, 35] > [ 1,  3,  4,  5,  6, 10, 12, 13, 21, 26, 27, 29, 36, 37, 38, 39]
    W4: [ 0,  4,  9, 10, 18, 19, 21, 22, 24, 28, 31, 33, 39] < [ 2,  7, 12, 13, 15, 16, 25, 27, 30, 34, 36, 37, 40]
    Truth table row=[=, <, =, >, <] ix=96 result=[16+] is correct

Test 17-:
    W0: [ 0,  3,  4] = [ 1,  2,  5]
    W1: [ 0,  3,  4,  5,  7, 10, 12, 14, 15, 19, 20, 22, 26, 27] > [ 1,  2,  6,  8,  9, 11, 13, 16, 17, 18, 21, 23, 24, 25]
    W2: [ 0,  3,  5,  7, 10, 12, 21, 23, 24, 25, 28, 30, 31, 32, 36] = [ 1,  2,  6,  8,  9, 11, 19, 20, 22, 26, 27, 29, 33, 34, 35]
    W3: [ 0,  2,  7, 11, 14, 15, 16, 17, 18, 19, 20, 25, 28, 30, 34, 35] < [ 1,  3,  4,  5,  6, 10, 12, 13, 21, 26, 27, 29, 36, 37, 38, 39]
    W4: [ 0,  4,  9, 10, 18, 19, 21, 22, 24, 28, 31, 33, 39] = [ 2,  7, 12, 13, 15, 16, 25, 27, 30, 34, 36, 37, 40]
    Truth table row=[=, >, =, <, =] ix=145 result=[17-] is correct

Test 17+:
    W0: [ 0,  3,  4] = [ 1,  2,  5]
    W1: [ 0,  3,  4,  5,  7, 10, 12, 14, 15, 19, 20, 22, 26, 27] < [ 1,  2,  6,  8,  9, 11, 13, 16, 17, 18, 21, 23, 24, 25]
    W2: [ 0,  3,  5,  7, 10, 12, 21, 23, 24, 25, 28, 30, 31, 32, 36] = [ 1,  2,  6,  8,  9, 11, 19, 20, 22, 26, 27, 29, 33, 34, 35]
    W3: [ 0,  2,  7, 11, 14, 15, 16, 17, 18, 19, 20, 25, 28, 30, 34, 35] > [ 1,  3,  4,  5,  6, 10, 12, 13, 21, 26, 27, 29, 36, 37, 38, 39]
    W4: [ 0,  4,  9, 10, 18, 19, 21, 22, 24, 28, 31, 33, 39] = [ 2,  7, 12, 13, 15, 16, 25, 27, 30, 34, 36, 37, 40]
    Truth table row=[=, <, =, >, =] ix=97 result=[17+] is correct

Test 18-:
    W0: [ 0,  3,  4] = [ 1,  2,  5]
    W1: [ 0,  3,  4,  5,  7, 10, 12, 14, 15, 19, 20, 22, 26, 27] > [ 1,  2,  6,  8,  9, 11, 13, 16, 17, 18, 21, 23, 24, 25]
    W2: [ 0,  3,  5,  7, 10, 12, 21, 23, 24, 25, 28, 30, 31, 32, 36] = [ 1,  2,  6,  8,  9, 11, 19, 20, 22, 26, 27, 29, 33, 34, 35]
    W3: [ 0,  2,  7, 11, 14, 15, 16, 17, 18, 19, 20, 25, 28, 30, 34, 35] < [ 1,  3,  4,  5,  6, 10, 12, 13, 21, 26, 27, 29, 36, 37, 38, 39]
    W4: [ 0,  4,  9, 10, 18, 19, 21, 22, 24, 28, 31, 33, 39] < [ 2,  7, 12, 13, 15, 16, 25, 27, 30, 34, 36, 37, 40]
    Truth table row=[=, >, =, <, <] ix=144 result=[18-] is correct

Test 18+:
    W0: [ 0,  3,  4] = [ 1,  2,  5]
    W1: [ 0,  3,  4,  5,  7, 10, 12, 14, 15, 19, 20, 22, 26, 27] < [ 1,  2,  6,  8,  9, 11, 13, 16, 17, 18, 21, 23, 24, 25]
    W2: [ 0,  3,  5,  7, 10, 12, 21, 23, 24, 25, 28, 30, 31, 32, 36] = [ 1,  2,  6,  8,  9, 11, 19, 20, 22, 26, 27, 29, 33, 34, 35]
    W3: [ 0,  2,  7, 11, 14, 15, 16, 17, 18, 19, 20, 25, 28, 30, 34, 35] > [ 1,  3,  4,  5,  6, 10, 12, 13, 21, 26, 27, 29, 36, 37, 38, 39]
    W4: [ 0,  4,  9, 10, 18, 19, 21, 22, 24, 28, 31, 33, 39] > [ 2,  7, 12, 13, 15, 16, 25, 27, 30, 34, 36, 37, 40]
    Truth table row=[=, <, =, >, >] ix=98 result=[18+] is correct

Test 19-:
    W0: [ 0,  3,  4] = [ 1,  2,  5]
    W1: [ 0,  3,  4,  5,  7, 10, 12, 14, 15, 19, 20, 22, 26, 27] < [ 1,  2,  6,  8,  9, 11, 13, 16, 17, 18, 21, 23, 24, 25]
    W2: [ 0,  3,  5,  7, 10, 12, 21, 23, 24, 25, 28, 30, 31, 32, 36] > [ 1,  2,  6,  8,  9, 11, 19, 20, 22, 26, 27, 29, 33, 34, 35]
    W3: [ 0,  2,  7, 11, 14, 15, 16, 17, 18, 19, 20, 25, 28, 30, 34, 35] < [ 1,  3,  4,  5,  6, 10, 12, 13, 21, 26, 27, 29, 36, 37, 38, 39]
    W4: [ 0,  4,  9, 10, 18, 19, 21, 22, 24, 28, 31, 33, 39] < [ 2,  7, 12, 13, 15, 16, 25, 27, 30, 34, 36, 37, 40]
    Truth table row=[=, <, >, <, <] ix=99 result=[19-] is correct

Test 19+:
    W0: [ 0,  3,  4] = [ 1,  2,  5]
    W1: [ 0,  3,  4,  5,  7, 10, 12, 14, 15, 19, 20, 22, 26, 27] > [ 1,  2,  6,  8,  9, 11, 13, 16, 17, 18, 21, 23, 24, 25]
    W2: [ 0,  3,  5,  7, 10, 12, 21, 23, 24, 25, 28, 30, 31, 32, 36] < [ 1,  2,  6,  8,  9, 11, 19, 20, 22, 26, 27, 29, 33, 34, 35]
    W3: [ 0,  2,  7, 11, 14, 15, 16, 17, 18, 19, 20, 25, 28, 30, 34, 35] > [ 1,  3,  4,  5,  6, 10, 12, 13, 21, 26, 27, 29, 36, 37, 38, 39]
    W4: [ 0,  4,  9, 10, 18, 19, 21, 22, 24, 28, 31, 33, 39] > [ 2,  7, 12, 13, 15, 16, 25, 27, 30, 34, 36, 37, 40]
    Truth table row=[=, >, <, >, >] ix=143 result=[19+] is correct

Test 20-:
    W0: [ 0,  3,  4] = [ 1,  2,  5]
    W1: [ 0,  3,  4,  5,  7, 10, 12, 14, 15, 19, 20, 22, 26, 27] < [ 1,  2,  6,  8,  9, 11, 13, 16, 17, 18, 21, 23, 24, 25]
    W2: [ 0,  3,  5,  7, 10, 12, 21, 23, 24, 25, 28, 30, 31, 32, 36] > [ 1,  2,  6,  8,  9, 11, 19, 20, 22, 26, 27, 29, 33, 34, 35]
    W3: [ 0,  2,  7, 11, 14, 15, 16, 17, 18, 19, 20, 25, 28, 30, 34, 35] < [ 1,  3,  4,  5,  6, 10, 12, 13, 21, 26, 27, 29, 36, 37, 38, 39]
    W4: [ 0,  4,  9, 10, 18, 19, 21, 22, 24, 28, 31, 33, 39] = [ 2,  7, 12, 13, 15, 16, 25, 27, 30, 34, 36, 37, 40]
    Truth table row=[=, <, >, <, =] ix=100 result=[20-] is correct

Test 20+:
    W0: [ 0,  3,  4] = [ 1,  2,  5]
    W1: [ 0,  3,  4,  5,  7, 10, 12, 14, 15, 19, 20, 22, 26, 27] > [ 1,  2,  6,  8,  9, 11, 13, 16, 17, 18, 21, 23, 24, 25]
    W2: [ 0,  3,  5,  7, 10, 12, 21, 23, 24, 25, 28, 30, 31, 32, 36] < [ 1,  2,  6,  8,  9, 11, 19, 20, 22, 26, 27, 29, 33, 34, 35]
    W3: [ 0,  2,  7, 11, 14, 15, 16, 17, 18, 19, 20, 25, 28, 30, 34, 35] > [ 1,  3,  4,  5,  6, 10, 12, 13, 21, 26, 27, 29, 36, 37, 38, 39]
    W4: [ 0,  4,  9, 10, 18, 19, 21, 22, 24, 28, 31, 33, 39] = [ 2,  7, 12, 13, 15, 16, 25, 27, 30, 34, 36, 37, 40]
    Truth table row=[=, >, <, >, =] ix=142 result=[20+] is correct

Test 21-:
    W0: [ 0,  3,  4] = [ 1,  2,  5]
    W1: [ 0,  3,  4,  5,  7, 10, 12, 14, 15, 19, 20, 22, 26, 27] > [ 1,  2,  6,  8,  9, 11, 13, 16, 17, 18, 21, 23, 24, 25]
    W2: [ 0,  3,  5,  7, 10, 12, 21, 23, 24, 25, 28, 30, 31, 32, 36] < [ 1,  2,  6,  8,  9, 11, 19, 20, 22, 26, 27, 29, 33, 34, 35]
    W3: [ 0,  2,  7, 11, 14, 15, 16, 17, 18, 19, 20, 25, 28, 30, 34, 35] > [ 1,  3,  4,  5,  6, 10, 12, 13, 21, 26, 27, 29, 36, 37, 38, 39]
    W4: [ 0,  4,  9, 10, 18, 19, 21, 22, 24, 28, 31, 33, 39] < [ 2,  7, 12, 13, 15, 16, 25, 27, 30, 34, 36, 37, 40]
    Truth table row=[=, >, <, >, <] ix=141 result=[21-] is correct

Test 21+:
    W0: [ 0,  3,  4] = [ 1,  2,  5]
    W1: [ 0,  3,  4,  5,  7, 10, 12, 14, 15, 19, 20, 22, 26, 27] < [ 1,  2,  6,  8,  9, 11, 13, 16, 17, 18, 21, 23, 24, 25]
    W2: [ 0,  3,  5,  7, 10, 12, 21, 23, 24, 25, 28, 30, 31, 32, 36] > [ 1,  2,  6,  8,  9, 11, 19, 20, 22, 26, 27, 29, 33, 34, 35]
    W3: [ 0,  2,  7, 11, 14, 15, 16, 17, 18, 19, 20, 25, 28, 30, 34, 35] < [ 1,  3,  4,  5,  6, 10, 12, 13, 21, 26, 27, 29, 36, 37, 38, 39]
    W4: [ 0,  4,  9, 10, 18, 19, 21, 22, 24, 28, 31, 33, 39] > [ 2,  7, 12, 13, 15, 16, 25, 27, 30, 34, 36, 37, 40]
    Truth table row=[=, <, >, <, >] ix=101 result=[21+] is correct

Test 22-:
    W0: [ 0,  3,  4] = [ 1,  2,  5]
    W1: [ 0,  3,  4,  5,  7, 10, 12, 14, 15, 19, 20, 22, 26, 27] < [ 1,  2,  6,  8,  9, 11, 13, 16, 17, 18, 21, 23, 24, 25]
    W2: [ 0,  3,  5,  7, 10, 12, 21, 23, 24, 25, 28, 30, 31, 32, 36] > [ 1,  2,  6,  8,  9, 11, 19, 20, 22, 26, 27, 29, 33, 34, 35]
    W3: [ 0,  2,  7, 11, 14, 15, 16, 17, 18, 19, 20, 25, 28, 30, 34, 35] = [ 1,  3,  4,  5,  6, 10, 12, 13, 21, 26, 27, 29, 36, 37, 38, 39]
    W4: [ 0,  4,  9, 10, 18, 19, 21, 22, 24, 28, 31, 33, 39] < [ 2,  7, 12, 13, 15, 16, 25, 27, 30, 34, 36, 37, 40]
    Truth table row=[=, <, >, =, <] ix=102 result=[22-] is correct

Test 22+:
    W0: [ 0,  3,  4] = [ 1,  2,  5]
    W1: [ 0,  3,  4,  5,  7, 10, 12, 14, 15, 19, 20, 22, 26, 27] > [ 1,  2,  6,  8,  9, 11, 13, 16, 17, 18, 21, 23, 24, 25]
    W2: [ 0,  3,  5,  7, 10, 12, 21, 23, 24, 25, 28, 30, 31, 32, 36] < [ 1,  2,  6,  8,  9, 11, 19, 20, 22, 26, 27, 29, 33, 34, 35]
    W3: [ 0,  2,  7, 11, 14, 15, 16, 17, 18, 19, 20, 25, 28, 30, 34, 35] = [ 1,  3,  4,  5,  6, 10, 12, 13, 21, 26, 27, 29, 36, 37, 38, 39]
    W4: [ 0,  4,  9, 10, 18, 19, 21, 22, 24, 28, 31, 33, 39] > [ 2,  7, 12, 13, 15, 16, 25, 27, 30, 34, 36, 37, 40]
    Truth table row=[=, >, <, =, >] ix=140 result=[22+] is correct

Test 23-:
    W0: [ 0,  3,  4] = [ 1,  2,  5]
    W1: [ 0,  3,  4,  5,  7, 10, 12, 14, 15, 19, 20, 22, 26, 27] > [ 1,  2,  6,  8,  9, 11, 13, 16, 17, 18, 21, 23, 24, 25]
    W2: [ 0,  3,  5,  7, 10, 12, 21, 23, 24, 25, 28, 30, 31, 32, 36] < [ 1,  2,  6,  8,  9, 11, 19, 20, 22, 26, 27, 29, 33, 34, 35]
    W3: [ 0,  2,  7, 11, 14, 15, 16, 17, 18, 19, 20, 25, 28, 30, 34, 35] = [ 1,  3,  4,  5,  6, 10, 12, 13, 21, 26, 27, 29, 36, 37, 38, 39]
    W4: [ 0,  4,  9, 10, 18, 19, 21, 22, 24, 28, 31, 33, 39] = [ 2,  7, 12, 13, 15, 16, 25, 27, 30, 34, 36, 37, 40]
    Truth table row=[=, >, <, =, =] ix=139 result=[23-] is correct

Test 23+:
    W0: [ 0,  3,  4] = [ 1,  2,  5]
    W1: [ 0,  3,  4,  5,  7, 10, 12, 14, 15, 19, 20, 22, 26, 27] < [ 1,  2,  6,  8,  9, 11, 13, 16, 17, 18, 21, 23, 24, 25]
    W2: [ 0,  3,  5,  7, 10, 12, 21, 23, 24, 25, 28, 30, 31, 32, 36] > [ 1,  2,  6,  8,  9, 11, 19, 20, 22, 26, 27, 29, 33, 34, 35]
    W3: [ 0,  2,  7, 11, 14, 15, 16, 17, 18, 19, 20, 25, 28, 30, 34, 35] = [ 1,  3,  4,  5,  6, 10, 12, 13, 21, 26, 27, 29, 36, 37, 38, 39]
    W4: [ 0,  4,  9, 10, 18, 19, 21, 22, 24, 28, 31, 33, 39] = [ 2,  7, 12, 13, 15, 16, 25, 27, 30, 34, 36, 37, 40]
    Truth table row=[=, <, >, =, =] ix=103 result=[23+] is correct

Test 24-:
    W0: [ 0,  3,  4] = [ 1,  2,  5]
    W1: [ 0,  3,  4,  5,  7, 10, 12, 14, 15, 19, 20, 22, 26, 27] > [ 1,  2,  6,  8,  9, 11, 13, 16, 17, 18, 21, 23, 24, 25]
    W2: [ 0,  3,  5,  7, 10, 12, 21, 23, 24, 25, 28, 30, 31, 32, 36] < [ 1,  2,  6,  8,  9, 11, 19, 20, 22, 26, 27, 29, 33, 34, 35]
    W3: [ 0,  2,  7, 11, 14, 15, 16, 17, 18, 19, 20, 25, 28, 30, 34, 35] = [ 1,  3,  4,  5,  6, 10, 12, 13, 21, 26, 27, 29, 36, 37, 38, 39]
    W4: [ 0,  4,  9, 10, 18, 19, 21, 22, 24, 28, 31, 33, 39] < [ 2,  7, 12, 13, 15, 16, 25, 27, 30, 34, 36, 37, 40]
    Truth table row=[=, >, <, =, <] ix=138 result=[24-] is correct

Test 24+:
    W0: [ 0,  3,  4] = [ 1,  2,  5]
    W1: [ 0,  3,  4,  5,  7, 10, 12, 14, 15, 19, 20, 22, 26, 27] < [ 1,  2,  6,  8,  9, 11, 13, 16, 17, 18, 21, 23, 24, 25]
    W2: [ 0,  3,  5,  7, 10, 12, 21, 23, 24, 25, 28, 30, 31, 32, 36] > [ 1,  2,  6,  8,  9, 11, 19, 20, 22, 26, 27, 29, 33, 34, 35]
    W3: [ 0,  2,  7, 11, 14, 15, 16, 17, 18, 19, 20, 25, 28, 30, 34, 35] = [ 1,  3,  4,  5,  6, 10, 12, 13, 21, 26, 27, 29, 36, 37, 38, 39]
    W4: [ 0,  4,  9, 10, 18, 19, 21, 22, 24, 28, 31, 33, 39] > [ 2,  7, 12, 13, 15, 16, 25, 27, 30, 34, 36, 37, 40]
    Truth table row=[=, <, >, =, >] ix=104 result=[24+] is correct

Test 25-:
    W0: [ 0,  3,  4] = [ 1,  2,  5]
    W1: [ 0,  3,  4,  5,  7, 10, 12, 14, 15, 19, 20, 22, 26, 27] > [ 1,  2,  6,  8,  9, 11, 13, 16, 17, 18, 21, 23, 24, 25]
    W2: [ 0,  3,  5,  7, 10, 12, 21, 23, 24, 25, 28, 30, 31, 32, 36] < [ 1,  2,  6,  8,  9, 11, 19, 20, 22, 26, 27, 29, 33, 34, 35]
    W3: [ 0,  2,  7, 11, 14, 15, 16, 17, 18, 19, 20, 25, 28, 30, 34, 35] < [ 1,  3,  4,  5,  6, 10, 12, 13, 21, 26, 27, 29, 36, 37, 38, 39]
    W4: [ 0,  4,  9, 10, 18, 19, 21, 22, 24, 28, 31, 33, 39] > [ 2,  7, 12, 13, 15, 16, 25, 27, 30, 34, 36, 37, 40]
    Truth table row=[=, >, <, <, >] ix=137 result=[25-] is correct

Test 25+:
    W0: [ 0,  3,  4] = [ 1,  2,  5]
    W1: [ 0,  3,  4,  5,  7, 10, 12, 14, 15, 19, 20, 22, 26, 27] < [ 1,  2,  6,  8,  9, 11, 13, 16, 17, 18, 21, 23, 24, 25]
    W2: [ 0,  3,  5,  7, 10, 12, 21, 23, 24, 25, 28, 30, 31, 32, 36] > [ 1,  2,  6,  8,  9, 11, 19, 20, 22, 26, 27, 29, 33, 34, 35]
    W3: [ 0,  2,  7, 11, 14, 15, 16, 17, 18, 19, 20, 25, 28, 30, 34, 35] > [ 1,  3,  4,  5,  6, 10, 12, 13, 21, 26, 27, 29, 36, 37, 38, 39]
    W4: [ 0,  4,  9, 10, 18, 19, 21, 22, 24, 28, 31, 33, 39] < [ 2,  7, 12, 13, 15, 16, 25, 27, 30, 34, 36, 37, 40]
    Truth table row=[=, <, >, >, <] ix=105 result=[25+] is correct

Test 26-:
    W0: [ 0,  3,  4] = [ 1,  2,  5]
    W1: [ 0,  3,  4,  5,  7, 10, 12, 14, 15, 19, 20, 22, 26, 27] < [ 1,  2,  6,  8,  9, 11, 13, 16, 17, 18, 21, 23, 24, 25]
    W2: [ 0,  3,  5,  7, 10, 12, 21, 23, 24, 25, 28, 30, 31, 32, 36] > [ 1,  2,  6,  8,  9, 11, 19, 20, 22, 26, 27, 29, 33, 34, 35]
    W3: [ 0,  2,  7, 11, 14, 15, 16, 17, 18, 19, 20, 25, 28, 30, 34, 35] > [ 1,  3,  4,  5,  6, 10, 12, 13, 21, 26, 27, 29, 36, 37, 38, 39]
    W4: [ 0,  4,  9, 10, 18, 19, 21, 22, 24, 28, 31, 33, 39] = [ 2,  7, 12, 13, 15, 16, 25, 27, 30, 34, 36, 37, 40]
    Truth table row=[=, <, >, >, =] ix=106 result=[26-] is correct

Test 26+:
    W0: [ 0,  3,  4] = [ 1,  2,  5]
    W1: [ 0,  3,  4,  5,  7, 10, 12, 14, 15, 19, 20, 22, 26, 27] > [ 1,  2,  6,  8,  9, 11, 13, 16, 17, 18, 21, 23, 24, 25]
    W2: [ 0,  3,  5,  7, 10, 12, 21, 23, 24, 25, 28, 30, 31, 32, 36] < [ 1,  2,  6,  8,  9, 11, 19, 20, 22, 26, 27, 29, 33, 34, 35]
    W3: [ 0,  2,  7, 11, 14, 15, 16, 17, 18, 19, 20, 25, 28, 30, 34, 35] < [ 1,  3,  4,  5,  6, 10, 12, 13, 21, 26, 27, 29, 36, 37, 38, 39]
    W4: [ 0,  4,  9, 10, 18, 19, 21, 22, 24, 28, 31, 33, 39] = [ 2,  7, 12, 13, 15, 16, 25, 27, 30, 34, 36, 37, 40]
    Truth table row=[=, >, <, <, =] ix=136 result=[26+] is correct

Test 27-:
    W0: [ 0,  3,  4] = [ 1,  2,  5]
    W1: [ 0,  3,  4,  5,  7, 10, 12, 14, 15, 19, 20, 22, 26, 27] < [ 1,  2,  6,  8,  9, 11, 13, 16, 17, 18, 21, 23, 24, 25]
    W2: [ 0,  3,  5,  7, 10, 12, 21, 23, 24, 25, 28, 30, 31, 32, 36] > [ 1,  2,  6,  8,  9, 11, 19, 20, 22, 26, 27, 29, 33, 34, 35]
    W3: [ 0,  2,  7, 11, 14, 15, 16, 17, 18, 19, 20, 25, 28, 30, 34, 35] > [ 1,  3,  4,  5,  6, 10, 12, 13, 21, 26, 27, 29, 36, 37, 38, 39]
    W4: [ 0,  4,  9, 10, 18, 19, 21, 22, 24, 28, 31, 33, 39] > [ 2,  7, 12, 13, 15, 16, 25, 27, 30, 34, 36, 37, 40]
    Truth table row=[=, <, >, >, >] ix=107 result=[27-] is correct

Test 27+:
    W0: [ 0,  3,  4] = [ 1,  2,  5]
    W1: [ 0,  3,  4,  5,  7, 10, 12, 14, 15, 19, 20, 22, 26, 27] > [ 1,  2,  6,  8,  9, 11, 13, 16, 17, 18, 21, 23, 24, 25]
    W2: [ 0,  3,  5,  7, 10, 12, 21, 23, 24, 25, 28, 30, 31, 32, 36] < [ 1,  2,  6,  8,  9, 11, 19, 20, 22, 26, 27, 29, 33, 34, 35]
    W3: [ 0,  2,  7, 11, 14, 15, 16, 17, 18, 19, 20, 25, 28, 30, 34, 35] < [ 1,  3,  4,  5,  6, 10, 12, 13, 21, 26, 27, 29, 36, 37, 38, 39]
    W4: [ 0,  4,  9, 10, 18, 19, 21, 22, 24, 28, 31, 33, 39] < [ 2,  7, 12, 13, 15, 16, 25, 27, 30, 34, 36, 37, 40]
    Truth table row=[=, >, <, <, <] ix=135 result=[27+] is correct

Test 28-:
    W0: [ 0,  3,  4] = [ 1,  2,  5]
    W1: [ 0,  3,  4,  5,  7, 10, 12, 14, 15, 19, 20, 22, 26, 27] = [ 1,  2,  6,  8,  9, 11, 13, 16, 17, 18, 21, 23, 24, 25]
    W2: [ 0,  3,  5,  7, 10, 12, 21, 23, 24, 25, 28, 30, 31, 32, 36] < [ 1,  2,  6,  8,  9, 11, 19, 20, 22, 26, 27, 29, 33, 34, 35]
    W3: [ 0,  2,  7, 11, 14, 15, 16, 17, 18, 19, 20, 25, 28, 30, 34, 35] < [ 1,  3,  4,  5,  6, 10, 12, 13, 21, 26, 27, 29, 36, 37, 38, 39]
    W4: [ 0,  4,  9, 10, 18, 19, 21, 22, 24, 28, 31, 33, 39] < [ 2,  7, 12, 13, 15, 16, 25, 27, 30, 34, 36, 37, 40]
    Truth table row=[=, =, <, <, <] ix=108 result=[28-] is correct

Test 28+:
    W0: [ 0,  3,  4] = [ 1,  2,  5]
    W1: [ 0,  3,  4,  5,  7, 10, 12, 14, 15, 19, 20, 22, 26, 27] = [ 1,  2,  6,  8,  9, 11, 13, 16, 17, 18, 21, 23, 24, 25]
    W2: [ 0,  3,  5,  7, 10, 12, 21, 23, 24, 25, 28, 30, 31, 32, 36] > [ 1,  2,  6,  8,  9, 11, 19, 20, 22, 26, 27, 29, 33, 34, 35]
    W3: [ 0,  2,  7, 11, 14, 15, 16, 17, 18, 19, 20, 25, 28, 30, 34, 35] > [ 1,  3,  4,  5,  6, 10, 12, 13, 21, 26, 27, 29, 36, 37, 38, 39]
    W4: [ 0,  4,  9, 10, 18, 19, 21, 22, 24, 28, 31, 33, 39] > [ 2,  7, 12, 13, 15, 16, 25, 27, 30, 34, 36, 37, 40]
    Truth table row=[=, =, >, >, >] ix=134 result=[28+] is correct

Test 29-:
    W0: [ 0,  3,  4] = [ 1,  2,  5]
    W1: [ 0,  3,  4,  5,  7, 10, 12, 14, 15, 19, 20, 22, 26, 27] = [ 1,  2,  6,  8,  9, 11, 13, 16, 17, 18, 21, 23, 24, 25]
    W2: [ 0,  3,  5,  7, 10, 12, 21, 23, 24, 25, 28, 30, 31, 32, 36] > [ 1,  2,  6,  8,  9, 11, 19, 20, 22, 26, 27, 29, 33, 34, 35]
    W3: [ 0,  2,  7, 11, 14, 15, 16, 17, 18, 19, 20, 25, 28, 30, 34, 35] > [ 1,  3,  4,  5,  6, 10, 12, 13, 21, 26, 27, 29, 36, 37, 38, 39]
    W4: [ 0,  4,  9, 10, 18, 19, 21, 22, 24, 28, 31, 33, 39] = [ 2,  7, 12, 13, 15, 16, 25, 27, 30, 34, 36, 37, 40]
    Truth table row=[=, =, >, >, =] ix=133 result=[29-] is correct

Test 29+:
    W0: [ 0,  3,  4] = [ 1,  2,  5]
    W1: [ 0,  3,  4,  5,  7, 10, 12, 14, 15, 19, 20, 22, 26, 27] = [ 1,  2,  6,  8,  9, 11, 13, 16, 17, 18, 21, 23, 24, 25]
    W2: [ 0,  3,  5,  7, 10, 12, 21, 23, 24, 25, 28, 30, 31, 32, 36] < [ 1,  2,  6,  8,  9, 11, 19, 20, 22, 26, 27, 29, 33, 34, 35]
    W3: [ 0,  2,  7, 11, 14, 15, 16, 17, 18, 19, 20, 25, 28, 30, 34, 35] < [ 1,  3,  4,  5,  6, 10, 12, 13, 21, 26, 27, 29, 36, 37, 38, 39]
    W4: [ 0,  4,  9, 10, 18, 19, 21, 22, 24, 28, 31, 33, 39] = [ 2,  7, 12, 13, 15, 16, 25, 27, 30, 34, 36, 37, 40]
    Truth table row=[=, =, <, <, =] ix=109 result=[29+] is correct

Test 30-:
    W0: [ 0,  3,  4] = [ 1,  2,  5]
    W1: [ 0,  3,  4,  5,  7, 10, 12, 14, 15, 19, 20, 22, 26, 27] = [ 1,  2,  6,  8,  9, 11, 13, 16, 17, 18, 21, 23, 24, 25]
    W2: [ 0,  3,  5,  7, 10, 12, 21, 23, 24, 25, 28, 30, 31, 32, 36] < [ 1,  2,  6,  8,  9, 11, 19, 20, 22, 26, 27, 29, 33, 34, 35]
    W3: [ 0,  2,  7, 11, 14, 15, 16, 17, 18, 19, 20, 25, 28, 30, 34, 35] < [ 1,  3,  4,  5,  6, 10, 12, 13, 21, 26, 27, 29, 36, 37, 38, 39]
    W4: [ 0,  4,  9, 10, 18, 19, 21, 22, 24, 28, 31, 33, 39] > [ 2,  7, 12, 13, 15, 16, 25, 27, 30, 34, 36, 37, 40]
    Truth table row=[=, =, <, <, >] ix=110 result=[30-] is correct

Test 30+:
    W0: [ 0,  3,  4] = [ 1,  2,  5]
    W1: [ 0,  3,  4,  5,  7, 10, 12, 14, 15, 19, 20, 22, 26, 27] = [ 1,  2,  6,  8,  9, 11, 13, 16, 17, 18, 21, 23, 24, 25]
    W2: [ 0,  3,  5,  7, 10, 12, 21, 23, 24, 25, 28, 30, 31, 32, 36] > [ 1,  2,  6,  8,  9, 11, 19, 20, 22, 26, 27, 29, 33, 34, 35]
    W3: [ 0,  2,  7, 11, 14, 15, 16, 17, 18, 19, 20, 25, 28, 30, 34, 35] > [ 1,  3,  4,  5,  6, 10, 12, 13, 21, 26, 27, 29, 36, 37, 38, 39]
    W4: [ 0,  4,  9, 10, 18, 19, 21, 22, 24, 28, 31, 33, 39] < [ 2,  7, 12, 13, 15, 16, 25, 27, 30, 34, 36, 37, 40]
    Truth table row=[=, =, >, >, <] ix=132 result=[30+] is correct

Test 31-:
    W0: [ 0,  3,  4] = [ 1,  2,  5]
    W1: [ 0,  3,  4,  5,  7, 10, 12, 14, 15, 19, 20, 22, 26, 27] = [ 1,  2,  6,  8,  9, 11, 13, 16, 17, 18, 21, 23, 24, 25]
    W2: [ 0,  3,  5,  7, 10, 12, 21, 23, 24, 25, 28, 30, 31, 32, 36] < [ 1,  2,  6,  8,  9, 11, 19, 20, 22, 26, 27, 29, 33, 34, 35]
    W3: [ 0,  2,  7, 11, 14, 15, 16, 17, 18, 19, 20, 25, 28, 30, 34, 35] = [ 1,  3,  4,  5,  6, 10, 12, 13, 21, 26, 27, 29, 36, 37, 38, 39]
    W4: [ 0,  4,  9, 10, 18, 19, 21, 22, 24, 28, 31, 33, 39] < [ 2,  7, 12, 13, 15, 16, 25, 27, 30, 34, 36, 37, 40]
    Truth table row=[=, =, <, =, <] ix=111 result=[31-] is correct

Test 31+:
    W0: [ 0,  3,  4] = [ 1,  2,  5]
    W1: [ 0,  3,  4,  5,  7, 10, 12, 14, 15, 19, 20, 22, 26, 27] = [ 1,  2,  6,  8,  9, 11, 13, 16, 17, 18, 21, 23, 24, 25]
    W2: [ 0,  3,  5,  7, 10, 12, 21, 23, 24, 25, 28, 30, 31, 32, 36] > [ 1,  2,  6,  8,  9, 11, 19, 20, 22, 26, 27, 29, 33, 34, 35]
    W3: [ 0,  2,  7, 11, 14, 15, 16, 17, 18, 19, 20, 25, 28, 30, 34, 35] = [ 1,  3,  4,  5,  6, 10, 12, 13, 21, 26, 27, 29, 36, 37, 38, 39]
    W4: [ 0,  4,  9, 10, 18, 19, 21, 22, 24, 28, 31, 33, 39] > [ 2,  7, 12, 13, 15, 16, 25, 27, 30, 34, 36, 37, 40]
    Truth table row=[=, =, >, =, >] ix=131 result=[31+] is correct

Test 32-:
    W0: [ 0,  3,  4] = [ 1,  2,  5]
    W1: [ 0,  3,  4,  5,  7, 10, 12, 14, 15, 19, 20, 22, 26, 27] = [ 1,  2,  6,  8,  9, 11, 13, 16, 17, 18, 21, 23, 24, 25]
    W2: [ 0,  3,  5,  7, 10, 12, 21, 23, 24, 25, 28, 30, 31, 32, 36] < [ 1,  2,  6,  8,  9, 11, 19, 20, 22, 26, 27, 29, 33, 34, 35]
    W3: [ 0,  2,  7, 11, 14, 15, 16, 17, 18, 19, 20, 25, 28, 30, 34, 35] = [ 1,  3,  4,  5,  6, 10, 12, 13, 21, 26, 27, 29, 36, 37, 38, 39]
    W4: [ 0,  4,  9, 10, 18, 19, 21, 22, 24, 28, 31, 33, 39] = [ 2,  7, 12, 13, 15, 16, 25, 27, 30, 34, 36, 37, 40]
    Truth table row=[=, =, <, =, =] ix=112 result=[32-] is correct

Test 32+:
    W0: [ 0,  3,  4] = [ 1,  2,  5]
    W1: [ 0,  3,  4,  5,  7, 10, 12, 14, 15, 19, 20, 22, 26, 27] = [ 1,  2,  6,  8,  9, 11, 13, 16, 17, 18, 21, 23, 24, 25]
    W2: [ 0,  3,  5,  7, 10, 12, 21, 23, 24, 25, 28, 30, 31, 32, 36] > [ 1,  2,  6,  8,  9, 11, 19, 20, 22, 26, 27, 29, 33, 34, 35]
    W3: [ 0,  2,  7, 11, 14, 15, 16, 17, 18, 19, 20, 25, 28, 30, 34, 35] = [ 1,  3,  4,  5,  6, 10, 12, 13, 21, 26, 27, 29, 36, 37, 38, 39]
    W4: [ 0,  4,  9, 10, 18, 19, 21, 22, 24, 28, 31, 33, 39] = [ 2,  7, 12, 13, 15, 16, 25, 27, 30, 34, 36, 37, 40]
    Truth table row=[=, =, >, =, =] ix=130 result=[32+] is correct

Test 33-:
    W0: [ 0,  3,  4] = [ 1,  2,  5]
    W1: [ 0,  3,  4,  5,  7, 10, 12, 14, 15, 19, 20, 22, 26, 27] = [ 1,  2,  6,  8,  9, 11, 13, 16, 17, 18, 21, 23, 24, 25]
    W2: [ 0,  3,  5,  7, 10, 12, 21, 23, 24, 25, 28, 30, 31, 32, 36] > [ 1,  2,  6,  8,  9, 11, 19, 20, 22, 26, 27, 29, 33, 34, 35]
    W3: [ 0,  2,  7, 11, 14, 15, 16, 17, 18, 19, 20, 25, 28, 30, 34, 35] = [ 1,  3,  4,  5,  6, 10, 12, 13, 21, 26, 27, 29, 36, 37, 38, 39]
    W4: [ 0,  4,  9, 10, 18, 19, 21, 22, 24, 28, 31, 33, 39] < [ 2,  7, 12, 13, 15, 16, 25, 27, 30, 34, 36, 37, 40]
    Truth table row=[=, =, >, =, <] ix=129 result=[33-] is correct

Test 33+:
    W0: [ 0,  3,  4] = [ 1,  2,  5]
    W1: [ 0,  3,  4,  5,  7, 10, 12, 14, 15, 19, 20, 22, 26, 27] = [ 1,  2,  6,  8,  9, 11, 13, 16, 17, 18, 21, 23, 24, 25]
    W2: [ 0,  3,  5,  7, 10, 12, 21, 23, 24, 25, 28, 30, 31, 32, 36] < [ 1,  2,  6,  8,  9, 11, 19, 20, 22, 26, 27, 29, 33, 34, 35]
    W3: [ 0,  2,  7, 11, 14, 15, 16, 17, 18, 19, 20, 25, 28, 30, 34, 35] = [ 1,  3,  4,  5,  6, 10, 12, 13, 21, 26, 27, 29, 36, 37, 38, 39]
    W4: [ 0,  4,  9, 10, 18, 19, 21, 22, 24, 28, 31, 33, 39] > [ 2,  7, 12, 13, 15, 16, 25, 27, 30, 34, 36, 37, 40]
    Truth table row=[=, =, <, =, >] ix=113 result=[33+] is correct

Test 34-:
    W0: [ 0,  3,  4] = [ 1,  2,  5]
    W1: [ 0,  3,  4,  5,  7, 10, 12, 14, 15, 19, 20, 22, 26, 27] = [ 1,  2,  6,  8,  9, 11, 13, 16, 17, 18, 21, 23, 24, 25]
    W2: [ 0,  3,  5,  7, 10, 12, 21, 23, 24, 25, 28, 30, 31, 32, 36] > [ 1,  2,  6,  8,  9, 11, 19, 20, 22, 26, 27, 29, 33, 34, 35]
    W3: [ 0,  2,  7, 11, 14, 15, 16, 17, 18, 19, 20, 25, 28, 30, 34, 35] < [ 1,  3,  4,  5,  6, 10, 12, 13, 21, 26, 27, 29, 36, 37, 38, 39]
    W4: [ 0,  4,  9, 10, 18, 19, 21, 22, 24, 28, 31, 33, 39] > [ 2,  7, 12, 13, 15, 16, 25, 27, 30, 34, 36, 37, 40]
    Truth table row=[=, =, >, <, >] ix=128 result=[34-] is correct

Test 34+:
    W0: [ 0,  3,  4] = [ 1,  2,  5]
    W1: [ 0,  3,  4,  5,  7, 10, 12, 14, 15, 19, 20, 22, 26, 27] = [ 1,  2,  6,  8,  9, 11, 13, 16, 17, 18, 21, 23, 24, 25]
    W2: [ 0,  3,  5,  7, 10, 12, 21, 23, 24, 25, 28, 30, 31, 32, 36] < [ 1,  2,  6,  8,  9, 11, 19, 20, 22, 26, 27, 29, 33, 34, 35]
    W3: [ 0,  2,  7, 11, 14, 15, 16, 17, 18, 19, 20, 25, 28, 30, 34, 35] > [ 1,  3,  4,  5,  6, 10, 12, 13, 21, 26, 27, 29, 36, 37, 38, 39]
    W4: [ 0,  4,  9, 10, 18, 19, 21, 22, 24, 28, 31, 33, 39] < [ 2,  7, 12, 13, 15, 16, 25, 27, 30, 34, 36, 37, 40]
    Truth table row=[=, =, <, >, <] ix=114 result=[34+] is correct

Test 35-:
    W0: [ 0,  3,  4] = [ 1,  2,  5]
    W1: [ 0,  3,  4,  5,  7, 10, 12, 14, 15, 19, 20, 22, 26, 27] = [ 1,  2,  6,  8,  9, 11, 13, 16, 17, 18, 21, 23, 24, 25]
    W2: [ 0,  3,  5,  7, 10, 12, 21, 23, 24, 25, 28, 30, 31, 32, 36] > [ 1,  2,  6,  8,  9, 11, 19, 20, 22, 26, 27, 29, 33, 34, 35]
    W3: [ 0,  2,  7, 11, 14, 15, 16, 17, 18, 19, 20, 25, 28, 30, 34, 35] < [ 1,  3,  4,  5,  6, 10, 12, 13, 21, 26, 27, 29, 36, 37, 38, 39]
    W4: [ 0,  4,  9, 10, 18, 19, 21, 22, 24, 28, 31, 33, 39] = [ 2,  7, 12, 13, 15, 16, 25, 27, 30, 34, 36, 37, 40]
    Truth table row=[=, =, >, <, =] ix=127 result=[35-] is correct

Test 35+:
    W0: [ 0,  3,  4] = [ 1,  2,  5]
    W1: [ 0,  3,  4,  5,  7, 10, 12, 14, 15, 19, 20, 22, 26, 27] = [ 1,  2,  6,  8,  9, 11, 13, 16, 17, 18, 21, 23, 24, 25]
    W2: [ 0,  3,  5,  7, 10, 12, 21, 23, 24, 25, 28, 30, 31, 32, 36] < [ 1,  2,  6,  8,  9, 11, 19, 20, 22, 26, 27, 29, 33, 34, 35]
    W3: [ 0,  2,  7, 11, 14, 15, 16, 17, 18, 19, 20, 25, 28, 30, 34, 35] > [ 1,  3,  4,  5,  6, 10, 12, 13, 21, 26, 27, 29, 36, 37, 38, 39]
    W4: [ 0,  4,  9, 10, 18, 19, 21, 22, 24, 28, 31, 33, 39] = [ 2,  7, 12, 13, 15, 16, 25, 27, 30, 34, 36, 37, 40]
    Truth table row=[=, =, <, >, =] ix=115 result=[35+] is correct

Test 36-:
    W0: [ 0,  3,  4] = [ 1,  2,  5]
    W1: [ 0,  3,  4,  5,  7, 10, 12, 14, 15, 19, 20, 22, 26, 27] = [ 1,  2,  6,  8,  9, 11, 13, 16, 17, 18, 21, 23, 24, 25]
    W2: [ 0,  3,  5,  7, 10, 12, 21, 23, 24, 25, 28, 30, 31, 32, 36] < [ 1,  2,  6,  8,  9, 11, 19, 20, 22, 26, 27, 29, 33, 34, 35]
    W3: [ 0,  2,  7, 11, 14, 15, 16, 17, 18, 19, 20, 25, 28, 30, 34, 35] > [ 1,  3,  4,  5,  6, 10, 12, 13, 21, 26, 27, 29, 36, 37, 38, 39]
    W4: [ 0,  4,  9, 10, 18, 19, 21, 22, 24, 28, 31, 33, 39] > [ 2,  7, 12, 13, 15, 16, 25, 27, 30, 34, 36, 37, 40]
    Truth table row=[=, =, <, >, >] ix=116 result=[36-] is correct

Test 36+:
    W0: [ 0,  3,  4] = [ 1,  2,  5]
    W1: [ 0,  3,  4,  5,  7, 10, 12, 14, 15, 19, 20, 22, 26, 27] = [ 1,  2,  6,  8,  9, 11, 13, 16, 17, 18, 21, 23, 24, 25]
    W2: [ 0,  3,  5,  7, 10, 12, 21, 23, 24, 25, 28, 30, 31, 32, 36] > [ 1,  2,  6,  8,  9, 11, 19, 20, 22, 26, 27, 29, 33, 34, 35]
    W3: [ 0,  2,  7, 11, 14, 15, 16, 17, 18, 19, 20, 25, 28, 30, 34, 35] < [ 1,  3,  4,  5,  6, 10, 12, 13, 21, 26, 27, 29, 36, 37, 38, 39]
    W4: [ 0,  4,  9, 10, 18, 19, 21, 22, 24, 28, 31, 33, 39] < [ 2,  7, 12, 13, 15, 16, 25, 27, 30, 34, 36, 37, 40]
    Truth table row=[=, =, >, <, <] ix=126 result=[36+] is correct

Test 37-:
    W0: [ 0,  3,  4] = [ 1,  2,  5]
    W1: [ 0,  3,  4,  5,  7, 10, 12, 14, 15, 19, 20, 22, 26, 27] = [ 1,  2,  6,  8,  9, 11, 13, 16, 17, 18, 21, 23, 24, 25]
    W2: [ 0,  3,  5,  7, 10, 12, 21, 23, 24, 25, 28, 30, 31, 32, 36] = [ 1,  2,  6,  8,  9, 11, 19, 20, 22, 26, 27, 29, 33, 34, 35]
    W3: [ 0,  2,  7, 11, 14, 15, 16, 17, 18, 19, 20, 25, 28, 30, 34, 35] > [ 1,  3,  4,  5,  6, 10, 12, 13, 21, 26, 27, 29, 36, 37, 38, 39]
    W4: [ 0,  4,  9, 10, 18, 19, 21, 22, 24, 28, 31, 33, 39] > [ 2,  7, 12, 13, 15, 16, 25, 27, 30, 34, 36, 37, 40]
    Truth table row=[=, =, =, >, >] ix=125 result=[37-] is correct

Test 37+:
    W0: [ 0,  3,  4] = [ 1,  2,  5]
    W1: [ 0,  3,  4,  5,  7, 10, 12, 14, 15, 19, 20, 22, 26, 27] = [ 1,  2,  6,  8,  9, 11, 13, 16, 17, 18, 21, 23, 24, 25]
    W2: [ 0,  3,  5,  7, 10, 12, 21, 23, 24, 25, 28, 30, 31, 32, 36] = [ 1,  2,  6,  8,  9, 11, 19, 20, 22, 26, 27, 29, 33, 34, 35]
    W3: [ 0,  2,  7, 11, 14, 15, 16, 17, 18, 19, 20, 25, 28, 30, 34, 35] < [ 1,  3,  4,  5,  6, 10, 12, 13, 21, 26, 27, 29, 36, 37, 38, 39]
    W4: [ 0,  4,  9, 10, 18, 19, 21, 22, 24, 28, 31, 33, 39] < [ 2,  7, 12, 13, 15, 16, 25, 27, 30, 34, 36, 37, 40]
    Truth table row=[=, =, =, <, <] ix=117 result=[37+] is correct

Test 38-:
    W0: [ 0,  3,  4] = [ 1,  2,  5]
    W1: [ 0,  3,  4,  5,  7, 10, 12, 14, 15, 19, 20, 22, 26, 27] = [ 1,  2,  6,  8,  9, 11, 13, 16, 17, 18, 21, 23, 24, 25]
    W2: [ 0,  3,  5,  7, 10, 12, 21, 23, 24, 25, 28, 30, 31, 32, 36] = [ 1,  2,  6,  8,  9, 11, 19, 20, 22, 26, 27, 29, 33, 34, 35]
    W3: [ 0,  2,  7, 11, 14, 15, 16, 17, 18, 19, 20, 25, 28, 30, 34, 35] > [ 1,  3,  4,  5,  6, 10, 12, 13, 21, 26, 27, 29, 36, 37, 38, 39]
    W4: [ 0,  4,  9, 10, 18, 19, 21, 22, 24, 28, 31, 33, 39] = [ 2,  7, 12, 13, 15, 16, 25, 27, 30, 34, 36, 37, 40]
    Truth table row=[=, =, =, >, =] ix=124 result=[38-] is correct

Test 38+:
    W0: [ 0,  3,  4] = [ 1,  2,  5]
    W1: [ 0,  3,  4,  5,  7, 10, 12, 14, 15, 19, 20, 22, 26, 27] = [ 1,  2,  6,  8,  9, 11, 13, 16, 17, 18, 21, 23, 24, 25]
    W2: [ 0,  3,  5,  7, 10, 12, 21, 23, 24, 25, 28, 30, 31, 32, 36] = [ 1,  2,  6,  8,  9, 11, 19, 20, 22, 26, 27, 29, 33, 34, 35]
    W3: [ 0,  2,  7, 11, 14, 15, 16, 17, 18, 19, 20, 25, 28, 30, 34, 35] < [ 1,  3,  4,  5,  6, 10, 12, 13, 21, 26, 27, 29, 36, 37, 38, 39]
    W4: [ 0,  4,  9, 10, 18, 19, 21, 22, 24, 28, 31, 33, 39] = [ 2,  7, 12, 13, 15, 16, 25, 27, 30, 34, 36, 37, 40]
    Truth table row=[=, =, =, <, =] ix=118 result=[38+] is correct

Test 39-:
    W0: [ 0,  3,  4] = [ 1,  2,  5]
    W1: [ 0,  3,  4,  5,  7, 10, 12, 14, 15, 19, 20, 22, 26, 27] = [ 1,  2,  6,  8,  9, 11, 13, 16, 17, 18, 21, 23, 24, 25]
    W2: [ 0,  3,  5,  7, 10, 12, 21, 23, 24, 25, 28, 30, 31, 32, 36] = [ 1,  2,  6,  8,  9, 11, 19, 20, 22, 26, 27, 29, 33, 34, 35]
    W3: [ 0,  2,  7, 11, 14, 15, 16, 17, 18, 19, 20, 25, 28, 30, 34, 35] > [ 1,  3,  4,  5,  6, 10, 12, 13, 21, 26, 27, 29, 36, 37, 38, 39]
    W4: [ 0,  4,  9, 10, 18, 19, 21, 22, 24, 28, 31, 33, 39] < [ 2,  7, 12, 13, 15, 16, 25, 27, 30, 34, 36, 37, 40]
    Truth table row=[=, =, =, >, <] ix=123 result=[39-] is correct

Test 39+:
    W0: [ 0,  3,  4] = [ 1,  2,  5]
    W1: [ 0,  3,  4,  5,  7, 10, 12, 14, 15, 19, 20, 22, 26, 27] = [ 1,  2,  6,  8,  9, 11, 13, 16, 17, 18, 21, 23, 24, 25]
    W2: [ 0,  3,  5,  7, 10, 12, 21, 23, 24, 25, 28, 30, 31, 32, 36] = [ 1,  2,  6,  8,  9, 11, 19, 20, 22, 26, 27, 29, 33, 34, 35]
    W3: [ 0,  2,  7, 11, 14, 15, 16, 17, 18, 19, 20, 25, 28, 30, 34, 35] < [ 1,  3,  4,  5,  6, 10, 12, 13, 21, 26, 27, 29, 36, 37, 38, 39]
    W4: [ 0,  4,  9, 10, 18, 19, 21, 22, 24, 28, 31, 33, 39] > [ 2,  7, 12, 13, 15, 16, 25, 27, 30, 34, 36, 37, 40]
    Truth table row=[=, =, =, <, >] ix=119 result=[39+] is correct

Test 40-:
    W0: [ 0,  3,  4] = [ 1,  2,  5]
    W1: [ 0,  3,  4,  5,  7, 10, 12, 14, 15, 19, 20, 22, 26, 27] = [ 1,  2,  6,  8,  9, 11, 13, 16, 17, 18, 21, 23, 24, 25]
    W2: [ 0,  3,  5,  7, 10, 12, 21, 23, 24, 25, 28, 30, 31, 32, 36] = [ 1,  2,  6,  8,  9, 11, 19, 20, 22, 26, 27, 29, 33, 34, 35]
    W3: [ 0,  2,  7, 11, 14, 15, 16, 17, 18, 19, 20, 25, 28, 30, 34, 35] = [ 1,  3,  4,  5,  6, 10, 12, 13, 21, 26, 27, 29, 36, 37, 38, 39]
    W4: [ 0,  4,  9, 10, 18, 19, 21, 22, 24, 28, 31, 33, 39] > [ 2,  7, 12, 13, 15, 16, 25, 27, 30, 34, 36, 37, 40]
    Truth table row=[=, =, =, =, >] ix=122 result=[40-] is correct

Test 40+:
    W0: [ 0,  3,  4] = [ 1,  2,  5]
    W1: [ 0,  3,  4,  5,  7, 10, 12, 14, 15, 19, 20, 22, 26, 27] = [ 1,  2,  6,  8,  9, 11, 13, 16, 17, 18, 21, 23, 24, 25]
    W2: [ 0,  3,  5,  7, 10, 12, 21, 23, 24, 25, 28, 30, 31, 32, 36] = [ 1,  2,  6,  8,  9, 11, 19, 20, 22, 26, 27, 29, 33, 34, 35]
    W3: [ 0,  2,  7, 11, 14, 15, 16, 17, 18, 19, 20, 25, 28, 30, 34, 35] = [ 1,  3,  4,  5,  6, 10, 12, 13, 21, 26, 27, 29, 36, 37, 38, 39]
    W4: [ 0,  4,  9, 10, 18, 19, 21, 22, 24, 28, 31, 33, 39] < [ 2,  7, 12, 13, 15, 16, 25, 27, 30, 34, 36, 37, 40]
    Truth table row=[=, =, =, =, <] ix=120 result=[40+] is correct

Total correct results: 82
Total incorrect results: 0
