Solving for 43 balls and 5 weighings.
Using symmetry breaking strategy TruthTableAscending.

Solution:
W0: [ 0,  4,  6,  7,  8, 10, 11, 15, 19, 20, 22, 23, 25, 28, 29, 30, 32, 33] <=> [ 1,  2,  3,  5,  9, 12, 13, 14, 16, 17, 18, 21, 24, 26, 27, 31, 34, 35]
W1: [ 0,  4,  6,  7,  8, 10, 11, 15, 19, 20, 22, 23, 25, 31, 34, 35, 37] <=> [ 1,  2,  3,  5,  9, 12, 13, 14, 16, 17, 18, 21, 24, 26, 32, 33, 36]
W2: [ 0,  4,  6,  7,  8, 18, 21, 24, 26, 28, 32, 33, 34, 35] <=> [ 1,  2,  3,  5, 19, 20, 22, 23, 25, 27, 29, 30, 31, 38]
W3: [ 0, 10, 11, 16, 17, 19, 20, 24, 26, 29, 35, 38, 39, 40, 41] <=> [ 1,  2,  6,  7,  8,  9, 15, 18, 25, 28, 30, 31, 32, 33, 34]
W4: [ 0,  2,  5,  6, 14, 15, 17, 26, 29, 32, 34, 35, 38, 39, 42] <=> [ 3,  8,  9, 11, 12, 18, 20, 21, 23, 24, 30, 31, 33, 37, 41]

Truth Table:
ix  W0  W1  W2  W3  W4   Result
 0   <   <   <   <   <   0-
 1   <   <   <   <   =   1+
 2   <   <   <   <   >   2+
 3   <   <   <   =   <   3+
 4   <   <   <   =   =   4-
 5   <   <   <   =   >   5+
 6   <   <   <   >   <   6-
 7   <   <   <   >   =   7-
 8   <   <   <   >   >   8-
 9   <   <   =   <   <   9+
10   <   <   =   <   =   10-
11   <   <   =   <   >   11-
12   <   <   =   =   <   12+
13   <   <   =   =   =   13+
14   <   <   =   =   >   14+
15   <   <   =   >   <   15-
16   <   <   =   >   =   16+
17   <   <   =   >   >   17+
18   <   <   >   <   <   18+
19   <   <   >   <   =   19-
20   <   <   >   <   >   20-
21   <   <   >   =   <   21+
22   <   <   >   =   =   22-
23   <   <   >   =   >   23-
24   <   <   >   >   <   24+
25   <   <   >   >   =   25-
26   <   <   >   >   >   26+
27   <   =   <   <   <
28   <   =   <   <   =
29   <   =   <   <   >
30   <   =   <   =   <
31   <   =   <   =   =   27+
32   <   =   <   =   >
33   <   =   <   >   <
34   <   =   <   >   =   28-
35   <   =   <   >   >
36   <   =   =   <   <
37   <   =   =   <   =
38   <   =   =   <   >
39   <   =   =   =   <
40   <   =   =   =   =
41   <   =   =   =   >
42   <   =   =   >   <
43   <   =   =   >   =
44   <   =   =   >   >
45   <   =   >   <   <   29-
46   <   =   >   <   =
47   <   =   >   <   >
48   <   =   >   =   <
49   <   =   >   =   =
50   <   =   >   =   >
51   <   =   >   >   <
52   <   =   >   >   =
53   <   =   >   >   >   30-
54   <   >   <   <   <   31+
55   <   >   <   <   =
56   <   >   <   <   >
57   <   >   <   =   <
58   <   >   <   =   =
59   <   >   <   =   >
60   <   >   <   >   <   32-
61   <   >   <   >   =
62   <   >   <   >   >   33-
63   <   >   =   <   <
64   <   >   =   <   =
65   <   >   =   <   >
66   <   >   =   =   <
67   <   >   =   =   =
68   <   >   =   =   >
69   <   >   =   >   <
70   <   >   =   >   =
71   <   >   =   >   >
72   <   >   >   <   <
73   <   >   >   <   =
74   <   >   >   <   >   34+
75   <   >   >   =   <
76   <   >   >   =   =
77   <   >   >   =   >
78   <   >   >   >   <
79   <   >   >   >   =
80   <   >   >   >   >   35+
81   =   <   <   <   <
82   =   <   <   <   =
83   =   <   <   <   >
84   =   <   <   =   <
85   =   <   <   =   =
86   =   <   <   =   >
87   =   <   <   >   <
88   =   <   <   >   =
89   =   <   <   >   >
90   =   <   =   <   <
91   =   <   =   <   =
92   =   <   =   <   >
93   =   <   =   =   <
94   =   <   =   =   =   36+
95   =   <   =   =   >   37-
96   =   <   =   >   <
97   =   <   =   >   =
98   =   <   =   >   >
99   =   <   >   <   <
100   =   <   >   <   =
101   =   <   >   <   >
102   =   <   >   =   <
103   =   <   >   =   =
104   =   <   >   =   >
105   =   <   >   >   <
106   =   <   >   >   =
107   =   <   >   >   >
108   =   =   <   <   <
109   =   =   <   <   =
110   =   =   <   <   >
111   =   =   <   =   <
112   =   =   <   =   =
113   =   =   <   =   >
114   =   =   <   >   <
115   =   =   <   >   =
116   =   =   <   >   >   38+
117   =   =   =   <   <   39-
118   =   =   =   <   =   40-
119   =   =   =   <   >   41-
120   =   =   =   =   <   42-
121   =   =   =   =   =
122   =   =   =   =   >   42+
123   =   =   =   >   <   41+
124   =   =   =   >   =   40+
125   =   =   =   >   >   39+
126   =   =   >   <   <   38-
127   =   =   >   <   =
128   =   =   >   <   >
129   =   =   >   =   <
130   =   =   >   =   =
131   =   =   >   =   >
132   =   =   >   >   <
133   =   =   >   >   =
134   =   =   >   >   >
135   =   >   <   <   <
136   =   >   <   <   =
137   =   >   <   <   >
138   =   >   <   =   <
139   =   >   <   =   =
140   =   >   <   =   >
141   =   >   <   >   <
142   =   >   <   >   =
143   =   >   <   >   >
144   =   >   =   <   <
145   =   >   =   <   =
146   =   >   =   <   >
147   =   >   =   =   <   37+
148   =   >   =   =   =   36-
149   =   >   =   =   >
150   =   >   =   >   <
151   =   >   =   >   =
152   =   >   =   >   >
153   =   >   >   <   <
154   =   >   >   <   =
155   =   >   >   <   >
156   =   >   >   =   <
157   =   >   >   =   =
158   =   >   >   =   >
159   =   >   >   >   <
160   =   >   >   >   =
161   =   >   >   >   >
162   >   <   <   <   <   35-
163   >   <   <   <   =
164   >   <   <   <   >
165   >   <   <   =   <
166   >   <   <   =   =
167   >   <   <   =   >
168   >   <   <   >   <   34-
169   >   <   <   >   =
170   >   <   <   >   >
171   >   <   =   <   <
172   >   <   =   <   =
173   >   <   =   <   >
174   >   <   =   =   <
175   >   <   =   =   =
176   >   <   =   =   >
177   >   <   =   >   <
178   >   <   =   >   =
179   >   <   =   >   >
180   >   <   >   <   <   33+
181   >   <   >   <   =
182   >   <   >   <   >   32+
183   >   <   >   =   <
184   >   <   >   =   =
185   >   <   >   =   >
186   >   <   >   >   <
187   >   <   >   >   =
188   >   <   >   >   >   31-
189   >   =   <   <   <   30+
190   >   =   <   <   =
191   >   =   <   <   >
192   >   =   <   =   <
193   >   =   <   =   =
194   >   =   <   =   >
195   >   =   <   >   <
196   >   =   <   >   =
197   >   =   <   >   >   29+
198   >   =   =   <   <
199   >   =   =   <   =
200   >   =   =   <   >
201   >   =   =   =   <
202   >   =   =   =   =
203   >   =   =   =   >
204   >   =   =   >   <
205   >   =   =   >   =
206   >   =   =   >   >
207   >   =   >   <   <
208   >   =   >   <   =   28+
209   >   =   >   <   >
210   >   =   >   =   <
211   >   =   >   =   =   27-
212   >   =   >   =   >
213   >   =   >   >   <
214   >   =   >   >   =
215   >   =   >   >   >
216   >   >   <   <   <   26-
217   >   >   <   <   =   25+
218   >   >   <   <   >   24-
219   >   >   <   =   <   23+
220   >   >   <   =   =   22+
221   >   >   <   =   >   21-
222   >   >   <   >   <   20+
223   >   >   <   >   =   19+
224   >   >   <   >   >   18-
225   >   >   =   <   <   17-
226   >   >   =   <   =   16-
227   >   >   =   <   >   15+
228   >   >   =   =   <   14-
229   >   >   =   =   =   13-
230   >   >   =   =   >   12-
231   >   >   =   >   <   11+
232   >   >   =   >   =   10+
233   >   >   =   >   >   9-
234   >   >   >   <   <   8+
235   >   >   >   <   =   7+
236   >   >   >   <   >   6+
237   >   >   >   =   <   5-
238   >   >   >   =   =   4+
239   >   >   >   =   >   3-
240   >   >   >   >   <   2-
241   >   >   >   >   =   1-
242   >   >   >   >   >   0+

Test 0-:
    W0: [ 0,  4,  6,  7,  8, 10, 11, 15, 19, 20, 22, 23, 25, 28, 29, 30, 32, 33] < [ 1,  2,  3,  5,  9, 12, 13, 14, 16, 17, 18, 21, 24, 26, 27, 31, 34, 35]
    W1: [ 0,  4,  6,  7,  8, 10, 11, 15, 19, 20, 22, 23, 25, 31, 34, 35, 37] < [ 1,  2,  3,  5,  9, 12, 13, 14, 16, 17, 18, 21, 24, 26, 32, 33, 36]
    W2: [ 0,  4,  6,  7,  8, 18, 21, 24, 26, 28, 32, 33, 34, 35] < [ 1,  2,  3,  5, 19, 20, 22, 23, 25, 27, 29, 30, 31, 38]
    W3: [ 0, 10, 11, 16, 17, 19, 20, 24, 26, 29, 35, 38, 39, 40, 41] < [ 1,  2,  6,  7,  8,  9, 15, 18, 25, 28, 30, 31, 32, 33, 34]
    W4: [ 0,  2,  5,  6, 14, 15, 17, 26, 29, 32, 34, 35, 38, 39, 42] < [ 3,  8,  9, 11, 12, 18, 20, 21, 23, 24, 30, 31, 33, 37, 41]
    Truth table row=[<, <, <, <, <] ix=0 result=[0-] is correct

Test 0+:
    W0: [ 0,  4,  6,  7,  8, 10, 11, 15, 19, 20, 22, 23, 25, 28, 29, 30, 32, 33] > [ 1,  2,  3,  5,  9, 12, 13, 14, 16, 17, 18, 21, 24, 26, 27, 31, 34, 35]
    W1: [ 0,  4,  6,  7,  8, 10, 11, 15, 19, 20, 22, 23, 25, 31, 34, 35, 37] > [ 1,  2,  3,  5,  9, 12, 13, 14, 16, 17, 18, 21, 24, 26, 32, 33, 36]
    W2: [ 0,  4,  6,  7,  8, 18, 21, 24, 26, 28, 32, 33, 34, 35] > [ 1,  2,  3,  5, 19, 20, 22, 23, 25, 27, 29, 30, 31, 38]
    W3: [ 0, 10, 11, 16, 17, 19, 20, 24, 26, 29, 35, 38, 39, 40, 41] > [ 1,  2,  6,  7,  8,  9, 15, 18, 25, 28, 30, 31, 32, 33, 34]
    W4: [ 0,  2,  5,  6, 14, 15, 17, 26, 29, 32, 34, 35, 38, 39, 42] > [ 3,  8,  9, 11, 12, 18, 20, 21, 23, 24, 30, 31, 33, 37, 41]
    Truth table row=[>, >, >, >, >] ix=242 result=[0+] is correct

Test 1-:
    W0: [ 0,  4,  6,  7,  8, 10, 11, 15, 19, 20, 22, 23, 25, 28, 29, 30, 32, 33] > [ 1,  2,  3,  5,  9, 12, 13, 14, 16, 17, 18, 21, 24, 26, 27, 31, 34, 35]
    W1: [ 0,  4,  6,  7,  8, 10, 11, 15, 19, 20, 22, 23, 25, 31, 34, 35, 37] > [ 1,  2,  3,  5,  9, 12, 13, 14, 16, 17, 18, 21, 24, 26, 32, 33, 36]
    W2: [ 0,  4,  6,  7,  8, 18, 21, 24, 26, 28, 32, 33, 34, 35] > [ 1,  2,  3,  5, 19, 20, 22, 23, 25, 27, 29, 30, 31, 38]
    W3: [ 0, 10, 11, 16, 17, 19, 20, 24, 26, 29, 35, 38, 39, 40, 41] > [ 1,  2,  6,  7,  8,  9, 15, 18, 25, 28, 30, 31, 32, 33, 34]
    W4: [ 0,  2,  5,  6, 14, 15, 17, 26, 29, 32, 34, 35, 38, 39, 42] = [ 3,  8,  9, 11, 12, 18, 20, 21, 23, 24, 30, 31, 33, 37, 41]
    Truth table row=[>, >, >, >, =] ix=241 result=[1-] is correct

Test 1+:
    W0: [ 0,  4,  6,  7,  8, 10, 11, 15, 19, 20, 22, 23, 25, 28, 29, 30, 32, 33] < [ 1,  2,  3,  5,  9, 12, 13, 14, 16, 17, 18, 21, 24, 26, 27, 31, 34, 35]
    W1: [ 0,  4,  6,  7,  8, 10, 11, 15, 19, 20, 22, 23, 25, 31, 34, 35, 37] < [ 1,  2,  3,  5,  9, 12, 13, 14, 16, 17, 18, 21, 24, 26, 32, 33, 36]
    W2: [ 0,  4,  6,  7,  8, 18, 21, 24, 26, 28, 32, 33, 34, 35] < [ 1,  2,  3,  5, 19, 20, 22, 23, 25, 27, 29, 30, 31, 38]
    W3: [ 0, 10, 11, 16, 17, 19, 20, 24, 26, 29, 35, 38, 39, 40, 41] < [ 1,  2,  6,  7,  8,  9, 15, 18, 25, 28, 30, 31, 32, 33, 34]
    W4: [ 0,  2,  5,  6, 14, 15, 17, 26, 29, 32, 34, 35, 38, 39, 42] = [ 3,  8,  9, 11, 12, 18, 20, 21, 23, 24, 30, 31, 33, 37, 41]
    Truth table row=[<, <, <, <, =] ix=1 result=[1+] is correct

Test 2-:
    W0: [ 0,  4,  6,  7,  8, 10, 11, 15, 19, 20, 22, 23, 25, 28, 29, 30, 32, 33] > [ 1,  2,  3,  5,  9, 12, 13, 14, 16, 17, 18, 21, 24, 26, 27, 31, 34, 35]
    W1: [ 0,  4,  6,  7,  8, 10, 11, 15, 19, 20, 22, 23, 25, 31, 34, 35, 37] > [ 1,  2,  3,  5,  9, 12, 13, 14, 16, 17, 18, 21, 24, 26, 32, 33, 36]
    W2: [ 0,  4,  6,  7,  8, 18, 21, 24, 26, 28, 32, 33, 34, 35] > [ 1,  2,  3,  5, 19, 20, 22, 23, 25, 27, 29, 30, 31, 38]
    W3: [ 0, 10, 11, 16, 17, 19, 20, 24, 26, 29, 35, 38, 39, 40, 41] > [ 1,  2,  6,  7,  8,  9, 15, 18, 25, 28, 30, 31, 32, 33, 34]
    W4: [ 0,  2,  5,  6, 14, 15, 17, 26, 29, 32, 34, 35, 38, 39, 42] < [ 3,  8,  9, 11, 12, 18, 20, 21, 23, 24, 30, 31, 33, 37, 41]
    Truth table row=[>, >, >, >, <] ix=240 result=[2-] is correct

Test 2+:
    W0: [ 0,  4,  6,  7,  8, 10, 11, 15, 19, 20, 22, 23, 25, 28, 29, 30, 32, 33] < [ 1,  2,  3,  5,  9, 12, 13, 14, 16, 17, 18, 21, 24, 26, 27, 31, 34, 35]
    W1: [ 0,  4,  6,  7,  8, 10, 11, 15, 19, 20, 22, 23, 25, 31, 34, 35, 37] < [ 1,  2,  3,  5,  9, 12, 13, 14, 16, 17, 18, 21, 24, 26, 32, 33, 36]
    W2: [ 0,  4,  6,  7,  8, 18, 21, 24, 26, 28, 32, 33, 34, 35] < [ 1,  2,  3,  5, 19, 20, 22, 23, 25, 27, 29, 30, 31, 38]
    W3: [ 0, 10, 11, 16, 17, 19, 20, 24, 26, 29, 35, 38, 39, 40, 41] < [ 1,  2,  6,  7,  8,  9, 15, 18, 25, 28, 30, 31, 32, 33, 34]
    W4: [ 0,  2,  5,  6, 14, 15, 17, 26, 29, 32, 34, 35, 38, 39, 42] > [ 3,  8,  9, 11, 12, 18, 20, 21, 23, 24, 30, 31, 33, 37, 41]
    Truth table row=[<, <, <, <, >] ix=2 result=[2+] is correct

Test 3-:
    W0: [ 0,  4,  6,  7,  8, 10, 11, 15, 19, 20, 22, 23, 25, 28, 29, 30, 32, 33] > [ 1,  2,  3,  5,  9, 12, 13, 14, 16, 17, 18, 21, 24, 26, 27, 31, 34, 35]
    W1: [ 0,  4,  6,  7,  8, 10, 11, 15, 19, 20, 22, 23, 25, 31, 34, 35, 37] > [ 1,  2,  3,  5,  9, 12, 13, 14, 16, 17, 18, 21, 24, 26, 32, 33, 36]
    W2: [ 0,  4,  6,  7,  8, 18, 21, 24, 26, 28, 32, 33, 34, 35] > [ 1,  2,  3,  5, 19, 20, 22, 23, 25, 27, 29, 30, 31, 38]
    W3: [ 0, 10, 11, 16, 17, 19, 20, 24, 26, 29, 35, 38, 39, 40, 41] = [ 1,  2,  6,  7,  8,  9, 15, 18, 25, 28, 30, 31, 32, 33, 34]
    W4: [ 0,  2,  5,  6, 14, 15, 17, 26, 29, 32, 34, 35, 38, 39, 42] > [ 3,  8,  9, 11, 12, 18, 20, 21, 23, 24, 30, 31, 33, 37, 41]
    Truth table row=[>, >, >, =, >] ix=239 result=[3-] is correct

Test 3+:
    W0: [ 0,  4,  6,  7,  8, 10, 11, 15, 19, 20, 22, 23, 25, 28, 29, 30, 32, 33] < [ 1,  2,  3,  5,  9, 12, 13, 14, 16, 17, 18, 21, 24, 26, 27, 31, 34, 35]
    W1: [ 0,  4,  6,  7,  8, 10, 11, 15, 19, 20, 22, 23, 25, 31, 34, 35, 37] < [ 1,  2,  3,  5,  9, 12, 13, 14, 16, 17, 18, 21, 24, 26, 32, 33, 36]
    W2: [ 0,  4,  6,  7,  8, 18, 21, 24, 26, 28, 32, 33, 34, 35] < [ 1,  2,  3,  5, 19, 20, 22, 23, 25, 27, 29, 30, 31, 38]
    W3: [ 0, 10, 11, 16, 17, 19, 20, 24, 26, 29, 35, 38, 39, 40, 41] = [ 1,  2,  6,  7,  8,  9, 15, 18, 25, 28, 30, 31, 32, 33, 34]
    W4: [ 0,  2,  5,  6, 14, 15, 17, 26, 29, 32, 34, 35, 38, 39, 42] < [ 3,  8,  9, 11, 12, 18, 20, 21, 23, 24, 30, 31, 33, 37, 41]
    Truth table row=[<, <, <, =, <] ix=3 result=[3+] is correct

Test 4-:
    W0: [ 0,  4,  6,  7,  8, 10, 11, 15, 19, 20, 22, 23, 25, 28, 29, 30, 32, 33] < [ 1,  2,  3,  5,  9, 12, 13, 14, 16, 17, 18, 21, 24, 26, 27, 31, 34, 35]
    W1: [ 0,  4,  6,  7,  8, 10, 11, 15, 19, 20, 22, 23, 25, 31, 34, 35, 37] < [ 1,  2,  3,  5,  9, 12, 13, 14, 16, 17, 18, 21, 24, 26, 32, 33, 36]
    W2: [ 0,  4,  6,  7,  8, 18, 21, 24, 26, 28, 32, 33, 34, 35] < [ 1,  2,  3,  5, 19, 20, 22, 23, 25, 27, 29, 30, 31, 38]
    W3: [ 0, 10, 11, 16, 17, 19, 20, 24, 26, 29, 35, 38, 39, 40, 41] = [ 1,  2,  6,  7,  8,  9, 15, 18, 25, 28, 30, 31, 32, 33, 34]
    W4: [ 0,  2,  5,  6, 14, 15, 17, 26, 29, 32, 34, 35, 38, 39, 42] = [ 3,  8,  9, 11, 12, 18, 20, 21, 23, 24, 30, 31, 33, 37, 41]
    Truth table row=[<, <, <, =, =] ix=4 result=[4-] is correct

Test 4+:
    W0: [ 0,  4,  6,  7,  8, 10, 11, 15, 19, 20, 22, 23, 25, 28, 29, 30, 32, 33] > [ 1,  2,  3,  5,  9, 12, 13, 14, 16, 17, 18, 21, 24, 26, 27, 31, 34, 35]
    W1: [ 0,  4,  6,  7,  8, 10, 11, 15, 19, 20, 22, 23, 25, 31, 34, 35, 37] > [ 1,  2,  3,  5,  9, 12, 13, 14, 16, 17, 18, 21, 24, 26, 32, 33, 36]
    W2: [ 0,  4,  6,  7,  8, 18, 21, 24, 26, 28, 32, 33, 34, 35] > [ 1,  2,  3,  5, 19, 20, 22, 23, 25, 27, 29, 30, 31, 38]
    W3: [ 0, 10, 11, 16, 17, 19, 20, 24, 26, 29, 35, 38, 39, 40, 41] = [ 1,  2,  6,  7,  8,  9, 15, 18, 25, 28, 30, 31, 32, 33, 34]
    W4: [ 0,  2,  5,  6, 14, 15, 17, 26, 29, 32, 34, 35, 38, 39, 42] = [ 3,  8,  9, 11, 12, 18, 20, 21, 23, 24, 30, 31, 33, 37, 41]
    Truth table row=[>, >, >, =, =] ix=238 result=[4+] is correct

Test 5-:
    W0: [ 0,  4,  6,  7,  8, 10, 11, 15, 19, 20, 22, 23, 25, 28, 29, 30, 32, 33] > [ 1,  2,  3,  5,  9, 12, 13, 14, 16, 17, 18, 21, 24, 26, 27, 31, 34, 35]
    W1: [ 0,  4,  6,  7,  8, 10, 11, 15, 19, 20, 22, 23, 25, 31, 34, 35, 37] > [ 1,  2,  3,  5,  9, 12, 13, 14, 16, 17, 18, 21, 24, 26, 32, 33, 36]
    W2: [ 0,  4,  6,  7,  8, 18, 21, 24, 26, 28, 32, 33, 34, 35] > [ 1,  2,  3,  5, 19, 20, 22, 23, 25, 27, 29, 30, 31, 38]
    W3: [ 0, 10, 11, 16, 17, 19, 20, 24, 26, 29, 35, 38, 39, 40, 41] = [ 1,  2,  6,  7,  8,  9, 15, 18, 25, 28, 30, 31, 32, 33, 34]
    W4: [ 0,  2,  5,  6, 14, 15, 17, 26, 29, 32, 34, 35, 38, 39, 42] < [ 3,  8,  9, 11, 12, 18, 20, 21, 23, 24, 30, 31, 33, 37, 41]
    Truth table row=[>, >, >, =, <] ix=237 result=[5-] is correct

Test 5+:
    W0: [ 0,  4,  6,  7,  8, 10, 11, 15, 19, 20, 22, 23, 25, 28, 29, 30, 32, 33] < [ 1,  2,  3,  5,  9, 12, 13, 14, 16, 17, 18, 21, 24, 26, 27, 31, 34, 35]
    W1: [ 0,  4,  6,  7,  8, 10, 11, 15, 19, 20, 22, 23, 25, 31, 34, 35, 37] < [ 1,  2,  3,  5,  9, 12, 13, 14, 16, 17, 18, 21, 24, 26, 32, 33, 36]
    W2: [ 0,  4,  6,  7,  8, 18, 21, 24, 26, 28, 32, 33, 34, 35] < [ 1,  2,  3,  5, 19, 20, 22, 23, 25, 27, 29, 30, 31, 38]
    W3: [ 0, 10, 11, 16, 17, 19, 20, 24, 26, 29, 35, 38, 39, 40, 41] = [ 1,  2,  6,  7,  8,  9, 15, 18, 25, 28, 30, 31, 32, 33, 34]
    W4: [ 0,  2,  5,  6, 14, 15, 17, 26, 29, 32, 34, 35, 38, 39, 42] > [ 3,  8,  9, 11, 12, 18, 20, 21, 23, 24, 30, 31, 33, 37, 41]
    Truth table row=[<, <, <, =, >] ix=5 result=[5+] is correct

Test 6-:
    W0: [ 0,  4,  6,  7,  8, 10, 11, 15, 19, 20, 22, 23, 25, 28, 29, 30, 32, 33] < [ 1,  2,  3,  5,  9, 12, 13, 14, 16, 17, 18, 21, 24, 26, 27, 31, 34, 35]
    W1: [ 0,  4,  6,  7,  8, 10, 11, 15, 19, 20, 22, 23, 25, 31, 34, 35, 37] < [ 1,  2,  3,  5,  9, 12, 13, 14, 16, 17, 18, 21, 24, 26, 32, 33, 36]
    W2: [ 0,  4,  6,  7,  8, 18, 21, 24, 26, 28, 32, 33, 34, 35] < [ 1,  2,  3,  5, 19, 20, 22, 23, 25, 27, 29, 30, 31, 38]
    W3: [ 0, 10, 11, 16, 17, 19, 20, 24, 26, 29, 35, 38, 39, 40, 41] > [ 1,  2,  6,  7,  8,  9, 15, 18, 25, 28, 30, 31, 32, 33, 34]
    W4: [ 0,  2,  5,  6, 14, 15, 17, 26, 29, 32, 34, 35, 38, 39, 42] < [ 3,  8,  9, 11, 12, 18, 20, 21, 23, 24, 30, 31, 33, 37, 41]
    Truth table row=[<, <, <, >, <] ix=6 result=[6-] is correct

Test 6+:
    W0: [ 0,  4,  6,  7,  8, 10, 11, 15, 19, 20, 22, 23, 25, 28, 29, 30, 32, 33] > [ 1,  2,  3,  5,  9, 12, 13, 14, 16, 17, 18, 21, 24, 26, 27, 31, 34, 35]
    W1: [ 0,  4,  6,  7,  8, 10, 11, 15, 19, 20, 22, 23, 25, 31, 34, 35, 37] > [ 1,  2,  3,  5,  9, 12, 13, 14, 16, 17, 18, 21, 24, 26, 32, 33, 36]
    W2: [ 0,  4,  6,  7,  8, 18, 21, 24, 26, 28, 32, 33, 34, 35] > [ 1,  2,  3,  5, 19, 20, 22, 23, 25, 27, 29, 30, 31, 38]
    W3: [ 0, 10, 11, 16, 17, 19, 20, 24, 26, 29, 35, 38, 39, 40, 41] < [ 1,  2,  6,  7,  8,  9, 15, 18, 25, 28, 30, 31, 32, 33, 34]
    W4: [ 0,  2,  5,  6, 14, 15, 17, 26, 29, 32, 34, 35, 38, 39, 42] > [ 3,  8,  9, 11, 12, 18, 20, 21, 23, 24, 30, 31, 33, 37, 41]
    Truth table row=[>, >, >, <, >] ix=236 result=[6+] is correct

Test 7-:
    W0: [ 0,  4,  6,  7,  8, 10, 11, 15, 19, 20, 22, 23, 25, 28, 29, 30, 32, 33] < [ 1,  2,  3,  5,  9, 12, 13, 14, 16, 17, 18, 21, 24, 26, 27, 31, 34, 35]
    W1: [ 0,  4,  6,  7,  8, 10, 11, 15, 19, 20, 22, 23, 25, 31, 34, 35, 37] < [ 1,  2,  3,  5,  9, 12, 13, 14, 16, 17, 18, 21, 24, 26, 32, 33, 36]
    W2: [ 0,  4,  6,  7,  8, 18, 21, 24, 26, 28, 32, 33, 34, 35] < [ 1,  2,  3,  5, 19, 20, 22, 23, 25, 27, 29, 30, 31, 38]
    W3: [ 0, 10, 11, 16, 17, 19, 20, 24, 26, 29, 35, 38, 39, 40, 41] > [ 1,  2,  6,  7,  8,  9, 15, 18, 25, 28, 30, 31, 32, 33, 34]
    W4: [ 0,  2,  5,  6, 14, 15, 17, 26, 29, 32, 34, 35, 38, 39, 42] = [ 3,  8,  9, 11, 12, 18, 20, 21, 23, 24, 30, 31, 33, 37, 41]
    Truth table row=[<, <, <, >, =] ix=7 result=[7-] is correct

Test 7+:
    W0: [ 0,  4,  6,  7,  8, 10, 11, 15, 19, 20, 22, 23, 25, 28, 29, 30, 32, 33] > [ 1,  2,  3,  5,  9, 12, 13, 14, 16, 17, 18, 21, 24, 26, 27, 31, 34, 35]
    W1: [ 0,  4,  6,  7,  8, 10, 11, 15, 19, 20, 22, 23, 25, 31, 34, 35, 37] > [ 1,  2,  3,  5,  9, 12, 13, 14, 16, 17, 18, 21, 24, 26, 32, 33, 36]
    W2: [ 0,  4,  6,  7,  8, 18, 21, 24, 26, 28, 32, 33, 34, 35] > [ 1,  2,  3,  5, 19, 20, 22, 23, 25, 27, 29, 30, 31, 38]
    W3: [ 0, 10, 11, 16, 17, 19, 20, 24, 26, 29, 35, 38, 39, 40, 41] < [ 1,  2,  6,  7,  8,  9, 15, 18, 25, 28, 30, 31, 32, 33, 34]
    W4: [ 0,  2,  5,  6, 14, 15, 17, 26, 29, 32, 34, 35, 38, 39, 42] = [ 3,  8,  9, 11, 12, 18, 20, 21, 23, 24, 30, 31, 33, 37, 41]
    Truth table row=[>, >, >, <, =] ix=235 result=[7+] is correct

Test 8-:
    W0: [ 0,  4,  6,  7,  8, 10, 11, 15, 19, 20, 22, 23, 25, 28, 29, 30, 32, 33] < [ 1,  2,  3,  5,  9, 12, 13, 14, 16, 17, 18, 21, 24, 26, 27, 31, 34, 35]
    W1: [ 0,  4,  6,  7,  8, 10, 11, 15, 19, 20, 22, 23, 25, 31, 34, 35, 37] < [ 1,  2,  3,  5,  9, 12, 13, 14, 16, 17, 18, 21, 24, 26, 32, 33, 36]
    W2: [ 0,  4,  6,  7,  8, 18, 21, 24, 26, 28, 32, 33, 34, 35] < [ 1,  2,  3,  5, 19, 20, 22, 23, 25, 27, 29, 30, 31, 38]
    W3: [ 0, 10, 11, 16, 17, 19, 20, 24, 26, 29, 35, 38, 39, 40, 41] > [ 1,  2,  6,  7,  8,  9, 15, 18, 25, 28, 30, 31, 32, 33, 34]
    W4: [ 0,  2,  5,  6, 14, 15, 17, 26, 29, 32, 34, 35, 38, 39, 42] > [ 3,  8,  9, 11, 12, 18, 20, 21, 23, 24, 30, 31, 33, 37, 41]
    Truth table row=[<, <, <, >, >] ix=8 result=[8-] is correct

Test 8+:
    W0: [ 0,  4,  6,  7,  8, 10, 11, 15, 19, 20, 22, 23, 25, 28, 29, 30, 32, 33] > [ 1,  2,  3,  5,  9, 12, 13, 14, 16, 17, 18, 21, 24, 26, 27, 31, 34, 35]
    W1: [ 0,  4,  6,  7,  8, 10, 11, 15, 19, 20, 22, 23, 25, 31, 34, 35, 37] > [ 1,  2,  3,  5,  9, 12, 13, 14, 16, 17, 18, 21, 24, 26, 32, 33, 36]
    W2: [ 0,  4,  6,  7,  8, 18, 21, 24, 26, 28, 32, 33, 34, 35] > [ 1,  2,  3,  5, 19, 20, 22, 23, 25, 27, 29, 30, 31, 38]
    W3: [ 0, 10, 11, 16, 17, 19, 20, 24, 26, 29, 35, 38, 39, 40, 41] < [ 1,  2,  6,  7,  8,  9, 15, 18, 25, 28, 30, 31, 32, 33, 34]
    W4: [ 0,  2,  5,  6, 14, 15, 17, 26, 29, 32, 34, 35, 38, 39, 42] < [ 3,  8,  9, 11, 12, 18, 20, 21, 23, 24, 30, 31, 33, 37, 41]
    Truth table row=[>, >, >, <, <] ix=234 result=[8+] is correct

Test 9-:
    W0: [ 0,  4,  6,  7,  8, 10, 11, 15, 19, 20, 22, 23, 25, 28, 29, 30, 32, 33] > [ 1,  2,  3,  5,  9, 12, 13, 14, 16, 17, 18, 21, 24, 26, 27, 31, 34, 35]
    W1: [ 0,  4,  6,  7,  8, 10, 11, 15, 19, 20, 22, 23, 25, 31, 34, 35, 37] > [ 1,  2,  3,  5,  9, 12, 13, 14, 16, 17, 18, 21, 24, 26, 32, 33, 36]
    W2: [ 0,  4,  6,  7,  8, 18, 21, 24, 26, 28, 32, 33, 34, 35] = [ 1,  2,  3,  5, 19, 20, 22, 23, 25, 27, 29, 30, 31, 38]
    W3: [ 0, 10, 11, 16, 17, 19, 20, 24, 26, 29, 35, 38, 39, 40, 41] > [ 1,  2,  6,  7,  8,  9, 15, 18, 25, 28, 30, 31, 32, 33, 34]
    W4: [ 0,  2,  5,  6, 14, 15, 17, 26, 29, 32, 34, 35, 38, 39, 42] > [ 3,  8,  9, 11, 12, 18, 20, 21, 23, 24, 30, 31, 33, 37, 41]
    Truth table row=[>, >, =, >, >] ix=233 result=[9-] is correct

Test 9+:
    W0: [ 0,  4,  6,  7,  8, 10, 11, 15, 19, 20, 22, 23, 25, 28, 29, 30, 32, 33] < [ 1,  2,  3,  5,  9, 12, 13, 14, 16, 17, 18, 21, 24, 26, 27, 31, 34, 35]
    W1: [ 0,  4,  6,  7,  8, 10, 11, 15, 19, 20, 22, 23, 25, 31, 34, 35, 37] < [ 1,  2,  3,  5,  9, 12, 13, 14, 16, 17, 18, 21, 24, 26, 32, 33, 36]
    W2: [ 0,  4,  6,  7,  8, 18, 21, 24, 26, 28, 32, 33, 34, 35] = [ 1,  2,  3,  5, 19, 20, 22, 23, 25, 27, 29, 30, 31, 38]
    W3: [ 0, 10, 11, 16, 17, 19, 20, 24, 26, 29, 35, 38, 39, 40, 41] < [ 1,  2,  6,  7,  8,  9, 15, 18, 25, 28, 30, 31, 32, 33, 34]
    W4: [ 0,  2,  5,  6, 14, 15, 17, 26, 29, 32, 34, 35, 38, 39, 42] < [ 3,  8,  9, 11, 12, 18, 20, 21, 23, 24, 30, 31, 33, 37, 41]
    Truth table row=[<, <, =, <, <] ix=9 result=[9+] is correct

Test 10-:
    W0: [ 0,  4,  6,  7,  8, 10, 11, 15, 19, 20, 22, 23, 25, 28, 29, 30, 32, 33] < [ 1,  2,  3,  5,  9, 12, 13, 14, 16, 17, 18, 21, 24, 26, 27, 31, 34, 35]
    W1: [ 0,  4,  6,  7,  8, 10, 11, 15, 19, 20, 22, 23, 25, 31, 34, 35, 37] < [ 1,  2,  3,  5,  9, 12, 13, 14, 16, 17, 18, 21, 24, 26, 32, 33, 36]
    W2: [ 0,  4,  6,  7,  8, 18, 21, 24, 26, 28, 32, 33, 34, 35] = [ 1,  2,  3,  5, 19, 20, 22, 23, 25, 27, 29, 30, 31, 38]
    W3: [ 0, 10, 11, 16, 17, 19, 20, 24, 26, 29, 35, 38, 39, 40, 41] < [ 1,  2,  6,  7,  8,  9, 15, 18, 25, 28, 30, 31, 32, 33, 34]
    W4: [ 0,  2,  5,  6, 14, 15, 17, 26, 29, 32, 34, 35, 38, 39, 42] = [ 3,  8,  9, 11, 12, 18, 20, 21, 23, 24, 30, 31, 33, 37, 41]
    Truth table row=[<, <, =, <, =] ix=10 result=[10-] is correct

Test 10+:
    W0: [ 0,  4,  6,  7,  8, 10, 11, 15, 19, 20, 22, 23, 25, 28, 29, 30, 32, 33] > [ 1,  2,  3,  5,  9, 12, 13, 14, 16, 17, 18, 21, 24, 26, 27, 31, 34, 35]
    W1: [ 0,  4,  6,  7,  8, 10, 11, 15, 19, 20, 22, 23, 25, 31, 34, 35, 37] > [ 1,  2,  3,  5,  9, 12, 13, 14, 16, 17, 18, 21, 24, 26, 32, 33, 36]
    W2: [ 0,  4,  6,  7,  8, 18, 21, 24, 26, 28, 32, 33, 34, 35] = [ 1,  2,  3,  5, 19, 20, 22, 23, 25, 27, 29, 30, 31, 38]
    W3: [ 0, 10, 11, 16, 17, 19, 20, 24, 26, 29, 35, 38, 39, 40, 41] > [ 1,  2,  6,  7,  8,  9, 15, 18, 25, 28, 30, 31, 32, 33, 34]
    W4: [ 0,  2,  5,  6, 14, 15, 17, 26, 29, 32, 34, 35, 38, 39, 42] = [ 3,  8,  9, 11, 12, 18, 20, 21, 23, 24, 30, 31, 33, 37, 41]
    Truth table row=[>, >, =, >, =] ix=232 result=[10+] is correct

Test 11-:
    W0: [ 0,  4,  6,  7,  8, 10, 11, 15, 19, 20, 22, 23, 25, 28, 29, 30, 32, 33] < [ 1,  2,  3,  5,  9, 12, 13, 14, 16, 17, 18, 21, 24, 26, 27, 31, 34, 35]
    W1: [ 0,  4,  6,  7,  8, 10, 11, 15, 19, 20, 22, 23, 25, 31, 34, 35, 37] < [ 1,  2,  3,  5,  9, 12, 13, 14, 16, 17, 18, 21, 24, 26, 32, 33, 36]
    W2: [ 0,  4,  6,  7,  8, 18, 21, 24, 26, 28, 32, 33, 34, 35] = [ 1,  2,  3,  5, 19, 20, 22, 23, 25, 27, 29, 30, 31, 38]
    W3: [ 0, 10, 11, 16, 17, 19, 20, 24, 26, 29, 35, 38, 39, 40, 41] < [ 1,  2,  6,  7,  8,  9, 15, 18, 25, 28, 30, 31, 32, 33, 34]
    W4: [ 0,  2,  5,  6, 14, 15, 17, 26, 29, 32, 34, 35, 38, 39, 42] > [ 3,  8,  9, 11, 12, 18, 20, 21, 23, 24, 30, 31, 33, 37, 41]
    Truth table row=[<, <, =, <, >] ix=11 result=[11-] is correct

Test 11+:
    W0: [ 0,  4,  6,  7,  8, 10, 11, 15, 19, 20, 22, 23, 25, 28, 29, 30, 32, 33] > [ 1,  2,  3,  5,  9, 12, 13, 14, 16, 17, 18, 21, 24, 26, 27, 31, 34, 35]
    W1: [ 0,  4,  6,  7,  8, 10, 11, 15, 19, 20, 22, 23, 25, 31, 34, 35, 37] > [ 1,  2,  3,  5,  9, 12, 13, 14, 16, 17, 18, 21, 24, 26, 32, 33, 36]
    W2: [ 0,  4,  6,  7,  8, 18, 21, 24, 26, 28, 32, 33, 34, 35] = [ 1,  2,  3,  5, 19, 20, 22, 23, 25, 27, 29, 30, 31, 38]
    W3: [ 0, 10, 11, 16, 17, 19, 20, 24, 26, 29, 35, 38, 39, 40, 41] > [ 1,  2,  6,  7,  8,  9, 15, 18, 25, 28, 30, 31, 32, 33, 34]
    W4: [ 0,  2,  5,  6, 14, 15, 17, 26, 29, 32, 34, 35, 38, 39, 42] < [ 3,  8,  9, 11, 12, 18, 20, 21, 23, 24, 30, 31, 33, 37, 41]
    Truth table row=[>, >, =, >, <] ix=231 result=[11+] is correct

Test 12-:
    W0: [ 0,  4,  6,  7,  8, 10, 11, 15, 19, 20, 22, 23, 25, 28, 29, 30, 32, 33] > [ 1,  2,  3,  5,  9, 12, 13, 14, 16, 17, 18, 21, 24, 26, 27, 31, 34, 35]
    W1: [ 0,  4,  6,  7,  8, 10, 11, 15, 19, 20, 22, 23, 25, 31, 34, 35, 37] > [ 1,  2,  3,  5,  9, 12, 13, 14, 16, 17, 18, 21, 24, 26, 32, 33, 36]
    W2: [ 0,  4,  6,  7,  8, 18, 21, 24, 26, 28, 32, 33, 34, 35] = [ 1,  2,  3,  5, 19, 20, 22, 23, 25, 27, 29, 30, 31, 38]
    W3: [ 0, 10, 11, 16, 17, 19, 20, 24, 26, 29, 35, 38, 39, 40, 41] = [ 1,  2,  6,  7,  8,  9, 15, 18, 25, 28, 30, 31, 32, 33, 34]
    W4: [ 0,  2,  5,  6, 14, 15, 17, 26, 29, 32, 34, 35, 38, 39, 42] > [ 3,  8,  9, 11, 12, 18, 20, 21, 23, 24, 30, 31, 33, 37, 41]
    Truth table row=[>, >, =, =, >] ix=230 result=[12-] is correct

Test 12+:
    W0: [ 0,  4,  6,  7,  8, 10, 11, 15, 19, 20, 22, 23, 25, 28, 29, 30, 32, 33] < [ 1,  2,  3,  5,  9, 12, 13, 14, 16, 17, 18, 21, 24, 26, 27, 31, 34, 35]
    W1: [ 0,  4,  6,  7,  8, 10, 11, 15, 19, 20, 22, 23, 25, 31, 34, 35, 37] < [ 1,  2,  3,  5,  9, 12, 13, 14, 16, 17, 18, 21, 24, 26, 32, 33, 36]
    W2: [ 0,  4,  6,  7,  8, 18, 21, 24, 26, 28, 32, 33, 34, 35] = [ 1,  2,  3,  5, 19, 20, 22, 23, 25, 27, 29, 30, 31, 38]
    W3: [ 0, 10, 11, 16, 17, 19, 20, 24, 26, 29, 35, 38, 39, 40, 41] = [ 1,  2,  6,  7,  8,  9, 15, 18, 25, 28, 30, 31, 32, 33, 34]
    W4: [ 0,  2,  5,  6, 14, 15, 17, 26, 29, 32, 34, 35, 38, 39, 42] < [ 3,  8,  9, 11, 12, 18, 20, 21, 23, 24, 30, 31, 33, 37, 41]
    Truth table row=[<, <, =, =, <] ix=12 result=[12+] is correct

Test 13-:
    W0: [ 0,  4,  6,  7,  8, 10, 11, 15, 19, 20, 22, 23, 25, 28, 29, 30, 32, 33] > [ 1,  2,  3,  5,  9, 12, 13, 14, 16, 17, 18, 21, 24, 26, 27, 31, 34, 35]
    W1: [ 0,  4,  6,  7,  8, 10, 11, 15, 19, 20, 22, 23, 25, 31, 34, 35, 37] > [ 1,  2,  3,  5,  9, 12, 13, 14, 16, 17, 18, 21, 24, 26, 32, 33, 36]
    W2: [ 0,  4,  6,  7,  8, 18, 21, 24, 26, 28, 32, 33, 34, 35] = [ 1,  2,  3,  5, 19, 20, 22, 23, 25, 27, 29, 30, 31, 38]
    W3: [ 0, 10, 11, 16, 17, 19, 20, 24, 26, 29, 35, 38, 39, 40, 41] = [ 1,  2,  6,  7,  8,  9, 15, 18, 25, 28, 30, 31, 32, 33, 34]
    W4: [ 0,  2,  5,  6, 14, 15, 17, 26, 29, 32, 34, 35, 38, 39, 42] = [ 3,  8,  9, 11, 12, 18, 20, 21, 23, 24, 30, 31, 33, 37, 41]
    Truth table row=[>, >, =, =, =] ix=229 result=[13-] is correct

Test 13+:
    W0: [ 0,  4,  6,  7,  8, 10, 11, 15, 19, 20, 22, 23, 25, 28, 29, 30, 32, 33] < [ 1,  2,  3,  5,  9, 12, 13, 14, 16, 17, 18, 21, 24, 26, 27, 31, 34, 35]
    W1: [ 0,  4,  6,  7,  8, 10, 11, 15, 19, 20, 22, 23, 25, 31, 34, 35, 37] < [ 1,  2,  3,  5,  9, 12, 13, 14, 16, 17, 18, 21, 24, 26, 32, 33, 36]
    W2: [ 0,  4,  6,  7,  8, 18, 21, 24, 26, 28, 32, 33, 34, 35] = [ 1,  2,  3,  5, 19, 20, 22, 23, 25, 27, 29, 30, 31, 38]
    W3: [ 0, 10, 11, 16, 17, 19, 20, 24, 26, 29, 35, 38, 39, 40, 41] = [ 1,  2,  6,  7,  8,  9, 15, 18, 25, 28, 30, 31, 32, 33, 34]
    W4: [ 0,  2,  5,  6, 14, 15, 17, 26, 29, 32, 34, 35, 38, 39, 42] = [ 3,  8,  9, 11, 12, 18, 20, 21, 23, 24, 30, 31, 33, 37, 41]
    Truth table row=[<, <, =, =, =] ix=13 result=[13+] is correct

Test 14-:
    W0: [ 0,  4,  6,  7,  8, 10, 11, 15, 19, 20, 22, 23, 25, 28, 29, 30, 32, 33] > [ 1,  2,  3,  5,  9, 12, 13, 14, 16, 17, 18, 21, 24, 26, 27, 31, 34, 35]
    W1: [ 0,  4,  6,  7,  8, 10, 11, 15, 19, 20, 22, 23, 25, 31, 34, 35, 37] > [ 1,  2,  3,  5,  9, 12, 13, 14, 16, 17, 18, 21, 24, 26, 32, 33, 36]
    W2: [ 0,  4,  6,  7,  8, 18, 21, 24, 26, 28, 32, 33, 34, 35] = [ 1,  2,  3,  5, 19, 20, 22, 23, 25, 27, 29, 30, 31, 38]
    W3: [ 0, 10, 11, 16, 17, 19, 20, 24, 26, 29, 35, 38, 39, 40, 41] = [ 1,  2,  6,  7,  8,  9, 15, 18, 25, 28, 30, 31, 32, 33, 34]
    W4: [ 0,  2,  5,  6, 14, 15, 17, 26, 29, 32, 34, 35, 38, 39, 42] < [ 3,  8,  9, 11, 12, 18, 20, 21, 23, 24, 30, 31, 33, 37, 41]
    Truth table row=[>, >, =, =, <] ix=228 result=[14-] is correct

Test 14+:
    W0: [ 0,  4,  6,  7,  8, 10, 11, 15, 19, 20, 22, 23, 25, 28, 29, 30, 32, 33] < [ 1,  2,  3,  5,  9, 12, 13, 14, 16, 17, 18, 21, 24, 26, 27, 31, 34, 35]
    W1: [ 0,  4,  6,  7,  8, 10, 11, 15, 19, 20, 22, 23, 25, 31, 34, 35, 37] < [ 1,  2,  3,  5,  9, 12, 13, 14, 16, 17, 18, 21, 24, 26, 32, 33, 36]
    W2: [ 0,  4,  6,  7,  8, 18, 21, 24, 26, 28, 32, 33, 34, 35] = [ 1,  2,  3,  5, 19, 20, 22, 23, 25, 27, 29, 30, 31, 38]
    W3: [ 0, 10, 11, 16, 17, 19, 20, 24, 26, 29, 35, 38, 39, 40, 41] = [ 1,  2,  6,  7,  8,  9, 15, 18, 25, 28, 30, 31, 32, 33, 34]
    W4: [ 0,  2,  5,  6, 14, 15, 17, 26, 29, 32, 34, 35, 38, 39, 42] > [ 3,  8,  9, 11, 12, 18, 20, 21, 23, 24, 30, 31, 33, 37, 41]
    Truth table row=[<, <, =, =, >] ix=14 result=[14+] is correct

Test 15-:
    W0: [ 0,  4,  6,  7,  8, 10, 11, 15, 19, 20, 22, 23, 25, 28, 29, 30, 32, 33] < [ 1,  2,  3,  5,  9, 12, 13, 14, 16, 17, 18, 21, 24, 26, 27, 31, 34, 35]
    W1: [ 0,  4,  6,  7,  8, 10, 11, 15, 19, 20, 22, 23, 25, 31, 34, 35, 37] < [ 1,  2,  3,  5,  9, 12, 13, 14, 16, 17, 18, 21, 24, 26, 32, 33, 36]
    W2: [ 0,  4,  6,  7,  8, 18, 21, 24, 26, 28, 32, 33, 34, 35] = [ 1,  2,  3,  5, 19, 20, 22, 23, 25, 27, 29, 30, 31, 38]
    W3: [ 0, 10, 11, 16, 17, 19, 20, 24, 26, 29, 35, 38, 39, 40, 41] > [ 1,  2,  6,  7,  8,  9, 15, 18, 25, 28, 30, 31, 32, 33, 34]
    W4: [ 0,  2,  5,  6, 14, 15, 17, 26, 29, 32, 34, 35, 38, 39, 42] < [ 3,  8,  9, 11, 12, 18, 20, 21, 23, 24, 30, 31, 33, 37, 41]
    Truth table row=[<, <, =, >, <] ix=15 result=[15-] is correct

Test 15+:
    W0: [ 0,  4,  6,  7,  8, 10, 11, 15, 19, 20, 22, 23, 25, 28, 29, 30, 32, 33] > [ 1,  2,  3,  5,  9, 12, 13, 14, 16, 17, 18, 21, 24, 26, 27, 31, 34, 35]
    W1: [ 0,  4,  6,  7,  8, 10, 11, 15, 19, 20, 22, 23, 25, 31, 34, 35, 37] > [ 1,  2,  3,  5,  9, 12, 13, 14, 16, 17, 18, 21, 24, 26, 32, 33, 36]
    W2: [ 0,  4,  6,  7,  8, 18, 21, 24, 26, 28, 32, 33, 34, 35] = [ 1,  2,  3,  5, 19, 20, 22, 23, 25, 27, 29, 30, 31, 38]
    W3: [ 0, 10, 11, 16, 17, 19, 20, 24, 26, 29, 35, 38, 39, 40, 41] < [ 1,  2,  6,  7,  8,  9, 15, 18, 25, 28, 30, 31, 32, 33, 34]
    W4: [ 0,  2,  5,  6, 14, 15, 17, 26, 29, 32, 34, 35, 38, 39, 42] > [ 3,  8,  9, 11, 12, 18, 20, 21, 23, 24, 30, 31, 33, 37, 41]
    Truth table row=[>, >, =, <, >] ix=227 result=[15+] is correct

Test 16-:
    W0: [ 0,  4,  6,  7,  8, 10, 11, 15, 19, 20, 22, 23, 25, 28, 29, 30, 32, 33] > [ 1,  2,  3,  5,  9, 12, 13, 14, 16, 17, 18, 21, 24, 26, 27, 31, 34, 35]
    W1: [ 0,  4,  6,  7,  8, 10, 11, 15, 19, 20, 22, 23, 25, 31, 34, 35, 37] > [ 1,  2,  3,  5,  9, 12, 13, 14, 16, 17, 18, 21, 24, 26, 32, 33, 36]
    W2: [ 0,  4,  6,  7,  8, 18, 21, 24, 26, 28, 32, 33, 34, 35] = [ 1,  2,  3,  5, 19, 20, 22, 23, 25, 27, 29, 30, 31, 38]
    W3: [ 0, 10, 11, 16, 17, 19, 20, 24, 26, 29, 35, 38, 39, 40, 41] < [ 1,  2,  6,  7,  8,  9, 15, 18, 25, 28, 30, 31, 32, 33, 34]
    W4: [ 0,  2,  5,  6, 14, 15, 17, 26, 29, 32, 34, 35, 38, 39, 42] = [ 3,  8,  9, 11, 12, 18, 20, 21, 23, 24, 30, 31, 33, 37, 41]
    Truth table row=[>, >, =, <, =] ix=226 result=[16-] is correct

Test 16+:
    W0: [ 0,  4,  6,  7,  8, 10, 11, 15, 19, 20, 22, 23, 25, 28, 29, 30, 32, 33] < [ 1,  2,  3,  5,  9, 12, 13, 14, 16, 17, 18, 21, 24, 26, 27, 31, 34, 35]
    W1: [ 0,  4,  6,  7,  8, 10, 11, 15, 19, 20, 22, 23, 25, 31, 34, 35, 37] < [ 1,  2,  3,  5,  9, 12, 13, 14, 16, 17, 18, 21, 24, 26, 32, 33, 36]
    W2: [ 0,  4,  6,  7,  8, 18, 21, 24, 26, 28, 32, 33, 34, 35] = [ 1,  2,  3,  5, 19, 20, 22, 23, 25, 27, 29, 30, 31, 38]
    W3: [ 0, 10, 11, 16, 17, 19, 20, 24, 26, 29, 35, 38, 39, 40, 41] > [ 1,  2,  6,  7,  8,  9, 15, 18, 25, 28, 30, 31, 32, 33, 34]
    W4: [ 0,  2,  5,  6, 14, 15, 17, 26, 29, 32, 34, 35, 38, 39, 42] = [ 3,  8,  9, 11, 12, 18, 20, 21, 23, 24, 30, 31, 33, 37, 41]
    Truth table row=[<, <, =, >, =] ix=16 result=[16+] is correct

Test 17-:
    W0: [ 0,  4,  6,  7,  8, 10, 11, 15, 19, 20, 22, 23, 25, 28, 29, 30, 32, 33] > [ 1,  2,  3,  5,  9, 12, 13, 14, 16, 17, 18, 21, 24, 26, 27, 31, 34, 35]
    W1: [ 0,  4,  6,  7,  8, 10, 11, 15, 19, 20, 22, 23, 25, 31, 34, 35, 37] > [ 1,  2,  3,  5,  9, 12, 13, 14, 16, 17, 18, 21, 24, 26, 32, 33, 36]
    W2: [ 0,  4,  6,  7,  8, 18, 21, 24, 26, 28, 32, 33, 34, 35] = [ 1,  2,  3,  5, 19, 20, 22, 23, 25, 27, 29, 30, 31, 38]
    W3: [ 0, 10, 11, 16, 17, 19, 20, 24, 26, 29, 35, 38, 39, 40, 41] < [ 1,  2,  6,  7,  8,  9, 15, 18, 25, 28, 30, 31, 32, 33, 34]
    W4: [ 0,  2,  5,  6, 14, 15, 17, 26, 29, 32, 34, 35, 38, 39, 42] < [ 3,  8,  9, 11, 12, 18, 20, 21, 23, 24, 30, 31, 33, 37, 41]
    Truth table row=[>, >, =, <, <] ix=225 result=[17-] is correct

Test 17+:
    W0: [ 0,  4,  6,  7,  8, 10, 11, 15, 19, 20, 22, 23, 25, 28, 29, 30, 32, 33] < [ 1,  2,  3,  5,  9, 12, 13, 14, 16, 17, 18, 21, 24, 26, 27, 31, 34, 35]
    W1: [ 0,  4,  6,  7,  8, 10, 11, 15, 19, 20, 22, 23, 25, 31, 34, 35, 37] < [ 1,  2,  3,  5,  9, 12, 13, 14, 16, 17, 18, 21, 24, 26, 32, 33, 36]
    W2: [ 0,  4,  6,  7,  8, 18, 21, 24, 26, 28, 32, 33, 34, 35] = [ 1,  2,  3,  5, 19, 20, 22, 23, 25, 27, 29, 30, 31, 38]
    W3: [ 0, 10, 11, 16, 17, 19, 20, 24, 26, 29, 35, 38, 39, 40, 41] > [ 1,  2,  6,  7,  8,  9, 15, 18, 25, 28, 30, 31, 32, 33, 34]
    W4: [ 0,  2,  5,  6, 14, 15, 17, 26, 29, 32, 34, 35, 38, 39, 42] > [ 3,  8,  9, 11, 12, 18, 20, 21, 23, 24, 30, 31, 33, 37, 41]
    Truth table row=[<, <, =, >, >] ix=17 result=[17+] is correct

Test 18-:
    W0: [ 0,  4,  6,  7,  8, 10, 11, 15, 19, 20, 22, 23, 25, 28, 29, 30, 32, 33] > [ 1,  2,  3,  5,  9, 12, 13, 14, 16, 17, 18, 21, 24, 26, 27, 31, 34, 35]
    W1: [ 0,  4,  6,  7,  8, 10, 11, 15, 19, 20, 22, 23, 25, 31, 34, 35, 37] > [ 1,  2,  3,  5,  9, 12, 13, 14, 16, 17, 18, 21, 24, 26, 32, 33, 36]
    W2: [ 0,  4,  6,  7,  8, 18, 21, 24, 26, 28, 32, 33, 34, 35] < [ 1,  2,  3,  5, 19, 20, 22, 23, 25, 27, 29, 30, 31, 38]
    W3: [ 0, 10, 11, 16, 17, 19, 20, 24, 26, 29, 35, 38, 39, 40, 41] > [ 1,  2,  6,  7,  8,  9, 15, 18, 25, 28, 30, 31, 32, 33, 34]
    W4: [ 0,  2,  5,  6, 14, 15, 17, 26, 29, 32, 34, 35, 38, 39, 42] > [ 3,  8,  9, 11, 12, 18, 20, 21, 23, 24, 30, 31, 33, 37, 41]
    Truth table row=[>, >, <, >, >] ix=224 result=[18-] is correct

Test 18+:
    W0: [ 0,  4,  6,  7,  8, 10, 11, 15, 19, 20, 22, 23, 25, 28, 29, 30, 32, 33] < [ 1,  2,  3,  5,  9, 12, 13, 14, 16, 17, 18, 21, 24, 26, 27, 31, 34, 35]
    W1: [ 0,  4,  6,  7,  8, 10, 11, 15, 19, 20, 22, 23, 25, 31, 34, 35, 37] < [ 1,  2,  3,  5,  9, 12, 13, 14, 16, 17, 18, 21, 24, 26, 32, 33, 36]
    W2: [ 0,  4,  6,  7,  8, 18, 21, 24, 26, 28, 32, 33, 34, 35] > [ 1,  2,  3,  5, 19, 20, 22, 23, 25, 27, 29, 30, 31, 38]
    W3: [ 0, 10, 11, 16, 17, 19, 20, 24, 26, 29, 35, 38, 39, 40, 41] < [ 1,  2,  6,  7,  8,  9, 15, 18, 25, 28, 30, 31, 32, 33, 34]
    W4: [ 0,  2,  5,  6, 14, 15, 17, 26, 29, 32, 34, 35, 38, 39, 42] < [ 3,  8,  9, 11, 12, 18, 20, 21, 23, 24, 30, 31, 33, 37, 41]
    Truth table row=[<, <, >, <, <] ix=18 result=[18+] is correct

Test 19-:
    W0: [ 0,  4,  6,  7,  8, 10, 11, 15, 19, 20, 22, 23, 25, 28, 29, 30, 32, 33] < [ 1,  2,  3,  5,  9, 12, 13, 14, 16, 17, 18, 21, 24, 26, 27, 31, 34, 35]
    W1: [ 0,  4,  6,  7,  8, 10, 11, 15, 19, 20, 22, 23, 25, 31, 34, 35, 37] < [ 1,  2,  3,  5,  9, 12, 13, 14, 16, 17, 18, 21, 24, 26, 32, 33, 36]
    W2: [ 0,  4,  6,  7,  8, 18, 21, 24, 26, 28, 32, 33, 34, 35] > [ 1,  2,  3,  5, 19, 20, 22, 23, 25, 27, 29, 30, 31, 38]
    W3: [ 0, 10, 11, 16, 17, 19, 20, 24, 26, 29, 35, 38, 39, 40, 41] < [ 1,  2,  6,  7,  8,  9, 15, 18, 25, 28, 30, 31, 32, 33, 34]
    W4: [ 0,  2,  5,  6, 14, 15, 17, 26, 29, 32, 34, 35, 38, 39, 42] = [ 3,  8,  9, 11, 12, 18, 20, 21, 23, 24, 30, 31, 33, 37, 41]
    Truth table row=[<, <, >, <, =] ix=19 result=[19-] is correct

Test 19+:
    W0: [ 0,  4,  6,  7,  8, 10, 11, 15, 19, 20, 22, 23, 25, 28, 29, 30, 32, 33] > [ 1,  2,  3,  5,  9, 12, 13, 14, 16, 17, 18, 21, 24, 26, 27, 31, 34, 35]
    W1: [ 0,  4,  6,  7,  8, 10, 11, 15, 19, 20, 22, 23, 25, 31, 34, 35, 37] > [ 1,  2,  3,  5,  9, 12, 13, 14, 16, 17, 18, 21, 24, 26, 32, 33, 36]
    W2: [ 0,  4,  6,  7,  8, 18, 21, 24, 26, 28, 32, 33, 34, 35] < [ 1,  2,  3,  5, 19, 20, 22, 23, 25, 27, 29, 30, 31, 38]
    W3: [ 0, 10, 11, 16, 17, 19, 20, 24, 26, 29, 35, 38, 39, 40, 41] > [ 1,  2,  6,  7,  8,  9, 15, 18, 25, 28, 30, 31, 32, 33, 34]
    W4: [ 0,  2,  5,  6, 14, 15, 17, 26, 29, 32, 34, 35, 38, 39, 42] = [ 3,  8,  9, 11, 12, 18, 20, 21, 23, 24, 30, 31, 33, 37, 41]
    Truth table row=[>, >, <, >, =] ix=223 result=[19+] is correct

Test 20-:
    W0: [ 0,  4,  6,  7,  8, 10, 11, 15, 19, 20, 22, 23, 25, 28, 29, 30, 32, 33] < [ 1,  2,  3,  5,  9, 12, 13, 14, 16, 17, 18, 21, 24, 26, 27, 31, 34, 35]
    W1: [ 0,  4,  6,  7,  8, 10, 11, 15, 19, 20, 22, 23, 25, 31, 34, 35, 37] < [ 1,  2,  3,  5,  9, 12, 13, 14, 16, 17, 18, 21, 24, 26, 32, 33, 36]
    W2: [ 0,  4,  6,  7,  8, 18, 21, 24, 26, 28, 32, 33, 34, 35] > [ 1,  2,  3,  5, 19, 20, 22, 23, 25, 27, 29, 30, 31, 38]
    W3: [ 0, 10, 11, 16, 17, 19, 20, 24, 26, 29, 35, 38, 39, 40, 41] < [ 1,  2,  6,  7,  8,  9, 15, 18, 25, 28, 30, 31, 32, 33, 34]
    W4: [ 0,  2,  5,  6, 14, 15, 17, 26, 29, 32, 34, 35, 38, 39, 42] > [ 3,  8,  9, 11, 12, 18, 20, 21, 23, 24, 30, 31, 33, 37, 41]
    Truth table row=[<, <, >, <, >] ix=20 result=[20-] is correct

Test 20+:
    W0: [ 0,  4,  6,  7,  8, 10, 11, 15, 19, 20, 22, 23, 25, 28, 29, 30, 32, 33] > [ 1,  2,  3,  5,  9, 12, 13, 14, 16, 17, 18, 21, 24, 26, 27, 31, 34, 35]
    W1: [ 0,  4,  6,  7,  8, 10, 11, 15, 19, 20, 22, 23, 25, 31, 34, 35, 37] > [ 1,  2,  3,  5,  9, 12, 13, 14, 16, 17, 18, 21, 24, 26, 32, 33, 36]
    W2: [ 0,  4,  6,  7,  8, 18, 21, 24, 26, 28, 32, 33, 34, 35] < [ 1,  2,  3,  5, 19, 20, 22, 23, 25, 27, 29, 30, 31, 38]
    W3: [ 0, 10, 11, 16, 17, 19, 20, 24, 26, 29, 35, 38, 39, 40, 41] > [ 1,  2,  6,  7,  8,  9, 15, 18, 25, 28, 30, 31, 32, 33, 34]
    W4: [ 0,  2,  5,  6, 14, 15, 17, 26, 29, 32, 34, 35, 38, 39, 42] < [ 3,  8,  9, 11, 12, 18, 20, 21, 23, 24, 30, 31, 33, 37, 41]
    Truth table row=[>, >, <, >, <] ix=222 result=[20+] is correct

Test 21-:
    W0: [ 0,  4,  6,  7,  8, 10, 11, 15, 19, 20, 22, 23, 25, 28, 29, 30, 32, 33] > [ 1,  2,  3,  5,  9, 12, 13, 14, 16, 17, 18, 21, 24, 26, 27, 31, 34, 35]
    W1: [ 0,  4,  6,  7,  8, 10, 11, 15, 19, 20, 22, 23, 25, 31, 34, 35, 37] > [ 1,  2,  3,  5,  9, 12, 13, 14, 16, 17, 18, 21, 24, 26, 32, 33, 36]
    W2: [ 0,  4,  6,  7,  8, 18, 21, 24, 26, 28, 32, 33, 34, 35] < [ 1,  2,  3,  5, 19, 20, 22, 23, 25, 27, 29, 30, 31, 38]
    W3: [ 0, 10, 11, 16, 17, 19, 20, 24, 26, 29, 35, 38, 39, 40, 41] = [ 1,  2,  6,  7,  8,  9, 15, 18, 25, 28, 30, 31, 32, 33, 34]
    W4: [ 0,  2,  5,  6, 14, 15, 17, 26, 29, 32, 34, 35, 38, 39, 42] > [ 3,  8,  9, 11, 12, 18, 20, 21, 23, 24, 30, 31, 33, 37, 41]
    Truth table row=[>, >, <, =, >] ix=221 result=[21-] is correct

Test 21+:
    W0: [ 0,  4,  6,  7,  8, 10, 11, 15, 19, 20, 22, 23, 25, 28, 29, 30, 32, 33] < [ 1,  2,  3,  5,  9, 12, 13, 14, 16, 17, 18, 21, 24, 26, 27, 31, 34, 35]
    W1: [ 0,  4,  6,  7,  8, 10, 11, 15, 19, 20, 22, 23, 25, 31, 34, 35, 37] < [ 1,  2,  3,  5,  9, 12, 13, 14, 16, 17, 18, 21, 24, 26, 32, 33, 36]
    W2: [ 0,  4,  6,  7,  8, 18, 21, 24, 26, 28, 32, 33, 34, 35] > [ 1,  2,  3,  5, 19, 20, 22, 23, 25, 27, 29, 30, 31, 38]
    W3: [ 0, 10, 11, 16, 17, 19, 20, 24, 26, 29, 35, 38, 39, 40, 41] = [ 1,  2,  6,  7,  8,  9, 15, 18, 25, 28, 30, 31, 32, 33, 34]
    W4: [ 0,  2,  5,  6, 14, 15, 17, 26, 29, 32, 34, 35, 38, 39, 42] < [ 3,  8,  9, 11, 12, 18, 20, 21, 23, 24, 30, 31, 33, 37, 41]
    Truth table row=[<, <, >, =, <] ix=21 result=[21+] is correct

Test 22-:
    W0: [ 0,  4,  6,  7,  8, 10, 11, 15, 19, 20, 22, 23, 25, 28, 29, 30, 32, 33] < [ 1,  2,  3,  5,  9, 12, 13, 14, 16, 17, 18, 21, 24, 26, 27, 31, 34, 35]
    W1: [ 0,  4,  6,  7,  8, 10, 11, 15, 19, 20, 22, 23, 25, 31, 34, 35, 37] < [ 1,  2,  3,  5,  9, 12, 13, 14, 16, 17, 18, 21, 24, 26, 32, 33, 36]
    W2: [ 0,  4,  6,  7,  8, 18, 21, 24, 26, 28, 32, 33, 34, 35] > [ 1,  2,  3,  5, 19, 20, 22, 23, 25, 27, 29, 30, 31, 38]
    W3: [ 0, 10, 11, 16, 17, 19, 20, 24, 26, 29, 35, 38, 39, 40, 41] = [ 1,  2,  6,  7,  8,  9, 15, 18, 25, 28, 30, 31, 32, 33, 34]
    W4: [ 0,  2,  5,  6, 14, 15, 17, 26, 29, 32, 34, 35, 38, 39, 42] = [ 3,  8,  9, 11, 12, 18, 20, 21, 23, 24, 30, 31, 33, 37, 41]
    Truth table row=[<, <, >, =, =] ix=22 result=[22-] is correct

Test 22+:
    W0: [ 0,  4,  6,  7,  8, 10, 11, 15, 19, 20, 22, 23, 25, 28, 29, 30, 32, 33] > [ 1,  2,  3,  5,  9, 12, 13, 14, 16, 17, 18, 21, 24, 26, 27, 31, 34, 35]
    W1: [ 0,  4,  6,  7,  8, 10, 11, 15, 19, 20, 22, 23, 25, 31, 34, 35, 37] > [ 1,  2,  3,  5,  9, 12, 13, 14, 16, 17, 18, 21, 24, 26, 32, 33, 36]
    W2: [ 0,  4,  6,  7,  8, 18, 21, 24, 26, 28, 32, 33, 34, 35] < [ 1,  2,  3,  5, 19, 20, 22, 23, 25, 27, 29, 30, 31, 38]
    W3: [ 0, 10, 11, 16, 17, 19, 20, 24, 26, 29, 35, 38, 39, 40, 41] = [ 1,  2,  6,  7,  8,  9, 15, 18, 25, 28, 30, 31, 32, 33, 34]
    W4: [ 0,  2,  5,  6, 14, 15, 17, 26, 29, 32, 34, 35, 38, 39, 42] = [ 3,  8,  9, 11, 12, 18, 20, 21, 23, 24, 30, 31, 33, 37, 41]
    Truth table row=[>, >, <, =, =] ix=220 result=[22+] is correct

Test 23-:
    W0: [ 0,  4,  6,  7,  8, 10, 11, 15, 19, 20, 22, 23, 25, 28, 29, 30, 32, 33] < [ 1,  2,  3,  5,  9, 12, 13, 14, 16, 17, 18, 21, 24, 26, 27, 31, 34, 35]
    W1: [ 0,  4,  6,  7,  8, 10, 11, 15, 19, 20, 22, 23, 25, 31, 34, 35, 37] < [ 1,  2,  3,  5,  9, 12, 13, 14, 16, 17, 18, 21, 24, 26, 32, 33, 36]
    W2: [ 0,  4,  6,  7,  8, 18, 21, 24, 26, 28, 32, 33, 34, 35] > [ 1,  2,  3,  5, 19, 20, 22, 23, 25, 27, 29, 30, 31, 38]
    W3: [ 0, 10, 11, 16, 17, 19, 20, 24, 26, 29, 35, 38, 39, 40, 41] = [ 1,  2,  6,  7,  8,  9, 15, 18, 25, 28, 30, 31, 32, 33, 34]
    W4: [ 0,  2,  5,  6, 14, 15, 17, 26, 29, 32, 34, 35, 38, 39, 42] > [ 3,  8,  9, 11, 12, 18, 20, 21, 23, 24, 30, 31, 33, 37, 41]
    Truth table row=[<, <, >, =, >] ix=23 result=[23-] is correct

Test 23+:
    W0: [ 0,  4,  6,  7,  8, 10, 11, 15, 19, 20, 22, 23, 25, 28, 29, 30, 32, 33] > [ 1,  2,  3,  5,  9, 12, 13, 14, 16, 17, 18, 21, 24, 26, 27, 31, 34, 35]
    W1: [ 0,  4,  6,  7,  8, 10, 11, 15, 19, 20, 22, 23, 25, 31, 34, 35, 37] > [ 1,  2,  3,  5,  9, 12, 13, 14, 16, 17, 18, 21, 24, 26, 32, 33, 36]
    W2: [ 0,  4,  6,  7,  8, 18, 21, 24, 26, 28, 32, 33, 34, 35] < [ 1,  2,  3,  5, 19, 20, 22, 23, 25, 27, 29, 30, 31, 38]
    W3: [ 0, 10, 11, 16, 17, 19, 20, 24, 26, 29, 35, 38, 39, 40, 41] = [ 1,  2,  6,  7,  8,  9, 15, 18, 25, 28, 30, 31, 32, 33, 34]
    W4: [ 0,  2,  5,  6, 14, 15, 17, 26, 29, 32, 34, 35, 38, 39, 42] < [ 3,  8,  9, 11, 12, 18, 20, 21, 23, 24, 30, 31, 33, 37, 41]
    Truth table row=[>, >, <, =, <] ix=219 result=[23+] is correct

Test 24-:
    W0: [ 0,  4,  6,  7,  8, 10, 11, 15, 19, 20, 22, 23, 25, 28, 29, 30, 32, 33] > [ 1,  2,  3,  5,  9, 12, 13, 14, 16, 17, 18, 21, 24, 26, 27, 31, 34, 35]
    W1: [ 0,  4,  6,  7,  8, 10, 11, 15, 19, 20, 22, 23, 25, 31, 34, 35, 37] > [ 1,  2,  3,  5,  9, 12, 13, 14, 16, 17, 18, 21, 24, 26, 32, 33, 36]
    W2: [ 0,  4,  6,  7,  8, 18, 21, 24, 26, 28, 32, 33, 34, 35] < [ 1,  2,  3,  5, 19, 20, 22, 23, 25, 27, 29, 30, 31, 38]
    W3: [ 0, 10, 11, 16, 17, 19, 20, 24, 26, 29, 35, 38, 39, 40, 41] < [ 1,  2,  6,  7,  8,  9, 15, 18, 25, 28, 30, 31, 32, 33, 34]
    W4: [ 0,  2,  5,  6, 14, 15, 17, 26, 29, 32, 34, 35, 38, 39, 42] > [ 3,  8,  9, 11, 12, 18, 20, 21, 23, 24, 30, 31, 33, 37, 41]
    Truth table row=[>, >, <, <, >] ix=218 result=[24-] is correct

Test 24+:
    W0: [ 0,  4,  6,  7,  8, 10, 11, 15, 19, 20, 22, 23, 25, 28, 29, 30, 32, 33] < [ 1,  2,  3,  5,  9, 12, 13, 14, 16, 17, 18, 21, 24, 26, 27, 31, 34, 35]
    W1: [ 0,  4,  6,  7,  8, 10, 11, 15, 19, 20, 22, 23, 25, 31, 34, 35, 37] < [ 1,  2,  3,  5,  9, 12, 13, 14, 16, 17, 18, 21, 24, 26, 32, 33, 36]
    W2: [ 0,  4,  6,  7,  8, 18, 21, 24, 26, 28, 32, 33, 34, 35] > [ 1,  2,  3,  5, 19, 20, 22, 23, 25, 27, 29, 30, 31, 38]
    W3: [ 0, 10, 11, 16, 17, 19, 20, 24, 26, 29, 35, 38, 39, 40, 41] > [ 1,  2,  6,  7,  8,  9, 15, 18, 25, 28, 30, 31, 32, 33, 34]
    W4: [ 0,  2,  5,  6, 14, 15, 17, 26, 29, 32, 34, 35, 38, 39, 42] < [ 3,  8,  9, 11, 12, 18, 20, 21, 23, 24, 30, 31, 33, 37, 41]
    Truth table row=[<, <, >, >, <] ix=24 result=[24+] is correct

Test 25-:
    W0: [ 0,  4,  6,  7,  8, 10, 11, 15, 19, 20, 22, 23, 25, 28, 29, 30, 32, 33] < [ 1,  2,  3,  5,  9, 12, 13, 14, 16, 17, 18, 21, 24, 26, 27, 31, 34, 35]
    W1: [ 0,  4,  6,  7,  8, 10, 11, 15, 19, 20, 22, 23, 25, 31, 34, 35, 37] < [ 1,  2,  3,  5,  9, 12, 13, 14, 16, 17, 18, 21, 24, 26, 32, 33, 36]
    W2: [ 0,  4,  6,  7,  8, 18, 21, 24, 26, 28, 32, 33, 34, 35] > [ 1,  2,  3,  5, 19, 20, 22, 23, 25, 27, 29, 30, 31, 38]
    W3: [ 0, 10, 11, 16, 17, 19, 20, 24, 26, 29, 35, 38, 39, 40, 41] > [ 1,  2,  6,  7,  8,  9, 15, 18, 25, 28, 30, 31, 32, 33, 34]
    W4: [ 0,  2,  5,  6, 14, 15, 17, 26, 29, 32, 34, 35, 38, 39, 42] = [ 3,  8,  9, 11, 12, 18, 20, 21, 23, 24, 30, 31, 33, 37, 41]
    Truth table row=[<, <, >, >, =] ix=25 result=[25-] is correct

Test 25+:
    W0: [ 0,  4,  6,  7,  8, 10, 11, 15, 19, 20, 22, 23, 25, 28, 29, 30, 32, 33] > [ 1,  2,  3,  5,  9, 12, 13, 14, 16, 17, 18, 21, 24, 26, 27, 31, 34, 35]
    W1: [ 0,  4,  6,  7,  8, 10, 11, 15, 19, 20, 22, 23, 25, 31, 34, 35, 37] > [ 1,  2,  3,  5,  9, 12, 13, 14, 16, 17, 18, 21, 24, 26, 32, 33, 36]
    W2: [ 0,  4,  6,  7,  8, 18, 21, 24, 26, 28, 32, 33, 34, 35] < [ 1,  2,  3,  5, 19, 20, 22, 23, 25, 27, 29, 30, 31, 38]
    W3: [ 0, 10, 11, 16, 17, 19, 20, 24, 26, 29, 35, 38, 39, 40, 41] < [ 1,  2,  6,  7,  8,  9, 15, 18, 25, 28, 30, 31, 32, 33, 34]
    W4: [ 0,  2,  5,  6, 14, 15, 17, 26, 29, 32, 34, 35, 38, 39, 42] = [ 3,  8,  9, 11, 12, 18, 20, 21, 23, 24, 30, 31, 33, 37, 41]
    Truth table row=[>, >, <, <, =] ix=217 result=[25+] is correct

Test 26-:
    W0: [ 0,  4,  6,  7,  8, 10, 11, 15, 19, 20, 22, 23, 25, 28, 29, 30, 32, 33] > [ 1,  2,  3,  5,  9, 12, 13, 14, 16, 17, 18, 21, 24, 26, 27, 31, 34, 35]
    W1: [ 0,  4,  6,  7,  8, 10, 11, 15, 19, 20, 22, 23, 25, 31, 34, 35, 37] > [ 1,  2,  3,  5,  9, 12, 13, 14, 16, 17, 18, 21, 24, 26, 32, 33, 36]
    W2: [ 0,  4,  6,  7,  8, 18, 21, 24, 26, 28, 32, 33, 34, 35] < [ 1,  2,  3,  5, 19, 20, 22, 23, 25, 27, 29, 30, 31, 38]
    W3: [ 0, 10, 11, 16, 17, 19, 20, 24, 26, 29, 35, 38, 39, 40, 41] < [ 1,  2,  6,  7,  8,  9, 15, 18, 25, 28, 30, 31, 32, 33, 34]
    W4: [ 0,  2,  5,  6, 14, 15, 17, 26, 29, 32, 34, 35, 38, 39, 42] < [ 3,  8,  9, 11, 12, 18, 20, 21, 23, 24, 30, 31, 33, 37, 41]
    Truth table row=[>, >, <, <, <] ix=216 result=[26-] is correct

Test 26+:
    W0: [ 0,  4,  6,  7,  8, 10, 11, 15, 19, 20, 22, 23, 25, 28, 29, 30, 32, 33] < [ 1,  2,  3,  5,  9, 12, 13, 14, 16, 17, 18, 21, 24, 26, 27, 31, 34, 35]
    W1: [ 0,  4,  6,  7,  8, 10, 11, 15, 19, 20, 22, 23, 25, 31, 34, 35, 37] < [ 1,  2,  3,  5,  9, 12, 13, 14, 16, 17, 18, 21, 24, 26, 32, 33, 36]
    W2: [ 0,  4,  6,  7,  8, 18, 21, 24, 26, 28, 32, 33, 34, 35] > [ 1,  2,  3,  5, 19, 20, 22, 23, 25, 27, 29, 30, 31, 38]
    W3: [ 0, 10, 11, 16, 17, 19, 20, 24, 26, 29, 35, 38, 39, 40, 41] > [ 1,  2,  6,  7,  8,  9, 15, 18, 25, 28, 30, 31, 32, 33, 34]
    W4: [ 0,  2,  5,  6, 14, 15, 17, 26, 29, 32, 34, 35, 38, 39, 42] > [ 3,  8,  9, 11, 12, 18, 20, 21, 23, 24, 30, 31, 33, 37, 41]
    Truth table row=[<, <, >, >, >] ix=26 result=[26+] is correct

Test 27-:
    W0: [ 0,  4,  6,  7,  8, 10, 11, 15, 19, 20, 22, 23, 25, 28, 29, 30, 32, 33] > [ 1,  2,  3,  5,  9, 12, 13, 14, 16, 17, 18, 21, 24, 26, 27, 31, 34, 35]
    W1: [ 0,  4,  6,  7,  8, 10, 11, 15, 19, 20, 22, 23, 25, 31, 34, 35, 37] = [ 1,  2,  3,  5,  9, 12, 13, 14, 16, 17, 18, 21, 24, 26, 32, 33, 36]
    W2: [ 0,  4,  6,  7,  8, 18, 21, 24, 26, 28, 32, 33, 34, 35] > [ 1,  2,  3,  5, 19, 20, 22, 23, 25, 27, 29, 30, 31, 38]
    W3: [ 0, 10, 11, 16, 17, 19, 20, 24, 26, 29, 35, 38, 39, 40, 41] = [ 1,  2,  6,  7,  8,  9, 15, 18, 25, 28, 30, 31, 32, 33, 34]
    W4: [ 0,  2,  5,  6, 14, 15, 17, 26, 29, 32, 34, 35, 38, 39, 42] = [ 3,  8,  9, 11, 12, 18, 20, 21, 23, 24, 30, 31, 33, 37, 41]
    Truth table row=[>, =, >, =, =] ix=211 result=[27-] is correct

Test 27+:
    W0: [ 0,  4,  6,  7,  8, 10, 11, 15, 19, 20, 22, 23, 25, 28, 29, 30, 32, 33] < [ 1,  2,  3,  5,  9, 12, 13, 14, 16, 17, 18, 21, 24, 26, 27, 31, 34, 35]
    W1: [ 0,  4,  6,  7,  8, 10, 11, 15, 19, 20, 22, 23, 25, 31, 34, 35, 37] = [ 1,  2,  3,  5,  9, 12, 13, 14, 16, 17, 18, 21, 24, 26, 32, 33, 36]
    W2: [ 0,  4,  6,  7,  8, 18, 21, 24, 26, 28, 32, 33, 34, 35] < [ 1,  2,  3,  5, 19, 20, 22, 23, 25, 27, 29, 30, 31, 38]
    W3: [ 0, 10, 11, 16, 17, 19, 20, 24, 26, 29, 35, 38, 39, 40, 41] = [ 1,  2,  6,  7,  8,  9, 15, 18, 25, 28, 30, 31, 32, 33, 34]
    W4: [ 0,  2,  5,  6, 14, 15, 17, 26, 29, 32, 34, 35, 38, 39, 42] = [ 3,  8,  9, 11, 12, 18, 20, 21, 23, 24, 30, 31, 33, 37, 41]
    Truth table row=[<, =, <, =, =] ix=31 result=[27+] is correct

Test 28-:
    W0: [ 0,  4,  6,  7,  8, 10, 11, 15, 19, 20, 22, 23, 25, 28, 29, 30, 32, 33] < [ 1,  2,  3,  5,  9, 12, 13, 14, 16, 17, 18, 21, 24, 26, 27, 31, 34, 35]
    W1: [ 0,  4,  6,  7,  8, 10, 11, 15, 19, 20, 22, 23, 25, 31, 34, 35, 37] = [ 1,  2,  3,  5,  9, 12, 13, 14, 16, 17, 18, 21, 24, 26, 32, 33, 36]
    W2: [ 0,  4,  6,  7,  8, 18, 21, 24, 26, 28, 32, 33, 34, 35] < [ 1,  2,  3,  5, 19, 20, 22, 23, 25, 27, 29, 30, 31, 38]
    W3: [ 0, 10, 11, 16, 17, 19, 20, 24, 26, 29, 35, 38, 39, 40, 41] > [ 1,  2,  6,  7,  8,  9, 15, 18, 25, 28, 30, 31, 32, 33, 34]
    W4: [ 0,  2,  5,  6, 14, 15, 17, 26, 29, 32, 34, 35, 38, 39, 42] = [ 3,  8,  9, 11, 12, 18, 20, 21, 23, 24, 30, 31, 33, 37, 41]
    Truth table row=[<, =, <, >, =] ix=34 result=[28-] is correct

Test 28+:
    W0: [ 0,  4,  6,  7,  8, 10, 11, 15, 19, 20, 22, 23, 25, 28, 29, 30, 32, 33] > [ 1,  2,  3,  5,  9, 12, 13, 14, 16, 17, 18, 21, 24, 26, 27, 31, 34, 35]
    W1: [ 0,  4,  6,  7,  8, 10, 11, 15, 19, 20, 22, 23, 25, 31, 34, 35, 37] = [ 1,  2,  3,  5,  9, 12, 13, 14, 16, 17, 18, 21, 24, 26, 32, 33, 36]
    W2: [ 0,  4,  6,  7,  8, 18, 21, 24, 26, 28, 32, 33, 34, 35] > [ 1,  2,  3,  5, 19, 20, 22, 23, 25, 27, 29, 30, 31, 38]
    W3: [ 0, 10, 11, 16, 17, 19, 20, 24, 26, 29, 35, 38, 39, 40, 41] < [ 1,  2,  6,  7,  8,  9, 15, 18, 25, 28, 30, 31, 32, 33, 34]
    W4: [ 0,  2,  5,  6, 14, 15, 17, 26, 29, 32, 34, 35, 38, 39, 42] = [ 3,  8,  9, 11, 12, 18, 20, 21, 23, 24, 30, 31, 33, 37, 41]
    Truth table row=[>, =, >, <, =] ix=208 result=[28+] is correct

Test 29-:
    W0: [ 0,  4,  6,  7,  8, 10, 11, 15, 19, 20, 22, 23, 25, 28, 29, 30, 32, 33] < [ 1,  2,  3,  5,  9, 12, 13, 14, 16, 17, 18, 21, 24, 26, 27, 31, 34, 35]
    W1: [ 0,  4,  6,  7,  8, 10, 11, 15, 19, 20, 22, 23, 25, 31, 34, 35, 37] = [ 1,  2,  3,  5,  9, 12, 13, 14, 16, 17, 18, 21, 24, 26, 32, 33, 36]
    W2: [ 0,  4,  6,  7,  8, 18, 21, 24, 26, 28, 32, 33, 34, 35] > [ 1,  2,  3,  5, 19, 20, 22, 23, 25, 27, 29, 30, 31, 38]
    W3: [ 0, 10, 11, 16, 17, 19, 20, 24, 26, 29, 35, 38, 39, 40, 41] < [ 1,  2,  6,  7,  8,  9, 15, 18, 25, 28, 30, 31, 32, 33, 34]
    W4: [ 0,  2,  5,  6, 14, 15, 17, 26, 29, 32, 34, 35, 38, 39, 42] < [ 3,  8,  9, 11, 12, 18, 20, 21, 23, 24, 30, 31, 33, 37, 41]
    Truth table row=[<, =, >, <, <] ix=45 result=[29-] is correct

Test 29+:
    W0: [ 0,  4,  6,  7,  8, 10, 11, 15, 19, 20, 22, 23, 25, 28, 29, 30, 32, 33] > [ 1,  2,  3,  5,  9, 12, 13, 14, 16, 17, 18, 21, 24, 26, 27, 31, 34, 35]
    W1: [ 0,  4,  6,  7,  8, 10, 11, 15, 19, 20, 22, 23, 25, 31, 34, 35, 37] = [ 1,  2,  3,  5,  9, 12, 13, 14, 16, 17, 18, 21, 24, 26, 32, 33, 36]
    W2: [ 0,  4,  6,  7,  8, 18, 21, 24, 26, 28, 32, 33, 34, 35] < [ 1,  2,  3,  5, 19, 20, 22, 23, 25, 27, 29, 30, 31, 38]
    W3: [ 0, 10, 11, 16, 17, 19, 20, 24, 26, 29, 35, 38, 39, 40, 41] > [ 1,  2,  6,  7,  8,  9, 15, 18, 25, 28, 30, 31, 32, 33, 34]
    W4: [ 0,  2,  5,  6, 14, 15, 17, 26, 29, 32, 34, 35, 38, 39, 42] > [ 3,  8,  9, 11, 12, 18, 20, 21, 23, 24, 30, 31, 33, 37, 41]
    Truth table row=[>, =, <, >, >] ix=197 result=[29+] is correct

Test 30-:
    W0: [ 0,  4,  6,  7,  8, 10, 11, 15, 19, 20, 22, 23, 25, 28, 29, 30, 32, 33] < [ 1,  2,  3,  5,  9, 12, 13, 14, 16, 17, 18, 21, 24, 26, 27, 31, 34, 35]
    W1: [ 0,  4,  6,  7,  8, 10, 11, 15, 19, 20, 22, 23, 25, 31, 34, 35, 37] = [ 1,  2,  3,  5,  9, 12, 13, 14, 16, 17, 18, 21, 24, 26, 32, 33, 36]
    W2: [ 0,  4,  6,  7,  8, 18, 21, 24, 26, 28, 32, 33, 34, 35] > [ 1,  2,  3,  5, 19, 20, 22, 23, 25, 27, 29, 30, 31, 38]
    W3: [ 0, 10, 11, 16, 17, 19, 20, 24, 26, 29, 35, 38, 39, 40, 41] > [ 1,  2,  6,  7,  8,  9, 15, 18, 25, 28, 30, 31, 32, 33, 34]
    W4: [ 0,  2,  5,  6, 14, 15, 17, 26, 29, 32, 34, 35, 38, 39, 42] > [ 3,  8,  9, 11, 12, 18, 20, 21, 23, 24, 30, 31, 33, 37, 41]
    Truth table row=[<, =, >, >, >] ix=53 result=[30-] is correct

Test 30+:
    W0: [ 0,  4,  6,  7,  8, 10, 11, 15, 19, 20, 22, 23, 25, 28, 29, 30, 32, 33] > [ 1,  2,  3,  5,  9, 12, 13, 14, 16, 17, 18, 21, 24, 26, 27, 31, 34, 35]
    W1: [ 0,  4,  6,  7,  8, 10, 11, 15, 19, 20, 22, 23, 25, 31, 34, 35, 37] = [ 1,  2,  3,  5,  9, 12, 13, 14, 16, 17, 18, 21, 24, 26, 32, 33, 36]
    W2: [ 0,  4,  6,  7,  8, 18, 21, 24, 26, 28, 32, 33, 34, 35] < [ 1,  2,  3,  5, 19, 20, 22, 23, 25, 27, 29, 30, 31, 38]
    W3: [ 0, 10, 11, 16, 17, 19, 20, 24, 26, 29, 35, 38, 39, 40, 41] < [ 1,  2,  6,  7,  8,  9, 15, 18, 25, 28, 30, 31, 32, 33, 34]
    W4: [ 0,  2,  5,  6, 14, 15, 17, 26, 29, 32, 34, 35, 38, 39, 42] < [ 3,  8,  9, 11, 12, 18, 20, 21, 23, 24, 30, 31, 33, 37, 41]
    Truth table row=[>, =, <, <, <] ix=189 result=[30+] is correct

Test 31-:
    W0: [ 0,  4,  6,  7,  8, 10, 11, 15, 19, 20, 22, 23, 25, 28, 29, 30, 32, 33] > [ 1,  2,  3,  5,  9, 12, 13, 14, 16, 17, 18, 21, 24, 26, 27, 31, 34, 35]
    W1: [ 0,  4,  6,  7,  8, 10, 11, 15, 19, 20, 22, 23, 25, 31, 34, 35, 37] < [ 1,  2,  3,  5,  9, 12, 13, 14, 16, 17, 18, 21, 24, 26, 32, 33, 36]
    W2: [ 0,  4,  6,  7,  8, 18, 21, 24, 26, 28, 32, 33, 34, 35] > [ 1,  2,  3,  5, 19, 20, 22, 23, 25, 27, 29, 30, 31, 38]
    W3: [ 0, 10, 11, 16, 17, 19, 20, 24, 26, 29, 35, 38, 39, 40, 41] > [ 1,  2,  6,  7,  8,  9, 15, 18, 25, 28, 30, 31, 32, 33, 34]
    W4: [ 0,  2,  5,  6, 14, 15, 17, 26, 29, 32, 34, 35, 38, 39, 42] > [ 3,  8,  9, 11, 12, 18, 20, 21, 23, 24, 30, 31, 33, 37, 41]
    Truth table row=[>, <, >, >, >] ix=188 result=[31-] is correct

Test 31+:
    W0: [ 0,  4,  6,  7,  8, 10, 11, 15, 19, 20, 22, 23, 25, 28, 29, 30, 32, 33] < [ 1,  2,  3,  5,  9, 12, 13, 14, 16, 17, 18, 21, 24, 26, 27, 31, 34, 35]
    W1: [ 0,  4,  6,  7,  8, 10, 11, 15, 19, 20, 22, 23, 25, 31, 34, 35, 37] > [ 1,  2,  3,  5,  9, 12, 13, 14, 16, 17, 18, 21, 24, 26, 32, 33, 36]
    W2: [ 0,  4,  6,  7,  8, 18, 21, 24, 26, 28, 32, 33, 34, 35] < [ 1,  2,  3,  5, 19, 20, 22, 23, 25, 27, 29, 30, 31, 38]
    W3: [ 0, 10, 11, 16, 17, 19, 20, 24, 26, 29, 35, 38, 39, 40, 41] < [ 1,  2,  6,  7,  8,  9, 15, 18, 25, 28, 30, 31, 32, 33, 34]
    W4: [ 0,  2,  5,  6, 14, 15, 17, 26, 29, 32, 34, 35, 38, 39, 42] < [ 3,  8,  9, 11, 12, 18, 20, 21, 23, 24, 30, 31, 33, 37, 41]
    Truth table row=[<, >, <, <, <] ix=54 result=[31+] is correct

Test 32-:
    W0: [ 0,  4,  6,  7,  8, 10, 11, 15, 19, 20, 22, 23, 25, 28, 29, 30, 32, 33] < [ 1,  2,  3,  5,  9, 12, 13, 14, 16, 17, 18, 21, 24, 26, 27, 31, 34, 35]
    W1: [ 0,  4,  6,  7,  8, 10, 11, 15, 19, 20, 22, 23, 25, 31, 34, 35, 37] > [ 1,  2,  3,  5,  9, 12, 13, 14, 16, 17, 18, 21, 24, 26, 32, 33, 36]
    W2: [ 0,  4,  6,  7,  8, 18, 21, 24, 26, 28, 32, 33, 34, 35] < [ 1,  2,  3,  5, 19, 20, 22, 23, 25, 27, 29, 30, 31, 38]
    W3: [ 0, 10, 11, 16, 17, 19, 20, 24, 26, 29, 35, 38, 39, 40, 41] > [ 1,  2,  6,  7,  8,  9, 15, 18, 25, 28, 30, 31, 32, 33, 34]
    W4: [ 0,  2,  5,  6, 14, 15, 17, 26, 29, 32, 34, 35, 38, 39, 42] < [ 3,  8,  9, 11, 12, 18, 20, 21, 23, 24, 30, 31, 33, 37, 41]
    Truth table row=[<, >, <, >, <] ix=60 result=[32-] is correct

Test 32+:
    W0: [ 0,  4,  6,  7,  8, 10, 11, 15, 19, 20, 22, 23, 25, 28, 29, 30, 32, 33] > [ 1,  2,  3,  5,  9, 12, 13, 14, 16, 17, 18, 21, 24, 26, 27, 31, 34, 35]
    W1: [ 0,  4,  6,  7,  8, 10, 11, 15, 19, 20, 22, 23, 25, 31, 34, 35, 37] < [ 1,  2,  3,  5,  9, 12, 13, 14, 16, 17, 18, 21, 24, 26, 32, 33, 36]
    W2: [ 0,  4,  6,  7,  8, 18, 21, 24, 26, 28, 32, 33, 34, 35] > [ 1,  2,  3,  5, 19, 20, 22, 23, 25, 27, 29, 30, 31, 38]
    W3: [ 0, 10, 11, 16, 17, 19, 20, 24, 26, 29, 35, 38, 39, 40, 41] < [ 1,  2,  6,  7,  8,  9, 15, 18, 25, 28, 30, 31, 32, 33, 34]
    W4: [ 0,  2,  5,  6, 14, 15, 17, 26, 29, 32, 34, 35, 38, 39, 42] > [ 3,  8,  9, 11, 12, 18, 20, 21, 23, 24, 30, 31, 33, 37, 41]
    Truth table row=[>, <, >, <, >] ix=182 result=[32+] is correct

Test 33-:
    W0: [ 0,  4,  6,  7,  8, 10, 11, 15, 19, 20, 22, 23, 25, 28, 29, 30, 32, 33] < [ 1,  2,  3,  5,  9, 12, 13, 14, 16, 17, 18, 21, 24, 26, 27, 31, 34, 35]
    W1: [ 0,  4,  6,  7,  8, 10, 11, 15, 19, 20, 22, 23, 25, 31, 34, 35, 37] > [ 1,  2,  3,  5,  9, 12, 13, 14, 16, 17, 18, 21, 24, 26, 32, 33, 36]
    W2: [ 0,  4,  6,  7,  8, 18, 21, 24, 26, 28, 32, 33, 34, 35] < [ 1,  2,  3,  5, 19, 20, 22, 23, 25, 27, 29, 30, 31, 38]
    W3: [ 0, 10, 11, 16, 17, 19, 20, 24, 26, 29, 35, 38, 39, 40, 41] > [ 1,  2,  6,  7,  8,  9, 15, 18, 25, 28, 30, 31, 32, 33, 34]
    W4: [ 0,  2,  5,  6, 14, 15, 17, 26, 29, 32, 34, 35, 38, 39, 42] > [ 3,  8,  9, 11, 12, 18, 20, 21, 23, 24, 30, 31, 33, 37, 41]
    Truth table row=[<, >, <, >, >] ix=62 result=[33-] is correct

Test 33+:
    W0: [ 0,  4,  6,  7,  8, 10, 11, 15, 19, 20, 22, 23, 25, 28, 29, 30, 32, 33] > [ 1,  2,  3,  5,  9, 12, 13, 14, 16, 17, 18, 21, 24, 26, 27, 31, 34, 35]
    W1: [ 0,  4,  6,  7,  8, 10, 11, 15, 19, 20, 22, 23, 25, 31, 34, 35, 37] < [ 1,  2,  3,  5,  9, 12, 13, 14, 16, 17, 18, 21, 24, 26, 32, 33, 36]
    W2: [ 0,  4,  6,  7,  8, 18, 21, 24, 26, 28, 32, 33, 34, 35] > [ 1,  2,  3,  5, 19, 20, 22, 23, 25, 27, 29, 30, 31, 38]
    W3: [ 0, 10, 11, 16, 17, 19, 20, 24, 26, 29, 35, 38, 39, 40, 41] < [ 1,  2,  6,  7,  8,  9, 15, 18, 25, 28, 30, 31, 32, 33, 34]
    W4: [ 0,  2,  5,  6, 14, 15, 17, 26, 29, 32, 34, 35, 38, 39, 42] < [ 3,  8,  9, 11, 12, 18, 20, 21, 23, 24, 30, 31, 33, 37, 41]
    Truth table row=[>, <, >, <, <] ix=180 result=[33+] is correct

Test 34-:
    W0: [ 0,  4,  6,  7,  8, 10, 11, 15, 19, 20, 22, 23, 25, 28, 29, 30, 32, 33] > [ 1,  2,  3,  5,  9, 12, 13, 14, 16, 17, 18, 21, 24, 26, 27, 31, 34, 35]
    W1: [ 0,  4,  6,  7,  8, 10, 11, 15, 19, 20, 22, 23, 25, 31, 34, 35, 37] < [ 1,  2,  3,  5,  9, 12, 13, 14, 16, 17, 18, 21, 24, 26, 32, 33, 36]
    W2: [ 0,  4,  6,  7,  8, 18, 21, 24, 26, 28, 32, 33, 34, 35] < [ 1,  2,  3,  5, 19, 20, 22, 23, 25, 27, 29, 30, 31, 38]
    W3: [ 0, 10, 11, 16, 17, 19, 20, 24, 26, 29, 35, 38, 39, 40, 41] > [ 1,  2,  6,  7,  8,  9, 15, 18, 25, 28, 30, 31, 32, 33, 34]
    W4: [ 0,  2,  5,  6, 14, 15, 17, 26, 29, 32, 34, 35, 38, 39, 42] < [ 3,  8,  9, 11, 12, 18, 20, 21, 23, 24, 30, 31, 33, 37, 41]
    Truth table row=[>, <, <, >, <] ix=168 result=[34-] is correct

Test 34+:
    W0: [ 0,  4,  6,  7,  8, 10, 11, 15, 19, 20, 22, 23, 25, 28, 29, 30, 32, 33] < [ 1,  2,  3,  5,  9, 12, 13, 14, 16, 17, 18, 21, 24, 26, 27, 31, 34, 35]
    W1: [ 0,  4,  6,  7,  8, 10, 11, 15, 19, 20, 22, 23, 25, 31, 34, 35, 37] > [ 1,  2,  3,  5,  9, 12, 13, 14, 16, 17, 18, 21, 24, 26, 32, 33, 36]
    W2: [ 0,  4,  6,  7,  8, 18, 21, 24, 26, 28, 32, 33, 34, 35] > [ 1,  2,  3,  5, 19, 20, 22, 23, 25, 27, 29, 30, 31, 38]
    W3: [ 0, 10, 11, 16, 17, 19, 20, 24, 26, 29, 35, 38, 39, 40, 41] < [ 1,  2,  6,  7,  8,  9, 15, 18, 25, 28, 30, 31, 32, 33, 34]
    W4: [ 0,  2,  5,  6, 14, 15, 17, 26, 29, 32, 34, 35, 38, 39, 42] > [ 3,  8,  9, 11, 12, 18, 20, 21, 23, 24, 30, 31, 33, 37, 41]
    Truth table row=[<, >, >, <, >] ix=74 result=[34+] is correct

Test 35-:
    W0: [ 0,  4,  6,  7,  8, 10, 11, 15, 19, 20, 22, 23, 25, 28, 29, 30, 32, 33] > [ 1,  2,  3,  5,  9, 12, 13, 14, 16, 17, 18, 21, 24, 26, 27, 31, 34, 35]
    W1: [ 0,  4,  6,  7,  8, 10, 11, 15, 19, 20, 22, 23, 25, 31, 34, 35, 37] < [ 1,  2,  3,  5,  9, 12, 13, 14, 16, 17, 18, 21, 24, 26, 32, 33, 36]
    W2: [ 0,  4,  6,  7,  8, 18, 21, 24, 26, 28, 32, 33, 34, 35] < [ 1,  2,  3,  5, 19, 20, 22, 23, 25, 27, 29, 30, 31, 38]
    W3: [ 0, 10, 11, 16, 17, 19, 20, 24, 26, 29, 35, 38, 39, 40, 41] < [ 1,  2,  6,  7,  8,  9, 15, 18, 25, 28, 30, 31, 32, 33, 34]
    W4: [ 0,  2,  5,  6, 14, 15, 17, 26, 29, 32, 34, 35, 38, 39, 42] < [ 3,  8,  9, 11, 12, 18, 20, 21, 23, 24, 30, 31, 33, 37, 41]
    Truth table row=[>, <, <, <, <] ix=162 result=[35-] is correct

Test 35+:
    W0: [ 0,  4,  6,  7,  8, 10, 11, 15, 19, 20, 22, 23, 25, 28, 29, 30, 32, 33] < [ 1,  2,  3,  5,  9, 12, 13, 14, 16, 17, 18, 21, 24, 26, 27, 31, 34, 35]
    W1: [ 0,  4,  6,  7,  8, 10, 11, 15, 19, 20, 22, 23, 25, 31, 34, 35, 37] > [ 1,  2,  3,  5,  9, 12, 13, 14, 16, 17, 18, 21, 24, 26, 32, 33, 36]
    W2: [ 0,  4,  6,  7,  8, 18, 21, 24, 26, 28, 32, 33, 34, 35] > [ 1,  2,  3,  5, 19, 20, 22, 23, 25, 27, 29, 30, 31, 38]
    W3: [ 0, 10, 11, 16, 17, 19, 20, 24, 26, 29, 35, 38, 39, 40, 41] > [ 1,  2,  6,  7,  8,  9, 15, 18, 25, 28, 30, 31, 32, 33, 34]
    W4: [ 0,  2,  5,  6, 14, 15, 17, 26, 29, 32, 34, 35, 38, 39, 42] > [ 3,  8,  9, 11, 12, 18, 20, 21, 23, 24, 30, 31, 33, 37, 41]
    Truth table row=[<, >, >, >, >] ix=80 result=[35+] is correct

Test 36-:
    W0: [ 0,  4,  6,  7,  8, 10, 11, 15, 19, 20, 22, 23, 25, 28, 29, 30, 32, 33] = [ 1,  2,  3,  5,  9, 12, 13, 14, 16, 17, 18, 21, 24, 26, 27, 31, 34, 35]
    W1: [ 0,  4,  6,  7,  8, 10, 11, 15, 19, 20, 22, 23, 25, 31, 34, 35, 37] > [ 1,  2,  3,  5,  9, 12, 13, 14, 16, 17, 18, 21, 24, 26, 32, 33, 36]
    W2: [ 0,  4,  6,  7,  8, 18, 21, 24, 26, 28, 32, 33, 34, 35] = [ 1,  2,  3,  5, 19, 20, 22, 23, 25, 27, 29, 30, 31, 38]
    W3: [ 0, 10, 11, 16, 17, 19, 20, 24, 26, 29, 35, 38, 39, 40, 41] = [ 1,  2,  6,  7,  8,  9, 15, 18, 25, 28, 30, 31, 32, 33, 34]
    W4: [ 0,  2,  5,  6, 14, 15, 17, 26, 29, 32, 34, 35, 38, 39, 42] = [ 3,  8,  9, 11, 12, 18, 20, 21, 23, 24, 30, 31, 33, 37, 41]
    Truth table row=[=, >, =, =, =] ix=148 result=[36-] is correct

Test 36+:
    W0: [ 0,  4,  6,  7,  8, 10, 11, 15, 19, 20, 22, 23, 25, 28, 29, 30, 32, 33] = [ 1,  2,  3,  5,  9, 12, 13, 14, 16, 17, 18, 21, 24, 26, 27, 31, 34, 35]
    W1: [ 0,  4,  6,  7,  8, 10, 11, 15, 19, 20, 22, 23, 25, 31, 34, 35, 37] < [ 1,  2,  3,  5,  9, 12, 13, 14, 16, 17, 18, 21, 24, 26, 32, 33, 36]
    W2: [ 0,  4,  6,  7,  8, 18, 21, 24, 26, 28, 32, 33, 34, 35] = [ 1,  2,  3,  5, 19, 20, 22, 23, 25, 27, 29, 30, 31, 38]
    W3: [ 0, 10, 11, 16, 17, 19, 20, 24, 26, 29, 35, 38, 39, 40, 41] = [ 1,  2,  6,  7,  8,  9, 15, 18, 25, 28, 30, 31, 32, 33, 34]
    W4: [ 0,  2,  5,  6, 14, 15, 17, 26, 29, 32, 34, 35, 38, 39, 42] = [ 3,  8,  9, 11, 12, 18, 20, 21, 23, 24, 30, 31, 33, 37, 41]
    Truth table row=[=, <, =, =, =] ix=94 result=[36+] is correct

Test 37-:
    W0: [ 0,  4,  6,  7,  8, 10, 11, 15, 19, 20, 22, 23, 25, 28, 29, 30, 32, 33] = [ 1,  2,  3,  5,  9, 12, 13, 14, 16, 17, 18, 21, 24, 26, 27, 31, 34, 35]
    W1: [ 0,  4,  6,  7,  8, 10, 11, 15, 19, 20, 22, 23, 25, 31, 34, 35, 37] < [ 1,  2,  3,  5,  9, 12, 13, 14, 16, 17, 18, 21, 24, 26, 32, 33, 36]
    W2: [ 0,  4,  6,  7,  8, 18, 21, 24, 26, 28, 32, 33, 34, 35] = [ 1,  2,  3,  5, 19, 20, 22, 23, 25, 27, 29, 30, 31, 38]
    W3: [ 0, 10, 11, 16, 17, 19, 20, 24, 26, 29, 35, 38, 39, 40, 41] = [ 1,  2,  6,  7,  8,  9, 15, 18, 25, 28, 30, 31, 32, 33, 34]
    W4: [ 0,  2,  5,  6, 14, 15, 17, 26, 29, 32, 34, 35, 38, 39, 42] > [ 3,  8,  9, 11, 12, 18, 20, 21, 23, 24, 30, 31, 33, 37, 41]
    Truth table row=[=, <, =, =, >] ix=95 result=[37-] is correct

Test 37+:
    W0: [ 0,  4,  6,  7,  8, 10, 11, 15, 19, 20, 22, 23, 25, 28, 29, 30, 32, 33] = [ 1,  2,  3,  5,  9, 12, 13, 14, 16, 17, 18, 21, 24, 26, 27, 31, 34, 35]
    W1: [ 0,  4,  6,  7,  8, 10, 11, 15, 19, 20, 22, 23, 25, 31, 34, 35, 37] > [ 1,  2,  3,  5,  9, 12, 13, 14, 16, 17, 18, 21, 24, 26, 32, 33, 36]
    W2: [ 0,  4,  6,  7,  8, 18, 21, 24, 26, 28, 32, 33, 34, 35] = [ 1,  2,  3,  5, 19, 20, 22, 23, 25, 27, 29, 30, 31, 38]
    W3: [ 0, 10, 11, 16, 17, 19, 20, 24, 26, 29, 35, 38, 39, 40, 41] = [ 1,  2,  6,  7,  8,  9, 15, 18, 25, 28, 30, 31, 32, 33, 34]
    W4: [ 0,  2,  5,  6, 14, 15, 17, 26, 29, 32, 34, 35, 38, 39, 42] < [ 3,  8,  9, 11, 12, 18, 20, 21, 23, 24, 30, 31, 33, 37, 41]
    Truth table row=[=, >, =, =, <] ix=147 result=[37+] is correct

Test 38-:
    W0: [ 0,  4,  6,  7,  8, 10, 11, 15, 19, 20, 22, 23, 25, 28, 29, 30, 32, 33] = [ 1,  2,  3,  5,  9, 12, 13, 14, 16, 17, 18, 21, 24, 26, 27, 31, 34, 35]
    W1: [ 0,  4,  6,  7,  8, 10, 11, 15, 19, 20, 22, 23, 25, 31, 34, 35, 37] = [ 1,  2,  3,  5,  9, 12, 13, 14, 16, 17, 18, 21, 24, 26, 32, 33, 36]
    W2: [ 0,  4,  6,  7,  8, 18, 21, 24, 26, 28, 32, 33, 34, 35] > [ 1,  2,  3,  5, 19, 20, 22, 23, 25, 27, 29, 30, 31, 38]
    W3: [ 0, 10, 11, 16, 17, 19, 20, 24, 26, 29, 35, 38, 39, 40, 41] < [ 1,  2,  6,  7,  8,  9, 15, 18, 25, 28, 30, 31, 32, 33, 34]
    W4: [ 0,  2,  5,  6, 14, 15, 17, 26, 29, 32, 34, 35, 38, 39, 42] < [ 3,  8,  9, 11, 12, 18, 20, 21, 23, 24, 30, 31, 33, 37, 41]
    Truth table row=[=, =, >, <, <] ix=126 result=[38-] is correct

Test 38+:
    W0: [ 0,  4,  6,  7,  8, 10, 11, 15, 19, 20, 22, 23, 25, 28, 29, 30, 32, 33] = [ 1,  2,  3,  5,  9, 12, 13, 14, 16, 17, 18, 21, 24, 26, 27, 31, 34, 35]
    W1: [ 0,  4,  6,  7,  8, 10, 11, 15, 19, 20, 22, 23, 25, 31, 34, 35, 37] = [ 1,  2,  3,  5,  9, 12, 13, 14, 16, 17, 18, 21, 24, 26, 32, 33, 36]
    W2: [ 0,  4,  6,  7,  8, 18, 21, 24, 26, 28, 32, 33, 34, 35] < [ 1,  2,  3,  5, 19, 20, 22, 23, 25, 27, 29, 30, 31, 38]
    W3: [ 0, 10, 11, 16, 17, 19, 20, 24, 26, 29, 35, 38, 39, 40, 41] > [ 1,  2,  6,  7,  8,  9, 15, 18, 25, 28, 30, 31, 32, 33, 34]
    W4: [ 0,  2,  5,  6, 14, 15, 17, 26, 29, 32, 34, 35, 38, 39, 42] > [ 3,  8,  9, 11, 12, 18, 20, 21, 23, 24, 30, 31, 33, 37, 41]
    Truth table row=[=, =, <, >, >] ix=116 result=[38+] is correct

Test 39-:
    W0: [ 0,  4,  6,  7,  8, 10, 11, 15, 19, 20, 22, 23, 25, 28, 29, 30, 32, 33] = [ 1,  2,  3,  5,  9, 12, 13, 14, 16, 17, 18, 21, 24, 26, 27, 31, 34, 35]
    W1: [ 0,  4,  6,  7,  8, 10, 11, 15, 19, 20, 22, 23, 25, 31, 34, 35, 37] = [ 1,  2,  3,  5,  9, 12, 13, 14, 16, 17, 18, 21, 24, 26, 32, 33, 36]
    W2: [ 0,  4,  6,  7,  8, 18, 21, 24, 26, 28, 32, 33, 34, 35] = [ 1,  2,  3,  5, 19, 20, 22, 23, 25, 27, 29, 30, 31, 38]
    W3: [ 0, 10, 11, 16, 17, 19, 20, 24, 26, 29, 35, 38, 39, 40, 41] < [ 1,  2,  6,  7,  8,  9, 15, 18, 25, 28, 30, 31, 32, 33, 34]
    W4: [ 0,  2,  5,  6, 14, 15, 17, 26, 29, 32, 34, 35, 38, 39, 42] < [ 3,  8,  9, 11, 12, 18, 20, 21, 23, 24, 30, 31, 33, 37, 41]
    Truth table row=[=, =, =, <, <] ix=117 result=[39-] is correct

Test 39+:
    W0: [ 0,  4,  6,  7,  8, 10, 11, 15, 19, 20, 22, 23, 25, 28, 29, 30, 32, 33] = [ 1,  2,  3,  5,  9, 12, 13, 14, 16, 17, 18, 21, 24, 26, 27, 31, 34, 35]
    W1: [ 0,  4,  6,  7,  8, 10, 11, 15, 19, 20, 22, 23, 25, 31, 34, 35, 37] = [ 1,  2,  3,  5,  9, 12, 13, 14, 16, 17, 18, 21, 24, 26, 32, 33, 36]
    W2: [ 0,  4,  6,  7,  8, 18, 21, 24, 26, 28, 32, 33, 34, 35] = [ 1,  2,  3,  5, 19, 20, 22, 23, 25, 27, 29, 30, 31, 38]
    W3: [ 0, 10, 11, 16, 17, 19, 20, 24, 26, 29, 35, 38, 39, 40, 41] > [ 1,  2,  6,  7,  8,  9, 15, 18, 25, 28, 30, 31, 32, 33, 34]
    W4: [ 0,  2,  5,  6, 14, 15, 17, 26, 29, 32, 34, 35, 38, 39, 42] > [ 3,  8,  9, 11, 12, 18, 20, 21, 23, 24, 30, 31, 33, 37, 41]
    Truth table row=[=, =, =, >, >] ix=125 result=[39+] is correct

Test 40-:
    W0: [ 0,  4,  6,  7,  8, 10, 11, 15, 19, 20, 22, 23, 25, 28, 29, 30, 32, 33] = [ 1,  2,  3,  5,  9, 12, 13, 14, 16, 17, 18, 21, 24, 26, 27, 31, 34, 35]
    W1: [ 0,  4,  6,  7,  8, 10, 11, 15, 19, 20, 22, 23, 25, 31, 34, 35, 37] = [ 1,  2,  3,  5,  9, 12, 13, 14, 16, 17, 18, 21, 24, 26, 32, 33, 36]
    W2: [ 0,  4,  6,  7,  8, 18, 21, 24, 26, 28, 32, 33, 34, 35] = [ 1,  2,  3,  5, 19, 20, 22, 23, 25, 27, 29, 30, 31, 38]
    W3: [ 0, 10, 11, 16, 17, 19, 20, 24, 26, 29, 35, 38, 39, 40, 41] < [ 1,  2,  6,  7,  8,  9, 15, 18, 25, 28, 30, 31, 32, 33, 34]
    W4: [ 0,  2,  5,  6, 14, 15, 17, 26, 29, 32, 34, 35, 38, 39, 42] = [ 3,  8,  9, 11, 12, 18, 20, 21, 23, 24, 30, 31, 33, 37, 41]
    Truth table row=[=, =, =, <, =] ix=118 result=[40-] is correct

Test 40+:
    W0: [ 0,  4,  6,  7,  8, 10, 11, 15, 19, 20, 22, 23, 25, 28, 29, 30, 32, 33] = [ 1,  2,  3,  5,  9, 12, 13, 14, 16, 17, 18, 21, 24, 26, 27, 31, 34, 35]
    W1: [ 0,  4,  6,  7,  8, 10, 11, 15, 19, 20, 22, 23, 25, 31, 34, 35, 37] = [ 1,  2,  3,  5,  9, 12, 13, 14, 16, 17, 18, 21, 24, 26, 32, 33, 36]
    W2: [ 0,  4,  6,  7,  8, 18, 21, 24, 26, 28, 32, 33, 34, 35] = [ 1,  2,  3,  5, 19, 20, 22, 23, 25, 27, 29, 30, 31, 38]
    W3: [ 0, 10, 11, 16, 17, 19, 20, 24, 26, 29, 35, 38, 39, 40, 41] > [ 1,  2,  6,  7,  8,  9, 15, 18, 25, 28, 30, 31, 32, 33, 34]
    W4: [ 0,  2,  5,  6, 14, 15, 17, 26, 29, 32, 34, 35, 38, 39, 42] = [ 3,  8,  9, 11, 12, 18, 20, 21, 23, 24, 30, 31, 33, 37, 41]
    Truth table row=[=, =, =, >, =] ix=124 result=[40+] is correct

Test 41-:
    W0: [ 0,  4,  6,  7,  8, 10, 11, 15, 19, 20, 22, 23, 25, 28, 29, 30, 32, 33] = [ 1,  2,  3,  5,  9, 12, 13, 14, 16, 17, 18, 21, 24, 26, 27, 31, 34, 35]
    W1: [ 0,  4,  6,  7,  8, 10, 11, 15, 19, 20, 22, 23, 25, 31, 34, 35, 37] = [ 1,  2,  3,  5,  9, 12, 13, 14, 16, 17, 18, 21, 24, 26, 32, 33, 36]
    W2: [ 0,  4,  6,  7,  8, 18, 21, 24, 26, 28, 32, 33, 34, 35] = [ 1,  2,  3,  5, 19, 20, 22, 23, 25, 27, 29, 30, 31, 38]
    W3: [ 0, 10, 11, 16, 17, 19, 20, 24, 26, 29, 35, 38, 39, 40, 41] < [ 1,  2,  6,  7,  8,  9, 15, 18, 25, 28, 30, 31, 32, 33, 34]
    W4: [ 0,  2,  5,  6, 14, 15, 17, 26, 29, 32, 34, 35, 38, 39, 42] > [ 3,  8,  9, 11, 12, 18, 20, 21, 23, 24, 30, 31, 33, 37, 41]
    Truth table row=[=, =, =, <, >] ix=119 result=[41-] is correct

Test 41+:
    W0: [ 0,  4,  6,  7,  8, 10, 11, 15, 19, 20, 22, 23, 25, 28, 29, 30, 32, 33] = [ 1,  2,  3,  5,  9, 12, 13, 14, 16, 17, 18, 21, 24, 26, 27, 31, 34, 35]
    W1: [ 0,  4,  6,  7,  8, 10, 11, 15, 19, 20, 22, 23, 25, 31, 34, 35, 37] = [ 1,  2,  3,  5,  9, 12, 13, 14, 16, 17, 18, 21, 24, 26, 32, 33, 36]
    W2: [ 0,  4,  6,  7,  8, 18, 21, 24, 26, 28, 32, 33, 34, 35] = [ 1,  2,  3,  5, 19, 20, 22, 23, 25, 27, 29, 30, 31, 38]
    W3: [ 0, 10, 11, 16, 17, 19, 20, 24, 26, 29, 35, 38, 39, 40, 41] > [ 1,  2,  6,  7,  8,  9, 15, 18, 25, 28, 30, 31, 32, 33, 34]
    W4: [ 0,  2,  5,  6, 14, 15, 17, 26, 29, 32, 34, 35, 38, 39, 42] < [ 3,  8,  9, 11, 12, 18, 20, 21, 23, 24, 30, 31, 33, 37, 41]
    Truth table row=[=, =, =, >, <] ix=123 result=[41+] is correct

Test 42-:
    W0: [ 0,  4,  6,  7,  8, 10, 11, 15, 19, 20, 22, 23, 25, 28, 29, 30, 32, 33] = [ 1,  2,  3,  5,  9, 12, 13, 14, 16, 17, 18, 21, 24, 26, 27, 31, 34, 35]
    W1: [ 0,  4,  6,  7,  8, 10, 11, 15, 19, 20, 22, 23, 25, 31, 34, 35, 37] = [ 1,  2,  3,  5,  9, 12, 13, 14, 16, 17, 18, 21, 24, 26, 32, 33, 36]
    W2: [ 0,  4,  6,  7,  8, 18, 21, 24, 26, 28, 32, 33, 34, 35] = [ 1,  2,  3,  5, 19, 20, 22, 23, 25, 27, 29, 30, 31, 38]
    W3: [ 0, 10, 11, 16, 17, 19, 20, 24, 26, 29, 35, 38, 39, 40, 41] = [ 1,  2,  6,  7,  8,  9, 15, 18, 25, 28, 30, 31, 32, 33, 34]
    W4: [ 0,  2,  5,  6, 14, 15, 17, 26, 29, 32, 34, 35, 38, 39, 42] < [ 3,  8,  9, 11, 12, 18, 20, 21, 23, 24, 30, 31, 33, 37, 41]
    Truth table row=[=, =, =, =, <] ix=120 result=[42-] is correct

Test 42+:
    W0: [ 0,  4,  6,  7,  8, 10, 11, 15, 19, 20, 22, 23, 25, 28, 29, 30, 32, 33] = [ 1,  2,  3,  5,  9, 12, 13, 14, 16, 17, 18, 21, 24, 26, 27, 31, 34, 35]
    W1: [ 0,  4,  6,  7,  8, 10, 11, 15, 19, 20, 22, 23, 25, 31, 34, 35, 37] = [ 1,  2,  3,  5,  9, 12, 13, 14, 16, 17, 18, 21, 24, 26, 32, 33, 36]
    W2: [ 0,  4,  6,  7,  8, 18, 21, 24, 26, 28, 32, 33, 34, 35] = [ 1,  2,  3,  5, 19, 20, 22, 23, 25, 27, 29, 30, 31, 38]
    W3: [ 0, 10, 11, 16, 17, 19, 20, 24, 26, 29, 35, 38, 39, 40, 41] = [ 1,  2,  6,  7,  8,  9, 15, 18, 25, 28, 30, 31, 32, 33, 34]
    W4: [ 0,  2,  5,  6, 14, 15, 17, 26, 29, 32, 34, 35, 38, 39, 42] > [ 3,  8,  9, 11, 12, 18, 20, 21, 23, 24, 30, 31, 33, 37, 41]
    Truth table row=[=, =, =, =, >] ix=122 result=[42+] is correct

Total correct results: 86
Total incorrect results: 0
