Solving for 33 balls and 5 weighings.
Using symmetry breaking strategy TruthTableAscending.

Solution:
W0: [ 0,  2,  4,  6,  9, 11, 13] <=> [ 1,  3,  5,  7,  8, 10, 12]
W1: [ 0,  2,  4,  6, 10, 12, 15, 17, 18, 19, 21, 23] <=> [ 1,  3,  5,  7,  9, 11, 13, 14, 16, 20, 22, 24]
W2: [ 0,  2,  5,  7,  9, 15, 20, 22, 24, 25, 28] <=> [ 1,  3,  6, 10, 13, 14, 16, 21, 23, 26, 27]
W3: [ 0,  3,  7,  8,  9, 12, 15, 17, 21, 24, 25, 26, 27, 31] <=> [ 2,  4,  5,  6, 11, 13, 14, 18, 19, 20, 23, 28, 29, 30]
W4: [ 1,  2,  4,  7,  8,  9, 11, 12, 16, 18, 22, 23, 24, 32] <=> [ 0,  5, 10, 13, 15, 17, 19, 20, 21, 25, 26, 28, 29, 31]

Truth Table:
ix  W0  W1  W2  W3  W4   Result
 0   <   <   <   <   <
 1   <   <   <   <   =
 2   <   <   <   <   >   0-
 3   <   <   <   =   <
 4   <   <   <   =   =
 5   <   <   <   =   >   1+
 6   <   <   <   >   <   2-
 7   <   <   <   >   =   3+
 8   <   <   <   >   >
 9   <   <   =   <   <
10   <   <   =   <   =
11   <   <   =   <   >
12   <   <   =   =   <
13   <   <   =   =   =
14   <   <   =   =   >
15   <   <   =   >   <   4-
16   <   <   =   >   =
17   <   <   =   >   >
18   <   <   >   <   <   5+
19   <   <   >   <   =
20   <   <   >   <   >
21   <   <   >   =   <
22   <   <   >   =   =
23   <   <   >   =   >
24   <   <   >   >   <
25   <   <   >   >   =   6-
26   <   <   >   >   >   7+
27   <   =   <   <   <
28   <   =   <   <   =
29   <   =   <   <   >
30   <   =   <   =   <
31   <   =   <   =   =
32   <   =   <   =   >
33   <   =   <   >   <
34   <   =   <   >   =
35   <   =   <   >   >
36   <   =   =   <   <
37   <   =   =   <   =
38   <   =   =   <   >
39   <   =   =   =   <
40   <   =   =   =   =
41   <   =   =   =   >
42   <   =   =   >   <
43   <   =   =   >   =
44   <   =   =   >   >   8+
45   <   =   >   <   <
46   <   =   >   <   =
47   <   =   >   <   >
48   <   =   >   =   <
49   <   =   >   =   =
50   <   =   >   =   >
51   <   =   >   >   <
52   <   =   >   >   =
53   <   =   >   >   >
54   <   >   <   <   <   9-
55   <   >   <   <   =
56   <   >   <   <   >
57   <   >   <   =   <   10+
58   <   >   <   =   =
59   <   >   <   =   >
60   <   >   <   >   <
61   <   >   <   >   =
62   <   >   <   >   >
63   <   >   =   <   <
64   <   >   =   <   =
65   <   >   =   <   >
66   <   >   =   =   <
67   <   >   =   =   =
68   <   >   =   =   >
69   <   >   =   >   <   11-
70   <   >   =   >   =
71   <   >   =   >   >   12+
72   <   >   >   <   <
73   <   >   >   <   =
74   <   >   >   <   >
75   <   >   >   =   <
76   <   >   >   =   =
77   <   >   >   =   >
78   <   >   >   >   <
79   <   >   >   >   =
80   <   >   >   >   >   13-
81   =   <   <   <   <
82   =   <   <   <   =   14+
83   =   <   <   <   >   15-
84   =   <   <   =   <
85   =   <   <   =   =
86   =   <   <   =   >   16+
87   =   <   <   >   <
88   =   <   <   >   =
89   =   <   <   >   >
90   =   <   =   <   <
91   =   <   =   <   =
92   =   <   =   <   >   17-
93   =   <   =   =   <
94   =   <   =   =   =
95   =   <   =   =   >
96   =   <   =   >   <   18-
97   =   <   =   >   =
98   =   <   =   >   >   19-
99   =   <   >   <   <   20+
100   =   <   >   <   =
101   =   <   >   <   >   21-
102   =   <   >   =   <
103   =   <   >   =   =
104   =   <   >   =   >   22+
105   =   <   >   >   <   23-
106   =   <   >   >   =
107   =   <   >   >   >   24+
108   =   =   <   <   <
109   =   =   <   <   =
110   =   =   <   <   >   25-
111   =   =   <   =   <
112   =   =   <   =   =
113   =   =   <   =   >
114   =   =   <   >   <   26+
115   =   =   <   >   =   27+
116   =   =   <   >   >   28-
117   =   =   =   <   <   29+
118   =   =   =   <   =   30+
119   =   =   =   <   >   31-
120   =   =   =   =   <   32-
121   =   =   =   =   =
122   =   =   =   =   >   32+
123   =   =   =   >   <   31+
124   =   =   =   >   =   30-
125   =   =   =   >   >   29-
126   =   =   >   <   <   28+
127   =   =   >   <   =   27-
128   =   =   >   <   >   26-
129   =   =   >   =   <
130   =   =   >   =   =
131   =   =   >   =   >
132   =   =   >   >   <   25+
133   =   =   >   >   =
134   =   =   >   >   >
135   =   >   <   <   <   24-
136   =   >   <   <   =
137   =   >   <   <   >   23+
138   =   >   <   =   <   22-
139   =   >   <   =   =
140   =   >   <   =   >
141   =   >   <   >   <   21+
142   =   >   <   >   =
143   =   >   <   >   >   20-
144   =   >   =   <   <   19+
145   =   >   =   <   =
146   =   >   =   <   >   18+
147   =   >   =   =   <
148   =   >   =   =   =
149   =   >   =   =   >
150   =   >   =   >   <   17+
151   =   >   =   >   =
152   =   >   =   >   >
153   =   >   >   <   <
154   =   >   >   <   =
155   =   >   >   <   >
156   =   >   >   =   <   16-
157   =   >   >   =   =
158   =   >   >   =   >
159   =   >   >   >   <   15+
160   =   >   >   >   =   14-
161   =   >   >   >   >
162   >   <   <   <   <   13+
163   >   <   <   <   =
164   >   <   <   <   >
165   >   <   <   =   <
166   >   <   <   =   =
167   >   <   <   =   >
168   >   <   <   >   <
169   >   <   <   >   =
170   >   <   <   >   >
171   >   <   =   <   <   12-
172   >   <   =   <   =
173   >   <   =   <   >   11+
174   >   <   =   =   <
175   >   <   =   =   =
176   >   <   =   =   >
177   >   <   =   >   <
178   >   <   =   >   =
179   >   <   =   >   >
180   >   <   >   <   <
181   >   <   >   <   =
182   >   <   >   <   >
183   >   <   >   =   <
184   >   <   >   =   =
185   >   <   >   =   >   10-
186   >   <   >   >   <
187   >   <   >   >   =
188   >   <   >   >   >   9+
189   >   =   <   <   <
190   >   =   <   <   =
191   >   =   <   <   >
192   >   =   <   =   <
193   >   =   <   =   =
194   >   =   <   =   >
195   >   =   <   >   <
196   >   =   <   >   =
197   >   =   <   >   >
198   >   =   =   <   <   8-
199   >   =   =   <   =
200   >   =   =   <   >
201   >   =   =   =   <
202   >   =   =   =   =
203   >   =   =   =   >
204   >   =   =   >   <
205   >   =   =   >   =
206   >   =   =   >   >
207   >   =   >   <   <
208   >   =   >   <   =
209   >   =   >   <   >
210   >   =   >   =   <
211   >   =   >   =   =
212   >   =   >   =   >
213   >   =   >   >   <
214   >   =   >   >   =
215   >   =   >   >   >
216   >   >   <   <   <   7-
217   >   >   <   <   =   6+
218   >   >   <   <   >
219   >   >   <   =   <
220   >   >   <   =   =
221   >   >   <   =   >
222   >   >   <   >   <
223   >   >   <   >   =
224   >   >   <   >   >   5-
225   >   >   =   <   <
226   >   >   =   <   =
227   >   >   =   <   >   4+
228   >   >   =   =   <
229   >   >   =   =   =
230   >   >   =   =   >
231   >   >   =   >   <
232   >   >   =   >   =
233   >   >   =   >   >
234   >   >   >   <   <
235   >   >   >   <   =   3-
236   >   >   >   <   >   2+
237   >   >   >   =   <   1-
238   >   >   >   =   =
239   >   >   >   =   >
240   >   >   >   >   <   0+
241   >   >   >   >   =
242   >   >   >   >   >

Test 0-:
    W0: [ 0,  2,  4,  6,  9, 11, 13] < [ 1,  3,  5,  7,  8, 10, 12]
    W1: [ 0,  2,  4,  6, 10, 12, 15, 17, 18, 19, 21, 23] < [ 1,  3,  5,  7,  9, 11, 13, 14, 16, 20, 22, 24]
    W2: [ 0,  2,  5,  7,  9, 15, 20, 22, 24, 25, 28] < [ 1,  3,  6, 10, 13, 14, 16, 21, 23, 26, 27]
    W3: [ 0,  3,  7,  8,  9, 12, 15, 17, 21, 24, 25, 26, 27, 31] < [ 2,  4,  5,  6, 11, 13, 14, 18, 19, 20, 23, 28, 29, 30]
    W4: [ 1,  2,  4,  7,  8,  9, 11, 12, 16, 18, 22, 23, 24, 32] > [ 0,  5, 10, 13, 15, 17, 19, 20, 21, 25, 26, 28, 29, 31]
    Truth table row=[<, <, <, <, >] ix=2 result=[0-] is correct

Test 0+:
    W0: [ 0,  2,  4,  6,  9, 11, 13] > [ 1,  3,  5,  7,  8, 10, 12]
    W1: [ 0,  2,  4,  6, 10, 12, 15, 17, 18, 19, 21, 23] > [ 1,  3,  5,  7,  9, 11, 13, 14, 16, 20, 22, 24]
    W2: [ 0,  2,  5,  7,  9, 15, 20, 22, 24, 25, 28] > [ 1,  3,  6, 10, 13, 14, 16, 21, 23, 26, 27]
    W3: [ 0,  3,  7,  8,  9, 12, 15, 17, 21, 24, 25, 26, 27, 31] > [ 2,  4,  5,  6, 11, 13, 14, 18, 19, 20, 23, 28, 29, 30]
    W4: [ 1,  2,  4,  7,  8,  9, 11, 12, 16, 18, 22, 23, 24, 32] < [ 0,  5, 10, 13, 15, 17, 19, 20, 21, 25, 26, 28, 29, 31]
    Truth table row=[>, >, >, >, <] ix=240 result=[0+] is correct

Test 1-:
    W0: [ 0,  2,  4,  6,  9, 11, 13] > [ 1,  3,  5,  7,  8, 10, 12]
    W1: [ 0,  2,  4,  6, 10, 12, 15, 17, 18, 19, 21, 23] > [ 1,  3,  5,  7,  9, 11, 13, 14, 16, 20, 22, 24]
    W2: [ 0,  2,  5,  7,  9, 15, 20, 22, 24, 25, 28] > [ 1,  3,  6, 10, 13, 14, 16, 21, 23, 26, 27]
    W3: [ 0,  3,  7,  8,  9, 12, 15, 17, 21, 24, 25, 26, 27, 31] = [ 2,  4,  5,  6, 11, 13, 14, 18, 19, 20, 23, 28, 29, 30]
    W4: [ 1,  2,  4,  7,  8,  9, 11, 12, 16, 18, 22, 23, 24, 32] < [ 0,  5, 10, 13, 15, 17, 19, 20, 21, 25, 26, 28, 29, 31]
    Truth table row=[>, >, >, =, <] ix=237 result=[1-] is correct

Test 1+:
    W0: [ 0,  2,  4,  6,  9, 11, 13] < [ 1,  3,  5,  7,  8, 10, 12]
    W1: [ 0,  2,  4,  6, 10, 12, 15, 17, 18, 19, 21, 23] < [ 1,  3,  5,  7,  9, 11, 13, 14, 16, 20, 22, 24]
    W2: [ 0,  2,  5,  7,  9, 15, 20, 22, 24, 25, 28] < [ 1,  3,  6, 10, 13, 14, 16, 21, 23, 26, 27]
    W3: [ 0,  3,  7,  8,  9, 12, 15, 17, 21, 24, 25, 26, 27, 31] = [ 2,  4,  5,  6, 11, 13, 14, 18, 19, 20, 23, 28, 29, 30]
    W4: [ 1,  2,  4,  7,  8,  9, 11, 12, 16, 18, 22, 23, 24, 32] > [ 0,  5, 10, 13, 15, 17, 19, 20, 21, 25, 26, 28, 29, 31]
    Truth table row=[<, <, <, =, >] ix=5 result=[1+] is correct

Test 2-:
    W0: [ 0,  2,  4,  6,  9, 11, 13] < [ 1,  3,  5,  7,  8, 10, 12]
    W1: [ 0,  2,  4,  6, 10, 12, 15, 17, 18, 19, 21, 23] < [ 1,  3,  5,  7,  9, 11, 13, 14, 16, 20, 22, 24]
    W2: [ 0,  2,  5,  7,  9, 15, 20, 22, 24, 25, 28] < [ 1,  3,  6, 10, 13, 14, 16, 21, 23, 26, 27]
    W3: [ 0,  3,  7,  8,  9, 12, 15, 17, 21, 24, 25, 26, 27, 31] > [ 2,  4,  5,  6, 11, 13, 14, 18, 19, 20, 23, 28, 29, 30]
    W4: [ 1,  2,  4,  7,  8,  9, 11, 12, 16, 18, 22, 23, 24, 32] < [ 0,  5, 10, 13, 15, 17, 19, 20, 21, 25, 26, 28, 29, 31]
    Truth table row=[<, <, <, >, <] ix=6 result=[2-] is correct

Test 2+:
    W0: [ 0,  2,  4,  6,  9, 11, 13] > [ 1,  3,  5,  7,  8, 10, 12]
    W1: [ 0,  2,  4,  6, 10, 12, 15, 17, 18, 19, 21, 23] > [ 1,  3,  5,  7,  9, 11, 13, 14, 16, 20, 22, 24]
    W2: [ 0,  2,  5,  7,  9, 15, 20, 22, 24, 25, 28] > [ 1,  3,  6, 10, 13, 14, 16, 21, 23, 26, 27]
    W3: [ 0,  3,  7,  8,  9, 12, 15, 17, 21, 24, 25, 26, 27, 31] < [ 2,  4,  5,  6, 11, 13, 14, 18, 19, 20, 23, 28, 29, 30]
    W4: [ 1,  2,  4,  7,  8,  9, 11, 12, 16, 18, 22, 23, 24, 32] > [ 0,  5, 10, 13, 15, 17, 19, 20, 21, 25, 26, 28, 29, 31]
    Truth table row=[>, >, >, <, >] ix=236 result=[2+] is correct

Test 3-:
    W0: [ 0,  2,  4,  6,  9, 11, 13] > [ 1,  3,  5,  7,  8, 10, 12]
    W1: [ 0,  2,  4,  6, 10, 12, 15, 17, 18, 19, 21, 23] > [ 1,  3,  5,  7,  9, 11, 13, 14, 16, 20, 22, 24]
    W2: [ 0,  2,  5,  7,  9, 15, 20, 22, 24, 25, 28] > [ 1,  3,  6, 10, 13, 14, 16, 21, 23, 26, 27]
    W3: [ 0,  3,  7,  8,  9, 12, 15, 17, 21, 24, 25, 26, 27, 31] < [ 2,  4,  5,  6, 11, 13, 14, 18, 19, 20, 23, 28, 29, 30]
    W4: [ 1,  2,  4,  7,  8,  9, 11, 12, 16, 18, 22, 23, 24, 32] = [ 0,  5, 10, 13, 15, 17, 19, 20, 21, 25, 26, 28, 29, 31]
    Truth table row=[>, >, >, <, =] ix=235 result=[3-] is correct

Test 3+:
    W0: [ 0,  2,  4,  6,  9, 11, 13] < [ 1,  3,  5,  7,  8, 10, 12]
    W1: [ 0,  2,  4,  6, 10, 12, 15, 17, 18, 19, 21, 23] < [ 1,  3,  5,  7,  9, 11, 13, 14, 16, 20, 22, 24]
    W2: [ 0,  2,  5,  7,  9, 15, 20, 22, 24, 25, 28] < [ 1,  3,  6, 10, 13, 14, 16, 21, 23, 26, 27]
    W3: [ 0,  3,  7,  8,  9, 12, 15, 17, 21, 24, 25, 26, 27, 31] > [ 2,  4,  5,  6, 11, 13, 14, 18, 19, 20, 23, 28, 29, 30]
    W4: [ 1,  2,  4,  7,  8,  9, 11, 12, 16, 18, 22, 23, 24, 32] = [ 0,  5, 10, 13, 15, 17, 19, 20, 21, 25, 26, 28, 29, 31]
    Truth table row=[<, <, <, >, =] ix=7 result=[3+] is correct

Test 4-:
    W0: [ 0,  2,  4,  6,  9, 11, 13] < [ 1,  3,  5,  7,  8, 10, 12]
    W1: [ 0,  2,  4,  6, 10, 12, 15, 17, 18, 19, 21, 23] < [ 1,  3,  5,  7,  9, 11, 13, 14, 16, 20, 22, 24]
    W2: [ 0,  2,  5,  7,  9, 15, 20, 22, 24, 25, 28] = [ 1,  3,  6, 10, 13, 14, 16, 21, 23, 26, 27]
    W3: [ 0,  3,  7,  8,  9, 12, 15, 17, 21, 24, 25, 26, 27, 31] > [ 2,  4,  5,  6, 11, 13, 14, 18, 19, 20, 23, 28, 29, 30]
    W4: [ 1,  2,  4,  7,  8,  9, 11, 12, 16, 18, 22, 23, 24, 32] < [ 0,  5, 10, 13, 15, 17, 19, 20, 21, 25, 26, 28, 29, 31]
    Truth table row=[<, <, =, >, <] ix=15 result=[4-] is correct

Test 4+:
    W0: [ 0,  2,  4,  6,  9, 11, 13] > [ 1,  3,  5,  7,  8, 10, 12]
    W1: [ 0,  2,  4,  6, 10, 12, 15, 17, 18, 19, 21, 23] > [ 1,  3,  5,  7,  9, 11, 13, 14, 16, 20, 22, 24]
    W2: [ 0,  2,  5,  7,  9, 15, 20, 22, 24, 25, 28] = [ 1,  3,  6, 10, 13, 14, 16, 21, 23, 26, 27]
    W3: [ 0,  3,  7,  8,  9, 12, 15, 17, 21, 24, 25, 26, 27, 31] < [ 2,  4,  5,  6, 11, 13, 14, 18, 19, 20, 23, 28, 29, 30]
    W4: [ 1,  2,  4,  7,  8,  9, 11, 12, 16, 18, 22, 23, 24, 32] > [ 0,  5, 10, 13, 15, 17, 19, 20, 21, 25, 26, 28, 29, 31]
    Truth table row=[>, >, =, <, >] ix=227 result=[4+] is correct

Test 5-:
    W0: [ 0,  2,  4,  6,  9, 11, 13] > [ 1,  3,  5,  7,  8, 10, 12]
    W1: [ 0,  2,  4,  6, 10, 12, 15, 17, 18, 19, 21, 23] > [ 1,  3,  5,  7,  9, 11, 13, 14, 16, 20, 22, 24]
    W2: [ 0,  2,  5,  7,  9, 15, 20, 22, 24, 25, 28] < [ 1,  3,  6, 10, 13, 14, 16, 21, 23, 26, 27]
    W3: [ 0,  3,  7,  8,  9, 12, 15, 17, 21, 24, 25, 26, 27, 31] > [ 2,  4,  5,  6, 11, 13, 14, 18, 19, 20, 23, 28, 29, 30]
    W4: [ 1,  2,  4,  7,  8,  9, 11, 12, 16, 18, 22, 23, 24, 32] > [ 0,  5, 10, 13, 15, 17, 19, 20, 21, 25, 26, 28, 29, 31]
    Truth table row=[>, >, <, >, >] ix=224 result=[5-] is correct

Test 5+:
    W0: [ 0,  2,  4,  6,  9, 11, 13] < [ 1,  3,  5,  7,  8, 10, 12]
    W1: [ 0,  2,  4,  6, 10, 12, 15, 17, 18, 19, 21, 23] < [ 1,  3,  5,  7,  9, 11, 13, 14, 16, 20, 22, 24]
    W2: [ 0,  2,  5,  7,  9, 15, 20, 22, 24, 25, 28] > [ 1,  3,  6, 10, 13, 14, 16, 21, 23, 26, 27]
    W3: [ 0,  3,  7,  8,  9, 12, 15, 17, 21, 24, 25, 26, 27, 31] < [ 2,  4,  5,  6, 11, 13, 14, 18, 19, 20, 23, 28, 29, 30]
    W4: [ 1,  2,  4,  7,  8,  9, 11, 12, 16, 18, 22, 23, 24, 32] < [ 0,  5, 10, 13, 15, 17, 19, 20, 21, 25, 26, 28, 29, 31]
    Truth table row=[<, <, >, <, <] ix=18 result=[5+] is correct

Test 6-:
    W0: [ 0,  2,  4,  6,  9, 11, 13] < [ 1,  3,  5,  7,  8, 10, 12]
    W1: [ 0,  2,  4,  6, 10, 12, 15, 17, 18, 19, 21, 23] < [ 1,  3,  5,  7,  9, 11, 13, 14, 16, 20, 22, 24]
    W2: [ 0,  2,  5,  7,  9, 15, 20, 22, 24, 25, 28] > [ 1,  3,  6, 10, 13, 14, 16, 21, 23, 26, 27]
    W3: [ 0,  3,  7,  8,  9, 12, 15, 17, 21, 24, 25, 26, 27, 31] > [ 2,  4,  5,  6, 11, 13, 14, 18, 19, 20, 23, 28, 29, 30]
    W4: [ 1,  2,  4,  7,  8,  9, 11, 12, 16, 18, 22, 23, 24, 32] = [ 0,  5, 10, 13, 15, 17, 19, 20, 21, 25, 26, 28, 29, 31]
    Truth table row=[<, <, >, >, =] ix=25 result=[6-] is correct

Test 6+:
    W0: [ 0,  2,  4,  6,  9, 11, 13] > [ 1,  3,  5,  7,  8, 10, 12]
    W1: [ 0,  2,  4,  6, 10, 12, 15, 17, 18, 19, 21, 23] > [ 1,  3,  5,  7,  9, 11, 13, 14, 16, 20, 22, 24]
    W2: [ 0,  2,  5,  7,  9, 15, 20, 22, 24, 25, 28] < [ 1,  3,  6, 10, 13, 14, 16, 21, 23, 26, 27]
    W3: [ 0,  3,  7,  8,  9, 12, 15, 17, 21, 24, 25, 26, 27, 31] < [ 2,  4,  5,  6, 11, 13, 14, 18, 19, 20, 23, 28, 29, 30]
    W4: [ 1,  2,  4,  7,  8,  9, 11, 12, 16, 18, 22, 23, 24, 32] = [ 0,  5, 10, 13, 15, 17, 19, 20, 21, 25, 26, 28, 29, 31]
    Truth table row=[>, >, <, <, =] ix=217 result=[6+] is correct

Test 7-:
    W0: [ 0,  2,  4,  6,  9, 11, 13] > [ 1,  3,  5,  7,  8, 10, 12]
    W1: [ 0,  2,  4,  6, 10, 12, 15, 17, 18, 19, 21, 23] > [ 1,  3,  5,  7,  9, 11, 13, 14, 16, 20, 22, 24]
    W2: [ 0,  2,  5,  7,  9, 15, 20, 22, 24, 25, 28] < [ 1,  3,  6, 10, 13, 14, 16, 21, 23, 26, 27]
    W3: [ 0,  3,  7,  8,  9, 12, 15, 17, 21, 24, 25, 26, 27, 31] < [ 2,  4,  5,  6, 11, 13, 14, 18, 19, 20, 23, 28, 29, 30]
    W4: [ 1,  2,  4,  7,  8,  9, 11, 12, 16, 18, 22, 23, 24, 32] < [ 0,  5, 10, 13, 15, 17, 19, 20, 21, 25, 26, 28, 29, 31]
    Truth table row=[>, >, <, <, <] ix=216 result=[7-] is correct

Test 7+:
    W0: [ 0,  2,  4,  6,  9, 11, 13] < [ 1,  3,  5,  7,  8, 10, 12]
    W1: [ 0,  2,  4,  6, 10, 12, 15, 17, 18, 19, 21, 23] < [ 1,  3,  5,  7,  9, 11, 13, 14, 16, 20, 22, 24]
    W2: [ 0,  2,  5,  7,  9, 15, 20, 22, 24, 25, 28] > [ 1,  3,  6, 10, 13, 14, 16, 21, 23, 26, 27]
    W3: [ 0,  3,  7,  8,  9, 12, 15, 17, 21, 24, 25, 26, 27, 31] > [ 2,  4,  5,  6, 11, 13, 14, 18, 19, 20, 23, 28, 29, 30]
    W4: [ 1,  2,  4,  7,  8,  9, 11, 12, 16, 18, 22, 23, 24, 32] > [ 0,  5, 10, 13, 15, 17, 19, 20, 21, 25, 26, 28, 29, 31]
    Truth table row=[<, <, >, >, >] ix=26 result=[7+] is correct

Test 8-:
    W0: [ 0,  2,  4,  6,  9, 11, 13] > [ 1,  3,  5,  7,  8, 10, 12]
    W1: [ 0,  2,  4,  6, 10, 12, 15, 17, 18, 19, 21, 23] = [ 1,  3,  5,  7,  9, 11, 13, 14, 16, 20, 22, 24]
    W2: [ 0,  2,  5,  7,  9, 15, 20, 22, 24, 25, 28] = [ 1,  3,  6, 10, 13, 14, 16, 21, 23, 26, 27]
    W3: [ 0,  3,  7,  8,  9, 12, 15, 17, 21, 24, 25, 26, 27, 31] < [ 2,  4,  5,  6, 11, 13, 14, 18, 19, 20, 23, 28, 29, 30]
    W4: [ 1,  2,  4,  7,  8,  9, 11, 12, 16, 18, 22, 23, 24, 32] < [ 0,  5, 10, 13, 15, 17, 19, 20, 21, 25, 26, 28, 29, 31]
    Truth table row=[>, =, =, <, <] ix=198 result=[8-] is correct

Test 8+:
    W0: [ 0,  2,  4,  6,  9, 11, 13] < [ 1,  3,  5,  7,  8, 10, 12]
    W1: [ 0,  2,  4,  6, 10, 12, 15, 17, 18, 19, 21, 23] = [ 1,  3,  5,  7,  9, 11, 13, 14, 16, 20, 22, 24]
    W2: [ 0,  2,  5,  7,  9, 15, 20, 22, 24, 25, 28] = [ 1,  3,  6, 10, 13, 14, 16, 21, 23, 26, 27]
    W3: [ 0,  3,  7,  8,  9, 12, 15, 17, 21, 24, 25, 26, 27, 31] > [ 2,  4,  5,  6, 11, 13, 14, 18, 19, 20, 23, 28, 29, 30]
    W4: [ 1,  2,  4,  7,  8,  9, 11, 12, 16, 18, 22, 23, 24, 32] > [ 0,  5, 10, 13, 15, 17, 19, 20, 21, 25, 26, 28, 29, 31]
    Truth table row=[<, =, =, >, >] ix=44 result=[8+] is correct

Test 9-:
    W0: [ 0,  2,  4,  6,  9, 11, 13] < [ 1,  3,  5,  7,  8, 10, 12]
    W1: [ 0,  2,  4,  6, 10, 12, 15, 17, 18, 19, 21, 23] > [ 1,  3,  5,  7,  9, 11, 13, 14, 16, 20, 22, 24]
    W2: [ 0,  2,  5,  7,  9, 15, 20, 22, 24, 25, 28] < [ 1,  3,  6, 10, 13, 14, 16, 21, 23, 26, 27]
    W3: [ 0,  3,  7,  8,  9, 12, 15, 17, 21, 24, 25, 26, 27, 31] < [ 2,  4,  5,  6, 11, 13, 14, 18, 19, 20, 23, 28, 29, 30]
    W4: [ 1,  2,  4,  7,  8,  9, 11, 12, 16, 18, 22, 23, 24, 32] < [ 0,  5, 10, 13, 15, 17, 19, 20, 21, 25, 26, 28, 29, 31]
    Truth table row=[<, >, <, <, <] ix=54 result=[9-] is correct

Test 9+:
    W0: [ 0,  2,  4,  6,  9, 11, 13] > [ 1,  3,  5,  7,  8, 10, 12]
    W1: [ 0,  2,  4,  6, 10, 12, 15, 17, 18, 19, 21, 23] < [ 1,  3,  5,  7,  9, 11, 13, 14, 16, 20, 22, 24]
    W2: [ 0,  2,  5,  7,  9, 15, 20, 22, 24, 25, 28] > [ 1,  3,  6, 10, 13, 14, 16, 21, 23, 26, 27]
    W3: [ 0,  3,  7,  8,  9, 12, 15, 17, 21, 24, 25, 26, 27, 31] > [ 2,  4,  5,  6, 11, 13, 14, 18, 19, 20, 23, 28, 29, 30]
    W4: [ 1,  2,  4,  7,  8,  9, 11, 12, 16, 18, 22, 23, 24, 32] > [ 0,  5, 10, 13, 15, 17, 19, 20, 21, 25, 26, 28, 29, 31]
    Truth table row=[>, <, >, >, >] ix=188 result=[9+] is correct

Test 10-:
    W0: [ 0,  2,  4,  6,  9, 11, 13] > [ 1,  3,  5,  7,  8, 10, 12]
    W1: [ 0,  2,  4,  6, 10, 12, 15, 17, 18, 19, 21, 23] < [ 1,  3,  5,  7,  9, 11, 13, 14, 16, 20, 22, 24]
    W2: [ 0,  2,  5,  7,  9, 15, 20, 22, 24, 25, 28] > [ 1,  3,  6, 10, 13, 14, 16, 21, 23, 26, 27]
    W3: [ 0,  3,  7,  8,  9, 12, 15, 17, 21, 24, 25, 26, 27, 31] = [ 2,  4,  5,  6, 11, 13, 14, 18, 19, 20, 23, 28, 29, 30]
    W4: [ 1,  2,  4,  7,  8,  9, 11, 12, 16, 18, 22, 23, 24, 32] > [ 0,  5, 10, 13, 15, 17, 19, 20, 21, 25, 26, 28, 29, 31]
    Truth table row=[>, <, >, =, >] ix=185 result=[10-] is correct

Test 10+:
    W0: [ 0,  2,  4,  6,  9, 11, 13] < [ 1,  3,  5,  7,  8, 10, 12]
    W1: [ 0,  2,  4,  6, 10, 12, 15, 17, 18, 19, 21, 23] > [ 1,  3,  5,  7,  9, 11, 13, 14, 16, 20, 22, 24]
    W2: [ 0,  2,  5,  7,  9, 15, 20, 22, 24, 25, 28] < [ 1,  3,  6, 10, 13, 14, 16, 21, 23, 26, 27]
    W3: [ 0,  3,  7,  8,  9, 12, 15, 17, 21, 24, 25, 26, 27, 31] = [ 2,  4,  5,  6, 11, 13, 14, 18, 19, 20, 23, 28, 29, 30]
    W4: [ 1,  2,  4,  7,  8,  9, 11, 12, 16, 18, 22, 23, 24, 32] < [ 0,  5, 10, 13, 15, 17, 19, 20, 21, 25, 26, 28, 29, 31]
    Truth table row=[<, >, <, =, <] ix=57 result=[10+] is correct

Test 11-:
    W0: [ 0,  2,  4,  6,  9, 11, 13] < [ 1,  3,  5,  7,  8, 10, 12]
    W1: [ 0,  2,  4,  6, 10, 12, 15, 17, 18, 19, 21, 23] > [ 1,  3,  5,  7,  9, 11, 13, 14, 16, 20, 22, 24]
    W2: [ 0,  2,  5,  7,  9, 15, 20, 22, 24, 25, 28] = [ 1,  3,  6, 10, 13, 14, 16, 21, 23, 26, 27]
    W3: [ 0,  3,  7,  8,  9, 12, 15, 17, 21, 24, 25, 26, 27, 31] > [ 2,  4,  5,  6, 11, 13, 14, 18, 19, 20, 23, 28, 29, 30]
    W4: [ 1,  2,  4,  7,  8,  9, 11, 12, 16, 18, 22, 23, 24, 32] < [ 0,  5, 10, 13, 15, 17, 19, 20, 21, 25, 26, 28, 29, 31]
    Truth table row=[<, >, =, >, <] ix=69 result=[11-] is correct

Test 11+:
    W0: [ 0,  2,  4,  6,  9, 11, 13] > [ 1,  3,  5,  7,  8, 10, 12]
    W1: [ 0,  2,  4,  6, 10, 12, 15, 17, 18, 19, 21, 23] < [ 1,  3,  5,  7,  9, 11, 13, 14, 16, 20, 22, 24]
    W2: [ 0,  2,  5,  7,  9, 15, 20, 22, 24, 25, 28] = [ 1,  3,  6, 10, 13, 14, 16, 21, 23, 26, 27]
    W3: [ 0,  3,  7,  8,  9, 12, 15, 17, 21, 24, 25, 26, 27, 31] < [ 2,  4,  5,  6, 11, 13, 14, 18, 19, 20, 23, 28, 29, 30]
    W4: [ 1,  2,  4,  7,  8,  9, 11, 12, 16, 18, 22, 23, 24, 32] > [ 0,  5, 10, 13, 15, 17, 19, 20, 21, 25, 26, 28, 29, 31]
    Truth table row=[>, <, =, <, >] ix=173 result=[11+] is correct

Test 12-:
    W0: [ 0,  2,  4,  6,  9, 11, 13] > [ 1,  3,  5,  7,  8, 10, 12]
    W1: [ 0,  2,  4,  6, 10, 12, 15, 17, 18, 19, 21, 23] < [ 1,  3,  5,  7,  9, 11, 13, 14, 16, 20, 22, 24]
    W2: [ 0,  2,  5,  7,  9, 15, 20, 22, 24, 25, 28] = [ 1,  3,  6, 10, 13, 14, 16, 21, 23, 26, 27]
    W3: [ 0,  3,  7,  8,  9, 12, 15, 17, 21, 24, 25, 26, 27, 31] < [ 2,  4,  5,  6, 11, 13, 14, 18, 19, 20, 23, 28, 29, 30]
    W4: [ 1,  2,  4,  7,  8,  9, 11, 12, 16, 18, 22, 23, 24, 32] < [ 0,  5, 10, 13, 15, 17, 19, 20, 21, 25, 26, 28, 29, 31]
    Truth table row=[>, <, =, <, <] ix=171 result=[12-] is correct

Test 12+:
    W0: [ 0,  2,  4,  6,  9, 11, 13] < [ 1,  3,  5,  7,  8, 10, 12]
    W1: [ 0,  2,  4,  6, 10, 12, 15, 17, 18, 19, 21, 23] > [ 1,  3,  5,  7,  9, 11, 13, 14, 16, 20, 22, 24]
    W2: [ 0,  2,  5,  7,  9, 15, 20, 22, 24, 25, 28] = [ 1,  3,  6, 10, 13, 14, 16, 21, 23, 26, 27]
    W3: [ 0,  3,  7,  8,  9, 12, 15, 17, 21, 24, 25, 26, 27, 31] > [ 2,  4,  5,  6, 11, 13, 14, 18, 19, 20, 23, 28, 29, 30]
    W4: [ 1,  2,  4,  7,  8,  9, 11, 12, 16, 18, 22, 23, 24, 32] > [ 0,  5, 10, 13, 15, 17, 19, 20, 21, 25, 26, 28, 29, 31]
    Truth table row=[<, >, =, >, >] ix=71 result=[12+] is correct

Test 13-:
    W0: [ 0,  2,  4,  6,  9, 11, 13] < [ 1,  3,  5,  7,  8, 10, 12]
    W1: [ 0,  2,  4,  6, 10, 12, 15, 17, 18, 19, 21, 23] > [ 1,  3,  5,  7,  9, 11, 13, 14, 16, 20, 22, 24]
    W2: [ 0,  2,  5,  7,  9, 15, 20, 22, 24, 25, 28] > [ 1,  3,  6, 10, 13, 14, 16, 21, 23, 26, 27]
    W3: [ 0,  3,  7,  8,  9, 12, 15, 17, 21, 24, 25, 26, 27, 31] > [ 2,  4,  5,  6, 11, 13, 14, 18, 19, 20, 23, 28, 29, 30]
    W4: [ 1,  2,  4,  7,  8,  9, 11, 12, 16, 18, 22, 23, 24, 32] > [ 0,  5, 10, 13, 15, 17, 19, 20, 21, 25, 26, 28, 29, 31]
    Truth table row=[<, >, >, >, >] ix=80 result=[13-] is correct

Test 13+:
    W0: [ 0,  2,  4,  6,  9, 11, 13] > [ 1,  3,  5,  7,  8, 10, 12]
    W1: [ 0,  2,  4,  6, 10, 12, 15, 17, 18, 19, 21, 23] < [ 1,  3,  5,  7,  9, 11, 13, 14, 16, 20, 22, 24]
    W2: [ 0,  2,  5,  7,  9, 15, 20, 22, 24, 25, 28] < [ 1,  3,  6, 10, 13, 14, 16, 21, 23, 26, 27]
    W3: [ 0,  3,  7,  8,  9, 12, 15, 17, 21, 24, 25, 26, 27, 31] < [ 2,  4,  5,  6, 11, 13, 14, 18, 19, 20, 23, 28, 29, 30]
    W4: [ 1,  2,  4,  7,  8,  9, 11, 12, 16, 18, 22, 23, 24, 32] < [ 0,  5, 10, 13, 15, 17, 19, 20, 21, 25, 26, 28, 29, 31]
    Truth table row=[>, <, <, <, <] ix=162 result=[13+] is correct

Test 14-:
    W0: [ 0,  2,  4,  6,  9, 11, 13] = [ 1,  3,  5,  7,  8, 10, 12]
    W1: [ 0,  2,  4,  6, 10, 12, 15, 17, 18, 19, 21, 23] > [ 1,  3,  5,  7,  9, 11, 13, 14, 16, 20, 22, 24]
    W2: [ 0,  2,  5,  7,  9, 15, 20, 22, 24, 25, 28] > [ 1,  3,  6, 10, 13, 14, 16, 21, 23, 26, 27]
    W3: [ 0,  3,  7,  8,  9, 12, 15, 17, 21, 24, 25, 26, 27, 31] > [ 2,  4,  5,  6, 11, 13, 14, 18, 19, 20, 23, 28, 29, 30]
    W4: [ 1,  2,  4,  7,  8,  9, 11, 12, 16, 18, 22, 23, 24, 32] = [ 0,  5, 10, 13, 15, 17, 19, 20, 21, 25, 26, 28, 29, 31]
    Truth table row=[=, >, >, >, =] ix=160 result=[14-] is correct

Test 14+:
    W0: [ 0,  2,  4,  6,  9, 11, 13] = [ 1,  3,  5,  7,  8, 10, 12]
    W1: [ 0,  2,  4,  6, 10, 12, 15, 17, 18, 19, 21, 23] < [ 1,  3,  5,  7,  9, 11, 13, 14, 16, 20, 22, 24]
    W2: [ 0,  2,  5,  7,  9, 15, 20, 22, 24, 25, 28] < [ 1,  3,  6, 10, 13, 14, 16, 21, 23, 26, 27]
    W3: [ 0,  3,  7,  8,  9, 12, 15, 17, 21, 24, 25, 26, 27, 31] < [ 2,  4,  5,  6, 11, 13, 14, 18, 19, 20, 23, 28, 29, 30]
    W4: [ 1,  2,  4,  7,  8,  9, 11, 12, 16, 18, 22, 23, 24, 32] = [ 0,  5, 10, 13, 15, 17, 19, 20, 21, 25, 26, 28, 29, 31]
    Truth table row=[=, <, <, <, =] ix=82 result=[14+] is correct

Test 15-:
    W0: [ 0,  2,  4,  6,  9, 11, 13] = [ 1,  3,  5,  7,  8, 10, 12]
    W1: [ 0,  2,  4,  6, 10, 12, 15, 17, 18, 19, 21, 23] < [ 1,  3,  5,  7,  9, 11, 13, 14, 16, 20, 22, 24]
    W2: [ 0,  2,  5,  7,  9, 15, 20, 22, 24, 25, 28] < [ 1,  3,  6, 10, 13, 14, 16, 21, 23, 26, 27]
    W3: [ 0,  3,  7,  8,  9, 12, 15, 17, 21, 24, 25, 26, 27, 31] < [ 2,  4,  5,  6, 11, 13, 14, 18, 19, 20, 23, 28, 29, 30]
    W4: [ 1,  2,  4,  7,  8,  9, 11, 12, 16, 18, 22, 23, 24, 32] > [ 0,  5, 10, 13, 15, 17, 19, 20, 21, 25, 26, 28, 29, 31]
    Truth table row=[=, <, <, <, >] ix=83 result=[15-] is correct

Test 15+:
    W0: [ 0,  2,  4,  6,  9, 11, 13] = [ 1,  3,  5,  7,  8, 10, 12]
    W1: [ 0,  2,  4,  6, 10, 12, 15, 17, 18, 19, 21, 23] > [ 1,  3,  5,  7,  9, 11, 13, 14, 16, 20, 22, 24]
    W2: [ 0,  2,  5,  7,  9, 15, 20, 22, 24, 25, 28] > [ 1,  3,  6, 10, 13, 14, 16, 21, 23, 26, 27]
    W3: [ 0,  3,  7,  8,  9, 12, 15, 17, 21, 24, 25, 26, 27, 31] > [ 2,  4,  5,  6, 11, 13, 14, 18, 19, 20, 23, 28, 29, 30]
    W4: [ 1,  2,  4,  7,  8,  9, 11, 12, 16, 18, 22, 23, 24, 32] < [ 0,  5, 10, 13, 15, 17, 19, 20, 21, 25, 26, 28, 29, 31]
    Truth table row=[=, >, >, >, <] ix=159 result=[15+] is correct

Test 16-:
    W0: [ 0,  2,  4,  6,  9, 11, 13] = [ 1,  3,  5,  7,  8, 10, 12]
    W1: [ 0,  2,  4,  6, 10, 12, 15, 17, 18, 19, 21, 23] > [ 1,  3,  5,  7,  9, 11, 13, 14, 16, 20, 22, 24]
    W2: [ 0,  2,  5,  7,  9, 15, 20, 22, 24, 25, 28] > [ 1,  3,  6, 10, 13, 14, 16, 21, 23, 26, 27]
    W3: [ 0,  3,  7,  8,  9, 12, 15, 17, 21, 24, 25, 26, 27, 31] = [ 2,  4,  5,  6, 11, 13, 14, 18, 19, 20, 23, 28, 29, 30]
    W4: [ 1,  2,  4,  7,  8,  9, 11, 12, 16, 18, 22, 23, 24, 32] < [ 0,  5, 10, 13, 15, 17, 19, 20, 21, 25, 26, 28, 29, 31]
    Truth table row=[=, >, >, =, <] ix=156 result=[16-] is correct

Test 16+:
    W0: [ 0,  2,  4,  6,  9, 11, 13] = [ 1,  3,  5,  7,  8, 10, 12]
    W1: [ 0,  2,  4,  6, 10, 12, 15, 17, 18, 19, 21, 23] < [ 1,  3,  5,  7,  9, 11, 13, 14, 16, 20, 22, 24]
    W2: [ 0,  2,  5,  7,  9, 15, 20, 22, 24, 25, 28] < [ 1,  3,  6, 10, 13, 14, 16, 21, 23, 26, 27]
    W3: [ 0,  3,  7,  8,  9, 12, 15, 17, 21, 24, 25, 26, 27, 31] = [ 2,  4,  5,  6, 11, 13, 14, 18, 19, 20, 23, 28, 29, 30]
    W4: [ 1,  2,  4,  7,  8,  9, 11, 12, 16, 18, 22, 23, 24, 32] > [ 0,  5, 10, 13, 15, 17, 19, 20, 21, 25, 26, 28, 29, 31]
    Truth table row=[=, <, <, =, >] ix=86 result=[16+] is correct

Test 17-:
    W0: [ 0,  2,  4,  6,  9, 11, 13] = [ 1,  3,  5,  7,  8, 10, 12]
    W1: [ 0,  2,  4,  6, 10, 12, 15, 17, 18, 19, 21, 23] < [ 1,  3,  5,  7,  9, 11, 13, 14, 16, 20, 22, 24]
    W2: [ 0,  2,  5,  7,  9, 15, 20, 22, 24, 25, 28] = [ 1,  3,  6, 10, 13, 14, 16, 21, 23, 26, 27]
    W3: [ 0,  3,  7,  8,  9, 12, 15, 17, 21, 24, 25, 26, 27, 31] < [ 2,  4,  5,  6, 11, 13, 14, 18, 19, 20, 23, 28, 29, 30]
    W4: [ 1,  2,  4,  7,  8,  9, 11, 12, 16, 18, 22, 23, 24, 32] > [ 0,  5, 10, 13, 15, 17, 19, 20, 21, 25, 26, 28, 29, 31]
    Truth table row=[=, <, =, <, >] ix=92 result=[17-] is correct

Test 17+:
    W0: [ 0,  2,  4,  6,  9, 11, 13] = [ 1,  3,  5,  7,  8, 10, 12]
    W1: [ 0,  2,  4,  6, 10, 12, 15, 17, 18, 19, 21, 23] > [ 1,  3,  5,  7,  9, 11, 13, 14, 16, 20, 22, 24]
    W2: [ 0,  2,  5,  7,  9, 15, 20, 22, 24, 25, 28] = [ 1,  3,  6, 10, 13, 14, 16, 21, 23, 26, 27]
    W3: [ 0,  3,  7,  8,  9, 12, 15, 17, 21, 24, 25, 26, 27, 31] > [ 2,  4,  5,  6, 11, 13, 14, 18, 19, 20, 23, 28, 29, 30]
    W4: [ 1,  2,  4,  7,  8,  9, 11, 12, 16, 18, 22, 23, 24, 32] < [ 0,  5, 10, 13, 15, 17, 19, 20, 21, 25, 26, 28, 29, 31]
    Truth table row=[=, >, =, >, <] ix=150 result=[17+] is correct

Test 18-:
    W0: [ 0,  2,  4,  6,  9, 11, 13] = [ 1,  3,  5,  7,  8, 10, 12]
    W1: [ 0,  2,  4,  6, 10, 12, 15, 17, 18, 19, 21, 23] < [ 1,  3,  5,  7,  9, 11, 13, 14, 16, 20, 22, 24]
    W2: [ 0,  2,  5,  7,  9, 15, 20, 22, 24, 25, 28] = [ 1,  3,  6, 10, 13, 14, 16, 21, 23, 26, 27]
    W3: [ 0,  3,  7,  8,  9, 12, 15, 17, 21, 24, 25, 26, 27, 31] > [ 2,  4,  5,  6, 11, 13, 14, 18, 19, 20, 23, 28, 29, 30]
    W4: [ 1,  2,  4,  7,  8,  9, 11, 12, 16, 18, 22, 23, 24, 32] < [ 0,  5, 10, 13, 15, 17, 19, 20, 21, 25, 26, 28, 29, 31]
    Truth table row=[=, <, =, >, <] ix=96 result=[18-] is correct

Test 18+:
    W0: [ 0,  2,  4,  6,  9, 11, 13] = [ 1,  3,  5,  7,  8, 10, 12]
    W1: [ 0,  2,  4,  6, 10, 12, 15, 17, 18, 19, 21, 23] > [ 1,  3,  5,  7,  9, 11, 13, 14, 16, 20, 22, 24]
    W2: [ 0,  2,  5,  7,  9, 15, 20, 22, 24, 25, 28] = [ 1,  3,  6, 10, 13, 14, 16, 21, 23, 26, 27]
    W3: [ 0,  3,  7,  8,  9, 12, 15, 17, 21, 24, 25, 26, 27, 31] < [ 2,  4,  5,  6, 11, 13, 14, 18, 19, 20, 23, 28, 29, 30]
    W4: [ 1,  2,  4,  7,  8,  9, 11, 12, 16, 18, 22, 23, 24, 32] > [ 0,  5, 10, 13, 15, 17, 19, 20, 21, 25, 26, 28, 29, 31]
    Truth table row=[=, >, =, <, >] ix=146 result=[18+] is correct

Test 19-:
    W0: [ 0,  2,  4,  6,  9, 11, 13] = [ 1,  3,  5,  7,  8, 10, 12]
    W1: [ 0,  2,  4,  6, 10, 12, 15, 17, 18, 19, 21, 23] < [ 1,  3,  5,  7,  9, 11, 13, 14, 16, 20, 22, 24]
    W2: [ 0,  2,  5,  7,  9, 15, 20, 22, 24, 25, 28] = [ 1,  3,  6, 10, 13, 14, 16, 21, 23, 26, 27]
    W3: [ 0,  3,  7,  8,  9, 12, 15, 17, 21, 24, 25, 26, 27, 31] > [ 2,  4,  5,  6, 11, 13, 14, 18, 19, 20, 23, 28, 29, 30]
    W4: [ 1,  2,  4,  7,  8,  9, 11, 12, 16, 18, 22, 23, 24, 32] > [ 0,  5, 10, 13, 15, 17, 19, 20, 21, 25, 26, 28, 29, 31]
    Truth table row=[=, <, =, >, >] ix=98 result=[19-] is correct

Test 19+:
    W0: [ 0,  2,  4,  6,  9, 11, 13] = [ 1,  3,  5,  7,  8, 10, 12]
    W1: [ 0,  2,  4,  6, 10, 12, 15, 17, 18, 19, 21, 23] > [ 1,  3,  5,  7,  9, 11, 13, 14, 16, 20, 22, 24]
    W2: [ 0,  2,  5,  7,  9, 15, 20, 22, 24, 25, 28] = [ 1,  3,  6, 10, 13, 14, 16, 21, 23, 26, 27]
    W3: [ 0,  3,  7,  8,  9, 12, 15, 17, 21, 24, 25, 26, 27, 31] < [ 2,  4,  5,  6, 11, 13, 14, 18, 19, 20, 23, 28, 29, 30]
    W4: [ 1,  2,  4,  7,  8,  9, 11, 12, 16, 18, 22, 23, 24, 32] < [ 0,  5, 10, 13, 15, 17, 19, 20, 21, 25, 26, 28, 29, 31]
    Truth table row=[=, >, =, <, <] ix=144 result=[19+] is correct

Test 20-:
    W0: [ 0,  2,  4,  6,  9, 11, 13] = [ 1,  3,  5,  7,  8, 10, 12]
    W1: [ 0,  2,  4,  6, 10, 12, 15, 17, 18, 19, 21, 23] > [ 1,  3,  5,  7,  9, 11, 13, 14, 16, 20, 22, 24]
    W2: [ 0,  2,  5,  7,  9, 15, 20, 22, 24, 25, 28] < [ 1,  3,  6, 10, 13, 14, 16, 21, 23, 26, 27]
    W3: [ 0,  3,  7,  8,  9, 12, 15, 17, 21, 24, 25, 26, 27, 31] > [ 2,  4,  5,  6, 11, 13, 14, 18, 19, 20, 23, 28, 29, 30]
    W4: [ 1,  2,  4,  7,  8,  9, 11, 12, 16, 18, 22, 23, 24, 32] > [ 0,  5, 10, 13, 15, 17, 19, 20, 21, 25, 26, 28, 29, 31]
    Truth table row=[=, >, <, >, >] ix=143 result=[20-] is correct

Test 20+:
    W0: [ 0,  2,  4,  6,  9, 11, 13] = [ 1,  3,  5,  7,  8, 10, 12]
    W1: [ 0,  2,  4,  6, 10, 12, 15, 17, 18, 19, 21, 23] < [ 1,  3,  5,  7,  9, 11, 13, 14, 16, 20, 22, 24]
    W2: [ 0,  2,  5,  7,  9, 15, 20, 22, 24, 25, 28] > [ 1,  3,  6, 10, 13, 14, 16, 21, 23, 26, 27]
    W3: [ 0,  3,  7,  8,  9, 12, 15, 17, 21, 24, 25, 26, 27, 31] < [ 2,  4,  5,  6, 11, 13, 14, 18, 19, 20, 23, 28, 29, 30]
    W4: [ 1,  2,  4,  7,  8,  9, 11, 12, 16, 18, 22, 23, 24, 32] < [ 0,  5, 10, 13, 15, 17, 19, 20, 21, 25, 26, 28, 29, 31]
    Truth table row=[=, <, >, <, <] ix=99 result=[20+] is correct

Test 21-:
    W0: [ 0,  2,  4,  6,  9, 11, 13] = [ 1,  3,  5,  7,  8, 10, 12]
    W1: [ 0,  2,  4,  6, 10, 12, 15, 17, 18, 19, 21, 23] < [ 1,  3,  5,  7,  9, 11, 13, 14, 16, 20, 22, 24]
    W2: [ 0,  2,  5,  7,  9, 15, 20, 22, 24, 25, 28] > [ 1,  3,  6, 10, 13, 14, 16, 21, 23, 26, 27]
    W3: [ 0,  3,  7,  8,  9, 12, 15, 17, 21, 24, 25, 26, 27, 31] < [ 2,  4,  5,  6, 11, 13, 14, 18, 19, 20, 23, 28, 29, 30]
    W4: [ 1,  2,  4,  7,  8,  9, 11, 12, 16, 18, 22, 23, 24, 32] > [ 0,  5, 10, 13, 15, 17, 19, 20, 21, 25, 26, 28, 29, 31]
    Truth table row=[=, <, >, <, >] ix=101 result=[21-] is correct

Test 21+:
    W0: [ 0,  2,  4,  6,  9, 11, 13] = [ 1,  3,  5,  7,  8, 10, 12]
    W1: [ 0,  2,  4,  6, 10, 12, 15, 17, 18, 19, 21, 23] > [ 1,  3,  5,  7,  9, 11, 13, 14, 16, 20, 22, 24]
    W2: [ 0,  2,  5,  7,  9, 15, 20, 22, 24, 25, 28] < [ 1,  3,  6, 10, 13, 14, 16, 21, 23, 26, 27]
    W3: [ 0,  3,  7,  8,  9, 12, 15, 17, 21, 24, 25, 26, 27, 31] > [ 2,  4,  5,  6, 11, 13, 14, 18, 19, 20, 23, 28, 29, 30]
    W4: [ 1,  2,  4,  7,  8,  9, 11, 12, 16, 18, 22, 23, 24, 32] < [ 0,  5, 10, 13, 15, 17, 19, 20, 21, 25, 26, 28, 29, 31]
    Truth table row=[=, >, <, >, <] ix=141 result=[21+] is correct

Test 22-:
    W0: [ 0,  2,  4,  6,  9, 11, 13] = [ 1,  3,  5,  7,  8, 10, 12]
    W1: [ 0,  2,  4,  6, 10, 12, 15, 17, 18, 19, 21, 23] > [ 1,  3,  5,  7,  9, 11, 13, 14, 16, 20, 22, 24]
    W2: [ 0,  2,  5,  7,  9, 15, 20, 22, 24, 25, 28] < [ 1,  3,  6, 10, 13, 14, 16, 21, 23, 26, 27]
    W3: [ 0,  3,  7,  8,  9, 12, 15, 17, 21, 24, 25, 26, 27, 31] = [ 2,  4,  5,  6, 11, 13, 14, 18, 19, 20, 23, 28, 29, 30]
    W4: [ 1,  2,  4,  7,  8,  9, 11, 12, 16, 18, 22, 23, 24, 32] < [ 0,  5, 10, 13, 15, 17, 19, 20, 21, 25, 26, 28, 29, 31]
    Truth table row=[=, >, <, =, <] ix=138 result=[22-] is correct

Test 22+:
    W0: [ 0,  2,  4,  6,  9, 11, 13] = [ 1,  3,  5,  7,  8, 10, 12]
    W1: [ 0,  2,  4,  6, 10, 12, 15, 17, 18, 19, 21, 23] < [ 1,  3,  5,  7,  9, 11, 13, 14, 16, 20, 22, 24]
    W2: [ 0,  2,  5,  7,  9, 15, 20, 22, 24, 25, 28] > [ 1,  3,  6, 10, 13, 14, 16, 21, 23, 26, 27]
    W3: [ 0,  3,  7,  8,  9, 12, 15, 17, 21, 24, 25, 26, 27, 31] = [ 2,  4,  5,  6, 11, 13, 14, 18, 19, 20, 23, 28, 29, 30]
    W4: [ 1,  2,  4,  7,  8,  9, 11, 12, 16, 18, 22, 23, 24, 32] > [ 0,  5, 10, 13, 15, 17, 19, 20, 21, 25, 26, 28, 29, 31]
    Truth table row=[=, <, >, =, >] ix=104 result=[22+] is correct

Test 23-:
    W0: [ 0,  2,  4,  6,  9, 11, 13] = [ 1,  3,  5,  7,  8, 10, 12]
    W1: [ 0,  2,  4,  6, 10, 12, 15, 17, 18, 19, 21, 23] < [ 1,  3,  5,  7,  9, 11, 13, 14, 16, 20, 22, 24]
    W2: [ 0,  2,  5,  7,  9, 15, 20, 22, 24, 25, 28] > [ 1,  3,  6, 10, 13, 14, 16, 21, 23, 26, 27]
    W3: [ 0,  3,  7,  8,  9, 12, 15, 17, 21, 24, 25, 26, 27, 31] > [ 2,  4,  5,  6, 11, 13, 14, 18, 19, 20, 23, 28, 29, 30]
    W4: [ 1,  2,  4,  7,  8,  9, 11, 12, 16, 18, 22, 23, 24, 32] < [ 0,  5, 10, 13, 15, 17, 19, 20, 21, 25, 26, 28, 29, 31]
    Truth table row=[=, <, >, >, <] ix=105 result=[23-] is correct

Test 23+:
    W0: [ 0,  2,  4,  6,  9, 11, 13] = [ 1,  3,  5,  7,  8, 10, 12]
    W1: [ 0,  2,  4,  6, 10, 12, 15, 17, 18, 19, 21, 23] > [ 1,  3,  5,  7,  9, 11, 13, 14, 16, 20, 22, 24]
    W2: [ 0,  2,  5,  7,  9, 15, 20, 22, 24, 25, 28] < [ 1,  3,  6, 10, 13, 14, 16, 21, 23, 26, 27]
    W3: [ 0,  3,  7,  8,  9, 12, 15, 17, 21, 24, 25, 26, 27, 31] < [ 2,  4,  5,  6, 11, 13, 14, 18, 19, 20, 23, 28, 29, 30]
    W4: [ 1,  2,  4,  7,  8,  9, 11, 12, 16, 18, 22, 23, 24, 32] > [ 0,  5, 10, 13, 15, 17, 19, 20, 21, 25, 26, 28, 29, 31]
    Truth table row=[=, >, <, <, >] ix=137 result=[23+] is correct

Test 24-:
    W0: [ 0,  2,  4,  6,  9, 11, 13] = [ 1,  3,  5,  7,  8, 10, 12]
    W1: [ 0,  2,  4,  6, 10, 12, 15, 17, 18, 19, 21, 23] > [ 1,  3,  5,  7,  9, 11, 13, 14, 16, 20, 22, 24]
    W2: [ 0,  2,  5,  7,  9, 15, 20, 22, 24, 25, 28] < [ 1,  3,  6, 10, 13, 14, 16, 21, 23, 26, 27]
    W3: [ 0,  3,  7,  8,  9, 12, 15, 17, 21, 24, 25, 26, 27, 31] < [ 2,  4,  5,  6, 11, 13, 14, 18, 19, 20, 23, 28, 29, 30]
    W4: [ 1,  2,  4,  7,  8,  9, 11, 12, 16, 18, 22, 23, 24, 32] < [ 0,  5, 10, 13, 15, 17, 19, 20, 21, 25, 26, 28, 29, 31]
    Truth table row=[=, >, <, <, <] ix=135 result=[24-] is correct

Test 24+:
    W0: [ 0,  2,  4,  6,  9, 11, 13] = [ 1,  3,  5,  7,  8, 10, 12]
    W1: [ 0,  2,  4,  6, 10, 12, 15, 17, 18, 19, 21, 23] < [ 1,  3,  5,  7,  9, 11, 13, 14, 16, 20, 22, 24]
    W2: [ 0,  2,  5,  7,  9, 15, 20, 22, 24, 25, 28] > [ 1,  3,  6, 10, 13, 14, 16, 21, 23, 26, 27]
    W3: [ 0,  3,  7,  8,  9, 12, 15, 17, 21, 24, 25, 26, 27, 31] > [ 2,  4,  5,  6, 11, 13, 14, 18, 19, 20, 23, 28, 29, 30]
    W4: [ 1,  2,  4,  7,  8,  9, 11, 12, 16, 18, 22, 23, 24, 32] > [ 0,  5, 10, 13, 15, 17, 19, 20, 21, 25, 26, 28, 29, 31]
    Truth table row=[=, <, >, >, >] ix=107 result=[24+] is correct

Test 25-:
    W0: [ 0,  2,  4,  6,  9, 11, 13] = [ 1,  3,  5,  7,  8, 10, 12]
    W1: [ 0,  2,  4,  6, 10, 12, 15, 17, 18, 19, 21, 23] = [ 1,  3,  5,  7,  9, 11, 13, 14, 16, 20, 22, 24]
    W2: [ 0,  2,  5,  7,  9, 15, 20, 22, 24, 25, 28] < [ 1,  3,  6, 10, 13, 14, 16, 21, 23, 26, 27]
    W3: [ 0,  3,  7,  8,  9, 12, 15, 17, 21, 24, 25, 26, 27, 31] < [ 2,  4,  5,  6, 11, 13, 14, 18, 19, 20, 23, 28, 29, 30]
    W4: [ 1,  2,  4,  7,  8,  9, 11, 12, 16, 18, 22, 23, 24, 32] > [ 0,  5, 10, 13, 15, 17, 19, 20, 21, 25, 26, 28, 29, 31]
    Truth table row=[=, =, <, <, >] ix=110 result=[25-] is correct

Test 25+:
    W0: [ 0,  2,  4,  6,  9, 11, 13] = [ 1,  3,  5,  7,  8, 10, 12]
    W1: [ 0,  2,  4,  6, 10, 12, 15, 17, 18, 19, 21, 23] = [ 1,  3,  5,  7,  9, 11, 13, 14, 16, 20, 22, 24]
    W2: [ 0,  2,  5,  7,  9, 15, 20, 22, 24, 25, 28] > [ 1,  3,  6, 10, 13, 14, 16, 21, 23, 26, 27]
    W3: [ 0,  3,  7,  8,  9, 12, 15, 17, 21, 24, 25, 26, 27, 31] > [ 2,  4,  5,  6, 11, 13, 14, 18, 19, 20, 23, 28, 29, 30]
    W4: [ 1,  2,  4,  7,  8,  9, 11, 12, 16, 18, 22, 23, 24, 32] < [ 0,  5, 10, 13, 15, 17, 19, 20, 21, 25, 26, 28, 29, 31]
    Truth table row=[=, =, >, >, <] ix=132 result=[25+] is correct

Test 26-:
    W0: [ 0,  2,  4,  6,  9, 11, 13] = [ 1,  3,  5,  7,  8, 10, 12]
    W1: [ 0,  2,  4,  6, 10, 12, 15, 17, 18, 19, 21, 23] = [ 1,  3,  5,  7,  9, 11, 13, 14, 16, 20, 22, 24]
    W2: [ 0,  2,  5,  7,  9, 15, 20, 22, 24, 25, 28] > [ 1,  3,  6, 10, 13, 14, 16, 21, 23, 26, 27]
    W3: [ 0,  3,  7,  8,  9, 12, 15, 17, 21, 24, 25, 26, 27, 31] < [ 2,  4,  5,  6, 11, 13, 14, 18, 19, 20, 23, 28, 29, 30]
    W4: [ 1,  2,  4,  7,  8,  9, 11, 12, 16, 18, 22, 23, 24, 32] > [ 0,  5, 10, 13, 15, 17, 19, 20, 21, 25, 26, 28, 29, 31]
    Truth table row=[=, =, >, <, >] ix=128 result=[26-] is correct

Test 26+:
    W0: [ 0,  2,  4,  6,  9, 11, 13] = [ 1,  3,  5,  7,  8, 10, 12]
    W1: [ 0,  2,  4,  6, 10, 12, 15, 17, 18, 19, 21, 23] = [ 1,  3,  5,  7,  9, 11, 13, 14, 16, 20, 22, 24]
    W2: [ 0,  2,  5,  7,  9, 15, 20, 22, 24, 25, 28] < [ 1,  3,  6, 10, 13, 14, 16, 21, 23, 26, 27]
    W3: [ 0,  3,  7,  8,  9, 12, 15, 17, 21, 24, 25, 26, 27, 31] > [ 2,  4,  5,  6, 11, 13, 14, 18, 19, 20, 23, 28, 29, 30]
    W4: [ 1,  2,  4,  7,  8,  9, 11, 12, 16, 18, 22, 23, 24, 32] < [ 0,  5, 10, 13, 15, 17, 19, 20, 21, 25, 26, 28, 29, 31]
    Truth table row=[=, =, <, >, <] ix=114 result=[26+] is correct

Test 27-:
    W0: [ 0,  2,  4,  6,  9, 11, 13] = [ 1,  3,  5,  7,  8, 10, 12]
    W1: [ 0,  2,  4,  6, 10, 12, 15, 17, 18, 19, 21, 23] = [ 1,  3,  5,  7,  9, 11, 13, 14, 16, 20, 22, 24]
    W2: [ 0,  2,  5,  7,  9, 15, 20, 22, 24, 25, 28] > [ 1,  3,  6, 10, 13, 14, 16, 21, 23, 26, 27]
    W3: [ 0,  3,  7,  8,  9, 12, 15, 17, 21, 24, 25, 26, 27, 31] < [ 2,  4,  5,  6, 11, 13, 14, 18, 19, 20, 23, 28, 29, 30]
    W4: [ 1,  2,  4,  7,  8,  9, 11, 12, 16, 18, 22, 23, 24, 32] = [ 0,  5, 10, 13, 15, 17, 19, 20, 21, 25, 26, 28, 29, 31]
    Truth table row=[=, =, >, <, =] ix=127 result=[27-] is correct

Test 27+:
    W0: [ 0,  2,  4,  6,  9, 11, 13] = [ 1,  3,  5,  7,  8, 10, 12]
    W1: [ 0,  2,  4,  6, 10, 12, 15, 17, 18, 19, 21, 23] = [ 1,  3,  5,  7,  9, 11, 13, 14, 16, 20, 22, 24]
    W2: [ 0,  2,  5,  7,  9, 15, 20, 22, 24, 25, 28] < [ 1,  3,  6, 10, 13, 14, 16, 21, 23, 26, 27]
    W3: [ 0,  3,  7,  8,  9, 12, 15, 17, 21, 24, 25, 26, 27, 31] > [ 2,  4,  5,  6, 11, 13, 14, 18, 19, 20, 23, 28, 29, 30]
    W4: [ 1,  2,  4,  7,  8,  9, 11, 12, 16, 18, 22, 23, 24, 32] = [ 0,  5, 10, 13, 15, 17, 19, 20, 21, 25, 26, 28, 29, 31]
    Truth table row=[=, =, <, >, =] ix=115 result=[27+] is correct

Test 28-:
    W0: [ 0,  2,  4,  6,  9, 11, 13] = [ 1,  3,  5,  7,  8, 10, 12]
    W1: [ 0,  2,  4,  6, 10, 12, 15, 17, 18, 19, 21, 23] = [ 1,  3,  5,  7,  9, 11, 13, 14, 16, 20, 22, 24]
    W2: [ 0,  2,  5,  7,  9, 15, 20, 22, 24, 25, 28] < [ 1,  3,  6, 10, 13, 14, 16, 21, 23, 26, 27]
    W3: [ 0,  3,  7,  8,  9, 12, 15, 17, 21, 24, 25, 26, 27, 31] > [ 2,  4,  5,  6, 11, 13, 14, 18, 19, 20, 23, 28, 29, 30]
    W4: [ 1,  2,  4,  7,  8,  9, 11, 12, 16, 18, 22, 23, 24, 32] > [ 0,  5, 10, 13, 15, 17, 19, 20, 21, 25, 26, 28, 29, 31]
    Truth table row=[=, =, <, >, >] ix=116 result=[28-] is correct

Test 28+:
    W0: [ 0,  2,  4,  6,  9, 11, 13] = [ 1,  3,  5,  7,  8, 10, 12]
    W1: [ 0,  2,  4,  6, 10, 12, 15, 17, 18, 19, 21, 23] = [ 1,  3,  5,  7,  9, 11, 13, 14, 16, 20, 22, 24]
    W2: [ 0,  2,  5,  7,  9, 15, 20, 22, 24, 25, 28] > [ 1,  3,  6, 10, 13, 14, 16, 21, 23, 26, 27]
    W3: [ 0,  3,  7,  8,  9, 12, 15, 17, 21, 24, 25, 26, 27, 31] < [ 2,  4,  5,  6, 11, 13, 14, 18, 19, 20, 23, 28, 29, 30]
    W4: [ 1,  2,  4,  7,  8,  9, 11, 12, 16, 18, 22, 23, 24, 32] < [ 0,  5, 10, 13, 15, 17, 19, 20, 21, 25, 26, 28, 29, 31]
    Truth table row=[=, =, >, <, <] ix=126 result=[28+] is correct

Test 29-:
    W0: [ 0,  2,  4,  6,  9, 11, 13] = [ 1,  3,  5,  7,  8, 10, 12]
    W1: [ 0,  2,  4,  6, 10, 12, 15, 17, 18, 19, 21, 23] = [ 1,  3,  5,  7,  9, 11, 13, 14, 16, 20, 22, 24]
    W2: [ 0,  2,  5,  7,  9, 15, 20, 22, 24, 25, 28] = [ 1,  3,  6, 10, 13, 14, 16, 21, 23, 26, 27]
    W3: [ 0,  3,  7,  8,  9, 12, 15, 17, 21, 24, 25, 26, 27, 31] > [ 2,  4,  5,  6, 11, 13, 14, 18, 19, 20, 23, 28, 29, 30]
    W4: [ 1,  2,  4,  7,  8,  9, 11, 12, 16, 18, 22, 23, 24, 32] > [ 0,  5, 10, 13, 15, 17, 19, 20, 21, 25, 26, 28, 29, 31]
    Truth table row=[=, =, =, >, >] ix=125 result=[29-] is correct

Test 29+:
    W0: [ 0,  2,  4,  6,  9, 11, 13] = [ 1,  3,  5,  7,  8, 10, 12]
    W1: [ 0,  2,  4,  6, 10, 12, 15, 17, 18, 19, 21, 23] = [ 1,  3,  5,  7,  9, 11, 13, 14, 16, 20, 22, 24]
    W2: [ 0,  2,  5,  7,  9, 15, 20, 22, 24, 25, 28] = [ 1,  3,  6, 10, 13, 14, 16, 21, 23, 26, 27]
    W3: [ 0,  3,  7,  8,  9, 12, 15, 17, 21, 24, 25, 26, 27, 31] < [ 2,  4,  5,  6, 11, 13, 14, 18, 19, 20, 23, 28, 29, 30]
    W4: [ 1,  2,  4,  7,  8,  9, 11, 12, 16, 18, 22, 23, 24, 32] < [ 0,  5, 10, 13, 15, 17, 19, 20, 21, 25, 26, 28, 29, 31]
    Truth table row=[=, =, =, <, <] ix=117 result=[29+] is correct

Test 30-:
    W0: [ 0,  2,  4,  6,  9, 11, 13] = [ 1,  3,  5,  7,  8, 10, 12]
    W1: [ 0,  2,  4,  6, 10, 12, 15, 17, 18, 19, 21, 23] = [ 1,  3,  5,  7,  9, 11, 13, 14, 16, 20, 22, 24]
    W2: [ 0,  2,  5,  7,  9, 15, 20, 22, 24, 25, 28] = [ 1,  3,  6, 10, 13, 14, 16, 21, 23, 26, 27]
    W3: [ 0,  3,  7,  8,  9, 12, 15, 17, 21, 24, 25, 26, 27, 31] > [ 2,  4,  5,  6, 11, 13, 14, 18, 19, 20, 23, 28, 29, 30]
    W4: [ 1,  2,  4,  7,  8,  9, 11, 12, 16, 18, 22, 23, 24, 32] = [ 0,  5, 10, 13, 15, 17, 19, 20, 21, 25, 26, 28, 29, 31]
    Truth table row=[=, =, =, >, =] ix=124 result=[30-] is correct

Test 30+:
    W0: [ 0,  2,  4,  6,  9, 11, 13] = [ 1,  3,  5,  7,  8, 10, 12]
    W1: [ 0,  2,  4,  6, 10, 12, 15, 17, 18, 19, 21, 23] = [ 1,  3,  5,  7,  9, 11, 13, 14, 16, 20, 22, 24]
    W2: [ 0,  2,  5,  7,  9, 15, 20, 22, 24, 25, 28] = [ 1,  3,  6, 10, 13, 14, 16, 21, 23, 26, 27]
    W3: [ 0,  3,  7,  8,  9, 12, 15, 17, 21, 24, 25, 26, 27, 31] < [ 2,  4,  5,  6, 11, 13, 14, 18, 19, 20, 23, 28, 29, 30]
    W4: [ 1,  2,  4,  7,  8,  9, 11, 12, 16, 18, 22, 23, 24, 32] = [ 0,  5, 10, 13, 15, 17, 19, 20, 21, 25, 26, 28, 29, 31]
    Truth table row=[=, =, =, <, =] ix=118 result=[30+] is correct

Test 31-:
    W0: [ 0,  2,  4,  6,  9, 11, 13] = [ 1,  3,  5,  7,  8, 10, 12]
    W1: [ 0,  2,  4,  6, 10, 12, 15, 17, 18, 19, 21, 23] = [ 1,  3,  5,  7,  9, 11, 13, 14, 16, 20, 22, 24]
    W2: [ 0,  2,  5,  7,  9, 15, 20, 22, 24, 25, 28] = [ 1,  3,  6, 10, 13, 14, 16, 21, 23, 26, 27]
    W3: [ 0,  3,  7,  8,  9, 12, 15, 17, 21, 24, 25, 26, 27, 31] < [ 2,  4,  5,  6, 11, 13, 14, 18, 19, 20, 23, 28, 29, 30]
    W4: [ 1,  2,  4,  7,  8,  9, 11, 12, 16, 18, 22, 23, 24, 32] > [ 0,  5, 10, 13, 15, 17, 19, 20, 21, 25, 26, 28, 29, 31]
    Truth table row=[=, =, =, <, >] ix=119 result=[31-] is correct

Test 31+:
    W0: [ 0,  2,  4,  6,  9, 11, 13] = [ 1,  3,  5,  7,  8, 10, 12]
    W1: [ 0,  2,  4,  6, 10, 12, 15, 17, 18, 19, 21, 23] = [ 1,  3,  5,  7,  9, 11, 13, 14, 16, 20, 22, 24]
    W2: [ 0,  2,  5,  7,  9, 15, 20, 22, 24, 25, 28] = [ 1,  3,  6, 10, 13, 14, 16, 21, 23, 26, 27]
    W3: [ 0,  3,  7,  8,  9, 12, 15, 17, 21, 24, 25, 26, 27, 31] > [ 2,  4,  5,  6, 11, 13, 14, 18, 19, 20, 23, 28, 29, 30]
    W4: [ 1,  2,  4,  7,  8,  9, 11, 12, 16, 18, 22, 23, 24, 32] < [ 0,  5, 10, 13, 15, 17, 19, 20, 21, 25, 26, 28, 29, 31]
    Truth table row=[=, =, =, >, <] ix=123 result=[31+] is correct

Test 32-:
    W0: [ 0,  2,  4,  6,  9, 11, 13] = [ 1,  3,  5,  7,  8, 10, 12]
    W1: [ 0,  2,  4,  6, 10, 12, 15, 17, 18, 19, 21, 23] = [ 1,  3,  5,  7,  9, 11, 13, 14, 16, 20, 22, 24]
    W2: [ 0,  2,  5,  7,  9, 15, 20, 22, 24, 25, 28] = [ 1,  3,  6, 10, 13, 14, 16, 21, 23, 26, 27]
    W3: [ 0,  3,  7,  8,  9, 12, 15, 17, 21, 24, 25, 26, 27, 31] = [ 2,  4,  5,  6, 11, 13, 14, 18, 19, 20, 23, 28, 29, 30]
    W4: [ 1,  2,  4,  7,  8,  9, 11, 12, 16, 18, 22, 23, 24, 32] < [ 0,  5, 10, 13, 15, 17, 19, 20, 21, 25, 26, 28, 29, 31]
    Truth table row=[=, =, =, =, <] ix=120 result=[32-] is correct

Test 32+:
    W0: [ 0,  2,  4,  6,  9, 11, 13] = [ 1,  3,  5,  7,  8, 10, 12]
    W1: [ 0,  2,  4,  6, 10, 12, 15, 17, 18, 19, 21, 23] = [ 1,  3,  5,  7,  9, 11, 13, 14, 16, 20, 22, 24]
    W2: [ 0,  2,  5,  7,  9, 15, 20, 22, 24, 25, 28] = [ 1,  3,  6, 10, 13, 14, 16, 21, 23, 26, 27]
    W3: [ 0,  3,  7,  8,  9, 12, 15, 17, 21, 24, 25, 26, 27, 31] = [ 2,  4,  5,  6, 11, 13, 14, 18, 19, 20, 23, 28, 29, 30]
    W4: [ 1,  2,  4,  7,  8,  9, 11, 12, 16, 18, 22, 23, 24, 32] > [ 0,  5, 10, 13, 15, 17, 19, 20, 21, 25, 26, 28, 29, 31]
    Truth table row=[=, =, =, =, >] ix=122 result=[32+] is correct

Total correct results: 66
Total incorrect results: 0
