Solving for 26 balls and 4 weighings.
Using symmetry breaking strategy TruthTableAscending.

Solution:
W0: [ 0,  1,  4,  5,  9, 14, 15, 16, 17] <=> [ 2,  3,  6,  7,  8, 10, 11, 12, 13]
W1: [ 0,  1,  4,  5, 12, 13, 19, 20, 22] <=> [ 2,  3,  6, 14, 15, 16, 17, 18, 21]
W2: [ 0,  1,  6, 10, 11, 21, 23, 24] <=> [ 4,  5,  7, 12, 13, 17, 18, 22]
W3: [ 0,  4,  6, 11, 14, 19, 23, 25] <=> [ 2,  9, 12, 16, 18, 20, 22, 24]

Truth Table:
ix  W0  W1  W2  W3   Result
 0   <   <   <   <   0-
 1   <   <   <   =   1-
 2   <   <   <   >
 3   <   <   =   <   2+
 4   <   <   =   =   3+
 5   <   <   =   >
 6   <   <   >   <   4-
 7   <   <   >   =   5-
 8   <   <   >   >   6+
 9   <   =   <   <
10   <   =   <   =   7+
11   <   =   <   >
12   <   =   =   <
13   <   =   =   =   8+
14   <   =   =   >   9-
15   <   =   >   <
16   <   =   >   =   10+
17   <   =   >   >   11+
18   <   >   <   <   12+
19   <   >   <   =   13+
20   <   >   <   >
21   <   >   =   <   14-
22   <   >   =   =   15-
23   <   >   =   >   16-
24   <   >   >   <
25   <   >   >   =   17-
26   <   >   >   >
27   =   <   <   <   18+
28   =   <   <   =
29   =   <   <   >
30   =   <   =   <   19-
31   =   <   =   =
32   =   <   =   >   20-
33   =   <   >   <
34   =   <   >   =   21+
35   =   <   >   >   22-
36   =   =   <   <   23-
37   =   =   <   =
38   =   =   <   >   24-
39   =   =   =   <   25-
40   =   =   =   =
41   =   =   =   >   25+
42   =   =   >   <   24+
43   =   =   >   =
44   =   =   >   >   23+
45   =   >   <   <   22+
46   =   >   <   =   21-
47   =   >   <   >
48   =   >   =   <   20+
49   =   >   =   =
50   =   >   =   >   19+
51   =   >   >   <
52   =   >   >   =
53   =   >   >   >   18-
54   >   <   <   <
55   >   <   <   =   17+
56   >   <   <   >
57   >   <   =   <   16+
58   >   <   =   =   15+
59   >   <   =   >   14+
60   >   <   >   <
61   >   <   >   =   13-
62   >   <   >   >   12-
63   >   =   <   <   11-
64   >   =   <   =   10-
65   >   =   <   >
66   >   =   =   <   9+
67   >   =   =   =   8-
68   >   =   =   >
69   >   =   >   <
70   >   =   >   =   7-
71   >   =   >   >
72   >   >   <   <   6-
73   >   >   <   =   5+
74   >   >   <   >   4+
75   >   >   =   <
76   >   >   =   =   3-
77   >   >   =   >   2-
78   >   >   >   <
79   >   >   >   =   1+
80   >   >   >   >   0+

Test 0-:
    W0: [ 0,  1,  4,  5,  9, 14, 15, 16, 17] < [ 2,  3,  6,  7,  8, 10, 11, 12, 13]
    W1: [ 0,  1,  4,  5, 12, 13, 19, 20, 22] < [ 2,  3,  6, 14, 15, 16, 17, 18, 21]
    W2: [ 0,  1,  6, 10, 11, 21, 23, 24] < [ 4,  5,  7, 12, 13, 17, 18, 22]
    W3: [ 0,  4,  6, 11, 14, 19, 23, 25] < [ 2,  9, 12, 16, 18, 20, 22, 24]
    Truth table row=[<, <, <, <] ix=0 result=[0-] is correct

Test 0+:
    W0: [ 0,  1,  4,  5,  9, 14, 15, 16, 17] > [ 2,  3,  6,  7,  8, 10, 11, 12, 13]
    W1: [ 0,  1,  4,  5, 12, 13, 19, 20, 22] > [ 2,  3,  6, 14, 15, 16, 17, 18, 21]
    W2: [ 0,  1,  6, 10, 11, 21, 23, 24] > [ 4,  5,  7, 12, 13, 17, 18, 22]
    W3: [ 0,  4,  6, 11, 14, 19, 23, 25] > [ 2,  9, 12, 16, 18, 20, 22, 24]
    Truth table row=[>, >, >, >] ix=80 result=[0+] is correct

Test 1-:
    W0: [ 0,  1,  4,  5,  9, 14, 15, 16, 17] < [ 2,  3,  6,  7,  8, 10, 11, 12, 13]
    W1: [ 0,  1,  4,  5, 12, 13, 19, 20, 22] < [ 2,  3,  6, 14, 15, 16, 17, 18, 21]
    W2: [ 0,  1,  6, 10, 11, 21, 23, 24] < [ 4,  5,  7, 12, 13, 17, 18, 22]
    W3: [ 0,  4,  6, 11, 14, 19, 23, 25] = [ 2,  9, 12, 16, 18, 20, 22, 24]
    Truth table row=[<, <, <, =] ix=1 result=[1-] is correct

Test 1+:
    W0: [ 0,  1,  4,  5,  9, 14, 15, 16, 17] > [ 2,  3,  6,  7,  8, 10, 11, 12, 13]
    W1: [ 0,  1,  4,  5, 12, 13, 19, 20, 22] > [ 2,  3,  6, 14, 15, 16, 17, 18, 21]
    W2: [ 0,  1,  6, 10, 11, 21, 23, 24] > [ 4,  5,  7, 12, 13, 17, 18, 22]
    W3: [ 0,  4,  6, 11, 14, 19, 23, 25] = [ 2,  9, 12, 16, 18, 20, 22, 24]
    Truth table row=[>, >, >, =] ix=79 result=[1+] is correct

Test 2-:
    W0: [ 0,  1,  4,  5,  9, 14, 15, 16, 17] > [ 2,  3,  6,  7,  8, 10, 11, 12, 13]
    W1: [ 0,  1,  4,  5, 12, 13, 19, 20, 22] > [ 2,  3,  6, 14, 15, 16, 17, 18, 21]
    W2: [ 0,  1,  6, 10, 11, 21, 23, 24] = [ 4,  5,  7, 12, 13, 17, 18, 22]
    W3: [ 0,  4,  6, 11, 14, 19, 23, 25] > [ 2,  9, 12, 16, 18, 20, 22, 24]
    Truth table row=[>, >, =, >] ix=77 result=[2-] is correct

Test 2+:
    W0: [ 0,  1,  4,  5,  9, 14, 15, 16, 17] < [ 2,  3,  6,  7,  8, 10, 11, 12, 13]
    W1: [ 0,  1,  4,  5, 12, 13, 19, 20, 22] < [ 2,  3,  6, 14, 15, 16, 17, 18, 21]
    W2: [ 0,  1,  6, 10, 11, 21, 23, 24] = [ 4,  5,  7, 12, 13, 17, 18, 22]
    W3: [ 0,  4,  6, 11, 14, 19, 23, 25] < [ 2,  9, 12, 16, 18, 20, 22, 24]
    Truth table row=[<, <, =, <] ix=3 result=[2+] is correct

Test 3-:
    W0: [ 0,  1,  4,  5,  9, 14, 15, 16, 17] > [ 2,  3,  6,  7,  8, 10, 11, 12, 13]
    W1: [ 0,  1,  4,  5, 12, 13, 19, 20, 22] > [ 2,  3,  6, 14, 15, 16, 17, 18, 21]
    W2: [ 0,  1,  6, 10, 11, 21, 23, 24] = [ 4,  5,  7, 12, 13, 17, 18, 22]
    W3: [ 0,  4,  6, 11, 14, 19, 23, 25] = [ 2,  9, 12, 16, 18, 20, 22, 24]
    Truth table row=[>, >, =, =] ix=76 result=[3-] is correct

Test 3+:
    W0: [ 0,  1,  4,  5,  9, 14, 15, 16, 17] < [ 2,  3,  6,  7,  8, 10, 11, 12, 13]
    W1: [ 0,  1,  4,  5, 12, 13, 19, 20, 22] < [ 2,  3,  6, 14, 15, 16, 17, 18, 21]
    W2: [ 0,  1,  6, 10, 11, 21, 23, 24] = [ 4,  5,  7, 12, 13, 17, 18, 22]
    W3: [ 0,  4,  6, 11, 14, 19, 23, 25] = [ 2,  9, 12, 16, 18, 20, 22, 24]
    Truth table row=[<, <, =, =] ix=4 result=[3+] is correct

Test 4-:
    W0: [ 0,  1,  4,  5,  9, 14, 15, 16, 17] < [ 2,  3,  6,  7,  8, 10, 11, 12, 13]
    W1: [ 0,  1,  4,  5, 12, 13, 19, 20, 22] < [ 2,  3,  6, 14, 15, 16, 17, 18, 21]
    W2: [ 0,  1,  6, 10, 11, 21, 23, 24] > [ 4,  5,  7, 12, 13, 17, 18, 22]
    W3: [ 0,  4,  6, 11, 14, 19, 23, 25] < [ 2,  9, 12, 16, 18, 20, 22, 24]
    Truth table row=[<, <, >, <] ix=6 result=[4-] is correct

Test 4+:
    W0: [ 0,  1,  4,  5,  9, 14, 15, 16, 17] > [ 2,  3,  6,  7,  8, 10, 11, 12, 13]
    W1: [ 0,  1,  4,  5, 12, 13, 19, 20, 22] > [ 2,  3,  6, 14, 15, 16, 17, 18, 21]
    W2: [ 0,  1,  6, 10, 11, 21, 23, 24] < [ 4,  5,  7, 12, 13, 17, 18, 22]
    W3: [ 0,  4,  6, 11, 14, 19, 23, 25] > [ 2,  9, 12, 16, 18, 20, 22, 24]
    Truth table row=[>, >, <, >] ix=74 result=[4+] is correct

Test 5-:
    W0: [ 0,  1,  4,  5,  9, 14, 15, 16, 17] < [ 2,  3,  6,  7,  8, 10, 11, 12, 13]
    W1: [ 0,  1,  4,  5, 12, 13, 19, 20, 22] < [ 2,  3,  6, 14, 15, 16, 17, 18, 21]
    W2: [ 0,  1,  6, 10, 11, 21, 23, 24] > [ 4,  5,  7, 12, 13, 17, 18, 22]
    W3: [ 0,  4,  6, 11, 14, 19, 23, 25] = [ 2,  9, 12, 16, 18, 20, 22, 24]
    Truth table row=[<, <, >, =] ix=7 result=[5-] is correct

Test 5+:
    W0: [ 0,  1,  4,  5,  9, 14, 15, 16, 17] > [ 2,  3,  6,  7,  8, 10, 11, 12, 13]
    W1: [ 0,  1,  4,  5, 12, 13, 19, 20, 22] > [ 2,  3,  6, 14, 15, 16, 17, 18, 21]
    W2: [ 0,  1,  6, 10, 11, 21, 23, 24] < [ 4,  5,  7, 12, 13, 17, 18, 22]
    W3: [ 0,  4,  6, 11, 14, 19, 23, 25] = [ 2,  9, 12, 16, 18, 20, 22, 24]
    Truth table row=[>, >, <, =] ix=73 result=[5+] is correct

Test 6-:
    W0: [ 0,  1,  4,  5,  9, 14, 15, 16, 17] > [ 2,  3,  6,  7,  8, 10, 11, 12, 13]
    W1: [ 0,  1,  4,  5, 12, 13, 19, 20, 22] > [ 2,  3,  6, 14, 15, 16, 17, 18, 21]
    W2: [ 0,  1,  6, 10, 11, 21, 23, 24] < [ 4,  5,  7, 12, 13, 17, 18, 22]
    W3: [ 0,  4,  6, 11, 14, 19, 23, 25] < [ 2,  9, 12, 16, 18, 20, 22, 24]
    Truth table row=[>, >, <, <] ix=72 result=[6-] is correct

Test 6+:
    W0: [ 0,  1,  4,  5,  9, 14, 15, 16, 17] < [ 2,  3,  6,  7,  8, 10, 11, 12, 13]
    W1: [ 0,  1,  4,  5, 12, 13, 19, 20, 22] < [ 2,  3,  6, 14, 15, 16, 17, 18, 21]
    W2: [ 0,  1,  6, 10, 11, 21, 23, 24] > [ 4,  5,  7, 12, 13, 17, 18, 22]
    W3: [ 0,  4,  6, 11, 14, 19, 23, 25] > [ 2,  9, 12, 16, 18, 20, 22, 24]
    Truth table row=[<, <, >, >] ix=8 result=[6+] is correct

Test 7-:
    W0: [ 0,  1,  4,  5,  9, 14, 15, 16, 17] > [ 2,  3,  6,  7,  8, 10, 11, 12, 13]
    W1: [ 0,  1,  4,  5, 12, 13, 19, 20, 22] = [ 2,  3,  6, 14, 15, 16, 17, 18, 21]
    W2: [ 0,  1,  6, 10, 11, 21, 23, 24] > [ 4,  5,  7, 12, 13, 17, 18, 22]
    W3: [ 0,  4,  6, 11, 14, 19, 23, 25] = [ 2,  9, 12, 16, 18, 20, 22, 24]
    Truth table row=[>, =, >, =] ix=70 result=[7-] is correct

Test 7+:
    W0: [ 0,  1,  4,  5,  9, 14, 15, 16, 17] < [ 2,  3,  6,  7,  8, 10, 11, 12, 13]
    W1: [ 0,  1,  4,  5, 12, 13, 19, 20, 22] = [ 2,  3,  6, 14, 15, 16, 17, 18, 21]
    W2: [ 0,  1,  6, 10, 11, 21, 23, 24] < [ 4,  5,  7, 12, 13, 17, 18, 22]
    W3: [ 0,  4,  6, 11, 14, 19, 23, 25] = [ 2,  9, 12, 16, 18, 20, 22, 24]
    Truth table row=[<, =, <, =] ix=10 result=[7+] is correct

Test 8-:
    W0: [ 0,  1,  4,  5,  9, 14, 15, 16, 17] > [ 2,  3,  6,  7,  8, 10, 11, 12, 13]
    W1: [ 0,  1,  4,  5, 12, 13, 19, 20, 22] = [ 2,  3,  6, 14, 15, 16, 17, 18, 21]
    W2: [ 0,  1,  6, 10, 11, 21, 23, 24] = [ 4,  5,  7, 12, 13, 17, 18, 22]
    W3: [ 0,  4,  6, 11, 14, 19, 23, 25] = [ 2,  9, 12, 16, 18, 20, 22, 24]
    Truth table row=[>, =, =, =] ix=67 result=[8-] is correct

Test 8+:
    W0: [ 0,  1,  4,  5,  9, 14, 15, 16, 17] < [ 2,  3,  6,  7,  8, 10, 11, 12, 13]
    W1: [ 0,  1,  4,  5, 12, 13, 19, 20, 22] = [ 2,  3,  6, 14, 15, 16, 17, 18, 21]
    W2: [ 0,  1,  6, 10, 11, 21, 23, 24] = [ 4,  5,  7, 12, 13, 17, 18, 22]
    W3: [ 0,  4,  6, 11, 14, 19, 23, 25] = [ 2,  9, 12, 16, 18, 20, 22, 24]
    Truth table row=[<, =, =, =] ix=13 result=[8+] is correct

Test 9-:
    W0: [ 0,  1,  4,  5,  9, 14, 15, 16, 17] < [ 2,  3,  6,  7,  8, 10, 11, 12, 13]
    W1: [ 0,  1,  4,  5, 12, 13, 19, 20, 22] = [ 2,  3,  6, 14, 15, 16, 17, 18, 21]
    W2: [ 0,  1,  6, 10, 11, 21, 23, 24] = [ 4,  5,  7, 12, 13, 17, 18, 22]
    W3: [ 0,  4,  6, 11, 14, 19, 23, 25] > [ 2,  9, 12, 16, 18, 20, 22, 24]
    Truth table row=[<, =, =, >] ix=14 result=[9-] is correct

Test 9+:
    W0: [ 0,  1,  4,  5,  9, 14, 15, 16, 17] > [ 2,  3,  6,  7,  8, 10, 11, 12, 13]
    W1: [ 0,  1,  4,  5, 12, 13, 19, 20, 22] = [ 2,  3,  6, 14, 15, 16, 17, 18, 21]
    W2: [ 0,  1,  6, 10, 11, 21, 23, 24] = [ 4,  5,  7, 12, 13, 17, 18, 22]
    W3: [ 0,  4,  6, 11, 14, 19, 23, 25] < [ 2,  9, 12, 16, 18, 20, 22, 24]
    Truth table row=[>, =, =, <] ix=66 result=[9+] is correct

Test 10-:
    W0: [ 0,  1,  4,  5,  9, 14, 15, 16, 17] > [ 2,  3,  6,  7,  8, 10, 11, 12, 13]
    W1: [ 0,  1,  4,  5, 12, 13, 19, 20, 22] = [ 2,  3,  6, 14, 15, 16, 17, 18, 21]
    W2: [ 0,  1,  6, 10, 11, 21, 23, 24] < [ 4,  5,  7, 12, 13, 17, 18, 22]
    W3: [ 0,  4,  6, 11, 14, 19, 23, 25] = [ 2,  9, 12, 16, 18, 20, 22, 24]
    Truth table row=[>, =, <, =] ix=64 result=[10-] is correct

Test 10+:
    W0: [ 0,  1,  4,  5,  9, 14, 15, 16, 17] < [ 2,  3,  6,  7,  8, 10, 11, 12, 13]
    W1: [ 0,  1,  4,  5, 12, 13, 19, 20, 22] = [ 2,  3,  6, 14, 15, 16, 17, 18, 21]
    W2: [ 0,  1,  6, 10, 11, 21, 23, 24] > [ 4,  5,  7, 12, 13, 17, 18, 22]
    W3: [ 0,  4,  6, 11, 14, 19, 23, 25] = [ 2,  9, 12, 16, 18, 20, 22, 24]
    Truth table row=[<, =, >, =] ix=16 result=[10+] is correct

Test 11-:
    W0: [ 0,  1,  4,  5,  9, 14, 15, 16, 17] > [ 2,  3,  6,  7,  8, 10, 11, 12, 13]
    W1: [ 0,  1,  4,  5, 12, 13, 19, 20, 22] = [ 2,  3,  6, 14, 15, 16, 17, 18, 21]
    W2: [ 0,  1,  6, 10, 11, 21, 23, 24] < [ 4,  5,  7, 12, 13, 17, 18, 22]
    W3: [ 0,  4,  6, 11, 14, 19, 23, 25] < [ 2,  9, 12, 16, 18, 20, 22, 24]
    Truth table row=[>, =, <, <] ix=63 result=[11-] is correct

Test 11+:
    W0: [ 0,  1,  4,  5,  9, 14, 15, 16, 17] < [ 2,  3,  6,  7,  8, 10, 11, 12, 13]
    W1: [ 0,  1,  4,  5, 12, 13, 19, 20, 22] = [ 2,  3,  6, 14, 15, 16, 17, 18, 21]
    W2: [ 0,  1,  6, 10, 11, 21, 23, 24] > [ 4,  5,  7, 12, 13, 17, 18, 22]
    W3: [ 0,  4,  6, 11, 14, 19, 23, 25] > [ 2,  9, 12, 16, 18, 20, 22, 24]
    Truth table row=[<, =, >, >] ix=17 result=[11+] is correct

Test 12-:
    W0: [ 0,  1,  4,  5,  9, 14, 15, 16, 17] > [ 2,  3,  6,  7,  8, 10, 11, 12, 13]
    W1: [ 0,  1,  4,  5, 12, 13, 19, 20, 22] < [ 2,  3,  6, 14, 15, 16, 17, 18, 21]
    W2: [ 0,  1,  6, 10, 11, 21, 23, 24] > [ 4,  5,  7, 12, 13, 17, 18, 22]
    W3: [ 0,  4,  6, 11, 14, 19, 23, 25] > [ 2,  9, 12, 16, 18, 20, 22, 24]
    Truth table row=[>, <, >, >] ix=62 result=[12-] is correct

Test 12+:
    W0: [ 0,  1,  4,  5,  9, 14, 15, 16, 17] < [ 2,  3,  6,  7,  8, 10, 11, 12, 13]
    W1: [ 0,  1,  4,  5, 12, 13, 19, 20, 22] > [ 2,  3,  6, 14, 15, 16, 17, 18, 21]
    W2: [ 0,  1,  6, 10, 11, 21, 23, 24] < [ 4,  5,  7, 12, 13, 17, 18, 22]
    W3: [ 0,  4,  6, 11, 14, 19, 23, 25] < [ 2,  9, 12, 16, 18, 20, 22, 24]
    Truth table row=[<, >, <, <] ix=18 result=[12+] is correct

Test 13-:
    W0: [ 0,  1,  4,  5,  9, 14, 15, 16, 17] > [ 2,  3,  6,  7,  8, 10, 11, 12, 13]
    W1: [ 0,  1,  4,  5, 12, 13, 19, 20, 22] < [ 2,  3,  6, 14, 15, 16, 17, 18, 21]
    W2: [ 0,  1,  6, 10, 11, 21, 23, 24] > [ 4,  5,  7, 12, 13, 17, 18, 22]
    W3: [ 0,  4,  6, 11, 14, 19, 23, 25] = [ 2,  9, 12, 16, 18, 20, 22, 24]
    Truth table row=[>, <, >, =] ix=61 result=[13-] is correct

Test 13+:
    W0: [ 0,  1,  4,  5,  9, 14, 15, 16, 17] < [ 2,  3,  6,  7,  8, 10, 11, 12, 13]
    W1: [ 0,  1,  4,  5, 12, 13, 19, 20, 22] > [ 2,  3,  6, 14, 15, 16, 17, 18, 21]
    W2: [ 0,  1,  6, 10, 11, 21, 23, 24] < [ 4,  5,  7, 12, 13, 17, 18, 22]
    W3: [ 0,  4,  6, 11, 14, 19, 23, 25] = [ 2,  9, 12, 16, 18, 20, 22, 24]
    Truth table row=[<, >, <, =] ix=19 result=[13+] is correct

Test 14-:
    W0: [ 0,  1,  4,  5,  9, 14, 15, 16, 17] < [ 2,  3,  6,  7,  8, 10, 11, 12, 13]
    W1: [ 0,  1,  4,  5, 12, 13, 19, 20, 22] > [ 2,  3,  6, 14, 15, 16, 17, 18, 21]
    W2: [ 0,  1,  6, 10, 11, 21, 23, 24] = [ 4,  5,  7, 12, 13, 17, 18, 22]
    W3: [ 0,  4,  6, 11, 14, 19, 23, 25] < [ 2,  9, 12, 16, 18, 20, 22, 24]
    Truth table row=[<, >, =, <] ix=21 result=[14-] is correct

Test 14+:
    W0: [ 0,  1,  4,  5,  9, 14, 15, 16, 17] > [ 2,  3,  6,  7,  8, 10, 11, 12, 13]
    W1: [ 0,  1,  4,  5, 12, 13, 19, 20, 22] < [ 2,  3,  6, 14, 15, 16, 17, 18, 21]
    W2: [ 0,  1,  6, 10, 11, 21, 23, 24] = [ 4,  5,  7, 12, 13, 17, 18, 22]
    W3: [ 0,  4,  6, 11, 14, 19, 23, 25] > [ 2,  9, 12, 16, 18, 20, 22, 24]
    Truth table row=[>, <, =, >] ix=59 result=[14+] is correct

Test 15-:
    W0: [ 0,  1,  4,  5,  9, 14, 15, 16, 17] < [ 2,  3,  6,  7,  8, 10, 11, 12, 13]
    W1: [ 0,  1,  4,  5, 12, 13, 19, 20, 22] > [ 2,  3,  6, 14, 15, 16, 17, 18, 21]
    W2: [ 0,  1,  6, 10, 11, 21, 23, 24] = [ 4,  5,  7, 12, 13, 17, 18, 22]
    W3: [ 0,  4,  6, 11, 14, 19, 23, 25] = [ 2,  9, 12, 16, 18, 20, 22, 24]
    Truth table row=[<, >, =, =] ix=22 result=[15-] is correct

Test 15+:
    W0: [ 0,  1,  4,  5,  9, 14, 15, 16, 17] > [ 2,  3,  6,  7,  8, 10, 11, 12, 13]
    W1: [ 0,  1,  4,  5, 12, 13, 19, 20, 22] < [ 2,  3,  6, 14, 15, 16, 17, 18, 21]
    W2: [ 0,  1,  6, 10, 11, 21, 23, 24] = [ 4,  5,  7, 12, 13, 17, 18, 22]
    W3: [ 0,  4,  6, 11, 14, 19, 23, 25] = [ 2,  9, 12, 16, 18, 20, 22, 24]
    Truth table row=[>, <, =, =] ix=58 result=[15+] is correct

Test 16-:
    W0: [ 0,  1,  4,  5,  9, 14, 15, 16, 17] < [ 2,  3,  6,  7,  8, 10, 11, 12, 13]
    W1: [ 0,  1,  4,  5, 12, 13, 19, 20, 22] > [ 2,  3,  6, 14, 15, 16, 17, 18, 21]
    W2: [ 0,  1,  6, 10, 11, 21, 23, 24] = [ 4,  5,  7, 12, 13, 17, 18, 22]
    W3: [ 0,  4,  6, 11, 14, 19, 23, 25] > [ 2,  9, 12, 16, 18, 20, 22, 24]
    Truth table row=[<, >, =, >] ix=23 result=[16-] is correct

Test 16+:
    W0: [ 0,  1,  4,  5,  9, 14, 15, 16, 17] > [ 2,  3,  6,  7,  8, 10, 11, 12, 13]
    W1: [ 0,  1,  4,  5, 12, 13, 19, 20, 22] < [ 2,  3,  6, 14, 15, 16, 17, 18, 21]
    W2: [ 0,  1,  6, 10, 11, 21, 23, 24] = [ 4,  5,  7, 12, 13, 17, 18, 22]
    W3: [ 0,  4,  6, 11, 14, 19, 23, 25] < [ 2,  9, 12, 16, 18, 20, 22, 24]
    Truth table row=[>, <, =, <] ix=57 result=[16+] is correct

Test 17-:
    W0: [ 0,  1,  4,  5,  9, 14, 15, 16, 17] < [ 2,  3,  6,  7,  8, 10, 11, 12, 13]
    W1: [ 0,  1,  4,  5, 12, 13, 19, 20, 22] > [ 2,  3,  6, 14, 15, 16, 17, 18, 21]
    W2: [ 0,  1,  6, 10, 11, 21, 23, 24] > [ 4,  5,  7, 12, 13, 17, 18, 22]
    W3: [ 0,  4,  6, 11, 14, 19, 23, 25] = [ 2,  9, 12, 16, 18, 20, 22, 24]
    Truth table row=[<, >, >, =] ix=25 result=[17-] is correct

Test 17+:
    W0: [ 0,  1,  4,  5,  9, 14, 15, 16, 17] > [ 2,  3,  6,  7,  8, 10, 11, 12, 13]
    W1: [ 0,  1,  4,  5, 12, 13, 19, 20, 22] < [ 2,  3,  6, 14, 15, 16, 17, 18, 21]
    W2: [ 0,  1,  6, 10, 11, 21, 23, 24] < [ 4,  5,  7, 12, 13, 17, 18, 22]
    W3: [ 0,  4,  6, 11, 14, 19, 23, 25] = [ 2,  9, 12, 16, 18, 20, 22, 24]
    Truth table row=[>, <, <, =] ix=55 result=[17+] is correct

Test 18-:
    W0: [ 0,  1,  4,  5,  9, 14, 15, 16, 17] = [ 2,  3,  6,  7,  8, 10, 11, 12, 13]
    W1: [ 0,  1,  4,  5, 12, 13, 19, 20, 22] > [ 2,  3,  6, 14, 15, 16, 17, 18, 21]
    W2: [ 0,  1,  6, 10, 11, 21, 23, 24] > [ 4,  5,  7, 12, 13, 17, 18, 22]
    W3: [ 0,  4,  6, 11, 14, 19, 23, 25] > [ 2,  9, 12, 16, 18, 20, 22, 24]
    Truth table row=[=, >, >, >] ix=53 result=[18-] is correct

Test 18+:
    W0: [ 0,  1,  4,  5,  9, 14, 15, 16, 17] = [ 2,  3,  6,  7,  8, 10, 11, 12, 13]
    W1: [ 0,  1,  4,  5, 12, 13, 19, 20, 22] < [ 2,  3,  6, 14, 15, 16, 17, 18, 21]
    W2: [ 0,  1,  6, 10, 11, 21, 23, 24] < [ 4,  5,  7, 12, 13, 17, 18, 22]
    W3: [ 0,  4,  6, 11, 14, 19, 23, 25] < [ 2,  9, 12, 16, 18, 20, 22, 24]
    Truth table row=[=, <, <, <] ix=27 result=[18+] is correct

Test 19-:
    W0: [ 0,  1,  4,  5,  9, 14, 15, 16, 17] = [ 2,  3,  6,  7,  8, 10, 11, 12, 13]
    W1: [ 0,  1,  4,  5, 12, 13, 19, 20, 22] < [ 2,  3,  6, 14, 15, 16, 17, 18, 21]
    W2: [ 0,  1,  6, 10, 11, 21, 23, 24] = [ 4,  5,  7, 12, 13, 17, 18, 22]
    W3: [ 0,  4,  6, 11, 14, 19, 23, 25] < [ 2,  9, 12, 16, 18, 20, 22, 24]
    Truth table row=[=, <, =, <] ix=30 result=[19-] is correct

Test 19+:
    W0: [ 0,  1,  4,  5,  9, 14, 15, 16, 17] = [ 2,  3,  6,  7,  8, 10, 11, 12, 13]
    W1: [ 0,  1,  4,  5, 12, 13, 19, 20, 22] > [ 2,  3,  6, 14, 15, 16, 17, 18, 21]
    W2: [ 0,  1,  6, 10, 11, 21, 23, 24] = [ 4,  5,  7, 12, 13, 17, 18, 22]
    W3: [ 0,  4,  6, 11, 14, 19, 23, 25] > [ 2,  9, 12, 16, 18, 20, 22, 24]
    Truth table row=[=, >, =, >] ix=50 result=[19+] is correct

Test 20-:
    W0: [ 0,  1,  4,  5,  9, 14, 15, 16, 17] = [ 2,  3,  6,  7,  8, 10, 11, 12, 13]
    W1: [ 0,  1,  4,  5, 12, 13, 19, 20, 22] < [ 2,  3,  6, 14, 15, 16, 17, 18, 21]
    W2: [ 0,  1,  6, 10, 11, 21, 23, 24] = [ 4,  5,  7, 12, 13, 17, 18, 22]
    W3: [ 0,  4,  6, 11, 14, 19, 23, 25] > [ 2,  9, 12, 16, 18, 20, 22, 24]
    Truth table row=[=, <, =, >] ix=32 result=[20-] is correct

Test 20+:
    W0: [ 0,  1,  4,  5,  9, 14, 15, 16, 17] = [ 2,  3,  6,  7,  8, 10, 11, 12, 13]
    W1: [ 0,  1,  4,  5, 12, 13, 19, 20, 22] > [ 2,  3,  6, 14, 15, 16, 17, 18, 21]
    W2: [ 0,  1,  6, 10, 11, 21, 23, 24] = [ 4,  5,  7, 12, 13, 17, 18, 22]
    W3: [ 0,  4,  6, 11, 14, 19, 23, 25] < [ 2,  9, 12, 16, 18, 20, 22, 24]
    Truth table row=[=, >, =, <] ix=48 result=[20+] is correct

Test 21-:
    W0: [ 0,  1,  4,  5,  9, 14, 15, 16, 17] = [ 2,  3,  6,  7,  8, 10, 11, 12, 13]
    W1: [ 0,  1,  4,  5, 12, 13, 19, 20, 22] > [ 2,  3,  6, 14, 15, 16, 17, 18, 21]
    W2: [ 0,  1,  6, 10, 11, 21, 23, 24] < [ 4,  5,  7, 12, 13, 17, 18, 22]
    W3: [ 0,  4,  6, 11, 14, 19, 23, 25] = [ 2,  9, 12, 16, 18, 20, 22, 24]
    Truth table row=[=, >, <, =] ix=46 result=[21-] is correct

Test 21+:
    W0: [ 0,  1,  4,  5,  9, 14, 15, 16, 17] = [ 2,  3,  6,  7,  8, 10, 11, 12, 13]
    W1: [ 0,  1,  4,  5, 12, 13, 19, 20, 22] < [ 2,  3,  6, 14, 15, 16, 17, 18, 21]
    W2: [ 0,  1,  6, 10, 11, 21, 23, 24] > [ 4,  5,  7, 12, 13, 17, 18, 22]
    W3: [ 0,  4,  6, 11, 14, 19, 23, 25] = [ 2,  9, 12, 16, 18, 20, 22, 24]
    Truth table row=[=, <, >, =] ix=34 result=[21+] is correct

Test 22-:
    W0: [ 0,  1,  4,  5,  9, 14, 15, 16, 17] = [ 2,  3,  6,  7,  8, 10, 11, 12, 13]
    W1: [ 0,  1,  4,  5, 12, 13, 19, 20, 22] < [ 2,  3,  6, 14, 15, 16, 17, 18, 21]
    W2: [ 0,  1,  6, 10, 11, 21, 23, 24] > [ 4,  5,  7, 12, 13, 17, 18, 22]
    W3: [ 0,  4,  6, 11, 14, 19, 23, 25] > [ 2,  9, 12, 16, 18, 20, 22, 24]
    Truth table row=[=, <, >, >] ix=35 result=[22-] is correct

Test 22+:
    W0: [ 0,  1,  4,  5,  9, 14, 15, 16, 17] = [ 2,  3,  6,  7,  8, 10, 11, 12, 13]
    W1: [ 0,  1,  4,  5, 12, 13, 19, 20, 22] > [ 2,  3,  6, 14, 15, 16, 17, 18, 21]
    W2: [ 0,  1,  6, 10, 11, 21, 23, 24] < [ 4,  5,  7, 12, 13, 17, 18, 22]
    W3: [ 0,  4,  6, 11, 14, 19, 23, 25] < [ 2,  9, 12, 16, 18, 20, 22, 24]
    Truth table row=[=, >, <, <] ix=45 result=[22+] is correct

Test 23-:
    W0: [ 0,  1,  4,  5,  9, 14, 15, 16, 17] = [ 2,  3,  6,  7,  8, 10, 11, 12, 13]
    W1: [ 0,  1,  4,  5, 12, 13, 19, 20, 22] = [ 2,  3,  6, 14, 15, 16, 17, 18, 21]
    W2: [ 0,  1,  6, 10, 11, 21, 23, 24] < [ 4,  5,  7, 12, 13, 17, 18, 22]
    W3: [ 0,  4,  6, 11, 14, 19, 23, 25] < [ 2,  9, 12, 16, 18, 20, 22, 24]
    Truth table row=[=, =, <, <] ix=36 result=[23-] is correct

Test 23+:
    W0: [ 0,  1,  4,  5,  9, 14, 15, 16, 17] = [ 2,  3,  6,  7,  8, 10, 11, 12, 13]
    W1: [ 0,  1,  4,  5, 12, 13, 19, 20, 22] = [ 2,  3,  6, 14, 15, 16, 17, 18, 21]
    W2: [ 0,  1,  6, 10, 11, 21, 23, 24] > [ 4,  5,  7, 12, 13, 17, 18, 22]
    W3: [ 0,  4,  6, 11, 14, 19, 23, 25] > [ 2,  9, 12, 16, 18, 20, 22, 24]
    Truth table row=[=, =, >, >] ix=44 result=[23+] is correct

Test 24-:
    W0: [ 0,  1,  4,  5,  9, 14, 15, 16, 17] = [ 2,  3,  6,  7,  8, 10, 11, 12, 13]
    W1: [ 0,  1,  4,  5, 12, 13, 19, 20, 22] = [ 2,  3,  6, 14, 15, 16, 17, 18, 21]
    W2: [ 0,  1,  6, 10, 11, 21, 23, 24] < [ 4,  5,  7, 12, 13, 17, 18, 22]
    W3: [ 0,  4,  6, 11, 14, 19, 23, 25] > [ 2,  9, 12, 16, 18, 20, 22, 24]
    Truth table row=[=, =, <, >] ix=38 result=[24-] is correct

Test 24+:
    W0: [ 0,  1,  4,  5,  9, 14, 15, 16, 17] = [ 2,  3,  6,  7,  8, 10, 11, 12, 13]
    W1: [ 0,  1,  4,  5, 12, 13, 19, 20, 22] = [ 2,  3,  6, 14, 15, 16, 17, 18, 21]
    W2: [ 0,  1,  6, 10, 11, 21, 23, 24] > [ 4,  5,  7, 12, 13, 17, 18, 22]
    W3: [ 0,  4,  6, 11, 14, 19, 23, 25] < [ 2,  9, 12, 16, 18, 20, 22, 24]
    Truth table row=[=, =, >, <] ix=42 result=[24+] is correct

Test 25-:
    W0: [ 0,  1,  4,  5,  9, 14, 15, 16, 17] = [ 2,  3,  6,  7,  8, 10, 11, 12, 13]
    W1: [ 0,  1,  4,  5, 12, 13, 19, 20, 22] = [ 2,  3,  6, 14, 15, 16, 17, 18, 21]
    W2: [ 0,  1,  6, 10, 11, 21, 23, 24] = [ 4,  5,  7, 12, 13, 17, 18, 22]
    W3: [ 0,  4,  6, 11, 14, 19, 23, 25] < [ 2,  9, 12, 16, 18, 20, 22, 24]
    Truth table row=[=, =, =, <] ix=39 result=[25-] is correct

Test 25+:
    W0: [ 0,  1,  4,  5,  9, 14, 15, 16, 17] = [ 2,  3,  6,  7,  8, 10, 11, 12, 13]
    W1: [ 0,  1,  4,  5, 12, 13, 19, 20, 22] = [ 2,  3,  6, 14, 15, 16, 17, 18, 21]
    W2: [ 0,  1,  6, 10, 11, 21, 23, 24] = [ 4,  5,  7, 12, 13, 17, 18, 22]
    W3: [ 0,  4,  6, 11, 14, 19, 23, 25] > [ 2,  9, 12, 16, 18, 20, 22, 24]
    Truth table row=[=, =, =, >] ix=41 result=[25+] is correct

Total correct results: 52
Total incorrect results: 0
