Solving for 39 balls and 4 weighings

Solution:
W0: [ 0,  2,  4,  6,  8, 10, 12, 14, 16, 18, 20, 22, 24] <=> [ 1,  3,  5,  7,  9, 11, 13, 15, 17, 19, 21, 23, 25]
W1: [ 0,  3,  6,  9, 13, 17, 24, 29, 31, 33, 35, 36, 37] <=> [ 1,  2,  4,  5,  7,  8, 10, 15, 19, 20, 27, 30, 38]
W2: [ 1,  4,  6,  9, 12, 16, 20, 21, 26, 28, 33, 34, 37] <=> [ 2,  3,  7,  8, 11, 14, 15, 18, 24, 27, 29, 35, 36]
W3: [ 1,  4,  8, 11, 12, 15, 19, 22, 23, 33, 34, 35, 38] <=> [ 2,  5,  7, 10, 13, 18, 20, 21, 28, 29, 30, 32, 37]

Truth Table:
ix  W0  W1  W2  W3   Result
 0   <   <   <   <   7+
 1   <   <   <   =   6-
 2   <   <   <   >   15+
 3   <   <   =   <   5+
 4   <   <   =   =   0-
 5   <   <   =   >   19+
 6   <   <   >   <
 7   <   <   >   =   24-
 8   <   <   >   >   1+
 9   <   =   <   <   12-
10   <   =   <   =   16-
11   <   =   <   >   11+
12   <   =   =   <   22-
13   <   =   =   =   25+
14   <   =   =   >   23+
15   <   =   >   <   21+
16   <   =   >   =   14-
17   <   =   >   >   18-
18   <   >   <   <   4-
19   <   >   <   =   3+
20   <   >   <   >   20-
21   <   >   =   <   13+
22   <   >   =   =   17+
23   <   >   =   >   10-
24   <   >   >   <   8-
25   <   >   >   =   9+
26   <   >   >   >   2-
27   =   <   <   <   33-
28   =   <   <   =   27+
29   =   <   <   >   37-
30   =   <   =   <   30+
31   =   <   =   =   31-
32   =   <   =   >   38+
33   =   <   >   <   35-
34   =   <   >   =   36-
35   =   <   >   >   29-
36   =   =   <   <   34-
37   =   =   <   =   26-
38   =   =   <   >   28-
39   =   =   =   <   32+
40   =   =   =   =
41   =   =   =   >   32-
42   =   =   >   <   28+
43   =   =   >   =   26+
44   =   =   >   >   34+
45   =   >   <   <   29+
46   =   >   <   =   36+
47   =   >   <   >   35+
48   =   >   =   <   38-
49   =   >   =   =   31+
50   =   >   =   >   30-
51   =   >   >   <   37+
52   =   >   >   =   27-
53   =   >   >   >   33+
54   >   <   <   <   2+
55   >   <   <   =   9-
56   >   <   <   >   8+
57   >   <   =   <   10+
58   >   <   =   =   17-
59   >   <   =   >   13-
60   >   <   >   <   20+
61   >   <   >   =   3-
62   >   <   >   >   4+
63   >   =   <   <   18+
64   >   =   <   =   14+
65   >   =   <   >   21-
66   >   =   =   <   23-
67   >   =   =   =   25-
68   >   =   =   >   22+
69   >   =   >   <   11-
70   >   =   >   =   16+
71   >   =   >   >   12+
72   >   >   <   <   1-
73   >   >   <   =   24+
74   >   >   <   >
75   >   >   =   <   19-
76   >   >   =   =   0+
77   >   >   =   >   5-
78   >   >   >   <   15-
79   >   >   >   =   6+
80   >   >   >   >   7-

Test 0-:
    W0: [ 0,  2,  4,  6,  8, 10, 12, 14, 16, 18, 20, 22, 24] < [ 1,  3,  5,  7,  9, 11, 13, 15, 17, 19, 21, 23, 25]
    W1: [ 0,  3,  6,  9, 13, 17, 24, 29, 31, 33, 35, 36, 37] < [ 1,  2,  4,  5,  7,  8, 10, 15, 19, 20, 27, 30, 38]
    W2: [ 1,  4,  6,  9, 12, 16, 20, 21, 26, 28, 33, 34, 37] = [ 2,  3,  7,  8, 11, 14, 15, 18, 24, 27, 29, 35, 36]
    W3: [ 1,  4,  8, 11, 12, 15, 19, 22, 23, 33, 34, 35, 38] = [ 2,  5,  7, 10, 13, 18, 20, 21, 28, 29, 30, 32, 37]
    Truth table result: ['0-'] is correct

Test 0+:
    W0: [ 0,  2,  4,  6,  8, 10, 12, 14, 16, 18, 20, 22, 24] > [ 1,  3,  5,  7,  9, 11, 13, 15, 17, 19, 21, 23, 25]
    W1: [ 0,  3,  6,  9, 13, 17, 24, 29, 31, 33, 35, 36, 37] > [ 1,  2,  4,  5,  7,  8, 10, 15, 19, 20, 27, 30, 38]
    W2: [ 1,  4,  6,  9, 12, 16, 20, 21, 26, 28, 33, 34, 37] = [ 2,  3,  7,  8, 11, 14, 15, 18, 24, 27, 29, 35, 36]
    W3: [ 1,  4,  8, 11, 12, 15, 19, 22, 23, 33, 34, 35, 38] = [ 2,  5,  7, 10, 13, 18, 20, 21, 28, 29, 30, 32, 37]
    Truth table result: ['0+'] is correct

Test 1-:
    W0: [ 0,  2,  4,  6,  8, 10, 12, 14, 16, 18, 20, 22, 24] > [ 1,  3,  5,  7,  9, 11, 13, 15, 17, 19, 21, 23, 25]
    W1: [ 0,  3,  6,  9, 13, 17, 24, 29, 31, 33, 35, 36, 37] > [ 1,  2,  4,  5,  7,  8, 10, 15, 19, 20, 27, 30, 38]
    W2: [ 1,  4,  6,  9, 12, 16, 20, 21, 26, 28, 33, 34, 37] < [ 2,  3,  7,  8, 11, 14, 15, 18, 24, 27, 29, 35, 36]
    W3: [ 1,  4,  8, 11, 12, 15, 19, 22, 23, 33, 34, 35, 38] < [ 2,  5,  7, 10, 13, 18, 20, 21, 28, 29, 30, 32, 37]
    Truth table result: ['1-'] is correct

Test 1+:
    W0: [ 0,  2,  4,  6,  8, 10, 12, 14, 16, 18, 20, 22, 24] < [ 1,  3,  5,  7,  9, 11, 13, 15, 17, 19, 21, 23, 25]
    W1: [ 0,  3,  6,  9, 13, 17, 24, 29, 31, 33, 35, 36, 37] < [ 1,  2,  4,  5,  7,  8, 10, 15, 19, 20, 27, 30, 38]
    W2: [ 1,  4,  6,  9, 12, 16, 20, 21, 26, 28, 33, 34, 37] > [ 2,  3,  7,  8, 11, 14, 15, 18, 24, 27, 29, 35, 36]
    W3: [ 1,  4,  8, 11, 12, 15, 19, 22, 23, 33, 34, 35, 38] > [ 2,  5,  7, 10, 13, 18, 20, 21, 28, 29, 30, 32, 37]
    Truth table result: ['1+'] is correct

Test 2-:
    W0: [ 0,  2,  4,  6,  8, 10, 12, 14, 16, 18, 20, 22, 24] < [ 1,  3,  5,  7,  9, 11, 13, 15, 17, 19, 21, 23, 25]
    W1: [ 0,  3,  6,  9, 13, 17, 24, 29, 31, 33, 35, 36, 37] > [ 1,  2,  4,  5,  7,  8, 10, 15, 19, 20, 27, 30, 38]
    W2: [ 1,  4,  6,  9, 12, 16, 20, 21, 26, 28, 33, 34, 37] > [ 2,  3,  7,  8, 11, 14, 15, 18, 24, 27, 29, 35, 36]
    W3: [ 1,  4,  8, 11, 12, 15, 19, 22, 23, 33, 34, 35, 38] > [ 2,  5,  7, 10, 13, 18, 20, 21, 28, 29, 30, 32, 37]
    Truth table result: ['2-'] is correct

Test 2+:
    W0: [ 0,  2,  4,  6,  8, 10, 12, 14, 16, 18, 20, 22, 24] > [ 1,  3,  5,  7,  9, 11, 13, 15, 17, 19, 21, 23, 25]
    W1: [ 0,  3,  6,  9, 13, 17, 24, 29, 31, 33, 35, 36, 37] < [ 1,  2,  4,  5,  7,  8, 10, 15, 19, 20, 27, 30, 38]
    W2: [ 1,  4,  6,  9, 12, 16, 20, 21, 26, 28, 33, 34, 37] < [ 2,  3,  7,  8, 11, 14, 15, 18, 24, 27, 29, 35, 36]
    W3: [ 1,  4,  8, 11, 12, 15, 19, 22, 23, 33, 34, 35, 38] < [ 2,  5,  7, 10, 13, 18, 20, 21, 28, 29, 30, 32, 37]
    Truth table result: ['2+'] is correct

Test 3-:
    W0: [ 0,  2,  4,  6,  8, 10, 12, 14, 16, 18, 20, 22, 24] > [ 1,  3,  5,  7,  9, 11, 13, 15, 17, 19, 21, 23, 25]
    W1: [ 0,  3,  6,  9, 13, 17, 24, 29, 31, 33, 35, 36, 37] < [ 1,  2,  4,  5,  7,  8, 10, 15, 19, 20, 27, 30, 38]
    W2: [ 1,  4,  6,  9, 12, 16, 20, 21, 26, 28, 33, 34, 37] > [ 2,  3,  7,  8, 11, 14, 15, 18, 24, 27, 29, 35, 36]
    W3: [ 1,  4,  8, 11, 12, 15, 19, 22, 23, 33, 34, 35, 38] = [ 2,  5,  7, 10, 13, 18, 20, 21, 28, 29, 30, 32, 37]
    Truth table result: ['3-'] is correct

Test 3+:
    W0: [ 0,  2,  4,  6,  8, 10, 12, 14, 16, 18, 20, 22, 24] < [ 1,  3,  5,  7,  9, 11, 13, 15, 17, 19, 21, 23, 25]
    W1: [ 0,  3,  6,  9, 13, 17, 24, 29, 31, 33, 35, 36, 37] > [ 1,  2,  4,  5,  7,  8, 10, 15, 19, 20, 27, 30, 38]
    W2: [ 1,  4,  6,  9, 12, 16, 20, 21, 26, 28, 33, 34, 37] < [ 2,  3,  7,  8, 11, 14, 15, 18, 24, 27, 29, 35, 36]
    W3: [ 1,  4,  8, 11, 12, 15, 19, 22, 23, 33, 34, 35, 38] = [ 2,  5,  7, 10, 13, 18, 20, 21, 28, 29, 30, 32, 37]
    Truth table result: ['3+'] is correct

Test 4-:
    W0: [ 0,  2,  4,  6,  8, 10, 12, 14, 16, 18, 20, 22, 24] < [ 1,  3,  5,  7,  9, 11, 13, 15, 17, 19, 21, 23, 25]
    W1: [ 0,  3,  6,  9, 13, 17, 24, 29, 31, 33, 35, 36, 37] > [ 1,  2,  4,  5,  7,  8, 10, 15, 19, 20, 27, 30, 38]
    W2: [ 1,  4,  6,  9, 12, 16, 20, 21, 26, 28, 33, 34, 37] < [ 2,  3,  7,  8, 11, 14, 15, 18, 24, 27, 29, 35, 36]
    W3: [ 1,  4,  8, 11, 12, 15, 19, 22, 23, 33, 34, 35, 38] < [ 2,  5,  7, 10, 13, 18, 20, 21, 28, 29, 30, 32, 37]
    Truth table result: ['4-'] is correct

Test 4+:
    W0: [ 0,  2,  4,  6,  8, 10, 12, 14, 16, 18, 20, 22, 24] > [ 1,  3,  5,  7,  9, 11, 13, 15, 17, 19, 21, 23, 25]
    W1: [ 0,  3,  6,  9, 13, 17, 24, 29, 31, 33, 35, 36, 37] < [ 1,  2,  4,  5,  7,  8, 10, 15, 19, 20, 27, 30, 38]
    W2: [ 1,  4,  6,  9, 12, 16, 20, 21, 26, 28, 33, 34, 37] > [ 2,  3,  7,  8, 11, 14, 15, 18, 24, 27, 29, 35, 36]
    W3: [ 1,  4,  8, 11, 12, 15, 19, 22, 23, 33, 34, 35, 38] > [ 2,  5,  7, 10, 13, 18, 20, 21, 28, 29, 30, 32, 37]
    Truth table result: ['4+'] is correct

Test 5-:
    W0: [ 0,  2,  4,  6,  8, 10, 12, 14, 16, 18, 20, 22, 24] > [ 1,  3,  5,  7,  9, 11, 13, 15, 17, 19, 21, 23, 25]
    W1: [ 0,  3,  6,  9, 13, 17, 24, 29, 31, 33, 35, 36, 37] > [ 1,  2,  4,  5,  7,  8, 10, 15, 19, 20, 27, 30, 38]
    W2: [ 1,  4,  6,  9, 12, 16, 20, 21, 26, 28, 33, 34, 37] = [ 2,  3,  7,  8, 11, 14, 15, 18, 24, 27, 29, 35, 36]
    W3: [ 1,  4,  8, 11, 12, 15, 19, 22, 23, 33, 34, 35, 38] > [ 2,  5,  7, 10, 13, 18, 20, 21, 28, 29, 30, 32, 37]
    Truth table result: ['5-'] is correct

Test 5+:
    W0: [ 0,  2,  4,  6,  8, 10, 12, 14, 16, 18, 20, 22, 24] < [ 1,  3,  5,  7,  9, 11, 13, 15, 17, 19, 21, 23, 25]
    W1: [ 0,  3,  6,  9, 13, 17, 24, 29, 31, 33, 35, 36, 37] < [ 1,  2,  4,  5,  7,  8, 10, 15, 19, 20, 27, 30, 38]
    W2: [ 1,  4,  6,  9, 12, 16, 20, 21, 26, 28, 33, 34, 37] = [ 2,  3,  7,  8, 11, 14, 15, 18, 24, 27, 29, 35, 36]
    W3: [ 1,  4,  8, 11, 12, 15, 19, 22, 23, 33, 34, 35, 38] < [ 2,  5,  7, 10, 13, 18, 20, 21, 28, 29, 30, 32, 37]
    Truth table result: ['5+'] is correct

Test 6-:
    W0: [ 0,  2,  4,  6,  8, 10, 12, 14, 16, 18, 20, 22, 24] < [ 1,  3,  5,  7,  9, 11, 13, 15, 17, 19, 21, 23, 25]
    W1: [ 0,  3,  6,  9, 13, 17, 24, 29, 31, 33, 35, 36, 37] < [ 1,  2,  4,  5,  7,  8, 10, 15, 19, 20, 27, 30, 38]
    W2: [ 1,  4,  6,  9, 12, 16, 20, 21, 26, 28, 33, 34, 37] < [ 2,  3,  7,  8, 11, 14, 15, 18, 24, 27, 29, 35, 36]
    W3: [ 1,  4,  8, 11, 12, 15, 19, 22, 23, 33, 34, 35, 38] = [ 2,  5,  7, 10, 13, 18, 20, 21, 28, 29, 30, 32, 37]
    Truth table result: ['6-'] is correct

Test 6+:
    W0: [ 0,  2,  4,  6,  8, 10, 12, 14, 16, 18, 20, 22, 24] > [ 1,  3,  5,  7,  9, 11, 13, 15, 17, 19, 21, 23, 25]
    W1: [ 0,  3,  6,  9, 13, 17, 24, 29, 31, 33, 35, 36, 37] > [ 1,  2,  4,  5,  7,  8, 10, 15, 19, 20, 27, 30, 38]
    W2: [ 1,  4,  6,  9, 12, 16, 20, 21, 26, 28, 33, 34, 37] > [ 2,  3,  7,  8, 11, 14, 15, 18, 24, 27, 29, 35, 36]
    W3: [ 1,  4,  8, 11, 12, 15, 19, 22, 23, 33, 34, 35, 38] = [ 2,  5,  7, 10, 13, 18, 20, 21, 28, 29, 30, 32, 37]
    Truth table result: ['6+'] is correct

Test 7-:
    W0: [ 0,  2,  4,  6,  8, 10, 12, 14, 16, 18, 20, 22, 24] > [ 1,  3,  5,  7,  9, 11, 13, 15, 17, 19, 21, 23, 25]
    W1: [ 0,  3,  6,  9, 13, 17, 24, 29, 31, 33, 35, 36, 37] > [ 1,  2,  4,  5,  7,  8, 10, 15, 19, 20, 27, 30, 38]
    W2: [ 1,  4,  6,  9, 12, 16, 20, 21, 26, 28, 33, 34, 37] > [ 2,  3,  7,  8, 11, 14, 15, 18, 24, 27, 29, 35, 36]
    W3: [ 1,  4,  8, 11, 12, 15, 19, 22, 23, 33, 34, 35, 38] > [ 2,  5,  7, 10, 13, 18, 20, 21, 28, 29, 30, 32, 37]
    Truth table result: ['7-'] is correct

Test 7+:
    W0: [ 0,  2,  4,  6,  8, 10, 12, 14, 16, 18, 20, 22, 24] < [ 1,  3,  5,  7,  9, 11, 13, 15, 17, 19, 21, 23, 25]
    W1: [ 0,  3,  6,  9, 13, 17, 24, 29, 31, 33, 35, 36, 37] < [ 1,  2,  4,  5,  7,  8, 10, 15, 19, 20, 27, 30, 38]
    W2: [ 1,  4,  6,  9, 12, 16, 20, 21, 26, 28, 33, 34, 37] < [ 2,  3,  7,  8, 11, 14, 15, 18, 24, 27, 29, 35, 36]
    W3: [ 1,  4,  8, 11, 12, 15, 19, 22, 23, 33, 34, 35, 38] < [ 2,  5,  7, 10, 13, 18, 20, 21, 28, 29, 30, 32, 37]
    Truth table result: ['7+'] is correct

Test 8-:
    W0: [ 0,  2,  4,  6,  8, 10, 12, 14, 16, 18, 20, 22, 24] < [ 1,  3,  5,  7,  9, 11, 13, 15, 17, 19, 21, 23, 25]
    W1: [ 0,  3,  6,  9, 13, 17, 24, 29, 31, 33, 35, 36, 37] > [ 1,  2,  4,  5,  7,  8, 10, 15, 19, 20, 27, 30, 38]
    W2: [ 1,  4,  6,  9, 12, 16, 20, 21, 26, 28, 33, 34, 37] > [ 2,  3,  7,  8, 11, 14, 15, 18, 24, 27, 29, 35, 36]
    W3: [ 1,  4,  8, 11, 12, 15, 19, 22, 23, 33, 34, 35, 38] < [ 2,  5,  7, 10, 13, 18, 20, 21, 28, 29, 30, 32, 37]
    Truth table result: ['8-'] is correct

Test 8+:
    W0: [ 0,  2,  4,  6,  8, 10, 12, 14, 16, 18, 20, 22, 24] > [ 1,  3,  5,  7,  9, 11, 13, 15, 17, 19, 21, 23, 25]
    W1: [ 0,  3,  6,  9, 13, 17, 24, 29, 31, 33, 35, 36, 37] < [ 1,  2,  4,  5,  7,  8, 10, 15, 19, 20, 27, 30, 38]
    W2: [ 1,  4,  6,  9, 12, 16, 20, 21, 26, 28, 33, 34, 37] < [ 2,  3,  7,  8, 11, 14, 15, 18, 24, 27, 29, 35, 36]
    W3: [ 1,  4,  8, 11, 12, 15, 19, 22, 23, 33, 34, 35, 38] > [ 2,  5,  7, 10, 13, 18, 20, 21, 28, 29, 30, 32, 37]
    Truth table result: ['8+'] is correct

Test 9-:
    W0: [ 0,  2,  4,  6,  8, 10, 12, 14, 16, 18, 20, 22, 24] > [ 1,  3,  5,  7,  9, 11, 13, 15, 17, 19, 21, 23, 25]
    W1: [ 0,  3,  6,  9, 13, 17, 24, 29, 31, 33, 35, 36, 37] < [ 1,  2,  4,  5,  7,  8, 10, 15, 19, 20, 27, 30, 38]
    W2: [ 1,  4,  6,  9, 12, 16, 20, 21, 26, 28, 33, 34, 37] < [ 2,  3,  7,  8, 11, 14, 15, 18, 24, 27, 29, 35, 36]
    W3: [ 1,  4,  8, 11, 12, 15, 19, 22, 23, 33, 34, 35, 38] = [ 2,  5,  7, 10, 13, 18, 20, 21, 28, 29, 30, 32, 37]
    Truth table result: ['9-'] is correct

Test 9+:
    W0: [ 0,  2,  4,  6,  8, 10, 12, 14, 16, 18, 20, 22, 24] < [ 1,  3,  5,  7,  9, 11, 13, 15, 17, 19, 21, 23, 25]
    W1: [ 0,  3,  6,  9, 13, 17, 24, 29, 31, 33, 35, 36, 37] > [ 1,  2,  4,  5,  7,  8, 10, 15, 19, 20, 27, 30, 38]
    W2: [ 1,  4,  6,  9, 12, 16, 20, 21, 26, 28, 33, 34, 37] > [ 2,  3,  7,  8, 11, 14, 15, 18, 24, 27, 29, 35, 36]
    W3: [ 1,  4,  8, 11, 12, 15, 19, 22, 23, 33, 34, 35, 38] = [ 2,  5,  7, 10, 13, 18, 20, 21, 28, 29, 30, 32, 37]
    Truth table result: ['9+'] is correct

Test 10-:
    W0: [ 0,  2,  4,  6,  8, 10, 12, 14, 16, 18, 20, 22, 24] < [ 1,  3,  5,  7,  9, 11, 13, 15, 17, 19, 21, 23, 25]
    W1: [ 0,  3,  6,  9, 13, 17, 24, 29, 31, 33, 35, 36, 37] > [ 1,  2,  4,  5,  7,  8, 10, 15, 19, 20, 27, 30, 38]
    W2: [ 1,  4,  6,  9, 12, 16, 20, 21, 26, 28, 33, 34, 37] = [ 2,  3,  7,  8, 11, 14, 15, 18, 24, 27, 29, 35, 36]
    W3: [ 1,  4,  8, 11, 12, 15, 19, 22, 23, 33, 34, 35, 38] > [ 2,  5,  7, 10, 13, 18, 20, 21, 28, 29, 30, 32, 37]
    Truth table result: ['10-'] is correct

Test 10+:
    W0: [ 0,  2,  4,  6,  8, 10, 12, 14, 16, 18, 20, 22, 24] > [ 1,  3,  5,  7,  9, 11, 13, 15, 17, 19, 21, 23, 25]
    W1: [ 0,  3,  6,  9, 13, 17, 24, 29, 31, 33, 35, 36, 37] < [ 1,  2,  4,  5,  7,  8, 10, 15, 19, 20, 27, 30, 38]
    W2: [ 1,  4,  6,  9, 12, 16, 20, 21, 26, 28, 33, 34, 37] = [ 2,  3,  7,  8, 11, 14, 15, 18, 24, 27, 29, 35, 36]
    W3: [ 1,  4,  8, 11, 12, 15, 19, 22, 23, 33, 34, 35, 38] < [ 2,  5,  7, 10, 13, 18, 20, 21, 28, 29, 30, 32, 37]
    Truth table result: ['10+'] is correct

Test 11-:
    W0: [ 0,  2,  4,  6,  8, 10, 12, 14, 16, 18, 20, 22, 24] > [ 1,  3,  5,  7,  9, 11, 13, 15, 17, 19, 21, 23, 25]
    W1: [ 0,  3,  6,  9, 13, 17, 24, 29, 31, 33, 35, 36, 37] = [ 1,  2,  4,  5,  7,  8, 10, 15, 19, 20, 27, 30, 38]
    W2: [ 1,  4,  6,  9, 12, 16, 20, 21, 26, 28, 33, 34, 37] > [ 2,  3,  7,  8, 11, 14, 15, 18, 24, 27, 29, 35, 36]
    W3: [ 1,  4,  8, 11, 12, 15, 19, 22, 23, 33, 34, 35, 38] < [ 2,  5,  7, 10, 13, 18, 20, 21, 28, 29, 30, 32, 37]
    Truth table result: ['11-'] is correct

Test 11+:
    W0: [ 0,  2,  4,  6,  8, 10, 12, 14, 16, 18, 20, 22, 24] < [ 1,  3,  5,  7,  9, 11, 13, 15, 17, 19, 21, 23, 25]
    W1: [ 0,  3,  6,  9, 13, 17, 24, 29, 31, 33, 35, 36, 37] = [ 1,  2,  4,  5,  7,  8, 10, 15, 19, 20, 27, 30, 38]
    W2: [ 1,  4,  6,  9, 12, 16, 20, 21, 26, 28, 33, 34, 37] < [ 2,  3,  7,  8, 11, 14, 15, 18, 24, 27, 29, 35, 36]
    W3: [ 1,  4,  8, 11, 12, 15, 19, 22, 23, 33, 34, 35, 38] > [ 2,  5,  7, 10, 13, 18, 20, 21, 28, 29, 30, 32, 37]
    Truth table result: ['11+'] is correct

Test 12-:
    W0: [ 0,  2,  4,  6,  8, 10, 12, 14, 16, 18, 20, 22, 24] < [ 1,  3,  5,  7,  9, 11, 13, 15, 17, 19, 21, 23, 25]
    W1: [ 0,  3,  6,  9, 13, 17, 24, 29, 31, 33, 35, 36, 37] = [ 1,  2,  4,  5,  7,  8, 10, 15, 19, 20, 27, 30, 38]
    W2: [ 1,  4,  6,  9, 12, 16, 20, 21, 26, 28, 33, 34, 37] < [ 2,  3,  7,  8, 11, 14, 15, 18, 24, 27, 29, 35, 36]
    W3: [ 1,  4,  8, 11, 12, 15, 19, 22, 23, 33, 34, 35, 38] < [ 2,  5,  7, 10, 13, 18, 20, 21, 28, 29, 30, 32, 37]
    Truth table result: ['12-'] is correct

Test 12+:
    W0: [ 0,  2,  4,  6,  8, 10, 12, 14, 16, 18, 20, 22, 24] > [ 1,  3,  5,  7,  9, 11, 13, 15, 17, 19, 21, 23, 25]
    W1: [ 0,  3,  6,  9, 13, 17, 24, 29, 31, 33, 35, 36, 37] = [ 1,  2,  4,  5,  7,  8, 10, 15, 19, 20, 27, 30, 38]
    W2: [ 1,  4,  6,  9, 12, 16, 20, 21, 26, 28, 33, 34, 37] > [ 2,  3,  7,  8, 11, 14, 15, 18, 24, 27, 29, 35, 36]
    W3: [ 1,  4,  8, 11, 12, 15, 19, 22, 23, 33, 34, 35, 38] > [ 2,  5,  7, 10, 13, 18, 20, 21, 28, 29, 30, 32, 37]
    Truth table result: ['12+'] is correct

Test 13-:
    W0: [ 0,  2,  4,  6,  8, 10, 12, 14, 16, 18, 20, 22, 24] > [ 1,  3,  5,  7,  9, 11, 13, 15, 17, 19, 21, 23, 25]
    W1: [ 0,  3,  6,  9, 13, 17, 24, 29, 31, 33, 35, 36, 37] < [ 1,  2,  4,  5,  7,  8, 10, 15, 19, 20, 27, 30, 38]
    W2: [ 1,  4,  6,  9, 12, 16, 20, 21, 26, 28, 33, 34, 37] = [ 2,  3,  7,  8, 11, 14, 15, 18, 24, 27, 29, 35, 36]
    W3: [ 1,  4,  8, 11, 12, 15, 19, 22, 23, 33, 34, 35, 38] > [ 2,  5,  7, 10, 13, 18, 20, 21, 28, 29, 30, 32, 37]
    Truth table result: ['13-'] is correct

Test 13+:
    W0: [ 0,  2,  4,  6,  8, 10, 12, 14, 16, 18, 20, 22, 24] < [ 1,  3,  5,  7,  9, 11, 13, 15, 17, 19, 21, 23, 25]
    W1: [ 0,  3,  6,  9, 13, 17, 24, 29, 31, 33, 35, 36, 37] > [ 1,  2,  4,  5,  7,  8, 10, 15, 19, 20, 27, 30, 38]
    W2: [ 1,  4,  6,  9, 12, 16, 20, 21, 26, 28, 33, 34, 37] = [ 2,  3,  7,  8, 11, 14, 15, 18, 24, 27, 29, 35, 36]
    W3: [ 1,  4,  8, 11, 12, 15, 19, 22, 23, 33, 34, 35, 38] < [ 2,  5,  7, 10, 13, 18, 20, 21, 28, 29, 30, 32, 37]
    Truth table result: ['13+'] is correct

Test 14-:
    W0: [ 0,  2,  4,  6,  8, 10, 12, 14, 16, 18, 20, 22, 24] < [ 1,  3,  5,  7,  9, 11, 13, 15, 17, 19, 21, 23, 25]
    W1: [ 0,  3,  6,  9, 13, 17, 24, 29, 31, 33, 35, 36, 37] = [ 1,  2,  4,  5,  7,  8, 10, 15, 19, 20, 27, 30, 38]
    W2: [ 1,  4,  6,  9, 12, 16, 20, 21, 26, 28, 33, 34, 37] > [ 2,  3,  7,  8, 11, 14, 15, 18, 24, 27, 29, 35, 36]
    W3: [ 1,  4,  8, 11, 12, 15, 19, 22, 23, 33, 34, 35, 38] = [ 2,  5,  7, 10, 13, 18, 20, 21, 28, 29, 30, 32, 37]
    Truth table result: ['14-'] is correct

Test 14+:
    W0: [ 0,  2,  4,  6,  8, 10, 12, 14, 16, 18, 20, 22, 24] > [ 1,  3,  5,  7,  9, 11, 13, 15, 17, 19, 21, 23, 25]
    W1: [ 0,  3,  6,  9, 13, 17, 24, 29, 31, 33, 35, 36, 37] = [ 1,  2,  4,  5,  7,  8, 10, 15, 19, 20, 27, 30, 38]
    W2: [ 1,  4,  6,  9, 12, 16, 20, 21, 26, 28, 33, 34, 37] < [ 2,  3,  7,  8, 11, 14, 15, 18, 24, 27, 29, 35, 36]
    W3: [ 1,  4,  8, 11, 12, 15, 19, 22, 23, 33, 34, 35, 38] = [ 2,  5,  7, 10, 13, 18, 20, 21, 28, 29, 30, 32, 37]
    Truth table result: ['14+'] is correct

Test 15-:
    W0: [ 0,  2,  4,  6,  8, 10, 12, 14, 16, 18, 20, 22, 24] > [ 1,  3,  5,  7,  9, 11, 13, 15, 17, 19, 21, 23, 25]
    W1: [ 0,  3,  6,  9, 13, 17, 24, 29, 31, 33, 35, 36, 37] > [ 1,  2,  4,  5,  7,  8, 10, 15, 19, 20, 27, 30, 38]
    W2: [ 1,  4,  6,  9, 12, 16, 20, 21, 26, 28, 33, 34, 37] > [ 2,  3,  7,  8, 11, 14, 15, 18, 24, 27, 29, 35, 36]
    W3: [ 1,  4,  8, 11, 12, 15, 19, 22, 23, 33, 34, 35, 38] < [ 2,  5,  7, 10, 13, 18, 20, 21, 28, 29, 30, 32, 37]
    Truth table result: ['15-'] is correct

Test 15+:
    W0: [ 0,  2,  4,  6,  8, 10, 12, 14, 16, 18, 20, 22, 24] < [ 1,  3,  5,  7,  9, 11, 13, 15, 17, 19, 21, 23, 25]
    W1: [ 0,  3,  6,  9, 13, 17, 24, 29, 31, 33, 35, 36, 37] < [ 1,  2,  4,  5,  7,  8, 10, 15, 19, 20, 27, 30, 38]
    W2: [ 1,  4,  6,  9, 12, 16, 20, 21, 26, 28, 33, 34, 37] < [ 2,  3,  7,  8, 11, 14, 15, 18, 24, 27, 29, 35, 36]
    W3: [ 1,  4,  8, 11, 12, 15, 19, 22, 23, 33, 34, 35, 38] > [ 2,  5,  7, 10, 13, 18, 20, 21, 28, 29, 30, 32, 37]
    Truth table result: ['15+'] is correct

Test 16-:
    W0: [ 0,  2,  4,  6,  8, 10, 12, 14, 16, 18, 20, 22, 24] < [ 1,  3,  5,  7,  9, 11, 13, 15, 17, 19, 21, 23, 25]
    W1: [ 0,  3,  6,  9, 13, 17, 24, 29, 31, 33, 35, 36, 37] = [ 1,  2,  4,  5,  7,  8, 10, 15, 19, 20, 27, 30, 38]
    W2: [ 1,  4,  6,  9, 12, 16, 20, 21, 26, 28, 33, 34, 37] < [ 2,  3,  7,  8, 11, 14, 15, 18, 24, 27, 29, 35, 36]
    W3: [ 1,  4,  8, 11, 12, 15, 19, 22, 23, 33, 34, 35, 38] = [ 2,  5,  7, 10, 13, 18, 20, 21, 28, 29, 30, 32, 37]
    Truth table result: ['16-'] is correct

Test 16+:
    W0: [ 0,  2,  4,  6,  8, 10, 12, 14, 16, 18, 20, 22, 24] > [ 1,  3,  5,  7,  9, 11, 13, 15, 17, 19, 21, 23, 25]
    W1: [ 0,  3,  6,  9, 13, 17, 24, 29, 31, 33, 35, 36, 37] = [ 1,  2,  4,  5,  7,  8, 10, 15, 19, 20, 27, 30, 38]
    W2: [ 1,  4,  6,  9, 12, 16, 20, 21, 26, 28, 33, 34, 37] > [ 2,  3,  7,  8, 11, 14, 15, 18, 24, 27, 29, 35, 36]
    W3: [ 1,  4,  8, 11, 12, 15, 19, 22, 23, 33, 34, 35, 38] = [ 2,  5,  7, 10, 13, 18, 20, 21, 28, 29, 30, 32, 37]
    Truth table result: ['16+'] is correct

Test 17-:
    W0: [ 0,  2,  4,  6,  8, 10, 12, 14, 16, 18, 20, 22, 24] > [ 1,  3,  5,  7,  9, 11, 13, 15, 17, 19, 21, 23, 25]
    W1: [ 0,  3,  6,  9, 13, 17, 24, 29, 31, 33, 35, 36, 37] < [ 1,  2,  4,  5,  7,  8, 10, 15, 19, 20, 27, 30, 38]
    W2: [ 1,  4,  6,  9, 12, 16, 20, 21, 26, 28, 33, 34, 37] = [ 2,  3,  7,  8, 11, 14, 15, 18, 24, 27, 29, 35, 36]
    W3: [ 1,  4,  8, 11, 12, 15, 19, 22, 23, 33, 34, 35, 38] = [ 2,  5,  7, 10, 13, 18, 20, 21, 28, 29, 30, 32, 37]
    Truth table result: ['17-'] is correct

Test 17+:
    W0: [ 0,  2,  4,  6,  8, 10, 12, 14, 16, 18, 20, 22, 24] < [ 1,  3,  5,  7,  9, 11, 13, 15, 17, 19, 21, 23, 25]
    W1: [ 0,  3,  6,  9, 13, 17, 24, 29, 31, 33, 35, 36, 37] > [ 1,  2,  4,  5,  7,  8, 10, 15, 19, 20, 27, 30, 38]
    W2: [ 1,  4,  6,  9, 12, 16, 20, 21, 26, 28, 33, 34, 37] = [ 2,  3,  7,  8, 11, 14, 15, 18, 24, 27, 29, 35, 36]
    W3: [ 1,  4,  8, 11, 12, 15, 19, 22, 23, 33, 34, 35, 38] = [ 2,  5,  7, 10, 13, 18, 20, 21, 28, 29, 30, 32, 37]
    Truth table result: ['17+'] is correct

Test 18-:
    W0: [ 0,  2,  4,  6,  8, 10, 12, 14, 16, 18, 20, 22, 24] < [ 1,  3,  5,  7,  9, 11, 13, 15, 17, 19, 21, 23, 25]
    W1: [ 0,  3,  6,  9, 13, 17, 24, 29, 31, 33, 35, 36, 37] = [ 1,  2,  4,  5,  7,  8, 10, 15, 19, 20, 27, 30, 38]
    W2: [ 1,  4,  6,  9, 12, 16, 20, 21, 26, 28, 33, 34, 37] > [ 2,  3,  7,  8, 11, 14, 15, 18, 24, 27, 29, 35, 36]
    W3: [ 1,  4,  8, 11, 12, 15, 19, 22, 23, 33, 34, 35, 38] > [ 2,  5,  7, 10, 13, 18, 20, 21, 28, 29, 30, 32, 37]
    Truth table result: ['18-'] is correct

Test 18+:
    W0: [ 0,  2,  4,  6,  8, 10, 12, 14, 16, 18, 20, 22, 24] > [ 1,  3,  5,  7,  9, 11, 13, 15, 17, 19, 21, 23, 25]
    W1: [ 0,  3,  6,  9, 13, 17, 24, 29, 31, 33, 35, 36, 37] = [ 1,  2,  4,  5,  7,  8, 10, 15, 19, 20, 27, 30, 38]
    W2: [ 1,  4,  6,  9, 12, 16, 20, 21, 26, 28, 33, 34, 37] < [ 2,  3,  7,  8, 11, 14, 15, 18, 24, 27, 29, 35, 36]
    W3: [ 1,  4,  8, 11, 12, 15, 19, 22, 23, 33, 34, 35, 38] < [ 2,  5,  7, 10, 13, 18, 20, 21, 28, 29, 30, 32, 37]
    Truth table result: ['18+'] is correct

Test 19-:
    W0: [ 0,  2,  4,  6,  8, 10, 12, 14, 16, 18, 20, 22, 24] > [ 1,  3,  5,  7,  9, 11, 13, 15, 17, 19, 21, 23, 25]
    W1: [ 0,  3,  6,  9, 13, 17, 24, 29, 31, 33, 35, 36, 37] > [ 1,  2,  4,  5,  7,  8, 10, 15, 19, 20, 27, 30, 38]
    W2: [ 1,  4,  6,  9, 12, 16, 20, 21, 26, 28, 33, 34, 37] = [ 2,  3,  7,  8, 11, 14, 15, 18, 24, 27, 29, 35, 36]
    W3: [ 1,  4,  8, 11, 12, 15, 19, 22, 23, 33, 34, 35, 38] < [ 2,  5,  7, 10, 13, 18, 20, 21, 28, 29, 30, 32, 37]
    Truth table result: ['19-'] is correct

Test 19+:
    W0: [ 0,  2,  4,  6,  8, 10, 12, 14, 16, 18, 20, 22, 24] < [ 1,  3,  5,  7,  9, 11, 13, 15, 17, 19, 21, 23, 25]
    W1: [ 0,  3,  6,  9, 13, 17, 24, 29, 31, 33, 35, 36, 37] < [ 1,  2,  4,  5,  7,  8, 10, 15, 19, 20, 27, 30, 38]
    W2: [ 1,  4,  6,  9, 12, 16, 20, 21, 26, 28, 33, 34, 37] = [ 2,  3,  7,  8, 11, 14, 15, 18, 24, 27, 29, 35, 36]
    W3: [ 1,  4,  8, 11, 12, 15, 19, 22, 23, 33, 34, 35, 38] > [ 2,  5,  7, 10, 13, 18, 20, 21, 28, 29, 30, 32, 37]
    Truth table result: ['19+'] is correct

Test 20-:
    W0: [ 0,  2,  4,  6,  8, 10, 12, 14, 16, 18, 20, 22, 24] < [ 1,  3,  5,  7,  9, 11, 13, 15, 17, 19, 21, 23, 25]
    W1: [ 0,  3,  6,  9, 13, 17, 24, 29, 31, 33, 35, 36, 37] > [ 1,  2,  4,  5,  7,  8, 10, 15, 19, 20, 27, 30, 38]
    W2: [ 1,  4,  6,  9, 12, 16, 20, 21, 26, 28, 33, 34, 37] < [ 2,  3,  7,  8, 11, 14, 15, 18, 24, 27, 29, 35, 36]
    W3: [ 1,  4,  8, 11, 12, 15, 19, 22, 23, 33, 34, 35, 38] > [ 2,  5,  7, 10, 13, 18, 20, 21, 28, 29, 30, 32, 37]
    Truth table result: ['20-'] is correct

Test 20+:
    W0: [ 0,  2,  4,  6,  8, 10, 12, 14, 16, 18, 20, 22, 24] > [ 1,  3,  5,  7,  9, 11, 13, 15, 17, 19, 21, 23, 25]
    W1: [ 0,  3,  6,  9, 13, 17, 24, 29, 31, 33, 35, 36, 37] < [ 1,  2,  4,  5,  7,  8, 10, 15, 19, 20, 27, 30, 38]
    W2: [ 1,  4,  6,  9, 12, 16, 20, 21, 26, 28, 33, 34, 37] > [ 2,  3,  7,  8, 11, 14, 15, 18, 24, 27, 29, 35, 36]
    W3: [ 1,  4,  8, 11, 12, 15, 19, 22, 23, 33, 34, 35, 38] < [ 2,  5,  7, 10, 13, 18, 20, 21, 28, 29, 30, 32, 37]
    Truth table result: ['20+'] is correct

Test 21-:
    W0: [ 0,  2,  4,  6,  8, 10, 12, 14, 16, 18, 20, 22, 24] > [ 1,  3,  5,  7,  9, 11, 13, 15, 17, 19, 21, 23, 25]
    W1: [ 0,  3,  6,  9, 13, 17, 24, 29, 31, 33, 35, 36, 37] = [ 1,  2,  4,  5,  7,  8, 10, 15, 19, 20, 27, 30, 38]
    W2: [ 1,  4,  6,  9, 12, 16, 20, 21, 26, 28, 33, 34, 37] < [ 2,  3,  7,  8, 11, 14, 15, 18, 24, 27, 29, 35, 36]
    W3: [ 1,  4,  8, 11, 12, 15, 19, 22, 23, 33, 34, 35, 38] > [ 2,  5,  7, 10, 13, 18, 20, 21, 28, 29, 30, 32, 37]
    Truth table result: ['21-'] is correct

Test 21+:
    W0: [ 0,  2,  4,  6,  8, 10, 12, 14, 16, 18, 20, 22, 24] < [ 1,  3,  5,  7,  9, 11, 13, 15, 17, 19, 21, 23, 25]
    W1: [ 0,  3,  6,  9, 13, 17, 24, 29, 31, 33, 35, 36, 37] = [ 1,  2,  4,  5,  7,  8, 10, 15, 19, 20, 27, 30, 38]
    W2: [ 1,  4,  6,  9, 12, 16, 20, 21, 26, 28, 33, 34, 37] > [ 2,  3,  7,  8, 11, 14, 15, 18, 24, 27, 29, 35, 36]
    W3: [ 1,  4,  8, 11, 12, 15, 19, 22, 23, 33, 34, 35, 38] < [ 2,  5,  7, 10, 13, 18, 20, 21, 28, 29, 30, 32, 37]
    Truth table result: ['21+'] is correct

Test 22-:
    W0: [ 0,  2,  4,  6,  8, 10, 12, 14, 16, 18, 20, 22, 24] < [ 1,  3,  5,  7,  9, 11, 13, 15, 17, 19, 21, 23, 25]
    W1: [ 0,  3,  6,  9, 13, 17, 24, 29, 31, 33, 35, 36, 37] = [ 1,  2,  4,  5,  7,  8, 10, 15, 19, 20, 27, 30, 38]
    W2: [ 1,  4,  6,  9, 12, 16, 20, 21, 26, 28, 33, 34, 37] = [ 2,  3,  7,  8, 11, 14, 15, 18, 24, 27, 29, 35, 36]
    W3: [ 1,  4,  8, 11, 12, 15, 19, 22, 23, 33, 34, 35, 38] < [ 2,  5,  7, 10, 13, 18, 20, 21, 28, 29, 30, 32, 37]
    Truth table result: ['22-'] is correct

Test 22+:
    W0: [ 0,  2,  4,  6,  8, 10, 12, 14, 16, 18, 20, 22, 24] > [ 1,  3,  5,  7,  9, 11, 13, 15, 17, 19, 21, 23, 25]
    W1: [ 0,  3,  6,  9, 13, 17, 24, 29, 31, 33, 35, 36, 37] = [ 1,  2,  4,  5,  7,  8, 10, 15, 19, 20, 27, 30, 38]
    W2: [ 1,  4,  6,  9, 12, 16, 20, 21, 26, 28, 33, 34, 37] = [ 2,  3,  7,  8, 11, 14, 15, 18, 24, 27, 29, 35, 36]
    W3: [ 1,  4,  8, 11, 12, 15, 19, 22, 23, 33, 34, 35, 38] > [ 2,  5,  7, 10, 13, 18, 20, 21, 28, 29, 30, 32, 37]
    Truth table result: ['22+'] is correct

Test 23-:
    W0: [ 0,  2,  4,  6,  8, 10, 12, 14, 16, 18, 20, 22, 24] > [ 1,  3,  5,  7,  9, 11, 13, 15, 17, 19, 21, 23, 25]
    W1: [ 0,  3,  6,  9, 13, 17, 24, 29, 31, 33, 35, 36, 37] = [ 1,  2,  4,  5,  7,  8, 10, 15, 19, 20, 27, 30, 38]
    W2: [ 1,  4,  6,  9, 12, 16, 20, 21, 26, 28, 33, 34, 37] = [ 2,  3,  7,  8, 11, 14, 15, 18, 24, 27, 29, 35, 36]
    W3: [ 1,  4,  8, 11, 12, 15, 19, 22, 23, 33, 34, 35, 38] < [ 2,  5,  7, 10, 13, 18, 20, 21, 28, 29, 30, 32, 37]
    Truth table result: ['23-'] is correct

Test 23+:
    W0: [ 0,  2,  4,  6,  8, 10, 12, 14, 16, 18, 20, 22, 24] < [ 1,  3,  5,  7,  9, 11, 13, 15, 17, 19, 21, 23, 25]
    W1: [ 0,  3,  6,  9, 13, 17, 24, 29, 31, 33, 35, 36, 37] = [ 1,  2,  4,  5,  7,  8, 10, 15, 19, 20, 27, 30, 38]
    W2: [ 1,  4,  6,  9, 12, 16, 20, 21, 26, 28, 33, 34, 37] = [ 2,  3,  7,  8, 11, 14, 15, 18, 24, 27, 29, 35, 36]
    W3: [ 1,  4,  8, 11, 12, 15, 19, 22, 23, 33, 34, 35, 38] > [ 2,  5,  7, 10, 13, 18, 20, 21, 28, 29, 30, 32, 37]
    Truth table result: ['23+'] is correct

Test 24-:
    W0: [ 0,  2,  4,  6,  8, 10, 12, 14, 16, 18, 20, 22, 24] < [ 1,  3,  5,  7,  9, 11, 13, 15, 17, 19, 21, 23, 25]
    W1: [ 0,  3,  6,  9, 13, 17, 24, 29, 31, 33, 35, 36, 37] < [ 1,  2,  4,  5,  7,  8, 10, 15, 19, 20, 27, 30, 38]
    W2: [ 1,  4,  6,  9, 12, 16, 20, 21, 26, 28, 33, 34, 37] > [ 2,  3,  7,  8, 11, 14, 15, 18, 24, 27, 29, 35, 36]
    W3: [ 1,  4,  8, 11, 12, 15, 19, 22, 23, 33, 34, 35, 38] = [ 2,  5,  7, 10, 13, 18, 20, 21, 28, 29, 30, 32, 37]
    Truth table result: ['24-'] is correct

Test 24+:
    W0: [ 0,  2,  4,  6,  8, 10, 12, 14, 16, 18, 20, 22, 24] > [ 1,  3,  5,  7,  9, 11, 13, 15, 17, 19, 21, 23, 25]
    W1: [ 0,  3,  6,  9, 13, 17, 24, 29, 31, 33, 35, 36, 37] > [ 1,  2,  4,  5,  7,  8, 10, 15, 19, 20, 27, 30, 38]
    W2: [ 1,  4,  6,  9, 12, 16, 20, 21, 26, 28, 33, 34, 37] < [ 2,  3,  7,  8, 11, 14, 15, 18, 24, 27, 29, 35, 36]
    W3: [ 1,  4,  8, 11, 12, 15, 19, 22, 23, 33, 34, 35, 38] = [ 2,  5,  7, 10, 13, 18, 20, 21, 28, 29, 30, 32, 37]
    Truth table result: ['24+'] is correct

Test 25-:
    W0: [ 0,  2,  4,  6,  8, 10, 12, 14, 16, 18, 20, 22, 24] > [ 1,  3,  5,  7,  9, 11, 13, 15, 17, 19, 21, 23, 25]
    W1: [ 0,  3,  6,  9, 13, 17, 24, 29, 31, 33, 35, 36, 37] = [ 1,  2,  4,  5,  7,  8, 10, 15, 19, 20, 27, 30, 38]
    W2: [ 1,  4,  6,  9, 12, 16, 20, 21, 26, 28, 33, 34, 37] = [ 2,  3,  7,  8, 11, 14, 15, 18, 24, 27, 29, 35, 36]
    W3: [ 1,  4,  8, 11, 12, 15, 19, 22, 23, 33, 34, 35, 38] = [ 2,  5,  7, 10, 13, 18, 20, 21, 28, 29, 30, 32, 37]
    Truth table result: ['25-'] is correct

Test 25+:
    W0: [ 0,  2,  4,  6,  8, 10, 12, 14, 16, 18, 20, 22, 24] < [ 1,  3,  5,  7,  9, 11, 13, 15, 17, 19, 21, 23, 25]
    W1: [ 0,  3,  6,  9, 13, 17, 24, 29, 31, 33, 35, 36, 37] = [ 1,  2,  4,  5,  7,  8, 10, 15, 19, 20, 27, 30, 38]
    W2: [ 1,  4,  6,  9, 12, 16, 20, 21, 26, 28, 33, 34, 37] = [ 2,  3,  7,  8, 11, 14, 15, 18, 24, 27, 29, 35, 36]
    W3: [ 1,  4,  8, 11, 12, 15, 19, 22, 23, 33, 34, 35, 38] = [ 2,  5,  7, 10, 13, 18, 20, 21, 28, 29, 30, 32, 37]
    Truth table result: ['25+'] is correct

Test 26-:
    W0: [ 0,  2,  4,  6,  8, 10, 12, 14, 16, 18, 20, 22, 24] = [ 1,  3,  5,  7,  9, 11, 13, 15, 17, 19, 21, 23, 25]
    W1: [ 0,  3,  6,  9, 13, 17, 24, 29, 31, 33, 35, 36, 37] = [ 1,  2,  4,  5,  7,  8, 10, 15, 19, 20, 27, 30, 38]
    W2: [ 1,  4,  6,  9, 12, 16, 20, 21, 26, 28, 33, 34, 37] < [ 2,  3,  7,  8, 11, 14, 15, 18, 24, 27, 29, 35, 36]
    W3: [ 1,  4,  8, 11, 12, 15, 19, 22, 23, 33, 34, 35, 38] = [ 2,  5,  7, 10, 13, 18, 20, 21, 28, 29, 30, 32, 37]
    Truth table result: ['26-'] is correct

Test 26+:
    W0: [ 0,  2,  4,  6,  8, 10, 12, 14, 16, 18, 20, 22, 24] = [ 1,  3,  5,  7,  9, 11, 13, 15, 17, 19, 21, 23, 25]
    W1: [ 0,  3,  6,  9, 13, 17, 24, 29, 31, 33, 35, 36, 37] = [ 1,  2,  4,  5,  7,  8, 10, 15, 19, 20, 27, 30, 38]
    W2: [ 1,  4,  6,  9, 12, 16, 20, 21, 26, 28, 33, 34, 37] > [ 2,  3,  7,  8, 11, 14, 15, 18, 24, 27, 29, 35, 36]
    W3: [ 1,  4,  8, 11, 12, 15, 19, 22, 23, 33, 34, 35, 38] = [ 2,  5,  7, 10, 13, 18, 20, 21, 28, 29, 30, 32, 37]
    Truth table result: ['26+'] is correct

Test 27-:
    W0: [ 0,  2,  4,  6,  8, 10, 12, 14, 16, 18, 20, 22, 24] = [ 1,  3,  5,  7,  9, 11, 13, 15, 17, 19, 21, 23, 25]
    W1: [ 0,  3,  6,  9, 13, 17, 24, 29, 31, 33, 35, 36, 37] > [ 1,  2,  4,  5,  7,  8, 10, 15, 19, 20, 27, 30, 38]
    W2: [ 1,  4,  6,  9, 12, 16, 20, 21, 26, 28, 33, 34, 37] > [ 2,  3,  7,  8, 11, 14, 15, 18, 24, 27, 29, 35, 36]
    W3: [ 1,  4,  8, 11, 12, 15, 19, 22, 23, 33, 34, 35, 38] = [ 2,  5,  7, 10, 13, 18, 20, 21, 28, 29, 30, 32, 37]
    Truth table result: ['27-'] is correct

Test 27+:
    W0: [ 0,  2,  4,  6,  8, 10, 12, 14, 16, 18, 20, 22, 24] = [ 1,  3,  5,  7,  9, 11, 13, 15, 17, 19, 21, 23, 25]
    W1: [ 0,  3,  6,  9, 13, 17, 24, 29, 31, 33, 35, 36, 37] < [ 1,  2,  4,  5,  7,  8, 10, 15, 19, 20, 27, 30, 38]
    W2: [ 1,  4,  6,  9, 12, 16, 20, 21, 26, 28, 33, 34, 37] < [ 2,  3,  7,  8, 11, 14, 15, 18, 24, 27, 29, 35, 36]
    W3: [ 1,  4,  8, 11, 12, 15, 19, 22, 23, 33, 34, 35, 38] = [ 2,  5,  7, 10, 13, 18, 20, 21, 28, 29, 30, 32, 37]
    Truth table result: ['27+'] is correct

Test 28-:
    W0: [ 0,  2,  4,  6,  8, 10, 12, 14, 16, 18, 20, 22, 24] = [ 1,  3,  5,  7,  9, 11, 13, 15, 17, 19, 21, 23, 25]
    W1: [ 0,  3,  6,  9, 13, 17, 24, 29, 31, 33, 35, 36, 37] = [ 1,  2,  4,  5,  7,  8, 10, 15, 19, 20, 27, 30, 38]
    W2: [ 1,  4,  6,  9, 12, 16, 20, 21, 26, 28, 33, 34, 37] < [ 2,  3,  7,  8, 11, 14, 15, 18, 24, 27, 29, 35, 36]
    W3: [ 1,  4,  8, 11, 12, 15, 19, 22, 23, 33, 34, 35, 38] > [ 2,  5,  7, 10, 13, 18, 20, 21, 28, 29, 30, 32, 37]
    Truth table result: ['28-'] is correct

Test 28+:
    W0: [ 0,  2,  4,  6,  8, 10, 12, 14, 16, 18, 20, 22, 24] = [ 1,  3,  5,  7,  9, 11, 13, 15, 17, 19, 21, 23, 25]
    W1: [ 0,  3,  6,  9, 13, 17, 24, 29, 31, 33, 35, 36, 37] = [ 1,  2,  4,  5,  7,  8, 10, 15, 19, 20, 27, 30, 38]
    W2: [ 1,  4,  6,  9, 12, 16, 20, 21, 26, 28, 33, 34, 37] > [ 2,  3,  7,  8, 11, 14, 15, 18, 24, 27, 29, 35, 36]
    W3: [ 1,  4,  8, 11, 12, 15, 19, 22, 23, 33, 34, 35, 38] < [ 2,  5,  7, 10, 13, 18, 20, 21, 28, 29, 30, 32, 37]
    Truth table result: ['28+'] is correct

Test 29-:
    W0: [ 0,  2,  4,  6,  8, 10, 12, 14, 16, 18, 20, 22, 24] = [ 1,  3,  5,  7,  9, 11, 13, 15, 17, 19, 21, 23, 25]
    W1: [ 0,  3,  6,  9, 13, 17, 24, 29, 31, 33, 35, 36, 37] < [ 1,  2,  4,  5,  7,  8, 10, 15, 19, 20, 27, 30, 38]
    W2: [ 1,  4,  6,  9, 12, 16, 20, 21, 26, 28, 33, 34, 37] > [ 2,  3,  7,  8, 11, 14, 15, 18, 24, 27, 29, 35, 36]
    W3: [ 1,  4,  8, 11, 12, 15, 19, 22, 23, 33, 34, 35, 38] > [ 2,  5,  7, 10, 13, 18, 20, 21, 28, 29, 30, 32, 37]
    Truth table result: ['29-'] is correct

Test 29+:
    W0: [ 0,  2,  4,  6,  8, 10, 12, 14, 16, 18, 20, 22, 24] = [ 1,  3,  5,  7,  9, 11, 13, 15, 17, 19, 21, 23, 25]
    W1: [ 0,  3,  6,  9, 13, 17, 24, 29, 31, 33, 35, 36, 37] > [ 1,  2,  4,  5,  7,  8, 10, 15, 19, 20, 27, 30, 38]
    W2: [ 1,  4,  6,  9, 12, 16, 20, 21, 26, 28, 33, 34, 37] < [ 2,  3,  7,  8, 11, 14, 15, 18, 24, 27, 29, 35, 36]
    W3: [ 1,  4,  8, 11, 12, 15, 19, 22, 23, 33, 34, 35, 38] < [ 2,  5,  7, 10, 13, 18, 20, 21, 28, 29, 30, 32, 37]
    Truth table result: ['29+'] is correct

Test 30-:
    W0: [ 0,  2,  4,  6,  8, 10, 12, 14, 16, 18, 20, 22, 24] = [ 1,  3,  5,  7,  9, 11, 13, 15, 17, 19, 21, 23, 25]
    W1: [ 0,  3,  6,  9, 13, 17, 24, 29, 31, 33, 35, 36, 37] > [ 1,  2,  4,  5,  7,  8, 10, 15, 19, 20, 27, 30, 38]
    W2: [ 1,  4,  6,  9, 12, 16, 20, 21, 26, 28, 33, 34, 37] = [ 2,  3,  7,  8, 11, 14, 15, 18, 24, 27, 29, 35, 36]
    W3: [ 1,  4,  8, 11, 12, 15, 19, 22, 23, 33, 34, 35, 38] > [ 2,  5,  7, 10, 13, 18, 20, 21, 28, 29, 30, 32, 37]
    Truth table result: ['30-'] is correct

Test 30+:
    W0: [ 0,  2,  4,  6,  8, 10, 12, 14, 16, 18, 20, 22, 24] = [ 1,  3,  5,  7,  9, 11, 13, 15, 17, 19, 21, 23, 25]
    W1: [ 0,  3,  6,  9, 13, 17, 24, 29, 31, 33, 35, 36, 37] < [ 1,  2,  4,  5,  7,  8, 10, 15, 19, 20, 27, 30, 38]
    W2: [ 1,  4,  6,  9, 12, 16, 20, 21, 26, 28, 33, 34, 37] = [ 2,  3,  7,  8, 11, 14, 15, 18, 24, 27, 29, 35, 36]
    W3: [ 1,  4,  8, 11, 12, 15, 19, 22, 23, 33, 34, 35, 38] < [ 2,  5,  7, 10, 13, 18, 20, 21, 28, 29, 30, 32, 37]
    Truth table result: ['30+'] is correct

Test 31-:
    W0: [ 0,  2,  4,  6,  8, 10, 12, 14, 16, 18, 20, 22, 24] = [ 1,  3,  5,  7,  9, 11, 13, 15, 17, 19, 21, 23, 25]
    W1: [ 0,  3,  6,  9, 13, 17, 24, 29, 31, 33, 35, 36, 37] < [ 1,  2,  4,  5,  7,  8, 10, 15, 19, 20, 27, 30, 38]
    W2: [ 1,  4,  6,  9, 12, 16, 20, 21, 26, 28, 33, 34, 37] = [ 2,  3,  7,  8, 11, 14, 15, 18, 24, 27, 29, 35, 36]
    W3: [ 1,  4,  8, 11, 12, 15, 19, 22, 23, 33, 34, 35, 38] = [ 2,  5,  7, 10, 13, 18, 20, 21, 28, 29, 30, 32, 37]
    Truth table result: ['31-'] is correct

Test 31+:
    W0: [ 0,  2,  4,  6,  8, 10, 12, 14, 16, 18, 20, 22, 24] = [ 1,  3,  5,  7,  9, 11, 13, 15, 17, 19, 21, 23, 25]
    W1: [ 0,  3,  6,  9, 13, 17, 24, 29, 31, 33, 35, 36, 37] > [ 1,  2,  4,  5,  7,  8, 10, 15, 19, 20, 27, 30, 38]
    W2: [ 1,  4,  6,  9, 12, 16, 20, 21, 26, 28, 33, 34, 37] = [ 2,  3,  7,  8, 11, 14, 15, 18, 24, 27, 29, 35, 36]
    W3: [ 1,  4,  8, 11, 12, 15, 19, 22, 23, 33, 34, 35, 38] = [ 2,  5,  7, 10, 13, 18, 20, 21, 28, 29, 30, 32, 37]
    Truth table result: ['31+'] is correct

Test 32-:
    W0: [ 0,  2,  4,  6,  8, 10, 12, 14, 16, 18, 20, 22, 24] = [ 1,  3,  5,  7,  9, 11, 13, 15, 17, 19, 21, 23, 25]
    W1: [ 0,  3,  6,  9, 13, 17, 24, 29, 31, 33, 35, 36, 37] = [ 1,  2,  4,  5,  7,  8, 10, 15, 19, 20, 27, 30, 38]
    W2: [ 1,  4,  6,  9, 12, 16, 20, 21, 26, 28, 33, 34, 37] = [ 2,  3,  7,  8, 11, 14, 15, 18, 24, 27, 29, 35, 36]
    W3: [ 1,  4,  8, 11, 12, 15, 19, 22, 23, 33, 34, 35, 38] > [ 2,  5,  7, 10, 13, 18, 20, 21, 28, 29, 30, 32, 37]
    Truth table result: ['32-'] is correct

Test 32+:
    W0: [ 0,  2,  4,  6,  8, 10, 12, 14, 16, 18, 20, 22, 24] = [ 1,  3,  5,  7,  9, 11, 13, 15, 17, 19, 21, 23, 25]
    W1: [ 0,  3,  6,  9, 13, 17, 24, 29, 31, 33, 35, 36, 37] = [ 1,  2,  4,  5,  7,  8, 10, 15, 19, 20, 27, 30, 38]
    W2: [ 1,  4,  6,  9, 12, 16, 20, 21, 26, 28, 33, 34, 37] = [ 2,  3,  7,  8, 11, 14, 15, 18, 24, 27, 29, 35, 36]
    W3: [ 1,  4,  8, 11, 12, 15, 19, 22, 23, 33, 34, 35, 38] < [ 2,  5,  7, 10, 13, 18, 20, 21, 28, 29, 30, 32, 37]
    Truth table result: ['32+'] is correct

Test 33-:
    W0: [ 0,  2,  4,  6,  8, 10, 12, 14, 16, 18, 20, 22, 24] = [ 1,  3,  5,  7,  9, 11, 13, 15, 17, 19, 21, 23, 25]
    W1: [ 0,  3,  6,  9, 13, 17, 24, 29, 31, 33, 35, 36, 37] < [ 1,  2,  4,  5,  7,  8, 10, 15, 19, 20, 27, 30, 38]
    W2: [ 1,  4,  6,  9, 12, 16, 20, 21, 26, 28, 33, 34, 37] < [ 2,  3,  7,  8, 11, 14, 15, 18, 24, 27, 29, 35, 36]
    W3: [ 1,  4,  8, 11, 12, 15, 19, 22, 23, 33, 34, 35, 38] < [ 2,  5,  7, 10, 13, 18, 20, 21, 28, 29, 30, 32, 37]
    Truth table result: ['33-'] is correct

Test 33+:
    W0: [ 0,  2,  4,  6,  8, 10, 12, 14, 16, 18, 20, 22, 24] = [ 1,  3,  5,  7,  9, 11, 13, 15, 17, 19, 21, 23, 25]
    W1: [ 0,  3,  6,  9, 13, 17, 24, 29, 31, 33, 35, 36, 37] > [ 1,  2,  4,  5,  7,  8, 10, 15, 19, 20, 27, 30, 38]
    W2: [ 1,  4,  6,  9, 12, 16, 20, 21, 26, 28, 33, 34, 37] > [ 2,  3,  7,  8, 11, 14, 15, 18, 24, 27, 29, 35, 36]
    W3: [ 1,  4,  8, 11, 12, 15, 19, 22, 23, 33, 34, 35, 38] > [ 2,  5,  7, 10, 13, 18, 20, 21, 28, 29, 30, 32, 37]
    Truth table result: ['33+'] is correct

Test 34-:
    W0: [ 0,  2,  4,  6,  8, 10, 12, 14, 16, 18, 20, 22, 24] = [ 1,  3,  5,  7,  9, 11, 13, 15, 17, 19, 21, 23, 25]
    W1: [ 0,  3,  6,  9, 13, 17, 24, 29, 31, 33, 35, 36, 37] = [ 1,  2,  4,  5,  7,  8, 10, 15, 19, 20, 27, 30, 38]
    W2: [ 1,  4,  6,  9, 12, 16, 20, 21, 26, 28, 33, 34, 37] < [ 2,  3,  7,  8, 11, 14, 15, 18, 24, 27, 29, 35, 36]
    W3: [ 1,  4,  8, 11, 12, 15, 19, 22, 23, 33, 34, 35, 38] < [ 2,  5,  7, 10, 13, 18, 20, 21, 28, 29, 30, 32, 37]
    Truth table result: ['34-'] is correct

Test 34+:
    W0: [ 0,  2,  4,  6,  8, 10, 12, 14, 16, 18, 20, 22, 24] = [ 1,  3,  5,  7,  9, 11, 13, 15, 17, 19, 21, 23, 25]
    W1: [ 0,  3,  6,  9, 13, 17, 24, 29, 31, 33, 35, 36, 37] = [ 1,  2,  4,  5,  7,  8, 10, 15, 19, 20, 27, 30, 38]
    W2: [ 1,  4,  6,  9, 12, 16, 20, 21, 26, 28, 33, 34, 37] > [ 2,  3,  7,  8, 11, 14, 15, 18, 24, 27, 29, 35, 36]
    W3: [ 1,  4,  8, 11, 12, 15, 19, 22, 23, 33, 34, 35, 38] > [ 2,  5,  7, 10, 13, 18, 20, 21, 28, 29, 30, 32, 37]
    Truth table result: ['34+'] is correct

Test 35-:
    W0: [ 0,  2,  4,  6,  8, 10, 12, 14, 16, 18, 20, 22, 24] = [ 1,  3,  5,  7,  9, 11, 13, 15, 17, 19, 21, 23, 25]
    W1: [ 0,  3,  6,  9, 13, 17, 24, 29, 31, 33, 35, 36, 37] < [ 1,  2,  4,  5,  7,  8, 10, 15, 19, 20, 27, 30, 38]
    W2: [ 1,  4,  6,  9, 12, 16, 20, 21, 26, 28, 33, 34, 37] > [ 2,  3,  7,  8, 11, 14, 15, 18, 24, 27, 29, 35, 36]
    W3: [ 1,  4,  8, 11, 12, 15, 19, 22, 23, 33, 34, 35, 38] < [ 2,  5,  7, 10, 13, 18, 20, 21, 28, 29, 30, 32, 37]
    Truth table result: ['35-'] is correct

Test 35+:
    W0: [ 0,  2,  4,  6,  8, 10, 12, 14, 16, 18, 20, 22, 24] = [ 1,  3,  5,  7,  9, 11, 13, 15, 17, 19, 21, 23, 25]
    W1: [ 0,  3,  6,  9, 13, 17, 24, 29, 31, 33, 35, 36, 37] > [ 1,  2,  4,  5,  7,  8, 10, 15, 19, 20, 27, 30, 38]
    W2: [ 1,  4,  6,  9, 12, 16, 20, 21, 26, 28, 33, 34, 37] < [ 2,  3,  7,  8, 11, 14, 15, 18, 24, 27, 29, 35, 36]
    W3: [ 1,  4,  8, 11, 12, 15, 19, 22, 23, 33, 34, 35, 38] > [ 2,  5,  7, 10, 13, 18, 20, 21, 28, 29, 30, 32, 37]
    Truth table result: ['35+'] is correct

Test 36-:
    W0: [ 0,  2,  4,  6,  8, 10, 12, 14, 16, 18, 20, 22, 24] = [ 1,  3,  5,  7,  9, 11, 13, 15, 17, 19, 21, 23, 25]
    W1: [ 0,  3,  6,  9, 13, 17, 24, 29, 31, 33, 35, 36, 37] < [ 1,  2,  4,  5,  7,  8, 10, 15, 19, 20, 27, 30, 38]
    W2: [ 1,  4,  6,  9, 12, 16, 20, 21, 26, 28, 33, 34, 37] > [ 2,  3,  7,  8, 11, 14, 15, 18, 24, 27, 29, 35, 36]
    W3: [ 1,  4,  8, 11, 12, 15, 19, 22, 23, 33, 34, 35, 38] = [ 2,  5,  7, 10, 13, 18, 20, 21, 28, 29, 30, 32, 37]
    Truth table result: ['36-'] is correct

Test 36+:
    W0: [ 0,  2,  4,  6,  8, 10, 12, 14, 16, 18, 20, 22, 24] = [ 1,  3,  5,  7,  9, 11, 13, 15, 17, 19, 21, 23, 25]
    W1: [ 0,  3,  6,  9, 13, 17, 24, 29, 31, 33, 35, 36, 37] > [ 1,  2,  4,  5,  7,  8, 10, 15, 19, 20, 27, 30, 38]
    W2: [ 1,  4,  6,  9, 12, 16, 20, 21, 26, 28, 33, 34, 37] < [ 2,  3,  7,  8, 11, 14, 15, 18, 24, 27, 29, 35, 36]
    W3: [ 1,  4,  8, 11, 12, 15, 19, 22, 23, 33, 34, 35, 38] = [ 2,  5,  7, 10, 13, 18, 20, 21, 28, 29, 30, 32, 37]
    Truth table result: ['36+'] is correct

Test 37-:
    W0: [ 0,  2,  4,  6,  8, 10, 12, 14, 16, 18, 20, 22, 24] = [ 1,  3,  5,  7,  9, 11, 13, 15, 17, 19, 21, 23, 25]
    W1: [ 0,  3,  6,  9, 13, 17, 24, 29, 31, 33, 35, 36, 37] < [ 1,  2,  4,  5,  7,  8, 10, 15, 19, 20, 27, 30, 38]
    W2: [ 1,  4,  6,  9, 12, 16, 20, 21, 26, 28, 33, 34, 37] < [ 2,  3,  7,  8, 11, 14, 15, 18, 24, 27, 29, 35, 36]
    W3: [ 1,  4,  8, 11, 12, 15, 19, 22, 23, 33, 34, 35, 38] > [ 2,  5,  7, 10, 13, 18, 20, 21, 28, 29, 30, 32, 37]
    Truth table result: ['37-'] is correct

Test 37+:
    W0: [ 0,  2,  4,  6,  8, 10, 12, 14, 16, 18, 20, 22, 24] = [ 1,  3,  5,  7,  9, 11, 13, 15, 17, 19, 21, 23, 25]
    W1: [ 0,  3,  6,  9, 13, 17, 24, 29, 31, 33, 35, 36, 37] > [ 1,  2,  4,  5,  7,  8, 10, 15, 19, 20, 27, 30, 38]
    W2: [ 1,  4,  6,  9, 12, 16, 20, 21, 26, 28, 33, 34, 37] > [ 2,  3,  7,  8, 11, 14, 15, 18, 24, 27, 29, 35, 36]
    W3: [ 1,  4,  8, 11, 12, 15, 19, 22, 23, 33, 34, 35, 38] < [ 2,  5,  7, 10, 13, 18, 20, 21, 28, 29, 30, 32, 37]
    Truth table result: ['37+'] is correct

Test 38-:
    W0: [ 0,  2,  4,  6,  8, 10, 12, 14, 16, 18, 20, 22, 24] = [ 1,  3,  5,  7,  9, 11, 13, 15, 17, 19, 21, 23, 25]
    W1: [ 0,  3,  6,  9, 13, 17, 24, 29, 31, 33, 35, 36, 37] > [ 1,  2,  4,  5,  7,  8, 10, 15, 19, 20, 27, 30, 38]
    W2: [ 1,  4,  6,  9, 12, 16, 20, 21, 26, 28, 33, 34, 37] = [ 2,  3,  7,  8, 11, 14, 15, 18, 24, 27, 29, 35, 36]
    W3: [ 1,  4,  8, 11, 12, 15, 19, 22, 23, 33, 34, 35, 38] < [ 2,  5,  7, 10, 13, 18, 20, 21, 28, 29, 30, 32, 37]
    Truth table result: ['38-'] is correct

Test 38+:
    W0: [ 0,  2,  4,  6,  8, 10, 12, 14, 16, 18, 20, 22, 24] = [ 1,  3,  5,  7,  9, 11, 13, 15, 17, 19, 21, 23, 25]
    W1: [ 0,  3,  6,  9, 13, 17, 24, 29, 31, 33, 35, 36, 37] < [ 1,  2,  4,  5,  7,  8, 10, 15, 19, 20, 27, 30, 38]
    W2: [ 1,  4,  6,  9, 12, 16, 20, 21, 26, 28, 33, 34, 37] = [ 2,  3,  7,  8, 11, 14, 15, 18, 24, 27, 29, 35, 36]
    W3: [ 1,  4,  8, 11, 12, 15, 19, 22, 23, 33, 34, 35, 38] > [ 2,  5,  7, 10, 13, 18, 20, 21, 28, 29, 30, 32, 37]
    Truth table result: ['38+'] is correct

Total correct results: 78
Total incorrect results: 0
