Solving for 54 balls and 5 weighings.

Solution:
W0: [16, 17, 18, 19, 27, 28, 29, 31, 33, 34, 36, 38, 39, 40, 44, 48, 49, 52, 53] <=> [20, 21, 22, 23, 24, 25, 26, 30, 32, 35, 37, 41, 42, 43, 45, 46, 47, 50, 51]
W1: [12, 15, 20, 21, 22, 23, 24, 44, 48, 49, 52, 53] <=> [11, 13, 14, 16, 17, 18, 19, 45, 46, 47, 50, 51]
W2: [ 4,  5,  6,  7,  8, 10, 12, 15, 25, 26, 38, 39, 40, 45, 46, 52, 53] <=> [ 9, 13, 14, 16, 20, 21, 22, 23, 24, 27, 28, 29, 41, 42, 43, 44, 51]
W3: [ 1,  2,  3, 10, 11, 15, 17, 18, 19, 20, 25, 26, 28, 29, 30, 36, 47, 51, 53] <=> [ 4,  5,  6,  9, 12, 14, 16, 23, 24, 31, 35, 37, 38, 39, 42, 43, 46, 48, 50]
W4: [ 3,  6,  9, 12, 14, 16, 19, 21, 23, 25, 31, 32, 34, 35, 42, 46, 48, 52, 53] <=> [ 0,  1,  4,  7, 11, 13, 17, 20, 22, 27, 28, 37, 38, 41, 43, 44, 45, 50, 51]

Truth Table:
ix  W0  W1  W2  W3  W4   Result
 0   <   <   <   <   <   53-
 1   <   <   <   <   =    
 2   <   <   <   <   >    
 3   <   <   <   =   <   52-
 4   <   <   <   =   =    
 5   <   <   <   =   >    
 6   <   <   <   >   <   51+
 7   <   <   <   >   =    
 8   <   <   <   >   >    
 9   <   <   =   <   <   50+
10   <   <   =   <   =    
11   <   <   =   <   >    
12   <   <   =   =   <    
13   <   <   =   =   =   49-
14   <   <   =   =   >    
15   <   <   =   >   <   48-
16   <   <   =   >   =   47+
17   <   <   =   >   >    
18   <   <   >   <   <    
19   <   <   >   <   =    
20   <   <   >   <   >   46+
21   <   <   >   =   <   45+
22   <   <   >   =   =    
23   <   <   >   =   >   44-
24   <   <   >   >   <    
25   <   <   >   >   =    
26   <   <   >   >   >    
27   <   =   <   <   <   43+
28   <   =   <   <   =    
29   <   =   <   <   >   42+
30   <   =   <   =   <   41+
31   <   =   <   =   =   40-
32   <   =   <   =   >    
33   <   =   <   >   <    
34   <   =   <   >   =   39-
35   <   =   <   >   >   38-
36   <   =   =   <   <   37+
37   <   =   =   <   =   36-
38   <   =   =   <   >   35+
39   <   =   =   =   <   34-
40   <   =   =   =   =   33-
41   <   =   =   =   >   32+
42   <   =   =   >   <   31-
43   <   =   =   >   =   30+
44   <   =   =   >   >    
45   <   =   >   <   <    
46   <   =   >   <   =   29-
47   <   =   >   <   >   28-
48   <   =   >   =   <    
49   <   =   >   =   =    
50   <   =   >   =   >   27-
51   <   =   >   >   <    
52   <   =   >   >   =   26+
53   <   =   >   >   >   25+
54   <   >   <   <   <    
55   <   >   <   <   =   24+
56   <   >   <   <   >   23+
57   <   >   <   =   <   22+
58   <   >   <   =   =    
59   <   >   <   =   >   21+
60   <   >   <   >   <   20+
61   <   >   <   >   =    
62   <   >   <   >   >    
63   <   >   =   <   <   19-
64   <   >   =   <   =   18-
65   <   >   =   <   >   17-
66   <   >   =   =   <    
67   <   >   =   =   =    
68   <   >   =   =   >    
69   <   >   =   >   <    
70   <   >   =   >   =    
71   <   >   =   >   >    
72   <   >   >   <   <    
73   <   >   >   <   =    
74   <   >   >   <   >    
75   <   >   >   =   <    
76   <   >   >   =   =    
77   <   >   >   =   >    
78   <   >   >   >   <   16-
79   <   >   >   >   =    
80   <   >   >   >   >    
81   =   <   <   <   <    
82   =   <   <   <   =   15-
83   =   <   <   <   >   14+
84   =   <   <   =   <   13+
85   =   <   <   =   =    
86   =   <   <   =   >    
87   =   <   <   >   <   12-
88   =   <   <   >   =    
89   =   <   <   >   >    
90   =   <   =   <   <    
91   =   <   =   <   =    
92   =   <   =   <   >    
93   =   <   =   =   <    
94   =   <   =   =   =    
95   =   <   =   =   >    
96   =   <   =   >   <   11+
97   =   <   =   >   =    
98   =   <   =   >   >    
99   =   <   >   <   <    
100   =   <   >   <   =    
101   =   <   >   <   >    
102   =   <   >   =   <    
103   =   <   >   =   =    
104   =   <   >   =   >    
105   =   <   >   >   <    
106   =   <   >   >   =    
107   =   <   >   >   >    
108   =   =   <   <   <    
109   =   =   <   <   =   10-
110   =   =   <   <   >   9+
111   =   =   <   =   <    
112   =   =   <   =   =   8-
113   =   =   <   =   >   7-
114   =   =   <   >   <   6-
115   =   =   <   >   =   5-
116   =   =   <   >   >   4-
117   =   =   =   <   <   3-
118   =   =   =   <   =   2-
119   =   =   =   <   >   1-
120   =   =   =   =   <   0+
121   =   =   =   =   =    
122   =   =   =   =   >   0-
123   =   =   =   >   <   1+
124   =   =   =   >   =   2+
125   =   =   =   >   >   3+
126   =   =   >   <   <   4+
127   =   =   >   <   =   5+
128   =   =   >   <   >   6+
129   =   =   >   =   <   7+
130   =   =   >   =   =   8+
131   =   =   >   =   >    
132   =   =   >   >   <   9-
133   =   =   >   >   =   10+
134   =   =   >   >   >    
135   =   >   <   <   <    
136   =   >   <   <   =    
137   =   >   <   <   >    
138   =   >   <   =   <    
139   =   >   <   =   =    
140   =   >   <   =   >    
141   =   >   <   >   <    
142   =   >   <   >   =    
143   =   >   <   >   >    
144   =   >   =   <   <    
145   =   >   =   <   =    
146   =   >   =   <   >   11-
147   =   >   =   =   <    
148   =   >   =   =   =    
149   =   >   =   =   >    
150   =   >   =   >   <    
151   =   >   =   >   =    
152   =   >   =   >   >    
153   =   >   >   <   <    
154   =   >   >   <   =    
155   =   >   >   <   >   12+
156   =   >   >   =   <    
157   =   >   >   =   =    
158   =   >   >   =   >   13-
159   =   >   >   >   <   14-
160   =   >   >   >   =   15+
161   =   >   >   >   >    
162   >   <   <   <   <    
163   >   <   <   <   =    
164   >   <   <   <   >   16+
165   >   <   <   =   <    
166   >   <   <   =   =    
167   >   <   <   =   >    
168   >   <   <   >   <    
169   >   <   <   >   =    
170   >   <   <   >   >    
171   >   <   =   <   <    
172   >   <   =   <   =    
173   >   <   =   <   >    
174   >   <   =   =   <    
175   >   <   =   =   =    
176   >   <   =   =   >    
177   >   <   =   >   <   17+
178   >   <   =   >   =   18+
179   >   <   =   >   >   19+
180   >   <   >   <   <    
181   >   <   >   <   =    
182   >   <   >   <   >   20-
183   >   <   >   =   <   21-
184   >   <   >   =   =    
185   >   <   >   =   >   22-
186   >   <   >   >   <   23-
187   >   <   >   >   =   24-
188   >   <   >   >   >    
189   >   =   <   <   <   25-
190   >   =   <   <   =   26-
191   >   =   <   <   >    
192   >   =   <   =   <   27+
193   >   =   <   =   =    
194   >   =   <   =   >    
195   >   =   <   >   <   28+
196   >   =   <   >   =   29+
197   >   =   <   >   >    
198   >   =   =   <   <    
199   >   =   =   <   =   30-
200   >   =   =   <   >   31+
201   >   =   =   =   <   32-
202   >   =   =   =   =   33+
203   >   =   =   =   >   34+
204   >   =   =   >   <   35-
205   >   =   =   >   =   36+
206   >   =   =   >   >   37-
207   >   =   >   <   <   38+
208   >   =   >   <   =   39+
209   >   =   >   <   >    
210   >   =   >   =   <    
211   >   =   >   =   =   40+
212   >   =   >   =   >   41-
213   >   =   >   >   <   42-
214   >   =   >   >   =    
215   >   =   >   >   >   43-
216   >   >   <   <   <    
217   >   >   <   <   =    
218   >   >   <   <   >    
219   >   >   <   =   <   44+
220   >   >   <   =   =    
221   >   >   <   =   >   45-
222   >   >   <   >   <   46-
223   >   >   <   >   =    
224   >   >   <   >   >    
225   >   >   =   <   <    
226   >   >   =   <   =   47-
227   >   >   =   <   >   48+
228   >   >   =   =   <    
229   >   >   =   =   =   49+
230   >   >   =   =   >    
231   >   >   =   >   <    
232   >   >   =   >   =    
233   >   >   =   >   >   50-
234   >   >   >   <   <    
235   >   >   >   <   =    
236   >   >   >   <   >   51-
237   >   >   >   =   <    
238   >   >   >   =   =    
239   >   >   >   =   >   52+
240   >   >   >   >   <    
241   >   >   >   >   =    
242   >   >   >   >   >   53+

Test 53-:
    W0: [16, 17, 18, 19, 27, 28, 29, 31, 33, 34, 36, 38, 39, 40, 44, 48, 49, 52, 53] < [20, 21, 22, 23, 24, 25, 26, 30, 32, 35, 37, 41, 42, 43, 45, 46, 47, 50, 51]
    W1: [12, 15, 20, 21, 22, 23, 24, 44, 48, 49, 52, 53] < [11, 13, 14, 16, 17, 18, 19, 45, 46, 47, 50, 51]
    W2: [ 4,  5,  6,  7,  8, 10, 12, 15, 25, 26, 38, 39, 40, 45, 46, 52, 53] < [ 9, 13, 14, 16, 20, 21, 22, 23, 24, 27, 28, 29, 41, 42, 43, 44, 51]
    W3: [ 1,  2,  3, 10, 11, 15, 17, 18, 19, 20, 25, 26, 28, 29, 30, 36, 47, 51, 53] < [ 4,  5,  6,  9, 12, 14, 16, 23, 24, 31, 35, 37, 38, 39, 42, 43, 46, 48, 50]
    W4: [ 3,  6,  9, 12, 14, 16, 19, 21, 23, 25, 31, 32, 34, 35, 42, 46, 48, 52, 53] < [ 0,  1,  4,  7, 11, 13, 17, 20, 22, 27, 28, 37, 38, 41, 43, 44, 45, 50, 51]
    Truth table row=[<, <, <, <, <] ix=0 result=53- is correct

Test 52-:
    W0: [16, 17, 18, 19, 27, 28, 29, 31, 33, 34, 36, 38, 39, 40, 44, 48, 49, 52, 53] < [20, 21, 22, 23, 24, 25, 26, 30, 32, 35, 37, 41, 42, 43, 45, 46, 47, 50, 51]
    W1: [12, 15, 20, 21, 22, 23, 24, 44, 48, 49, 52, 53] < [11, 13, 14, 16, 17, 18, 19, 45, 46, 47, 50, 51]
    W2: [ 4,  5,  6,  7,  8, 10, 12, 15, 25, 26, 38, 39, 40, 45, 46, 52, 53] < [ 9, 13, 14, 16, 20, 21, 22, 23, 24, 27, 28, 29, 41, 42, 43, 44, 51]
    W3: [ 1,  2,  3, 10, 11, 15, 17, 18, 19, 20, 25, 26, 28, 29, 30, 36, 47, 51, 53] = [ 4,  5,  6,  9, 12, 14, 16, 23, 24, 31, 35, 37, 38, 39, 42, 43, 46, 48, 50]
    W4: [ 3,  6,  9, 12, 14, 16, 19, 21, 23, 25, 31, 32, 34, 35, 42, 46, 48, 52, 53] < [ 0,  1,  4,  7, 11, 13, 17, 20, 22, 27, 28, 37, 38, 41, 43, 44, 45, 50, 51]
    Truth table row=[<, <, <, =, <] ix=3 result=52- is correct

Test 51-:
    W0: [16, 17, 18, 19, 27, 28, 29, 31, 33, 34, 36, 38, 39, 40, 44, 48, 49, 52, 53] > [20, 21, 22, 23, 24, 25, 26, 30, 32, 35, 37, 41, 42, 43, 45, 46, 47, 50, 51]
    W1: [12, 15, 20, 21, 22, 23, 24, 44, 48, 49, 52, 53] > [11, 13, 14, 16, 17, 18, 19, 45, 46, 47, 50, 51]
    W2: [ 4,  5,  6,  7,  8, 10, 12, 15, 25, 26, 38, 39, 40, 45, 46, 52, 53] > [ 9, 13, 14, 16, 20, 21, 22, 23, 24, 27, 28, 29, 41, 42, 43, 44, 51]
    W3: [ 1,  2,  3, 10, 11, 15, 17, 18, 19, 20, 25, 26, 28, 29, 30, 36, 47, 51, 53] < [ 4,  5,  6,  9, 12, 14, 16, 23, 24, 31, 35, 37, 38, 39, 42, 43, 46, 48, 50]
    W4: [ 3,  6,  9, 12, 14, 16, 19, 21, 23, 25, 31, 32, 34, 35, 42, 46, 48, 52, 53] > [ 0,  1,  4,  7, 11, 13, 17, 20, 22, 27, 28, 37, 38, 41, 43, 44, 45, 50, 51]
    Truth table row=[>, >, >, <, >] ix=236 result=51- is correct

Test 50-:
    W0: [16, 17, 18, 19, 27, 28, 29, 31, 33, 34, 36, 38, 39, 40, 44, 48, 49, 52, 53] > [20, 21, 22, 23, 24, 25, 26, 30, 32, 35, 37, 41, 42, 43, 45, 46, 47, 50, 51]
    W1: [12, 15, 20, 21, 22, 23, 24, 44, 48, 49, 52, 53] > [11, 13, 14, 16, 17, 18, 19, 45, 46, 47, 50, 51]
    W2: [ 4,  5,  6,  7,  8, 10, 12, 15, 25, 26, 38, 39, 40, 45, 46, 52, 53] = [ 9, 13, 14, 16, 20, 21, 22, 23, 24, 27, 28, 29, 41, 42, 43, 44, 51]
    W3: [ 1,  2,  3, 10, 11, 15, 17, 18, 19, 20, 25, 26, 28, 29, 30, 36, 47, 51, 53] > [ 4,  5,  6,  9, 12, 14, 16, 23, 24, 31, 35, 37, 38, 39, 42, 43, 46, 48, 50]
    W4: [ 3,  6,  9, 12, 14, 16, 19, 21, 23, 25, 31, 32, 34, 35, 42, 46, 48, 52, 53] > [ 0,  1,  4,  7, 11, 13, 17, 20, 22, 27, 28, 37, 38, 41, 43, 44, 45, 50, 51]
    Truth table row=[>, >, =, >, >] ix=233 result=50- is correct

Test 49-:
    W0: [16, 17, 18, 19, 27, 28, 29, 31, 33, 34, 36, 38, 39, 40, 44, 48, 49, 52, 53] < [20, 21, 22, 23, 24, 25, 26, 30, 32, 35, 37, 41, 42, 43, 45, 46, 47, 50, 51]
    W1: [12, 15, 20, 21, 22, 23, 24, 44, 48, 49, 52, 53] < [11, 13, 14, 16, 17, 18, 19, 45, 46, 47, 50, 51]
    W2: [ 4,  5,  6,  7,  8, 10, 12, 15, 25, 26, 38, 39, 40, 45, 46, 52, 53] = [ 9, 13, 14, 16, 20, 21, 22, 23, 24, 27, 28, 29, 41, 42, 43, 44, 51]
    W3: [ 1,  2,  3, 10, 11, 15, 17, 18, 19, 20, 25, 26, 28, 29, 30, 36, 47, 51, 53] = [ 4,  5,  6,  9, 12, 14, 16, 23, 24, 31, 35, 37, 38, 39, 42, 43, 46, 48, 50]
    W4: [ 3,  6,  9, 12, 14, 16, 19, 21, 23, 25, 31, 32, 34, 35, 42, 46, 48, 52, 53] = [ 0,  1,  4,  7, 11, 13, 17, 20, 22, 27, 28, 37, 38, 41, 43, 44, 45, 50, 51]
    Truth table row=[<, <, =, =, =] ix=13 result=49- is correct

Test 48-:
    W0: [16, 17, 18, 19, 27, 28, 29, 31, 33, 34, 36, 38, 39, 40, 44, 48, 49, 52, 53] < [20, 21, 22, 23, 24, 25, 26, 30, 32, 35, 37, 41, 42, 43, 45, 46, 47, 50, 51]
    W1: [12, 15, 20, 21, 22, 23, 24, 44, 48, 49, 52, 53] < [11, 13, 14, 16, 17, 18, 19, 45, 46, 47, 50, 51]
    W2: [ 4,  5,  6,  7,  8, 10, 12, 15, 25, 26, 38, 39, 40, 45, 46, 52, 53] = [ 9, 13, 14, 16, 20, 21, 22, 23, 24, 27, 28, 29, 41, 42, 43, 44, 51]
    W3: [ 1,  2,  3, 10, 11, 15, 17, 18, 19, 20, 25, 26, 28, 29, 30, 36, 47, 51, 53] > [ 4,  5,  6,  9, 12, 14, 16, 23, 24, 31, 35, 37, 38, 39, 42, 43, 46, 48, 50]
    W4: [ 3,  6,  9, 12, 14, 16, 19, 21, 23, 25, 31, 32, 34, 35, 42, 46, 48, 52, 53] < [ 0,  1,  4,  7, 11, 13, 17, 20, 22, 27, 28, 37, 38, 41, 43, 44, 45, 50, 51]
    Truth table row=[<, <, =, >, <] ix=15 result=48- is correct

Test 47-:
    W0: [16, 17, 18, 19, 27, 28, 29, 31, 33, 34, 36, 38, 39, 40, 44, 48, 49, 52, 53] > [20, 21, 22, 23, 24, 25, 26, 30, 32, 35, 37, 41, 42, 43, 45, 46, 47, 50, 51]
    W1: [12, 15, 20, 21, 22, 23, 24, 44, 48, 49, 52, 53] > [11, 13, 14, 16, 17, 18, 19, 45, 46, 47, 50, 51]
    W2: [ 4,  5,  6,  7,  8, 10, 12, 15, 25, 26, 38, 39, 40, 45, 46, 52, 53] = [ 9, 13, 14, 16, 20, 21, 22, 23, 24, 27, 28, 29, 41, 42, 43, 44, 51]
    W3: [ 1,  2,  3, 10, 11, 15, 17, 18, 19, 20, 25, 26, 28, 29, 30, 36, 47, 51, 53] < [ 4,  5,  6,  9, 12, 14, 16, 23, 24, 31, 35, 37, 38, 39, 42, 43, 46, 48, 50]
    W4: [ 3,  6,  9, 12, 14, 16, 19, 21, 23, 25, 31, 32, 34, 35, 42, 46, 48, 52, 53] = [ 0,  1,  4,  7, 11, 13, 17, 20, 22, 27, 28, 37, 38, 41, 43, 44, 45, 50, 51]
    Truth table row=[>, >, =, <, =] ix=226 result=47- is correct

Test 46-:
    W0: [16, 17, 18, 19, 27, 28, 29, 31, 33, 34, 36, 38, 39, 40, 44, 48, 49, 52, 53] > [20, 21, 22, 23, 24, 25, 26, 30, 32, 35, 37, 41, 42, 43, 45, 46, 47, 50, 51]
    W1: [12, 15, 20, 21, 22, 23, 24, 44, 48, 49, 52, 53] > [11, 13, 14, 16, 17, 18, 19, 45, 46, 47, 50, 51]
    W2: [ 4,  5,  6,  7,  8, 10, 12, 15, 25, 26, 38, 39, 40, 45, 46, 52, 53] < [ 9, 13, 14, 16, 20, 21, 22, 23, 24, 27, 28, 29, 41, 42, 43, 44, 51]
    W3: [ 1,  2,  3, 10, 11, 15, 17, 18, 19, 20, 25, 26, 28, 29, 30, 36, 47, 51, 53] > [ 4,  5,  6,  9, 12, 14, 16, 23, 24, 31, 35, 37, 38, 39, 42, 43, 46, 48, 50]
    W4: [ 3,  6,  9, 12, 14, 16, 19, 21, 23, 25, 31, 32, 34, 35, 42, 46, 48, 52, 53] < [ 0,  1,  4,  7, 11, 13, 17, 20, 22, 27, 28, 37, 38, 41, 43, 44, 45, 50, 51]
    Truth table row=[>, >, <, >, <] ix=222 result=46- is correct

Test 45-:
    W0: [16, 17, 18, 19, 27, 28, 29, 31, 33, 34, 36, 38, 39, 40, 44, 48, 49, 52, 53] > [20, 21, 22, 23, 24, 25, 26, 30, 32, 35, 37, 41, 42, 43, 45, 46, 47, 50, 51]
    W1: [12, 15, 20, 21, 22, 23, 24, 44, 48, 49, 52, 53] > [11, 13, 14, 16, 17, 18, 19, 45, 46, 47, 50, 51]
    W2: [ 4,  5,  6,  7,  8, 10, 12, 15, 25, 26, 38, 39, 40, 45, 46, 52, 53] < [ 9, 13, 14, 16, 20, 21, 22, 23, 24, 27, 28, 29, 41, 42, 43, 44, 51]
    W3: [ 1,  2,  3, 10, 11, 15, 17, 18, 19, 20, 25, 26, 28, 29, 30, 36, 47, 51, 53] = [ 4,  5,  6,  9, 12, 14, 16, 23, 24, 31, 35, 37, 38, 39, 42, 43, 46, 48, 50]
    W4: [ 3,  6,  9, 12, 14, 16, 19, 21, 23, 25, 31, 32, 34, 35, 42, 46, 48, 52, 53] > [ 0,  1,  4,  7, 11, 13, 17, 20, 22, 27, 28, 37, 38, 41, 43, 44, 45, 50, 51]
    Truth table row=[>, >, <, =, >] ix=221 result=45- is correct

Test 44-:
    W0: [16, 17, 18, 19, 27, 28, 29, 31, 33, 34, 36, 38, 39, 40, 44, 48, 49, 52, 53] < [20, 21, 22, 23, 24, 25, 26, 30, 32, 35, 37, 41, 42, 43, 45, 46, 47, 50, 51]
    W1: [12, 15, 20, 21, 22, 23, 24, 44, 48, 49, 52, 53] < [11, 13, 14, 16, 17, 18, 19, 45, 46, 47, 50, 51]
    W2: [ 4,  5,  6,  7,  8, 10, 12, 15, 25, 26, 38, 39, 40, 45, 46, 52, 53] > [ 9, 13, 14, 16, 20, 21, 22, 23, 24, 27, 28, 29, 41, 42, 43, 44, 51]
    W3: [ 1,  2,  3, 10, 11, 15, 17, 18, 19, 20, 25, 26, 28, 29, 30, 36, 47, 51, 53] = [ 4,  5,  6,  9, 12, 14, 16, 23, 24, 31, 35, 37, 38, 39, 42, 43, 46, 48, 50]
    W4: [ 3,  6,  9, 12, 14, 16, 19, 21, 23, 25, 31, 32, 34, 35, 42, 46, 48, 52, 53] > [ 0,  1,  4,  7, 11, 13, 17, 20, 22, 27, 28, 37, 38, 41, 43, 44, 45, 50, 51]
    Truth table row=[<, <, >, =, >] ix=23 result=44- is correct

Test 43-:
    W0: [16, 17, 18, 19, 27, 28, 29, 31, 33, 34, 36, 38, 39, 40, 44, 48, 49, 52, 53] > [20, 21, 22, 23, 24, 25, 26, 30, 32, 35, 37, 41, 42, 43, 45, 46, 47, 50, 51]
    W1: [12, 15, 20, 21, 22, 23, 24, 44, 48, 49, 52, 53] = [11, 13, 14, 16, 17, 18, 19, 45, 46, 47, 50, 51]
    W2: [ 4,  5,  6,  7,  8, 10, 12, 15, 25, 26, 38, 39, 40, 45, 46, 52, 53] > [ 9, 13, 14, 16, 20, 21, 22, 23, 24, 27, 28, 29, 41, 42, 43, 44, 51]
    W3: [ 1,  2,  3, 10, 11, 15, 17, 18, 19, 20, 25, 26, 28, 29, 30, 36, 47, 51, 53] > [ 4,  5,  6,  9, 12, 14, 16, 23, 24, 31, 35, 37, 38, 39, 42, 43, 46, 48, 50]
    W4: [ 3,  6,  9, 12, 14, 16, 19, 21, 23, 25, 31, 32, 34, 35, 42, 46, 48, 52, 53] > [ 0,  1,  4,  7, 11, 13, 17, 20, 22, 27, 28, 37, 38, 41, 43, 44, 45, 50, 51]
    Truth table row=[>, =, >, >, >] ix=215 result=43- is correct

Test 42-:
    W0: [16, 17, 18, 19, 27, 28, 29, 31, 33, 34, 36, 38, 39, 40, 44, 48, 49, 52, 53] > [20, 21, 22, 23, 24, 25, 26, 30, 32, 35, 37, 41, 42, 43, 45, 46, 47, 50, 51]
    W1: [12, 15, 20, 21, 22, 23, 24, 44, 48, 49, 52, 53] = [11, 13, 14, 16, 17, 18, 19, 45, 46, 47, 50, 51]
    W2: [ 4,  5,  6,  7,  8, 10, 12, 15, 25, 26, 38, 39, 40, 45, 46, 52, 53] > [ 9, 13, 14, 16, 20, 21, 22, 23, 24, 27, 28, 29, 41, 42, 43, 44, 51]
    W3: [ 1,  2,  3, 10, 11, 15, 17, 18, 19, 20, 25, 26, 28, 29, 30, 36, 47, 51, 53] > [ 4,  5,  6,  9, 12, 14, 16, 23, 24, 31, 35, 37, 38, 39, 42, 43, 46, 48, 50]
    W4: [ 3,  6,  9, 12, 14, 16, 19, 21, 23, 25, 31, 32, 34, 35, 42, 46, 48, 52, 53] < [ 0,  1,  4,  7, 11, 13, 17, 20, 22, 27, 28, 37, 38, 41, 43, 44, 45, 50, 51]
    Truth table row=[>, =, >, >, <] ix=213 result=42- is correct

Test 41-:
    W0: [16, 17, 18, 19, 27, 28, 29, 31, 33, 34, 36, 38, 39, 40, 44, 48, 49, 52, 53] > [20, 21, 22, 23, 24, 25, 26, 30, 32, 35, 37, 41, 42, 43, 45, 46, 47, 50, 51]
    W1: [12, 15, 20, 21, 22, 23, 24, 44, 48, 49, 52, 53] = [11, 13, 14, 16, 17, 18, 19, 45, 46, 47, 50, 51]
    W2: [ 4,  5,  6,  7,  8, 10, 12, 15, 25, 26, 38, 39, 40, 45, 46, 52, 53] > [ 9, 13, 14, 16, 20, 21, 22, 23, 24, 27, 28, 29, 41, 42, 43, 44, 51]
    W3: [ 1,  2,  3, 10, 11, 15, 17, 18, 19, 20, 25, 26, 28, 29, 30, 36, 47, 51, 53] = [ 4,  5,  6,  9, 12, 14, 16, 23, 24, 31, 35, 37, 38, 39, 42, 43, 46, 48, 50]
    W4: [ 3,  6,  9, 12, 14, 16, 19, 21, 23, 25, 31, 32, 34, 35, 42, 46, 48, 52, 53] > [ 0,  1,  4,  7, 11, 13, 17, 20, 22, 27, 28, 37, 38, 41, 43, 44, 45, 50, 51]
    Truth table row=[>, =, >, =, >] ix=212 result=41- is correct

Test 40-:
    W0: [16, 17, 18, 19, 27, 28, 29, 31, 33, 34, 36, 38, 39, 40, 44, 48, 49, 52, 53] < [20, 21, 22, 23, 24, 25, 26, 30, 32, 35, 37, 41, 42, 43, 45, 46, 47, 50, 51]
    W1: [12, 15, 20, 21, 22, 23, 24, 44, 48, 49, 52, 53] = [11, 13, 14, 16, 17, 18, 19, 45, 46, 47, 50, 51]
    W2: [ 4,  5,  6,  7,  8, 10, 12, 15, 25, 26, 38, 39, 40, 45, 46, 52, 53] < [ 9, 13, 14, 16, 20, 21, 22, 23, 24, 27, 28, 29, 41, 42, 43, 44, 51]
    W3: [ 1,  2,  3, 10, 11, 15, 17, 18, 19, 20, 25, 26, 28, 29, 30, 36, 47, 51, 53] = [ 4,  5,  6,  9, 12, 14, 16, 23, 24, 31, 35, 37, 38, 39, 42, 43, 46, 48, 50]
    W4: [ 3,  6,  9, 12, 14, 16, 19, 21, 23, 25, 31, 32, 34, 35, 42, 46, 48, 52, 53] = [ 0,  1,  4,  7, 11, 13, 17, 20, 22, 27, 28, 37, 38, 41, 43, 44, 45, 50, 51]
    Truth table row=[<, =, <, =, =] ix=31 result=40- is correct

Test 39-:
    W0: [16, 17, 18, 19, 27, 28, 29, 31, 33, 34, 36, 38, 39, 40, 44, 48, 49, 52, 53] < [20, 21, 22, 23, 24, 25, 26, 30, 32, 35, 37, 41, 42, 43, 45, 46, 47, 50, 51]
    W1: [12, 15, 20, 21, 22, 23, 24, 44, 48, 49, 52, 53] = [11, 13, 14, 16, 17, 18, 19, 45, 46, 47, 50, 51]
    W2: [ 4,  5,  6,  7,  8, 10, 12, 15, 25, 26, 38, 39, 40, 45, 46, 52, 53] < [ 9, 13, 14, 16, 20, 21, 22, 23, 24, 27, 28, 29, 41, 42, 43, 44, 51]
    W3: [ 1,  2,  3, 10, 11, 15, 17, 18, 19, 20, 25, 26, 28, 29, 30, 36, 47, 51, 53] > [ 4,  5,  6,  9, 12, 14, 16, 23, 24, 31, 35, 37, 38, 39, 42, 43, 46, 48, 50]
    W4: [ 3,  6,  9, 12, 14, 16, 19, 21, 23, 25, 31, 32, 34, 35, 42, 46, 48, 52, 53] = [ 0,  1,  4,  7, 11, 13, 17, 20, 22, 27, 28, 37, 38, 41, 43, 44, 45, 50, 51]
    Truth table row=[<, =, <, >, =] ix=34 result=39- is correct

Test 38-:
    W0: [16, 17, 18, 19, 27, 28, 29, 31, 33, 34, 36, 38, 39, 40, 44, 48, 49, 52, 53] < [20, 21, 22, 23, 24, 25, 26, 30, 32, 35, 37, 41, 42, 43, 45, 46, 47, 50, 51]
    W1: [12, 15, 20, 21, 22, 23, 24, 44, 48, 49, 52, 53] = [11, 13, 14, 16, 17, 18, 19, 45, 46, 47, 50, 51]
    W2: [ 4,  5,  6,  7,  8, 10, 12, 15, 25, 26, 38, 39, 40, 45, 46, 52, 53] < [ 9, 13, 14, 16, 20, 21, 22, 23, 24, 27, 28, 29, 41, 42, 43, 44, 51]
    W3: [ 1,  2,  3, 10, 11, 15, 17, 18, 19, 20, 25, 26, 28, 29, 30, 36, 47, 51, 53] > [ 4,  5,  6,  9, 12, 14, 16, 23, 24, 31, 35, 37, 38, 39, 42, 43, 46, 48, 50]
    W4: [ 3,  6,  9, 12, 14, 16, 19, 21, 23, 25, 31, 32, 34, 35, 42, 46, 48, 52, 53] > [ 0,  1,  4,  7, 11, 13, 17, 20, 22, 27, 28, 37, 38, 41, 43, 44, 45, 50, 51]
    Truth table row=[<, =, <, >, >] ix=35 result=38- is correct

Test 37-:
    W0: [16, 17, 18, 19, 27, 28, 29, 31, 33, 34, 36, 38, 39, 40, 44, 48, 49, 52, 53] > [20, 21, 22, 23, 24, 25, 26, 30, 32, 35, 37, 41, 42, 43, 45, 46, 47, 50, 51]
    W1: [12, 15, 20, 21, 22, 23, 24, 44, 48, 49, 52, 53] = [11, 13, 14, 16, 17, 18, 19, 45, 46, 47, 50, 51]
    W2: [ 4,  5,  6,  7,  8, 10, 12, 15, 25, 26, 38, 39, 40, 45, 46, 52, 53] = [ 9, 13, 14, 16, 20, 21, 22, 23, 24, 27, 28, 29, 41, 42, 43, 44, 51]
    W3: [ 1,  2,  3, 10, 11, 15, 17, 18, 19, 20, 25, 26, 28, 29, 30, 36, 47, 51, 53] > [ 4,  5,  6,  9, 12, 14, 16, 23, 24, 31, 35, 37, 38, 39, 42, 43, 46, 48, 50]
    W4: [ 3,  6,  9, 12, 14, 16, 19, 21, 23, 25, 31, 32, 34, 35, 42, 46, 48, 52, 53] > [ 0,  1,  4,  7, 11, 13, 17, 20, 22, 27, 28, 37, 38, 41, 43, 44, 45, 50, 51]
    Truth table row=[>, =, =, >, >] ix=206 result=37- is correct

Test 36-:
    W0: [16, 17, 18, 19, 27, 28, 29, 31, 33, 34, 36, 38, 39, 40, 44, 48, 49, 52, 53] < [20, 21, 22, 23, 24, 25, 26, 30, 32, 35, 37, 41, 42, 43, 45, 46, 47, 50, 51]
    W1: [12, 15, 20, 21, 22, 23, 24, 44, 48, 49, 52, 53] = [11, 13, 14, 16, 17, 18, 19, 45, 46, 47, 50, 51]
    W2: [ 4,  5,  6,  7,  8, 10, 12, 15, 25, 26, 38, 39, 40, 45, 46, 52, 53] = [ 9, 13, 14, 16, 20, 21, 22, 23, 24, 27, 28, 29, 41, 42, 43, 44, 51]
    W3: [ 1,  2,  3, 10, 11, 15, 17, 18, 19, 20, 25, 26, 28, 29, 30, 36, 47, 51, 53] < [ 4,  5,  6,  9, 12, 14, 16, 23, 24, 31, 35, 37, 38, 39, 42, 43, 46, 48, 50]
    W4: [ 3,  6,  9, 12, 14, 16, 19, 21, 23, 25, 31, 32, 34, 35, 42, 46, 48, 52, 53] = [ 0,  1,  4,  7, 11, 13, 17, 20, 22, 27, 28, 37, 38, 41, 43, 44, 45, 50, 51]
    Truth table row=[<, =, =, <, =] ix=37 result=36- is correct

Test 35-:
    W0: [16, 17, 18, 19, 27, 28, 29, 31, 33, 34, 36, 38, 39, 40, 44, 48, 49, 52, 53] > [20, 21, 22, 23, 24, 25, 26, 30, 32, 35, 37, 41, 42, 43, 45, 46, 47, 50, 51]
    W1: [12, 15, 20, 21, 22, 23, 24, 44, 48, 49, 52, 53] = [11, 13, 14, 16, 17, 18, 19, 45, 46, 47, 50, 51]
    W2: [ 4,  5,  6,  7,  8, 10, 12, 15, 25, 26, 38, 39, 40, 45, 46, 52, 53] = [ 9, 13, 14, 16, 20, 21, 22, 23, 24, 27, 28, 29, 41, 42, 43, 44, 51]
    W3: [ 1,  2,  3, 10, 11, 15, 17, 18, 19, 20, 25, 26, 28, 29, 30, 36, 47, 51, 53] > [ 4,  5,  6,  9, 12, 14, 16, 23, 24, 31, 35, 37, 38, 39, 42, 43, 46, 48, 50]
    W4: [ 3,  6,  9, 12, 14, 16, 19, 21, 23, 25, 31, 32, 34, 35, 42, 46, 48, 52, 53] < [ 0,  1,  4,  7, 11, 13, 17, 20, 22, 27, 28, 37, 38, 41, 43, 44, 45, 50, 51]
    Truth table row=[>, =, =, >, <] ix=204 result=35- is correct

Test 34-:
    W0: [16, 17, 18, 19, 27, 28, 29, 31, 33, 34, 36, 38, 39, 40, 44, 48, 49, 52, 53] < [20, 21, 22, 23, 24, 25, 26, 30, 32, 35, 37, 41, 42, 43, 45, 46, 47, 50, 51]
    W1: [12, 15, 20, 21, 22, 23, 24, 44, 48, 49, 52, 53] = [11, 13, 14, 16, 17, 18, 19, 45, 46, 47, 50, 51]
    W2: [ 4,  5,  6,  7,  8, 10, 12, 15, 25, 26, 38, 39, 40, 45, 46, 52, 53] = [ 9, 13, 14, 16, 20, 21, 22, 23, 24, 27, 28, 29, 41, 42, 43, 44, 51]
    W3: [ 1,  2,  3, 10, 11, 15, 17, 18, 19, 20, 25, 26, 28, 29, 30, 36, 47, 51, 53] = [ 4,  5,  6,  9, 12, 14, 16, 23, 24, 31, 35, 37, 38, 39, 42, 43, 46, 48, 50]
    W4: [ 3,  6,  9, 12, 14, 16, 19, 21, 23, 25, 31, 32, 34, 35, 42, 46, 48, 52, 53] < [ 0,  1,  4,  7, 11, 13, 17, 20, 22, 27, 28, 37, 38, 41, 43, 44, 45, 50, 51]
    Truth table row=[<, =, =, =, <] ix=39 result=34- is correct

Test 33-:
    W0: [16, 17, 18, 19, 27, 28, 29, 31, 33, 34, 36, 38, 39, 40, 44, 48, 49, 52, 53] < [20, 21, 22, 23, 24, 25, 26, 30, 32, 35, 37, 41, 42, 43, 45, 46, 47, 50, 51]
    W1: [12, 15, 20, 21, 22, 23, 24, 44, 48, 49, 52, 53] = [11, 13, 14, 16, 17, 18, 19, 45, 46, 47, 50, 51]
    W2: [ 4,  5,  6,  7,  8, 10, 12, 15, 25, 26, 38, 39, 40, 45, 46, 52, 53] = [ 9, 13, 14, 16, 20, 21, 22, 23, 24, 27, 28, 29, 41, 42, 43, 44, 51]
    W3: [ 1,  2,  3, 10, 11, 15, 17, 18, 19, 20, 25, 26, 28, 29, 30, 36, 47, 51, 53] = [ 4,  5,  6,  9, 12, 14, 16, 23, 24, 31, 35, 37, 38, 39, 42, 43, 46, 48, 50]
    W4: [ 3,  6,  9, 12, 14, 16, 19, 21, 23, 25, 31, 32, 34, 35, 42, 46, 48, 52, 53] = [ 0,  1,  4,  7, 11, 13, 17, 20, 22, 27, 28, 37, 38, 41, 43, 44, 45, 50, 51]
    Truth table row=[<, =, =, =, =] ix=40 result=33- is correct

Test 32-:
    W0: [16, 17, 18, 19, 27, 28, 29, 31, 33, 34, 36, 38, 39, 40, 44, 48, 49, 52, 53] > [20, 21, 22, 23, 24, 25, 26, 30, 32, 35, 37, 41, 42, 43, 45, 46, 47, 50, 51]
    W1: [12, 15, 20, 21, 22, 23, 24, 44, 48, 49, 52, 53] = [11, 13, 14, 16, 17, 18, 19, 45, 46, 47, 50, 51]
    W2: [ 4,  5,  6,  7,  8, 10, 12, 15, 25, 26, 38, 39, 40, 45, 46, 52, 53] = [ 9, 13, 14, 16, 20, 21, 22, 23, 24, 27, 28, 29, 41, 42, 43, 44, 51]
    W3: [ 1,  2,  3, 10, 11, 15, 17, 18, 19, 20, 25, 26, 28, 29, 30, 36, 47, 51, 53] = [ 4,  5,  6,  9, 12, 14, 16, 23, 24, 31, 35, 37, 38, 39, 42, 43, 46, 48, 50]
    W4: [ 3,  6,  9, 12, 14, 16, 19, 21, 23, 25, 31, 32, 34, 35, 42, 46, 48, 52, 53] < [ 0,  1,  4,  7, 11, 13, 17, 20, 22, 27, 28, 37, 38, 41, 43, 44, 45, 50, 51]
    Truth table row=[>, =, =, =, <] ix=201 result=32- is correct

Test 31-:
    W0: [16, 17, 18, 19, 27, 28, 29, 31, 33, 34, 36, 38, 39, 40, 44, 48, 49, 52, 53] < [20, 21, 22, 23, 24, 25, 26, 30, 32, 35, 37, 41, 42, 43, 45, 46, 47, 50, 51]
    W1: [12, 15, 20, 21, 22, 23, 24, 44, 48, 49, 52, 53] = [11, 13, 14, 16, 17, 18, 19, 45, 46, 47, 50, 51]
    W2: [ 4,  5,  6,  7,  8, 10, 12, 15, 25, 26, 38, 39, 40, 45, 46, 52, 53] = [ 9, 13, 14, 16, 20, 21, 22, 23, 24, 27, 28, 29, 41, 42, 43, 44, 51]
    W3: [ 1,  2,  3, 10, 11, 15, 17, 18, 19, 20, 25, 26, 28, 29, 30, 36, 47, 51, 53] > [ 4,  5,  6,  9, 12, 14, 16, 23, 24, 31, 35, 37, 38, 39, 42, 43, 46, 48, 50]
    W4: [ 3,  6,  9, 12, 14, 16, 19, 21, 23, 25, 31, 32, 34, 35, 42, 46, 48, 52, 53] < [ 0,  1,  4,  7, 11, 13, 17, 20, 22, 27, 28, 37, 38, 41, 43, 44, 45, 50, 51]
    Truth table row=[<, =, =, >, <] ix=42 result=31- is correct

Test 30-:
    W0: [16, 17, 18, 19, 27, 28, 29, 31, 33, 34, 36, 38, 39, 40, 44, 48, 49, 52, 53] > [20, 21, 22, 23, 24, 25, 26, 30, 32, 35, 37, 41, 42, 43, 45, 46, 47, 50, 51]
    W1: [12, 15, 20, 21, 22, 23, 24, 44, 48, 49, 52, 53] = [11, 13, 14, 16, 17, 18, 19, 45, 46, 47, 50, 51]
    W2: [ 4,  5,  6,  7,  8, 10, 12, 15, 25, 26, 38, 39, 40, 45, 46, 52, 53] = [ 9, 13, 14, 16, 20, 21, 22, 23, 24, 27, 28, 29, 41, 42, 43, 44, 51]
    W3: [ 1,  2,  3, 10, 11, 15, 17, 18, 19, 20, 25, 26, 28, 29, 30, 36, 47, 51, 53] < [ 4,  5,  6,  9, 12, 14, 16, 23, 24, 31, 35, 37, 38, 39, 42, 43, 46, 48, 50]
    W4: [ 3,  6,  9, 12, 14, 16, 19, 21, 23, 25, 31, 32, 34, 35, 42, 46, 48, 52, 53] = [ 0,  1,  4,  7, 11, 13, 17, 20, 22, 27, 28, 37, 38, 41, 43, 44, 45, 50, 51]
    Truth table row=[>, =, =, <, =] ix=199 result=30- is correct

Test 29-:
    W0: [16, 17, 18, 19, 27, 28, 29, 31, 33, 34, 36, 38, 39, 40, 44, 48, 49, 52, 53] < [20, 21, 22, 23, 24, 25, 26, 30, 32, 35, 37, 41, 42, 43, 45, 46, 47, 50, 51]
    W1: [12, 15, 20, 21, 22, 23, 24, 44, 48, 49, 52, 53] = [11, 13, 14, 16, 17, 18, 19, 45, 46, 47, 50, 51]
    W2: [ 4,  5,  6,  7,  8, 10, 12, 15, 25, 26, 38, 39, 40, 45, 46, 52, 53] > [ 9, 13, 14, 16, 20, 21, 22, 23, 24, 27, 28, 29, 41, 42, 43, 44, 51]
    W3: [ 1,  2,  3, 10, 11, 15, 17, 18, 19, 20, 25, 26, 28, 29, 30, 36, 47, 51, 53] < [ 4,  5,  6,  9, 12, 14, 16, 23, 24, 31, 35, 37, 38, 39, 42, 43, 46, 48, 50]
    W4: [ 3,  6,  9, 12, 14, 16, 19, 21, 23, 25, 31, 32, 34, 35, 42, 46, 48, 52, 53] = [ 0,  1,  4,  7, 11, 13, 17, 20, 22, 27, 28, 37, 38, 41, 43, 44, 45, 50, 51]
    Truth table row=[<, =, >, <, =] ix=46 result=29- is correct

Test 28-:
    W0: [16, 17, 18, 19, 27, 28, 29, 31, 33, 34, 36, 38, 39, 40, 44, 48, 49, 52, 53] < [20, 21, 22, 23, 24, 25, 26, 30, 32, 35, 37, 41, 42, 43, 45, 46, 47, 50, 51]
    W1: [12, 15, 20, 21, 22, 23, 24, 44, 48, 49, 52, 53] = [11, 13, 14, 16, 17, 18, 19, 45, 46, 47, 50, 51]
    W2: [ 4,  5,  6,  7,  8, 10, 12, 15, 25, 26, 38, 39, 40, 45, 46, 52, 53] > [ 9, 13, 14, 16, 20, 21, 22, 23, 24, 27, 28, 29, 41, 42, 43, 44, 51]
    W3: [ 1,  2,  3, 10, 11, 15, 17, 18, 19, 20, 25, 26, 28, 29, 30, 36, 47, 51, 53] < [ 4,  5,  6,  9, 12, 14, 16, 23, 24, 31, 35, 37, 38, 39, 42, 43, 46, 48, 50]
    W4: [ 3,  6,  9, 12, 14, 16, 19, 21, 23, 25, 31, 32, 34, 35, 42, 46, 48, 52, 53] > [ 0,  1,  4,  7, 11, 13, 17, 20, 22, 27, 28, 37, 38, 41, 43, 44, 45, 50, 51]
    Truth table row=[<, =, >, <, >] ix=47 result=28- is correct

Test 27-:
    W0: [16, 17, 18, 19, 27, 28, 29, 31, 33, 34, 36, 38, 39, 40, 44, 48, 49, 52, 53] < [20, 21, 22, 23, 24, 25, 26, 30, 32, 35, 37, 41, 42, 43, 45, 46, 47, 50, 51]
    W1: [12, 15, 20, 21, 22, 23, 24, 44, 48, 49, 52, 53] = [11, 13, 14, 16, 17, 18, 19, 45, 46, 47, 50, 51]
    W2: [ 4,  5,  6,  7,  8, 10, 12, 15, 25, 26, 38, 39, 40, 45, 46, 52, 53] > [ 9, 13, 14, 16, 20, 21, 22, 23, 24, 27, 28, 29, 41, 42, 43, 44, 51]
    W3: [ 1,  2,  3, 10, 11, 15, 17, 18, 19, 20, 25, 26, 28, 29, 30, 36, 47, 51, 53] = [ 4,  5,  6,  9, 12, 14, 16, 23, 24, 31, 35, 37, 38, 39, 42, 43, 46, 48, 50]
    W4: [ 3,  6,  9, 12, 14, 16, 19, 21, 23, 25, 31, 32, 34, 35, 42, 46, 48, 52, 53] > [ 0,  1,  4,  7, 11, 13, 17, 20, 22, 27, 28, 37, 38, 41, 43, 44, 45, 50, 51]
    Truth table row=[<, =, >, =, >] ix=50 result=27- is correct

Test 26-:
    W0: [16, 17, 18, 19, 27, 28, 29, 31, 33, 34, 36, 38, 39, 40, 44, 48, 49, 52, 53] > [20, 21, 22, 23, 24, 25, 26, 30, 32, 35, 37, 41, 42, 43, 45, 46, 47, 50, 51]
    W1: [12, 15, 20, 21, 22, 23, 24, 44, 48, 49, 52, 53] = [11, 13, 14, 16, 17, 18, 19, 45, 46, 47, 50, 51]
    W2: [ 4,  5,  6,  7,  8, 10, 12, 15, 25, 26, 38, 39, 40, 45, 46, 52, 53] < [ 9, 13, 14, 16, 20, 21, 22, 23, 24, 27, 28, 29, 41, 42, 43, 44, 51]
    W3: [ 1,  2,  3, 10, 11, 15, 17, 18, 19, 20, 25, 26, 28, 29, 30, 36, 47, 51, 53] < [ 4,  5,  6,  9, 12, 14, 16, 23, 24, 31, 35, 37, 38, 39, 42, 43, 46, 48, 50]
    W4: [ 3,  6,  9, 12, 14, 16, 19, 21, 23, 25, 31, 32, 34, 35, 42, 46, 48, 52, 53] = [ 0,  1,  4,  7, 11, 13, 17, 20, 22, 27, 28, 37, 38, 41, 43, 44, 45, 50, 51]
    Truth table row=[>, =, <, <, =] ix=190 result=26- is correct

Test 25-:
    W0: [16, 17, 18, 19, 27, 28, 29, 31, 33, 34, 36, 38, 39, 40, 44, 48, 49, 52, 53] > [20, 21, 22, 23, 24, 25, 26, 30, 32, 35, 37, 41, 42, 43, 45, 46, 47, 50, 51]
    W1: [12, 15, 20, 21, 22, 23, 24, 44, 48, 49, 52, 53] = [11, 13, 14, 16, 17, 18, 19, 45, 46, 47, 50, 51]
    W2: [ 4,  5,  6,  7,  8, 10, 12, 15, 25, 26, 38, 39, 40, 45, 46, 52, 53] < [ 9, 13, 14, 16, 20, 21, 22, 23, 24, 27, 28, 29, 41, 42, 43, 44, 51]
    W3: [ 1,  2,  3, 10, 11, 15, 17, 18, 19, 20, 25, 26, 28, 29, 30, 36, 47, 51, 53] < [ 4,  5,  6,  9, 12, 14, 16, 23, 24, 31, 35, 37, 38, 39, 42, 43, 46, 48, 50]
    W4: [ 3,  6,  9, 12, 14, 16, 19, 21, 23, 25, 31, 32, 34, 35, 42, 46, 48, 52, 53] < [ 0,  1,  4,  7, 11, 13, 17, 20, 22, 27, 28, 37, 38, 41, 43, 44, 45, 50, 51]
    Truth table row=[>, =, <, <, <] ix=189 result=25- is correct

Test 24-:
    W0: [16, 17, 18, 19, 27, 28, 29, 31, 33, 34, 36, 38, 39, 40, 44, 48, 49, 52, 53] > [20, 21, 22, 23, 24, 25, 26, 30, 32, 35, 37, 41, 42, 43, 45, 46, 47, 50, 51]
    W1: [12, 15, 20, 21, 22, 23, 24, 44, 48, 49, 52, 53] < [11, 13, 14, 16, 17, 18, 19, 45, 46, 47, 50, 51]
    W2: [ 4,  5,  6,  7,  8, 10, 12, 15, 25, 26, 38, 39, 40, 45, 46, 52, 53] > [ 9, 13, 14, 16, 20, 21, 22, 23, 24, 27, 28, 29, 41, 42, 43, 44, 51]
    W3: [ 1,  2,  3, 10, 11, 15, 17, 18, 19, 20, 25, 26, 28, 29, 30, 36, 47, 51, 53] > [ 4,  5,  6,  9, 12, 14, 16, 23, 24, 31, 35, 37, 38, 39, 42, 43, 46, 48, 50]
    W4: [ 3,  6,  9, 12, 14, 16, 19, 21, 23, 25, 31, 32, 34, 35, 42, 46, 48, 52, 53] = [ 0,  1,  4,  7, 11, 13, 17, 20, 22, 27, 28, 37, 38, 41, 43, 44, 45, 50, 51]
    Truth table row=[>, <, >, >, =] ix=187 result=24- is correct

Test 23-:
    W0: [16, 17, 18, 19, 27, 28, 29, 31, 33, 34, 36, 38, 39, 40, 44, 48, 49, 52, 53] > [20, 21, 22, 23, 24, 25, 26, 30, 32, 35, 37, 41, 42, 43, 45, 46, 47, 50, 51]
    W1: [12, 15, 20, 21, 22, 23, 24, 44, 48, 49, 52, 53] < [11, 13, 14, 16, 17, 18, 19, 45, 46, 47, 50, 51]
    W2: [ 4,  5,  6,  7,  8, 10, 12, 15, 25, 26, 38, 39, 40, 45, 46, 52, 53] > [ 9, 13, 14, 16, 20, 21, 22, 23, 24, 27, 28, 29, 41, 42, 43, 44, 51]
    W3: [ 1,  2,  3, 10, 11, 15, 17, 18, 19, 20, 25, 26, 28, 29, 30, 36, 47, 51, 53] > [ 4,  5,  6,  9, 12, 14, 16, 23, 24, 31, 35, 37, 38, 39, 42, 43, 46, 48, 50]
    W4: [ 3,  6,  9, 12, 14, 16, 19, 21, 23, 25, 31, 32, 34, 35, 42, 46, 48, 52, 53] < [ 0,  1,  4,  7, 11, 13, 17, 20, 22, 27, 28, 37, 38, 41, 43, 44, 45, 50, 51]
    Truth table row=[>, <, >, >, <] ix=186 result=23- is correct

Test 22-:
    W0: [16, 17, 18, 19, 27, 28, 29, 31, 33, 34, 36, 38, 39, 40, 44, 48, 49, 52, 53] > [20, 21, 22, 23, 24, 25, 26, 30, 32, 35, 37, 41, 42, 43, 45, 46, 47, 50, 51]
    W1: [12, 15, 20, 21, 22, 23, 24, 44, 48, 49, 52, 53] < [11, 13, 14, 16, 17, 18, 19, 45, 46, 47, 50, 51]
    W2: [ 4,  5,  6,  7,  8, 10, 12, 15, 25, 26, 38, 39, 40, 45, 46, 52, 53] > [ 9, 13, 14, 16, 20, 21, 22, 23, 24, 27, 28, 29, 41, 42, 43, 44, 51]
    W3: [ 1,  2,  3, 10, 11, 15, 17, 18, 19, 20, 25, 26, 28, 29, 30, 36, 47, 51, 53] = [ 4,  5,  6,  9, 12, 14, 16, 23, 24, 31, 35, 37, 38, 39, 42, 43, 46, 48, 50]
    W4: [ 3,  6,  9, 12, 14, 16, 19, 21, 23, 25, 31, 32, 34, 35, 42, 46, 48, 52, 53] > [ 0,  1,  4,  7, 11, 13, 17, 20, 22, 27, 28, 37, 38, 41, 43, 44, 45, 50, 51]
    Truth table row=[>, <, >, =, >] ix=185 result=22- is correct

Test 21-:
    W0: [16, 17, 18, 19, 27, 28, 29, 31, 33, 34, 36, 38, 39, 40, 44, 48, 49, 52, 53] > [20, 21, 22, 23, 24, 25, 26, 30, 32, 35, 37, 41, 42, 43, 45, 46, 47, 50, 51]
    W1: [12, 15, 20, 21, 22, 23, 24, 44, 48, 49, 52, 53] < [11, 13, 14, 16, 17, 18, 19, 45, 46, 47, 50, 51]
    W2: [ 4,  5,  6,  7,  8, 10, 12, 15, 25, 26, 38, 39, 40, 45, 46, 52, 53] > [ 9, 13, 14, 16, 20, 21, 22, 23, 24, 27, 28, 29, 41, 42, 43, 44, 51]
    W3: [ 1,  2,  3, 10, 11, 15, 17, 18, 19, 20, 25, 26, 28, 29, 30, 36, 47, 51, 53] = [ 4,  5,  6,  9, 12, 14, 16, 23, 24, 31, 35, 37, 38, 39, 42, 43, 46, 48, 50]
    W4: [ 3,  6,  9, 12, 14, 16, 19, 21, 23, 25, 31, 32, 34, 35, 42, 46, 48, 52, 53] < [ 0,  1,  4,  7, 11, 13, 17, 20, 22, 27, 28, 37, 38, 41, 43, 44, 45, 50, 51]
    Truth table row=[>, <, >, =, <] ix=183 result=21- is correct

Test 20-:
    W0: [16, 17, 18, 19, 27, 28, 29, 31, 33, 34, 36, 38, 39, 40, 44, 48, 49, 52, 53] > [20, 21, 22, 23, 24, 25, 26, 30, 32, 35, 37, 41, 42, 43, 45, 46, 47, 50, 51]
    W1: [12, 15, 20, 21, 22, 23, 24, 44, 48, 49, 52, 53] < [11, 13, 14, 16, 17, 18, 19, 45, 46, 47, 50, 51]
    W2: [ 4,  5,  6,  7,  8, 10, 12, 15, 25, 26, 38, 39, 40, 45, 46, 52, 53] > [ 9, 13, 14, 16, 20, 21, 22, 23, 24, 27, 28, 29, 41, 42, 43, 44, 51]
    W3: [ 1,  2,  3, 10, 11, 15, 17, 18, 19, 20, 25, 26, 28, 29, 30, 36, 47, 51, 53] < [ 4,  5,  6,  9, 12, 14, 16, 23, 24, 31, 35, 37, 38, 39, 42, 43, 46, 48, 50]
    W4: [ 3,  6,  9, 12, 14, 16, 19, 21, 23, 25, 31, 32, 34, 35, 42, 46, 48, 52, 53] > [ 0,  1,  4,  7, 11, 13, 17, 20, 22, 27, 28, 37, 38, 41, 43, 44, 45, 50, 51]
    Truth table row=[>, <, >, <, >] ix=182 result=20- is correct

Test 19-:
    W0: [16, 17, 18, 19, 27, 28, 29, 31, 33, 34, 36, 38, 39, 40, 44, 48, 49, 52, 53] < [20, 21, 22, 23, 24, 25, 26, 30, 32, 35, 37, 41, 42, 43, 45, 46, 47, 50, 51]
    W1: [12, 15, 20, 21, 22, 23, 24, 44, 48, 49, 52, 53] > [11, 13, 14, 16, 17, 18, 19, 45, 46, 47, 50, 51]
    W2: [ 4,  5,  6,  7,  8, 10, 12, 15, 25, 26, 38, 39, 40, 45, 46, 52, 53] = [ 9, 13, 14, 16, 20, 21, 22, 23, 24, 27, 28, 29, 41, 42, 43, 44, 51]
    W3: [ 1,  2,  3, 10, 11, 15, 17, 18, 19, 20, 25, 26, 28, 29, 30, 36, 47, 51, 53] < [ 4,  5,  6,  9, 12, 14, 16, 23, 24, 31, 35, 37, 38, 39, 42, 43, 46, 48, 50]
    W4: [ 3,  6,  9, 12, 14, 16, 19, 21, 23, 25, 31, 32, 34, 35, 42, 46, 48, 52, 53] < [ 0,  1,  4,  7, 11, 13, 17, 20, 22, 27, 28, 37, 38, 41, 43, 44, 45, 50, 51]
    Truth table row=[<, >, =, <, <] ix=63 result=19- is correct

Test 18-:
    W0: [16, 17, 18, 19, 27, 28, 29, 31, 33, 34, 36, 38, 39, 40, 44, 48, 49, 52, 53] < [20, 21, 22, 23, 24, 25, 26, 30, 32, 35, 37, 41, 42, 43, 45, 46, 47, 50, 51]
    W1: [12, 15, 20, 21, 22, 23, 24, 44, 48, 49, 52, 53] > [11, 13, 14, 16, 17, 18, 19, 45, 46, 47, 50, 51]
    W2: [ 4,  5,  6,  7,  8, 10, 12, 15, 25, 26, 38, 39, 40, 45, 46, 52, 53] = [ 9, 13, 14, 16, 20, 21, 22, 23, 24, 27, 28, 29, 41, 42, 43, 44, 51]
    W3: [ 1,  2,  3, 10, 11, 15, 17, 18, 19, 20, 25, 26, 28, 29, 30, 36, 47, 51, 53] < [ 4,  5,  6,  9, 12, 14, 16, 23, 24, 31, 35, 37, 38, 39, 42, 43, 46, 48, 50]
    W4: [ 3,  6,  9, 12, 14, 16, 19, 21, 23, 25, 31, 32, 34, 35, 42, 46, 48, 52, 53] = [ 0,  1,  4,  7, 11, 13, 17, 20, 22, 27, 28, 37, 38, 41, 43, 44, 45, 50, 51]
    Truth table row=[<, >, =, <, =] ix=64 result=18- is correct

Test 17-:
    W0: [16, 17, 18, 19, 27, 28, 29, 31, 33, 34, 36, 38, 39, 40, 44, 48, 49, 52, 53] < [20, 21, 22, 23, 24, 25, 26, 30, 32, 35, 37, 41, 42, 43, 45, 46, 47, 50, 51]
    W1: [12, 15, 20, 21, 22, 23, 24, 44, 48, 49, 52, 53] > [11, 13, 14, 16, 17, 18, 19, 45, 46, 47, 50, 51]
    W2: [ 4,  5,  6,  7,  8, 10, 12, 15, 25, 26, 38, 39, 40, 45, 46, 52, 53] = [ 9, 13, 14, 16, 20, 21, 22, 23, 24, 27, 28, 29, 41, 42, 43, 44, 51]
    W3: [ 1,  2,  3, 10, 11, 15, 17, 18, 19, 20, 25, 26, 28, 29, 30, 36, 47, 51, 53] < [ 4,  5,  6,  9, 12, 14, 16, 23, 24, 31, 35, 37, 38, 39, 42, 43, 46, 48, 50]
    W4: [ 3,  6,  9, 12, 14, 16, 19, 21, 23, 25, 31, 32, 34, 35, 42, 46, 48, 52, 53] > [ 0,  1,  4,  7, 11, 13, 17, 20, 22, 27, 28, 37, 38, 41, 43, 44, 45, 50, 51]
    Truth table row=[<, >, =, <, >] ix=65 result=17- is correct

Test 16-:
    W0: [16, 17, 18, 19, 27, 28, 29, 31, 33, 34, 36, 38, 39, 40, 44, 48, 49, 52, 53] < [20, 21, 22, 23, 24, 25, 26, 30, 32, 35, 37, 41, 42, 43, 45, 46, 47, 50, 51]
    W1: [12, 15, 20, 21, 22, 23, 24, 44, 48, 49, 52, 53] > [11, 13, 14, 16, 17, 18, 19, 45, 46, 47, 50, 51]
    W2: [ 4,  5,  6,  7,  8, 10, 12, 15, 25, 26, 38, 39, 40, 45, 46, 52, 53] > [ 9, 13, 14, 16, 20, 21, 22, 23, 24, 27, 28, 29, 41, 42, 43, 44, 51]
    W3: [ 1,  2,  3, 10, 11, 15, 17, 18, 19, 20, 25, 26, 28, 29, 30, 36, 47, 51, 53] > [ 4,  5,  6,  9, 12, 14, 16, 23, 24, 31, 35, 37, 38, 39, 42, 43, 46, 48, 50]
    W4: [ 3,  6,  9, 12, 14, 16, 19, 21, 23, 25, 31, 32, 34, 35, 42, 46, 48, 52, 53] < [ 0,  1,  4,  7, 11, 13, 17, 20, 22, 27, 28, 37, 38, 41, 43, 44, 45, 50, 51]
    Truth table row=[<, >, >, >, <] ix=78 result=16- is correct

Test 15-:
    W0: [16, 17, 18, 19, 27, 28, 29, 31, 33, 34, 36, 38, 39, 40, 44, 48, 49, 52, 53] = [20, 21, 22, 23, 24, 25, 26, 30, 32, 35, 37, 41, 42, 43, 45, 46, 47, 50, 51]
    W1: [12, 15, 20, 21, 22, 23, 24, 44, 48, 49, 52, 53] < [11, 13, 14, 16, 17, 18, 19, 45, 46, 47, 50, 51]
    W2: [ 4,  5,  6,  7,  8, 10, 12, 15, 25, 26, 38, 39, 40, 45, 46, 52, 53] < [ 9, 13, 14, 16, 20, 21, 22, 23, 24, 27, 28, 29, 41, 42, 43, 44, 51]
    W3: [ 1,  2,  3, 10, 11, 15, 17, 18, 19, 20, 25, 26, 28, 29, 30, 36, 47, 51, 53] < [ 4,  5,  6,  9, 12, 14, 16, 23, 24, 31, 35, 37, 38, 39, 42, 43, 46, 48, 50]
    W4: [ 3,  6,  9, 12, 14, 16, 19, 21, 23, 25, 31, 32, 34, 35, 42, 46, 48, 52, 53] = [ 0,  1,  4,  7, 11, 13, 17, 20, 22, 27, 28, 37, 38, 41, 43, 44, 45, 50, 51]
    Truth table row=[=, <, <, <, =] ix=82 result=15- is correct

Test 14-:
    W0: [16, 17, 18, 19, 27, 28, 29, 31, 33, 34, 36, 38, 39, 40, 44, 48, 49, 52, 53] = [20, 21, 22, 23, 24, 25, 26, 30, 32, 35, 37, 41, 42, 43, 45, 46, 47, 50, 51]
    W1: [12, 15, 20, 21, 22, 23, 24, 44, 48, 49, 52, 53] > [11, 13, 14, 16, 17, 18, 19, 45, 46, 47, 50, 51]
    W2: [ 4,  5,  6,  7,  8, 10, 12, 15, 25, 26, 38, 39, 40, 45, 46, 52, 53] > [ 9, 13, 14, 16, 20, 21, 22, 23, 24, 27, 28, 29, 41, 42, 43, 44, 51]
    W3: [ 1,  2,  3, 10, 11, 15, 17, 18, 19, 20, 25, 26, 28, 29, 30, 36, 47, 51, 53] > [ 4,  5,  6,  9, 12, 14, 16, 23, 24, 31, 35, 37, 38, 39, 42, 43, 46, 48, 50]
    W4: [ 3,  6,  9, 12, 14, 16, 19, 21, 23, 25, 31, 32, 34, 35, 42, 46, 48, 52, 53] < [ 0,  1,  4,  7, 11, 13, 17, 20, 22, 27, 28, 37, 38, 41, 43, 44, 45, 50, 51]
    Truth table row=[=, >, >, >, <] ix=159 result=14- is correct

Test 13-:
    W0: [16, 17, 18, 19, 27, 28, 29, 31, 33, 34, 36, 38, 39, 40, 44, 48, 49, 52, 53] = [20, 21, 22, 23, 24, 25, 26, 30, 32, 35, 37, 41, 42, 43, 45, 46, 47, 50, 51]
    W1: [12, 15, 20, 21, 22, 23, 24, 44, 48, 49, 52, 53] > [11, 13, 14, 16, 17, 18, 19, 45, 46, 47, 50, 51]
    W2: [ 4,  5,  6,  7,  8, 10, 12, 15, 25, 26, 38, 39, 40, 45, 46, 52, 53] > [ 9, 13, 14, 16, 20, 21, 22, 23, 24, 27, 28, 29, 41, 42, 43, 44, 51]
    W3: [ 1,  2,  3, 10, 11, 15, 17, 18, 19, 20, 25, 26, 28, 29, 30, 36, 47, 51, 53] = [ 4,  5,  6,  9, 12, 14, 16, 23, 24, 31, 35, 37, 38, 39, 42, 43, 46, 48, 50]
    W4: [ 3,  6,  9, 12, 14, 16, 19, 21, 23, 25, 31, 32, 34, 35, 42, 46, 48, 52, 53] > [ 0,  1,  4,  7, 11, 13, 17, 20, 22, 27, 28, 37, 38, 41, 43, 44, 45, 50, 51]
    Truth table row=[=, >, >, =, >] ix=158 result=13- is correct

Test 12-:
    W0: [16, 17, 18, 19, 27, 28, 29, 31, 33, 34, 36, 38, 39, 40, 44, 48, 49, 52, 53] = [20, 21, 22, 23, 24, 25, 26, 30, 32, 35, 37, 41, 42, 43, 45, 46, 47, 50, 51]
    W1: [12, 15, 20, 21, 22, 23, 24, 44, 48, 49, 52, 53] < [11, 13, 14, 16, 17, 18, 19, 45, 46, 47, 50, 51]
    W2: [ 4,  5,  6,  7,  8, 10, 12, 15, 25, 26, 38, 39, 40, 45, 46, 52, 53] < [ 9, 13, 14, 16, 20, 21, 22, 23, 24, 27, 28, 29, 41, 42, 43, 44, 51]
    W3: [ 1,  2,  3, 10, 11, 15, 17, 18, 19, 20, 25, 26, 28, 29, 30, 36, 47, 51, 53] > [ 4,  5,  6,  9, 12, 14, 16, 23, 24, 31, 35, 37, 38, 39, 42, 43, 46, 48, 50]
    W4: [ 3,  6,  9, 12, 14, 16, 19, 21, 23, 25, 31, 32, 34, 35, 42, 46, 48, 52, 53] < [ 0,  1,  4,  7, 11, 13, 17, 20, 22, 27, 28, 37, 38, 41, 43, 44, 45, 50, 51]
    Truth table row=[=, <, <, >, <] ix=87 result=12- is correct

Test 11-:
    W0: [16, 17, 18, 19, 27, 28, 29, 31, 33, 34, 36, 38, 39, 40, 44, 48, 49, 52, 53] = [20, 21, 22, 23, 24, 25, 26, 30, 32, 35, 37, 41, 42, 43, 45, 46, 47, 50, 51]
    W1: [12, 15, 20, 21, 22, 23, 24, 44, 48, 49, 52, 53] > [11, 13, 14, 16, 17, 18, 19, 45, 46, 47, 50, 51]
    W2: [ 4,  5,  6,  7,  8, 10, 12, 15, 25, 26, 38, 39, 40, 45, 46, 52, 53] = [ 9, 13, 14, 16, 20, 21, 22, 23, 24, 27, 28, 29, 41, 42, 43, 44, 51]
    W3: [ 1,  2,  3, 10, 11, 15, 17, 18, 19, 20, 25, 26, 28, 29, 30, 36, 47, 51, 53] < [ 4,  5,  6,  9, 12, 14, 16, 23, 24, 31, 35, 37, 38, 39, 42, 43, 46, 48, 50]
    W4: [ 3,  6,  9, 12, 14, 16, 19, 21, 23, 25, 31, 32, 34, 35, 42, 46, 48, 52, 53] > [ 0,  1,  4,  7, 11, 13, 17, 20, 22, 27, 28, 37, 38, 41, 43, 44, 45, 50, 51]
    Truth table row=[=, >, =, <, >] ix=146 result=11- is correct

Test 10-:
    W0: [16, 17, 18, 19, 27, 28, 29, 31, 33, 34, 36, 38, 39, 40, 44, 48, 49, 52, 53] = [20, 21, 22, 23, 24, 25, 26, 30, 32, 35, 37, 41, 42, 43, 45, 46, 47, 50, 51]
    W1: [12, 15, 20, 21, 22, 23, 24, 44, 48, 49, 52, 53] = [11, 13, 14, 16, 17, 18, 19, 45, 46, 47, 50, 51]
    W2: [ 4,  5,  6,  7,  8, 10, 12, 15, 25, 26, 38, 39, 40, 45, 46, 52, 53] < [ 9, 13, 14, 16, 20, 21, 22, 23, 24, 27, 28, 29, 41, 42, 43, 44, 51]
    W3: [ 1,  2,  3, 10, 11, 15, 17, 18, 19, 20, 25, 26, 28, 29, 30, 36, 47, 51, 53] < [ 4,  5,  6,  9, 12, 14, 16, 23, 24, 31, 35, 37, 38, 39, 42, 43, 46, 48, 50]
    W4: [ 3,  6,  9, 12, 14, 16, 19, 21, 23, 25, 31, 32, 34, 35, 42, 46, 48, 52, 53] = [ 0,  1,  4,  7, 11, 13, 17, 20, 22, 27, 28, 37, 38, 41, 43, 44, 45, 50, 51]
    Truth table row=[=, =, <, <, =] ix=109 result=10- is correct

Test 9-:
    W0: [16, 17, 18, 19, 27, 28, 29, 31, 33, 34, 36, 38, 39, 40, 44, 48, 49, 52, 53] = [20, 21, 22, 23, 24, 25, 26, 30, 32, 35, 37, 41, 42, 43, 45, 46, 47, 50, 51]
    W1: [12, 15, 20, 21, 22, 23, 24, 44, 48, 49, 52, 53] = [11, 13, 14, 16, 17, 18, 19, 45, 46, 47, 50, 51]
    W2: [ 4,  5,  6,  7,  8, 10, 12, 15, 25, 26, 38, 39, 40, 45, 46, 52, 53] > [ 9, 13, 14, 16, 20, 21, 22, 23, 24, 27, 28, 29, 41, 42, 43, 44, 51]
    W3: [ 1,  2,  3, 10, 11, 15, 17, 18, 19, 20, 25, 26, 28, 29, 30, 36, 47, 51, 53] > [ 4,  5,  6,  9, 12, 14, 16, 23, 24, 31, 35, 37, 38, 39, 42, 43, 46, 48, 50]
    W4: [ 3,  6,  9, 12, 14, 16, 19, 21, 23, 25, 31, 32, 34, 35, 42, 46, 48, 52, 53] < [ 0,  1,  4,  7, 11, 13, 17, 20, 22, 27, 28, 37, 38, 41, 43, 44, 45, 50, 51]
    Truth table row=[=, =, >, >, <] ix=132 result=9- is correct

Test 8-:
    W0: [16, 17, 18, 19, 27, 28, 29, 31, 33, 34, 36, 38, 39, 40, 44, 48, 49, 52, 53] = [20, 21, 22, 23, 24, 25, 26, 30, 32, 35, 37, 41, 42, 43, 45, 46, 47, 50, 51]
    W1: [12, 15, 20, 21, 22, 23, 24, 44, 48, 49, 52, 53] = [11, 13, 14, 16, 17, 18, 19, 45, 46, 47, 50, 51]
    W2: [ 4,  5,  6,  7,  8, 10, 12, 15, 25, 26, 38, 39, 40, 45, 46, 52, 53] < [ 9, 13, 14, 16, 20, 21, 22, 23, 24, 27, 28, 29, 41, 42, 43, 44, 51]
    W3: [ 1,  2,  3, 10, 11, 15, 17, 18, 19, 20, 25, 26, 28, 29, 30, 36, 47, 51, 53] = [ 4,  5,  6,  9, 12, 14, 16, 23, 24, 31, 35, 37, 38, 39, 42, 43, 46, 48, 50]
    W4: [ 3,  6,  9, 12, 14, 16, 19, 21, 23, 25, 31, 32, 34, 35, 42, 46, 48, 52, 53] = [ 0,  1,  4,  7, 11, 13, 17, 20, 22, 27, 28, 37, 38, 41, 43, 44, 45, 50, 51]
    Truth table row=[=, =, <, =, =] ix=112 result=8- is correct

Test 7-:
    W0: [16, 17, 18, 19, 27, 28, 29, 31, 33, 34, 36, 38, 39, 40, 44, 48, 49, 52, 53] = [20, 21, 22, 23, 24, 25, 26, 30, 32, 35, 37, 41, 42, 43, 45, 46, 47, 50, 51]
    W1: [12, 15, 20, 21, 22, 23, 24, 44, 48, 49, 52, 53] = [11, 13, 14, 16, 17, 18, 19, 45, 46, 47, 50, 51]
    W2: [ 4,  5,  6,  7,  8, 10, 12, 15, 25, 26, 38, 39, 40, 45, 46, 52, 53] < [ 9, 13, 14, 16, 20, 21, 22, 23, 24, 27, 28, 29, 41, 42, 43, 44, 51]
    W3: [ 1,  2,  3, 10, 11, 15, 17, 18, 19, 20, 25, 26, 28, 29, 30, 36, 47, 51, 53] = [ 4,  5,  6,  9, 12, 14, 16, 23, 24, 31, 35, 37, 38, 39, 42, 43, 46, 48, 50]
    W4: [ 3,  6,  9, 12, 14, 16, 19, 21, 23, 25, 31, 32, 34, 35, 42, 46, 48, 52, 53] > [ 0,  1,  4,  7, 11, 13, 17, 20, 22, 27, 28, 37, 38, 41, 43, 44, 45, 50, 51]
    Truth table row=[=, =, <, =, >] ix=113 result=7- is correct

Test 6-:
    W0: [16, 17, 18, 19, 27, 28, 29, 31, 33, 34, 36, 38, 39, 40, 44, 48, 49, 52, 53] = [20, 21, 22, 23, 24, 25, 26, 30, 32, 35, 37, 41, 42, 43, 45, 46, 47, 50, 51]
    W1: [12, 15, 20, 21, 22, 23, 24, 44, 48, 49, 52, 53] = [11, 13, 14, 16, 17, 18, 19, 45, 46, 47, 50, 51]
    W2: [ 4,  5,  6,  7,  8, 10, 12, 15, 25, 26, 38, 39, 40, 45, 46, 52, 53] < [ 9, 13, 14, 16, 20, 21, 22, 23, 24, 27, 28, 29, 41, 42, 43, 44, 51]
    W3: [ 1,  2,  3, 10, 11, 15, 17, 18, 19, 20, 25, 26, 28, 29, 30, 36, 47, 51, 53] > [ 4,  5,  6,  9, 12, 14, 16, 23, 24, 31, 35, 37, 38, 39, 42, 43, 46, 48, 50]
    W4: [ 3,  6,  9, 12, 14, 16, 19, 21, 23, 25, 31, 32, 34, 35, 42, 46, 48, 52, 53] < [ 0,  1,  4,  7, 11, 13, 17, 20, 22, 27, 28, 37, 38, 41, 43, 44, 45, 50, 51]
    Truth table row=[=, =, <, >, <] ix=114 result=6- is correct

Test 5-:
    W0: [16, 17, 18, 19, 27, 28, 29, 31, 33, 34, 36, 38, 39, 40, 44, 48, 49, 52, 53] = [20, 21, 22, 23, 24, 25, 26, 30, 32, 35, 37, 41, 42, 43, 45, 46, 47, 50, 51]
    W1: [12, 15, 20, 21, 22, 23, 24, 44, 48, 49, 52, 53] = [11, 13, 14, 16, 17, 18, 19, 45, 46, 47, 50, 51]
    W2: [ 4,  5,  6,  7,  8, 10, 12, 15, 25, 26, 38, 39, 40, 45, 46, 52, 53] < [ 9, 13, 14, 16, 20, 21, 22, 23, 24, 27, 28, 29, 41, 42, 43, 44, 51]
    W3: [ 1,  2,  3, 10, 11, 15, 17, 18, 19, 20, 25, 26, 28, 29, 30, 36, 47, 51, 53] > [ 4,  5,  6,  9, 12, 14, 16, 23, 24, 31, 35, 37, 38, 39, 42, 43, 46, 48, 50]
    W4: [ 3,  6,  9, 12, 14, 16, 19, 21, 23, 25, 31, 32, 34, 35, 42, 46, 48, 52, 53] = [ 0,  1,  4,  7, 11, 13, 17, 20, 22, 27, 28, 37, 38, 41, 43, 44, 45, 50, 51]
    Truth table row=[=, =, <, >, =] ix=115 result=5- is correct

Test 4-:
    W0: [16, 17, 18, 19, 27, 28, 29, 31, 33, 34, 36, 38, 39, 40, 44, 48, 49, 52, 53] = [20, 21, 22, 23, 24, 25, 26, 30, 32, 35, 37, 41, 42, 43, 45, 46, 47, 50, 51]
    W1: [12, 15, 20, 21, 22, 23, 24, 44, 48, 49, 52, 53] = [11, 13, 14, 16, 17, 18, 19, 45, 46, 47, 50, 51]
    W2: [ 4,  5,  6,  7,  8, 10, 12, 15, 25, 26, 38, 39, 40, 45, 46, 52, 53] < [ 9, 13, 14, 16, 20, 21, 22, 23, 24, 27, 28, 29, 41, 42, 43, 44, 51]
    W3: [ 1,  2,  3, 10, 11, 15, 17, 18, 19, 20, 25, 26, 28, 29, 30, 36, 47, 51, 53] > [ 4,  5,  6,  9, 12, 14, 16, 23, 24, 31, 35, 37, 38, 39, 42, 43, 46, 48, 50]
    W4: [ 3,  6,  9, 12, 14, 16, 19, 21, 23, 25, 31, 32, 34, 35, 42, 46, 48, 52, 53] > [ 0,  1,  4,  7, 11, 13, 17, 20, 22, 27, 28, 37, 38, 41, 43, 44, 45, 50, 51]
    Truth table row=[=, =, <, >, >] ix=116 result=4- is correct

Test 3-:
    W0: [16, 17, 18, 19, 27, 28, 29, 31, 33, 34, 36, 38, 39, 40, 44, 48, 49, 52, 53] = [20, 21, 22, 23, 24, 25, 26, 30, 32, 35, 37, 41, 42, 43, 45, 46, 47, 50, 51]
    W1: [12, 15, 20, 21, 22, 23, 24, 44, 48, 49, 52, 53] = [11, 13, 14, 16, 17, 18, 19, 45, 46, 47, 50, 51]
    W2: [ 4,  5,  6,  7,  8, 10, 12, 15, 25, 26, 38, 39, 40, 45, 46, 52, 53] = [ 9, 13, 14, 16, 20, 21, 22, 23, 24, 27, 28, 29, 41, 42, 43, 44, 51]
    W3: [ 1,  2,  3, 10, 11, 15, 17, 18, 19, 20, 25, 26, 28, 29, 30, 36, 47, 51, 53] < [ 4,  5,  6,  9, 12, 14, 16, 23, 24, 31, 35, 37, 38, 39, 42, 43, 46, 48, 50]
    W4: [ 3,  6,  9, 12, 14, 16, 19, 21, 23, 25, 31, 32, 34, 35, 42, 46, 48, 52, 53] < [ 0,  1,  4,  7, 11, 13, 17, 20, 22, 27, 28, 37, 38, 41, 43, 44, 45, 50, 51]
    Truth table row=[=, =, =, <, <] ix=117 result=3- is correct

Test 2-:
    W0: [16, 17, 18, 19, 27, 28, 29, 31, 33, 34, 36, 38, 39, 40, 44, 48, 49, 52, 53] = [20, 21, 22, 23, 24, 25, 26, 30, 32, 35, 37, 41, 42, 43, 45, 46, 47, 50, 51]
    W1: [12, 15, 20, 21, 22, 23, 24, 44, 48, 49, 52, 53] = [11, 13, 14, 16, 17, 18, 19, 45, 46, 47, 50, 51]
    W2: [ 4,  5,  6,  7,  8, 10, 12, 15, 25, 26, 38, 39, 40, 45, 46, 52, 53] = [ 9, 13, 14, 16, 20, 21, 22, 23, 24, 27, 28, 29, 41, 42, 43, 44, 51]
    W3: [ 1,  2,  3, 10, 11, 15, 17, 18, 19, 20, 25, 26, 28, 29, 30, 36, 47, 51, 53] < [ 4,  5,  6,  9, 12, 14, 16, 23, 24, 31, 35, 37, 38, 39, 42, 43, 46, 48, 50]
    W4: [ 3,  6,  9, 12, 14, 16, 19, 21, 23, 25, 31, 32, 34, 35, 42, 46, 48, 52, 53] = [ 0,  1,  4,  7, 11, 13, 17, 20, 22, 27, 28, 37, 38, 41, 43, 44, 45, 50, 51]
    Truth table row=[=, =, =, <, =] ix=118 result=2- is correct

Test 1-:
    W0: [16, 17, 18, 19, 27, 28, 29, 31, 33, 34, 36, 38, 39, 40, 44, 48, 49, 52, 53] = [20, 21, 22, 23, 24, 25, 26, 30, 32, 35, 37, 41, 42, 43, 45, 46, 47, 50, 51]
    W1: [12, 15, 20, 21, 22, 23, 24, 44, 48, 49, 52, 53] = [11, 13, 14, 16, 17, 18, 19, 45, 46, 47, 50, 51]
    W2: [ 4,  5,  6,  7,  8, 10, 12, 15, 25, 26, 38, 39, 40, 45, 46, 52, 53] = [ 9, 13, 14, 16, 20, 21, 22, 23, 24, 27, 28, 29, 41, 42, 43, 44, 51]
    W3: [ 1,  2,  3, 10, 11, 15, 17, 18, 19, 20, 25, 26, 28, 29, 30, 36, 47, 51, 53] < [ 4,  5,  6,  9, 12, 14, 16, 23, 24, 31, 35, 37, 38, 39, 42, 43, 46, 48, 50]
    W4: [ 3,  6,  9, 12, 14, 16, 19, 21, 23, 25, 31, 32, 34, 35, 42, 46, 48, 52, 53] > [ 0,  1,  4,  7, 11, 13, 17, 20, 22, 27, 28, 37, 38, 41, 43, 44, 45, 50, 51]
    Truth table row=[=, =, =, <, >] ix=119 result=1- is correct

Test 0-:
    W0: [16, 17, 18, 19, 27, 28, 29, 31, 33, 34, 36, 38, 39, 40, 44, 48, 49, 52, 53] = [20, 21, 22, 23, 24, 25, 26, 30, 32, 35, 37, 41, 42, 43, 45, 46, 47, 50, 51]
    W1: [12, 15, 20, 21, 22, 23, 24, 44, 48, 49, 52, 53] = [11, 13, 14, 16, 17, 18, 19, 45, 46, 47, 50, 51]
    W2: [ 4,  5,  6,  7,  8, 10, 12, 15, 25, 26, 38, 39, 40, 45, 46, 52, 53] = [ 9, 13, 14, 16, 20, 21, 22, 23, 24, 27, 28, 29, 41, 42, 43, 44, 51]
    W3: [ 1,  2,  3, 10, 11, 15, 17, 18, 19, 20, 25, 26, 28, 29, 30, 36, 47, 51, 53] = [ 4,  5,  6,  9, 12, 14, 16, 23, 24, 31, 35, 37, 38, 39, 42, 43, 46, 48, 50]
    W4: [ 3,  6,  9, 12, 14, 16, 19, 21, 23, 25, 31, 32, 34, 35, 42, 46, 48, 52, 53] > [ 0,  1,  4,  7, 11, 13, 17, 20, 22, 27, 28, 37, 38, 41, 43, 44, 45, 50, 51]
    Truth table row=[=, =, =, =, >] ix=122 result=0- is correct

Test 0+:
    W0: [16, 17, 18, 19, 27, 28, 29, 31, 33, 34, 36, 38, 39, 40, 44, 48, 49, 52, 53] = [20, 21, 22, 23, 24, 25, 26, 30, 32, 35, 37, 41, 42, 43, 45, 46, 47, 50, 51]
    W1: [12, 15, 20, 21, 22, 23, 24, 44, 48, 49, 52, 53] = [11, 13, 14, 16, 17, 18, 19, 45, 46, 47, 50, 51]
    W2: [ 4,  5,  6,  7,  8, 10, 12, 15, 25, 26, 38, 39, 40, 45, 46, 52, 53] = [ 9, 13, 14, 16, 20, 21, 22, 23, 24, 27, 28, 29, 41, 42, 43, 44, 51]
    W3: [ 1,  2,  3, 10, 11, 15, 17, 18, 19, 20, 25, 26, 28, 29, 30, 36, 47, 51, 53] = [ 4,  5,  6,  9, 12, 14, 16, 23, 24, 31, 35, 37, 38, 39, 42, 43, 46, 48, 50]
    W4: [ 3,  6,  9, 12, 14, 16, 19, 21, 23, 25, 31, 32, 34, 35, 42, 46, 48, 52, 53] < [ 0,  1,  4,  7, 11, 13, 17, 20, 22, 27, 28, 37, 38, 41, 43, 44, 45, 50, 51]
    Truth table row=[=, =, =, =, <] ix=120 result=0+ is correct

Test 1+:
    W0: [16, 17, 18, 19, 27, 28, 29, 31, 33, 34, 36, 38, 39, 40, 44, 48, 49, 52, 53] = [20, 21, 22, 23, 24, 25, 26, 30, 32, 35, 37, 41, 42, 43, 45, 46, 47, 50, 51]
    W1: [12, 15, 20, 21, 22, 23, 24, 44, 48, 49, 52, 53] = [11, 13, 14, 16, 17, 18, 19, 45, 46, 47, 50, 51]
    W2: [ 4,  5,  6,  7,  8, 10, 12, 15, 25, 26, 38, 39, 40, 45, 46, 52, 53] = [ 9, 13, 14, 16, 20, 21, 22, 23, 24, 27, 28, 29, 41, 42, 43, 44, 51]
    W3: [ 1,  2,  3, 10, 11, 15, 17, 18, 19, 20, 25, 26, 28, 29, 30, 36, 47, 51, 53] > [ 4,  5,  6,  9, 12, 14, 16, 23, 24, 31, 35, 37, 38, 39, 42, 43, 46, 48, 50]
    W4: [ 3,  6,  9, 12, 14, 16, 19, 21, 23, 25, 31, 32, 34, 35, 42, 46, 48, 52, 53] < [ 0,  1,  4,  7, 11, 13, 17, 20, 22, 27, 28, 37, 38, 41, 43, 44, 45, 50, 51]
    Truth table row=[=, =, =, >, <] ix=123 result=1+ is correct

Test 2+:
    W0: [16, 17, 18, 19, 27, 28, 29, 31, 33, 34, 36, 38, 39, 40, 44, 48, 49, 52, 53] = [20, 21, 22, 23, 24, 25, 26, 30, 32, 35, 37, 41, 42, 43, 45, 46, 47, 50, 51]
    W1: [12, 15, 20, 21, 22, 23, 24, 44, 48, 49, 52, 53] = [11, 13, 14, 16, 17, 18, 19, 45, 46, 47, 50, 51]
    W2: [ 4,  5,  6,  7,  8, 10, 12, 15, 25, 26, 38, 39, 40, 45, 46, 52, 53] = [ 9, 13, 14, 16, 20, 21, 22, 23, 24, 27, 28, 29, 41, 42, 43, 44, 51]
    W3: [ 1,  2,  3, 10, 11, 15, 17, 18, 19, 20, 25, 26, 28, 29, 30, 36, 47, 51, 53] > [ 4,  5,  6,  9, 12, 14, 16, 23, 24, 31, 35, 37, 38, 39, 42, 43, 46, 48, 50]
    W4: [ 3,  6,  9, 12, 14, 16, 19, 21, 23, 25, 31, 32, 34, 35, 42, 46, 48, 52, 53] = [ 0,  1,  4,  7, 11, 13, 17, 20, 22, 27, 28, 37, 38, 41, 43, 44, 45, 50, 51]
    Truth table row=[=, =, =, >, =] ix=124 result=2+ is correct

Test 3+:
    W0: [16, 17, 18, 19, 27, 28, 29, 31, 33, 34, 36, 38, 39, 40, 44, 48, 49, 52, 53] = [20, 21, 22, 23, 24, 25, 26, 30, 32, 35, 37, 41, 42, 43, 45, 46, 47, 50, 51]
    W1: [12, 15, 20, 21, 22, 23, 24, 44, 48, 49, 52, 53] = [11, 13, 14, 16, 17, 18, 19, 45, 46, 47, 50, 51]
    W2: [ 4,  5,  6,  7,  8, 10, 12, 15, 25, 26, 38, 39, 40, 45, 46, 52, 53] = [ 9, 13, 14, 16, 20, 21, 22, 23, 24, 27, 28, 29, 41, 42, 43, 44, 51]
    W3: [ 1,  2,  3, 10, 11, 15, 17, 18, 19, 20, 25, 26, 28, 29, 30, 36, 47, 51, 53] > [ 4,  5,  6,  9, 12, 14, 16, 23, 24, 31, 35, 37, 38, 39, 42, 43, 46, 48, 50]
    W4: [ 3,  6,  9, 12, 14, 16, 19, 21, 23, 25, 31, 32, 34, 35, 42, 46, 48, 52, 53] > [ 0,  1,  4,  7, 11, 13, 17, 20, 22, 27, 28, 37, 38, 41, 43, 44, 45, 50, 51]
    Truth table row=[=, =, =, >, >] ix=125 result=3+ is correct

Test 4+:
    W0: [16, 17, 18, 19, 27, 28, 29, 31, 33, 34, 36, 38, 39, 40, 44, 48, 49, 52, 53] = [20, 21, 22, 23, 24, 25, 26, 30, 32, 35, 37, 41, 42, 43, 45, 46, 47, 50, 51]
    W1: [12, 15, 20, 21, 22, 23, 24, 44, 48, 49, 52, 53] = [11, 13, 14, 16, 17, 18, 19, 45, 46, 47, 50, 51]
    W2: [ 4,  5,  6,  7,  8, 10, 12, 15, 25, 26, 38, 39, 40, 45, 46, 52, 53] > [ 9, 13, 14, 16, 20, 21, 22, 23, 24, 27, 28, 29, 41, 42, 43, 44, 51]
    W3: [ 1,  2,  3, 10, 11, 15, 17, 18, 19, 20, 25, 26, 28, 29, 30, 36, 47, 51, 53] < [ 4,  5,  6,  9, 12, 14, 16, 23, 24, 31, 35, 37, 38, 39, 42, 43, 46, 48, 50]
    W4: [ 3,  6,  9, 12, 14, 16, 19, 21, 23, 25, 31, 32, 34, 35, 42, 46, 48, 52, 53] < [ 0,  1,  4,  7, 11, 13, 17, 20, 22, 27, 28, 37, 38, 41, 43, 44, 45, 50, 51]
    Truth table row=[=, =, >, <, <] ix=126 result=4+ is correct

Test 5+:
    W0: [16, 17, 18, 19, 27, 28, 29, 31, 33, 34, 36, 38, 39, 40, 44, 48, 49, 52, 53] = [20, 21, 22, 23, 24, 25, 26, 30, 32, 35, 37, 41, 42, 43, 45, 46, 47, 50, 51]
    W1: [12, 15, 20, 21, 22, 23, 24, 44, 48, 49, 52, 53] = [11, 13, 14, 16, 17, 18, 19, 45, 46, 47, 50, 51]
    W2: [ 4,  5,  6,  7,  8, 10, 12, 15, 25, 26, 38, 39, 40, 45, 46, 52, 53] > [ 9, 13, 14, 16, 20, 21, 22, 23, 24, 27, 28, 29, 41, 42, 43, 44, 51]
    W3: [ 1,  2,  3, 10, 11, 15, 17, 18, 19, 20, 25, 26, 28, 29, 30, 36, 47, 51, 53] < [ 4,  5,  6,  9, 12, 14, 16, 23, 24, 31, 35, 37, 38, 39, 42, 43, 46, 48, 50]
    W4: [ 3,  6,  9, 12, 14, 16, 19, 21, 23, 25, 31, 32, 34, 35, 42, 46, 48, 52, 53] = [ 0,  1,  4,  7, 11, 13, 17, 20, 22, 27, 28, 37, 38, 41, 43, 44, 45, 50, 51]
    Truth table row=[=, =, >, <, =] ix=127 result=5+ is correct

Test 6+:
    W0: [16, 17, 18, 19, 27, 28, 29, 31, 33, 34, 36, 38, 39, 40, 44, 48, 49, 52, 53] = [20, 21, 22, 23, 24, 25, 26, 30, 32, 35, 37, 41, 42, 43, 45, 46, 47, 50, 51]
    W1: [12, 15, 20, 21, 22, 23, 24, 44, 48, 49, 52, 53] = [11, 13, 14, 16, 17, 18, 19, 45, 46, 47, 50, 51]
    W2: [ 4,  5,  6,  7,  8, 10, 12, 15, 25, 26, 38, 39, 40, 45, 46, 52, 53] > [ 9, 13, 14, 16, 20, 21, 22, 23, 24, 27, 28, 29, 41, 42, 43, 44, 51]
    W3: [ 1,  2,  3, 10, 11, 15, 17, 18, 19, 20, 25, 26, 28, 29, 30, 36, 47, 51, 53] < [ 4,  5,  6,  9, 12, 14, 16, 23, 24, 31, 35, 37, 38, 39, 42, 43, 46, 48, 50]
    W4: [ 3,  6,  9, 12, 14, 16, 19, 21, 23, 25, 31, 32, 34, 35, 42, 46, 48, 52, 53] > [ 0,  1,  4,  7, 11, 13, 17, 20, 22, 27, 28, 37, 38, 41, 43, 44, 45, 50, 51]
    Truth table row=[=, =, >, <, >] ix=128 result=6+ is correct

Test 7+:
    W0: [16, 17, 18, 19, 27, 28, 29, 31, 33, 34, 36, 38, 39, 40, 44, 48, 49, 52, 53] = [20, 21, 22, 23, 24, 25, 26, 30, 32, 35, 37, 41, 42, 43, 45, 46, 47, 50, 51]
    W1: [12, 15, 20, 21, 22, 23, 24, 44, 48, 49, 52, 53] = [11, 13, 14, 16, 17, 18, 19, 45, 46, 47, 50, 51]
    W2: [ 4,  5,  6,  7,  8, 10, 12, 15, 25, 26, 38, 39, 40, 45, 46, 52, 53] > [ 9, 13, 14, 16, 20, 21, 22, 23, 24, 27, 28, 29, 41, 42, 43, 44, 51]
    W3: [ 1,  2,  3, 10, 11, 15, 17, 18, 19, 20, 25, 26, 28, 29, 30, 36, 47, 51, 53] = [ 4,  5,  6,  9, 12, 14, 16, 23, 24, 31, 35, 37, 38, 39, 42, 43, 46, 48, 50]
    W4: [ 3,  6,  9, 12, 14, 16, 19, 21, 23, 25, 31, 32, 34, 35, 42, 46, 48, 52, 53] < [ 0,  1,  4,  7, 11, 13, 17, 20, 22, 27, 28, 37, 38, 41, 43, 44, 45, 50, 51]
    Truth table row=[=, =, >, =, <] ix=129 result=7+ is correct

Test 8+:
    W0: [16, 17, 18, 19, 27, 28, 29, 31, 33, 34, 36, 38, 39, 40, 44, 48, 49, 52, 53] = [20, 21, 22, 23, 24, 25, 26, 30, 32, 35, 37, 41, 42, 43, 45, 46, 47, 50, 51]
    W1: [12, 15, 20, 21, 22, 23, 24, 44, 48, 49, 52, 53] = [11, 13, 14, 16, 17, 18, 19, 45, 46, 47, 50, 51]
    W2: [ 4,  5,  6,  7,  8, 10, 12, 15, 25, 26, 38, 39, 40, 45, 46, 52, 53] > [ 9, 13, 14, 16, 20, 21, 22, 23, 24, 27, 28, 29, 41, 42, 43, 44, 51]
    W3: [ 1,  2,  3, 10, 11, 15, 17, 18, 19, 20, 25, 26, 28, 29, 30, 36, 47, 51, 53] = [ 4,  5,  6,  9, 12, 14, 16, 23, 24, 31, 35, 37, 38, 39, 42, 43, 46, 48, 50]
    W4: [ 3,  6,  9, 12, 14, 16, 19, 21, 23, 25, 31, 32, 34, 35, 42, 46, 48, 52, 53] = [ 0,  1,  4,  7, 11, 13, 17, 20, 22, 27, 28, 37, 38, 41, 43, 44, 45, 50, 51]
    Truth table row=[=, =, >, =, =] ix=130 result=8+ is correct

Test 9+:
    W0: [16, 17, 18, 19, 27, 28, 29, 31, 33, 34, 36, 38, 39, 40, 44, 48, 49, 52, 53] = [20, 21, 22, 23, 24, 25, 26, 30, 32, 35, 37, 41, 42, 43, 45, 46, 47, 50, 51]
    W1: [12, 15, 20, 21, 22, 23, 24, 44, 48, 49, 52, 53] = [11, 13, 14, 16, 17, 18, 19, 45, 46, 47, 50, 51]
    W2: [ 4,  5,  6,  7,  8, 10, 12, 15, 25, 26, 38, 39, 40, 45, 46, 52, 53] < [ 9, 13, 14, 16, 20, 21, 22, 23, 24, 27, 28, 29, 41, 42, 43, 44, 51]
    W3: [ 1,  2,  3, 10, 11, 15, 17, 18, 19, 20, 25, 26, 28, 29, 30, 36, 47, 51, 53] < [ 4,  5,  6,  9, 12, 14, 16, 23, 24, 31, 35, 37, 38, 39, 42, 43, 46, 48, 50]
    W4: [ 3,  6,  9, 12, 14, 16, 19, 21, 23, 25, 31, 32, 34, 35, 42, 46, 48, 52, 53] > [ 0,  1,  4,  7, 11, 13, 17, 20, 22, 27, 28, 37, 38, 41, 43, 44, 45, 50, 51]
    Truth table row=[=, =, <, <, >] ix=110 result=9+ is correct

Test 10+:
    W0: [16, 17, 18, 19, 27, 28, 29, 31, 33, 34, 36, 38, 39, 40, 44, 48, 49, 52, 53] = [20, 21, 22, 23, 24, 25, 26, 30, 32, 35, 37, 41, 42, 43, 45, 46, 47, 50, 51]
    W1: [12, 15, 20, 21, 22, 23, 24, 44, 48, 49, 52, 53] = [11, 13, 14, 16, 17, 18, 19, 45, 46, 47, 50, 51]
    W2: [ 4,  5,  6,  7,  8, 10, 12, 15, 25, 26, 38, 39, 40, 45, 46, 52, 53] > [ 9, 13, 14, 16, 20, 21, 22, 23, 24, 27, 28, 29, 41, 42, 43, 44, 51]
    W3: [ 1,  2,  3, 10, 11, 15, 17, 18, 19, 20, 25, 26, 28, 29, 30, 36, 47, 51, 53] > [ 4,  5,  6,  9, 12, 14, 16, 23, 24, 31, 35, 37, 38, 39, 42, 43, 46, 48, 50]
    W4: [ 3,  6,  9, 12, 14, 16, 19, 21, 23, 25, 31, 32, 34, 35, 42, 46, 48, 52, 53] = [ 0,  1,  4,  7, 11, 13, 17, 20, 22, 27, 28, 37, 38, 41, 43, 44, 45, 50, 51]
    Truth table row=[=, =, >, >, =] ix=133 result=10+ is correct

Test 11+:
    W0: [16, 17, 18, 19, 27, 28, 29, 31, 33, 34, 36, 38, 39, 40, 44, 48, 49, 52, 53] = [20, 21, 22, 23, 24, 25, 26, 30, 32, 35, 37, 41, 42, 43, 45, 46, 47, 50, 51]
    W1: [12, 15, 20, 21, 22, 23, 24, 44, 48, 49, 52, 53] < [11, 13, 14, 16, 17, 18, 19, 45, 46, 47, 50, 51]
    W2: [ 4,  5,  6,  7,  8, 10, 12, 15, 25, 26, 38, 39, 40, 45, 46, 52, 53] = [ 9, 13, 14, 16, 20, 21, 22, 23, 24, 27, 28, 29, 41, 42, 43, 44, 51]
    W3: [ 1,  2,  3, 10, 11, 15, 17, 18, 19, 20, 25, 26, 28, 29, 30, 36, 47, 51, 53] > [ 4,  5,  6,  9, 12, 14, 16, 23, 24, 31, 35, 37, 38, 39, 42, 43, 46, 48, 50]
    W4: [ 3,  6,  9, 12, 14, 16, 19, 21, 23, 25, 31, 32, 34, 35, 42, 46, 48, 52, 53] < [ 0,  1,  4,  7, 11, 13, 17, 20, 22, 27, 28, 37, 38, 41, 43, 44, 45, 50, 51]
    Truth table row=[=, <, =, >, <] ix=96 result=11+ is correct

Test 12+:
    W0: [16, 17, 18, 19, 27, 28, 29, 31, 33, 34, 36, 38, 39, 40, 44, 48, 49, 52, 53] = [20, 21, 22, 23, 24, 25, 26, 30, 32, 35, 37, 41, 42, 43, 45, 46, 47, 50, 51]
    W1: [12, 15, 20, 21, 22, 23, 24, 44, 48, 49, 52, 53] > [11, 13, 14, 16, 17, 18, 19, 45, 46, 47, 50, 51]
    W2: [ 4,  5,  6,  7,  8, 10, 12, 15, 25, 26, 38, 39, 40, 45, 46, 52, 53] > [ 9, 13, 14, 16, 20, 21, 22, 23, 24, 27, 28, 29, 41, 42, 43, 44, 51]
    W3: [ 1,  2,  3, 10, 11, 15, 17, 18, 19, 20, 25, 26, 28, 29, 30, 36, 47, 51, 53] < [ 4,  5,  6,  9, 12, 14, 16, 23, 24, 31, 35, 37, 38, 39, 42, 43, 46, 48, 50]
    W4: [ 3,  6,  9, 12, 14, 16, 19, 21, 23, 25, 31, 32, 34, 35, 42, 46, 48, 52, 53] > [ 0,  1,  4,  7, 11, 13, 17, 20, 22, 27, 28, 37, 38, 41, 43, 44, 45, 50, 51]
    Truth table row=[=, >, >, <, >] ix=155 result=12+ is correct

Test 13+:
    W0: [16, 17, 18, 19, 27, 28, 29, 31, 33, 34, 36, 38, 39, 40, 44, 48, 49, 52, 53] = [20, 21, 22, 23, 24, 25, 26, 30, 32, 35, 37, 41, 42, 43, 45, 46, 47, 50, 51]
    W1: [12, 15, 20, 21, 22, 23, 24, 44, 48, 49, 52, 53] < [11, 13, 14, 16, 17, 18, 19, 45, 46, 47, 50, 51]
    W2: [ 4,  5,  6,  7,  8, 10, 12, 15, 25, 26, 38, 39, 40, 45, 46, 52, 53] < [ 9, 13, 14, 16, 20, 21, 22, 23, 24, 27, 28, 29, 41, 42, 43, 44, 51]
    W3: [ 1,  2,  3, 10, 11, 15, 17, 18, 19, 20, 25, 26, 28, 29, 30, 36, 47, 51, 53] = [ 4,  5,  6,  9, 12, 14, 16, 23, 24, 31, 35, 37, 38, 39, 42, 43, 46, 48, 50]
    W4: [ 3,  6,  9, 12, 14, 16, 19, 21, 23, 25, 31, 32, 34, 35, 42, 46, 48, 52, 53] < [ 0,  1,  4,  7, 11, 13, 17, 20, 22, 27, 28, 37, 38, 41, 43, 44, 45, 50, 51]
    Truth table row=[=, <, <, =, <] ix=84 result=13+ is correct

Test 14+:
    W0: [16, 17, 18, 19, 27, 28, 29, 31, 33, 34, 36, 38, 39, 40, 44, 48, 49, 52, 53] = [20, 21, 22, 23, 24, 25, 26, 30, 32, 35, 37, 41, 42, 43, 45, 46, 47, 50, 51]
    W1: [12, 15, 20, 21, 22, 23, 24, 44, 48, 49, 52, 53] < [11, 13, 14, 16, 17, 18, 19, 45, 46, 47, 50, 51]
    W2: [ 4,  5,  6,  7,  8, 10, 12, 15, 25, 26, 38, 39, 40, 45, 46, 52, 53] < [ 9, 13, 14, 16, 20, 21, 22, 23, 24, 27, 28, 29, 41, 42, 43, 44, 51]
    W3: [ 1,  2,  3, 10, 11, 15, 17, 18, 19, 20, 25, 26, 28, 29, 30, 36, 47, 51, 53] < [ 4,  5,  6,  9, 12, 14, 16, 23, 24, 31, 35, 37, 38, 39, 42, 43, 46, 48, 50]
    W4: [ 3,  6,  9, 12, 14, 16, 19, 21, 23, 25, 31, 32, 34, 35, 42, 46, 48, 52, 53] > [ 0,  1,  4,  7, 11, 13, 17, 20, 22, 27, 28, 37, 38, 41, 43, 44, 45, 50, 51]
    Truth table row=[=, <, <, <, >] ix=83 result=14+ is correct

Test 15+:
    W0: [16, 17, 18, 19, 27, 28, 29, 31, 33, 34, 36, 38, 39, 40, 44, 48, 49, 52, 53] = [20, 21, 22, 23, 24, 25, 26, 30, 32, 35, 37, 41, 42, 43, 45, 46, 47, 50, 51]
    W1: [12, 15, 20, 21, 22, 23, 24, 44, 48, 49, 52, 53] > [11, 13, 14, 16, 17, 18, 19, 45, 46, 47, 50, 51]
    W2: [ 4,  5,  6,  7,  8, 10, 12, 15, 25, 26, 38, 39, 40, 45, 46, 52, 53] > [ 9, 13, 14, 16, 20, 21, 22, 23, 24, 27, 28, 29, 41, 42, 43, 44, 51]
    W3: [ 1,  2,  3, 10, 11, 15, 17, 18, 19, 20, 25, 26, 28, 29, 30, 36, 47, 51, 53] > [ 4,  5,  6,  9, 12, 14, 16, 23, 24, 31, 35, 37, 38, 39, 42, 43, 46, 48, 50]
    W4: [ 3,  6,  9, 12, 14, 16, 19, 21, 23, 25, 31, 32, 34, 35, 42, 46, 48, 52, 53] = [ 0,  1,  4,  7, 11, 13, 17, 20, 22, 27, 28, 37, 38, 41, 43, 44, 45, 50, 51]
    Truth table row=[=, >, >, >, =] ix=160 result=15+ is correct

Test 16+:
    W0: [16, 17, 18, 19, 27, 28, 29, 31, 33, 34, 36, 38, 39, 40, 44, 48, 49, 52, 53] > [20, 21, 22, 23, 24, 25, 26, 30, 32, 35, 37, 41, 42, 43, 45, 46, 47, 50, 51]
    W1: [12, 15, 20, 21, 22, 23, 24, 44, 48, 49, 52, 53] < [11, 13, 14, 16, 17, 18, 19, 45, 46, 47, 50, 51]
    W2: [ 4,  5,  6,  7,  8, 10, 12, 15, 25, 26, 38, 39, 40, 45, 46, 52, 53] < [ 9, 13, 14, 16, 20, 21, 22, 23, 24, 27, 28, 29, 41, 42, 43, 44, 51]
    W3: [ 1,  2,  3, 10, 11, 15, 17, 18, 19, 20, 25, 26, 28, 29, 30, 36, 47, 51, 53] < [ 4,  5,  6,  9, 12, 14, 16, 23, 24, 31, 35, 37, 38, 39, 42, 43, 46, 48, 50]
    W4: [ 3,  6,  9, 12, 14, 16, 19, 21, 23, 25, 31, 32, 34, 35, 42, 46, 48, 52, 53] > [ 0,  1,  4,  7, 11, 13, 17, 20, 22, 27, 28, 37, 38, 41, 43, 44, 45, 50, 51]
    Truth table row=[>, <, <, <, >] ix=164 result=16+ is correct

Test 17+:
    W0: [16, 17, 18, 19, 27, 28, 29, 31, 33, 34, 36, 38, 39, 40, 44, 48, 49, 52, 53] > [20, 21, 22, 23, 24, 25, 26, 30, 32, 35, 37, 41, 42, 43, 45, 46, 47, 50, 51]
    W1: [12, 15, 20, 21, 22, 23, 24, 44, 48, 49, 52, 53] < [11, 13, 14, 16, 17, 18, 19, 45, 46, 47, 50, 51]
    W2: [ 4,  5,  6,  7,  8, 10, 12, 15, 25, 26, 38, 39, 40, 45, 46, 52, 53] = [ 9, 13, 14, 16, 20, 21, 22, 23, 24, 27, 28, 29, 41, 42, 43, 44, 51]
    W3: [ 1,  2,  3, 10, 11, 15, 17, 18, 19, 20, 25, 26, 28, 29, 30, 36, 47, 51, 53] > [ 4,  5,  6,  9, 12, 14, 16, 23, 24, 31, 35, 37, 38, 39, 42, 43, 46, 48, 50]
    W4: [ 3,  6,  9, 12, 14, 16, 19, 21, 23, 25, 31, 32, 34, 35, 42, 46, 48, 52, 53] < [ 0,  1,  4,  7, 11, 13, 17, 20, 22, 27, 28, 37, 38, 41, 43, 44, 45, 50, 51]
    Truth table row=[>, <, =, >, <] ix=177 result=17+ is correct

Test 18+:
    W0: [16, 17, 18, 19, 27, 28, 29, 31, 33, 34, 36, 38, 39, 40, 44, 48, 49, 52, 53] > [20, 21, 22, 23, 24, 25, 26, 30, 32, 35, 37, 41, 42, 43, 45, 46, 47, 50, 51]
    W1: [12, 15, 20, 21, 22, 23, 24, 44, 48, 49, 52, 53] < [11, 13, 14, 16, 17, 18, 19, 45, 46, 47, 50, 51]
    W2: [ 4,  5,  6,  7,  8, 10, 12, 15, 25, 26, 38, 39, 40, 45, 46, 52, 53] = [ 9, 13, 14, 16, 20, 21, 22, 23, 24, 27, 28, 29, 41, 42, 43, 44, 51]
    W3: [ 1,  2,  3, 10, 11, 15, 17, 18, 19, 20, 25, 26, 28, 29, 30, 36, 47, 51, 53] > [ 4,  5,  6,  9, 12, 14, 16, 23, 24, 31, 35, 37, 38, 39, 42, 43, 46, 48, 50]
    W4: [ 3,  6,  9, 12, 14, 16, 19, 21, 23, 25, 31, 32, 34, 35, 42, 46, 48, 52, 53] = [ 0,  1,  4,  7, 11, 13, 17, 20, 22, 27, 28, 37, 38, 41, 43, 44, 45, 50, 51]
    Truth table row=[>, <, =, >, =] ix=178 result=18+ is correct

Test 19+:
    W0: [16, 17, 18, 19, 27, 28, 29, 31, 33, 34, 36, 38, 39, 40, 44, 48, 49, 52, 53] > [20, 21, 22, 23, 24, 25, 26, 30, 32, 35, 37, 41, 42, 43, 45, 46, 47, 50, 51]
    W1: [12, 15, 20, 21, 22, 23, 24, 44, 48, 49, 52, 53] < [11, 13, 14, 16, 17, 18, 19, 45, 46, 47, 50, 51]
    W2: [ 4,  5,  6,  7,  8, 10, 12, 15, 25, 26, 38, 39, 40, 45, 46, 52, 53] = [ 9, 13, 14, 16, 20, 21, 22, 23, 24, 27, 28, 29, 41, 42, 43, 44, 51]
    W3: [ 1,  2,  3, 10, 11, 15, 17, 18, 19, 20, 25, 26, 28, 29, 30, 36, 47, 51, 53] > [ 4,  5,  6,  9, 12, 14, 16, 23, 24, 31, 35, 37, 38, 39, 42, 43, 46, 48, 50]
    W4: [ 3,  6,  9, 12, 14, 16, 19, 21, 23, 25, 31, 32, 34, 35, 42, 46, 48, 52, 53] > [ 0,  1,  4,  7, 11, 13, 17, 20, 22, 27, 28, 37, 38, 41, 43, 44, 45, 50, 51]
    Truth table row=[>, <, =, >, >] ix=179 result=19+ is correct

Test 20+:
    W0: [16, 17, 18, 19, 27, 28, 29, 31, 33, 34, 36, 38, 39, 40, 44, 48, 49, 52, 53] < [20, 21, 22, 23, 24, 25, 26, 30, 32, 35, 37, 41, 42, 43, 45, 46, 47, 50, 51]
    W1: [12, 15, 20, 21, 22, 23, 24, 44, 48, 49, 52, 53] > [11, 13, 14, 16, 17, 18, 19, 45, 46, 47, 50, 51]
    W2: [ 4,  5,  6,  7,  8, 10, 12, 15, 25, 26, 38, 39, 40, 45, 46, 52, 53] < [ 9, 13, 14, 16, 20, 21, 22, 23, 24, 27, 28, 29, 41, 42, 43, 44, 51]
    W3: [ 1,  2,  3, 10, 11, 15, 17, 18, 19, 20, 25, 26, 28, 29, 30, 36, 47, 51, 53] > [ 4,  5,  6,  9, 12, 14, 16, 23, 24, 31, 35, 37, 38, 39, 42, 43, 46, 48, 50]
    W4: [ 3,  6,  9, 12, 14, 16, 19, 21, 23, 25, 31, 32, 34, 35, 42, 46, 48, 52, 53] < [ 0,  1,  4,  7, 11, 13, 17, 20, 22, 27, 28, 37, 38, 41, 43, 44, 45, 50, 51]
    Truth table row=[<, >, <, >, <] ix=60 result=20+ is correct

Test 21+:
    W0: [16, 17, 18, 19, 27, 28, 29, 31, 33, 34, 36, 38, 39, 40, 44, 48, 49, 52, 53] < [20, 21, 22, 23, 24, 25, 26, 30, 32, 35, 37, 41, 42, 43, 45, 46, 47, 50, 51]
    W1: [12, 15, 20, 21, 22, 23, 24, 44, 48, 49, 52, 53] > [11, 13, 14, 16, 17, 18, 19, 45, 46, 47, 50, 51]
    W2: [ 4,  5,  6,  7,  8, 10, 12, 15, 25, 26, 38, 39, 40, 45, 46, 52, 53] < [ 9, 13, 14, 16, 20, 21, 22, 23, 24, 27, 28, 29, 41, 42, 43, 44, 51]
    W3: [ 1,  2,  3, 10, 11, 15, 17, 18, 19, 20, 25, 26, 28, 29, 30, 36, 47, 51, 53] = [ 4,  5,  6,  9, 12, 14, 16, 23, 24, 31, 35, 37, 38, 39, 42, 43, 46, 48, 50]
    W4: [ 3,  6,  9, 12, 14, 16, 19, 21, 23, 25, 31, 32, 34, 35, 42, 46, 48, 52, 53] > [ 0,  1,  4,  7, 11, 13, 17, 20, 22, 27, 28, 37, 38, 41, 43, 44, 45, 50, 51]
    Truth table row=[<, >, <, =, >] ix=59 result=21+ is correct

Test 22+:
    W0: [16, 17, 18, 19, 27, 28, 29, 31, 33, 34, 36, 38, 39, 40, 44, 48, 49, 52, 53] < [20, 21, 22, 23, 24, 25, 26, 30, 32, 35, 37, 41, 42, 43, 45, 46, 47, 50, 51]
    W1: [12, 15, 20, 21, 22, 23, 24, 44, 48, 49, 52, 53] > [11, 13, 14, 16, 17, 18, 19, 45, 46, 47, 50, 51]
    W2: [ 4,  5,  6,  7,  8, 10, 12, 15, 25, 26, 38, 39, 40, 45, 46, 52, 53] < [ 9, 13, 14, 16, 20, 21, 22, 23, 24, 27, 28, 29, 41, 42, 43, 44, 51]
    W3: [ 1,  2,  3, 10, 11, 15, 17, 18, 19, 20, 25, 26, 28, 29, 30, 36, 47, 51, 53] = [ 4,  5,  6,  9, 12, 14, 16, 23, 24, 31, 35, 37, 38, 39, 42, 43, 46, 48, 50]
    W4: [ 3,  6,  9, 12, 14, 16, 19, 21, 23, 25, 31, 32, 34, 35, 42, 46, 48, 52, 53] < [ 0,  1,  4,  7, 11, 13, 17, 20, 22, 27, 28, 37, 38, 41, 43, 44, 45, 50, 51]
    Truth table row=[<, >, <, =, <] ix=57 result=22+ is correct

Test 23+:
    W0: [16, 17, 18, 19, 27, 28, 29, 31, 33, 34, 36, 38, 39, 40, 44, 48, 49, 52, 53] < [20, 21, 22, 23, 24, 25, 26, 30, 32, 35, 37, 41, 42, 43, 45, 46, 47, 50, 51]
    W1: [12, 15, 20, 21, 22, 23, 24, 44, 48, 49, 52, 53] > [11, 13, 14, 16, 17, 18, 19, 45, 46, 47, 50, 51]
    W2: [ 4,  5,  6,  7,  8, 10, 12, 15, 25, 26, 38, 39, 40, 45, 46, 52, 53] < [ 9, 13, 14, 16, 20, 21, 22, 23, 24, 27, 28, 29, 41, 42, 43, 44, 51]
    W3: [ 1,  2,  3, 10, 11, 15, 17, 18, 19, 20, 25, 26, 28, 29, 30, 36, 47, 51, 53] < [ 4,  5,  6,  9, 12, 14, 16, 23, 24, 31, 35, 37, 38, 39, 42, 43, 46, 48, 50]
    W4: [ 3,  6,  9, 12, 14, 16, 19, 21, 23, 25, 31, 32, 34, 35, 42, 46, 48, 52, 53] > [ 0,  1,  4,  7, 11, 13, 17, 20, 22, 27, 28, 37, 38, 41, 43, 44, 45, 50, 51]
    Truth table row=[<, >, <, <, >] ix=56 result=23+ is correct

Test 24+:
    W0: [16, 17, 18, 19, 27, 28, 29, 31, 33, 34, 36, 38, 39, 40, 44, 48, 49, 52, 53] < [20, 21, 22, 23, 24, 25, 26, 30, 32, 35, 37, 41, 42, 43, 45, 46, 47, 50, 51]
    W1: [12, 15, 20, 21, 22, 23, 24, 44, 48, 49, 52, 53] > [11, 13, 14, 16, 17, 18, 19, 45, 46, 47, 50, 51]
    W2: [ 4,  5,  6,  7,  8, 10, 12, 15, 25, 26, 38, 39, 40, 45, 46, 52, 53] < [ 9, 13, 14, 16, 20, 21, 22, 23, 24, 27, 28, 29, 41, 42, 43, 44, 51]
    W3: [ 1,  2,  3, 10, 11, 15, 17, 18, 19, 20, 25, 26, 28, 29, 30, 36, 47, 51, 53] < [ 4,  5,  6,  9, 12, 14, 16, 23, 24, 31, 35, 37, 38, 39, 42, 43, 46, 48, 50]
    W4: [ 3,  6,  9, 12, 14, 16, 19, 21, 23, 25, 31, 32, 34, 35, 42, 46, 48, 52, 53] = [ 0,  1,  4,  7, 11, 13, 17, 20, 22, 27, 28, 37, 38, 41, 43, 44, 45, 50, 51]
    Truth table row=[<, >, <, <, =] ix=55 result=24+ is correct

Test 25+:
    W0: [16, 17, 18, 19, 27, 28, 29, 31, 33, 34, 36, 38, 39, 40, 44, 48, 49, 52, 53] < [20, 21, 22, 23, 24, 25, 26, 30, 32, 35, 37, 41, 42, 43, 45, 46, 47, 50, 51]
    W1: [12, 15, 20, 21, 22, 23, 24, 44, 48, 49, 52, 53] = [11, 13, 14, 16, 17, 18, 19, 45, 46, 47, 50, 51]
    W2: [ 4,  5,  6,  7,  8, 10, 12, 15, 25, 26, 38, 39, 40, 45, 46, 52, 53] > [ 9, 13, 14, 16, 20, 21, 22, 23, 24, 27, 28, 29, 41, 42, 43, 44, 51]
    W3: [ 1,  2,  3, 10, 11, 15, 17, 18, 19, 20, 25, 26, 28, 29, 30, 36, 47, 51, 53] > [ 4,  5,  6,  9, 12, 14, 16, 23, 24, 31, 35, 37, 38, 39, 42, 43, 46, 48, 50]
    W4: [ 3,  6,  9, 12, 14, 16, 19, 21, 23, 25, 31, 32, 34, 35, 42, 46, 48, 52, 53] > [ 0,  1,  4,  7, 11, 13, 17, 20, 22, 27, 28, 37, 38, 41, 43, 44, 45, 50, 51]
    Truth table row=[<, =, >, >, >] ix=53 result=25+ is correct

Test 26+:
    W0: [16, 17, 18, 19, 27, 28, 29, 31, 33, 34, 36, 38, 39, 40, 44, 48, 49, 52, 53] < [20, 21, 22, 23, 24, 25, 26, 30, 32, 35, 37, 41, 42, 43, 45, 46, 47, 50, 51]
    W1: [12, 15, 20, 21, 22, 23, 24, 44, 48, 49, 52, 53] = [11, 13, 14, 16, 17, 18, 19, 45, 46, 47, 50, 51]
    W2: [ 4,  5,  6,  7,  8, 10, 12, 15, 25, 26, 38, 39, 40, 45, 46, 52, 53] > [ 9, 13, 14, 16, 20, 21, 22, 23, 24, 27, 28, 29, 41, 42, 43, 44, 51]
    W3: [ 1,  2,  3, 10, 11, 15, 17, 18, 19, 20, 25, 26, 28, 29, 30, 36, 47, 51, 53] > [ 4,  5,  6,  9, 12, 14, 16, 23, 24, 31, 35, 37, 38, 39, 42, 43, 46, 48, 50]
    W4: [ 3,  6,  9, 12, 14, 16, 19, 21, 23, 25, 31, 32, 34, 35, 42, 46, 48, 52, 53] = [ 0,  1,  4,  7, 11, 13, 17, 20, 22, 27, 28, 37, 38, 41, 43, 44, 45, 50, 51]
    Truth table row=[<, =, >, >, =] ix=52 result=26+ is correct

Test 27+:
    W0: [16, 17, 18, 19, 27, 28, 29, 31, 33, 34, 36, 38, 39, 40, 44, 48, 49, 52, 53] > [20, 21, 22, 23, 24, 25, 26, 30, 32, 35, 37, 41, 42, 43, 45, 46, 47, 50, 51]
    W1: [12, 15, 20, 21, 22, 23, 24, 44, 48, 49, 52, 53] = [11, 13, 14, 16, 17, 18, 19, 45, 46, 47, 50, 51]
    W2: [ 4,  5,  6,  7,  8, 10, 12, 15, 25, 26, 38, 39, 40, 45, 46, 52, 53] < [ 9, 13, 14, 16, 20, 21, 22, 23, 24, 27, 28, 29, 41, 42, 43, 44, 51]
    W3: [ 1,  2,  3, 10, 11, 15, 17, 18, 19, 20, 25, 26, 28, 29, 30, 36, 47, 51, 53] = [ 4,  5,  6,  9, 12, 14, 16, 23, 24, 31, 35, 37, 38, 39, 42, 43, 46, 48, 50]
    W4: [ 3,  6,  9, 12, 14, 16, 19, 21, 23, 25, 31, 32, 34, 35, 42, 46, 48, 52, 53] < [ 0,  1,  4,  7, 11, 13, 17, 20, 22, 27, 28, 37, 38, 41, 43, 44, 45, 50, 51]
    Truth table row=[>, =, <, =, <] ix=192 result=27+ is correct

Test 28+:
    W0: [16, 17, 18, 19, 27, 28, 29, 31, 33, 34, 36, 38, 39, 40, 44, 48, 49, 52, 53] > [20, 21, 22, 23, 24, 25, 26, 30, 32, 35, 37, 41, 42, 43, 45, 46, 47, 50, 51]
    W1: [12, 15, 20, 21, 22, 23, 24, 44, 48, 49, 52, 53] = [11, 13, 14, 16, 17, 18, 19, 45, 46, 47, 50, 51]
    W2: [ 4,  5,  6,  7,  8, 10, 12, 15, 25, 26, 38, 39, 40, 45, 46, 52, 53] < [ 9, 13, 14, 16, 20, 21, 22, 23, 24, 27, 28, 29, 41, 42, 43, 44, 51]
    W3: [ 1,  2,  3, 10, 11, 15, 17, 18, 19, 20, 25, 26, 28, 29, 30, 36, 47, 51, 53] > [ 4,  5,  6,  9, 12, 14, 16, 23, 24, 31, 35, 37, 38, 39, 42, 43, 46, 48, 50]
    W4: [ 3,  6,  9, 12, 14, 16, 19, 21, 23, 25, 31, 32, 34, 35, 42, 46, 48, 52, 53] < [ 0,  1,  4,  7, 11, 13, 17, 20, 22, 27, 28, 37, 38, 41, 43, 44, 45, 50, 51]
    Truth table row=[>, =, <, >, <] ix=195 result=28+ is correct

Test 29+:
    W0: [16, 17, 18, 19, 27, 28, 29, 31, 33, 34, 36, 38, 39, 40, 44, 48, 49, 52, 53] > [20, 21, 22, 23, 24, 25, 26, 30, 32, 35, 37, 41, 42, 43, 45, 46, 47, 50, 51]
    W1: [12, 15, 20, 21, 22, 23, 24, 44, 48, 49, 52, 53] = [11, 13, 14, 16, 17, 18, 19, 45, 46, 47, 50, 51]
    W2: [ 4,  5,  6,  7,  8, 10, 12, 15, 25, 26, 38, 39, 40, 45, 46, 52, 53] < [ 9, 13, 14, 16, 20, 21, 22, 23, 24, 27, 28, 29, 41, 42, 43, 44, 51]
    W3: [ 1,  2,  3, 10, 11, 15, 17, 18, 19, 20, 25, 26, 28, 29, 30, 36, 47, 51, 53] > [ 4,  5,  6,  9, 12, 14, 16, 23, 24, 31, 35, 37, 38, 39, 42, 43, 46, 48, 50]
    W4: [ 3,  6,  9, 12, 14, 16, 19, 21, 23, 25, 31, 32, 34, 35, 42, 46, 48, 52, 53] = [ 0,  1,  4,  7, 11, 13, 17, 20, 22, 27, 28, 37, 38, 41, 43, 44, 45, 50, 51]
    Truth table row=[>, =, <, >, =] ix=196 result=29+ is correct

Test 30+:
    W0: [16, 17, 18, 19, 27, 28, 29, 31, 33, 34, 36, 38, 39, 40, 44, 48, 49, 52, 53] < [20, 21, 22, 23, 24, 25, 26, 30, 32, 35, 37, 41, 42, 43, 45, 46, 47, 50, 51]
    W1: [12, 15, 20, 21, 22, 23, 24, 44, 48, 49, 52, 53] = [11, 13, 14, 16, 17, 18, 19, 45, 46, 47, 50, 51]
    W2: [ 4,  5,  6,  7,  8, 10, 12, 15, 25, 26, 38, 39, 40, 45, 46, 52, 53] = [ 9, 13, 14, 16, 20, 21, 22, 23, 24, 27, 28, 29, 41, 42, 43, 44, 51]
    W3: [ 1,  2,  3, 10, 11, 15, 17, 18, 19, 20, 25, 26, 28, 29, 30, 36, 47, 51, 53] > [ 4,  5,  6,  9, 12, 14, 16, 23, 24, 31, 35, 37, 38, 39, 42, 43, 46, 48, 50]
    W4: [ 3,  6,  9, 12, 14, 16, 19, 21, 23, 25, 31, 32, 34, 35, 42, 46, 48, 52, 53] = [ 0,  1,  4,  7, 11, 13, 17, 20, 22, 27, 28, 37, 38, 41, 43, 44, 45, 50, 51]
    Truth table row=[<, =, =, >, =] ix=43 result=30+ is correct

Test 31+:
    W0: [16, 17, 18, 19, 27, 28, 29, 31, 33, 34, 36, 38, 39, 40, 44, 48, 49, 52, 53] > [20, 21, 22, 23, 24, 25, 26, 30, 32, 35, 37, 41, 42, 43, 45, 46, 47, 50, 51]
    W1: [12, 15, 20, 21, 22, 23, 24, 44, 48, 49, 52, 53] = [11, 13, 14, 16, 17, 18, 19, 45, 46, 47, 50, 51]
    W2: [ 4,  5,  6,  7,  8, 10, 12, 15, 25, 26, 38, 39, 40, 45, 46, 52, 53] = [ 9, 13, 14, 16, 20, 21, 22, 23, 24, 27, 28, 29, 41, 42, 43, 44, 51]
    W3: [ 1,  2,  3, 10, 11, 15, 17, 18, 19, 20, 25, 26, 28, 29, 30, 36, 47, 51, 53] < [ 4,  5,  6,  9, 12, 14, 16, 23, 24, 31, 35, 37, 38, 39, 42, 43, 46, 48, 50]
    W4: [ 3,  6,  9, 12, 14, 16, 19, 21, 23, 25, 31, 32, 34, 35, 42, 46, 48, 52, 53] > [ 0,  1,  4,  7, 11, 13, 17, 20, 22, 27, 28, 37, 38, 41, 43, 44, 45, 50, 51]
    Truth table row=[>, =, =, <, >] ix=200 result=31+ is correct

Test 32+:
    W0: [16, 17, 18, 19, 27, 28, 29, 31, 33, 34, 36, 38, 39, 40, 44, 48, 49, 52, 53] < [20, 21, 22, 23, 24, 25, 26, 30, 32, 35, 37, 41, 42, 43, 45, 46, 47, 50, 51]
    W1: [12, 15, 20, 21, 22, 23, 24, 44, 48, 49, 52, 53] = [11, 13, 14, 16, 17, 18, 19, 45, 46, 47, 50, 51]
    W2: [ 4,  5,  6,  7,  8, 10, 12, 15, 25, 26, 38, 39, 40, 45, 46, 52, 53] = [ 9, 13, 14, 16, 20, 21, 22, 23, 24, 27, 28, 29, 41, 42, 43, 44, 51]
    W3: [ 1,  2,  3, 10, 11, 15, 17, 18, 19, 20, 25, 26, 28, 29, 30, 36, 47, 51, 53] = [ 4,  5,  6,  9, 12, 14, 16, 23, 24, 31, 35, 37, 38, 39, 42, 43, 46, 48, 50]
    W4: [ 3,  6,  9, 12, 14, 16, 19, 21, 23, 25, 31, 32, 34, 35, 42, 46, 48, 52, 53] > [ 0,  1,  4,  7, 11, 13, 17, 20, 22, 27, 28, 37, 38, 41, 43, 44, 45, 50, 51]
    Truth table row=[<, =, =, =, >] ix=41 result=32+ is correct

Test 33+:
    W0: [16, 17, 18, 19, 27, 28, 29, 31, 33, 34, 36, 38, 39, 40, 44, 48, 49, 52, 53] > [20, 21, 22, 23, 24, 25, 26, 30, 32, 35, 37, 41, 42, 43, 45, 46, 47, 50, 51]
    W1: [12, 15, 20, 21, 22, 23, 24, 44, 48, 49, 52, 53] = [11, 13, 14, 16, 17, 18, 19, 45, 46, 47, 50, 51]
    W2: [ 4,  5,  6,  7,  8, 10, 12, 15, 25, 26, 38, 39, 40, 45, 46, 52, 53] = [ 9, 13, 14, 16, 20, 21, 22, 23, 24, 27, 28, 29, 41, 42, 43, 44, 51]
    W3: [ 1,  2,  3, 10, 11, 15, 17, 18, 19, 20, 25, 26, 28, 29, 30, 36, 47, 51, 53] = [ 4,  5,  6,  9, 12, 14, 16, 23, 24, 31, 35, 37, 38, 39, 42, 43, 46, 48, 50]
    W4: [ 3,  6,  9, 12, 14, 16, 19, 21, 23, 25, 31, 32, 34, 35, 42, 46, 48, 52, 53] = [ 0,  1,  4,  7, 11, 13, 17, 20, 22, 27, 28, 37, 38, 41, 43, 44, 45, 50, 51]
    Truth table row=[>, =, =, =, =] ix=202 result=33+ is correct

Test 34+:
    W0: [16, 17, 18, 19, 27, 28, 29, 31, 33, 34, 36, 38, 39, 40, 44, 48, 49, 52, 53] > [20, 21, 22, 23, 24, 25, 26, 30, 32, 35, 37, 41, 42, 43, 45, 46, 47, 50, 51]
    W1: [12, 15, 20, 21, 22, 23, 24, 44, 48, 49, 52, 53] = [11, 13, 14, 16, 17, 18, 19, 45, 46, 47, 50, 51]
    W2: [ 4,  5,  6,  7,  8, 10, 12, 15, 25, 26, 38, 39, 40, 45, 46, 52, 53] = [ 9, 13, 14, 16, 20, 21, 22, 23, 24, 27, 28, 29, 41, 42, 43, 44, 51]
    W3: [ 1,  2,  3, 10, 11, 15, 17, 18, 19, 20, 25, 26, 28, 29, 30, 36, 47, 51, 53] = [ 4,  5,  6,  9, 12, 14, 16, 23, 24, 31, 35, 37, 38, 39, 42, 43, 46, 48, 50]
    W4: [ 3,  6,  9, 12, 14, 16, 19, 21, 23, 25, 31, 32, 34, 35, 42, 46, 48, 52, 53] > [ 0,  1,  4,  7, 11, 13, 17, 20, 22, 27, 28, 37, 38, 41, 43, 44, 45, 50, 51]
    Truth table row=[>, =, =, =, >] ix=203 result=34+ is correct

Test 35+:
    W0: [16, 17, 18, 19, 27, 28, 29, 31, 33, 34, 36, 38, 39, 40, 44, 48, 49, 52, 53] < [20, 21, 22, 23, 24, 25, 26, 30, 32, 35, 37, 41, 42, 43, 45, 46, 47, 50, 51]
    W1: [12, 15, 20, 21, 22, 23, 24, 44, 48, 49, 52, 53] = [11, 13, 14, 16, 17, 18, 19, 45, 46, 47, 50, 51]
    W2: [ 4,  5,  6,  7,  8, 10, 12, 15, 25, 26, 38, 39, 40, 45, 46, 52, 53] = [ 9, 13, 14, 16, 20, 21, 22, 23, 24, 27, 28, 29, 41, 42, 43, 44, 51]
    W3: [ 1,  2,  3, 10, 11, 15, 17, 18, 19, 20, 25, 26, 28, 29, 30, 36, 47, 51, 53] < [ 4,  5,  6,  9, 12, 14, 16, 23, 24, 31, 35, 37, 38, 39, 42, 43, 46, 48, 50]
    W4: [ 3,  6,  9, 12, 14, 16, 19, 21, 23, 25, 31, 32, 34, 35, 42, 46, 48, 52, 53] > [ 0,  1,  4,  7, 11, 13, 17, 20, 22, 27, 28, 37, 38, 41, 43, 44, 45, 50, 51]
    Truth table row=[<, =, =, <, >] ix=38 result=35+ is correct

Test 36+:
    W0: [16, 17, 18, 19, 27, 28, 29, 31, 33, 34, 36, 38, 39, 40, 44, 48, 49, 52, 53] > [20, 21, 22, 23, 24, 25, 26, 30, 32, 35, 37, 41, 42, 43, 45, 46, 47, 50, 51]
    W1: [12, 15, 20, 21, 22, 23, 24, 44, 48, 49, 52, 53] = [11, 13, 14, 16, 17, 18, 19, 45, 46, 47, 50, 51]
    W2: [ 4,  5,  6,  7,  8, 10, 12, 15, 25, 26, 38, 39, 40, 45, 46, 52, 53] = [ 9, 13, 14, 16, 20, 21, 22, 23, 24, 27, 28, 29, 41, 42, 43, 44, 51]
    W3: [ 1,  2,  3, 10, 11, 15, 17, 18, 19, 20, 25, 26, 28, 29, 30, 36, 47, 51, 53] > [ 4,  5,  6,  9, 12, 14, 16, 23, 24, 31, 35, 37, 38, 39, 42, 43, 46, 48, 50]
    W4: [ 3,  6,  9, 12, 14, 16, 19, 21, 23, 25, 31, 32, 34, 35, 42, 46, 48, 52, 53] = [ 0,  1,  4,  7, 11, 13, 17, 20, 22, 27, 28, 37, 38, 41, 43, 44, 45, 50, 51]
    Truth table row=[>, =, =, >, =] ix=205 result=36+ is correct

Test 37+:
    W0: [16, 17, 18, 19, 27, 28, 29, 31, 33, 34, 36, 38, 39, 40, 44, 48, 49, 52, 53] < [20, 21, 22, 23, 24, 25, 26, 30, 32, 35, 37, 41, 42, 43, 45, 46, 47, 50, 51]
    W1: [12, 15, 20, 21, 22, 23, 24, 44, 48, 49, 52, 53] = [11, 13, 14, 16, 17, 18, 19, 45, 46, 47, 50, 51]
    W2: [ 4,  5,  6,  7,  8, 10, 12, 15, 25, 26, 38, 39, 40, 45, 46, 52, 53] = [ 9, 13, 14, 16, 20, 21, 22, 23, 24, 27, 28, 29, 41, 42, 43, 44, 51]
    W3: [ 1,  2,  3, 10, 11, 15, 17, 18, 19, 20, 25, 26, 28, 29, 30, 36, 47, 51, 53] < [ 4,  5,  6,  9, 12, 14, 16, 23, 24, 31, 35, 37, 38, 39, 42, 43, 46, 48, 50]
    W4: [ 3,  6,  9, 12, 14, 16, 19, 21, 23, 25, 31, 32, 34, 35, 42, 46, 48, 52, 53] < [ 0,  1,  4,  7, 11, 13, 17, 20, 22, 27, 28, 37, 38, 41, 43, 44, 45, 50, 51]
    Truth table row=[<, =, =, <, <] ix=36 result=37+ is correct

Test 38+:
    W0: [16, 17, 18, 19, 27, 28, 29, 31, 33, 34, 36, 38, 39, 40, 44, 48, 49, 52, 53] > [20, 21, 22, 23, 24, 25, 26, 30, 32, 35, 37, 41, 42, 43, 45, 46, 47, 50, 51]
    W1: [12, 15, 20, 21, 22, 23, 24, 44, 48, 49, 52, 53] = [11, 13, 14, 16, 17, 18, 19, 45, 46, 47, 50, 51]
    W2: [ 4,  5,  6,  7,  8, 10, 12, 15, 25, 26, 38, 39, 40, 45, 46, 52, 53] > [ 9, 13, 14, 16, 20, 21, 22, 23, 24, 27, 28, 29, 41, 42, 43, 44, 51]
    W3: [ 1,  2,  3, 10, 11, 15, 17, 18, 19, 20, 25, 26, 28, 29, 30, 36, 47, 51, 53] < [ 4,  5,  6,  9, 12, 14, 16, 23, 24, 31, 35, 37, 38, 39, 42, 43, 46, 48, 50]
    W4: [ 3,  6,  9, 12, 14, 16, 19, 21, 23, 25, 31, 32, 34, 35, 42, 46, 48, 52, 53] < [ 0,  1,  4,  7, 11, 13, 17, 20, 22, 27, 28, 37, 38, 41, 43, 44, 45, 50, 51]
    Truth table row=[>, =, >, <, <] ix=207 result=38+ is correct

Test 39+:
    W0: [16, 17, 18, 19, 27, 28, 29, 31, 33, 34, 36, 38, 39, 40, 44, 48, 49, 52, 53] > [20, 21, 22, 23, 24, 25, 26, 30, 32, 35, 37, 41, 42, 43, 45, 46, 47, 50, 51]
    W1: [12, 15, 20, 21, 22, 23, 24, 44, 48, 49, 52, 53] = [11, 13, 14, 16, 17, 18, 19, 45, 46, 47, 50, 51]
    W2: [ 4,  5,  6,  7,  8, 10, 12, 15, 25, 26, 38, 39, 40, 45, 46, 52, 53] > [ 9, 13, 14, 16, 20, 21, 22, 23, 24, 27, 28, 29, 41, 42, 43, 44, 51]
    W3: [ 1,  2,  3, 10, 11, 15, 17, 18, 19, 20, 25, 26, 28, 29, 30, 36, 47, 51, 53] < [ 4,  5,  6,  9, 12, 14, 16, 23, 24, 31, 35, 37, 38, 39, 42, 43, 46, 48, 50]
    W4: [ 3,  6,  9, 12, 14, 16, 19, 21, 23, 25, 31, 32, 34, 35, 42, 46, 48, 52, 53] = [ 0,  1,  4,  7, 11, 13, 17, 20, 22, 27, 28, 37, 38, 41, 43, 44, 45, 50, 51]
    Truth table row=[>, =, >, <, =] ix=208 result=39+ is correct

Test 40+:
    W0: [16, 17, 18, 19, 27, 28, 29, 31, 33, 34, 36, 38, 39, 40, 44, 48, 49, 52, 53] > [20, 21, 22, 23, 24, 25, 26, 30, 32, 35, 37, 41, 42, 43, 45, 46, 47, 50, 51]
    W1: [12, 15, 20, 21, 22, 23, 24, 44, 48, 49, 52, 53] = [11, 13, 14, 16, 17, 18, 19, 45, 46, 47, 50, 51]
    W2: [ 4,  5,  6,  7,  8, 10, 12, 15, 25, 26, 38, 39, 40, 45, 46, 52, 53] > [ 9, 13, 14, 16, 20, 21, 22, 23, 24, 27, 28, 29, 41, 42, 43, 44, 51]
    W3: [ 1,  2,  3, 10, 11, 15, 17, 18, 19, 20, 25, 26, 28, 29, 30, 36, 47, 51, 53] = [ 4,  5,  6,  9, 12, 14, 16, 23, 24, 31, 35, 37, 38, 39, 42, 43, 46, 48, 50]
    W4: [ 3,  6,  9, 12, 14, 16, 19, 21, 23, 25, 31, 32, 34, 35, 42, 46, 48, 52, 53] = [ 0,  1,  4,  7, 11, 13, 17, 20, 22, 27, 28, 37, 38, 41, 43, 44, 45, 50, 51]
    Truth table row=[>, =, >, =, =] ix=211 result=40+ is correct

Test 41+:
    W0: [16, 17, 18, 19, 27, 28, 29, 31, 33, 34, 36, 38, 39, 40, 44, 48, 49, 52, 53] < [20, 21, 22, 23, 24, 25, 26, 30, 32, 35, 37, 41, 42, 43, 45, 46, 47, 50, 51]
    W1: [12, 15, 20, 21, 22, 23, 24, 44, 48, 49, 52, 53] = [11, 13, 14, 16, 17, 18, 19, 45, 46, 47, 50, 51]
    W2: [ 4,  5,  6,  7,  8, 10, 12, 15, 25, 26, 38, 39, 40, 45, 46, 52, 53] < [ 9, 13, 14, 16, 20, 21, 22, 23, 24, 27, 28, 29, 41, 42, 43, 44, 51]
    W3: [ 1,  2,  3, 10, 11, 15, 17, 18, 19, 20, 25, 26, 28, 29, 30, 36, 47, 51, 53] = [ 4,  5,  6,  9, 12, 14, 16, 23, 24, 31, 35, 37, 38, 39, 42, 43, 46, 48, 50]
    W4: [ 3,  6,  9, 12, 14, 16, 19, 21, 23, 25, 31, 32, 34, 35, 42, 46, 48, 52, 53] < [ 0,  1,  4,  7, 11, 13, 17, 20, 22, 27, 28, 37, 38, 41, 43, 44, 45, 50, 51]
    Truth table row=[<, =, <, =, <] ix=30 result=41+ is correct

Test 42+:
    W0: [16, 17, 18, 19, 27, 28, 29, 31, 33, 34, 36, 38, 39, 40, 44, 48, 49, 52, 53] < [20, 21, 22, 23, 24, 25, 26, 30, 32, 35, 37, 41, 42, 43, 45, 46, 47, 50, 51]
    W1: [12, 15, 20, 21, 22, 23, 24, 44, 48, 49, 52, 53] = [11, 13, 14, 16, 17, 18, 19, 45, 46, 47, 50, 51]
    W2: [ 4,  5,  6,  7,  8, 10, 12, 15, 25, 26, 38, 39, 40, 45, 46, 52, 53] < [ 9, 13, 14, 16, 20, 21, 22, 23, 24, 27, 28, 29, 41, 42, 43, 44, 51]
    W3: [ 1,  2,  3, 10, 11, 15, 17, 18, 19, 20, 25, 26, 28, 29, 30, 36, 47, 51, 53] < [ 4,  5,  6,  9, 12, 14, 16, 23, 24, 31, 35, 37, 38, 39, 42, 43, 46, 48, 50]
    W4: [ 3,  6,  9, 12, 14, 16, 19, 21, 23, 25, 31, 32, 34, 35, 42, 46, 48, 52, 53] > [ 0,  1,  4,  7, 11, 13, 17, 20, 22, 27, 28, 37, 38, 41, 43, 44, 45, 50, 51]
    Truth table row=[<, =, <, <, >] ix=29 result=42+ is correct

Test 43+:
    W0: [16, 17, 18, 19, 27, 28, 29, 31, 33, 34, 36, 38, 39, 40, 44, 48, 49, 52, 53] < [20, 21, 22, 23, 24, 25, 26, 30, 32, 35, 37, 41, 42, 43, 45, 46, 47, 50, 51]
    W1: [12, 15, 20, 21, 22, 23, 24, 44, 48, 49, 52, 53] = [11, 13, 14, 16, 17, 18, 19, 45, 46, 47, 50, 51]
    W2: [ 4,  5,  6,  7,  8, 10, 12, 15, 25, 26, 38, 39, 40, 45, 46, 52, 53] < [ 9, 13, 14, 16, 20, 21, 22, 23, 24, 27, 28, 29, 41, 42, 43, 44, 51]
    W3: [ 1,  2,  3, 10, 11, 15, 17, 18, 19, 20, 25, 26, 28, 29, 30, 36, 47, 51, 53] < [ 4,  5,  6,  9, 12, 14, 16, 23, 24, 31, 35, 37, 38, 39, 42, 43, 46, 48, 50]
    W4: [ 3,  6,  9, 12, 14, 16, 19, 21, 23, 25, 31, 32, 34, 35, 42, 46, 48, 52, 53] < [ 0,  1,  4,  7, 11, 13, 17, 20, 22, 27, 28, 37, 38, 41, 43, 44, 45, 50, 51]
    Truth table row=[<, =, <, <, <] ix=27 result=43+ is correct

Test 44+:
    W0: [16, 17, 18, 19, 27, 28, 29, 31, 33, 34, 36, 38, 39, 40, 44, 48, 49, 52, 53] > [20, 21, 22, 23, 24, 25, 26, 30, 32, 35, 37, 41, 42, 43, 45, 46, 47, 50, 51]
    W1: [12, 15, 20, 21, 22, 23, 24, 44, 48, 49, 52, 53] > [11, 13, 14, 16, 17, 18, 19, 45, 46, 47, 50, 51]
    W2: [ 4,  5,  6,  7,  8, 10, 12, 15, 25, 26, 38, 39, 40, 45, 46, 52, 53] < [ 9, 13, 14, 16, 20, 21, 22, 23, 24, 27, 28, 29, 41, 42, 43, 44, 51]
    W3: [ 1,  2,  3, 10, 11, 15, 17, 18, 19, 20, 25, 26, 28, 29, 30, 36, 47, 51, 53] = [ 4,  5,  6,  9, 12, 14, 16, 23, 24, 31, 35, 37, 38, 39, 42, 43, 46, 48, 50]
    W4: [ 3,  6,  9, 12, 14, 16, 19, 21, 23, 25, 31, 32, 34, 35, 42, 46, 48, 52, 53] < [ 0,  1,  4,  7, 11, 13, 17, 20, 22, 27, 28, 37, 38, 41, 43, 44, 45, 50, 51]
    Truth table row=[>, >, <, =, <] ix=219 result=44+ is correct

Test 45+:
    W0: [16, 17, 18, 19, 27, 28, 29, 31, 33, 34, 36, 38, 39, 40, 44, 48, 49, 52, 53] < [20, 21, 22, 23, 24, 25, 26, 30, 32, 35, 37, 41, 42, 43, 45, 46, 47, 50, 51]
    W1: [12, 15, 20, 21, 22, 23, 24, 44, 48, 49, 52, 53] < [11, 13, 14, 16, 17, 18, 19, 45, 46, 47, 50, 51]
    W2: [ 4,  5,  6,  7,  8, 10, 12, 15, 25, 26, 38, 39, 40, 45, 46, 52, 53] > [ 9, 13, 14, 16, 20, 21, 22, 23, 24, 27, 28, 29, 41, 42, 43, 44, 51]
    W3: [ 1,  2,  3, 10, 11, 15, 17, 18, 19, 20, 25, 26, 28, 29, 30, 36, 47, 51, 53] = [ 4,  5,  6,  9, 12, 14, 16, 23, 24, 31, 35, 37, 38, 39, 42, 43, 46, 48, 50]
    W4: [ 3,  6,  9, 12, 14, 16, 19, 21, 23, 25, 31, 32, 34, 35, 42, 46, 48, 52, 53] < [ 0,  1,  4,  7, 11, 13, 17, 20, 22, 27, 28, 37, 38, 41, 43, 44, 45, 50, 51]
    Truth table row=[<, <, >, =, <] ix=21 result=45+ is correct

Test 46+:
    W0: [16, 17, 18, 19, 27, 28, 29, 31, 33, 34, 36, 38, 39, 40, 44, 48, 49, 52, 53] < [20, 21, 22, 23, 24, 25, 26, 30, 32, 35, 37, 41, 42, 43, 45, 46, 47, 50, 51]
    W1: [12, 15, 20, 21, 22, 23, 24, 44, 48, 49, 52, 53] < [11, 13, 14, 16, 17, 18, 19, 45, 46, 47, 50, 51]
    W2: [ 4,  5,  6,  7,  8, 10, 12, 15, 25, 26, 38, 39, 40, 45, 46, 52, 53] > [ 9, 13, 14, 16, 20, 21, 22, 23, 24, 27, 28, 29, 41, 42, 43, 44, 51]
    W3: [ 1,  2,  3, 10, 11, 15, 17, 18, 19, 20, 25, 26, 28, 29, 30, 36, 47, 51, 53] < [ 4,  5,  6,  9, 12, 14, 16, 23, 24, 31, 35, 37, 38, 39, 42, 43, 46, 48, 50]
    W4: [ 3,  6,  9, 12, 14, 16, 19, 21, 23, 25, 31, 32, 34, 35, 42, 46, 48, 52, 53] > [ 0,  1,  4,  7, 11, 13, 17, 20, 22, 27, 28, 37, 38, 41, 43, 44, 45, 50, 51]
    Truth table row=[<, <, >, <, >] ix=20 result=46+ is correct

Test 47+:
    W0: [16, 17, 18, 19, 27, 28, 29, 31, 33, 34, 36, 38, 39, 40, 44, 48, 49, 52, 53] < [20, 21, 22, 23, 24, 25, 26, 30, 32, 35, 37, 41, 42, 43, 45, 46, 47, 50, 51]
    W1: [12, 15, 20, 21, 22, 23, 24, 44, 48, 49, 52, 53] < [11, 13, 14, 16, 17, 18, 19, 45, 46, 47, 50, 51]
    W2: [ 4,  5,  6,  7,  8, 10, 12, 15, 25, 26, 38, 39, 40, 45, 46, 52, 53] = [ 9, 13, 14, 16, 20, 21, 22, 23, 24, 27, 28, 29, 41, 42, 43, 44, 51]
    W3: [ 1,  2,  3, 10, 11, 15, 17, 18, 19, 20, 25, 26, 28, 29, 30, 36, 47, 51, 53] > [ 4,  5,  6,  9, 12, 14, 16, 23, 24, 31, 35, 37, 38, 39, 42, 43, 46, 48, 50]
    W4: [ 3,  6,  9, 12, 14, 16, 19, 21, 23, 25, 31, 32, 34, 35, 42, 46, 48, 52, 53] = [ 0,  1,  4,  7, 11, 13, 17, 20, 22, 27, 28, 37, 38, 41, 43, 44, 45, 50, 51]
    Truth table row=[<, <, =, >, =] ix=16 result=47+ is correct

Test 48+:
    W0: [16, 17, 18, 19, 27, 28, 29, 31, 33, 34, 36, 38, 39, 40, 44, 48, 49, 52, 53] > [20, 21, 22, 23, 24, 25, 26, 30, 32, 35, 37, 41, 42, 43, 45, 46, 47, 50, 51]
    W1: [12, 15, 20, 21, 22, 23, 24, 44, 48, 49, 52, 53] > [11, 13, 14, 16, 17, 18, 19, 45, 46, 47, 50, 51]
    W2: [ 4,  5,  6,  7,  8, 10, 12, 15, 25, 26, 38, 39, 40, 45, 46, 52, 53] = [ 9, 13, 14, 16, 20, 21, 22, 23, 24, 27, 28, 29, 41, 42, 43, 44, 51]
    W3: [ 1,  2,  3, 10, 11, 15, 17, 18, 19, 20, 25, 26, 28, 29, 30, 36, 47, 51, 53] < [ 4,  5,  6,  9, 12, 14, 16, 23, 24, 31, 35, 37, 38, 39, 42, 43, 46, 48, 50]
    W4: [ 3,  6,  9, 12, 14, 16, 19, 21, 23, 25, 31, 32, 34, 35, 42, 46, 48, 52, 53] > [ 0,  1,  4,  7, 11, 13, 17, 20, 22, 27, 28, 37, 38, 41, 43, 44, 45, 50, 51]
    Truth table row=[>, >, =, <, >] ix=227 result=48+ is correct

Test 49+:
    W0: [16, 17, 18, 19, 27, 28, 29, 31, 33, 34, 36, 38, 39, 40, 44, 48, 49, 52, 53] > [20, 21, 22, 23, 24, 25, 26, 30, 32, 35, 37, 41, 42, 43, 45, 46, 47, 50, 51]
    W1: [12, 15, 20, 21, 22, 23, 24, 44, 48, 49, 52, 53] > [11, 13, 14, 16, 17, 18, 19, 45, 46, 47, 50, 51]
    W2: [ 4,  5,  6,  7,  8, 10, 12, 15, 25, 26, 38, 39, 40, 45, 46, 52, 53] = [ 9, 13, 14, 16, 20, 21, 22, 23, 24, 27, 28, 29, 41, 42, 43, 44, 51]
    W3: [ 1,  2,  3, 10, 11, 15, 17, 18, 19, 20, 25, 26, 28, 29, 30, 36, 47, 51, 53] = [ 4,  5,  6,  9, 12, 14, 16, 23, 24, 31, 35, 37, 38, 39, 42, 43, 46, 48, 50]
    W4: [ 3,  6,  9, 12, 14, 16, 19, 21, 23, 25, 31, 32, 34, 35, 42, 46, 48, 52, 53] = [ 0,  1,  4,  7, 11, 13, 17, 20, 22, 27, 28, 37, 38, 41, 43, 44, 45, 50, 51]
    Truth table row=[>, >, =, =, =] ix=229 result=49+ is correct

Test 50+:
    W0: [16, 17, 18, 19, 27, 28, 29, 31, 33, 34, 36, 38, 39, 40, 44, 48, 49, 52, 53] < [20, 21, 22, 23, 24, 25, 26, 30, 32, 35, 37, 41, 42, 43, 45, 46, 47, 50, 51]
    W1: [12, 15, 20, 21, 22, 23, 24, 44, 48, 49, 52, 53] < [11, 13, 14, 16, 17, 18, 19, 45, 46, 47, 50, 51]
    W2: [ 4,  5,  6,  7,  8, 10, 12, 15, 25, 26, 38, 39, 40, 45, 46, 52, 53] = [ 9, 13, 14, 16, 20, 21, 22, 23, 24, 27, 28, 29, 41, 42, 43, 44, 51]
    W3: [ 1,  2,  3, 10, 11, 15, 17, 18, 19, 20, 25, 26, 28, 29, 30, 36, 47, 51, 53] < [ 4,  5,  6,  9, 12, 14, 16, 23, 24, 31, 35, 37, 38, 39, 42, 43, 46, 48, 50]
    W4: [ 3,  6,  9, 12, 14, 16, 19, 21, 23, 25, 31, 32, 34, 35, 42, 46, 48, 52, 53] < [ 0,  1,  4,  7, 11, 13, 17, 20, 22, 27, 28, 37, 38, 41, 43, 44, 45, 50, 51]
    Truth table row=[<, <, =, <, <] ix=9 result=50+ is correct

Test 51+:
    W0: [16, 17, 18, 19, 27, 28, 29, 31, 33, 34, 36, 38, 39, 40, 44, 48, 49, 52, 53] < [20, 21, 22, 23, 24, 25, 26, 30, 32, 35, 37, 41, 42, 43, 45, 46, 47, 50, 51]
    W1: [12, 15, 20, 21, 22, 23, 24, 44, 48, 49, 52, 53] < [11, 13, 14, 16, 17, 18, 19, 45, 46, 47, 50, 51]
    W2: [ 4,  5,  6,  7,  8, 10, 12, 15, 25, 26, 38, 39, 40, 45, 46, 52, 53] < [ 9, 13, 14, 16, 20, 21, 22, 23, 24, 27, 28, 29, 41, 42, 43, 44, 51]
    W3: [ 1,  2,  3, 10, 11, 15, 17, 18, 19, 20, 25, 26, 28, 29, 30, 36, 47, 51, 53] > [ 4,  5,  6,  9, 12, 14, 16, 23, 24, 31, 35, 37, 38, 39, 42, 43, 46, 48, 50]
    W4: [ 3,  6,  9, 12, 14, 16, 19, 21, 23, 25, 31, 32, 34, 35, 42, 46, 48, 52, 53] < [ 0,  1,  4,  7, 11, 13, 17, 20, 22, 27, 28, 37, 38, 41, 43, 44, 45, 50, 51]
    Truth table row=[<, <, <, >, <] ix=6 result=51+ is correct

Test 52+:
    W0: [16, 17, 18, 19, 27, 28, 29, 31, 33, 34, 36, 38, 39, 40, 44, 48, 49, 52, 53] > [20, 21, 22, 23, 24, 25, 26, 30, 32, 35, 37, 41, 42, 43, 45, 46, 47, 50, 51]
    W1: [12, 15, 20, 21, 22, 23, 24, 44, 48, 49, 52, 53] > [11, 13, 14, 16, 17, 18, 19, 45, 46, 47, 50, 51]
    W2: [ 4,  5,  6,  7,  8, 10, 12, 15, 25, 26, 38, 39, 40, 45, 46, 52, 53] > [ 9, 13, 14, 16, 20, 21, 22, 23, 24, 27, 28, 29, 41, 42, 43, 44, 51]
    W3: [ 1,  2,  3, 10, 11, 15, 17, 18, 19, 20, 25, 26, 28, 29, 30, 36, 47, 51, 53] = [ 4,  5,  6,  9, 12, 14, 16, 23, 24, 31, 35, 37, 38, 39, 42, 43, 46, 48, 50]
    W4: [ 3,  6,  9, 12, 14, 16, 19, 21, 23, 25, 31, 32, 34, 35, 42, 46, 48, 52, 53] > [ 0,  1,  4,  7, 11, 13, 17, 20, 22, 27, 28, 37, 38, 41, 43, 44, 45, 50, 51]
    Truth table row=[>, >, >, =, >] ix=239 result=52+ is correct

Test 53+:
    W0: [16, 17, 18, 19, 27, 28, 29, 31, 33, 34, 36, 38, 39, 40, 44, 48, 49, 52, 53] > [20, 21, 22, 23, 24, 25, 26, 30, 32, 35, 37, 41, 42, 43, 45, 46, 47, 50, 51]
    W1: [12, 15, 20, 21, 22, 23, 24, 44, 48, 49, 52, 53] > [11, 13, 14, 16, 17, 18, 19, 45, 46, 47, 50, 51]
    W2: [ 4,  5,  6,  7,  8, 10, 12, 15, 25, 26, 38, 39, 40, 45, 46, 52, 53] > [ 9, 13, 14, 16, 20, 21, 22, 23, 24, 27, 28, 29, 41, 42, 43, 44, 51]
    W3: [ 1,  2,  3, 10, 11, 15, 17, 18, 19, 20, 25, 26, 28, 29, 30, 36, 47, 51, 53] > [ 4,  5,  6,  9, 12, 14, 16, 23, 24, 31, 35, 37, 38, 39, 42, 43, 46, 48, 50]
    W4: [ 3,  6,  9, 12, 14, 16, 19, 21, 23, 25, 31, 32, 34, 35, 42, 46, 48, 52, 53] > [ 0,  1,  4,  7, 11, 13, 17, 20, 22, 27, 28, 37, 38, 41, 43, 44, 45, 50, 51]
    Truth table row=[>, >, >, >, >] ix=242 result=53+ is correct

Total correct results: 108
Total incorrect results: 0
