Solving for 27 balls and 5 weighings.
Using symmetry breaking strategy TruthTableAscending.

Solution:
W0: [ 0,  1,  2,  6, 10, 11, 12] <=> [ 3,  4,  5,  7,  8,  9, 13]
W1: [ 0,  1,  2,  6, 10, 13, 14] <=> [ 3,  4,  5,  7,  8,  9, 12]
W2: [ 0,  1,  2,  6,  9, 12, 15, 16, 18, 19, 22] <=> [ 3,  4,  5,  7, 10, 11, 13, 14, 17, 20, 21]
W3: [ 0,  1,  5,  7, 12, 15, 16, 20, 21, 23] <=> [ 6,  9, 10, 11, 13, 14, 17, 22, 24, 25]
W4: [ 0,  2,  4,  7, 13, 15, 17, 18, 23, 25] <=> [ 1,  5,  8,  9, 10, 14, 19, 20, 22, 26]

Truth Table:
ix  W0  W1  W2  W3  W4   Result
 0   <   <   <   <   <   0-
 1   <   <   <   <   =
 2   <   <   <   <   >   1-
 3   <   <   <   =   <   2-
 4   <   <   <   =   =   3+
 5   <   <   <   =   >   4+
 6   <   <   <   >   <   5+
 7   <   <   <   >   =   6-
 8   <   <   <   >   >   7+
 9   <   <   =   <   <
10   <   <   =   <   =
11   <   <   =   <   >
12   <   <   =   =   <   8+
13   <   <   =   =   =
14   <   <   =   =   >
15   <   <   =   >   <
16   <   <   =   >   =
17   <   <   =   >   >
18   <   <   >   <   <   9+
19   <   <   >   <   =
20   <   <   >   <   >
21   <   <   >   =   <
22   <   <   >   =   =
23   <   <   >   =   >
24   <   <   >   >   <
25   <   <   >   >   =
26   <   <   >   >   >   10-
27   <   =   <   <   <
28   <   =   <   <   =
29   <   =   <   <   >
30   <   =   <   =   <
31   <   =   <   =   =
32   <   =   <   =   >
33   <   =   <   >   <
34   <   =   <   >   =
35   <   =   <   >   >
36   <   =   =   <   <
37   <   =   =   <   =
38   <   =   =   <   >
39   <   =   =   =   <
40   <   =   =   =   =
41   <   =   =   =   >
42   <   =   =   >   <
43   <   =   =   >   =
44   <   =   =   >   >
45   <   =   >   <   <
46   <   =   >   <   =
47   <   =   >   <   >
48   <   =   >   =   <
49   <   =   >   =   =
50   <   =   >   =   >
51   <   =   >   >   <
52   <   =   >   >   =   11-
53   <   =   >   >   >
54   <   >   <   <   <
55   <   >   <   <   =   12-
56   <   >   <   <   >   13+
57   <   >   <   =   <
58   <   >   <   =   =
59   <   >   <   =   >
60   <   >   <   >   <
61   <   >   <   >   =
62   <   >   <   >   >
63   <   >   =   <   <
64   <   >   =   <   =
65   <   >   =   <   >
66   <   >   =   =   <
67   <   >   =   =   =
68   <   >   =   =   >
69   <   >   =   >   <
70   <   >   =   >   =
71   <   >   =   >   >
72   <   >   >   <   <
73   <   >   >   <   =
74   <   >   >   <   >
75   <   >   >   =   <
76   <   >   >   =   =
77   <   >   >   =   >
78   <   >   >   >   <
79   <   >   >   >   =
80   <   >   >   >   >
81   =   <   <   <   <
82   =   <   <   <   =
83   =   <   <   <   >
84   =   <   <   =   <
85   =   <   <   =   =
86   =   <   <   =   >
87   =   <   <   >   <
88   =   <   <   >   =
89   =   <   <   >   >
90   =   <   =   <   <
91   =   <   =   <   =
92   =   <   =   <   >
93   =   <   =   =   <
94   =   <   =   =   =
95   =   <   =   =   >
96   =   <   =   >   <
97   =   <   =   >   =
98   =   <   =   >   >
99   =   <   >   <   <
100   =   <   >   <   =
101   =   <   >   <   >
102   =   <   >   =   <
103   =   <   >   =   =
104   =   <   >   =   >
105   =   <   >   >   <
106   =   <   >   >   =
107   =   <   >   >   >   14-
108   =   =   <   <   <   15-
109   =   =   <   <   =   16-
110   =   =   <   <   >   17+
111   =   =   <   =   <   18-
112   =   =   <   =   =
113   =   =   <   =   >   19-
114   =   =   <   >   <   20+
115   =   =   <   >   =   21+
116   =   =   <   >   >   22-
117   =   =   =   <   <   23-
118   =   =   =   <   =   24+
119   =   =   =   <   >   25+
120   =   =   =   =   <   26+
121   =   =   =   =   =
122   =   =   =   =   >   26-
123   =   =   =   >   <   25-
124   =   =   =   >   =   24-
125   =   =   =   >   >   23+
126   =   =   >   <   <   22+
127   =   =   >   <   =   21-
128   =   =   >   <   >   20-
129   =   =   >   =   <   19+
130   =   =   >   =   =
131   =   =   >   =   >   18+
132   =   =   >   >   <   17-
133   =   =   >   >   =   16+
134   =   =   >   >   >   15+
135   =   >   <   <   <   14+
136   =   >   <   <   =
137   =   >   <   <   >
138   =   >   <   =   <
139   =   >   <   =   =
140   =   >   <   =   >
141   =   >   <   >   <
142   =   >   <   >   =
143   =   >   <   >   >
144   =   >   =   <   <
145   =   >   =   <   =
146   =   >   =   <   >
147   =   >   =   =   <
148   =   >   =   =   =
149   =   >   =   =   >
150   =   >   =   >   <
151   =   >   =   >   =
152   =   >   =   >   >
153   =   >   >   <   <
154   =   >   >   <   =
155   =   >   >   <   >
156   =   >   >   =   <
157   =   >   >   =   =
158   =   >   >   =   >
159   =   >   >   >   <
160   =   >   >   >   =
161   =   >   >   >   >
162   >   <   <   <   <
163   >   <   <   <   =
164   >   <   <   <   >
165   >   <   <   =   <
166   >   <   <   =   =
167   >   <   <   =   >
168   >   <   <   >   <
169   >   <   <   >   =
170   >   <   <   >   >
171   >   <   =   <   <
172   >   <   =   <   =
173   >   <   =   <   >
174   >   <   =   =   <
175   >   <   =   =   =
176   >   <   =   =   >
177   >   <   =   >   <
178   >   <   =   >   =
179   >   <   =   >   >
180   >   <   >   <   <
181   >   <   >   <   =
182   >   <   >   <   >
183   >   <   >   =   <
184   >   <   >   =   =
185   >   <   >   =   >
186   >   <   >   >   <   13-
187   >   <   >   >   =   12+
188   >   <   >   >   >
189   >   =   <   <   <
190   >   =   <   <   =   11+
191   >   =   <   <   >
192   >   =   <   =   <
193   >   =   <   =   =
194   >   =   <   =   >
195   >   =   <   >   <
196   >   =   <   >   =
197   >   =   <   >   >
198   >   =   =   <   <
199   >   =   =   <   =
200   >   =   =   <   >
201   >   =   =   =   <
202   >   =   =   =   =
203   >   =   =   =   >
204   >   =   =   >   <
205   >   =   =   >   =
206   >   =   =   >   >
207   >   =   >   <   <
208   >   =   >   <   =
209   >   =   >   <   >
210   >   =   >   =   <
211   >   =   >   =   =
212   >   =   >   =   >
213   >   =   >   >   <
214   >   =   >   >   =
215   >   =   >   >   >
216   >   >   <   <   <   10+
217   >   >   <   <   =
218   >   >   <   <   >
219   >   >   <   =   <
220   >   >   <   =   =
221   >   >   <   =   >
222   >   >   <   >   <
223   >   >   <   >   =
224   >   >   <   >   >   9-
225   >   >   =   <   <
226   >   >   =   <   =
227   >   >   =   <   >
228   >   >   =   =   <
229   >   >   =   =   =
230   >   >   =   =   >   8-
231   >   >   =   >   <
232   >   >   =   >   =
233   >   >   =   >   >
234   >   >   >   <   <   7-
235   >   >   >   <   =   6+
236   >   >   >   <   >   5-
237   >   >   >   =   <   4-
238   >   >   >   =   =   3-
239   >   >   >   =   >   2+
240   >   >   >   >   <   1+
241   >   >   >   >   =
242   >   >   >   >   >   0+

Test 0-:
    W0: [ 0,  1,  2,  6, 10, 11, 12] < [ 3,  4,  5,  7,  8,  9, 13]
    W1: [ 0,  1,  2,  6, 10, 13, 14] < [ 3,  4,  5,  7,  8,  9, 12]
    W2: [ 0,  1,  2,  6,  9, 12, 15, 16, 18, 19, 22] < [ 3,  4,  5,  7, 10, 11, 13, 14, 17, 20, 21]
    W3: [ 0,  1,  5,  7, 12, 15, 16, 20, 21, 23] < [ 6,  9, 10, 11, 13, 14, 17, 22, 24, 25]
    W4: [ 0,  2,  4,  7, 13, 15, 17, 18, 23, 25] < [ 1,  5,  8,  9, 10, 14, 19, 20, 22, 26]
    Truth table row=[<, <, <, <, <] ix=0 result=[0-] is correct

Test 0+:
    W0: [ 0,  1,  2,  6, 10, 11, 12] > [ 3,  4,  5,  7,  8,  9, 13]
    W1: [ 0,  1,  2,  6, 10, 13, 14] > [ 3,  4,  5,  7,  8,  9, 12]
    W2: [ 0,  1,  2,  6,  9, 12, 15, 16, 18, 19, 22] > [ 3,  4,  5,  7, 10, 11, 13, 14, 17, 20, 21]
    W3: [ 0,  1,  5,  7, 12, 15, 16, 20, 21, 23] > [ 6,  9, 10, 11, 13, 14, 17, 22, 24, 25]
    W4: [ 0,  2,  4,  7, 13, 15, 17, 18, 23, 25] > [ 1,  5,  8,  9, 10, 14, 19, 20, 22, 26]
    Truth table row=[>, >, >, >, >] ix=242 result=[0+] is correct

Test 1-:
    W0: [ 0,  1,  2,  6, 10, 11, 12] < [ 3,  4,  5,  7,  8,  9, 13]
    W1: [ 0,  1,  2,  6, 10, 13, 14] < [ 3,  4,  5,  7,  8,  9, 12]
    W2: [ 0,  1,  2,  6,  9, 12, 15, 16, 18, 19, 22] < [ 3,  4,  5,  7, 10, 11, 13, 14, 17, 20, 21]
    W3: [ 0,  1,  5,  7, 12, 15, 16, 20, 21, 23] < [ 6,  9, 10, 11, 13, 14, 17, 22, 24, 25]
    W4: [ 0,  2,  4,  7, 13, 15, 17, 18, 23, 25] > [ 1,  5,  8,  9, 10, 14, 19, 20, 22, 26]
    Truth table row=[<, <, <, <, >] ix=2 result=[1-] is correct

Test 1+:
    W0: [ 0,  1,  2,  6, 10, 11, 12] > [ 3,  4,  5,  7,  8,  9, 13]
    W1: [ 0,  1,  2,  6, 10, 13, 14] > [ 3,  4,  5,  7,  8,  9, 12]
    W2: [ 0,  1,  2,  6,  9, 12, 15, 16, 18, 19, 22] > [ 3,  4,  5,  7, 10, 11, 13, 14, 17, 20, 21]
    W3: [ 0,  1,  5,  7, 12, 15, 16, 20, 21, 23] > [ 6,  9, 10, 11, 13, 14, 17, 22, 24, 25]
    W4: [ 0,  2,  4,  7, 13, 15, 17, 18, 23, 25] < [ 1,  5,  8,  9, 10, 14, 19, 20, 22, 26]
    Truth table row=[>, >, >, >, <] ix=240 result=[1+] is correct

Test 2-:
    W0: [ 0,  1,  2,  6, 10, 11, 12] < [ 3,  4,  5,  7,  8,  9, 13]
    W1: [ 0,  1,  2,  6, 10, 13, 14] < [ 3,  4,  5,  7,  8,  9, 12]
    W2: [ 0,  1,  2,  6,  9, 12, 15, 16, 18, 19, 22] < [ 3,  4,  5,  7, 10, 11, 13, 14, 17, 20, 21]
    W3: [ 0,  1,  5,  7, 12, 15, 16, 20, 21, 23] = [ 6,  9, 10, 11, 13, 14, 17, 22, 24, 25]
    W4: [ 0,  2,  4,  7, 13, 15, 17, 18, 23, 25] < [ 1,  5,  8,  9, 10, 14, 19, 20, 22, 26]
    Truth table row=[<, <, <, =, <] ix=3 result=[2-] is correct

Test 2+:
    W0: [ 0,  1,  2,  6, 10, 11, 12] > [ 3,  4,  5,  7,  8,  9, 13]
    W1: [ 0,  1,  2,  6, 10, 13, 14] > [ 3,  4,  5,  7,  8,  9, 12]
    W2: [ 0,  1,  2,  6,  9, 12, 15, 16, 18, 19, 22] > [ 3,  4,  5,  7, 10, 11, 13, 14, 17, 20, 21]
    W3: [ 0,  1,  5,  7, 12, 15, 16, 20, 21, 23] = [ 6,  9, 10, 11, 13, 14, 17, 22, 24, 25]
    W4: [ 0,  2,  4,  7, 13, 15, 17, 18, 23, 25] > [ 1,  5,  8,  9, 10, 14, 19, 20, 22, 26]
    Truth table row=[>, >, >, =, >] ix=239 result=[2+] is correct

Test 3-:
    W0: [ 0,  1,  2,  6, 10, 11, 12] > [ 3,  4,  5,  7,  8,  9, 13]
    W1: [ 0,  1,  2,  6, 10, 13, 14] > [ 3,  4,  5,  7,  8,  9, 12]
    W2: [ 0,  1,  2,  6,  9, 12, 15, 16, 18, 19, 22] > [ 3,  4,  5,  7, 10, 11, 13, 14, 17, 20, 21]
    W3: [ 0,  1,  5,  7, 12, 15, 16, 20, 21, 23] = [ 6,  9, 10, 11, 13, 14, 17, 22, 24, 25]
    W4: [ 0,  2,  4,  7, 13, 15, 17, 18, 23, 25] = [ 1,  5,  8,  9, 10, 14, 19, 20, 22, 26]
    Truth table row=[>, >, >, =, =] ix=238 result=[3-] is correct

Test 3+:
    W0: [ 0,  1,  2,  6, 10, 11, 12] < [ 3,  4,  5,  7,  8,  9, 13]
    W1: [ 0,  1,  2,  6, 10, 13, 14] < [ 3,  4,  5,  7,  8,  9, 12]
    W2: [ 0,  1,  2,  6,  9, 12, 15, 16, 18, 19, 22] < [ 3,  4,  5,  7, 10, 11, 13, 14, 17, 20, 21]
    W3: [ 0,  1,  5,  7, 12, 15, 16, 20, 21, 23] = [ 6,  9, 10, 11, 13, 14, 17, 22, 24, 25]
    W4: [ 0,  2,  4,  7, 13, 15, 17, 18, 23, 25] = [ 1,  5,  8,  9, 10, 14, 19, 20, 22, 26]
    Truth table row=[<, <, <, =, =] ix=4 result=[3+] is correct

Test 4-:
    W0: [ 0,  1,  2,  6, 10, 11, 12] > [ 3,  4,  5,  7,  8,  9, 13]
    W1: [ 0,  1,  2,  6, 10, 13, 14] > [ 3,  4,  5,  7,  8,  9, 12]
    W2: [ 0,  1,  2,  6,  9, 12, 15, 16, 18, 19, 22] > [ 3,  4,  5,  7, 10, 11, 13, 14, 17, 20, 21]
    W3: [ 0,  1,  5,  7, 12, 15, 16, 20, 21, 23] = [ 6,  9, 10, 11, 13, 14, 17, 22, 24, 25]
    W4: [ 0,  2,  4,  7, 13, 15, 17, 18, 23, 25] < [ 1,  5,  8,  9, 10, 14, 19, 20, 22, 26]
    Truth table row=[>, >, >, =, <] ix=237 result=[4-] is correct

Test 4+:
    W0: [ 0,  1,  2,  6, 10, 11, 12] < [ 3,  4,  5,  7,  8,  9, 13]
    W1: [ 0,  1,  2,  6, 10, 13, 14] < [ 3,  4,  5,  7,  8,  9, 12]
    W2: [ 0,  1,  2,  6,  9, 12, 15, 16, 18, 19, 22] < [ 3,  4,  5,  7, 10, 11, 13, 14, 17, 20, 21]
    W3: [ 0,  1,  5,  7, 12, 15, 16, 20, 21, 23] = [ 6,  9, 10, 11, 13, 14, 17, 22, 24, 25]
    W4: [ 0,  2,  4,  7, 13, 15, 17, 18, 23, 25] > [ 1,  5,  8,  9, 10, 14, 19, 20, 22, 26]
    Truth table row=[<, <, <, =, >] ix=5 result=[4+] is correct

Test 5-:
    W0: [ 0,  1,  2,  6, 10, 11, 12] > [ 3,  4,  5,  7,  8,  9, 13]
    W1: [ 0,  1,  2,  6, 10, 13, 14] > [ 3,  4,  5,  7,  8,  9, 12]
    W2: [ 0,  1,  2,  6,  9, 12, 15, 16, 18, 19, 22] > [ 3,  4,  5,  7, 10, 11, 13, 14, 17, 20, 21]
    W3: [ 0,  1,  5,  7, 12, 15, 16, 20, 21, 23] < [ 6,  9, 10, 11, 13, 14, 17, 22, 24, 25]
    W4: [ 0,  2,  4,  7, 13, 15, 17, 18, 23, 25] > [ 1,  5,  8,  9, 10, 14, 19, 20, 22, 26]
    Truth table row=[>, >, >, <, >] ix=236 result=[5-] is correct

Test 5+:
    W0: [ 0,  1,  2,  6, 10, 11, 12] < [ 3,  4,  5,  7,  8,  9, 13]
    W1: [ 0,  1,  2,  6, 10, 13, 14] < [ 3,  4,  5,  7,  8,  9, 12]
    W2: [ 0,  1,  2,  6,  9, 12, 15, 16, 18, 19, 22] < [ 3,  4,  5,  7, 10, 11, 13, 14, 17, 20, 21]
    W3: [ 0,  1,  5,  7, 12, 15, 16, 20, 21, 23] > [ 6,  9, 10, 11, 13, 14, 17, 22, 24, 25]
    W4: [ 0,  2,  4,  7, 13, 15, 17, 18, 23, 25] < [ 1,  5,  8,  9, 10, 14, 19, 20, 22, 26]
    Truth table row=[<, <, <, >, <] ix=6 result=[5+] is correct

Test 6-:
    W0: [ 0,  1,  2,  6, 10, 11, 12] < [ 3,  4,  5,  7,  8,  9, 13]
    W1: [ 0,  1,  2,  6, 10, 13, 14] < [ 3,  4,  5,  7,  8,  9, 12]
    W2: [ 0,  1,  2,  6,  9, 12, 15, 16, 18, 19, 22] < [ 3,  4,  5,  7, 10, 11, 13, 14, 17, 20, 21]
    W3: [ 0,  1,  5,  7, 12, 15, 16, 20, 21, 23] > [ 6,  9, 10, 11, 13, 14, 17, 22, 24, 25]
    W4: [ 0,  2,  4,  7, 13, 15, 17, 18, 23, 25] = [ 1,  5,  8,  9, 10, 14, 19, 20, 22, 26]
    Truth table row=[<, <, <, >, =] ix=7 result=[6-] is correct

Test 6+:
    W0: [ 0,  1,  2,  6, 10, 11, 12] > [ 3,  4,  5,  7,  8,  9, 13]
    W1: [ 0,  1,  2,  6, 10, 13, 14] > [ 3,  4,  5,  7,  8,  9, 12]
    W2: [ 0,  1,  2,  6,  9, 12, 15, 16, 18, 19, 22] > [ 3,  4,  5,  7, 10, 11, 13, 14, 17, 20, 21]
    W3: [ 0,  1,  5,  7, 12, 15, 16, 20, 21, 23] < [ 6,  9, 10, 11, 13, 14, 17, 22, 24, 25]
    W4: [ 0,  2,  4,  7, 13, 15, 17, 18, 23, 25] = [ 1,  5,  8,  9, 10, 14, 19, 20, 22, 26]
    Truth table row=[>, >, >, <, =] ix=235 result=[6+] is correct

Test 7-:
    W0: [ 0,  1,  2,  6, 10, 11, 12] > [ 3,  4,  5,  7,  8,  9, 13]
    W1: [ 0,  1,  2,  6, 10, 13, 14] > [ 3,  4,  5,  7,  8,  9, 12]
    W2: [ 0,  1,  2,  6,  9, 12, 15, 16, 18, 19, 22] > [ 3,  4,  5,  7, 10, 11, 13, 14, 17, 20, 21]
    W3: [ 0,  1,  5,  7, 12, 15, 16, 20, 21, 23] < [ 6,  9, 10, 11, 13, 14, 17, 22, 24, 25]
    W4: [ 0,  2,  4,  7, 13, 15, 17, 18, 23, 25] < [ 1,  5,  8,  9, 10, 14, 19, 20, 22, 26]
    Truth table row=[>, >, >, <, <] ix=234 result=[7-] is correct

Test 7+:
    W0: [ 0,  1,  2,  6, 10, 11, 12] < [ 3,  4,  5,  7,  8,  9, 13]
    W1: [ 0,  1,  2,  6, 10, 13, 14] < [ 3,  4,  5,  7,  8,  9, 12]
    W2: [ 0,  1,  2,  6,  9, 12, 15, 16, 18, 19, 22] < [ 3,  4,  5,  7, 10, 11, 13, 14, 17, 20, 21]
    W3: [ 0,  1,  5,  7, 12, 15, 16, 20, 21, 23] > [ 6,  9, 10, 11, 13, 14, 17, 22, 24, 25]
    W4: [ 0,  2,  4,  7, 13, 15, 17, 18, 23, 25] > [ 1,  5,  8,  9, 10, 14, 19, 20, 22, 26]
    Truth table row=[<, <, <, >, >] ix=8 result=[7+] is correct

Test 8-:
    W0: [ 0,  1,  2,  6, 10, 11, 12] > [ 3,  4,  5,  7,  8,  9, 13]
    W1: [ 0,  1,  2,  6, 10, 13, 14] > [ 3,  4,  5,  7,  8,  9, 12]
    W2: [ 0,  1,  2,  6,  9, 12, 15, 16, 18, 19, 22] = [ 3,  4,  5,  7, 10, 11, 13, 14, 17, 20, 21]
    W3: [ 0,  1,  5,  7, 12, 15, 16, 20, 21, 23] = [ 6,  9, 10, 11, 13, 14, 17, 22, 24, 25]
    W4: [ 0,  2,  4,  7, 13, 15, 17, 18, 23, 25] > [ 1,  5,  8,  9, 10, 14, 19, 20, 22, 26]
    Truth table row=[>, >, =, =, >] ix=230 result=[8-] is correct

Test 8+:
    W0: [ 0,  1,  2,  6, 10, 11, 12] < [ 3,  4,  5,  7,  8,  9, 13]
    W1: [ 0,  1,  2,  6, 10, 13, 14] < [ 3,  4,  5,  7,  8,  9, 12]
    W2: [ 0,  1,  2,  6,  9, 12, 15, 16, 18, 19, 22] = [ 3,  4,  5,  7, 10, 11, 13, 14, 17, 20, 21]
    W3: [ 0,  1,  5,  7, 12, 15, 16, 20, 21, 23] = [ 6,  9, 10, 11, 13, 14, 17, 22, 24, 25]
    W4: [ 0,  2,  4,  7, 13, 15, 17, 18, 23, 25] < [ 1,  5,  8,  9, 10, 14, 19, 20, 22, 26]
    Truth table row=[<, <, =, =, <] ix=12 result=[8+] is correct

Test 9-:
    W0: [ 0,  1,  2,  6, 10, 11, 12] > [ 3,  4,  5,  7,  8,  9, 13]
    W1: [ 0,  1,  2,  6, 10, 13, 14] > [ 3,  4,  5,  7,  8,  9, 12]
    W2: [ 0,  1,  2,  6,  9, 12, 15, 16, 18, 19, 22] < [ 3,  4,  5,  7, 10, 11, 13, 14, 17, 20, 21]
    W3: [ 0,  1,  5,  7, 12, 15, 16, 20, 21, 23] > [ 6,  9, 10, 11, 13, 14, 17, 22, 24, 25]
    W4: [ 0,  2,  4,  7, 13, 15, 17, 18, 23, 25] > [ 1,  5,  8,  9, 10, 14, 19, 20, 22, 26]
    Truth table row=[>, >, <, >, >] ix=224 result=[9-] is correct

Test 9+:
    W0: [ 0,  1,  2,  6, 10, 11, 12] < [ 3,  4,  5,  7,  8,  9, 13]
    W1: [ 0,  1,  2,  6, 10, 13, 14] < [ 3,  4,  5,  7,  8,  9, 12]
    W2: [ 0,  1,  2,  6,  9, 12, 15, 16, 18, 19, 22] > [ 3,  4,  5,  7, 10, 11, 13, 14, 17, 20, 21]
    W3: [ 0,  1,  5,  7, 12, 15, 16, 20, 21, 23] < [ 6,  9, 10, 11, 13, 14, 17, 22, 24, 25]
    W4: [ 0,  2,  4,  7, 13, 15, 17, 18, 23, 25] < [ 1,  5,  8,  9, 10, 14, 19, 20, 22, 26]
    Truth table row=[<, <, >, <, <] ix=18 result=[9+] is correct

Test 10-:
    W0: [ 0,  1,  2,  6, 10, 11, 12] < [ 3,  4,  5,  7,  8,  9, 13]
    W1: [ 0,  1,  2,  6, 10, 13, 14] < [ 3,  4,  5,  7,  8,  9, 12]
    W2: [ 0,  1,  2,  6,  9, 12, 15, 16, 18, 19, 22] > [ 3,  4,  5,  7, 10, 11, 13, 14, 17, 20, 21]
    W3: [ 0,  1,  5,  7, 12, 15, 16, 20, 21, 23] > [ 6,  9, 10, 11, 13, 14, 17, 22, 24, 25]
    W4: [ 0,  2,  4,  7, 13, 15, 17, 18, 23, 25] > [ 1,  5,  8,  9, 10, 14, 19, 20, 22, 26]
    Truth table row=[<, <, >, >, >] ix=26 result=[10-] is correct

Test 10+:
    W0: [ 0,  1,  2,  6, 10, 11, 12] > [ 3,  4,  5,  7,  8,  9, 13]
    W1: [ 0,  1,  2,  6, 10, 13, 14] > [ 3,  4,  5,  7,  8,  9, 12]
    W2: [ 0,  1,  2,  6,  9, 12, 15, 16, 18, 19, 22] < [ 3,  4,  5,  7, 10, 11, 13, 14, 17, 20, 21]
    W3: [ 0,  1,  5,  7, 12, 15, 16, 20, 21, 23] < [ 6,  9, 10, 11, 13, 14, 17, 22, 24, 25]
    W4: [ 0,  2,  4,  7, 13, 15, 17, 18, 23, 25] < [ 1,  5,  8,  9, 10, 14, 19, 20, 22, 26]
    Truth table row=[>, >, <, <, <] ix=216 result=[10+] is correct

Test 11-:
    W0: [ 0,  1,  2,  6, 10, 11, 12] < [ 3,  4,  5,  7,  8,  9, 13]
    W1: [ 0,  1,  2,  6, 10, 13, 14] = [ 3,  4,  5,  7,  8,  9, 12]
    W2: [ 0,  1,  2,  6,  9, 12, 15, 16, 18, 19, 22] > [ 3,  4,  5,  7, 10, 11, 13, 14, 17, 20, 21]
    W3: [ 0,  1,  5,  7, 12, 15, 16, 20, 21, 23] > [ 6,  9, 10, 11, 13, 14, 17, 22, 24, 25]
    W4: [ 0,  2,  4,  7, 13, 15, 17, 18, 23, 25] = [ 1,  5,  8,  9, 10, 14, 19, 20, 22, 26]
    Truth table row=[<, =, >, >, =] ix=52 result=[11-] is correct

Test 11+:
    W0: [ 0,  1,  2,  6, 10, 11, 12] > [ 3,  4,  5,  7,  8,  9, 13]
    W1: [ 0,  1,  2,  6, 10, 13, 14] = [ 3,  4,  5,  7,  8,  9, 12]
    W2: [ 0,  1,  2,  6,  9, 12, 15, 16, 18, 19, 22] < [ 3,  4,  5,  7, 10, 11, 13, 14, 17, 20, 21]
    W3: [ 0,  1,  5,  7, 12, 15, 16, 20, 21, 23] < [ 6,  9, 10, 11, 13, 14, 17, 22, 24, 25]
    W4: [ 0,  2,  4,  7, 13, 15, 17, 18, 23, 25] = [ 1,  5,  8,  9, 10, 14, 19, 20, 22, 26]
    Truth table row=[>, =, <, <, =] ix=190 result=[11+] is correct

Test 12-:
    W0: [ 0,  1,  2,  6, 10, 11, 12] < [ 3,  4,  5,  7,  8,  9, 13]
    W1: [ 0,  1,  2,  6, 10, 13, 14] > [ 3,  4,  5,  7,  8,  9, 12]
    W2: [ 0,  1,  2,  6,  9, 12, 15, 16, 18, 19, 22] < [ 3,  4,  5,  7, 10, 11, 13, 14, 17, 20, 21]
    W3: [ 0,  1,  5,  7, 12, 15, 16, 20, 21, 23] < [ 6,  9, 10, 11, 13, 14, 17, 22, 24, 25]
    W4: [ 0,  2,  4,  7, 13, 15, 17, 18, 23, 25] = [ 1,  5,  8,  9, 10, 14, 19, 20, 22, 26]
    Truth table row=[<, >, <, <, =] ix=55 result=[12-] is correct

Test 12+:
    W0: [ 0,  1,  2,  6, 10, 11, 12] > [ 3,  4,  5,  7,  8,  9, 13]
    W1: [ 0,  1,  2,  6, 10, 13, 14] < [ 3,  4,  5,  7,  8,  9, 12]
    W2: [ 0,  1,  2,  6,  9, 12, 15, 16, 18, 19, 22] > [ 3,  4,  5,  7, 10, 11, 13, 14, 17, 20, 21]
    W3: [ 0,  1,  5,  7, 12, 15, 16, 20, 21, 23] > [ 6,  9, 10, 11, 13, 14, 17, 22, 24, 25]
    W4: [ 0,  2,  4,  7, 13, 15, 17, 18, 23, 25] = [ 1,  5,  8,  9, 10, 14, 19, 20, 22, 26]
    Truth table row=[>, <, >, >, =] ix=187 result=[12+] is correct

Test 13-:
    W0: [ 0,  1,  2,  6, 10, 11, 12] > [ 3,  4,  5,  7,  8,  9, 13]
    W1: [ 0,  1,  2,  6, 10, 13, 14] < [ 3,  4,  5,  7,  8,  9, 12]
    W2: [ 0,  1,  2,  6,  9, 12, 15, 16, 18, 19, 22] > [ 3,  4,  5,  7, 10, 11, 13, 14, 17, 20, 21]
    W3: [ 0,  1,  5,  7, 12, 15, 16, 20, 21, 23] > [ 6,  9, 10, 11, 13, 14, 17, 22, 24, 25]
    W4: [ 0,  2,  4,  7, 13, 15, 17, 18, 23, 25] < [ 1,  5,  8,  9, 10, 14, 19, 20, 22, 26]
    Truth table row=[>, <, >, >, <] ix=186 result=[13-] is correct

Test 13+:
    W0: [ 0,  1,  2,  6, 10, 11, 12] < [ 3,  4,  5,  7,  8,  9, 13]
    W1: [ 0,  1,  2,  6, 10, 13, 14] > [ 3,  4,  5,  7,  8,  9, 12]
    W2: [ 0,  1,  2,  6,  9, 12, 15, 16, 18, 19, 22] < [ 3,  4,  5,  7, 10, 11, 13, 14, 17, 20, 21]
    W3: [ 0,  1,  5,  7, 12, 15, 16, 20, 21, 23] < [ 6,  9, 10, 11, 13, 14, 17, 22, 24, 25]
    W4: [ 0,  2,  4,  7, 13, 15, 17, 18, 23, 25] > [ 1,  5,  8,  9, 10, 14, 19, 20, 22, 26]
    Truth table row=[<, >, <, <, >] ix=56 result=[13+] is correct

Test 14-:
    W0: [ 0,  1,  2,  6, 10, 11, 12] = [ 3,  4,  5,  7,  8,  9, 13]
    W1: [ 0,  1,  2,  6, 10, 13, 14] < [ 3,  4,  5,  7,  8,  9, 12]
    W2: [ 0,  1,  2,  6,  9, 12, 15, 16, 18, 19, 22] > [ 3,  4,  5,  7, 10, 11, 13, 14, 17, 20, 21]
    W3: [ 0,  1,  5,  7, 12, 15, 16, 20, 21, 23] > [ 6,  9, 10, 11, 13, 14, 17, 22, 24, 25]
    W4: [ 0,  2,  4,  7, 13, 15, 17, 18, 23, 25] > [ 1,  5,  8,  9, 10, 14, 19, 20, 22, 26]
    Truth table row=[=, <, >, >, >] ix=107 result=[14-] is correct

Test 14+:
    W0: [ 0,  1,  2,  6, 10, 11, 12] = [ 3,  4,  5,  7,  8,  9, 13]
    W1: [ 0,  1,  2,  6, 10, 13, 14] > [ 3,  4,  5,  7,  8,  9, 12]
    W2: [ 0,  1,  2,  6,  9, 12, 15, 16, 18, 19, 22] < [ 3,  4,  5,  7, 10, 11, 13, 14, 17, 20, 21]
    W3: [ 0,  1,  5,  7, 12, 15, 16, 20, 21, 23] < [ 6,  9, 10, 11, 13, 14, 17, 22, 24, 25]
    W4: [ 0,  2,  4,  7, 13, 15, 17, 18, 23, 25] < [ 1,  5,  8,  9, 10, 14, 19, 20, 22, 26]
    Truth table row=[=, >, <, <, <] ix=135 result=[14+] is correct

Test 15-:
    W0: [ 0,  1,  2,  6, 10, 11, 12] = [ 3,  4,  5,  7,  8,  9, 13]
    W1: [ 0,  1,  2,  6, 10, 13, 14] = [ 3,  4,  5,  7,  8,  9, 12]
    W2: [ 0,  1,  2,  6,  9, 12, 15, 16, 18, 19, 22] < [ 3,  4,  5,  7, 10, 11, 13, 14, 17, 20, 21]
    W3: [ 0,  1,  5,  7, 12, 15, 16, 20, 21, 23] < [ 6,  9, 10, 11, 13, 14, 17, 22, 24, 25]
    W4: [ 0,  2,  4,  7, 13, 15, 17, 18, 23, 25] < [ 1,  5,  8,  9, 10, 14, 19, 20, 22, 26]
    Truth table row=[=, =, <, <, <] ix=108 result=[15-] is correct

Test 15+:
    W0: [ 0,  1,  2,  6, 10, 11, 12] = [ 3,  4,  5,  7,  8,  9, 13]
    W1: [ 0,  1,  2,  6, 10, 13, 14] = [ 3,  4,  5,  7,  8,  9, 12]
    W2: [ 0,  1,  2,  6,  9, 12, 15, 16, 18, 19, 22] > [ 3,  4,  5,  7, 10, 11, 13, 14, 17, 20, 21]
    W3: [ 0,  1,  5,  7, 12, 15, 16, 20, 21, 23] > [ 6,  9, 10, 11, 13, 14, 17, 22, 24, 25]
    W4: [ 0,  2,  4,  7, 13, 15, 17, 18, 23, 25] > [ 1,  5,  8,  9, 10, 14, 19, 20, 22, 26]
    Truth table row=[=, =, >, >, >] ix=134 result=[15+] is correct

Test 16-:
    W0: [ 0,  1,  2,  6, 10, 11, 12] = [ 3,  4,  5,  7,  8,  9, 13]
    W1: [ 0,  1,  2,  6, 10, 13, 14] = [ 3,  4,  5,  7,  8,  9, 12]
    W2: [ 0,  1,  2,  6,  9, 12, 15, 16, 18, 19, 22] < [ 3,  4,  5,  7, 10, 11, 13, 14, 17, 20, 21]
    W3: [ 0,  1,  5,  7, 12, 15, 16, 20, 21, 23] < [ 6,  9, 10, 11, 13, 14, 17, 22, 24, 25]
    W4: [ 0,  2,  4,  7, 13, 15, 17, 18, 23, 25] = [ 1,  5,  8,  9, 10, 14, 19, 20, 22, 26]
    Truth table row=[=, =, <, <, =] ix=109 result=[16-] is correct

Test 16+:
    W0: [ 0,  1,  2,  6, 10, 11, 12] = [ 3,  4,  5,  7,  8,  9, 13]
    W1: [ 0,  1,  2,  6, 10, 13, 14] = [ 3,  4,  5,  7,  8,  9, 12]
    W2: [ 0,  1,  2,  6,  9, 12, 15, 16, 18, 19, 22] > [ 3,  4,  5,  7, 10, 11, 13, 14, 17, 20, 21]
    W3: [ 0,  1,  5,  7, 12, 15, 16, 20, 21, 23] > [ 6,  9, 10, 11, 13, 14, 17, 22, 24, 25]
    W4: [ 0,  2,  4,  7, 13, 15, 17, 18, 23, 25] = [ 1,  5,  8,  9, 10, 14, 19, 20, 22, 26]
    Truth table row=[=, =, >, >, =] ix=133 result=[16+] is correct

Test 17-:
    W0: [ 0,  1,  2,  6, 10, 11, 12] = [ 3,  4,  5,  7,  8,  9, 13]
    W1: [ 0,  1,  2,  6, 10, 13, 14] = [ 3,  4,  5,  7,  8,  9, 12]
    W2: [ 0,  1,  2,  6,  9, 12, 15, 16, 18, 19, 22] > [ 3,  4,  5,  7, 10, 11, 13, 14, 17, 20, 21]
    W3: [ 0,  1,  5,  7, 12, 15, 16, 20, 21, 23] > [ 6,  9, 10, 11, 13, 14, 17, 22, 24, 25]
    W4: [ 0,  2,  4,  7, 13, 15, 17, 18, 23, 25] < [ 1,  5,  8,  9, 10, 14, 19, 20, 22, 26]
    Truth table row=[=, =, >, >, <] ix=132 result=[17-] is correct

Test 17+:
    W0: [ 0,  1,  2,  6, 10, 11, 12] = [ 3,  4,  5,  7,  8,  9, 13]
    W1: [ 0,  1,  2,  6, 10, 13, 14] = [ 3,  4,  5,  7,  8,  9, 12]
    W2: [ 0,  1,  2,  6,  9, 12, 15, 16, 18, 19, 22] < [ 3,  4,  5,  7, 10, 11, 13, 14, 17, 20, 21]
    W3: [ 0,  1,  5,  7, 12, 15, 16, 20, 21, 23] < [ 6,  9, 10, 11, 13, 14, 17, 22, 24, 25]
    W4: [ 0,  2,  4,  7, 13, 15, 17, 18, 23, 25] > [ 1,  5,  8,  9, 10, 14, 19, 20, 22, 26]
    Truth table row=[=, =, <, <, >] ix=110 result=[17+] is correct

Test 18-:
    W0: [ 0,  1,  2,  6, 10, 11, 12] = [ 3,  4,  5,  7,  8,  9, 13]
    W1: [ 0,  1,  2,  6, 10, 13, 14] = [ 3,  4,  5,  7,  8,  9, 12]
    W2: [ 0,  1,  2,  6,  9, 12, 15, 16, 18, 19, 22] < [ 3,  4,  5,  7, 10, 11, 13, 14, 17, 20, 21]
    W3: [ 0,  1,  5,  7, 12, 15, 16, 20, 21, 23] = [ 6,  9, 10, 11, 13, 14, 17, 22, 24, 25]
    W4: [ 0,  2,  4,  7, 13, 15, 17, 18, 23, 25] < [ 1,  5,  8,  9, 10, 14, 19, 20, 22, 26]
    Truth table row=[=, =, <, =, <] ix=111 result=[18-] is correct

Test 18+:
    W0: [ 0,  1,  2,  6, 10, 11, 12] = [ 3,  4,  5,  7,  8,  9, 13]
    W1: [ 0,  1,  2,  6, 10, 13, 14] = [ 3,  4,  5,  7,  8,  9, 12]
    W2: [ 0,  1,  2,  6,  9, 12, 15, 16, 18, 19, 22] > [ 3,  4,  5,  7, 10, 11, 13, 14, 17, 20, 21]
    W3: [ 0,  1,  5,  7, 12, 15, 16, 20, 21, 23] = [ 6,  9, 10, 11, 13, 14, 17, 22, 24, 25]
    W4: [ 0,  2,  4,  7, 13, 15, 17, 18, 23, 25] > [ 1,  5,  8,  9, 10, 14, 19, 20, 22, 26]
    Truth table row=[=, =, >, =, >] ix=131 result=[18+] is correct

Test 19-:
    W0: [ 0,  1,  2,  6, 10, 11, 12] = [ 3,  4,  5,  7,  8,  9, 13]
    W1: [ 0,  1,  2,  6, 10, 13, 14] = [ 3,  4,  5,  7,  8,  9, 12]
    W2: [ 0,  1,  2,  6,  9, 12, 15, 16, 18, 19, 22] < [ 3,  4,  5,  7, 10, 11, 13, 14, 17, 20, 21]
    W3: [ 0,  1,  5,  7, 12, 15, 16, 20, 21, 23] = [ 6,  9, 10, 11, 13, 14, 17, 22, 24, 25]
    W4: [ 0,  2,  4,  7, 13, 15, 17, 18, 23, 25] > [ 1,  5,  8,  9, 10, 14, 19, 20, 22, 26]
    Truth table row=[=, =, <, =, >] ix=113 result=[19-] is correct

Test 19+:
    W0: [ 0,  1,  2,  6, 10, 11, 12] = [ 3,  4,  5,  7,  8,  9, 13]
    W1: [ 0,  1,  2,  6, 10, 13, 14] = [ 3,  4,  5,  7,  8,  9, 12]
    W2: [ 0,  1,  2,  6,  9, 12, 15, 16, 18, 19, 22] > [ 3,  4,  5,  7, 10, 11, 13, 14, 17, 20, 21]
    W3: [ 0,  1,  5,  7, 12, 15, 16, 20, 21, 23] = [ 6,  9, 10, 11, 13, 14, 17, 22, 24, 25]
    W4: [ 0,  2,  4,  7, 13, 15, 17, 18, 23, 25] < [ 1,  5,  8,  9, 10, 14, 19, 20, 22, 26]
    Truth table row=[=, =, >, =, <] ix=129 result=[19+] is correct

Test 20-:
    W0: [ 0,  1,  2,  6, 10, 11, 12] = [ 3,  4,  5,  7,  8,  9, 13]
    W1: [ 0,  1,  2,  6, 10, 13, 14] = [ 3,  4,  5,  7,  8,  9, 12]
    W2: [ 0,  1,  2,  6,  9, 12, 15, 16, 18, 19, 22] > [ 3,  4,  5,  7, 10, 11, 13, 14, 17, 20, 21]
    W3: [ 0,  1,  5,  7, 12, 15, 16, 20, 21, 23] < [ 6,  9, 10, 11, 13, 14, 17, 22, 24, 25]
    W4: [ 0,  2,  4,  7, 13, 15, 17, 18, 23, 25] > [ 1,  5,  8,  9, 10, 14, 19, 20, 22, 26]
    Truth table row=[=, =, >, <, >] ix=128 result=[20-] is correct

Test 20+:
    W0: [ 0,  1,  2,  6, 10, 11, 12] = [ 3,  4,  5,  7,  8,  9, 13]
    W1: [ 0,  1,  2,  6, 10, 13, 14] = [ 3,  4,  5,  7,  8,  9, 12]
    W2: [ 0,  1,  2,  6,  9, 12, 15, 16, 18, 19, 22] < [ 3,  4,  5,  7, 10, 11, 13, 14, 17, 20, 21]
    W3: [ 0,  1,  5,  7, 12, 15, 16, 20, 21, 23] > [ 6,  9, 10, 11, 13, 14, 17, 22, 24, 25]
    W4: [ 0,  2,  4,  7, 13, 15, 17, 18, 23, 25] < [ 1,  5,  8,  9, 10, 14, 19, 20, 22, 26]
    Truth table row=[=, =, <, >, <] ix=114 result=[20+] is correct

Test 21-:
    W0: [ 0,  1,  2,  6, 10, 11, 12] = [ 3,  4,  5,  7,  8,  9, 13]
    W1: [ 0,  1,  2,  6, 10, 13, 14] = [ 3,  4,  5,  7,  8,  9, 12]
    W2: [ 0,  1,  2,  6,  9, 12, 15, 16, 18, 19, 22] > [ 3,  4,  5,  7, 10, 11, 13, 14, 17, 20, 21]
    W3: [ 0,  1,  5,  7, 12, 15, 16, 20, 21, 23] < [ 6,  9, 10, 11, 13, 14, 17, 22, 24, 25]
    W4: [ 0,  2,  4,  7, 13, 15, 17, 18, 23, 25] = [ 1,  5,  8,  9, 10, 14, 19, 20, 22, 26]
    Truth table row=[=, =, >, <, =] ix=127 result=[21-] is correct

Test 21+:
    W0: [ 0,  1,  2,  6, 10, 11, 12] = [ 3,  4,  5,  7,  8,  9, 13]
    W1: [ 0,  1,  2,  6, 10, 13, 14] = [ 3,  4,  5,  7,  8,  9, 12]
    W2: [ 0,  1,  2,  6,  9, 12, 15, 16, 18, 19, 22] < [ 3,  4,  5,  7, 10, 11, 13, 14, 17, 20, 21]
    W3: [ 0,  1,  5,  7, 12, 15, 16, 20, 21, 23] > [ 6,  9, 10, 11, 13, 14, 17, 22, 24, 25]
    W4: [ 0,  2,  4,  7, 13, 15, 17, 18, 23, 25] = [ 1,  5,  8,  9, 10, 14, 19, 20, 22, 26]
    Truth table row=[=, =, <, >, =] ix=115 result=[21+] is correct

Test 22-:
    W0: [ 0,  1,  2,  6, 10, 11, 12] = [ 3,  4,  5,  7,  8,  9, 13]
    W1: [ 0,  1,  2,  6, 10, 13, 14] = [ 3,  4,  5,  7,  8,  9, 12]
    W2: [ 0,  1,  2,  6,  9, 12, 15, 16, 18, 19, 22] < [ 3,  4,  5,  7, 10, 11, 13, 14, 17, 20, 21]
    W3: [ 0,  1,  5,  7, 12, 15, 16, 20, 21, 23] > [ 6,  9, 10, 11, 13, 14, 17, 22, 24, 25]
    W4: [ 0,  2,  4,  7, 13, 15, 17, 18, 23, 25] > [ 1,  5,  8,  9, 10, 14, 19, 20, 22, 26]
    Truth table row=[=, =, <, >, >] ix=116 result=[22-] is correct

Test 22+:
    W0: [ 0,  1,  2,  6, 10, 11, 12] = [ 3,  4,  5,  7,  8,  9, 13]
    W1: [ 0,  1,  2,  6, 10, 13, 14] = [ 3,  4,  5,  7,  8,  9, 12]
    W2: [ 0,  1,  2,  6,  9, 12, 15, 16, 18, 19, 22] > [ 3,  4,  5,  7, 10, 11, 13, 14, 17, 20, 21]
    W3: [ 0,  1,  5,  7, 12, 15, 16, 20, 21, 23] < [ 6,  9, 10, 11, 13, 14, 17, 22, 24, 25]
    W4: [ 0,  2,  4,  7, 13, 15, 17, 18, 23, 25] < [ 1,  5,  8,  9, 10, 14, 19, 20, 22, 26]
    Truth table row=[=, =, >, <, <] ix=126 result=[22+] is correct

Test 23-:
    W0: [ 0,  1,  2,  6, 10, 11, 12] = [ 3,  4,  5,  7,  8,  9, 13]
    W1: [ 0,  1,  2,  6, 10, 13, 14] = [ 3,  4,  5,  7,  8,  9, 12]
    W2: [ 0,  1,  2,  6,  9, 12, 15, 16, 18, 19, 22] = [ 3,  4,  5,  7, 10, 11, 13, 14, 17, 20, 21]
    W3: [ 0,  1,  5,  7, 12, 15, 16, 20, 21, 23] < [ 6,  9, 10, 11, 13, 14, 17, 22, 24, 25]
    W4: [ 0,  2,  4,  7, 13, 15, 17, 18, 23, 25] < [ 1,  5,  8,  9, 10, 14, 19, 20, 22, 26]
    Truth table row=[=, =, =, <, <] ix=117 result=[23-] is correct

Test 23+:
    W0: [ 0,  1,  2,  6, 10, 11, 12] = [ 3,  4,  5,  7,  8,  9, 13]
    W1: [ 0,  1,  2,  6, 10, 13, 14] = [ 3,  4,  5,  7,  8,  9, 12]
    W2: [ 0,  1,  2,  6,  9, 12, 15, 16, 18, 19, 22] = [ 3,  4,  5,  7, 10, 11, 13, 14, 17, 20, 21]
    W3: [ 0,  1,  5,  7, 12, 15, 16, 20, 21, 23] > [ 6,  9, 10, 11, 13, 14, 17, 22, 24, 25]
    W4: [ 0,  2,  4,  7, 13, 15, 17, 18, 23, 25] > [ 1,  5,  8,  9, 10, 14, 19, 20, 22, 26]
    Truth table row=[=, =, =, >, >] ix=125 result=[23+] is correct

Test 24-:
    W0: [ 0,  1,  2,  6, 10, 11, 12] = [ 3,  4,  5,  7,  8,  9, 13]
    W1: [ 0,  1,  2,  6, 10, 13, 14] = [ 3,  4,  5,  7,  8,  9, 12]
    W2: [ 0,  1,  2,  6,  9, 12, 15, 16, 18, 19, 22] = [ 3,  4,  5,  7, 10, 11, 13, 14, 17, 20, 21]
    W3: [ 0,  1,  5,  7, 12, 15, 16, 20, 21, 23] > [ 6,  9, 10, 11, 13, 14, 17, 22, 24, 25]
    W4: [ 0,  2,  4,  7, 13, 15, 17, 18, 23, 25] = [ 1,  5,  8,  9, 10, 14, 19, 20, 22, 26]
    Truth table row=[=, =, =, >, =] ix=124 result=[24-] is correct

Test 24+:
    W0: [ 0,  1,  2,  6, 10, 11, 12] = [ 3,  4,  5,  7,  8,  9, 13]
    W1: [ 0,  1,  2,  6, 10, 13, 14] = [ 3,  4,  5,  7,  8,  9, 12]
    W2: [ 0,  1,  2,  6,  9, 12, 15, 16, 18, 19, 22] = [ 3,  4,  5,  7, 10, 11, 13, 14, 17, 20, 21]
    W3: [ 0,  1,  5,  7, 12, 15, 16, 20, 21, 23] < [ 6,  9, 10, 11, 13, 14, 17, 22, 24, 25]
    W4: [ 0,  2,  4,  7, 13, 15, 17, 18, 23, 25] = [ 1,  5,  8,  9, 10, 14, 19, 20, 22, 26]
    Truth table row=[=, =, =, <, =] ix=118 result=[24+] is correct

Test 25-:
    W0: [ 0,  1,  2,  6, 10, 11, 12] = [ 3,  4,  5,  7,  8,  9, 13]
    W1: [ 0,  1,  2,  6, 10, 13, 14] = [ 3,  4,  5,  7,  8,  9, 12]
    W2: [ 0,  1,  2,  6,  9, 12, 15, 16, 18, 19, 22] = [ 3,  4,  5,  7, 10, 11, 13, 14, 17, 20, 21]
    W3: [ 0,  1,  5,  7, 12, 15, 16, 20, 21, 23] > [ 6,  9, 10, 11, 13, 14, 17, 22, 24, 25]
    W4: [ 0,  2,  4,  7, 13, 15, 17, 18, 23, 25] < [ 1,  5,  8,  9, 10, 14, 19, 20, 22, 26]
    Truth table row=[=, =, =, >, <] ix=123 result=[25-] is correct

Test 25+:
    W0: [ 0,  1,  2,  6, 10, 11, 12] = [ 3,  4,  5,  7,  8,  9, 13]
    W1: [ 0,  1,  2,  6, 10, 13, 14] = [ 3,  4,  5,  7,  8,  9, 12]
    W2: [ 0,  1,  2,  6,  9, 12, 15, 16, 18, 19, 22] = [ 3,  4,  5,  7, 10, 11, 13, 14, 17, 20, 21]
    W3: [ 0,  1,  5,  7, 12, 15, 16, 20, 21, 23] < [ 6,  9, 10, 11, 13, 14, 17, 22, 24, 25]
    W4: [ 0,  2,  4,  7, 13, 15, 17, 18, 23, 25] > [ 1,  5,  8,  9, 10, 14, 19, 20, 22, 26]
    Truth table row=[=, =, =, <, >] ix=119 result=[25+] is correct

Test 26-:
    W0: [ 0,  1,  2,  6, 10, 11, 12] = [ 3,  4,  5,  7,  8,  9, 13]
    W1: [ 0,  1,  2,  6, 10, 13, 14] = [ 3,  4,  5,  7,  8,  9, 12]
    W2: [ 0,  1,  2,  6,  9, 12, 15, 16, 18, 19, 22] = [ 3,  4,  5,  7, 10, 11, 13, 14, 17, 20, 21]
    W3: [ 0,  1,  5,  7, 12, 15, 16, 20, 21, 23] = [ 6,  9, 10, 11, 13, 14, 17, 22, 24, 25]
    W4: [ 0,  2,  4,  7, 13, 15, 17, 18, 23, 25] > [ 1,  5,  8,  9, 10, 14, 19, 20, 22, 26]
    Truth table row=[=, =, =, =, >] ix=122 result=[26-] is correct

Test 26+:
    W0: [ 0,  1,  2,  6, 10, 11, 12] = [ 3,  4,  5,  7,  8,  9, 13]
    W1: [ 0,  1,  2,  6, 10, 13, 14] = [ 3,  4,  5,  7,  8,  9, 12]
    W2: [ 0,  1,  2,  6,  9, 12, 15, 16, 18, 19, 22] = [ 3,  4,  5,  7, 10, 11, 13, 14, 17, 20, 21]
    W3: [ 0,  1,  5,  7, 12, 15, 16, 20, 21, 23] = [ 6,  9, 10, 11, 13, 14, 17, 22, 24, 25]
    W4: [ 0,  2,  4,  7, 13, 15, 17, 18, 23, 25] < [ 1,  5,  8,  9, 10, 14, 19, 20, 22, 26]
    Truth table row=[=, =, =, =, <] ix=120 result=[26+] is correct

Total correct results: 54
Total incorrect results: 0
